26202500000000 26202600000365 	200000730 588985267 26680 	199974050 26680 0 0 0 	790072 26680 0 	471 	3 	25
26228100000000 26228200000365 	400001460 1177919983 52795 	399948665 52795 0 0 0 	1568589 52795 0 	471 	3 	25
26253700000000 26253800000365 	600002190 1766854462 78709 	599923481 78709 0 0 0 	2338905 78709 0 	471 	3 	25
26279300000000 26279400000365 	800002920 2355870769 104650 	799898270 104650 0 0 0 	3104147 104650 0 	471 	3 	25
26304900000000 26305000000365 	1000003650 2944916354 130317 	999873333 130317 0 0 0 	3874671 130317 0 	471 	3 	25
26330500000000 26330600000368 	1200004386 3533857200 155613 	1199848773 155613 0 0 0 	4627098 155613 0 	470.497 	3 	25
26356100000000 26356200000368 	1400005122 4122923356 181123 	1399823999 181123 0 0 0 	5386350 181123 0 	470.139 	3 	25
26381700000000 26381800000368 	1600005858 4711989231 206219 	1599799639 206219 0 0 0 	6142658 206219 0 	469.871 	3 	25
26407300000000 26407400000368 	1800006594 5301099753 230885 	1799775709 230885 0 0 0 	6877661 230885 0 	469.662 	3 	25
26432900000000 26433000000368 	2000007330 5890203602 255396 	1999751934 255396 0 0 0 	7608582 255396 0 	469.495 	3 	25
26458500000000 26458600000368 	2200008066 6479332832 279564 	2199728502 279564 0 0 0 	8333321 279564 0 	469.359 	3 	25
26484100000000 26484200000368 	2400008802 7068423700 303514 	2399705288 303514 0 0 0 	9046039 303514 0 	469.245 	3 	25
26509700000000 26509800000368 	2600009538 7657501889 327087 	2599682451 327087 0 0 0 	9756688 327087 0 	469.149 	3 	25
26535300000000 26535400000352 	2800010242 8246576686 350639 	2799659603 350639 0 0 0 	10461064 350639 0 	468.778 	3 	25
26560900000000 26561000000352 	3000010946 8835764926 374119 	2999636827 374119 0 0 0 	11170068 374119 0 	468.456 	3 	25
26586500000000 26586600000352 	3200011650 9424950796 397406 	3199614244 397406 0 0 0 	11869850 397406 0 	468.175 	3 	25
26612100000000 26612200000352 	3400012354 10014150231 420319 	3399592035 420319 0 0 0 	12548245 420319 0 	467.927 	3 	25
26637700000000 26637800000352 	3600013058 10603379305 443392 	3599569666 443392 0 0 0 	13238398 443392 0 	467.708 	3 	25
26663300000000 26663400000352 	3800013762 11192653550 466085 	3799547677 466085 0 0 0 	13912971 466085 0 	467.511 	3 	25
26688900000000 26689000000352 	4000014466 11781916424 488646 	3999525820 488646 0 0 0 	14583622 488646 0 	467.334 	3 	25
26714500000000 26714600000120 	4200014706 12371193780 510944 	4199503762 510944 0 0 0 	15245415 510944 0 	467.029 	3 	25
26740100000000 26740200000120 	4400014946 12960503487 533066 	4399481880 533066 0 0 0 	15909160 533066 0 	466.751 	3 	25
26765700000000 26765800000120 	4600015186 13549824017 554947 	4599460239 554947 0 0 0 	16567752 554947 0 	466.498 	3 	25
26791300000000 26791400000120 	4800015426 14139209309 576766 	4799438660 576766 0 0 0 	17217432 576766 0 	466.266 	3 	25
26816900000000 26817000000120 	5000015666 14728583435 598191 	4999417475 598191 0 0 0 	17856028 598191 0 	466.053 	3 	25
26842500000000 26842600000120 	5200015906 15317934565 619543 	5199396363 619543 0 0 0 	18497446 619543 0 	465.857 	3 	25
26868100000000 26868200000120 	5400016146 15907335643 640595 	5399375551 640595 0 0 0 	19119657 640595 0 	465.675 	3 	25
26893700000000 26893800000120 	5600016386 16496748288 661385 	5599355001 661385 0 0 0 	19743259 661385 0 	465.507 	3 	25
26919300000000 26919400000178 	5800016742 17086179545 682297 	5799334445 682297 0 0 0 	20362708 682297 0 	465.244 	3 	25
26944900000000 26945000000178 	6000017098 17675650045 702898 	5999314200 702898 0 0 0 	20979420 702898 0 	464.999 	3 	25
26970500000000 26970600000178 	6200017454 18265064427 723098 	6199294356 723098 0 0 0 	21588682 723098 0 	464.769 	3 	25
26996100000000 26996200000178 	6400017810 18854503157 743232 	6399274578 743232 0 0 0 	22190681 743232 0 	464.555 	3 	25
27021700000000 27021800000178 	6600018166 19443958405 763142 	6599255024 763142 0 0 0 	22781093 763142 0 	464.354 	3 	25
27047300000000 27047400000178 	6800018522 20033407598 782980 	6799235542 782980 0 0 0 	23370140 782980 0 	464.164 	3 	25
27072900000000 27073000000178 	7000018878 20622900337 802941 	6999215937 802941 0 0 0 	23973341 802941 0 	463.986 	3 	25
27098500000000 27098600000355 	7200019588 21212412605 822579 	7199197009 822579 0 0 0 	24562198 822579 0 	463.731 	3 	25
27124100000000 27124200000355 	7400020298 21802055890 841947 	7399178351 841947 0 0 0 	25138324 841947 0 	463.491 	3 	25
27149700000000 27149800000355 	7600021008 22391653674 861245 	7599159763 861245 0 0 0 	25713790 861245 0 	463.263 	3 	25
27175300000000 27175400000355 	7800021718 22981197088 880358 	7799141360 880358 0 0 0 	26291123 880358 0 	463.048 	3 	25
27200900000000 27201000000355 	8000022428 23570837667 899334 	7999123094 899334 0 0 0 	26855439 899334 0 	462.843 	3 	25
27226500000000 27226600000355 	8200023138 24160380005 918090 	8199105048 918090 0 0 0 	27418071 918090 0 	462.649 	3 	25
27252100000000 27252200000355 	8400023848 24749965282 936821 	8399087027 936821 0 0 0 	27980350 936821 0 	462.464 	3 	25
27277700000000 27277800000230 	8600024308 25339640606 955300 	8599069008 955300 0 0 0 	28535448 955300 0 	462.19 	3 	25
27303300000000 27303400000230 	8800024768 25929298163 973851 	8799050917 973851 0 0 0 	29088239 973851 0 	461.93 	3 	25
27328900000000 27329000000230 	9000025228 26519032322 992100 	8999033128 992100 0 0 0 	29638032 992100 0 	461.681 	3 	25
27354500000000 27354600000230 	9200025688 27108733053 1010139 	9199015549 1010139 0 0 0 	30170665 1010139 0 	461.444 	3 	25
27380100000000 27380200000230 	9400026148 27698455890 1028075 	9398998073 1028075 0 0 0 	30714617 1028075 0 	461.216 	3 	25
27405700000000 27405800000230 	9600026608 28288168342 1045724 	9598980884 1045724 0 0 0 	31238937 1045724 0 	460.999 	3 	25
27431300000000 27431400000230 	9800027068 28877921643 1063428 	9798963640 1063428 0 0 0 	31761371 1063428 0 	460.79 	3 	25
27456900000000 27457000000230 	10000027528 29467669466 1081040 	9998946488 1081040 0 0 0 	32286446 1081040 0 	460.59 	3 	25
27482500000000 27482600000320 	10200028168 30057498074 1098312 	10198929856 1098312 0 0 0 	32806233 1098312 0 	460.337 	3 	25
27508100000000 27508200000320 	10400028808 30647355783 1115214 	10398913594 1115214 0 0 0 	33314636 1115214 0 	460.093 	3 	25
27533700000000 27533800000320 	10600029448 31237149890 1132267 	10598897181 1132267 0 0 0 	33823726 1132267 0 	459.859 	3 	25
27559300000000 27559400000320 	10800030088 31826950483 1148939 	10798881149 1148939 0 0 0 	34319671 1148939 0 	459.634 	3 	25
27584900000000 27585000000320 	11000030728 32416838507 1165710 	10998865018 1165710 0 0 0 	34823230 1165710 0 	459.417 	3 	25
27610500000000 27610600000320 	11200031368 33006647836 1181875 	11198849493 1181875 0 0 0 	35305671 1181875 0 	459.208 	3 	25
27636100000000 27636200000320 	11400032008 33596544453 1198171 	11398833837 1198171 0 0 0 	35792658 1198171 0 	459.006 	3 	25
27661700000000 27661800000400 	11600032808 34186489017 1214276 	11598818532 1214276 0 0 0 	36271817 1214276 0 	458.757 	3 	25
27687300000000 27687400000400 	11800033608 34776460838 1230614 	11798802994 1230614 0 0 0 	36759879 1230614 0 	458.517 	3 	25
27712900000000 27713000000400 	12000034408 35366394167 1246695 	11998787713 1246695 0 0 0 	37242410 1246695 0 	458.285 	3 	25
27738500000000 27738600000400 	12200035208 35956296325 1262511 	12198772697 1262511 0 0 0 	37716371 1262511 0 	458.061 	3 	25
27764100000000 27764200000400 	12400036008 36546278999 1277993 	12398758015 1277993 0 0 0 	38183092 1277993 0 	457.844 	3 	25
27789700000000 27789800000400 	12600036808 37136264071 1293683 	12598743125 1293683 0 0 0 	38652546 1293683 0 	457.634 	3 	25
27815300000000 27815400000400 	12800037608 37726244586 1308906 	12798728702 1308906 0 0 0 	39104485 1308906 0 	457.431 	3 	25
27840900000000 27841000000400 	13000038408 38316305086 1324018 	12998714390 1324018 0 0 0 	39558598 1324018 0 	457.235 	3 	25
27866500000000 27866600000290 	13200038988 38906359258 1339221 	13198699767 1339221 0 0 0 	40010187 1339221 0 	456.996 	3 	25
27892100000000 27892200000290 	13400039568 39496462162 1354210 	13398685358 1354210 0 0 0 	40460681 1354210 0 	456.765 	3 	25
27917700000000 27917800000290 	13600040148 40086481975 1369152 	13598670996 1369152 0 0 0 	40908406 1369152 0 	456.541 	3 	25
27943300000000 27943400000290 	13800040728 40676616433 1383951 	13798656777 1383951 0 0 0 	41353171 1383951 0 	456.323 	3 	25
27968900000000 27969000000290 	14000041308 41266716561 1398734 	13998642574 1398734 0 0 0 	41796897 1398734 0 	456.112 	3 	25
27994500000000 27994600000290 	14200041888 41856757260 1413263 	14198628625 1413263 0 0 0 	42235208 1413263 0 	455.907 	3 	25
28020100000000 28020200000290 	14400042468 42446811117 1427524 	14398614944 1427524 0 0 0 	42659656 1427524 0 	455.708 	3 	25
28045700000000 28045800000249 	14600042966 43037001978 1441776 	14598601190 1441776 0 0 0 	43087946 1441776 0 	455.47 	3 	25
28071300000000 28071400000249 	14800043464 43627188792 1455984 	14798587480 1455984 0 0 0 	43514315 1455984 0 	455.24 	3 	25
28096900000000 28097000000249 	15000043962 44217347752 1469804 	14998574158 1469804 0 0 0 	43933284 1469804 0 	455.015 	3 	25
28122500000000 28122600000249 	15200044460 44807545681 1483629 	15198560831 1483629 0 0 0 	44345766 1483629 0 	454.797 	3 	25
28148100000000 28148200000249 	15400044958 45397793403 1497338 	15398547620 1497338 0 0 0 	44755902 1497338 0 	454.584 	3 	25
28173700000000 28173800000249 	15600045456 45988055083 1511089 	15598534367 1511089 0 0 0 	45173034 1511089 0 	454.378 	3 	25
28199300000000 28199400000249 	15800045954 46578296056 1524679 	15798521275 1524679 0 0 0 	45576825 1524679 0 	454.176 	3 	25
28224900000000 28225000000088 	16000046130 47168541961 1538285 	15998507845 1538285 0 0 0 	45984979 1538285 0 	453.94 	3 	25
28250500000000 28250600000088 	16200046306 47758770313 1551477 	16198494829 1551477 0 0 0 	46385692 1551477 0 	453.709 	3 	25
28276100000000 28276200000088 	16400046482 48349016209 1564785 	16398481697 1564785 0 0 0 	46782189 1564785 0 	453.485 	3 	25
28301700000000 28301800000088 	16600046658 48939301143 1577890 	16598468768 1577890 0 0 0 	47172333 1577890 0 	453.266 	3 	25
28327300000000 28327400000088 	16800046834 49529652504 1591163 	16798455671 1591163 0 0 0 	47567345 1591163 0 	453.052 	3 	25
28352900000000 28353000000088 	17000047010 50120014987 1603962 	16998443048 1603962 0 0 0 	47952253 1603962 0 	452.844 	3 	25
28378500000000 28378600000088 	17200047186 50710343601 1616777 	17198430409 1616777 0 0 0 	48341794 1616777 0 	452.64 	3 	25
28404100000000 28404200000088 	17400047362 51300741717 1629497 	17398417865 1629497 0 0 0 	48724918 1629497 0 	452.442 	3 	25
28429700000000 28429800000110 	17600047582 51891086384 1642058 	17598405524 1642058 0 0 0 	49104082 1642058 0 	452.223 	3 	25
28455300000000 28455400000110 	17800047802 52481511674 1654626 	17798393176 1654626 0 0 0 	49472175 1654626 0 	452.01 	3 	25
28480900000000 28481000000110 	18000048022 53071854835 1666984 	17998381038 1666984 0 0 0 	49840785 1666984 0 	451.802 	3 	25
28506500000000 28506600000110 	18200048242 53662271247 1679289 	18198368953 1679289 0 0 0 	50205129 1679289 0 	451.598 	3 	25
28532100000000 28532200000110 	18400048462 54252718552 1691306 	18398357156 1691306 0 0 0 	50571352 1691306 0 	451.399 	3 	25
28557700000000 28557800000110 	18600048682 54843223215 1703366 	18598345316 1703366 0 0 0 	50930162 1703366 0 	451.205 	3 	25
28583300000000 28583400000110 	18800048902 55433717049 1715269 	18798333633 1715269 0 0 0 	51282435 1715269 0 	451.015 	3 	25
28608900000000 28609000000189 	19000049280 56024210167 1727337 	18998321943 1727337 0 0 0 	51644438 1727337 0 	450.794 	3 	25
28634500000000 28634600000189 	19200049658 56614770824 1739119 	19198310539 1739119 0 0 0 	51999620 1739119 0 	450.579 	3 	25
28660100000000 28660200000189 	19400050036 57205268665 1750760 	19398299276 1750760 0 0 0 	52352374 1750760 0 	450.368 	3 	25
28685700000000 28685800000189 	19600050414 57795747350 1762365 	19598288049 1762365 0 0 0 	52698358 1762365 0 	450.161 	3 	25
28711300000000 28711400000189 	19800050792 58386271577 1773750 	19798277042 1773750 0 0 0 	53042090 1773750 0 	449.959 	3 	25
28736900000000 28737000000189 	20000051170 58976837277 1785231 	19998265939 1785231 0 0 0 	53390621 1785231 0 	449.762 	3 	25
28762500000000 28762600000189 	20200051548 59567440328 1796515 	20198255033 1796515 0 0 0 	53727395 1796515 0 	449.568 	3 	25
28788100000000 28788200000189 	20400051926 60158113192 1807822 	20398244104 1807822 0 0 0 	54068073 1807822 0 	449.378 	3 	25
28813700000000 28813800000060 	20600052046 60748728161 1819013 	20598233033 1819013 0 0 0 	54402877 1819013 0 	449.16 	3 	25
28839300000000 28839400000060 	20800052166 61339397975 1829879 	20798222287 1829879 0 0 0 	54726806 1829879 0 	448.947 	3 	25
28864900000000 28865000000060 	21000052286 61930088293 1840703 	20998211583 1840703 0 0 0 	55050172 1840703 0 	448.738 	3 	25
28890500000000 28890600000060 	21200052406 62520815340 1851652 	21198200754 1851652 0 0 0 	55375909 1851652 0 	448.533 	3 	25
28916100000000 28916200000060 	21400052526 63111541755 1862443 	21398190083 1862443 0 0 0 	55700139 1862443 0 	448.332 	3 	25
28941700000000 28941800000060 	21600052646 63702266542 1873076 	21598179570 1873076 0 0 0 	56017097 1873076 0 	448.134 	3 	25
28967300000000 28967400000060 	21800052766 64293008235 1883663 	21798169103 1883663 0 0 0 	56335074 1883663 0 	447.941 	3 	25
28992900000000 28993000000375 	22000053516 64883762503 1893890 	21998159626 1893890 0 0 0 	56650617 1893890 0 	447.721 	3 	25
29018500000000 29018600000375 	22200054266 65474551603 1904139 	22198150127 1904139 0 0 0 	56958326 1904139 0 	447.506 	3 	25
29044100000000 29044200000375 	22400055016 66065339358 1914425 	22398140591 1914425 0 0 0 	57265950 1914425 0 	447.294 	3 	25
29069700000000 29069800000375 	22600055766 66656129356 1924551 	22598131215 1924551 0 0 0 	57567732 1924551 0 	447.087 	3 	25
29095300000000 29095400000308 	22800056382 67247298953 1978451 	22798077931 1978451 0 0 0 	59186346 1978451 0 	447.558 	3 	25
29120900000000 29121000000308 	23000056998 67838459015 2031941 	22998025057 2031941 0 0 0 	60788322 2031941 0 	448.021 	3 	25
29146500000000 29146600000308 	23200057614 68429696133 2085115 	23197972499 2085115 0 0 0 	62384007 2085115 0 	448.478 	3 	25
29172100000000 29172200000308 	23400058230 69020923423 2137642 	23397920588 2137642 0 0 0 	63945501 2137642 0 	448.927 	3 	25
29197700000000 29197800000308 	23600058846 69612107728 2189790 	23597869056 2189790 0 0 0 	65522002 2189790 0 	449.37 	3 	25
29223300000000 29223400000308 	23800059462 70203340286 2241289 	23797818173 2241289 0 0 0 	67066964 2241289 0 	449.806 	3 	25
29248900000000 29249000000308 	24000060078 70794598246 2292800 	23997767278 2292800 0 0 0 	68610298 2292800 0 	450.236 	3 	25
29274500000000 29274600000308 	24200060694 71385816037 2343490 	24197717204 2343490 0 0 0 	70129600 2343490 0 	450.66 	3 	25
29300100000000 29300200000308 	24400061310 71977076324 2393865 	24397667445 2393865 0 0 0 	71636704 2393865 0 	451.077 	3 	25
29325700000000 29325800000152 	24600061614 72568377621 2443955 	24597617659 2443955 0 0 0 	73144150 2443955 0 	451.462 	3 	25
29351300000000 29351400000152 	24800061918 73159669782 2493966 	24797567952 2493966 0 0 0 	74646769 2493966 0 	451.842 	3 	25
29376900000000 29377000000152 	25000062222 73750989618 2543717 	24997518505 2543717 0 0 0 	76146689 2543717 0 	452.217 	3 	25
29402500000000 29402600000152 	25200062526 74342369429 2593175 	25197469351 2593175 0 0 0 	77634632 2593175 0 	452.586 	3 	25
29428100000000 29428200000152 	25400062830 74933691386 2642484 	25397420346 2642484 0 0 0 	79111191 2642484 0 	452.949 	3 	25
29453700000000 29453800000152 	25600063134 75525084006 2691030 	25597372104 2691030 0 0 0 	80580882 2691030 0 	453.308 	3 	25
29479300000000 29479400000152 	25800063438 76116487771 2738895 	25797324543 2738895 0 0 0 	82021937 2738895 0 	453.662 	3 	25
29504900000000 29505000000152 	26000063742 76707856852 2786563 	25997277179 2786563 0 0 0 	83457598 2786563 0 	454.011 	3 	25
29530500000000 29530600000152 	26200064046 77299244805 2834155 	26197229891 2834155 0 0 0 	84881536 2834155 0 	454.355 	3 	25
29556100000000 29556200000000 	26400064046 77890649899 2881505 	26397182541 2881505 0 0 0 	86295176 2881505 0 	454.669 	3 	25
29581700000000 29581800000000 	26600064046 78482094833 2928523 	26597135523 2928523 0 0 0 	87690983 2928523 0 	454.979 	3 	25
29607300000000 29607400000000 	26800064046 79073525771 2975251 	26797088795 2975251 0 0 0 	89097751 2975251 0 	455.285 	3 	25
29632900000000 29633000000000 	27000064046 79664981855 3021525 	26997042521 3021525 0 0 0 	90486482 3021525 0 	455.587 	3 	25
29658500000000 29658600000000 	27200064046 80256437302 3066942 	27196997104 3066942 0 0 0 	91853599 3066942 0 	455.885 	3 	25
29684100000000 29684200000000 	27400064046 80847860098 3112337 	27396951709 3112337 0 0 0 	93217737 3112337 0 	456.179 	3 	25
29709700000000 29709800000000 	27600064046 81439371704 3157666 	27596906380 3157666 0 0 0 	94579224 3157666 0 	456.468 	3 	25
29735300000000 29735400000000 	27800064046 82030879460 3202461 	27796861585 3202461 0 0 0 	95926518 3202461 0 	456.755 	3 	25
29760900000000 29761000000000 	28000064046 82622389636 3247161 	27996816885 3247161 0 0 0 	97267161 3247161 0 	457.037 	3 	25
29786500000000 29786600000048 	28200064142 83213937252 3291678 	28196772464 3291678 0 0 0 	98596774 3291678 0 	457.292 	3 	25
29812100000000 29812200000048 	28400064238 83805463401 3335731 	28396728507 3335731 0 0 0 	99918346 3335731 0 	457.543 	3 	25
29837700000000 29837800000048 	28600064334 84397088177 3378940 	28596685394 3378940 0 0 0 	101224538 3378940 0 	457.791 	3 	25
29863300000000 29863400000048 	28800064430 84988701115 3422224 	28796642206 3422224 0 0 0 	102518381 3422224 0 	458.036 	3 	25
29888900000000 29889000000048 	29000064526 85580318173 3465234 	28996599292 3465234 0 0 0 	103812204 3465234 0 	458.278 	3 	25
29914500000000 29914600000048 	29200064622 86171878112 3508539 	29196556083 3508539 0 0 0 	105108476 3508539 0 	458.517 	3 	25
29940100000000 29940200000048 	29400064718 86763535694 3551468 	29396513250 3551468 0 0 0 	106402708 3551468 0 	458.753 	3 	25
29965700000000 29965800000048 	29600064814 87355148235 3593964 	29596470850 3593964 0 0 0 	107678918 3593964 0 	458.986 	3 	25
29991300000000 29991400000048 	29800064910 87946821252 3635943 	29796428967 3635943 0 0 0 	108933545 3635943 0 	459.216 	3 	25
