26203600000000 26203700000365 	200000730 588974324 26486 	199974244 26486 0 0 0 	795889 26486 0 	471 	3 	36
26229200000000 26229300000365 	400001460 1177920476 52815 	399948645 52815 0 0 0 	1576319 52815 0 	471 	3 	36
26254800000000 26254900000365 	600002190 1766968278 78498 	599923692 78498 0 0 0 	2338904 78498 0 	471 	3 	36
26280400000000 26280500000365 	800002920 2356001551 104173 	799898747 104173 0 0 0 	3111468 104173 0 	471 	3 	36
26306000000000 26306100000365 	1000003650 2945022893 129655 	999873995 129655 0 0 0 	3867235 129655 0 	471 	3 	36
26331600000000 26331700000368 	1200004386 3534013451 154895 	1199849491 154895 0 0 0 	4618143 154895 0 	470.497 	3 	36
26357200000000 26357300000368 	1400005122 4123040051 179890 	1399825232 179890 0 0 0 	5367233 179890 0 	470.139 	3 	36
26382800000000 26382900000368 	1600005858 4712138992 204527 	1599801331 204527 0 0 0 	6102570 204527 0 	469.871 	3 	36
26408400000000 26408500000368 	1800006594 5301221199 229184 	1799777410 229184 0 0 0 	6838167 229184 0 	469.662 	3 	36
26434000000000 26434100000368 	2000007330 5890293594 253404 	1999753926 253404 0 0 0 	7556229 253404 0 	469.495 	3 	36
26459600000000 26459700000368 	2200008066 6479424184 277599 	2199730467 277599 0 0 0 	8279876 277599 0 	469.359 	3 	36
26485200000000 26485300000368 	2400008802 7068558369 301847 	2399706955 301847 0 0 0 	9002147 301847 0 	469.245 	3 	36
26510800000000 26510900000368 	2600009538 7657755346 325478 	2599684060 325478 0 0 0 	9707827 325478 0 	469.149 	3 	36
26536400000000 26536500000352 	2800010242 8246978526 349167 	2799661075 349167 0 0 0 	10414538 349167 0 	468.778 	3 	36
26562000000000 26562100000352 	3000010946 8836151571 372393 	2999638553 372393 0 0 0 	11107465 372393 0 	468.456 	3 	36
26587600000000 26587700000352 	3200011650 9425367890 395682 	3199615968 395682 0 0 0 	11808765 395682 0 	468.175 	3 	36
26613200000000 26613300000352 	3400012354 10014604303 418876 	3399593478 418876 0 0 0 	12498221 418876 0 	467.927 	3 	36
26638800000000 26638900000352 	3600013058 10603778565 441685 	3599571373 441685 0 0 0 	13174310 441685 0 	467.708 	3 	36
26664400000000 26664500000352 	3800013762 11193002048 464363 	3799549399 464363 0 0 0 	13859466 464363 0 	467.511 	3 	36
26690000000000 26690100000352 	4000014466 11782217603 486714 	3999527752 486714 0 0 0 	14524745 486714 0 	467.334 	3 	36
26715600000000 26715700000120 	4200014706 12371548559 509016 	4199505690 509016 0 0 0 	15191286 509016 0 	467.029 	3 	36
26741200000000 26741300000120 	4400014946 12960884534 530857 	4399484089 530857 0 0 0 	15845781 530857 0 	466.751 	3 	36
26766800000000 26766900000120 	4600015186 13550217626 552659 	4599462527 552659 0 0 0 	16495149 552659 0 	466.498 	3 	36
26792400000000 26792500000120 	4800015426 14139548524 574397 	4799441029 574397 0 0 0 	17141669 574397 0 	466.266 	3 	36
26818000000000 26818100000120 	5000015666 14728870822 596148 	4999419518 596148 0 0 0 	17791622 596148 0 	466.053 	3 	36
26843600000000 26843700000120 	5200015906 15318215771 617382 	5199398524 617382 0 0 0 	18415921 617382 0 	465.857 	3 	36
26869200000000 26869300000120 	5400016146 15907613786 638615 	5399377531 638615 0 0 0 	19053454 638615 0 	465.675 	3 	36
26894800000000 26894900000120 	5600016386 16496980511 659411 	5599356975 659411 0 0 0 	19672654 659411 0 	465.507 	3 	36
26920400000000 26920500000178 	5800016742 17086332318 680108 	5799336634 680108 0 0 0 	20294220 680108 0 	465.244 	3 	36
26946000000000 26946100000178 	6000017098 17675767497 700691 	5999316407 700691 0 0 0 	20906987 700691 0 	464.999 	3 	36
26971600000000 26971700000178 	6200017454 18265231361 721082 	6199296372 721082 0 0 0 	21525083 721082 0 	464.769 	3 	36
26997200000000 26997300000178 	6400017810 18854646425 741358 	6399276452 741358 0 0 0 	22132138 741358 0 	464.555 	3 	36
27022800000000 27022900000178 	6600018166 19444125646 761470 	6599256696 761470 0 0 0 	22734939 761470 0 	464.354 	3 	36
27048400000000 27048500000178 	6800018522 20033636142 781380 	6799237142 781380 0 0 0 	23323273 781380 0 	464.164 	3 	36
27074000000000 27074100000178 	7000018878 20623151710 801171 	6999217707 801171 0 0 0 	23916209 801171 0 	463.986 	3 	36
27099600000000 27099700000355 	7200019588 21212677540 821023 	7199198565 821023 0 0 0 	24513650 821023 0 	463.731 	3 	36
27125200000000 27125300000355 	7400020298 21802204281 840341 	7399179957 840341 0 0 0 	25085623 840341 0 	463.491 	3 	36
27150800000000 27150900000355 	7600021008 22391820759 859549 	7599161459 859549 0 0 0 	25657740 859549 0 	463.263 	3 	36
27176400000000 27176500000355 	7800021718 22981355860 878620 	7799143098 878620 0 0 0 	26225899 878620 0 	463.048 	3 	36
27202000000000 27202100000355 	8000022428 23570984579 897606 	7999124822 897606 0 0 0 	26799113 897606 0 	462.843 	3 	36
27227600000000 27227700000355 	8200023138 24160602620 916294 	8199106844 916294 0 0 0 	27350874 916294 0 	462.649 	3 	36
27253200000000 27253300000355 	8400023848 24750212965 934780 	8399089068 934780 0 0 0 	27898799 934780 0 	462.464 	3 	36
27278800000000 27278900000230 	8600024308 25339878112 953426 	8599070882 953426 0 0 0 	28458559 953426 0 	462.19 	3 	36
27304400000000 27304500000230 	8800024768 25929559776 971676 	8799053092 971676 0 0 0 	29005870 971676 0 	461.93 	3 	36
27330000000000 27330100000230 	9000025228 26519249752 989665 	8999035563 989665 0 0 0 	29533582 989665 0 	461.681 	3 	36
27355600000000 27355700000230 	9200025688 27108948068 1007488 	9199018200 1007488 0 0 0 	30075590 1007488 0 	461.444 	3 	36
27381200000000 27381300000230 	9400026148 27698638784 1025350 	9399000798 1025350 0 0 0 	30608730 1025350 0 	461.216 	3 	36
27406800000000 27406900000230 	9600026608 28288321952 1043215 	9598983393 1043215 0 0 0 	31142217 1043215 0 	460.999 	3 	36
27432400000000 27432500000230 	9800027068 28878057688 1060686 	9798966382 1060686 0 0 0 	31661768 1060686 0 	460.79 	3 	36
27458000000000 27458100000230 	10000027528 29467779843 1077886 	9998949642 1077886 0 0 0 	32172485 1077886 0 	460.59 	3 	36
27483600000000 27483700000320 	10200028168 30057553664 1095096 	10198933072 1095096 0 0 0 	32687257 1095096 0 	460.337 	3 	36
27509200000000 27509300000320 	10400028808 30647350931 1112296 	10398916512 1112296 0 0 0 	33202354 1112296 0 	460.093 	3 	36
27534800000000 27534900000320 	10600029448 31237206490 1129343 	10598900105 1129343 0 0 0 	33706527 1129343 0 	459.859 	3 	36
27560400000000 27560500000320 	10800030088 31827057533 1146169 	10798883919 1146169 0 0 0 	34213031 1146169 0 	459.634 	3 	36
27586000000000 27586100000320 	11000030728 32416904507 1162799 	10998867929 1162799 0 0 0 	34715154 1162799 0 	459.417 	3 	36
27611600000000 27611700000320 	11200031368 33006721426 1179231 	11198852137 1179231 0 0 0 	35205781 1179231 0 	459.208 	3 	36
27637200000000 27637300000320 	11400032008 33596664794 1195645 	11398836363 1195645 0 0 0 	35693191 1195645 0 	459.006 	3 	36
27662800000000 27662900000400 	11600032808 34186557032 1211871 	11598820937 1211871 0 0 0 	36177023 1211871 0 	458.757 	3 	36
27688400000000 27688500000400 	11800033608 34776482532 1227852 	11798805756 1227852 0 0 0 	36654404 1227852 0 	458.517 	3 	36
27714000000000 27714100000400 	12000034408 35366389923 1243803 	11998790605 1243803 0 0 0 	37136050 1243803 0 	458.285 	3 	36
27739600000000 27739700000400 	12200035208 35956339698 1259856 	12198775352 1259856 0 0 0 	37611547 1259856 0 	458.061 	3 	36
27765200000000 27765300000400 	12400036008 36546275684 1275614 	12398760394 1275614 0 0 0 	38078939 1275614 0 	457.844 	3 	36
27790800000000 27790900000400 	12600036808 37136222976 1291097 	12598745711 1291097 0 0 0 	38540454 1291097 0 	457.634 	3 	36
27816400000000 27816500000400 	12800037608 37726215770 1306381 	12798731227 1306381 0 0 0 	38995077 1306381 0 	457.431 	3 	36
27842000000000 27842100000400 	13000038408 38316232121 1321557 	12998716851 1321557 0 0 0 	39450388 1321557 0 	457.235 	3 	36
27867600000000 27867700000290 	13200038988 38906336491 1336807 	13198702181 1336807 0 0 0 	39910057 1336807 0 	456.996 	3 	36
27893200000000 27893300000290 	13400039568 39496319784 1351910 	13398687658 1351910 0 0 0 	40362721 1351910 0 	456.765 	3 	36
27918800000000 27918900000290 	13600040148 40086340058 1366797 	13598673351 1366797 0 0 0 	40808889 1366797 0 	456.541 	3 	36
27944400000000 27944500000290 	13800040728 40676422693 1381698 	13798659030 1381698 0 0 0 	41257959 1381698 0 	456.323 	3 	36
27970000000000 27970100000290 	14000041308 41266522223 1396054 	13998645254 1396054 0 0 0 	41684347 1396054 0 	456.112 	3 	36
27995600000000 27995700000290 	14200041888 41856666243 1410786 	14198631102 1410786 0 0 0 	42123317 1410786 0 	455.907 	3 	36
28021200000000 28021300000290 	14400042468 42446776176 1425181 	14398617287 1425181 0 0 0 	42548569 1425181 0 	455.708 	3 	36
28046800000000 28046900000249 	14600042966 43036955787 1439372 	14598603594 1439372 0 0 0 	42973963 1439372 0 	455.47 	3 	36
28072400000000 28072500000249 	14800043464 43627128963 1453316 	14798590148 1453316 0 0 0 	43396682 1453316 0 	455.24 	3 	36
28098000000000 28098100000249 	15000043962 44217348740 1467445 	14998576517 1467445 0 0 0 	43826064 1467445 0 	455.015 	3 	36
28123600000000 28123700000249 	15200044460 44807496876 1481460 	15198563000 1481460 0 0 0 	44242586 1481460 0 	454.797 	3 	36
28149200000000 28149300000249 	15400044958 45397752388 1495474 	15398549484 1495474 0 0 0 	44668320 1495474 0 	454.584 	3 	36
28174800000000 28174900000249 	15600045456 45987959583 1508992 	15598536464 1508992 0 0 0 	45074732 1508992 0 	454.378 	3 	36
28200400000000 28200500000249 	15800045954 46578216333 1522590 	15798523364 1522590 0 0 0 	45482103 1522590 0 	454.176 	3 	36
28226000000000 28226100000088 	16000046130 47168427829 1535949 	15998510181 1535949 0 0 0 	45880003 1535949 0 	453.94 	3 	36
28251600000000 28251700000088 	16200046306 47758632186 1549182 	16198497124 1549182 0 0 0 	46277624 1549182 0 	453.709 	3 	36
28277200000000 28277300000088 	16400046482 48348984016 1562452 	16398484030 1562452 0 0 0 	46675069 1562452 0 	453.485 	3 	36
28302800000000 28302900000088 	16600046658 48939211006 1575516 	16598471142 1575516 0 0 0 	47066836 1575516 0 	453.266 	3 	36
28328400000000 28328500000088 	16800046834 49529512139 1588527 	16798458307 1588527 0 0 0 	47458240 1588527 0 	453.052 	3 	36
28354000000000 28354100000088 	17000047010 50119929041 1601369 	16998445641 1601369 0 0 0 	47840383 1601369 0 	452.844 	3 	36
28379600000000 28379700000088 	17200047186 50710285982 1614093 	17198433093 1614093 0 0 0 	48219844 1614093 0 	452.64 	3 	36
28405200000000 28405300000088 	17400047362 51300644832 1626964 	17398420398 1626964 0 0 0 	48608507 1626964 0 	452.442 	3 	36
28430800000000 28430900000110 	17600047582 51891043015 1639596 	17598407986 1639596 0 0 0 	48986152 1639596 0 	452.223 	3 	36
28456400000000 28456500000110 	17800047802 52481462589 1651928 	17798395874 1651928 0 0 0 	49352094 1651928 0 	452.01 	3 	36
28482000000000 28482100000110 	18000048022 53071870034 1664278 	17998383744 1664278 0 0 0 	49722678 1664278 0 	451.802 	3 	36
28507600000000 28507700000110 	18200048242 53662258444 1676454 	18198371788 1676454 0 0 0 	50084644 1676454 0 	451.598 	3 	36
28533200000000 28533300000110 	18400048462 54252786261 1688617 	18398359845 1688617 0 0 0 	50452622 1688617 0 	451.399 	3 	36
28558800000000 28558900000110 	18600048682 54843233748 1700683 	18598347999 1700683 0 0 0 	50813478 1700683 0 	451.205 	3 	36
28584400000000 28584500000110 	18800048902 55433661692 1712758 	18798336144 1712758 0 0 0 	51174403 1712758 0 	451.015 	3 	36
28610000000000 28610100000189 	19000049280 56024219645 1724758 	18998324522 1724758 0 0 0 	51539007 1724758 0 	450.794 	3 	36
28635600000000 28635700000189 	19200049658 56614714401 1736474 	19198313184 1736474 0 0 0 	51890760 1736474 0 	450.579 	3 	36
28661200000000 28661300000189 	19400050036 57205244230 1748130 	19398301906 1748130 0 0 0 	52241487 1748130 0 	450.368 	3 	36
28686800000000 28686900000189 	19600050414 57795856435 1759681 	19598290733 1759681 0 0 0 	52585933 1759681 0 	450.161 	3 	36
28712400000000 28712500000189 	19800050792 58386413638 1771222 	19798279570 1771222 0 0 0 	52940890 1771222 0 	449.959 	3 	36
28738000000000 28738100000189 	20000051170 58976998755 1782540 	19998268630 1782540 0 0 0 	53281394 1782540 0 	449.762 	3 	36
28763600000000 28763700000189 	20200051548 59567559146 1793803 	20198257745 1793803 0 0 0 	53625968 1793803 0 	449.568 	3 	36
28789200000000 28789300000189 	20400051926 60158173055 1804918 	20398247008 1804918 0 0 0 	53961237 1804918 0 	449.378 	3 	36
28814800000000 28814900000060 	20600052046 60748777492 1815839 	20598236207 1815839 0 0 0 	54291000 1815839 0 	449.16 	3 	36
28840400000000 28840500000060 	20800052166 61339394457 1826814 	20798225352 1826814 0 0 0 	54621170 1826814 0 	448.947 	3 	36
28866000000000 28866100000060 	21000052286 61930064580 1837603 	20998214683 1837603 0 0 0 	54946871 1837603 0 	448.738 	3 	36
28891600000000 28891700000060 	21200052406 62520707311 1848548 	21198203858 1848548 0 0 0 	55282724 1848548 0 	448.533 	3 	36
28917200000000 28917300000060 	21400052526 63111383891 1859212 	21398193314 1859212 0 0 0 	55603007 1859212 0 	448.332 	3 	36
28942800000000 28942900000060 	21600052646 63702060559 1869847 	21598182799 1869847 0 0 0 	55921336 1869847 0 	448.134 	3 	36
28968400000000 28968500000060 	21800052766 64292789440 1880286 	21798172480 1880286 0 0 0 	56233331 1880286 0 	447.941 	3 	36
28994000000000 28994100000375 	22000053516 64883495288 1890711 	21998162805 1890711 0 0 0 	56545685 1890711 0 	447.721 	3 	36
29019600000000 29019700000375 	22200054266 65474215610 1901015 	22198153251 1901015 0 0 0 	56853993 1901015 0 	447.506 	3 	36
29045200000000 29045300000375 	22400055016 66064968632 1911188 	22398143828 1911188 0 0 0 	57159754 1911188 0 	447.294 	3 	36
29070800000000 29070900000375 	22600055766 66655753271 1921420 	22598134346 1921420 0 0 0 	57465063 1921420 0 	447.087 	3 	36
29096400000000 29096500000308 	22800056382 67246906923 1975085 	22798081297 1975085 0 0 0 	59076829 1975085 0 	447.558 	3 	36
29122000000000 29122100000308 	23000056998 67838057605 2028765 	22998028233 2028765 0 0 0 	60686622 2028765 0 	448.021 	3 	36
29147600000000 29147700000308 	23200057614 68429323330 2082028 	23197975586 2082028 0 0 0 	62284444 2082028 0 	448.478 	3 	36
29173200000000 29173300000308 	23400058230 69020564806 2134373 	23397923857 2134373 0 0 0 	63856474 2134373 0 	448.927 	3 	36
29198800000000 29198900000308 	23600058846 69611780003 2186691 	23597872155 2186691 0 0 0 	65416040 2186691 0 	449.37 	3 	36
29224400000000 29224500000308 	23800059462 70203019675 2238430 	23797821032 2238430 0 0 0 	66963258 2238430 0 	449.806 	3 	36
29250000000000 29250100000308 	24000060078 70794252835 2289592 	23997770486 2289592 0 0 0 	68495810 2289592 0 	450.236 	3 	36
29275600000000 29275700000308 	24200060694 71385471754 2340265 	24197720429 2340265 0 0 0 	70018410 2340265 0 	450.66 	3 	36
29301200000000 29301300000308 	24400061310 71976731147 2390771 	24397670539 2390771 0 0 0 	71536633 2390771 0 	451.077 	3 	36
29326800000000 29326900000152 	24600061614 72568039503 2441193 	24597620421 2441193 0 0 0 	73049855 2441193 0 	451.462 	3 	36
29352400000000 29352500000152 	24800061918 73159397246 2490843 	24797571075 2490843 0 0 0 	74546800 2490843 0 	451.842 	3 	36
29378000000000 29378100000152 	25000062222 73750725984 2540335 	24997521887 2540335 0 0 0 	76045821 2540335 0 	452.217 	3 	36
29403600000000 29403700000152 	25200062526 74342036212 2589701 	25197472825 2589701 0 0 0 	77527857 2589701 0 	452.586 	3 	36
29429200000000 29429300000152 	25400062830 74933401955 2639227 	25397423603 2639227 0 0 0 	79018029 2639227 0 	452.949 	3 	36
29454800000000 29454900000152 	25600063134 75524744617 2687888 	25597375246 2687888 0 0 0 	80476646 2687888 0 	453.308 	3 	36
29480400000000 29480500000152 	25800063438 76116127676 2735890 	25797327548 2735890 0 0 0 	81905828 2735890 0 	453.662 	3 	36
29506000000000 29506100000152 	26000063742 76707532803 2783581 	25997280161 2783581 0 0 0 	83337327 2783581 0 	454.011 	3 	36
29531600000000 29531700000152 	26200064046 77298949387 2831816 	26197232230 2831816 0 0 0 	84784227 2831816 0 	454.355 	3 	36
29557200000000 29557300000000 	26400064046 77890323980 2879004 	26397185042 2879004 0 0 0 	86211364 2879004 0 	454.669 	3 	36
29582800000000 29582900000000 	26600064046 78481755838 2925653 	26597138393 2925653 0 0 0 	87610099 2925653 0 	454.979 	3 	36
29608400000000 29608500000000 	26800064046 79073208626 2972600 	26797091446 2972600 0 0 0 	89014660 2972600 0 	455.285 	3 	36
29634000000000 29634100000000 	27000064046 79664594533 3019000 	26997045046 3019000 0 0 0 	90404261 3019000 0 	455.587 	3 	36
29659600000000 29659700000000 	27200064046 80256068013 3065051 	27196998995 3065051 0 0 0 	91781962 3065051 0 	455.885 	3 	36
29685200000000 29685300000000 	27400064046 80847619331 3110905 	27396953141 3110905 0 0 0 	93161290 3110905 0 	456.179 	3 	36
29710800000000 29710900000000 	27600064046 81439099603 3156696 	27596907350 3156696 0 0 0 	94540051 3156696 0 	456.468 	3 	36
29736400000000 29736500000000 	27800064046 82030566840 3201410 	27796862636 3201410 0 0 0 	95878064 3201410 0 	456.755 	3 	36
29762000000000 29762100000000 	28000064046 82622034920 3246137 	27996817909 3246137 0 0 0 	97215845 3246137 0 	457.037 	3 	36
29787600000000 29787700000048 	28200064142 83213535842 3290018 	28196774124 3290018 0 0 0 	98538871 3290018 0 	457.292 	3 	36
29813200000000 29813300000048 	28400064238 83805108284 3333902 	28396730336 3333902 0 0 0 	99846447 3333902 0 	457.543 	3 	36
29838800000000 29838900000048 	28600064334 84396704535 3377617 	28596686717 3377617 0 0 0 	101158895 3377617 0 	457.791 	3 	36
29864400000000 29864500000048 	28800064430 84988231865 3420751 	28796643679 3420751 0 0 0 	102457947 3420751 0 	458.036 	3 	36
29890000000000 29890100000048 	29000064526 85579879790 3463896 	28996600630 3463896 0 0 0 	103750035 3463896 0 	458.278 	3 	36
29915600000000 29915700000048 	29200064622 86171416058 3506410 	29196558212 3506410 0 0 0 	105020615 3506410 0 	458.517 	3 	36
29941200000000 29941300000048 	29400064718 86763068123 3548757 	29396515961 3548757 0 0 0 	106290065 3548757 0 	458.753 	3 	36
29966800000000 29966900000048 	29600064814 87354681877 3590652 	29596474162 3590652 0 0 0 	107550424 3590652 0 	458.986 	3 	36
29992400000000 29992500000048 	29800064910 87946298624 3632673 	29796432237 3632673 0 0 0 	108814211 3632673 0 	459.216 	3 	36
