26203700000000 26203800000365 	200000730 588952493 26455 	199974275 26455 0 0 0 	797106 26455 0 	471 	3 	37
26229300000000 26229400000365 	400001460 1177877484 52553 	399948907 52553 0 0 0 	1571743 52553 0 	471 	3 	37
26254900000000 26255000000365 	600002190 1766838008 78507 	599923683 78507 0 0 0 	2351641 78507 0 	471 	3 	37
26280500000000 26280600000365 	800002920 2355859442 104634 	799898286 104634 0 0 0 	3127062 104634 0 	471 	3 	37
26306100000000 26306200000365 	1000003650 2944877475 130328 	999873322 130328 0 0 0 	3890682 130328 0 	471 	3 	37
26331700000000 26331800000368 	1200004386 3533863042 155475 	1199848911 155475 0 0 0 	4643976 155475 0 	470.497 	3 	37
26357300000000 26357400000368 	1400005122 4122908936 180534 	1399824588 180534 0 0 0 	5389016 180534 0 	470.139 	3 	37
26382900000000 26383000000368 	1600005858 4712031001 205472 	1599800386 205472 0 0 0 	6140937 205472 0 	469.871 	3 	37
26408500000000 26408600000368 	1800006594 5301057925 230072 	1799776522 230072 0 0 0 	6867644 230072 0 	469.662 	3 	37
26434100000000 26434200000368 	2000007330 5890173710 254626 	1999752704 254626 0 0 0 	7602786 254626 0 	469.495 	3 	37
26459700000000 26459800000368 	2200008066 6479325321 279119 	2199728947 279119 0 0 0 	8340300 279119 0 	469.359 	3 	37
26485300000000 26485400000368 	2400008802 7068408038 303262 	2399705540 303262 0 0 0 	9064119 303262 0 	469.245 	3 	37
26510900000000 26511000000368 	2600009538 7657542059 327120 	2599682418 327120 0 0 0 	9780332 327120 0 	469.149 	3 	37
26536500000000 26536600000352 	2800010242 8246751041 350608 	2799659634 350608 0 0 0 	10477744 350608 0 	468.778 	3 	37
26562100000000 26562200000352 	3000010946 8835934436 373976 	2999636970 373976 0 0 0 	11166789 373976 0 	468.456 	3 	37
26587700000000 26587800000352 	3200011650 9425145549 397207 	3199614443 397207 0 0 0 	11864324 397207 0 	468.175 	3 	37
26613300000000 26613400000352 	3400012354 10014375910 420234 	3399592120 420234 0 0 0 	12555150 420234 0 	467.927 	3 	37
26638900000000 26639000000352 	3600013058 10603620408 442994 	3599570064 442994 0 0 0 	13240513 442994 0 	467.708 	3 	37
26664500000000 26664600000352 	3800013762 11192864715 465549 	3799548213 465549 0 0 0 	13912162 465549 0 	467.511 	3 	37
26690100000000 26690200000352 	4000014466 11782146174 488265 	3999526201 488265 0 0 0 	14594827 488265 0 	467.334 	3 	37
26715700000000 26715800000120 	4200014706 12371358902 510415 	4199504291 510415 0 0 0 	15265499 510415 0 	467.029 	3 	37
26741300000000 26741400000120 	4400014946 12960667424 532543 	4399482403 532543 0 0 0 	15927215 532543 0 	466.751 	3 	37
26766900000000 26767000000120 	4600015186 13549966691 554612 	4599460574 554612 0 0 0 	16587815 554612 0 	466.498 	3 	37
26792500000000 26792600000120 	4800015426 14139315631 576251 	4799439175 576251 0 0 0 	17229700 576251 0 	466.266 	3 	37
26818100000000 26818200000120 	5000015666 14728688090 597693 	4999417973 597693 0 0 0 	17872377 597693 0 	466.053 	3 	37
26843700000000 26843800000120 	5200015906 15318045399 618924 	5199396982 618924 0 0 0 	18506000 618924 0 	465.857 	3 	37
26869300000000 26869400000120 	5400016146 15907423398 640009 	5399376137 640009 0 0 0 	19137912 640009 0 	465.675 	3 	37
26894900000000 26895000000120 	5600016386 16496790103 660940 	5599355446 660940 0 0 0 	19763550 660940 0 	465.507 	3 	37
26920500000000 26920600000178 	5800016742 17086219466 681747 	5799334995 681747 0 0 0 	20385745 681747 0 	465.244 	3 	37
26946100000000 26946200000178 	6000017098 17675643865 702440 	5999314658 702440 0 0 0 	21003873 702440 0 	464.999 	3 	37
26971700000000 26971800000178 	6200017454 18265108124 722879 	6199294575 722879 0 0 0 	21612784 722879 0 	464.769 	3 	37
26997300000000 26997400000178 	6400017810 18854593063 743296 	6399274514 743296 0 0 0 	22219874 743296 0 	464.555 	3 	37
27022900000000 27023000000178 	6600018166 19444077527 763566 	6599254600 763566 0 0 0 	22825879 763566 0 	464.354 	3 	37
27048500000000 27048600000178 	6800018522 20033579716 783319 	6799235203 783319 0 0 0 	23412344 783319 0 	464.164 	3 	37
27074100000000 27074200000178 	7000018878 20623097253 802937 	6999215941 802937 0 0 0 	24002119 802937 0 	463.986 	3 	37
27099700000000 27099800000355 	7200019588 21212634495 822160 	7199197428 822160 0 0 0 	24578449 822160 0 	463.731 	3 	37
27125300000000 27125400000355 	7400020298 21802185685 841484 	7399178814 841484 0 0 0 	25161728 841484 0 	463.491 	3 	37
27150900000000 27151000000355 	7600021008 22391736746 860511 	7599160497 860511 0 0 0 	25725395 860511 0 	463.263 	3 	37
27176500000000 27176600000355 	7800021718 22981345747 879391 	7799142327 879391 0 0 0 	26288195 879391 0 	463.048 	3 	37
27202100000000 27202200000355 	8000022428 23570951244 898411 	7999124017 898411 0 0 0 	26861141 898411 0 	462.843 	3 	37
27227700000000 27227800000355 	8200023138 24160537174 917412 	8199105726 917412 0 0 0 	27435472 917412 0 	462.649 	3 	37
27253300000000 27253400000355 	8400023848 24750197812 936230 	8399087618 936230 0 0 0 	27991069 936230 0 	462.464 	3 	37
27278900000000 27279000000230 	8600024308 25339806049 954748 	8599069560 954748 0 0 0 	28539336 954748 0 	462.19 	3 	37
27304500000000 27304600000230 	8800024768 25929476973 972933 	8799051835 972933 0 0 0 	29089007 972933 0 	461.93 	3 	37
27330100000000 27330200000230 	9000025228 26519167861 991325 	8999033903 991325 0 0 0 	29639480 991325 0 	461.681 	3 	37
27355700000000 27355800000230 	9200025688 27108900002 1009362 	9199016326 1009362 0 0 0 	30182353 1009362 0 	461.444 	3 	37
27381300000000 27381400000230 	9400026148 27698560520 1027245 	9398998903 1027245 0 0 0 	30718158 1027245 0 	461.216 	3 	37
27406900000000 27407000000230 	9600026608 28288274392 1044801 	9598981807 1044801 0 0 0 	31244891 1044801 0 	460.999 	3 	37
27432500000000 27432600000230 	9800027068 28878063454 1062199 	9798964869 1062199 0 0 0 	31763008 1062199 0 	460.79 	3 	37
27458100000000 27458200000230 	10000027528 29467840641 1079449 	9998948079 1079449 0 0 0 	32277674 1079449 0 	460.59 	3 	37
27483700000000 27483800000320 	10200028168 30057578843 1096546 	10198931622 1096546 0 0 0 	32789042 1096546 0 	460.337 	3 	37
27509300000000 27509400000320 	10400028808 30647401989 1113720 	10398915088 1113720 0 0 0 	33304498 1113720 0 	460.093 	3 	37
27534900000000 27535000000320 	10600029448 31237144140 1130663 	10598898785 1130663 0 0 0 	33807904 1130663 0 	459.859 	3 	37
27560500000000 27560600000320 	10800030088 31826952432 1147387 	10798882701 1147387 0 0 0 	34312283 1147387 0 	459.634 	3 	37
27586100000000 27586200000320 	11000030728 32416800875 1163990 	10998866738 1163990 0 0 0 	34806815 1163990 0 	459.417 	3 	37
27611700000000 27611800000320 	11200031368 33006710575 1180616 	11198850752 1180616 0 0 0 	35313288 1180616 0 	459.208 	3 	37
27637300000000 27637400000320 	11400032008 33596577556 1196881 	11398835127 1196881 0 0 0 	35798440 1196881 0 	459.006 	3 	37
27662900000000 27663000000400 	11600032808 34186484336 1213017 	11598819791 1213017 0 0 0 	36276329 1213017 0 	458.757 	3 	37
27688500000000 27688600000400 	11800033608 34776429026 1228972 	11798804636 1228972 0 0 0 	36752405 1228972 0 	458.517 	3 	37
27714100000000 27714200000400 	12000034408 35366314446 1245002 	11998789406 1245002 0 0 0 	37234541 1245002 0 	458.285 	3 	37
27739700000000 27739800000400 	12200035208 35956321512 1260777 	12198774431 1260777 0 0 0 	37710508 1260777 0 	458.061 	3 	37
27765300000000 27765400000400 	12400036008 36546255450 1276432 	12398759576 1276432 0 0 0 	38181233 1276432 0 	457.844 	3 	37
27790900000000 27791000000400 	12600036808 37136218772 1292089 	12598744719 1292089 0 0 0 	38650010 1292089 0 	457.634 	3 	37
27816500000000 27816600000400 	12800037608 37726222412 1307362 	12798730246 1307362 0 0 0 	39104512 1307362 0 	457.431 	3 	37
27842100000000 27842200000400 	13000038408 38316259936 1322727 	12998715681 1322727 0 0 0 	39568749 1322727 0 	457.235 	3 	37
27867700000000 27867800000290 	13200038988 38906288922 1337878 	13198701110 1337878 0 0 0 	40018915 1337878 0 	456.996 	3 	37
27893300000000 27893400000290 	13400039568 39496322925 1352917 	13398686651 1352917 0 0 0 	40462319 1352917 0 	456.765 	3 	37
27918900000000 27919000000290 	13600040148 40086420910 1367739 	13598672409 1367739 0 0 0 	40906283 1367739 0 	456.541 	3 	37
27944500000000 27944600000290 	13800040728 40676522782 1382608 	13798658120 1382608 0 0 0 	41345253 1382608 0 	456.323 	3 	37
27970100000000 27970200000290 	14000041308 41266581261 1397313 	13998643995 1397313 0 0 0 	41787423 1397313 0 	456.112 	3 	37
27995700000000 27995800000290 	14200041888 41856680288 1411823 	14198630065 1411823 0 0 0 	42227575 1411823 0 	455.907 	3 	37
28021300000000 28021400000290 	14400042468 42446818089 1426236 	14398616232 1426236 0 0 0 	42656035 1426236 0 	455.708 	3 	37
28046900000000 28047000000249 	14600042966 43036947331 1440658 	14598602308 1440658 0 0 0 	43085732 1440658 0 	455.47 	3 	37
28072500000000 28072600000249 	14800043464 43627065035 1454660 	14798588804 1454660 0 0 0 	43507357 1454660 0 	455.24 	3 	37
28098100000000 28098200000249 	15000043962 44217286465 1468641 	14998575321 1468641 0 0 0 	43926104 1468641 0 	455.015 	3 	37
28123700000000 28123800000249 	15200044460 44807484079 1482424 	15198562036 1482424 0 0 0 	44331789 1482424 0 	454.797 	3 	37
28149300000000 28149400000249 	15400044958 45397620307 1495893 	15398549065 1495893 0 0 0 	44734746 1495893 0 	454.584 	3 	37
28174900000000 28175000000249 	15600045456 45987816169 1509507 	15598535949 1509507 0 0 0 	45150010 1509507 0 	454.378 	3 	37
28200500000000 28200600000249 	15800045954 46578105040 1523088 	15798522866 1523088 0 0 0 	45556313 1523088 0 	454.176 	3 	37
28226100000000 28226200000088 	16000046130 47168336988 1536527 	15998509603 1536527 0 0 0 	45953437 1536527 0 	453.94 	3 	37
28251700000000 28251800000088 	16200046306 47758610710 1549934 	16198496372 1549934 0 0 0 	46354263 1549934 0 	453.709 	3 	37
28277300000000 28277400000088 	16400046482 48348870523 1563118 	16398483364 1563118 0 0 0 	46748034 1563118 0 	453.485 	3 	37
28302900000000 28303000000088 	16600046658 48939220778 1576363 	16598470295 1576363 0 0 0 	47150948 1576363 0 	453.266 	3 	37
28328500000000 28328600000088 	16800046834 49529543728 1589320 	16798457514 1589320 0 0 0 	47540076 1589320 0 	453.052 	3 	37
28354100000000 28354200000088 	17000047010 50119921129 1602148 	16998444862 1602148 0 0 0 	47925891 1602148 0 	452.844 	3 	37
28379700000000 28379800000088 	17200047186 50710276815 1614929 	17198432257 1614929 0 0 0 	48310060 1614929 0 	452.64 	3 	37
28405300000000 28405400000088 	17400047362 51300653658 1627721 	17398419641 1627721 0 0 0 	48693000 1627721 0 	452.442 	3 	37
28430900000000 28431000000110 	17600047582 51890994849 1640299 	17598407283 1640299 0 0 0 	49069811 1640299 0 	452.223 	3 	37
28456500000000 28456600000110 	17800047802 52481379991 1652721 	17798395081 1652721 0 0 0 	49443167 1652721 0 	452.01 	3 	37
28482100000000 28482200000110 	18000048022 53071862226 1665207 	17998382815 1665207 0 0 0 	49814930 1665207 0 	451.802 	3 	37
28507700000000 28507800000110 	18200048242 53662275398 1677382 	18198370860 1677382 0 0 0 	50179665 1677382 0 	451.598 	3 	37
28533300000000 28533400000110 	18400048462 54252726532 1689322 	18398359140 1689322 0 0 0 	50536836 1689322 0 	451.399 	3 	37
28558900000000 28559000000110 	18600048682 54843158229 1701293 	18598347389 1701293 0 0 0 	50897960 1701293 0 	451.205 	3 	37
28584500000000 28584600000110 	18800048902 55433642065 1713286 	18798335616 1713286 0 0 0 	51260784 1713286 0 	451.015 	3 	37
28610100000000 28610200000189 	19000049280 56024113151 1725137 	18998324143 1725137 0 0 0 	51619029 1725137 0 	450.794 	3 	37
28635700000000 28635800000189 	19200049658 56614672423 1736991 	19198312667 1736991 0 0 0 	51975062 1736991 0 	450.579 	3 	37
28661300000000 28661400000189 	19400050036 57205230035 1748415 	19398301621 1748415 0 0 0 	52314951 1748415 0 	450.368 	3 	37
28686900000000 28687000000189 	19600050414 57795830739 1759956 	19598290458 1759956 0 0 0 	52663044 1759956 0 	450.161 	3 	37
28712500000000 28712600000189 	19800050792 58386448693 1771561 	19798279231 1771561 0 0 0 	53008564 1771561 0 	449.959 	3 	37
28738100000000 28738200000189 	20000051170 58977072233 1782863 	19998268307 1782863 0 0 0 	53351368 1782863 0 	449.762 	3 	37
28763700000000 28763800000189 	20200051548 59567679737 1794201 	20198257347 1794201 0 0 0 	53688373 1794201 0 	449.568 	3 	37
28789300000000 28789400000189 	20400051926 60158307218 1805262 	20398246664 1805262 0 0 0 	54013058 1805262 0 	449.378 	3 	37
28814900000000 28815000000060 	20600052046 60748929193 1816288 	20598235758 1816288 0 0 0 	54346547 1816288 0 	449.16 	3 	37
28840500000000 28840600000060 	20800052166 61339551625 1827083 	20798225083 1827083 0 0 0 	54672002 1827083 0 	448.947 	3 	37
28866100000000 28866200000060 	21000052286 61930183027 1838012 	20998214274 1838012 0 0 0 	55003044 1838012 0 	448.738 	3 	37
28891700000000 28891800000060 	21200052406 62520918343 1848585 	21198203821 1848585 0 0 0 	55317839 1848585 0 	448.533 	3 	37
28917300000000 28917400000060 	21400052526 63111618090 1859201 	21398193325 1859201 0 0 0 	55636606 1859201 0 	448.332 	3 	37
28942900000000 28943000000060 	21600052646 63702286659 1869759 	21598182887 1869759 0 0 0 	55954606 1869759 0 	448.134 	3 	37
28968500000000 28968600000060 	21800052766 64293021113 1880225 	21798172541 1880225 0 0 0 	56263137 1880225 0 	447.941 	3 	37
28994100000000 28994200000375 	22000053516 64883745850 1890501 	21998163015 1890501 0 0 0 	56575495 1890501 0 	447.721 	3 	37
29019700000000 29019800000375 	22200054266 65474521083 1900717 	22198153549 1900717 0 0 0 	56880646 1900717 0 	447.506 	3 	37
29045300000000 29045400000375 	22400055016 66065307760 1910810 	22398144206 1910810 0 0 0 	57182755 1910810 0 	447.294 	3 	37
29070900000000 29071000000375 	22600055766 66656126452 1920883 	22598134883 1920883 0 0 0 	57485314 1920883 0 	447.087 	3 	37
29096500000000 29096600000308 	22800056382 67247253556 1974509 	22798081873 1974509 0 0 0 	59103569 1974509 0 	447.558 	3 	37
29122100000000 29122200000308 	23000056998 67838383893 2027811 	22998029187 2027811 0 0 0 	60696891 2027811 0 	448.021 	3 	37
29147700000000 29147800000308 	23200057614 68429585571 2080387 	23197977227 2080387 0 0 0 	62279414 2080387 0 	448.478 	3 	37
29173300000000 29173400000308 	23400058230 69020770769 2133008 	23397925222 2133008 0 0 0 	63844773 2133008 0 	448.927 	3 	37
29198900000000 29199000000308 	23600058846 69611993269 2185324 	23597873522 2185324 0 0 0 	65418677 2185324 0 	449.37 	3 	37
29224500000000 29224600000308 	23800059462 70203159061 2237093 	23797822369 2237093 0 0 0 	66958228 2237093 0 	449.806 	3 	37
29250100000000 29250200000308 	24000060078 70794371524 2288264 	23997771814 2288264 0 0 0 	68492825 2288264 0 	450.236 	3 	37
29275700000000 29275800000308 	24200060694 71385616427 2339188 	24197721506 2339188 0 0 0 	70020880 2339188 0 	450.66 	3 	37
29301300000000 29301400000308 	24400061310 71976840958 2389461 	24397671849 2389461 0 0 0 	71519559 2389461 0 	451.077 	3 	37
29326900000000 29327000000152 	24600061614 72568128837 2439866 	24597621748 2439866 0 0 0 	73015567 2439866 0 	451.462 	3 	37
29352500000000 29352600000152 	24800061918 73159447716 2489698 	24797572220 2489698 0 0 0 	74510130 2489698 0 	451.842 	3 	37
29378100000000 29378200000152 	25000062222 73750755292 2539408 	24997522814 2539408 0 0 0 	75998268 2539408 0 	452.217 	3 	37
29403700000000 29403800000152 	25200062526 74342139152 2588627 	25197473899 2588627 0 0 0 	77479497 2588627 0 	452.586 	3 	37
29429300000000 29429400000152 	25400062830 74933433559 2637200 	25397425630 2637200 0 0 0 	78939307 2637200 0 	452.949 	3 	37
29454900000000 29455000000152 	25600063134 75524773003 2685788 	25597377346 2685788 0 0 0 	80392337 2685788 0 	453.308 	3 	37
29480500000000 29480600000152 	25800063438 76116050102 2733816 	25797329622 2733816 0 0 0 	81834160 2733816 0 	453.662 	3 	37
29506100000000 29506200000152 	26000063742 76707442057 2781500 	25997282242 2781500 0 0 0 	83260619 2781500 0 	454.011 	3 	37
29531700000000 29531800000152 	26200064046 77298842015 2829039 	26197235007 2829039 0 0 0 	84684159 2829039 0 	454.355 	3 	37
29557300000000 29557400000000 	26400064046 77890262613 2876074 	26397187972 2876074 0 0 0 	86098132 2876074 0 	454.669 	3 	37
29582900000000 29583000000000 	26600064046 78481729518 2922623 	26597141423 2922623 0 0 0 	87504715 2922623 0 	454.979 	3 	37
29608500000000 29608600000000 	26800064046 79073162602 2969576 	26797094470 2969576 0 0 0 	88914564 2969576 0 	455.285 	3 	37
29634100000000 29634200000000 	27000064046 79664674545 3016048 	26997047998 3016048 0 0 0 	90309055 3016048 0 	455.587 	3 	37
29659700000000 29659800000000 	27200064046 80256084251 3061933 	27197002113 3061933 0 0 0 	91676139 3061933 0 	455.885 	3 	37
29685300000000 29685400000000 	27400064046 80847589480 3107830 	27396956216 3107830 0 0 0 	93054199 3107830 0 	456.179 	3 	37
29710900000000 29711000000000 	27600064046 81439099888 3153260 	27596910786 3153260 0 0 0 	94436763 3153260 0 	456.468 	3 	37
29736500000000 29736600000000 	27800064046 82030574493 3198298 	27796865748 3198298 0 0 0 	95784296 3198298 0 	456.755 	3 	37
29762100000000 29762200000000 	28000064046 82622045520 3242619 	27996821427 3242619 0 0 0 	97107681 3242619 0 	457.037 	3 	37
29787700000000 29787800000048 	28200064142 83213556913 3286170 	28196777972 3286170 0 0 0 	98412292 3286170 0 	457.292 	3 	37
29813300000000 29813400000048 	28400064238 83805118697 3330227 	28396734011 3330227 0 0 0 	99736572 3330227 0 	457.543 	3 	37
29838900000000 29839000000048 	28600064334 84396690335 3374016 	28596690318 3374016 0 0 0 	101056953 3374016 0 	457.791 	3 	37
29864500000000 29864600000048 	28800064430 84988280064 3417813 	28796646617 3417813 0 0 0 	102371881 3417813 0 	458.036 	3 	37
29890100000000 29890200000048 	29000064526 85579831695 3460849 	28996603677 3460849 0 0 0 	103667341 3460849 0 	458.278 	3 	37
29915700000000 29915800000048 	29200064622 86171519441 3503653 	29196560969 3503653 0 0 0 	104961321 3503653 0 	458.517 	3 	37
29941300000000 29941400000048 	29400064718 86763155045 3546199 	29396518519 3546199 0 0 0 	106244205 3546199 0 	458.753 	3 	37
29966900000000 29967000000048 	29600064814 87354851481 3588203 	29596476611 3588203 0 0 0 	107503392 3588203 0 	458.986 	3 	37
29992500000000 29992600000048 	29800064910 87946507480 3630289 	29796434621 3630289 0 0 0 	108773924 3630289 0 	459.216 	3 	37
