26206200000000 26206300000365 	200000730 588962855 26323 	199974407 26323 0 0 0 	783927 26323 0 	471 	3 	62
26231800000000 26231900000365 	400001460 1177921722 52514 	399948946 52514 0 0 0 	1569451 52514 0 	471 	3 	62
26257400000000 26257500000365 	600002190 1766914994 78282 	599923908 78282 0 0 0 	2337613 78282 0 	471 	3 	62
26283000000000 26283100000365 	800002920 2355947798 104399 	799898521 104399 0 0 0 	3118704 104399 0 	471 	3 	62
26308600000000 26308700000365 	1000003650 2945042997 129564 	999874086 129564 0 0 0 	3871749 129564 0 	471 	3 	62
26334200000000 26334300000368 	1200004386 3534077143 155101 	1199849285 155101 0 0 0 	4642800 155101 0 	470.497 	3 	62
26359800000000 26359900000368 	1400005122 4123156243 180293 	1399824829 180293 0 0 0 	5391302 180293 0 	470.139 	3 	62
26385400000000 26385500000368 	1600005858 4712220876 205421 	1599800437 205421 0 0 0 	6142980 205421 0 	469.871 	3 	62
26411000000000 26411100000368 	1800006594 5301256046 230446 	1799776148 230446 0 0 0 	6884167 230446 0 	469.662 	3 	62
26436600000000 26436700000368 	2000007330 5890369625 254907 	1999752423 254907 0 0 0 	7610919 254907 0 	469.495 	3 	62
26462200000000 26462300000368 	2200008066 6479466039 279094 	2199728972 279094 0 0 0 	8334251 279094 0 	469.359 	3 	62
26487800000000 26487900000368 	2400008802 7068652987 302996 	2399705806 302996 0 0 0 	9054151 302996 0 	469.245 	3 	62
26513400000000 26513500000368 	2600009538 7657805988 326651 	2599682887 326651 0 0 0 	9752393 326651 0 	469.149 	3 	62
26539000000000 26539100000352 	2800010242 8247003946 350593 	2799659649 350593 0 0 0 	10465619 350593 0 	468.778 	3 	62
26564600000000 26564700000352 	3000010946 8836223793 374021 	2999636925 374021 0 0 0 	11170691 374021 0 	468.456 	3 	62
26590200000000 26590300000352 	3200011650 9425376477 397165 	3199614485 397165 0 0 0 	11860893 397165 0 	468.175 	3 	62
26615800000000 26615900000352 	3400012354 10014607404 420258 	3399592096 420258 0 0 0 	12550586 420258 0 	467.927 	3 	62
26641400000000 26641500000352 	3600013058 10603937250 442980 	3599570078 442980 0 0 0 	13231771 442980 0 	467.708 	3 	62
26667000000000 26667100000352 	3800013762 11193181168 465479 	3799548283 465479 0 0 0 	13899329 465479 0 	467.511 	3 	62
26692600000000 26692700000352 	4000014466 11782500292 488078 	3999526388 488078 0 0 0 	14583757 488078 0 	467.334 	3 	62
26718200000000 26718300000120 	4200014706 12371775273 510191 	4199504515 510191 0 0 0 	15242863 510191 0 	467.029 	3 	62
26743800000000 26743900000120 	4400014946 12961111093 532207 	4399482739 532207 0 0 0 	15904922 532207 0 	466.751 	3 	62
26769400000000 26769500000120 	4600015186 13550423741 554085 	4599461101 554085 0 0 0 	16560659 554085 0 	466.498 	3 	62
26795000000000 26795100000120 	4800015426 14139796950 575719 	4799439707 575719 0 0 0 	17205688 575719 0 	466.266 	3 	62
26820600000000 26820700000120 	5000015666 14729095465 597450 	4999418216 597450 0 0 0 	17860904 597450 0 	466.053 	3 	62
26846200000000 26846300000120 	5200015906 15318506053 619126 	5199396780 619126 0 0 0 	18508425 619126 0 	465.857 	3 	62
26871800000000 26871900000120 	5400016146 15907894227 640249 	5399375897 640249 0 0 0 	19140110 640249 0 	465.675 	3 	62
26897400000000 26897500000178 	5600016502 16497275722 661301 	5599355201 661301 0 0 0 	19767053 661301 0 	465.397 	3 	62
26923000000000 26923100000178 	5800016858 17086688733 681898 	5799334960 681898 0 0 0 	20385148 681898 0 	465.138 	3 	62
26948600000000 26948700000178 	6000017214 17676099457 702395 	5999314819 702395 0 0 0 	20999132 702395 0 	464.896 	3 	62
26974200000000 26974300000178 	6200017570 18265570101 722821 	6199294749 722821 0 0 0 	21608296 722821 0 	464.67 	3 	62
26999800000000 26999900000178 	6400017926 18855012394 742933 	6399274993 742933 0 0 0 	22215941 742933 0 	464.459 	3 	62
27025400000000 27025500000178 	6600018282 19444471272 763064 	6599255218 763064 0 0 0 	22816896 763064 0 	464.261 	3 	62
27051000000000 27051100000178 	6800018638 20033969073 783025 	6799235613 783025 0 0 0 	23415935 783025 0 	464.074 	3 	62
27076600000000 27076700000178 	7000018994 20623455501 802743 	6999216251 802743 0 0 0 	24002306 802743 0 	463.898 	3 	62
27102200000000 27102300000355 	7200019704 21213046592 822376 	7199197328 822376 0 0 0 	24584543 822376 0 	463.646 	3 	62
27127800000000 27127900000355 	7400020414 21802643692 841744 	7399178670 841744 0 0 0 	25166434 841744 0 	463.408 	3 	62
27153400000000 27153500000355 	7600021124 22392211506 860970 	7599160154 860970 0 0 0 	25743671 860970 0 	463.183 	3 	62
27179000000000 27179100000355 	7800021834 22981859518 879920 	7799141914 879920 0 0 0 	26309193 879920 0 	462.97 	3 	62
27204600000000 27204700000355 	8000022544 23571453785 898873 	7999123671 898873 0 0 0 	26869903 898873 0 	462.767 	3 	62
27230200000000 27230300000355 	8200023254 24161126385 917806 	8199105448 917806 0 0 0 	27436371 917806 0 	462.574 	3 	62
27255800000000 27255900000355 	8400023964 24750753517 936505 	8399087459 936505 0 0 0 	27995420 936505 0 	462.391 	3 	62
27281400000000 27281500000230 	8600024424 25340392205 954821 	8599069603 954821 0 0 0 	28540097 954821 0 	462.12 	3 	62
27307000000000 27307100000230 	8800024884 25930058775 973013 	8799051871 973013 0 0 0 	29088296 973013 0 	461.861 	3 	62
27332600000000 27332700000230 	9000025344 26519792212 991210 	8999034134 991210 0 0 0 	29627709 991210 0 	461.614 	3 	62
27358200000000 27358300000230 	9200025804 27109516808 1009035 	9199016769 1009035 0 0 0 	30162265 1009035 0 	461.378 	3 	62
27383800000000 27383900000230 	9400026264 27699192056 1026756 	9398999508 1026756 0 0 0 	30700560 1026756 0 	461.152 	3 	62
27409400000000 27409500000230 	9600026724 28288903327 1044259 	9598982465 1044259 0 0 0 	31222533 1044259 0 	460.936 	3 	62
27435000000000 27435100000230 	9800027184 28878692703 1061974 	9798965210 1061974 0 0 0 	31750289 1061974 0 	460.729 	3 	62
27460600000000 27460700000230 	10000027644 29468461023 1079181 	9998948463 1079181 0 0 0 	32264064 1079181 0 	460.53 	3 	62
27486200000000 27486300000320 	10200028284 30058278944 1096282 	10198932002 1096282 0 0 0 	32772708 1096282 0 	460.278 	3 	62
27511800000000 27511900000320 	10400028924 30648045883 1113187 	10398915737 1113187 0 0 0 	33277980 1113187 0 	460.035 	3 	62
27537400000000 27537500000320 	10600029564 31237880186 1130080 	10598899484 1130080 0 0 0 	33786262 1130080 0 	459.802 	3 	62
27563000000000 27563100000320 	10800030204 31827690624 1146636 	10798883568 1146636 0 0 0 	34279861 1146636 0 	459.578 	3 	62
27588600000000 27588700000320 	11000030844 32417571628 1163145 	10998867699 1163145 0 0 0 	34769800 1163145 0 	459.362 	3 	62
27614200000000 27614300000320 	11200031484 33007423080 1179492 	11198851992 1179492 0 0 0 	35265312 1179492 0 	459.154 	3 	62
27639800000000 27639900000320 	11400032124 33597312286 1195877 	11398836247 1195877 0 0 0 	35746853 1195877 0 	458.954 	3 	62
27665400000000 27665500000400 	11600032924 34187245564 1212045 	11598820879 1212045 0 0 0 	36237838 1212045 0 	458.706 	3 	62
27691000000000 27691100000400 	11800033724 34777215815 1228044 	11798805680 1228044 0 0 0 	36718037 1228044 0 	458.466 	3 	62
27716600000000 27716700000400 	12000034524 35367147231 1243945 	11998790579 1243945 0 0 0 	37189358 1243945 0 	458.235 	3 	62
27742200000000 27742300000400 	12200035324 35957064947 1259851 	12198775473 1259851 0 0 0 	37666898 1259851 0 	458.012 	3 	62
27767800000000 27767900000400 	12400036124 36547023222 1275426 	12398760698 1275426 0 0 0 	38129409 1275426 0 	457.796 	3 	62
27793400000000 27793500000400 	12600036924 37137029218 1290952 	12598745972 1290952 0 0 0 	38593170 1290952 0 	457.587 	3 	62
27819000000000 27819100000400 	12800037724 37727009428 1306409 	12798731315 1306409 0 0 0 	39053738 1306409 0 	457.385 	3 	62
27844600000000 27844700000290 	13000038304 38317045045 1321784 	12998716520 1321784 0 0 0 	39512703 1321784 0 	457.14 	3 	62
27870200000000 27870300000290 	13200038884 38907056885 1337007 	13198701877 1337007 0 0 0 	39970091 1337007 0 	456.903 	3 	62
27895800000000 27895900000290 	13400039464 39497121582 1351835 	13398687629 1351835 0 0 0 	40415737 1351835 0 	456.673 	3 	62
27921400000000 27921500000290 	13600040044 40087179508 1366514 	13598673530 1366514 0 0 0 	40863730 1366514 0 	456.45 	3 	62
27947000000000 27947100000290 	13800040624 40677272819 1381413 	13798659211 1381413 0 0 0 	41306794 1381413 0 	456.234 	3 	62
27972600000000 27972700000290 	14000041204 41267365072 1396113 	13998645091 1396113 0 0 0 	41746231 1396113 0 	456.024 	3 	62
27998200000000 27998300000290 	14200041784 41857478219 1410649 	14198631135 1410649 0 0 0 	42180388 1410649 0 	455.821 	3 	62
28023800000000 28023900000290 	14400042364 42447588781 1424945 	14398617419 1424945 0 0 0 	42607715 1424945 0 	455.623 	3 	62
28049400000000 28049500000249 	14600042862 43037694390 1439162 	14598603700 1439162 0 0 0 	43033126 1439162 0 	455.387 	3 	62
28075000000000 28075100000249 	14800043360 43627828782 1453080 	14798590280 1453080 0 0 0 	43449827 1453080 0 	455.157 	3 	62
28100600000000 28100700000249 	15000043858 44218008749 1467169 	14998576689 1467169 0 0 0 	43869562 1467169 0 	454.934 	3 	62
28126200000000 28126300000249 	15200044356 44808161198 1481009 	15198563347 1481009 0 0 0 	44284997 1481009 0 	454.717 	3 	62
28151800000000 28151900000249 	15400044854 45398398507 1494641 	15398550213 1494641 0 0 0 	44696022 1494641 0 	454.505 	3 	62
28177400000000 28177500000249 	15600045352 45988542169 1508233 	15598537119 1508233 0 0 0 	45108816 1508233 0 	454.3 	3 	62
28203000000000 28203100000249 	15800045850 46578742835 1522004 	15798523846 1522004 0 0 0 	45521849 1522004 0 	454.099 	3 	62
28228600000000 28228700000088 	16000046026 47168994048 1535458 	15998510568 1535458 0 0 0 	45924719 1535458 0 	453.864 	3 	62
28254200000000 28254300000088 	16200046202 47759294900 1548740 	16198497462 1548740 0 0 0 	46325087 1548740 0 	453.634 	3 	62
28279800000000 28279900000088 	16400046378 48349645655 1561969 	16398484409 1561969 0 0 0 	46715027 1561969 0 	453.411 	3 	62
28305400000000 28305500000088 	16600046554 48939962235 1575197 	16598471357 1575197 0 0 0 	47113561 1575197 0 	453.193 	3 	62
28331000000000 28331100000088 	16800046730 49530290056 1588381 	16798458349 1588381 0 0 0 	47512842 1588381 0 	452.98 	3 	62
28356600000000 28356700000088 	17000046906 50120617140 1601198 	16998445708 1601198 0 0 0 	47894325 1601198 0 	452.773 	3 	62
28382200000000 28382300000088 	17200047082 50710947965 1614045 	17198433037 1614045 0 0 0 	48283434 1614045 0 	452.57 	3 	62
28407800000000 28407900000088 	17400047258 51301323195 1626556 	17398420702 1626556 0 0 0 	48655887 1626556 0 	452.373 	3 	62
28433400000000 28433500000110 	17600047478 51891691140 1639128 	17598408350 1639128 0 0 0 	49033170 1639128 0 	452.155 	3 	62
28459000000000 28459100000110 	17800047698 52482158329 1651599 	17798396099 1651599 0 0 0 	49402780 1651599 0 	451.943 	3 	62
28484600000000 28484700000110 	18000047918 53072545934 1663826 	17998384092 1663826 0 0 0 	49767605 1663826 0 	451.735 	3 	62
28510200000000 28510300000110 	18200048138 53662983385 1676019 	18198372119 1676019 0 0 0 	50131355 1676019 0 	451.532 	3 	62
28535800000000 28535900000110 	18400048358 54253414216 1688156 	18398360202 1688156 0 0 0 	50496768 1688156 0 	451.334 	3 	62
28561400000000 28561500000110 	18600048578 54843873158 1700057 	18598348521 1700057 0 0 0 	50851121 1700057 0 	451.14 	3 	62
28587000000000 28587100000110 	18800048798 55434317255 1712048 	18798336750 1712048 0 0 0 	51207827 1712048 0 	450.951 	3 	62
28612600000000 28612700000189 	19000049176 56024848469 1723778 	18998325398 1723778 0 0 0 	51559178 1723778 0 	450.731 	3 	62
28638200000000 28638300000189 	19200049554 56615344479 1735501 	19198314053 1735501 0 0 0 	51905353 1735501 0 	450.516 	3 	62
28663800000000 28663900000189 	19400049932 57205868287 1747207 	19398302725 1747207 0 0 0 	52254303 1747207 0 	450.306 	3 	62
28689400000000 28689500000189 	19600050310 57796415895 1758590 	19598291720 1758590 0 0 0 	52593982 1758590 0 	450.101 	3 	62
28715000000000 28715100000189 	19800050688 58386982087 1769970 	19798280718 1769970 0 0 0 	52932601 1769970 0 	449.899 	3 	62
28740600000000 28740700000189 	20000051066 58977502056 1781427 	19998269639 1781427 0 0 0 	53279925 1781427 0 	449.702 	3 	62
28766200000000 28766300000189 	20200051444 59568139022 1792806 	20198258638 1792806 0 0 0 	53619120 1792806 0 	449.509 	3 	62
28791800000000 28791900000060 	20400051564 60158815241 1803963 	20398247601 1803963 0 0 0 	53955150 1803963 0 	449.287 	3 	62
28817400000000 28817500000060 	20600051684 60749450017 1815206 	20598236478 1815206 0 0 0 	54288422 1815206 0 	449.071 	3 	62
28843000000000 28843100000060 	20800051804 61340165626 1826223 	20798225581 1826223 0 0 0 	54618543 1826223 0 	448.858 	3 	62
28868600000000 28868700000060 	21000051924 61930764844 1836942 	20998214982 1836942 0 0 0 	54940950 1836942 0 	448.65 	3 	62
28894200000000 28894300000060 	21200052044 62521486582 1847677 	21198204367 1847677 0 0 0 	55262270 1847677 0 	448.446 	3 	62
28919800000000 28919900000060 	21400052164 63112150484 1858370 	21398193794 1858370 0 0 0 	55583526 1858370 0 	448.246 	3 	62
28945400000000 28945500000060 	21600052284 63702868458 1868862 	21598183422 1868862 0 0 0 	55898592 1868862 0 	448.049 	3 	62
28971000000000 28971100000060 	21800052404 64293590540 1879404 	21798173000 1879404 0 0 0 	56217223 1879404 0 	447.857 	3 	62
28996600000000 28996700000375 	22000053154 64884372656 1889645 	21998163509 1889645 0 0 0 	56526571 1889645 0 	447.638 	3 	62
29022200000000 29022300000375 	22200053904 65475151315 1900126 	22198153778 1900126 0 0 0 	56843687 1900126 0 	447.423 	3 	62
29047800000000 29047900000375 	22400054654 66065929656 1910237 	22398144417 1910237 0 0 0 	57143496 1910237 0 	447.213 	3 	62
29073400000000 29073500000375 	22600055404 66656752891 1920482 	22598134922 1920482 0 0 0 	57449887 1920482 0 	447.006 	3 	62
29099000000000 29099100000308 	22800056020 67247892091 1973866 	22798082154 1973866 0 0 0 	59042017 1973866 0 	447.477 	3 	62
29124600000000 29124700000308 	23000056636 67839021508 2026960 	22998029676 2026960 0 0 0 	60638831 2026960 0 	447.941 	3 	62
29150200000000 29150300000308 	23200057252 68430214100 2080277 	23197976975 2080277 0 0 0 	62245925 2080277 0 	448.398 	3 	62
29175800000000 29175900000308 	23400057868 69021443760 2132708 	23397925160 2132708 0 0 0 	63821068 2132708 0 	448.848 	3 	62
29201400000000 29201500000308 	23600058484 69612645835 2185036 	23597873448 2185036 0 0 0 	65396756 2185036 0 	449.292 	3 	62
29227000000000 29227100000308 	23800059100 70203824399 2236917 	23797822183 2236917 0 0 0 	66952227 2236917 0 	449.729 	3 	62
29252600000000 29252700000308 	24000059716 70795035594 2288487 	23997771229 2288487 0 0 0 	68506572 2288487 0 	450.159 	3 	62
29278200000000 29278300000308 	24200060332 71386328688 2339681 	24197720651 2339681 0 0 0 	70038701 2339681 0 	450.583 	3 	62
29303800000000 29303900000308 	24400060948 71977597298 2390177 	24397670771 2390177 0 0 0 	71541040 2390177 0 	451.001 	3 	62
29329400000000 29329500000152 	24600061252 72568916865 2440716 	24597620536 2440716 0 0 0 	73058090 2440716 0 	451.387 	3 	62
29355000000000 29355100000152 	24800061556 73160228990 2490618 	24797570938 2490618 0 0 0 	74565447 2490618 0 	451.767 	3 	62
29380600000000 29380700000152 	25000061860 73751541614 2539918 	24997521942 2539918 0 0 0 	76034521 2539918 0 	452.142 	3 	62
29406200000000 29406300000152 	25200062164 74342930421 2589144 	25197473020 2589144 0 0 0 	77513469 2589144 0 	452.511 	3 	62
29431800000000 29431900000152 	25400062468 74934331520 2638322 	25397424146 2638322 0 0 0 	79002859 2638322 0 	452.876 	3 	62
29457400000000 29457500000152 	25600062772 75525670207 2687015 	25597375757 2687015 0 0 0 	80453156 2687015 0 	453.235 	3 	62
29483000000000 29483100000152 	25800063076 76117039345 2735129 	25797327947 2735129 0 0 0 	81901491 2735129 0 	453.589 	3 	62
29508600000000 29508700000152 	26000063380 76708411860 2783165 	25997280215 2783165 0 0 0 	83346075 2783165 0 	453.938 	3 	62
29534200000000 29534300000152 	26200063684 77299813828 2830641 	26197233043 2830641 0 0 0 	84775605 2830641 0 	454.283 	3 	62
29559800000000 29559900000000 	26400063684 77891187251 2877854 	26397185830 2877854 0 0 0 	86190527 2877854 0 	454.598 	3 	62
29585400000000 29585500000000 	26600063684 78482601738 2924347 	26597139337 2924347 0 0 0 	87588535 2924347 0 	454.908 	3 	62
29611000000000 29611100000000 	26800063684 79073984534 2970536 	26797093148 2970536 0 0 0 	88976987 2970536 0 	455.214 	3 	62
29636600000000 29636700000000 	27000063684 79665448163 3016990 	26997046694 3016990 0 0 0 	90373847 3016990 0 	455.517 	3 	62
29662200000000 29662300000000 	27200063684 80256832752 3062585 	27197001099 3062585 0 0 0 	91735935 3062585 0 	455.815 	3 	62
29687800000000 29687900000000 	27400063684 80848289506 3107998 	27396955686 3107998 0 0 0 	93093150 3107998 0 	456.109 	3 	62
29713400000000 29713500000000 	27600063684 81439761194 3153040 	27596910644 3153040 0 0 0 	94441121 3153040 0 	456.399 	3 	62
29739000000000 29739100000000 	27800063684 82031256892 3197988 	27796865696 3197988 0 0 0 	95791029 3197988 0 	456.686 	3 	62
29764600000000 29764700000000 	28000063684 82622733434 3242473 	27996821211 3242473 0 0 0 	97127980 3242473 0 	456.969 	3 	62
29790200000000 29790300000048 	28200063780 83214248011 3286725 	28196777055 3286725 0 0 0 	98458622 3286725 0 	457.224 	3 	62
29815800000000 29815900000048 	28400063876 83805838491 3330920 	28396732956 3330920 0 0 0 	99798831 3330920 0 	457.476 	3 	62
29841400000000 29841500000048 	28600063972 84397412893 3374362 	28596689610 3374362 0 0 0 	101101822 3374362 0 	457.724 	3 	62
29867000000000 29867100000048 	28800064068 84989003081 3417468 	28796646600 3417468 0 0 0 	102396686 3417468 0 	457.97 	3 	62
29892600000000 29892700000048 	29000064164 85580619403 3460397 	28996603767 3460397 0 0 0 	103688333 3460397 0 	458.212 	3 	62
29918200000000 29918300000048 	29200064260 86172234828 3503370 	29196560890 3503370 0 0 0 	104992651 3503370 0 	458.451 	3 	62
29943800000000 29943900000048 	29400064356 86763899369 3545337 	29396519019 3545337 0 0 0 	106243350 3545337 0 	458.687 	3 	62
29969400000000 29969500000048 	29600064452 87355500416 3587423 	29596477029 3587423 0 0 0 	107514660 3587423 0 	458.921 	3 	62
29995000000000 29995100000048 	29800064548 87947140969 3629022 	29796435526 3629022 0 0 0 	108751983 3629022 0 	459.151 	3 	62
