26206600000000 26206700000365 	200000730 588951912 26484 	199974246 26484 0 0 0 	797951 26484 0 	471 	3 	66
26232200000000 26232300000365 	400001460 1177937597 52765 	399948695 52765 0 0 0 	1588216 52765 0 	471 	3 	66
26257800000000 26257900000365 	600002190 1766947740 78550 	599923640 78550 0 0 0 	2361139 78550 0 	471 	3 	66
26283400000000 26283500000365 	800002920 2355972412 104055 	799898865 104055 0 0 0 	3119464 104055 0 	471 	3 	66
26309000000000 26309100000365 	1000003650 2944996565 129405 	999874245 129405 0 0 0 	3884000 129405 0 	471 	3 	66
26334600000000 26334700000368 	1200004386 3534034604 154787 	1199849599 154787 0 0 0 	4641845 154787 0 	470.497 	3 	66
26360200000000 26360300000368 	1400005122 4123081623 179932 	1399825190 179932 0 0 0 	5393854 179932 0 	470.139 	3 	66
26385800000000 26385900000368 	1600005858 4712205688 204833 	1599801025 204833 0 0 0 	6138020 204833 0 	469.871 	3 	66
26411400000000 26411500000368 	1800006594 5301287421 229534 	1799777060 229534 0 0 0 	6889304 229534 0 	469.662 	3 	66
26437000000000 26437100000368 	2000007330 5890429106 253978 	1999753352 253978 0 0 0 	7619750 253978 0 	469.495 	3 	66
26462600000000 26462700000368 	2200008066 6479526498 278332 	2199729734 278332 0 0 0 	8340650 278332 0 	469.359 	3 	66
26488200000000 26488300000368 	2400008802 7068581401 302396 	2399706406 302396 0 0 0 	9054635 302396 0 	469.245 	3 	66
26513800000000 26513900000368 	2600009538 7657691806 326347 	2599683191 326347 0 0 0 	9766023 326347 0 	469.149 	3 	66
26539400000000 26539500000352 	2800010242 8246896516 349955 	2799660287 349955 0 0 0 	10471802 349955 0 	468.778 	3 	66
26565000000000 26565100000352 	3000010946 8836051819 373247 	2999637699 373247 0 0 0 	11167133 373247 0 	468.456 	3 	66
26590600000000 26590700000352 	3200011650 9425277484 396483 	3199615167 396483 0 0 0 	11854182 396483 0 	468.175 	3 	66
26616200000000 26616300000352 	3400012354 10014472586 419792 	3399592562 419792 0 0 0 	12546857 419792 0 	467.927 	3 	66
26641800000000 26641900000352 	3600013058 10603701576 442520 	3599570538 442520 0 0 0 	13221674 442520 0 	467.708 	3 	66
26667400000000 26667500000352 	3800013762 11192900663 465271 	3799548491 465271 0 0 0 	13899041 465271 0 	467.511 	3 	66
26693000000000 26693100000352 	4000014466 11782168448 487755 	3999526711 487755 0 0 0 	14574306 487755 0 	467.334 	3 	66
26718600000000 26718700000120 	4200014706 12371472891 509824 	4199504882 509824 0 0 0 	15230280 509824 0 	467.029 	3 	66
26744200000000 26744300000120 	4400014946 12960798870 531763 	4399483183 531763 0 0 0 	15884774 531763 0 	466.751 	3 	66
26769800000000 26769900000120 	4600015186 13550189609 553918 	4599461268 553918 0 0 0 	16543550 553918 0 	466.498 	3 	66
26795400000000 26795500000120 	4800015426 14139544252 575663 	4799439763 575663 0 0 0 	17192832 575663 0 	466.266 	3 	66
26821000000000 26821100000120 	5000015666 14728889283 597174 	4999418492 597174 0 0 0 	17840232 597174 0 	466.053 	3 	66
26846600000000 26846700000120 	5200015906 15318262169 618344 	5199397562 618344 0 0 0 	18472473 618344 0 	465.857 	3 	66
26872200000000 26872300000120 	5400016146 15907621732 639448 	5399376698 639448 0 0 0 	19105010 639448 0 	465.675 	3 	66
26897800000000 26897900000178 	5600016502 16497000784 660089 	5599356413 660089 0 0 0 	19718611 660089 0 	465.397 	3 	66
26923400000000 26923500000178 	5800016858 17086377090 681091 	5799335767 681091 0 0 0 	20351023 681091 0 	465.138 	3 	66
26949000000000 26949100000178 	6000017214 17675857000 701518 	5999315696 701518 0 0 0 	20961690 701518 0 	464.896 	3 	66
26974600000000 26974700000178 	6200017570 18265341817 722028 	6199295542 722028 0 0 0 	21574804 722028 0 	464.67 	3 	66
27000200000000 27000300000178 	6400017926 18854800743 742333 	6399275593 742333 0 0 0 	22189442 742333 0 	464.459 	3 	66
27025800000000 27025900000178 	6600018282 19444378365 762557 	6599255725 762557 0 0 0 	22794149 762557 0 	464.261 	3 	66
27051400000000 27051500000178 	6800018638 20033872073 782471 	6799236167 782471 0 0 0 	23390705 782471 0 	464.074 	3 	66
27077000000000 27077100000178 	7000018994 20623427151 802327 	6999216667 802327 0 0 0 	23975331 802327 0 	463.898 	3 	66
27102600000000 27102700000355 	7200019704 21213009226 821776 	7199197928 821776 0 0 0 	24555158 821776 0 	463.646 	3 	66
27128200000000 27128300000355 	7400020414 21802556513 841477 	7399178937 841477 0 0 0 	25148623 841477 0 	463.408 	3 	66
27153800000000 27153900000355 	7600021124 22392094107 860440 	7599160684 860440 0 0 0 	25713622 860440 0 	463.183 	3 	66
27179400000000 27179500000355 	7800021834 22981679951 879510 	7799142324 879510 0 0 0 	26287124 879510 0 	462.97 	3 	66
27205000000000 27205100000355 	8000022544 23571386284 898354 	7999124190 898354 0 0 0 	26847903 898354 0 	462.767 	3 	66
27230600000000 27230700000355 	8200023254 24161011963 916849 	8199106405 916849 0 0 0 	27405010 916849 0 	462.574 	3 	66
27256200000000 27256300000355 	8400023964 24750630680 935545 	8399088419 935545 0 0 0 	27967001 935545 0 	462.391 	3 	66
27281800000000 27281900000230 	8600024424 25340323346 953949 	8599070475 953949 0 0 0 	28520708 953949 0 	462.12 	3 	66
27307400000000 27307500000230 	8800024884 25930000482 972101 	8799052783 972101 0 0 0 	29059564 972101 0 	461.861 	3 	66
27333000000000 27333100000230 	9000025344 26519761282 990315 	8999035029 990315 0 0 0 	29603156 990315 0 	461.614 	3 	66
27358600000000 27358700000230 	9200025804 27109427739 1008180 	9199017624 1008180 0 0 0 	30141333 1008180 0 	461.378 	3 	66
27384200000000 27384300000230 	9400026264 27699178220 1026275 	9398999989 1026275 0 0 0 	30681971 1026275 0 	461.152 	3 	66
27409800000000 27409900000230 	9600026724 28288975473 1043798 	9598982926 1043798 0 0 0 	31206364 1043798 0 	460.936 	3 	66
27435400000000 27435500000230 	9800027184 28878680615 1061445 	9798965739 1061445 0 0 0 	31731998 1061445 0 	460.729 	3 	66
27461000000000 27461100000230 	10000027644 29468475862 1078559 	9998949085 1078559 0 0 0 	32244543 1078559 0 	460.53 	3 	66
27486600000000 27486700000320 	10200028284 30058225930 1095831 	10198932453 1095831 0 0 0 	32767478 1095831 0 	460.278 	3 	66
27512200000000 27512300000320 	10400028924 30647977792 1113059 	10398915865 1113059 0 0 0 	33280859 1113059 0 	460.035 	3 	66
27537800000000 27537900000320 	10600029564 31237789926 1129973 	10598899591 1129973 0 0 0 	33787312 1129973 0 	459.802 	3 	66
27563400000000 27563500000320 	10800030204 31827641653 1146554 	10798883650 1146554 0 0 0 	34282490 1146554 0 	459.578 	3 	66
27589000000000 27589100000320 	11000030844 32417507353 1163478 	10998867366 1163478 0 0 0 	34796911 1163478 0 	459.362 	3 	66
27614600000000 27614700000320 	11200031484 33007325510 1179983 	11198851501 1179983 0 0 0 	35294087 1179983 0 	459.154 	3 	66
27640200000000 27640300000320 	11400032124 33597217893 1196347 	11398835777 1196347 0 0 0 	35782816 1196347 0 	458.954 	3 	66
27665800000000 27665900000400 	11600032924 34187112987 1212588 	11598820336 1212588 0 0 0 	36269163 1212588 0 	458.706 	3 	66
27691400000000 27691500000400 	11800033724 34777041325 1228609 	11798805115 1228609 0 0 0 	36751396 1228609 0 	458.466 	3 	66
27717000000000 27717100000400 	12000034524 35366998019 1244736 	11998789788 1244736 0 0 0 	37238851 1244736 0 	458.235 	3 	66
27742600000000 27742700000400 	12200035324 35956938436 1260689 	12198774635 1260689 0 0 0 	37716102 1260689 0 	458.012 	3 	66
27768200000000 27768300000400 	12400036124 36546997364 1276366 	12398759758 1276366 0 0 0 	38183195 1276366 0 	457.796 	3 	66
27793800000000 27793900000400 	12600036924 37136959030 1291899 	12598745025 1291899 0 0 0 	38647291 1291899 0 	457.587 	3 	66
27819400000000 27819500000400 	12800037724 37726998514 1307320 	12798730404 1307320 0 0 0 	39109931 1307320 0 	457.385 	3 	66
27845000000000 27845100000290 	13000038304 38317034246 1322516 	12998715788 1322516 0 0 0 	39564915 1322516 0 	457.14 	3 	66
27870600000000 27870700000290 	13200038884 38907071327 1337661 	13198701223 1337661 0 0 0 	40010059 1337661 0 	456.903 	3 	66
27896200000000 27896300000290 	13400039464 39497089077 1352693 	13398686771 1352693 0 0 0 	40459819 1352693 0 	456.673 	3 	66
27921800000000 27921900000290 	13600040044 40087128105 1367506 	13598672538 1367506 0 0 0 	40899484 1367506 0 	456.45 	3 	66
27947400000000 27947500000290 	13800040624 40677208582 1382470 	13798658154 1382470 0 0 0 	41346159 1382470 0 	456.234 	3 	66
27973000000000 27973100000290 	14000041204 41267280260 1396984 	13998644220 1396984 0 0 0 	41775528 1396984 0 	456.024 	3 	66
27998600000000 27998700000290 	14200041784 41857387792 1411453 	14198630331 1411453 0 0 0 	42212749 1411453 0 	455.821 	3 	66
28024200000000 28024300000290 	14400042364 42447536425 1425961 	14398616403 1425961 0 0 0 	42648402 1425961 0 	455.623 	3 	66
28049800000000 28049900000249 	14600042862 43037674549 1440316 	14598602546 1440316 0 0 0 	43075336 1440316 0 	455.387 	3 	66
28075400000000 28075500000249 	14800043360 43627794291 1454548 	14798588812 1454548 0 0 0 	43506011 1454548 0 	455.157 	3 	66
28101000000000 28101100000249 	15000043858 44217985820 1468484 	14998575374 1468484 0 0 0 	43920112 1468484 0 	454.934 	3 	66
28126600000000 28126700000249 	15200044356 44808229213 1482273 	15198562083 1482273 0 0 0 	44330766 1482273 0 	454.717 	3 	66
28152200000000 28152300000249 	15400044854 45398473914 1496078 	15398548776 1496078 0 0 0 	44744033 1496078 0 	454.505 	3 	66
28177800000000 28177900000249 	15600045352 45988754112 1509746 	15598535606 1509746 0 0 0 	45158852 1509746 0 	454.3 	3 	66
28203400000000 28203500000249 	15800045850 46579007392 1523346 	15798522504 1523346 0 0 0 	45559300 1523346 0 	454.099 	3 	66
28229000000000 28229100000088 	16000046026 47169210382 1536558 	15998509468 1536558 0 0 0 	45951664 1536558 0 	453.864 	3 	66
28254600000000 28254700000088 	16200046202 47759444120 1550019 	16198496183 1550019 0 0 0 	46356842 1550019 0 	453.634 	3 	66
28280200000000 28280300000088 	16400046378 48349747802 1563157 	16398483221 1563157 0 0 0 	46751409 1563157 0 	453.411 	3 	66
28305800000000 28305900000088 	16600046554 48940047160 1576235 	16598470319 1576235 0 0 0 	47144421 1576235 0 	453.193 	3 	66
28331400000000 28331500000088 	16800046730 49530358711 1589261 	16798457469 1589261 0 0 0 	47541290 1589261 0 	452.98 	3 	66
28357000000000 28357100000088 	17000046906 50120685123 1602231 	16998444675 1602231 0 0 0 	47932558 1602231 0 	452.773 	3 	66
28382600000000 28382700000088 	17200047082 50711034814 1614882 	17198432200 1614882 0 0 0 	48314027 1614882 0 	452.57 	3 	66
28408200000000 28408300000088 	17400047258 51301388841 1627418 	17398419840 1627418 0 0 0 	48690180 1627418 0 	452.373 	3 	66
28433800000000 28433900000110 	17600047478 51891750649 1639994 	17598407484 1639994 0 0 0 	49060738 1639994 0 	452.155 	3 	66
28459400000000 28459500000110 	17800047698 52482228214 1652472 	17798395226 1652472 0 0 0 	49432397 1652472 0 	451.943 	3 	66
28485000000000 28485100000110 	18000047918 53072650549 1664892 	17998383026 1664892 0 0 0 	49799926 1664892 0 	451.735 	3 	66
28510600000000 28510700000110 	18200048138 53663072271 1677180 	18198370958 1677180 0 0 0 	50173148 1677180 0 	451.532 	3 	66
28536200000000 28536300000110 	18400048358 54253490220 1689199 	18398359159 1689199 0 0 0 	50531594 1689199 0 	451.334 	3 	66
28561800000000 28561900000110 	18600048578 54843921205 1701175 	18598347403 1701175 0 0 0 	50897470 1701175 0 	451.14 	3 	66
28587400000000 28587500000110 	18800048798 55434408158 1712964 	18798335834 1712964 0 0 0 	51251127 1712964 0 	450.951 	3 	66
28613000000000 28613100000189 	19000049176 56024897114 1724799 	18998324377 1724799 0 0 0 	51599958 1724799 0 	450.731 	3 	66
28638600000000 28638700000189 	19200049554 56615367194 1736453 	19198313101 1736453 0 0 0 	51949523 1736453 0 	450.516 	3 	66
28664200000000 28664300000189 	19400049932 57205898725 1748146 	19398301786 1748146 0 0 0 	52298845 1748146 0 	450.306 	3 	66
28689800000000 28689900000189 	19600050310 57796461233 1759567 	19598290743 1759567 0 0 0 	52641435 1759567 0 	450.101 	3 	66
28715400000000 28715500000189 	19800050688 58386978761 1770931 	19798279757 1770931 0 0 0 	52974925 1770931 0 	449.899 	3 	66
28741000000000 28741100000189 	20000051066 58977562398 1782315 	19998268751 1782315 0 0 0 	53320066 1782315 0 	449.702 	3 	66
28766600000000 28766700000189 	20200051444 59568189966 1793412 	20198258032 1793412 0 0 0 	53652041 1793412 0 	449.509 	3 	66
28792200000000 28792300000060 	20400051564 60158743689 1804402 	20398247162 1804402 0 0 0 	53984094 1804402 0 	449.287 	3 	66
28817800000000 28817900000060 	20600051684 60749367561 1815427 	20598236257 1815427 0 0 0 	54315511 1815427 0 	449.071 	3 	66
28843400000000 28843500000060 	20800051804 61340022640 1826503 	20798225301 1826503 0 0 0 	54647322 1826503 0 	448.858 	3 	66
28869000000000 28869100000060 	21000051924 61930700956 1837399 	20998214525 1837399 0 0 0 	54975137 1837399 0 	448.65 	3 	66
28894600000000 28894700000060 	21200052044 62521355177 1848068 	21198203976 1848068 0 0 0 	55293668 1848068 0 	448.446 	3 	66
28920200000000 28920300000060 	21400052164 63112081267 1858682 	21398193482 1858682 0 0 0 	55609412 1858682 0 	448.246 	3 	66
28945800000000 28945900000060 	21600052284 63702772202 1869309 	21598182975 1869309 0 0 0 	55925688 1869309 0 	448.049 	3 	66
28971400000000 28971500000060 	21800052404 64293532611 1879810 	21798172594 1879810 0 0 0 	56239310 1879810 0 	447.857 	3 	66
28997000000000 28997100000375 	22000053154 64884194584 1890084 	21998163070 1890084 0 0 0 	56549205 1890084 0 	447.638 	3 	66
29022600000000 29022700000375 	22200053904 65474901849 1900175 	22198153729 1900175 0 0 0 	56852419 1900175 0 	447.423 	3 	66
29048200000000 29048300000375 	22400054654 66065724464 1910507 	22398144147 1910507 0 0 0 	57154863 1910507 0 	447.213 	3 	66
29073800000000 29073900000375 	22600055404 66656484196 1920601 	22598134803 1920601 0 0 0 	57457155 1920601 0 	447.006 	3 	66
29099400000000 29099500000308 	22800056020 67247684330 1974002 	22798082018 1974002 0 0 0 	59074787 1974002 0 	447.477 	3 	66
29125000000000 29125100000308 	23000056636 67838846672 2027072 	22998029564 2027072 0 0 0 	60654644 2027072 0 	447.941 	3 	66
29150600000000 29150700000308 	23200057252 68430010258 2079186 	23197978066 2079186 0 0 0 	62225689 2079186 0 	448.398 	3 	66
29176200000000 29176300000308 	23400057868 69021264811 2131662 	23397926206 2131662 0 0 0 	63789683 2131662 0 	448.848 	3 	66
29201800000000 29201900000308 	23600058484 69612507127 2183843 	23597874641 2183843 0 0 0 	65347297 2183843 0 	449.292 	3 	66
29227400000000 29227500000308 	23800059100 70203751029 2235668 	23797823432 2235668 0 0 0 	66892813 2235668 0 	449.729 	3 	66
29253000000000 29253100000308 	24000059716 70795006884 2287121 	23997772595 2287121 0 0 0 	68441675 2287121 0 	450.159 	3 	66
29278600000000 29278700000308 	24200060332 71386256475 2337884 	24197722448 2337884 0 0 0 	69969701 2337884 0 	450.583 	3 	66
29304200000000 29304300000308 	24400060948 71977570221 2388782 	24397672166 2388782 0 0 0 	71492723 2388782 0 	451.001 	3 	66
29329800000000 29329900000152 	24600061252 72568863654 2438953 	24597622299 2438953 0 0 0 	73004162 2438953 0 	451.387 	3 	66
29355400000000 29355500000152 	24800061556 73160097996 2488828 	24797572728 2488828 0 0 0 	74508183 2488828 0 	451.767 	3 	66
29381000000000 29381100000152 	25000061860 73751441493 2538673 	24997523187 2538673 0 0 0 	75997724 2538673 0 	452.142 	3 	66
29406600000000 29406700000152 	25200062164 74342760812 2587946 	25197474218 2587946 0 0 0 	77471895 2587946 0 	452.511 	3 	66
29432200000000 29432300000152 	25400062468 74934080823 2636855 	25397425613 2636855 0 0 0 	78947004 2636855 0 	452.876 	3 	66
29457800000000 29457900000152 	25600062772 75525455300 2685383 	25597377389 2685383 0 0 0 	80406848 2685383 0 	453.235 	3 	66
29483400000000 29483500000152 	25800063076 76116856617 2733606 	25797329470 2733606 0 0 0 	81850982 2733606 0 	453.589 	3 	66
29509000000000 29509100000152 	26000063380 76708307244 2781489 	25997281891 2781489 0 0 0 	83293762 2781489 0 	453.938 	3 	66
29534600000000 29534700000152 	26200063684 77299713767 2829098 	26197234586 2829098 0 0 0 	84712628 2829098 0 	454.283 	3 	66
29560200000000 29560300000000 	26400063684 77891171004 2876338 	26397187346 2876338 0 0 0 	86133749 2876338 0 	454.598 	3 	66
29585800000000 29585900000000 	26600063684 78482626552 2923462 	26597140222 2923462 0 0 0 	87550986 2923462 0 	454.908 	3 	66
29611400000000 29611500000000 	26800063684 79074069454 2969656 	26797094028 2969656 0 0 0 	88928442 2969656 0 	455.214 	3 	66
29637000000000 29637100000000 	27000063684 79665551481 3015769 	26997047915 3015769 0 0 0 	90311852 3015769 0 	455.517 	3 	66
29662600000000 29662700000000 	27200063684 80257043226 3061775 	27197001909 3061775 0 0 0 	91686892 3061775 0 	455.815 	3 	66
29688200000000 29688300000000 	27400063684 80848610271 3107256 	27396956428 3107256 0 0 0 	93048887 3107256 0 	456.109 	3 	66
29713800000000 29713900000000 	27600063684 81440109610 3152738 	27596910946 3152738 0 0 0 	94411598 3152738 0 	456.399 	3 	66
29739400000000 29739500000000 	27800063684 82031665442 3197671 	27796866013 3197671 0 0 0 	95751242 3197671 0 	456.686 	3 	66
29765000000000 29765100000000 	28000063684 82623218480 3242270 	27996821414 3242270 0 0 0 	97088565 3242270 0 	456.969 	3 	66
29790600000000 29790700000048 	28200063780 83214742215 3286087 	28196777693 3286087 0 0 0 	98396440 3286087 0 	457.224 	3 	66
29816200000000 29816300000048 	28400063876 83806281403 3330208 	28396733668 3330208 0 0 0 	99720754 3330208 0 	457.476 	3 	66
29841800000000 29841900000048 	28600063972 84397849403 3373942 	28596690030 3373942 0 0 0 	101036247 3373942 0 	457.724 	3 	66
29867400000000 29867500000048 	28800064068 84989410244 3417293 	28796646775 3417293 0 0 0 	102348513 3417293 0 	457.97 	3 	66
29893000000000 29893100000048 	29000064164 85580989798 3460363 	28996603801 3460363 0 0 0 	103642886 3460363 0 	458.212 	3 	66
29918600000000 29918700000048 	29200064260 86172566917 3503020 	29196561240 3503020 0 0 0 	104925050 3503020 0 	458.451 	3 	66
29944200000000 29944300000048 	29400064356 86764175993 3545473 	29396518883 3545473 0 0 0 	106207459 3545473 0 	458.687 	3 	66
29969800000000 29969900000048 	29600064452 87355793681 3587504 	29596476948 3587504 0 0 0 	107463694 3587504 0 	458.921 	3 	66
29995400000000 29995500000048 	29800064548 87947470094 3629130 	29796435418 3629130 0 0 0 	108708798 3629130 0 	459.151 	3 	66
