26207800000000 26207900000365 	200000730 588981856 26183 	199974547 26183 0 0 0 	790601 26183 0 	471 	3 	78
26233400000000 26233500000365 	400001460 1177924820 52269 	399949191 52269 0 0 0 	1572833 52269 0 	471 	3 	78
26259000000000 26259100000365 	600002190 1766909457 78288 	599923902 78288 0 0 0 	2350698 78288 0 	471 	3 	78
26284600000000 26284700000365 	800002920 2355936589 103906 	799899014 103906 0 0 0 	3113462 103906 0 	471 	3 	78
26310200000000 26310300000365 	1000003650 2944898574 129717 	999873933 129717 0 0 0 	3885864 129717 0 	471 	3 	78
26335800000000 26335900000368 	1200004386 3533944803 155092 	1199849294 155092 0 0 0 	4638921 155092 0 	470.497 	3 	78
26361400000000 26361500000368 	1400005122 4122983600 180099 	1399825023 180099 0 0 0 	5386512 180099 0 	470.139 	3 	78
26387000000000 26387100000368 	1600005858 4712109064 204894 	1599800964 204894 0 0 0 	6128374 204894 0 	469.871 	3 	78
26412600000000 26412700000368 	1800006594 5301159645 229433 	1799777161 229433 0 0 0 	6861757 229433 0 	469.662 	3 	78
26438200000000 26438300000368 	2000007330 5890254928 253855 	1999753475 253855 0 0 0 	7603691 253855 0 	469.495 	3 	78
26463800000000 26463900000368 	2200008066 6479371705 278126 	2199729940 278126 0 0 0 	8334848 278126 0 	469.359 	3 	78
26489400000000 26489500000368 	2400008802 7068465725 302253 	2399706549 302253 0 0 0 	9060546 302253 0 	469.245 	3 	78
26515000000000 26515100000368 	2600009538 7657611057 326175 	2599683363 326175 0 0 0 	9780888 326175 0 	469.149 	3 	78
26540600000000 26540700000352 	2800010242 8246825206 349844 	2799660398 349844 0 0 0 	10490902 349844 0 	468.778 	3 	78
26566200000000 26566300000352 	3000010946 8835985288 373534 	2999637412 373534 0 0 0 	11194936 373534 0 	468.456 	3 	78
26591800000000 26591900000352 	3200011650 9425182535 396639 	3199615011 396639 0 0 0 	11884173 396639 0 	468.175 	3 	78
26617400000000 26617500000352 	3400012354 10014355143 419716 	3399592638 419716 0 0 0 	12577389 419716 0 	467.927 	3 	78
26643000000000 26643100000352 	3600013058 10603628267 442701 	3599570357 442701 0 0 0 	13265299 442701 0 	467.708 	3 	78
26668600000000 26668700000352 	3800013762 11192890998 465578 	3799548184 465578 0 0 0 	13952349 465578 0 	467.511 	3 	78
26694200000000 26694300000352 	4000014466 11782104090 488100 	3999526366 488100 0 0 0 	14623173 488100 0 	467.334 	3 	78
26719800000000 26719900000120 	4200014706 12371325800 510413 	4199504293 510413 0 0 0 	15288132 510413 0 	467.029 	3 	78
26745400000000 26745500000120 	4400014946 12960587691 532442 	4399482504 532442 0 0 0 	15940280 532442 0 	466.751 	3 	78
26771000000000 26771100000120 	4600015186 13549996438 554116 	4599461070 554116 0 0 0 	16582547 554116 0 	466.498 	3 	78
26796600000000 26796700000120 	4800015426 14139328780 575975 	4799439451 575975 0 0 0 	17235383 575975 0 	466.266 	3 	78
26822200000000 26822300000120 	5000015666 14728632385 597522 	4999418144 597522 0 0 0 	17875490 597522 0 	466.053 	3 	78
26847800000000 26847900000120 	5200015906 15317984262 618818 	5199397088 618818 0 0 0 	18515441 618818 0 	465.857 	3 	78
26873400000000 26873500000120 	5400016146 15907357371 639905 	5399376241 639905 0 0 0 	19141987 639905 0 	465.675 	3 	78
26899000000000 26899100000178 	5600016502 16496710107 660689 	5599355813 660689 0 0 0 	19760430 660689 0 	465.397 	3 	78
26924600000000 26924700000178 	5800016858 17086180644 681496 	5799335362 681496 0 0 0 	20385814 681496 0 	465.138 	3 	78
26950200000000 26950300000178 	6000017214 17675607182 701924 	5999315290 701924 0 0 0 	21000103 701924 0 	464.896 	3 	78
26975800000000 26975900000178 	6200017570 18265107693 722505 	6199295065 722505 0 0 0 	21620470 722505 0 	464.67 	3 	78
27001400000000 27001500000178 	6400017926 18854564653 742604 	6399275322 742604 0 0 0 	22225751 742604 0 	464.459 	3 	78
27027000000000 27027100000178 	6600018282 19444039586 762476 	6599255806 762476 0 0 0 	22815686 762476 0 	464.261 	3 	78
27052600000000 27052700000178 	6800018638 20033525684 782381 	6799236257 782381 0 0 0 	23408814 782381 0 	464.074 	3 	78
27078200000000 27078300000178 	7000018994 20623016036 802196 	6999216798 802196 0 0 0 	24002932 802196 0 	463.898 	3 	78
27103800000000 27103900000355 	7200019704 21212597890 821843 	7199197861 821843 0 0 0 	24595197 821843 0 	463.646 	3 	78
27129400000000 27129500000355 	7400020414 21802131004 841146 	7399179268 841146 0 0 0 	25172972 841146 0 	463.408 	3 	78
27155000000000 27155100000355 	7600021124 22391713198 860042 	7599161082 860042 0 0 0 	25740451 860042 0 	463.183 	3 	78
27180600000000 27180700000355 	7800021834 22981266130 878967 	7799142867 878967 0 0 0 	26310258 878967 0 	462.97 	3 	78
27206200000000 27206300000355 	8000022544 23570903864 897737 	7999124807 897737 0 0 0 	26865857 897737 0 	462.767 	3 	78
27231800000000 27231900000355 	8200023254 24160558521 916444 	8199106810 916444 0 0 0 	27423422 916444 0 	462.574 	3 	78
27257400000000 27257500000355 	8400023964 24750214453 934944 	8399089020 934944 0 0 0 	27980019 934944 0 	462.391 	3 	78
27283000000000 27283100000230 	8600024424 25339909297 953477 	8599070947 953477 0 0 0 	28530861 953477 0 	462.12 	3 	78
27308600000000 27308700000230 	8800024884 25929598551 971636 	8799053248 971636 0 0 0 	29077856 971636 0 	461.861 	3 	78
27334200000000 27334300000230 	9000025344 26519218339 989965 	8999035379 989965 0 0 0 	29631892 989965 0 	461.614 	3 	78
27359800000000 27359900000230 	9200025804 27108878878 1008073 	9199017731 1008073 0 0 0 	30171777 1008073 0 	461.378 	3 	78
27385400000000 27385500000230 	9400026264 27698591912 1025722 	9399000542 1025722 0 0 0 	30695800 1025722 0 	461.152 	3 	78
27411000000000 27411100000230 	9600026724 28288345611 1043425 	9598983299 1043425 0 0 0 	31227448 1043425 0 	460.936 	3 	78
27436600000000 27436700000230 	9800027184 28878056140 1061029 	9798966155 1061029 0 0 0 	31757123 1061029 0 	460.729 	3 	78
27462200000000 27462300000230 	10000027644 29467845846 1078413 	9998949231 1078413 0 0 0 	32275342 1078413 0 	460.53 	3 	78
27487800000000 27487900000320 	10200028284 30057622878 1095688 	10198932596 1095688 0 0 0 	32797024 1095688 0 	460.278 	3 	78
27513400000000 27513500000320 	10400028924 30647384387 1112755 	10398916169 1112755 0 0 0 	33305437 1112755 0 	460.035 	3 	78
27539000000000 27539100000320 	10600029564 31237223012 1129746 	10598899818 1129746 0 0 0 	33820251 1129746 0 	459.802 	3 	78
27564600000000 27564700000320 	10800030204 31827045704 1146823 	10798883381 1146823 0 0 0 	34328132 1146823 0 	459.578 	3 	78
27590200000000 27590300000320 	11000030844 32416921927 1163451 	10998867393 1163451 0 0 0 	34828301 1163451 0 	459.362 	3 	78
27615800000000 27615900000320 	11200031484 33006840979 1179995 	11198851489 1179995 0 0 0 	35323824 1179995 0 	459.154 	3 	78
27641400000000 27641500000320 	11400032124 33596724881 1196252 	11398835872 1196252 0 0 0 	35809939 1196252 0 	458.954 	3 	78
27667000000000 27667100000400 	11600032924 34186575729 1212537 	11598820387 1212537 0 0 0 	36295227 1212537 0 	458.706 	3 	78
27692600000000 27692700000400 	11800033724 34776467195 1228494 	11798805230 1228494 0 0 0 	36773540 1228494 0 	458.466 	3 	78
27718200000000 27718300000400 	12000034524 35366383717 1244293 	11998790231 1244293 0 0 0 	37252678 1244293 0 	458.235 	3 	78
27743800000000 27743900000400 	12200035324 35956338336 1260143 	12198775181 1260143 0 0 0 	37731903 1260143 0 	458.012 	3 	78
27769400000000 27769500000400 	12400036124 36546297008 1275862 	12398760262 1275862 0 0 0 	38198073 1275862 0 	457.796 	3 	78
27795000000000 27795100000400 	12600036924 37136303494 1291479 	12598745445 1291479 0 0 0 	38663366 1291479 0 	457.587 	3 	78
27820600000000 27820700000400 	12800037724 37726310413 1306775 	12798730949 1306775 0 0 0 	39123634 1306775 0 	457.385 	3 	78
27846200000000 27846300000290 	13000038304 38316330984 1322068 	12998716236 1322068 0 0 0 	39583756 1322068 0 	457.14 	3 	78
27871800000000 27871900000290 	13200038884 38906373404 1337197 	13198701687 1337197 0 0 0 	40038907 1337197 0 	456.903 	3 	78
27897400000000 27897500000290 	13400039464 39496457614 1352234 	13398687230 1352234 0 0 0 	40489184 1352234 0 	456.673 	3 	78
27923000000000 27923100000290 	13600040044 40086538393 1367040 	13598673004 1367040 0 0 0 	40936460 1367040 0 	456.45 	3 	78
27948600000000 27948700000290 	13800040624 40676582309 1381677 	13798658947 1381677 0 0 0 	41375168 1381677 0 	456.234 	3 	78
27974200000000 27974300000290 	14000041204 41266650837 1396185 	13998645019 1396185 0 0 0 	41810318 1396185 0 	456.024 	3 	78
27999800000000 27999900000290 	14200041784 41856775906 1410707 	14198631077 1410707 0 0 0 	42248779 1410707 0 	455.821 	3 	78
28025400000000 28025500000290 	14400042364 42446875907 1425098 	14398617266 1425098 0 0 0 	42675208 1425098 0 	455.623 	3 	78
28051000000000 28051100000249 	14600042862 43036998442 1439290 	14598603572 1439290 0 0 0 	43101112 1439290 0 	455.387 	3 	78
28076600000000 28076700000249 	14800043360 43627190344 1453527 	14798589833 1453527 0 0 0 	43526667 1453527 0 	455.157 	3 	78
28102200000000 28102300000249 	15000043858 44217361654 1467583 	14998576275 1467583 0 0 0 	43942064 1467583 0 	454.934 	3 	78
28127800000000 28127900000249 	15200044356 44807552066 1481525 	15198562831 1481525 0 0 0 	44360306 1481525 0 	454.717 	3 	78
28153400000000 28153500000249 	15400044854 45397766972 1495156 	15398549698 1495156 0 0 0 	44767853 1495156 0 	454.505 	3 	78
28179000000000 28179100000249 	15600045352 45988013123 1508897 	15598536455 1508897 0 0 0 	45178327 1508897 0 	454.3 	3 	78
28204600000000 28204700000249 	15800045850 46578306404 1522479 	15798523371 1522479 0 0 0 	45591813 1522479 0 	454.099 	3 	78
28230200000000 28230300000088 	16000046026 47168559413 1535896 	15998510130 1535896 0 0 0 	45988755 1535896 0 	453.864 	3 	78
28255800000000 28255900000088 	16200046202 47758893057 1548906 	16198497296 1548906 0 0 0 	46377276 1548906 0 	453.634 	3 	78
28281400000000 28281500000088 	16400046378 48349187196 1562103 	16398484275 1562103 0 0 0 	46766461 1562103 0 	453.411 	3 	78
28307000000000 28307100000088 	16600046554 48939523023 1575113 	16598471441 1575113 0 0 0 	47158354 1575113 0 	453.193 	3 	78
28332600000000 28332700000088 	16800046730 49529870252 1588180 	16798458550 1588180 0 0 0 	47551822 1588180 0 	452.98 	3 	78
28358200000000 28358300000088 	17000046906 50120214336 1600874 	16998446032 1600874 0 0 0 	47926172 1600874 0 	452.773 	3 	78
28383800000000 28383900000088 	17200047082 50710617802 1613744 	17198433338 1613744 0 0 0 	48317442 1613744 0 	452.57 	3 	78
28409400000000 28409500000088 	17400047258 51301028135 1626395 	17398420863 1626395 0 0 0 	48695700 1626395 0 	452.373 	3 	78
28435000000000 28435100000110 	17600047478 51891487333 1639035 	17598408443 1639035 0 0 0 	49081178 1639035 0 	452.155 	3 	78
28460600000000 28460700000110 	17800047698 52481867862 1651211 	17798396487 1651211 0 0 0 	49450999 1651211 0 	451.943 	3 	78
28486200000000 28486300000110 	18000047918 53072288895 1663449 	17998384469 1663449 0 0 0 	49815536 1663449 0 	451.735 	3 	78
28511800000000 28511900000110 	18200048138 53662765974 1675674 	18198372464 1675674 0 0 0 	50174119 1675674 0 	451.532 	3 	78
28537400000000 28537500000110 	18400048358 54253194680 1687664 	18398360694 1687664 0 0 0 	50535128 1687664 0 	451.334 	3 	78
28563000000000 28563100000110 	18600048578 54843661420 1699664 	18598348914 1699664 0 0 0 	50897202 1699664 0 	451.14 	3 	78
28588600000000 28588700000110 	18800048798 55434136492 1711448 	18798337350 1711448 0 0 0 	51252915 1711448 0 	450.951 	3 	78
28614200000000 28614300000189 	19000049176 56024599830 1723160 	18998326016 1723160 0 0 0 	51602608 1723160 0 	450.731 	3 	78
28639800000000 28639900000189 	19200049554 56615135648 1734847 	19198314707 1734847 0 0 0 	51952249 1734847 0 	450.516 	3 	78
28665400000000 28665500000189 	19400049932 57205696712 1746430 	19398303502 1746430 0 0 0 	52301002 1746430 0 	450.306 	3 	78
28691000000000 28691100000189 	19600050310 57796244936 1758141 	19598292169 1758141 0 0 0 	52652548 1758141 0 	450.101 	3 	78
28716600000000 28716700000189 	19800050688 58386873597 1769712 	19798280976 1769712 0 0 0 	52994122 1769712 0 	449.899 	3 	78
28742200000000 28742300000189 	20000051066 58977451880 1780904 	19998270162 1780904 0 0 0 	53326425 1780904 0 	449.702 	3 	78
28767800000000 28767900000189 	20200051444 59568088803 1792037 	20198259407 1792037 0 0 0 	53660622 1792037 0 	449.509 	3 	78
28793400000000 28793500000060 	20400051564 60158699211 1803165 	20398248399 1803165 0 0 0 	53998825 1803165 0 	449.287 	3 	78
28819000000000 28819100000060 	20600051684 60749362155 1814078 	20598237606 1814078 0 0 0 	54329564 1814078 0 	449.071 	3 	78
28844600000000 28844700000060 	20800051804 61340023125 1824881 	20798226923 1824881 0 0 0 	54652287 1824881 0 	448.858 	3 	78
28870200000000 28870300000060 	21000051924 61930645007 1835793 	20998216131 1835793 0 0 0 	54982700 1835793 0 	448.65 	3 	78
28895800000000 28895900000060 	21200052044 62521327058 1846620 	21198205424 1846620 0 0 0 	55304512 1846620 0 	448.446 	3 	78
28921400000000 28921500000060 	21400052164 63112043233 1857061 	21398195103 1857061 0 0 0 	55615143 1857061 0 	448.246 	3 	78
28947000000000 28947100000060 	21600052284 63702776594 1867566 	21598184718 1867566 0 0 0 	55929955 1867566 0 	448.049 	3 	78
28972600000000 28972700000060 	21800052404 64293495442 1877930 	21798174474 1877930 0 0 0 	56239139 1877930 0 	447.857 	3 	78
28998200000000 28998300000375 	22000053154 64884196705 1888161 	21998164993 1888161 0 0 0 	56538709 1888161 0 	447.638 	3 	78
29023800000000 29023900000375 	22200053904 65474962034 1898360 	22198155544 1898360 0 0 0 	56848304 1898360 0 	447.423 	3 	78
29049400000000 29049500000375 	22400054654 66065745890 1908532 	22398146122 1908532 0 0 0 	57155530 1908532 0 	447.213 	3 	78
29075000000000 29075100000375 	22600055404 66656562935 1918534 	22598136870 1918534 0 0 0 	57453073 1918534 0 	447.006 	3 	78
29100600000000 29100700000308 	22800056020 67247772500 1972262 	22798083758 1972262 0 0 0 	59061883 1972262 0 	447.477 	3 	78
29126200000000 29126300000308 	23000056636 67838954863 2025617 	22998031019 2025617 0 0 0 	60656411 2025617 0 	447.941 	3 	78
29151800000000 29151900000308 	23200057252 68430132610 2078411 	23197978841 2078411 0 0 0 	62246428 2078411 0 	448.398 	3 	78
29177400000000 29177500000308 	23400057868 69021368481 2131013 	23397926855 2131013 0 0 0 	63833454 2131013 0 	448.848 	3 	78
29203000000000 29203100000308 	23600058484 69612576775 2183216 	23597875268 2183216 0 0 0 	65403793 2183216 0 	449.292 	3 	78
29228600000000 29228700000308 	23800059100 70203824402 2234996 	23797824104 2234996 0 0 0 	66954185 2234996 0 	449.729 	3 	78
29254200000000 29254300000308 	24000059716 70795096738 2286230 	23997773486 2286230 0 0 0 	68481250 2286230 0 	450.159 	3 	78
29279800000000 29279900000308 	24200060332 71386358188 2337077 	24197723255 2337077 0 0 0 	70002031 2337077 0 	450.583 	3 	78
29305400000000 29305500000308 	24400060948 71977664208 2387750 	24397673198 2387750 0 0 0 	71531829 2387750 0 	451.001 	3 	78
29331000000000 29331100000152 	24600061252 72568973315 2437940 	24597623312 2437940 0 0 0 	73039853 2437940 0 	451.387 	3 	78
29356600000000 29356700000152 	24800061556 73160270972 2487935 	24797573621 2487935 0 0 0 	74544334 2487935 0 	451.767 	3 	78
29382200000000 29382300000152 	25000061860 73751614916 2537266 	24997524594 2537266 0 0 0 	76019486 2537266 0 	452.142 	3 	78
29407800000000 29407900000152 	25200062164 74342973134 2586853 	25197475311 2586853 0 0 0 	77502953 2586853 0 	452.511 	3 	78
29433400000000 29433500000152 	25400062468 74934250037 2635743 	25397426725 2635743 0 0 0 	78965021 2635743 0 	452.876 	3 	78
29459000000000 29459100000152 	25600062772 75525635452 2684386 	25597378386 2684386 0 0 0 	80426378 2684386 0 	453.235 	3 	78
29484600000000 29484700000152 	25800063076 76116970908 2732408 	25797330668 2732408 0 0 0 	81860957 2732408 0 	453.589 	3 	78
29510200000000 29510300000152 	26000063380 76708335998 2780029 	25997283351 2780029 0 0 0 	83293645 2780029 0 	453.938 	3 	78
29535800000000 29535900000152 	26200063684 77299713403 2827301 	26197236383 2827301 0 0 0 	84706801 2827301 0 	454.283 	3 	78
29561400000000 29561500000000 	26400063684 77891158471 2874179 	26397189505 2874179 0 0 0 	86116013 2874179 0 	454.598 	3 	78
29587000000000 29587100000000 	26600063684 78482586842 2921082 	26597142602 2921082 0 0 0 	87525102 2921082 0 	454.908 	3 	78
29612600000000 29612700000000 	26800063684 79074034572 2967555 	26797096129 2967555 0 0 0 	88916305 2967555 0 	455.214 	3 	78
29638200000000 29638300000000 	27000063684 79665473080 3014000 	26997049684 3014000 0 0 0 	90319905 3014000 0 	455.517 	3 	78
29663800000000 29663900000000 	27200063684 80256900804 3059931 	27197003753 3059931 0 0 0 	91695083 3059931 0 	455.815 	3 	78
29689400000000 29689500000000 	27400063684 80848387471 3105224 	27396958460 3105224 0 0 0 	93064356 3105224 0 	456.109 	3 	78
29715000000000 29715100000000 	27600063684 81439870558 3150674 	27596913010 3150674 0 0 0 	94419620 3150674 0 	456.399 	3 	78
29740600000000 29740700000000 	27800063684 82031322740 3195442 	27796868242 3195442 0 0 0 	95772321 3195442 0 	456.686 	3 	78
29766200000000 29766300000000 	28000063684 82622843051 3240045 	27996823639 3240045 0 0 0 	97109960 3240045 0 	456.969 	3 	78
29791800000000 29791900000048 	28200063780 83214360503 3284483 	28196779297 3284483 0 0 0 	98442965 3284483 0 	457.224 	3 	78
29817400000000 29817500000048 	28400063876 83805926759 3328157 	28396735719 3328157 0 0 0 	99758016 3328157 0 	457.476 	3 	78
29843000000000 29843100000048 	28600063972 84397479413 3371521 	28596692451 3371521 0 0 0 	101069783 3371521 0 	457.724 	3 	78
29868600000000 29868700000048 	28800064068 84989017977 3414896 	28796649172 3414896 0 0 0 	102358083 3414896 0 	457.97 	3 	78
29894200000000 29894300000048 	29000064164 85580595214 3457994 	28996606170 3457994 0 0 0 	103645292 3457994 0 	458.212 	3 	78
29919800000000 29919900000048 	29200064260 86172229188 3500560 	29196563700 3500560 0 0 0 	104924835 3500560 0 	458.451 	3 	78
29945400000000 29945500000048 	29400064356 86763859079 3542934 	29396521422 3542934 0 0 0 	106205178 3542934 0 	458.687 	3 	78
29971000000000 29971100000048 	29600064452 87355494417 3584775 	29596479677 3584775 0 0 0 	107464637 3584775 0 	458.921 	3 	78
29996600000000 29996700000048 	29800064548 87947152804 3626524 	29796438024 3626524 0 0 0 	108719455 3626524 0 	459.151 	3 	78
