26209500000000 26209600000365 	200000730 588947082 26179 	199974551 26179 0 0 0 	785071 26179 0 	471 	3 	95
26235100000000 26235200000365 	400001460 1177952076 52294 	399949166 52294 0 0 0 	1568705 52294 0 	471 	3 	95
26260700000000 26260800000365 	600002190 1766992691 78434 	599923756 78434 0 0 0 	2351775 78434 0 	471 	3 	95
26286300000000 26286400000365 	800002920 2356010195 104250 	799898670 104250 0 0 0 	3116923 104250 0 	471 	3 	95
26311900000000 26312000000365 	1000003650 2944982489 129866 	999873784 129866 0 0 0 	3874823 129866 0 	471 	3 	95
26337500000000 26337600000368 	1200004386 3533994363 155141 	1199849245 155141 0 0 0 	4632165 155141 0 	470.497 	3 	95
26363100000000 26363200000368 	1400005122 4123074684 180245 	1399824877 180245 0 0 0 	5388349 180245 0 	470.139 	3 	95
26388700000000 26388800000368 	1600005858 4712096097 205152 	1599800706 205152 0 0 0 	6139574 205152 0 	469.871 	3 	95
26414300000000 26414400000368 	1800006594 5301179173 229805 	1799776789 229805 0 0 0 	6887528 229805 0 	469.662 	3 	95
26439900000000 26440000000368 	2000007330 5890238237 254369 	1999752961 254369 0 0 0 	7612659 254369 0 	469.495 	3 	95
26465500000000 26465600000368 	2200008066 6479363198 278695 	2199729371 278695 0 0 0 	8338488 278695 0 	469.359 	3 	95
26491100000000 26491200000368 	2400008802 7068510983 302657 	2399706145 302657 0 0 0 	9054374 302657 0 	469.245 	3 	95
26516700000000 26516800000368 	2600009538 7657676631 326334 	2599683204 326334 0 0 0 	9764043 326334 0 	469.149 	3 	95
26542300000000 26542400000352 	2800010242 8246846589 350022 	2799660220 350022 0 0 0 	10473482 350022 0 	468.778 	3 	95
26567900000000 26568000000352 	3000010946 8836033346 373215 	2999637731 373215 0 0 0 	11171296 373215 0 	468.456 	3 	95
26593500000000 26593600000352 	3200011650 9425243584 396504 	3199615146 396504 0 0 0 	11867549 396504 0 	468.175 	3 	95
26619100000000 26619200000352 	3400012354 10014517852 419613 	3399592741 419613 0 0 0 	12559363 419613 0 	467.927 	3 	95
26644700000000 26644800000352 	3600013058 10603721205 442374 	3599570684 442374 0 0 0 	13237060 442374 0 	467.708 	3 	95
26670300000000 26670400000352 	3800013762 11192935692 465039 	3799548723 465039 0 0 0 	13920295 465039 0 	467.511 	3 	95
26695900000000 26696000000352 	4000014466 11782199372 487423 	3999527043 487423 0 0 0 	14578794 487423 0 	467.334 	3 	95
26721500000000 26721600000120 	4200014706 12371497995 509705 	4199505001 509705 0 0 0 	15247445 509705 0 	467.029 	3 	95
26747100000000 26747200000120 	4400014946 12960769695 531554 	4399483392 531554 0 0 0 	15896957 531554 0 	466.751 	3 	95
26772700000000 26772800000120 	4600015186 13550077034 553178 	4599462008 553178 0 0 0 	16537083 553178 0 	466.498 	3 	95
26798300000000 26798400000120 	4800015426 14139399363 574662 	4799440764 574662 0 0 0 	17187393 574662 0 	466.266 	3 	95
26823900000000 26824000000120 	5000015666 14728691257 595868 	4999419798 595868 0 0 0 	17825816 595868 0 	466.053 	3 	95
26849500000000 26849600000120 	5200015906 15318002121 617060 	5199398846 617060 0 0 0 	18451065 617060 0 	465.857 	3 	95
26875100000000 26875200000120 	5400016146 15907444308 638174 	5399377972 638174 0 0 0 	19086316 638174 0 	465.675 	3 	95
26900700000000 26900800000178 	5600016502 16496854413 658873 	5599357629 658873 0 0 0 	19711907 658873 0 	465.397 	3 	95
26926300000000 26926400000178 	5800016858 17086257086 679532 	5799337326 679532 0 0 0 	20331034 679532 0 	465.138 	3 	95
26951900000000 26952000000178 	6000017214 17675730825 700125 	5999317089 700125 0 0 0 	20949103 700125 0 	464.896 	3 	95
26977500000000 26977600000178 	6200017570 18265278719 720387 	6199297183 720387 0 0 0 	21552936 720387 0 	464.67 	3 	95
27003100000000 27003200000178 	6400017926 18854721930 740645 	6399277281 740645 0 0 0 	22146954 740645 0 	464.459 	3 	95
27028700000000 27028800000178 	6600018282 19444232432 760361 	6599257921 760361 0 0 0 	22737710 760361 0 	464.261 	3 	95
27054300000000 27054400000178 	6800018638 20033727200 780291 	6799238347 780291 0 0 0 	23332735 780291 0 	464.074 	3 	95
27079900000000 27080000000178 	7000018994 20623270337 800348 	6999218646 800348 0 0 0 	23929407 800348 0 	463.898 	3 	95
27105500000000 27105600000355 	7200019704 21212753201 819867 	7199199837 819867 0 0 0 	24516662 819867 0 	463.646 	3 	95
27131100000000 27131200000355 	7400020414 21802244693 839288 	7399181126 839288 0 0 0 	25097805 839288 0 	463.408 	3 	95
27156700000000 27156800000355 	7600021124 22391812258 858526 	7599162598 858526 0 0 0 	25668202 858526 0 	463.183 	3 	95
27182300000000 27182400000355 	7800021834 22981386007 877438 	7799144396 877438 0 0 0 	26236887 877438 0 	462.97 	3 	95
27207900000000 27208000000355 	8000022544 23571037814 896199 	7999126345 896199 0 0 0 	26798996 896199 0 	462.767 	3 	95
27233500000000 27233600000355 	8200023254 24160656863 915064 	8199108190 915064 0 0 0 	27362587 915064 0 	462.574 	3 	95
27259100000000 27259200000355 	8400023964 24750345782 933691 	8399090273 933691 0 0 0 	27915594 933691 0 	462.391 	3 	95
27284700000000 27284800000230 	8600024424 25339976479 951921 	8599072503 951921 0 0 0 	28463836 951921 0 	462.12 	3 	95
27310300000000 27310400000230 	8800024884 25929699469 970141 	8799054743 970141 0 0 0 	29012923 970141 0 	461.861 	3 	95
27335900000000 27336000000230 	9000025344 26519367065 988125 	8999037219 988125 0 0 0 	29551982 988125 0 	461.614 	3 	95
27361500000000 27361600000230 	9200025804 27109050404 1006122 	9199019682 1006122 0 0 0 	30092066 1006122 0 	461.378 	3 	95
27387100000000 27387200000230 	9400026264 27698715607 1023731 	9399002533 1023731 0 0 0 	30623674 1023731 0 	461.152 	3 	95
27412700000000 27412800000230 	9600026724 28288459324 1041407 	9598985317 1041407 0 0 0 	31151996 1041407 0 	460.936 	3 	95
27438300000000 27438400000230 	9800027184 28878117967 1059026 	9798968158 1059026 0 0 0 	31678979 1059026 0 	460.729 	3 	95
27463900000000 27464000000014 	10000027212 29467854678 1076315 	9998950897 1076315 0 0 0 	32192034 1076315 0 	460.501 	3 	95
27489500000000 27489600000320 	10200027852 30057610114 1093431 	10198934421 1093431 0 0 0 	32701693 1093431 0 	460.249 	3 	95
27515100000000 27515200000320 	10400028492 30647407839 1110684 	10398917808 1110684 0 0 0 	33217823 1110684 0 	460.007 	3 	95
27540700000000 27540800000320 	10600029132 31237241297 1127415 	10598901717 1127415 0 0 0 	33717686 1127415 0 	459.774 	3 	95
27566300000000 27566400000320 	10800029772 31827070549 1144161 	10798885611 1144161 0 0 0 	34218933 1144161 0 	459.551 	3 	95
27591900000000 27592000000320 	11000030412 32416899096 1160688 	10998869724 1160688 0 0 0 	34715958 1160688 0 	459.335 	3 	95
27617500000000 27617600000320 	11200031052 33006745175 1177318 	11198853734 1177318 0 0 0 	35210535 1177318 0 	459.128 	3 	95
27643100000000 27643200000320 	11400031692 33596698765 1193336 	11398838356 1193336 0 0 0 	35692553 1193336 0 	458.928 	3 	95
27668700000000 27668800000400 	11600032492 34186676882 1209394 	11598823098 1209394 0 0 0 	36183566 1209394 0 	458.68 	3 	95
27694300000000 27694400000400 	11800033292 34776623963 1225162 	11798808130 1225162 0 0 0 	36648596 1225162 0 	458.442 	3 	95
27719900000000 27720000000400 	12000034092 35366565203 1241141 	11998792951 1241141 0 0 0 	37132492 1241141 0 	458.211 	3 	95
27745500000000 27745600000400 	12200034892 35956466253 1257003 	12198777889 1257003 0 0 0 	37606747 1257003 0 	457.988 	3 	95
27771100000000 27771200000400 	12400035692 36546404458 1272647 	12398763045 1272647 0 0 0 	38078029 1272647 0 	457.772 	3 	95
27796700000000 27796800000400 	12600036492 37136351729 1288180 	12598748312 1288180 0 0 0 	38540899 1288180 0 	457.564 	3 	95
27822300000000 27822400000400 	12800037292 37726332451 1303586 	12798733706 1303586 0 0 0 	39004401 1303586 0 	457.362 	3 	95
27847900000000 27848000000290 	13000037872 38316367992 1318846 	12998719026 1318846 0 0 0 	39466877 1318846 0 	457.118 	3 	95
27873500000000 27873600000290 	13200038452 38906396234 1333767 	13198704685 1333767 0 0 0 	39917320 1333767 0 	456.881 	3 	95
27899100000000 27899200000290 	13400039032 39496460108 1348722 	13398690310 1348722 0 0 0 	40367825 1348722 0 	456.652 	3 	95
27924700000000 27924800000290 	13600039612 40086535173 1363446 	13598676166 1363446 0 0 0 	40807173 1363446 0 	456.429 	3 	95
27950300000000 27950400000290 	13800040192 40676612683 1378211 	13798661981 1378211 0 0 0 	41243030 1378211 0 	456.213 	3 	95
27975900000000 27976000000290 	14000040772 41266642503 1392791 	13998647981 1392791 0 0 0 	41681900 1392791 0 	456.004 	3 	95
28001500000000 28001600000290 	14200041352 41856756399 1406935 	14198634417 1406935 0 0 0 	42100019 1406935 0 	455.8 	3 	95
28027100000000 28027200000290 	14400041932 42446898829 1421223 	14398620709 1421223 0 0 0 	42529985 1421223 0 	455.603 	3 	95
28052700000000 28052800000249 	14600042430 43037070376 1435467 	14598606963 1435467 0 0 0 	42961478 1435467 0 	455.367 	3 	95
28078300000000 28078400000249 	14800042928 43627161013 1449676 	14798593252 1449676 0 0 0 	43383024 1449676 0 	455.138 	3 	95
28103900000000 28104000000249 	15000043426 44217306945 1463477 	14998579949 1463477 0 0 0 	43799251 1463477 0 	454.915 	3 	95
28129500000000 28129600000249 	15200043924 44807487752 1477476 	15198566448 1477476 0 0 0 	44214475 1477476 0 	454.698 	3 	95
28155100000000 28155200000249 	15400044422 45397724176 1491372 	15398553050 1491372 0 0 0 	44630726 1491372 0 	454.487 	3 	95
28180700000000 28180800000249 	15600044920 45987949470 1505176 	15598539744 1505176 0 0 0 	45044854 1505176 0 	454.281 	3 	95
28206300000000 28206400000249 	15800045418 46578192374 1518859 	15798526559 1518859 0 0 0 	45450193 1518859 0 	454.081 	3 	95
28231900000000 28232000000088 	16000045594 47168482487 1532432 	15998513162 1532432 0 0 0 	45858838 1532432 0 	453.846 	3 	95
28257500000000 28257600000088 	16200045770 47758747845 1545855 	16198499915 1545855 0 0 0 	46261272 1545855 0 	453.617 	3 	95
28283100000000 28283200000088 	16400045946 48349016659 1558944 	16398487002 1558944 0 0 0 	46654997 1558944 0 	453.393 	3 	95
28308700000000 28308800000088 	16600046122 48939285083 1572041 	16598474081 1572041 0 0 0 	47049278 1572041 0 	453.175 	3 	95
28334300000000 28334400000088 	16800046298 49529628262 1584782 	16798461516 1584782 0 0 0 	47435231 1584782 0 	452.963 	3 	95
28359900000000 28360000000088 	17000046474 50120003016 1597774 	16998448700 1597774 0 0 0 	47823100 1597774 0 	452.756 	3 	95
28385500000000 28385600000088 	17200046650 50710329272 1610196 	17198436454 1610196 0 0 0 	48190383 1610196 0 	452.554 	3 	95
28411100000000 28411200000110 	17400046870 51300774074 1622817 	17398424053 1622817 0 0 0 	48570319 1622817 0 	452.331 	3 	95
28436700000000 28436800000110 	17600047090 51891148551 1635311 	17598411779 1635311 0 0 0 	48949238 1635311 0 	452.114 	3 	95
28462300000000 28462400000110 	17800047310 52481560510 1647473 	17798399837 1647473 0 0 0 	49312555 1647473 0 	451.902 	3 	95
28487900000000 28488000000110 	18000047530 53072001013 1659751 	17998387779 1659751 0 0 0 	49678806 1659751 0 	451.695 	3 	95
28513500000000 28513600000110 	18200047750 53662422917 1671982 	18198375768 1671982 0 0 0 	50045148 1671982 0 	451.493 	3 	95
28539100000000 28539200000110 	18400047970 54252834428 1684140 	18398363830 1684140 0 0 0 	50408330 1684140 0 	451.295 	3 	95
28564700000000 28564800000110 	18600048190 54843343144 1696110 	18598352080 1696110 0 0 0 	50769725 1696110 0 	451.102 	3 	95
28590300000000 28590400000110 	18800048410 55433833275 1707846 	18798340564 1707846 0 0 0 	51117710 1707846 0 	450.913 	3 	95
28615900000000 28616000000189 	19000048788 56024287471 1719716 	18998329072 1719716 0 0 0 	51474290 1719716 0 	450.694 	3 	95
28641500000000 28641600000189 	19200049166 56614815727 1731339 	19198317827 1731339 0 0 0 	51826249 1731339 0 	450.479 	3 	95
28667100000000 28667200000189 	19400049544 57205302513 1742970 	19398306574 1742970 0 0 0 	52173331 1742970 0 	450.27 	3 	95
28692700000000 28692800000189 	19600049922 57795824955 1754632 	19598295290 1754632 0 0 0 	52524325 1754632 0 	450.064 	3 	95
28718300000000 28718400000189 	19800050300 58386382633 1765846 	19798284454 1765846 0 0 0 	52861291 1765846 0 	449.863 	3 	95
28743900000000 28744000000189 	20000050678 58976957858 1777093 	19998273585 1777093 0 0 0 	53199767 1777093 0 	449.666 	3 	95
28769500000000 28769600000189 	20200051056 59567528918 1788335 	20198262721 1788335 0 0 0 	53534491 1788335 0 	449.474 	3 	95
28795100000000 28795200000060 	20400051176 60158160216 1799236 	20398251940 1799236 0 0 0 	53860208 1799236 0 	449.253 	3 	95
28820700000000 28820800000060 	20600051296 60748831967 1810036 	20598241260 1810036 0 0 0 	54187071 1810036 0 	449.036 	3 	95
28846300000000 28846400000060 	20800051416 61339453017 1821009 	20798230407 1821009 0 0 0 	54515475 1821009 0 	448.824 	3 	95
28871900000000 28872000000060 	21000051536 61930158275 1831677 	20998219859 1831677 0 0 0 	54837690 1831677 0 	448.616 	3 	95
28897500000000 28897600000060 	21200051656 62520860532 1842380 	21198209276 1842380 0 0 0 	55158619 1842380 0 	448.413 	3 	95
28923100000000 28923200000060 	21400051776 63111519092 1853025 	21398198751 1853025 0 0 0 	55474304 1853025 0 	448.213 	3 	95
28948700000000 28948800000060 	21600051896 63702241074 1863648 	21598188248 1863648 0 0 0 	55792408 1863648 0 	448.017 	3 	95
28974300000000 28974400000060 	21800052016 64292952608 1873915 	21798178101 1873915 0 0 0 	56105867 1873915 0 	447.825 	3 	95
28999900000000 29000000000375 	22000052766 64883701883 1884243 	21998168523 1884243 0 0 0 	56415083 1884243 0 	447.606 	3 	95
29025500000000 29025600000375 	22200053516 65474480877 1894570 	22198158946 1894570 0 0 0 	56725843 1894570 0 	447.392 	3 	95
29051100000000 29051200000375 	22400054266 66065247656 1904693 	22398149573 1904693 0 0 0 	57030242 1904693 0 	447.181 	3 	95
29076700000000 29076800000375 	22600055016 66656031902 1914850 	22598140166 1914850 0 0 0 	57330354 1914850 0 	446.975 	3 	95
29102300000000 29102400000308 	22800055632 67247167141 1968122 	22798087510 1968122 0 0 0 	58933463 1968122 0 	447.446 	3 	95
29127900000000 29128000000308 	23000056248 67838348764 2021468 	22998034780 2021468 0 0 0 	60535959 2021468 0 	447.911 	3 	95
29153500000000 29153600000308 	23200056864 68429566923 2074294 	23197982570 2074294 0 0 0 	62127892 2074294 0 	448.368 	3 	95
29179100000000 29179200000308 	23400057480 69020745389 2126295 	23397931185 2126295 0 0 0 	63690949 2126295 0 	448.818 	3 	95
29204700000000 29204800000308 	23600058096 69611991876 2178237 	23597879859 2178237 0 0 0 	65252075 2178237 0 	449.262 	3 	95
29230300000000 29230400000308 	23800058712 70203198182 2229615 	23797829097 2229615 0 0 0 	66800801 2229615 0 	449.699 	3 	95
29255900000000 29256000000308 	24000059328 70794437609 2280931 	23997778397 2280931 0 0 0 	68348640 2280931 0 	450.129 	3 	95
29281500000000 29281600000308 	24200059944 71385695563 2332134 	24197727810 2332134 0 0 0 	69883557 2332134 0 	450.553 	3 	95
29307100000000 29307200000308 	24400060560 71976932719 2382568 	24397677992 2382568 0 0 0 	71401832 2382568 0 	450.971 	3 	95
29332700000000 29332800000152 	24600060864 72568240305 2432529 	24597628335 2432529 0 0 0 	72898641 2432529 0 	451.358 	3 	95
29358300000000 29358400000152 	24800061168 73159537365 2482409 	24797578759 2482409 0 0 0 	74406129 2482409 0 	451.738 	3 	95
29383900000000 29384000000152 	25000061472 73750865437 2532136 	24997529336 2532136 0 0 0 	75889616 2532136 0 	452.113 	3 	95
29409500000000 29409600000152 	25200061776 74342210964 2581126 	25197480650 2581126 0 0 0 	77355150 2581126 0 	452.483 	3 	95
29435100000000 29435200000152 	25400062080 74933562622 2630199 	25397431881 2630199 0 0 0 	78829890 2630199 0 	452.847 	3 	95
29460700000000 29460800000152 	25600062384 75524966227 2678740 	25597383644 2678740 0 0 0 	80291729 2678740 0 	453.207 	3 	95
29486300000000 29486400000152 	25800062688 76116362817 2727071 	25797335617 2727071 0 0 0 	81734104 2727071 0 	453.561 	3 	95
29511900000000 29512000000152 	26000062992 76707736706 2775135 	25997287857 2775135 0 0 0 	83170474 2775135 0 	453.91 	3 	95
29537500000000 29537600000152 	26200063296 77299095125 2822621 	26197240675 2822621 0 0 0 	84582585 2822621 0 	454.255 	3 	95
29563100000000 29563200000000 	26400063296 77890552363 2870064 	26397193232 2870064 0 0 0 	86012618 2870064 0 	454.57 	3 	95
29588700000000 29588800000000 	26600063296 78482000587 2916748 	26597146548 2916748 0 0 0 	87418442 2916748 0 	454.881 	3 	95
29614300000000 29614400000000 	26800063296 79073429206 2962861 	26797100435 2962861 0 0 0 	88805596 2962861 0 	455.187 	3 	95
29639900000000 29640000000000 	27000063296 79664891792 3008941 	26997054355 3008941 0 0 0 	90192789 3008941 0 	455.49 	3 	95
29665500000000 29665600000000 	27200063296 80256347333 3055025 	27197008271 3055025 0 0 0 	91577882 3055025 0 	455.788 	3 	95
29691100000000 29691200000000 	27400063296 80847868147 3100772 	27396962524 3100772 0 0 0 	92951384 3100772 0 	456.082 	3 	95
29716700000000 29716800000000 	27600063296 81439339666 3146125 	27596917171 3146125 0 0 0 	94314926 3146125 0 	456.373 	3 	95
29742300000000 29742400000000 	27800063296 82030885075 3190787 	27796872509 3190787 0 0 0 	95652465 3190787 0 	456.66 	3 	95
29767900000000 29768000000000 	28000063296 82622396417 3234909 	27996828387 3234909 0 0 0 	96976166 3234909 0 	456.943 	3 	95
29793500000000 29793600000048 	28200063392 83213943473 3279430 	28196783962 3279430 0 0 0 	98321554 3279430 0 	457.198 	3 	95
29819100000000 29819200000048 	28400063488 83805492131 3323436 	28396740052 3323436 0 0 0 	99641353 3323436 0 	457.45 	3 	95
29844700000000 29844800000048 	28600063584 84397069633 3367123 	28596696461 3367123 0 0 0 	100947883 3367123 0 	457.699 	3 	95
29870300000000 29870400000048 	28800063680 84988621793 3410386 	28796653294 3410386 0 0 0 	102256637 3410386 0 	457.944 	3 	95
29895900000000 29896000000048 	29000063776 85580267135 3453614 	28996610162 3453614 0 0 0 	103562965 3453614 0 	458.187 	3 	95
29921500000000 29921600000048 	29200063872 86171854828 3496148 	29196567724 3496148 0 0 0 	104842145 3496148 0 	458.426 	3 	95
29947100000000 29947200000048 	29400063968 86763466643 3538342 	29396525626 3538342 0 0 0 	106111559 3538342 0 	458.662 	3 	95
29972700000000 29972800000048 	29600064064 87355114640 3580428 	29596483636 3580428 0 0 0 	107373390 3580428 0 	458.896 	3 	95
29998300000000 29998400000048 	29800064160 87946748918 3622024 	29796442136 3622024 0 0 0 	108619981 3622024 0 	459.126 	3 	95
