26211500000000 26211600000365 	200000730 588977790 26074 	199974656 26074 0 0 0 	783843 26074 0 	471 	3 	115
26237100000000 26237200000365 	400001460 1177948342 52319 	399949141 52319 0 0 0 	1573394 52319 0 	471 	3 	115
26262700000000 26262800000365 	600002190 1766905742 78271 	599923919 78271 0 0 0 	2352074 78271 0 	471 	3 	115
26288300000000 26288400000365 	800002920 2355896833 103978 	799898942 103978 0 0 0 	3119769 103978 0 	471 	3 	115
26313900000000 26314000000365 	1000003650 2944919699 129636 	999874014 129636 0 0 0 	3886910 129636 0 	471 	3 	115
26339500000000 26339600000368 	1200004386 3533895545 155049 	1199849337 155049 0 0 0 	4641474 155049 0 	470.497 	3 	115
26365100000000 26365200000368 	1400005122 4122923768 179911 	1399825211 179911 0 0 0 	5383766 179911 0 	470.139 	3 	115
26390700000000 26390800000368 	1600005858 4711982889 204828 	1599801030 204828 0 0 0 	6131626 204828 0 	469.871 	3 	115
26416300000000 26416400000368 	1800006594 5301086956 229518 	1799777076 229518 0 0 0 	6870382 229518 0 	469.662 	3 	115
26441900000000 26442000000368 	2000007330 5890182745 253935 	1999753395 253935 0 0 0 	7603563 253935 0 	469.495 	3 	115
26467500000000 26467600000368 	2200008066 6479338866 278237 	2199729829 278237 0 0 0 	8329607 278237 0 	469.359 	3 	115
26493100000000 26493200000368 	2400008802 7068472290 302114 	2399706688 302114 0 0 0 	9045008 302114 0 	469.245 	3 	115
26518700000000 26518800000352 	2600009506 7657600127 326093 	2599683413 326093 0 0 0 	9769839 326093 0 	468.838 	3 	115
26544300000000 26544400000352 	2800010210 8246696747 349572 	2799660638 349572 0 0 0 	10476890 349572 0 	468.489 	3 	115
26569900000000 26570000000352 	3000010914 8835874494 373037 	2999637877 373037 0 0 0 	11185748 373037 0 	468.187 	3 	115
26595500000000 26595600000352 	3200011618 9425044075 396097 	3199615521 396097 0 0 0 	11878039 396097 0 	467.923 	3 	115
26621100000000 26621200000352 	3400012322 10014277326 419010 	3399593312 419010 0 0 0 	12566545 419010 0 	467.69 	3 	115
26646700000000 26646800000352 	3600013026 10603465489 441631 	3599571395 441631 0 0 0 	13240429 441631 0 	467.484 	3 	115
26672300000000 26672400000352 	3800013730 11192774020 464384 	3799549346 464384 0 0 0 	13914443 464384 0 	467.299 	3 	115
26697900000000 26698000000352 	4000014434 11782065365 486855 	3999527579 486855 0 0 0 	14595494 486855 0 	467.133 	3 	115
26723500000000 26723600000120 	4200014674 12371372350 509012 	4199505662 509012 0 0 0 	15253960 509012 0 	466.837 	3 	115
26749100000000 26749200000120 	4400014914 12960697755 530860 	4399484054 530860 0 0 0 	15909209 530860 0 	466.569 	3 	115
26774700000000 26774800000120 	4600015154 13550047631 552603 	4599462551 552603 0 0 0 	16555670 552603 0 	466.324 	3 	115
26800300000000 26800400000120 	4800015394 14139361506 574091 	4799441303 574091 0 0 0 	17194776 574091 0 	466.1 	3 	115
26825900000000 26826000000120 	5000015634 14728766422 595612 	4999420022 595612 0 0 0 	17837932 595612 0 	465.893 	3 	115
26851500000000 26851600000120 	5200015874 15318144687 616939 	5199398935 616939 0 0 0 	18476818 616939 0 	465.703 	3 	115
26877100000000 26877200000120 	5400016114 15907507173 637930 	5399378184 637930 0 0 0 	19103569 637930 0 	465.527 	3 	115
26902700000000 26902800000178 	5600016470 16496861259 658699 	5599357771 658699 0 0 0 	19725000 658699 0 	465.254 	3 	115
26928300000000 26928400000178 	5800016826 17086302638 679374 	5799337452 679374 0 0 0 	20337900 679374 0 	465 	3 	115
26953900000000 26954000000178 	6000017182 17675760993 699784 	5999317398 699784 0 0 0 	20949439 699784 0 	464.764 	3 	115
26979500000000 26979600000178 	6200017538 18265242908 719850 	6199297688 719850 0 0 0 	21551079 719850 0 	464.542 	3 	115
27005100000000 27005200000178 	6400017894 18854723314 740148 	6399277746 740148 0 0 0 	22159511 740148 0 	464.335 	3 	115
27030700000000 27030800000178 	6600018250 19444218395 760062 	6599258188 760062 0 0 0 	22752440 760062 0 	464.14 	3 	115
27056300000000 27056400000178 	6800018606 20033709463 779733 	6799238873 779733 0 0 0 	23337749 779733 0 	463.957 	3 	115
27081900000000 27082000000178 	7000018962 20623262654 799642 	6999219320 799642 0 0 0 	23937087 799642 0 	463.785 	3 	115
27107500000000 27107600000355 	7200019672 21212762837 819052 	7199200620 819052 0 0 0 	24517676 819052 0 	463.536 	3 	115
27133100000000 27133200000355 	7400020382 21802365770 838513 	7399181869 838513 0 0 0 	25096708 838513 0 	463.302 	3 	115
27158700000000 27158800000355 	7600021092 22391935200 857797 	7599163295 857797 0 0 0 	25679684 857797 0 	463.079 	3 	115
27184300000000 27184400000355 	7800021802 22981545198 876781 	7799145021 876781 0 0 0 	26246557 876781 0 	462.868 	3 	115
27209900000000 27210000000355 	8000022512 23571177905 895684 	7999126828 895684 0 0 0 	26819015 895684 0 	462.668 	3 	115
27235500000000 27235600000355 	8200023222 24160787461 914261 	8199108961 914261 0 0 0 	27370856 914261 0 	462.478 	3 	115
27261100000000 27261200000355 	8400023932 24750406627 932746 	8399091186 932746 0 0 0 	27919146 932746 0 	462.297 	3 	115
27286700000000 27286800000230 	8600024392 25340056195 951189 	8599073203 951189 0 0 0 	28469912 951189 0 	462.028 	3 	115
27312300000000 27312400000230 	8800024852 25929720863 969487 	8799055365 969487 0 0 0 	29015869 969487 0 	461.772 	3 	115
27337900000000 27338000000230 	9000025312 26519469090 987374 	8999037938 987374 0 0 0 	29558160 987374 0 	461.527 	3 	115
27363500000000 27363600000230 	9200025772 27109189502 1005348 	9199020424 1005348 0 0 0 	30095985 1005348 0 	461.293 	3 	115
27389100000000 27389200000230 	9400026232 27698924930 1023129 	9399003103 1023129 0 0 0 	30627430 1023129 0 	461.069 	3 	115
27414700000000 27414800000230 	9600026692 28288621460 1040769 	9598985923 1040769 0 0 0 	31161959 1040769 0 	460.854 	3 	115
27440300000000 27440400000230 	9800027152 28878352580 1058251 	9798968901 1058251 0 0 0 	31682561 1058251 0 	460.649 	3 	115
27465900000000 27466000000320 	10000027792 29468070977 1075389 	9998952403 1075389 0 0 0 	32194786 1075389 0 	460.389 	3 	115
27491500000000 27491600000320 	10200028432 30057835416 1092518 	10198935914 1092518 0 0 0 	32704418 1092518 0 	460.14 	3 	115
27517100000000 27517200000320 	10400029072 30647620414 1109548 	10398919524 1109548 0 0 0 	33204335 1109548 0 	459.9 	3 	115
27542700000000 27542800000320 	10600029712 31237366754 1126539 	10598903173 1126539 0 0 0 	33707661 1126539 0 	459.669 	3 	115
27568300000000 27568400000320 	10800030352 31827135115 1143235 	10798887117 1143235 0 0 0 	34207653 1143235 0 	459.448 	3 	115
27593900000000 27594000000320 	11000030992 32417011508 1159932 	10998871060 1159932 0 0 0 	34704456 1159932 0 	459.234 	3 	115
27619500000000 27619600000320 	11200031632 33006872226 1176530 	11198855102 1176530 0 0 0 	35200442 1176530 0 	459.029 	3 	115
27645100000000 27645200000320 	11400032272 33596798906 1192859 	11398839413 1192859 0 0 0 	35692151 1192859 0 	458.831 	3 	115
27670700000000 27670800000400 	11600033072 34186730618 1209071 	11598824001 1209071 0 0 0 	36185432 1209071 0 	458.585 	3 	115
27696300000000 27696400000400 	11800033872 34776602484 1225164 	11798808708 1225164 0 0 0 	36661512 1225164 0 	458.348 	3 	115
27721900000000 27722000000400 	12000034672 35366538255 1241035 	11998793637 1241035 0 0 0 	37131379 1241035 0 	458.119 	3 	115
27747500000000 27747600000400 	12200035472 35956500071 1256780 	12198778692 1256780 0 0 0 	37600051 1256780 0 	457.898 	3 	115
27773100000000 27773200000400 	12400036272 36546437566 1272407 	12398763865 1272407 0 0 0 	38067880 1272407 0 	457.684 	3 	115
27798700000000 27798800000400 	12600037072 37136402454 1287956 	12598749116 1287956 0 0 0 	38535024 1287956 0 	457.477 	3 	115
27824300000000 27824400000400 	12800037872 37726435074 1303382 	12798734490 1303382 0 0 0 	38996337 1303382 0 	457.276 	3 	115
27849900000000 27850000000290 	13000038452 38316439178 1318671 	12998719781 1318671 0 0 0 	39457096 1318671 0 	457.033 	3 	115
27875500000000 27875600000290 	13200039032 38906458772 1333628 	13198705404 1333628 0 0 0 	39908195 1333628 0 	456.798 	3 	115
27901100000000 27901200000290 	13400039612 39496538105 1348884 	13398690728 1348884 0 0 0 	40369646 1348884 0 	456.57 	3 	115
27926700000000 27926800000290 	13600040192 40086606974 1363679 	13598676513 1363679 0 0 0 	40810624 1363679 0 	456.349 	3 	115
27952300000000 27952400000290 	13800040772 40676641600 1378294 	13798662478 1378294 0 0 0 	41248550 1378294 0 	456.134 	3 	115
27977900000000 27978000000290 	14000041352 41266727409 1392752 	13998648600 1392752 0 0 0 	41679121 1392752 0 	455.926 	3 	115
28003500000000 28003600000290 	14200041932 41856855773 1407255 	14198634677 1407255 0 0 0 	42110979 1407255 0 	455.723 	3 	115
28029100000000 28029200000290 	14400042512 42446943454 1421690 	14398620822 1421690 0 0 0 	42542477 1421690 0 	455.527 	3 	115
28054700000000 28054800000249 	14600043010 43037020216 1435839 	14598607171 1435839 0 0 0 	42959987 1435839 0 	455.292 	3 	115
28080300000000 28080400000249 	14800043508 43627153295 1449896 	14798593612 1449896 0 0 0 	43386036 1449896 0 	455.064 	3 	115
28105900000000 28106000000249 	15000044006 44217278695 1463664 	14998580342 1463664 0 0 0 	43791055 1463664 0 	454.842 	3 	115
28131500000000 28131600000249 	15200044504 44807474108 1477322 	15198567182 1477322 0 0 0 	44197485 1477322 0 	454.626 	3 	115
28157100000000 28157200000249 	15400045002 45397686387 1490964 	15398554038 1490964 0 0 0 	44609286 1490964 0 	454.416 	3 	115
28182700000000 28182800000249 	15600045500 45987923033 1504633 	15598540867 1504633 0 0 0 	45020746 1504633 0 	454.212 	3 	115
28208300000000 28208400000249 	15800045998 46578127156 1517865 	15798528133 1517865 0 0 0 	45417658 1517865 0 	454.012 	3 	115
28233900000000 28234000000088 	16000046174 47168364187 1531177 	15998514997 1531177 0 0 0 	45813006 1531177 0 	453.778 	3 	115
28259500000000 28259600000088 	16200046350 47758639954 1544275 	16198502075 1544275 0 0 0 	46206050 1544275 0 	453.55 	3 	115
28285100000000 28285200000088 	16400046526 48348921652 1557519 	16398489007 1557519 0 0 0 	46600953 1557519 0 	453.327 	3 	115
28310700000000 28310800000088 	16600046702 48939290629 1570538 	16598476164 1570538 0 0 0 	46989376 1570538 0 	453.11 	3 	115
28336300000000 28336400000088 	16800046878 49529607001 1583492 	16798463386 1583492 0 0 0 	47374429 1583492 0 	452.899 	3 	115
28361900000000 28362000000088 	17000047054 50119921858 1596290 	16998450764 1596290 0 0 0 	47762310 1596290 0 	452.692 	3 	115
28387500000000 28387600000088 	17200047230 50710303088 1609054 	17198438176 1609054 0 0 0 	48148312 1609054 0 	452.491 	3 	115
28413100000000 28413200000110 	17400047450 51300672536 1621491 	17398425959 1621491 0 0 0 	48519342 1621491 0 	452.269 	3 	115
28438700000000 28438800000110 	17600047670 51890979627 1634046 	17598413624 1634046 0 0 0 	48898097 1634046 0 	452.053 	3 	115
28464300000000 28464400000110 	17800047890 52481389967 1646504 	17798401386 1646504 0 0 0 	49271096 1646504 0 	451.842 	3 	115
28489900000000 28490000000110 	18000048110 53071806418 1658736 	17998389374 1658736 0 0 0 	49646465 1658736 0 	451.636 	3 	115
28515500000000 28515600000110 	18200048330 53662245327 1670786 	18198377544 1670786 0 0 0 	50006228 1670786 0 	451.434 	3 	115
28541100000000 28541200000110 	18400048550 54252677891 1682759 	18398365791 1682759 0 0 0 	50365107 1682759 0 	451.237 	3 	115
28566700000000 28566800000110 	18600048770 54843139789 1694680 	18598354090 1694680 0 0 0 	50729031 1694680 0 	451.044 	3 	115
28592300000000 28592400000110 	18800048990 55433629020 1706525 	18798342465 1706525 0 0 0 	51084111 1706525 0 	450.856 	3 	115
28617900000000 28618000000189 	19000049368 56024112133 1718302 	18998331066 1718302 0 0 0 	51441758 1718302 0 	450.638 	3 	115
28643500000000 28643600000189 	19200049746 56614644447 1730207 	19198319539 1730207 0 0 0 	51797958 1730207 0 	450.424 	3 	115
28669100000000 28669200000189 	19400050124 57205175874 1741789 	19398308335 1741789 0 0 0 	52144382 1741789 0 	450.215 	3 	115
28694700000000 28694800000189 	19600050502 57795729131 1753240 	19598297262 1753240 0 0 0 	52488220 1753240 0 	450.01 	3 	115
28720300000000 28720400000189 	19800050880 58386320691 1764743 	19798286137 1764743 0 0 0 	52833539 1764743 0 	449.809 	3 	115
28745900000000 28746000000189 	20000051258 58976896149 1775956 	19998275302 1775956 0 0 0 	53176233 1775956 0 	449.613 	3 	115
28771500000000 28771600000189 	20200051636 59567514999 1787077 	20198264559 1787077 0 0 0 	53508519 1787077 0 	449.421 	3 	115
28797100000000 28797200000060 	20400051756 60158160765 1798304 	20398253452 1798304 0 0 0 	53847461 1798304 0 	449.201 	3 	115
28822700000000 28822800000060 	20600051876 60748778817 1809375 	20598242501 1809375 0 0 0 	54179364 1809375 0 	448.985 	3 	115
28848300000000 28848400000060 	20800051996 61339357298 1820174 	20798231822 1820174 0 0 0 	54500045 1820174 0 	448.773 	3 	115
28873900000000 28874000000060 	21000052116 61930003735 1830918 	20998221198 1830918 0 0 0 	54818435 1830918 0 	448.566 	3 	115
28899500000000 28899600000060 	21200052236 62520684836 1841537 	21198210699 1841537 0 0 0 	55142688 1841537 0 	448.363 	3 	115
28925100000000 28925200000060 	21400052356 63111414856 1852190 	21398200166 1852190 0 0 0 	55466059 1852190 0 	448.163 	3 	115
28950700000000 28950800000060 	21600052476 63702148666 1862760 	21598189716 1862760 0 0 0 	55779577 1862760 0 	447.968 	3 	115
28976300000000 28976400000060 	21800052596 64292914256 1873168 	21798179428 1873168 0 0 0 	56087064 1873168 0 	447.776 	3 	115
29001900000000 29002000000375 	22000053346 64883650764 1883553 	21998169793 1883553 0 0 0 	56401988 1883553 0 	447.558 	3 	115
29027500000000 29027600000375 	22200054096 65474421579 1893892 	22198160204 1893892 0 0 0 	56706753 1893892 0 	447.344 	3 	115
29053100000000 29053200000375 	22400054846 66065200306 1904048 	22398150798 1904048 0 0 0 	57012274 1904048 0 	447.134 	3 	115
29078700000000 29078800000375 	22600055596 66655964465 1914387 	22598141209 1914387 0 0 0 	57319558 1914387 0 	446.928 	3 	115
29104300000000 29104400000308 	22800056212 67247130785 1968105 	22798088107 1968105 0 0 0 	58936975 1968105 0 	447.4 	3 	115
29129900000000 29130000000308 	23000056828 67838274543 2021620 	22998035208 2021620 0 0 0 	60537711 2021620 0 	447.865 	3 	115
29155500000000 29155600000308 	23200057444 68429479469 2074497 	23197982947 2074497 0 0 0 	62131333 2074497 0 	448.322 	3 	115
29181100000000 29181200000308 	23400058060 69020705746 2127009 	23397931051 2127009 0 0 0 	63703313 2127009 0 	448.773 	3 	115
29206700000000 29206800000308 	23600058676 69612020356 2178969 	23597879707 2178969 0 0 0 	65260994 2178969 0 	449.217 	3 	115
29232300000000 29232400000308 	23800059292 70203296236 2230515 	23797828777 2230515 0 0 0 	66803004 2230515 0 	449.654 	3 	115
29257900000000 29258000000308 	24000059908 70794599583 2281804 	23997778104 2281804 0 0 0 	68343689 2281804 0 	450.085 	3 	115
29283500000000 29283600000308 	24200060524 71385842131 2332728 	24197727796 2332728 0 0 0 	69874551 2332728 0 	450.509 	3 	115
29309100000000 29309200000308 	24400061140 71977198901 2383925 	24397677215 2383925 0 0 0 	71408783 2383925 0 	450.928 	3 	115
29334700000000 29334800000152 	24600061444 72568549281 2434018 	24597627426 2434018 0 0 0 	72919798 2434018 0 	451.314 	3 	115
29360300000000 29360400000152 	24800061748 73159855325 2483685 	24797578063 2483685 0 0 0 	74405538 2483685 0 	451.695 	3 	115
29385900000000 29386000000152 	25000062052 73751231062 2532927 	24997529125 2532927 0 0 0 	75880368 2532927 0 	452.07 	3 	115
29411500000000 29411600000152 	25200062356 74342553126 2581892 	25197480464 2581892 0 0 0 	77351326 2581892 0 	452.44 	3 	115
29437100000000 29437200000152 	25400062660 74933901824 2631049 	25397431611 2631049 0 0 0 	78828097 2631049 0 	452.805 	3 	115
29462700000000 29462800000152 	25600062964 75525250358 2679348 	25597383616 2679348 0 0 0 	80271907 2679348 0 	453.164 	3 	115
29488300000000 29488400000152 	25800063268 76116585653 2727526 	25797335742 2727526 0 0 0 	81700736 2727526 0 	453.519 	3 	115
29513900000000 29514000000152 	26000063572 76708007325 2775331 	25997288241 2775331 0 0 0 	83131458 2775331 0 	453.869 	3 	115
29539500000000 29539600000152 	26200063876 77299324735 2822692 	26197241184 2822692 0 0 0 	84550368 2822692 0 	454.214 	3 	115
29565100000000 29565200000000 	26400063876 77890761931 2869571 	26397194305 2869571 0 0 0 	85961978 2869571 0 	454.529 	3 	115
29590700000000 29590800000000 	26600063876 78482207997 2916366 	26597147510 2916366 0 0 0 	87369240 2916366 0 	454.84 	3 	115
29616300000000 29616400000000 	26800063876 79073591197 2962981 	26797100895 2962981 0 0 0 	88760731 2962981 0 	455.147 	3 	115
29641900000000 29642000000000 	27000063876 79665018873 3009236 	26997054640 3009236 0 0 0 	90153857 3009236 0 	455.449 	3 	115
29667500000000 29667600000000 	27200063876 80256464344 3054824 	27197009052 3054824 0 0 0 	91516269 3054824 0 	455.748 	3 	115
29693100000000 29693200000000 	27400063876 80847913548 3100259 	27396963617 3100259 0 0 0 	92889442 3100259 0 	456.043 	3 	115
29718700000000 29718800000000 	27600063876 81439370336 3145169 	27596918707 3145169 0 0 0 	94225342 3145169 0 	456.333 	3 	115
29744300000000 29744400000000 	27800063876 82030924518 3190431 	27796873445 3190431 0 0 0 	95587717 3190431 0 	456.62 	3 	115
29769900000000 29770000000000 	28000063876 82622417278 3234506 	27996829370 3234506 0 0 0 	96912039 3234506 0 	456.903 	3 	115
29795500000000 29795600000048 	28200063972 83214006863 3278937 	28196785035 3278937 0 0 0 	98257199 3278937 0 	457.159 	3 	115
29821100000000 29821200000048 	28400064068 83805609746 3322800 	28396741268 3322800 0 0 0 	99565563 3322800 0 	457.411 	3 	115
29846700000000 29846800000048 	28600064164 84397156318 3365731 	28596698433 3365731 0 0 0 	100847802 3365731 0 	457.66 	3 	115
29872300000000 29872400000048 	28800064260 84988718392 3409233 	28796655027 3409233 0 0 0 	102156617 3409233 0 	457.906 	3 	115
29897900000000 29898000000048 	29000064356 85580221357 3452438 	28996611918 3452438 0 0 0 	103448251 3452438 0 	458.149 	3 	115
29923500000000 29923600000048 	29200064452 86171873396 3495249 	29196569203 3495249 0 0 0 	104722397 3495249 0 	458.388 	3 	115
29949100000000 29949200000048 	29400064548 86763454800 3537697 	29396526851 3537697 0 0 0 	105997014 3537697 0 	458.625 	3 	115
29974700000000 29974800000048 	29600064644 87355184238 3580001 	29596484643 3580001 0 0 0 	107262608 3580001 0 	458.858 	3 	115
