26212400000000 26212500000365 	200000730 588962513 26247 	199974483 26247 0 0 0 	782763 26247 0 	471 	3 	124
26238000000000 26238100000365 	400001460 1177946247 52598 	399948862 52598 0 0 0 	1568185 52598 0 	471 	3 	124
26263600000000 26263700000365 	600002190 1766861042 78839 	599923351 78839 0 0 0 	2354602 78839 0 	471 	3 	124
26289200000000 26289300000365 	800002920 2355831997 104350 	799898570 104350 0 0 0 	3115324 104350 0 	471 	3 	124
26314800000000 26314900000365 	1000003650 2944870384 129582 	999874068 129582 0 0 0 	3865509 129582 0 	471 	3 	124
26340400000000 26340500000368 	1200004386 3533929041 154806 	1199849580 154806 0 0 0 	4617284 154806 0 	470.497 	3 	124
26366000000000 26366100000368 	1400005122 4122983490 180175 	1399824947 180175 0 0 0 	5382271 180175 0 	470.139 	3 	124
26391600000000 26391700000368 	1600005858 4711983602 204918 	1599800940 204918 0 0 0 	6116754 204918 0 	469.871 	3 	124
26417200000000 26417300000368 	1800006594 5301102353 229490 	1799777104 229490 0 0 0 	6851411 229490 0 	469.662 	3 	124
26442800000000 26442900000368 	2000007330 5890194041 253761 	1999753569 253761 0 0 0 	7582266 253761 0 	469.495 	3 	124
26468400000000 26468500000368 	2200008066 6479327118 277994 	2199730072 277994 0 0 0 	8303448 277994 0 	469.359 	3 	124
26494000000000 26494100000368 	2400008802 7068504095 302263 	2399706539 302263 0 0 0 	9028616 302263 0 	469.245 	3 	124
26519600000000 26519700000352 	2600009506 7657760810 326403 	2599683103 326403 0 0 0 	9746911 326403 0 	468.838 	3 	124
26545200000000 26545300000352 	2800010210 8246921867 349959 	2799660251 349959 0 0 0 	10445680 349959 0 	468.489 	3 	124
26570800000000 26570900000352 	3000010914 8836110991 373184 	2999637730 373184 0 0 0 	11133583 373184 0 	468.187 	3 	124
26596400000000 26596500000352 	3200011618 9425285777 396208 	3199615410 396208 0 0 0 	11830506 396208 0 	467.923 	3 	124
26622000000000 26622100000352 	3400012322 10014536624 419104 	3399593218 419104 0 0 0 	12516019 419104 0 	467.69 	3 	124
26647600000000 26647700000352 	3600013026 10603826548 441761 	3599571265 441761 0 0 0 	13197634 441761 0 	467.484 	3 	124
26673200000000 26673300000352 	3800013730 11193073104 464256 	3799549474 464256 0 0 0 	13871015 464256 0 	467.299 	3 	124
26698800000000 26698900000352 	4000014434 11782312668 486660 	3999527774 486660 0 0 0 	14537842 486660 0 	467.133 	3 	124
26724400000000 26724500000120 	4200014674 12371586445 509039 	4199505635 509039 0 0 0 	15201732 509039 0 	466.837 	3 	124
26750000000000 26750100000120 	4400014914 12960871746 530898 	4399484016 530898 0 0 0 	15862844 530898 0 	466.569 	3 	124
26775600000000 26775700000120 	4600015154 13550174725 552553 	4599462601 552553 0 0 0 	16509371 552553 0 	466.324 	3 	124
26801200000000 26801300000120 	4800015394 14139474710 574022 	4799441372 574022 0 0 0 	17154891 574022 0 	466.1 	3 	124
26826800000000 26826900000120 	5000015634 14728818263 595288 	4999420346 595288 0 0 0 	17794789 595288 0 	465.893 	3 	124
26852400000000 26852500000120 	5200015874 15318174870 616569 	5199399305 616569 0 0 0 	18430317 616569 0 	465.703 	3 	124
26878000000000 26878100000120 	5400016114 15907558897 637662 	5399378452 637662 0 0 0 	19062855 637662 0 	465.527 	3 	124
26903600000000 26903700000178 	5600016470 16496938943 658584 	5599357886 658584 0 0 0 	19691957 658584 0 	465.254 	3 	124
26929200000000 26929300000178 	5800016826 17086369860 679355 	5799337471 679355 0 0 0 	20313801 679355 0 	465 	3 	124
26954800000000 26954900000178 	6000017182 17675831473 699996 	5999317186 699996 0 0 0 	20932035 699996 0 	464.764 	3 	124
26980400000000 26980500000178 	6200017538 18265269472 720621 	6199296917 720621 0 0 0 	21548552 720621 0 	464.542 	3 	124
27006000000000 27006100000178 	6400017894 18854702366 740811 	6399277083 740811 0 0 0 	22160475 740811 0 	464.335 	3 	124
27031600000000 27031700000178 	6600018250 19444273923 760934 	6599257316 760934 0 0 0 	22758608 760934 0 	464.14 	3 	124
27057200000000 27057300000178 	6800018606 20033757039 781038 	6799237568 781038 0 0 0 	23364256 781038 0 	463.957 	3 	124
27082800000000 27082900000178 	7000018962 20623287901 800856 	6999218106 800856 0 0 0 	23962290 800856 0 	463.785 	3 	124
27108400000000 27108500000355 	7200019672 21212796621 820389 	7199199283 820389 0 0 0 	24545401 820389 0 	463.536 	3 	124
27134000000000 27134100000355 	7400020382 21802300769 839997 	7399180385 839997 0 0 0 	25140253 839997 0 	463.302 	3 	124
27159600000000 27159700000355 	7600021092 22391870584 859199 	7599161893 859199 0 0 0 	25709393 859199 0 	463.079 	3 	124
27185200000000 27185300000355 	7800021802 22981464957 878219 	7799143583 878219 0 0 0 	26284087 878219 0 	462.868 	3 	124
27210800000000 27210900000355 	8000022512 23571005299 896989 	7999125523 896989 0 0 0 	26843720 896989 0 	462.668 	3 	124
27236400000000 27236500000355 	8200023222 24160654200 915883 	8199107339 915883 0 0 0 	27410185 915883 0 	462.478 	3 	124
27262000000000 27262100000355 	8400023932 24750370777 934647 	8399089285 934647 0 0 0 	27975424 934647 0 	462.297 	3 	124
27287600000000 27287700000230 	8600024392 25340057102 952754 	8599071638 952754 0 0 0 	28516592 952754 0 	462.028 	3 	124
27313200000000 27313300000230 	8800024852 25929730432 971018 	8799053834 971018 0 0 0 	29064416 971018 0 	461.772 	3 	124
27338800000000 27338900000230 	9000025312 26519411104 989262 	8999036050 989262 0 0 0 	29608542 989262 0 	461.527 	3 	124
27364400000000 27364500000230 	9200025772 27109128380 1007135 	9199018637 1007135 0 0 0 	30147414 1007135 0 	461.293 	3 	124
27390000000000 27390100000230 	9400026232 27698932548 1024882 	9399001350 1024882 0 0 0 	30678737 1024882 0 	461.069 	3 	124
27415600000000 27415700000230 	9600026692 28288679811 1042548 	9598984144 1042548 0 0 0 	31212713 1042548 0 	460.854 	3 	124
27441200000000 27441300000230 	9800027152 28878423202 1059924 	9798967228 1059924 0 0 0 	31730169 1059924 0 	460.649 	3 	124
27466800000000 27466900000320 	10000027792 29468210061 1077431 	9998950361 1077431 0 0 0 	32254798 1077431 0 	460.389 	3 	124
27492400000000 27492500000320 	10200028432 30057996724 1094713 	10198933719 1094713 0 0 0 	32766739 1094713 0 	460.14 	3 	124
27518000000000 27518100000320 	10400029072 30647848578 1111983 	10398917089 1111983 0 0 0 	33284732 1111983 0 	459.9 	3 	124
27543600000000 27543700000320 	10600029712 31237723993 1129097 	10598900615 1129097 0 0 0 	33795447 1129097 0 	459.669 	3 	124
27569200000000 27569300000320 	10800030352 31827549278 1145634 	10798884718 1145634 0 0 0 	34280548 1145634 0 	459.448 	3 	124
27594800000000 27594900000320 	11000030992 32417387236 1162257 	10998868735 1162257 0 0 0 	34781697 1162257 0 	459.234 	3 	124
27620400000000 27620500000320 	11200031632 33007293389 1178667 	11198852965 1178667 0 0 0 	35280471 1178667 0 	459.029 	3 	124
27646000000000 27646100000320 	11400032272 33597185356 1195109 	11398837163 1195109 0 0 0 	35769726 1195109 0 	458.831 	3 	124
27671600000000 27671700000400 	11600033072 34187047862 1211081 	11598821991 1211081 0 0 0 	36245342 1211081 0 	458.585 	3 	124
27697200000000 27697300000400 	11800033872 34776997714 1227135 	11798806737 1227135 0 0 0 	36720150 1227135 0 	458.348 	3 	124
27722800000000 27722900000400 	12000034672 35366895136 1243140 	11998791532 1243140 0 0 0 	37196445 1243140 0 	458.119 	3 	124
27748400000000 27748500000400 	12200035472 35956863478 1258855 	12198776617 1258855 0 0 0 	37664640 1258855 0 	457.898 	3 	124
27774000000000 27774100000400 	12400036272 36546836288 1274433 	12398761839 1274433 0 0 0 	38130082 1274433 0 	457.684 	3 	124
27799600000000 27799700000400 	12600037072 37136816671 1290059 	12598747013 1290059 0 0 0 	38595870 1290059 0 	457.477 	3 	124
27825200000000 27825300000400 	12800037872 37726833540 1305392 	12798732480 1305392 0 0 0 	39064273 1305392 0 	457.276 	3 	124
27850800000000 27850900000290 	13000038452 38316829854 1320631 	12998717821 1320631 0 0 0 	39525141 1320631 0 	457.033 	3 	124
27876400000000 27876500000290 	13200039032 38906835074 1335587 	13198703445 1335587 0 0 0 	39970472 1335587 0 	456.798 	3 	124
27902000000000 27902100000290 	13400039612 39496832900 1350531 	13398689081 1350531 0 0 0 	40418775 1350531 0 	456.57 	3 	124
27927600000000 27927700000290 	13600040192 40086877056 1365550 	13598674642 1365550 0 0 0 	40869664 1365550 0 	456.349 	3 	124
27953200000000 27953300000290 	13800040772 40676928466 1380380 	13798660392 1380380 0 0 0 	41310332 1380380 0 	456.134 	3 	124
27978800000000 27978900000290 	14000041352 41267012474 1394919 	13998646433 1394919 0 0 0 	41744260 1394919 0 	455.926 	3 	124
28004400000000 28004500000290 	14200041932 41857076340 1409404 	14198632528 1409404 0 0 0 	42177909 1409404 0 	455.723 	3 	124
28030000000000 28030100000290 	14400042512 42447227650 1423636 	14398618876 1423636 0 0 0 	42607082 1423636 0 	455.527 	3 	124
28055600000000 28055700000249 	14600043010 43037406622 1437741 	14598605269 1437741 0 0 0 	43029029 1437741 0 	455.292 	3 	124
28081200000000 28081300000249 	14800043508 43627552442 1451784 	14798591724 1451784 0 0 0 	43448613 1451784 0 	455.064 	3 	124
28106800000000 28106900000249 	15000044006 44217702324 1465650 	14998578356 1465650 0 0 0 	43865287 1465650 0 	454.842 	3 	124
28132400000000 28132500000249 	15200044504 44807909844 1479559 	15198564945 1479559 0 0 0 	44280105 1479559 0 	454.626 	3 	124
28158000000000 28158100000249 	15400045002 45398107900 1493308 	15398551694 1493308 0 0 0 	44686295 1493308 0 	454.416 	3 	124
28183600000000 28183700000249 	15600045500 45988325456 1507028 	15598538472 1507028 0 0 0 	45092459 1507028 0 	454.212 	3 	124
28209200000000 28209300000249 	15800045998 46578512741 1520443 	15798525555 1520443 0 0 0 	45497309 1520443 0 	454.012 	3 	124
28234800000000 28234900000088 	16000046174 47168816007 1533783 	15998512391 1533783 0 0 0 	45896216 1533783 0 	453.778 	3 	124
28260400000000 28260500000088 	16200046350 47759068597 1546965 	16198499385 1546965 0 0 0 	46293985 1546965 0 	453.55 	3 	124
28286000000000 28286100000088 	16400046526 48349369704 1560123 	16398486403 1560123 0 0 0 	46690690 1560123 0 	453.327 	3 	124
28311600000000 28311700000088 	16600046702 48939696443 1573311 	16598473391 1573311 0 0 0 	47084794 1573311 0 	453.11 	3 	124
28337200000000 28337300000088 	16800046878 49530070065 1586114 	16798460764 1586114 0 0 0 	47465002 1586114 0 	452.899 	3 	124
28362800000000 28362900000088 	17000047054 50120411366 1598948 	16998448106 1598948 0 0 0 	47847581 1598948 0 	452.692 	3 	124
28388400000000 28388500000088 	17200047230 50710825211 1611549 	17198435681 1611549 0 0 0 	48224204 1611549 0 	452.491 	3 	124
28414000000000 28414100000110 	17400047450 51301144257 1624120 	17398423330 1624120 0 0 0 	48605033 1624120 0 	452.269 	3 	124
28439600000000 28439700000110 	17600047670 51891541524 1636601 	17598411069 1636601 0 0 0 	48979134 1636601 0 	452.053 	3 	124
28465200000000 28465300000110 	17800047890 52481909702 1648992 	17798398898 1648992 0 0 0 	49349240 1648992 0 	451.842 	3 	124
28490800000000 28490900000110 	18000048110 53072316508 1661198 	17998386912 1661198 0 0 0 	49716645 1661198 0 	451.636 	3 	124
28516400000000 28516500000110 	18200048330 53662800262 1673465 	18198374865 1673465 0 0 0 	50082650 1673465 0 	451.434 	3 	124
28542000000000 28542100000110 	18400048550 54253253438 1685486 	18398363064 1685486 0 0 0 	50436768 1685486 0 	451.237 	3 	124
28567600000000 28567700000110 	18600048770 54843834211 1697583 	18598351187 1697583 0 0 0 	50804415 1697583 0 	451.044 	3 	124
28593200000000 28593300000110 	18800048990 55434309146 1709477 	18798339513 1709477 0 0 0 	51157799 1709477 0 	450.856 	3 	124
28618800000000 28618900000189 	19000049368 56024818469 1721189 	18998328179 1721189 0 0 0 	51508276 1721189 0 	450.638 	3 	124
28644400000000 28644500000189 	19200049746 56615328864 1732884 	19198316862 1732884 0 0 0 	51854767 1732884 0 	450.424 	3 	124
28670000000000 28670100000189 	19400050124 57205878238 1744584 	19398305540 1744584 0 0 0 	52205234 1744584 0 	450.215 	3 	124
28695600000000 28695700000189 	19600050502 57796374664 1755908 	19598294594 1755908 0 0 0 	52541118 1755908 0 	450.01 	3 	124
28721200000000 28721300000189 	19800050880 58386939395 1767334 	19798283546 1767334 0 0 0 	52886684 1767334 0 	449.809 	3 	124
28746800000000 28746900000189 	20000051258 58977539703 1778773 	19998272485 1778773 0 0 0 	53232080 1778773 0 	449.613 	3 	124
28772400000000 28772500000189 	20200051636 59568138990 1789927 	20198261709 1789927 0 0 0 	53563624 1789927 0 	449.421 	3 	124
28798000000000 28798100000060 	20400051756 60158737858 1800959 	20398250797 1800959 0 0 0 	53891794 1800959 0 	449.201 	3 	124
28823600000000 28823700000060 	20600051876 60749447279 1811867 	20598240009 1811867 0 0 0 	54222218 1811867 0 	448.985 	3 	124
28849200000000 28849300000060 	20800051996 61340100822 1822861 	20798229135 1822861 0 0 0 	54551315 1822861 0 	448.773 	3 	124
28874800000000 28874900000060 	21000052116 61930706250 1833680 	20998218436 1833680 0 0 0 	54878683 1833680 0 	448.566 	3 	124
28900400000000 28900500000060 	21200052236 62521386285 1844371 	21198207865 1844371 0 0 0 	55203819 1844371 0 	448.363 	3 	124
28926000000000 28926100000060 	21400052356 63112133604 1855106 	21398197250 1855106 0 0 0 	55524717 1855106 0 	448.163 	3 	124
28951600000000 28951700000060 	21600052476 63702778203 1865524 	21598186952 1865524 0 0 0 	55835689 1865524 0 	447.968 	3 	124
28977200000000 28977300000060 	21800052596 64293517248 1875952 	21798176644 1875952 0 0 0 	56149978 1875952 0 	447.776 	3 	124
29002800000000 29002900000375 	22000053346 64884291120 1886433 	21998166913 1886433 0 0 0 	56461083 1886433 0 	447.558 	3 	124
29028400000000 29028500000375 	22200054096 65475123567 1896506 	22198157590 1896506 0 0 0 	56764121 1896506 0 	447.344 	3 	124
29054000000000 29054100000375 	22400054846 66065918697 1906648 	22398148198 1906648 0 0 0 	57069052 1906648 0 	447.134 	3 	124
29079600000000 29079700000375 	22600055596 66656699581 1916885 	22598138711 1916885 0 0 0 	57371744 1916885 0 	446.928 	3 	124
29105200000000 29105300000308 	22800056212 67247908123 1970489 	22798085723 1970489 0 0 0 	58978686 1970489 0 	447.4 	3 	124
29130800000000 29130900000308 	23000056828 67839077501 2023603 	22998033225 2023603 0 0 0 	60572345 2023603 0 	447.865 	3 	124
29156400000000 29156500000308 	23200057444 68430252786 2076125 	23197981319 2076125 0 0 0 	62142064 2076125 0 	448.322 	3 	124
29182000000000 29182100000308 	23400058060 69021413486 2128565 	23397929495 2128565 0 0 0 	63708564 2128565 0 	448.773 	3 	124
29207600000000 29207700000308 	23600058676 69612639496 2180493 	23597878183 2180493 0 0 0 	65268255 2180493 0 	449.217 	3 	124
29233200000000 29233300000308 	23800059292 70203839164 2232243 	23797827049 2232243 0 0 0 	66815929 2232243 0 	449.654 	3 	124
29258800000000 29258900000308 	24000059908 70795128184 2283612 	23997776296 2283612 0 0 0 	68366884 2283612 0 	450.085 	3 	124
29284400000000 29284500000308 	24200060524 71386422547 2334393 	24197726131 2334393 0 0 0 	69890768 2334393 0 	450.509 	3 	124
29310000000000 29310100000308 	24400061140 71977702553 2385090 	24397676050 2385090 0 0 0 	71415480 2385090 0 	450.928 	3 	124
29335600000000 29335700000152 	24600061444 72568987426 2435207 	24597626237 2435207 0 0 0 	72915733 2435207 0 	451.314 	3 	124
29361200000000 29361300000152 	24800061748 73160325408 2485228 	24797576520 2485228 0 0 0 	74431325 2485228 0 	451.695 	3 	124
29386800000000 29386900000152 	25000062052 73751635995 2534478 	24997527574 2534478 0 0 0 	75907576 2534478 0 	452.07 	3 	124
29412400000000 29412500000152 	25200062356 74343012732 2583599 	25197478757 2583599 0 0 0 	77381126 2583599 0 	452.44 	3 	124
29438000000000 29438100000152 	25400062660 74934322658 2632077 	25397430583 2632077 0 0 0 	78833403 2632077 0 	452.805 	3 	124
29463600000000 29463700000152 	25600062964 75525696145 2680410 	25597382554 2680410 0 0 0 	80273587 2680410 0 	453.164 	3 	124
29489200000000 29489300000152 	25800063268 76117077986 2728649 	25797334619 2728649 0 0 0 	81724824 2728649 0 	453.519 	3 	124
29514800000000 29514900000152 	26000063572 76708478719 2776731 	25997286841 2776731 0 0 0 	83159375 2776731 0 	453.869 	3 	124
29540400000000 29540500000152 	26200063876 77299917677 2823747 	26197240129 2823747 0 0 0 	84574692 2823747 0 	454.214 	3 	124
29566000000000 29566100000000 	26400063876 77891329322 2870846 	26397193030 2870846 0 0 0 	85985551 2870846 0 	454.529 	3 	124
29591600000000 29591700000000 	26600063876 78482768646 2917555 	26597146321 2917555 0 0 0 	87383357 2917555 0 	454.84 	3 	124
29617200000000 29617300000000 	26800063876 79074191084 2963845 	26797100031 2963845 0 0 0 	88759504 2963845 0 	455.147 	3 	124
29642800000000 29642900000000 	27000063876 79665673287 3010066 	26997053810 3010066 0 0 0 	90152963 3010066 0 	455.449 	3 	124
29668400000000 29668500000000 	27200063876 80257125986 3055785 	27197008091 3055785 0 0 0 	91523972 3055785 0 	455.748 	3 	124
29694000000000 29694100000000 	27400063876 80848574289 3101004 	27396962872 3101004 0 0 0 	92874204 3101004 0 	456.043 	3 	124
29719600000000 29719700000000 	27600063876 81440076542 3146384 	27596917492 3146384 0 0 0 	94237211 3146384 0 	456.333 	3 	124
29745200000000 29745300000000 	27800063876 82031618306 3191337 	27796872539 3191337 0 0 0 	95593842 3191337 0 	456.62 	3 	124
29770800000000 29770900000000 	28000063876 82623195087 3235675 	27996828201 3235675 0 0 0 	96935789 3235675 0 	456.903 	3 	124
29796400000000 29796500000048 	28200063972 83214769783 3279232 	28196784740 3279232 0 0 0 	98239718 3279232 0 	457.159 	3 	124
29822000000000 29822100000048 	28400064068 83806330130 3322957 	28396741111 3322957 0 0 0 	99548008 3322957 0 	457.411 	3 	124
29847600000000 29847700000048 	28600064164 84397884516 3367070 	28596697094 3367070 0 0 0 	100879305 3367070 0 	457.66 	3 	124
29873200000000 29873300000048 	28800064260 84989483894 3410341 	28796653919 3410341 0 0 0 	102175966 3410341 0 	457.906 	3 	124
29898800000000 29898900000048 	29000064356 85581063289 3453534 	28996610822 3453534 0 0 0 	103473465 3453534 0 	458.149 	3 	124
29924400000000 29924500000048 	29200064452 86172740557 3496294 	29196568158 3496294 0 0 0 	104754245 3496294 0 	458.388 	3 	124
29950000000000 29950100000048 	29400064548 86764349182 3538502 	29396526046 3538502 0 0 0 	106018531 3538502 0 	458.625 	3 	124
29975600000000 29975700000048 	29600064644 87355969400 3580825 	29596483819 3580825 0 0 0 	107274568 3580825 0 	458.858 	3 	124
