26212900000000 26213000000365 	200000730 588941359 26143 	199974587 26143 0 0 0 	770690 26143 0 	471 	3 	129
26238500000000 26238600000365 	400001460 1177931718 52269 	399949191 52269 0 0 0 	1556239 52269 0 	471 	3 	129
26264100000000 26264200000365 	600002190 1766921317 77954 	599924236 77954 0 0 0 	2322149 77954 0 	471 	3 	129
26289700000000 26289800000365 	800002920 2355914046 103702 	799899218 103702 0 0 0 	3087977 103702 0 	471 	3 	129
26315300000000 26315400000365 	1000003650 2944927173 129258 	999874392 129258 0 0 0 	3851852 129258 0 	471 	3 	129
26340900000000 26341000000368 	1200004386 3534009665 154475 	1199849911 154475 0 0 0 	4605083 154475 0 	470.497 	3 	129
26366500000000 26366600000368 	1400005122 4123146495 179402 	1399825720 179402 0 0 0 	5352876 179402 0 	470.139 	3 	129
26392100000000 26392200000368 	1600005858 4712220413 204214 	1599801644 204214 0 0 0 	6098284 204214 0 	469.871 	3 	129
26417700000000 26417800000368 	1800006594 5301322914 228931 	1799777663 228931 0 0 0 	6834233 228931 0 	469.662 	3 	129
26443300000000 26443400000368 	2000007330 5890400185 253209 	1999754121 253209 0 0 0 	7557600 253209 0 	469.495 	3 	129
26468900000000 26469000000368 	2200008066 6479565143 277407 	2199730659 277407 0 0 0 	8279575 277407 0 	469.359 	3 	129
26494500000000 26494600000368 	2400008802 7068682044 301287 	2399707515 301287 0 0 0 	8987593 301287 0 	469.245 	3 	129
26520100000000 26520200000352 	2600009506 7657811357 324744 	2599684762 324744 0 0 0 	9685048 324744 0 	468.838 	3 	129
26545700000000 26545800000352 	2800010210 8246970447 348444 	2799661766 348444 0 0 0 	10399832 348444 0 	468.489 	3 	129
26571300000000 26571400000352 	3000010914 8836212828 372034 	2999638880 372034 0 0 0 	11111555 372034 0 	468.187 	3 	129
26596900000000 26597000000352 	3200011618 9425437211 394948 	3199616670 394948 0 0 0 	11796387 394948 0 	467.923 	3 	129
26622500000000 26622600000352 	3400012322 10014627837 417877 	3399594445 417877 0 0 0 	12491609 417877 0 	467.69 	3 	129
26648100000000 26648200000352 	3600013026 10603885812 440684 	3599572342 440684 0 0 0 	13168076 440684 0 	467.484 	3 	129
26673700000000 26673800000352 	3800013730 11193061265 463063 	3799550667 463063 0 0 0 	13839524 463063 0 	467.299 	3 	129
26699300000000 26699400000352 	4000014434 11782322798 485392 	3999529042 485392 0 0 0 	14511955 485392 0 	467.133 	3 	129
26724900000000 26725000000120 	4200014674 12371638609 507616 	4199507058 507616 0 0 0 	15173889 507616 0 	466.837 	3 	129
26750500000000 26750600000120 	4400014914 12960914990 529515 	4399485399 529515 0 0 0 	15830955 529515 0 	466.569 	3 	129
26776100000000 26776200000120 	4600015154 13550286933 550918 	4599464236 550918 0 0 0 	16469450 550918 0 	466.324 	3 	129
26801700000000 26801800000120 	4800015394 14139676721 572594 	4799442800 572594 0 0 0 	17111665 572594 0 	466.1 	3 	129
26827300000000 26827400000120 	5000015634 14729065828 594001 	4999421633 594001 0 0 0 	17747031 594001 0 	465.893 	3 	129
26852900000000 26853000000120 	5200015874 15318433242 615154 	5199400720 615154 0 0 0 	18372562 615154 0 	465.703 	3 	129
26878500000000 26878600000120 	5400016114 15907779692 636219 	5399379895 636219 0 0 0 	19000568 636219 0 	465.527 	3 	129
26904100000000 26904200000178 	5600016470 16497166572 657060 	5599359410 657060 0 0 0 	19621692 657060 0 	465.254 	3 	129
26929700000000 26929800000178 	5800016826 17086578852 677490 	5799339336 677490 0 0 0 	20223819 677490 0 	465 	3 	129
26955300000000 26955400000178 	6000017182 17676012642 698210 	5999318972 698210 0 0 0 	20840448 698210 0 	464.764 	3 	129
26980900000000 26981000000178 	6200017538 18265463850 718524 	6199299014 718524 0 0 0 	21451815 718524 0 	464.542 	3 	129
27006500000000 27006600000178 	6400017894 18854901851 738809 	6399279085 738809 0 0 0 	22055769 738809 0 	464.335 	3 	129
27032100000000 27032200000178 	6600018250 19444385137 758712 	6599259538 758712 0 0 0 	22643635 758712 0 	464.14 	3 	129
27057700000000 27057800000178 	6800018606 20033832275 778287 	6799240319 778287 0 0 0 	23232807 778287 0 	463.957 	3 	129
27083300000000 27083400000178 	7000018962 20623315270 797979 	6999220983 797979 0 0 0 	23815869 797979 0 	463.785 	3 	129
27108900000000 27109000000355 	7200019672 21212849247 817302 	7199202370 817302 0 0 0 	24385900 817302 0 	463.536 	3 	129
27134500000000 27134600000355 	7400020382 21802390313 836839 	7399183543 836839 0 0 0 	24964055 836839 0 	463.302 	3 	129
27160100000000 27160200000355 	7600021092 22391948718 855971 	7599165121 855971 0 0 0 	25537615 855971 0 	463.079 	3 	129
27185700000000 27185800000355 	7800021802 22981532147 875100 	7799146702 875100 0 0 0 	26111176 875100 0 	462.868 	3 	129
27211300000000 27211400000355 	8000022512 23571118285 894202 	7999128310 894202 0 0 0 	26682599 894202 0 	462.668 	3 	129
27236900000000 27237000000355 	8200023222 24160756213 913087 	8199110135 913087 0 0 0 	27252138 913087 0 	462.478 	3 	129
27262500000000 27262600000355 	8400023932 24750391345 931615 	8399092317 931615 0 0 0 	27809886 931615 0 	462.297 	3 	129
27288100000000 27288200000230 	8600024392 25340000600 949867 	8599074525 949867 0 0 0 	28359805 949867 0 	462.028 	3 	129
27313700000000 27313800000230 	8800024852 25929611893 968309 	8799056543 968309 0 0 0 	28905954 968309 0 	461.772 	3 	129
27339300000000 27339400000230 	9000025312 26519241590 986277 	8999039035 986277 0 0 0 	29443493 986277 0 	461.527 	3 	129
27364900000000 27365000000230 	9200025772 27108970775 1004225 	9199021547 1004225 0 0 0 	29979888 1004225 0 	461.293 	3 	129
27390500000000 27390600000230 	9400026232 27698687093 1022028 	9399004204 1022028 0 0 0 	30512382 1022028 0 	461.069 	3 	129
27416100000000 27416200000230 	9600026692 28288401478 1039774 	9598986918 1039774 0 0 0 	31044439 1039774 0 	460.854 	3 	129
27441700000000 27441800000230 	9800027152 28878189968 1057291 	9798969861 1057291 0 0 0 	31572651 1057291 0 	460.649 	3 	129
27467300000000 27467400000320 	10000027792 29467941972 1074909 	9998952883 1074909 0 0 0 	32105044 1074909 0 	460.389 	3 	129
27492900000000 27493000000320 	10200028432 30057812716 1092144 	10198936288 1092144 0 0 0 	32623144 1092144 0 	460.14 	3 	129
27518500000000 27518600000320 	10400029072 30647551984 1109207 	10398919865 1109207 0 0 0 	33131960 1109207 0 	459.9 	3 	129
27544100000000 27544200000320 	10600029712 31237325663 1125930 	10598903782 1125930 0 0 0 	33632043 1125930 0 	459.669 	3 	129
27569700000000 27569800000320 	10800030352 31827175691 1142883 	10798887469 1142883 0 0 0 	34137702 1142883 0 	459.448 	3 	129
27595300000000 27595400000320 	11000030992 32417048794 1159424 	10998871568 1159424 0 0 0 	34637395 1159424 0 	459.234 	3 	129
27620900000000 27621000000320 	11200031632 33006917478 1175789 	11198855843 1175789 0 0 0 	35127405 1175789 0 	459.029 	3 	129
27646500000000 27646600000320 	11400032272 33596733157 1192053 	11398840219 1192053 0 0 0 	35611198 1192053 0 	458.831 	3 	129
27672100000000 27672200000400 	11600033072 34186652728 1208047 	11598825025 1208047 0 0 0 	36088158 1208047 0 	458.585 	3 	129
27697700000000 27697800000400 	11800033872 34776616898 1223918 	11798809954 1223918 0 0 0 	36569051 1223918 0 	458.348 	3 	129
27723300000000 27723400000400 	12000034672 35366531728 1239955 	11998794717 1239955 0 0 0 	37043780 1239955 0 	458.119 	3 	129
27748900000000 27749000000400 	12200035472 35956478934 1255788 	12198779684 1255788 0 0 0 	37518686 1255788 0 	457.898 	3 	129
27774500000000 27774600000400 	12400036272 36546501239 1271637 	12398764635 1271637 0 0 0 	37994358 1271637 0 	457.684 	3 	129
27800100000000 27800200000400 	12600037072 37136504669 1287280 	12598749792 1287280 0 0 0 	38458451 1287280 0 	457.477 	3 	129
27825700000000 27825800000400 	12800037872 37726505013 1302614 	12798735258 1302614 0 0 0 	38915270 1302614 0 	457.276 	3 	129
27851300000000 27851400000290 	13000038452 38316525116 1317958 	12998720494 1317958 0 0 0 	39372064 1317958 0 	457.033 	3 	129
27876900000000 27877000000290 	13200039032 38906590654 1333012 	13198706020 1333012 0 0 0 	39824759 1333012 0 	456.798 	3 	129
27902500000000 27902600000290 	13400039612 39496648696 1347740 	13398691872 1347740 0 0 0 	40266927 1347740 0 	456.57 	3 	129
27928100000000 27928200000290 	13600040192 40086707831 1362414 	13598677778 1362414 0 0 0 	40706319 1362414 0 	456.349 	3 	129
27953700000000 27953800000290 	13800040772 40676734303 1377077 	13798663695 1377077 0 0 0 	41148165 1377077 0 	456.134 	3 	129
27979300000000 27979400000290 	14000041352 41266896633 1391560 	13998649792 1391560 0 0 0 	41584834 1391560 0 	455.926 	3 	129
28004900000000 28005000000290 	14200041932 41857067165 1406014 	14198635918 1406014 0 0 0 	42012579 1406014 0 	455.723 	3 	129
28030500000000 28030600000290 	14400042512 42447188162 1420238 	14398622274 1420238 0 0 0 	42436886 1420238 0 	455.527 	3 	129
28056100000000 28056200000249 	14600043010 43037293338 1434255 	14598608755 1434255 0 0 0 	42858938 1434255 0 	455.292 	3 	129
28081700000000 28081800000249 	14800043508 43627481386 1448458 	14798595050 1448458 0 0 0 	43286289 1448458 0 	455.064 	3 	129
28107300000000 28107400000249 	15000044006 44217679786 1462476 	14998581530 1462476 0 0 0 	43707472 1462476 0 	454.842 	3 	129
28132900000000 28133000000249 	15200044504 44807883673 1476545 	15198567959 1476545 0 0 0 	44125325 1476545 0 	454.626 	3 	129
28158500000000 28158600000249 	15400045002 45398030431 1490125 	15398554877 1490125 0 0 0 	44531568 1490125 0 	454.416 	3 	129
28184100000000 28184200000249 	15600045500 45988233464 1504101 	15598541399 1504101 0 0 0 	44948748 1504101 0 	454.212 	3 	129
28209700000000 28209800000249 	15800045998 46578507438 1517793 	15798528205 1517793 0 0 0 	45361192 1517793 0 	454.012 	3 	129
28235300000000 28235400000088 	16000046174 47168726754 1531147 	15998515027 1531147 0 0 0 	45762533 1531147 0 	453.778 	3 	129
28260900000000 28261000000088 	16200046350 47758964894 1544512 	16198501838 1544512 0 0 0 	46164484 1544512 0 	453.55 	3 	129
28286500000000 28286600000088 	16400046526 48349276981 1557682 	16398488844 1557682 0 0 0 	46559236 1557682 0 	453.327 	3 	129
28312100000000 28312200000088 	16600046702 48939596750 1570742 	16598475960 1570742 0 0 0 	46953408 1570742 0 	453.11 	3 	129
28337700000000 28337800000088 	16800046878 49529932212 1583752 	16798463126 1583752 0 0 0 	47342098 1583752 0 	452.899 	3 	129
28363300000000 28363400000088 	17000047054 50120236980 1596672 	16998450382 1596672 0 0 0 	47730299 1596672 0 	452.692 	3 	129
28388900000000 28389000000088 	17200047230 50710612165 1609518 	17198437712 1609518 0 0 0 	48112324 1609518 0 	452.491 	3 	129
28414500000000 28414600000110 	17400047450 51300969125 1622400 	17398425050 1622400 0 0 0 	48503838 1622400 0 	452.269 	3 	129
28440100000000 28440200000110 	17600047670 51891317928 1634963 	17598412707 1634963 0 0 0 	48884798 1634963 0 	452.053 	3 	129
28465700000000 28465800000110 	17800047890 52481764266 1647551 	17798400339 1647551 0 0 0 	49262559 1647551 0 	451.842 	3 	129
28491300000000 28491400000110 	18000048110 53072219860 1659875 	17998388235 1659875 0 0 0 	49629595 1659875 0 	451.636 	3 	129
28516900000000 28517000000110 	18200048330 53662690586 1672065 	18198376265 1672065 0 0 0 	49998184 1672065 0 	451.434 	3 	129
28542500000000 28542600000110 	18400048550 54253150651 1684180 	18398364370 1684180 0 0 0 	50360893 1684180 0 	451.237 	3 	129
28568100000000 28568200000110 	18600048770 54843610575 1695977 	18598352793 1695977 0 0 0 	50714841 1695977 0 	451.044 	3 	129
28593700000000 28593800000110 	18800048990 55434104541 1708000 	18798340990 1708000 0 0 0 	51073748 1708000 0 	450.856 	3 	129
28619300000000 28619400000189 	19000049368 56024616359 1719967 	18998329401 1719967 0 0 0 	51429583 1719967 0 	450.638 	3 	129
28644900000000 28645000000189 	19200049746 56615135972 1731776 	19198317970 1731776 0 0 0 	51781319 1731776 0 	450.424 	3 	129
28670500000000 28670600000189 	19400050124 57205694961 1743416 	19398306708 1743416 0 0 0 	52129310 1743416 0 	450.215 	3 	129
28696100000000 28696200000189 	19600050502 57796241759 1755000 	19598295502 1755000 0 0 0 	52474363 1755000 0 	450.01 	3 	129
28721700000000 28721800000189 	19800050880 58386828646 1766395 	19798284485 1766395 0 0 0 	52814119 1766395 0 	449.809 	3 	129
28747300000000 28747400000189 	20000051258 58977414174 1777601 	19998273657 1777601 0 0 0 	53144840 1777601 0 	449.613 	3 	129
28772900000000 28773000000189 	20200051636 59568066120 1788810 	20198262826 1788810 0 0 0 	53479197 1788810 0 	449.421 	3 	129
28798500000000 28798600000060 	20400051756 60158687820 1799912 	20398251844 1799912 0 0 0 	53810148 1799912 0 	449.201 	3 	129
28824100000000 28824200000060 	20600051876 60749316414 1811113 	20598240763 1811113 0 0 0 	54142499 1811113 0 	448.985 	3 	129
28849700000000 28849800000060 	20800051996 61339933198 1822045 	20798229951 1822045 0 0 0 	54465220 1822045 0 	448.773 	3 	129
28875300000000 28875400000060 	21000052116 61930630727 1832810 	20998219306 1832810 0 0 0 	54784714 1832810 0 	448.566 	3 	129
28900900000000 28901000000060 	21200052236 62521333050 1843547 	21198208689 1843547 0 0 0 	55109786 1843547 0 	448.363 	3 	129
28926500000000 28926600000060 	21400052356 63112014860 1854012 	21398198344 1854012 0 0 0 	55429402 1854012 0 	448.163 	3 	129
28952100000000 28952200000060 	21600052476 63702786114 1864385 	21598188091 1864385 0 0 0 	55741897 1864385 0 	447.968 	3 	129
28977700000000 28977800000060 	21800052596 64293485325 1874838 	21798177758 1874838 0 0 0 	56057321 1874838 0 	447.776 	3 	129
29003300000000 29003400000375 	22000053346 64884269189 1885283 	21998168063 1885283 0 0 0 	56364658 1885283 0 	447.558 	3 	129
29028900000000 29029000000375 	22200054096 65475004569 1895531 	22198158565 1895531 0 0 0 	56666517 1895531 0 	447.344 	3 	129
29054500000000 29054600000375 	22400054846 66065788260 1905524 	22398149322 1905524 0 0 0 	56971789 1905524 0 	447.134 	3 	129
29080100000000 29080200000375 	22600055596 66656621685 1915729 	22598139867 1915729 0 0 0 	57276173 1915729 0 	446.928 	3 	129
29105700000000 29105800000308 	22800056212 67247750542 1969503 	22798086709 1969503 0 0 0 	58875952 1969503 0 	447.4 	3 	129
29131300000000 29131400000308 	23000056828 67839006077 2022734 	22998034094 2022734 0 0 0 	60478327 2022734 0 	447.865 	3 	129
29156900000000 29157000000308 	23200057444 68430168585 2075503 	23197981941 2075503 0 0 0 	62068618 2075503 0 	448.322 	3 	129
29182500000000 29182600000308 	23400058060 69021385205 2127950 	23397930110 2127950 0 0 0 	63647281 2127950 0 	448.773 	3 	129
29208100000000 29208200000308 	23600058676 69612613952 2179880 	23597878796 2179880 0 0 0 	65197069 2179880 0 	449.217 	3 	129
29233700000000 29233800000308 	23800059292 70203868763 2231555 	23797827737 2231555 0 0 0 	66740916 2231555 0 	449.654 	3 	129
29259300000000 29259400000308 	24000059908 70795117949 2283018 	23997776890 2283018 0 0 0 	68270855 2283018 0 	450.085 	3 	129
29284900000000 29285000000308 	24200060524 71386396099 2333869 	24197726655 2333869 0 0 0 	69801464 2333869 0 	450.509 	3 	129
29310500000000 29310600000308 	24400061140 71977690999 2384221 	24397676919 2384221 0 0 0 	71323702 2384221 0 	450.928 	3 	129
29336100000000 29336200000152 	24600061444 72569006327 2434188 	24597627256 2434188 0 0 0 	72815059 2434188 0 	451.314 	3 	129
29361700000000 29361800000152 	24800061748 73160315739 2484242 	24797577506 2484242 0 0 0 	74312590 2484242 0 	451.695 	3 	129
29387300000000 29387400000152 	25000062052 73751628122 2533913 	24997528139 2533913 0 0 0 	75793213 2533913 0 	452.07 	3 	129
29412900000000 29413000000152 	25200062356 74342963160 2582843 	25197479513 2582843 0 0 0 	77261079 2582843 0 	452.44 	3 	129
29438500000000 29438600000152 	25400062660 74934274637 2631456 	25397431204 2631456 0 0 0 	78723894 2631456 0 	452.805 	3 	129
29464100000000 29464200000152 	25600062964 75525651666 2680158 	25597382806 2680158 0 0 0 	80178312 2680158 0 	453.164 	3 	129
29489700000000 29489800000152 	25800063268 76117031157 2728362 	25797334906 2728362 0 0 0 	81627646 2728362 0 	453.519 	3 	129
29515300000000 29515400000152 	26000063572 76708361294 2776291 	25997287281 2776291 0 0 0 	83074721 2776291 0 	453.869 	3 	129
29540900000000 29541000000152 	26200063876 77299696631 2823776 	26197240100 2823776 0 0 0 	84496231 2823776 0 	454.214 	3 	129
29566500000000 29566600000000 	26400063876 77891192865 2870794 	26397193082 2870794 0 0 0 	85922660 2870794 0 	454.529 	3 	129
29592100000000 29592200000000 	26600063876 78482682750 2918058 	26597145818 2918058 0 0 0 	87345491 2918058 0 	454.84 	3 	129
29617700000000 29617800000000 	26800063876 79074103575 2964751 	26797099125 2964751 0 0 0 	88754442 2964751 0 	455.147 	3 	129
29643300000000 29643400000000 	27000063876 79665556112 3011277 	26997052599 3011277 0 0 0 	90155092 3011277 0 	455.449 	3 	129
29668900000000 29669000000000 	27200063876 80257064764 3057012 	27197006864 3057012 0 0 0 	91532938 3057012 0 	455.748 	3 	129
29694500000000 29694600000000 	27400063876 80848595943 3102372 	27396961504 3102372 0 0 0 	92899652 3102372 0 	456.043 	3 	129
29720100000000 29720200000000 	27600063876 81440069246 3147763 	27596916113 3147763 0 0 0 	94260364 3147763 0 	456.333 	3 	129
29745700000000 29745800000000 	27800063876 82031597615 3192389 	27796871487 3192389 0 0 0 	95595735 3192389 0 	456.62 	3 	129
29771300000000 29771400000000 	28000063876 82623142326 3236752 	27996827124 3236752 0 0 0 	96930500 3236752 0 	456.903 	3 	129
29796900000000 29797000000048 	28200063972 83214704003 3281092 	28196782880 3281092 0 0 0 	98263726 3281092 0 	457.159 	3 	129
29822500000000 29822600000048 	28400064068 83806315709 3324861 	28396739207 3324861 0 0 0 	99586797 3324861 0 	457.411 	3 	129
29848100000000 29848200000048 	28600064164 84397843115 3368094 	28596696070 3368094 0 0 0 	100884905 3368094 0 	457.66 	3 	129
29873700000000 29873800000048 	28800064260 84989418477 3411213 	28796653047 3411213 0 0 0 	102174167 3411213 0 	457.906 	3 	129
29899300000000 29899400000048 	29000064356 85581018864 3454481 	28996609875 3454481 0 0 0 	103462145 3454481 0 	458.149 	3 	129
29924900000000 29925000000048 	29200064452 86172613426 3496889 	29196567563 3496889 0 0 0 	104727811 3496889 0 	458.388 	3 	129
29950500000000 29950600000048 	29400064548 86764241572 3539049 	29396525499 3539049 0 0 0 	105992772 3539049 0 	458.625 	3 	129
29976100000000 29976200000048 	29600064644 87355918211 3581145 	29596483499 3581145 0 0 0 	107254937 3581145 0 	458.858 	3 	129
