26214400000000 26214500000365 	200000730 588937398 26265 	199974465 26265 0 0 0 	785752 26265 0 	471 	3 	144
26240000000000 26240100000365 	400001460 1177877826 52437 	399949023 52437 0 0 0 	1570794 52437 0 	471 	3 	144
26265600000000 26265700000365 	600002190 1766837652 77952 	599924238 77952 0 0 0 	2327486 77952 0 	471 	3 	144
26291200000000 26291300000365 	800002920 2355915590 103685 	799899235 103685 0 0 0 	3088882 103685 0 	471 	3 	144
26316800000000 26316900000365 	1000003650 2944905083 128967 	999874683 128967 0 0 0 	3836765 128967 0 	471 	3 	144
26342400000000 26342500000368 	1200004386 3533940177 154231 	1199850155 154231 0 0 0 	4593114 154231 0 	470.497 	3 	144
26368000000000 26368100000368 	1400005122 4123036300 179603 	1399825519 179603 0 0 0 	5354718 179603 0 	470.139 	3 	144
26393600000000 26393700000368 	1600005858 4712156239 204294 	1599801564 204294 0 0 0 	6090365 204294 0 	469.871 	3 	144
26419200000000 26419300000368 	1800006594 5301277117 229049 	1799777545 229049 0 0 0 	6833352 229049 0 	469.662 	3 	144
26444800000000 26444900000368 	2000007330 5890396491 253199 	1999754131 253199 0 0 0 	7555659 253199 0 	469.495 	3 	144
26470400000000 26470500000368 	2200008066 6479553368 277480 	2199730586 277480 0 0 0 	8288059 277480 0 	469.359 	3 	144
26496000000000 26496100000368 	2400008802 7068691488 301686 	2399707116 301686 0 0 0 	9005556 301686 0 	469.245 	3 	144
26521600000000 26521700000352 	2600009506 7657788984 325568 	2599683938 325568 0 0 0 	9717557 325568 0 	468.838 	3 	144
26547200000000 26547300000352 	2800010210 8246935969 349051 	2799661159 349051 0 0 0 	10428540 349051 0 	468.489 	3 	144
26572800000000 26572900000352 	3000010914 8836098417 372416 	2999638498 372416 0 0 0 	11117908 372416 0 	468.187 	3 	144
26598400000000 26598500000352 	3200011618 9425394833 395709 	3199615909 395709 0 0 0 	11814736 395709 0 	467.923 	3 	144
26624000000000 26624100000352 	3400012322 10014614956 418662 	3399593660 418662 0 0 0 	12506389 418662 0 	467.69 	3 	144
26649600000000 26649700000352 	3600013026 10603875654 441410 	3599571616 441410 0 0 0 	13185197 441410 0 	467.484 	3 	144
26675200000000 26675300000352 	3800013730 11193141015 464106 	3799549624 464106 0 0 0 	13861045 464106 0 	467.299 	3 	144
26700800000000 26700900000352 	4000014434 11782427210 486145 	3999528289 486145 0 0 0 	14522588 486145 0 	467.133 	3 	144
26726400000000 26726500000120 	4200014674 12371765399 508174 	4199506500 508174 0 0 0 	15183829 508174 0 	466.837 	3 	144
26752000000000 26752100000120 	4400014914 12961110683 530290 	4399484624 530290 0 0 0 	15847224 530290 0 	466.569 	3 	144
26777600000000 26777700000120 	4600015154 13550403304 551964 	4599463190 551964 0 0 0 	16496761 551964 0 	466.324 	3 	144
26803200000000 26803300000120 	4800015394 14139725250 573554 	4799441840 573554 0 0 0 	17138044 573554 0 	466.1 	3 	144
26828800000000 26828900000120 	5000015634 14729027955 594927 	4999420707 594927 0 0 0 	17772211 594927 0 	465.893 	3 	144
26854400000000 26854500000120 	5200015874 15318348544 616056 	5199399818 616056 0 0 0 	18401638 616056 0 	465.703 	3 	144
26880000000000 26880100000120 	5400016114 15907679465 636907 	5399379207 636907 0 0 0 	19022471 636907 0 	465.527 	3 	144
26905600000000 26905700000178 	5600016470 16497113712 657648 	5599358822 657648 0 0 0 	19642408 657648 0 	465.254 	3 	144
26931200000000 26931300000178 	5800016826 17086549597 678573 	5799338253 678573 0 0 0 	20263957 678573 0 	465 	3 	144
26956800000000 26956900000178 	6000017182 17675975129 698761 	5999318421 698761 0 0 0 	20863583 698761 0 	464.764 	3 	144
26982400000000 26982500000178 	6200017538 18265427297 719181 	6199298357 719181 0 0 0 	21477008 719181 0 	464.542 	3 	144
27008000000000 27008100000178 	6400017894 18854892856 739178 	6399278716 739178 0 0 0 	22074600 739178 0 	464.335 	3 	144
27033600000000 27033700000178 	6600018250 19444392204 759050 	6599259200 759050 0 0 0 	22665488 759050 0 	464.14 	3 	144
27059200000000 27059300000178 	6800018606 20033905976 778909 	6799239697 778909 0 0 0 	23261088 778909 0 	463.957 	3 	144
27084800000000 27084900000178 	7000018962 20623376798 798641 	6999220321 798641 0 0 0 	23844501 798641 0 	463.785 	3 	144
27110400000000 27110500000355 	7200019672 21212951776 818269 	7199201403 818269 0 0 0 	24425392 818269 0 	463.536 	3 	144
27136000000000 27136100000355 	7400020382 21802499410 837498 	7399182884 837498 0 0 0 	25012224 837498 0 	463.302 	3 	144
27161600000000 27161700000355 	7600021092 22392112732 856692 	7599164400 856692 0 0 0 	25583006 856692 0 	463.079 	3 	144
27187200000000 27187300000355 	7800021802 22981726590 875549 	7799146253 875549 0 0 0 	26150482 875549 0 	462.868 	3 	144
27212800000000 27212900000355 	8000022512 23571366567 894454 	7999128058 894454 0 0 0 	26715317 894454 0 	462.668 	3 	144
27238400000000 27238500000355 	8200023222 24160977253 913100 	8199110122 913100 0 0 0 	27271317 913100 0 	462.478 	3 	144
27264000000000 27264100000355 	8400023932 24750625392 931627 	8399092305 931627 0 0 0 	27827132 931627 0 	462.297 	3 	144
27289600000000 27289700000230 	8600024392 25340340634 950351 	8599074041 950351 0 0 0 	28380459 950351 0 	462.028 	3 	144
27315200000000 27315300000230 	8800024852 25930044838 968457 	8799056395 968457 0 0 0 	28919050 968457 0 	461.772 	3 	144
27340800000000 27340900000230 	9000025312 26519695638 986534 	8999038778 986534 0 0 0 	29462000 986534 0 	461.527 	3 	144
27366400000000 27366500000230 	9200025772 27109439609 1004759 	9199021013 1004759 0 0 0 	30015844 1004759 0 	461.293 	3 	144
27392000000000 27392100000230 	9400026232 27699155347 1022454 	9399003778 1022454 0 0 0 	30550679 1022454 0 	461.069 	3 	144
27417600000000 27417700000230 	9600026692 28288892612 1040061 	9598986631 1040061 0 0 0 	31068341 1040061 0 	460.854 	3 	144
27443200000000 27443300000230 	9800027152 28878660637 1057489 	9798969663 1057489 0 0 0 	31592666 1057489 0 	460.649 	3 	144
27468800000000 27468900000320 	10000027792 29468475420 1074915 	9998952877 1074915 0 0 0 	32120101 1074915 0 	460.389 	3 	144
27494400000000 27494500000320 	10200028432 30058264377 1092203 	10198936229 1092203 0 0 0 	32637666 1092203 0 	460.14 	3 	144
27520000000000 27520100000320 	10400029072 30648115371 1109126 	10398919946 1109126 0 0 0 	33149548 1109126 0 	459.9 	3 	144
27545600000000 27545700000320 	10600029712 31237957400 1125977 	10598903735 1125977 0 0 0 	33651750 1125977 0 	459.669 	3 	144
27571200000000 27571300000320 	10800030352 31827789375 1142825 	10798887527 1142825 0 0 0 	34159838 1142825 0 	459.448 	3 	144
27596800000000 27596900000320 	11000030992 32417660182 1159246 	10998871746 1159246 0 0 0 	34649812 1159246 0 	459.234 	3 	144
27622400000000 27622500000320 	11200031632 33007509584 1175699 	11198855933 1175699 0 0 0 	35142576 1175699 0 	459.029 	3 	144
27648000000000 27648100000320 	11400032272 33597415654 1191868 	11398840404 1191868 0 0 0 	35624121 1191868 0 	458.831 	3 	144
27673600000000 27673700000400 	11600033072 34187299639 1207886 	11598825186 1207886 0 0 0 	36105188 1207886 0 	458.585 	3 	144
27699200000000 27699300000400 	11800033872 34777202138 1223742 	11798810130 1223742 0 0 0 	36576568 1223742 0 	458.348 	3 	144
27724800000000 27724900000400 	12000034672 35367177986 1239832 	11998794840 1239832 0 0 0 	37059370 1239832 0 	458.119 	3 	144
27750400000000 27750500000400 	12200035472 35957145347 1255645 	12198779827 1255645 0 0 0 	37541167 1255645 0 	457.898 	3 	144
27776000000000 27776100000400 	12400036272 36547113100 1271435 	12398764837 1271435 0 0 0 	38015314 1271435 0 	457.684 	3 	144
27801600000000 27801700000400 	12600037072 37137133701 1286861 	12598750211 1286861 0 0 0 	38475018 1286861 0 	457.477 	3 	144
27827200000000 27827300000400 	12800037872 37727098540 1302248 	12798735624 1302248 0 0 0 	38932467 1302248 0 	457.276 	3 	144
27852800000000 27852900000290 	13000038452 38317126232 1317508 	12998720944 1317508 0 0 0 	39388227 1317508 0 	457.033 	3 	144
27878400000000 27878500000290 	13200039032 38907156785 1332593 	13198706439 1332593 0 0 0 	39831859 1332593 0 	456.798 	3 	144
27904000000000 27904100000290 	13400039612 39497250128 1347527 	13398692085 1347527 0 0 0 	40285530 1347527 0 	456.57 	3 	144
27929600000000 27929700000290 	13600040192 40087278973 1362614 	13598677578 1362614 0 0 0 	40738443 1362614 0 	456.349 	3 	144
27955200000000 27955300000290 	13800040772 40677350193 1377246 	13798663526 1377246 0 0 0 	41179724 1377246 0 	456.134 	3 	144
27980800000000 27980900000290 	14000041352 41267449660 1391929 	13998649423 1391929 0 0 0 	41619192 1391929 0 	455.926 	3 	144
28006400000000 28006500000290 	14200041932 41857537601 1406434 	14198635498 1406434 0 0 0 	42052795 1406434 0 	455.723 	3 	144
28032000000000 28032100000290 	14400042512 42447662273 1420536 	14398621976 1420536 0 0 0 	42469443 1420536 0 	455.527 	3 	144
28057600000000 28057700000249 	14600043010 43037772598 1434653 	14598608357 1434653 0 0 0 	42893782 1434653 0 	455.292 	3 	144
28083200000000 28083300000249 	14800043508 43627914457 1448839 	14798594669 1448839 0 0 0 	43320625 1448839 0 	455.064 	3 	144
28108800000000 28108900000249 	15000044006 44218100301 1462731 	14998581275 1462731 0 0 0 	43733781 1462731 0 	454.842 	3 	144
28134400000000 28134500000249 	15200044504 44808272137 1476619 	15198567885 1476619 0 0 0 	44151188 1476619 0 	454.626 	3 	144
28160000000000 28160100000249 	15400045002 45398522137 1490318 	15398554684 1490318 0 0 0 	44562109 1490318 0 	454.416 	3 	144
28185600000000 28185700000249 	15600045500 45988755176 1503942 	15598541558 1503942 0 0 0 	44969405 1503942 0 	454.212 	3 	144
28211200000000 28211300000249 	15800045998 46578984821 1517333 	15798528665 1517333 0 0 0 	45371226 1517333 0 	454.012 	3 	144
28236800000000 28236900000088 	16000046174 47169281907 1530625 	15998515549 1530625 0 0 0 	45775005 1530625 0 	453.778 	3 	144
28262400000000 28262500000088 	16200046350 47759574400 1543989 	16198502361 1543989 0 0 0 	46175949 1543989 0 	453.55 	3 	144
28288000000000 28288100000088 	16400046526 48349846302 1557078 	16398489448 1557078 0 0 0 	46557790 1557078 0 	453.327 	3 	144
28313600000000 28313700000088 	16600046702 48940138025 1570201 	16598476501 1570201 0 0 0 	46952473 1570201 0 	453.11 	3 	144
28339200000000 28339300000088 	16800046878 49530480346 1582965 	16798463913 1582965 0 0 0 	47333409 1582965 0 	452.899 	3 	144
28364800000000 28364900000088 	17000047054 50120866681 1595849 	16998451205 1595849 0 0 0 	47718806 1595849 0 	452.692 	3 	144
28390400000000 28390500000088 	17200047230 50711162764 1608831 	17198438399 1608831 0 0 0 	48110191 1608831 0 	452.491 	3 	144
28416000000000 28416100000110 	17400047450 51301509544 1621317 	17398426133 1621317 0 0 0 	48488916 1621317 0 	452.269 	3 	144
28441600000000 28441700000110 	17600047670 51891920347 1633905 	17598413765 1633905 0 0 0 	48864812 1633905 0 	452.053 	3 	144
28467200000000 28467300000110 	17800047890 52482304237 1646048 	17798401842 1646048 0 0 0 	49224334 1646048 0 	451.842 	3 	144
28492800000000 28492900000110 	18000048110 53072740349 1658364 	17998389746 1658364 0 0 0 	49596033 1658364 0 	451.636 	3 	144
28518400000000 28518500000110 	18200048330 53663108718 1670421 	18198377909 1670421 0 0 0 	49953413 1670421 0 	451.434 	3 	144
28544000000000 28544100000110 	18400048550 54253592298 1682358 	18398366192 1682358 0 0 0 	50306246 1682358 0 	451.237 	3 	144
28569600000000 28569700000110 	18600048770 54844040920 1694164 	18598354606 1694164 0 0 0 	50652840 1694164 0 	451.044 	3 	144
28595200000000 28595300000110 	18800048990 55434543450 1706012 	18798342978 1706012 0 0 0 	51012477 1706012 0 	450.856 	3 	144
28620800000000 28620900000189 	19000049368 56025032529 1717729 	18998331639 1717729 0 0 0 	51366319 1717729 0 	450.638 	3 	144
28646400000000 28646500000189 	19200049746 56615542205 1729339 	19198320407 1729339 0 0 0 	51717455 1729339 0 	450.424 	3 	144
28672000000000 28672100000189 	19400050124 57206070144 1740987 	19398309137 1740987 0 0 0 	52063540 1740987 0 	450.215 	3 	144
28697600000000 28697700000189 	19600050502 57796637837 1752691 	19598297811 1752691 0 0 0 	52414137 1752691 0 	450.01 	3 	144
28723200000000 28723300000189 	19800050880 58387245591 1764229 	19798286651 1764229 0 0 0 	52761040 1764229 0 	449.809 	3 	144
28748800000000 28748900000189 	20000051258 58977825837 1775692 	19998275566 1775692 0 0 0 	53105626 1775692 0 	449.613 	3 	144
28774400000000 28774500000189 	20200051636 59568365834 1786969 	20198264667 1786969 0 0 0 	53445534 1786969 0 	449.421 	3 	144
28800000000000 28800100000060 	20400051756 60158976661 1798005 	20398253751 1798005 0 0 0 	53775881 1798005 0 	449.201 	3 	144
28825600000000 28825700000060 	20600051876 60749605291 1808916 	20598242960 1808916 0 0 0 	54103943 1808916 0 	448.985 	3 	144
28851200000000 28851300000060 	20800051996 61340316686 1819849 	20798232147 1819849 0 0 0 	54432988 1819849 0 	448.773 	3 	144
28876800000000 28876900000060 	21000052116 61931033113 1830615 	20998221501 1830615 0 0 0 	54760335 1830615 0 	448.566 	3 	144
28902400000000 28902500000060 	21200052236 62521647683 1841281 	21198210955 1841281 0 0 0 	55081696 1841281 0 	448.363 	3 	144
28928000000000 28928100000060 	21400052356 63112309006 1852042 	21398200314 1852042 0 0 0 	55405162 1852042 0 	448.163 	3 	144
28953600000000 28953700000060 	21600052476 63702996431 1862473 	21598190003 1862473 0 0 0 	55719847 1862473 0 	447.968 	3 	144
28979200000000 28979300000217 	21800052910 64293669592 1872830 	21798180080 1872830 0 0 0 	56027732 1872830 0 	447.748 	3 	144
29004800000000 29004900000375 	22000053660 64884380500 1883255 	21998170405 1883255 0 0 0 	56334698 1883255 0 	447.53 	3 	144
29030400000000 29030500000375 	22200054410 65475123960 1893704 	22198160706 1893704 0 0 0 	56653909 1893704 0 	447.316 	3 	144
29056000000000 29056100000375 	22400055160 66065920648 1903873 	22398151287 1903873 0 0 0 	56960566 1903873 0 	447.107 	3 	144
29081600000000 29081700000375 	22600055910 66656695050 1913809 	22598142101 1913809 0 0 0 	57254761 1913809 0 	446.901 	3 	144
29107200000000 29107300000308 	22800056526 67247805429 1967207 	22798089319 1967207 0 0 0 	58861609 1967207 0 	447.373 	3 	144
29132800000000 29132900000308 	23000057142 67838939879 2020400 	22998036742 2020400 0 0 0 	60462285 2020400 0 	447.838 	3 	144
29158400000000 29158500000308 	23200057758 68430175806 2072630 	23197985128 2072630 0 0 0 	62026732 2072630 0 	448.295 	3 	144
29184000000000 29184100000308 	23400058374 69021353614 2125610 	23397932764 2125610 0 0 0 	63625104 2125610 0 	448.746 	3 	144
29209600000000 29209700000308 	23600058990 69612503761 2177579 	23597881411 2177579 0 0 0 	65177755 2177579 0 	449.19 	3 	144
29235200000000 29235300000308 	23800059606 70203734291 2229066 	23797830540 2229066 0 0 0 	66724980 2229066 0 	449.628 	3 	144
29260800000000 29260900000308 	24000060222 70795009650 2280094 	23997780128 2280094 0 0 0 	68261637 2280094 0 	450.059 	3 	144
29286400000000 29286500000308 	24200060838 71386359263 2331194 	24197729644 2331194 0 0 0 	69784265 2331194 0 	450.483 	3 	144
29312000000000 29312100000308 	24400061454 71977683266 2381708 	24397679746 2381708 0 0 0 	71304160 2381708 0 	450.902 	3 	144
29337600000000 29337700000152 	24600061758 72568948032 2432239 	24597629519 2432239 0 0 0 	72824111 2432239 0 	451.288 	3 	144
29363200000000 29363300000152 	24800062062 73160212900 2482062 	24797580000 2482062 0 0 0 	74316910 2482062 0 	451.669 	3 	144
29388800000000 29388900000152 	25000062366 73751490738 2531600 	24997530766 2531600 0 0 0 	75811736 2531600 0 	452.045 	3 	144
29414400000000 29414500000152 	25200062670 74342793301 2580620 	25197482050 2580620 0 0 0 	77283698 2580620 0 	452.415 	3 	144
29440000000000 29440100000152 	25400062974 74934182082 2629875 	25397433099 2629875 0 0 0 	78764310 2629875 0 	452.78 	3 	144
29465600000000 29465700000152 	25600063278 75525604861 2678257 	25597385021 2678257 0 0 0 	80214583 2678257 0 	453.139 	3 	144
29491200000000 29491300000152 	25800063582 76116975618 2726702 	25797336880 2726702 0 0 0 	81660117 2726702 0 	453.494 	3 	144
29516800000000 29516900000152 	26000063886 76708365712 2774455 	25997289431 2774455 0 0 0 	83101256 2774455 0 	453.844 	3 	144
29542400000000 29542500000152 	26200064190 77299744133 2821659 	26197242531 2821659 0 0 0 	84513783 2821659 0 	454.189 	3 	144
29568000000000 29568100000000 	26400064190 77891161297 2868789 	26397195401 2868789 0 0 0 	85928020 2868789 0 	454.505 	3 	144
29593600000000 29593700000000 	26600064190 78482575291 2915240 	26597148950 2915240 0 0 0 	87315661 2915240 0 	454.816 	3 	144
29619200000000 29619300000000 	26800064190 79074026252 2961445 	26797102745 2961445 0 0 0 	88715845 2961445 0 	455.123 	3 	144
29644800000000 29644900000000 	27000064190 79665454759 3007709 	26997056481 3007709 0 0 0 	90094043 3007709 0 	455.425 	3 	144
29670400000000 29670500000000 	27200064190 80256867514 3053384 	27197010806 3053384 0 0 0 	91457861 3053384 0 	455.724 	3 	144
29696000000000 29696100000000 	27400064190 80848352351 3098549 	27396965641 3098549 0 0 0 	92812799 3098549 0 	456.019 	3 	144
29721600000000 29721700000000 	27600064190 81439879313 3143716 	27596920474 3143716 0 0 0 	94160575 3143716 0 	456.31 	3 	144
29747200000000 29747300000000 	27800064190 82031358411 3188871 	27796875319 3188871 0 0 0 	95515160 3188871 0 	456.597 	3 	144
29772800000000 29772900000000 	28000064190 82622882796 3233761 	27996830429 3233761 0 0 0 	96851984 3233761 0 	456.88 	3 	144
29798400000000 29798500000048 	28200064286 83214435342 3277873 	28196786413 3277873 0 0 0 	98172721 3277873 0 	457.136 	3 	144
29824000000000 29824100000048 	28400064382 83806035970 3321959 	28396742423 3321959 0 0 0 	99494775 3321959 0 	457.388 	3 	144
29849600000000 29849700000048 	28600064478 84397610309 3365685 	28596698793 3365685 0 0 0 	100809321 3365685 0 	457.637 	3 	144
29875200000000 29875300000048 	28800064574 84989165250 3409166 	28796655408 3409166 0 0 0 	102115347 3409166 0 	457.883 	3 	144
29900800000000 29900900000048 	29000064670 85580747537 3451885 	28996612785 3451885 0 0 0 	103397090 3451885 0 	458.126 	3 	144
29926400000000 29926500000048 	29200064766 86172333328 3494441 	29196570325 3494441 0 0 0 	104685241 3494441 0 	458.366 	3 	144
29952000000000 29952100000048 	29400064862 86763935915 3536746 	29396528116 3536746 0 0 0 	105954644 3536746 0 	458.602 	3 	144
29977600000000 29977700000048 	29600064958 87355576104 3578709 	29596486249 3578709 0 0 0 	107214532 3578709 0 	458.836 	3 	144
