26217000000000 26217100000365 	200000730 588929954 26223 	199974507 26223 0 0 0 	779097 26223 0 	471 	3 	170
26242600000000 26242700000365 	400001460 1177879283 52284 	399949176 52284 0 0 0 	1562988 52284 0 	471 	3 	170
26268200000000 26268300000365 	600002190 1766844110 78024 	599924166 78024 0 0 0 	2332076 78024 0 	471 	3 	170
26293800000000 26293900000365 	800002920 2355891043 103934 	799898986 103934 0 0 0 	3104994 103934 0 	471 	3 	170
26319400000000 26319500000365 	1000003650 2944864370 129337 	999874313 129337 0 0 0 	3861449 129337 0 	471 	3 	170
26345000000000 26345100000368 	1200004386 3533947307 154770 	1199849616 154770 0 0 0 	4617420 154770 0 	470.497 	3 	170
26370600000000 26370700000368 	1400005122 4122959480 179750 	1399825372 179750 0 0 0 	5360263 179750 0 	470.139 	3 	170
26396200000000 26396300000368 	1600005858 4712053590 204671 	1599801187 204671 0 0 0 	6114725 204671 0 	469.871 	3 	170
26421800000000 26421900000368 	1800006594 5301146860 229516 	1799777078 229516 0 0 0 	6849803 229516 0 	469.662 	3 	170
26447400000000 26447500000368 	2000007330 5890252653 254036 	1999753294 254036 0 0 0 	7583050 254036 0 	469.495 	3 	170
26473000000000 26473100000368 	2200008066 6479413198 278008 	2199730058 278008 0 0 0 	8300134 278008 0 	469.359 	3 	170
26498600000000 26498700000368 	2400008802 7068509059 302119 	2399706683 302119 0 0 0 	9024124 302119 0 	469.245 	3 	170
26524200000000 26524300000352 	2600009506 7657643670 326002 	2599683504 326002 0 0 0 	9741179 326002 0 	468.838 	3 	170
26549800000000 26549900000352 	2800010210 8246885195 349789 	2799660421 349789 0 0 0 	10456784 349789 0 	468.489 	3 	170
26575400000000 26575500000352 	3000010914 8836035643 373320 	2999637594 373320 0 0 0 	11160750 373320 0 	468.187 	3 	170
26601000000000 26601100000352 	3200011618 9425204518 396286 	3199615332 396286 0 0 0 	11838793 396286 0 	467.923 	3 	170
26626600000000 26626700000352 	3400012322 10014466204 419486 	3399592836 419486 0 0 0 	12536324 419486 0 	467.69 	3 	170
26652200000000 26652300000352 	3600013026 10603711668 442009 	3599571017 442009 0 0 0 	13213536 442009 0 	467.484 	3 	170
26677800000000 26677900000352 	3800013730 11193014430 464309 	3799549421 464309 0 0 0 	13880078 464309 0 	467.299 	3 	170
26703400000000 26703500000352 	4000014434 11782317103 486761 	3999527673 486761 0 0 0 	14550344 486761 0 	467.133 	3 	170
26729000000000 26729100000120 	4200014674 12371606624 508871 	4199505803 508871 0 0 0 	15214025 508871 0 	466.837 	3 	170
26754600000000 26754700000120 	4400014914 12960864084 530926 	4399483988 530926 0 0 0 	15866614 530926 0 	466.569 	3 	170
26780200000000 26780300000120 	4600015154 13550185008 552733 	4599462421 552733 0 0 0 	16519581 552733 0 	466.324 	3 	170
26805800000000 26805900000120 	4800015394 14139555180 574448 	4799440946 574448 0 0 0 	17178701 574448 0 	466.1 	3 	170
26831400000000 26831500000120 	5000015634 14728907537 595911 	4999419723 595911 0 0 0 	17821042 595911 0 	465.893 	3 	170
26857000000000 26857100000120 	5200015874 15318261054 617191 	5199398683 617191 0 0 0 	18463206 617191 0 	465.703 	3 	170
26882600000000 26882700000120 	5400016114 15907664673 638252 	5399377862 638252 0 0 0 	19096095 638252 0 	465.527 	3 	170
26908200000000 26908300000178 	5600016470 16497029782 659198 	5599357272 659198 0 0 0 	19725892 659198 0 	465.254 	3 	170
26933800000000 26933900000178 	5800016826 17086477175 679906 	5799336920 679906 0 0 0 	20342824 679906 0 	465 	3 	170
26959400000000 26959500000178 	6000017182 17675927389 700391 	5999316791 700391 0 0 0 	20956196 700391 0 	464.764 	3 	170
26985000000000 26985100000178 	6200017538 18265390920 720613 	6199296925 720613 0 0 0 	21559619 720613 0 	464.542 	3 	170
27010600000000 27010700000178 	6400017894 18854921193 740493 	6399277401 740493 0 0 0 	22161061 740493 0 	464.335 	3 	170
27036200000000 27036300000178 	6600018250 19444421107 760659 	6599257591 760659 0 0 0 	22763674 760659 0 	464.14 	3 	170
27061800000000 27061900000178 	6800018606 20033903961 780494 	6799238112 780494 0 0 0 	23355931 780494 0 	463.957 	3 	170
27087400000000 27087500000355 	7000019316 20623362765 800219 	6999219097 800219 0 0 0 	23946408 800219 0 	463.697 	3 	170
27113000000000 27113100000355 	7200020026 21212867979 819606 	7199200420 819606 0 0 0 	24524612 819606 0 	463.451 	3 	170
27138600000000 27138700000355 	7400020736 21802416196 838774 	7399181962 838774 0 0 0 	25098612 838774 0 	463.218 	3 	170
27164200000000 27164300000355 	7600021446 22391994325 858024 	7599163422 858024 0 0 0 	25675726 858024 0 	462.998 	3 	170
27189800000000 27189900000355 	7800022156 22981595051 877117 	7799145039 877117 0 0 0 	26244937 877117 0 	462.789 	3 	170
27215400000000 27215500000355 	8000022866 23571167636 896000 	7999126866 896000 0 0 0 	26806462 896000 0 	462.591 	3 	170
27241000000000 27241100000355 	8200023576 24160773687 914623 	8199108953 914623 0 0 0 	27363293 914623 0 	462.403 	3 	170
27266600000000 27266700000355 	8400024286 24750361162 932912 	8399091374 932912 0 0 0 	27909696 932912 0 	462.224 	3 	170
27292200000000 27292300000230 	8600024746 25340039142 951304 	8599073442 951304 0 0 0 	28470937 951304 0 	461.957 	3 	170
27317800000000 27317900000230 	8800025206 25929712286 969435 	8799055771 969435 0 0 0 	29013512 969435 0 	461.702 	3 	170
27343400000000 27343500000230 	9000025666 26519421740 987368 	8999038298 987368 0 0 0 	29549969 987368 0 	461.459 	3 	170
27369000000000 27369100000230 	9200026126 27109103661 1005125 	9199021001 1005125 0 0 0 	30082227 1005125 0 	461.226 	3 	170
27394600000000 27394700000230 	9400026586 27698870445 1022701 	9399003885 1022701 0 0 0 	30603420 1022701 0 	461.004 	3 	170
27420200000000 27420300000230 	9600027046 28288625688 1040237 	9598986809 1040237 0 0 0 	31135199 1040237 0 	460.791 	3 	170
27445800000000 27445900000230 	9800027506 28878316064 1057729 	9798969777 1057729 0 0 0 	31660116 1057729 0 	460.587 	3 	170
27471400000000 27471500000320 	10000028146 29468076902 1075148 	9998952998 1075148 0 0 0 	32177590 1075148 0 	460.328 	3 	170
27497000000000 27497100000320 	10200028786 30057849607 1092235 	10198936551 1092235 0 0 0 	32690674 1092235 0 	460.08 	3 	170
27522600000000 27522700000320 	10400029426 30647634240 1109317 	10398920109 1109317 0 0 0 	33198165 1109317 0 	459.841 	3 	170
27548200000000 27548300000320 	10600030066 31237468365 1126029 	10598904037 1126029 0 0 0 	33701408 1126029 0 	459.612 	3 	170
27573800000000 27573900000320 	10800030706 31827372227 1142658 	10798888048 1142658 0 0 0 	34198184 1142658 0 	459.392 	3 	170
27599400000000 27599500000320 	11000031346 32417254145 1159253 	10998872093 1159253 0 0 0 	34694723 1159253 0 	459.179 	3 	170
27625000000000 27625100000320 	11200031986 33007141401 1175743 	11198856243 1175743 0 0 0 	35185285 1175743 0 	458.975 	3 	170
27650600000000 27650700000320 	11400032626 33597028326 1191907 	11398840719 1191907 0 0 0 	35669053 1191907 0 	458.778 	3 	170
27676200000000 27676300000400 	11600033426 34186925856 1208021 	11598825405 1208021 0 0 0 	36153177 1208021 0 	458.533 	3 	170
27701800000000 27701900000400 	11800034226 34776824219 1224031 	11798810195 1224031 0 0 0 	36627482 1224031 0 	458.297 	3 	170
27727400000000 27727500000400 	12000035026 35366741384 1240147 	11998794879 1240147 0 0 0 	37106439 1240147 0 	458.068 	3 	170
27753000000000 27753100000400 	12200035826 35956688924 1255890 	12198779936 1255890 0 0 0 	37579482 1255890 0 	457.848 	3 	170
27778600000000 27778700000400 	12400036626 36546585543 1271458 	12398765168 1271458 0 0 0 	38045235 1271458 0 	457.635 	3 	170
27804200000000 27804300000400 	12600037426 37136635472 1286912 	12598750514 1286912 0 0 0 	38507954 1286912 0 	457.429 	3 	170
27829800000000 27829900000400 	12800038226 37726681653 1302552 	12798735674 1302552 0 0 0 	38977087 1302552 0 	457.229 	3 	170
27855400000000 27855500000290 	13000038806 38316653323 1317697 	12998721109 1317697 0 0 0 	39426071 1317697 0 	456.987 	3 	170
27881000000000 27881100000290 	13200039386 38906702819 1332685 	13198706701 1332685 0 0 0 	39875006 1332685 0 	456.752 	3 	170
27906600000000 27906700000290 	13400039966 39496780510 1347522 	13398692444 1347522 0 0 0 	40314729 1347522 0 	456.525 	3 	170
27932200000000 27932300000290 	13600040546 40086884780 1362360 	13598678186 1362360 0 0 0 	40755318 1362360 0 	456.304 	3 	170
27957800000000 27957900000290 	13800041126 40676973107 1377267 	13798663859 1377267 0 0 0 	41205709 1377267 0 	456.091 	3 	170
27983400000000 27983500000290 	14000041706 41267080782 1391878 	13998649828 1391878 0 0 0 	41644104 1391878 0 	455.883 	3 	170
28009000000000 28009100000290 	14200042286 41857252657 1406286 	14198636000 1406286 0 0 0 	42073606 1406286 0 	455.681 	3 	170
28034600000000 28034700000249 	14400042784 42447419330 1420881 	14398621903 1420881 0 0 0 	42511353 1420881 0 	455.441 	3 	170
28060200000000 28060300000249 	14600043282 43037590101 1435019 	14598608263 1435019 0 0 0 	42933249 1435019 0 	455.207 	3 	170
28085800000000 28085900000249 	14800043780 43627783771 1449184 	14798594596 1449184 0 0 0 	43352841 1449184 0 	454.98 	3 	170
28111400000000 28111500000249 	15000044278 44217979088 1463151 	14998581127 1463151 0 0 0 	43772740 1463151 0 	454.76 	3 	170
28137000000000 28137100000249 	15200044776 44808173117 1476743 	15198568033 1476743 0 0 0 	44172062 1476743 0 	454.545 	3 	170
28162600000000 28162700000249 	15400045274 45398381264 1490606 	15398554668 1490606 0 0 0 	44587974 1490606 0 	454.336 	3 	170
28188200000000 28188300000249 	15600045772 45988635628 1504185 	15598541587 1504185 0 0 0 	44990900 1504185 0 	454.133 	3 	170
28213800000000 28213900000249 	15800046270 46578867407 1517767 	15798528503 1517767 0 0 0 	45402089 1517767 0 	453.935 	3 	170
28239400000000 28239500000088 	16000046446 47169107536 1531090 	15998515356 1531090 0 0 0 	45801823 1531090 0 	453.701 	3 	170
28265000000000 28265100000088 	16200046622 47759374135 1544174 	16198502448 1544174 0 0 0 	46197711 1544174 0 	453.474 	3 	170
28290600000000 28290700000088 	16400046798 48349684275 1557469 	16398489329 1557469 0 0 0 	46593950 1557469 0 	453.252 	3 	170
28316200000000 28316300000088 	16600046974 48940047959 1570465 	16598476509 1570465 0 0 0 	46983741 1570465 0 	453.037 	3 	170
28341800000000 28341900000088 	16800047150 49530430729 1583181 	16798463969 1583181 0 0 0 	47363965 1583181 0 	452.826 	3 	170
28367400000000 28367500000088 	17000047326 50120823499 1596061 	16998451265 1596061 0 0 0 	47751822 1596061 0 	452.62 	3 	170
28393000000000 28393100000088 	17200047502 50711160248 1608717 	17198438785 1608717 0 0 0 	48133335 1608717 0 	452.42 	3 	170
28418600000000 28418700000110 	17400047722 51301511709 1621310 	17398426412 1621310 0 0 0 	48512409 1621310 0 	452.199 	3 	170
28444200000000 28444300000110 	17600047942 51891932012 1633905 	17598414037 1633905 0 0 0 	48890556 1633905 0 	451.984 	3 	170
28469800000000 28469900000110 	17800048162 52482369966 1646132 	17798402030 1646132 0 0 0 	49256785 1646132 0 	451.774 	3 	170
28495400000000 28495500000110 	18000048382 53072819843 1658632 	17998389750 1658632 0 0 0 	49635483 1658632 0 	451.568 	3 	170
28521000000000 28521100000110 	18200048602 53663202729 1670595 	18198378007 1670595 0 0 0 	49994969 1670595 0 	451.367 	3 	170
28546600000000 28546700000110 	18400048822 54253614900 1682555 	18398366267 1682555 0 0 0 	50362467 1682555 0 	451.171 	3 	170
28572200000000 28572300000110 	18600049042 54844099561 1694432 	18598354610 1694432 0 0 0 	50720670 1694432 0 	450.979 	3 	170
28597800000000 28597900000110 	18800049262 55434620004 1706540 	18798342722 1706540 0 0 0 	51084348 1706540 0 	450.792 	3 	170
28623400000000 28623500000189 	19000049640 56025121612 1718308 	18998331332 1718308 0 0 0 	51436239 1718308 0 	450.574 	3 	170
28649000000000 28649100000189 	19200050018 56615650762 1729973 	19198320045 1729973 0 0 0 	51781652 1729973 0 	450.361 	3 	170
28674600000000 28674700000189 	19400050396 57206182743 1741352 	19398309044 1741352 0 0 0 	52128413 1741352 0 	450.152 	3 	170
28700200000000 28700300000189 	19600050774 57796760483 1752933 	19598297841 1752933 0 0 0 	52477752 1752933 0 	449.948 	3 	170
28725800000000 28725900000189 	19800051152 58387386689 1764094 	19798287058 1764094 0 0 0 	52810978 1764094 0 	449.748 	3 	170
28751400000000 28751500000189 	20000051530 58977960182 1775352 	19998276178 1775352 0 0 0 	53151185 1775352 0 	449.553 	3 	170
28777000000000 28777100000189 	20200051908 59568575557 1786391 	20198265517 1786391 0 0 0 	53483472 1786391 0 	449.361 	3 	170
28802600000000 28802700000060 	20400052028 60159223447 1797458 	20398254570 1797458 0 0 0 	53810686 1797458 0 	449.142 	3 	170
28828200000000 28828300000060 	20600052148 60749854646 1808640 	20598243508 1808640 0 0 0 	54143032 1808640 0 	448.926 	3 	170
28853800000000 28853900000060 	20800052268 61340466649 1819613 	20798232655 1819613 0 0 0 	54470998 1819613 0 	448.715 	3 	170
28879400000000 28879500000060 	21000052388 61931137880 1830458 	20998221930 1830458 0 0 0 	54803990 1830458 0 	448.509 	3 	170
28905000000000 28905100000060 	21200052508 62521856943 1841326 	21198211182 1841326 0 0 0 	55127051 1841326 0 	448.306 	3 	170
28930600000000 28930700000060 	21400052628 63112517604 1852005 	21398200623 1852005 0 0 0 	55451565 1852005 0 	448.107 	3 	170
28956200000000 28956300000060 	21600052748 63703190521 1862537 	21598190211 1862537 0 0 0 	55767695 1862537 0 	447.912 	3 	170
28981800000000 28981900000375 	21800053498 64293921589 1872903 	21798180595 1872903 0 0 0 	56079498 1872903 0 	447.691 	3 	170
29007400000000 29007500000375 	22000054248 64884671007 1883024 	21998171224 1883024 0 0 0 	56384549 1883024 0 	447.474 	3 	170
29033000000000 29033100000375 	22200054998 65475447737 1893486 	22198161512 1893486 0 0 0 	56698240 1893486 0 	447.261 	3 	170
29058600000000 29058700000375 	22400055748 66066252433 1903721 	22398152027 1903721 0 0 0 	57005628 1903721 0 	447.052 	3 	170
29084200000000 29084300000375 	22600056498 66657115092 1913929 	22598142569 1913929 0 0 0 	57308087 1913929 0 	446.847 	3 	170
29109800000000 29109900000308 	22800057114 67248295566 1967705 	22798089409 1967705 0 0 0 	58912088 1967705 0 	447.319 	3 	170
29135400000000 29135500000308 	23000057730 67839494190 2020909 	22998036821 2020909 0 0 0 	60505491 2020909 0 	447.784 	3 	170
29161000000000 29161100000308 	23200058346 68430731955 2073398 	23197984948 2073398 0 0 0 	62079998 2073398 0 	448.242 	3 	170
29186600000000 29186700000308 	23400058962 69021960964 2125655 	23397933307 2125655 0 0 0 	63651615 2125655 0 	448.693 	3 	170
29212200000000 29212300000308 	23600059578 69613091551 2177567 	23597882011 2177567 0 0 0 	65207117 2177567 0 	449.138 	3 	170
29237800000000 29237900000308 	23800060194 70204298615 2229138 	23797831056 2229138 0 0 0 	66745068 2229138 0 	449.575 	3 	170
29263400000000 29263500000308 	24000060810 70795585273 2280392 	23997780418 2280392 0 0 0 	68287269 2280392 0 	450.007 	3 	170
29289000000000 29289100000308 	24200061426 71386844754 2331406 	24197730020 2331406 0 0 0 	69808455 2331406 0 	450.432 	3 	170
29314600000000 29314700000308 	24400062042 71978137712 2382421 	24397679621 2382421 0 0 0 	71339922 2382421 0 	450.85 	3 	170
29340200000000 29340300000152 	24600062346 72569343849 2432622 	24597629724 2432622 0 0 0 	72844639 2432622 0 	451.237 	3 	170
29365800000000 29365900000152 	24800062650 73160710062 2482482 	24797580168 2482482 0 0 0 	74359083 2482482 0 	451.618 	3 	170
29391400000000 29391500000152 	25000062954 73752075633 2531761 	24997531193 2531761 0 0 0 	75831068 2531761 0 	451.994 	3 	170
29417000000000 29417100000152 	25200063258 74343409103 2580652 	25197482606 2580652 0 0 0 	77303667 2580652 0 	452.365 	3 	170
29442600000000 29442700000152 	25400063562 74934724562 2629744 	25397433818 2629744 0 0 0 	78785623 2629744 0 	452.73 	3 	170
29468200000000 29468300000152 	25600063866 75526121724 2678113 	25597385753 2678113 0 0 0 	80236294 2678113 0 	453.09 	3 	170
29493800000000 29493900000152 	25800064170 76117447377 2726593 	25797337577 2726593 0 0 0 	81685612 2726593 0 	453.445 	3 	170
29519400000000 29519500000152 	26000064474 76708878751 2774186 	25997290288 2774186 0 0 0 	83110829 2774186 0 	453.795 	3 	170
29545000000000 29545100000152 	26200064778 77300308830 2821977 	26197242801 2821977 0 0 0 	84540704 2821977 0 	454.141 	3 	170
29570600000000 29570700000000 	26400064778 77891755210 2868952 	26397195826 2868952 0 0 0 	85944987 2868952 0 	454.456 	3 	170
29596200000000 29596300000000 	26600064778 78483155027 2915528 	26597149250 2915528 0 0 0 	87355246 2915528 0 	454.768 	3 	170
29621800000000 29621900000000 	26800064778 79074569041 2962033 	26797102745 2962033 0 0 0 	88758003 2962033 0 	455.075 	3 	170
29647400000000 29647500000000 	27000064778 79666032917 3008157 	26997056621 3008157 0 0 0 	90139810 3008157 0 	455.378 	3 	170
29673000000000 29673100000000 	27200064778 80257543900 3054172 	27197010606 3054172 0 0 0 	91514591 3054172 0 	455.677 	3 	170
29698600000000 29698700000000 	27400064778 80849038493 3099245 	27396965533 3099245 0 0 0 	92868988 3099245 0 	455.972 	3 	170
29724200000000 29724300000000 	27600064778 81440434580 3143908 	27596920870 3143908 0 0 0 	94209140 3143908 0 	456.263 	3 	170
29749800000000 29749900000000 	27800064778 82031905591 3188849 	27796875929 3188849 0 0 0 	95556081 3188849 0 	456.551 	3 	170
29775400000000 29775500000048 	28000064874 82623419183 3233053 	27996831821 3233053 0 0 0 	96878357 3233053 0 	456.81 	3 	170
29801000000000 29801100000048 	28200064970 83214993114 3276765 	28196788205 3276765 0 0 0 	98193183 3276765 0 	457.066 	3 	170
29826600000000 29826700000048 	28400065066 83806509070 3320776 	28396744290 3320776 0 0 0 	99510492 3320776 0 	457.319 	3 	170
29852200000000 29852300000048 	28600065162 84398061942 3364024 	28596701138 3364024 0 0 0 	100804551 3364024 0 	457.569 	3 	170
29877800000000 29877900000048 	28800065258 84989696658 3407356 	28796657902 3407356 0 0 0 	102107194 3407356 0 	457.815 	3 	170
29903400000000 29903500000048 	29000065354 85581334797 3450208 	28996615146 3450208 0 0 0 	103395316 3450208 0 	458.058 	3 	170
29929000000000 29929100000048 	29200065450 86172940450 3493108 	29196572342 3493108 0 0 0 	104683513 3493108 0 	458.298 	3 	170
29954600000000 29954700000048 	29400065546 86764575572 3535579 	29396529967 3535579 0 0 0 	105964004 3535579 0 	458.535 	3 	170
29980200000000 29980300000048 	29600065642 87356180492 3577277 	29596488365 3577277 0 0 0 	107219615 3577277 0 	458.769 	3 	170
