26218300000000 26218400000365 	200000730 588984621 26391 	199974339 26391 0 0 0 	787551 26391 0 	471 	3 	183
26243900000000 26244000000365 	400001460 1177930992 52398 	399949062 52398 0 0 0 	1565971 52398 0 	471 	3 	183
26269500000000 26269600000365 	600002190 1766958225 78436 	599923754 78436 0 0 0 	2345817 78436 0 	471 	3 	183
26295100000000 26295200000365 	800002920 2355930847 104005 	799898915 104005 0 0 0 	3097448 104005 0 	471 	3 	183
26320700000000 26320800000365 	1000003650 2944991984 129703 	999873947 129703 0 0 0 	3869247 129703 0 	471 	3 	183
26346300000000 26346400000368 	1200004386 3534016369 154971 	1199849415 154971 0 0 0 	4622208 154971 0 	470.497 	3 	183
26371900000000 26372000000368 	1400005122 4123069597 180001 	1399825121 180001 0 0 0 	5374164 180001 0 	470.139 	3 	183
26397500000000 26397600000368 	1600005858 4712067787 204793 	1599801065 204793 0 0 0 	6110466 204793 0 	469.871 	3 	183
26423100000000 26423200000368 	1800006594 5301201414 229333 	1799777261 229333 0 0 0 	6846452 229333 0 	469.662 	3 	183
26448700000000 26448800000368 	2000007330 5890299031 253709 	1999753621 253709 0 0 0 	7574849 253709 0 	469.495 	3 	183
26474300000000 26474400000368 	2200008066 6479421463 277835 	2199730231 277835 0 0 0 	8305868 277835 0 	469.359 	3 	183
26499900000000 26500000000368 	2400008802 7068561573 301808 	2399706994 301808 0 0 0 	9020832 301808 0 	469.245 	3 	183
26525500000000 26525600000352 	2600009506 7657707474 325786 	2599683720 325786 0 0 0 	9736606 325786 0 	468.838 	3 	183
26551100000000 26551200000352 	2800010210 8246917401 349427 	2799660783 349427 0 0 0 	10440284 349427 0 	468.489 	3 	183
26576700000000 26576800000352 	3000010914 8836106069 372797 	2999638117 372797 0 0 0 	11148151 372797 0 	468.187 	3 	183
26602300000000 26602400000352 	3200011618 9425280128 396250 	3199615368 396250 0 0 0 	11847023 396250 0 	467.923 	3 	183
26627900000000 26628000000352 	3400012322 10014470358 419110 	3399593212 419110 0 0 0 	12523609 419110 0 	467.69 	3 	183
26653500000000 26653600000352 	3600013026 10603691483 441680 	3599571346 441680 0 0 0 	13197781 441680 0 	467.484 	3 	183
26679100000000 26679200000352 	3800013730 11192903185 464051 	3799549679 464051 0 0 0 	13869978 464051 0 	467.299 	3 	183
26704700000000 26704800000352 	4000014434 11782158796 486096 	3999528338 486096 0 0 0 	14524159 486096 0 	467.133 	3 	183
26730300000000 26730400000120 	4200014674 12371443176 508305 	4199506369 508305 0 0 0 	15190262 508305 0 	466.837 	3 	183
26755900000000 26756000000120 	4400014914 12960682383 530133 	4399484781 530133 0 0 0 	15847716 530133 0 	466.569 	3 	183
26781500000000 26781600000120 	4600015154 13549975255 552060 	4599463094 552060 0 0 0 	16507884 552060 0 	466.324 	3 	183
26807100000000 26807200000120 	4800015394 14139312186 573666 	4799441728 573666 0 0 0 	17151980 573666 0 	466.1 	3 	183
26832700000000 26832800000120 	5000015634 14728654206 595077 	4999420557 595077 0 0 0 	17789459 595077 0 	465.893 	3 	183
26858300000000 26858400000120 	5200015874 15318032140 616394 	5199399480 616394 0 0 0 	18422316 616394 0 	465.703 	3 	183
26883900000000 26884000000120 	5400016114 15907401805 637537 	5399378577 637537 0 0 0 	19059867 637537 0 	465.527 	3 	183
26909500000000 26909600000178 	5600016470 16496850058 658368 	5599358102 658368 0 0 0 	19682689 658368 0 	465.254 	3 	183
26935100000000 26935200000178 	5800016826 17086256584 679086 	5799337740 679086 0 0 0 	20304800 679086 0 	465 	3 	183
26960700000000 26960800000178 	6000017182 17675658118 699523 	5999317659 699523 0 0 0 	20911638 699523 0 	464.764 	3 	183
26986300000000 26986400000178 	6200017538 18265100940 719807 	6199297731 719807 0 0 0 	21520366 719807 0 	464.542 	3 	183
27011900000000 27012000000178 	6400017894 18854601837 739827 	6399278067 739827 0 0 0 	22118629 739827 0 	464.335 	3 	183
27037500000000 27037600000178 	6600018250 19444090034 759851 	6599258399 759851 0 0 0 	22713208 759851 0 	464.14 	3 	183
27063100000000 27063200000178 	6800018606 20033633998 779772 	6799238834 779772 0 0 0 	23307838 779772 0 	463.957 	3 	183
27088700000000 27088800000355 	7000019316 20623150645 799340 	6999219976 799340 0 0 0 	23896501 799340 0 	463.697 	3 	183
27114300000000 27114400000355 	7200020026 21212727560 818997 	7199201029 818997 0 0 0 	24491927 818997 0 	463.451 	3 	183
27139900000000 27140000000355 	7400020736 21802288031 838374 	7399182362 838374 0 0 0 	25070618 838374 0 	463.218 	3 	183
27165500000000 27165600000355 	7600021446 22391899921 857509 	7599163937 857509 0 0 0 	25645392 857509 0 	462.998 	3 	183
27191100000000 27191200000355 	7800022156 22981472998 876238 	7799145918 876238 0 0 0 	26201602 876238 0 	462.789 	3 	183
27216700000000 27216800000355 	8000022866 23571059550 894762 	7999128104 894762 0 0 0 	26758813 894762 0 	462.591 	3 	183
27242300000000 27242400000355 	8200023576 24160707846 913448 	8199110128 913448 0 0 0 	27317507 913448 0 	462.403 	3 	183
27267900000000 27268000000355 	8400024286 24750377841 931778 	8399092508 931778 0 0 0 	27865252 931778 0 	462.224 	3 	183
27293500000000 27293600000230 	8600024746 25340000615 950026 	8599074720 950026 0 0 0 	28405872 950026 0 	461.957 	3 	183
27319100000000 27319200000230 	8800025206 25929637489 968128 	8799057078 968128 0 0 0 	28951317 968128 0 	461.702 	3 	183
27344700000000 27344800000230 	9000025666 26519347701 986212 	8999039454 986212 0 0 0 	29492508 986212 0 	461.459 	3 	183
27370300000000 27370400000230 	9200026126 27109079377 1004224 	9199021902 1004224 0 0 0 	30032188 1004224 0 	461.226 	3 	183
27395900000000 27396000000230 	9400026586 27698801955 1021827 	9399004759 1021827 0 0 0 	30560705 1021827 0 	461.004 	3 	183
27421500000000 27421600000230 	9600027046 28288553708 1039350 	9598987696 1039350 0 0 0 	31083021 1039350 0 	460.791 	3 	183
27447100000000 27447200000230 	9800027506 28878294579 1056686 	9798970820 1056686 0 0 0 	31606870 1056686 0 	460.587 	3 	183
27472700000000 27472800000320 	10000028146 29468066541 1073929 	9998954217 1073929 0 0 0 	32124341 1073929 0 	460.328 	3 	183
27498300000000 27498400000320 	10200028786 30057869699 1091191 	10198937595 1091191 0 0 0 	32638624 1091191 0 	460.08 	3 	183
27523900000000 27524000000320 	10400029426 30647665871 1108285 	10398921141 1108285 0 0 0 	33151806 1108285 0 	459.841 	3 	183
27549500000000 27549600000320 	10600030066 31237470181 1125130 	10598904936 1125130 0 0 0 	33658463 1125130 0 	459.612 	3 	183
27575100000000 27575200000320 	10800030706 31827308709 1141725 	10798888981 1141725 0 0 0 	34154155 1141725 0 	459.392 	3 	183
27600700000000 27600800000320 	11000031346 32417102780 1158104 	10998873242 1158104 0 0 0 	34640741 1158104 0 	459.179 	3 	183
27626300000000 27626400000320 	11200031986 33006985076 1174477 	11198857509 1174477 0 0 0 	35129544 1174477 0 	458.975 	3 	183
27651900000000 27652000000320 	11400032626 33596897100 1190827 	11398841799 1190827 0 0 0 	35614704 1190827 0 	458.778 	3 	183
27677500000000 27677600000400 	11600033426 34186764000 1206909 	11598826517 1206909 0 0 0 	36095656 1206909 0 	458.533 	3 	183
27703100000000 27703200000400 	11800034226 34776618945 1222919 	11798811307 1222919 0 0 0 	36575110 1222919 0 	458.297 	3 	183
27728700000000 27728800000400 	12000035026 35366539222 1238906 	11998796120 1238906 0 0 0 	37056493 1238906 0 	458.068 	3 	183
27754300000000 27754400000400 	12200035826 35956463189 1254901 	12198780925 1254901 0 0 0 	37537514 1254901 0 	457.848 	3 	183
27779900000000 27780000000400 	12400036626 36546472177 1270526 	12398766100 1270526 0 0 0 	38003571 1270526 0 	457.635 	3 	183
27805500000000 27805600000400 	12600037426 37136424166 1286078 	12598751348 1286078 0 0 0 	38467770 1286078 0 	457.429 	3 	183
27831100000000 27831200000400 	12800038226 37726436961 1301590 	12798736636 1301590 0 0 0 	38941252 1301590 0 	457.229 	3 	183
27856700000000 27856800000290 	13000038806 38316411853 1316904 	12998721902 1316904 0 0 0 	39403318 1316904 0 	456.987 	3 	183
27882300000000 27882400000290 	13200039386 38906420908 1331941 	13198707445 1331941 0 0 0 	39849377 1331941 0 	456.752 	3 	183
27907900000000 27908000000290 	13400039966 39496449239 1346925 	13398693041 1346925 0 0 0 	40292749 1346925 0 	456.525 	3 	183
27933500000000 27933600000290 	13600040546 40086579314 1361766 	13598678780 1361766 0 0 0 	40743098 1361766 0 	456.304 	3 	183
27959100000000 27959200000290 	13800041126 40676695952 1376424 	13798664702 1376424 0 0 0 	41178899 1376424 0 	456.091 	3 	183
27984700000000 27984800000290 	14000041706 41266790907 1391129 	13998650577 1391129 0 0 0 	41614337 1391129 0 	455.883 	3 	183
28010300000000 28010400000290 	14200042286 41856893137 1405734 	14198636552 1405734 0 0 0 	42050676 1405734 0 	455.681 	3 	183
28035900000000 28036000000249 	14400042784 42447046254 1419947 	14398622837 1419947 0 0 0 	42472502 1419947 0 	455.441 	3 	183
28061500000000 28061600000249 	14600043282 43037154915 1434143 	14598609139 1434143 0 0 0 	42897982 1434143 0 	455.207 	3 	183
28087100000000 28087200000249 	14800043780 43627290694 1448114 	14798595666 1448114 0 0 0 	43315669 1448114 0 	454.98 	3 	183
28112700000000 28112800000249 	15000044278 44217494621 1462195 	14998582083 1462195 0 0 0 	43730786 1462195 0 	454.76 	3 	183
28138300000000 28138400000249 	15200044776 44807706092 1476213 	15198568563 1476213 0 0 0 	44155381 1476213 0 	454.545 	3 	183
28163900000000 28164000000249 	15400045274 45398006588 1490208 	15398555066 1490208 0 0 0 	44581405 1490208 0 	454.336 	3 	183
28189500000000 28189600000249 	15600045772 45988178497 1503762 	15598542010 1503762 0 0 0 	44992100 1503762 0 	454.133 	3 	183
28215100000000 28215200000249 	15800046270 46578397287 1517108 	15798529162 1517108 0 0 0 	45387173 1517108 0 	453.935 	3 	183
28240700000000 28240800000088 	16000046446 47168656689 1530562 	15998515884 1530562 0 0 0 	45785997 1530562 0 	453.701 	3 	183
28266300000000 28266400000088 	16200046622 47758947426 1543694 	16198502928 1543694 0 0 0 	46174173 1543694 0 	453.474 	3 	183
28291900000000 28292000000088 	16400046798 48349204854 1556588 	16398490210 1556588 0 0 0 	46556083 1556588 0 	453.252 	3 	183
28317500000000 28317600000088 	16600046974 48939545640 1569558 	16598477416 1569558 0 0 0 	46946936 1569558 0 	453.037 	3 	183
28343100000000 28343200000088 	16800047150 49529923456 1582687 	16798464463 1582687 0 0 0 	47339906 1582687 0 	452.826 	3 	183
28368700000000 28368800000088 	17000047326 50120299255 1595858 	16998451468 1595858 0 0 0 	47737661 1595858 0 	452.62 	3 	183
28394300000000 28394400000088 	17200047502 50710599044 1608792 	17198438710 1608792 0 0 0 	48124614 1608792 0 	452.42 	3 	183
28419900000000 28420000000110 	17400047722 51300997236 1621548 	17398426174 1621548 0 0 0 	48510060 1621548 0 	452.199 	3 	183
28445500000000 28445600000110 	17600047942 51891351009 1634114 	17598413828 1634114 0 0 0 	48888324 1634114 0 	451.984 	3 	183
28471100000000 28471200000110 	17800048162 52481721851 1646474 	17798401688 1646474 0 0 0 	49263064 1646474 0 	451.774 	3 	183
28496700000000 28496800000110 	18000048382 53072102891 1658693 	17998389689 1658693 0 0 0 	49627074 1658693 0 	451.568 	3 	183
28522300000000 28522400000110 	18200048602 53662596258 1671026 	18198377576 1671026 0 0 0 	49992925 1671026 0 	451.367 	3 	183
28547900000000 28548000000110 	18400048822 54253129150 1683393 	18398365429 1683393 0 0 0 	50360108 1683393 0 	451.171 	3 	183
28573500000000 28573600000110 	18600049042 54843561874 1695060 	18598353982 1695060 0 0 0 	50708621 1695060 0 	450.979 	3 	183
28599100000000 28599200000110 	18800049262 55434070648 1706870 	18798342392 1706870 0 0 0 	51058277 1706870 0 	450.792 	3 	183
28624700000000 28624800000189 	19000049640 56024567596 1718654 	18998330986 1718654 0 0 0 	51416114 1718654 0 	450.574 	3 	183
28650300000000 28650400000189 	19200050018 56615088929 1730539 	19198319479 1730539 0 0 0 	51769308 1730539 0 	450.361 	3 	183
28675900000000 28676000000189 	19400050396 57205645510 1742268 	19398308128 1742268 0 0 0 	52123457 1742268 0 	450.152 	3 	183
28701500000000 28701600000189 	19600050774 57796210362 1753791 	19598296983 1753791 0 0 0 	52471053 1753791 0 	449.948 	3 	183
28727100000000 28727200000189 	19800051152 58386730235 1765051 	19798286101 1765051 0 0 0 	52804982 1765051 0 	449.748 	3 	183
28752700000000 28752800000189 	20000051530 58977358333 1776314 	19998275216 1776314 0 0 0 	53142567 1776314 0 	449.553 	3 	183
28778300000000 28778400000189 	20200051908 59567968563 1787491 	20198264417 1787491 0 0 0 	53474843 1787491 0 	449.361 	3 	183
28803900000000 28804000000060 	20400052028 60158618741 1798650 	20398253378 1798650 0 0 0 	53809250 1798650 0 	449.142 	3 	183
28829500000000 28829600000060 	20600052148 60749265596 1809710 	20598242438 1809710 0 0 0 	54137234 1809710 0 	448.926 	3 	183
28855100000000 28855200000060 	20800052268 61339971804 1820821 	20798231447 1820821 0 0 0 	54473590 1820821 0 	448.715 	3 	183
28880700000000 28880800000060 	21000052388 61930674053 1831668 	20998220720 1831668 0 0 0 	54799813 1831668 0 	448.509 	3 	183
28906300000000 28906400000060 	21200052508 62521360139 1842420 	21198210088 1842420 0 0 0 	55125391 1842420 0 	448.306 	3 	183
28931900000000 28932000000060 	21400052628 63112149351 1852939 	21398199689 1852939 0 0 0 	55439949 1852939 0 	448.107 	3 	183
28957500000000 28957600000060 	21600052748 63702872127 1863438 	21598189310 1863438 0 0 0 	55758786 1863438 0 	447.912 	3 	183
28983100000000 28983200000375 	21800053498 64293659302 1873854 	21798179644 1873854 0 0 0 	56067918 1873854 0 	447.691 	3 	183
29008700000000 29008800000375 	22000054248 64884417331 1884259 	21998169989 1884259 0 0 0 	56381566 1884259 0 	447.474 	3 	183
29034300000000 29034400000375 	22200054998 65475238067 1894433 	22198160565 1894433 0 0 0 	56690250 1894433 0 	447.261 	3 	183
29059900000000 29060000000375 	22400055748 66066012948 1904556 	22398151192 1904556 0 0 0 	56995544 1904556 0 	447.052 	3 	183
29085500000000 29085600000375 	22600056498 66656825112 1914701 	22598141797 1914701 0 0 0 	57297188 1914701 0 	446.847 	3 	183
29111100000000 29111200000308 	22800057114 67247948554 1968478 	22798088636 1968478 0 0 0 	58912984 1968478 0 	447.319 	3 	183
29136700000000 29136800000308 	23000057730 67839171439 2021673 	22998036057 2021673 0 0 0 	60508119 2021673 0 	447.784 	3 	183
29162300000000 29162400000308 	23200058346 68430392300 2074527 	23197983819 2074527 0 0 0 	62095663 2074527 0 	448.242 	3 	183
29187900000000 29188000000308 	23400058962 69021601408 2127259 	23397931703 2127259 0 0 0 	63688150 2127259 0 	448.693 	3 	183
29213500000000 29213600000308 	23600059578 69612852774 2179119 	23597880459 2179119 0 0 0 	65250378 2179119 0 	449.138 	3 	183
29239100000000 29239200000308 	23800060194 70204095320 2230951 	23797829243 2230951 0 0 0 	66810589 2230951 0 	449.575 	3 	183
29264700000000 29264800000308 	24000060810 70795354689 2281821 	23997778989 2281821 0 0 0 	68333334 2281821 0 	450.007 	3 	183
29290300000000 29290400000308 	24200061426 71386715554 2332903 	24197728523 2332903 0 0 0 	69870079 2332903 0 	450.432 	3 	183
29315900000000 29316000000308 	24400062042 71977978453 2383189 	24397678853 2383189 0 0 0 	71362772 2383189 0 	450.85 	3 	183
29341500000000 29341600000152 	24600062346 72569226203 2433211 	24597629135 2433211 0 0 0 	72864313 2433211 0 	451.237 	3 	183
29367100000000 29367200000152 	24800062650 73160507997 2482833 	24797579817 2482833 0 0 0 	74342879 2482833 0 	451.618 	3 	183
29392700000000 29392800000152 	25000062954 73751790942 2532263 	24997530691 2532263 0 0 0 	75824466 2532263 0 	451.994 	3 	183
29418300000000 29418400000152 	25200063258 74343157628 2581183 	25197482075 2581183 0 0 0 	77299384 2581183 0 	452.365 	3 	183
29443900000000 29444000000152 	25400063562 74934467232 2629661 	25397433901 2629661 0 0 0 	78751131 2629661 0 	452.73 	3 	183
29469500000000 29469600000152 	25600063866 75525816457 2678342 	25597385524 2678342 0 0 0 	80213582 2678342 0 	453.09 	3 	183
29495100000000 29495200000152 	25800064170 76117165555 2726283 	25797337887 2726283 0 0 0 	81655071 2726283 0 	453.445 	3 	183
29520700000000 29520800000152 	26000064474 76708529483 2773839 	25997290635 2773839 0 0 0 	83080310 2773839 0 	453.795 	3 	183
29546300000000 29546400000152 	26200064778 77299985921 2820853 	26197243925 2820853 0 0 0 	84498265 2820853 0 	454.141 	3 	183
29571900000000 29572000000000 	26400064778 77891423870 2867648 	26397197130 2867648 0 0 0 	85911541 2867648 0 	454.456 	3 	183
29597500000000 29597600000000 	26600064778 78482814773 2914314 	26597150464 2914314 0 0 0 	87300277 2914314 0 	454.768 	3 	183
29623100000000 29623200000000 	26800064778 79074333061 2960399 	26797104379 2960399 0 0 0 	88684693 2960399 0 	455.075 	3 	183
29648700000000 29648800000000 	27000064778 79665810486 3006552 	26997058226 3006552 0 0 0 	90067392 3006552 0 	455.378 	3 	183
29674300000000 29674400000000 	27200064778 80257294879 3052268 	27197012510 3052268 0 0 0 	91440205 3052268 0 	455.677 	3 	183
29699900000000 29700000000000 	27400064778 80848746032 3097674 	27396967104 3097674 0 0 0 	92800831 3097674 0 	455.972 	3 	183
29725500000000 29725600000000 	27600064778 81440306037 3142769 	27596922009 3142769 0 0 0 	94148891 3142769 0 	456.263 	3 	183
29751100000000 29751200000000 	27800064778 82031774460 3187511 	27796877267 3187511 0 0 0 	95496920 3187511 0 	456.551 	3 	183
29776700000000 29776800000048 	28000064874 82623289446 3232065 	27996832809 3232065 0 0 0 	96830902 3232065 0 	456.81 	3 	183
29802300000000 29802400000048 	28200064970 83214793771 3276100 	28196788870 3276100 0 0 0 	98147764 3276100 0 	457.066 	3 	183
29827900000000 29828000000048 	28400065066 83806299626 3320007 	28396745059 3320007 0 0 0 	99472509 3320007 0 	457.319 	3 	183
29853500000000 29853600000048 	28600065162 84397942099 3363274 	28596701888 3363274 0 0 0 	100782455 3363274 0 	457.569 	3 	183
29879100000000 29879200000048 	28800065258 84989528518 3406164 	28796659094 3406164 0 0 0 	102067911 3406164 0 	457.815 	3 	183
29904700000000 29904800000048 	29000065354 85581143144 3448823 	28996616531 3448823 0 0 0 	103352265 3448823 0 	458.058 	3 	183
29930300000000 29930400000048 	29200065450 86172713982 3491576 	29196573874 3491576 0 0 0 	104630939 3491576 0 	458.298 	3 	183
29955900000000 29956000000048 	29400065546 86764330875 3533558 	29396531988 3533558 0 0 0 	105893158 3533558 0 	458.535 	3 	183
29981500000000 29981600000048 	29600065642 87355967209 3575370 	29596490272 3575370 0 0 0 	107138416 3575370 0 	458.769 	3 	183
