26218900000000 26219000000365 	200000730 588929505 26142 	199974588 26142 0 0 0 	788787 26142 0 	471 	3 	189
26244500000000 26244600000365 	400001460 1177908476 52235 	399949225 52235 0 0 0 	1560662 52235 0 	471 	3 	189
26270100000000 26270200000365 	600002190 1766882141 77980 	599924210 77980 0 0 0 	2328056 77980 0 	471 	3 	189
26295700000000 26295800000365 	800002920 2355885829 103555 	799899365 103555 0 0 0 	3095195 103555 0 	471 	3 	189
26321300000000 26321400000365 	1000003650 2944868153 128948 	999874702 128948 0 0 0 	3848289 128948 0 	471 	3 	189
26346900000000 26347000000368 	1200004386 3533916254 154046 	1199850340 154046 0 0 0 	4592412 154046 0 	470.497 	3 	189
26372500000000 26372600000368 	1400005122 4123000907 179083 	1399826039 179083 0 0 0 	5337658 179083 0 	470.139 	3 	189
26398100000000 26398200000368 	1600005858 4712080065 203883 	1599801975 203883 0 0 0 	6088251 203883 0 	469.871 	3 	189
26423700000000 26423800000368 	1800006594 5301145707 228595 	1799777999 228595 0 0 0 	6833399 228595 0 	469.662 	3 	189
26449300000000 26449400000368 	2000007330 5890255587 253011 	1999754319 253011 0 0 0 	7564335 253011 0 	469.495 	3 	189
26474900000000 26475000000368 	2200008066 6479370333 277503 	2199730563 277503 0 0 0 	8293620 277503 0 	469.359 	3 	189
26500500000000 26500600000368 	2400008802 7068485067 301243 	2399707559 301243 0 0 0 	8997850 301243 0 	469.245 	3 	189
26526100000000 26526200000352 	2600009506 7657658287 324969 	2599684537 324969 0 0 0 	9703336 324969 0 	468.838 	3 	189
26551700000000 26551800000352 	2800010210 8246820986 348429 	2799661781 348429 0 0 0 	10405868 348429 0 	468.489 	3 	189
26577300000000 26577400000352 	3000010914 8835951167 371518 	2999639396 371518 0 0 0 	11090821 371518 0 	468.187 	3 	189
26602900000000 26603000000352 	3200011618 9425138679 394554 	3199617064 394554 0 0 0 	11781971 394554 0 	467.923 	3 	189
26628500000000 26628600000352 	3400012322 10014350674 417563 	3399594759 417563 0 0 0 	12472832 417563 0 	467.69 	3 	189
26654100000000 26654200000352 	3600013026 10603640894 440048 	3599572978 440048 0 0 0 	13141564 440048 0 	467.484 	3 	189
26679700000000 26679800000352 	3800013730 11192866967 462365 	3799551365 462365 0 0 0 	13823894 462365 0 	467.299 	3 	189
26705300000000 26705400000352 	4000014434 11782160282 484476 	3999529958 484476 0 0 0 	14492238 484476 0 	467.133 	3 	189
26730900000000 26731000000120 	4200014674 12371476018 506880 	4199507794 506880 0 0 0 	15167648 506880 0 	466.837 	3 	189
26756500000000 26756600000120 	4400014914 12960817740 528790 	4399486124 528790 0 0 0 	15819494 528790 0 	466.569 	3 	189
26782100000000 26782200000120 	4600015154 13550098802 550477 	4599464677 550477 0 0 0 	16468577 550477 0 	466.324 	3 	189
26807700000000 26807800000120 	4800015394 14139445172 572154 	4799443240 572154 0 0 0 	17117169 572154 0 	466.1 	3 	189
26833300000000 26833400000120 	5000015634 14728810962 593414 	4999422220 593414 0 0 0 	17752079 593414 0 	465.893 	3 	189
26858900000000 26859000000120 	5200015874 15318197908 614859 	5199401015 614859 0 0 0 	18396825 614859 0 	465.703 	3 	189
26884500000000 26884600000120 	5400016114 15907560225 635928 	5399380186 635928 0 0 0 	19028517 635928 0 	465.527 	3 	189
26910100000000 26910200000178 	5600016470 16496899557 656752 	5599359718 656752 0 0 0 	19652986 656752 0 	465.254 	3 	189
26935700000000 26935800000178 	5800016826 17086320300 677205 	5799339621 677205 0 0 0 	20262449 677205 0 	465 	3 	189
26961300000000 26961400000178 	6000017182 17675763408 697654 	5999319528 697654 0 0 0 	20871752 697654 0 	464.764 	3 	189
26986900000000 26987000000178 	6200017538 18265267638 718038 	6199299500 718038 0 0 0 	21478010 718038 0 	464.542 	3 	189
27012500000000 27012600000178 	6400017894 18854790945 738356 	6399279538 738356 0 0 0 	22078270 738356 0 	464.335 	3 	189
27038100000000 27038200000178 	6600018250 19444288507 758306 	6599259944 758306 0 0 0 	22687979 758306 0 	464.14 	3 	189
27063700000000 27063800000178 	6800018606 20033794179 778051 	6799240555 778051 0 0 0 	23283003 778051 0 	463.957 	3 	189
27089300000000 27089400000355 	7000019316 20623333547 797692 	6999221624 797692 0 0 0 	23871566 797692 0 	463.697 	3 	189
27114900000000 27115000000355 	7200020026 21212860984 817124 	7199202902 817124 0 0 0 	24452313 817124 0 	463.451 	3 	189
27140500000000 27140600000355 	7400020736 21802395327 836420 	7399184316 836420 0 0 0 	25027506 836420 0 	463.218 	3 	189
27166100000000 27166200000355 	7600021446 22392001224 855431 	7599166015 855431 0 0 0 	25598113 855431 0 	462.998 	3 	189
27191700000000 27191800000355 	7800022156 22981591054 874553 	7799147603 874553 0 0 0 	26170739 874553 0 	462.789 	3 	189
27217300000000 27217400000355 	8000022866 23571251138 893346 	7999129520 893346 0 0 0 	26730930 893346 0 	462.591 	3 	189
27242900000000 27243000000355 	8200023576 24160863327 912045 	8199111531 912045 0 0 0 	27288733 912045 0 	462.403 	3 	189
27268500000000 27268600000355 	8400024286 24750536037 930660 	8399093626 930660 0 0 0 	27850261 930660 0 	462.224 	3 	189
27294100000000 27294200000230 	8600024746 25340149174 949011 	8599075735 949011 0 0 0 	28404731 949011 0 	461.957 	3 	189
27319700000000 27319800000230 	8800025206 25929845517 967133 	8799058073 967133 0 0 0 	28944938 967133 0 	461.702 	3 	189
27345300000000 27345400000230 	9000025666 26519539445 985108 	8999040558 985108 0 0 0 	29481440 985108 0 	461.459 	3 	189
27370900000000 27371000000230 	9200026126 27109228872 1003130 	9199022996 1003130 0 0 0 	30017021 1003130 0 	461.226 	3 	189
27396500000000 27396600000230 	9400026586 27698916740 1020661 	9399005925 1020661 0 0 0 	30536267 1020661 0 	461.004 	3 	189
27422100000000 27422200000230 	9600027046 28288613509 1038215 	9598988831 1038215 0 0 0 	31064465 1038215 0 	460.791 	3 	189
27447700000000 27447800000230 	9800027506 28878348395 1055658 	9798971848 1055658 0 0 0 	31582122 1055658 0 	460.587 	3 	189
27473300000000 27473400000320 	10000028146 29468136634 1072915 	9998955231 1072915 0 0 0 	32100772 1072915 0 	460.328 	3 	189
27498900000000 27499000000320 	10200028786 30057926483 1090213 	10198938573 1090213 0 0 0 	32616851 1090213 0 	460.08 	3 	189
27524500000000 27524600000320 	10400029426 30647678175 1107279 	10398922147 1107279 0 0 0 	33131563 1107279 0 	459.841 	3 	189
27550100000000 27550200000320 	10600030066 31237543713 1123996 	10598906070 1123996 0 0 0 	33636758 1123996 0 	459.612 	3 	189
27575700000000 27575800000320 	10800030706 31827413001 1140819 	10798889887 1140819 0 0 0 	34135844 1140819 0 	459.392 	3 	189
27601300000000 27601400000320 	11000031346 32417314246 1157477 	10998873869 1157477 0 0 0 	34630894 1157477 0 	459.179 	3 	189
27626900000000 27627000000320 	11200031986 33007180700 1173772 	11198858214 1173772 0 0 0 	35116490 1173772 0 	458.975 	3 	189
27652500000000 27652600000320 	11400032626 33597057444 1190219 	11398842407 1190219 0 0 0 	35604627 1190219 0 	458.778 	3 	189
27678100000000 27678200000400 	11600033426 34186940329 1206238 	11598827188 1206238 0 0 0 	36081136 1206238 0 	458.533 	3 	189
27703700000000 27703800000400 	11800034226 34776854363 1222236 	11798811990 1222236 0 0 0 	36559714 1222236 0 	458.297 	3 	189
27729300000000 27729400000400 	12000035026 35366841039 1238247 	11998796779 1238247 0 0 0 	37041376 1238247 0 	458.068 	3 	189
27754900000000 27755000000400 	12200035826 35956789821 1253637 	12198782189 1253637 0 0 0 	37497445 1253637 0 	457.848 	3 	189
27780500000000 27780600000400 	12400036626 36546788308 1269258 	12398767368 1269258 0 0 0 	37958756 1269258 0 	457.635 	3 	189
27806100000000 27806200000400 	12600037426 37136747245 1284761 	12598752665 1284761 0 0 0 	38429645 1284761 0 	457.429 	3 	189
27831700000000 27831800000400 	12800038226 37726843217 1299992 	12798738234 1299992 0 0 0 	38885586 1299992 0 	457.229 	3 	189
27857300000000 27857400000290 	13000038806 38316905977 1315030 	12998723776 1315030 0 0 0 	39335690 1315030 0 	456.987 	3 	189
27882900000000 27883000000290 	13200039386 38906899816 1330095 	13198709291 1330095 0 0 0 	39785112 1330095 0 	456.752 	3 	189
27908500000000 27908600000290 	13400039966 39496979633 1345053 	13398694913 1345053 0 0 0 	40233310 1345053 0 	456.525 	3 	189
27934100000000 27934200000290 	13600040546 40087063810 1359768 	13598680778 1359768 0 0 0 	40675831 1359768 0 	456.304 	3 	189
27959700000000 27959800000290 	13800041126 40677078216 1374421 	13798666705 1374421 0 0 0 	41114429 1374421 0 	456.091 	3 	189
27985300000000 27985400000290 	14000041706 41267157364 1388928 	13998652778 1388928 0 0 0 	41552248 1388928 0 	455.883 	3 	189
28010900000000 28011000000290 	14200042286 41857250118 1403432 	14198638854 1403432 0 0 0 	41979514 1403432 0 	455.681 	3 	189
28036500000000 28036600000249 	14400042784 42447440041 1417742 	14398625042 1417742 0 0 0 	42408920 1417742 0 	455.441 	3 	189
28062100000000 28062200000249 	14600043282 43037607032 1432008 	14598611274 1432008 0 0 0 	42834762 1432008 0 	455.207 	3 	189
28087700000000 28087800000249 	14800043780 43627807041 1446281 	14798597499 1446281 0 0 0 	43260260 1446281 0 	454.98 	3 	189
28113300000000 28113400000249 	15000044278 44217977406 1460203 	14998584075 1460203 0 0 0 	43678352 1460203 0 	454.76 	3 	189
28138900000000 28139000000249 	15200044776 44808150243 1473939 	15198570837 1473939 0 0 0 	44089890 1473939 0 	454.545 	3 	189
28164500000000 28164600000249 	15400045274 45398383828 1487698 	15398557576 1487698 0 0 0 	44496823 1487698 0 	454.336 	3 	189
28190100000000 28190200000249 	15600045772 45988555560 1501240 	15598544532 1501240 0 0 0 	44902114 1501240 0 	454.133 	3 	189
28215700000000 28215800000249 	15800046270 46578782517 1514674 	15798531596 1514674 0 0 0 	45302062 1514674 0 	453.935 	3 	189
28241300000000 28241400000088 	16000046446 47169015990 1527939 	15998518507 1527939 0 0 0 	45704112 1527939 0 	453.701 	3 	189
28266900000000 28267000000088 	16200046622 47759205650 1541259 	16198505363 1541259 0 0 0 	46104256 1541259 0 	453.474 	3 	189
28292500000000 28292600000088 	16400046798 48349525110 1554545 	16398492253 1554545 0 0 0 	46513124 1554545 0 	453.252 	3 	189
28318100000000 28318200000088 	16600046974 48939855049 1567659 	16598479315 1567659 0 0 0 	46908941 1567659 0 	453.037 	3 	189
28343700000000 28343800000088 	16800047150 49530145330 1580578 	16798466572 1580578 0 0 0 	47300731 1580578 0 	452.826 	3 	189
28369300000000 28369400000088 	17000047326 50120532353 1593284 	16998454042 1593284 0 0 0 	47686795 1593284 0 	452.62 	3 	189
28394900000000 28395000000088 	17200047502 50710911200 1605733 	17198441769 1605733 0 0 0 	48062773 1605733 0 	452.42 	3 	189
28420500000000 28420600000110 	17400047722 51301316682 1618503 	17398429219 1618503 0 0 0 	48447045 1618503 0 	452.199 	3 	189
28446100000000 28446200000110 	17600047942 51891746264 1630893 	17598417049 1630893 0 0 0 	48814149 1630893 0 	451.984 	3 	189
28471700000000 28471800000110 	17800048162 52482140687 1643267 	17798404895 1643267 0 0 0 	49187789 1643267 0 	451.774 	3 	189
28497300000000 28497400000110 	18000048382 53072553008 1655571 	17998392811 1655571 0 0 0 	49557587 1655571 0 	451.568 	3 	189
28522900000000 28523000000110 	18200048602 53663038565 1667901 	18198380701 1667901 0 0 0 	49929737 1667901 0 	451.367 	3 	189
28548500000000 28548600000110 	18400048822 54253463978 1680157 	18398368665 1680157 0 0 0 	50294306 1680157 0 	451.171 	3 	189
28574100000000 28574200000110 	18600049042 54843927752 1691953 	18598357089 1691953 0 0 0 	50649219 1691953 0 	450.979 	3 	189
28599700000000 28599800000110 	18800049262 55434418164 1703786 	18798345476 1703786 0 0 0 	51003568 1703786 0 	450.792 	3 	189
28625300000000 28625400000189 	19000049640 56024956038 1715638 	18998334002 1715638 0 0 0 	51353502 1715638 0 	450.574 	3 	189
28650900000000 28651000000189 	19200050018 56615493682 1727524 	19198322494 1727524 0 0 0 	51712189 1727524 0 	450.361 	3 	189
28676500000000 28676600000189 	19400050396 57206064243 1739003 	19398311393 1739003 0 0 0 	52055502 1739003 0 	450.152 	3 	189
28702100000000 28702200000189 	19600050774 57796593167 1750344 	19598300430 1750344 0 0 0 	52396864 1750344 0 	449.948 	3 	189
28727700000000 28727800000189 	19800051152 58387167940 1761697 	19798289455 1761697 0 0 0 	52741766 1761697 0 	449.748 	3 	189
28753300000000 28753400000189 	20000051530 58977774533 1773222 	19998278308 1773222 0 0 0 	53091882 1773222 0 	449.553 	3 	189
28778900000000 28779000000189 	20200051908 59568387875 1784284 	20198267624 1784284 0 0 0 	53433373 1784284 0 	449.361 	3 	189
28804500000000 28804600000060 	20400052028 60159030709 1795225 	20398256803 1795225 0 0 0 	53758722 1795225 0 	449.142 	3 	189
28830100000000 28830200000060 	20600052148 60749640965 1806203 	20598245945 1806203 0 0 0 	54087571 1806203 0 	448.926 	3 	189
28855700000000 28855800000060 	20800052268 61340275757 1817033 	20798235235 1817033 0 0 0 	54409467 1817033 0 	448.715 	3 	189
28881300000000 28881400000060 	21000052388 61930927938 1827609 	20998224779 1827609 0 0 0 	54721353 1827609 0 	448.509 	3 	189
28906900000000 28907000000060 	21200052508 62521650825 1838378 	21198214130 1838378 0 0 0 	55042787 1838378 0 	448.306 	3 	189
28932500000000 28932600000060 	21400052628 63112366576 1849226 	21398203402 1849226 0 0 0 	55371539 1849226 0 	448.107 	3 	189
28958100000000 28958200000060 	21600052748 63703047191 1859669 	21598193079 1859669 0 0 0 	55686709 1859669 0 	447.912 	3 	189
28983700000000 28983800000375 	21800053498 64293813901 1870045 	21798183453 1870045 0 0 0 	55997945 1870045 0 	447.691 	3 	189
29009300000000 29009400000375 	22000054248 64884598356 1880469 	21998173779 1880469 0 0 0 	56308787 1880469 0 	447.474 	3 	189
29034900000000 29035000000375 	22200054998 65475417013 1890619 	22198164379 1890619 0 0 0 	56616172 1890619 0 	447.261 	3 	189
29060500000000 29060600000375 	22400055748 66066166040 1900853 	22398154895 1900853 0 0 0 	56922282 1900853 0 	447.052 	3 	189
29086100000000 29086200000375 	22600056498 66656972297 1910896 	22598145602 1910896 0 0 0 	57220484 1910896 0 	446.847 	3 	189
29111700000000 29111800000308 	22800057114 67248128104 1964421 	22798092693 1964421 0 0 0 	58823662 1964421 0 	447.319 	3 	189
29137300000000 29137400000308 	23000057730 67839332838 2017400 	22998040330 2017400 0 0 0 	60416429 2017400 0 	447.784 	3 	189
29162900000000 29163000000308 	23200058346 68430554757 2069821 	23197988525 2069821 0 0 0 	61980171 2069821 0 	448.242 	3 	189
29188500000000 29188600000308 	23400058962 69021771473 2122272 	23397936690 2122272 0 0 0 	63557507 2122272 0 	448.693 	3 	189
29214100000000 29214200000308 	23600059578 69613057513 2174166 	23597885412 2174166 0 0 0 	65118635 2174166 0 	449.138 	3 	189
29239700000000 29239800000308 	23800060194 70204295503 2225891 	23797834303 2225891 0 0 0 	66668808 2225891 0 	449.575 	3 	189
29265300000000 29265400000308 	24000060810 70795631314 2277384 	23997783426 2277384 0 0 0 	68221212 2277384 0 	450.007 	3 	189
29290900000000 29291000000308 	24200061426 71386889482 2328260 	24197733166 2328260 0 0 0 	69739379 2328260 0 	450.432 	3 	189
29316500000000 29316600000308 	24400062042 71978204180 2378649 	24397683393 2378649 0 0 0 	71252336 2378649 0 	450.85 	3 	189
29342100000000 29342200000152 	24600062346 72569507477 2429299 	24597633047 2429299 0 0 0 	72761983 2429299 0 	451.237 	3 	189
29367700000000 29367800000152 	24800062650 73160825081 2479179 	24797583471 2479179 0 0 0 	74250781 2479179 0 	451.618 	3 	189
29393300000000 29393400000152 	25000062954 73752106449 2528763 	24997534191 2528763 0 0 0 	75733241 2528763 0 	451.994 	3 	189
29418900000000 29419000000152 	25200063258 74343445073 2577761 	25197485497 2577761 0 0 0 	77206661 2577761 0 	452.365 	3 	189
29444500000000 29444600000152 	25400063562 74934831817 2626756 	25397436806 2626756 0 0 0 	78673413 2626756 0 	452.73 	3 	189
29470100000000 29470200000152 	25600063866 75526209829 2675224 	25597388642 2675224 0 0 0 	80128576 2675224 0 	453.09 	3 	189
29495700000000 29495800000152 	25800064170 76117641672 2723437 	25797340733 2723437 0 0 0 	81570921 2723437 0 	453.445 	3 	189
29521300000000 29521400000152 	26000064474 76709004878 2770679 	25997293795 2770679 0 0 0 	82986040 2770679 0 	453.795 	3 	189
29546900000000 29547000000152 	26200064778 77300427326 2817854 	26197246924 2817854 0 0 0 	84408757 2817854 0 	454.141 	3 	189
29572500000000 29572600000000 	26400064778 77891824124 2864351 	26397200427 2864351 0 0 0 	85799054 2864351 0 	454.456 	3 	189
29598100000000 29598200000000 	26600064778 78483298299 2911015 	26597153763 2911015 0 0 0 	87195075 2911015 0 	454.768 	3 	189
29623700000000 29623800000000 	26800064778 79074766006 2957428 	26797107350 2957428 0 0 0 	88585483 2957428 0 	455.075 	3 	189
29649300000000 29649400000000 	27000064778 79666272156 3003376 	26997061402 3003376 0 0 0 	89966601 3003376 0 	455.378 	3 	189
29674900000000 29675000000000 	27200064778 80257738256 3049015 	27197015763 3049015 0 0 0 	91330467 3049015 0 	455.677 	3 	189
29700500000000 29700600000000 	27400064778 80849233486 3094495 	27396970283 3094495 0 0 0 	92692989 3094495 0 	455.972 	3 	189
29726100000000 29726200000000 	27600064778 81440665596 3139662 	27596925116 3139662 0 0 0 	94037845 3139662 0 	456.263 	3 	189
29751700000000 29751800000000 	27800064778 82032126646 3184409 	27796880369 3184409 0 0 0 	95386653 3184409 0 	456.551 	3 	189
29777300000000 29777400000048 	28000064874 82623661715 3229020 	27996835854 3229020 0 0 0 	96712803 3229020 0 	456.81 	3 	189
29802900000000 29803000000048 	28200064970 83215258751 3273068 	28196791902 3273068 0 0 0 	98028768 3273068 0 	457.066 	3 	189
29828500000000 29828600000048 	28400065066 83806838145 3316663 	28396748403 3316663 0 0 0 	99350479 3316663 0 	457.319 	3 	189
29854100000000 29854200000048 	28600065162 84398438600 3360095 	28596705067 3360095 0 0 0 	100650685 3360095 0 	457.569 	3 	189
29879700000000 29879800000048 	28800065258 84990006070 3403322 	28796661936 3403322 0 0 0 	101943215 3403322 0 	457.815 	3 	189
29905300000000 29905400000048 	29000065354 85581537832 3446105 	28996619249 3446105 0 0 0 	103227405 3446105 0 	458.058 	3 	189
29930900000000 29931000000048 	29200065450 86173164386 3489065 	29196576385 3489065 0 0 0 	104515286 3489065 0 	458.298 	3 	189
29956500000000 29956600000048 	29400065546 86764779527 3530984 	29396534562 3530984 0 0 0 	105773924 3530984 0 	458.535 	3 	189
29982100000000 29982200000048 	29600065642 87356434772 3573004 	29596492638 3573004 0 0 0 	107041017 3573004 0 	458.769 	3 	189
