26219000000000 26219100000365 	200000730 588955736 26164 	199974566 26164 0 0 0 	787832 26164 0 	471 	3 	190
26244600000000 26244700000365 	400001460 1177940712 52191 	399949269 52191 0 0 0 	1556736 52191 0 	471 	3 	190
26270200000000 26270300000365 	600002190 1766989381 78057 	599924133 78057 0 0 0 	2323262 78057 0 	471 	3 	190
26295800000000 26295900000365 	800002920 2355976470 103557 	799899363 103557 0 0 0 	3085005 103557 0 	471 	3 	190
26321400000000 26321500000365 	1000003650 2945007826 129077 	999874573 129077 0 0 0 	3849919 129077 0 	471 	3 	190
26347000000000 26347100000368 	1200004386 3534080568 154160 	1199850226 154160 0 0 0 	4596726 154160 0 	470.497 	3 	190
26372600000000 26372700000368 	1400005122 4123122739 179230 	1399825892 179230 0 0 0 	5346645 179230 0 	470.139 	3 	190
26398200000000 26398300000368 	1600005858 4712203848 204054 	1599801804 204054 0 0 0 	6084193 204054 0 	469.871 	3 	190
26423800000000 26423900000368 	1800006594 5301295223 228606 	1799777988 228606 0 0 0 	6810146 228606 0 	469.662 	3 	190
26449400000000 26449500000368 	2000007330 5890366956 252895 	1999754435 252895 0 0 0 	7539142 252895 0 	469.495 	3 	190
26475000000000 26475100000368 	2200008066 6479487370 276873 	2199731193 276873 0 0 0 	8259244 276873 0 	469.359 	3 	190
26500600000000 26500700000368 	2400008802 7068639432 300751 	2399708051 300751 0 0 0 	8978176 300751 0 	469.245 	3 	190
26526200000000 26526300000352 	2600009506 7657789934 324780 	2599684726 324780 0 0 0 	9692027 324780 0 	468.838 	3 	190
26551800000000 26551900000352 	2800010210 8246943907 348084 	2799662126 348084 0 0 0 	10391194 348084 0 	468.489 	3 	190
26577400000000 26577500000352 	3000010914 8836097675 371122 	2999639792 371122 0 0 0 	11084312 371122 0 	468.187 	3 	190
26603000000000 26603100000352 	3200011618 9425341478 394237 	3199617381 394237 0 0 0 	11772605 394237 0 	467.923 	3 	190
26628600000000 26628700000352 	3400012322 10014588394 417267 	3399595055 417267 0 0 0 	12462373 417267 0 	467.69 	3 	190
26654200000000 26654300000352 	3600013026 10603841918 439951 	3599573075 439951 0 0 0 	13136195 439951 0 	467.484 	3 	190
26679800000000 26679900000352 	3800013730 11193061175 462386 	3799551344 462386 0 0 0 	13803843 462386 0 	467.299 	3 	190
26705400000000 26705500000352 	4000014434 11782412175 484503 	3999529931 484503 0 0 0 	14472212 484503 0 	467.133 	3 	190
26731000000000 26731100000120 	4200014674 12371766055 506887 	4199507787 506887 0 0 0 	15142392 506887 0 	466.837 	3 	190
26756600000000 26756700000120 	4400014914 12961032934 528939 	4399485975 528939 0 0 0 	15802765 528939 0 	466.569 	3 	190
26782200000000 26782300000120 	4600015154 13550366125 550745 	4599464409 550745 0 0 0 	16451912 550745 0 	466.324 	3 	190
26807800000000 26807900000120 	4800015394 14139747787 572482 	4799442912 572482 0 0 0 	17103245 572482 0 	466.1 	3 	190
26833400000000 26833500000120 	5000015634 14729067822 593928 	4999421706 593928 0 0 0 	17749268 593928 0 	465.893 	3 	190
26859000000000 26859100000120 	5200015874 15318431922 615368 	5199400506 615368 0 0 0 	18390142 615368 0 	465.703 	3 	190
26884600000000 26884700000120 	5400016114 15907781018 636112 	5399380002 636112 0 0 0 	19012671 636112 0 	465.527 	3 	190
26910200000000 26910300000178 	5600016470 16497191508 656738 	5599359732 656738 0 0 0 	19631144 656738 0 	465.254 	3 	190
26935800000000 26935900000178 	5800016826 17086615956 677569 	5799339257 677569 0 0 0 	20249851 677569 0 	465 	3 	190
26961400000000 26961500000178 	6000017182 17676073238 698122 	5999319060 698122 0 0 0 	20860749 698122 0 	464.764 	3 	190
26987000000000 26987100000178 	6200017538 18265508544 718535 	6199299003 718535 0 0 0 	21473199 718535 0 	464.542 	3 	190
27012600000000 27012700000178 	6400017894 18855030260 738802 	6399279092 738802 0 0 0 	22079749 738802 0 	464.335 	3 	190
27038200000000 27038300000178 	6600018250 19444529972 758873 	6599259377 758873 0 0 0 	22678182 758873 0 	464.14 	3 	190
27063800000000 27063900000178 	6800018606 20034018701 779044 	6799239562 779044 0 0 0 	23285538 779044 0 	463.957 	3 	190
27089400000000 27089500000355 	7000019316 20623516475 798576 	6999220740 798576 0 0 0 	23867190 798576 0 	463.697 	3 	190
27115000000000 27115100000355 	7200020026 21213113095 818208 	7199201818 818208 0 0 0 	24457578 818208 0 	463.451 	3 	190
27140600000000 27140700000355 	7400020736 21802668747 837550 	7399183186 837550 0 0 0 	25028889 837550 0 	463.218 	3 	190
27166200000000 27166300000355 	7600021446 22392229428 856749 	7599164697 856749 0 0 0 	25598065 856749 0 	462.998 	3 	190
27191800000000 27191900000355 	7800022156 22981815146 875677 	7799146479 875677 0 0 0 	26164756 875677 0 	462.789 	3 	190
27217400000000 27217500000355 	8000022866 23571457319 894435 	7999128431 894435 0 0 0 	26734659 894435 0 	462.591 	3 	190
27243000000000 27243100000355 	8200023576 24161082722 913161 	8199110415 913161 0 0 0 	27298273 913161 0 	462.403 	3 	190
27268600000000 27268700000355 	8400024286 24750686577 931798 	8399092488 931798 0 0 0 	27852455 931798 0 	462.224 	3 	190
27294200000000 27294300000230 	8600024746 25340359100 950153 	8599074593 950153 0 0 0 	28402049 950153 0 	461.957 	3 	190
27319800000000 27319900000230 	8800025206 25930013531 968199 	8799057007 968199 0 0 0 	28946565 968199 0 	461.702 	3 	190
27345400000000 27345500000230 	9000025666 26519720129 986097 	8999039569 986097 0 0 0 	29487128 986097 0 	461.459 	3 	190
27371000000000 27371100000230 	9200026126 27109394789 1003930 	9199022196 1003930 0 0 0 	30019847 1003930 0 	461.226 	3 	190
27396600000000 27396700000230 	9400026586 27699154239 1021427 	9399005159 1021427 0 0 0 	30545892 1021427 0 	461.004 	3 	190
27422200000000 27422300000230 	9600027046 28288911084 1038753 	9598988293 1038753 0 0 0 	31063064 1038753 0 	460.791 	3 	190
27447800000000 27447900000230 	9800027506 28878628214 1056138 	9798971368 1056138 0 0 0 	31583335 1056138 0 	460.587 	3 	190
27473400000000 27473500000320 	10000028146 29468390039 1073447 	9998954699 1073447 0 0 0 	32101732 1073447 0 	460.328 	3 	190
27499000000000 27499100000320 	10200028786 30058216303 1090667 	10198938119 1090667 0 0 0 	32621922 1090667 0 	460.08 	3 	190
27524600000000 27524700000320 	10400029426 30648043633 1107752 	10398921674 1107752 0 0 0 	33134497 1107752 0 	459.841 	3 	190
27550200000000 27550300000320 	10600030066 31237853657 1124618 	10598905448 1124618 0 0 0 	33635615 1124618 0 	459.612 	3 	190
27575800000000 27575900000320 	10800030706 31827706013 1141289 	10798889417 1141289 0 0 0 	34138523 1141289 0 	459.392 	3 	190
27601400000000 27601500000320 	11000031346 32417608232 1157900 	10998873446 1157900 0 0 0 	34638553 1157900 0 	459.179 	3 	190
27627000000000 27627100000320 	11200031986 33007473093 1174313 	11198857673 1174313 0 0 0 	35131826 1174313 0 	458.975 	3 	190
27652600000000 27652700000320 	11400032626 33597368153 1190713 	11398841913 1190713 0 0 0 	35627747 1190713 0 	458.778 	3 	190
27678200000000 27678300000400 	11600033426 34187253118 1206932 	11598826494 1206932 0 0 0 	36115688 1206932 0 	458.533 	3 	190
27703800000000 27703900000400 	11800034226 34777193909 1222879 	11798811347 1222879 0 0 0 	36598781 1222879 0 	458.297 	3 	190
27729400000000 27729500000400 	12000035026 35367054669 1238562 	11998796464 1238562 0 0 0 	37068743 1238562 0 	458.068 	3 	190
27755000000000 27755100000400 	12200035826 35956996688 1254311 	12198781515 1254311 0 0 0 	37545397 1254311 0 	457.848 	3 	190
27780600000000 27780700000400 	12400036626 36546970177 1269820 	12398766806 1269820 0 0 0 	38008181 1269820 0 	457.635 	3 	190
27806200000000 27806300000400 	12600037426 37136997669 1285158 	12598752268 1285158 0 0 0 	38473257 1285158 0 	457.429 	3 	190
27831800000000 27831900000400 	12800038226 37727012307 1300391 	12798737835 1300391 0 0 0 	38932677 1300391 0 	457.229 	3 	190
27857400000000 27857500000290 	13000038806 38317039545 1315451 	12998723355 1315451 0 0 0 	39385155 1315451 0 	456.987 	3 	190
27883000000000 27883100000290 	13200039386 38907012598 1330511 	13198708875 1330511 0 0 0 	39830056 1330511 0 	456.752 	3 	190
27908600000000 27908700000290 	13400039966 39497054542 1345334 	13398694632 1345334 0 0 0 	40280475 1345334 0 	456.525 	3 	190
27934200000000 27934300000290 	13600040546 40087131428 1360375 	13598680171 1360375 0 0 0 	40740466 1360375 0 	456.304 	3 	190
27959800000000 27959900000290 	13800041126 40677162434 1375045 	13798666081 1375045 0 0 0 	41180516 1375045 0 	456.091 	3 	190
27985400000000 27985500000290 	14000041706 41267280367 1389528 	13998652178 1389528 0 0 0 	41615076 1389528 0 	455.883 	3 	190
28011000000000 28011100000290 	14200042286 41857409377 1404176 	14198638110 1404176 0 0 0 	42059062 1404176 0 	455.681 	3 	190
28036600000000 28036700000249 	14400042784 42447529868 1418535 	14398624249 1418535 0 0 0 	42486264 1418535 0 	455.441 	3 	190
28062200000000 28062300000249 	14600043282 43037676297 1432638 	14598610644 1432638 0 0 0 	42913551 1432638 0 	455.207 	3 	190
28087800000000 28087900000249 	14800043780 43627798400 1446663 	14798597117 1446663 0 0 0 	43335945 1446663 0 	454.98 	3 	190
28113400000000 28113500000249 	15000044278 44217957443 1460430 	14998583848 1460430 0 0 0 	43747494 1460430 0 	454.76 	3 	190
28139000000000 28139100000249 	15200044776 44808170590 1474448 	15198570328 1474448 0 0 0 	44166645 1474448 0 	454.545 	3 	190
28164600000000 28164700000249 	15400045274 45398344148 1488145 	15398557129 1488145 0 0 0 	44578179 1488145 0 	454.336 	3 	190
28190200000000 28190300000249 	15600045772 45988628267 1501688 	15598544084 1501688 0 0 0 	44986282 1501688 0 	454.133 	3 	190
28215800000000 28215900000249 	15800046270 46578888863 1515066 	15798531204 1515066 0 0 0 	45389298 1515066 0 	453.935 	3 	190
28241400000000 28241500000088 	16000046446 47169133510 1528290 	15998518156 1528290 0 0 0 	45780722 1528290 0 	453.701 	3 	190
28267000000000 28267100000088 	16200046622 47759416900 1541382 	16198505240 1541382 0 0 0 	46173876 1541382 0 	453.474 	3 	190
28292600000000 28292700000088 	16400046798 48349712211 1554400 	16398492398 1554400 0 0 0 	46568089 1554400 0 	453.252 	3 	190
28318200000000 28318300000088 	16600046974 48940058153 1567414 	16598479560 1567414 0 0 0 	46960255 1567414 0 	453.037 	3 	190
28343800000000 28343900000088 	16800047150 49530347645 1580269 	16798466881 1580269 0 0 0 	47342148 1580269 0 	452.826 	3 	190
28369400000000 28369500000088 	17000047326 50120651435 1593274 	16998454052 1593274 0 0 0 	47734731 1593274 0 	452.62 	3 	190
28395000000000 28395100000088 	17200047502 50711103586 1606071 	17198441431 1606071 0 0 0 	48122129 1606071 0 	452.42 	3 	190
28420600000000 28420700000110 	17400047722 51301458228 1618677 	17398429045 1618677 0 0 0 	48497174 1618677 0 	452.199 	3 	190
28446200000000 28446300000110 	17600047942 51891824048 1631252 	17598416690 1631252 0 0 0 	48874211 1631252 0 	451.984 	3 	190
28471800000000 28471900000110 	17800048162 52482280028 1643686 	17798404476 1643686 0 0 0 	49245580 1643686 0 	451.774 	3 	190
28497400000000 28497500000110 	18000048382 53072670131 1656063 	17998392319 1656063 0 0 0 	49608994 1656063 0 	451.568 	3 	190
28523000000000 28523100000110 	18200048602 53663131059 1668168 	18198380434 1668168 0 0 0 	49970964 1668168 0 	451.367 	3 	190
28548600000000 28548700000110 	18400048822 54253595955 1680112 	18398368710 1680112 0 0 0 	50325464 1680112 0 	451.171 	3 	190
28574200000000 28574300000110 	18600049042 54844052953 1692017 	18598357025 1692017 0 0 0 	50680801 1692017 0 	450.979 	3 	190
28599800000000 28599900000110 	18800049262 55434638107 1703971 	18798345291 1703971 0 0 0 	51036681 1703971 0 	450.792 	3 	190
28625400000000 28625500000189 	19000049640 56025143304 1715735 	18998333905 1715735 0 0 0 	51389857 1715735 0 	450.574 	3 	190
28651000000000 28651100000189 	19200050018 56615676151 1727660 	19198322358 1727660 0 0 0 	51747916 1727660 0 	450.361 	3 	190
28676600000000 28676700000189 	19400050396 57206235117 1739335 	19398311061 1739335 0 0 0 	52096864 1739335 0 	450.152 	3 	190
28702200000000 28702300000189 	19600050774 57796833098 1750703 	19598300071 1750703 0 0 0 	52437938 1750703 0 	449.948 	3 	190
28727800000000 28727900000189 	19800051152 58387396899 1761857 	19798289295 1761857 0 0 0 	52775449 1761857 0 	449.748 	3 	190
28753400000000 28753500000189 	20000051530 58978007600 1773044 	19998278486 1773044 0 0 0 	53109529 1773044 0 	449.553 	3 	190
28779000000000 28779100000189 	20200051908 59568622861 1784146 	20198267762 1784146 0 0 0 	53437310 1784146 0 	449.361 	3 	190
28804600000000 28804700000060 	20400052028 60159245235 1795327 	20398256701 1795327 0 0 0 	53769542 1795327 0 	449.142 	3 	190
28830200000000 28830300000060 	20600052148 60749915891 1806386 	20598245762 1806386 0 0 0 	54096070 1806386 0 	448.926 	3 	190
28855800000000 28855900000060 	20800052268 61340555034 1817343 	20798234925 1817343 0 0 0 	54422218 1817343 0 	448.715 	3 	190
28881400000000 28881500000060 	21000052388 61931192281 1828157 	20998224231 1828157 0 0 0 	54742211 1828157 0 	448.509 	3 	190
28907000000000 28907100000060 	21200052508 62521935961 1838879 	21198213629 1838879 0 0 0 	55062354 1838879 0 	448.306 	3 	190
28932600000000 28932700000060 	21400052628 63112646558 1849291 	21398203337 1849291 0 0 0 	55377698 1849291 0 	448.107 	3 	190
28958200000000 28958300000060 	21600052748 63703425088 1859868 	21598192880 1859868 0 0 0 	55691152 1859868 0 	447.912 	3 	190
28983800000000 28983900000375 	21800053498 64294190463 1870165 	21798183333 1870165 0 0 0 	55999770 1870165 0 	447.691 	3 	190
29009400000000 29009500000375 	22000054248 64884944623 1880694 	21998173554 1880694 0 0 0 	56308508 1880694 0 	447.474 	3 	190
29035000000000 29035100000375 	22200054998 65475752468 1890977 	22198164021 1890977 0 0 0 	56615502 1890977 0 	447.261 	3 	190
29060600000000 29060700000375 	22400055748 66066509269 1901174 	22398154574 1901174 0 0 0 	56925737 1901174 0 	447.052 	3 	190
29086200000000 29086300000375 	22600056498 66657313869 1911200 	22598145298 1911200 0 0 0 	57228917 1911200 0 	446.847 	3 	190
29111800000000 29111900000308 	22800057114 67248463258 1964775 	22798092339 1964775 0 0 0 	58832473 1964775 0 	447.319 	3 	190
29137400000000 29137500000308 	23000057730 67839655263 2018051 	22998039679 2018051 0 0 0 	60442552 2018051 0 	447.784 	3 	190
29163000000000 29163100000308 	23200058346 68430866739 2071396 	23197986950 2071396 0 0 0 	62041316 2071396 0 	448.242 	3 	190
29188600000000 29188700000308 	23400058962 69022106953 2123573 	23397935389 2123573 0 0 0 	63601365 2123573 0 	448.693 	3 	190
29214200000000 29214300000308 	23600059578 69613320931 2175346 	23597884232 2175346 0 0 0 	65134494 2175346 0 	449.138 	3 	190
29239800000000 29239900000308 	23800060194 70204485026 2226842 	23797833352 2226842 0 0 0 	66670426 2226842 0 	449.575 	3 	190
29265400000000 29265500000308 	24000060810 70795674986 2278009 	23997782801 2278009 0 0 0 	68201220 2278009 0 	450.007 	3 	190
29291000000000 29291100000308 	24200061426 71386969389 2328465 	24197732961 2328465 0 0 0 	69715496 2328465 0 	450.432 	3 	190
29316600000000 29316700000308 	24400062042 71978271941 2379341 	24397682701 2379341 0 0 0 	71238243 2379341 0 	450.85 	3 	190
29342200000000 29342300000152 	24600062346 72569611501 2429349 	24597632997 2429349 0 0 0 	72738283 2429349 0 	451.237 	3 	190
29367800000000 29367900000152 	24800062650 73160935569 2478968 	24797583682 2478968 0 0 0 	74237736 2478968 0 	451.618 	3 	190
29393400000000 29393500000152 	25000062954 73752296690 2528370 	24997534584 2528370 0 0 0 	75716242 2528370 0 	451.994 	3 	190
29419000000000 29419100000152 	25200063258 74343666478 2577508 	25197485750 2577508 0 0 0 	77188958 2577508 0 	452.365 	3 	190
29444600000000 29444700000152 	25400063562 74935060996 2626366 	25397437196 2626366 0 0 0 	78655806 2626366 0 	452.73 	3 	190
29470200000000 29470300000152 	25600063866 75526480983 2674799 	25597389067 2674799 0 0 0 	80108255 2674799 0 	453.09 	3 	190
29495800000000 29495900000152 	25800064170 76117835975 2722567 	25797341603 2722567 0 0 0 	81540541 2722567 0 	453.445 	3 	190
29521400000000 29521500000152 	26000064474 76709229204 2769995 	25997294479 2769995 0 0 0 	82974344 2769995 0 	453.795 	3 	190
29547000000000 29547100000152 	26200064778 77300620522 2817284 	26197247494 2817284 0 0 0 	84393842 2817284 0 	454.141 	3 	190
29572600000000 29572700000000 	26400064778 77891999594 2864469 	26397200309 2864469 0 0 0 	85811078 2864469 0 	454.456 	3 	190
29598200000000 29598300000000 	26600064778 78483419041 2911049 	26597153729 2911049 0 0 0 	87202869 2911049 0 	454.768 	3 	190
29623800000000 29623900000000 	26800064778 79074853499 2957102 	26797107676 2957102 0 0 0 	88580235 2957102 0 	455.075 	3 	190
29649400000000 29649500000000 	27000064778 79666299371 3003160 	26997061618 3003160 0 0 0 	89967168 3003160 0 	455.378 	3 	190
29675000000000 29675100000000 	27200064778 80257733456 3049031 	27197015747 3049031 0 0 0 	91347039 3049031 0 	455.677 	3 	190
29700600000000 29700700000000 	27400064778 80849197735 3094281 	27396970497 3094281 0 0 0 	92698949 3094281 0 	455.972 	3 	190
29726200000000 29726300000000 	27600064778 81440740742 3139574 	27596925204 3139574 0 0 0 	94059715 3139574 0 	456.263 	3 	190
29751800000000 29751900000000 	27800064778 82032218561 3184194 	27796880584 3184194 0 0 0 	95393654 3184194 0 	456.551 	3 	190
29777400000000 29777500000048 	28000064874 82623758412 3228469 	27996836405 3228469 0 0 0 	96726427 3228469 0 	456.81 	3 	190
29803000000000 29803100000048 	28200064970 83215332177 3272492 	28196792478 3272492 0 0 0 	98057267 3272492 0 	457.066 	3 	190
29828600000000 29828700000048 	28400065066 83806916215 3315897 	28396749169 3315897 0 0 0 	99360345 3315897 0 	457.319 	3 	190
29854200000000 29854300000048 	28600065162 84398415400 3359264 	28596705898 3359264 0 0 0 	100672484 3359264 0 	457.569 	3 	190
29879800000000 29879900000048 	28800065258 84989962815 3402433 	28796662825 3402433 0 0 0 	101957974 3402433 0 	457.815 	3 	190
29905400000000 29905500000048 	29000065354 85581474941 3445032 	28996620322 3445032 0 0 0 	103241907 3445032 0 	458.058 	3 	190
29931000000000 29931100000048 	29200065450 86173088735 3487472 	29196577978 3487472 0 0 0 	104514795 3487472 0 	458.298 	3 	190
29956600000000 29956700000048 	29400065546 86764730287 3529981 	29396535565 3529981 0 0 0 	105795875 3529981 0 	458.535 	3 	190
29982200000000 29982300000048 	29600065642 87356412056 3571890 	29596493752 3571890 0 0 0 	107044456 3571890 0 	458.769 	3 	190
