26220600000000 26220700000365 	200000730 588961138 26177 	199974553 26177 0 0 0 	788098 26177 0 	471 	3 	206
26246200000000 26246300000365 	400001460 1177934006 52497 	399948963 52497 0 0 0 	1571764 52497 0 	471 	3 	206
26271800000000 26271900000365 	600002190 1766974853 78465 	599923725 78465 0 0 0 	2350065 78465 0 	471 	3 	206
26297400000000 26297500000365 	800002920 2356022245 103969 	799898951 103969 0 0 0 	3114347 103969 0 	471 	3 	206
26323000000000 26323100000365 	1000003650 2945106658 129537 	999874113 129537 0 0 0 	3875334 129537 0 	471 	3 	206
26348600000000 26348700000368 	1200004386 3534163479 154669 	1199849717 154669 0 0 0 	4625321 154669 0 	470.497 	3 	206
26374200000000 26374300000368 	1400005122 4123248456 179953 	1399825169 179953 0 0 0 	5377554 179953 0 	470.139 	3 	206
26399800000000 26399900000368 	1600005858 4712315214 204791 	1599801067 204791 0 0 0 	6117636 204791 0 	469.871 	3 	206
26425400000000 26425500000368 	1800006594 5301407537 229218 	1799777376 229218 0 0 0 	6842402 229218 0 	469.662 	3 	206
26451000000000 26451100000368 	2000007330 5890555900 253562 	1999753768 253562 0 0 0 	7573916 253562 0 	469.495 	3 	206
26476600000000 26476700000368 	2200008066 6479661356 277575 	2199730491 277575 0 0 0 	8295678 277575 0 	469.359 	3 	206
26502200000000 26502300000368 	2400008802 7068830335 301400 	2399707402 301400 0 0 0 	9010551 301400 0 	469.245 	3 	206
26527800000000 26527900000352 	2600009506 7657993101 325290 	2599684216 325290 0 0 0 	9721647 325290 0 	468.838 	3 	206
26553400000000 26553500000352 	2800010210 8247169251 348805 	2799661405 348805 0 0 0 	10423974 348805 0 	468.489 	3 	206
26579000000000 26579100000352 	3000010914 8836352020 372036 	2999638878 372036 0 0 0 	11114901 372036 0 	468.187 	3 	206
26604600000000 26604700000352 	3200011618 9425566478 395345 	3199616273 395345 0 0 0 	11814943 395345 0 	467.923 	3 	206
26630200000000 26630300000352 	3400012322 10014763060 418023 	3399594299 418023 0 0 0 	12497460 418023 0 	467.69 	3 	206
26655800000000 26655900000352 	3600013026 10603938470 440427 	3599572599 440427 0 0 0 	13169830 440427 0 	467.484 	3 	206
26681400000000 26681500000352 	3800013730 11193218660 462887 	3799550843 462887 0 0 0 	13847037 462887 0 	467.299 	3 	206
26707000000000 26707100000120 	4000013970 11782544406 485402 	3999528568 485402 0 0 0 	14512542 485402 0 	466.98 	3 	206
26732600000000 26732700000120 	4200014210 12371827625 507591 	4199506619 507591 0 0 0 	15173612 507591 0 	466.692 	3 	206
26758200000000 26758300000120 	4400014450 12961152205 529341 	4399485109 529341 0 0 0 	15821649 529341 0 	466.43 	3 	206
26783800000000 26783900000120 	4600014690 13550487970 551060 	4599463630 551060 0 0 0 	16472949 551060 0 	466.191 	3 	206
26809400000000 26809500000120 	4800014930 14139883076 572685 	4799442245 572685 0 0 0 	17111877 572685 0 	465.973 	3 	206
26835000000000 26835100000120 	5000015170 14729270810 594011 	4999421159 594011 0 0 0 	17748262 594011 0 	465.772 	3 	206
26860600000000 26860700000120 	5200015410 15318616428 615284 	5199400126 615284 0 0 0 	18386857 615284 0 	465.586 	3 	206
26886200000000 26886300000120 	5400015650 15907981241 636111 	5399379539 636111 0 0 0 	19010175 636111 0 	465.415 	3 	206
26911800000000 26911900000178 	5600016006 16497391379 656983 	5599359023 656983 0 0 0 	19637945 656983 0 	465.146 	3 	206
26937400000000 26937500000178 	5800016362 17086822012 677721 	5799338641 677721 0 0 0 	20255854 677721 0 	464.896 	3 	206
26963000000000 26963100000178 	6000016718 17676337612 698183 	5999318535 698183 0 0 0 	20877293 698183 0 	464.663 	3 	206
26988600000000 26988700000178 	6200017074 18265713252 718427 	6199298647 718427 0 0 0 	21477733 718427 0 	464.445 	3 	206
27014200000000 27014300000178 	6400017430 18855183548 738421 	6399279009 738421 0 0 0 	22073759 738421 0 	464.24 	3 	206
27039800000000 27039900000178 	6600017786 19444624808 758424 	6599259362 758424 0 0 0 	22683345 758424 0 	464.049 	3 	206
27065400000000 27065500000178 	6800018142 20034087188 778089 	6799240053 778089 0 0 0 	23272821 778089 0 	463.869 	3 	206
27091000000000 27091100000355 	7000018852 20623620399 797839 	6999221013 797839 0 0 0 	23865192 797839 0 	463.611 	3 	206
27116600000000 27116700000355 	7200019562 21213211099 817365 	7199202197 817365 0 0 0 	24450664 817365 0 	463.367 	3 	206
27142200000000 27142300000355 	7400020272 21802761498 836668 	7399183604 836668 0 0 0 	25034648 836668 0 	463.137 	3 	206
27167800000000 27167900000355 	7600020982 22392296479 855703 	7599165279 855703 0 0 0 	25599953 855703 0 	462.919 	3 	206
27193400000000 27193500000355 	7800021692 22981867563 874660 	7799147032 874660 0 0 0 	26171295 874660 0 	462.712 	3 	206
27219000000000 27219100000355 	8000022402 23571525165 893510 	7999128892 893510 0 0 0 	26728879 893510 0 	462.516 	3 	206
27244600000000 27244700000355 	8200023112 24161108549 912172 	8199110940 912172 0 0 0 	27289016 912172 0 	462.33 	3 	206
27270200000000 27270300000355 	8400023822 24750759085 930865 	8399092957 930865 0 0 0 	27854872 930865 0 	462.153 	3 	206
27295800000000 27295900000230 	8600024282 25340438568 949138 	8599075144 949138 0 0 0 	28406152 949138 0 	461.887 	3 	206
27321400000000 27321500000230 	8800024742 25930177529 967145 	8799057597 967145 0 0 0 	28943985 967145 0 	461.634 	3 	206
27347000000000 27347100000230 	9000025202 26519802304 985186 	8999040016 985186 0 0 0 	29480476 985186 0 	461.392 	3 	206
27372600000000 27372700000230 	9200025662 27109490418 1003031 	9199022631 1003031 0 0 0 	30015087 1003031 0 	461.161 	3 	206
27398200000000 27398300000230 	9400026122 27699224025 1020944 	9399005178 1020944 0 0 0 	30552406 1020944 0 	460.94 	3 	206
27423800000000 27423900000230 	9600026582 28289026328 1038725 	9598987857 1038725 0 0 0 	31081491 1038725 0 	460.729 	3 	206
27449400000000 27449500000230 	9800027042 28878790547 1056259 	9798970783 1056259 0 0 0 	31607179 1056259 0 	460.526 	3 	206
27475000000000 27475100000320 	10000027682 29468523372 1073466 	9998954216 1073466 0 0 0 	32122045 1073466 0 	460.269 	3 	206
27500600000000 27500700000320 	10200028322 30058371321 1090742 	10198937580 1090742 0 0 0 	32639100 1090742 0 	460.022 	3 	206
27526200000000 27526300000320 	10400028962 30648156018 1107752 	10398921210 1107752 0 0 0 	33148038 1107752 0 	459.784 	3 	206
27551800000000 27551900000320 	10600029602 31237922074 1124524 	10598905078 1124524 0 0 0 	33653218 1124524 0 	459.556 	3 	206
27577400000000 27577500000320 	10800030242 31827784491 1141126 	10798889116 1141126 0 0 0 	34153538 1141126 0 	459.337 	3 	206
27603000000000 27603100000320 	11000030882 32417732048 1157684 	10998873198 1157684 0 0 0 	34643561 1157684 0 	459.126 	3 	206
27628600000000 27628700000320 	11200031522 33007613866 1174050 	11198857472 1174050 0 0 0 	35138067 1174050 0 	458.922 	3 	206
27654200000000 27654300000400 	11400032322 33597554082 1190247 	11398842075 1190247 0 0 0 	35628962 1190247 0 	458.67 	3 	206
27679800000000 27679900000400 	11600033122 34187520471 1206415 	11598826707 1206415 0 0 0 	36114283 1206415 0 	458.427 	3 	206
27705400000000 27705500000400 	11800033922 34777480624 1222479 	11798811443 1222479 0 0 0 	36595297 1222479 0 	458.193 	3 	206
27731000000000 27731100000400 	12000034722 35367449002 1238308 	11998796414 1238308 0 0 0 	37064462 1238308 0 	457.967 	3 	206
27756600000000 27756700000400 	12200035522 35957397578 1254036 	12198781486 1254036 0 0 0 	37539126 1254036 0 	457.748 	3 	206
27782200000000 27782300000400 	12400036322 36547404344 1269659 	12398766663 1269659 0 0 0 	38003826 1269659 0 	457.537 	3 	206
27807800000000 27807900000400 	12600037122 37137360787 1285108 	12598752014 1285108 0 0 0 	38465663 1285108 0 	457.332 	3 	206
27833400000000 27833500000400 	12800037922 37727359566 1300420 	12798737502 1300420 0 0 0 	38924049 1300420 0 	457.134 	3 	206
27859000000000 27859100000290 	13000038502 38317346406 1315595 	12998722907 1315595 0 0 0 	39379243 1315595 0 	456.894 	3 	206
27884600000000 27884700000290 	13200039082 38907424011 1330712 	13198708370 1330712 0 0 0 	39831594 1330712 0 	456.66 	3 	206
27910200000000 27910300000290 	13400039662 39497440392 1345435 	13398694227 1345435 0 0 0 	40272368 1345435 0 	456.435 	3 	206
27935800000000 27935900000290 	13600040242 40087535862 1360189 	13598680053 1360189 0 0 0 	40707714 1360189 0 	456.215 	3 	206
27961400000000 27961500000290 	13800040822 40677577885 1375053 	13798665769 1375053 0 0 0 	41147145 1375053 0 	456.003 	3 	206
27987000000000 27987100000290 	14000041402 41267696140 1389506 	13998651896 1389506 0 0 0 	41577491 1389506 0 	455.797 	3 	206
28012600000000 28012700000290 	14200041982 41857825377 1403845 	14198638137 1403845 0 0 0 	42004228 1403845 0 	455.596 	3 	206
28038200000000 28038300000249 	14400042480 42447946221 1418113 	14398624367 1418113 0 0 0 	42434601 1418113 0 	455.357 	3 	206
28063800000000 28063900000249 	14600042978 43038139311 1432458 	14598610520 1432458 0 0 0 	42869679 1432458 0 	455.125 	3 	206
28089400000000 28089500000249 	14800043476 43628335967 1446357 	14798597119 1446357 0 0 0 	43284212 1446357 0 	454.899 	3 	206
28115000000000 28115100000249 	15000043974 44218504999 1460195 	14998583779 1460195 0 0 0 	43697053 1460195 0 	454.68 	3 	206
28140600000000 28140700000249 	15200044472 44808719973 1474090 	15198570382 1474090 0 0 0 	44108657 1474090 0 	454.466 	3 	206
28166200000000 28166300000249 	15400044970 45398984114 1487998 	15398556972 1487998 0 0 0 	44528534 1487998 0 	454.258 	3 	206
28191800000000 28191900000249 	15600045468 45989267862 1501728 	15598543740 1501728 0 0 0 	44936516 1501728 0 	454.056 	3 	206
28217400000000 28217500000249 	15800045966 46579547761 1515038 	15798530928 1515038 0 0 0 	45331314 1515038 0 	453.859 	3 	206
28243000000000 28243100000088 	16000046142 47169804270 1528461 	15998517681 1528461 0 0 0 	45735360 1528461 0 	453.627 	3 	206
28268600000000 28268700000088 	16200046318 47760054426 1541610 	16198504708 1541610 0 0 0 	46125298 1541610 0 	453.4 	3 	206
28294200000000 28294300000088 	16400046494 48350324001 1554809 	16398491685 1554809 0 0 0 	46520089 1554809 0 	453.18 	3 	206
28319800000000 28319900000088 	16600046670 48940646722 1567712 	16598478958 1567712 0 0 0 	46906059 1567712 0 	452.965 	3 	206
28345400000000 28345500000088 	16800046846 49530963127 1580749 	16798466097 1580749 0 0 0 	47298668 1580749 0 	452.755 	3 	206
28371000000000 28371100000088 	17000047022 50121353516 1593772 	16998453250 1593772 0 0 0 	47690081 1593772 0 	452.55 	3 	206
28396600000000 28396700000088 	17200047198 50711748314 1606387 	17198440811 1606387 0 0 0 	48067556 1606387 0 	452.351 	3 	206
28422200000000 28422300000110 	17400047418 51302134742 1619208 	17398428210 1619208 0 0 0 	48455937 1619208 0 	452.131 	3 	206
28447800000000 28447900000110 	17600047638 51892542378 1631651 	17598415987 1631651 0 0 0 	48830056 1631651 0 	451.916 	3 	206
28473400000000 28473500000110 	17800047858 52483000565 1644020 	17798403838 1644020 0 0 0 	49200845 1644020 0 	451.707 	3 	206
28499000000000 28499100000110 	18000048078 53073386449 1656155 	17998391923 1656155 0 0 0 	49565323 1656155 0 	451.502 	3 	206
28524600000000 28524700000110 	18200048298 53663829675 1668235 	18198380063 1668235 0 0 0 	49925669 1668235 0 	451.302 	3 	206
28550200000000 28550300000110 	18400048518 54254305857 1680238 	18398368280 1680238 0 0 0 	50288783 1680238 0 	451.107 	3 	206
28575800000000 28575900000110 	18600048738 54844761827 1691990 	18598356748 1691990 0 0 0 	50644677 1691990 0 	450.916 	3 	206
28601400000000 28601500000189 	18800049116 55435214195 1704006 	18798345110 1704006 0 0 0 	51001965 1704006 0 	450.694 	3 	206
28627000000000 28627100000189 	19000049494 56025751210 1715904 	18998333590 1715904 0 0 0 	51358920 1715904 0 	450.477 	3 	206
28652600000000 28652700000189 	19200049872 56616257691 1727637 	19198322235 1727637 0 0 0 	51708572 1727637 0 	450.265 	3 	206
28678200000000 28678300000189 	19400050250 57206760569 1739179 	19398311071 1739179 0 0 0 	52056110 1739179 0 	450.058 	3 	206
28703800000000 28703900000189 	19600050628 57797322340 1750630 	19598299998 1750630 0 0 0 	52393021 1750630 0 	449.855 	3 	206
28729400000000 28729500000189 	19800051006 58387852253 1762047 	19798288959 1762047 0 0 0 	52739438 1762047 0 	449.656 	3 	206
28755000000000 28755100000189 	20000051384 58978523610 1773411 	19998277973 1773411 0 0 0 	53087898 1773411 0 	449.462 	3 	206
28780600000000 28780700000189 	20200051762 59569112938 1784662 	20198267100 1784662 0 0 0 	53428298 1784662 0 	449.271 	3 	206
28806200000000 28806300000060 	20400051882 60159741106 1795722 	20398256160 1795722 0 0 0 	53760238 1795722 0 	449.052 	3 	206
28831800000000 28831900000060 	20600052002 60750376369 1807075 	20598244927 1807075 0 0 0 	54106222 1807075 0 	448.838 	3 	206
28857400000000 28857500000060 	20800052122 61340971793 1818050 	20798234072 1818050 0 0 0 	54435258 1818050 0 	448.628 	3 	206
28883000000000 28883100000060 	21000052242 61931683281 1828868 	20998223374 1828868 0 0 0 	54759093 1828868 0 	448.422 	3 	206
28908600000000 28908700000060 	21200052362 62522404682 1839558 	21198212804 1839558 0 0 0 	55079551 1839558 0 	448.22 	3 	206
28934200000000 28934300000060 	21400052482 63113129938 1850309 	21398202173 1850309 0 0 0 	55398335 1850309 0 	448.023 	3 	206
28959800000000 28959900000060 	21600052602 63703863096 1860922 	21598191680 1860922 0 0 0 	55720671 1860922 0 	447.829 	3 	206
28985400000000 28985500000375 	21800053352 64294582149 1871388 	21798181964 1871388 0 0 0 	56034109 1871388 0 	447.608 	3 	206
29011000000000 29011100000375 	22000054102 64885356061 1881695 	21998172407 1881695 0 0 0 	56343288 1881695 0 	447.392 	3 	206
29036600000000 29036700000375 	22200054852 65476087788 1892046 	22198162806 1892046 0 0 0 	56657117 1892046 0 	447.179 	3 	206
29062200000000 29062300000375 	22400055602 66066905397 1902269 	22398153333 1902269 0 0 0 	56961385 1902269 0 	446.971 	3 	206
29087800000000 29087900000375 	22600056352 66657727356 1912291 	22598144061 1912291 0 0 0 	57258445 1912291 0 	446.767 	3 	206
29113400000000 29113500000308 	22800056968 67248948845 1965933 	22798091035 1965933 0 0 0 	58861517 1965933 0 	447.24 	3 	206
29139000000000 29139100000308 	23000057584 67840113143 2019052 	22998038532 2019052 0 0 0 	60450851 2019052 0 	447.705 	3 	206
29164600000000 29164700000308 	23200058200 68431350150 2071267 	23197986933 2071267 0 0 0 	62004094 2071267 0 	448.164 	3 	206
29190200000000 29190300000308 	23400058816 69022576439 2123917 	23397934899 2123917 0 0 0 	63584505 2123917 0 	448.616 	3 	206
29215800000000 29215900000308 	23600059432 69613793698 2175087 	23597884345 2175087 0 0 0 	65124024 2175087 0 	449.06 	3 	206
29241400000000 29241500000308 	23800060048 70205070635 2226657 	23797833391 2226657 0 0 0 	66673226 2226657 0 	449.499 	3 	206
29267000000000 29267100000308 	24000060664 70796303089 2277297 	23997783367 2277297 0 0 0 	68183905 2277297 0 	449.93 	3 	206
29292600000000 29292700000308 	24200061280 71387568342 2328191 	24197733089 2328191 0 0 0 	69712227 2328191 0 	450.356 	3 	206
29318200000000 29318300000308 	24400061896 71978913434 2378602 	24397683294 2378602 0 0 0 	71227384 2378602 0 	450.775 	3 	206
29343800000000 29343900000152 	24600062200 72570170036 2428496 	24597633704 2428496 0 0 0 	72723858 2428496 0 	451.163 	3 	206
29369400000000 29369500000152 	24800062504 73161471969 2478144 	24797584360 2478144 0 0 0 	74212954 2478144 0 	451.544 	3 	206
29395000000000 29395100000152 	25000062808 73752801009 2527719 	24997535089 2527719 0 0 0 	75700745 2527719 0 	451.921 	3 	206
29420600000000 29420700000152 	25200063112 74344115451 2576698 	25197486414 2576698 0 0 0 	77168142 2576698 0 	452.291 	3 	206
29446200000000 29446300000152 	25400063416 74935473335 2625209 	25397438207 2625209 0 0 0 	78622290 2625209 0 	452.657 	3 	206
29471800000000 29471900000152 	25600063720 75526793091 2673510 	25597390210 2673510 0 0 0 	80076682 2673510 0 	453.018 	3 	206
29497400000000 29497500000152 	25800064024 76118197018 2721619 	25797342405 2721619 0 0 0 	81523509 2721619 0 	453.373 	3 	206
29523000000000 29523100000152 	26000064328 76709566453 2769461 	25997294867 2769461 0 0 0 	82956664 2769461 0 	453.724 	3 	206
29548600000000 29548700000000 	26200064328 77300920342 2816761 	26197247567 2816761 0 0 0 	84370184 2816761 0 	454.045 	3 	206
29574200000000 29574300000000 	26400064328 77892290128 2863697 	26397200631 2863697 0 0 0 	85783363 2863697 0 	454.361 	3 	206
29599800000000 29599900000000 	26600064328 78483738204 2910469 	26597153859 2910469 0 0 0 	87182978 2910469 0 	454.673 	3 	206
29625400000000 29625500000000 	26800064328 79075201001 2956611 	26797107717 2956611 0 0 0 	88563827 2956611 0 	454.981 	3 	206
29651000000000 29651100000000 	27000064328 79666616725 3002465 	26997061863 3002465 0 0 0 	89944902 3002465 0 	455.284 	3 	206
29676600000000 29676700000000 	27200064328 80258060528 3047989 	27197016339 3047989 0 0 0 	91318596 3047989 0 	455.584 	3 	206
29702200000000 29702300000000 	27400064328 80849516984 3093331 	27396970997 3093331 0 0 0 	92668801 3093331 0 	455.88 	3 	206
29727800000000 29727900000000 	27600064328 81441069764 3138492 	27596925836 3138492 0 0 0 	94018157 3138492 0 	456.171 	3 	206
29753400000000 29753500000000 	27800064328 82032608319 3183229 	27796881099 3183229 0 0 0 	95366356 3183229 0 	456.459 	3 	206
29779000000000 29779100000048 	28000064424 82624210175 3227775 	27996836649 3227775 0 0 0 	96714474 3227775 0 	456.719 	3 	206
29804600000000 29804700000048 	28200064520 83215754462 3271524 	28196792996 3271524 0 0 0 	98028410 3271524 0 	456.976 	3 	206
29830200000000 29830300000048 	28400064616 83807288206 3314766 	28396749850 3314766 0 0 0 	99327404 3314766 0 	457.229 	3 	206
29855800000000 29855900000048 	28600064712 84398844210 3358065 	28596706647 3358065 0 0 0 	100625042 3358065 0 	457.479 	3 	206
29881400000000 29881500000048 	28800064808 84990406548 3401472 	28796663336 3401472 0 0 0 	101923767 3401472 0 	457.726 	3 	206
29907000000000 29907100000048 	29000064904 85581997635 3444078 	28996620826 3444078 0 0 0 	103198258 3444078 0 	457.97 	3 	206
29932600000000 29932700000048 	29200065000 86173602141 3486413 	29196578587 3486413 0 0 0 	104477100 3486413 0 	458.211 	3 	206
29958200000000 29958300000048 	29400065096 86765207197 3528883 	29396536213 3528883 0 0 0 	105752693 3528883 0 	458.448 	3 	206
29983800000000 29983900000048 	29600065192 87356881896 3570971 	29596494221 3570971 0 0 0 	107027766 3570971 0 	458.683 	3 	206
