26220700000000 26220800000365 	200000730 588990939 26231 	199974499 26231 0 0 0 	791091 26231 0 	471 	3 	207
26246300000000 26246400000365 	400001460 1177937793 52300 	399949160 52300 0 0 0 	1567250 52300 0 	471 	3 	207
26271900000000 26272000000365 	600002190 1766925299 78257 	599923933 78257 0 0 0 	2340762 78257 0 	471 	3 	207
26297500000000 26297600000365 	800002920 2355998852 104034 	799898886 104034 0 0 0 	3112259 104034 0 	471 	3 	207
26323100000000 26323200000365 	1000003650 2945076159 129232 	999874418 129232 0 0 0 	3864441 129232 0 	471 	3 	207
26348700000000 26348800000368 	1200004386 3534151201 154283 	1199850103 154283 0 0 0 	4611058 154283 0 	470.497 	3 	207
26374300000000 26374400000368 	1400005122 4123213849 179210 	1399825912 179210 0 0 0 	5356294 179210 0 	470.139 	3 	207
26399900000000 26400000000368 	1600005858 4712249771 203619 	1599802239 203619 0 0 0 	6088774 203619 0 	469.871 	3 	207
26425500000000 26425600000368 	1800006594 5301329218 228326 	1799778268 228326 0 0 0 	6827745 228326 0 	469.662 	3 	207
26451100000000 26451200000368 	2000007330 5890463774 252422 	1999754908 252422 0 0 0 	7549767 252422 0 	469.495 	3 	207
26476700000000 26476800000368 	2200008066 6479557153 276514 	2199731552 276514 0 0 0 	8267656 276514 0 	469.359 	3 	207
26502300000000 26502400000368 	2400008802 7068735053 300698 	2399708104 300698 0 0 0 	8995126 300698 0 	469.245 	3 	207
26527900000000 26528000000352 	2600009506 7657925681 324481 	2599685025 324481 0 0 0 	9718680 324481 0 	468.838 	3 	207
26553500000000 26553600000352 	2800010210 8247013471 347896 	2799662314 347896 0 0 0 	10425875 347896 0 	468.489 	3 	207
26579100000000 26579200000352 	3000010914 8836233168 371139 	2999639775 371139 0 0 0 	11126061 371139 0 	468.187 	3 	207
26604700000000 26604800000352 	3200011618 9425404924 394466 	3199617152 394466 0 0 0 	11829008 394466 0 	467.923 	3 	207
26630300000000 26630400000352 	3400012322 10014622326 417313 	3399595009 417313 0 0 0 	12504464 417313 0 	467.69 	3 	207
26655900000000 26656000000352 	3600013026 10603872956 440165 	3599572861 440165 0 0 0 	13185453 440165 0 	467.484 	3 	207
26681500000000 26681600000352 	3800013730 11193095650 462601 	3799551129 462601 0 0 0 	13853253 462601 0 	467.299 	3 	207
26707100000000 26707200000120 	4000013970 11782357995 484998 	3999528972 484998 0 0 0 	14518721 484998 0 	466.98 	3 	207
26732700000000 26732800000120 	4200014210 12371649758 506999 	4199507211 506999 0 0 0 	15173042 506999 0 	466.692 	3 	207
26758300000000 26758400000120 	4400014450 12960952265 528922 	4399485528 528922 0 0 0 	15832016 528922 0 	466.43 	3 	207
26783900000000 26784000000120 	4600014690 13550293168 550541 	4599464149 550541 0 0 0 	16480503 550541 0 	466.191 	3 	207
26809500000000 26809600000120 	4800014930 14139638229 572006 	4799442924 572006 0 0 0 	17119094 572006 0 	465.973 	3 	207
26835100000000 26835200000120 	5000015170 14729010474 593225 	4999421945 593225 0 0 0 	17759859 593225 0 	465.772 	3 	207
26860700000000 26860800000120 	5200015410 15318377794 614236 	5199401174 614236 0 0 0 	18385726 614236 0 	465.586 	3 	207
26886300000000 26886400000120 	5400015650 15907821335 635378 	5399380272 635378 0 0 0 	19016023 635378 0 	465.415 	3 	207
26911900000000 26912000000178 	5600016006 16497225308 656308 	5599359698 656308 0 0 0 	19639125 656308 0 	465.146 	3 	207
26937500000000 26937600000178 	5800016362 17086580316 676985 	5799339377 676985 0 0 0 	20263484 676985 0 	464.896 	3 	207
26963100000000 26963200000178 	6000016718 17676029483 697442 	5999319276 697442 0 0 0 	20879834 697442 0 	464.663 	3 	207
26988700000000 26988800000178 	6200017074 18265392254 717677 	6199299397 717677 0 0 0 	21486311 717677 0 	464.445 	3 	207
27014300000000 27014400000178 	6400017430 18854856815 737647 	6399279783 737647 0 0 0 	22087441 737647 0 	464.24 	3 	207
27039900000000 27040000000178 	6600017786 19444381247 757646 	6599260140 757646 0 0 0 	22682535 757646 0 	464.049 	3 	207
27065500000000 27065600000178 	6800018142 20033883990 777549 	6799240593 777549 0 0 0 	23273976 777549 0 	463.869 	3 	207
27091100000000 27091200000355 	7000018852 20623463183 797103 	6999221749 797103 0 0 0 	23859706 797103 0 	463.611 	3 	207
27116700000000 27116800000355 	7200019562 21213023429 816616 	7199202946 816616 0 0 0 	24435302 816616 0 	463.367 	3 	207
27142300000000 27142400000355 	7400020272 21802660534 835922 	7399184350 835922 0 0 0 	25011357 835922 0 	463.137 	3 	207
27167900000000 27168000000355 	7600020982 22392267573 855072 	7599165910 855072 0 0 0 	25584611 855072 0 	462.919 	3 	207
27193500000000 27193600000355 	7800021692 22981796149 873934 	7799147758 873934 0 0 0 	26151985 873934 0 	462.712 	3 	207
27219100000000 27219200000355 	8000022402 23571358963 892562 	7999129840 892562 0 0 0 	26714210 892562 0 	462.516 	3 	207
27244700000000 27244800000355 	8200023112 24160986923 911480 	8199111632 911480 0 0 0 	27278705 911480 0 	462.33 	3 	207
27270300000000 27270400000355 	8400023822 24750690462 929914 	8399093908 929914 0 0 0 	27827168 929914 0 	462.153 	3 	207
27295900000000 27296000000230 	8600024282 25340343892 948439 	8599075843 948439 0 0 0 	28378725 948439 0 	461.887 	3 	207
27321500000000 27321600000230 	8800024742 25929989381 966613 	8799058129 966613 0 0 0 	28927347 966613 0 	461.634 	3 	207
27347100000000 27347200000230 	9000025202 26519737980 984668 	8999040534 984668 0 0 0 	29464848 984668 0 	461.392 	3 	207
27372700000000 27372800000230 	9200025662 27109473211 1002679 	9199022983 1002679 0 0 0 	30002122 1002679 0 	461.161 	3 	207
27398300000000 27398400000230 	9400026122 27699209563 1020569 	9399005553 1020569 0 0 0 	30535526 1020569 0 	460.94 	3 	207
27423900000000 27424000000230 	9600026582 28288982474 1038211 	9598988371 1038211 0 0 0 	31056323 1038211 0 	460.729 	3 	207
27449500000000 27449600000230 	9800027042 28878761099 1055779 	9798971263 1055779 0 0 0 	31578477 1055779 0 	460.526 	3 	207
27475100000000 27475200000320 	10000027682 29468504559 1072956 	9998954726 1072956 0 0 0 	32086388 1072956 0 	460.269 	3 	207
27500700000000 27500800000320 	10200028322 30058309596 1089925 	10198938397 1089925 0 0 0 	32590620 1089925 0 	460.022 	3 	207
27526300000000 27526400000320 	10400028962 30648097177 1107091 	10398921871 1107091 0 0 0 	33107583 1107091 0 	459.784 	3 	207
27551900000000 27552000000320 	10600029602 31237952649 1123884 	10598905718 1123884 0 0 0 	33608350 1123884 0 	459.556 	3 	207
27577500000000 27577600000320 	10800030242 31827826644 1140608 	10798889634 1140608 0 0 0 	34111377 1140608 0 	459.337 	3 	207
27603100000000 27603200000320 	11000030882 32417641204 1157171 	10998873711 1157171 0 0 0 	34604806 1157171 0 	459.126 	3 	207
27628700000000 27628800000320 	11200031522 33007439595 1173576 	11198857946 1173576 0 0 0 	35102093 1173576 0 	458.922 	3 	207
27654300000000 27654400000400 	11400032322 33597300902 1190068 	11398842254 1190068 0 0 0 	35594967 1190068 0 	458.67 	3 	207
27679900000000 27680000000400 	11600033122 34187153603 1206024 	11598827098 1206024 0 0 0 	36075380 1206024 0 	458.427 	3 	207
27705500000000 27705600000400 	11800033922 34777097198 1221853 	11798812069 1221853 0 0 0 	36550878 1221853 0 	458.193 	3 	207
27731100000000 27731200000400 	12000034722 35367062032 1237467 	11998797255 1237467 0 0 0 	37018732 1237467 0 	457.967 	3 	207
27756700000000 27756800000400 	12200035522 35957033470 1253362 	12198782160 1253362 0 0 0 	37492042 1253362 0 	457.748 	3 	207
27782300000000 27782400000400 	12400036322 36547017453 1268959 	12398767363 1268959 0 0 0 	37957360 1268959 0 	457.537 	3 	207
27807900000000 27808000000400 	12600037122 37136983829 1284267 	12598752855 1284267 0 0 0 	38412054 1284267 0 	457.332 	3 	207
27833500000000 27833600000400 	12800037922 37727010710 1299415 	12798738507 1299415 0 0 0 	38864853 1299415 0 	457.134 	3 	207
27859100000000 27859200000290 	13000038502 38317031043 1314558 	12998723944 1314558 0 0 0 	39316924 1314558 0 	456.894 	3 	207
27884700000000 27884800000290 	13200039082 38907014060 1329388 	13198709694 1329388 0 0 0 	39762338 1329388 0 	456.66 	3 	207
27910300000000 27910400000290 	13400039662 39497096208 1344248 	13398695414 1344248 0 0 0 	40211077 1344248 0 	456.435 	3 	207
27935900000000 27936000000290 	13600040242 40087198080 1359050 	13598681192 1359050 0 0 0 	40656872 1359050 0 	456.215 	3 	207
27961500000000 27961600000290 	13800040822 40677215196 1373816 	13798667006 1373816 0 0 0 	41098049 1373816 0 	456.003 	3 	207
27987100000000 27987200000290 	14000041402 41267295194 1388347 	13998653055 1388347 0 0 0 	41527781 1388347 0 	455.797 	3 	207
28012700000000 28012800000290 	14200041982 41857440549 1402729 	14198639253 1402729 0 0 0 	41957213 1402729 0 	455.596 	3 	207
28038300000000 28038400000249 	14400042480 42447542809 1416912 	14398625568 1416912 0 0 0 	42378548 1416912 0 	455.357 	3 	207
28063900000000 28064000000249 	14600042978 43037650563 1430988 	14598611990 1430988 0 0 0 	42804189 1430988 0 	455.125 	3 	207
28089500000000 28089600000249 	14800043476 43627863209 1444936 	14798598540 1444936 0 0 0 	43219828 1444936 0 	454.899 	3 	207
28115100000000 28115200000249 	15000043974 44218066043 1458749 	14998585225 1458749 0 0 0 	43633274 1458749 0 	454.68 	3 	207
28140700000000 28140800000249 	15200044472 44808274774 1472230 	15198572242 1472230 0 0 0 	44031301 1472230 0 	454.466 	3 	207
28166300000000 28166400000249 	15400044970 45398520188 1485898 	15398559072 1485898 0 0 0 	44444742 1485898 0 	454.258 	3 	207
28191900000000 28192000000249 	15600045468 45988724591 1499685 	15598545783 1499685 0 0 0 	44854933 1499685 0 	454.056 	3 	207
28217500000000 28217600000249 	15800045966 46579052394 1513112 	15798532854 1513112 0 0 0 	45255641 1513112 0 	453.859 	3 	207
28243100000000 28243200000088 	16000046142 47169278199 1526711 	15998519431 1526711 0 0 0 	45661632 1526711 0 	453.627 	3 	207
28268700000000 28268800000088 	16200046318 47759504132 1539883 	16198506435 1539883 0 0 0 	46054463 1539883 0 	453.4 	3 	207
28294300000000 28294400000088 	16400046494 48349796631 1553142 	16398493352 1553142 0 0 0 	46451644 1553142 0 	453.18 	3 	207
28319900000000 28320000000088 	16600046670 48940125965 1566113 	16598480557 1566113 0 0 0 	46844189 1566113 0 	452.965 	3 	207
28345500000000 28345600000088 	16800046846 49530508602 1578930 	16798467916 1578930 0 0 0 	47235798 1578930 0 	452.755 	3 	207
28371100000000 28371200000088 	17000047022 50120856207 1591871 	16998455151 1591871 0 0 0 	47624370 1591871 0 	452.55 	3 	207
28396700000000 28396800000088 	17200047198 50711202242 1604445 	17198442753 1604445 0 0 0 	47997533 1604445 0 	452.351 	3 	207
28422300000000 28422400000110 	17400047418 51301548459 1617205 	17398430213 1617205 0 0 0 	48383095 1617205 0 	452.131 	3 	207
28447900000000 28448000000110 	17600047638 51891893820 1629670 	17598417968 1629670 0 0 0 	48763538 1629670 0 	451.916 	3 	207
28473500000000 28473600000110 	17800047858 52482308120 1641874 	17798405984 1641874 0 0 0 	49132269 1641874 0 	451.707 	3 	207
28499100000000 28499200000110 	18000048078 53072760128 1654075 	17998394003 1654075 0 0 0 	49497273 1654075 0 	451.502 	3 	207
28524700000000 28524800000110 	18200048298 53663214513 1666209 	18198382089 1666209 0 0 0 	49863061 1666209 0 	451.302 	3 	207
28550300000000 28550400000110 	18400048518 54253631749 1678192 	18398370326 1678192 0 0 0 	50219318 1678192 0 	451.107 	3 	207
28575900000000 28576000000110 	18600048738 54844153215 1690230 	18598358508 1690230 0 0 0 	50580665 1690230 0 	450.916 	3 	207
28601500000000 28601600000189 	18800049116 55434686608 1702159 	18798346957 1702159 0 0 0 	50931805 1702159 0 	450.694 	3 	207
28627100000000 28627200000189 	19000049494 56025219075 1714035 	18998335459 1714035 0 0 0 	51284933 1714035 0 	450.477 	3 	207
28652700000000 28652800000189 	19200049872 56615759828 1725492 	19198324380 1725492 0 0 0 	51635577 1725492 0 	450.265 	3 	207
28678300000000 28678400000189 	19400050250 57206311479 1736990 	19398313260 1736990 0 0 0 	51981908 1736990 0 	450.058 	3 	207
28703900000000 28704000000189 	19600050628 57796923123 1748408 	19598302220 1748408 0 0 0 	52326589 1748408 0 	449.855 	3 	207
28729500000000 28729600000189 	19800051006 58387510571 1759756 	19798291250 1759756 0 0 0 	52667681 1759756 0 	449.656 	3 	207
28755100000000 28755200000189 	20000051384 58978105428 1770933 	19998280451 1770933 0 0 0 	53001845 1770933 0 	449.462 	3 	207
28780700000000 28780800000189 	20200051762 59568730327 1782245 	20198269517 1782245 0 0 0 	53338607 1782245 0 	449.271 	3 	207
28806300000000 28806400000060 	20400051882 60159379816 1793353 	20398258529 1793353 0 0 0 	53674275 1793353 0 	449.052 	3 	207
28831900000000 28832000000060 	20600052002 60749998227 1804445 	20598247557 1804445 0 0 0 	54007594 1804445 0 	448.838 	3 	207
28857500000000 28857600000060 	20800052122 61340677762 1815129 	20798236993 1815129 0 0 0 	54329715 1815129 0 	448.628 	3 	207
28883100000000 28883200000060 	21000052242 61931359477 1826019 	20998226223 1826019 0 0 0 	54657542 1826019 0 	448.422 	3 	207
28908700000000 28908800000060 	21200052362 62522055706 1836763 	21198215599 1836763 0 0 0 	54977945 1836763 0 	448.22 	3 	207
28934300000000 28934400000060 	21400052482 63112811706 1847512 	21398204970 1847512 0 0 0 	55302847 1847512 0 	448.023 	3 	207
28959900000000 28960000000060 	21600052602 63703597081 1858000 	21598194602 1858000 0 0 0 	55616494 1858000 0 	447.829 	3 	207
28985500000000 28985600000375 	21800053352 64294348804 1868326 	21798185026 1868326 0 0 0 	55932545 1868326 0 	447.608 	3 	207
29011100000000 29011200000375 	22000054102 64885127523 1878400 	21998175702 1878400 0 0 0 	56235915 1878400 0 	447.392 	3 	207
29036700000000 29036800000375 	22200054852 65475902588 1888753 	22198166099 1888753 0 0 0 	56548075 1888753 0 	447.179 	3 	207
29062300000000 29062400000375 	22400055602 66066700742 1898890 	22398156712 1898890 0 0 0 	56852353 1898890 0 	446.971 	3 	207
29087900000000 29088000000375 	22600056352 66657495971 1908864 	22598147488 1908864 0 0 0 	57148453 1908864 0 	446.767 	3 	207
29113500000000 29113600000308 	22800056968 67248666964 1962069 	22798094899 1962069 0 0 0 	58748344 1962069 0 	447.24 	3 	207
29139100000000 29139200000308 	23000057584 67839859206 2015350 	22998042234 2015350 0 0 0 	60340128 2015350 0 	447.705 	3 	207
29164700000000 29164800000308 	23200058200 68431084815 2068671 	23197989529 2068671 0 0 0 	61929271 2068671 0 	448.164 	3 	207
29190300000000 29190400000308 	23400058816 69022353293 2121062 	23397937754 2121062 0 0 0 	63516483 2121062 0 	448.616 	3 	207
29215900000000 29216000000308 	23600059432 69613552096 2172702 	23597886730 2172702 0 0 0 	65070625 2172702 0 	449.06 	3 	207
29241500000000 29241600000308 	23800060048 70204790663 2223683 	23797836365 2223683 0 0 0 	66610318 2223683 0 	449.499 	3 	207
29267100000000 29267200000308 	24000060664 70796009227 2274897 	23997785767 2274897 0 0 0 	68146628 2274897 0 	449.93 	3 	207
29292700000000 29292800000308 	24200061280 71387261925 2325845 	24197735435 2325845 0 0 0 	69679423 2325845 0 	450.356 	3 	207
29318300000000 29318400000308 	24400061896 71978571586 2375944 	24397685952 2375944 0 0 0 	71188330 2375944 0 	450.775 	3 	207
29343900000000 29344000000152 	24600062200 72569868968 2426113 	24597636087 2426113 0 0 0 	72688776 2426113 0 	451.163 	3 	207
29369500000000 29369600000152 	24800062504 73161236926 2475689 	24797586815 2475689 0 0 0 	74174221 2475689 0 	451.544 	3 	207
29395100000000 29395200000152 	25000062808 73752558218 2525010 	24997537798 2525010 0 0 0 	75642703 2525010 0 	451.921 	3 	207
29420700000000 29420800000152 	25200063112 74343859290 2573700 	25197489412 2573700 0 0 0 	77110436 2573700 0 	452.291 	3 	207
29446300000000 29446400000152 	25400063416 74935168433 2622956 	25397440460 2622956 0 0 0 	78589312 2622956 0 	452.657 	3 	207
29471900000000 29472000000152 	25600063720 75526513036 2671187 	25597392533 2671187 0 0 0 	80028462 2671187 0 	453.018 	3 	207
29497500000000 29497600000152 	25800064024 76117860443 2719078 	25797344946 2719078 0 0 0 	81464180 2719078 0 	453.373 	3 	207
29523100000000 29523200000152 	26000064328 76709239931 2766214 	25997298114 2766214 0 0 0 	82888933 2766214 0 	453.724 	3 	207
29548700000000 29548800000000 	26200064328 77300618995 2813750 	26197250578 2813750 0 0 0 	84314387 2813750 0 	454.045 	3 	207
29574300000000 29574400000000 	26400064328 77892128269 2860886 	26397203442 2860886 0 0 0 	85730350 2860886 0 	454.361 	3 	207
29599900000000 29600000000000 	26600064328 78483608356 2907344 	26597156984 2907344 0 0 0 	87117631 2907344 0 	454.673 	3 	207
29625500000000 29625600000000 	26800064328 79075041201 2953945 	26797110383 2953945 0 0 0 	88519487 2953945 0 	454.981 	3 	207
29651100000000 29651200000000 	27000064328 79666511466 2999701 	26997064627 2999701 0 0 0 	89896155 2999701 0 	455.284 	3 	207
29676700000000 29676800000000 	27200064328 80258050004 3045125 	27197019203 3045125 0 0 0 	91264671 3045125 0 	455.584 	3 	207
29702300000000 29702400000000 	27400064328 80849524611 3090742 	27396973586 3090742 0 0 0 	92632810 3090742 0 	455.88 	3 	207
29727900000000 29728000000000 	27600064328 81441069791 3135253 	27596929075 3135253 0 0 0 	93972638 3135253 0 	456.171 	3 	207
29753500000000 29753600000000 	27800064328 82032550863 3180212 	27796884116 3180212 0 0 0 	95323405 3180212 0 	456.459 	3 	207
29779100000000 29779200000048 	28000064424 82624068509 3224855 	27996839569 3224855 0 0 0 	96681855 3224855 0 	456.719 	3 	207
29804700000000 29804800000048 	28200064520 83215634656 3268687 	28196795833 3268687 0 0 0 	98005855 3268687 0 	456.976 	3 	207
29830300000000 29830400000048 	28400064616 83807185532 3312370 	28396752246 3312370 0 0 0 	99302640 3312370 0 	457.229 	3 	207
29855900000000 29856000000048 	28600064712 84398730742 3355665 	28596709047 3355665 0 0 0 	100598142 3355665 0 	457.479 	3 	207
29881500000000 29881600000048 	28800064808 84990268830 3398809 	28796665999 3398809 0 0 0 	101891617 3398809 0 	457.726 	3 	207
29907100000000 29907200000048 	29000064904 85581891137 3441546 	28996623358 3441546 0 0 0 	103163815 3441546 0 	457.97 	3 	207
29932700000000 29932800000048 	29200065000 86173498107 3484187 	29196580813 3484187 0 0 0 	104448181 3484187 0 	458.211 	3 	207
29958300000000 29958400000048 	29400065096 86765095904 3526755 	29396538341 3526755 0 0 0 	105732332 3526755 0 	458.448 	3 	207
29983900000000 29984000000048 	29600065192 87356776649 3568522 	29596496670 3568522 0 0 0 	106986905 3568522 0 	458.683 	3 	207
