26221200000000 26221300000365 	200000730 589050759 26113 	199974617 26113 0 0 0 	780804 26113 0 	471 	3 	212
26246800000000 26246900000365 	400001460 1178035522 52092 	399949368 52092 0 0 0 	1550740 52092 0 	471 	3 	212
26272400000000 26272500000365 	600002190 1767083270 78444 	599923746 78444 0 0 0 	2341660 78444 0 	471 	3 	212
26298000000000 26298100000365 	800002920 2356073062 104036 	799898884 104036 0 0 0 	3110631 104036 0 	471 	3 	212
26323600000000 26323700000365 	1000003650 2945065505 129587 	999874063 129587 0 0 0 	3872133 129587 0 	471 	3 	212
26349200000000 26349300000368 	1200004386 3534128710 154922 	1199849464 154922 0 0 0 	4628995 154922 0 	470.497 	3 	212
26374800000000 26374900000368 	1400005122 4123213845 179925 	1399825197 179925 0 0 0 	5375834 179925 0 	470.139 	3 	212
26400400000000 26400500000368 	1600005858 4712251739 204614 	1599801244 204614 0 0 0 	6118414 204614 0 	469.871 	3 	212
26426000000000 26426100000368 	1800006594 5301328154 229148 	1799777446 229148 0 0 0 	6844384 229148 0 	469.662 	3 	212
26451600000000 26451700000368 	2000007330 5890442073 253659 	1999753671 253659 0 0 0 	7573046 253659 0 	469.495 	3 	212
26477200000000 26477300000368 	2200008066 6479556528 277932 	2199730134 277932 0 0 0 	8299255 277932 0 	469.359 	3 	212
26502800000000 26502900000368 	2400008802 7068763511 301669 	2399707133 301669 0 0 0 	9008552 301669 0 	469.245 	3 	212
26528400000000 26528500000352 	2600009506 7657874866 325298 	2599684208 325298 0 0 0 	9722470 325298 0 	468.838 	3 	212
26554000000000 26554100000352 	2800010210 8247093310 348818 	2799661392 348818 0 0 0 	10425124 348818 0 	468.489 	3 	212
26579600000000 26579700000352 	3000010914 8836325479 372013 	2999638901 372013 0 0 0 	11116171 372013 0 	468.187 	3 	212
26605200000000 26605300000352 	3200011618 9425587100 395233 	3199616385 395233 0 0 0 	11808693 395233 0 	467.923 	3 	212
26630800000000 26630900000352 	3400012322 10014794813 417927 	3399594395 417927 0 0 0 	12491188 417927 0 	467.69 	3 	212
26656400000000 26656500000352 	3600013026 10604064230 440880 	3599572146 440880 0 0 0 	13175294 440880 0 	467.484 	3 	212
26682000000000 26682100000352 	3800013730 11193333724 463351 	3799550379 463351 0 0 0 	13849078 463351 0 	467.299 	3 	212
26707600000000 26707700000120 	4000013970 11782624651 485626 	3999528344 485626 0 0 0 	14517798 485626 0 	466.98 	3 	212
26733200000000 26733300000120 	4200014210 12371933129 507778 	4199506432 507778 0 0 0 	15183228 507778 0 	466.692 	3 	212
26758800000000 26758900000120 	4400014450 12961271669 529799 	4399484651 529799 0 0 0 	15846382 529799 0 	466.43 	3 	212
26784400000000 26784500000120 	4600014690 13550622754 551539 	4599463151 551539 0 0 0 	16496889 551539 0 	466.191 	3 	212
26810000000000 26810100000120 	4800014930 14139989024 573164 	4799441766 573164 0 0 0 	17147633 573164 0 	465.973 	3 	212
26835600000000 26835700000120 	5000015170 14729318667 594602 	4999420568 594602 0 0 0 	17788401 594602 0 	465.772 	3 	212
26861200000000 26861300000120 	5200015410 15318670966 615752 	5199399658 615752 0 0 0 	18418587 615752 0 	465.586 	3 	212
26886800000000 26886900000120 	5400015650 15908063544 636794 	5399378856 636794 0 0 0 	19048811 636794 0 	465.415 	3 	212
26912400000000 26912500000178 	5600016006 16497491439 657531 	5599358475 657531 0 0 0 	19668328 657531 0 	465.146 	3 	212
26938000000000 26938100000178 	5800016362 17086883471 678241 	5799338121 678241 0 0 0 	20289164 678241 0 	464.896 	3 	212
26963600000000 26963700000178 	6000016718 17676315275 698576 	5999318142 698576 0 0 0 	20899581 698576 0 	464.663 	3 	212
26989200000000 26989300000178 	6200017074 18265766079 718754 	6199298320 718754 0 0 0 	21507437 718754 0 	464.445 	3 	212
27014800000000 27014900000178 	6400017430 18855219113 738709 	6399278721 738709 0 0 0 	22095284 738709 0 	464.24 	3 	212
27040400000000 27040500000178 	6600017786 19444668072 758680 	6599259106 758680 0 0 0 	22686887 758680 0 	464.049 	3 	212
27066000000000 27066100000178 	6800018142 20034145066 778011 	6799240131 778011 0 0 0 	23266220 778011 0 	463.869 	3 	212
27091600000000 27091700000355 	7000018852 20623715375 797841 	6999221011 797841 0 0 0 	23856122 797841 0 	463.611 	3 	212
27117200000000 27117300000355 	7200019562 21213234240 817418 	7199202144 817418 0 0 0 	24437988 817418 0 	463.367 	3 	212
27142800000000 27142900000355 	7400020272 21802903280 836990 	7399183282 836990 0 0 0 	25030878 836990 0 	463.137 	3 	212
27168400000000 27168500000355 	7600020982 22392469623 856207 	7599164775 856207 0 0 0 	25606116 856207 0 	462.919 	3 	212
27194000000000 27194100000355 	7800021692 22982078390 874948 	7799146744 874948 0 0 0 	26172832 874948 0 	462.712 	3 	212
27219600000000 27219700000355 	8000022402 23571690902 893370 	7999129032 893370 0 0 0 	26722770 893370 0 	462.516 	3 	212
27245200000000 27245300000355 	8200023112 24161294945 912062 	8199111050 912062 0 0 0 	27280600 912062 0 	462.33 	3 	212
27270800000000 27270900000355 	8400023822 24750913830 930395 	8399093427 930395 0 0 0 	27825934 930395 0 	462.153 	3 	212
27296400000000 27296500000230 	8600024282 25340612038 948752 	8599075530 948752 0 0 0 	28374096 948752 0 	461.887 	3 	212
27322000000000 27322100000230 	8800024742 25930248522 966838 	8799057904 966838 0 0 0 	28915417 966838 0 	461.634 	3 	212
27347600000000 27347700000230 	9000025202 26519921208 984821 	8999040381 984821 0 0 0 	29456000 984821 0 	461.392 	3 	212
27373200000000 27373300000230 	9200025662 27109622476 1002553 	9199023109 1002553 0 0 0 	29984574 1002553 0 	461.161 	3 	212
27398800000000 27398900000230 	9400026122 27699328047 1020316 	9399005806 1020316 0 0 0 	30508864 1020316 0 	460.94 	3 	212
27424400000000 27424500000230 	9600026582 28289053875 1037925 	9598988657 1037925 0 0 0 	31037832 1037925 0 	460.729 	3 	212
27450000000000 27450100000230 	9800027042 28878787471 1055165 	9798971877 1055165 0 0 0 	31549197 1055165 0 	460.526 	3 	212
27475600000000 27475700000320 	10000027682 29468529514 1072357 	9998955325 1072357 0 0 0 	32063424 1072357 0 	460.269 	3 	212
27501200000000 27501300000320 	10200028322 30058315348 1089389 	10198938933 1089389 0 0 0 	32576946 1089389 0 	460.022 	3 	212
27526800000000 27526900000320 	10400028962 30648099458 1106343 	10398922619 1106343 0 0 0 	33083366 1106343 0 	459.784 	3 	212
27552400000000 27552500000320 	10600029602 31237954859 1123088 	10598906514 1123088 0 0 0 	33575757 1123088 0 	459.556 	3 	212
27578000000000 27578100000320 	10800030242 31827767812 1139685 	10798890557 1139685 0 0 0 	34075071 1139685 0 	459.337 	3 	212
27603600000000 27603700000320 	11000030882 32417618987 1156583 	10998874299 1156583 0 0 0 	34574068 1156583 0 	459.126 	3 	212
27629200000000 27629300000320 	11200031522 33007525612 1172841 	11198858681 1172841 0 0 0 	35066097 1172841 0 	458.922 	3 	212
27654800000000 27654900000400 	11400032322 33597416779 1188963 	11398843359 1188963 0 0 0 	35546402 1188963 0 	458.67 	3 	212
27680400000000 27680500000400 	11600033122 34187322559 1205248 	11598827874 1205248 0 0 0 	36034732 1205248 0 	458.427 	3 	212
27706000000000 27706100000400 	11800033922 34777290229 1221478 	11798812444 1221478 0 0 0 	36516356 1221478 0 	458.193 	3 	212
27731600000000 27731700000400 	12000034722 35367211501 1237450 	11998797272 1237450 0 0 0 	36985992 1237450 0 	457.967 	3 	212
27757200000000 27757300000400 	12200035522 35957114763 1253276 	12198782246 1253276 0 0 0 	37463090 1253276 0 	457.748 	3 	212
27782800000000 27782900000400 	12400036322 36547020599 1268678 	12398767644 1268678 0 0 0 	37921496 1268678 0 	457.537 	3 	212
27808400000000 27808500000400 	12600037122 37137015635 1284621 	12598752501 1284621 0 0 0 	38393857 1284621 0 	457.332 	3 	212
27834000000000 27834100000400 	12800037922 37727022731 1299961 	12798737961 1299961 0 0 0 	38853289 1299961 0 	457.134 	3 	212
27859600000000 27859700000290 	13000038502 38316930464 1315006 	12998723496 1315006 0 0 0 	39301512 1315006 0 	456.894 	3 	212
27885200000000 27885300000290 	13200039082 38906962144 1330021 	13198709061 1330021 0 0 0 	39750231 1330021 0 	456.66 	3 	212
27910800000000 27910900000290 	13400039662 39497009857 1345056 	13398694606 1345056 0 0 0 	40202097 1345056 0 	456.435 	3 	212
27936400000000 27936500000290 	13600040242 40087171917 1359835 	13598680407 1359835 0 0 0 	40641780 1359835 0 	456.215 	3 	212
27962000000000 27962100000290 	13800040822 40677275709 1374221 	13798666601 1374221 0 0 0 	41073958 1374221 0 	456.003 	3 	212
27987600000000 27987700000290 	14000041402 41267367470 1388726 	13998652676 1388726 0 0 0 	41502034 1388726 0 	455.797 	3 	212
28013200000000 28013300000290 	14200041982 41857505917 1403136 	14198638846 1403136 0 0 0 	41928961 1403136 0 	455.596 	3 	212
28038800000000 28038900000249 	14400042480 42447681729 1417338 	14398625142 1417338 0 0 0 	42352559 1417338 0 	455.357 	3 	212
28064400000000 28064500000249 	14600042978 43037865843 1431482 	14598611496 1431482 0 0 0 	42777974 1431482 0 	455.125 	3 	212
28090000000000 28090100000249 	14800043476 43628092932 1445684 	14798597792 1445684 0 0 0 	43201043 1445684 0 	454.899 	3 	212
28115600000000 28115700000249 	15000043974 44218325577 1459604 	14998584370 1459604 0 0 0 	43618003 1459604 0 	454.68 	3 	212
28141200000000 28141300000249 	15200044472 44808547147 1473598 	15198570874 1473598 0 0 0 	44035852 1473598 0 	454.466 	3 	212
28166800000000 28166900000249 	15400044970 45398761821 1487260 	15398557710 1487260 0 0 0 	44443486 1487260 0 	454.258 	3 	212
28192400000000 28192500000249 	15600045468 45988968081 1500758 	15598544710 1500758 0 0 0 	44850620 1500758 0 	454.056 	3 	212
28218000000000 28218100000249 	15800045966 46579232095 1514295 	15798531671 1514295 0 0 0 	45257495 1514295 0 	453.859 	3 	212
28243600000000 28243700000088 	16000046142 47169493867 1527566 	15998518576 1527566 0 0 0 	45659941 1527566 0 	453.627 	3 	212
28269200000000 28269300000088 	16200046318 47759755658 1540836 	16198505482 1540836 0 0 0 	46055864 1540836 0 	453.4 	3 	212
28294800000000 28294900000088 	16400046494 48350066103 1553957 	16398492537 1553957 0 0 0 	46454467 1553957 0 	453.18 	3 	212
28320400000000 28320500000088 	16600046670 48940333676 1566937 	16598479733 1566937 0 0 0 	46844764 1566937 0 	452.965 	3 	212
28346000000000 28346100000088 	16800046846 49530670889 1580053 	16798466793 1580053 0 0 0 	47238278 1580053 0 	452.755 	3 	212
28371600000000 28371700000088 	17000047022 50121049750 1592776 	16998454246 1592776 0 0 0 	47618359 1592776 0 	452.55 	3 	212
28397200000000 28397300000088 	17200047198 50711405728 1605369 	17198441829 1605369 0 0 0 	47992669 1605369 0 	452.351 	3 	212
28422800000000 28422900000110 	17400047418 51301789800 1618148 	17398429270 1618148 0 0 0 	48371516 1618148 0 	452.131 	3 	212
28448400000000 28448500000110 	17600047638 51892182384 1630699 	17598416939 1630699 0 0 0 	48746221 1630699 0 	451.916 	3 	212
28474000000000 28474100000110 	17800047858 52482577193 1643001 	17798404857 1643001 0 0 0 	49115706 1643001 0 	451.707 	3 	212
28499600000000 28499700000110 	18000048078 53072988658 1655209 	17998392869 1655209 0 0 0 	49481711 1655209 0 	451.502 	3 	212
28525200000000 28525300000110 	18200048298 53663443385 1667418 	18198380880 1667418 0 0 0 	49847410 1667418 0 	451.302 	3 	212
28550800000000 28550900000110 	18400048518 54253928722 1679488 	18398369030 1679488 0 0 0 	50206625 1679488 0 	451.107 	3 	212
28576400000000 28576500000110 	18600048738 54844416619 1691507 	18598357231 1691507 0 0 0 	50568042 1691507 0 	450.916 	3 	212
28602000000000 28602100000189 	18800049116 55434886231 1703399 	18798345717 1703399 0 0 0 	50919845 1703399 0 	450.694 	3 	212
28627600000000 28627700000189 	19000049494 56025388896 1715235 	18998334259 1715235 0 0 0 	51280254 1715235 0 	450.477 	3 	212
28653200000000 28653300000189 	19200049872 56615927349 1726803 	19198323069 1726803 0 0 0 	51623910 1726803 0 	450.265 	3 	212
28678800000000 28678900000189 	19400050250 57206496028 1738445 	19398311805 1738445 0 0 0 	51971587 1738445 0 	450.058 	3 	212
28704400000000 28704500000189 	19600050628 57796971817 1749844 	19598300784 1749844 0 0 0 	52312608 1749844 0 	449.855 	3 	212
28730000000000 28730100000189 	19800051006 58387573066 1761165 	19798289841 1761165 0 0 0 	52648331 1761165 0 	449.656 	3 	212
28755600000000 28755700000189 	20000051384 58978123676 1772366 	19998279018 1772366 0 0 0 	52981995 1772366 0 	449.462 	3 	212
28781200000000 28781300000189 	20200051762 59568743165 1783521 	20198268241 1783521 0 0 0 	53316187 1783521 0 	449.271 	3 	212
28806800000000 28806900000060 	20400051882 60159386037 1794598 	20398257284 1794598 0 0 0 	53646593 1794598 0 	449.052 	3 	212
28832400000000 28832500000060 	20600052002 60750063841 1805566 	20598246436 1805566 0 0 0 	53977682 1805566 0 	448.838 	3 	212
28858000000000 28858100000060 	20800052122 61340714404 1816266 	20798235856 1816266 0 0 0 	54302652 1816266 0 	448.628 	3 	212
28883600000000 28883700000060 	21000052242 61931388367 1827116 	20998225126 1827116 0 0 0 	54627487 1827116 0 	448.422 	3 	212
28909200000000 28909300000060 	21200052362 62522047067 1837959 	21198214403 1837959 0 0 0 	54956218 1837959 0 	448.22 	3 	212
28934800000000 28934900000060 	21400052482 63112727275 1848500 	21398203982 1848500 0 0 0 	55268642 1848500 0 	448.023 	3 	212
28960400000000 28960500000060 	21600052602 63703485999 1858924 	21598193678 1858924 0 0 0 	55580710 1858924 0 	447.829 	3 	212
28986000000000 28986100000375 	21800053352 64294206425 1869336 	21798184016 1869336 0 0 0 	55892073 1869336 0 	447.608 	3 	212
29011600000000 29011700000375 	22000054102 64884941444 1879742 	21998174360 1879742 0 0 0 	56202781 1879742 0 	447.392 	3 	212
29037200000000 29037300000375 	22200054852 65475741502 1890031 	22198164821 1890031 0 0 0 	56513242 1890031 0 	447.179 	3 	212
29062800000000 29062900000375 	22400055602 66066551519 1900287 	22398155315 1900287 0 0 0 	56823183 1900287 0 	446.971 	3 	212
29088400000000 29088500000375 	22600056352 66657378111 1910290 	22598146062 1910290 0 0 0 	57121795 1910290 0 	446.767 	3 	212
29114000000000 29114100000308 	22800056968 67248579243 1963582 	22798093386 1963582 0 0 0 	58715831 1963582 0 	447.24 	3 	212
29139600000000 29139700000308 	23000057584 67839757590 2016540 	22998041044 2016540 0 0 0 	60308868 2016540 0 	447.705 	3 	212
29165200000000 29165300000308 	23200058200 68430976138 2069165 	23197989035 2069165 0 0 0 	61892048 2069165 0 	448.164 	3 	212
29190800000000 29190900000308 	23400058816 69022155454 2121095 	23397937721 2121095 0 0 0 	63446790 2121095 0 	448.616 	3 	212
29216400000000 29216500000308 	23600059432 69613387841 2172752 	23597886680 2172752 0 0 0 	64999321 2172752 0 	449.06 	3 	212
29242000000000 29242100000308 	23800060048 70204610569 2224517 	23797835531 2224517 0 0 0 	66553706 2224517 0 	449.499 	3 	212
29267600000000 29267700000308 	24000060664 70795828320 2276007 	23997784657 2276007 0 0 0 	68094268 2276007 0 	449.93 	3 	212
29293200000000 29293300000308 	24200061280 71387093361 2326694 	24197734586 2326694 0 0 0 	69609179 2326694 0 	450.356 	3 	212
29318800000000 29318900000308 	24400061896 71978330357 2377354 	24397684542 2377354 0 0 0 	71130083 2377354 0 	450.775 	3 	212
29344400000000 29344500000152 	24600062200 72569593406 2427680 	24597634520 2427680 0 0 0 	72637508 2427680 0 	451.163 	3 	212
29370000000000 29370100000152 	24800062504 73160840116 2477414 	24797585090 2477414 0 0 0 	74133151 2477414 0 	451.544 	3 	212
29395600000000 29395700000152 	25000062808 73752123059 2526922 	24997535886 2526922 0 0 0 	75603477 2526922 0 	451.921 	3 	212
29421200000000 29421300000152 	25200063112 74343438013 2575941 	25197487171 2575941 0 0 0 	77073396 2575941 0 	452.291 	3 	212
29446800000000 29446900000152 	25400063416 74934752328 2624409 	25397439007 2624409 0 0 0 	78518068 2624409 0 	452.657 	3 	212
29472400000000 29472500000152 	25600063720 75526158075 2672675 	25597391045 2672675 0 0 0 	79956217 2672675 0 	453.018 	3 	212
29498000000000 29498100000152 	25800064024 76117562916 2720761 	25797343263 2720761 0 0 0 	81397442 2720761 0 	453.373 	3 	212
29523600000000 29523700000152 	26000064328 76708940966 2768367 	25997295961 2768367 0 0 0 	82830935 2768367 0 	453.724 	3 	212
29549200000000 29549300000000 	26200064328 77300372100 2815533 	26197248795 2815533 0 0 0 	84242778 2815533 0 	454.045 	3 	212
29574800000000 29574900000000 	26400064328 77891852110 2862421 	26397201907 2862421 0 0 0 	85651099 2862421 0 	454.361 	3 	212
29600400000000 29600500000000 	26600064328 78483288153 2909028 	26597155300 2909028 0 0 0 	87045859 2909028 0 	454.673 	3 	212
29626000000000 29626100000000 	26800064328 79074751584 2955128 	26797109200 2955128 0 0 0 	88431920 2955128 0 	454.981 	3 	212
29651600000000 29651700000000 	27000064328 79666206565 3000931 	26997063397 3000931 0 0 0 	89815227 3000931 0 	455.284 	3 	212
29677200000000 29677300000000 	27200064328 80257709520 3046979 	27197017349 3046979 0 0 0 	91199672 3046979 0 	455.584 	3 	212
29702800000000 29702900000000 	27400064328 80849191614 3092060 	27396972268 3092060 0 0 0 	92550015 3092060 0 	455.88 	3 	212
29728400000000 29728500000000 	27600064328 81440666657 3137659 	27596926669 3137659 0 0 0 	93905878 3137659 0 	456.171 	3 	212
29754000000000 29754100000000 	27800064328 82032139903 3182358 	27796881970 3182358 0 0 0 	95242318 3182358 0 	456.459 	3 	212
29779600000000 29779700000048 	28000064424 82623675752 3226656 	27996837768 3226656 0 0 0 	96568349 3226656 0 	456.719 	3 	212
29805200000000 29805300000048 	28200064520 83215245802 3270846 	28196793674 3270846 0 0 0 	97890514 3270846 0 	456.976 	3 	212
29830800000000 29830900000048 	28400064616 83806777913 3314640 	28396749976 3314640 0 0 0 	99208761 3314640 0 	457.229 	3 	212
29856400000000 29856500000048 	28600064712 84398339824 3357946 	28596706766 3357946 0 0 0 	100506121 3357946 0 	457.479 	3 	212
29882000000000 29882100000048 	28800064808 84989901308 3401204 	28796663604 3401204 0 0 0 	101798667 3401204 0 	457.726 	3 	212
29907600000000 29907700000048 	29000064904 85581475017 3443862 	28996621042 3443862 0 0 0 	103085288 3443862 0 	457.97 	3 	212
29933200000000 29933300000048 	29200065000 86173088047 3486099 	29196578901 3486099 0 0 0 	104349098 3486099 0 	458.211 	3 	212
29958800000000 29958900000048 	29400065096 86764706472 3528140 	29396536956 3528140 0 0 0 	105615565 3528140 0 	458.448 	3 	212
29984400000000 29984500000048 	29600065192 87356435705 3570282 	29596494910 3570282 0 0 0 	106872812 3570282 0 	458.683 	3 	212
