26221500000000 26221600000365 	200000730 588959608 26268 	199974462 26268 0 0 0 	786859 26268 0 	471 	3 	215
26247100000000 26247200000365 	400001460 1177896153 52432 	399949028 52432 0 0 0 	1573466 52432 0 	471 	3 	215
26272700000000 26272800000365 	600002190 1766863240 78042 	599924148 78042 0 0 0 	2339903 78042 0 	471 	3 	215
26298300000000 26298400000365 	800002920 2355847437 103430 	799899490 103430 0 0 0 	3098231 103430 0 	471 	3 	215
26323900000000 26324000000365 	1000003650 2944893165 128928 	999874722 128928 0 0 0 	3856815 128928 0 	471 	3 	215
26349500000000 26349600000368 	1200004386 3533954641 154165 	1199850221 154165 0 0 0 	4612210 154165 0 	470.497 	3 	215
26375100000000 26375200000368 	1400005122 4123034513 179234 	1399825888 179234 0 0 0 	5364441 179234 0 	470.139 	3 	215
26400700000000 26400800000368 	1600005858 4712106829 203868 	1599801990 203868 0 0 0 	6097350 203868 0 	469.871 	3 	215
26426300000000 26426400000368 	1800006594 5301164443 228571 	1799778023 228571 0 0 0 	6832595 228571 0 	469.662 	3 	215
26451900000000 26452000000368 	2000007330 5890297359 252814 	1999754516 252814 0 0 0 	7559299 252814 0 	469.495 	3 	215
26477500000000 26477600000368 	2200008066 6479416376 277099 	2199730967 277099 0 0 0 	8285949 277099 0 	469.359 	3 	215
26503100000000 26503200000368 	2400008802 7068538403 300833 	2399707969 300833 0 0 0 	8991664 300833 0 	469.245 	3 	215
26528700000000 26528800000352 	2600009506 7657688140 324592 	2599684914 324592 0 0 0 	9700369 324592 0 	468.838 	3 	215
26554300000000 26554400000352 	2800010210 8246891958 348009 	2799662201 348009 0 0 0 	10400903 348009 0 	468.489 	3 	215
26579900000000 26580000000352 	3000010914 8836053466 371190 	2999639724 371190 0 0 0 	11101418 371190 0 	468.187 	3 	215
26605500000000 26605600000352 	3200011618 9425241112 394186 	3199617432 394186 0 0 0 	11788061 394186 0 	467.923 	3 	215
26631100000000 26631200000352 	3400012322 10014500221 416841 	3399595481 416841 0 0 0 	12464771 416841 0 	467.69 	3 	215
26656700000000 26656800000352 	3600013026 10603736146 439733 	3599573293 439733 0 0 0 	13148778 439733 0 	467.484 	3 	215
26682300000000 26682400000352 	3800013730 11193070382 462389 	3799551341 462389 0 0 0 	13827331 462389 0 	467.299 	3 	215
26707900000000 26708000000120 	4000013970 11782333764 484386 	3999529584 484386 0 0 0 	14486883 484386 0 	466.98 	3 	215
26733500000000 26733600000120 	4200014210 12371650048 506731 	4199507479 506731 0 0 0 	15161703 506731 0 	466.692 	3 	215
26759100000000 26759200000120 	4400014450 12960954085 528770 	4399485680 528770 0 0 0 	15823149 528770 0 	466.43 	3 	215
26784700000000 26784800000120 	4600014690 13550338946 550379 	4599464311 550379 0 0 0 	16467127 550379 0 	466.191 	3 	215
26810300000000 26810400000120 	4800014930 14139670425 572112 	4799442818 572112 0 0 0 	17120406 572112 0 	465.973 	3 	215
26835900000000 26836000000120 	5000015170 14729030188 593400 	4999421770 593400 0 0 0 	17762325 593400 0 	465.772 	3 	215
26861500000000 26861600000120 	5200015410 15318373099 614676 	5199400734 614676 0 0 0 	18388881 614676 0 	465.586 	3 	215
26887100000000 26887200000120 	5400015650 15907698825 635479 	5399380171 635479 0 0 0 	19006394 635479 0 	465.415 	3 	215
26912700000000 26912800000178 	5600016006 16497137821 656077 	5599359929 656077 0 0 0 	19620815 656077 0 	465.146 	3 	215
26938300000000 26938400000178 	5800016362 17086571738 676947 	5799339415 676947 0 0 0 	20249861 676947 0 	464.896 	3 	215
26963900000000 26964000000178 	6000016718 17676091675 697283 	5999319435 697283 0 0 0 	20853901 697283 0 	464.663 	3 	215
26989500000000 26989600000178 	6200017074 18265520211 717707 	6199299367 717707 0 0 0 	21468430 717707 0 	464.445 	3 	215
27015100000000 27015200000178 	6400017430 18855062931 737827 	6399279603 737827 0 0 0 	22069800 737827 0 	464.24 	3 	215
27040700000000 27040800000178 	6600017786 19444555098 757796 	6599259990 757796 0 0 0 	22661909 757796 0 	464.049 	3 	215
27066300000000 27066400000178 	6800018142 20034023975 777559 	6799240583 777559 0 0 0 	23254956 777559 0 	463.869 	3 	215
27091900000000 27092000000355 	7000018852 20623507608 797021 	6999221831 797021 0 0 0 	23833858 797021 0 	463.611 	3 	215
27117500000000 27117600000355 	7200019562 21213045144 816436 	7199203126 816436 0 0 0 	24415460 816436 0 	463.367 	3 	215
27143100000000 27143200000355 	7400020272 21802570684 835628 	7399184644 835628 0 0 0 	24985315 835628 0 	463.137 	3 	215
27168700000000 27168800000355 	7600020982 22392151336 854565 	7599166417 854565 0 0 0 	25550270 854565 0 	462.919 	3 	215
27194300000000 27194400000355 	7800021692 22981766194 873540 	7799148152 873540 0 0 0 	26117534 873540 0 	462.712 	3 	215
27219900000000 27220000000355 	8000022402 23571323337 892577 	7999129825 892577 0 0 0 	26688920 892577 0 	462.516 	3 	215
27245500000000 27245600000355 	8200023112 24160954699 911319 	8199111793 911319 0 0 0 	27256122 911319 0 	462.33 	3 	215
27271100000000 27271200000355 	8400023822 24750638219 929890 	8399093932 929890 0 0 0 	27818408 929890 0 	462.153 	3 	215
27296700000000 27296800000230 	8600024282 25340284074 947982 	8599076300 947982 0 0 0 	28358917 947982 0 	461.887 	3 	215
27322300000000 27322400000230 	8800024742 25929945567 966261 	8799058481 966261 0 0 0 	28910877 966261 0 	461.634 	3 	215
27347900000000 27348000000230 	9000025202 26519671050 984105 	8999041097 984105 0 0 0 	29445615 984105 0 	461.392 	3 	215
27373500000000 27373600000230 	9200025662 27109433733 1001974 	9199023688 1001974 0 0 0 	29981209 1001974 0 	461.161 	3 	215
27399100000000 27399200000230 	9400026122 27699224560 1019641 	9399006481 1019641 0 0 0 	30512116 1019641 0 	460.94 	3 	215
27424700000000 27424800000230 	9600026582 28288951170 1037249 	9598989333 1037249 0 0 0 	31034839 1037249 0 	460.729 	3 	215
27450300000000 27450400000230 	9800027042 28878683311 1054638 	9798972404 1054638 0 0 0 	31556926 1054638 0 	460.526 	3 	215
27475900000000 27476000000320 	10000027682 29468483029 1072101 	9998955581 1072101 0 0 0 	32077782 1072101 0 	460.269 	3 	215
27501500000000 27501600000320 	10200028322 30058250334 1089168 	10198939154 1089168 0 0 0 	32590326 1089168 0 	460.022 	3 	215
27527100000000 27527200000320 	10400028962 30648002791 1106223 	10398922739 1106223 0 0 0 	33102681 1106223 0 	459.784 	3 	215
27552700000000 27552800000320 	10600029602 31237811486 1123233 	10598906369 1123233 0 0 0 	33608879 1123233 0 	459.556 	3 	215
27578300000000 27578400000320 	10800030242 31827683239 1139832 	10798890410 1139832 0 0 0 	34106238 1139832 0 	459.337 	3 	215
27603900000000 27604000000320 	11000030882 32417566175 1156331 	10998874551 1156331 0 0 0 	34599137 1156331 0 	459.126 	3 	215
27629500000000 27629600000320 	11200031522 33007467391 1172739 	11198858783 1172739 0 0 0 	35088220 1172739 0 	458.922 	3 	215
27655100000000 27655200000400 	11400032322 33597345849 1188866 	11398843456 1188866 0 0 0 	35571871 1188866 0 	458.67 	3 	215
27680700000000 27680800000400 	11600033122 34187267430 1204891 	11598828231 1204891 0 0 0 	36056601 1204891 0 	458.427 	3 	215
27706300000000 27706400000400 	11800033922 34777173968 1220875 	11798813047 1220875 0 0 0 	36539283 1220875 0 	458.193 	3 	215
27731900000000 27732000000400 	12000034722 35367093949 1236665 	11998798057 1236665 0 0 0 	37010615 1236665 0 	457.967 	3 	215
27757500000000 27757600000400 	12200035522 35957082408 1252273 	12198783249 1252273 0 0 0 	37480975 1252273 0 	457.748 	3 	215
27783100000000 27783200000400 	12400036322 36547082413 1268037 	12398768285 1268037 0 0 0 	37950622 1268037 0 	457.537 	3 	215
27808700000000 27808800000400 	12600037122 37137044046 1283545 	12598753577 1283545 0 0 0 	38417221 1283545 0 	457.332 	3 	215
27834300000000 27834400000400 	12800037922 37726984741 1299030 	12798738892 1299030 0 0 0 	38879272 1299030 0 	457.134 	3 	215
27859900000000 27860000000290 	13000038502 38316950060 1314398 	12998724104 1314398 0 0 0 	39338268 1314398 0 	456.894 	3 	215
27885500000000 27885600000290 	13200039082 38906953477 1329318 	13198709764 1329318 0 0 0 	39785429 1329318 0 	456.66 	3 	215
27911100000000 27911200000290 	13400039662 39497011138 1344124 	13398695538 1344124 0 0 0 	40230945 1344124 0 	456.435 	3 	215
27936700000000 27936800000290 	13600040242 40087066270 1358866 	13598681376 1358866 0 0 0 	40666852 1358866 0 	456.215 	3 	215
27962300000000 27962400000290 	13800040822 40677104654 1373631 	13798667191 1373631 0 0 0 	41105975 1373631 0 	456.003 	3 	215
27987900000000 27988000000290 	14000041402 41267237448 1388195 	13998653207 1388195 0 0 0 	41537377 1388195 0 	455.797 	3 	215
28013500000000 28013600000290 	14200041982 41857361866 1402624 	14198639358 1402624 0 0 0 	41966630 1402624 0 	455.596 	3 	215
28039100000000 28039200000249 	14400042480 42447487033 1416962 	14398625518 1416962 0 0 0 	42392280 1416962 0 	455.357 	3 	215
28064700000000 28064800000249 	14600042978 43037664694 1431436 	14598611542 1431436 0 0 0 	42825460 1431436 0 	455.125 	3 	215
28090300000000 28090400000249 	14800043476 43627857345 1445366 	14798598110 1445366 0 0 0 	43241897 1445366 0 	454.899 	3 	215
28115900000000 28116000000249 	15000043974 44218019970 1459303 	14998584671 1459303 0 0 0 	43659287 1459303 0 	454.68 	3 	215
28141500000000 28141600000249 	15200044472 44808214177 1473142 	15198571330 1473142 0 0 0 	44075686 1473142 0 	454.466 	3 	215
28167100000000 28167200000249 	15400044970 45398431549 1486765 	15398558205 1486765 0 0 0 	44486050 1486765 0 	454.258 	3 	215
28192700000000 28192800000249 	15600045468 45988654274 1500229 	15598545239 1500229 0 0 0 	44888558 1500229 0 	454.056 	3 	215
28218300000000 28218400000249 	15800045966 46578899706 1513979 	15798531987 1513979 0 0 0 	45303494 1513979 0 	453.859 	3 	215
28243900000000 28244000000088 	16000046142 47169182106 1527422 	15998518720 1527422 0 0 0 	45707342 1527422 0 	453.627 	3 	215
28269500000000 28269600000088 	16200046318 47759468300 1540849 	16198505469 1540849 0 0 0 	46114461 1540849 0 	453.4 	3 	215
28295100000000 28295200000088 	16400046494 48349772278 1554109 	16398492385 1554109 0 0 0 	46512237 1554109 0 	453.18 	3 	215
28320700000000 28320800000088 	16600046670 48940109419 1567071 	16598479599 1567071 0 0 0 	46901973 1567071 0 	452.965 	3 	215
28346300000000 28346400000088 	16800046846 49530462544 1579855 	16798466991 1579855 0 0 0 	47283402 1579855 0 	452.755 	3 	215
28371900000000 28372000000088 	17000047022 50120773973 1592688 	16998454334 1592688 0 0 0 	47669966 1592688 0 	452.55 	3 	215
28397500000000 28397600000088 	17200047198 50711167292 1605309 	17198441889 1605309 0 0 0 	48045395 1605309 0 	452.351 	3 	215
28423100000000 28423200000110 	17400047418 51301578191 1617901 	17398429517 1617901 0 0 0 	48427386 1617901 0 	452.131 	3 	215
28448700000000 28448800000110 	17600047638 51892000677 1630465 	17598417173 1630465 0 0 0 	48804095 1630465 0 	451.916 	3 	215
28474300000000 28474400000110 	17800047858 52482425433 1642740 	17798405118 1642740 0 0 0 	49170953 1642740 0 	451.707 	3 	215
28499900000000 28500000000110 	18000048078 53072780207 1655103 	17998392975 1655103 0 0 0 	49539493 1655103 0 	451.502 	3 	215
28525500000000 28525600000110 	18200048298 53663229868 1667135 	18198381163 1667135 0 0 0 	49898086 1667135 0 	451.302 	3 	215
28551100000000 28551200000110 	18400048518 54253705343 1679216 	18398369302 1679216 0 0 0 	50255113 1679216 0 	451.107 	3 	215
28576700000000 28576800000110 	18600048738 54844175733 1691180 	18598357558 1691180 0 0 0 	50615916 1691180 0 	450.916 	3 	215
28602300000000 28602400000189 	18800049116 55434691872 1702969 	18798346147 1702969 0 0 0 	50962860 1702969 0 	450.694 	3 	215
28627900000000 28628000000189 	19000049494 56025224486 1714731 	18998334763 1714731 0 0 0 	51315171 1714731 0 	450.477 	3 	215
28653500000000 28653600000189 	19200049872 56615707972 1726467 	19198323405 1726467 0 0 0 	51666087 1726467 0 	450.265 	3 	215
28679100000000 28679200000189 	19400050250 57206285256 1737832 	19398312418 1737832 0 0 0 	52005451 1737832 0 	450.058 	3 	215
28704700000000 28704800000189 	19600050628 57796875115 1749125 	19598301503 1749125 0 0 0 	52343393 1749125 0 	449.855 	3 	215
28730300000000 28730400000189 	19800051006 58387485893 1760476 	19798290530 1760476 0 0 0 	52687450 1760476 0 	449.656 	3 	215
28755900000000 28756000000189 	20000051384 58978021045 1771976 	19998279408 1771976 0 0 0 	53033004 1771976 0 	449.462 	3 	215
28781500000000 28781600000189 	20200051762 59568678654 1783252 	20198268510 1783252 0 0 0 	53365993 1783252 0 	449.271 	3 	215
28807100000000 28807200000060 	20400051882 60159304194 1794094 	20398257788 1794094 0 0 0 	53693951 1794094 0 	449.052 	3 	215
28832700000000 28832800000060 	20600052002 60749918337 1805125 	20598246877 1805125 0 0 0 	54031805 1805125 0 	448.838 	3 	215
28858300000000 28858400000060 	20800052122 61340570474 1815991 	20798236131 1815991 0 0 0 	54358536 1815991 0 	448.628 	3 	215
28883900000000 28884000000060 	21000052242 61931190636 1826680 	20998225562 1826680 0 0 0 	54679910 1826680 0 	448.422 	3 	215
28909500000000 28909600000060 	21200052362 62521920162 1837375 	21198214987 1837375 0 0 0 	54999248 1837375 0 	448.22 	3 	215
28935100000000 28935200000060 	21400052482 63112597805 1847970 	21398204512 1847970 0 0 0 	55315022 1847970 0 	448.023 	3 	215
28960700000000 28960800000060 	21600052602 63703317308 1858556 	21598194046 1858556 0 0 0 	55628091 1858556 0 	447.829 	3 	215
28986300000000 28986400000375 	21800053352 64294040858 1868906 	21798184446 1868906 0 0 0 	55939392 1868906 0 	447.608 	3 	215
29011900000000 29012000000375 	22000054102 64884745691 1879169 	21998174933 1879169 0 0 0 	56244694 1879169 0 	447.392 	3 	215
29037500000000 29037600000375 	22200054852 65475539440 1889307 	22198165545 1889307 0 0 0 	56551987 1889307 0 	447.179 	3 	215
29063100000000 29063200000375 	22400055602 66066337280 1899392 	22398156210 1899392 0 0 0 	56852911 1899392 0 	446.971 	3 	215
29088700000000 29088800000375 	22600056352 66657142601 1909513 	22598146839 1909513 0 0 0 	57158033 1909513 0 	446.767 	3 	215
29114300000000 29114400000308 	22800056968 67248268829 1962752 	22798094216 1962752 0 0 0 	58744029 1962752 0 	447.24 	3 	215
29139900000000 29140000000308 	23000057584 67839446637 2015784 	22998041800 2015784 0 0 0 	60335589 2015784 0 	447.705 	3 	215
29165500000000 29165600000308 	23200058200 68430684899 2068092 	23197990108 2068092 0 0 0 	61911332 2068092 0 	448.164 	3 	215
29191100000000 29191200000308 	23400058816 69021869411 2120628 	23397938188 2120628 0 0 0 	63473932 2120628 0 	448.616 	3 	215
29216700000000 29216800000308 	23600059432 69613125625 2172078 	23597887354 2172078 0 0 0 	65017088 2172078 0 	449.06 	3 	215
29242300000000 29242400000308 	23800060048 70204372635 2223773 	23797836275 2223773 0 0 0 	66561818 2223773 0 	449.499 	3 	215
29267900000000 29268000000308 	24000060664 70795596118 2274989 	23997785675 2274989 0 0 0 	68092859 2274989 0 	449.93 	3 	215
29293500000000 29293600000308 	24200061280 71386903385 2325919 	24197735361 2325919 0 0 0 	69615953 2325919 0 	450.356 	3 	215
29319100000000 29319200000308 	24400061896 71978217245 2376655 	24397685241 2376655 0 0 0 	71155592 2376655 0 	450.775 	3 	215
29344700000000 29344800000152 	24600062200 72569444864 2427035 	24597635165 2427035 0 0 0 	72659247 2427035 0 	451.163 	3 	215
29370300000000 29370400000152 	24800062504 73160759274 2476469 	24797586035 2476469 0 0 0 	74138203 2476469 0 	451.544 	3 	215
29395900000000 29396000000152 	25000062808 73752075165 2525568 	24997537240 2525568 0 0 0 	75613977 2525568 0 	451.921 	3 	215
29421500000000 29421600000152 	25200063112 74343436339 2574906 	25197488206 2574906 0 0 0 	77089251 2574906 0 	452.291 	3 	215
29447100000000 29447200000152 	25400063416 74934779742 2623881 	25397439535 2623881 0 0 0 	78543821 2623881 0 	452.657 	3 	215
29472700000000 29472800000152 	25600063720 75526150004 2671983 	25597391737 2671983 0 0 0 	79998004 2671983 0 	453.018 	3 	215
29498300000000 29498400000152 	25800064024 76117494218 2719995 	25797344029 2719995 0 0 0 	81436236 2719995 0 	453.373 	3 	215
29523900000000 29524000000152 	26000064328 76708954936 2767890 	25997296438 2767890 0 0 0 	82883554 2767890 0 	453.724 	3 	215
29549500000000 29549600000000 	26200064328 77300333653 2815353 	26197248975 2815353 0 0 0 	84303022 2815353 0 	454.045 	3 	215
29575100000000 29575200000000 	26400064328 77891797663 2862098 	26397202230 2862098 0 0 0 	85697570 2862098 0 	454.361 	3 	215
29600700000000 29600800000000 	26600064328 78483247889 2908875 	26597155453 2908875 0 0 0 	87095737 2908875 0 	454.673 	3 	215
29626300000000 29626400000000 	26800064328 79074703925 2955247 	26797109081 2955247 0 0 0 	88481323 2955247 0 	454.981 	3 	215
29651900000000 29652000000000 	27000064328 79666160352 3001461 	26997062867 3001461 0 0 0 	89875859 3001461 0 	455.284 	3 	215
29677500000000 29677600000000 	27200064328 80257664067 3047367 	27197016961 3047367 0 0 0 	91261292 3047367 0 	455.584 	3 	215
29703100000000 29703200000000 	27400064328 80849134582 3092221 	27396972107 3092221 0 0 0 	92604662 3092221 0 	455.88 	3 	215
29728700000000 29728800000000 	27600064328 81440647533 3137282 	27596927046 3137282 0 0 0 	93960487 3137282 0 	456.171 	3 	215
29754300000000 29754400000000 	27800064328 82032134210 3181664 	27796882664 3181664 0 0 0 	95298362 3181664 0 	456.459 	3 	215
29779900000000 29780000000048 	28000064424 82623649151 3225954 	27996838470 3225954 0 0 0 	96623188 3225954 0 	456.719 	3 	215
29805500000000 29805600000048 	28200064520 83215215736 3270186 	28196794334 3270186 0 0 0 	97944434 3270186 0 	456.976 	3 	215
29831100000000 29831200000048 	28400064616 83806732169 3313638 	28396750978 3313638 0 0 0 	99258656 3313638 0 	457.229 	3 	215
29856700000000 29856800000048 	28600064712 84398317199 3357294 	28596707418 3357294 0 0 0 	100585484 3357294 0 	457.479 	3 	215
29882300000000 29882400000048 	28800064808 84989951476 3400436 	28796664372 3400436 0 0 0 	101878322 3400436 0 	457.726 	3 	215
29907900000000 29908000000048 	29000064904 85581606589 3443366 	28996621538 3443366 0 0 0 	103165897 3443366 0 	457.97 	3 	215
29933500000000 29933600000048 	29200065000 86173175623 3485735 	29196579265 3485735 0 0 0 	104430127 3485735 0 	458.211 	3 	215
29959100000000 29959200000048 	29400065096 86764835748 3527754 	29396537342 3527754 0 0 0 	105689580 3527754 0 	458.448 	3 	215
29984700000000 29984800000048 	29600065192 87356487200 3569245 	29596495947 3569245 0 0 0 	106931715 3569245 0 	458.683 	3 	215
