26222100000000 26222200000365 	200000730 589001532 26534 	199974196 26534 0 0 0 	794969 26534 0 	471 	3 	221
26247700000000 26247800000365 	400001460 1177997039 52632 	399948828 52632 0 0 0 	1579676 52632 0 	471 	3 	221
26273300000000 26273400000365 	600002190 1766934857 78637 	599923553 78637 0 0 0 	2348736 78637 0 	471 	3 	221
26298900000000 26299000000365 	800002920 2355876876 104305 	799898615 104305 0 0 0 	3109682 104305 0 	471 	3 	221
26324500000000 26324600000365 	1000003650 2944881573 129849 	999873801 129849 0 0 0 	3871051 129849 0 	471 	3 	221
26350100000000 26350200000368 	1200004386 3533987405 154820 	1199849566 154820 0 0 0 	4609019 154820 0 	470.497 	3 	221
26375700000000 26375800000368 	1400005122 4123062575 179902 	1399825220 179902 0 0 0 	5353039 179902 0 	470.139 	3 	221
26401300000000 26401400000368 	1600005858 4712133722 204853 	1599801005 204853 0 0 0 	6099892 204853 0 	469.871 	3 	221
26426900000000 26427000000368 	1800006594 5301228696 229361 	1799777233 229361 0 0 0 	6836306 229361 0 	469.662 	3 	221
26452500000000 26452600000368 	2000007330 5890358842 253810 	1999753520 253810 0 0 0 	7569875 253810 0 	469.495 	3 	221
26478100000000 26478200000368 	2200008066 6479493856 278046 	2199730020 278046 0 0 0 	8299029 278046 0 	469.359 	3 	221
26503700000000 26503800000368 	2400008802 7068614427 302234 	2399706568 302234 0 0 0 	9021005 302234 0 	469.245 	3 	221
26529300000000 26529400000352 	2600009506 7657730716 325714 	2599683792 325714 0 0 0 	9731508 325714 0 	468.838 	3 	221
26554900000000 26555000000352 	2800010210 8246951205 349140 	2799661070 349140 0 0 0 	10432722 349140 0 	468.489 	3 	221
26580500000000 26580600000352 	3000010914 8836183524 372372 	2999638542 372372 0 0 0 	11132950 372372 0 	468.187 	3 	221
26606100000000 26606200000352 	3200011618 9425437121 395524 	3199616094 395524 0 0 0 	11825773 395524 0 	467.923 	3 	221
26631700000000 26631800000352 	3400012322 10014619726 418242 	3399594080 418242 0 0 0 	12498108 418242 0 	467.69 	3 	221
26657300000000 26657400000352 	3600013026 10603875602 440922 	3599572104 440922 0 0 0 	13174903 440922 0 	467.484 	3 	221
26682900000000 26683000000352 	3800013730 11193084321 463725 	3799550005 463725 0 0 0 	13854098 463725 0 	467.299 	3 	221
26708500000000 26708600000120 	4000013970 11782343298 486020 	3999527950 486020 0 0 0 	14522998 486020 0 	466.98 	3 	221
26734100000000 26734200000120 	4200014210 12371632934 508281 	4199505929 508281 0 0 0 	15184733 508281 0 	466.692 	3 	221
26759700000000 26759800000120 	4400014450 12960933681 530442 	4399484008 530442 0 0 0 	15848410 530442 0 	466.43 	3 	221
26785300000000 26785400000120 	4600014690 13550321977 552254 	4599462436 552254 0 0 0 	16501993 552254 0 	466.191 	3 	221
26810900000000 26811000000120 	4800014930 14139646594 573618 	4799441312 573618 0 0 0 	17146012 573618 0 	465.973 	3 	221
26836500000000 26836600000120 	5000015170 14728984348 594821 	4999420349 594821 0 0 0 	17777475 594821 0 	465.772 	3 	221
26862100000000 26862200000120 	5200015410 15318351174 615864 	5199399546 615864 0 0 0 	18407743 615864 0 	465.586 	3 	221
26887700000000 26887800000120 	5400015650 15907762004 636849 	5399378801 636849 0 0 0 	19031497 636849 0 	465.415 	3 	221
26913300000000 26913400000178 	5600016006 16497123649 657475 	5599358531 657475 0 0 0 	19649677 657475 0 	465.146 	3 	221
26938900000000 26939000000178 	5800016362 17086599532 678258 	5799338104 678258 0 0 0 	20271961 678258 0 	464.896 	3 	221
26964500000000 26964600000178 	6000016718 17676010257 698726 	5999317992 698726 0 0 0 	20880775 698726 0 	464.663 	3 	221
26990100000000 26990200000178 	6200017074 18265489817 718836 	6199298238 718836 0 0 0 	21477988 718836 0 	464.445 	3 	221
27015700000000 27015800000178 	6400017430 18854915841 738876 	6399278554 738876 0 0 0 	22078316 738876 0 	464.24 	3 	221
27041300000000 27041400000178 	6600017786 19444425593 758935 	6599258851 758935 0 0 0 	22676141 758935 0 	464.049 	3 	221
27066900000000 27067000000178 	6800018142 20033889835 778731 	6799239411 778731 0 0 0 	23271444 778731 0 	463.869 	3 	221
27092500000000 27092600000355 	7000018852 20623409782 798413 	6999220439 798413 0 0 0 	23863743 798413 0 	463.611 	3 	221
27118100000000 27118200000355 	7200019562 21212951397 817823 	7199201739 817823 0 0 0 	24444859 817823 0 	463.367 	3 	221
27143700000000 27143800000355 	7400020272 21802473071 837245 	7399183027 837245 0 0 0 	25022855 837245 0 	463.137 	3 	221
27169300000000 27169400000355 	7600020982 22391991098 856444 	7599164538 856444 0 0 0 	25591712 856444 0 	462.919 	3 	221
27194900000000 27195000000355 	7800021692 22981592379 875503 	7799146189 875503 0 0 0 	26161850 875503 0 	462.712 	3 	221
27220500000000 27220600000355 	8000022402 23571229441 894240 	7999128162 894240 0 0 0 	26715103 894240 0 	462.516 	3 	221
27246100000000 27246200000355 	8200023112 24160853332 912918 	8199110194 912918 0 0 0 	27278710 912918 0 	462.33 	3 	221
27271700000000 27271800000355 	8400023822 24750528770 931483 	8399092339 931483 0 0 0 	27824984 931483 0 	462.153 	3 	221
27297300000000 27297400000230 	8600024282 25340152179 949585 	8599074697 949585 0 0 0 	28369949 949585 0 	461.887 	3 	221
27322900000000 27323000000230 	8800024742 25929851972 967663 	8799057079 967663 0 0 0 	28914755 967663 0 	461.634 	3 	221
27348500000000 27348600000230 	9000025202 26519544220 985611 	8999039591 985611 0 0 0 	29454665 985611 0 	461.392 	3 	221
27374100000000 27374200000230 	9200025662 27109274710 1003436 	9199022226 1003436 0 0 0 	29995373 1003436 0 	461.161 	3 	221
27399700000000 27399800000230 	9400026122 27699001523 1020961 	9399005161 1020961 0 0 0 	30521681 1020961 0 	460.94 	3 	221
27425300000000 27425400000230 	9600026582 28288735651 1038356 	9598988226 1038356 0 0 0 	31042353 1038356 0 	460.729 	3 	221
27450900000000 27451000000230 	9800027042 28878550270 1055782 	9798971260 1055782 0 0 0 	31566927 1055782 0 	460.526 	3 	221
27476500000000 27476600000320 	10000027682 29468382659 1073057 	9998954625 1073057 0 0 0 	32086933 1073057 0 	460.269 	3 	221
27502100000000 27502200000320 	10200028322 30058183756 1090179 	10198938143 1090179 0 0 0 	32594196 1090179 0 	460.022 	3 	221
27527700000000 27527800000320 	10400028962 30647943748 1106900 	10398922062 1106900 0 0 0 	33094319 1106900 0 	459.784 	3 	221
27553300000000 27553400000320 	10600029602 31237756565 1123703 	10598905899 1123703 0 0 0 	33601917 1123703 0 	459.556 	3 	221
27578900000000 27579000000320 	10800030242 31827670453 1140279 	10798889963 1140279 0 0 0 	34102873 1140279 0 	459.337 	3 	221
27604500000000 27604600000320 	11000030882 32417532137 1156776 	10998874106 1156776 0 0 0 	34598007 1156776 0 	459.126 	3 	221
27630100000000 27630200000320 	11200031522 33007393949 1173215 	11198858307 1173215 0 0 0 	35092325 1173215 0 	458.922 	3 	221
27655700000000 27655800000400 	11400032322 33597260016 1189420 	11398842902 1189420 0 0 0 	35581606 1189420 0 	458.67 	3 	221
27681300000000 27681400000400 	11600033122 34187211936 1205558 	11598827564 1205558 0 0 0 	36069441 1205558 0 	458.427 	3 	221
27706900000000 27707000000400 	11800033922 34777079203 1221443 	11798812479 1221443 0 0 0 	36543920 1221443 0 	458.193 	3 	221
27732500000000 27732600000400 	12000034722 35367086021 1237224 	11998797498 1237224 0 0 0 	37007136 1237224 0 	457.967 	3 	221
27758100000000 27758200000400 	12200035522 35957044347 1252918 	12198782604 1252918 0 0 0 	37476257 1252918 0 	457.748 	3 	221
27783700000000 27783800000400 	12400036322 36546970016 1268455 	12398767867 1268455 0 0 0 	37936848 1268455 0 	457.537 	3 	221
27809300000000 27809400000400 	12600037122 37136975540 1283949 	12598753173 1283949 0 0 0 	38400907 1283949 0 	457.332 	3 	221
27834900000000 27835000000400 	12800037922 37726973112 1299300 	12798738622 1299300 0 0 0 	38854830 1299300 0 	457.134 	3 	221
27860500000000 27860600000290 	13000038502 38316974417 1314481 	12998724021 1314481 0 0 0 	39308987 1314481 0 	456.894 	3 	221
27886100000000 27886200000290 	13200039082 38907000780 1329593 	13198709489 1329593 0 0 0 	39761886 1329593 0 	456.66 	3 	221
27911700000000 27911800000290 	13400039662 39497130296 1344336 	13398695326 1344336 0 0 0 	40201389 1344336 0 	456.435 	3 	221
27937300000000 27937400000290 	13600040242 40087270110 1359158 	13598681084 1359158 0 0 0 	40644548 1359158 0 	456.215 	3 	221
27962900000000 27963000000290 	13800040822 40677350590 1373809 	13798667013 1373809 0 0 0 	41083877 1373809 0 	456.003 	3 	221
27988500000000 27988600000290 	14000041402 41267461077 1388241 	13998653161 1388241 0 0 0 	41517216 1388241 0 	455.797 	3 	221
28014100000000 28014200000290 	14200041982 41857649667 1402478 	14198639504 1402478 0 0 0 	41944354 1402478 0 	455.596 	3 	221
28039700000000 28039800000249 	14400042480 42447822860 1416524 	14398625956 1416524 0 0 0 	42364681 1416524 0 	455.357 	3 	221
28065300000000 28065400000249 	14600042978 43037981301 1430859 	14598612119 1430859 0 0 0 	42795176 1430859 0 	455.125 	3 	221
28090900000000 28091000000249 	14800043476 43628180506 1444964 	14798598512 1444964 0 0 0 	43218960 1444964 0 	454.899 	3 	221
28116500000000 28116600000249 	15000043974 44218316493 1459087 	14998584887 1459087 0 0 0 	43639040 1459087 0 	454.68 	3 	221
28142100000000 28142200000249 	15200044472 44808532531 1472995 	15198571477 1472995 0 0 0 	44060428 1472995 0 	454.466 	3 	221
28167700000000 28167800000249 	15400044970 45398778779 1486617 	15398558353 1486617 0 0 0 	44463770 1486617 0 	454.258 	3 	221
28193300000000 28193400000249 	15600045468 45989054743 1500139 	15598545329 1500139 0 0 0 	44875494 1500139 0 	454.056 	3 	221
28218900000000 28219000000249 	15800045966 46579328792 1513504 	15798532462 1513504 0 0 0 	45277576 1513504 0 	453.859 	3 	221
28244500000000 28244600000088 	16000046142 47169516736 1526878 	15998519264 1526878 0 0 0 	45677080 1526878 0 	453.627 	3 	221
28270100000000 28270200000088 	16200046318 47759844643 1540154 	16198506164 1540154 0 0 0 	46076774 1540154 0 	453.4 	3 	221
28295700000000 28295800000088 	16400046494 48350144419 1553096 	16398493398 1553096 0 0 0 	46467250 1553096 0 	453.18 	3 	221
28321300000000 28321400000088 	16600046670 48940480536 1565999 	16598480671 1565999 0 0 0 	46852154 1565999 0 	452.965 	3 	221
28346900000000 28347000000088 	16800046846 49530809845 1578933 	16798467913 1578933 0 0 0 	47246507 1578933 0 	452.755 	3 	221
28372500000000 28372600000088 	17000047022 50121165674 1591798 	16998455224 1591798 0 0 0 	47640181 1591798 0 	452.55 	3 	221
28398100000000 28398200000088 	17200047198 50711545568 1604380 	17198442818 1604380 0 0 0 	48023362 1604380 0 	452.351 	3 	221
28423700000000 28423800000110 	17400047418 51301942029 1617043 	17398430375 1617043 0 0 0 	48399888 1617043 0 	452.131 	3 	221
28449300000000 28449400000110 	17600047638 51892336918 1629424 	17598418214 1629424 0 0 0 	48773698 1629424 0 	451.916 	3 	221
28474900000000 28475000000110 	17800047858 52482779876 1641597 	17798406261 1641597 0 0 0 	49131027 1641597 0 	451.707 	3 	221
28500500000000 28500600000110 	18000048078 53073177191 1653848 	17998394230 1653848 0 0 0 	49497379 1653848 0 	451.502 	3 	221
28526100000000 28526200000110 	18200048298 53663598564 1666168 	18198382130 1666168 0 0 0 	49871116 1666168 0 	451.302 	3 	221
28551700000000 28551800000110 	18400048518 54254063557 1678204 	18398370314 1678204 0 0 0 	50227894 1678204 0 	451.107 	3 	221
28577300000000 28577400000110 	18600048738 54844549505 1690185 	18598358553 1690185 0 0 0 	50590503 1690185 0 	450.916 	3 	221
28602900000000 28603000000189 	18800049116 55435082548 1701786 	18798347330 1701786 0 0 0 	50940324 1701786 0 	450.694 	3 	221
28628500000000 28628600000189 	19000049494 56025591777 1713405 	18998336089 1713405 0 0 0 	51286748 1713405 0 	450.477 	3 	221
28654100000000 28654200000189 	19200049872 56616151142 1725069 	19198324803 1725069 0 0 0 	51639828 1725069 0 	450.265 	3 	221
28679700000000 28679800000189 	19400050250 57206755777 1736667 	19398313583 1736667 0 0 0 	51987692 1736667 0 	450.058 	3 	221
28705300000000 28705400000189 	19600050628 57797349456 1748069 	19598302559 1748069 0 0 0 	52331788 1748069 0 	449.855 	3 	221
28730900000000 28731000000189 	19800051006 58387952957 1759478 	19798291528 1759478 0 0 0 	52665383 1759478 0 	449.656 	3 	221
28756500000000 28756600000189 	20000051384 58978531092 1770694 	19998280690 1770694 0 0 0 	53003255 1770694 0 	449.462 	3 	221
28782100000000 28782200000189 	20200051762 59569154038 1781707 	20198270055 1781707 0 0 0 	53331187 1781707 0 	449.271 	3 	221
28807700000000 28807800000060 	20400051882 60159765159 1792787 	20398259095 1792787 0 0 0 	53659981 1792787 0 	449.052 	3 	221
28833300000000 28833400000060 	20600052002 60750412081 1803727 	20598248275 1803727 0 0 0 	53987519 1803727 0 	448.838 	3 	221
28858900000000 28859000000060 	20800052122 61341076828 1814691 	20798237431 1814691 0 0 0 	54318505 1814691 0 	448.628 	3 	221
28884500000000 28884600000060 	21000052242 61931712012 1825454 	20998226788 1825454 0 0 0 	54646576 1825454 0 	448.422 	3 	221
28910100000000 28910200000060 	21200052362 62522385724 1836224 	21198216138 1836224 0 0 0 	54967006 1836224 0 	448.22 	3 	221
28935700000000 28935800000060 	21400052482 63113057697 1846508 	21398205974 1846508 0 0 0 	55274179 1846508 0 	448.023 	3 	221
28961300000000 28961400000060 	21600052602 63703773699 1857011 	21598195591 1857011 0 0 0 	55589104 1857011 0 	447.829 	3 	221
28986900000000 28987000000375 	21800053352 64294488851 1867454 	21798185898 1867454 0 0 0 	55896813 1867454 0 	447.608 	3 	221
29012500000000 29012600000375 	22000054102 64885255837 1877857 	21998176245 1877857 0 0 0 	56203796 1877857 0 	447.392 	3 	221
29038100000000 29038200000375 	22200054852 65476053298 1888060 	22198166792 1888060 0 0 0 	56508568 1888060 0 	447.179 	3 	221
29063700000000 29063800000375 	22400055602 66066846609 1898242 	22398157360 1898242 0 0 0 	56813345 1898242 0 	446.971 	3 	221
29089300000000 29089400000375 	22600056352 66657647975 1908280 	22598148072 1908280 0 0 0 	57107639 1908280 0 	446.767 	3 	221
29114900000000 29115000000308 	22800056968 67248779484 1961495 	22798095473 1961495 0 0 0 	58710360 1961495 0 	447.24 	3 	221
29140500000000 29140600000308 	23000057584 67839990149 2014328 	22998043256 2014328 0 0 0 	60296613 2014328 0 	447.705 	3 	221
29166100000000 29166200000308 	23200058200 68431170415 2066901 	23197991299 2066901 0 0 0 	61880726 2066901 0 	448.164 	3 	221
29191700000000 29191800000308 	23400058816 69022393490 2118974 	23397939842 2118974 0 0 0 	63441603 2118974 0 	448.616 	3 	221
29217300000000 29217400000308 	23600059432 69613608833 2170636 	23597888796 2170636 0 0 0 	64991441 2170636 0 	449.06 	3 	221
29242900000000 29243000000308 	23800060048 70204874181 2222463 	23797837585 2222463 0 0 0 	66540317 2222463 0 	449.499 	3 	221
29268500000000 29268600000308 	24000060664 70796185573 2273599 	23997787065 2273599 0 0 0 	68072847 2273599 0 	449.93 	3 	221
29294100000000 29294200000308 	24200061280 71387506856 2324448 	24197736832 2324448 0 0 0 	69605364 2324448 0 	450.356 	3 	221
29319700000000 29319800000308 	24400061896 71978776146 2375164 	24397686732 2375164 0 0 0 	71124418 2375164 0 	450.775 	3 	221
29345300000000 29345400000152 	24600062200 72570042638 2425319 	24597636881 2425319 0 0 0 	72630158 2425319 0 	451.163 	3 	221
29370900000000 29371000000152 	24800062504 73161362954 2474772 	24797587732 2474772 0 0 0 	74105214 2474772 0 	451.544 	3 	221
29396500000000 29396600000152 	25000062808 73752652431 2523786 	24997539022 2523786 0 0 0 	75569508 2523786 0 	451.921 	3 	221
29422100000000 29422200000152 	25200063112 74343993365 2572587 	25197490525 2572587 0 0 0 	77032749 2572587 0 	452.291 	3 	221
29447700000000 29447800000152 	25400063416 74935328584 2621027 	25397442389 2621027 0 0 0 	78478114 2621027 0 	452.657 	3 	221
29473300000000 29473400000152 	25600063720 75526722717 2669316 	25597394404 2669316 0 0 0 	79922576 2669316 0 	453.018 	3 	221
29498900000000 29499000000152 	25800064024 76118090995 2717378 	25797346646 2717378 0 0 0 	81370309 2717378 0 	453.373 	3 	221
29524500000000 29524600000152 	26000064328 76709493900 2764592 	25997299736 2764592 0 0 0 	82790068 2764592 0 	453.724 	3 	221
29550100000000 29550200000000 	26200064328 77300932735 2811906 	26197252422 2811906 0 0 0 	84218319 2811906 0 	454.045 	3 	221
29575700000000 29575800000000 	26400064328 77892393895 2858666 	26397205662 2858666 0 0 0 	85626792 2858666 0 	454.361 	3 	221
29601300000000 29601400000000 	26600064328 78483816257 2905223 	26597159105 2905223 0 0 0 	87022194 2905223 0 	454.673 	3 	221
29626900000000 29627000000000 	26800064328 79075321439 2951243 	26797113085 2951243 0 0 0 	88401102 2951243 0 	454.981 	3 	221
29652500000000 29652600000000 	27000064328 79666821783 2996916 	26997067412 2996916 0 0 0 	89774563 2996916 0 	455.284 	3 	221
29678100000000 29678200000000 	27200064328 80258257005 3042456 	27197021872 3042456 0 0 0 	91141617 3042456 0 	455.584 	3 	221
29703700000000 29703800000000 	27400064328 80849777036 3087535 	27396976793 3087535 0 0 0 	92503361 3087535 0 	455.88 	3 	221
29729300000000 29729400000000 	27600064328 81441300158 3132771 	27596931557 3132771 0 0 0 	93867532 3132771 0 	456.171 	3 	221
29754900000000 29755000000000 	27800064328 82032828122 3177299 	27796887029 3177299 0 0 0 	95205368 3177299 0 	456.459 	3 	221
29780500000000 29780600000048 	28000064424 82624322491 3221799 	27996842625 3221799 0 0 0 	96542094 3221799 0 	456.719 	3 	221
29806100000000 29806200000048 	28200064520 83215861399 3265543 	28196798977 3265543 0 0 0 	97852116 3265543 0 	456.976 	3 	221
29831700000000 29831800000048 	28400064616 83807350409 3309366 	28396755250 3309366 0 0 0 	99164928 3309366 0 	457.229 	3 	221
29857300000000 29857400000048 	28600064712 84398907324 3352452 	28596712260 3352452 0 0 0 	100461596 3352452 0 	457.479 	3 	221
29882900000000 29883000000048 	28800064808 84990459122 3395305 	28796669503 3395305 0 0 0 	101744775 3395305 0 	457.726 	3 	221
29908500000000 29908600000048 	29000064904 85582062802 3437951 	28996626953 3437951 0 0 0 	103023630 3437951 0 	457.97 	3 	221
29934100000000 29934200000048 	29200065000 86173669773 3480304 	29196584696 3480304 0 0 0 	104289073 3480304 0 	458.211 	3 	221
29959700000000 29959800000048 	29400065096 86765322384 3522533 	29396542563 3522533 0 0 0 	105556915 3522533 0 	458.448 	3 	221
29985300000000 29985400000048 	29600065192 87357001130 3564235 	29596500957 3564235 0 0 0 	106803972 3564235 0 	458.683 	3 	221
