26223400000000 26223500000365 	200000730 588977817 26267 	199974463 26267 0 0 0 	788003 26267 0 	471 	3 	234
26249000000000 26249100000365 	400001460 1177964266 52519 	399948941 52519 0 0 0 	1563315 52519 0 	471 	3 	234
26274600000000 26274700000365 	600002190 1766978095 78443 	599923747 78443 0 0 0 	2351063 78443 0 	471 	3 	234
26300200000000 26300300000365 	800002920 2355949519 103893 	799899027 103893 0 0 0 	3109991 103893 0 	471 	3 	234
26325800000000 26325900000365 	1000003650 2944980389 129105 	999874545 129105 0 0 0 	3868793 129105 0 	471 	3 	234
26351400000000 26351500000368 	1200004386 3534004461 154077 	1199850309 154077 0 0 0 	4610399 154077 0 	470.497 	3 	234
26377000000000 26377100000368 	1400005122 4123075762 178854 	1399826268 178854 0 0 0 	5356494 178854 0 	470.139 	3 	234
26402600000000 26402700000368 	1600005858 4712111493 203761 	1599802097 203761 0 0 0 	6102015 203761 0 	469.871 	3 	234
26428200000000 26428300000368 	1800006594 5301242505 228561 	1799778033 228561 0 0 0 	6841960 228561 0 	469.662 	3 	234
26453800000000 26453900000368 	2000007330 5890371561 252804 	1999754526 252804 0 0 0 	7565403 252804 0 	469.495 	3 	234
26479400000000 26479500000368 	2200008066 6479498824 276785 	2199731281 276785 0 0 0 	8273569 276785 0 	469.359 	3 	234
26505000000000 26505100000368 	2400008802 7068640029 300859 	2399707943 300859 0 0 0 	8988141 300859 0 	469.245 	3 	234
26530600000000 26530700000352 	2600009506 7657776005 324299 	2599685207 324299 0 0 0 	9688147 324299 0 	468.838 	3 	234
26556200000000 26556300000352 	2800010210 8246934012 347896 	2799662314 347896 0 0 0 	10395872 347896 0 	468.489 	3 	234
26581800000000 26581900000352 	3000010914 8836131048 371345 	2999639569 371345 0 0 0 	11094087 371345 0 	468.187 	3 	234
26607400000000 26607500000352 	3200011618 9425358545 394332 	3199617286 394332 0 0 0 	11784045 394332 0 	467.923 	3 	234
26633000000000 26633100000352 	3400012322 10014571210 417155 	3399595167 417155 0 0 0 	12468038 417155 0 	467.69 	3 	234
26658600000000 26658700000352 	3600013026 10603850829 439814 	3599573212 439814 0 0 0 	13146545 439814 0 	467.484 	3 	234
26684200000000 26684300000352 	3800013730 11193150110 462305 	3799551425 462305 0 0 0 	13821958 462305 0 	467.299 	3 	234
26709800000000 26709900000120 	4000013970 11782411893 484427 	3999529543 484427 0 0 0 	14486111 484427 0 	466.98 	3 	234
26735400000000 26735500000120 	4200014210 12371718962 506582 	4199507628 506582 0 0 0 	15147961 506582 0 	466.692 	3 	234
26761000000000 26761100000120 	4400014450 12961045060 528580 	4399485870 528580 0 0 0 	15804757 528580 0 	466.43 	3 	234
26786600000000 26786700000120 	4600014690 13550332048 550077 	4599464613 550077 0 0 0 	16449653 550077 0 	466.191 	3 	234
26812200000000 26812300000120 	4800014930 14139695904 571655 	4799443275 571655 0 0 0 	17103127 571655 0 	465.973 	3 	234
26837800000000 26837900000120 	5000015170 14729090524 593190 	4999421980 593190 0 0 0 	17745034 593190 0 	465.772 	3 	234
26863400000000 26863500000120 	5200015410 15318497435 614275 	5199401135 614275 0 0 0 	18375749 614275 0 	465.586 	3 	234
26889000000000 26889100000120 	5400015650 15907876446 635209 	5399380441 635209 0 0 0 	19002900 635209 0 	465.415 	3 	234
26914600000000 26914700000178 	5600016006 16497295287 655918 	5599360088 655918 0 0 0 	19628503 655918 0 	465.146 	3 	234
26940200000000 26940300000178 	5800016362 17086787190 676758 	5799339604 676758 0 0 0 	20244010 676758 0 	464.896 	3 	234
26965800000000 26965900000178 	6000016718 17676207022 697321 	5999319397 697321 0 0 0 	20860245 697321 0 	464.663 	3 	234
26991400000000 26991500000178 	6200017074 18265657599 717957 	6199299117 717957 0 0 0 	21478436 717957 0 	464.445 	3 	234
27017000000000 27017100000178 	6400017430 18855070516 738001 	6399279429 738001 0 0 0 	22084110 738001 0 	464.24 	3 	234
27042600000000 27042700000178 	6600017786 19444587287 758176 	6599259610 758176 0 0 0 	22693189 758176 0 	464.049 	3 	234
27068200000000 27068300000178 	6800018142 20034076117 777871 	6799240271 777871 0 0 0 	23277720 777871 0 	463.869 	3 	234
27093800000000 27093900000355 	7000018852 20623572481 797237 	6999221615 797237 0 0 0 	23850855 797237 0 	463.611 	3 	234
27119400000000 27119500000355 	7200019562 21213147563 816835 	7199202727 816835 0 0 0 	24440686 816835 0 	463.367 	3 	234
27145000000000 27145100000355 	7400020272 21802754701 836133 	7399184139 836133 0 0 0 	25021212 836133 0 	463.137 	3 	234
27170600000000 27170700000355 	7600020982 22392313810 855388 	7599165594 855388 0 0 0 	25594825 855388 0 	462.919 	3 	234
27196200000000 27196300000355 	7800021692 22981977937 874373 	7799147319 874373 0 0 0 	26163916 874373 0 	462.712 	3 	234
27221800000000 27221900000355 	8000022402 23571541977 893274 	7999129128 893274 0 0 0 	26729099 893274 0 	462.516 	3 	234
27247400000000 27247500000355 	8200023112 24161189531 911988 	8199111124 911988 0 0 0 	27291232 911988 0 	462.33 	3 	234
27273000000000 27273100000355 	8400023822 24750796058 930575 	8399093247 930575 0 0 0 	27839925 930575 0 	462.153 	3 	234
27298600000000 27298700000230 	8600024282 25340506716 948944 	8599075338 948944 0 0 0 	28387192 948944 0 	461.887 	3 	234
27324200000000 27324300000230 	8800024742 25930264807 967298 	8799057444 967298 0 0 0 	28935703 967298 0 	461.634 	3 	234
27349800000000 27349900000230 	9000025202 26520017770 985425 	8999039777 985425 0 0 0 	29477358 985425 0 	461.392 	3 	234
27375400000000 27375500000230 	9200025662 27109721535 1003169 	9199022493 1003169 0 0 0 	30011873 1003169 0 	461.161 	3 	234
27401000000000 27401100000230 	9400026122 27699447184 1020839 	9399005283 1020839 0 0 0 	30532274 1020839 0 	460.94 	3 	234
27426600000000 27426700000230 	9600026582 28289169120 1038407 	9598988175 1038407 0 0 0 	31056191 1038407 0 	460.729 	3 	234
27452200000000 27452300000230 	9800027042 28878912198 1055718 	9798971324 1055718 0 0 0 	31577530 1055718 0 	460.526 	3 	234
27477800000000 27477900000320 	10000027682 29468664333 1073078 	9998954604 1073078 0 0 0 	32095022 1073078 0 	460.269 	3 	234
27503400000000 27503500000320 	10200028322 30058424698 1090361 	10198937961 1090361 0 0 0 	32616575 1090361 0 	460.022 	3 	234
27529000000000 27529100000320 	10400028962 30648245648 1107234 	10398921728 1107234 0 0 0 	33121288 1107234 0 	459.784 	3 	234
27554600000000 27554700000320 	10600029602 31238065066 1124327 	10598905275 1124327 0 0 0 	33634976 1124327 0 	459.556 	3 	234
27580200000000 27580300000320 	10800030242 31827910838 1140955 	10798889287 1140955 0 0 0 	34132602 1140955 0 	459.337 	3 	234
27605800000000 27605900000320 	11000030882 32417735598 1157401 	10998873481 1157401 0 0 0 	34623551 1157401 0 	459.126 	3 	234
27631400000000 27631500000320 	11200031522 33007644921 1173866 	11198857656 1173866 0 0 0 	35119181 1173866 0 	458.922 	3 	234
27657000000000 27657100000400 	11400032322 33597536179 1190204 	11398842118 1190204 0 0 0 	35603885 1190204 0 	458.67 	3 	234
27682600000000 27682700000400 	11600033122 34187429684 1206384 	11598826738 1206384 0 0 0 	36089081 1206384 0 	458.427 	3 	234
27708200000000 27708300000400 	11800033922 34777353601 1222471 	11798811451 1222471 0 0 0 	36567580 1222471 0 	458.193 	3 	234
27733800000000 27733900000400 	12000034722 35367293006 1238151 	11998796571 1238151 0 0 0 	37031204 1238151 0 	457.967 	3 	234
27759400000000 27759500000400 	12200035522 35957215729 1253848 	12198781674 1253848 0 0 0 	37505870 1253848 0 	457.748 	3 	234
27785000000000 27785100000400 	12400036322 36547190036 1269465 	12398766857 1269465 0 0 0 	37979911 1269465 0 	457.537 	3 	234
27810600000000 27810700000400 	12600037122 37137209945 1284943 	12598752179 1284943 0 0 0 	38439242 1284943 0 	457.332 	3 	234
27836200000000 27836300000400 	12800037922 37727250369 1300465 	12798737457 1300465 0 0 0 	38901957 1300465 0 	457.134 	3 	234
27861800000000 27861900000290 	13000038502 38317311463 1315948 	12998722554 1315948 0 0 0 	39371242 1315948 0 	456.894 	3 	234
27887400000000 27887500000290 	13200039082 38907407265 1330871 	13198708211 1330871 0 0 0 	39819372 1330871 0 	456.66 	3 	234
27913000000000 27913100000290 	13400039662 39497430047 1345818 	13398693844 1345818 0 0 0 	40264260 1345818 0 	456.435 	3 	234
27938600000000 27938700000290 	13600040242 40087448932 1360602 	13598679640 1360602 0 0 0 	40704815 1360602 0 	456.215 	3 	234
27964200000000 27964300000290 	13800040822 40677547373 1375488 	13798665334 1375488 0 0 0 	41148659 1375488 0 	456.003 	3 	234
27989800000000 27989900000290 	14000041402 41267651053 1390174 	13998651228 1390174 0 0 0 	41589567 1390174 0 	455.797 	3 	234
28015400000000 28015500000290 	14200041982 41857749253 1404612 	14198637370 1404612 0 0 0 	42022787 1404612 0 	455.596 	3 	234
28041000000000 28041100000249 	14400042480 42447890178 1418970 	14398623510 1418970 0 0 0 	42445593 1418970 0 	455.357 	3 	234
28066600000000 28066700000249 	14600042978 43038054350 1433075 	14598609903 1433075 0 0 0 	42861555 1433075 0 	455.125 	3 	234
28092200000000 28092300000249 	14800043476 43628151435 1447154 	14798596322 1447154 0 0 0 	43279386 1447154 0 	454.899 	3 	234
28117800000000 28117900000249 	15000043974 44218333757 1461158 	14998582816 1461158 0 0 0 	43696877 1461158 0 	454.68 	3 	234
28143400000000 28143500000249 	15200044472 44808531017 1474966 	15198569506 1474966 0 0 0 	44106673 1474966 0 	454.466 	3 	234
28169000000000 28169100000249 	15400044970 45398743547 1488362 	15398556608 1488362 0 0 0 	44504485 1488362 0 	454.258 	3 	234
28194600000000 28194700000249 	15600045468 45989015671 1501864 	15598543604 1501864 0 0 0 	44904583 1501864 0 	454.056 	3 	234
28220200000000 28220300000249 	15800045966 46579306188 1515030 	15798530936 1515030 0 0 0 	45301438 1515030 0 	453.859 	3 	234
28245800000000 28245900000088 	16000046142 47169559202 1528255 	15998517887 1528255 0 0 0 	45695859 1528255 0 	453.627 	3 	234
28271400000000 28271500000088 	16200046318 47759819477 1541470 	16198504848 1541470 0 0 0 	46089631 1541470 0 	453.4 	3 	234
28297000000000 28297100000088 	16400046494 48350141517 1554422 	16398492072 1554422 0 0 0 	46478461 1554422 0 	453.18 	3 	234
28322600000000 28322700000088 	16600046670 48940486226 1567460 	16598479210 1567460 0 0 0 	46871471 1567460 0 	452.965 	3 	234
28348200000000 28348300000088 	16800046846 49530804523 1580458 	16798466388 1580458 0 0 0 	47259738 1580458 0 	452.755 	3 	234
28373800000000 28373900000088 	17000047022 50121155710 1593255 	16998453767 1593255 0 0 0 	47644800 1593255 0 	452.55 	3 	234
28399400000000 28399500000088 	17200047198 50711424008 1606009 	17198441189 1606009 0 0 0 	48019605 1606009 0 	452.351 	3 	234
28425000000000 28425100000110 	17400047418 51301835950 1618579 	17398428839 1618579 0 0 0 	48394833 1618579 0 	452.131 	3 	234
28450600000000 28450700000110 	17600047638 51892272573 1630904 	17598416734 1630904 0 0 0 	48764466 1630904 0 	451.916 	3 	234
28476200000000 28476300000110 	17800047858 52482718999 1643213 	17798404645 1643213 0 0 0 	49137657 1643213 0 	451.707 	3 	234
28501800000000 28501900000110 	18000048078 53073193868 1655360 	17998392718 1655360 0 0 0 	49503195 1655360 0 	451.502 	3 	234
28527400000000 28527500000110 	18200048298 53663666608 1667395 	18198380903 1667395 0 0 0 	49862493 1667395 0 	451.302 	3 	234
28553000000000 28553100000110 	18400048518 54254169825 1679517 	18398369001 1679517 0 0 0 	50230298 1679517 0 	451.107 	3 	234
28578600000000 28578700000110 	18600048738 54844628238 1691677 	18598357061 1691677 0 0 0 	50591733 1691677 0 	450.916 	3 	234
28604200000000 28604300000189 	18800049116 55435165766 1703521 	18798345595 1703521 0 0 0 	50948751 1703521 0 	450.694 	3 	234
28629800000000 28629900000189 	19000049494 56025694882 1715133 	18998334361 1715133 0 0 0 	51298105 1715133 0 	450.477 	3 	234
28655400000000 28655500000189 	19200049872 56616210413 1726725 	19198323147 1726725 0 0 0 	51649132 1726725 0 	450.265 	3 	234
28681000000000 28681100000189 	19400050250 57206712017 1738296 	19398311954 1738296 0 0 0 	51997459 1738296 0 	450.058 	3 	234
28706600000000 28706700000189 	19600050628 57797282053 1749721 	19598300907 1749721 0 0 0 	52338276 1749721 0 	449.855 	3 	234
28732200000000 28732300000189 	19800051006 58387847108 1761006 	19798290000 1761006 0 0 0 	52673302 1761006 0 	449.656 	3 	234
28757800000000 28757900000189 	20000051384 58978473642 1772221 	19998279163 1772221 0 0 0 	53010869 1772221 0 	449.462 	3 	234
28783400000000 28783500000189 	20200051762 59569109704 1783383 	20198268379 1783383 0 0 0 	53346470 1783383 0 	449.271 	3 	234
28809000000000 28809100000060 	20400051882 60159730694 1794758 	20398257124 1794758 0 0 0 	53685772 1794758 0 	449.052 	3 	234
28834600000000 28834700000060 	20600052002 60750362938 1805755 	20598246247 1805755 0 0 0 	54013817 1805755 0 	448.838 	3 	234
28860200000000 28860300000060 	20800052122 61341004905 1816639 	20798235483 1816639 0 0 0 	54340965 1816639 0 	448.628 	3 	234
28885800000000 28885900000060 	21000052242 61931676768 1827188 	20998225054 1827188 0 0 0 	54661059 1827188 0 	448.422 	3 	234
28911400000000 28911500000060 	21200052362 62522364154 1837696 	21198214666 1837696 0 0 0 	54981444 1837696 0 	448.22 	3 	234
28937000000000 28937100000060 	21400052482 63113026850 1848130 	21398204352 1848130 0 0 0 	55295286 1848130 0 	448.023 	3 	234
28962600000000 28962700000060 	21600052602 63703778009 1858581 	21598194021 1858581 0 0 0 	55606765 1858581 0 	447.829 	3 	234
28988200000000 28988300000375 	21800053352 64294489193 1868960 	21798184392 1868960 0 0 0 	55915078 1868960 0 	447.608 	3 	234
29013800000000 29013900000375 	22000054102 64885251902 1879317 	21998174785 1879317 0 0 0 	56229046 1879317 0 	447.392 	3 	234
29039400000000 29039500000375 	22200054852 65476011163 1889653 	22198165199 1889653 0 0 0 	56536087 1889653 0 	447.179 	3 	234
29065000000000 29065100000375 	22400055602 66066839266 1899511 	22398156091 1899511 0 0 0 	56830702 1899511 0 	446.971 	3 	234
29090600000000 29090700000375 	22600056352 66657625328 1909483 	22598146869 1909483 0 0 0 	57130329 1909483 0 	446.767 	3 	234
29116200000000 29116300000308 	22800056968 67248860563 1962889 	22798094079 1962889 0 0 0 	58727011 1962889 0 	447.24 	3 	234
29141800000000 29141900000308 	23000057584 67840031584 2015959 	22998041625 2015959 0 0 0 	60317378 2015959 0 	447.705 	3 	234
29167400000000 29167500000308 	23200058200 68431297900 2068623 	23197989577 2068623 0 0 0 	61900649 2068623 0 	448.164 	3 	234
29193000000000 29193100000308 	23400058816 69022507334 2120866 	23397937950 2120866 0 0 0 	63473859 2120866 0 	448.616 	3 	234
29218600000000 29218700000308 	23600059432 69613748995 2172917 	23597886515 2172917 0 0 0 	65031158 2172917 0 	449.06 	3 	234
29244200000000 29244300000308 	23800060048 70205049247 2224058 	23797835990 2224058 0 0 0 	66571408 2224058 0 	449.499 	3 	234
29269800000000 29269900000308 	24000060664 70796363894 2275436 	23997785228 2275436 0 0 0 	68105935 2275436 0 	449.93 	3 	234
29295400000000 29295500000308 	24200061280 71387664078 2326052 	24197735228 2326052 0 0 0 	69620969 2326052 0 	450.356 	3 	234
29321000000000 29321100000152 	24400061584 71978971854 2377012 	24397684572 2377012 0 0 0 	71154940 2377012 0 	450.749 	3 	234
29346600000000 29346700000152 	24600061888 72570314347 2426822 	24597635066 2426822 0 0 0 	72641496 2426822 0 	451.137 	3 	234
29372200000000 29372300000152 	24800062192 73161574320 2476566 	24797585626 2476566 0 0 0 	74134058 2476566 0 	451.519 	3 	234
29397800000000 29397900000152 	25000062496 73752900056 2526323 	24997536173 2526323 0 0 0 	75610174 2526323 0 	451.895 	3 	234
29423400000000 29423500000152 	25200062800 74344201933 2575426 	25197487374 2575426 0 0 0 	77083787 2575426 0 	452.266 	3 	234
29449000000000 29449100000152 	25400063104 74935481154 2624364 	25397438740 2624364 0 0 0 	78564557 2624364 0 	452.632 	3 	234
29474600000000 29474700000152 	25600063408 75526796968 2672706 	25597390702 2672706 0 0 0 	80017554 2672706 0 	452.993 	3 	234
29500200000000 29500300000152 	25800063712 76118239332 2720632 	25797343080 2720632 0 0 0 	81455717 2720632 0 	453.348 	3 	234
29525800000000 29525900000152 	26000064016 76709670267 2768373 	25997295643 2768373 0 0 0 	82883133 2768373 0 	453.699 	3 	234
29551400000000 29551500000000 	26200064016 77301103036 2815680 	26197248336 2815680 0 0 0 	84298340 2815680 0 	454.02 	3 	234
29577000000000 29577100000000 	26400064016 77892592653 2863132 	26397200884 2863132 0 0 0 	85726164 2863132 0 	454.337 	3 	234
29602600000000 29602700000000 	26600064016 78484017553 2909344 	26597154672 2909344 0 0 0 	87109647 2909344 0 	454.649 	3 	234
29628200000000 29628300000000 	26800064016 79075401643 2955743 	26797108273 2955743 0 0 0 	88509830 2955743 0 	454.957 	3 	234
29653800000000 29653900000000 	27000064016 79666842545 3001908 	26997062108 3001908 0 0 0 	89901509 3001908 0 	455.26 	3 	234
29679400000000 29679500000000 	27200064016 80258284361 3047250 	27197016766 3047250 0 0 0 	91274996 3047250 0 	455.56 	3 	234
29705000000000 29705100000000 	27400064016 80849747914 3092657 	27396971359 3092657 0 0 0 	92650497 3092657 0 	455.856 	3 	234
29730600000000 29730700000000 	27600064016 81441211450 3137919 	27596926097 3137919 0 0 0 	94002901 3137919 0 	456.148 	3 	234
29756200000000 29756300000000 	27800064016 82032679740 3182770 	27796881246 3182770 0 0 0 	95359533 3182770 0 	456.436 	3 	234
29781800000000 29781900000048 	28000064112 82624232218 3227107 	27996837005 3227107 0 0 0 	96697249 3227107 0 	456.696 	3 	234
29807400000000 29807500000048 	28200064208 83215827791 3271293 	28196792915 3271293 0 0 0 	98032954 3271293 0 	456.953 	3 	234
29833000000000 29833100000048 	28400064304 83807382617 3315026 	28396749278 3315026 0 0 0 	99360753 3315026 0 	457.206 	3 	234
29858600000000 29858700000048 	28600064400 84398939330 3358309 	28596706091 3358309 0 0 0 	100667363 3358309 0 	457.456 	3 	234
29884200000000 29884300000048 	28800064496 84990523388 3401592 	28796662904 3401592 0 0 0 	101962103 3401592 0 	457.703 	3 	234
29909800000000 29909900000048 	29000064592 85582139958 3444747 	28996619845 3444747 0 0 0 	103247605 3444747 0 	457.947 	3 	234
29935400000000 29935500000048 	29200064688 86173788678 3487245 	29196577443 3487245 0 0 0 	104526362 3487245 0 	458.188 	3 	234
29961000000000 29961100000048 	29400064784 86765374545 3529316 	29396535468 3529316 0 0 0 	105786298 3529316 0 	458.426 	3 	234
29986600000000 29986700000048 	29600064880 87357004404 3571043 	29596493837 3571043 0 0 0 	107044651 3571043 0 	458.661 	3 	234
