26224300000000 26224400000365 	200000730 588940152 26094 	199974636 26094 0 0 0 	781255 26094 0 	471 	3 	243
26249900000000 26250000000365 	400001460 1177975503 52255 	399949205 52255 0 0 0 	1557772 52255 0 	471 	3 	243
26275500000000 26275600000365 	600002190 1766947077 78009 	599924181 78009 0 0 0 	2337426 78009 0 	471 	3 	243
26301100000000 26301200000365 	800002920 2355982826 103440 	799899480 103440 0 0 0 	3097654 103440 0 	471 	3 	243
26326700000000 26326800000365 	1000003650 2945028283 128678 	999874972 128678 0 0 0 	3853947 128678 0 	471 	3 	243
26352300000000 26352400000368 	1200004386 3534046014 153852 	1199850534 153852 0 0 0 	4605516 153852 0 	470.497 	3 	243
26377900000000 26378000000368 	1400005122 4123072855 178829 	1399826293 178829 0 0 0 	5349819 178829 0 	470.139 	3 	243
26403500000000 26403600000368 	1600005858 4712156180 203384 	1599802474 203384 0 0 0 	6082600 203384 0 	469.871 	3 	243
26429100000000 26429200000368 	1800006594 5301262939 228057 	1799778537 228057 0 0 0 	6820745 228057 0 	469.662 	3 	243
26454700000000 26454800000368 	2000007330 5890405284 252508 	1999754822 252508 0 0 0 	7557810 252508 0 	469.495 	3 	243
26480300000000 26480400000368 	2200008066 6479541297 276633 	2199731433 276633 0 0 0 	8282805 276633 0 	469.359 	3 	243
26505900000000 26506000000368 	2400008802 7068634145 300519 	2399708283 300519 0 0 0 	8994878 300519 0 	469.245 	3 	243
26531500000000 26531600000352 	2600009506 7657807429 324476 	2599685030 324476 0 0 0 	9710597 324476 0 	468.838 	3 	243
26557100000000 26557200000352 	2800010210 8247010418 347681 	2799662529 347681 0 0 0 	10404958 347681 0 	468.489 	3 	243
26582700000000 26582800000352 	3000010914 8836184670 370838 	2999640076 370838 0 0 0 	11098519 370838 0 	468.187 	3 	243
26608300000000 26608400000352 	3200011618 9425426455 393888 	3199617730 393888 0 0 0 	11785906 393888 0 	467.923 	3 	243
26633900000000 26634000000352 	3400012322 10014668619 416859 	3399595463 416859 0 0 0 	12465617 416859 0 	467.69 	3 	243
26659500000000 26659600000352 	3600013026 10603938964 439528 	3599573498 439528 0 0 0 	13135113 439528 0 	467.484 	3 	243
26685100000000 26685200000352 	3800013730 11193213634 461804 	3799551926 461804 0 0 0 	13802063 461804 0 	467.299 	3 	243
26710700000000 26710800000120 	4000013970 11782457274 484061 	3999529909 484061 0 0 0 	14466050 484061 0 	466.98 	3 	243
26736300000000 26736400000120 	4200014210 12371741133 506154 	4199508056 506154 0 0 0 	15124454 506154 0 	466.692 	3 	243
26761900000000 26762000000120 	4400014450 12961040099 528232 	4399486218 528232 0 0 0 	15782370 528232 0 	466.43 	3 	243
26787500000000 26787600000120 	4600014690 13550376663 549893 	4599464797 549893 0 0 0 	16428734 549893 0 	466.191 	3 	243
26813100000000 26813200000120 	4800014930 14139743517 571540 	4799443390 571540 0 0 0 	17080402 571540 0 	465.973 	3 	243
26838700000000 26838800000120 	5000015170 14729101816 593133 	4999422037 593133 0 0 0 	17729063 593133 0 	465.772 	3 	243
26864300000000 26864400000120 	5200015410 15318405422 614436 	5199400974 614436 0 0 0 	18363278 614436 0 	465.586 	3 	243
26889900000000 26890000000120 	5400015650 15907804723 635639 	5399380011 635639 0 0 0 	18996967 635639 0 	465.415 	3 	243
26915500000000 26915600000178 	5600016006 16497161432 656432 	5599359574 656432 0 0 0 	19620714 656432 0 	465.146 	3 	243
26941100000000 26941200000178 	5800016362 17086628602 677139 	5799339223 677139 0 0 0 	20251119 677139 0 	464.896 	3 	243
26966700000000 26966800000178 	6000016718 17676099850 697560 	5999319158 697560 0 0 0 	20867480 697560 0 	464.663 	3 	243
26992300000000 26992400000178 	6200017074 18265540160 717871 	6199299203 717871 0 0 0 	21477146 717871 0 	464.445 	3 	243
27017900000000 27018000000178 	6400017430 18855001972 737666 	6399279764 737666 0 0 0 	22068113 737666 0 	464.24 	3 	243
27043500000000 27043600000178 	6600017786 19444516214 757603 	6599260183 757603 0 0 0 	22662600 757603 0 	464.049 	3 	243
27069100000000 27069200000178 	6800018142 20034034057 777321 	6799240821 777321 0 0 0 	23251876 777321 0 	463.869 	3 	243
27094700000000 27094800000355 	7000018852 20623526174 797026 	6999221826 797026 0 0 0 	23842210 797026 0 	463.611 	3 	243
27120300000000 27120400000355 	7200019562 21213097616 816359 	7199203203 816359 0 0 0 	24420630 816359 0 	463.367 	3 	243
27145900000000 27146000000355 	7400020272 21802683502 835648 	7399184624 835648 0 0 0 	24998961 835648 0 	463.137 	3 	243
27171500000000 27171600000355 	7600020982 22392262281 854583 	7599166399 854583 0 0 0 	25565274 854583 0 	462.919 	3 	243
27197100000000 27197200000355 	7800021692 22981846782 873449 	7799148243 873449 0 0 0 	26121857 873449 0 	462.712 	3 	243
27222700000000 27222800000355 	8000022402 23571448155 892327 	7999130075 892327 0 0 0 	26685876 892327 0 	462.516 	3 	243
27248300000000 27248400000355 	8200023112 24161038444 910748 	8199112364 910748 0 0 0 	27230383 910748 0 	462.33 	3 	243
27273900000000 27274000000355 	8400023822 24750708439 929156 	8399094666 929156 0 0 0 	27779394 929156 0 	462.153 	3 	243
27299500000000 27299600000230 	8600024282 25340379731 947169 	8599077113 947169 0 0 0 	28316737 947169 0 	461.887 	3 	243
27325100000000 27325200000230 	8800024742 25930054598 965442 	8799059300 965442 0 0 0 	28859610 965442 0 	461.634 	3 	243
27350700000000 27350800000230 	9000025202 26519806160 983593 	8999041609 983593 0 0 0 	29400767 983593 0 	461.392 	3 	243
27376300000000 27376400000230 	9200025662 27109544549 1001399 	9199024263 1001399 0 0 0 	29928625 1001399 0 	461.161 	3 	243
27401900000000 27402000000230 	9400026122 27699277888 1019216 	9399006906 1019216 0 0 0 	30463855 1019216 0 	460.94 	3 	243
27427500000000 27427600000230 	9600026582 28289066473 1036742 	9598989840 1036742 0 0 0 	30986496 1036742 0 	460.729 	3 	243
27453100000000 27453200000230 	9800027042 28878798449 1054321 	9798972721 1054321 0 0 0 	31510070 1054321 0 	460.526 	3 	243
27478700000000 27478800000320 	10000027682 29468528676 1071688 	9998955994 1071688 0 0 0 	32027884 1071688 0 	460.269 	3 	243
27504300000000 27504400000320 	10200028322 30058286116 1088767 	10198939555 1088767 0 0 0 	32536844 1088767 0 	460.022 	3 	243
27529900000000 27530000000320 	10400028962 30648045860 1105829 	10398923133 1105829 0 0 0 	33051668 1105829 0 	459.784 	3 	243
27555500000000 27555600000320 	10600029602 31237888387 1122549 	10598907053 1122549 0 0 0 	33554752 1122549 0 	459.556 	3 	243
27581100000000 27581200000320 	10800030242 31827745712 1139035 	10798891207 1139035 0 0 0 	34047580 1139035 0 	459.337 	3 	243
27606700000000 27606800000320 	11000030882 32417609198 1155369 	10998875513 1155369 0 0 0 	34536254 1155369 0 	459.126 	3 	243
27632300000000 27632400000320 	11200031522 33007447474 1171748 	11198859774 1171748 0 0 0 	35028877 1171748 0 	458.922 	3 	243
27657900000000 27658000000400 	11400032322 33597327271 1188099 	11398844223 1188099 0 0 0 	35517537 1188099 0 	458.67 	3 	243
27683500000000 27683600000400 	11600033122 34187223870 1204009 	11598829113 1204009 0 0 0 	35997558 1204009 0 	458.427 	3 	243
27709100000000 27709200000400 	11800033922 34777133145 1220172 	11798813750 1220172 0 0 0 	36476804 1220172 0 	458.193 	3 	243
27734700000000 27734800000400 	12000034722 35367023478 1236060 	11998798662 1236060 0 0 0 	36950588 1236060 0 	457.967 	3 	243
27760300000000 27760400000400 	12200035522 35956956460 1251798 	12198783724 1251798 0 0 0 	37429671 1251798 0 	457.748 	3 	243
27785900000000 27786000000400 	12400036322 36546927713 1267217 	12398769105 1267217 0 0 0 	37893101 1267217 0 	457.537 	3 	243
27811500000000 27811600000400 	12600037122 37136894980 1282684 	12598754438 1282684 0 0 0 	38354583 1282684 0 	457.332 	3 	243
27837100000000 27837200000400 	12800037922 37726927051 1297990 	12798739932 1297990 0 0 0 	38814923 1297990 0 	457.134 	3 	243
27862700000000 27862800000290 	13000038502 38316950994 1313115 	12998725387 1313115 0 0 0 	39266598 1313115 0 	456.894 	3 	243
27888300000000 27888400000290 	13200039082 38907006562 1328132 	13198710950 1328132 0 0 0 	39718382 1328132 0 	456.66 	3 	243
27913900000000 27914000000290 	13400039662 39497033797 1343071 	13398696591 1343071 0 0 0 	40167004 1343071 0 	456.435 	3 	243
27939500000000 27939600000290 	13600040242 40087050644 1358077 	13598682165 1358077 0 0 0 	40609469 1358077 0 	456.215 	3 	243
27965100000000 27965200000290 	13800040822 40677110652 1372600 	13798668222 1372600 0 0 0 	41044317 1372600 0 	456.003 	3 	243
27990700000000 27990800000290 	14000041402 41267296300 1387111 	13998654291 1387111 0 0 0 	41479170 1387111 0 	455.797 	3 	243
28016300000000 28016400000290 	14200041982 41857396398 1401428 	14198640554 1401428 0 0 0 	41908867 1401428 0 	455.596 	3 	243
28041900000000 28042000000249 	14400042480 42447519483 1415883 	14398626597 1415883 0 0 0 	42334432 1415883 0 	455.357 	3 	243
28067500000000 28067600000249 	14600042978 43037686422 1430143 	14598612835 1430143 0 0 0 	42762563 1430143 0 	455.125 	3 	243
28093100000000 28093200000249 	14800043476 43627844969 1444212 	14798599264 1444212 0 0 0 	43188109 1444212 0 	454.899 	3 	243
28118700000000 28118800000249 	15000043974 44218034030 1458072 	14998585902 1458072 0 0 0 	43595334 1458072 0 	454.68 	3 	243
28144300000000 28144400000249 	15200044472 44808252674 1471793 	15198572679 1471793 0 0 0 	44005897 1471793 0 	454.466 	3 	243
28169900000000 28170000000249 	15400044970 45398501331 1485541 	15398559429 1485541 0 0 0 	44421152 1485541 0 	454.258 	3 	243
28195500000000 28195600000249 	15600045468 45988733823 1499068 	15598546400 1499068 0 0 0 	44824949 1499068 0 	454.056 	3 	243
28221100000000 28221200000249 	15800045966 46579030532 1512476 	15798533490 1512476 0 0 0 	45229473 1512476 0 	453.859 	3 	243
28246700000000 28246800000088 	16000046142 47169308617 1525786 	15998520356 1525786 0 0 0 	45629427 1525786 0 	453.627 	3 	243
28272300000000 28272400000088 	16200046318 47759596435 1538864 	16198507454 1538864 0 0 0 	46024573 1538864 0 	453.4 	3 	243
28297900000000 28298000000088 	16400046494 48349890048 1551929 	16398494565 1551929 0 0 0 	46421765 1551929 0 	453.18 	3 	243
28323500000000 28323600000088 	16600046670 48940205880 1564987 	16598481683 1564987 0 0 0 	46819719 1564987 0 	452.965 	3 	243
28349100000000 28349200000088 	16800046846 49530497525 1577894 	16798468952 1577894 0 0 0 	47217296 1577894 0 	452.755 	3 	243
28374700000000 28374800000088 	17000047022 50120892079 1590932 	16998456090 1590932 0 0 0 	47610318 1590932 0 	452.55 	3 	243
28400300000000 28400400000088 	17200047198 50711314529 1603549 	17198443649 1603549 0 0 0 	47992542 1603549 0 	452.351 	3 	243
28425900000000 28426000000110 	17400047418 51301716339 1616063 	17398431355 1616063 0 0 0 	48365258 1616063 0 	452.131 	3 	243
28451500000000 28451600000110 	17600047638 51892105397 1628342 	17598419296 1628342 0 0 0 	48736795 1628342 0 	451.916 	3 	243
28477100000000 28477200000110 	17800047858 52482484402 1640655 	17798407203 1640655 0 0 0 	49101562 1640655 0 	451.707 	3 	243
28502700000000 28502800000110 	18000048078 53072918449 1652965 	17998395113 1652965 0 0 0 	49469319 1652965 0 	451.502 	3 	243
28528300000000 28528400000110 	18200048298 53663350049 1664867 	18198383431 1664867 0 0 0 	49829432 1664867 0 	451.302 	3 	243
28553900000000 28554000000110 	18400048518 54253826050 1676944 	18398371574 1676944 0 0 0 	50197585 1676944 0 	451.107 	3 	243
28579500000000 28579600000110 	18600048738 54844302277 1688900 	18598359838 1688900 0 0 0 	50555451 1688900 0 	450.916 	3 	243
28605100000000 28605200000189 	18800049116 55434788300 1700722 	18798348394 1700722 0 0 0 	50912679 1700722 0 	450.694 	3 	243
28630700000000 28630800000189 	19000049494 56025320530 1712331 	18998337163 1712331 0 0 0 	51252569 1712331 0 	450.477 	3 	243
28656300000000 28656400000189 	19200049872 56615847513 1723903 	19198325969 1723903 0 0 0 	51601068 1723903 0 	450.265 	3 	243
28681900000000 28682000000189 	19400050250 57206402136 1735399 	19398314851 1735399 0 0 0 	51945777 1735399 0 	450.058 	3 	243
28707500000000 28707600000189 	19600050628 57796947184 1746903 	19598303725 1746903 0 0 0 	52287905 1746903 0 	449.855 	3 	243
28733100000000 28733200000189 	19800051006 58387506958 1758111 	19798292895 1758111 0 0 0 	52622842 1758111 0 	449.656 	3 	243
28758700000000 28758800000189 	20000051384 58978088455 1769388 	19998281996 1769388 0 0 0 	52963920 1769388 0 	449.462 	3 	243
28784300000000 28784400000189 	20200051762 59568677252 1780568 	20198271194 1780568 0 0 0 	53296914 1780568 0 	449.271 	3 	243
28809900000000 28810000000060 	20400051882 60159367591 1791630 	20398260252 1791630 0 0 0 	53620271 1791630 0 	449.052 	3 	243
28835500000000 28835600000060 	20600052002 60750018597 1802475 	20598249527 1802475 0 0 0 	53943029 1802475 0 	448.838 	3 	243
28861100000000 28861200000060 	20800052122 61340683485 1813439 	20798238683 1813439 0 0 0 	54273518 1813439 0 	448.628 	3 	243
28886700000000 28886800000060 	21000052242 61931331489 1824309 	20998227933 1824309 0 0 0 	54598963 1824309 0 	448.422 	3 	243
28912300000000 28912400000060 	21200052362 62522035556 1835037 	21198217325 1835037 0 0 0 	54922479 1835037 0 	448.22 	3 	243
28937900000000 28938000000060 	21400052482 63112758454 1845556 	21398206926 1845556 0 0 0 	55240193 1845556 0 	448.023 	3 	243
28963500000000 28963600000060 	21600052602 63703446505 1856085 	21598196517 1856085 0 0 0 	55555882 1856085 0 	447.829 	3 	243
28989100000000 28989200000375 	21800053352 64294245308 1866513 	21798186839 1866513 0 0 0 	55872639 1866513 0 	447.608 	3 	243
29014700000000 29014800000375 	22000054102 64885016233 1876866 	21998177236 1876866 0 0 0 	56184491 1876866 0 	447.392 	3 	243
29040300000000 29040400000375 	22200054852 65475788193 1886820 	22198168032 1886820 0 0 0 	56482571 1886820 0 	447.179 	3 	243
29065900000000 29066000000375 	22400055602 66066516175 1896887 	22398158715 1896887 0 0 0 	56781655 1896887 0 	446.971 	3 	243
29091500000000 29091600000375 	22600056352 66657322871 1906963 	22598149389 1906963 0 0 0 	57087782 1906963 0 	446.767 	3 	243
29117100000000 29117200000308 	22800056968 67248503146 1960142 	22798096826 1960142 0 0 0 	58687313 1960142 0 	447.24 	3 	243
29142700000000 29142800000308 	23000057584 67839684622 2012922 	22998044662 2012922 0 0 0 	60273213 2012922 0 	447.705 	3 	243
29168300000000 29168400000308 	23200058200 68430895331 2065741 	23197992459 2065741 0 0 0 	61859368 2065741 0 	448.164 	3 	243
29193900000000 29194000000308 	23400058816 69022092504 2117810 	23397941006 2117810 0 0 0 	63425677 2117810 0 	448.616 	3 	243
29219500000000 29219600000308 	23600059432 69613328507 2169384 	23597890048 2169384 0 0 0 	64975314 2169384 0 	449.06 	3 	243
29245100000000 29245200000308 	23800060048 70204609396 2220955 	23797839093 2220955 0 0 0 	66526593 2220955 0 	449.499 	3 	243
29270700000000 29270800000308 	24000060664 70795877150 2272244 	23997788420 2272244 0 0 0 	68071883 2272244 0 	449.93 	3 	243
29296300000000 29296400000308 	24200061280 71387110679 2323171 	24197738109 2323171 0 0 0 	69616959 2323171 0 	450.356 	3 	243
29321900000000 29322000000152 	24400061584 71978381823 2373336 	24397688248 2373336 0 0 0 	71122649 2373336 0 	450.749 	3 	243
29347500000000 29347600000152 	24600061888 72569704793 2423317 	24597638571 2423317 0 0 0 	72624889 2423317 0 	451.137 	3 	243
29373100000000 29373200000152 	24800062192 73161001635 2472965 	24797589227 2472965 0 0 0 	74119761 2472965 0 	451.519 	3 	243
29398700000000 29398800000152 	25000062496 73752334376 2522411 	24997540085 2522411 0 0 0 	75591882 2522411 0 	451.895 	3 	243
29424300000000 29424400000152 	25200062800 74343730890 2571477 	25197491323 2571477 0 0 0 	77080286 2571477 0 	452.266 	3 	243
29449900000000 29450000000152 	25400063104 74935062230 2620238 	25397442866 2620238 0 0 0 	78542050 2620238 0 	452.632 	3 	243
29475500000000 29475600000152 	25600063408 75526428240 2668636 	25597394772 2668636 0 0 0 	79991451 2668636 0 	452.993 	3 	243
29501100000000 29501200000152 	25800063712 76117750454 2716898 	25797346814 2716898 0 0 0 	81438584 2716898 0 	453.348 	3 	243
29526700000000 29526800000152 	26000064016 76709157746 2764705 	25997299311 2764705 0 0 0 	82875783 2764705 0 	453.699 	3 	243
29552300000000 29552400000000 	26200064016 77300564934 2812278 	26197251738 2812278 0 0 0 	84302538 2812278 0 	454.02 	3 	243
29577900000000 29578000000000 	26400064016 77891961040 2858842 	26397205174 2858842 0 0 0 	85705628 2858842 0 	454.337 	3 	243
29603500000000 29603600000000 	26600064016 78483409503 2905650 	26597158366 2905650 0 0 0 	87101703 2905650 0 	454.649 	3 	243
29629100000000 29629200000000 	26800064016 79074885809 2951785 	26797112231 2951785 0 0 0 	88489049 2951785 0 	454.957 	3 	243
29654700000000 29654800000000 	27000064016 79666287527 2997442 	26997066574 2997442 0 0 0 	89859556 2997442 0 	455.26 	3 	243
29680300000000 29680400000000 	27200064016 80257768625 3042801 	27197021215 3042801 0 0 0 	91221128 3042801 0 	455.56 	3 	243
29705900000000 29706000000000 	27400064016 80849311264 3087953 	27396976063 3087953 0 0 0 	92567018 3087953 0 	455.856 	3 	243
29731500000000 29731600000000 	27600064016 81440791918 3132770 	27596931246 3132770 0 0 0 	93914492 3132770 0 	456.148 	3 	243
29757100000000 29757200000000 	27800064016 82032256594 3177542 	27796886474 3177542 0 0 0 	95262092 3177542 0 	456.436 	3 	243
29782700000000 29782800000048 	28000064112 82623808174 3221672 	27996842440 3221672 0 0 0 	96579516 3221672 0 	456.696 	3 	243
29808300000000 29808400000048 	28200064208 83215327649 3265502 	28196798706 3265502 0 0 0 	97890353 3265502 0 	456.953 	3 	243
29833900000000 29834000000048 	28400064304 83806905390 3308974 	28396755330 3308974 0 0 0 	99200516 3308974 0 	457.206 	3 	243
29859500000000 29859600000048 	28600064400 84398436646 3352451 	28596711949 3352451 0 0 0 	100502817 3352451 0 	457.456 	3 	243
29885100000000 29885200000048 	28800064496 84990030933 3396167 	28796668329 3396167 0 0 0 	101809272 3396167 0 	457.703 	3 	243
29910700000000 29910800000048 	29000064592 85581612973 3439086 	28996625506 3439086 0 0 0 	103099244 3439086 0 	457.947 	3 	243
29936300000000 29936400000048 	29200064688 86173216106 3481671 	29196583017 3481671 0 0 0 	104378948 3481671 0 	458.188 	3 	243
29961900000000 29962000000048 	29400064784 86764796777 3523790 	29396540994 3523790 0 0 0 	105637777 3523790 0 	458.426 	3 	243
29987500000000 29987600000048 	29600064880 87356382304 3565646 	29596499234 3565646 0 0 0 	106902685 3565646 0 	458.661 	3 	243
