26225000000000 26225100000365 	200000730 588999712 26239 	199974491 26239 0 0 0 	786212 26239 0 	471 	3 	250
26250600000000 26250700000365 	400001460 1177996102 52197 	399949263 52197 0 0 0 	1559311 52197 0 	471 	3 	250
26276200000000 26276300000365 	600002190 1766962845 78143 	599924047 78143 0 0 0 	2330757 78143 0 	471 	3 	250
26301800000000 26301900000365 	800002920 2355945825 103626 	799899294 103626 0 0 0 	3083379 103626 0 	471 	3 	250
26327400000000 26327500000365 	1000003650 2945012843 128816 	999874834 128816 0 0 0 	3827609 128816 0 	471 	3 	250
26353000000000 26353100000368 	1200004386 3534067914 153815 	1199850571 153815 0 0 0 	4575959 153815 0 	470.497 	3 	250
26378600000000 26378700000368 	1400005122 4123171175 178704 	1399826418 178704 0 0 0 	5321104 178704 0 	470.139 	3 	250
26404200000000 26404300000368 	1600005858 4712215762 203515 	1599802343 203515 0 0 0 	6064106 203515 0 	469.871 	3 	250
26429800000000 26429900000368 	1800006594 5301306712 227878 	1799778716 227878 0 0 0 	6794238 227878 0 	469.662 	3 	250
26455400000000 26455500000368 	2000007330 5890389604 251910 	1999755420 251910 0 0 0 	7510663 251910 0 	469.495 	3 	250
26481000000000 26481100000368 	2200008066 6479513669 275934 	2199732132 275934 0 0 0 	8230550 275934 0 	469.359 	3 	250
26506600000000 26506700000368 	2400008802 7068664171 299954 	2399708848 299954 0 0 0 	8945069 299954 0 	469.245 	3 	250
26532200000000 26532300000352 	2600009506 7657792675 323584 	2599685922 323584 0 0 0 	9650937 323584 0 	468.838 	3 	250
26557800000000 26557900000352 	2800010210 8246986398 346765 	2799663445 346765 0 0 0 	10338811 346765 0 	468.489 	3 	250
26583400000000 26583500000352 	3000010914 8836181906 370252 	2999640662 370252 0 0 0 	11042221 370252 0 	468.187 	3 	250
26609000000000 26609100000352 	3200011618 9425398789 393278 	3199618340 393278 0 0 0 	11726095 393278 0 	467.923 	3 	250
26634600000000 26634700000352 	3400012322 10014641619 416030 	3399596292 416030 0 0 0 	12397897 416030 0 	467.69 	3 	250
26660200000000 26660300000352 	3600013026 10603947291 438713 	3599574313 438713 0 0 0 	13082263 438713 0 	467.484 	3 	250
26685800000000 26685900000352 	3800013730 11193222706 461409 	3799552321 461409 0 0 0 	13759823 461409 0 	467.299 	3 	250
26711400000000 26711500000120 	4000013970 11782516381 483583 	3999530387 483583 0 0 0 	14423262 483583 0 	466.98 	3 	250
26737000000000 26737100000120 	4200014210 12371809919 505469 	4199508741 505469 0 0 0 	15075964 505469 0 	466.692 	3 	250
26762600000000 26762700000120 	4400014450 12961175155 527342 	4399487108 527342 0 0 0 	15727575 527342 0 	466.43 	3 	250
26788200000000 26788300000120 	4600014690 13550531276 548996 	4599465694 548996 0 0 0 	16365411 548996 0 	466.191 	3 	250
26813800000000 26813900000120 	4800014930 14139873879 570411 	4799444519 570411 0 0 0 	17007468 570411 0 	465.973 	3 	250
26839400000000 26839500000120 	5000015170 14729219537 591857 	4999423313 591857 0 0 0 	17644591 591857 0 	465.772 	3 	250
26865000000000 26865100000120 	5200015410 15318668260 613138 	5199402272 613138 0 0 0 	18289956 613138 0 	465.586 	3 	250
26890600000000 26890700000120 	5400015650 15908088006 633894 	5399381756 633894 0 0 0 	18914181 633894 0 	465.415 	3 	250
26916200000000 26916300000178 	5600016006 16497479131 654782 	5599361224 654782 0 0 0 	19541355 654782 0 	465.146 	3 	250
26941800000000 26941900000178 	5800016362 17086877989 675591 	5799340771 675591 0 0 0 	20158853 675591 0 	464.896 	3 	250
26967400000000 26967500000178 	6000016718 17676281100 696306 	5999320412 696306 0 0 0 	20780113 696306 0 	464.663 	3 	250
26993000000000 26993100000178 	6200017074 18265742193 716616 	6199300458 716616 0 0 0 	21391641 716616 0 	464.445 	3 	250
27018600000000 27018700000178 	6400017430 18855234141 736753 	6399280677 736753 0 0 0 	21989893 736753 0 	464.24 	3 	250
27044200000000 27044300000178 	6600017786 19444686852 756558 	6599261228 756558 0 0 0 	22585273 756558 0 	464.049 	3 	250
27069800000000 27069900000178 	6800018142 20034212033 776314 	6799241828 776314 0 0 0 	23178296 776314 0 	463.869 	3 	250
27095400000000 27095500000355 	7000018852 20623765436 795909 	6999222943 795909 0 0 0 	23765998 795909 0 	463.611 	3 	250
27121000000000 27121100000355 	7200019562 21213306306 815383 	7199204179 815383 0 0 0 	24344423 815383 0 	463.367 	3 	250
27146600000000 27146700000355 	7400020272 21802804513 834775 	7399185497 834775 0 0 0 	24918707 834775 0 	463.137 	3 	250
27172200000000 27172300000355 	7600020982 22392376232 854029 	7599166953 854029 0 0 0 	25492287 854029 0 	462.919 	3 	250
27197800000000 27197900000355 	7800021692 22981971712 873055 	7799148637 873055 0 0 0 	26062552 873055 0 	462.712 	3 	250
27223400000000 27223500000355 	8000022402 23571522537 892074 	7999130328 892074 0 0 0 	26630261 892074 0 	462.516 	3 	250
27249000000000 27249100000355 	8200023112 24161124567 910743 	8199112369 910743 0 0 0 	27192409 910743 0 	462.33 	3 	250
27274600000000 27274700000230 	8400023572 24750717990 929218 	8399094354 929218 0 0 0 	27745508 929218 0 	462.054 	3 	250
27300200000000 27300300000230 	8600024032 25340319032 947734 	8599076298 947734 0 0 0 	28292660 947734 0 	461.791 	3 	250
27325800000000 27325900000230 	8800024492 25929976030 965947 	8799058545 965947 0 0 0 	28843289 965947 0 	461.54 	3 	250
27351400000000 27351500000230 	9000024952 26519669451 983907 	8999041045 983907 0 0 0 	29380166 983907 0 	461.3 	3 	250
27377000000000 27377100000230 	9200025412 27109387579 1001401 	9199024011 1001401 0 0 0 	29906250 1001401 0 	461.071 	3 	250
27402600000000 27402700000230 	9400025872 27699143721 1019011 	9399006861 1019011 0 0 0 	30429315 1019011 0 	460.852 	3 	250
27428200000000 27428300000230 	9600026332 28288874930 1036414 	9598989918 1036414 0 0 0 	30951067 1036414 0 	460.642 	3 	250
27453800000000 27453900000230 	9800026792 28878578522 1053842 	9798972950 1053842 0 0 0 	31471962 1053842 0 	460.442 	3 	250
27479400000000 27479500000320 	10000027432 29468391832 1070877 	9998956555 1070877 0 0 0 	31978797 1070877 0 	460.186 	3 	250
27505000000000 27505100000320 	10200028072 30058175638 1087963 	10198940109 1087963 0 0 0 	32489217 1087963 0 	459.941 	3 	250
27530600000000 27530700000320 	10400028712 30647931795 1104815 	10398923897 1104815 0 0 0 	32992374 1104815 0 	459.705 	3 	250
27556200000000 27556300000320 	10600029352 31237753534 1121625 	10598907727 1121625 0 0 0 	33494815 1121625 0 	459.479 	3 	250
27581800000000 27581900000320 	10800029992 31827638742 1138447 	10798891545 1138447 0 0 0 	33992968 1138447 0 	459.261 	3 	250
27607400000000 27607500000320 	11000030632 32417509998 1154805 	10998875827 1154805 0 0 0 	34479105 1154805 0 	459.051 	3 	250
27633000000000 27633100000320 	11200031272 33007385878 1171263 	11198860009 1171263 0 0 0 	34968341 1171263 0 	458.849 	3 	250
27658600000000 27658700000400 	11400032072 33597220719 1187426 	11398844646 1187426 0 0 0 	35448703 1187426 0 	458.598 	3 	250
27684200000000 27684300000400 	11600032872 34187171529 1203558 	11598829314 1203558 0 0 0 	35935096 1203558 0 	458.357 	3 	250
27709800000000 27709900000400 	11800033672 34777076968 1219614 	11798814058 1219614 0 0 0 	36417946 1219614 0 	458.124 	3 	250
27735400000000 27735500000400 	12000034472 35366991472 1235497 	11998798975 1235497 0 0 0 	36896075 1235497 0 	457.899 	3 	250
27761000000000 27761100000400 	12200035272 35956940098 1251239 	12198784033 1251239 0 0 0 	37366870 1251239 0 	457.681 	3 	250
27786600000000 27786700000400 	12400036072 36546970436 1266729 	12398769343 1266729 0 0 0 	37828580 1266729 0 	457.471 	3 	250
27812200000000 27812300000400 	12600036872 37136965234 1281979 	12598754893 1281979 0 0 0 	38280326 1281979 0 	457.268 	3 	250
27837800000000 27837900000400 	12800037672 37726917546 1297106 	12798740566 1297106 0 0 0 	38735285 1297106 0 	457.071 	3 	250
27863400000000 27863500000290 	13000038252 38316988018 1312267 	12998725985 1312267 0 0 0 	39190602 1312267 0 	456.831 	3 	250
27889000000000 27889100000290 	13200038832 38907019515 1327157 	13198711675 1327157 0 0 0 	39637113 1327157 0 	456.599 	3 	250
27914600000000 27914700000290 	13400039412 39497068576 1342011 	13398697401 1342011 0 0 0 	40085215 1342011 0 	456.374 	3 	250
27940200000000 27940300000290 	13600039992 40087145484 1356957 	13598683035 1356957 0 0 0 	40530390 1356957 0 	456.156 	3 	250
27965800000000 27965900000290 	13800040572 40677243713 1371747 	13798668825 1371747 0 0 0 	40976094 1371747 0 	455.944 	3 	250
27991400000000 27991500000290 	14000041152 41267323896 1386148 	13998655004 1386148 0 0 0 	41405481 1386148 0 	455.739 	3 	250
28017000000000 28017100000290 	14200041732 41857452367 1400434 	14198641298 1400434 0 0 0 	41832883 1400434 0 	455.539 	3 	250
28042600000000 28042700000249 	14400042230 42447561777 1414975 	14398627255 1414975 0 0 0 	42271157 1414975 0 	455.301 	3 	250
28068200000000 28068300000249 	14600042728 43037696274 1429065 	14598613663 1429065 0 0 0 	42693367 1429065 0 	455.07 	3 	250
28093800000000 28093900000249 	14800043226 43627875342 1442753 	14798600473 1442753 0 0 0 	43108439 1442753 0 	454.845 	3 	250
28119400000000 28119500000249 	15000043724 44218037730 1456644 	14998587080 1456644 0 0 0 	43519432 1456644 0 	454.626 	3 	250
28145000000000 28145100000249 	15200044222 44808243091 1470277 	15198573945 1470277 0 0 0 	43924194 1470277 0 	454.413 	3 	250
28170600000000 28170700000249 	15400044720 45398482028 1484108 	15398560612 1484108 0 0 0 	44339170 1484108 0 	454.206 	3 	250
28196200000000 28196300000249 	15600045218 45988745480 1497769 	15598547449 1497769 0 0 0 	44745384 1497769 0 	454.004 	3 	250
28221800000000 28221900000088 	15800045394 46578989252 1511300 	15798534094 1511300 0 0 0 	45149219 1511300 0 	453.767 	3 	250
28247400000000 28247500000088 	16000045570 47169240942 1524621 	15998520949 1524621 0 0 0 	45552300 1524621 0 	453.536 	3 	250
28273000000000 28273100000088 	16200045746 47759565000 1537731 	16198508015 1537731 0 0 0 	45946516 1537731 0 	453.311 	3 	250
28298600000000 28298700000088 	16400045922 48349929749 1550978 	16398494944 1550978 0 0 0 	46344121 1550978 0 	453.092 	3 	250
28324200000000 28324300000088 	16600046098 48940223909 1564017 	16598482081 1564017 0 0 0 	46729499 1564017 0 	452.878 	3 	250
28349800000000 28349900000088 	16800046274 49530535400 1576687 	16798469587 1576687 0 0 0 	47104672 1576687 0 	452.669 	3 	250
28375400000000 28375500000088 	17000046450 50120919524 1589562 	16998456888 1589562 0 0 0 	47489019 1589562 0 	452.466 	3 	250
28401000000000 28401100000088 	17200046626 50711291685 1602164 	17198444462 1602164 0 0 0 	47866970 1602164 0 	452.267 	3 	250
28426600000000 28426700000110 	17400046846 51301686602 1614796 	17398432050 1614796 0 0 0 	48243464 1614796 0 	452.048 	3 	250
28452200000000 28452300000110 	17600047066 51892095240 1627163 	17598419903 1627163 0 0 0 	48613798 1627163 0 	451.835 	3 	250
28477800000000 28477900000110 	17800047286 52482541563 1639325 	17798407961 1639325 0 0 0 	48976604 1639325 0 	451.626 	3 	250
28503400000000 28503500000110 	18000047506 53072916135 1651551 	17998395955 1651551 0 0 0 	49344641 1651551 0 	451.423 	3 	250
28529000000000 28529100000110 	18200047726 53663377218 1663718 	18198384008 1663718 0 0 0 	49713839 1663718 0 	451.223 	3 	250
28554600000000 28554700000110 	18400047946 54253843187 1675739 	18398372207 1675739 0 0 0 	50081885 1675739 0 	451.029 	3 	250
28580200000000 28580300000110 	18600048166 54844366210 1687683 	18598360483 1687683 0 0 0 	50439247 1687683 0 	450.839 	3 	250
28605800000000 28605900000189 	18800048544 55434844662 1699561 	18798348983 1699561 0 0 0 	50795400 1699561 0 	450.618 	3 	250
28631400000000 28631500000189 	19000048922 56025340046 1711205 	18998337717 1711205 0 0 0 	51140915 1711205 0 	450.402 	3 	250
28657000000000 28657100000189 	19200049300 56615932473 1722912 	19198326388 1722912 0 0 0 	51490043 1722912 0 	450.191 	3 	250
28682600000000 28682700000189 	19400049678 57206543635 1734221 	19398315457 1734221 0 0 0 	51828135 1734221 0 	449.985 	3 	250
28708200000000 28708300000189 	19600050056 57797122703 1745572 	19598304484 1745572 0 0 0 	52167257 1745572 0 	449.782 	3 	250
28733800000000 28733900000189 	19800050434 58387660682 1756917 	19798293517 1756917 0 0 0 	52504771 1756917 0 	449.585 	3 	250
28759400000000 28759500000189 	20000050812 58978244737 1768104 	19998282708 1768104 0 0 0 	52840397 1768104 0 	449.391 	3 	250
28785000000000 28785100000189 	20200051190 59568867082 1779278 	20198271912 1779278 0 0 0 	53177028 1779278 0 	449.201 	3 	250
28810600000000 28810700000060 	20400051310 60159437947 1790400 	20398260910 1790400 0 0 0 	53509509 1790400 0 	448.983 	3 	250
28836200000000 28836300000060 	20600051430 60750072768 1801189 	20598250241 1801189 0 0 0 	53836262 1801189 0 	448.769 	3 	250
28861800000000 28861900000060 	20800051550 61340694661 1812072 	20798239478 1812072 0 0 0 	54163745 1812072 0 	448.56 	3 	250
28887400000000 28887500000060 	21000051670 61931392835 1822850 	20998228820 1822850 0 0 0 	54490057 1822850 0 	448.355 	3 	250
28913000000000 28913100000060 	21200051790 62522042371 1833543 	21198218247 1833543 0 0 0 	54813112 1833543 0 	448.154 	3 	250
28938600000000 28938700000060 	21400051910 63112747763 1844104 	21398207806 1844104 0 0 0 	55128587 1844104 0 	447.957 	3 	250
28964200000000 28964300000060 	21600052030 63703414504 1854589 	21598197441 1854589 0 0 0 	55445502 1854589 0 	447.763 	3 	250
28989800000000 28989900000375 	21800052780 64294121771 1864950 	21798187830 1864950 0 0 0 	55755670 1864950 0 	447.543 	3 	250
29015400000000 29015500000375 	22000053530 64884927990 1875107 	21998178423 1875107 0 0 0 	56058077 1875107 0 	447.328 	3 	250
29041000000000 29041100000375 	22200054280 65475762320 1885390 	22198168890 1885390 0 0 0 	56363816 1885390 0 	447.116 	3 	250
29066600000000 29066700000375 	22400055030 66066506033 1895486 	22398159544 1895486 0 0 0 	56666700 1895486 0 	446.908 	3 	250
29092200000000 29092300000375 	22600055780 66657328139 1905625 	22598150155 1905625 0 0 0 	56968893 1905625 0 	446.705 	3 	250
29117800000000 29117900000308 	22800056396 67248468748 1958747 	22798097649 1958747 0 0 0 	58573533 1958747 0 	447.178 	3 	250
29143400000000 29143500000308 	23000057012 67839637104 2011363 	22998045649 2011363 0 0 0 	60156844 2011363 0 	447.644 	3 	250
29169000000000 29169100000308 	23200057628 68430865185 2064460 	23197993168 2064460 0 0 0 	61750213 2064460 0 	448.103 	3 	250
29194600000000 29194700000308 	23400058244 69022056274 2116786 	23397941458 2116786 0 0 0 	63318885 2116786 0 	448.555 	3 	250
29220200000000 29220300000308 	23600058860 69613348985 2168705 	23597890155 2168705 0 0 0 	64872592 2168705 0 	449 	3 	250
29245800000000 29245900000308 	23800059476 70204583924 2220599 	23797838877 2220599 0 0 0 	66423179 2220599 0 	449.439 	3 	250
29271400000000 29271500000308 	24000060092 70795789740 2271858 	23997788234 2271858 0 0 0 	67954355 2271858 0 	449.871 	3 	250
29297000000000 29297100000308 	24200060708 71387055885 2322766 	24197737942 2322766 0 0 0 	69475748 2322766 0 	450.297 	3 	250
29322600000000 29322700000152 	24400061012 71978330885 2373153 	24397687859 2373153 0 0 0 	70981260 2373153 0 	450.691 	3 	250
29348200000000 29348300000152 	24600061316 72569625506 2423330 	24597637986 2423330 0 0 0 	72486563 2423330 0 	451.079 	3 	250
29373800000000 29373900000152 	24800061620 73160981759 2472768 	24797588852 2472768 0 0 0 	73967950 2472768 0 	451.461 	3 	250
29399400000000 29399500000152 	25000061924 73752393335 2522437 	24997539487 2522437 0 0 0 	75466754 2522437 0 	451.838 	3 	250
29425000000000 29425100000152 	25200062228 74343697491 2571452 	25197490776 2571452 0 0 0 	76941572 2571452 0 	452.209 	3 	250
29450600000000 29450700000152 	25400062532 74935072981 2620509 	25397442023 2620509 0 0 0 	78415203 2620509 0 	452.575 	3 	250
29476200000000 29476300000152 	25600062836 75526459660 2668927 	25597393909 2668927 0 0 0 	79873381 2668927 0 	452.936 	3 	250
29501800000000 29501900000152 	25800063140 76117817346 2716698 	25797346442 2716698 0 0 0 	81317609 2716698 0 	453.292 	3 	250
29527400000000 29527500000152 	26000063444 76709213082 2764392 	25997299052 2764392 0 0 0 	82750384 2764392 0 	453.643 	3 	250
29553000000000 29553100000000 	26200063444 77300618533 2811526 	26197251918 2811526 0 0 0 	84161761 2811526 0 	453.965 	3 	250
29578600000000 29578700000000 	26400063444 77892037626 2858721 	26397204723 2858721 0 0 0 	85590556 2858721 0 	454.282 	3 	250
29604200000000 29604300000000 	26600063444 78483480397 2904761 	26597158683 2904761 0 0 0 	86977937 2904761 0 	454.594 	3 	250
29629800000000 29629900000000 	26800063444 79074883870 2951176 	26797112268 2951176 0 0 0 	88374191 2951176 0 	454.902 	3 	250
29655400000000 29655500000000 	27000063444 79666313605 2997130 	26997066314 2997130 0 0 0 	89746319 2997130 0 	455.206 	3 	250
29681000000000 29681100000000 	27200063444 80257779520 3042798 	27197020646 3042798 0 0 0 	91118303 3042798 0 	455.507 	3 	250
29706600000000 29706700000000 	27400063444 80849313207 3087810 	27396975634 3087810 0 0 0 	92463591 3087810 0 	455.803 	3 	250
29732200000000 29732300000000 	27600063444 81440876285 3132784 	27596930660 3132784 0 0 0 	93808794 3132784 0 	456.095 	3 	250
29757800000000 29757900000000 	27800063444 82032376369 3177450 	27796885994 3177450 0 0 0 	95144785 3177450 0 	456.383 	3 	250
29783400000000 29783500000048 	28000063540 82623886406 3221798 	27996841742 3221798 0 0 0 	96477042 3221798 0 	456.644 	3 	250
29809000000000 29809100000048 	28200063636 83215432609 3265613 	28196798023 3265613 0 0 0 	97800083 3265613 0 	456.901 	3 	250
29834600000000 29834700000048 	28400063732 83806994424 3309254 	28396754478 3309254 0 0 0 	99091363 3309254 0 	457.154 	3 	250
29860200000000 29860300000048 	28600063828 84398560108 3352359 	28596711469 3352359 0 0 0 	100391479 3352359 0 	457.405 	3 	250
29885800000000 29885900000048 	28800063924 84990131757 3395699 	28796668225 3395699 0 0 0 	101698389 3395699 0 	457.652 	3 	250
29911400000000 29911500000048 	29000064020 85581709525 3438631 	28996625389 3438631 0 0 0 	102980245 3438631 0 	457.896 	3 	250
29937000000000 29937100000048 	29200064116 86173354827 3480849 	29196583267 3480849 0 0 0 	104248796 3480849 0 	458.138 	3 	250
29962600000000 29962700000048 	29400064212 86765017720 3523185 	29396541027 3523185 0 0 0 	105517469 3523185 0 	458.376 	3 	250
29988200000000 29988300000048 	29600064308 87356673938 3564836 	29596499472 3564836 0 0 0 	106766184 3564836 0 	458.611 	3 	250
