26225300000000 26225400000365 	200000730 588957207 26367 	199974363 26367 0 0 0 	793491 26367 0 	471 	3 	253
26250900000000 26251000000365 	400001460 1177948035 52549 	399948911 52549 0 0 0 	1575942 52549 0 	471 	3 	253
26276500000000 26276600000365 	600002190 1766984977 78439 	599923751 78439 0 0 0 	2341335 78439 0 	471 	3 	253
26302100000000 26302200000365 	800002920 2355983491 104130 	799898790 104130 0 0 0 	3106573 104130 0 	471 	3 	253
26327700000000 26327800000368 	1000003656 2944930047 129345 	999874311 129345 0 0 0 	3854253 129345 0 	470.397 	3 	253
26353300000000 26353400000368 	1200004392 3534027142 154603 	1199849789 154603 0 0 0 	4603098 154603 0 	469.996 	3 	253
26378900000000 26379000000368 	1400005128 4123114644 179507 	1399825621 179507 0 0 0 	5342025 179507 0 	469.71 	3 	253
26404500000000 26404600000368 	1600005864 4712235895 204293 	1599801571 204293 0 0 0 	6083676 204293 0 	469.495 	3 	253
26430100000000 26430200000368 	1800006600 5301304294 228807 	1799777793 228807 0 0 0 	6811956 228807 0 	469.329 	3 	253
26455700000000 26455800000368 	2000007336 5890423160 253216 	1999754120 253216 0 0 0 	7545256 253216 0 	469.195 	3 	253
26481300000000 26481400000368 	2200008072 6479511780 277153 	2199730919 277153 0 0 0 	8261781 277153 0 	469.086 	3 	253
26506900000000 26507000000368 	2400008808 7068674832 301177 	2399707631 301177 0 0 0 	8978664 301177 0 	468.996 	3 	253
26532500000000 26532600000352 	2600009512 7657829105 324797 	2599684715 324797 0 0 0 	9686638 324797 0 	468.608 	3 	253
26558100000000 26558200000352 	2800010216 8246972813 348347 	2799661869 348347 0 0 0 	10390911 348347 0 	468.275 	3 	253
26583700000000 26583800000352 	3000010920 8836153605 371758 	2999639162 371758 0 0 0 	11099591 371758 0 	467.988 	3 	253
26609300000000 26609400000352 	3200011624 9425356859 394948 	3199616676 394948 0 0 0 	11788073 394948 0 	467.737 	3 	253
26634900000000 26635000000352 	3400012328 10014630857 417976 	3399594352 417976 0 0 0 	12475734 417976 0 	467.515 	3 	253
26660500000000 26660600000352 	3600013032 10603881992 440547 	3599572485 440547 0 0 0 	13150205 440547 0 	467.319 	3 	253
26686100000000 26686200000352 	3800013736 11193156699 463005 	3799550731 463005 0 0 0 	13818580 463005 0 	467.143 	3 	253
26711700000000 26711800000120 	4000013976 11782401965 485431 	3999528545 485431 0 0 0 	14478661 485431 0 	466.832 	3 	253
26737300000000 26737400000120 	4200014216 12371662132 507652 	4199506564 507652 0 0 0 	15136514 507652 0 	466.551 	3 	253
26762900000000 26763000000120 	4400014456 12960959613 529408 	4399485048 529408 0 0 0 	15784738 529408 0 	466.295 	3 	253
26788500000000 26788600000120 	4600014696 13550291256 550995 	4599463701 550995 0 0 0 	16427687 550995 0 	466.063 	3 	253
26814100000000 26814200000120 	4800014936 14139623106 572619 	4799442317 572619 0 0 0 	17081780 572619 0 	465.85 	3 	253
26839700000000 26839800000120 	5000015176 14728980183 593889 	4999421287 593889 0 0 0 	17708215 593889 0 	465.654 	3 	253
26865300000000 26865400000120 	5200015416 15318284479 614605 	5199400811 614605 0 0 0 	18331281 614605 0 	465.473 	3 	253
26890900000000 26891000000120 	5400015656 15907624594 635605 	5399380051 635605 0 0 0 	18960350 635605 0 	465.306 	3 	253
26916500000000 26916600000178 	5600016012 16497069698 656283 	5599359729 656283 0 0 0 	19574815 656283 0 	465.041 	3 	253
26942100000000 26942200000178 	5800016368 17086491339 676692 	5799339676 676692 0 0 0 	20176566 676692 0 	464.794 	3 	253
26967700000000 26967800000178 	6000016724 17675923563 696857 	5999319867 696857 0 0 0 	20776957 696857 0 	464.565 	3 	253
26993300000000 26993400000178 	6200017080 18265385121 716932 	6199300148 716932 0 0 0 	21373222 716932 0 	464.35 	3 	253
27018900000000 27019000000178 	6400017436 18854938260 736899 	6399280537 736899 0 0 0 	21971483 736899 0 	464.149 	3 	253
27044500000000 27044600000178 	6600017792 19444431050 756720 	6599261072 756720 0 0 0 	22569701 756720 0 	463.96 	3 	253
27070100000000 27070200000178 	6800018148 20033925946 776538 	6799241610 776538 0 0 0 	23165576 776538 0 	463.783 	3 	253
27095700000000 27095800000355 	7000018858 20623494272 796221 	6999222637 796221 0 0 0 	23754699 796221 0 	463.527 	3 	253
27121300000000 27121400000355 	7200019568 21213023810 815629 	7199203939 815629 0 0 0 	24331718 815629 0 	463.286 	3 	253
27146900000000 27147000000355 	7400020278 21802532446 834644 	7399185634 834644 0 0 0 	24899649 834644 0 	463.058 	3 	253
27172500000000 27172600000355 	7600020988 22392099438 853660 	7599167328 853660 0 0 0 	25467593 853660 0 	462.842 	3 	253
27198100000000 27198200000355 	7800021698 22981720268 872490 	7799149208 872490 0 0 0 	26032506 872490 0 	462.638 	3 	253
27223700000000 27223800000355 	8000022408 23571393662 891132 	7999131276 891132 0 0 0 	26593537 891132 0 	462.444 	3 	253
27249300000000 27249400000355 	8200023118 24161066810 909749 	8199113369 909749 0 0 0 	27146867 909749 0 	462.259 	3 	253
27274900000000 27275000000230 	8400023578 24750699429 928231 	8399095347 928231 0 0 0 	27699868 928231 0 	461.985 	3 	253
27300500000000 27300600000230 	8600024038 25340346232 946780 	8599077258 946780 0 0 0 	28250486 946780 0 	461.723 	3 	253
27326100000000 27326200000230 	8800024498 25929974940 964780 	8799059718 964780 0 0 0 	28795746 964780 0 	461.474 	3 	253
27351700000000 27351800000230 	9000024958 26519743686 982710 	8999042248 982710 0 0 0 	29327050 982710 0 	461.236 	3 	253
27377300000000 27377400000230 	9200025418 27109469512 1000663 	9199024755 1000663 0 0 0 	29869031 1000663 0 	461.008 	3 	253
27402900000000 27403000000230 	9400025878 27699120288 1018374 	9399007504 1018374 0 0 0 	30402898 1018374 0 	460.791 	3 	253
27428500000000 27428600000230 	9600026338 28288975622 1035942 	9598990396 1035942 0 0 0 	30926185 1035942 0 	460.582 	3 	253
27454100000000 27454200000230 	9800026798 28878787738 1053199 	9798973599 1053199 0 0 0 	31444327 1053199 0 	460.383 	3 	253
27479700000000 27479800000320 	10000027438 29468543203 1070338 	9998957100 1070338 0 0 0 	31958886 1070338 0 	460.128 	3 	253
27505300000000 27505400000320 	10200028078 30058344085 1087491 	10198940587 1087491 0 0 0 	32472162 1087491 0 	459.884 	3 	253
27530900000000 27531000000320 	10400028718 30648235321 1104381 	10398924337 1104381 0 0 0 	32978479 1104381 0 	459.65 	3 	253
27556500000000 27556600000320 	10600029358 31238031650 1121144 	10598908214 1121144 0 0 0 	33479782 1121144 0 	459.424 	3 	253
27582100000000 27582200000320 	10800029998 31827879598 1138006 	10798891992 1138006 0 0 0 	33982570 1138006 0 	459.207 	3 	253
27607700000000 27607800000320 	11000030638 32417703398 1154329 	10998876309 1154329 0 0 0 	34470040 1154329 0 	458.999 	3 	253
27633300000000 27633400000320 	11200031278 33007596118 1170772 	11198860506 1170772 0 0 0 	34965323 1170772 0 	458.798 	3 	253
27658900000000 27659000000400 	11400032078 33597494404 1187203 	11398844875 1187203 0 0 0 	35461089 1187203 0 	458.548 	3 	253
27684500000000 27684600000400 	11600032878 34187366976 1203189 	11598829689 1203189 0 0 0 	35941155 1203189 0 	458.308 	3 	253
27710100000000 27710200000400 	11800033678 34777260270 1219075 	11798814603 1219075 0 0 0 	36411587 1219075 0 	458.075 	3 	253
27735700000000 27735800000400 	12000034478 35367236957 1234793 	11998799685 1234793 0 0 0 	36879544 1234793 0 	457.851 	3 	253
27761300000000 27761400000400 	12200035278 35957267363 1250524 	12198784754 1250524 0 0 0 	37355040 1250524 0 	457.635 	3 	253
27786900000000 27787000000400 	12400036078 36547294932 1266188 	12398769890 1266188 0 0 0 	37822829 1266188 0 	457.425 	3 	253
27812500000000 27812600000400 	12600036878 37137266887 1281725 	12598755153 1281725 0 0 0 	38286212 1281725 0 	457.222 	3 	253
27838100000000 27838200000400 	12800037678 37727245768 1296837 	12798740841 1296837 0 0 0 	38741434 1296837 0 	457.026 	3 	253
27863700000000 27863800000290 	13000038258 38317262650 1312138 	12998726120 1312138 0 0 0 	39201052 1312138 0 	456.787 	3 	253
27889300000000 27889400000290 	13200038838 38907332316 1327119 	13198711719 1327119 0 0 0 	39646569 1327119 0 	456.556 	3 	253
27914900000000 27915000000290 	13400039418 39497401262 1342047 	13398697371 1342047 0 0 0 	40092840 1342047 0 	456.332 	3 	253
27940500000000 27940600000290 	13600039998 40087476566 1356772 	13598683226 1356772 0 0 0 	40533762 1356772 0 	456.114 	3 	253
27966100000000 27966200000290 	13800040578 40677570339 1371417 	13798669161 1371417 0 0 0 	40971536 1371417 0 	455.903 	3 	253
27991700000000 27991800000290 	14000041158 41267678039 1386080 	13998655078 1386080 0 0 0 	41408224 1386080 0 	455.698 	3 	253
28017300000000 28017400000290 	14200041738 41857836920 1400316 	14198641422 1400316 0 0 0 	41832441 1400316 0 	455.5 	3 	253
28042900000000 28043000000249 	14400042236 42447965208 1414862 	14398627374 1414862 0 0 0 	42268648 1414862 0 	455.262 	3 	253
28068500000000 28068600000249 	14600042734 43038060306 1428959 	14598613775 1428959 0 0 0 	42689218 1428959 0 	455.031 	3 	253
28094100000000 28094200000249 	14800043232 43628216999 1442953 	14798600279 1442953 0 0 0 	43112009 1442953 0 	454.807 	3 	253
28119700000000 28119800000249 	15000043730 44218429149 1456845 	14998586885 1456845 0 0 0 	43534425 1456845 0 	454.588 	3 	253
28145300000000 28145400000249 	15200044228 44808638076 1470647 	15198573581 1470647 0 0 0 	43943182 1470647 0 	454.376 	3 	253
28170900000000 28171000000249 	15400044726 45398806396 1484276 	15398560450 1484276 0 0 0 	44353297 1484276 0 	454.169 	3 	253
28196500000000 28196600000249 	15600045224 45989082493 1498018 	15598547206 1498018 0 0 0 	44767209 1498018 0 	453.968 	3 	253
28222100000000 28222200000088 	15800045400 46579352957 1511283 	15798534117 1511283 0 0 0 	45162552 1511283 0 	453.732 	3 	253
28247700000000 28247800000088 	16000045576 47169608576 1524695 	15998520881 1524695 0 0 0 	45565020 1524695 0 	453.501 	3 	253
28273300000000 28273400000088 	16200045752 47759936734 1537566 	16198508186 1537566 0 0 0 	45957129 1537566 0 	453.276 	3 	253
28298900000000 28299000000088 	16400045928 48350234931 1550659 	16398495269 1550659 0 0 0 	46353871 1550659 0 	453.058 	3 	253
28324500000000 28324600000088 	16600046104 48940562302 1563447 	16598482657 1563447 0 0 0 	46737519 1563447 0 	452.844 	3 	253
28350100000000 28350200000088 	16800046280 49530920294 1576286 	16798469994 1576286 0 0 0 	47121663 1576286 0 	452.636 	3 	253
28375700000000 28375800000088 	17000046456 50121277061 1588996 	16998457460 1588996 0 0 0 	47508273 1588996 0 	452.433 	3 	253
28401300000000 28401400000088 	17200046632 50711615914 1601438 	17198445194 1601438 0 0 0 	47881242 1601438 0 	452.235 	3 	253
28426900000000 28427000000110 	17400046852 51301994369 1613952 	17398432900 1613952 0 0 0 	48254275 1613952 0 	452.016 	3 	253
28452500000000 28452600000110 	17600047072 51892396494 1626434 	17598420638 1626434 0 0 0 	48627640 1626434 0 	451.803 	3 	253
28478100000000 28478200000110 	17800047292 52482841063 1638667 	17798408625 1638667 0 0 0 	48989822 1638667 0 	451.595 	3 	253
28503700000000 28503800000110 	18000047512 53073286654 1650734 	17998396778 1650734 0 0 0 	49353616 1650734 0 	451.392 	3 	253
28529300000000 28529400000110 	18200047732 53663773629 1662758 	18198384974 1662758 0 0 0 	49711756 1662758 0 	451.193 	3 	253
28554900000000 28555000000110 	18400047952 54254183876 1674700 	18398373252 1674700 0 0 0 	50072539 1674700 0 	450.999 	3 	253
28580500000000 28580600000110 	18600048172 54844690324 1686734 	18598361438 1686734 0 0 0 	50430749 1686734 0 	450.809 	3 	253
28606100000000 28606200000189 	18800048550 55435154988 1698581 	18798349969 1698581 0 0 0 	50788679 1698581 0 	450.589 	3 	253
28631700000000 28631800000189 	19000048928 56025617254 1710212 	18998338716 1710212 0 0 0 	51133930 1710212 0 	450.373 	3 	253
28657300000000 28657400000189 	19200049306 56616134790 1721955 	19198327351 1721955 0 0 0 	51490143 1721955 0 	450.162 	3 	253
28682900000000 28683000000189 	19400049684 57206713815 1733591 	19398316093 1733591 0 0 0 	51842924 1733591 0 	449.956 	3 	253
28708500000000 28708600000189 	19600050062 57797265674 1744958 	19598305104 1744958 0 0 0 	52185409 1744958 0 	449.754 	3 	253
28734100000000 28734200000189 	19800050440 58387844356 1756322 	19798294118 1756322 0 0 0 	52522073 1756322 0 	449.557 	3 	253
28759700000000 28759800000189 	20000050818 58978501617 1767462 	19998283356 1767462 0 0 0 	52849089 1767462 0 	449.363 	3 	253
28785300000000 28785400000189 	20200051196 59569107481 1778528 	20198272668 1778528 0 0 0 	53188462 1778528 0 	449.174 	3 	253
28810900000000 28811000000060 	20400051316 60159710425 1789255 	20398262061 1789255 0 0 0 	53505351 1789255 0 	448.956 	3 	253
28836500000000 28836600000060 	20600051436 60750358945 1800335 	20598251101 1800335 0 0 0 	53831122 1800335 0 	448.743 	3 	253
28862100000000 28862200000060 	20800051556 61341096878 1811202 	20798240354 1811202 0 0 0 	54154904 1811202 0 	448.534 	3 	253
28887700000000 28887800000060 	21000051676 61931807759 1821957 	20998229719 1821957 0 0 0 	54476272 1821957 0 	448.329 	3 	253
28913300000000 28913400000060 	21200051796 62522551291 1832640 	21198219156 1832640 0 0 0 	54795006 1832640 0 	448.128 	3 	253
28938900000000 28939000000060 	21400051916 63113237858 1843251 	21398208665 1843251 0 0 0 	55111098 1843251 0 	447.931 	3 	253
28964500000000 28964600000060 	21600052036 63703975523 1853867 	21598198169 1853867 0 0 0 	55434293 1853867 0 	447.738 	3 	253
28990100000000 28990200000375 	21800052786 64294762412 1864287 	21798188499 1864287 0 0 0 	55743150 1864287 0 	447.518 	3 	253
29015700000000 29015800000375 	22000053536 64885507644 1874521 	21998179015 1874521 0 0 0 	56048267 1874521 0 	447.303 	3 	253
29041300000000 29041400000375 	22200054286 65476389730 1884861 	22198169425 1884861 0 0 0 	56361441 1884861 0 	447.092 	3 	253
29066900000000 29067000000375 	22400055036 66067204773 1894962 	22398160074 1894962 0 0 0 	56662092 1894962 0 	446.884 	3 	253
29092500000000 29092600000375 	22600055786 66657987022 1905001 	22598150785 1905001 0 0 0 	56965369 1905001 0 	446.681 	3 	253
29118100000000 29118200000308 	22800056402 67249145350 1958438 	22798097964 1958438 0 0 0 	58566528 1958438 0 	447.154 	3 	253
29143700000000 29143800000308 	23000057018 67840296846 2011525 	22998045493 2011525 0 0 0 	60162928 2011525 0 	447.62 	3 	253
29169300000000 29169400000308 	23200057634 68431525581 2064573 	23197993061 2064573 0 0 0 	61753384 2064573 0 	448.079 	3 	253
29194900000000 29195000000308 	23400058250 69022765665 2116787 	23397941463 2116787 0 0 0 	63329155 2116787 0 	448.532 	3 	253
29220500000000 29220600000308 	23600058866 69614030039 2168930 	23597889936 2168930 0 0 0 	64896059 2168930 0 	448.977 	3 	253
29246100000000 29246200000308 	23800059482 70205331612 2220904 	23797838578 2220904 0 0 0 	66456658 2220904 0 	449.416 	3 	253
29271700000000 29271800000308 	24000060098 70796584163 2271922 	23997788176 2271922 0 0 0 	67988790 2271922 0 	449.848 	3 	253
29297300000000 29297400000308 	24200060714 71387857333 2322827 	24197737887 2322827 0 0 0 	69519070 2322827 0 	450.274 	3 	253
29322900000000 29323000000152 	24400061018 71979167934 2373210 	24397687808 2373210 0 0 0 	71015341 2373210 0 	450.668 	3 	253
29348500000000 29348600000152 	24600061322 72570492669 2423718 	24597637604 2423718 0 0 0 	72531919 2423718 0 	451.056 	3 	253
29374100000000 29374200000152 	24800061626 73161807520 2473008 	24797588618 2473008 0 0 0 	74005837 2473008 0 	451.438 	3 	253
29399700000000 29399800000152 	25000061930 73753136880 2522505 	24997539425 2522505 0 0 0 	75496896 2522505 0 	451.815 	3 	253
29425300000000 29425400000152 	25200062234 74344459103 2571486 	25197490748 2571486 0 0 0 	76961049 2571486 0 	452.187 	3 	253
29450900000000 29451000000152 	25400062538 74935816595 2620385 	25397442153 2620385 0 0 0 	78438970 2620385 0 	452.553 	3 	253
29476500000000 29476600000152 	25600062842 75527142846 2668865 	25597393977 2668865 0 0 0 	79896651 2668865 0 	452.914 	3 	253
29502100000000 29502200000152 	25800063146 76118523379 2716755 	25797346391 2716755 0 0 0 	81328949 2716755 0 	453.271 	3 	253
29527700000000 29527800000152 	26000063450 76709965514 2764552 	25997298898 2764552 0 0 0 	82757680 2764552 0 	453.622 	3 	253
29553300000000 29553400000000 	26200063450 77301391793 2812026 	26197251424 2812026 0 0 0 	84187373 2812026 0 	453.943 	3 	253
29578900000000 29579000000000 	26400063450 77892829071 2859195 	26397204255 2859195 0 0 0 	85602935 2859195 0 	454.26 	3 	253
29604500000000 29604600000000 	26600063450 78484224839 2905435 	26597158015 2905435 0 0 0 	86991686 2905435 0 	454.573 	3 	253
29630100000000 29630200000000 	26800063450 79075730701 2951644 	26797111806 2951644 0 0 0 	88388615 2951644 0 	454.881 	3 	253
29655700000000 29655800000000 	27000063450 79667199137 2998275 	26997065175 2998275 0 0 0 	89782014 2998275 0 	455.186 	3 	253
29681300000000 29681400000000 	27200063450 80258685876 3043797 	27197019653 3043797 0 0 0 	91158434 3043797 0 	455.486 	3 	253
29706900000000 29707000000000 	27400063450 80850169583 3089488 	27396973962 3089488 0 0 0 	92513893 3089488 0 	455.782 	3 	253
29732500000000 29732600000000 	27600063450 81441677141 3134675 	27596928775 3134675 0 0 0 	93853244 3134675 0 	456.074 	3 	253
29758100000000 29758200000000 	27800063450 82033191699 3179392 	27796884058 3179392 0 0 0 	95193762 3179392 0 	456.363 	3 	253
29783700000000 29783800000048 	28000063546 82624706505 3223525 	27996840021 3223525 0 0 0 	96517746 3223525 0 	456.623 	3 	253
29809300000000 29809400000048 	28200063642 83216188901 3267347 	28196796295 3267347 0 0 0 	97829231 3267347 0 	456.881 	3 	253
29834900000000 29835000000048 	28400063738 83807745984 3310900 	28396752838 3310900 0 0 0 	99136746 3310900 0 	457.134 	3 	253
29860500000000 29860600000048 	28600063834 84399342795 3354517 	28596709317 3354517 0 0 0 	100433094 3354517 0 	457.385 	3 	253
29886100000000 29886200000048 	28800063930 84990885250 3397467 	28796666463 3397467 0 0 0 	101715686 3397467 0 	457.633 	3 	253
29911700000000 29911800000048 	29000064026 85582420957 3439941 	28996624085 3439941 0 0 0 	102990159 3439941 0 	457.877 	3 	253
29937300000000 29937400000048 	29200064122 86174032139 3482387 	29196581735 3482387 0 0 0 	104263859 3482387 0 	458.118 	3 	253
29962900000000 29963000000048 	29400064218 86765701398 3524747 	29396539471 3524747 0 0 0 	105542177 3524747 0 	458.356 	3 	253
29988500000000 29988600000048 	29600064314 87357351002 3566624 	29596497690 3566624 0 0 0 	106791484 3566624 0 	458.591 	3 	253
