23800000000000 23800100000044 	200000088 586966051 7389 	199992699 7389 0 0 0 	221197 7389 0 	414 	3 	0
23825600000000 23825700000044 	400000176 1174004770 14686 	399985490 14686 0 0 0 	435266 14686 0 	414 	3 	0
23851200000000 23851300000044 	600000264 1761001511 22001 	599978263 22001 0 0 0 	649702 22001 0 	414 	3 	0
23876800000000 23876900000044 	800000352 2348026907 29337 	799971015 29337 0 0 0 	867525 29337 0 	414 	3 	0
23902400000000 23902500000044 	1000000440 2935098687 36391 	999964049 36391 0 0 0 	1077488 36391 0 	414 	3 	0
23928000000000 23928100000044 	1200000528 3522183707 43517 	1199957011 43517 0 0 0 	1286581 43517 0 	414 	3 	0
23953600000000 23953700000228 	1400000984 4109193076 50464 	1399950520 50464 0 0 0 	1495502 50464 0 	413.713 	3 	0
23979200000000 23979300000228 	1600001440 4696326103 57485 	1599943955 57485 0 0 0 	1708794 57485 0 	413.498 	3 	0
24004800000000 24004900000228 	1800001896 5283433390 64477 	1799937419 64477 0 0 0 	1918152 64477 0 	413.331 	3 	0
24030400000000 24030500000228 	2000002352 5870625160 71216 	1999931136 71216 0 0 0 	2120395 71216 0 	413.198 	3 	0
24056000000000 24056100000228 	2200002808 6457774468 77801 	2199925007 77801 0 0 0 	2312056 77801 0 	413.089 	3 	0
24081600000000 24081700000228 	2400003264 7044984400 84496 	2399918768 84496 0 0 0 	2510941 84496 0 	412.998 	3 	0
24107200000000 24107300000091 	2600003446 7632177326 91014 	2599912432 91014 0 0 0 	2708850 91014 0 	412.687 	3 	0
24132800000000 24132900000091 	2800003628 8219334208 97426 	2799906202 97426 0 0 0 	2894946 97426 0 	412.422 	3 	0
24158400000000 24158500000091 	3000003810 8806510101 103903 	2999899907 103903 0 0 0 	3086741 103903 0 	412.192 	3 	0
24184000000000 24184100000091 	3200003992 9393722764 110298 	3199893694 110298 0 0 0 	3277246 110298 0 	411.991 	3 	0
24209600000000 24209700000091 	3400004174 9981023957 116528 	3399887646 116528 0 0 0 	3464472 116528 0 	411.814 	3 	0
24235200000000 24235300000091 	3600004356 10568304308 122691 	3599881665 122691 0 0 0 	3651214 122691 0 	411.656 	3 	0
24260800000000 24260900000308 	3800004972 11156018096 173476 	3799831496 173476 0 0 0 	5167149 173476 0 	415.807 	3 	0
24286400000000 24286500000308 	4000005588 11743696073 223804 	3999781784 223804 0 0 0 	6668704 223804 0 	419.615 	3 	0
24312000000000 24312100000308 	4200006204 12331421161 273422 	4199732782 273422 0 0 0 	8135666 273422 0 	423.12 	3 	0
24337600000000 24337700000308 	4400006820 12919122596 322770 	4399684050 322770 0 0 0 	9598902 322770 0 	426.358 	3 	0
24363200000000 24363300000308 	4600007436 13506907213 372027 	4599635409 372027 0 0 0 	11052165 372027 0 	429.358 	3 	0
24388800000000 24388900000308 	4800008052 14094650735 420285 	4799587767 420285 0 0 0 	12493728 420285 0 	432.146 	3 	0
24414400000000 24414500000308 	5000008668 14682422859 468651 	4999540017 468651 0 0 0 	13947488 468651 0 	434.742 	3 	0
24440000000000 24440100000152 	5200008972 15270202943 516097 	5199492875 516097 0 0 0 	15364525 516097 0 	437.052 	3 	0
24465600000000 24465700000152 	5400009276 15858019498 563571 	5399445705 563571 0 0 0 	16777599 563571 0 	439.213 	3 	0
24491200000000 24491300000152 	5600009580 16445878861 611046 	5599398534 611046 0 0 0 	18199002 611046 0 	441.239 	3 	0
24516800000000 24516900000152 	5800009884 17033713937 658205 	5799351679 658205 0 0 0 	19602112 658205 0 	443.142 	3 	0
24542400000000 24542500000152 	6000010188 17621555284 704387 	5999305801 704387 0 0 0 	20972309 704387 0 	444.933 	3 	0
24568000000000 24568100000152 	6200010492 18209439032 750229 	6199260263 750229 0 0 0 	22343484 750229 0 	446.621 	3 	0
24593600000000 24593700000152 	6400010796 18797366332 795496 	6399215300 795496 0 0 0 	23687689 795496 0 	448.216 	3 	0
24619200000000 24619300000152 	6600011100 19385249496 840620 	6599170480 840620 0 0 0 	25035347 840620 0 	449.724 	3 	0
24644800000000 24644900000000 	6800011100 19973151611 884948 	6799126152 884948 0 0 0 	26366683 884948 0 	451.058 	3 	0
24670400000000 24670500000000 	7000011100 20561114411 928885 	6999082215 928885 0 0 0 	27684794 928885 0 	452.323 	3 	0
24696000000000 24696100000000 	7200011100 21149040689 972342 	7199038758 972342 0 0 0 	28980948 972342 0 	453.524 	3 	0
24721600000000 24721700000000 	7400011100 21736955780 1015893 	7398995207 1015893 0 0 0 	30279172 1015893 0 	454.667 	3 	0
24747200000000 24747300000000 	7600011100 22324906293 1058543 	7598952557 1058543 0 0 0 	31542181 1058543 0 	455.754 	3 	0
24772800000000 24772900000000 	7800011100 22912906463 1101276 	7798909824 1101276 0 0 0 	32810675 1101276 0 	456.79 	3 	0
24798400000000 24798500000000 	8000011100 23500924536 1143457 	7998867643 1143457 0 0 0 	34068503 1143457 0 	457.779 	3 	0
24824000000000 24824100000048 	8200011196 24088999174 1185258 	8198825938 1185258 0 0 0 	35313145 1185258 0 	458.641 	3 	0
24849600000000 24849700000048 	8400011292 24677058432 1226859 	8398784433 1226859 0 0 0 	36563240 1226859 0 	459.465 	3 	0
24875200000000 24875300000048 	8600011388 25265174896 1268007 	8598743381 1268007 0 0 0 	37800922 1268007 0 	460.254 	3 	0
24900800000000 24900900000048 	8800011484 25853312571 1308870 	8798702614 1308870 0 0 0 	39013526 1308870 0 	461.009 	3 	0
24926400000000 24926500000048 	9000011580 26441401684 1349115 	8998662465 1349115 0 0 0 	40209266 1349115 0 	461.733 	3 	0
24952000000000 24952100000048 	9200011676 27029508980 1389350 	9198622326 1389350 0 0 0 	41398832 1389350 0 	462.427 	3 	0
24977600000000 24977700000048 	9400011772 27617635201 1429185 	9398582587 1429185 0 0 0 	42589422 1429185 0 	463.094 	3 	0
25003200000000 25003300000476 	9600012724 28205836380 1468890 	9598543834 1468890 0 0 0 	43772932 1468890 0 	463.662 	3 	0
25028800000000 25028900000476 	9800013676 28794026142 1507895 	9798505781 1507895 0 0 0 	44940904 1507895 0 	464.207 	3 	0
25054400000000 25054500000476 	10000014628 29382250839 1546549 	9998468079 1546549 0 0 0 	46086980 1546549 0 	464.732 	3 	0
25080000000000 25080100000476 	10200015580 29970488307 1584894 	10198430686 1584894 0 0 0 	47233613 1584894 0 	465.238 	3 	0
25105600000000 25105700000476 	10400016532 30558612429 1622832 	10398393700 1622832 0 0 0 	48366496 1622832 0 	465.725 	3 	0
25131200000000 25131300000476 	10600017484 31146846259 1660586 	10598356898 1660586 0 0 0 	49498077 1660586 0 	466.195 	3 	0
25156800000000 25156900000476 	10800018436 31735106286 1698292 	10798320144 1698292 0 0 0 	50624155 1698292 0 	466.648 	3 	0
25182400000000 25182500000476 	11000019388 32323393526 1735320 	10998284068 1735320 0 0 0 	51726181 1735320 0 	467.086 	3 	0
25208000000000 25208100000011 	11200019410 32911622681 1771948 	11198247462 1771948 0 0 0 	52812712 1771948 0 	467.46 	3 	0
25233600000000 25233700000011 	11400019432 33499931925 1808557 	11398210875 1808557 0 0 0 	53902628 1808557 0 	467.821 	3 	0
25259200000000 25259300000011 	11600019454 34088257442 1844823 	11598174631 1844823 0 0 0 	54981661 1844823 0 	468.171 	3 	0
25284800000000 25284900000011 	11800019476 34676629616 1880779 	11798138697 1880779 0 0 0 	56054267 1880779 0 	468.509 	3 	0
25310400000000 25310500000011 	12000019498 35264988572 1916342 	11998103156 1916342 0 0 0 	57103676 1916342 0 	468.837 	3 	0
25336000000000 25336100000011 	12200019520 35853412923 1951639 	12198067881 1951639 0 0 0 	58156088 1951639 0 	469.154 	3 	0
25361600000000 25361700000011 	12400019542 36441808666 1986493 	12398033049 1986493 0 0 0 	59201575 1986493 0 	469.461 	3 	0
25387200000000 25387300000210 	12600019962 37030254206 2021177 	12597998785 2021177 0 0 0 	60240179 2021177 0 	469.7 	3 	0
25412800000000 25412900000210 	12800020382 37618657575 2055730 	12797964652 2055730 0 0 0 	61270081 2055730 0 	469.932 	3 	0
25438400000000 25438500000210 	13000020802 38207060366 2089532 	12997931270 2089532 0 0 0 	62273677 2089532 0 	470.156 	3 	0
25464000000000 25464100000210 	13200021222 38795543254 2123066 	13197898156 2123066 0 0 0 	63273764 2123066 0 	470.374 	3 	0
25489600000000 25489700000210 	13400021642 39383987142 2156511 	13397865131 2156511 0 0 0 	64273620 2156511 0 	470.586 	3 	0
25515200000000 25515300000210 	13600022062 39972487888 2189781 	13597832281 2189781 0 0 0 	65260372 2189781 0 	470.792 	3 	0
25540800000000 25540900000210 	13800022482 40560977698 2222267 	13797800215 2222267 0 0 0 	66239909 2222267 0 	470.992 	3 	0
25566400000000 25566500000210 	14000022902 41149511392 2254967 	13997767935 2254967 0 0 0 	67215691 2254967 0 	471.186 	3 	0
25592000000000 25592100000381 	14200023664 41738044725 2287306 	14197736358 2287306 0 0 0 	68187129 2287306 0 	471.322 	3 	0
25617600000000 25617700000381 	14400024426 42326565516 2319379 	14397705047 2319379 0 0 0 	69156519 2319379 0 	471.454 	3 	0
25643200000000 25643300000381 	14600025188 42915059650 2351322 	14597673866 2351322 0 0 0 	70108763 2351322 0 	471.582 	3 	0
25668800000000 25668900000381 	14800025950 43503645158 2383069 	14797642881 2383069 0 0 0 	71054473 2383069 0 	471.707 	3 	0
25694400000000 25694500000381 	15000026712 44092273357 2414366 	14997612346 2414366 0 0 0 	71995690 2414366 0 	471.828 	3 	0
25720000000000 25720100000381 	15200027474 44680925079 2445550 	15197581924 2445550 0 0 0 	72919977 2445550 0 	471.947 	3 	0
25745600000000 25745700000381 	15400028236 45269557954 2476115 	15397552121 2476115 0 0 0 	73830318 2476115 0 	472.062 	3 	0
25771200000000 25771300000468 	15600029172 45858272131 2506672 	15597522500 2506672 0 0 0 	74743714 2506672 0 	472.137 	3 	0
25796800000000 25796900000468 	15800030108 46446974128 2537034 	15797493074 2537034 0 0 0 	75654661 2537034 0 	472.21 	3 	0
25822400000000 25822500000468 	16000031044 47035657309 2567182 	15997463862 2567182 0 0 0 	76558414 2567182 0 	472.282 	3 	0
25848000000000 25848100000468 	16200031980 47624323034 2596955 	16197435025 2596955 0 0 0 	77449209 2596955 0 	472.352 	3 	0
25873600000000 25873700000468 	16400032916 48213047981 2626452 	16397406464 2626452 0 0 0 	78333743 2626452 0 	472.42 	3 	0
25899200000000 25899300000468 	16600033852 48801774726 2655866 	16597377986 2655866 0 0 0 	79210150 2655866 0 	472.486 	3 	0
25924800000000 25924900000468 	16800034788 49390512357 2684722 	16797350066 2684722 0 0 0 	80068918 2684722 0 	472.551 	3 	0
25950400000000 25950500000254 	17000035296 49979365106 2713495 	16997321801 2713495 0 0 0 	80928340 2713495 0 	472.568 	3 	0
25976000000000 25976100000254 	17200035804 50568194021 2742065 	17197293739 2742065 0 0 0 	81790104 2742065 0 	472.585 	3 	0
26001600000000 26001700000254 	17400036312 51156997615 2770251 	17397266061 2770251 0 0 0 	82635428 2770251 0 	472.601 	3 	0
26027200000000 26027300000254 	17600036820 51745821833 2798150 	17597238670 2798150 0 0 0 	83477271 2798150 0 	472.617 	3 	0
26052800000000 26052900000254 	17800037328 52334771144 2825956 	17797211372 2825956 0 0 0 	84310766 2825956 0 	472.632 	3 	0
26078400000000 26078500000254 	18000037836 52923600696 2853148 	17997184688 2853148 0 0 0 	85119913 2853148 0 	472.647 	3 	0
26104000000000 26104100000254 	18200038344 53512541611 2880669 	18197157675 2880669 0 0 0 	85946679 2880669 0 	472.662 	3 	0
26129600000000 26129700000254 	18400038852 54101456619 2907994 	18397130858 2907994 0 0 0 	86769673 2907994 0 	472.677 	3 	0
26155200000000 26155300000365 	18600039582 54690334164 2934928 	18597104654 2934928 0 0 0 	87572145 2934928 0 	472.659 	3 	0
26180800000000 26180900000365 	18800040312 55279279295 2961696 	18797078616 2961696 0 0 0 	88373521 2961696 0 	472.641 	3 	0
26206400000000 26206500000365 	19000041042 55868228548 2988220 	18997052822 2988220 0 0 0 	89165879 2988220 0 	472.624 	3 	0
26232000000000 26232100000365 	19200041772 56457207697 3014084 	19197027688 3014084 0 0 0 	89941285 3014084 0 	472.607 	3 	0
