23801300000000 23801400000044 	200000088 586994621 7458 	199992630 7458 0 0 0 	220032 7458 0 	414 	3 	13
23826900000000 23827000000044 	400000176 1173941584 14912 	399985264 14912 0 0 0 	445407 14912 0 	414 	3 	13
23852500000000 23852600000044 	600000264 1760901811 22212 	599978052 22212 0 0 0 	659854 22212 0 	414 	3 	13
23878100000000 23878200000044 	800000352 2347934896 29534 	799970818 29534 0 0 0 	882779 29534 0 	414 	3 	13
23903700000000 23903800000044 	1000000440 2935046748 36626 	999963814 36626 0 0 0 	1094245 36626 0 	414 	3 	13
23929300000000 23929400000044 	1200000528 3522122844 43496 	1199957032 43496 0 0 0 	1299181 43496 0 	414 	3 	13
23954900000000 23955000000228 	1400000984 4109188673 50423 	1399950561 50423 0 0 0 	1507283 50423 0 	413.713 	3 	13
23980500000000 23980600000228 	1600001440 4696309477 57445 	1599943995 57445 0 0 0 	1713888 57445 0 	413.498 	3 	13
24006100000000 24006200000228 	1800001896 5283428679 64277 	1799937619 64277 0 0 0 	1919304 64277 0 	413.331 	3 	13
24031700000000 24031800000228 	2000002352 5870643951 70947 	1999931405 70947 0 0 0 	2112405 70947 0 	413.198 	3 	13
24057300000000 24057400000228 	2200002808 6457857656 77535 	2199925273 77535 0 0 0 	2308238 77535 0 	413.089 	3 	13
24082900000000 24083000000228 	2400003264 7044998309 83991 	2399919273 83991 0 0 0 	2500498 83991 0 	412.998 	3 	13
24108500000000 24108600000091 	2600003446 7632195550 90625 	2599912821 90625 0 0 0 	2706117 90625 0 	412.687 	3 	13
24134100000000 24134200000091 	2800003628 8219375113 97123 	2799906505 97123 0 0 0 	2897138 97123 0 	412.422 	3 	13
24159700000000 24159800000091 	3000003810 8806641159 103612 	2999900198 103612 0 0 0 	3090022 103612 0 	412.192 	3 	13
24185300000000 24185400000091 	3200003992 9393911220 109946 	3199894046 109946 0 0 0 	3281262 109946 0 	411.991 	3 	13
24210900000000 24211000000091 	3400004174 9981152714 116158 	3399888016 116158 0 0 0 	3465116 116158 0 	411.814 	3 	13
24236500000000 24236600000091 	3600004356 10568473257 122353 	3599882003 122353 0 0 0 	3651529 122353 0 	411.656 	3 	13
24262100000000 24262200000308 	3800004972 11156168730 173602 	3799831370 173602 0 0 0 	5175861 173602 0 	415.807 	3 	13
24287700000000 24287800000308 	4000005588 11743923744 224036 	3999781552 224036 0 0 0 	6681673 224036 0 	419.615 	3 	13
24313300000000 24313400000308 	4200006204 12331623032 273778 	4199732426 273778 0 0 0 	8159575 273778 0 	423.12 	3 	13
24338900000000 24339000000308 	4400006820 12919359621 323308 	4399683512 323308 0 0 0 	9640737 323308 0 	426.358 	3 	13
24364500000000 24364600000308 	4600007436 13507035107 372274 	4599635162 372274 0 0 0 	11095369 372274 0 	429.358 	3 	13
24390100000000 24390200000308 	4800008052 14094710516 420568 	4799587484 420568 0 0 0 	12530779 420568 0 	432.146 	3 	13
24415700000000 24415800000308 	5000008668 14682479571 468867 	4999539801 468867 0 0 0 	13959373 468867 0 	434.742 	3 	13
24441300000000 24441400000152 	5200008972 15270276704 517068 	5199491904 517068 0 0 0 	15395144 517068 0 	437.052 	3 	13
24466900000000 24467000000152 	5400009276 15858109447 564735 	5399444541 564735 0 0 0 	16817974 564735 0 	439.213 	3 	13
24492500000000 24492600000152 	5600009580 16445934720 611609 	5599397971 611609 0 0 0 	18219286 611609 0 	441.239 	3 	13
24518100000000 24518200000152 	5800009884 17033690803 657928 	5799351956 657928 0 0 0 	19602188 657928 0 	443.142 	3 	13
24543700000000 24543800000152 	6000010188 17621580060 703902 	5999306286 703902 0 0 0 	20979805 703902 0 	444.933 	3 	13
24569300000000 24569400000152 	6200010492 18209415669 749694 	6199260798 749694 0 0 0 	22348934 749694 0 	446.621 	3 	13
24594900000000 24595000000152 	6400010796 18797300555 794992 	6399215804 794992 0 0 0 	23702991 794992 0 	448.216 	3 	13
24620500000000 24620600000152 	6600011100 19385167477 839842 	6599171258 839842 0 0 0 	25049138 839842 0 	449.724 	3 	13
24646100000000 24646200000000 	6800011100 19973127854 884991 	6799126109 884991 0 0 0 	26394022 884991 0 	451.058 	3 	13
24671700000000 24671800000000 	7000011100 20561078985 929271 	6999081829 929271 0 0 0 	27717703 929271 0 	452.323 	3 	13
24697300000000 24697400000000 	7200011100 21148994706 973454 	7199037646 973454 0 0 0 	29044008 973454 0 	453.524 	3 	13
24722900000000 24723000000000 	7400011100 21736946682 1016802 	7398994298 1016802 0 0 0 	30329626 1016802 0 	454.667 	3 	13
24748500000000 24748600000000 	7600011100 22324927386 1060026 	7598951074 1060026 0 0 0 	31631069 1060026 0 	455.754 	3 	13
24774100000000 24774200000000 	7800011100 22912940621 1102731 	7798908369 1102731 0 0 0 	32902726 1102731 0 	456.79 	3 	13
24799700000000 24799800000000 	8000011100 23500952781 1144932 	7998866168 1144932 0 0 0 	34171724 1144932 0 	457.779 	3 	13
24825300000000 24825400000048 	8200011196 24089000936 1186694 	8198824502 1186694 0 0 0 	35417659 1186694 0 	458.641 	3 	13
24850900000000 24851000000048 	8400011292 24677144895 1228541 	8398782751 1228541 0 0 0 	36678098 1228541 0 	459.465 	3 	13
24876500000000 24876600000048 	8600011388 25265218911 1269854 	8598741534 1269854 0 0 0 	37902224 1269854 0 	460.254 	3 	13
24902100000000 24902200000048 	8800011484 25853331388 1311245 	8798700239 1311245 0 0 0 	39139829 1311245 0 	461.009 	3 	13
24927700000000 24927800000048 	9000011580 26441444330 1351476 	8998660104 1351476 0 0 0 	40343755 1351476 0 	461.733 	3 	13
24953300000000 24953400000048 	9200011676 27029557565 1391752 	9198619924 1391752 0 0 0 	41539221 1391752 0 	462.427 	3 	13
24978900000000 24979000000048 	9400011772 27617675176 1431476 	9398580296 1431476 0 0 0 	42716528 1431476 0 	463.094 	3 	13
25004500000000 25004600000476 	9600012724 28205859995 1471136 	9598541588 1471136 0 0 0 	43895228 1471136 0 	463.662 	3 	13
25030100000000 25030200000476 	9800013676 28794094806 1510393 	9798503283 1510393 0 0 0 	45072354 1510393 0 	464.207 	3 	13
25055700000000 25055800000476 	10000014628 29382262999 1549132 	9998465496 1549132 0 0 0 	46218416 1549132 0 	464.732 	3 	13
25081300000000 25081400000476 	10200015580 29970474427 1587244 	10198428336 1587244 0 0 0 	47346694 1587244 0 	465.238 	3 	13
25106900000000 25107000000476 	10400016532 30558745677 1625629 	10398390903 1625629 0 0 0 	48493907 1625629 0 	465.725 	3 	13
25132500000000 25132600000476 	10600017484 31146941431 1663160 	10598354324 1663160 0 0 0 	49615312 1663160 0 	466.195 	3 	13
25158100000000 25158200000476 	10800018436 31735212455 1700527 	10798317909 1700527 0 0 0 	50721917 1700527 0 	466.648 	3 	13
25183700000000 25183800000476 	11000019388 32323481692 1737511 	10998281877 1737511 0 0 0 	51827320 1737511 0 	467.086 	3 	13
25209300000000 25209400000011 	11200019410 32911752437 1774315 	11198245095 1774315 0 0 0 	52926700 1774315 0 	467.46 	3 	13
25234900000000 25235000000011 	11400019432 33500071995 1810725 	11398208707 1810725 0 0 0 	54011256 1810725 0 	467.821 	3 	13
25260500000000 25260600000011 	11600019454 34088380843 1846908 	11598172546 1846908 0 0 0 	55089543 1846908 0 	468.171 	3 	13
25286100000000 25286200000011 	11800019476 34676780402 1882937 	11798136539 1882937 0 0 0 	56165490 1882937 0 	468.509 	3 	13
25311700000000 25311800000011 	12000019498 35265144023 1918501 	11998100997 1918501 0 0 0 	57217822 1918501 0 	468.837 	3 	13
25337300000000 25337400000011 	12200019520 35853529070 1954022 	12198065498 1954022 0 0 0 	58278937 1954022 0 	469.154 	3 	13
25362900000000 25363000000011 	12400019542 36441976150 1988732 	12398030810 1988732 0 0 0 	59311501 1988732 0 	469.461 	3 	13
25388500000000 25388600000210 	12600019962 37030389154 2023390 	12597996572 2023390 0 0 0 	60341479 2023390 0 	469.7 	3 	13
25414100000000 25414200000210 	12800020382 37618870707 2057893 	12797962489 2057893 0 0 0 	61368074 2057893 0 	469.932 	3 	13
25439700000000 25439800000210 	13000020802 38207320614 2092086 	12997928716 2092086 0 0 0 	62376858 2092086 0 	470.156 	3 	13
25465300000000 25465400000210 	13200021222 38795845939 2125858 	13197895364 2125858 0 0 0 	63385374 2125858 0 	470.374 	3 	13
25490900000000 25491000000210 	13400021642 39384335943 2159324 	13397862318 2159324 0 0 0 	64376503 2159324 0 	470.586 	3 	13
25516500000000 25516600000210 	13600022062 39972829479 2192558 	13597829504 2192558 0 0 0 	65355151 2192558 0 	470.792 	3 	13
25542100000000 25542200000210 	13800022482 40561353613 2225604 	13797796878 2225604 0 0 0 	66337723 2225604 0 	470.992 	3 	13
25567700000000 25567800000210 	14000022902 41149890942 2258477 	13997764425 2258477 0 0 0 	67319373 2258477 0 	471.186 	3 	13
25593300000000 25593400000381 	14200023664 41738412545 2290714 	14197732950 2290714 0 0 0 	68282705 2290714 0 	471.322 	3 	13
25618900000000 25619000000381 	14400024426 42326979158 2323205 	14397701221 2323205 0 0 0 	69249655 2323205 0 	471.454 	3 	13
25644500000000 25644600000381 	14600025188 42915577547 2355106 	14597670082 2355106 0 0 0 	70203842 2355106 0 	471.582 	3 	13
25670100000000 25670200000381 	14800025950 43504174659 2386576 	14797639374 2386576 0 0 0 	71148939 2386576 0 	471.707 	3 	13
25695700000000 25695800000381 	15000026712 44092756181 2418049 	14997608663 2418049 0 0 0 	72086052 2418049 0 	471.828 	3 	13
25721300000000 25721400000381 	15200027474 44681361283 2448941 	15197578533 2448941 0 0 0 	73021160 2448941 0 	471.947 	3 	13
25746900000000 25747000000381 	15400028236 45269994318 2479403 	15397548833 2479403 0 0 0 	73938321 2479403 0 	472.062 	3 	13
25772500000000 25772600000468 	15600029172 45858656771 2509798 	15597519374 2509798 0 0 0 	74851584 2509798 0 	472.137 	3 	13
25798100000000 25798200000468 	15800030108 46447372434 2540230 	15797489878 2540230 0 0 0 	75753924 2540230 0 	472.21 	3 	13
25823700000000 25823800000468 	16000031044 47036076702 2570312 	15997460732 2570312 0 0 0 	76648450 2570312 0 	472.282 	3 	13
25849300000000 25849400000468 	16200031980 47624790631 2600003 	16197431977 2600003 0 0 0 	77534149 2600003 0 	472.352 	3 	13
25874900000000 25875000000468 	16400032916 48213482387 2629195 	16397403721 2629195 0 0 0 	78408252 2629195 0 	472.42 	3 	13
25900500000000 25900600000468 	16600033852 48802211088 2658656 	16597375196 2658656 0 0 0 	79295900 2658656 0 	472.486 	3 	13
25926100000000 25926200000468 	16800034788 49390951621 2687135 	16797347653 2687135 0 0 0 	80144754 2687135 0 	472.551 	3 	13
25951700000000 25951800000254 	17000035296 49979799434 2715780 	16997319516 2715780 0 0 0 	81001556 2715780 0 	472.568 	3 	13
25977300000000 25977400000254 	17200035804 50568630606 2744418 	17197291386 2744418 0 0 0 	81860898 2744418 0 	472.585 	3 	13
26002900000000 26003000000254 	17400036312 51157494341 2772744 	17397263568 2772744 0 0 0 	82708321 2772744 0 	472.601 	3 	13
26028500000000 26028600000254 	17600036820 51746309375 2800712 	17597236108 2800712 0 0 0 	83542278 2800712 0 	472.617 	3 	13
26054100000000 26054200000254 	17800037328 52335176041 2828636 	17797208692 2828636 0 0 0 	84372782 2828636 0 	472.632 	3 	13
26079700000000 26079800000254 	18000037836 52924056521 2856395 	17997181441 2856395 0 0 0 	85201275 2856395 0 	472.647 	3 	13
26105300000000 26105400000254 	18200038344 53512949745 2883551 	18197154793 2883551 0 0 0 	86016949 2883551 0 	472.662 	3 	13
26130900000000 26131000000254 	18400038852 54101812494 2910622 	18397128230 2910622 0 0 0 	86831676 2910622 0 	472.677 	3 	13
26156500000000 26156600000365 	18600039582 54690743254 2937620 	18597101962 2937620 0 0 0 	87633832 2937620 0 	472.659 	3 	13
26182100000000 26182200000365 	18800040312 55279639682 2964132 	18797076180 2964132 0 0 0 	88429065 2964132 0 	472.641 	3 	13
26207700000000 26207800000365 	19000041042 55868585859 2990458 	18997050584 2990458 0 0 0 	89210638 2990458 0 	472.624 	3 	13
