23801600000000 23801700000044 	200000088 586996403 7516 	199992572 7516 0 0 0 	220787 7516 0 	414 	3 	16
23827200000000 23827300000044 	400000176 1173960579 14797 	399985379 14797 0 0 0 	435403 14797 0 	414 	3 	16
23852800000000 23852900000044 	600000264 1760896366 22102 	599978162 22102 0 0 0 	654676 22102 0 	414 	3 	16
23878400000000 23878500000044 	800000352 2347915074 29350 	799971002 29350 0 0 0 	873660 29350 0 	414 	3 	16
23904000000000 23904100000044 	1000000440 2934955462 36616 	999963824 36616 0 0 0 	1088507 36616 0 	414 	3 	16
23929600000000 23929700000044 	1200000528 3522023544 43712 	1199956816 43712 0 0 0 	1302072 43712 0 	414 	3 	16
23955200000000 23955300000228 	1400000984 4109078636 50718 	1399950266 50718 0 0 0 	1509687 50718 0 	413.713 	3 	16
23980800000000 23980900000228 	1600001440 4696162939 57636 	1599943804 57636 0 0 0 	1715474 57636 0 	413.498 	3 	16
24006400000000 24006500000228 	1800001896 5283299348 64520 	1799937376 64520 0 0 0 	1925845 64520 0 	413.331 	3 	16
24032000000000 24032100000228 	2000002352 5870457728 71332 	1999931020 71332 0 0 0 	2126815 71332 0 	413.198 	3 	16
24057600000000 24057700000228 	2200002808 6457600560 78073 	2199924735 78073 0 0 0 	2321186 78073 0 	413.089 	3 	16
24083200000000 24083300000228 	2400003264 7044748421 84687 	2399918577 84687 0 0 0 	2516653 84687 0 	412.998 	3 	16
24108800000000 24108900000091 	2600003446 7631903282 91357 	2599912089 91357 0 0 0 	2716876 91357 0 	412.687 	3 	16
24134400000000 24134500000091 	2800003628 8219079965 97825 	2799905803 97825 0 0 0 	2910099 97825 0 	412.422 	3 	16
24160000000000 24160100000091 	3000003810 8806268853 104223 	2999899587 104223 0 0 0 	3102745 104223 0 	412.192 	3 	16
24185600000000 24185700000091 	3200003992 9393524203 110686 	3199893306 110686 0 0 0 	3298083 110686 0 	411.991 	3 	16
24211200000000 24211300000091 	3400004174 9980778495 116999 	3399887175 116999 0 0 0 	3482818 116999 0 	411.814 	3 	16
24236800000000 24236900000091 	3600004356 10567983820 123139 	3599881217 123139 0 0 0 	3665402 123139 0 	411.656 	3 	16
24262400000000 24262500000308 	3800004972 11155689184 173857 	3799831115 173857 0 0 0 	5165682 173857 0 	415.807 	3 	16
24288000000000 24288100000308 	4000005588 11743344090 224314 	3999781274 224314 0 0 0 	6678806 224314 0 	419.615 	3 	16
24313600000000 24313700000308 	4200006204 12331111263 274463 	4199731741 274463 0 0 0 	8175665 274463 0 	423.12 	3 	16
24339200000000 24339300000308 	4400006820 12918835455 323895 	4399682925 323895 0 0 0 	9642961 323895 0 	426.358 	3 	16
24364800000000 24364900000308 	4600007436 13506566649 373453 	4599633983 373453 0 0 0 	11112904 373453 0 	429.358 	3 	16
24390400000000 24390500000308 	4800008052 14094365173 421856 	4799586196 421856 0 0 0 	12560612 421856 0 	432.146 	3 	16
24416000000000 24416100000308 	5000008668 14682117568 469820 	4999538848 469820 0 0 0 	13995580 469820 0 	434.742 	3 	16
24441600000000 24441700000152 	5200008972 15269928779 517469 	5199491503 517469 0 0 0 	15415413 517469 0 	437.052 	3 	16
24467200000000 24467300000152 	5400009276 15857740328 564761 	5399444515 564761 0 0 0 	16828037 564761 0 	439.213 	3 	16
24492800000000 24492900000152 	5600009580 16445512961 611380 	5599398200 611380 0 0 0 	18215722 611380 0 	441.239 	3 	16
24518400000000 24518500000152 	5800009884 17033378033 657926 	5799351958 657926 0 0 0 	19611245 657926 0 	443.142 	3 	16
24544000000000 24544100000152 	6000010188 17621328076 704061 	5999306127 704061 0 0 0 	20997578 704061 0 	444.933 	3 	16
24569600000000 24569700000152 	6200010492 18209201161 749837 	6199260655 749837 0 0 0 	22374096 749837 0 	446.621 	3 	16
24595200000000 24595300000152 	6400010796 18797033149 795083 	6399215713 795083 0 0 0 	23716261 795083 0 	448.216 	3 	16
24620800000000 24620900000152 	6600011100 19384964022 840055 	6599171045 840055 0 0 0 	25061558 840055 0 	449.724 	3 	16
24646400000000 24646500000000 	6800011100 19972887227 884726 	6799126374 884726 0 0 0 	26396633 884726 0 	451.058 	3 	16
24672000000000 24672100000000 	7000011100 20560791098 929181 	6999081919 929181 0 0 0 	27732921 929181 0 	452.323 	3 	16
24697600000000 24697700000000 	7200011100 21148704898 972943 	7199038157 972943 0 0 0 	29041652 972943 0 	453.524 	3 	16
24723200000000 24723300000000 	7400011100 21736651508 1016148 	7398994952 1016148 0 0 0 	30328086 1016148 0 	454.667 	3 	16
24748800000000 24748900000000 	7600011100 22324646237 1059234 	7598951866 1059234 0 0 0 	31605525 1059234 0 	455.754 	3 	16
24774400000000 24774500000000 	7800011100 22912686855 1101639 	7798909461 1101639 0 0 0 	32864053 1101639 0 	456.79 	3 	16
24800000000000 24800100000000 	8000011100 23500712478 1143830 	7998867270 1143830 0 0 0 	34115551 1143830 0 	457.779 	3 	16
24825600000000 24825700000048 	8200011196 24088717414 1185720 	8198825476 1185720 0 0 0 	35376954 1185720 0 	458.641 	3 	16
24851200000000 24851300000048 	8400011292 24676681662 1227113 	8398784179 1227113 0 0 0 	36605496 1227113 0 	459.465 	3 	16
24876800000000 24876900000048 	8600011388 25264739365 1268291 	8598743097 1268291 0 0 0 	37841776 1268291 0 	460.254 	3 	16
24902400000000 24902500000048 	8800011484 25852813196 1308917 	8798702567 1308917 0 0 0 	39052102 1308917 0 	461.009 	3 	16
24928000000000 24928100000048 	9000011580 26440965581 1349531 	8998662049 1349531 0 0 0 	40255076 1349531 0 	461.733 	3 	16
24953600000000 24953700000048 	9200011676 27029055791 1389484 	9198622192 1389484 0 0 0 	41449580 1389484 0 	462.427 	3 	16
24979200000000 24979300000048 	9400011772 27617253259 1429416 	9398582356 1429416 0 0 0 	42638917 1429416 0 	463.094 	3 	16
25004800000000 25004900000476 	9600012724 28205418433 1469192 	9598543532 1469192 0 0 0 	43837068 1469192 0 	463.662 	3 	16
25030400000000 25030500000476 	9800013676 28793576158 1508099 	9798505577 1508099 0 0 0 	44995237 1508099 0 	464.207 	3 	16
25056000000000 25056100000476 	10000014628 29381810604 1547071 	9998467557 1547071 0 0 0 	46160452 1547071 0 	464.732 	3 	16
25081600000000 25081700000476 	10200015580 29969980848 1585806 	10198429774 1585806 0 0 0 	47326320 1585806 0 	465.238 	3 	16
25107200000000 25107300000476 	10400016532 30558188016 1623861 	10398392671 1623861 0 0 0 	48461765 1623861 0 	465.725 	3 	16
25132800000000 25132900000476 	10600017484 31146439349 1661721 	10598355763 1661721 0 0 0 	49609540 1661721 0 	466.195 	3 	16
25158400000000 25158500000476 	10800018436 31734718817 1699056 	10798319380 1699056 0 0 0 	50720011 1699056 0 	466.648 	3 	16
25184000000000 25184100000476 	11000019388 32322969105 1736301 	10998283087 1736301 0 0 0 	51823918 1736301 0 	467.086 	3 	16
25209600000000 25209700000011 	11200019410 32911251126 1773187 	11198246223 1773187 0 0 0 	52920365 1773187 0 	467.46 	3 	16
25235200000000 25235300000011 	11400019432 33499581865 1809559 	11398209873 1809559 0 0 0 	54005831 1809559 0 	467.821 	3 	16
25260800000000 25260900000011 	11600019454 34087921463 1845736 	11598173718 1845736 0 0 0 	55079165 1845736 0 	468.171 	3 	16
25286400000000 25286500000011 	11800019476 34676316227 1882013 	11798137463 1882013 0 0 0 	56162860 1882013 0 	468.509 	3 	16
25312000000000 25312100000011 	12000019498 35264654941 1917764 	11998101734 1917764 0 0 0 	57229504 1917764 0 	468.837 	3 	16
25337600000000 25337700000011 	12200019520 35852994578 1952880 	12198066640 1952880 0 0 0 	58277644 1952880 0 	469.154 	3 	16
25363200000000 25363300000011 	12400019542 36441384120 1987659 	12398031883 1987659 0 0 0 	59314623 1987659 0 	469.461 	3 	16
25388800000000 25388900000210 	12600019962 37029833325 2022031 	12597997931 2022031 0 0 0 	60342414 2022031 0 	469.7 	3 	16
25414400000000 25414500000210 	12800020382 37618313895 2057068 	12797963314 2057068 0 0 0 	61391496 2057068 0 	469.932 	3 	16
25440000000000 25440100000210 	13000020802 38206778044 2091222 	12997929580 2091222 0 0 0 	62413160 2091222 0 	470.156 	3 	16
25465600000000 25465700000210 	13200021222 38795228969 2124993 	13197896229 2124993 0 0 0 	63422242 2124993 0 	470.374 	3 	16
25491200000000 25491300000210 	13400021642 39383705888 2158689 	13397862953 2158689 0 0 0 	64431483 2158689 0 	470.586 	3 	16
25516800000000 25516900000210 	13600022062 39972177874 2191823 	13597830239 2191823 0 0 0 	65421157 2191823 0 	470.792 	3 	16
25542400000000 25542500000210 	13800022482 40560750927 2224832 	13797797650 2224832 0 0 0 	66408445 2224832 0 	470.992 	3 	16
25568000000000 25568100000210 	14000022902 41149286559 2257804 	13997765098 2257804 0 0 0 	67388360 2257804 0 	471.186 	3 	16
25593600000000 25593700000381 	14200023664 41737819634 2290224 	14197733440 2290224 0 0 0 	68365398 2290224 0 	471.322 	3 	16
25619200000000 25619300000381 	14400024426 42326359132 2322349 	14397702077 2322349 0 0 0 	69325342 2322349 0 	471.454 	3 	16
25644800000000 25644900000381 	14600025188 42914907874 2354083 	14597671105 2354083 0 0 0 	70286824 2354083 0 	471.582 	3 	16
25670400000000 25670500000381 	14800025950 43503544637 2385803 	14797640147 2385803 0 0 0 	71242188 2385803 0 	471.707 	3 	16
25696000000000 25696100000381 	15000026712 44092169697 2417137 	14997609575 2417137 0 0 0 	72169076 2417137 0 	471.828 	3 	16
25721600000000 25721700000381 	15200027474 44680778363 2448192 	15197579282 2448192 0 0 0 	73094993 2448192 0 	471.947 	3 	16
25747200000000 25747300000381 	15400028236 45269393554 2478936 	15397549300 2478936 0 0 0 	74024018 2478936 0 	472.062 	3 	16
25772800000000 25772900000468 	15600029172 45858092297 2509644 	15597519528 2509644 0 0 0 	74952538 2509644 0 	472.137 	3 	16
25798400000000 25798500000468 	15800030108 46446808403 2539775 	15797490333 2539775 0 0 0 	75849541 2539775 0 	472.21 	3 	16
25824000000000 25824100000468 	16000031044 47035554756 2569987 	15997461057 2569987 0 0 0 	76760418 2569987 0 	472.282 	3 	16
25849600000000 25849700000468 	16200031980 47624282617 2599884 	16197432096 2599884 0 0 0 	77644952 2599884 0 	472.352 	3 	16
25875200000000 25875300000468 	16400032916 48213006397 2629504 	16397403412 2629504 0 0 0 	78529325 2629504 0 	472.42 	3 	16
25900800000000 25900900000468 	16600033852 48801749418 2659035 	16597374817 2659035 0 0 0 	79407504 2659035 0 	472.486 	3 	16
25926400000000 25926500000468 	16800034788 49390512572 2688282 	16797346506 2688282 0 0 0 	80288540 2688282 0 	472.551 	3 	16
25952000000000 25952100000254 	17000035296 49979275779 2716884 	16997318412 2716884 0 0 0 	81149123 2716884 0 	472.568 	3 	16
25977600000000 25977700000254 	17200035804 50568002051 2745373 	17197290431 2745373 0 0 0 	82002848 2745373 0 	472.585 	3 	16
26003200000000 26003300000254 	17400036312 51156815748 2773934 	17397262378 2773934 0 0 0 	82849542 2773934 0 	472.601 	3 	16
26028800000000 26028900000254 	17600036820 51745621859 2801761 	17597235059 2801761 0 0 0 	83685334 2801761 0 	472.617 	3 	16
26054400000000 26054500000254 	17800037328 52334475017 2829595 	17797207733 2829595 0 0 0 	84513630 2829595 0 	472.632 	3 	16
26080000000000 26080100000254 	18000037836 52923339547 2857101 	17997180735 2857101 0 0 0 	85328059 2857101 0 	472.647 	3 	16
26105600000000 26105700000254 	18200038344 53512190740 2884488 	18197153856 2884488 0 0 0 	86153581 2884488 0 	472.662 	3 	16
26131200000000 26131300000254 	18400038852 54101046352 2911658 	18397127194 2911658 0 0 0 	86967539 2911658 0 	472.677 	3 	16
26156800000000 26156900000365 	18600039582 54689954778 2938585 	18597100997 2938585 0 0 0 	87774861 2938585 0 	472.659 	3 	16
26182400000000 26182500000365 	18800040312 55278924209 2965435 	18797074877 2965435 0 0 0 	88568014 2965435 0 	472.641 	3 	16
26208000000000 26208100000365 	19000041042 55867888414 2991777 	18997049265 2991777 0 0 0 	89362334 2991777 0 	472.624 	3 	16
