23802100000000 23802200000044 	200000088 587025806 7569 	199992519 7569 0 0 0 	222969 7569 0 	414 	3 	21
23827700000000 23827800000044 	400000176 1173997614 14829 	399985347 14829 0 0 0 	438932 14829 0 	414 	3 	21
23853300000000 23853400000044 	600000264 1760993775 22075 	599978189 22075 0 0 0 	655280 22075 0 	414 	3 	21
23878900000000 23879000000044 	800000352 2347975346 29259 	799971093 29259 0 0 0 	868388 29259 0 	414 	3 	21
23904500000000 23904600000044 	1000000440 2934972838 36499 	999963941 36499 0 0 0 	1087868 36499 0 	414 	3 	21
23930100000000 23930200000044 	1200000528 3521963744 43525 	1199957003 43525 0 0 0 	1293632 43525 0 	414 	3 	21
23955700000000 23955800000228 	1400000984 4109056340 50265 	1399950719 50265 0 0 0 	1495254 50265 0 	413.713 	3 	21
23981300000000 23981400000228 	1600001440 4696141904 57114 	1599944326 57114 0 0 0 	1698029 57114 0 	413.498 	3 	21
24006900000000 24007000000228 	1800001896 5283256192 64110 	1799937786 64110 0 0 0 	1909887 64110 0 	413.331 	3 	21
24032500000000 24032600000228 	2000002352 5870454008 70855 	1999931497 70855 0 0 0 	2110812 70855 0 	413.198 	3 	21
24058100000000 24058200000228 	2200002808 6457610659 77460 	2199925348 77460 0 0 0 	2305407 77460 0 	413.089 	3 	21
24083700000000 24083800000228 	2400003264 7044819924 84160 	2399919104 84160 0 0 0 	2503119 84160 0 	412.998 	3 	21
24109300000000 24109400000091 	2600003446 7632011367 90727 	2599912719 90727 0 0 0 	2694446 90727 0 	412.687 	3 	21
24134900000000 24135000000091 	2800003628 8219172446 97126 	2799906502 97126 0 0 0 	2886331 97126 0 	412.422 	3 	21
24160500000000 24160600000091 	3000003810 8806361717 103665 	2999900145 103665 0 0 0 	3083375 103665 0 	412.192 	3 	21
24186100000000 24186200000091 	3200003992 9393613760 109849 	3199894143 109849 0 0 0 	3266379 109849 0 	411.991 	3 	21
24211700000000 24211800000091 	3400004174 9980892255 115974 	3399888200 115974 0 0 0 	3447918 115974 0 	411.814 	3 	21
24237300000000 24237400000091 	3600004356 10568184394 122163 	3599882193 122163 0 0 0 	3628901 122163 0 	411.656 	3 	21
24262900000000 24263000000308 	3800004972 11155879114 172772 	3799832200 172772 0 0 0 	5148739 172772 0 	415.807 	3 	21
24288500000000 24288600000308 	4000005588 11743561226 223216 	3999782372 223216 0 0 0 	6655668 223216 0 	419.615 	3 	21
24314100000000 24314200000308 	4200006204 12331248128 273151 	4199733053 273151 0 0 0 	8142987 273151 0 	423.12 	3 	21
24339700000000 24339800000308 	4400006820 12918976801 322424 	4399684396 322424 0 0 0 	9612374 322424 0 	426.358 	3 	21
24365300000000 24365400000308 	4600007436 13506718055 371212 	4599636224 371212 0 0 0 	11075084 371212 0 	429.358 	3 	21
24390900000000 24391000000308 	4800008052 14094503245 419867 	4799588185 419867 0 0 0 	12534762 419867 0 	432.146 	3 	21
24416500000000 24416600000308 	5000008668 14682279630 467880 	4999540788 467880 0 0 0 	13975725 467880 0 	434.742 	3 	21
24442100000000 24442200000152 	5200008972 15270059096 515449 	5199493523 515449 0 0 0 	15390486 515449 0 	437.052 	3 	21
24467700000000 24467800000152 	5400009276 15857912943 563045 	5399446231 563045 0 0 0 	16813521 563045 0 	439.213 	3 	21
24493300000000 24493400000152 	5600009580 16445699625 609858 	5599399722 609858 0 0 0 	18202288 609858 0 	441.239 	3 	21
24518900000000 24519000000152 	5800009884 17033471582 656024 	5799353860 656024 0 0 0 	19578308 656024 0 	443.142 	3 	21
24544500000000 24544600000152 	6000010188 17621315448 702100 	5999308088 702100 0 0 0 	20960681 702100 0 	444.933 	3 	21
24570100000000 24570200000152 	6200010492 18209141348 747695 	6199262797 747695 0 0 0 	22318593 747695 0 	446.621 	3 	21
24595700000000 24595800000152 	6400010796 18797058095 792992 	6399217804 792992 0 0 0 	23664405 792992 0 	448.216 	3 	21
24621300000000 24621400000152 	6600011100 19384994561 837559 	6599173541 837559 0 0 0 	24993066 837559 0 	449.724 	3 	21
24646900000000 24647000000000 	6800011100 19972887923 882249 	6799128851 882249 0 0 0 	26330506 882249 0 	451.058 	3 	21
24672500000000 24672600000000 	7000011100 20560835833 926507 	6999084593 926507 0 0 0 	27643274 926507 0 	452.323 	3 	21
24698100000000 24698200000000 	7200011100 21148840222 970386 	7199040714 970386 0 0 0 	28953649 970386 0 	453.524 	3 	21
24723700000000 24723800000000 	7400011100 21736790383 1013731 	7398997369 1013731 0 0 0 	30253676 1013731 0 	454.667 	3 	21
24749300000000 24749400000000 	7600011100 22324727720 1056623 	7598954477 1056623 0 0 0 	31537406 1056623 0 	455.754 	3 	21
24774900000000 24775000000000 	7800011100 22912780294 1099183 	7798911917 1099183 0 0 0 	32809388 1099183 0 	456.79 	3 	21
24800500000000 24800600000000 	8000011100 23500869232 1141283 	7998869817 1141283 0 0 0 	34068319 1141283 0 	457.779 	3 	21
24826100000000 24826200000048 	8200011196 24088936848 1183372 	8198827824 1183372 0 0 0 	35338883 1183372 0 	458.641 	3 	21
24851700000000 24851800000048 	8400011292 24677046461 1225073 	8398786219 1225073 0 0 0 	36580423 1225073 0 	459.465 	3 	21
24877300000000 24877400000048 	8600011388 25265112098 1266131 	8598745257 1266131 0 0 0 	37795373 1266131 0 	460.254 	3 	21
24902900000000 24903000000048 	8800011484 25853206811 1307063 	8798704421 1307063 0 0 0 	39020358 1307063 0 	461.009 	3 	21
24928500000000 24928600000048 	9000011580 26441325599 1347659 	8998663921 1347659 0 0 0 	40241186 1347659 0 	461.733 	3 	21
24954100000000 24954200000048 	9200011676 27029583280 1388203 	9198623473 1388203 0 0 0 	41455595 1388203 0 	462.427 	3 	21
24979700000000 24979800000048 	9400011772 27617755652 1428385 	9398583387 1428385 0 0 0 	42658621 1428385 0 	463.094 	3 	21
25005300000000 25005400000476 	9600012724 28205842873 1467491 	9598545233 1467491 0 0 0 	43833632 1467491 0 	463.662 	3 	21
25030900000000 25031000000476 	9800013676 28794018461 1506630 	9798507046 1506630 0 0 0 	45000900 1506630 0 	464.207 	3 	21
25056500000000 25056600000476 	10000014628 29382277025 1545346 	9998469282 1545346 0 0 0 	46152004 1545346 0 	464.732 	3 	21
25082100000000 25082200000476 	10200015580 29970536962 1584138 	10198431442 1584138 0 0 0 	47304877 1584138 0 	465.238 	3 	21
25107700000000 25107800000476 	10400016532 30558795407 1622216 	10398394316 1622216 0 0 0 	48446544 1622216 0 	465.725 	3 	21
25133300000000 25133400000476 	10600017484 31146988517 1660080 	10598357404 1660080 0 0 0 	49579696 1660080 0 	466.195 	3 	21
25158900000000 25159000000476 	10800018436 31735237189 1697165 	10798321271 1697165 0 0 0 	50683446 1697165 0 	466.648 	3 	21
25184500000000 25184600000476 	11000019388 32323461233 1734619 	10998284769 1734619 0 0 0 	51792710 1734619 0 	467.086 	3 	21
25210100000000 25210200000011 	11200019410 32911746329 1771275 	11198248135 1771275 0 0 0 	52886485 1771275 0 	467.46 	3 	21
25235700000000 25235800000011 	11400019432 33500024895 1807657 	11398211775 1807657 0 0 0 	53974622 1807657 0 	467.821 	3 	21
25261300000000 25261400000011 	11600019454 34088345753 1843807 	11598175647 1843807 0 0 0 	55046930 1843807 0 	468.171 	3 	21
25286900000000 25287000000011 	11800019476 34676710950 1879627 	11798139849 1879627 0 0 0 	56113020 1879627 0 	468.509 	3 	21
25312500000000 25312600000011 	12000019498 35265096055 1915462 	11998104036 1915462 0 0 0 	57179761 1915462 0 	468.837 	3 	21
25338100000000 25338200000011 	12200019520 35853462693 1950869 	12198068651 1950869 0 0 0 	58234272 1950869 0 	469.154 	3 	21
25363700000000 25363800000011 	12400019542 36441872949 1985812 	12398033730 1985812 0 0 0 	59278620 1985812 0 	469.461 	3 	21
25389300000000 25389400000210 	12600019962 37030300782 2020373 	12597999589 2020373 0 0 0 	60305901 2020373 0 	469.7 	3 	21
25414900000000 25415000000210 	12800020382 37618675743 2054901 	12797965481 2054901 0 0 0 	61331867 2054901 0 	469.932 	3 	21
25440500000000 25440600000210 	13000020802 38207183746 2089224 	12997931578 2089224 0 0 0 	62348236 2089224 0 	470.156 	3 	21
25466100000000 25466200000210 	13200021222 38795634123 2123029 	13197898193 2123029 0 0 0 	63352552 2123029 0 	470.374 	3 	21
25491700000000 25491800000210 	13400021642 39384104417 2156409 	13397865233 2156409 0 0 0 	64344871 2156409 0 	470.586 	3 	21
25517300000000 25517400000210 	13600022062 39972616849 2189588 	13597832474 2189588 0 0 0 	65330466 2189588 0 	470.792 	3 	21
25542900000000 25543000000210 	13800022482 40561161242 2222470 	13797800012 2222470 0 0 0 	66307343 2222470 0 	470.992 	3 	21
25568500000000 25568600000210 	14000022902 41149696907 2255045 	13997767857 2255045 0 0 0 	67278426 2255045 0 	471.186 	3 	21
25594100000000 25594200000381 	14200023664 41738218220 2287310 	14197736354 2287310 0 0 0 	68246512 2287310 0 	471.322 	3 	21
25619700000000 25619800000381 	14400024426 42326801136 2319247 	14397705179 2319247 0 0 0 	69193637 2319247 0 	471.454 	3 	21
25645300000000 25645400000381 	14600025188 42915395047 2351381 	14597673807 2351381 0 0 0 	70153056 2351381 0 	471.582 	3 	21
25670900000000 25671000000381 	14800025950 43504027568 2382952 	14797642998 2382952 0 0 0 	71093727 2382952 0 	471.707 	3 	21
25696500000000 25696600000381 	15000026712 44092678861 2414295 	14997612417 2414295 0 0 0 	72025505 2414295 0 	471.828 	3 	21
25722100000000 25722200000381 	15200027474 44681311318 2445340 	15197582134 2445340 0 0 0 	72955609 2445340 0 	471.947 	3 	21
25747700000000 25747800000381 	15400028236 45269955953 2476195 	15397552041 2476195 0 0 0 	73869738 2476195 0 	472.062 	3 	21
25773300000000 25773400000468 	15600029172 45858641707 2506863 	15597522309 2506863 0 0 0 	74792320 2506863 0 	472.137 	3 	21
25798900000000 25799000000468 	15800030108 46447372738 2537280 	15797492828 2537280 0 0 0 	75693718 2537280 0 	472.21 	3 	21
25824500000000 25824600000468 	16000031044 47036075690 2567267 	15997463777 2567267 0 0 0 	76603811 2567267 0 	472.282 	3 	21
25850100000000 25850200000468 	16200031980 47624819735 2597181 	16197434799 2597181 0 0 0 	77503860 2597181 0 	472.352 	3 	21
25875700000000 25875800000468 	16400032916 48213541644 2626729 	16397406187 2626729 0 0 0 	78385515 2626729 0 	472.42 	3 	21
25901300000000 25901400000468 	16600033852 48802271433 2656024 	16597377828 2656024 0 0 0 	79257839 2656024 0 	472.486 	3 	21
25926900000000 25927000000468 	16800034788 49391018647 2685202 	16797349586 2685202 0 0 0 	80130620 2685202 0 	472.551 	3 	21
25952500000000 25952600000254 	17000035296 49979810368 2714156 	16997321140 2714156 0 0 0 	81001615 2714156 0 	472.568 	3 	21
25978100000000 25978200000254 	17200035804 50568553436 2742322 	17197293482 2742322 0 0 0 	81839240 2742322 0 	472.585 	3 	21
26003700000000 26003800000254 	17400036312 51157327749 2770936 	17397265376 2770936 0 0 0 	82698928 2770936 0 	472.601 	3 	21
26029300000000 26029400000254 	17600036820 51746143450 2798861 	17597237959 2798861 0 0 0 	83541215 2798861 0 	472.617 	3 	21
26054900000000 26055000000254 	17800037328 52334957543 2826589 	17797210739 2826589 0 0 0 	84372881 2826589 0 	472.632 	3 	21
26080500000000 26080600000254 	18000037836 52923836653 2854244 	17997183592 2854244 0 0 0 	85197964 2854244 0 	472.647 	3 	21
26106100000000 26106200000254 	18200038344 53512698986 2881750 	18197156594 2881750 0 0 0 	86020223 2881750 0 	472.662 	3 	21
26131700000000 26131800000254 	18400038852 54101573741 2908609 	18397130243 2908609 0 0 0 	86817107 2908609 0 	472.677 	3 	21
26157300000000 26157400000365 	18600039582 54690502167 2935394 	18597104188 2935394 0 0 0 	87624059 2935394 0 	472.659 	3 	21
26182900000000 26183000000365 	18800040312 55279456775 2962258 	18797078054 2962258 0 0 0 	88425585 2962258 0 	472.641 	3 	21
26208500000000 26208600000365 	19000041042 55868412364 2988758 	18997052284 2988758 0 0 0 	89226673 2988758 0 	472.624 	3 	21
26234100000000 26234200000365 	19200041772 56457349145 3014803 	19197026969 3014803 0 0 0 	90001924 3014803 0 	472.607 	3 	21
