23802400000000 23802500000044 	200000088 587000582 7581 	199992507 7581 0 0 0 	226253 7581 0 	414 	3 	24
23828000000000 23828100000044 	400000176 1174021725 14981 	399985195 14981 0 0 0 	447773 14981 0 	414 	3 	24
23853600000000 23853700000044 	600000264 1761052817 22296 	599977968 22296 0 0 0 	661542 22296 0 	414 	3 	24
23879200000000 23879300000044 	800000352 2348039636 29433 	799970919 29433 0 0 0 	877839 29433 0 	414 	3 	24
23904800000000 23904900000044 	1000000440 2935116910 36544 	999963896 36544 0 0 0 	1086827 36544 0 	414 	3 	24
23930400000000 23930500000044 	1200000528 3522151789 43654 	1199956874 43654 0 0 0 	1297264 43654 0 	414 	3 	24
23956000000000 23956100000228 	1400000984 4109192940 50601 	1399950383 50601 0 0 0 	1510168 50601 0 	413.713 	3 	24
23981600000000 23981700000228 	1600001440 4696277223 57605 	1599943835 57605 0 0 0 	1719960 57605 0 	413.498 	3 	24
24007200000000 24007300000228 	1800001896 5283372350 64309 	1799937587 64309 0 0 0 	1921537 64309 0 	413.331 	3 	24
24032800000000 24032900000228 	2000002352 5870489123 71019 	1999931333 71019 0 0 0 	2118190 71019 0 	413.198 	3 	24
24058400000000 24058500000228 	2200002808 6457667274 77690 	2199925118 77690 0 0 0 	2318237 77690 0 	413.089 	3 	24
24084000000000 24084100000228 	2400003264 7044844533 84304 	2399918960 84304 0 0 0 	2510197 84304 0 	412.998 	3 	24
24109600000000 24109700000091 	2600003446 7631982638 90908 	2599912538 90908 0 0 0 	2707090 90908 0 	412.687 	3 	24
24135200000000 24135300000091 	2800003628 8219189860 97366 	2799906262 97366 0 0 0 	2903162 97366 0 	412.422 	3 	24
24160800000000 24160900000091 	3000003810 8806431038 103672 	2999900138 103672 0 0 0 	3091613 103672 0 	412.192 	3 	24
24186400000000 24186500000091 	3200003992 9393666564 109896 	3199894096 109896 0 0 0 	3277391 109896 0 	411.991 	3 	24
24212000000000 24212100000091 	3400004174 9980941844 116050 	3399888124 116050 0 0 0 	3460475 116050 0 	411.814 	3 	24
24237600000000 24237700000091 	3600004356 10568194611 122181 	3599882175 122181 0 0 0 	3646260 122181 0 	411.656 	3 	24
24263200000000 24263300000308 	3800004972 11155875239 172829 	3799832143 172829 0 0 0 	5163365 172829 0 	415.807 	3 	24
24288800000000 24288900000308 	4000005588 11743570151 223250 	3999782338 223250 0 0 0 	6671040 223250 0 	419.615 	3 	24
24314400000000 24314500000308 	4200006204 12331227095 273605 	4199732599 273605 0 0 0 	8169396 273605 0 	423.12 	3 	24
24340000000000 24340100000308 	4400006820 12918935286 323317 	4399683503 323317 0 0 0 	9664794 323317 0 	426.358 	3 	24
24365600000000 24365700000308 	4600007436 13506622662 372133 	4599635303 372133 0 0 0 	11117315 372133 0 	429.358 	3 	24
24391200000000 24391300000308 	4800008052 14094396554 420556 	4799587496 420556 0 0 0 	12560868 420556 0 	432.146 	3 	24
24416800000000 24416900000308 	5000008668 14682224083 468808 	4999539860 468808 0 0 0 	14002693 468808 0 	434.742 	3 	24
24442400000000 24442500000152 	5200008972 15269997209 516706 	5199492266 516706 0 0 0 	15434734 516706 0 	437.052 	3 	24
24468000000000 24468100000152 	5400009276 15857792165 564178 	5399445098 564178 0 0 0 	16844358 564178 0 	439.213 	3 	24
24493600000000 24493700000152 	5600009580 16445625861 610946 	5599398634 610946 0 0 0 	18246085 610946 0 	441.239 	3 	24
24519200000000 24519300000152 	5800009884 17033501534 657416 	5799352468 657416 0 0 0 	19652404 657416 0 	443.142 	3 	24
24544800000000 24544900000152 	6000010188 17621367049 703345 	5999306843 703345 0 0 0 	21022071 703345 0 	444.933 	3 	24
24570400000000 24570500000152 	6200010492 18209253510 748776 	6199261716 748776 0 0 0 	22368574 748776 0 	446.621 	3 	24
24596000000000 24596100000152 	6400010796 18797142920 794239 	6399216557 794239 0 0 0 	23718048 794239 0 	448.216 	3 	24
24621600000000 24621700000152 	6600011100 19385050008 839033 	6599172067 839033 0 0 0 	25050225 839033 0 	449.724 	3 	24
24647200000000 24647300000000 	6800011100 19972944163 883280 	6799127820 883280 0 0 0 	26381160 883280 0 	451.058 	3 	24
24672800000000 24672900000000 	7000011100 20560845367 927172 	6999083928 927172 0 0 0 	27694932 927172 0 	452.323 	3 	24
24698400000000 24698500000000 	7200011100 21148791900 971049 	7199040051 971049 0 0 0 	29003819 971049 0 	453.524 	3 	24
24724000000000 24724100000000 	7400011100 21736766630 1014701 	7398996399 1014701 0 0 0 	30310819 1014701 0 	454.667 	3 	24
24749600000000 24749700000000 	7600011100 22324773671 1057909 	7598953191 1057909 0 0 0 	31597937 1057909 0 	455.754 	3 	24
24775200000000 24775300000000 	7800011100 22912763591 1100527 	7798910573 1100527 0 0 0 	32867494 1100527 0 	456.79 	3 	24
24800800000000 24800900000000 	8000011100 23500782806 1143153 	7998867947 1143153 0 0 0 	34138444 1143153 0 	457.779 	3 	24
24826400000000 24826500000048 	8200011196 24088886433 1185279 	8198825917 1185279 0 0 0 	35403451 1185279 0 	458.641 	3 	24
24852000000000 24852100000048 	8400011292 24676914125 1226496 	8398784796 1226496 0 0 0 	36636068 1226496 0 	459.465 	3 	24
24877600000000 24877700000048 	8600011388 25264968099 1267949 	8598743439 1267949 0 0 0 	37878043 1267949 0 	460.254 	3 	24
24903200000000 24903300000048 	8800011484 25853090437 1308800 	8798702684 1308800 0 0 0 	39093434 1308800 0 	461.009 	3 	24
24928800000000 24928900000048 	9000011580 26441217655 1349288 	8998662292 1349288 0 0 0 	40314176 1349288 0 	461.733 	3 	24
24954400000000 24954500000048 	9200011676 27029356017 1389500 	9198622176 1389500 0 0 0 	41501361 1389500 0 	462.427 	3 	24
24980000000000 24980100000048 	9400011772 27617521257 1429843 	9398581929 1429843 0 0 0 	42711996 1429843 0 	463.094 	3 	24
25005600000000 25005700000476 	9600012724 28205699826 1469543 	9598543181 1469543 0 0 0 	43899260 1469543 0 	463.662 	3 	24
25031200000000 25031300000476 	9800013676 28793828984 1508615 	9798505061 1508615 0 0 0 	45072687 1508615 0 	464.207 	3 	24
25056800000000 25056900000476 	10000014628 29382086754 1547460 	9998467168 1547460 0 0 0 	46230911 1547460 0 	464.732 	3 	24
25082400000000 25082500000476 	10200015580 29970288705 1585857 	10198429723 1585857 0 0 0 	47374414 1585857 0 	465.238 	3 	24
25108000000000 25108100000476 	10400016532 30558564638 1623973 	10398392559 1623973 0 0 0 	48513228 1623973 0 	465.725 	3 	24
25133600000000 25133700000476 	10600017484 31146801574 1661730 	10598355754 1661730 0 0 0 	49643872 1661730 0 	466.195 	3 	24
25159200000000 25159300000476 	10800018436 31735011442 1699049 	10798319387 1699049 0 0 0 	50763446 1699049 0 	466.648 	3 	24
25184800000000 25184900000476 	11000019388 32323267027 1736341 	10998283047 1736341 0 0 0 	51874962 1736341 0 	467.086 	3 	24
25210400000000 25210500000011 	11200019410 32911568873 1773109 	11198246301 1773109 0 0 0 	52977303 1773109 0 	467.46 	3 	24
25236000000000 25236100000011 	11400019432 33499888466 1809813 	11398209619 1809813 0 0 0 	54078955 1809813 0 	467.821 	3 	24
25261600000000 25261700000011 	11600019454 34088141748 1845879 	11598173575 1845879 0 0 0 	55155036 1845879 0 	468.171 	3 	24
25287200000000 25287300000011 	11800019476 34676467475 1881910 	11798137566 1881910 0 0 0 	56226753 1881910 0 	468.509 	3 	24
25312800000000 25312900000011 	12000019498 35264797293 1917505 	11998101993 1917505 0 0 0 	57301130 1917505 0 	468.837 	3 	24
25338400000000 25338500000011 	12200019520 35853229747 1952955 	12198066565 1952955 0 0 0 	58358818 1952955 0 	469.154 	3 	24
25364000000000 25364100000011 	12400019542 36441638076 1987878 	12398031664 1987878 0 0 0 	59403127 1987878 0 	469.461 	3 	24
25389600000000 25389700000210 	12600019962 37030007171 2022326 	12597997636 2022326 0 0 0 	60429370 2022326 0 	469.7 	3 	24
25415200000000 25415300000210 	12800020382 37618478269 2056290 	12797964092 2056290 0 0 0 	61452705 2056290 0 	469.932 	3 	24
25440800000000 25440900000210 	13000020802 38206944023 2090238 	12997930564 2090238 0 0 0 	62462626 2090238 0 	470.156 	3 	24
25466400000000 25466500000210 	13200021222 38795462447 2124096 	13197897126 2124096 0 0 0 	63475103 2124096 0 	470.374 	3 	24
25492000000000 25492100000210 	13400021642 39383947826 2157615 	13397864027 2157615 0 0 0 	64475350 2157615 0 	470.586 	3 	24
25517600000000 25517700000210 	13600022062 39972430425 2190551 	13597831511 2190551 0 0 0 	65461455 2190551 0 	470.792 	3 	24
25543200000000 25543300000210 	13800022482 40560943165 2223937 	13797798545 2223937 0 0 0 	66451052 2223937 0 	470.992 	3 	24
25568800000000 25568900000210 	14000022902 41149439201 2256443 	13997766459 2256443 0 0 0 	67420549 2256443 0 	471.186 	3 	24
25594400000000 25594500000381 	14200023664 41737990090 2288663 	14197735001 2288663 0 0 0 	68384628 2288663 0 	471.322 	3 	24
25620000000000 25620100000381 	14400024426 42326517524 2321105 	14397703321 2321105 0 0 0 	69363458 2321105 0 	471.454 	3 	24
25645600000000 25645700000381 	14600025188 42915121176 2352958 	14597672230 2352958 0 0 0 	70318591 2352958 0 	471.582 	3 	24
25671200000000 25671300000381 	14800025950 43503718624 2384313 	14797641637 2384313 0 0 0 	71259815 2384313 0 	471.707 	3 	24
25696800000000 25696900000381 	15000026712 44092361855 2415717 	14997610995 2415717 0 0 0 	72197703 2415717 0 	471.828 	3 	24
25722400000000 25722500000381 	15200027474 44680982508 2446379 	15197581095 2446379 0 0 0 	73124253 2446379 0 	471.947 	3 	24
25748000000000 25748100000381 	15400028236 45269578721 2476873 	15397551363 2476873 0 0 0 	74031928 2476873 0 	472.062 	3 	24
25773600000000 25773700000468 	15600029172 45858225742 2507431 	15597521741 2507431 0 0 0 	74954028 2507431 0 	472.137 	3 	24
25799200000000 25799300000468 	15800030108 46446945968 2537673 	15797492435 2537673 0 0 0 	75855978 2537673 0 	472.21 	3 	24
25824800000000 25824900000468 	16000031044 47035630595 2567935 	15997463109 2567935 0 0 0 	76759274 2567935 0 	472.282 	3 	24
25850400000000 25850500000468 	16200031980 47624368940 2597980 	16197434000 2597980 0 0 0 	77656043 2597980 0 	472.352 	3 	24
25876000000000 25876100000468 	16400032916 48213135990 2627633 	16397405283 2627633 0 0 0 	78540980 2627633 0 	472.42 	3 	24
25901600000000 25901700000468 	16600033852 48801855104 2656986 	16597376866 2656986 0 0 0 	79417058 2656986 0 	472.486 	3 	24
25927200000000 25927300000468 	16800034788 49390633575 2685952 	16797348836 2685952 0 0 0 	80279704 2685952 0 	472.551 	3 	24
25952800000000 25952900000254 	17000035296 49979420844 2714806 	16997320490 2714806 0 0 0 	81142785 2714806 0 	472.568 	3 	24
25978400000000 25978500000254 	17200035804 50568217722 2743189 	17197292615 2743189 0 0 0 	81983877 2743189 0 	472.585 	3 	24
26004000000000 26004100000254 	17400036312 51157057115 2771427 	17397264885 2771427 0 0 0 	82826550 2771427 0 	472.601 	3 	24
26029600000000 26029700000254 	17600036820 51745944129 2799540 	17597237280 2799540 0 0 0 	83665185 2799540 0 	472.617 	3 	24
26055200000000 26055300000254 	17800037328 52334794362 2827377 	17797209951 2827377 0 0 0 	84493769 2827377 0 	472.632 	3 	24
26080800000000 26080900000254 	18000037836 52923698245 2855056 	17997182780 2855056 0 0 0 	85317384 2855056 0 	472.647 	3 	24
26106400000000 26106500000254 	18200038344 53512577206 2882582 	18197155762 2882582 0 0 0 	86142580 2882582 0 	472.662 	3 	24
26132000000000 26132100000254 	18400038852 54101498073 2909742 	18397129110 2909742 0 0 0 	86950356 2909742 0 	472.677 	3 	24
26157600000000 26157700000365 	18600039582 54690435203 2936759 	18597102823 2936759 0 0 0 	87759312 2936759 0 	472.659 	3 	24
26183200000000 26183300000365 	18800040312 55279359374 2963265 	18797077047 2963265 0 0 0 	88559803 2963265 0 	472.641 	3 	24
26208800000000 26208900000365 	19000041042 55868257722 2989295 	18997051747 2989295 0 0 0 	89329590 2989295 0 	472.624 	3 	24
26234400000000 26234500000365 	19200041772 56457198853 3015705 	19197026067 3015705 0 0 0 	90120906 3015705 0 	472.607 	3 	24
