23802700000000 23802800000044 	200000088 586895716 7455 	199992633 7455 0 0 0 	226010 7455 0 	414 	3 	27
23828300000000 23828400000044 	400000176 1173848163 15027 	399985149 15027 0 0 0 	450406 15027 0 	414 	3 	27
23853900000000 23854000000044 	600000264 1760863072 22329 	599977935 22329 0 0 0 	666412 22329 0 	414 	3 	27
23879500000000 23879600000044 	800000352 2347964272 29603 	799970749 29603 0 0 0 	883422 29603 0 	414 	3 	27
23905100000000 23905200000044 	1000000440 2934998114 36704 	999963736 36704 0 0 0 	1098186 36704 0 	414 	3 	27
23930700000000 23930800000044 	1200000528 3522068194 43781 	1199956747 43781 0 0 0 	1308731 43781 0 	414 	3 	27
23956300000000 23956400000228 	1400000984 4109100095 50714 	1399950270 50714 0 0 0 	1518597 50714 0 	413.713 	3 	27
23981900000000 23982000000228 	1600001440 4696244177 57731 	1599943709 57731 0 0 0 	1730937 57731 0 	413.498 	3 	27
24007500000000 24007600000228 	1800001896 5283354364 64480 	1799937416 64480 0 0 0 	1932393 64480 0 	413.331 	3 	27
24033100000000 24033200000228 	2000002352 5870444116 71164 	1999931188 71164 0 0 0 	2133217 71164 0 	413.198 	3 	27
24058700000000 24058800000228 	2200002808 6457600110 77799 	2199925009 77799 0 0 0 	2334282 77799 0 	413.089 	3 	27
24084300000000 24084400000228 	2400003264 7044816647 84465 	2399918799 84465 0 0 0 	2532254 84465 0 	412.998 	3 	27
24109900000000 24110000000091 	2600003446 7632041523 91071 	2599912375 91071 0 0 0 	2728725 91071 0 	412.687 	3 	27
24135500000000 24135600000091 	2800003628 8219242951 97517 	2799906111 97517 0 0 0 	2921369 97517 0 	412.422 	3 	27
24161100000000 24161200000091 	3000003810 8806458847 103955 	2999899855 103955 0 0 0 	3113503 103955 0 	412.192 	3 	27
24186700000000 24186800000091 	3200003992 9393741543 110130 	3199893862 110130 0 0 0 	3301857 110130 0 	411.991 	3 	27
24212300000000 24212400000091 	3400004174 9980994584 116630 	3399887544 116630 0 0 0 	3496079 116630 0 	411.814 	3 	27
24237900000000 24238000000091 	3600004356 10568286182 122907 	3599881449 122907 0 0 0 	3682259 122907 0 	411.656 	3 	27
24263500000000 24263600000308 	3800004972 11155984945 173643 	3799831329 173643 0 0 0 	5187196 173643 0 	415.807 	3 	27
24289100000000 24289200000308 	4000005588 11743682937 223746 	3999781842 223746 0 0 0 	6677838 223746 0 	419.615 	3 	27
24314700000000 24314800000308 	4200006204 12331424465 273730 	4199732474 273730 0 0 0 	8179416 273730 0 	423.12 	3 	27
24340300000000 24340400000308 	4400006820 12919188106 322978 	4399683842 322978 0 0 0 	9634375 322978 0 	426.358 	3 	27
24365900000000 24366000000308 	4600007436 13506920401 372003 	4599635433 372003 0 0 0 	11092241 372003 0 	429.358 	3 	27
24391500000000 24391600000308 	4800008052 14094681053 420351 	4799587701 420351 0 0 0 	12540402 420351 0 	432.146 	3 	27
24417100000000 24417200000308 	5000008668 14682415270 468217 	4999540451 468217 0 0 0 	13970347 468217 0 	434.742 	3 	27
24442700000000 24442800000152 	5200008972 15270183466 515856 	5199493116 515856 0 0 0 	15397489 515856 0 	437.052 	3 	27
24468300000000 24468400000152 	5400009276 15857998783 563253 	5399446023 563253 0 0 0 	16813152 563253 0 	439.213 	3 	27
24493900000000 24494000000152 	5600009580 16445778115 609849 	5599399731 609849 0 0 0 	18196266 609849 0 	441.239 	3 	27
24519500000000 24519600000152 	5800009884 17033608300 656227 	5799353657 656227 0 0 0 	19579773 656227 0 	443.142 	3 	27
24545100000000 24545200000152 	6000010188 17621470438 702296 	5999307892 702296 0 0 0 	20951256 702296 0 	444.933 	3 	27
24570700000000 24570800000152 	6200010492 18209356911 748024 	6199262468 748024 0 0 0 	22319469 748024 0 	446.621 	3 	27
24596300000000 24596400000152 	6400010796 18797260107 793485 	6399217311 793485 0 0 0 	23673333 793485 0 	448.216 	3 	27
24621900000000 24622000000152 	6600011100 19385169102 838048 	6599173052 838048 0 0 0 	25003946 838048 0 	449.724 	3 	27
24647500000000 24647600000000 	6800011100 19973025493 882537 	6799128563 882537 0 0 0 	26325741 882537 0 	451.058 	3 	27
24673100000000 24673200000000 	7000011100 20560970393 926374 	6999084726 926374 0 0 0 	27627712 926374 0 	452.323 	3 	27
24698700000000 24698800000000 	7200011100 21148980648 970113 	7199040987 970113 0 0 0 	28934497 970113 0 	453.524 	3 	27
24724300000000 24724400000000 	7400011100 21736954573 1013686 	7398997414 1013686 0 0 0 	30229874 1013686 0 	454.667 	3 	27
24749900000000 24750000000000 	7600011100 22324932526 1056898 	7598954202 1056898 0 0 0 	31517631 1056898 0 	455.754 	3 	27
24775500000000 24775600000000 	7800011100 22912949035 1099462 	7798911638 1099462 0 0 0 	32789395 1099462 0 	456.79 	3 	27
24801100000000 24801200000000 	8000011100 23500949102 1141960 	7998869140 1141960 0 0 0 	34066770 1141960 0 	457.779 	3 	27
24826700000000 24826800000048 	8200011196 24089038241 1183780 	8198827416 1183780 0 0 0 	35309163 1183780 0 	458.641 	3 	27
24852300000000 24852400000048 	8400011292 24677101808 1225456 	8398785836 1225456 0 0 0 	36558396 1225456 0 	459.465 	3 	27
24877900000000 24878000000048 	8600011388 25265223661 1266677 	8598744711 1266677 0 0 0 	37780220 1266677 0 	460.254 	3 	27
24903500000000 24903600000048 	8800011484 25853278101 1307520 	8798703964 1307520 0 0 0 	38998771 1307520 0 	461.009 	3 	27
24929100000000 24929200000048 	9000011580 26441375430 1348587 	8998662993 1348587 0 0 0 	40228419 1348587 0 	461.733 	3 	27
24954700000000 24954800000048 	9200011676 27029515324 1388667 	9198623009 1388667 0 0 0 	41422201 1388667 0 	462.427 	3 	27
24980300000000 24980400000048 	9400011772 27617631290 1428439 	9398583333 1428439 0 0 0 	42605268 1428439 0 	463.094 	3 	27
25005900000000 25006000000476 	9600012724 28205766898 1467807 	9598544917 1467807 0 0 0 	43781876 1467807 0 	463.662 	3 	27
25031500000000 25031600000476 	9800013676 28793923647 1507298 	9798506378 1507298 0 0 0 	44964985 1507298 0 	464.207 	3 	27
25057100000000 25057200000476 	10000014628 29382082121 1545968 	9998468660 1545968 0 0 0 	46120254 1545968 0 	464.732 	3 	27
25082700000000 25082800000476 	10200015580 29970244044 1584443 	10198431137 1584443 0 0 0 	47267882 1584443 0 	465.238 	3 	27
25108300000000 25108400000476 	10400016532 30558476110 1622747 	10398393785 1622747 0 0 0 	48410925 1622747 0 	465.725 	3 	27
25133900000000 25134000000476 	10600017484 31146714101 1660375 	10598357109 1660375 0 0 0 	49532530 1660375 0 	466.195 	3 	27
25159500000000 25159600000476 	10800018436 31734943670 1698095 	10798320341 1698095 0 0 0 	50661856 1698095 0 	466.648 	3 	27
25185100000000 25185200000476 	11000019388 32323194023 1734922 	10998284466 1734922 0 0 0 	51757657 1734922 0 	467.086 	3 	27
25210700000000 25210800000011 	11200019410 32911506155 1771537 	11198247873 1771537 0 0 0 	52851020 1771537 0 	467.46 	3 	27
25236300000000 25236400000011 	11400019432 33499826778 1808098 	11398211334 1808098 0 0 0 	53946437 1808098 0 	467.821 	3 	27
25261900000000 25262000000011 	11600019454 34088142771 1844461 	11598174993 1844461 0 0 0 	55035813 1844461 0 	468.171 	3 	27
25287500000000 25287600000011 	11800019476 34676459750 1880542 	11798138934 1880542 0 0 0 	56112229 1880542 0 	468.509 	3 	27
25313100000000 25313200000011 	12000019498 35264814755 1916478 	11998103020 1916478 0 0 0 	57177952 1916478 0 	468.837 	3 	27
25338700000000 25338800000011 	12200019520 35853239961 1951706 	12198067814 1951706 0 0 0 	58227690 1951706 0 	469.154 	3 	27
25364300000000 25364400000011 	12400019542 36441593313 1986967 	12398032575 1986967 0 0 0 	59276433 1986967 0 	469.461 	3 	27
25389900000000 25390000000210 	12600019962 37029970991 2021477 	12597998485 2021477 0 0 0 	60306880 2021477 0 	469.7 	3 	27
25415500000000 25415600000210 	12800020382 37618426579 2055787 	12797964595 2055787 0 0 0 	61328016 2055787 0 	469.932 	3 	27
25441100000000 25441200000210 	13000020802 38206878671 2089883 	12997930919 2089883 0 0 0 	62355388 2089883 0 	470.156 	3 	27
25466700000000 25466800000210 	13200021222 38795318784 2123655 	13197897567 2123655 0 0 0 	63363107 2123655 0 	470.374 	3 	27
25492300000000 25492400000210 	13400021642 39383819129 2157432 	13397864210 2157432 0 0 0 	64363706 2157432 0 	470.586 	3 	27
25517900000000 25518000000210 	13600022062 39972298926 2190517 	13597831545 2190517 0 0 0 	65347562 2190517 0 	470.792 	3 	27
25543500000000 25543600000210 	13800022482 40560822810 2223713 	13797798769 2223713 0 0 0 	66345336 2223713 0 	470.992 	3 	27
25569100000000 25569200000210 	14000022902 41149375815 2256358 	13997766544 2256358 0 0 0 	67316314 2256358 0 	471.186 	3 	27
25594700000000 25594800000381 	14200023664 41737946504 2288559 	14197735105 2288559 0 0 0 	68273742 2288559 0 	471.322 	3 	27
25620300000000 25620400000381 	14400024426 42326547419 2320799 	14397703627 2320799 0 0 0 	69231681 2320799 0 	471.454 	3 	27
25645900000000 25646000000381 	14600025188 42915090836 2352786 	14597672402 2352786 0 0 0 	70181939 2352786 0 	471.582 	3 	27
25671500000000 25671600000381 	14800025950 43503663291 2384254 	14797641696 2384254 0 0 0 	71113142 2384254 0 	471.707 	3 	27
25697100000000 25697200000381 	15000026712 44092330543 2415419 	14997611293 2415419 0 0 0 	72036444 2415419 0 	471.828 	3 	27
25722700000000 25722800000381 	15200027474 44681034032 2446852 	15197580622 2446852 0 0 0 	72977018 2446852 0 	471.947 	3 	27
25748300000000 25748400000381 	15400028236 45269663167 2477679 	15397550557 2477679 0 0 0 	73900061 2477679 0 	472.062 	3 	27
25773900000000 25774000000468 	15600029172 45858345238 2507919 	15597521253 2507919 0 0 0 	74807671 2507919 0 	472.137 	3 	27
25799500000000 25799600000468 	15800030108 46446942334 2538355 	15797491753 2538355 0 0 0 	75716604 2538355 0 	472.21 	3 	27
25825100000000 25825200000468 	16000031044 47035673187 2568085 	15997462959 2568085 0 0 0 	76602135 2568085 0 	472.282 	3 	27
25850700000000 25850800000468 	16200031980 47624384199 2597886 	16197434094 2597886 0 0 0 	77492965 2597886 0 	472.352 	3 	27
25876300000000 25876400000468 	16400032916 48213067334 2627106 	16397405810 2627106 0 0 0 	78365589 2627106 0 	472.42 	3 	27
25901900000000 25902000000468 	16600033852 48801828223 2656315 	16597377537 2656315 0 0 0 	79231536 2656315 0 	472.486 	3 	27
25927500000000 25927600000468 	16800034788 49390579204 2685358 	16797349430 2685358 0 0 0 	80097918 2685358 0 	472.551 	3 	27
25953100000000 25953200000254 	17000035296 49979344040 2713743 	16997321553 2713743 0 0 0 	80942839 2713743 0 	472.568 	3 	27
25978700000000 25978800000254 	17200035804 50568132453 2742112 	17197293692 2742112 0 0 0 	81786105 2742112 0 	472.585 	3 	27
26004300000000 26004400000254 	17400036312 51156987610 2770486 	17397265826 2770486 0 0 0 	82632342 2770486 0 	472.601 	3 	27
26029900000000 26030000000254 	17600036820 51745793034 2798270 	17597238550 2798270 0 0 0 	83462771 2798270 0 	472.617 	3 	27
26055500000000 26055600000254 	17800037328 52334566024 2825994 	17797211334 2825994 0 0 0 	84286937 2825994 0 	472.632 	3 	27
26081100000000 26081200000254 	18000037836 52923445364 2853471 	17997184365 2853471 0 0 0 	85103730 2853471 0 	472.647 	3 	27
26106700000000 26106800000254 	18200038344 53512293643 2880991 	18197157353 2880991 0 0 0 	85920893 2880991 0 	472.662 	3 	27
26132300000000 26132400000254 	18400038852 54101163601 2908036 	18397130816 2908036 0 0 0 	86736723 2908036 0 	472.677 	3 	27
26157900000000 26158000000365 	18600039582 54690075765 2934875 	18597104707 2934875 0 0 0 	87541854 2934875 0 	472.659 	3 	27
26183500000000 26183600000365 	18800040312 55278952737 2961743 	18797078569 2961743 0 0 0 	88344599 2961743 0 	472.641 	3 	27
26209100000000 26209200000365 	19000041042 55867852219 2987905 	18997053137 2987905 0 0 0 	89125513 2987905 0 	472.624 	3 	27
26234700000000 26234800000365 	19200041772 56456827704 3013965 	19197027807 3013965 0 0 0 	89906287 3013965 0 	472.607 	3 	27
