23804400000000 23804500000044 	200000088 586943245 7451 	199992637 7451 0 0 0 	222509 7451 0 	414 	3 	44
23830000000000 23830100000044 	400000176 1173988345 14740 	399985436 14740 0 0 0 	436074 14740 0 	414 	3 	44
23855600000000 23855700000044 	600000264 1760963821 22003 	599978261 22003 0 0 0 	655427 22003 0 	414 	3 	44
23881200000000 23881300000044 	800000352 2347957179 29169 	799971183 29169 0 0 0 	867858 29169 0 	414 	3 	44
23906800000000 23906900000044 	1000000440 2934957988 36291 	999964149 36291 0 0 0 	1081329 36291 0 	414 	3 	44
23932400000000 23932500000044 	1200000528 3522000088 43161 	1199957367 43161 0 0 0 	1283287 43161 0 	414 	3 	44
23958000000000 23958100000228 	1400000984 4109069094 49944 	1399951040 49944 0 0 0 	1484277 49944 0 	413.713 	3 	44
23983600000000 23983700000228 	1600001440 4696108639 56714 	1599944726 56714 0 0 0 	1684239 56714 0 	413.498 	3 	44
24009200000000 24009300000228 	1800001896 5283273198 63497 	1799938399 63497 0 0 0 	1890620 63497 0 	413.331 	3 	44
24034800000000 24034900000228 	2000002352 5870448119 70386 	1999931966 70386 0 0 0 	2097627 70386 0 	413.198 	3 	44
24060400000000 24060500000228 	2200002808 6457665283 76964 	2199925844 76964 0 0 0 	2293831 76964 0 	413.089 	3 	44
24086000000000 24086100000228 	2400003264 7044872273 83677 	2399919587 83677 0 0 0 	2493230 83677 0 	412.998 	3 	44
24111600000000 24111700000091 	2600003446 7632111313 90208 	2599913238 90208 0 0 0 	2688604 90208 0 	412.687 	3 	44
24137200000000 24137300000091 	2800003628 8219291773 96680 	2799906948 96680 0 0 0 	2882438 96680 0 	412.422 	3 	44
24162800000000 24162900000091 	3000003810 8806520640 103249 	2999900561 103249 0 0 0 	3079442 103249 0 	412.192 	3 	44
24188400000000 24188500000091 	3200003992 9393756049 109629 	3199894363 109629 0 0 0 	3268870 109629 0 	411.991 	3 	44
24214000000000 24214100000091 	3400004174 9980985009 115816 	3399888358 115816 0 0 0 	3453673 115816 0 	411.814 	3 	44
24239600000000 24239700000091 	3600004356 10568266777 122066 	3599882290 122066 0 0 0 	3638077 122066 0 	411.656 	3 	44
24265200000000 24265300000308 	3800004972 11155954744 172471 	3799832501 172471 0 0 0 	5141399 172471 0 	415.807 	3 	44
24290800000000 24290900000308 	4000005588 11743660222 222806 	3999782782 222806 0 0 0 	6636406 222806 0 	419.615 	3 	44
24316400000000 24316500000308 	4200006204 12331396498 272701 	4199733503 272701 0 0 0 	8120738 272701 0 	423.12 	3 	44
24342000000000 24342100000308 	4400006820 12919134165 321692 	4399685128 321692 0 0 0 	9590361 321692 0 	426.358 	3 	44
24367600000000 24367700000308 	4600007436 13506913823 370718 	4599636718 370718 0 0 0 	11054260 370718 0 	429.358 	3 	44
24393200000000 24393300000308 	4800008052 14094679978 419098 	4799588954 419098 0 0 0 	12498230 419098 0 	432.146 	3 	44
24418800000000 24418900000308 	5000008668 14682465628 467254 	4999541414 467254 0 0 0 	13938081 467254 0 	434.742 	3 	44
24444400000000 24444500000152 	5200008972 15270280314 515121 	5199493851 515121 0 0 0 	15371479 515121 0 	437.052 	3 	44
24470000000000 24470100000152 	5400009276 15858079920 562696 	5399446580 562696 0 0 0 	16788184 562696 0 	439.213 	3 	44
24495600000000 24495700000152 	5600009580 16445905814 609420 	5599400160 609420 0 0 0 	18185486 609420 0 	441.239 	3 	44
24521200000000 24521300000152 	5800009884 17033781675 655954 	5799353930 655954 0 0 0 	19593138 655954 0 	443.142 	3 	44
24546800000000 24546900000152 	6000010188 17621671258 701662 	5999308526 701662 0 0 0 	20963371 701662 0 	444.933 	3 	44
24572400000000 24572500000152 	6200010492 18209573560 747512 	6199262980 747512 0 0 0 	22336381 747512 0 	446.621 	3 	44
24598000000000 24598100000152 	6400010796 18797488080 792903 	6399217893 792903 0 0 0 	23695347 792903 0 	448.216 	3 	44
24623600000000 24623700000000 	6600010796 19385408086 838072 	6599172724 838072 0 0 0 	25048125 838072 0 	449.627 	3 	44
24649200000000 24649300000000 	6800010796 19973364283 882686 	6799128110 882686 0 0 0 	26370601 882686 0 	450.963 	3 	44
24674800000000 24674900000000 	7000010796 20561317093 926794 	6999084002 926794 0 0 0 	27691330 926794 0 	452.23 	3 	44
24700400000000 24700500000000 	7200010796 21149219410 970843 	7199039953 970843 0 0 0 	29007312 970843 0 	453.434 	3 	44
24726000000000 24726100000000 	7400010796 21737199525 1014309 	7398996487 1014309 0 0 0 	30304607 1014309 0 	454.578 	3 	44
24751600000000 24751700000000 	7600010796 22325162076 1057359 	7598953437 1057359 0 0 0 	31589662 1057359 0 	455.667 	3 	44
24777200000000 24777300000000 	7800010796 22913134040 1099956 	7798910840 1099956 0 0 0 	32863501 1099956 0 	456.705 	3 	44
24802800000000 24802900000000 	8000010796 23501142831 1142385 	7998868411 1142385 0 0 0 	34126859 1142385 0 	457.696 	3 	44
24828400000000 24828500000048 	8200010892 24089192205 1184421 	8198826471 1184421 0 0 0 	35394624 1184421 0 	458.56 	3 	44
24854000000000 24854100000048 	8400010988 24677206259 1225866 	8398785122 1225866 0 0 0 	36626279 1225866 0 	459.386 	3 	44
24879600000000 24879700000048 	8600011084 25265310362 1266999 	8598744085 1266999 0 0 0 	37848317 1266999 0 	460.176 	3 	44
24905200000000 24905300000048 	8800011180 25853397915 1307900 	8798703280 1307900 0 0 0 	39070487 1307900 0 	460.932 	3 	44
24930800000000 24930900000048 	9000011276 26441528094 1348647 	8998662629 1348647 0 0 0 	40283626 1348647 0 	461.658 	3 	44
24956400000000 24956500000048 	9200011372 27029686570 1388888 	9198622484 1388888 0 0 0 	41478606 1388888 0 	462.353 	3 	44
24982000000000 24982100000048 	9400011468 27617859711 1428658 	9398582810 1428658 0 0 0 	42662086 1428658 0 	463.022 	3 	44
25007600000000 25007700000476 	9600012420 28205964296 1467972 	9598544448 1467972 0 0 0 	43837380 1467972 0 	463.591 	3 	44
25033200000000 25033300000476 	9800013372 28794171029 1507225 	9798506147 1507225 0 0 0 	45010209 1507225 0 	464.138 	3 	44
25058800000000 25058900000476 	10000014324 29382348560 1545801 	9998468523 1545801 0 0 0 	46163322 1545801 0 	464.664 	3 	44
25084400000000 25084500000476 	10200015276 29970592206 1584349 	10198430927 1584349 0 0 0 	47310763 1584349 0 	465.171 	3 	44
25110000000000 25110100000476 	10400016228 30558852530 1622168 	10398394060 1622168 0 0 0 	48436076 1622168 0 	465.659 	3 	44
25135600000000 25135700000476 	10600017180 31147090636 1660056 	10598357124 1660056 0 0 0 	49564279 1660056 0 	466.13 	3 	44
25161200000000 25161300000476 	10800018132 31735298611 1697318 	10798320814 1697318 0 0 0 	50670940 1697318 0 	466.584 	3 	44
25186800000000 25186900000476 	11000019084 32323587620 1734663 	10998284421 1734663 0 0 0 	51784055 1734663 0 	467.023 	3 	44
25212400000000 25212500000011 	11200019106 32911850210 1771426 	11198247680 1771426 0 0 0 	52883994 1771426 0 	467.398 	3 	44
25238000000000 25238100000011 	11400019128 33500266448 1808258 	11398210870 1808258 0 0 0 	53989284 1808258 0 	467.76 	3 	44
25263600000000 25263700000011 	11600019150 34088569605 1844485 	11598174665 1844485 0 0 0 	55064093 1844485 0 	468.111 	3 	44
25289200000000 25289300000011 	11800019172 34676986096 1880277 	11798138895 1880277 0 0 0 	56139451 1880277 0 	468.45 	3 	44
25314800000000 25314900000011 	12000019194 35265370350 1915740 	11998103454 1915740 0 0 0 	57193959 1915740 0 	468.779 	3 	44
25340400000000 25340500000011 	12200019216 35853810765 1950897 	12198068319 1950897 0 0 0 	58239258 1950897 0 	469.097 	3 	44
25366000000000 25366100000011 	12400019238 36442273989 1986115 	12398033123 1986115 0 0 0 	59288507 1986115 0 	469.405 	3 	44
25391600000000 25391700000210 	12600019658 37030632121 2020997 	12597998661 2020997 0 0 0 	60324972 2020997 0 	469.644 	3 	44
25417200000000 25417300000210 	12800020078 37619109754 2055098 	12797964980 2055098 0 0 0 	61334498 2055098 0 	469.877 	3 	44
25442800000000 25442900000210 	13000020498 38207574180 2089499 	12997930999 2089499 0 0 0 	62370708 2089499 0 	470.102 	3 	44
25468400000000 25468500000210 	13200020918 38796087298 2123108 	13197897810 2123108 0 0 0 	63377446 2123108 0 	470.321 	3 	44
25494000000000 25494100000210 	13400021338 39384559227 2156441 	13397864897 2156441 0 0 0 	64375862 2156441 0 	470.534 	3 	44
25519600000000 25519700000210 	13600021758 39973045565 2189483 	13597832275 2189483 0 0 0 	65358769 2189483 0 	470.74 	3 	44
25545200000000 25545300000210 	13800022178 40561540678 2222382 	13797799796 2222382 0 0 0 	66327927 2222382 0 	470.941 	3 	44
25570800000000 25570900000381 	14000022940 41150060231 2254874 	13997768066 2254874 0 0 0 	67307974 2254874 0 	471.082 	3 	44
25596400000000 25596500000381 	14200023702 41738587201 2287099 	14197736603 2287099 0 0 0 	68264665 2287099 0 	471.219 	3 	44
25622000000000 25622100000381 	14400024464 42327136293 2318989 	14397705475 2318989 0 0 0 	69219198 2318989 0 	471.352 	3 	44
25647600000000 25647700000381 	14600025226 42915749899 2350945 	14597674281 2350945 0 0 0 	70173670 2350945 0 	471.481 	3 	44
25673200000000 25673300000381 	14800025988 43504376560 2382586 	14797643402 2382586 0 0 0 	71118413 2382586 0 	471.607 	3 	44
25698800000000 25698900000381 	15000026750 44093040143 2413767 	14997612983 2413767 0 0 0 	72048422 2413767 0 	471.73 	3 	44
25724400000000 25724500000381 	15200027512 44681698209 2444748 	15197582764 2444748 0 0 0 	72974051 2444748 0 	471.85 	3 	44
25750000000000 25750100000381 	15400028274 45270347965 2475950 	15397552324 2475950 0 0 0 	73908507 2475950 0 	471.966 	3 	44
25775600000000 25775700000468 	15600029210 45859019501 2506533 	15597522677 2506533 0 0 0 	74827641 2506533 0 	472.043 	3 	44
25801200000000 25801300000468 	15800030146 46447706851 2536789 	15797493357 2536789 0 0 0 	75729427 2536789 0 	472.117 	3 	44
25826800000000 25826900000468 	16000031082 47036396216 2566902 	15997464180 2566902 0 0 0 	76637733 2566902 0 	472.19 	3 	44
25852400000000 25852500000468 	16200032018 47625148591 2596813 	16197435205 2596813 0 0 0 	77530447 2596813 0 	472.261 	3 	44
25878000000000 25878100000468 	16400032954 48213855484 2626340 	16397406614 2626340 0 0 0 	78414500 2626340 0 	472.33 	3 	44
25903600000000 25903700000468 	16600033890 48802576398 2655572 	16597378318 2655572 0 0 0 	79286466 2655572 0 	472.397 	3 	44
25929200000000 25929300000468 	16800034826 49391289510 2684637 	16797350189 2684637 0 0 0 	80158180 2684637 0 	472.463 	3 	44
25954800000000 25954900000254 	17000035334 49980093969 2713170 	16997322164 2713170 0 0 0 	81007061 2713170 0 	472.481 	3 	44
25980400000000 25980500000254 	17200035842 50568897077 2741584 	17197294258 2741584 0 0 0 	81856543 2741584 0 	472.499 	3 	44
26006000000000 26006100000254 	17400036350 51157683893 2769763 	17397266587 2769763 0 0 0 	82698832 2769763 0 	472.516 	3 	44
26031600000000 26031700000254 	17600036858 51746578478 2797969 	17597238889 2797969 0 0 0 	83547950 2797969 0 	472.533 	3 	44
26057200000000 26057300000254 	17800037366 52335456963 2826107 	17797211259 2826107 0 0 0 	84384375 2826107 0 	472.549 	3 	44
26082800000000 26082900000254 	18000037874 52924276188 2853655 	17997184219 2853655 0 0 0 	85200529 2853655 0 	472.566 	3 	44
26108400000000 26108500000254 	18200038382 53513168887 2881191 	18197157191 2881191 0 0 0 	86020953 2881191 0 	472.581 	3 	44
26134000000000 26134100000254 	18400038890 54102086229 2908362 	18397130528 2908362 0 0 0 	86835739 2908362 0 	472.597 	3 	44
26159600000000 26159700000365 	18600039620 54690981969 2935247 	18597104373 2935247 0 0 0 	87638829 2935247 0 	472.579 	3 	44
26185200000000 26185300000365 	18800040350 55279893368 2961674 	18797078676 2961674 0 0 0 	88426679 2961674 0 	472.563 	3 	44
26210800000000 26210900000365 	19000041080 55868766578 2987870 	18997053210 2987870 0 0 0 	89204564 2987870 0 	472.546 	3 	44
26236400000000 26236500000365 	19200041810 56457725619 3013974 	19197027836 3013974 0 0 0 	89980619 3013974 0 	472.53 	3 	44
