23805500000000 23805600000044 	200000088 587004165 7426 	199992662 7426 0 0 0 	219427 7426 0 	414 	3 	55
23831100000000 23831200000044 	400000176 1173955378 14918 	399985258 14918 0 0 0 	440708 14918 0 	414 	3 	55
23856700000000 23856800000044 	600000264 1760970058 22199 	599978065 22199 0 0 0 	662254 22199 0 	414 	3 	55
23882300000000 23882400000044 	800000352 2348046942 29443 	799970909 29443 0 0 0 	874925 29443 0 	414 	3 	55
23907900000000 23908000000044 	1000000440 2935088741 36474 	999963966 36474 0 0 0 	1083455 36474 0 	414 	3 	55
23933500000000 23933600000044 	1200000528 3522107453 43617 	1199956911 43617 0 0 0 	1295998 43617 0 	414 	3 	55
23959100000000 23959200000228 	1400000984 4109210980 50595 	1399950389 50595 0 0 0 	1503405 50595 0 	413.713 	3 	55
23984700000000 23984800000228 	1600001440 4696290624 57417 	1599944023 57417 0 0 0 	1709691 57417 0 	413.498 	3 	55
24010300000000 24010400000228 	1800001896 5283380382 64283 	1799937613 64283 0 0 0 	1912045 64283 0 	413.331 	3 	55
24035900000000 24036000000228 	2000002352 5870498486 70987 	1999931365 70987 0 0 0 	2110692 70987 0 	413.198 	3 	55
24061500000000 24061600000228 	2200002808 6457636913 77733 	2199925075 77733 0 0 0 	2310058 77733 0 	413.089 	3 	55
24087100000000 24087200000228 	2400003264 7044783750 84388 	2399918876 84388 0 0 0 	2508770 84388 0 	412.998 	3 	55
24112700000000 24112800000091 	2600003446 7631983832 91043 	2599912403 91043 0 0 0 	2707855 91043 0 	412.687 	3 	55
24138300000000 24138400000091 	2800003628 8219158080 97487 	2799906141 97487 0 0 0 	2901769 97487 0 	412.422 	3 	55
24163900000000 24164000000091 	3000003810 8806424455 103897 	2999899913 103897 0 0 0 	3090867 103897 0 	412.192 	3 	55
24189500000000 24189600000091 	3200003992 9393643360 110206 	3199893786 110206 0 0 0 	3278230 110206 0 	411.991 	3 	55
24215100000000 24215200000091 	3400004174 9980922757 116419 	3399887755 116419 0 0 0 	3462379 116419 0 	411.814 	3 	55
24240700000000 24240800000091 	3600004356 10568241392 122654 	3599881702 122654 0 0 0 	3647336 122654 0 	411.656 	3 	55
24266300000000 24266400000308 	3800004972 11155958914 173507 	3799831465 173507 0 0 0 	5166728 173507 0 	415.807 	3 	55
24291900000000 24292000000308 	4000005588 11743617181 223765 	3999781823 223765 0 0 0 	6674270 223765 0 	419.615 	3 	55
24317500000000 24317600000308 	4200006204 12331358876 273342 	4199732862 273342 0 0 0 	8161033 273342 0 	423.12 	3 	55
24343100000000 24343200000308 	4400006820 12919095503 322558 	4399684262 322558 0 0 0 	9626511 322558 0 	426.358 	3 	55
24368700000000 24368800000308 	4600007436 13506814088 371752 	4599635684 371752 0 0 0 	11089906 371752 0 	429.358 	3 	55
24394300000000 24394400000308 	4800008052 14094507379 420132 	4799587920 420132 0 0 0 	12534295 420132 0 	432.146 	3 	55
24419900000000 24420000000308 	5000008668 14682323364 467962 	4999540706 467962 0 0 0 	13963089 467962 0 	434.742 	3 	55
24445500000000 24445600000152 	5200008972 15270126319 515197 	5199493775 515197 0 0 0 	15382741 515197 0 	437.052 	3 	55
24471100000000 24471200000152 	5400009276 15857929251 562184 	5399447092 562184 0 0 0 	16785686 562184 0 	439.213 	3 	55
24496700000000 24496800000152 	5600009580 16445777354 609031 	5599400549 609031 0 0 0 	18181739 609031 0 	441.239 	3 	55
24522300000000 24522400000152 	5800009884 17033660118 655476 	5799354408 655476 0 0 0 	19572121 655476 0 	443.142 	3 	55
24547900000000 24548000000152 	6000010188 17621589620 701580 	5999308608 701580 0 0 0 	20952647 701580 0 	444.933 	3 	55
24573500000000 24573600000152 	6200010492 18209502863 747208 	6199263284 747208 0 0 0 	22326598 747208 0 	446.621 	3 	55
24599100000000 24599200000152 	6400010796 18797393803 792438 	6399218358 792438 0 0 0 	23683451 792438 0 	448.216 	3 	55
24624700000000 24624800000000 	6600010796 19385269314 837360 	6599173436 837360 0 0 0 	25021238 837360 0 	449.627 	3 	55
24650300000000 24650400000000 	6800010796 19973149753 881377 	6799129419 881377 0 0 0 	26334488 881377 0 	450.963 	3 	55
24675900000000 24676000000000 	7000010796 20561054556 925432 	6999085364 925432 0 0 0 	27658387 925432 0 	452.23 	3 	55
24701500000000 24701600000000 	7200010796 21148956270 969320 	7199041476 969320 0 0 0 	28970039 969320 0 	453.434 	3 	55
24727100000000 24727200000000 	7400010796 21736965275 1012736 	7398998060 1012736 0 0 0 	30266914 1012736 0 	454.578 	3 	55
24752700000000 24752800000000 	7600010796 22324978655 1055535 	7598955261 1055535 0 0 0 	31538525 1055535 0 	455.667 	3 	55
24778300000000 24778400000000 	7800010796 22912941752 1097956 	7798912840 1097956 0 0 0 	32811190 1097956 0 	456.705 	3 	55
24803900000000 24804000000000 	8000010796 23500915327 1139849 	7998870947 1139849 0 0 0 	34066023 1139849 0 	457.696 	3 	55
24829500000000 24829600000048 	8200010892 24088977616 1181655 	8198829237 1181655 0 0 0 	35310997 1181655 0 	458.56 	3 	55
24855100000000 24855200000048 	8400010988 24677041721 1223242 	8398787746 1223242 0 0 0 	36552181 1223242 0 	459.386 	3 	55
24880700000000 24880800000048 	8600011084 25265150373 1264174 	8598746910 1264174 0 0 0 	37777674 1264174 0 	460.176 	3 	55
24906300000000 24906400000048 	8800011180 25853204504 1304893 	8798706287 1304893 0 0 0 	38998697 1304893 0 	460.932 	3 	55
24931900000000 24932000000048 	9000011276 26441336400 1345465 	8998665811 1345465 0 0 0 	40199433 1345465 0 	461.658 	3 	55
24957500000000 24957600000048 	9200011372 27029509199 1385751 	9198625621 1385751 0 0 0 	41399622 1385751 0 	462.353 	3 	55
24983100000000 24983200000048 	9400011468 27617707662 1425560 	9398585908 1425560 0 0 0 	42586321 1425560 0 	463.022 	3 	55
25008700000000 25008800000476 	9600012420 28205948345 1464743 	9598547677 1464743 0 0 0 	43762880 1464743 0 	463.591 	3 	55
25034300000000 25034400000476 	9800013372 28794059333 1503839 	9798509533 1503839 0 0 0 	44927091 1503839 0 	464.138 	3 	55
25059900000000 25060000000476 	10000014324 29382264162 1542941 	9998471383 1542941 0 0 0 	46082526 1542941 0 	464.664 	3 	55
25085500000000 25085600000476 	10200015276 29970498911 1581569 	10198433707 1581569 0 0 0 	47241080 1581569 0 	465.171 	3 	55
25111100000000 25111200000476 	10400016228 30558776407 1619605 	10398396623 1619605 0 0 0 	48376121 1619605 0 	465.659 	3 	55
25136700000000 25136800000476 	10600017180 31147001634 1657527 	10598359653 1657527 0 0 0 	49503934 1657527 0 	466.13 	3 	55
25162300000000 25162400000476 	10800018132 31735227003 1694985 	10798323147 1694985 0 0 0 	50610814 1694985 0 	466.584 	3 	55
25187900000000 25188000000476 	11000019084 32323505901 1731977 	10998287107 1731977 0 0 0 	51718093 1731977 0 	467.023 	3 	55
25213500000000 25213600000011 	11200019106 32911845785 1768863 	11198250243 1768863 0 0 0 	52824162 1768863 0 	467.398 	3 	55
25239100000000 25239200000011 	11400019128 33500192983 1804942 	11398214186 1804942 0 0 0 	53900375 1804942 0 	467.76 	3 	55
25264700000000 25264800000011 	11600019150 34088567464 1841143 	11598178007 1841143 0 0 0 	54982912 1841143 0 	468.111 	3 	55
25290300000000 25290400000011 	11800019172 34676892673 1876788 	11798142384 1876788 0 0 0 	56056022 1876788 0 	468.45 	3 	55
25315900000000 25316000000011 	12000019194 35265264970 1912440 	11998106754 1912440 0 0 0 	57124858 1912440 0 	468.779 	3 	55
25341500000000 25341600000011 	12200019216 35853548606 1947857 	12198071359 1947857 0 0 0 	58181495 1947857 0 	469.097 	3 	55
25367100000000 25367200000011 	12400019238 36441981153 1982642 	12398036596 1982642 0 0 0 	59214534 1982642 0 	469.405 	3 	55
25392700000000 25392800000210 	12600019658 37030323485 2016951 	12598002707 2016951 0 0 0 	60241815 2016951 0 	469.644 	3 	55
25418300000000 25418400000210 	12800020078 37618729593 2051400 	12797968678 2051400 0 0 0 	61270363 2051400 0 	469.877 	3 	55
25443900000000 25444000000210 	13000020498 38207201110 2085410 	12997935088 2085410 0 0 0 	62288035 2085410 0 	470.102 	3 	55
25469500000000 25469600000210 	13200020918 38795667080 2118989 	13197901929 2118989 0 0 0 	63298983 2118989 0 	470.321 	3 	55
25495100000000 25495200000210 	13400021338 39384170336 2152423 	13397868915 2152423 0 0 0 	64296416 2152423 0 	470.534 	3 	55
25520700000000 25520800000210 	13600021758 39972659998 2184983 	13597836775 2184983 0 0 0 	65277011 2184983 0 	470.74 	3 	55
25546300000000 25546400000210 	13800022178 40561132174 2217923 	13797804255 2217923 0 0 0 	66267844 2217923 0 	470.941 	3 	55
25571900000000 25572000000381 	14000022940 41149627959 2250464 	13997772476 2250464 0 0 0 	67230811 2250464 0 	471.082 	3 	55
25597500000000 25597600000381 	14200023702 41738152338 2282753 	14197740949 2282753 0 0 0 	68195662 2282753 0 	471.219 	3 	55
25623100000000 25623200000381 	14400024464 42326669933 2314797 	14397709667 2314797 0 0 0 	69156237 2314797 0 	471.352 	3 	55
25648700000000 25648800000381 	14600025226 42915261434 2346969 	14597678257 2346969 0 0 0 	70118184 2346969 0 	471.481 	3 	55
25674300000000 25674400000381 	14800025988 43503846781 2378338 	14797647650 2378338 0 0 0 	71058770 2378338 0 	471.607 	3 	55
25699900000000 25700000000381 	15000026750 44092442796 2409518 	14997617232 2409518 0 0 0 	71994370 2409518 0 	471.73 	3 	55
25725500000000 25725600000381 	15200027512 44681106412 2440737 	15197586775 2440737 0 0 0 	72920032 2440737 0 	471.85 	3 	55
25751100000000 25751200000381 	15400028274 45269749403 2471715 	15397556559 2471715 0 0 0 	73851409 2471715 0 	471.966 	3 	55
25776700000000 25776800000468 	15600029210 45858415456 2501957 	15597527253 2501957 0 0 0 	74751025 2501957 0 	472.043 	3 	55
25802300000000 25802400000468 	15800030146 46447079709 2532193 	15797497953 2532193 0 0 0 	75645620 2532193 0 	472.117 	3 	55
25827900000000 25828000000468 	16000031082 47035816606 2561984 	15997469098 2561984 0 0 0 	76534021 2561984 0 	472.19 	3 	55
25853500000000 25853600000468 	16200032018 47624481202 2591671 	16197440347 2591671 0 0 0 	77428391 2591671 0 	472.261 	3 	55
25879100000000 25879200000468 	16400032954 48213278783 2621305 	16397411649 2621305 0 0 0 	78318137 2621305 0 	472.33 	3 	55
25904700000000 25904800000468 	16600033890 48802003318 2650365 	16597383525 2650365 0 0 0 	79189240 2650365 0 	472.397 	3 	55
25930300000000 25930400000468 	16800034826 49390750118 2679346 	16797355480 2679346 0 0 0 	80060018 2679346 0 	472.463 	3 	55
25955900000000 25956000000254 	17000035334 49979507590 2707964 	16997327370 2707964 0 0 0 	80915949 2707964 0 	472.481 	3 	55
25981500000000 25981600000254 	17200035842 50568232574 2736309 	17197299533 2736309 0 0 0 	81763287 2736309 0 	472.499 	3 	55
26007100000000 26007200000254 	17400036350 51157066231 2764502 	17397271848 2764502 0 0 0 	82609280 2764502 0 	472.516 	3 	55
26032700000000 26032800000254 	17600036858 51745954717 2792376 	17597244482 2792376 0 0 0 	83447280 2792376 0 	472.533 	3 	55
26058300000000 26058400000254 	17800037366 52334750426 2820086 	17797217280 2820086 0 0 0 	84271072 2820086 0 	472.549 	3 	55
26083900000000 26084000000254 	18000037874 52923615290 2847726 	17997190148 2847726 0 0 0 	85091972 2847726 0 	472.566 	3 	55
26109500000000 26109600000254 	18200038382 53512528506 2875192 	18197163190 2875192 0 0 0 	85918800 2875192 0 	472.581 	3 	55
26135100000000 26135200000254 	18400038890 54101411647 2902374 	18397136516 2902374 0 0 0 	86730098 2902374 0 	472.597 	3 	55
26160700000000 26160800000365 	18600039620 54690322525 2929120 	18597110500 2929120 0 0 0 	87533963 2929120 0 	472.579 	3 	55
26186300000000 26186400000365 	18800040350 55279259969 2955610 	18797084740 2955610 0 0 0 	88325377 2955610 0 	472.563 	3 	55
26211900000000 26212000000365 	19000041080 55868223548 2981974 	18997059106 2981974 0 0 0 	89117321 2981974 0 	472.546 	3 	55
26237500000000 26237600000365 	19200041810 56457213010 3008010 	19197033800 3008010 0 0 0 	89897597 3008010 0 	472.53 	3 	55
