23805900000000 23806000000044 	200000088 586966590 7460 	199992628 7460 0 0 0 	220860 7460 0 	414 	3 	59
23831500000000 23831600000044 	400000176 1173931343 14796 	399985380 14796 0 0 0 	442087 14796 0 	414 	3 	59
23857100000000 23857200000044 	600000264 1760943965 22071 	599978193 22071 0 0 0 	655799 22071 0 	414 	3 	59
23882700000000 23882800000044 	800000352 2347991735 29388 	799970964 29388 0 0 0 	876471 29388 0 	414 	3 	59
23908300000000 23908400000044 	1000000440 2935028933 36480 	999963960 36480 0 0 0 	1087992 36480 0 	414 	3 	59
23933900000000 23934000000044 	1200000528 3522122994 43425 	1199957103 43425 0 0 0 	1289953 43425 0 	414 	3 	59
23959500000000 23959600000228 	1400000984 4109234775 50507 	1399950477 50507 0 0 0 	1503028 50507 0 	413.713 	3 	59
23985100000000 23985200000228 	1600001440 4696270719 57345 	1599944095 57345 0 0 0 	1707085 57345 0 	413.498 	3 	59
24010700000000 24010800000228 	1800001896 5283299128 64091 	1799937805 64091 0 0 0 	1906408 64091 0 	413.331 	3 	59
24036300000000 24036400000228 	2000002352 5870475214 70897 	1999931455 70897 0 0 0 	2107927 70897 0 	413.198 	3 	59
24061900000000 24062000000228 	2200002808 6457627999 77626 	2199925182 77626 0 0 0 	2307197 77626 0 	413.089 	3 	59
24087500000000 24087600000228 	2400003264 7044750722 84222 	2399919042 84222 0 0 0 	2503839 84222 0 	412.998 	3 	59
24113100000000 24113200000091 	2600003446 7631893735 90786 	2599912660 90786 0 0 0 	2700173 90786 0 	412.687 	3 	59
24138700000000 24138800000091 	2800003628 8219094613 97353 	2799906275 97353 0 0 0 	2897336 97353 0 	412.422 	3 	59
24164300000000 24164400000091 	3000003810 8806397814 103776 	2999900034 103776 0 0 0 	3086817 103776 0 	412.192 	3 	59
24189900000000 24190000000091 	3200003992 9393683784 110179 	3199893813 110179 0 0 0 	3270722 110179 0 	411.991 	3 	59
24215500000000 24215600000091 	3400004174 9980941302 116488 	3399887686 116488 0 0 0 	3457059 116488 0 	411.814 	3 	59
24241100000000 24241200000091 	3600004356 10568235988 122571 	3599881785 122571 0 0 0 	3641086 122571 0 	411.656 	3 	59
24266700000000 24266800000308 	3800004972 11155887075 172930 	3799832042 172930 0 0 0 	5141744 172930 0 	415.807 	3 	59
24292300000000 24292400000308 	4000005588 11743564896 222862 	3999782726 222862 0 0 0 	6619057 222862 0 	419.615 	3 	59
24317900000000 24318000000308 	4200006204 12331257390 272397 	4199733807 272397 0 0 0 	8085989 272397 0 	423.12 	3 	59
24343500000000 24343600000308 	4400006820 12918985626 321734 	4399685086 321734 0 0 0 	9555109 321734 0 	426.358 	3 	59
24369100000000 24369200000308 	4600007436 13506761176 370686 	4599636750 370686 0 0 0 	11020594 370686 0 	429.358 	3 	59
24394700000000 24394800000308 	4800008052 14094619680 419553 	4799588499 419553 0 0 0 	12477672 419553 0 	432.146 	3 	59
24420300000000 24420400000308 	5000008668 14682386711 467457 	4999541211 467457 0 0 0 	13908777 467457 0 	434.742 	3 	59
24445900000000 24446000000152 	5200008972 15270214383 514957 	5199494015 514957 0 0 0 	15326584 514957 0 	437.052 	3 	59
24471500000000 24471600000152 	5400009276 15858023255 562239 	5399447037 562239 0 0 0 	16741138 562239 0 	439.213 	3 	59
24497100000000 24497200000152 	5600009580 16445916744 608886 	5599400694 608886 0 0 0 	18129646 608886 0 	441.239 	3 	59
24522700000000 24522800000152 	5800009884 17033781814 655875 	5799354009 655875 0 0 0 	19529197 655875 0 	443.142 	3 	59
24548300000000 24548400000152 	6000010188 17621596313 701836 	5999308352 701836 0 0 0 	20904619 701836 0 	444.933 	3 	59
24573900000000 24574000000152 	6200010492 18209537388 747523 	6199262969 747523 0 0 0 	22261147 747523 0 	446.621 	3 	59
24599500000000 24599600000152 	6400010796 18797419043 792987 	6399217809 792987 0 0 0 	23623852 792987 0 	448.216 	3 	59
24625100000000 24625200000000 	6600010796 19385291236 837846 	6599172950 837846 0 0 0 	24967010 837846 0 	449.627 	3 	59
24650700000000 24650800000000 	6800010796 19973196946 882553 	6799128243 882553 0 0 0 	26305463 882553 0 	450.963 	3 	59
24676300000000 24676400000000 	7000010796 20561113038 926583 	6999084213 926583 0 0 0 	27615103 926583 0 	452.23 	3 	59
24701900000000 24702000000000 	7200010796 21149077265 970420 	7199040376 970420 0 0 0 	28924856 970420 0 	453.434 	3 	59
24727500000000 24727600000000 	7400010796 21737000021 1013997 	7398996799 1013997 0 0 0 	30230326 1013997 0 	454.578 	3 	59
24753100000000 24753200000000 	7600010796 22325018969 1057224 	7598953572 1057224 0 0 0 	31524407 1057224 0 	455.667 	3 	59
24778700000000 24778800000000 	7800010796 22913031818 1099628 	7798911168 1099628 0 0 0 	32790397 1099628 0 	456.705 	3 	59
24804300000000 24804400000000 	8000010796 23501064722 1141975 	7998868821 1141975 0 0 0 	34065193 1141975 0 	457.696 	3 	59
24829900000000 24830000000048 	8200010892 24089110982 1183591 	8198827301 1183591 0 0 0 	35306247 1183591 0 	458.56 	3 	59
24855500000000 24855600000048 	8400010988 24677213426 1225072 	8398785916 1225072 0 0 0 	36546820 1225072 0 	459.386 	3 	59
24881100000000 24881200000048 	8600011084 25265303831 1266283 	8598744801 1266283 0 0 0 	37765995 1266283 0 	460.176 	3 	59
24906700000000 24906800000048 	8800011180 25853442620 1306919 	8798704261 1306919 0 0 0 	38984723 1306919 0 	460.932 	3 	59
24932300000000 24932400000048 	9000011276 26441555567 1347633 	8998663643 1347633 0 0 0 	40197789 1347633 0 	461.658 	3 	59
24957900000000 24958000000048 	9200011372 27029708329 1387586 	9198623786 1387586 0 0 0 	41387708 1387586 0 	462.353 	3 	59
24983500000000 24983600000048 	9400011468 27617848021 1427271 	9398584197 1427271 0 0 0 	42580630 1427271 0 	463.022 	3 	59
25009100000000 25009200000476 	9600012420 28205949023 1466679 	9598545741 1466679 0 0 0 	43751023 1466679 0 	463.591 	3 	59
25034700000000 25034800000476 	9800013372 28794103797 1506150 	9798507222 1506150 0 0 0 	44934327 1506150 0 	464.138 	3 	59
25060300000000 25060400000476 	10000014324 29382338922 1544947 	9998469377 1544947 0 0 0 	46086658 1544947 0 	464.664 	3 	59
25085900000000 25086000000476 	10200015276 29970537746 1583424 	10198431852 1583424 0 0 0 	47233127 1583424 0 	465.171 	3 	59
25111500000000 25111600000476 	10400016228 30558744613 1621930 	10398394298 1621930 0 0 0 	48380528 1621930 0 	465.659 	3 	59
25137100000000 25137200000476 	10600017180 31147004201 1659640 	10598357540 1659640 0 0 0 	49512507 1659640 0 	466.13 	3 	59
25162700000000 25162800000476 	10800018132 31735277437 1696959 	10798321173 1696959 0 0 0 	50634526 1696959 0 	466.584 	3 	59
25188300000000 25188400000476 	11000019084 32323571622 1734056 	10998285028 1734056 0 0 0 	51742022 1734056 0 	467.023 	3 	59
25213900000000 25214000000011 	11200019106 32911820978 1770632 	11198248474 1770632 0 0 0 	52838941 1770632 0 	467.398 	3 	59
25239500000000 25239600000011 	11400019128 33500121073 1807069 	11398212059 1807069 0 0 0 	53920787 1807069 0 	467.76 	3 	59
25265100000000 25265200000011 	11600019150 34088444897 1843003 	11598176147 1843003 0 0 0 	54996916 1843003 0 	468.111 	3 	59
25290700000000 25290800000011 	11800019172 34676737825 1878839 	11798140333 1878839 0 0 0 	56074950 1878839 0 	468.45 	3 	59
25316300000000 25316400000011 	12000019194 35265120677 1914248 	11998104946 1914248 0 0 0 	57140535 1914248 0 	468.779 	3 	59
25341900000000 25342000000011 	12200019216 35853504529 1949502 	12198069714 1949502 0 0 0 	58193554 1949502 0 	469.097 	3 	59
25367500000000 25367600000011 	12400019238 36441851602 1984362 	12398034876 1984362 0 0 0 	59237822 1984362 0 	469.405 	3 	59
25393100000000 25393200000210 	12600019658 37030261372 2018952 	12598000706 2018952 0 0 0 	60268712 2018952 0 	469.644 	3 	59
25418700000000 25418800000210 	12800020078 37618686026 2053474 	12797966604 2053474 0 0 0 	61300170 2053474 0 	469.877 	3 	59
25444300000000 25444400000210 	13000020498 38207135106 2087617 	12997932881 2087617 0 0 0 	62319985 2087617 0 	470.102 	3 	59
25469900000000 25470000000210 	13200020918 38795575523 2121424 	13197899494 2121424 0 0 0 	63328224 2121424 0 	470.321 	3 	59
25495500000000 25495600000210 	13400021338 39384067422 2154762 	13397866576 2154762 0 0 0 	64333615 2154762 0 	470.534 	3 	59
25521100000000 25521200000210 	13600021758 39972533740 2187917 	13597833841 2187917 0 0 0 	65320930 2187917 0 	470.74 	3 	59
25546700000000 25546800000210 	13800022178 40560990741 2220712 	13797801466 2220712 0 0 0 	66305549 2220712 0 	470.941 	3 	59
25572300000000 25572400000381 	14000022940 41149491359 2252715 	13997770225 2252715 0 0 0 	67258526 2252715 0 	471.082 	3 	59
25597900000000 25598000000381 	14200023702 41738047811 2285002 	14197738700 2285002 0 0 0 	68219187 2285002 0 	471.219 	3 	59
25623500000000 25623600000381 	14400024464 42326613997 2317013 	14397707451 2317013 0 0 0 	69172758 2317013 0 	471.352 	3 	59
25649100000000 25649200000381 	14600025226 42915191687 2348858 	14597676368 2348858 0 0 0 	70132612 2348858 0 	471.481 	3 	59
25674700000000 25674800000381 	14800025988 43503724730 2380189 	14797645799 2380189 0 0 0 	71068473 2380189 0 	471.607 	3 	59
25700300000000 25700400000381 	15000026750 44092359328 2411717 	14997615033 2411717 0 0 0 	72013107 2411717 0 	471.73 	3 	59
25725900000000 25726000000381 	15200027512 44681046236 2442829 	15197584683 2442829 0 0 0 	72949991 2442829 0 	471.85 	3 	59
25751500000000 25751600000381 	15400028274 45269730148 2473415 	15397554859 2473415 0 0 0 	73865617 2473415 0 	471.966 	3 	59
25777100000000 25777200000468 	15600029210 45858390182 2503713 	15597525497 2503713 0 0 0 	74767657 2503713 0 	472.043 	3 	59
25802700000000 25802800000468 	15800030146 46447083391 2533956 	15797496190 2533956 0 0 0 	75670415 2533956 0 	472.117 	3 	59
25828300000000 25828400000468 	16000031082 47035798293 2564039 	15997467043 2564039 0 0 0 	76569092 2564039 0 	472.19 	3 	59
25853900000000 25854000000468 	16200032018 47624511262 2593781 	16197438237 2593781 0 0 0 	77454132 2593781 0 	472.261 	3 	59
25879500000000 25879600000468 	16400032954 48213305106 2622978 	16397409976 2622978 0 0 0 	78321070 2622978 0 	472.33 	3 	59
25905100000000 25905200000468 	16600033890 48802067628 2651938 	16597381952 2651938 0 0 0 	79179832 2651938 0 	472.397 	3 	59
25930700000000 25930800000468 	16800034826 49390882752 2681246 	16797353580 2681246 0 0 0 	80058763 2681246 0 	472.463 	3 	59
25956300000000 25956400000254 	17000035334 49979665052 2709803 	16997325531 2709803 0 0 0 	80913018 2709803 0 	472.481 	3 	59
25981900000000 25982000000254 	17200035842 50568480145 2737849 	17197297993 2737849 0 0 0 	81759734 2737849 0 	472.499 	3 	59
26007500000000 26007600000254 	17400036350 51157271694 2765984 	17397270366 2765984 0 0 0 	82606857 2765984 0 	472.516 	3 	59
26033100000000 26033200000254 	17600036858 51746127242 2794130 	17597242728 2794130 0 0 0 	83446380 2794130 0 	472.533 	3 	59
26058700000000 26058800000254 	17800037366 52335003271 2822104 	17797215262 2822104 0 0 0 	84281482 2822104 0 	472.549 	3 	59
26084300000000 26084400000254 	18000037874 52923933958 2849769 	17997188105 2849769 0 0 0 	85106934 2849769 0 	472.566 	3 	59
26109900000000 26110000000254 	18200038382 53512829458 2877209 	18197161173 2877209 0 0 0 	85931593 2877209 0 	472.581 	3 	59
26135500000000 26135600000254 	18400038890 54101717993 2904135 	18397134755 2904135 0 0 0 	86728328 2904135 0 	472.597 	3 	59
26161100000000 26161200000365 	18600039620 54690602378 2931153 	18597108467 2931153 0 0 0 	87534690 2931153 0 	472.579 	3 	59
26186700000000 26186800000365 	18800040350 55279488332 2957618 	18797082732 2957618 0 0 0 	88323153 2957618 0 	472.563 	3 	59
26212300000000 26212400000365 	19000041080 55868524332 2983964 	18997057116 2983964 0 0 0 	89109876 2983964 0 	472.546 	3 	59
26237900000000 26238000000365 	19200041810 56457497996 3010346 	19197031464 3010346 0 0 0 	89897677 3010346 0 	472.53 	3 	59
