23807000000000 23807100000044 	200000088 586977955 7467 	199992621 7467 0 0 0 	223226 7467 0 	414 	3 	70
23832600000000 23832700000044 	400000176 1173924908 14866 	399985310 14866 0 0 0 	445770 14866 0 	414 	3 	70
23858200000000 23858300000044 	600000264 1760899913 22089 	599978175 22089 0 0 0 	660415 22089 0 	414 	3 	70
23883800000000 23883900000044 	800000352 2347900821 29180 	799971172 29180 0 0 0 	870641 29180 0 	414 	3 	70
23909400000000 23909500000044 	1000000440 2934892487 36287 	999964153 36287 0 0 0 	1084052 36287 0 	414 	3 	70
23935000000000 23935100000044 	1200000528 3521866060 43341 	1199957187 43341 0 0 0 	1295681 43341 0 	414 	3 	70
23960600000000 23960700000228 	1400000984 4108948564 50279 	1399950705 50279 0 0 0 	1501110 50279 0 	413.713 	3 	70
23986200000000 23986300000228 	1600001440 4696055877 57203 	1599944237 57203 0 0 0 	1705294 57203 0 	413.498 	3 	70
24011800000000 24011900000228 	1800001896 5283184054 63995 	1799937901 63995 0 0 0 	1908226 63995 0 	413.331 	3 	70
24037400000000 24037500000228 	2000002352 5870278676 70871 	1999931481 70871 0 0 0 	2114508 70871 0 	413.198 	3 	70
24063000000000 24063100000228 	2200002808 6457492650 77535 	2199925273 77535 0 0 0 	2313359 77535 0 	413.089 	3 	70
24088600000000 24088700000228 	2400003264 7044612540 84120 	2399919144 84120 0 0 0 	2509060 84120 0 	412.998 	3 	70
24114200000000 24114300000091 	2600003446 7631844669 90686 	2599912760 90686 0 0 0 	2708450 90686 0 	412.687 	3 	70
24139800000000 24139900000091 	2800003628 8218987650 97046 	2799906582 97046 0 0 0 	2898914 97046 0 	412.422 	3 	70
24165400000000 24165500000091 	3000003810 8806259294 103529 	2999900281 103529 0 0 0 	3090736 103529 0 	412.192 	3 	70
24191000000000 24191100000091 	3200003992 9393472080 109729 	3199894263 109729 0 0 0 	3277783 109729 0 	411.991 	3 	70
24216600000000 24216700000091 	3400004174 9980831476 116085 	3399888089 116085 0 0 0 	3466580 116085 0 	411.814 	3 	70
24242200000000 24242300000091 	3600004356 10568146790 122361 	3599881995 122361 0 0 0 	3654797 122361 0 	411.656 	3 	70
24267800000000 24267900000308 	3800004972 11155764759 172895 	3799832077 172895 0 0 0 	5148203 172895 0 	415.807 	3 	70
24293400000000 24293500000308 	4000005588 11743373891 223007 	3999782581 223007 0 0 0 	6636562 223007 0 	419.615 	3 	70
24319000000000 24319100000308 	4200006204 12331032119 272739 	4199733465 272739 0 0 0 	8133897 272739 0 	423.12 	3 	70
24344600000000 24344700000308 	4400006820 12918768202 322537 	4399684283 322537 0 0 0 	9621950 322537 0 	426.358 	3 	70
24370200000000 24370300000308 	4600007436 13506495859 371867 	4599635569 371867 0 0 0 	11106499 371867 0 	429.358 	3 	70
24395800000000 24395900000308 	4800008052 14094210413 420544 	4799587508 420544 0 0 0 	12555202 420544 0 	432.146 	3 	70
24421400000000 24421500000308 	5000008668 14681972062 468688 	4999539980 468688 0 0 0 	13985976 468688 0 	434.742 	3 	70
24447000000000 24447100000152 	5200008972 15269789035 516370 	5199492602 516370 0 0 0 	15400074 516370 0 	437.052 	3 	70
24472600000000 24472700000152 	5400009276 15857625027 563504 	5399445772 563504 0 0 0 	16804744 563504 0 	439.213 	3 	70
24498200000000 24498300000152 	5600009580 16445430609 610332 	5599399248 610332 0 0 0 	18192143 610332 0 	441.239 	3 	70
24523800000000 24523900000152 	5800009884 17033223545 656940 	5799352944 656940 0 0 0 	19576064 656940 0 	443.142 	3 	70
24549400000000 24549500000152 	6000010188 17621093616 703224 	5999306964 703224 0 0 0 	20946583 703224 0 	444.933 	3 	70
24575000000000 24575100000152 	6200010492 18209023853 748796 	6199261696 748796 0 0 0 	22311590 748796 0 	446.621 	3 	70
24600600000000 24600700000152 	6400010796 18796880455 793708 	6399217088 793708 0 0 0 	23652849 793708 0 	448.216 	3 	70
24626200000000 24626300000000 	6600010796 19384797882 838584 	6599172212 838584 0 0 0 	24991168 838584 0 	449.627 	3 	70
24651800000000 24651900000000 	6800010796 19972720853 883087 	6799127709 883087 0 0 0 	26317431 883087 0 	450.963 	3 	70
24677400000000 24677500000000 	7000010796 20560698164 927472 	6999083324 927472 0 0 0 	27637521 927472 0 	452.23 	3 	70
24703000000000 24703100000000 	7200010796 21148658876 970976 	7199039820 970976 0 0 0 	28927946 970976 0 	453.434 	3 	70
24728600000000 24728700000000 	7400010796 21736606532 1014010 	7398996786 1014010 0 0 0 	30207084 1014010 0 	454.578 	3 	70
24754200000000 24754300000000 	7600010796 22324647948 1057242 	7598953554 1057242 0 0 0 	31497833 1057242 0 	455.667 	3 	70
24779800000000 24779900000000 	7800010796 22912640328 1099684 	7798911112 1099684 0 0 0 	32759845 1099684 0 	456.705 	3 	70
24805400000000 24805500000000 	8000010796 23500682973 1142069 	7998868727 1142069 0 0 0 	34023861 1142069 0 	457.696 	3 	70
24831000000000 24831100000048 	8200010892 24088663234 1183801 	8198827091 1183801 0 0 0 	35273650 1183801 0 	458.56 	3 	70
24856600000000 24856700000048 	8400010988 24676704539 1225133 	8398785855 1225133 0 0 0 	36504013 1225133 0 	459.386 	3 	70
24882200000000 24882300000048 	8600011084 25264801626 1266499 	8598744585 1266499 0 0 0 	37738596 1266499 0 	460.176 	3 	70
24907800000000 24907900000048 	8800011180 25852841013 1307118 	8798704062 1307118 0 0 0 	38954676 1307118 0 	460.932 	3 	70
24933400000000 24933500000048 	9000011276 26440913916 1347389 	8998663887 1347389 0 0 0 	40163070 1347389 0 	461.658 	3 	70
24959000000000 24959100000048 	9200011372 27029024036 1387354 	9198624018 1387354 0 0 0 	41350784 1387354 0 	462.353 	3 	70
24984600000000 24984700000048 	9400011468 27617177228 1426989 	9398584479 1426989 0 0 0 	42529919 1426989 0 	463.022 	3 	70
25010200000000 25010300000476 	9600012420 28205348220 1466556 	9598545864 1466556 0 0 0 	43710869 1466556 0 	463.591 	3 	70
25035800000000 25035900000476 	9800013372 28793573899 1505397 	9798507975 1505397 0 0 0 	44869608 1505397 0 	464.138 	3 	70
25061400000000 25061500000476 	10000014324 29381701571 1543947 	9998470377 1543947 0 0 0 	46020928 1543947 0 	464.664 	3 	70
25087000000000 25087100000476 	10200015276 29969948811 1582316 	10198432960 1582316 0 0 0 	47167547 1582316 0 	465.171 	3 	70
25112600000000 25112700000476 	10400016228 30558146456 1620101 	10398396127 1620101 0 0 0 	48300569 1620101 0 	465.659 	3 	70
25138200000000 25138300000476 	10600017180 31146454603 1657642 	10598359538 1657642 0 0 0 	49411136 1657642 0 	466.13 	3 	70
25163800000000 25163900000476 	10800018132 31734734507 1695218 	10798322914 1695218 0 0 0 	50531202 1695218 0 	466.584 	3 	70
25189400000000 25189500000476 	11000019084 32323098664 1732423 	10998286661 1732423 0 0 0 	51641982 1732423 0 	467.023 	3 	70
25215000000000 25215100000011 	11200019106 32911409187 1768967 	11198250139 1768967 0 0 0 	52730637 1768967 0 	467.398 	3 	70
25240600000000 25240700000011 	11400019128 33499715166 1805755 	11398213373 1805755 0 0 0 	53816698 1805755 0 	467.76 	3 	70
25266200000000 25266300000011 	11600019150 34088042666 1842184 	11598176966 1842184 0 0 0 	54904643 1842184 0 	468.111 	3 	70
25291800000000 25291900000011 	11800019172 34676340337 1877651 	11798141521 1877651 0 0 0 	55956938 1877651 0 	468.45 	3 	70
25317400000000 25317500000011 	12000019194 35264634406 1913167 	11998106027 1913167 0 0 0 	57010600 1913167 0 	468.779 	3 	70
25343000000000 25343100000011 	12200019216 35853023565 1948366 	12198070850 1948366 0 0 0 	58062553 1948366 0 	469.097 	3 	70
25368600000000 25368700000011 	12400019238 36441385806 1983186 	12398036052 1983186 0 0 0 	59104695 1983186 0 	469.405 	3 	70
25394200000000 25394300000210 	12600019658 37029790085 2017728 	12598001930 2017728 0 0 0 	60143311 2017728 0 	469.644 	3 	70
25419800000000 25419900000210 	12800020078 37618200152 2052082 	12797967996 2052082 0 0 0 	61161391 2052082 0 	469.877 	3 	70
25445400000000 25445500000210 	13000020498 38206627426 2086215 	12997934283 2086215 0 0 0 	62183152 2086215 0 	470.102 	3 	70
25471000000000 25471100000210 	13200020918 38795116264 2119875 	13197901043 2119875 0 0 0 	63191058 2119875 0 	470.321 	3 	70
25496600000000 25496700000210 	13400021338 39383547011 2153390 	13397867948 2153390 0 0 0 	64184220 2153390 0 	470.534 	3 	70
25522200000000 25522300000210 	13600021758 39972055881 2186615 	13597835143 2186615 0 0 0 	65185988 2186615 0 	470.74 	3 	70
25547800000000 25547900000210 	13800022178 40560553938 2219480 	13797802698 2219480 0 0 0 	66170268 2219480 0 	470.941 	3 	70
25573400000000 25573500000381 	14000022940 41149134068 2252325 	13997770615 2252325 0 0 0 	67152643 2252325 0 	471.082 	3 	70
25599000000000 25599100000381 	14200023702 41737685529 2285072 	14197738630 2285072 0 0 0 	68126706 2285072 0 	471.219 	3 	70
25624600000000 25624700000381 	14400024464 42326269010 2317054 	14397707410 2317054 0 0 0 	69080073 2317054 0 	471.352 	3 	70
25650200000000 25650300000381 	14600025226 42914813847 2348936 	14597676290 2348936 0 0 0 	70036956 2348936 0 	471.481 	3 	70
25675800000000 25675900000381 	14800025988 43503456392 2380765 	14797645223 2380765 0 0 0 	70982300 2380765 0 	471.607 	3 	70
25701400000000 25701500000381 	15000026750 44092061536 2412307 	14997614443 2412307 0 0 0 	71928522 2412307 0 	471.73 	3 	70
25727000000000 25727100000381 	15200027512 44680718699 2443467 	15197584045 2443467 0 0 0 	72871309 2443467 0 	471.85 	3 	70
25752600000000 25752700000381 	15400028274 45269321672 2474180 	15397554094 2474180 0 0 0 	73793856 2474180 0 	471.966 	3 	70
25778200000000 25778300000468 	15600029210 45857985879 2504582 	15597524628 2504582 0 0 0 	74702898 2504582 0 	472.043 	3 	70
25803800000000 25803900000468 	15800030146 46446673780 2534837 	15797495309 2534837 0 0 0 	75609507 2534837 0 	472.117 	3 	70
25829400000000 25829500000468 	16000031082 47035381989 2565032 	15997466050 2565032 0 0 0 	76513231 2565032 0 	472.19 	3 	70
25855000000000 25855100000468 	16200032018 47624108455 2594907 	16197437111 2594907 0 0 0 	77410127 2594907 0 	472.261 	3 	70
25880600000000 25880700000468 	16400032954 48212880016 2624068 	16397408886 2624068 0 0 0 	78275198 2624068 0 	472.33 	3 	70
25906200000000 25906300000468 	16600033890 48801665141 2653266 	16597380624 2653266 0 0 0 	79141973 2653266 0 	472.397 	3 	70
25931800000000 25931900000468 	16800034826 49390488831 2682294 	16797352532 2682294 0 0 0 	80016544 2682294 0 	472.463 	3 	70
25957400000000 25957500000254 	17000035334 49979243662 2711040 	16997324294 2711040 0 0 0 	80878020 2711040 0 	472.481 	3 	70
25983000000000 25983100000254 	17200035842 50568083997 2739498 	17197296344 2739498 0 0 0 	81727593 2739498 0 	472.499 	3 	70
26008600000000 26008700000254 	17400036350 51156911671 2767767 	17397268583 2767767 0 0 0 	82563048 2767767 0 	472.516 	3 	70
26034200000000 26034300000254 	17600036858 51745706460 2795561 	17597241297 2795561 0 0 0 	83398428 2795561 0 	472.533 	3 	70
26059800000000 26059900000254 	17800037366 52334573779 2823430 	17797213936 2823430 0 0 0 	84238359 2823430 0 	472.549 	3 	70
26085400000000 26085500000254 	18000037874 52923410392 2850984 	17997186890 2850984 0 0 0 	85061486 2850984 0 	472.566 	3 	70
26111000000000 26111100000254 	18200038382 53512264900 2878354 	18197160028 2878354 0 0 0 	85879225 2878354 0 	472.581 	3 	70
26136600000000 26136700000254 	18400038890 54101128028 2905291 	18397133599 2905291 0 0 0 	86676789 2905291 0 	472.597 	3 	70
26162200000000 26162300000365 	18600039620 54690059278 2932268 	18597107352 2932268 0 0 0 	87481273 2932268 0 	472.579 	3 	70
26187800000000 26187900000365 	18800040350 55278973165 2958638 	18797081712 2958638 0 0 0 	88265284 2958638 0 	472.563 	3 	70
26213400000000 26213500000365 	19000041080 55867890309 2984898 	18997056182 2984898 0 0 0 	89050960 2984898 0 	472.546 	3 	70
26239000000000 26239100000365 	19200041810 56456881284 3010957 	19197030853 3010957 0 0 0 	89831071 3010957 0 	472.53 	3 	70
