23807600000000 23807700000044 	200000088 586941437 7527 	199992561 7527 0 0 0 	223519 7527 0 	414 	3 	76
23833200000000 23833300000044 	400000176 1173909206 15050 	399985126 15050 0 0 0 	449211 15050 0 	414 	3 	76
23858800000000 23858900000044 	600000264 1760940256 22189 	599978075 22189 0 0 0 	663140 22189 0 	414 	3 	76
23884400000000 23884500000044 	800000352 2347994356 29440 	799970912 29440 0 0 0 	880449 29440 0 	414 	3 	76
23910000000000 23910100000044 	1000000440 2935013740 36570 	999963870 36570 0 0 0 	1095414 36570 0 	414 	3 	76
23935600000000 23935700000044 	1200000528 3522103706 43700 	1199956828 43700 0 0 0 	1300080 43700 0 	414 	3 	76
23961200000000 23961300000228 	1400000984 4109163144 50799 	1399950185 50799 0 0 0 	1510772 50799 0 	413.713 	3 	76
23986800000000 23986900000228 	1600001440 4696234164 57792 	1599943648 57792 0 0 0 	1715413 57792 0 	413.498 	3 	76
24012400000000 24012500000228 	1800001896 5283298317 64503 	1799937393 64503 0 0 0 	1916380 64503 0 	413.331 	3 	76
24038000000000 24038100000228 	2000002352 5870398435 71345 	1999931007 71345 0 0 0 	2116898 71345 0 	413.198 	3 	76
24063600000000 24063700000228 	2200002808 6457535883 78034 	2199924774 78034 0 0 0 	2314840 78034 0 	413.089 	3 	76
24089200000000 24089300000228 	2400003264 7044706844 84702 	2399918562 84702 0 0 0 	2511748 84702 0 	412.998 	3 	76
24114800000000 24114900000091 	2600003446 7631920428 91438 	2599912008 91438 0 0 0 	2716568 91438 0 	412.687 	3 	76
24140400000000 24140500000091 	2800003628 8219106433 97937 	2799905691 97937 0 0 0 	2910784 97937 0 	412.422 	3 	76
24166000000000 24166100000091 	3000003810 8806363975 104313 	2999899497 104313 0 0 0 	3099534 104313 0 	412.192 	3 	76
24191600000000 24191700000091 	3200003992 9393643188 110724 	3199893268 110724 0 0 0 	3289041 110724 0 	411.991 	3 	76
24217200000000 24217300000091 	3400004174 9980927012 116981 	3399887193 116981 0 0 0 	3473182 116981 0 	411.814 	3 	76
24242800000000 24242900000091 	3600004356 10568214663 123286 	3599881070 123286 0 0 0 	3658347 123286 0 	411.656 	3 	76
24268400000000 24268500000308 	3800004972 11155893732 173674 	3799831298 173674 0 0 0 	5161394 173674 0 	415.807 	3 	76
24294000000000 24294100000308 	4000005588 11743574623 223639 	3999781949 223639 0 0 0 	6653129 223639 0 	419.615 	3 	76
24319600000000 24319700000308 	4200006204 12331309708 273061 	4199733143 273061 0 0 0 	8125239 273061 0 	423.12 	3 	76
24345200000000 24345300000308 	4400006820 12919063775 322265 	4399684555 322265 0 0 0 	9593234 322265 0 	426.358 	3 	76
24370800000000 24370900000308 	4600007436 13506789734 371040 	4599636396 371040 0 0 0 	11043254 371040 0 	429.358 	3 	76
24396400000000 24396500000308 	4800008052 14094570605 419717 	4799588335 419717 0 0 0 	12500069 419717 0 	432.146 	3 	76
24422000000000 24422100000308 	5000008668 14682312246 467552 	4999541116 467552 0 0 0 	13922230 467552 0 	434.742 	3 	76
24447600000000 24447700000152 	5200008972 15270119627 514967 	5199494005 514967 0 0 0 	15342443 514967 0 	437.052 	3 	76
24473200000000 24473300000152 	5400009276 15857927545 562000 	5399447276 562000 0 0 0 	16740042 562000 0 	439.213 	3 	76
24498800000000 24498900000152 	5600009580 16445752871 609042 	5599400538 609042 0 0 0 	18139521 609042 0 	441.239 	3 	76
24524400000000 24524500000152 	5800009884 17033589897 655450 	5799354434 655450 0 0 0 	19520682 655450 0 	443.142 	3 	76
24550000000000 24550100000152 	6000010188 17621510521 701479 	5999308709 701479 0 0 0 	20886453 701479 0 	444.933 	3 	76
24575600000000 24575700000152 	6200010492 18209409284 747447 	6199263045 747447 0 0 0 	22258771 747447 0 	446.621 	3 	76
24601200000000 24601300000152 	6400010796 18797372525 792646 	6399218150 792646 0 0 0 	23602590 792646 0 	448.216 	3 	76
24626800000000 24626900000000 	6600010796 19385329567 837541 	6599173255 837541 0 0 0 	24935923 837541 0 	449.627 	3 	76
24652400000000 24652500000000 	6800010796 19973270868 882055 	6799128741 882055 0 0 0 	26262650 882055 0 	450.963 	3 	76
24678000000000 24678100000000 	7000010796 20561202582 926262 	6999084534 926262 0 0 0 	27567999 926262 0 	452.23 	3 	76
24703600000000 24703700000000 	7200010796 21149165504 969937 	7199040859 969937 0 0 0 	28872235 969937 0 	453.434 	3 	76
24729200000000 24729300000000 	7400010796 21737101412 1013141 	7398997655 1013141 0 0 0 	30159984 1013141 0 	454.578 	3 	76
24754800000000 24754900000000 	7600010796 22325104326 1055784 	7598955012 1055784 0 0 0 	31426609 1055784 0 	455.667 	3 	76
24780400000000 24780500000000 	7800010796 22913100548 1098238 	7798912558 1098238 0 0 0 	32691526 1098238 0 	456.705 	3 	76
24806000000000 24806100000000 	8000010796 23501114948 1140549 	7998870247 1140549 0 0 0 	33964234 1140549 0 	457.696 	3 	76
24831600000000 24831700000048 	8200010892 24089222496 1182510 	8198828382 1182510 0 0 0 	35211598 1182510 0 	458.56 	3 	76
24857200000000 24857300000048 	8400010988 24677306056 1223998 	8398786990 1223998 0 0 0 	36439868 1223998 0 	459.386 	3 	76
24882800000000 24882900000048 	8600011084 25265356845 1264905 	8598746179 1264905 0 0 0 	37661994 1264905 0 	460.176 	3 	76
24908400000000 24908500000048 	8800011180 25853431190 1306011 	8798705169 1306011 0 0 0 	38894394 1306011 0 	460.932 	3 	76
24934000000000 24934100000048 	9000011276 26441549937 1346716 	8998664560 1346716 0 0 0 	40115968 1346716 0 	461.658 	3 	76
24959600000000 24959700000048 	9200011372 27029722626 1386907 	9198624465 1386907 0 0 0 	41309399 1386907 0 	462.353 	3 	76
24985200000000 24985300000048 	9400011468 27617855727 1426843 	9398584625 1426843 0 0 0 	42508513 1426843 0 	463.022 	3 	76
25010800000000 25010900000476 	9600012420 28206018572 1466298 	9598546122 1466298 0 0 0 	43681288 1466298 0 	463.591 	3 	76
25036400000000 25036500000476 	9800013372 28794249907 1505280 	9798508092 1505280 0 0 0 	44844198 1505280 0 	464.138 	3 	76
25062000000000 25062100000476 	10000014324 29382468355 1544230 	9998470094 1544230 0 0 0 	46011530 1544230 0 	464.664 	3 	76
25087600000000 25087700000476 	10200015276 29970711742 1582892 	10198432384 1582892 0 0 0 	47160499 1582892 0 	465.171 	3 	76
25113200000000 25113300000476 	10400016228 30558927305 1621320 	10398394908 1621320 0 0 0 	48305973 1621320 0 	465.659 	3 	76
25138800000000 25138900000476 	10600017180 31147175962 1658793 	10598358387 1658793 0 0 0 	49427206 1658793 0 	466.13 	3 	76
25164400000000 25164500000476 	10800018132 31735424348 1696360 	10798321772 1696360 0 0 0 	50554602 1696360 0 	466.584 	3 	76
25190000000000 25190100000476 	11000019084 32323758720 1733376 	10998285708 1733376 0 0 0 	51656615 1733376 0 	467.023 	3 	76
25215600000000 25215700000011 	11200019106 32912039784 1770058 	11198249048 1770058 0 0 0 	52749058 1770058 0 	467.398 	3 	76
25241200000000 25241300000011 	11400019128 33500348393 1806408 	11398212720 1806408 0 0 0 	53829549 1806408 0 	467.76 	3 	76
25266800000000 25266900000011 	11600019150 34088700929 1842513 	11598176637 1842513 0 0 0 	54903184 1842513 0 	468.111 	3 	76
25292400000000 25292500000011 	11800019172 34677088496 1878437 	11798140735 1878437 0 0 0 	55987696 1878437 0 	468.45 	3 	76
25318000000000 25318100000011 	12000019194 35265390547 1913977 	11998105217 1913977 0 0 0 	57057111 1913977 0 	468.779 	3 	76
25343600000000 25343700000011 	12200019216 35853802909 1949178 	12198070038 1949178 0 0 0 	58093804 1949178 0 	469.097 	3 	76
25369200000000 25369300000011 	12400019238 36442176194 1984299 	12398034939 1984299 0 0 0 	59134321 1984299 0 	469.405 	3 	76
25394800000000 25394900000210 	12600019658 37030618871 2018919 	12598000739 2018919 0 0 0 	60181730 2018919 0 	469.644 	3 	76
25420400000000 25420500000210 	12800020078 37619064603 2053435 	12797966643 2053435 0 0 0 	61213436 2053435 0 	469.877 	3 	76
25446000000000 25446100000210 	13000020498 38207531384 2087427 	12997933071 2087427 0 0 0 	62228040 2087427 0 	470.102 	3 	76
25471600000000 25471700000210 	13200020918 38796008190 2121543 	13197899375 2121543 0 0 0 	63248740 2121543 0 	470.321 	3 	76
25497200000000 25497300000210 	13400021338 39384468928 2155210 	13397866128 2155210 0 0 0 	64254671 2155210 0 	470.534 	3 	76
25522800000000 25522900000210 	13600021758 39972961687 2188373 	13597833385 2188373 0 0 0 	65241566 2188373 0 	470.74 	3 	76
25548400000000 25548500000210 	13800022178 40561394954 2221166 	13797801012 2221166 0 0 0 	66229806 2221166 0 	470.941 	3 	76
25574000000000 25574100000381 	14000022940 41149950425 2253820 	13997769120 2253820 0 0 0 	67195691 2253820 0 	471.082 	3 	76
25599600000000 25599700000381 	14200023702 41738448318 2286182 	14197737520 2286182 0 0 0 	68163803 2286182 0 	471.219 	3 	76
25625200000000 25625300000381 	14400024464 42326955989 2317828 	14397706636 2317828 0 0 0 	69112730 2317828 0 	471.352 	3 	76
25650800000000 25650900000381 	14600025226 42915507246 2349389 	14597675837 2349389 0 0 0 	70057101 2349389 0 	471.481 	3 	76
25676400000000 25676500000381 	14800025988 43504121332 2381070 	14797644918 2381070 0 0 0 	71001046 2381070 0 	471.607 	3 	76
25702000000000 25702100000381 	15000026750 44092756084 2412198 	14997614552 2412198 0 0 0 	71925886 2412198 0 	471.73 	3 	76
25727600000000 25727700000381 	15200027512 44681429774 2442955 	15197584557 2442955 0 0 0 	72836474 2442955 0 	471.85 	3 	76
25753200000000 25753300000381 	15400028274 45270092476 2474038 	15397554236 2474038 0 0 0 	73752803 2474038 0 	471.966 	3 	76
25778800000000 25778900000468 	15600029210 45858728807 2504575 	15597524635 2504575 0 0 0 	74655271 2504575 0 	472.043 	3 	76
25804400000000 25804500000468 	15800030146 46447419557 2535082 	15797495064 2535082 0 0 0 	75564388 2535082 0 	472.117 	3 	76
25830000000000 25830100000468 	16000031082 47036116662 2565088 	15997465994 2565088 0 0 0 	76461807 2565088 0 	472.19 	3 	76
25855600000000 25855700000468 	16200032018 47624868744 2594753 	16197437265 2594753 0 0 0 	77343332 2594753 0 	472.261 	3 	76
25881200000000 25881300000468 	16400032954 48213662096 2624127 	16397408827 2624127 0 0 0 	78225607 2624127 0 	472.33 	3 	76
25906800000000 25906900000468 	16600033890 48802417746 2653152 	16597380738 2653152 0 0 0 	79096853 2653152 0 	472.397 	3 	76
25932400000000 25932500000468 	16800034826 49391172563 2682060 	16797352766 2682060 0 0 0 	79961422 2682060 0 	472.463 	3 	76
25958000000000 25958100000254 	17000035334 49979993379 2710635 	16997324699 2710635 0 0 0 	80810437 2710635 0 	472.481 	3 	76
25983600000000 25983700000254 	17200035842 50568772996 2739113 	17197296729 2739113 0 0 0 	81661142 2739113 0 	472.499 	3 	76
26009200000000 26009300000254 	17400036350 51157625248 2767480 	17397268870 2767480 0 0 0 	82506835 2767480 0 	472.516 	3 	76
26034800000000 26034900000254 	17600036858 51746427242 2795391 	17597241467 2795391 0 0 0 	83344121 2795391 0 	472.533 	3 	76
26060400000000 26060500000254 	17800037366 52335279676 2823465 	17797213901 2823465 0 0 0 	84176228 2823465 0 	472.549 	3 	76
26086000000000 26086100000254 	18000037874 52924096916 2850911 	17997186963 2850911 0 0 0 	84997946 2850911 0 	472.566 	3 	76
26111600000000 26111700000254 	18200038382 53512962657 2878072 	18197160310 2878072 0 0 0 	85811476 2878072 0 	472.581 	3 	76
26137200000000 26137300000254 	18400038890 54101803529 2905005 	18397133885 2905005 0 0 0 	86616528 2905005 0 	472.597 	3 	76
26162800000000 26162900000365 	18600039620 54690739854 2931902 	18597107718 2931902 0 0 0 	87416565 2931902 0 	472.579 	3 	76
26188400000000 26188500000365 	18800040350 55279729378 2958740 	18797081610 2958740 0 0 0 	88210830 2958740 0 	472.563 	3 	76
26214000000000 26214100000365 	19000041080 55868710261 2985077 	18997056003 2985077 0 0 0 	89004503 2985077 0 	472.546 	3 	76
