23807700000000 23807800000044 	200000088 587007677 7477 	199992611 7477 0 0 0 	220109 7477 0 	414 	3 	77
23833300000000 23833400000044 	400000176 1174001627 14876 	399985300 14876 0 0 0 	436605 14876 0 	414 	3 	77
23858900000000 23859000000044 	600000264 1761107087 22022 	599978242 22022 0 0 0 	647180 22022 0 	414 	3 	77
23884500000000 23884600000044 	800000352 2348138741 29279 	799971073 29279 0 0 0 	860734 29279 0 	414 	3 	77
23910100000000 23910200000044 	1000000440 2935228675 36439 	999964001 36439 0 0 0 	1076916 36439 0 	414 	3 	77
23935700000000 23935800000044 	1200000528 3522256850 43357 	1199957171 43357 0 0 0 	1283092 43357 0 	414 	3 	77
23961300000000 23961400000228 	1400000984 4109308905 50226 	1399950758 50226 0 0 0 	1488943 50226 0 	413.713 	3 	77
23986900000000 23987000000228 	1600001440 4696404787 57109 	1599944331 57109 0 0 0 	1690636 57109 0 	413.498 	3 	77
24012500000000 24012600000228 	1800001896 5283499722 64121 	1799937775 64121 0 0 0 	1899645 64121 0 	413.331 	3 	77
24038100000000 24038200000228 	2000002352 5870660199 71004 	1999931348 71004 0 0 0 	2104490 71004 0 	413.198 	3 	77
24063700000000 24063800000228 	2200002808 6457831040 77642 	2199925166 77642 0 0 0 	2302156 77642 0 	413.089 	3 	77
24089300000000 24089400000228 	2400003264 7044985528 84187 	2399919077 84187 0 0 0 	2497111 84187 0 	412.998 	3 	77
24114900000000 24115000000091 	2600003446 7632183659 90780 	2599912666 90780 0 0 0 	2691349 90780 0 	412.687 	3 	77
24140500000000 24140600000091 	2800003628 8219481703 97222 	2799906406 97222 0 0 0 	2884017 97222 0 	412.422 	3 	77
24166100000000 24166200000091 	3000003810 8806729423 103611 	2999900199 103611 0 0 0 	3072801 103611 0 	412.192 	3 	77
24191700000000 24191800000091 	3200003992 9393980858 110024 	3199893968 110024 0 0 0 	3258912 110024 0 	411.991 	3 	77
24217300000000 24217400000091 	3400004174 9981324120 116441 	3399887733 116441 0 0 0 	3449450 116441 0 	411.814 	3 	77
24242900000000 24243000000091 	3600004356 10568701165 122693 	3599881663 122693 0 0 0 	3634112 122693 0 	411.656 	3 	77
24268500000000 24268600000308 	3800004972 11156401798 172952 	3799832020 172952 0 0 0 	5131916 172952 0 	415.807 	3 	77
24294100000000 24294200000308 	4000005588 11744101068 223393 	3999782195 223393 0 0 0 	6641772 223393 0 	419.615 	3 	77
24319700000000 24319800000308 	4200006204 12331837068 273198 	4199733006 273198 0 0 0 	8124009 273198 0 	423.12 	3 	77
24345300000000 24345400000308 	4400006820 12919560914 322575 	4399684245 322575 0 0 0 	9595551 322575 0 	426.358 	3 	77
24370900000000 24371000000308 	4600007436 13507288642 371657 	4599635779 371657 0 0 0 	11058502 371657 0 	429.358 	3 	77
24396500000000 24396600000308 	4800008052 14095041764 420210 	4799587842 420210 0 0 0 	12508918 420210 0 	432.146 	3 	77
24422100000000 24422200000308 	5000008668 14682802664 468073 	4999540595 468073 0 0 0 	13938943 468073 0 	434.742 	3 	77
24447700000000 24447800000152 	5200008972 15270588396 515734 	5199493238 515734 0 0 0 	15356457 515734 0 	437.052 	3 	77
24473300000000 24473400000152 	5400009276 15858349111 562784 	5399446492 562784 0 0 0 	16759354 562784 0 	439.213 	3 	77
24498900000000 24499000000152 	5600009580 16446186496 609746 	5599399834 609746 0 0 0 	18163408 609746 0 	441.239 	3 	77
24524500000000 24524600000152 	5800009884 17034017240 656170 	5799353714 656170 0 0 0 	19543631 656170 0 	443.142 	3 	77
24550100000000 24550200000152 	6000010188 17621868238 702131 	5999308057 702131 0 0 0 	20912531 702131 0 	444.933 	3 	77
24575700000000 24575800000152 	6200010492 18209727625 747440 	6199263052 747440 0 0 0 	22252922 747440 0 	446.621 	3 	77
24601300000000 24601400000152 	6400010796 18797610711 792713 	6399218083 792713 0 0 0 	23613832 792713 0 	448.216 	3 	77
24626900000000 24627000000000 	6600010796 19385542768 837695 	6599173101 837695 0 0 0 	24954034 837695 0 	449.627 	3 	77
24652500000000 24652600000000 	6800010796 19973468017 882253 	6799128543 882253 0 0 0 	26282491 882253 0 	450.963 	3 	77
24678100000000 24678200000000 	7000010796 20561426222 926206 	6999084590 926206 0 0 0 	27592507 926206 0 	452.23 	3 	77
24703700000000 24703800000000 	7200010796 21149429708 969615 	7199041181 969615 0 0 0 	28889264 969615 0 	453.434 	3 	77
24729300000000 24729400000000 	7400010796 21737377990 1012948 	7398997848 1012948 0 0 0 	30185859 1012948 0 	454.578 	3 	77
24754900000000 24755000000000 	7600010796 22325405390 1055844 	7598954952 1055844 0 0 0 	31472532 1055844 0 	455.667 	3 	77
24780500000000 24780600000000 	7800010796 22913433598 1098534 	7798912262 1098534 0 0 0 	32747942 1098534 0 	456.705 	3 	77
24806100000000 24806200000000 	8000010796 23501421897 1140874 	7998869922 1140874 0 0 0 	34012655 1140874 0 	457.696 	3 	77
24831700000000 24831800000048 	8200010892 24089505771 1182652 	8198828240 1182652 0 0 0 	35261798 1182652 0 	458.56 	3 	77
24857300000000 24857400000048 	8400010988 24677557086 1224266 	8398786722 1224266 0 0 0 	36498013 1224266 0 	459.386 	3 	77
24882900000000 24883000000048 	8600011084 25265628237 1265382 	8598745702 1265382 0 0 0 	37728830 1265382 0 	460.176 	3 	77
24908500000000 24908600000048 	8800011180 25853683568 1306051 	8798705129 1306051 0 0 0 	38934773 1306051 0 	460.932 	3 	77
24934100000000 24934200000048 	9000011276 26441756839 1346354 	8998664922 1346354 0 0 0 	40147341 1346354 0 	461.658 	3 	77
24959700000000 24959800000048 	9200011372 27029929802 1386464 	9198624908 1386464 0 0 0 	41338387 1386464 0 	462.353 	3 	77
24985300000000 24985400000048 	9400011468 27618103934 1426060 	9398585408 1426060 0 0 0 	42522230 1426060 0 	463.022 	3 	77
25010900000000 25011000000476 	9600012420 28206248582 1465391 	9598547029 1465391 0 0 0 	43688377 1465391 0 	463.591 	3 	77
25036500000000 25036600000476 	9800013372 28794438967 1504304 	9798509068 1504304 0 0 0 	44856381 1504304 0 	464.138 	3 	77
25062100000000 25062200000476 	10000014324 29382611635 1542983 	9998471341 1542983 0 0 0 	46005833 1542983 0 	464.664 	3 	77
25087700000000 25087800000476 	10200015276 29970879172 1581520 	10198433756 1581520 0 0 0 	47148730 1581520 0 	465.171 	3 	77
25113300000000 25113400000476 	10400016228 30559124508 1619574 	10398396654 1619574 0 0 0 	48286176 1619574 0 	465.659 	3 	77
25138900000000 25139000000476 	10600017180 31147406417 1657400 	10598359780 1657400 0 0 0 	49422315 1657400 0 	466.13 	3 	77
25164500000000 25164600000476 	10800018132 31735670900 1694855 	10798323277 1694855 0 0 0 	50532169 1694855 0 	466.584 	3 	77
25190100000000 25190200000476 	11000019084 32323896922 1731797 	10998287287 1731797 0 0 0 	51634634 1731797 0 	467.023 	3 	77
25215700000000 25215800000011 	11200019106 32912188486 1768671 	11198250435 1768671 0 0 0 	52723555 1768671 0 	467.398 	3 	77
25241300000000 25241400000011 	11400019128 33500536915 1805006 	11398214122 1805006 0 0 0 	53812776 1805006 0 	467.76 	3 	77
25266900000000 25267000000011 	11600019150 34088810586 1841331 	11598177819 1841331 0 0 0 	54892407 1841331 0 	468.111 	3 	77
25292500000000 25292600000011 	11800019172 34677133093 1876968 	11798142204 1876968 0 0 0 	55955091 1876968 0 	468.45 	3 	77
25318100000000 25318200000011 	12000019194 35265520955 1912842 	11998106352 1912842 0 0 0 	57027257 1912842 0 	468.779 	3 	77
25343700000000 25343800000011 	12200019216 35853850717 1948024 	12198071192 1948024 0 0 0 	58074555 1948024 0 	469.097 	3 	77
25369300000000 25369400000011 	12400019238 36442285747 1982896 	12398036342 1982896 0 0 0 	59124800 1982896 0 	469.405 	3 	77
25394900000000 25395000000210 	12600019658 37030642603 2017736 	12598001922 2017736 0 0 0 	60167367 2017736 0 	469.644 	3 	77
25420500000000 25420600000210 	12800020078 37619045609 2052113 	12797967965 2052113 0 0 0 	61194796 2052113 0 	469.877 	3 	77
25446100000000 25446200000210 	13000020498 38207466694 2085701 	12997934797 2085701 0 0 0 	62204908 2085701 0 	470.102 	3 	77
25471700000000 25471800000210 	13200020918 38795963625 2119705 	13197901213 2119705 0 0 0 	63223716 2119705 0 	470.321 	3 	77
25497300000000 25497400000210 	13400021338 39384445835 2153132 	13397868206 2153132 0 0 0 	64218574 2153132 0 	470.534 	3 	77
25522900000000 25523000000210 	13600021758 39972931424 2186305 	13597835453 2186305 0 0 0 	65209004 2186305 0 	470.74 	3 	77
25548500000000 25548600000210 	13800022178 40561472281 2219768 	13797802410 2219768 0 0 0 	66220018 2219768 0 	470.941 	3 	77
25574100000000 25574200000381 	14000022940 41150026637 2252518 	13997770422 2252518 0 0 0 	67198029 2252518 0 	471.082 	3 	77
25599700000000 25599800000381 	14200023702 41738622448 2285020 	14197738682 2285020 0 0 0 	68166295 2285020 0 	471.219 	3 	77
25625300000000 25625400000381 	14400024464 42327199556 2317115 	14397707349 2317115 0 0 0 	69129728 2317115 0 	471.352 	3 	77
25650900000000 25651000000381 	14600025226 42915741389 2348950 	14597676276 2348950 0 0 0 	70082969 2348950 0 	471.481 	3 	77
25676500000000 25676600000381 	14800025988 43504364955 2380438 	14797645550 2380438 0 0 0 	71015339 2380438 0 	471.607 	3 	77
25702100000000 25702200000381 	15000026750 44092943535 2411584 	14997615166 2411584 0 0 0 	71947929 2411584 0 	471.73 	3 	77
25727700000000 25727800000381 	15200027512 44681597072 2442559 	15197584953 2442559 0 0 0 	72862213 2442559 0 	471.85 	3 	77
25753300000000 25753400000381 	15400028274 45270214421 2473528 	15397554746 2473528 0 0 0 	73785595 2473528 0 	471.966 	3 	77
25778900000000 25779000000468 	15600029210 45858911218 2503791 	15597525419 2503791 0 0 0 	74688739 2503791 0 	472.043 	3 	77
25804500000000 25804600000468 	15800030146 46447599110 2534263 	15797495883 2534263 0 0 0 	75602904 2534263 0 	472.117 	3 	77
25830100000000 25830200000468 	16000031082 47036292359 2564213 	15997466869 2564213 0 0 0 	76510603 2564213 0 	472.19 	3 	77
25855700000000 25855800000468 	16200032018 47624991663 2594283 	16197437735 2594283 0 0 0 	77405594 2594283 0 	472.261 	3 	77
25881300000000 25881400000468 	16400032954 48213762459 2623858 	16397409096 2623858 0 0 0 	78299408 2623858 0 	472.33 	3 	77
25906900000000 25907000000468 	16600033890 48802528218 2653059 	16597380831 2653059 0 0 0 	79164570 2653059 0 	472.397 	3 	77
25932500000000 25932600000468 	16800034826 49391316299 2682234 	16797352592 2682234 0 0 0 	80039988 2682234 0 	472.463 	3 	77
25958100000000 25958200000254 	17000035334 49980116534 2711073 	16997324261 2711073 0 0 0 	80899543 2711073 0 	472.481 	3 	77
25983700000000 25983800000254 	17200035842 50568943598 2739662 	17197296180 2739662 0 0 0 	81755375 2739662 0 	472.499 	3 	77
26009300000000 26009400000254 	17400036350 51157753603 2768157 	17397268193 2768157 0 0 0 	82603660 2768157 0 	472.516 	3 	77
26034900000000 26035000000254 	17600036858 51746572947 2796142 	17597240716 2796142 0 0 0 	83444343 2796142 0 	472.533 	3 	77
26060500000000 26060600000254 	17800037366 52335467403 2823660 	17797213706 2823660 0 0 0 	84270902 2823660 0 	472.549 	3 	77
26086100000000 26086200000254 	18000037874 52924350647 2851092 	17997186782 2851092 0 0 0 	85086116 2851092 0 	472.566 	3 	77
26111700000000 26111800000254 	18200038382 53513243959 2878350 	18197160032 2878350 0 0 0 	85902327 2878350 0 	472.581 	3 	77
26137300000000 26137400000254 	18400038890 54102130194 2905047 	18397133843 2905047 0 0 0 	86700175 2905047 0 	472.597 	3 	77
26162900000000 26163000000365 	18600039620 54691100387 2931571 	18597108049 2931571 0 0 0 	87494263 2931571 0 	472.579 	3 	77
26188500000000 26188600000365 	18800040350 55280006679 2958133 	18797082217 2958133 0 0 0 	88291659 2958133 0 	472.563 	3 	77
26214100000000 26214200000365 	19000041080 55868977738 2984715 	18997056365 2984715 0 0 0 	89080108 2984715 0 	472.546 	3 	77
26239700000000 26239800000365 	19200041810 56457962979 3010809 	19197031001 3010809 0 0 0 	89856293 3010809 0 	472.53 	3 	77
