23808100000000 23808200000044 	200000088 586970690 7483 	199992605 7483 0 0 0 	220787 7483 0 	414 	3 	81
23833700000000 23833800000044 	400000176 1173967795 14873 	399985303 14873 0 0 0 	442208 14873 0 	414 	3 	81
23859300000000 23859400000044 	600000264 1760968813 22133 	599978131 22133 0 0 0 	660473 22133 0 	414 	3 	81
23884900000000 23885000000044 	800000352 2347980768 29466 	799970886 29466 0 0 0 	877605 29466 0 	414 	3 	81
23910500000000 23910600000044 	1000000440 2935004271 36624 	999963816 36624 0 0 0 	1085087 36624 0 	414 	3 	81
23936100000000 23936200000044 	1200000528 3522032695 43659 	1199956869 43659 0 0 0 	1297002 43659 0 	414 	3 	81
23961700000000 23961800000228 	1400000984 4109091419 50592 	1399950392 50592 0 0 0 	1502893 50592 0 	413.713 	3 	81
23987300000000 23987400000228 	1600001440 4696168616 57549 	1599943891 57549 0 0 0 	1706833 57549 0 	413.498 	3 	81
24012900000000 24013000000228 	1800001896 5283286810 64445 	1799937451 64445 0 0 0 	1914737 64445 0 	413.331 	3 	81
24038500000000 24038600000228 	2000002352 5870428250 71167 	1999931185 71167 0 0 0 	2115022 71167 0 	413.198 	3 	81
24064100000000 24064200000228 	2200002808 6457572616 77811 	2199924997 77811 0 0 0 	2312363 77811 0 	413.089 	3 	81
24089700000000 24089800000228 	2400003264 7044759238 84436 	2399918828 84436 0 0 0 	2511538 84436 0 	412.998 	3 	81
24115300000000 24115400000091 	2600003446 7631971075 90969 	2599912477 90969 0 0 0 	2706343 90969 0 	412.687 	3 	81
24140900000000 24141000000091 	2800003628 8219174293 97478 	2799906150 97478 0 0 0 	2897833 97478 0 	412.422 	3 	81
24166500000000 24166600000091 	3000003810 8806428117 103855 	2999899955 103855 0 0 0 	3087475 103855 0 	412.192 	3 	81
24192100000000 24192200000091 	3200003992 9393714281 110091 	3199893901 110091 0 0 0 	3276532 110091 0 	411.991 	3 	81
24217700000000 24217800000091 	3400004174 9981061168 116298 	3399887876 116298 0 0 0 	3458228 116298 0 	411.814 	3 	81
24243300000000 24243400000091 	3600004356 10568338242 122440 	3599881916 122440 0 0 0 	3644375 122440 0 	411.656 	3 	81
24268900000000 24269000000308 	3800004972 11156039620 173080 	3799831892 173080 0 0 0 	5171528 173080 0 	415.807 	3 	81
24294500000000 24294600000308 	4000005588 11743729704 223387 	3999782201 223387 0 0 0 	6660237 223387 0 	419.615 	3 	81
24320100000000 24320200000308 	4200006204 12331454789 272923 	4199733281 272923 0 0 0 	8149678 272923 0 	423.12 	3 	81
24345700000000 24345800000308 	4400006820 12919219838 322182 	4399684638 322182 0 0 0 	9604808 322182 0 	426.358 	3 	81
24371300000000 24371400000308 	4600007436 13507010186 371101 	4599636335 371101 0 0 0 	11063996 371101 0 	429.358 	3 	81
24396900000000 24397000000308 	4800008052 14094766301 419438 	4799588614 419438 0 0 0 	12507530 419438 0 	432.146 	3 	81
24422500000000 24422600000308 	5000008668 14682529762 467416 	4999541252 467416 0 0 0 	13941127 467416 0 	434.742 	3 	81
24448100000000 24448200000152 	5200008972 15270255558 514756 	5199494216 514756 0 0 0 	15348401 514756 0 	437.052 	3 	81
24473700000000 24473800000152 	5400009276 15858045390 561820 	5399447456 561820 0 0 0 	16758719 561820 0 	439.213 	3 	81
24499300000000 24499400000152 	5600009580 16445949300 608778 	5599400802 608778 0 0 0 	18167123 608778 0 	441.239 	3 	81
24524900000000 24525000000152 	5800009884 17033825301 655755 	5799354129 655755 0 0 0 	19571378 655755 0 	443.142 	3 	81
24550500000000 24550600000152 	6000010188 17621661555 701613 	5999308575 701613 0 0 0 	20938058 701613 0 	444.933 	3 	81
24576100000000 24576200000152 	6200010492 18209520552 747501 	6199262991 747501 0 0 0 	22307646 747501 0 	446.621 	3 	81
24601700000000 24601800000152 	6400010796 18797453347 792504 	6399218292 792504 0 0 0 	23643720 792504 0 	448.216 	3 	81
24627300000000 24627400000000 	6600010796 19385372492 837620 	6599173176 837620 0 0 0 	24993258 837620 0 	449.627 	3 	81
24652900000000 24653000000000 	6800010796 19973295718 882423 	6799128373 882423 0 0 0 	26329420 882423 0 	450.963 	3 	81
24678500000000 24678600000000 	7000010796 20561222340 926306 	6999084490 926306 0 0 0 	27643541 926306 0 	452.23 	3 	81
24704100000000 24704200000000 	7200010796 21149185897 970052 	7199040744 970052 0 0 0 	28955834 970052 0 	453.434 	3 	81
24729700000000 24729800000000 	7400010796 21737200435 1013485 	7398997311 1013485 0 0 0 	30243200 1013485 0 	454.578 	3 	81
24755300000000 24755400000000 	7600010796 22325205847 1056417 	7598954379 1056417 0 0 0 	31515085 1056417 0 	455.667 	3 	81
24780900000000 24781000000000 	7800010796 22913205272 1099153 	7798911643 1099153 0 0 0 	32791586 1099153 0 	456.705 	3 	81
24806500000000 24806600000000 	8000010796 23501235634 1141421 	7998869375 1141421 0 0 0 	34051459 1141421 0 	457.696 	3 	81
24832100000000 24832200000048 	8200010892 24089271093 1183323 	8198827569 1183323 0 0 0 	35298589 1183323 0 	458.56 	3 	81
24857700000000 24857800000048 	8400010988 24677344016 1224764 	8398786224 1224764 0 0 0 	36528185 1224764 0 	459.386 	3 	81
24883300000000 24883400000048 	8600011084 25265406681 1265777 	8598745307 1265777 0 0 0 	37747415 1265777 0 	460.176 	3 	81
24908900000000 24909000000048 	8800011180 25853474617 1306463 	8798704717 1306463 0 0 0 	38965898 1306463 0 	460.932 	3 	81
24934500000000 24934600000048 	9000011276 26441572860 1346787 	8998664489 1346787 0 0 0 	40178841 1346787 0 	461.658 	3 	81
24960100000000 24960200000048 	9200011372 27029747675 1386975 	9198624397 1386975 0 0 0 	41384810 1386975 0 	462.353 	3 	81
24985700000000 24985800000048 	9400011468 27617777143 1426492 	9398584976 1426492 0 0 0 	42563306 1426492 0 	463.022 	3 	81
25011300000000 25011400000476 	9600012420 28205886662 1465700 	9598546720 1465700 0 0 0 	43740365 1465700 0 	463.591 	3 	81
25036900000000 25037000000476 	9800013372 28794105699 1504870 	9798508502 1504870 0 0 0 	44914184 1504870 0 	464.138 	3 	81
25062500000000 25062600000476 	10000014324 29382341146 1543636 	9998470688 1543636 0 0 0 	46066352 1543636 0 	464.664 	3 	81
25088100000000 25088200000476 	10200015276 29970626485 1582028 	10198433248 1582028 0 0 0 	47205464 1582028 0 	465.171 	3 	81
25113700000000 25113800000476 	10400016228 30558797464 1620147 	10398396081 1620147 0 0 0 	48337818 1620147 0 	465.659 	3 	81
25139300000000 25139400000476 	10600017180 31147034182 1657745 	10598359435 1657745 0 0 0 	49458891 1657745 0 	466.13 	3 	81
25164900000000 25165000000476 	10800018132 31735284759 1695133 	10798322999 1695133 0 0 0 	50579716 1695133 0 	466.584 	3 	81
25190500000000 25190600000476 	11000019084 32323547357 1732455 	10998286629 1732455 0 0 0 	51691009 1732455 0 	467.023 	3 	81
25216100000000 25216200000011 	11200019106 32911826835 1769153 	11198249953 1769153 0 0 0 	52793659 1769153 0 	467.398 	3 	81
25241700000000 25241800000011 	11400019128 33500160966 1805722 	11398213406 1805722 0 0 0 	53880038 1805722 0 	467.76 	3 	81
25267300000000 25267400000011 	11600019150 34088485650 1841974 	11598177176 1841974 0 0 0 	54953922 1841974 0 	468.111 	3 	81
25292900000000 25293000000011 	11800019172 34676862922 1877935 	11798141237 1877935 0 0 0 	56030725 1877935 0 	468.45 	3 	81
25318500000000 25318600000011 	12000019194 35265237936 1913544 	11998105650 1913544 0 0 0 	57092393 1913544 0 	468.779 	3 	81
25344100000000 25344200000011 	12200019216 35853615082 1948988 	12198070228 1948988 0 0 0 	58151419 1948988 0 	469.097 	3 	81
25369700000000 25369800000011 	12400019238 36442039158 1984020 	12398035218 1984020 0 0 0 	59195754 1984020 0 	469.405 	3 	81
25395300000000 25395400000210 	12600019658 37030451387 2018580 	12598001078 2018580 0 0 0 	60231485 2018580 0 	469.644 	3 	81
25420900000000 25421000000210 	12800020078 37618900667 2052763 	12797967315 2052763 0 0 0 	61252630 2052763 0 	469.877 	3 	81
25446500000000 25446600000210 	13000020498 38207361463 2086636 	12997933862 2086636 0 0 0 	62271784 2086636 0 	470.102 	3 	81
25472100000000 25472200000210 	13200020918 38795813302 2120089 	13197900829 2120089 0 0 0 	63276242 2120089 0 	470.321 	3 	81
25497700000000 25497800000210 	13400021338 39384296188 2153552 	13397867786 2153552 0 0 0 	64272760 2153552 0 	470.534 	3 	81
25523300000000 25523400000210 	13600021758 39972784913 2187022 	13597834736 2187022 0 0 0 	65273376 2187022 0 	470.74 	3 	81
25548900000000 25549000000210 	13800022178 40561290559 2219931 	13797802247 2219931 0 0 0 	66250435 2219931 0 	470.941 	3 	81
25574500000000 25574600000381 	14000022940 41149806066 2252537 	13997770403 2252537 0 0 0 	67209928 2252537 0 	471.082 	3 	81
25600100000000 25600200000381 	14200023702 41738326431 2284848 	14197738854 2284848 0 0 0 	68172937 2284848 0 	471.219 	3 	81
25625700000000 25625800000381 	14400024464 42326921210 2316614 	14397707850 2316614 0 0 0 	69118275 2316614 0 	471.352 	3 	81
25651300000000 25651400000381 	14600025226 42915554919 2348289 	14597676937 2348289 0 0 0 	70063102 2348289 0 	471.481 	3 	81
25676900000000 25677000000381 	14800025988 43504231689 2379871 	14797646117 2379871 0 0 0 	71010630 2379871 0 	471.607 	3 	81
25702500000000 25702600000381 	15000026750 44092891564 2411278 	14997615472 2411278 0 0 0 	71951606 2411278 0 	471.73 	3 	81
25728100000000 25728200000381 	15200027512 44681496108 2442167 	15197585345 2442167 0 0 0 	72866569 2442167 0 	471.85 	3 	81
25753700000000 25753800000381 	15400028274 45270153241 2472702 	15397555572 2472702 0 0 0 	73773695 2472702 0 	471.966 	3 	81
25779300000000 25779400000468 	15600029210 45858804439 2503076 	15597526134 2503076 0 0 0 	74680065 2503076 0 	472.043 	3 	81
25804900000000 25805000000468 	15800030146 46447548001 2533491 	15797496655 2533491 0 0 0 	75594105 2533491 0 	472.117 	3 	81
25830500000000 25830600000468 	16000031082 47036151851 2563287 	15997467795 2563287 0 0 0 	76483445 2563287 0 	472.19 	3 	81
25856100000000 25856200000468 	16200032018 47624934463 2593235 	16197438783 2593235 0 0 0 	77380244 2593235 0 	472.261 	3 	81
25881700000000 25881800000468 	16400032954 48213654215 2622460 	16397410494 2622460 0 0 0 	78256549 2622460 0 	472.33 	3 	81
25907300000000 25907400000468 	16600033890 48802411742 2651543 	16597382347 2651543 0 0 0 	79120357 2651543 0 	472.397 	3 	81
25932900000000 25933000000468 	16800034826 49391182751 2680550 	16797354276 2680550 0 0 0 	79987622 2680550 0 	472.463 	3 	81
25958500000000 25958600000254 	17000035334 49979980363 2709388 	16997325946 2709388 0 0 0 	80850435 2709388 0 	472.481 	3 	81
25984100000000 25984200000254 	17200035842 50568789813 2738006 	17197297836 2738006 0 0 0 	81710606 2738006 0 	472.499 	3 	81
26009700000000 26009800000254 	17400036350 51157553663 2766276 	17397270074 2766276 0 0 0 	82554236 2766276 0 	472.516 	3 	81
26035300000000 26035400000254 	17600036858 51746365437 2794401 	17597242457 2794401 0 0 0 	83391519 2794401 0 	472.533 	3 	81
26060900000000 26061000000254 	17800037366 52335259826 2822428 	17797214938 2822428 0 0 0 	84228213 2822428 0 	472.549 	3 	81
26086500000000 26086600000254 	18000037874 52924122683 2849950 	17997187924 2849950 0 0 0 	85047795 2849950 0 	472.566 	3 	81
26112100000000 26112200000254 	18200038382 53512978466 2877215 	18197161167 2877215 0 0 0 	85861077 2877215 0 	472.581 	3 	81
26137700000000 26137800000254 	18400038890 54101956009 2904243 	18397134647 2904243 0 0 0 	86666734 2904243 0 	472.597 	3 	81
26163300000000 26163400000365 	18600039620 54690892930 2931105 	18597108515 2931105 0 0 0 	87471532 2931105 0 	472.579 	3 	81
26188900000000 26189000000365 	18800040350 55279857867 2957724 	18797082626 2957724 0 0 0 	88264312 2957724 0 	472.563 	3 	81
26214500000000 26214600000365 	19000041080 55868804143 2984228 	18997056852 2984228 0 0 0 	89055329 2984228 0 	472.546 	3 	81
26240100000000 26240200000365 	19200041810 56457823316 3010357 	19197031453 3010357 0 0 0 	89830806 3010357 0 	472.53 	3 	81
