23808300000000 23808400000044 	200000088 586966684 7394 	199992694 7394 0 0 0 	220952 7394 0 	414 	3 	83
23833900000000 23834000000044 	400000176 1173945456 14832 	399985344 14832 0 0 0 	445053 14832 0 	414 	3 	83
23859500000000 23859600000044 	600000264 1760939077 22008 	599978256 22008 0 0 0 	658304 22008 0 	414 	3 	83
23885100000000 23885200000044 	800000352 2347908693 29336 	799971016 29336 0 0 0 	885425 29336 0 	414 	3 	83
23910700000000 23910800000044 	1000000440 2934960711 36307 	999964133 36307 0 0 0 	1095314 36307 0 	414 	3 	83
23936300000000 23936400000044 	1200000528 3522051486 43320 	1199957208 43320 0 0 0 	1301496 43320 0 	414 	3 	83
23961900000000 23962000000228 	1400000984 4109135606 50281 	1399950703 50281 0 0 0 	1510504 50281 0 	413.713 	3 	83
23987500000000 23987600000228 	1600001440 4696238302 57119 	1599944321 57119 0 0 0 	1715241 57119 0 	413.498 	3 	83
24013100000000 24013200000228 	1800001896 5283385159 63855 	1799938041 63855 0 0 0 	1914675 63855 0 	413.331 	3 	83
24038700000000 24038800000228 	2000002352 5870488849 70495 	1999931857 70495 0 0 0 	2112112 70495 0 	413.198 	3 	83
24064300000000 24064400000228 	2200002808 6457632386 77126 	2199925682 77126 0 0 0 	2308205 77126 0 	413.089 	3 	83
24089900000000 24090000000228 	2400003264 7044768365 83746 	2399919518 83746 0 0 0 	2506589 83746 0 	412.998 	3 	83
24115500000000 24115600000091 	2600003446 7632005984 90260 	2599913186 90260 0 0 0 	2701909 90260 0 	412.687 	3 	83
24141100000000 24141200000091 	2800003628 8219232387 96826 	2799906802 96826 0 0 0 	2896802 96826 0 	412.422 	3 	83
24166700000000 24166800000091 	3000003810 8806493870 103251 	2999900559 103251 0 0 0 	3091167 103251 0 	412.192 	3 	83
24192300000000 24192400000091 	3200003992 9393699317 109456 	3199894536 109456 0 0 0 	3273639 109456 0 	411.991 	3 	83
24217900000000 24218000000091 	3400004174 9980934950 115762 	3399888412 115762 0 0 0 	3463372 115762 0 	411.814 	3 	83
24243500000000 24243600000091 	3600004356 10568198196 121868 	3599882488 121868 0 0 0 	3644492 121868 0 	411.656 	3 	83
24269100000000 24269200000308 	3800004972 11155837464 172200 	3799832772 172200 0 0 0 	5144356 172200 0 	415.807 	3 	83
24294700000000 24294800000308 	4000005588 11743543465 222606 	3999782982 222606 0 0 0 	6645585 222606 0 	419.615 	3 	83
24320300000000 24320400000308 	4200006204 12331227777 272667 	4199733537 272667 0 0 0 	8133273 272667 0 	423.12 	3 	83
24345900000000 24346000000308 	4400006820 12918941667 321535 	4399685285 321535 0 0 0 	9586173 321535 0 	426.358 	3 	83
24371500000000 24371600000308 	4600007436 13506680544 370549 	4599636887 370549 0 0 0 	11047256 370549 0 	429.358 	3 	83
24397100000000 24397200000308 	4800008052 14094403686 418924 	4799589128 418924 0 0 0 	12489513 418924 0 	432.146 	3 	83
24422700000000 24422800000308 	5000008668 14682142464 466699 	4999541969 466699 0 0 0 	13919562 466699 0 	434.742 	3 	83
24448300000000 24448400000152 	5200008972 15269928645 514203 	5199494769 514203 0 0 0 	15335871 514203 0 	437.052 	3 	83
24473900000000 24474000000152 	5400009276 15857781865 561310 	5399447966 561310 0 0 0 	16736500 561310 0 	439.213 	3 	83
24499500000000 24499600000152 	5600009580 16445655854 608441 	5599401139 608441 0 0 0 	18144167 608441 0 	441.239 	3 	83
24525100000000 24525200000152 	5800009884 17033440995 654796 	5799355088 654796 0 0 0 	19529668 654796 0 	443.142 	3 	83
24550700000000 24550800000152 	6000010188 17621309916 700979 	5999309209 700979 0 0 0 	20912042 700979 0 	444.933 	3 	83
24576300000000 24576400000152 	6200010492 18209187751 746649 	6199263843 746649 0 0 0 	22276690 746649 0 	446.621 	3 	83
24601900000000 24602000000152 	6400010796 18797129999 791772 	6399219024 791772 0 0 0 	23623241 791772 0 	448.216 	3 	83
24627500000000 24627600000000 	6600010796 19385009012 836600 	6599174196 836600 0 0 0 	24958286 836600 0 	449.627 	3 	83
24653100000000 24653200000000 	6800010796 19972960827 881297 	6799129499 881297 0 0 0 	26286279 881297 0 	450.963 	3 	83
24678700000000 24678800000000 	7000010796 20560891306 925426 	6999085370 925426 0 0 0 	27602782 925426 0 	452.23 	3 	83
24704300000000 24704400000000 	7200010796 21148841932 969102 	7199041694 969102 0 0 0 	28903689 969102 0 	453.434 	3 	83
24729900000000 24730000000000 	7400010796 21736826386 1012201 	7398998595 1012201 0 0 0 	30193073 1012201 0 	454.578 	3 	83
24755500000000 24755600000000 	7600010796 22324798194 1055285 	7598955511 1055285 0 0 0 	31473763 1055285 0 	455.667 	3 	83
24781100000000 24781200000000 	7800010796 22912879670 1097510 	7798913286 1097510 0 0 0 	32741239 1097510 0 	456.705 	3 	83
24806700000000 24806800000000 	8000010796 23500966737 1139820 	7998870976 1139820 0 0 0 	34006678 1139820 0 	457.696 	3 	83
24832300000000 24832400000048 	8200010892 24088981621 1181700 	8198829192 1181700 0 0 0 	35259671 1181700 0 	458.56 	3 	83
24857900000000 24858000000048 	8400010988 24677028821 1223102 	8398787886 1223102 0 0 0 	36496536 1223102 0 	459.386 	3 	83
24883500000000 24883600000048 	8600011084 25265131090 1264382 	8598746702 1264382 0 0 0 	37726026 1264382 0 	460.176 	3 	83
24909100000000 24909200000048 	8800011180 25853251454 1304975 	8798706205 1304975 0 0 0 	38947889 1304975 0 	460.932 	3 	83
24934700000000 24934800000048 	9000011276 26441343962 1345666 	8998665610 1345666 0 0 0 	40167852 1345666 0 	461.658 	3 	83
24960300000000 24960400000048 	9200011372 27029492006 1385558 	9198625814 1385558 0 0 0 	41361057 1385558 0 	462.353 	3 	83
24985900000000 24986000000048 	9400011468 27617615769 1425341 	9398586127 1425341 0 0 0 	42551753 1425341 0 	463.022 	3 	83
25011500000000 25011600000476 	9600012420 28205804736 1464497 	9598547923 1464497 0 0 0 	43722392 1464497 0 	463.591 	3 	83
25037100000000 25037200000476 	9800013372 28793975239 1503741 	9798509631 1503741 0 0 0 	44890589 1503741 0 	464.138 	3 	83
25062700000000 25062800000476 	10000014324 29382171176 1542951 	9998471373 1542951 0 0 0 	46058747 1542951 0 	464.664 	3 	83
25088300000000 25088400000476 	10200015276 29970349121 1581118 	10198434158 1581118 0 0 0 	47197167 1581118 0 	465.171 	3 	83
25113900000000 25114000000476 	10400016228 30558567928 1619107 	10398397121 1619107 0 0 0 	48333681 1619107 0 	465.659 	3 	83
25139500000000 25139600000476 	10600017180 31146782671 1656834 	10598360346 1656834 0 0 0 	49455757 1656834 0 	466.13 	3 	83
25165100000000 25165200000476 	10800018132 31735039232 1694461 	10798323671 1694461 0 0 0 	50585072 1694461 0 	466.584 	3 	83
25190700000000 25190800000476 	11000019084 32323308565 1731075 	10998288009 1731075 0 0 0 	51683181 1731075 0 	467.023 	3 	83
25216300000000 25216400000011 	11200019106 32911641955 1767965 	11198251141 1767965 0 0 0 	52776991 1767965 0 	467.398 	3 	83
25241900000000 25242000000011 	11400019128 33499994769 1804378 	11398214750 1804378 0 0 0 	53854615 1804378 0 	467.76 	3 	83
25267500000000 25267600000011 	11600019150 34088318163 1840522 	11598178628 1840522 0 0 0 	54929040 1840522 0 	468.111 	3 	83
25293100000000 25293200000011 	11800019172 34676686304 1876469 	11798142703 1876469 0 0 0 	56002350 1876469 0 	468.45 	3 	83
25318700000000 25318800000011 	12000019194 35265069518 1912316 	11998106878 1912316 0 0 0 	57073051 1912316 0 	468.779 	3 	83
25344300000000 25344400000011 	12200019216 35853445057 1947508 	12198071708 1947508 0 0 0 	58120838 1947508 0 	469.097 	3 	83
25369900000000 25370000000011 	12400019238 36441796702 1982647 	12398036591 1982647 0 0 0 	59172012 1982647 0 	469.405 	3 	83
25395500000000 25395600000210 	12600019658 37030259140 2017523 	12598002135 2017523 0 0 0 	60217535 2017523 0 	469.644 	3 	83
25421100000000 25421200000210 	12800020078 37618661244 2051746 	12797968332 2051746 0 0 0 	61241984 2051746 0 	469.877 	3 	83
25446700000000 25446800000210 	13000020498 38207068119 2085730 	12997934768 2085730 0 0 0 	62249651 2085730 0 	470.102 	3 	83
25472300000000 25472400000210 	13200020918 38795536102 2119506 	13197901412 2119506 0 0 0 	63255590 2119506 0 	470.321 	3 	83
25497900000000 25498000000210 	13400021338 39383958332 2152969 	13397868369 2152969 0 0 0 	64254301 2152969 0 	470.534 	3 	83
25523500000000 25523600000210 	13600021758 39972433034 2186089 	13597835669 2186089 0 0 0 	65243040 2186089 0 	470.74 	3 	83
25549100000000 25549200000210 	13800022178 40561013000 2219086 	13797803092 2219086 0 0 0 	66222066 2219086 0 	470.941 	3 	83
25574700000000 25574800000381 	14000022940 41149532540 2251786 	13997771154 2251786 0 0 0 	67194326 2251786 0 	471.082 	3 	83
25600300000000 25600400000381 	14200023702 41738059097 2284254 	14197739448 2284254 0 0 0 	68154971 2284254 0 	471.219 	3 	83
25625900000000 25626000000381 	14400024464 42326643175 2316088 	14397708376 2316088 0 0 0 	69110214 2316088 0 	471.352 	3 	83
25651500000000 25651600000381 	14600025226 42915293254 2347732 	14597677494 2347732 0 0 0 	70048136 2347732 0 	471.481 	3 	83
25677100000000 25677200000381 	14800025988 43503888685 2379349 	14797646639 2379349 0 0 0 	70981402 2379349 0 	471.607 	3 	83
25702700000000 25702800000381 	15000026750 44092539817 2410652 	14997616098 2410652 0 0 0 	71926602 2410652 0 	471.73 	3 	83
25728300000000 25728400000381 	15200027512 44681211557 2441438 	15197586074 2441438 0 0 0 	72843619 2441438 0 	471.85 	3 	83
25753900000000 25754000000381 	15400028274 45269846159 2472288 	15397555986 2472288 0 0 0 	73771159 2472288 0 	471.966 	3 	83
25779500000000 25779600000468 	15600029210 45858583614 2502771 	15597526439 2502771 0 0 0 	74681474 2502771 0 	472.043 	3 	83
25805100000000 25805200000468 	15800030146 46447223417 2532984 	15797497162 2532984 0 0 0 	75578419 2532984 0 	472.117 	3 	83
25830700000000 25830800000468 	16000031082 47035927278 2563147 	15997467935 2563147 0 0 0 	76470894 2563147 0 	472.19 	3 	83
25856300000000 25856400000468 	16200032018 47624620786 2592904 	16197439114 2592904 0 0 0 	77363839 2592904 0 	472.261 	3 	83
25881900000000 25882000000468 	16400032954 48213376828 2622574 	16397410380 2622574 0 0 0 	78244023 2622574 0 	472.33 	3 	83
25907500000000 25907600000468 	16600033890 48802120828 2651545 	16597382345 2651545 0 0 0 	79115504 2651545 0 	472.397 	3 	83
25933100000000 25933200000468 	16800034826 49390921232 2680266 	16797354560 2680266 0 0 0 	79980036 2680266 0 	472.463 	3 	83
25958700000000 25958800000254 	17000035334 49979666891 2708609 	16997326725 2708609 0 0 0 	80830486 2708609 0 	472.481 	3 	83
25984300000000 25984400000254 	17200035842 50568472990 2737098 	17197298744 2737098 0 0 0 	81684764 2737098 0 	472.499 	3 	83
26009900000000 26010000000254 	17400036350 51157262002 2765120 	17397271230 2765120 0 0 0 	82519510 2765120 0 	472.516 	3 	83
26035500000000 26035600000254 	17600036858 51746050985 2793072 	17597243786 2793072 0 0 0 	83356839 2793072 0 	472.533 	3 	83
26061100000000 26061200000254 	17800037366 52334879254 2820818 	17797216548 2820818 0 0 0 	84184932 2820818 0 	472.549 	3 	83
26086700000000 26086800000254 	18000037874 52923792462 2848271 	17997189603 2848271 0 0 0 	85003362 2848271 0 	472.566 	3 	83
26112300000000 26112400000254 	18200038382 53512724243 2875619 	18197162763 2875619 0 0 0 	85825564 2875619 0 	472.581 	3 	83
26137900000000 26138000000254 	18400038890 54101646475 2902907 	18397135983 2902907 0 0 0 	86638708 2902907 0 	472.597 	3 	83
26163500000000 26163600000365 	18600039620 54690530573 2929518 	18597110102 2929518 0 0 0 	87428104 2929518 0 	472.579 	3 	83
26189100000000 26189200000365 	18800040350 55279505732 2956090 	18797084260 2956090 0 0 0 	88218106 2956090 0 	472.563 	3 	83
26214700000000 26214800000365 	19000041080 55868434350 2982359 	18997058721 2982359 0 0 0 	89000528 2982359 0 	472.546 	3 	83
26240300000000 26240400000365 	19200041810 56457394800 3008552 	19197033258 3008552 0 0 0 	89781734 3008552 0 	472.53 	3 	83
