23808600000000 23808700000044 	200000088 586950942 7474 	199992614 7474 0 0 0 	223885 7474 0 	414 	3 	86
23834200000000 23834300000044 	400000176 1173993488 14853 	399985323 14853 0 0 0 	441500 14853 0 	414 	3 	86
23859800000000 23859900000044 	600000264 1761010206 22132 	599978132 22132 0 0 0 	657889 22132 0 	414 	3 	86
23885400000000 23885500000044 	800000352 2348027766 29288 	799971064 29288 0 0 0 	874543 29288 0 	414 	3 	86
23911000000000 23911100000044 	1000000440 2935090485 36280 	999964160 36280 0 0 0 	1081758 36280 0 	414 	3 	86
23936600000000 23936700000044 	1200000528 3522154968 43459 	1199957069 43459 0 0 0 	1293746 43459 0 	414 	3 	86
23962200000000 23962300000228 	1400000984 4109225478 50657 	1399950327 50657 0 0 0 	1510848 50657 0 	413.713 	3 	86
23987800000000 23987900000228 	1600001440 4696293974 57495 	1599943945 57495 0 0 0 	1708420 57495 0 	413.498 	3 	86
24013400000000 24013500000228 	1800001896 5283428077 64314 	1799937582 64314 0 0 0 	1907304 64314 0 	413.331 	3 	86
24039000000000 24039100000228 	2000002352 5870602541 71219 	1999931133 71219 0 0 0 	2114428 71219 0 	413.198 	3 	86
24064600000000 24064700000228 	2200002808 6457735960 77860 	2199924948 77860 0 0 0 	2311897 77860 0 	413.089 	3 	86
24090200000000 24090300000228 	2400003264 7044881317 84671 	2399918593 84671 0 0 0 	2513846 84671 0 	412.998 	3 	86
24115800000000 24115900000091 	2600003446 7632066691 91198 	2599912248 91198 0 0 0 	2710858 91198 0 	412.687 	3 	86
24141400000000 24141500000091 	2800003628 8219219304 97507 	2799906121 97507 0 0 0 	2899019 97507 0 	412.422 	3 	86
24167000000000 24167100000091 	3000003810 8806485883 104050 	2999899760 104050 0 0 0 	3094042 104050 0 	412.192 	3 	86
24192600000000 24192700000091 	3200003992 9393670534 110261 	3199893731 110261 0 0 0 	3277008 110261 0 	411.991 	3 	86
24218200000000 24218300000091 	3400004174 9980910373 116561 	3399887613 116561 0 0 0 	3465259 116561 0 	411.814 	3 	86
24243800000000 24243900000091 	3600004356 10568201099 122748 	3599881608 122748 0 0 0 	3654055 122748 0 	411.656 	3 	86
24269400000000 24269500000308 	3800004972 11155886981 173287 	3799831685 173287 0 0 0 	5156092 173287 0 	415.807 	3 	86
24295000000000 24295100000308 	4000005588 11743602745 223500 	3999782088 223500 0 0 0 	6653637 223500 0 	419.615 	3 	86
24320600000000 24320700000308 	4200006204 12331285429 273512 	4199732692 273512 0 0 0 	8145710 273512 0 	423.12 	3 	86
24346200000000 24346300000308 	4400006820 12919033991 322389 	4399684431 322389 0 0 0 	9588523 322389 0 	426.358 	3 	86
24371800000000 24371900000308 	4600007436 13506764145 371551 	4599635885 371551 0 0 0 	11051093 371551 0 	429.358 	3 	86
24397400000000 24397500000308 	4800008052 14094504778 419908 	4799588144 419908 0 0 0 	12483204 419908 0 	432.146 	3 	86
24423000000000 24423100000308 	5000008668 14682342371 467951 	4999540717 467951 0 0 0 	13916967 467951 0 	434.742 	3 	86
24448600000000 24448700000152 	5200008972 15270155473 515475 	5199493497 515475 0 0 0 	15339272 515475 0 	437.052 	3 	86
24474200000000 24474300000152 	5400009276 15858030308 562856 	5399446420 562856 0 0 0 	16744179 562856 0 	439.213 	3 	86
24499800000000 24499900000152 	5600009580 16445829052 609321 	5599400259 609321 0 0 0 	18124235 609321 0 	441.239 	3 	86
24525400000000 24525500000152 	5800009884 17033677170 655832 	5799354052 655832 0 0 0 	19509508 655832 0 	443.142 	3 	86
24551000000000 24551100000152 	6000010188 17621586140 702256 	5999307932 702256 0 0 0 	20895001 702256 0 	444.933 	3 	86
24576600000000 24576700000152 	6200010492 18209447735 747549 	6199262943 747549 0 0 0 	22249673 747549 0 	446.621 	3 	86
24602200000000 24602300000152 	6400010796 18797359097 792722 	6399218074 792722 0 0 0 	23600845 792722 0 	448.216 	3 	86
24627800000000 24627900000000 	6600010796 19385305182 837914 	6599172882 837914 0 0 0 	24958889 837914 0 	449.627 	3 	86
24653400000000 24653500000000 	6800010796 19973231285 882289 	6799128507 882289 0 0 0 	26289907 882289 0 	450.963 	3 	86
24679000000000 24679100000000 	7000010796 20561161106 926538 	6999084258 926538 0 0 0 	27621014 926538 0 	452.23 	3 	86
24704600000000 24704700000000 	7200010796 21149127895 970339 	7199040457 970339 0 0 0 	28931515 970339 0 	453.434 	3 	86
24730200000000 24730300000000 	7400010796 21737116401 1013887 	7398996909 1013887 0 0 0 	30232341 1013887 0 	454.578 	3 	86
24755800000000 24755900000000 	7600010796 22325114778 1056868 	7598953928 1056868 0 0 0 	31520182 1056868 0 	455.667 	3 	86
24781400000000 24781500000000 	7800010796 22913152389 1099490 	7798911306 1099490 0 0 0 	32794928 1099490 0 	456.705 	3 	86
24807000000000 24807100000000 	8000010796 23501144509 1141713 	7998869083 1141713 0 0 0 	34045647 1141713 0 	457.696 	3 	86
24832600000000 24832700000048 	8200010892 24089206325 1183474 	8198827418 1183474 0 0 0 	35297781 1183474 0 	458.56 	3 	86
24858200000000 24858300000048 	8400010988 24677229538 1224767 	8398786221 1224767 0 0 0 	36522140 1224767 0 	459.386 	3 	86
24883800000000 24883900000048 	8600011084 25265308476 1265904 	8598745180 1265904 0 0 0 	37749522 1265904 0 	460.176 	3 	86
24909400000000 24909500000048 	8800011180 25853400759 1306969 	8798704211 1306969 0 0 0 	38983525 1306969 0 	460.932 	3 	86
24935000000000 24935100000048 	9000011276 26441531076 1347427 	8998663849 1347427 0 0 0 	40188789 1347427 0 	461.658 	3 	86
24960600000000 24960700000048 	9200011372 27029626367 1387424 	9198623948 1387424 0 0 0 	41377006 1387424 0 	462.353 	3 	86
24986200000000 24986300000048 	9400011468 27617754432 1426710 	9398584758 1426710 0 0 0 	42551080 1426710 0 	463.022 	3 	86
25011800000000 25011900000476 	9600012420 28205908927 1465967 	9598546453 1465967 0 0 0 	43719989 1465967 0 	463.591 	3 	86
25037400000000 25037500000476 	9800013372 28794088514 1504716 	9798508656 1504716 0 0 0 	44882943 1504716 0 	464.138 	3 	86
25063000000000 25063100000476 	10000014324 29382314479 1543321 	9998471003 1543321 0 0 0 	46039404 1543321 0 	464.664 	3 	86
25088600000000 25088700000476 	10200015276 29970508535 1581331 	10198433945 1581331 0 0 0 	47174133 1581331 0 	465.171 	3 	86
25114200000000 25114300000476 	10400016228 30558688162 1619225 	10398397003 1619225 0 0 0 	48304052 1619225 0 	465.659 	3 	86
25139800000000 25139900000476 	10600017180 31146944438 1656995 	10598360185 1656995 0 0 0 	49424343 1656995 0 	466.13 	3 	86
25165400000000 25165500000476 	10800018132 31735172684 1694097 	10798324035 1694097 0 0 0 	50517025 1694097 0 	466.584 	3 	86
25191000000000 25191100000221 	11000018574 32323498780 1731007 	10998287567 1731007 0 0 0 	51621099 1731007 0 	467.01 	3 	86
25216600000000 25216700000011 	11200018596 32911770331 1767335 	11198251261 1767335 0 0 0 	52706853 1767335 0 	467.385 	3 	86
25242200000000 25242300000011 	11400018618 33500117490 1803741 	11398214877 1803741 0 0 0 	53804697 1803741 0 	467.748 	3 	86
25267800000000 25267900000011 	11600018640 34088503470 1840087 	11598178553 1840087 0 0 0 	54891307 1840087 0 	468.099 	3 	86
25293400000000 25293500000011 	11800018662 34676843560 1875376 	11798143286 1875376 0 0 0 	55941820 1875376 0 	468.438 	3 	86
25319000000000 25319100000011 	12000018684 35265228201 1910856 	11998107828 1910856 0 0 0 	57005829 1910856 0 	468.767 	3 	86
25344600000000 25344700000011 	12200018706 35853636571 1945817 	12198072889 1945817 0 0 0 	58053291 1945817 0 	469.085 	3 	86
25370200000000 25370300000011 	12400018728 36442036503 1980652 	12398038076 1980652 0 0 0 	59095511 1980652 0 	469.393 	3 	86
25395800000000 25395900000210 	12600019148 37030477020 2015209 	12598003939 2015209 0 0 0 	60128147 2015209 0 	469.633 	3 	86
25421400000000 25421500000210 	12800019568 37618892149 2049609 	12797969959 2049609 0 0 0 	61156801 2049609 0 	469.866 	3 	86
25447000000000 25447100000210 	13000019988 38207327740 2083615 	12997936373 2083615 0 0 0 	62165268 2083615 0 	470.091 	3 	86
25472600000000 25472700000210 	13200020408 38795773491 2117308 	13197903100 2117308 0 0 0 	63171723 2117308 0 	470.31 	3 	86
25498200000000 25498300000210 	13400020828 39384325367 2151006 	13397869822 2151006 0 0 0 	64182706 2151006 0 	470.523 	3 	86
25523800000000 25523900000210 	13600021248 39972859086 2184185 	13597837063 2184185 0 0 0 	65168920 2184185 0 	470.73 	3 	86
25549400000000 25549500000210 	13800021668 40561352885 2216779 	13797804889 2216779 0 0 0 	66137797 2216779 0 	470.931 	3 	86
25575000000000 25575100000381 	14000022430 41149877720 2248863 	13997773567 2248863 0 0 0 	67089740 2248863 0 	471.071 	3 	86
25600600000000 25600700000381 	14200023192 41738459688 2281366 	14197741826 2281366 0 0 0 	68069317 2281366 0 	471.208 	3 	86
25626200000000 25626300000381 	14400023954 42326982698 2313688 	14397710266 2313688 0 0 0 	69039666 2313688 0 	471.342 	3 	86
25651800000000 25651900000381 	14600024716 42915584433 2345346 	14597679370 2345346 0 0 0 	69984915 2345346 0 	471.471 	3 	86
25677400000000 25677500000381 	14800025478 43504173648 2376865 	14797648613 2376865 0 0 0 	70925811 2376865 0 	471.598 	3 	86
25703000000000 25703100000381 	15000026240 44092830122 2408289 	14997617951 2408289 0 0 0 	71868339 2408289 0 	471.721 	3 	86
25728600000000 25728700000381 	15200027002 44681460688 2439121 	15197587881 2439121 0 0 0 	72787391 2439121 0 	471.84 	3 	86
25754200000000 25754300000381 	15400027764 45270113035 2470098 	15397557666 2470098 0 0 0 	73715339 2470098 0 	471.957 	3 	86
25779800000000 25779900000468 	15600028700 45858774057 2500755 	15597527945 2500755 0 0 0 	74634810 2500755 0 	472.034 	3 	86
25805400000000 25805500000468 	15800029636 46447441008 2530936 	15797498700 2530936 0 0 0 	75538894 2530936 0 	472.108 	3 	86
25831000000000 25831100000468 	16000030572 47036171818 2560743 	15997469829 2560743 0 0 0 	76434763 2560743 0 	472.181 	3 	86
25856600000000 25856700000468 	16200031508 47624950576 2590294 	16197441214 2590294 0 0 0 	77311116 2590294 0 	472.252 	3 	86
25882200000000 25882300000468 	16400032444 48213651805 2619672 	16397412772 2619672 0 0 0 	78193671 2619672 0 	472.321 	3 	86
25907800000000 25907900000468 	16600033380 48802392084 2648782 	16597384598 2648782 0 0 0 	79059017 2648782 0 	472.389 	3 	86
25933400000000 25933500000468 	16800034316 49391169863 2677762 	16797356554 2677762 0 0 0 	79929930 2677762 0 	472.455 	3 	86
25959000000000 25959100000254 	17000034824 49979967903 2706389 	16997328435 2706389 0 0 0 	80795726 2706389 0 	472.473 	3 	86
25984600000000 25984700000254 	17200035332 50568769413 2734824 	17197300508 2734824 0 0 0 	81632194 2734824 0 	472.491 	3 	86
26010200000000 26010300000254 	17400035840 51157564017 2763323 	17397272517 2763323 0 0 0 	82480390 2763323 0 	472.508 	3 	86
26035800000000 26035900000254 	17600036348 51746446049 2791375 	17597244973 2791375 0 0 0 	83318058 2791375 0 	472.525 	3 	86
26061400000000 26061500000254 	17800036856 52335246747 2819070 	17797217786 2819070 0 0 0 	84144963 2819070 0 	472.541 	3 	86
26087000000000 26087100000254 	18000037364 52924075837 2846329 	17997191035 2846329 0 0 0 	84963868 2846329 0 	472.558 	3 	86
26112600000000 26112700000254 	18200037872 53512990137 2873546 	18197164326 2873546 0 0 0 	85786319 2873546 0 	472.573 	3 	86
26138200000000 26138300000365 	18400038602 54101860973 2900338 	18397138264 2900338 0 0 0 	86591573 2900338 0 	472.556 	3 	86
26163800000000 26163900000365 	18600039332 54690745461 2926802 	18597112530 2926802 0 0 0 	87380785 2926802 0 	472.539 	3 	86
26189400000000 26189500000365 	18800040062 55279680484 2953328 	18797086734 2953328 0 0 0 	88170233 2953328 0 	472.523 	3 	86
26215000000000 26215100000365 	19000040792 55868659106 2979521 	18997061271 2979521 0 0 0 	88950480 2979521 0 	472.507 	3 	86
26240600000000 26240700000365 	19200041522 56457624206 3005591 	19197035931 3005591 0 0 0 	89732065 3005591 0 	472.491 	3 	86
