23809000000000 23809100000044 	200000088 586948201 7459 	199992629 7459 0 0 0 	223500 7459 0 	414 	3 	90
23834600000000 23834700000044 	400000176 1173898534 14706 	399985470 14706 0 0 0 	440739 14706 0 	414 	3 	90
23860200000000 23860300000044 	600000264 1760980351 22000 	599978264 22000 0 0 0 	658182 22000 0 	414 	3 	90
23885800000000 23885900000044 	800000352 2348023183 29243 	799971109 29243 0 0 0 	873349 29243 0 	414 	3 	90
23911400000000 23911500000044 	1000000440 2935078945 36296 	999964144 36296 0 0 0 	1081295 36296 0 	414 	3 	90
23937000000000 23937100000044 	1200000528 3522118672 43475 	1199957053 43475 0 0 0 	1292412 43475 0 	414 	3 	90
23962600000000 23962700000228 	1400000984 4109179422 50492 	1399950492 50492 0 0 0 	1500174 50492 0 	413.713 	3 	90
23988200000000 23988300000228 	1600001440 4696327464 57340 	1599944100 57340 0 0 0 	1703248 57340 0 	413.498 	3 	90
24013800000000 24013900000228 	1800001896 5283497443 64299 	1799937597 64299 0 0 0 	1909184 64299 0 	413.331 	3 	90
24039400000000 24039500000228 	2000002352 5870608178 71091 	1999931261 71091 0 0 0 	2110036 71091 0 	413.198 	3 	90
24065000000000 24065100000228 	2200002808 6457756939 77846 	2199924962 77846 0 0 0 	2315934 77846 0 	413.089 	3 	90
24090600000000 24090700000228 	2400003264 7045003189 84472 	2399918792 84472 0 0 0 	2511159 84472 0 	412.998 	3 	90
24116200000000 24116300000091 	2600003446 7632246147 90899 	2599912547 90899 0 0 0 	2705777 90899 0 	412.687 	3 	90
24141800000000 24141900000091 	2800003628 8219478483 97331 	2799906297 97331 0 0 0 	2898865 97331 0 	412.422 	3 	90
24167400000000 24167500000091 	3000003810 8806742729 103805 	2999900005 103805 0 0 0 	3089865 103805 0 	412.192 	3 	90
24193000000000 24193100000091 	3200003992 9394085605 110183 	3199893809 110183 0 0 0 	3280802 110183 0 	411.991 	3 	90
24218600000000 24218700000091 	3400004174 9981352868 116429 	3399887745 116429 0 0 0 	3468602 116429 0 	411.814 	3 	90
24244200000000 24244300000308 	3600004790 10569072861 167591 	3599837199 167591 0 0 0 	4995875 167591 0 	416.192 	3 	90
24269800000000 24269900000308 	3800005406 11156821152 218066 	3799787340 218066 0 0 0 	6504617 218066 0 	420.188 	3 	90
24295400000000 24295500000308 	4000006022 11744545329 268265 	3999737757 268265 0 0 0 	8008315 268265 0 	423.852 	3 	90
24321000000000 24321100000308 	4200006638 12332272816 318027 	4199688611 318027 0 0 0 	9503925 318027 0 	427.222 	3 	90
24346600000000 24346700000308 	4400007254 12920019177 367145 	4399640109 367145 0 0 0 	10964316 367145 0 	430.332 	3 	90
24372200000000 24372300000308 	4600007870 13507784139 415392 	4599592478 415392 0 0 0 	12402352 415392 0 	433.212 	3 	90
24397800000000 24397900000308 	4800008486 14095511311 464089 	4799544397 464089 0 0 0 	13857259 464089 0 	435.886 	3 	90
24423400000000 24423500000308 	5000009102 14683286241 512143 	4999496959 512143 0 0 0 	15294362 512143 0 	438.375 	3 	90
24449000000000 24449100000152 	5200009406 15271098922 559591 	5199449815 559591 0 0 0 	16708487 559591 0 	440.581 	3 	90
24474600000000 24474700000152 	5400009710 15858873889 606788 	5399402922 606788 0 0 0 	18121473 606788 0 	442.644 	3 	90
24500200000000 24500300000152 	5600010014 16446714529 653384 	5599356630 653384 0 0 0 	19516657 653384 0 	444.577 	3 	90
24525800000000 24525900000152 	5800010318 17034536155 699872 	5799310446 699872 0 0 0 	20906728 699872 0 	446.392 	3 	90
24551400000000 24551500000152 	6000010622 17622432941 745972 	5999264650 745972 0 0 0 	22292358 745972 0 	448.099 	3 	90
24577000000000 24577100000152 	6200010926 18210303671 791879 	6199219047 791879 0 0 0 	23665336 791879 0 	449.708 	3 	90
24602600000000 24602700000152 	6400011230 18798158066 837343 	6399173887 837343 0 0 0 	25007741 837343 0 	451.227 	3 	90
24628200000000 24628300000000 	6600011230 19386096624 881975 	6599129255 881975 0 0 0 	26342899 881975 0 	452.565 	3 	90
24653800000000 24653900000000 	6800011230 19974029011 926521 	6799084709 926521 0 0 0 	27671892 926521 0 	453.831 	3 	90
24679400000000 24679500000000 	7000011230 20561989249 970348 	6999040882 970348 0 0 0 	28966801 970348 0 	455.032 	3 	90
24705000000000 24705100000000 	7200011230 21149904615 1014454 	7198996776 1014454 0 0 0 	30284823 1014454 0 	456.171 	3 	90
24730600000000 24730700000000 	7400011230 21737923635 1057709 	7398953521 1057709 0 0 0 	31560531 1057709 0 	457.255 	3 	90
24756200000000 24756300000000 	7600011230 22325955038 1100665 	7598910565 1100665 0 0 0 	32835298 1100665 0 	458.286 	3 	90
24781800000000 24781900000000 	7800011230 22914040440 1143411 	7798867819 1143411 0 0 0 	34118525 1143411 0 	459.268 	3 	90
24807400000000 24807500000000 	8000011230 23502099520 1185448 	7998825782 1185448 0 0 0 	35372707 1185448 0 	460.205 	3 	90
24833000000000 24833100000048 	8200011326 24090201168 1227385 	8198783941 1227385 0 0 0 	36625564 1227385 0 	461.017 	3 	90
24858600000000 24858700000048 	8400011422 24678296134 1268796 	8398742626 1268796 0 0 0 	37849689 1268796 0 	461.792 	3 	90
24884200000000 24884300000048 	8600011518 25266372505 1310238 	8598701280 1310238 0 0 0 	39094219 1310238 0 	462.534 	3 	90
24909800000000 24909900000048 	8800011614 25854484752 1350780 	8798660834 1350780 0 0 0 	40301790 1350780 0 	463.245 	3 	90
24935400000000 24935500000048 	9000011710 26442599023 1391362 	8998620348 1391362 0 0 0 	41513838 1391362 0 	463.925 	3 	90
24961000000000 24961100000048 	9200011806 27030732923 1431143 	9198580663 1431143 0 0 0 	42713325 1431143 0 	464.578 	3 	90
24986600000000 24986700000048 	9400011902 27618875485 1470688 	9398541214 1470688 0 0 0 	43887635 1470688 0 	465.205 	3 	90
25012200000000 25012300000476 	9600012854 28207009068 1510165 	9598502689 1510165 0 0 0 	45073914 1510165 0 	465.734 	3 	90
25037800000000 25037900000476 	9800013806 28795259013 1548985 	9798464821 1548985 0 0 0 	46245582 1548985 0 	466.242 	3 	90
25063400000000 25063500000476 	10000014758 29383492677 1587835 	9998426923 1587835 0 0 0 	47408858 1587835 0 	466.731 	3 	90
25089000000000 25089100000476 	10200015710 29971773299 1626410 	10198389300 1626410 0 0 0 	48562134 1626410 0 	467.201 	3 	90
25114600000000 25114700000476 	10400016662 30559948735 1664464 	10398352198 1664464 0 0 0 	49679781 1664464 0 	467.654 	3 	90
25140200000000 25140300000476 	10600017614 31148215855 1702171 	10598315443 1702171 0 0 0 	50806130 1702171 0 	468.091 	3 	90
25165800000000 25165900000476 	10800018566 31736542991 1739910 	10798278656 1739910 0 0 0 	51930145 1739910 0 	468.513 	3 	90
25191400000000 25191500000011 	11000018588 32324875358 1777125 	10998241463 1777125 0 0 0 	53034335 1777125 0 	468.87 	3 	90
25217000000000 25217100000011 	11200018610 32913189670 1813553 	11198205057 1813553 0 0 0 	54132462 1813553 0 	469.215 	3 	90
25242600000000 25242700000011 	11400018632 33501495803 1849782 	11398168850 1849782 0 0 0 	55210140 1849782 0 	469.548 	3 	90
25268200000000 25268300000011 	11600018654 34089818321 1885887 	11598132767 1885887 0 0 0 	56289120 1885887 0 	469.871 	3 	90
25293800000000 25293900000011 	11800018676 34678173265 1921736 	11798096940 1921736 0 0 0 	57352323 1921736 0 	470.182 	3 	90
25319400000000 25319500000011 	12000018698 35266482659 1957335 	11998061363 1957335 0 0 0 	58425385 1957335 0 	470.484 	3 	90
25345000000000 25345100000011 	12200018720 35854890430 1992702 	12198026018 1992702 0 0 0 	59485021 1992702 0 	470.776 	3 	90
25370600000000 25370700000011 	12400018742 36443300236 2027558 	12397991184 2027558 0 0 0 	60533443 2027558 0 	471.06 	3 	90
25396200000000 25396300000210 	12600019162 37031677877 2062407 	12597956755 2062407 0 0 0 	61558954 2062407 0 	471.275 	3 	90
25421800000000 25421900000210 	12800019582 37620119864 2097008 	12797922574 2097008 0 0 0 	62593165 2097008 0 	471.483 	3 	90
25447400000000 25447500000210 	13000020002 38208549439 2130878 	12997889124 2130878 0 0 0 	63617738 2130878 0 	471.685 	3 	90
25473000000000 25473100000210 	13200020422 38797012537 2165222 	13197855200 2165222 0 0 0 	64648726 2165222 0 	471.882 	3 	90
25498600000000 25498700000210 	13400020842 39385414656 2198375 	13397822467 2198375 0 0 0 	65641314 2198375 0 	472.072 	3 	90
25524200000000 25524300000210 	13600021262 39973938647 2231659 	13597789603 2231659 0 0 0 	66631288 2231659 0 	472.257 	3 	90
25549800000000 25549900000210 	13800021682 40562501693 2264306 	13797757376 2264306 0 0 0 	67609566 2264306 0 	472.437 	3 	90
25575400000000 25575500000381 	14000022444 41151074742 2296838 	13997725606 2296838 0 0 0 	68584753 2296838 0 	472.557 	3 	90
25601000000000 25601100000381 	14200023206 41739620381 2329326 	14197693880 2329326 0 0 0 	69562005 2329326 0 	472.674 	3 	90
25626600000000 25626700000381 	14400023968 42328136908 2361499 	14397662469 2361499 0 0 0 	70522525 2361499 0 	472.788 	3 	90
25652200000000 25652300000381 	14600024730 42916734929 2393243 	14597631487 2393243 0 0 0 	71475499 2393243 0 	472.898 	3 	90
25677800000000 25677900000381 	14800025492 43505301599 2424796 	14797600696 2424796 0 0 0 	72421231 2424796 0 	473.006 	3 	90
25703400000000 25703500000381 	15000026254 44093897976 2456184 	14997570070 2456184 0 0 0 	73341290 2456184 0 	473.111 	3 	90
25729000000000 25729100000381 	15200027016 44682516751 2487307 	15197539709 2487307 0 0 0 	74271454 2487307 0 	473.213 	3 	90
25754600000000 25754700000381 	15400027778 45271132337 2517625 	15397510153 2517625 0 0 0 	75183657 2517625 0 	473.313 	3 	90
25780200000000 25780300000468 	15600028714 45859796641 2547953 	15597480761 2547953 0 0 0 	76081667 2547953 0 	473.372 	3 	90
25805800000000 25805900000468 	15800029650 46448443209 2578543 	15797451107 2578543 0 0 0 	76995980 2578543 0 	473.43 	3 	90
25831400000000 25831500000468 	16000030586 47037133720 2608328 	15997422258 2608328 0 0 0 	77886701 2608328 0 	473.487 	3 	90
25857000000000 25857100000468 	16200031522 47625855754 2638042 	16197393480 2638042 0 0 0 	78770151 2638042 0 	473.542 	3 	90
25882600000000 25882700000468 	16400032458 48214589421 2667102 	16397365356 2667102 0 0 0 	79634897 2667102 0 	473.596 	3 	90
25908200000000 25908300000468 	16600033394 48803303877 2696301 	16597337093 2696301 0 0 0 	80510721 2696301 0 	473.648 	3 	90
25933800000000 25933900000468 	16800034330 49392101101 2725111 	16797309219 2725111 0 0 0 	81375045 2725111 0 	473.7 	3 	90
25959400000000 25959500000254 	17000034838 49980897974 2754098 	16997280740 2754098 0 0 0 	82240400 2754098 0 	473.703 	3 	90
25985000000000 25985100000254 	17200035346 50569648956 2782335 	17197253011 2782335 0 0 0 	83084839 2782335 0 	473.707 	3 	90
26010600000000 26010700000254 	17400035854 51158470784 2810429 	17397225425 2810429 0 0 0 	83928424 2810429 0 	473.71 	3 	90
26036200000000 26036300000254 	17600036362 51747320043 2838248 	17597198114 2838248 0 0 0 	84768450 2838248 0 	473.713 	3 	90
26061800000000 26061900000254 	17800036870 52336196276 2865987 	17797170883 2865987 0 0 0 	85594027 2865987 0 	473.717 	3 	90
26087400000000 26087500000254 	18000037378 52925079941 2893396 	17997143982 2893396 0 0 0 	86408774 2893396 0 	473.72 	3 	90
26113000000000 26113100000254 	18200037886 53514020943 2920707 	18197117179 2920707 0 0 0 	87226704 2920707 0 	473.723 	3 	90
26138600000000 26138700000365 	18400038616 54102896500 2947588 	18397091028 2947588 0 0 0 	88024910 2947588 0 	473.693 	3 	90
26164200000000 26164300000365 	18600039346 54691791959 2974353 	18597064993 2974353 0 0 0 	88824789 2974353 0 	473.664 	3 	90
26189800000000 26189900000365 	18800040076 55280760081 3001050 	18797039026 3001050 0 0 0 	89621069 3001050 0 	473.635 	3 	90
26215400000000 26215500000365 	19000040806 55869710349 3027168 	18997013638 3027168 0 0 0 	90398860 3027168 0 	473.608 	3 	90
26241000000000 26241100000365 	19200041536 56458664651 3053526 	19196988010 3053526 0 0 0 	91192840 3053526 0 	473.58 	3 	90
