23811700000000 23811800000044 	200000088 586927820 7424 	199992664 7424 0 0 0 	224393 7424 0 	414 	3 	117
23837300000000 23837400000044 	400000176 1173957184 14777 	399985399 14777 0 0 0 	440896 14777 0 	414 	3 	117
23862900000000 23863000000044 	600000264 1760952834 22219 	599978045 22219 0 0 0 	664046 22219 0 	414 	3 	117
23888500000000 23888600000044 	800000352 2348021739 29526 	799970826 29526 0 0 0 	878004 29526 0 	414 	3 	117
23914100000000 23914200000044 	1000000440 2935054810 36660 	999963780 36660 0 0 0 	1090940 36660 0 	414 	3 	117
23939700000000 23939800000044 	1200000528 3522159680 43513 	1199957015 43513 0 0 0 	1296326 43513 0 	414 	3 	117
23965300000000 23965400000228 	1400000984 4109262817 50415 	1399950569 50415 0 0 0 	1501993 50415 0 	413.713 	3 	117
23990900000000 23991000000228 	1600001440 4696389227 57446 	1599943994 57446 0 0 0 	1712872 57446 0 	413.498 	3 	117
24016500000000 24016600000228 	1800001896 5283509856 64315 	1799937581 64315 0 0 0 	1917419 64315 0 	413.331 	3 	117
24042100000000 24042200000228 	2000002352 5870643632 70904 	1999931448 70904 0 0 0 	2115522 70904 0 	413.198 	3 	117
24067700000000 24067800000228 	2200002808 6457779617 77521 	2199925287 77521 0 0 0 	2317038 77521 0 	413.089 	3 	117
24093300000000 24093400000091 	2400002990 7044929050 84066 	2399918924 84066 0 0 0 	2513206 84066 0 	412.745 	3 	117
24118900000000 24119000000091 	2600003172 7632144501 90584 	2599912588 90584 0 0 0 	2708119 90584 0 	412.454 	3 	117
24144500000000 24144600000091 	2800003354 8219361917 97081 	2799906273 97081 0 0 0 	2901884 97081 0 	412.206 	3 	117
24170100000000 24170200000091 	3000003536 8806618919 103575 	2999899961 103575 0 0 0 	3099053 103575 0 	411.99 	3 	117
24195700000000 24195800000091 	3200003718 9393796126 109873 	3199893845 109873 0 0 0 	3285326 109873 0 	411.802 	3 	117
24221300000000 24221400000091 	3400003900 9981133347 116166 	3399887734 116166 0 0 0 	3468045 116166 0 	411.636 	3 	117
24246900000000 24247000000308 	3600004516 10568764983 167444 	3599837072 167444 0 0 0 	5000977 167444 0 	416.02 	3 	117
24272500000000 24272600000308 	3800005132 11156488205 217806 	3799787326 217806 0 0 0 	6513756 217806 0 	420.023 	3 	117
24298100000000 24298200000308 	4000005748 11744187407 268149 	3999737599 268149 0 0 0 	8006849 268149 0 	423.692 	3 	117
24323700000000 24323800000308 	4200006364 12331905255 317569 	4199688795 317569 0 0 0 	9480019 317569 0 	427.067 	3 	117
24349300000000 24349400000308 	4400006980 12919651336 366760 	4399640220 366760 0 0 0 	10940780 366760 0 	430.182 	3 	117
24374900000000 24375000000308 	4600007596 13507390430 415488 	4599592108 415488 0 0 0 	12387699 415488 0 	433.067 	3 	117
24400500000000 24400600000308 	4800008212 14095128790 463986 	4799544226 463986 0 0 0 	13832460 463986 0 	435.745 	3 	117
24426100000000 24426200000308 	5000008828 14682948528 512022 	4999496806 512022 0 0 0 	15264457 512022 0 	438.238 	3 	117
24451700000000 24451800000152 	5200009132 15270786790 559751 	5199449381 559751 0 0 0 	16694348 559751 0 	440.448 	3 	117
24477300000000 24477400000152 	5400009436 15858603037 606793 	5399402643 606793 0 0 0 	18093978 606793 0 	442.515 	3 	117
24502900000000 24503000000152 	5600009740 16446423782 653381 	5599356359 653381 0 0 0 	19491378 653381 0 	444.451 	3 	117
24528500000000 24528600000152 	5800010044 17034305249 700197 	5799309847 700197 0 0 0 	20884951 700197 0 	446.27 	3 	117
24554100000000 24554200000152 	6000010348 17622189587 746051 	5999264297 746051 0 0 0 	22253101 746051 0 	447.98 	3 	117
24579700000000 24579800000152 	6200010652 18210067179 791708 	6199218944 791708 0 0 0 	23617347 791708 0 	449.592 	3 	117
24605300000000 24605400000152 	6400010956 18797986697 837240 	6399173716 837240 0 0 0 	24976276 837240 0 	451.114 	3 	117
24630900000000 24631000000000 	6600010956 19385899723 881949 	6599129007 881949 0 0 0 	26299546 881949 0 	452.454 	3 	117
24656500000000 24656600000000 	6800010956 19973845221 926391 	6799084565 926391 0 0 0 	27633269 926391 0 	453.723 	3 	117
24682100000000 24682200000000 	7000010956 20561763585 970213 	6999040743 970213 0 0 0 	28936443 970213 0 	454.926 	3 	117
24707700000000 24707800000000 	7200010956 21149718666 1013912 	7198997044 1013912 0 0 0 	30244792 1013912 0 	456.068 	3 	117
24733300000000 24733400000000 	7400010956 21737731336 1057431 	7398953525 1057431 0 0 0 	31535822 1057431 0 	457.154 	3 	117
24758900000000 24759000000000 	7600010956 22325731151 1099796 	7598911160 1099796 0 0 0 	32794671 1099796 0 	458.187 	3 	117
24784500000000 24784600000000 	7800010956 22913773359 1141910 	7798869046 1141910 0 0 0 	34056372 1141910 0 	459.172 	3 	117
24810100000000 24810200000000 	8000010956 23501784254 1183822 	7998827134 1183822 0 0 0 	35303258 1183822 0 	460.111 	3 	117
24835700000000 24835800000048 	8200011052 24089863544 1225384 	8198785668 1225384 0 0 0 	36549172 1225384 0 	460.925 	3 	117
24861300000000 24861400000048 	8400011148 24677891734 1266743 	8398744405 1266743 0 0 0 	37780789 1266743 0 	461.702 	3 	117
24886900000000 24887000000048 	8600011244 25265967501 1307762 	8598703482 1307762 0 0 0 	39014469 1307762 0 	462.446 	3 	117
24912500000000 24912600000048 	8800011340 25854110874 1348630 	8798662710 1348630 0 0 0 	40236843 1348630 0 	463.158 	3 	117
24938100000000 24938200000048 	9000011436 26442170042 1389088 	8998622348 1389088 0 0 0 	41437931 1389088 0 	463.84 	3 	117
24963700000000 24963800000048 	9200011532 27030260736 1429274 	9198582258 1429274 0 0 0 	42637401 1429274 0 	464.495 	3 	117
24989300000000 24989400000048 	9400011628 27618402945 1468698 	9398542930 1468698 0 0 0 	43825452 1468698 0 	465.124 	3 	117
25014900000000 25015000000476 	9600012580 28206534203 1507974 	9598504606 1507974 0 0 0 	44988142 1507974 0 	465.653 	3 	117
25040500000000 25040600000476 	9800013532 28794753815 1546920 	9798466612 1546920 0 0 0 	46155137 1546920 0 	466.163 	3 	117
25066100000000 25066200000476 	10000014484 29382935174 1585379 	9998429105 1585379 0 0 0 	47307010 1585379 0 	466.653 	3 	117
25091700000000 25091800000476 	10200015436 29971148798 1624087 	10198391349 1624087 0 0 0 	48449044 1624087 0 	467.125 	3 	117
25117300000000 25117400000476 	10400016388 30559414163 1661806 	10398354582 1661806 0 0 0 	49576132 1661806 0 	467.58 	3 	117
25142900000000 25143000000476 	10600017340 31147693742 1699379 	10598317961 1699379 0 0 0 	50695685 1699379 0 	468.018 	3 	117
25168500000000 25168600000476 	10800018292 31735964990 1736620 	10798281672 1736620 0 0 0 	51808686 1736620 0 	468.441 	3 	117
25194100000000 25194200000011 	11000018314 32324284513 1773741 	10998244573 1773741 0 0 0 	52915335 1773741 0 	468.799 	3 	117
25219700000000 25219800000011 	11200018336 32912575490 1810301 	11198208035 1810301 0 0 0 	54016344 1810301 0 	469.145 	3 	117
25245300000000 25245400000011 	11400018358 33500886422 1846663 	11398171695 1846663 0 0 0 	55099929 1846663 0 	469.48 	3 	117
25270900000000 25271000000011 	11600018380 34089141422 1882726 	11598135654 1882726 0 0 0 	56166640 1882726 0 	469.803 	3 	117
25296500000000 25296600000011 	11800018402 34677504510 1918472 	11798099930 1918472 0 0 0 	57232267 1918472 0 	470.116 	3 	117
25322100000000 25322200000011 	12000018424 35265962376 1953994 	11998064430 1953994 0 0 0 	58283847 1953994 0 	470.419 	3 	117
25347700000000 25347800000011 	12200018446 35854317963 1989486 	12198028960 1989486 0 0 0 	59343882 1989486 0 	470.712 	3 	117
25373300000000 25373400000011 	12400018468 36442730706 2024721 	12397993747 2024721 0 0 0 	60402340 2024721 0 	470.996 	3 	117
25398900000000 25399000000210 	12600018888 37031151405 2058829 	12597960059 2058829 0 0 0 	61419450 2058829 0 	471.212 	3 	117
25424500000000 25424600000210 	12800019308 37619598865 2093226 	12797926082 2093226 0 0 0 	62446050 2093226 0 	471.421 	3 	117
25450100000000 25450200000210 	13000019728 38208036305 2127333 	12997892395 2127333 0 0 0 	63462254 2127333 0 	471.624 	3 	117
25475700000000 25475800000210 	13200020148 38796549726 2160826 	13197859322 2160826 0 0 0 	64461657 2160826 0 	471.822 	3 	117
25501300000000 25501400000210 	13400020568 39385026555 2194337 	13397826231 2194337 0 0 0 	65471294 2194337 0 	472.013 	3 	117
25526900000000 25527000000210 	13600020988 39973577620 2227562 	13597793426 2227562 0 0 0 	66478041 2227562 0 	472.199 	3 	117
25552500000000 25552600000210 	13800021408 40562152867 2260613 	13797760795 2260613 0 0 0 	67469641 2260613 0 	472.38 	3 	117
25578100000000 25578200000381 	14000022170 41150690388 2293140 	13997729030 2293140 0 0 0 	68435330 2293140 0 	472.501 	3 	117
25603700000000 25603800000381 	14200022932 41739309759 2325291 	14197697641 2325291 0 0 0 	69394816 2325291 0 	472.618 	3 	117
25629300000000 25629400000381 	14400023694 42327933876 2357663 	14397666031 2357663 0 0 0 	70365466 2357663 0 	472.733 	3 	117
25654900000000 25655000000381 	14600024456 42916527905 2389505 	14597634951 2389505 0 0 0 	71316931 2389505 0 	472.844 	3 	117
25680500000000 25680600000381 	14800025218 43505109648 2420907 	14797604311 2420907 0 0 0 	72256152 2420907 0 	472.952 	3 	117
25706100000000 25706200000381 	15000025980 44093742745 2451884 	14997574096 2451884 0 0 0 	73182208 2451884 0 	473.058 	3 	117
25731700000000 25731800000381 	15200026742 44682344120 2482713 	15197544029 2482713 0 0 0 	74107163 2482713 0 	473.161 	3 	117
25757300000000 25757400000381 	15400027504 45270984996 2513090 	15397514414 2513090 0 0 0 	75012853 2513090 0 	473.261 	3 	117
25782900000000 25783000000468 	15600028440 45859593037 2543332 	15597485108 2543332 0 0 0 	75916654 2543332 0 	473.321 	3 	117
25808500000000 25808600000468 	15800029376 46448280009 2573452 	15797455924 2573452 0 0 0 	76819062 2573452 0 	473.38 	3 	117
25834100000000 25834200000468 	16000030312 47037017716 2603216 	15997427096 2603216 0 0 0 	77709097 2603216 0 	473.437 	3 	117
25859700000000 25859800000468 	16200031248 47625785942 2633065 	16197398183 2633065 0 0 0 	78602561 2633065 0 	473.493 	3 	117
25885300000000 25885400000468 	16400032184 48214502747 2662381 	16397369803 2662381 0 0 0 	79482135 2662381 0 	473.547 	3 	117
25910900000000 25911000000468 	16600033120 48803221481 2691703 	16597341417 2691703 0 0 0 	80356911 2691703 0 	473.6 	3 	117
25936500000000 25936600000468 	16800034056 49391973908 2720235 	16797313821 2720235 0 0 0 	81206224 2720235 0 	473.652 	3 	117
25962100000000 25962200000254 	17000034564 49980793595 2749052 	16997285512 2749052 0 0 0 	82068717 2749052 0 	473.656 	3 	117
25987700000000 25987800000254 	17200035072 50569640852 2777797 	17197257275 2777797 0 0 0 	82926690 2777797 0 	473.66 	3 	117
26013300000000 26013400000254 	17400035580 51158459699 2806186 	17397229394 2806186 0 0 0 	83775482 2806186 0 	473.664 	3 	117
26038900000000 26039000000254 	17600036088 51747291614 2834184 	17597201904 2834184 0 0 0 	84613081 2834184 0 	473.668 	3 	117
26064500000000 26064600000254 	17800036596 52336232163 2862046 	17797174550 2862046 0 0 0 	85450245 2862046 0 	473.672 	3 	117
26090100000000 26090200000254 	18000037104 52925136573 2889551 	17997147553 2889551 0 0 0 	86271229 2889551 0 	473.675 	3 	117
26115700000000 26115800000254 	18200037612 53513999329 2916694 	18197120918 2916694 0 0 0 	87086260 2916694 0 	473.679 	3 	117
26141300000000 26141400000365 	18400038342 54102892436 2943383 	18397094959 2943383 0 0 0 	87871917 2943383 0 	473.65 	3 	117
26166900000000 26167000000365 	18600039072 54691844239 2970092 	18597068980 2970092 0 0 0 	88662818 2970092 0 	473.621 	3 	117
26192500000000 26192600000365 	18800039802 55280769206 2996601 	18797043201 2996601 0 0 0 	89452251 2996601 0 	473.593 	3 	117
26218100000000 26218200000365 	19000040532 55869778026 3023029 	18997017503 3023029 0 0 0 	90250850 3023029 0 	473.565 	3 	117
26243700000000 26243800000365 	19200041262 56458750570 3049085 	19196992177 3049085 0 0 0 	91029104 3049085 0 	473.539 	3 	117
