23813000000000 23813100000044 	200000088 586948351 7439 	199992649 7439 0 0 0 	219074 7439 0 	414 	3 	130
23838600000000 23838700000044 	400000176 1173941386 14898 	399985278 14898 0 0 0 	446718 14898 0 	414 	3 	130
23864200000000 23864300000044 	600000264 1760912736 22118 	599978146 22118 0 0 0 	664226 22118 0 	414 	3 	130
23889800000000 23889900000044 	800000352 2347916220 29294 	799971058 29294 0 0 0 	877631 29294 0 	414 	3 	130
23915400000000 23915500000044 	1000000440 2934952285 36376 	999964064 36376 0 0 0 	1093336 36376 0 	414 	3 	130
23941000000000 23941100000228 	1200000896 3521976484 43325 	1199957571 43325 0 0 0 	1298214 43325 0 	413.665 	3 	130
23966600000000 23966700000228 	1400001352 4109032036 50183 	1399951169 50183 0 0 0 	1504172 50183 0 	413.427 	3 	130
23992200000000 23992300000228 	1600001808 4696078332 57108 	1599944700 57108 0 0 0 	1710599 57108 0 	413.248 	3 	130
24017800000000 24017900000228 	1800002264 5283242728 63941 	1799938323 63941 0 0 0 	1910629 63941 0 	413.109 	3 	130
24043400000000 24043500000228 	2000002720 5870347639 70667 	1999932053 70667 0 0 0 	2108000 70667 0 	412.998 	3 	130
24069000000000 24069100000228 	2200003176 6457535154 77321 	2199925855 77321 0 0 0 	2307558 77321 0 	412.907 	3 	130
24094600000000 24094700000091 	2400003358 7044736398 84142 	2399919216 84142 0 0 0 	2511420 84142 0 	412.578 	3 	130
24120200000000 24120300000091 	2600003540 7631875219 90609 	2599912931 90609 0 0 0 	2697014 90609 0 	412.301 	3 	130
24145800000000 24145900000091 	2800003722 8219118314 97013 	2799906709 97013 0 0 0 	2887455 97013 0 	412.063 	3 	130
24171400000000 24171500000091 	3000003904 8806338543 103261 	2999900643 103261 0 0 0 	3075977 103261 0 	411.858 	3 	130
24197000000000 24197100000091 	3200004086 9393581069 109541 	3199894545 109541 0 0 0 	3265280 109541 0 	411.678 	3 	130
24222600000000 24222700000091 	3400004268 9980836758 115646 	3399888622 115646 0 0 0 	3446728 115646 0 	411.519 	3 	130
24248200000000 24248300000308 	3600004884 10568522975 166471 	3599838413 166471 0 0 0 	4961348 166471 0 	415.908 	3 	130
24273800000000 24273900000308 	3800005500 11156224017 216526 	3799788974 216526 0 0 0 	6448801 216526 0 	419.914 	3 	130
24299400000000 24299500000308 	4000006116 11743899862 266391 	3999739725 266391 0 0 0 	7936455 266391 0 	423.587 	3 	130
24325000000000 24325100000308 	4200006732 12331609167 316321 	4199690411 316321 0 0 0 	9431430 316321 0 	426.965 	3 	130
24350600000000 24350700000308 	4400007348 12919325712 365359 	4399641989 365359 0 0 0 	10897003 365359 0 	430.084 	3 	130
24376200000000 24376300000308 	4600007964 13507050346 414218 	4599593746 414218 0 0 0 	12356405 414218 0 	432.971 	3 	130
24401800000000 24401900000308 	4800008580 14094804892 462621 	4799545959 462621 0 0 0 	13809886 462621 0 	435.652 	3 	130
24427400000000 24427500000308 	5000009196 14682620188 510521 	4999498675 510521 0 0 0 	15240458 510521 0 	438.148 	3 	130
24453000000000 24453100000152 	5200009500 15270429475 557796 	5199451704 557796 0 0 0 	16653675 557796 0 	440.361 	3 	130
24478600000000 24478700000152 	5400009804 15858293926 605278 	5399404526 605278 0 0 0 	18074797 605278 0 	442.43 	3 	130
24504200000000 24504300000152 	5600010108 16446177378 652267 	5599357841 652267 0 0 0 	19462082 652267 0 	444.369 	3 	130
24529800000000 24529900000152 	5800010412 17034089391 698566 	5799311846 698566 0 0 0 	20841840 698566 0 	446.189 	3 	130
24555400000000 24555500000152 	6000010716 17621917780 744209 	5999266507 744209 0 0 0 	22206059 744209 0 	447.902 	3 	130
24581000000000 24581100000152 	6200011020 18209810572 789781 	6199221239 789781 0 0 0 	23570584 789781 0 	449.516 	3 	130
24606600000000 24606700000152 	6400011324 18797712175 834980 	6399176344 834980 0 0 0 	24911892 834980 0 	451.039 	3 	130
24632200000000 24632300000000 	6600011324 19385667271 879491 	6599131833 879491 0 0 0 	26233797 879491 0 	452.382 	3 	130
24657800000000 24657900000000 	6800011324 19973594479 923901 	6799087423 923901 0 0 0 	27560721 923901 0 	453.652 	3 	130
24683400000000 24683500000000 	7000011324 20561507856 967827 	6999043497 967827 0 0 0 	28871991 967827 0 	454.857 	3 	130
24709000000000 24709100000000 	7200011324 21149405831 1011262 	7199000062 1011262 0 0 0 	30163604 1011262 0 	456.001 	3 	130
24734600000000 24734700000000 	7400011324 21737401917 1054313 	7398957011 1054313 0 0 0 	31461792 1054313 0 	457.088 	3 	130
24760200000000 24760300000000 	7600011324 22325429025 1097120 	7598914204 1097120 0 0 0 	32738646 1097120 0 	458.123 	3 	130
24785800000000 24785900000000 	7800011324 22913400956 1139431 	7798871893 1139431 0 0 0 	34003500 1139431 0 	459.108 	3 	130
24811400000000 24811500000000 	8000011324 23501480670 1181817 	7998829507 1181817 0 0 0 	35262237 1181817 0 	460.049 	3 	130
24837000000000 24837100000048 	8200011420 24089537378 1223651 	8198787769 1223651 0 0 0 	36508506 1223651 0 	460.864 	3 	130
24862600000000 24862700000048 	8400011516 24677639339 1265007 	8398746509 1265007 0 0 0 	37743525 1265007 0 	461.642 	3 	130
24888200000000 24888300000048 	8600011612 25265701444 1305759 	8598705853 1305759 0 0 0 	38950163 1305759 0 	462.387 	3 	130
24913800000000 24913900000048 	8800011708 25853816069 1346253 	8798665455 1346253 0 0 0 	40156755 1346253 0 	463.101 	3 	130
24939400000000 24939500000048 	9000011804 26441967984 1386759 	8998625045 1386759 0 0 0 	41364938 1386759 0 	463.784 	3 	130
24965000000000 24965100000048 	9200011900 27030127197 1426997 	9198584903 1426997 0 0 0 	42573091 1426997 0 	464.44 	3 	130
24990600000000 24990700000048 	9400011996 27618297685 1466684 	9398545312 1466684 0 0 0 	43755902 1466684 0 	465.07 	3 	130
25016200000000 25016300000476 	9600012948 28206464214 1505811 	9598507137 1505811 0 0 0 	44913135 1505811 0 	465.601 	3 	130
25041800000000 25041900000476 	9800013900 28794670815 1544822 	9798469078 1544822 0 0 0 	46084903 1544822 0 	466.111 	3 	130
25067400000000 25067500000476 	10000014852 29382877813 1583549 	9998431303 1583549 0 0 0 	47239906 1583549 0 	466.602 	3 	130
25093000000000 25093100000476 	10200015804 29971058676 1621894 	10198393910 1621894 0 0 0 	48374363 1621894 0 	467.075 	3 	130
25118600000000 25118700000476 	10400016756 30559302432 1660128 	10398356628 1660128 0 0 0 	49520664 1660128 0 	467.53 	3 	130
25144200000000 25144300000476 	10600017708 31147575318 1697822 	10598319886 1697822 0 0 0 	50635498 1697822 0 	467.969 	3 	130
25169800000000 25169900000476 	10800018660 31735840968 1734859 	10798283801 1734859 0 0 0 	51740150 1734859 0 	468.393 	3 	130
25195400000000 25195500000011 	11000018682 32324176364 1772099 	10998246583 1772099 0 0 0 	52840466 1772099 0 	468.752 	3 	130
25221000000000 25221100000011 	11200018704 32912451515 1809115 	11198209589 1809115 0 0 0 	53940671 1809115 0 	469.099 	3 	130
25246600000000 25246700000011 	11400018726 33500794816 1845654 	11398173072 1845654 0 0 0 	55025383 1845654 0 	469.434 	3 	130
25272200000000 25272300000011 	11600018748 34089160727 1881546 	11598137202 1881546 0 0 0 	56093062 1881546 0 	469.758 	3 	130
25297800000000 25297900000011 	11800018770 34677556313 1917157 	11798101613 1917157 0 0 0 	57152932 1917157 0 	470.072 	3 	130
25323400000000 25323500000011 	12000018792 35265904599 1952702 	11998066090 1952702 0 0 0 	58215837 1952702 0 	470.375 	3 	130
25349000000000 25349100000011 	12200018814 35854236560 1987894 	12198030920 1987894 0 0 0 	59261373 1987894 0 	470.669 	3 	130
25374600000000 25374700000011 	12400018836 36442662901 2022659 	12397996177 2022659 0 0 0 	60298315 2022659 0 	470.954 	3 	130
25400200000000 25400300000210 	12600019256 37031091872 2057537 	12597961719 2057537 0 0 0 	61342123 2057537 0 	471.17 	3 	130
25425800000000 25425900000210 	12800019676 37619511663 2091827 	12797927849 2091827 0 0 0 	62376636 2091827 0 	471.38 	3 	130
25451400000000 25451500000210 	13000020096 38207961864 2125872 	12997894224 2125872 0 0 0 	63394227 2125872 0 	471.584 	3 	130
25477000000000 25477100000210 	13200020516 38796428321 2159809 	13197860707 2159809 0 0 0 	64406722 2159809 0 	471.782 	3 	130
25502600000000 25502700000210 	13400020936 39384906266 2193017 	13397827919 2193017 0 0 0 	65401107 2193017 0 	471.974 	3 	130
25528200000000 25528300000210 	13600021356 39973392261 2226127 	13597795229 2226127 0 0 0 	66388162 2226127 0 	472.16 	3 	130
25553800000000 25553900000210 	13800021776 40561897563 2258944 	13797762832 2258944 0 0 0 	67371682 2258944 0 	472.342 	3 	130
25579400000000 25579500000381 	14000022538 41150413121 2291652 	13997730886 2291652 0 0 0 	68344215 2291652 0 	472.463 	3 	130
25605000000000 25605100000381 	14200023300 41738956651 2324123 	14197699177 2324123 0 0 0 	69314172 2324123 0 	472.581 	3 	130
25630600000000 25630700000381 	14400024062 42327499827 2356301 	14397667761 2356301 0 0 0 	70274681 2356301 0 	472.696 	3 	130
25656200000000 25656300000381 	14600024824 42916097027 2387754 	14597637070 2387754 0 0 0 	71220744 2387754 0 	472.808 	3 	130
25681800000000 25681900000381 	14800025586 43504695700 2419265 	14797606321 2419265 0 0 0 	72164156 2419265 0 	472.917 	3 	130
25707400000000 25707500000381 	15000026348 44093316201 2450503 	14997575845 2450503 0 0 0 	73095452 2450503 0 	473.023 	3 	130
25733000000000 25733100000381 	15200027110 44681981699 2481852 	15197545258 2481852 0 0 0 	74030491 2481852 0 	473.126 	3 	130
25758600000000 25758700000381 	15400027872 45270648122 2512283 	15397515589 2512283 0 0 0 	74943634 2512283 0 	473.227 	3 	130
25784200000000 25784300000468 	15600028808 45859320086 2542859 	15597485949 2542859 0 0 0 	75853777 2542859 0 	473.287 	3 	130
25809800000000 25809900000468 	15800029744 46447985359 2573206 	15797456538 2573206 0 0 0 	76763159 2573206 0 	473.346 	3 	130
25835400000000 25835500000468 	16000030680 47036688348 2603255 	15997427425 2603255 0 0 0 	77656578 2603255 0 	473.404 	3 	130
25861000000000 25861100000468 	16200031616 47625365226 2632793 	16197398823 2632793 0 0 0 	78538898 2632793 0 	473.46 	3 	130
25886600000000 25886700000468 	16400032552 48214167210 2662343 	16397370209 2662343 0 0 0 	79424220 2662343 0 	473.515 	3 	130
25912200000000 25912300000468 	16600033488 48802919456 2691625 	16597341863 2691625 0 0 0 	80292489 2691625 0 	473.569 	3 	130
25937800000000 25937900000468 	16800034424 49391700609 2720487 	16797313937 2720487 0 0 0 	81151976 2720487 0 	473.621 	3 	130
25963400000000 25963500000254 	17000034932 49980475169 2749157 	16997285775 2749157 0 0 0 	82005626 2749157 0 	473.625 	3 	130
25989000000000 25989100000254 	17200035440 50569271560 2777346 	17197258094 2777346 0 0 0 	82852691 2777346 0 	473.63 	3 	130
26014600000000 26014700000254 	17400035948 51158173572 2805464 	17397230484 2805464 0 0 0 	83695859 2805464 0 	473.634 	3 	130
26040200000000 26040300000254 	17600036456 51746968924 2833130 	17597203326 2833130 0 0 0 	84522505 2833130 0 	473.638 	3 	130
26065800000000 26065900000254 	17800036964 52335858034 2860857 	17797176107 2860857 0 0 0 	85359582 2860857 0 	473.642 	3 	130
26091400000000 26091500000254 	18000037472 52924734264 2888188 	17997149284 2888188 0 0 0 	86174050 2888188 0 	473.646 	3 	130
26117000000000 26117100000254 	18200037980 53513619078 2915801 	18197122179 2915801 0 0 0 	87004201 2915801 0 	473.65 	3 	130
26142600000000 26142700000365 	18400038710 54102575033 2942883 	18397095827 2942883 0 0 0 	87813696 2942883 0 	473.621 	3 	130
26168200000000 26168300000365 	18600039440 54691535274 2969694 	18597069746 2969694 0 0 0 	88623881 2969694 0 	473.593 	3 	130
26193800000000 26193900000365 	18800040170 55280481532 2996055 	18797044115 2996055 0 0 0 	89410819 2996055 0 	473.565 	3 	130
26219400000000 26219500000365 	19000040900 55869447179 3022295 	18997018605 3022295 0 0 0 	90193940 3022295 0 	473.538 	3 	130
26245000000000 26245100000365 	19200041630 56458353169 3048117 	19196993513 3048117 0 0 0 	90957603 3048117 0 	473.511 	3 	130
