23816700000000 23816800000044 	200000088 586947040 7572 	199992516 7572 0 0 0 	225565 7572 0 	414 	3 	167
23842300000000 23842400000044 	400000176 1173934152 14963 	399985213 14963 0 0 0 	447659 14963 0 	414 	3 	167
23867900000000 23868000000044 	600000264 1760964402 22267 	599977997 22267 0 0 0 	663831 22267 0 	414 	3 	167
23893500000000 23893600000044 	800000352 2347965938 29472 	799970880 29472 0 0 0 	876932 29472 0 	414 	3 	167
23919100000000 23919200000044 	1000000440 2935053630 36493 	999963947 36493 0 0 0 	1089635 36493 0 	414 	3 	167
23944700000000 23944800000228 	1200000896 3522129006 43579 	1199957317 43579 0 0 0 	1300609 43579 0 	413.665 	3 	167
23970300000000 23970400000228 	1400001352 4109226499 50544 	1399950808 50544 0 0 0 	1511179 50544 0 	413.427 	3 	167
23995900000000 23996000000228 	1600001808 4696366813 57224 	1599944584 57224 0 0 0 	1711349 57224 0 	413.248 	3 	167
24021500000000 24021600000228 	1800002264 5283491137 63995 	1799938269 63995 0 0 0 	1913993 63995 0 	413.109 	3 	167
24047100000000 24047200000228 	2000002720 5870647345 70777 	1999931943 70777 0 0 0 	2116684 70777 0 	412.998 	3 	167
24072700000000 24072800000228 	2200003176 6457795379 77512 	2199925664 77512 0 0 0 	2319258 77512 0 	412.907 	3 	167
24098300000000 24098400000091 	2400003358 7045007361 84139 	2399919219 84139 0 0 0 	2519047 84139 0 	412.578 	3 	167
24123900000000 24124000000091 	2600003540 7632227830 90765 	2599912775 90765 0 0 0 	2714085 90765 0 	412.301 	3 	167
24149500000000 24149600000091 	2800003722 8219438763 97234 	2799906488 97234 0 0 0 	2912618 97234 0 	412.063 	3 	167
24175100000000 24175200000091 	3000003904 8806693959 103631 	2999900273 103631 0 0 0 	3108162 103631 0 	411.858 	3 	167
24200700000000 24200800000091 	3200004086 9393991725 109933 	3199894153 109933 0 0 0 	3296765 109933 0 	411.678 	3 	167
24226300000000 24226400000091 	3400004268 9981256647 116189 	3399888079 116189 0 0 0 	3483632 116189 0 	411.519 	3 	167
24251900000000 24252000000308 	3600004884 10568946132 166940 	3599837944 166940 0 0 0 	4986765 166940 0 	415.908 	3 	167
24277500000000 24277600000308 	3800005500 11156659090 217184 	3799788316 217184 0 0 0 	6483030 217184 0 	419.914 	3 	167
24303100000000 24303200000308 	4000006116 11744374778 267196 	3999738920 267196 0 0 0 	7973886 267196 0 	423.587 	3 	167
24328700000000 24328800000308 	4200006732 12332102440 316893 	4199689839 316893 0 0 0 	9457905 316893 0 	426.965 	3 	167
24354300000000 24354400000308 	4400007348 12919816978 366052 	4399641296 366052 0 0 0 	10916440 366052 0 	430.084 	3 	167
24379900000000 24380000000308 	4600007964 13507610630 414744 	4599593220 414744 0 0 0 	12375761 414744 0 	432.971 	3 	167
24405500000000 24405600000308 	4800008580 14095348336 462740 	4799545840 462740 0 0 0 	13803881 462740 0 	435.652 	3 	167
24431100000000 24431200000308 	5000009196 14683093164 510557 	4999498639 510557 0 0 0 	15225324 510557 0 	438.148 	3 	167
24456700000000 24456800000152 	5200009500 15270914887 557635 	5199451865 557635 0 0 0 	16630957 557635 0 	440.361 	3 	167
24482300000000 24482400000152 	5400009804 15858783069 604550 	5399405254 604550 0 0 0 	18028946 604550 0 	442.43 	3 	167
24507900000000 24508000000152 	5600010108 16446620942 651315 	5599358793 651315 0 0 0 	19427373 651315 0 	444.369 	3 	167
24533500000000 24533600000152 	5800010412 17034427698 697716 	5799312696 697716 0 0 0 	20812637 697716 0 	446.189 	3 	167
24559100000000 24559200000152 	6000010716 17622250805 743315 	5999267401 743315 0 0 0 	22168146 743315 0 	447.902 	3 	167
24584700000000 24584800000152 	6200011020 18210113605 788662 	6199222358 788662 0 0 0 	23523331 788662 0 	449.516 	3 	167
24610300000000 24610400000152 	6400011324 18798012848 833728 	6399177596 833728 0 0 0 	24869620 833728 0 	451.039 	3 	167
24635900000000 24636000000000 	6600011324 19385929684 878225 	6599133099 878225 0 0 0 	26194198 878225 0 	452.382 	3 	167
24661500000000 24661600000000 	6800011324 19973843672 922852 	6799088472 922852 0 0 0 	27519116 922852 0 	453.652 	3 	167
24687100000000 24687200000000 	7000011324 20561846944 967201 	6999044123 967201 0 0 0 	28845805 967201 0 	454.857 	3 	167
24712700000000 24712800000000 	7200011324 21149793358 1011046 	7199000278 1011046 0 0 0 	30150075 1011046 0 	456.001 	3 	167
24738300000000 24738400000000 	7400011324 21737771589 1054508 	7398956816 1054508 0 0 0 	31442103 1054508 0 	457.088 	3 	167
24763900000000 24764000000000 	7600011324 22325768973 1097576 	7598913748 1097576 0 0 0 	32724155 1097576 0 	458.123 	3 	167
24789500000000 24789600000000 	7800011324 22913748753 1139788 	7798871536 1139788 0 0 0 	33983761 1139788 0 	459.108 	3 	167
24815100000000 24815200000048 	8000011420 23501726765 1181929 	7998829491 1181929 0 0 0 	35238890 1181929 0 	459.964 	3 	167
24840700000000 24840800000048 	8200011516 24089760767 1223648 	8198787868 1223648 0 0 0 	36481109 1223648 0 	460.78 	3 	167
24866300000000 24866400000048 	8400011612 24677796646 1264991 	8398746621 1264991 0 0 0 	37701257 1264991 0 	461.561 	3 	167
24891900000000 24892000000048 	8600011708 25265832397 1305866 	8598705842 1305866 0 0 0 	38911442 1305866 0 	462.307 	3 	167
24917500000000 24917600000048 	8800011804 25853949642 1346485 	8798665319 1346485 0 0 0 	40135665 1346485 0 	463.022 	3 	167
24943100000000 24943200000048 	9000011900 26442077358 1386931 	8998624969 1386931 0 0 0 	41341481 1386931 0 	463.707 	3 	167
24968700000000 24968800000048 	9200011996 27030225596 1427179 	9198584817 1427179 0 0 0 	42537816 1427179 0 	464.364 	3 	167
24994300000000 24994400000048 	9400012092 27618361099 1466738 	9398545354 1466738 0 0 0 	43725613 1466738 0 	464.995 	3 	167
25019900000000 25020000000476 	9600013044 28206584459 1506013 	9598507031 1506013 0 0 0 	44895328 1506013 0 	465.528 	3 	167
25045500000000 25045600000476 	9800013996 28794791256 1544916 	9798469080 1544916 0 0 0 	46061077 1544916 0 	466.039 	3 	167
25071100000000 25071200000476 	10000014948 29382971214 1583657 	9998431291 1583657 0 0 0 	47220703 1583657 0 	466.532 	3 	167
25096700000000 25096800000476 	10200015900 29971148950 1621877 	10198394023 1621877 0 0 0 	48368797 1621877 0 	467.006 	3 	167
25122300000000 25122400000476 	10400016852 30559322402 1659656 	10398357196 1659656 0 0 0 	49493885 1659656 0 	467.462 	3 	167
25147900000000 25148000000476 	10600017804 31147605973 1697510 	10598320294 1697510 0 0 0 	50628695 1697510 0 	467.903 	3 	167
25173500000000 25173600000476 	10800018756 31735878928 1734758 	10798283998 1734758 0 0 0 	51739755 1734758 0 	468.328 	3 	167
25199100000000 25199200000011 	11000018778 32324248393 1771817 	10998246961 1771817 0 0 0 	52847030 1771817 0 	468.688 	3 	167
25224700000000 25224800000011 	11200018800 32912608569 1808383 	11198210417 1808383 0 0 0 	53941474 1808383 0 	469.036 	3 	167
25250300000000 25250400000011 	11400018822 33500968323 1844466 	11398174356 1844466 0 0 0 	55012400 1844466 0 	469.372 	3 	167
25275900000000 25276000000011 	11600018844 34089331103 1880326 	11598138518 1880326 0 0 0 	56077288 1880326 0 	469.697 	3 	167
25301500000000 25301600000011 	11800018866 34677623447 1915957 	11798102909 1915957 0 0 0 	57133011 1915957 0 	470.011 	3 	167
25327100000000 25327200000011 	12000018888 35265973116 1951359 	11998067529 1951359 0 0 0 	58197645 1951359 0 	470.316 	3 	167
25352700000000 25352800000011 	12200018910 35854369176 1986469 	12198032441 1986469 0 0 0 	59243184 1986469 0 	470.611 	3 	167
25378300000000 25378400000011 	12400018932 36442769845 2021653 	12397997279 2021653 0 0 0 	60293932 2021653 0 	470.896 	3 	167
25403900000000 25404000000210 	12600019352 37031158037 2056211 	12597963141 2056211 0 0 0 	61329899 2056211 0 	471.114 	3 	167
25429500000000 25429600000210 	12800019772 37619566705 2090347 	12797929425 2090347 0 0 0 	62343849 2090347 0 	471.325 	3 	167
25455100000000 25455200000210 	13000020192 38208079536 2124382 	12997895810 2124382 0 0 0 	63363378 2124382 0 	471.529 	3 	167
25480700000000 25480800000210 	13200020612 38796577989 2158151 	13197862461 2158151 0 0 0 	64372627 2158151 0 	471.728 	3 	167
25506300000000 25506400000210 	13400021032 39385054776 2191709 	13397829323 2191709 0 0 0 	65374301 2191709 0 	471.92 	3 	167
25531900000000 25532000000210 	13600021452 39973578589 2225086 	13597796366 2225086 0 0 0 	66375319 2225086 0 	472.108 	3 	167
25557500000000 25557600000210 	13800021872 40562071594 2257558 	13797764314 2257558 0 0 0 	67339364 2257558 0 	472.29 	3 	167
25583100000000 25583200000381 	14000022634 41150565284 2290047 	13997732587 2290047 0 0 0 	68303874 2290047 0 	472.412 	3 	167
25608700000000 25608800000381 	14200023396 41739157829 2322479 	14197700917 2322479 0 0 0 	69277074 2322479 0 	472.531 	3 	167
25634300000000 25634400000381 	14400024158 42327782144 2354373 	14397669785 2354373 0 0 0 	70233838 2354373 0 	472.646 	3 	167
25659900000000 25660000000381 	14600024920 42916352692 2385960 	14597638960 2385960 0 0 0 	71176911 2385960 0 	472.759 	3 	167
25685500000000 25685600000381 	14800025682 43505006705 2417683 	14797607999 2417683 0 0 0 	72121144 2417683 0 	472.868 	3 	167
25711100000000 25711200000381 	15000026444 44093680089 2449175 	14997577269 2449175 0 0 0 	73056454 2449175 0 	472.975 	3 	167
25736700000000 25736800000381 	15200027206 44682371062 2480102 	15197547104 2480102 0 0 0 	73988296 2480102 0 	473.079 	3 	167
25762300000000 25762400000468 	15400028142 45271020192 2510638 	15397517504 2510638 0 0 0 	74891982 2510638 0 	473.142 	3 	167
25787900000000 25788000000468 	15600029078 45859716183 2541012 	15597488066 2541012 0 0 0 	75798450 2541012 0 	473.204 	3 	167
25813500000000 25813600000468 	15800030014 46448457296 2571138 	15797458876 2571138 0 0 0 	76701213 2571138 0 	473.264 	3 	167
25839100000000 25839200000468 	16000030950 47037139047 2600962 	15997429988 2600962 0 0 0 	77594854 2600962 0 	473.322 	3 	167
25864700000000 25864800000468 	16200031886 47625817507 2630667 	16197401219 2630667 0 0 0 	78483577 2630667 0 	473.379 	3 	167
25890300000000 25890400000468 	16400032822 48214566604 2660425 	16397372397 2660425 0 0 0 	79378025 2660425 0 	473.435 	3 	167
25915900000000 25916000000468 	16600033758 48803332392 2689542 	16597344216 2689542 0 0 0 	80252861 2689542 0 	473.49 	3 	167
25941500000000 25941600000468 	16800034694 49392082701 2718376 	16797316318 2718376 0 0 0 	81102345 2718376 0 	473.543 	3 	167
25967100000000 25967200000254 	17000035202 49980891002 2746995 	16997288207 2746995 0 0 0 	81965768 2746995 0 	473.548 	3 	167
25992700000000 25992800000254 	17200035710 50569743878 2775254 	17197260456 2775254 0 0 0 	82807932 2775254 0 	473.554 	3 	167
26018300000000 26018400000254 	17400036218 51158589986 2803027 	17397233191 2803027 0 0 0 	83637217 2803027 0 	473.559 	3 	167
26043900000000 26044000000254 	17600036726 51747437777 2830860 	17597205866 2830860 0 0 0 	84472522 2830860 0 	473.564 	3 	167
26069500000000 26069600000254 	17800037234 52336309309 2858558 	17797178676 2858558 0 0 0 	85305263 2858558 0 	473.569 	3 	167
26095100000000 26095200000254 	18000037742 52925241105 2886031 	17997151711 2886031 0 0 0 	86131843 2886031 0 	473.573 	3 	167
26120700000000 26120800000254 	18200038250 53514093615 2913184 	18197125066 2913184 0 0 0 	86947879 2913184 0 	473.578 	3 	167
26146300000000 26146400000365 	18400038980 54102980361 2939980 	18397099000 2939980 0 0 0 	87752588 2939980 0 	473.55 	3 	167
26171900000000 26172000000365 	18600039710 54691937448 2966794 	18597072916 2966794 0 0 0 	88563146 2966794 0 	473.522 	3 	167
26197500000000 26197600000365 	18800040440 55280903413 2993212 	18797047228 2993212 0 0 0 	89351453 2993212 0 	473.495 	3 	167
26223100000000 26223200000365 	19000041170 55869827104 3019697 	18997021473 3019697 0 0 0 	90138873 3019697 0 	473.469 	3 	167
26248700000000 26248800000365 	19200041900 56458786817 3046020 	19196995880 3046020 0 0 0 	90922512 3046020 0 	473.443 	3 	167
