23817400000000 23817500000044 	200000088 586981288 7307 	199992781 7307 0 0 0 	218746 7307 0 	414 	3 	174
23843000000000 23843100000044 	400000176 1173988043 14634 	399985542 14634 0 0 0 	435555 14634 0 	414 	3 	174
23868600000000 23868700000044 	600000264 1761004288 21825 	599978439 21825 0 0 0 	651398 21825 0 	414 	3 	174
23894200000000 23894300000044 	800000352 2347986607 28914 	799971438 28914 0 0 0 	861509 28914 0 	414 	3 	174
23919800000000 23919900000044 	1000000440 2935054782 36141 	999964299 36141 0 0 0 	1079354 36141 0 	414 	3 	174
23945400000000 23945500000228 	1200000896 3522144718 43029 	1199957867 43029 0 0 0 	1285836 43029 0 	413.665 	3 	174
23971000000000 23971100000228 	1400001352 4109206057 50057 	1399951295 50057 0 0 0 	1496045 50057 0 	413.427 	3 	174
23996600000000 23996700000228 	1600001808 4696340809 56986 	1599944822 56986 0 0 0 	1703254 56986 0 	413.248 	3 	174
24022200000000 24022300000228 	1800002264 5283391441 63770 	1799938494 63770 0 0 0 	1905274 63770 0 	413.109 	3 	174
24047800000000 24047900000228 	2000002720 5870503609 70475 	1999932245 70475 0 0 0 	2102004 70475 0 	412.998 	3 	174
24073400000000 24073500000228 	2200003176 6457706406 77235 	2199925941 77235 0 0 0 	2306251 77235 0 	412.907 	3 	174
24099000000000 24099100000091 	2400003358 7044900390 83868 	2399919490 83868 0 0 0 	2503401 83868 0 	412.578 	3 	174
24124600000000 24124700000091 	2600003540 7632093560 90407 	2599913133 90407 0 0 0 	2697267 90407 0 	412.301 	3 	174
24150200000000 24150300000091 	2800003722 8219297760 96846 	2799906876 96846 0 0 0 	2885522 96846 0 	412.063 	3 	174
24175800000000 24175900000091 	3000003904 8806571788 103256 	2999900648 103256 0 0 0 	3072004 103256 0 	411.858 	3 	174
24201400000000 24201500000091 	3200004086 9393881451 109492 	3199894594 109492 0 0 0 	3258944 109492 0 	411.678 	3 	174
24227000000000 24227100000091 	3400004268 9981240015 115782 	3399888486 115782 0 0 0 	3441462 115782 0 	411.519 	3 	174
24252600000000 24252700000308 	3600004884 10568889003 166448 	3599838436 166448 0 0 0 	4951925 166448 0 	415.908 	3 	174
24278200000000 24278300000308 	3800005500 11156571558 217119 	3799788381 217119 0 0 0 	6459438 217119 0 	419.914 	3 	174
24303800000000 24303900000308 	4000006116 11744272029 267459 	3999738657 267459 0 0 0 	7958874 267459 0 	423.587 	3 	174
24329400000000 24329500000308 	4200006732 12332019950 317381 	4199689351 317381 0 0 0 	9439182 317381 0 	426.965 	3 	174
24355000000000 24355100000308 	4400007348 12919705455 366795 	4399640553 366795 0 0 0 	10914138 366795 0 	430.084 	3 	174
24380600000000 24380700000308 	4600007964 13507443452 415709 	4599592255 415709 0 0 0 	12385409 415709 0 	432.971 	3 	174
24406200000000 24406300000308 	4800008580 14095228013 463710 	4799544870 463710 0 0 0 	13814865 463710 0 	435.652 	3 	174
24431800000000 24431900000308 	5000009196 14682968801 511715 	4999497481 511715 0 0 0 	15241373 511715 0 	438.148 	3 	174
24457400000000 24457500000152 	5200009500 15270796708 559331 	5199450169 559331 0 0 0 	16654678 559331 0 	440.361 	3 	174
24483000000000 24483100000152 	5400009804 15858634316 606052 	5399403752 606052 0 0 0 	18033954 606052 0 	442.43 	3 	174
24508600000000 24508700000152 	5600010108 16446550697 652552 	5599357556 652552 0 0 0 	19424884 652552 0 	444.369 	3 	174
24534200000000 24534300000152 	5800010412 17034378715 698839 	5799311573 698839 0 0 0 	20801877 698839 0 	446.189 	3 	174
24559800000000 24559900000152 	6000010716 17622237543 744313 	5999266403 744313 0 0 0 	22170038 744313 0 	447.902 	3 	174
24585400000000 24585500000152 	6200011020 18210094875 789910 	6199221110 789910 0 0 0 	23526038 789910 0 	449.516 	3 	174
24611000000000 24611100000152 	6400011324 18798000653 834850 	6399176474 834850 0 0 0 	24863904 834850 0 	451.039 	3 	174
24636600000000 24636700000000 	6600011324 19385923386 879329 	6599131995 879329 0 0 0 	26187477 879329 0 	452.382 	3 	174
24662200000000 24662300000000 	6800011324 19973849673 923821 	6799087503 923821 0 0 0 	27513448 923821 0 	453.652 	3 	174
24687800000000 24687900000000 	7000011324 20561782546 967732 	6999043592 967732 0 0 0 	28826781 967732 0 	454.857 	3 	174
24713400000000 24713500000000 	7200011324 21149752709 1011345 	7198999979 1011345 0 0 0 	30124564 1011345 0 	456.001 	3 	174
24739000000000 24739100000000 	7400011324 21737784323 1054728 	7398956596 1054728 0 0 0 	31412309 1054728 0 	457.088 	3 	174
24764600000000 24764700000000 	7600011324 22325764834 1097721 	7598913603 1097721 0 0 0 	32683844 1097721 0 	458.123 	3 	174
24790200000000 24790300000000 	7800011324 22913869628 1140258 	7798871066 1140258 0 0 0 	33953780 1140258 0 	459.108 	3 	174
24815800000000 24815900000048 	8000011420 23501944853 1182564 	7998828856 1182564 0 0 0 	35214863 1182564 0 	459.964 	3 	174
24841400000000 24841500000048 	8200011516 24090011522 1223989 	8198787527 1223989 0 0 0 	36457323 1223989 0 	460.78 	3 	174
24867000000000 24867100000048 	8400011612 24678113029 1265566 	8398746046 1265566 0 0 0 	37690239 1265566 0 	461.561 	3 	174
24892600000000 24892700000048 	8600011708 25266197277 1306220 	8598705488 1306220 0 0 0 	38902464 1306220 0 	462.307 	3 	174
24918200000000 24918300000048 	8800011804 25854298328 1347099 	8798664705 1347099 0 0 0 	40113200 1347099 0 	463.022 	3 	174
24943800000000 24943900000048 	9000011900 26442450981 1387665 	8998624235 1387665 0 0 0 	41325882 1387665 0 	463.707 	3 	174
24969400000000 24969500000048 	9200011996 27030512083 1427691 	9198584305 1427691 0 0 0 	42514551 1427691 0 	464.364 	3 	174
24995000000000 24995100000048 	9400012092 27618746948 1467612 	9398544480 1467612 0 0 0 	43709287 1467612 0 	464.995 	3 	174
25020600000000 25020700000476 	9600013044 28206922169 1506527 	9598506517 1506527 0 0 0 	44863436 1506527 0 	465.528 	3 	174
25046200000000 25046300000476 	9800013996 28795110968 1545214 	9798468782 1545214 0 0 0 	46024816 1545214 0 	466.039 	3 	174
25071800000000 25071900000476 	10000014948 29383339433 1583727 	9998431221 1583727 0 0 0 	47176078 1583727 0 	466.532 	3 	174
25097400000000 25097500000476 	10200015900 29971558579 1622164 	10198393736 1622164 0 0 0 	48321101 1622164 0 	467.006 	3 	174
25123000000000 25123100000476 	10400016852 30559853093 1660043 	10398356809 1660043 0 0 0 	49451776 1660043 0 	467.462 	3 	174
25148600000000 25148700000476 	10600017804 31148135600 1697436 	10598320368 1697436 0 0 0 	50583030 1697436 0 	467.903 	3 	174
25174200000000 25174300000476 	10800018756 31736422296 1734608 	10798284148 1734608 0 0 0 	51701305 1734608 0 	468.328 	3 	174
25199800000000 25199900000011 	11000018778 32324679735 1771547 	10998247231 1771547 0 0 0 	52808249 1771547 0 	468.688 	3 	174
25225400000000 25225500000011 	11200018800 32912955695 1808139 	11198210661 1808139 0 0 0 	53898030 1808139 0 	469.036 	3 	174
25251000000000 25251100000011 	11400018822 33501267854 1844798 	11398174024 1844798 0 0 0 	54990177 1844798 0 	469.372 	3 	174
25276600000000 25276700000011 	11600018844 34089611752 1880489 	11598138355 1880489 0 0 0 	56057983 1880489 0 	469.697 	3 	174
25302200000000 25302300000011 	11800018866 34677953168 1916396 	11798102470 1916396 0 0 0 	57127796 1916396 0 	470.011 	3 	174
25327800000000 25327900000011 	12000018888 35266339936 1951879 	11998067009 1951879 0 0 0 	58188295 1951879 0 	470.316 	3 	174
25353400000000 25353500000011 	12200018910 35854674497 1987066 	12198031844 1987066 0 0 0 	59243824 1987066 0 	470.611 	3 	174
25379000000000 25379100000011 	12400018932 36443023991 2021988 	12397996944 2021988 0 0 0 	60290387 2021988 0 	470.896 	3 	174
25404600000000 25404700000210 	12600019352 37031483948 2056604 	12597962748 2056604 0 0 0 	61314103 2056604 0 	471.114 	3 	174
25430200000000 25430300000210 	12800019772 37619835708 2090580 	12797929192 2090580 0 0 0 	62326087 2090580 0 	471.325 	3 	174
25455800000000 25455900000210 	13000020192 38208328924 2124774 	12997895418 2124774 0 0 0 	63352464 2124774 0 	471.529 	3 	174
25481400000000 25481500000210 	13200020612 38796821161 2158531 	13197862081 2158531 0 0 0 	64356279 2158531 0 	471.728 	3 	174
25507000000000 25507100000210 	13400021032 39385346990 2192071 	13397828961 2192071 0 0 0 	65362862 2192071 0 	471.92 	3 	174
25532600000000 25532700000210 	13600021452 39973849886 2225159 	13597796293 2225159 0 0 0 	66339971 2225159 0 	472.108 	3 	174
25558200000000 25558300000210 	13800021872 40562375844 2257784 	13797764088 2257784 0 0 0 	67318289 2257784 0 	472.29 	3 	174
25583800000000 25583900000381 	14000022634 41150917440 2290316 	13997732318 2290316 0 0 0 	68291319 2290316 0 	472.412 	3 	174
25609400000000 25609500000381 	14200023396 41739466146 2322541 	14197700855 2322541 0 0 0 	69252029 2322541 0 	472.531 	3 	174
25635000000000 25635100000381 	14400024158 42328060320 2354667 	14397669491 2354667 0 0 0 	70219032 2354667 0 	472.646 	3 	174
25660600000000 25660700000381 	14600024920 42916642255 2386160 	14597638760 2386160 0 0 0 	71156935 2386160 0 	472.759 	3 	174
25686200000000 25686300000381 	14800025682 43505273541 2417654 	14797608028 2417654 0 0 0 	72095679 2417654 0 	472.868 	3 	174
25711800000000 25711900000381 	15000026444 44093877333 2448737 	14997577707 2448737 0 0 0 	73018674 2448737 0 	472.975 	3 	174
25737400000000 25737500000381 	15200027206 44682488610 2479990 	15197547216 2479990 0 0 0 	73950245 2479990 0 	473.079 	3 	174
25763000000000 25763100000468 	15400028142 45271157996 2510509 	15397517633 2510509 0 0 0 	74866102 2510509 0 	473.142 	3 	174
25788600000000 25788700000468 	15600029078 45859782642 2541138 	15597487940 2541138 0 0 0 	75786692 2541138 0 	473.204 	3 	174
25814200000000 25814300000468 	15800030014 46448441878 2571182 	15797458832 2571182 0 0 0 	76686449 2571182 0 	473.264 	3 	174
25839800000000 25839900000468 	16000030950 47037155185 2601272 	15997429678 2601272 0 0 0 	77586572 2601272 0 	473.322 	3 	174
25865400000000 25865500000468 	16200031886 47625852673 2630942 	16197400944 2630942 0 0 0 	78474322 2630942 0 	473.379 	3 	174
25891000000000 25891100000468 	16400032822 48214566285 2660134 	16397372688 2660134 0 0 0 	79338243 2660134 0 	473.435 	3 	174
25916600000000 25916700000468 	16600033758 48803356881 2689116 	16597344642 2689116 0 0 0 	80198745 2689116 0 	473.49 	3 	174
25942200000000 25942300000468 	16800034694 49392151514 2718003 	16797316691 2718003 0 0 0 	81065246 2718003 0 	473.543 	3 	174
25967800000000 25967900000254 	17000035202 49980909867 2746581 	16997288621 2746581 0 0 0 	81915755 2746581 0 	473.548 	3 	174
25993400000000 25993500000254 	17200035710 50569689182 2774833 	17197260877 2774833 0 0 0 	82764296 2774833 0 	473.554 	3 	174
26019000000000 26019100000254 	17400036218 51158456864 2803090 	17397233128 2803090 0 0 0 	83606182 2803090 0 	473.559 	3 	174
26044600000000 26044700000254 	17600036726 51747327133 2831036 	17597205690 2831036 0 0 0 	84447499 2831036 0 	473.564 	3 	174
26070200000000 26070300000254 	17800037234 52336162230 2858903 	17797178331 2858903 0 0 0 	85280343 2858903 0 	473.569 	3 	174
26095800000000 26095900000254 	18000037742 52924977098 2886295 	17997151447 2886295 0 0 0 	86102473 2886295 0 	473.573 	3 	174
26121400000000 26121500000254 	18200038250 53513894818 2913439 	18197124811 2913439 0 0 0 	86909621 2913439 0 	473.578 	3 	174
26147000000000 26147100000365 	18400038980 54102900795 2940346 	18397098634 2940346 0 0 0 	87715087 2940346 0 	473.55 	3 	174
26172600000000 26172700000365 	18600039710 54691760307 2967133 	18597072577 2967133 0 0 0 	88515742 2967133 0 	473.522 	3 	174
26198200000000 26198300000365 	18800040440 55280696781 2993546 	18797046894 2993546 0 0 0 	89305316 2993546 0 	473.495 	3 	174
26223800000000 26223900000365 	19000041170 55869625727 3019656 	18997021514 3019656 0 0 0 	90085202 3019656 0 	473.469 	3 	174
26249400000000 26249500000365 	19200041900 56458547572 3045506 	19196996394 3045506 0 0 0 	90848624 3045506 0 	473.443 	3 	174
