23818800000000 23818900000044 	200000088 586968184 7560 	199992528 7560 0 0 0 	225466 7560 0 	414 	3 	188
23844400000000 23844500000044 	400000176 1174040007 14920 	399985256 14920 0 0 0 	444262 14920 0 	414 	3 	188
23870000000000 23870100000044 	600000264 1761071531 22320 	599977944 22320 0 0 0 	665570 22320 0 	414 	3 	188
23895600000000 23895700000044 	800000352 2348124616 29425 	799970927 29425 0 0 0 	874802 29425 0 	414 	3 	188
23921200000000 23921300000044 	1000000440 2935215052 36539 	999963901 36539 0 0 0 	1092391 36539 0 	414 	3 	188
23946800000000 23946900000228 	1200000896 3522208849 43464 	1199957432 43464 0 0 0 	1299267 43464 0 	413.665 	3 	188
23972400000000 23972500000228 	1400001352 4109295931 50473 	1399950879 50473 0 0 0 	1507823 50473 0 	413.427 	3 	188
23998000000000 23998100000228 	1600001808 4696449375 57357 	1599944451 57357 0 0 0 	1714185 57357 0 	413.248 	3 	188
24023600000000 24023700000228 	1800002264 5283585317 64151 	1799938113 64151 0 0 0 	1919858 64151 0 	413.109 	3 	188
24049200000000 24049300000228 	2000002720 5870693430 70947 	1999931773 70947 0 0 0 	2123296 70947 0 	412.998 	3 	188
24074800000000 24074900000228 	2200003176 6457855420 77372 	2199925804 77372 0 0 0 	2315929 77372 0 	412.907 	3 	188
24100400000000 24100500000091 	2400003358 7045055953 84047 	2399919311 84047 0 0 0 	2513951 84047 0 	412.578 	3 	188
24126000000000 24126100000091 	2600003540 7632256474 90492 	2599913048 90492 0 0 0 	2708228 90492 0 	412.301 	3 	188
24151600000000 24151700000091 	2800003722 8219506528 97071 	2799906651 97071 0 0 0 	2906156 97071 0 	412.063 	3 	188
24177200000000 24177300000091 	3000003904 8806684461 103427 	2999900477 103427 0 0 0 	3096649 103427 0 	411.858 	3 	188
24202800000000 24202900000091 	3200004086 9393913896 109633 	3199894453 109633 0 0 0 	3280996 109633 0 	411.678 	3 	188
24228400000000 24228500000091 	3400004268 9981239509 115848 	3399888420 115848 0 0 0 	3464482 115848 0 	411.519 	3 	188
24254000000000 24254100000308 	3600004884 10568944248 167305 	3599837579 167305 0 0 0 	5004531 167305 0 	415.908 	3 	188
24279600000000 24279700000308 	3800005500 11156623693 217951 	3799787549 217951 0 0 0 	6522177 217951 0 	419.914 	3 	188
24305200000000 24305300000308 	4000006116 11744310163 267940 	3999738176 267940 0 0 0 	8016025 267940 0 	423.587 	3 	188
24330800000000 24330900000308 	4200006732 12332066728 317625 	4199689107 317625 0 0 0 	9488632 317625 0 	426.965 	3 	188
24356400000000 24356500000308 	4400007348 12919809099 366542 	4399640806 366542 0 0 0 	10944449 366542 0 	430.084 	3 	188
24382000000000 24382100000308 	4600007964 13507561150 415008 	4599592956 415008 0 0 0 	12384020 415008 0 	432.971 	3 	188
24407600000000 24407700000308 	4800008580 14095354593 463443 	4799545137 463443 0 0 0 	13823363 463443 0 	435.652 	3 	188
24433200000000 24433300000308 	5000009196 14683161200 511082 	4999498114 511082 0 0 0 	15236180 511082 0 	438.148 	3 	188
24458800000000 24458900000152 	5200009500 15270966193 558619 	5199450881 558619 0 0 0 	16658176 558619 0 	440.361 	3 	188
24484400000000 24484500000152 	5400009804 15858818581 605852 	5399403952 605852 0 0 0 	18082098 605852 0 	442.43 	3 	188
24510000000000 24510100000152 	5600010108 16446681142 652404 	5599357704 652404 0 0 0 	19474933 652404 0 	444.369 	3 	188
24535600000000 24535700000152 	5800010412 17034512191 698524 	5799311888 698524 0 0 0 	20848473 698524 0 	446.189 	3 	188
24561200000000 24561300000152 	6000010716 17622407253 744399 	5999266317 744399 0 0 0 	22228277 744399 0 	447.902 	3 	188
24586800000000 24586900000152 	6200011020 18210337547 789820 	6199221200 789820 0 0 0 	23579411 789820 0 	449.516 	3 	188
24612400000000 24612500000152 	6400011324 18798233679 834774 	6399176550 834774 0 0 0 	24927166 834774 0 	451.039 	3 	188
24638000000000 24638100000000 	6600011324 19386154629 879664 	6599131660 879664 0 0 0 	26259555 879664 0 	452.382 	3 	188
24663600000000 24663700000000 	6800011324 19974128780 923903 	6799087421 923903 0 0 0 	27576045 923903 0 	453.652 	3 	188
24689200000000 24689300000000 	7000011324 20562046707 968208 	6999043116 968208 0 0 0 	28895647 968208 0 	454.857 	3 	188
24714800000000 24714900000000 	7200011324 21150026114 1011797 	7198999527 1011797 0 0 0 	30197132 1011797 0 	456.001 	3 	188
24740400000000 24740500000000 	7400011324 21738025979 1055078 	7398956246 1055078 0 0 0 	31486596 1055078 0 	457.088 	3 	188
24766000000000 24766100000000 	7600011324 22326029097 1098152 	7598913172 1098152 0 0 0 	32765070 1098152 0 	458.123 	3 	188
24791600000000 24791700000000 	7800011324 22914108866 1140555 	7798870769 1140555 0 0 0 	34029466 1140555 0 	459.108 	3 	188
24817200000000 24817300000048 	8000011420 23502199614 1182552 	7998828868 1182552 0 0 0 	35280629 1182552 0 	459.964 	3 	188
24842800000000 24842900000048 	8200011516 24090198650 1224181 	8198787335 1224181 0 0 0 	36516427 1224181 0 	460.78 	3 	188
24868400000000 24868500000048 	8400011612 24678252164 1265294 	8398746318 1265294 0 0 0 	37752037 1265294 0 	461.561 	3 	188
24894000000000 24894100000048 	8600011708 25266310380 1305897 	8598705811 1305897 0 0 0 	38957114 1305897 0 	462.307 	3 	188
24919600000000 24919700000048 	8800011804 25854399090 1346504 	8798665300 1346504 0 0 0 	40172538 1346504 0 	463.022 	3 	188
24945200000000 24945300000048 	9000011900 26442514335 1386446 	8998625454 1386446 0 0 0 	41359910 1386446 0 	463.707 	3 	188
24970800000000 24970900000048 	9200011996 27030710977 1426371 	9198585625 1426371 0 0 0 	42558254 1426371 0 	464.364 	3 	188
24996400000000 24996500000048 	9400012092 27618846492 1466009 	9398546083 1466009 0 0 0 	43744456 1466009 0 	464.995 	3 	188
25022000000000 25022100000476 	9600013044 28207025861 1505165 	9598507879 1505165 0 0 0 	44916521 1505165 0 	465.528 	3 	188
25047600000000 25047700000476 	9800013996 28795205511 1544121 	9798469875 1544121 0 0 0 	46081718 1544121 0 	466.039 	3 	188
25073200000000 25073300000476 	10000014948 29383429968 1582653 	9998432295 1582653 0 0 0 	47229974 1582653 0 	466.532 	3 	188
25098800000000 25098900000476 	10200015900 29971657109 1620641 	10198395259 1620641 0 0 0 	48357749 1620641 0 	467.006 	3 	188
25124400000000 25124500000476 	10400016852 30559938942 1658464 	10398358388 1658464 0 0 0 	49481769 1658464 0 	467.462 	3 	188
25150000000000 25150100000476 	10600017804 31148286769 1695565 	10598322239 1695565 0 0 0 	50594110 1695565 0 	467.903 	3 	188
25175600000000 25175700000476 	10800018756 31736510833 1732781 	10798285975 1732781 0 0 0 	51711161 1732781 0 	468.328 	3 	188
25201200000000 25201300000011 	11000018778 32324792638 1770003 	10998248775 1770003 0 0 0 	52817996 1770003 0 	468.688 	3 	188
25226800000000 25226900000011 	11200018800 32913083003 1806515 	11198212285 1806515 0 0 0 	53904263 1806515 0 	469.036 	3 	188
25252400000000 25252500000011 	11400018822 33501422752 1843041 	11398175781 1843041 0 0 0 	54994700 1843041 0 	469.372 	3 	188
25278000000000 25278100000011 	11600018844 34089742145 1878770 	11598140074 1878770 0 0 0 	56063413 1878770 0 	469.697 	3 	188
25303600000000 25303700000011 	11800018866 34678093503 1914717 	11798104149 1914717 0 0 0 	57141762 1914717 0 	470.011 	3 	188
25329200000000 25329300000011 	12000018888 35266459954 1950072 	11998068816 1950072 0 0 0 	58189291 1950072 0 	470.316 	3 	188
25354800000000 25354900000011 	12200018910 35854841681 1984908 	12198034002 1984908 0 0 0 	59227517 1984908 0 	470.611 	3 	188
25380400000000 25380500000007 	12400018924 36443251733 2019486 	12397999438 2019486 0 0 0 	60259233 2019486 0 	470.885 	3 	188
25406000000000 25406100000210 	12600019344 37031641023 2054150 	12597965194 2054150 0 0 0 	61288514 2054150 0 	471.102 	3 	188
25431600000000 25431700000210 	12800019764 37620129716 2088438 	12797931326 2088438 0 0 0 	62312044 2088438 0 	471.313 	3 	188
25457200000000 25457300000210 	13000020184 38208608298 2122527 	12997897657 2122527 0 0 0 	63330541 2122527 0 	471.518 	3 	188
25482800000000 25482900000210 	13200020604 38797119243 2156120 	13197864484 2156120 0 0 0 	64336926 2156120 0 	471.717 	3 	188
25508400000000 25508500000210 	13400021024 39385607026 2189252 	13397831772 2189252 0 0 0 	65328741 2189252 0 	471.91 	3 	188
25534000000000 25534100000210 	13600021444 39974116419 2222336 	13597799108 2222336 0 0 0 	66316859 2222336 0 	472.097 	3 	188
25559600000000 25559700000210 	13800021864 40562641029 2255169 	13797766695 2255169 0 0 0 	67290539 2255169 0 	472.279 	3 	188
25585200000000 25585300000381 	14000022626 41151173562 2287689 	13997734937 2287689 0 0 0 	68260036 2287689 0 	472.401 	3 	188
25610800000000 25610900000381 	14200023388 41739796853 2319916 	14197703472 2319916 0 0 0 	69223516 2319916 0 	472.52 	3 	188
25636400000000 25636500000381 	14400024150 42328384360 2351869 	14397672281 2351869 0 0 0 	70177460 2351869 0 	472.636 	3 	188
25662000000000 25662100000381 	14600024912 42917002006 2383659 	14597641253 2383659 0 0 0 	71127615 2383659 0 	472.749 	3 	188
25687600000000 25687700000381 	14800025674 43505652038 2415514 	14797610160 2415514 0 0 0 	72083790 2415514 0 	472.858 	3 	188
25713200000000 25713300000381 	15000026436 44094283659 2446344 	14997580092 2446344 0 0 0 	73009831 2446344 0 	472.965 	3 	188
25738800000000 25738900000381 	15200027198 44682905476 2477304 	15197549894 2477304 0 0 0 	73929366 2477304 0 	473.069 	3 	188
25764400000000 25764500000468 	15400028134 45271542060 2507742 	15397520392 2507742 0 0 0 	74834796 2507742 0 	473.132 	3 	188
25790000000000 25790100000468 	15600029070 45860204800 2538054 	15597491016 2538054 0 0 0 	75740180 2538054 0 	473.194 	3 	188
25815600000000 25815700000468 	15800030006 46448872103 2568030 	15797461976 2568030 0 0 0 	76638359 2568030 0 	473.254 	3 	188
25841200000000 25841300000468 	16000030942 47037591621 2597664 	15997433278 2597664 0 0 0 	77529933 2597664 0 	473.313 	3 	188
25866800000000 25866900000468 	16200031878 47626309191 2627309 	16197404569 2627309 0 0 0 	78412388 2627309 0 	473.37 	3 	188
25892400000000 25892500000468 	16400032814 48215016135 2656588 	16397376226 2656588 0 0 0 	79288734 2656588 0 	473.426 	3 	188
25918000000000 25918100000468 	16600033750 48803814045 2685954 	16597347796 2685954 0 0 0 	80167449 2685954 0 	473.481 	3 	188
25943600000000 25943700000468 	16800034686 49392631590 2714664 	16797320022 2714664 0 0 0 	81033350 2714664 0 	473.534 	3 	188
25969200000000 25969300000254 	17000035194 49981428899 2743064 	16997292130 2743064 0 0 0 	81884981 2743064 0 	473.54 	3 	188
25994800000000 25994900000254 	17200035702 50570246753 2771117 	17197264585 2771117 0 0 0 	82730478 2771117 0 	473.545 	3 	188
26020400000000 26020500000254 	17400036210 51159126703 2799110 	17397237100 2799110 0 0 0 	83564918 2799110 0 	473.55 	3 	188
26046000000000 26046100000254 	17600036718 51747977628 2827064 	17597209654 2827064 0 0 0 	84398957 2827064 0 	473.555 	3 	188
26071600000000 26071700000254 	17800037226 52336804243 2854827 	17797182399 2854827 0 0 0 	85229219 2854827 0 	473.56 	3 	188
26097200000000 26097300000254 	18000037734 52925671831 2882298 	17997155436 2882298 0 0 0 	86048889 2882298 0 	473.565 	3 	188
26122800000000 26122900000254 	18200038242 53514552633 2909194 	18197129048 2909194 0 0 0 	86855118 2909194 0 	473.57 	3 	188
26148400000000 26148500000365 	18400038972 54103440334 2935951 	18397103021 2935951 0 0 0 	87650025 2935951 0 	473.542 	3 	188
26174000000000 26174100000365 	18600039702 54692342028 2962593 	18597077109 2962593 0 0 0 	88446655 2962593 0 	473.514 	3 	188
26199600000000 26199700000365 	18800040432 55281312924 2989127 	18797051305 2989127 0 0 0 	89232840 2989127 0 	473.488 	3 	188
26225200000000 26225300000365 	19000041162 55870248068 3015496 	18997025666 3015496 0 0 0 	90019341 3015496 0 	473.461 	3 	188
26250800000000 26250900000365 	19200041892 56459205886 3041460 	19197000432 3041460 0 0 0 	90797701 3041460 0 	473.436 	3 	188
