23823900000000 23824000000044 	200000088 586959767 7387 	199992701 7387 0 0 0 	216548 7387 0 	414 	3 	239
23849500000000 23849600000044 	400000176 1173955603 14523 	399985653 14523 0 0 0 	426905 14523 0 	414 	3 	239
23875100000000 23875200000044 	600000264 1760977841 21756 	599978508 21756 0 0 0 	643216 21756 0 	414 	3 	239
23900700000000 23900800000044 	800000352 2347999442 28967 	799971385 28967 0 0 0 	859936 28967 0 	414 	3 	239
23926300000000 23926400000044 	1000000440 2934982012 36027 	999964413 36027 0 0 0 	1070466 36027 0 	414 	3 	239
23951900000000 23952000000228 	1200000896 3522092411 42942 	1199957954 42942 0 0 0 	1275618 42942 0 	413.665 	3 	239
23977500000000 23977600000228 	1400001352 4109168779 49787 	1399951565 49787 0 0 0 	1479647 49787 0 	413.427 	3 	239
24003100000000 24003200000228 	1600001808 4696228571 56692 	1599945116 56692 0 0 0 	1680351 56692 0 	413.248 	3 	239
24028700000000 24028800000228 	1800002264 5283380806 63426 	1799938838 63426 0 0 0 	1878397 63426 0 	413.109 	3 	239
24054300000000 24054400000228 	2000002720 5870581496 70213 	1999932507 70213 0 0 0 	2079929 70213 0 	412.998 	3 	239
24079900000000 24080000000228 	2200003176 6457780206 76709 	2199926467 76709 0 0 0 	2273304 76709 0 	412.907 	3 	239
24105500000000 24105600000091 	2400003358 7044996744 83224 	2399920134 83224 0 0 0 	2468647 83224 0 	412.578 	3 	239
24131100000000 24131200000091 	2600003540 7632206645 89783 	2599913757 89783 0 0 0 	2665331 89783 0 	412.301 	3 	239
24156700000000 24156800000091 	2800003722 8219443950 96271 	2799907451 96271 0 0 0 	2861520 96271 0 	412.063 	3 	239
24182300000000 24182400000091 	3000003904 8806714783 102477 	2999901427 102477 0 0 0 	3047467 102477 0 	411.858 	3 	239
24207900000000 24208000000091 	3200004086 9394006278 108678 	3199895408 108678 0 0 0 	3231196 108678 0 	411.678 	3 	239
24233500000000 24233600000091 	3400004268 9981328082 114847 	3399889421 114847 0 0 0 	3411415 114847 0 	411.519 	3 	239
24259100000000 24259200000308 	3600004884 10568994733 165518 	3599839366 165518 0 0 0 	4917085 165518 0 	415.908 	3 	239
24284700000000 24284800000308 	3800005500 11156710510 215746 	3799789754 215746 0 0 0 	6412240 215746 0 	419.914 	3 	239
24310300000000 24310400000308 	4000006116 11744449805 265913 	3999740203 265913 0 0 0 	7903467 265913 0 	423.587 	3 	239
24335900000000 24336000000308 	4200006732 12332174232 315453 	4199691279 315453 0 0 0 	9375047 315453 0 	426.965 	3 	239
24361500000000 24361600000308 	4400007348 12919902747 364566 	4399642782 364566 0 0 0 	10843849 364566 0 	430.084 	3 	239
24387100000000 24387200000308 	4600007964 13507655926 413356 	4599594608 413356 0 0 0 	12289233 413356 0 	432.971 	3 	239
24412700000000 24412800000308 	4800008580 14095456761 461376 	4799547204 461376 0 0 0 	13719596 461376 0 	435.652 	3 	239
24438300000000 24438400000152 	5000008884 14683211226 509189 	4999499695 509189 0 0 0 	15150562 509189 0 	438.028 	3 	239
24463900000000 24464000000152 	5200009188 15271006381 556364 	5199452824 556364 0 0 0 	16556171 556364 0 	440.244 	3 	239
24489500000000 24489600000152 	5400009492 15858858068 603083 	5399406409 603083 0 0 0 	17956619 603083 0 	442.317 	3 	239
24515100000000 24515200000152 	5600009796 16446677023 649658 	5599360138 649658 0 0 0 	19344067 649658 0 	444.259 	3 	239
24540700000000 24540800000152 	5800010100 17034526352 695749 	5799314351 695749 0 0 0 	20709710 695749 0 	446.082 	3 	239
24566300000000 24566400000152 	6000010404 17622356563 741810 	5999268594 741810 0 0 0 	22081882 741810 0 	447.797 	3 	239
24591900000000 24592000000152 	6200010708 18210241684 787498 	6199223210 787498 0 0 0 	23436815 787498 0 	449.414 	3 	239
24617500000000 24617600000152 	6400011012 18798094745 832238 	6399178774 832238 0 0 0 	24757064 832238 0 	450.94 	3 	239
24643100000000 24643200000000 	6600011012 19386012347 876984 	6599134028 876984 0 0 0 	26087983 876984 0 	452.285 	3 	239
24668700000000 24668800000000 	6800011012 19973991695 921012 	6799090000 921012 0 0 0 	27397023 921012 0 	453.558 	3 	239
24694300000000 24694400000000 	7000011012 20561910265 964490 	6999046522 964490 0 0 0 	28690869 964490 0 	454.765 	3 	239
24719900000000 24720000000000 	7200011012 21149845193 1007769 	7199003243 1007769 0 0 0 	29976016 1007769 0 	455.91 	3 	239
24745500000000 24745600000000 	7400011012 21737774391 1050974 	7398960038 1050974 0 0 0 	31262332 1050974 0 	457 	3 	239
24771100000000 24771200000000 	7600011012 22325764687 1093570 	7598917442 1093570 0 0 0 	32530430 1093570 0 	458.036 	3 	239
24796700000000 24796800000000 	7800011012 22913787985 1135779 	7798875233 1135779 0 0 0 	33788468 1135779 0 	459.024 	3 	239
24822300000000 24822400000048 	8000011108 23501816783 1177482 	7998833626 1177482 0 0 0 	35043388 1177482 0 	459.881 	3 	239
24847900000000 24848000000048 	8200011204 24089870443 1218718 	8198792486 1218718 0 0 0 	36275252 1218718 0 	460.699 	3 	239
24873500000000 24873600000048 	8400011300 24677947058 1260011 	8398751289 1260011 0 0 0 	37510220 1260011 0 	461.481 	3 	239
24899100000000 24899200000048 	8600011396 25266071854 1300901 	8598710495 1300901 0 0 0 	38731280 1300901 0 	462.229 	3 	239
24924700000000 24924800000048 	8800011492 25854188846 1341737 	8798669755 1341737 0 0 0 	39948345 1341737 0 	462.946 	3 	239
24950300000000 24950400000048 	9000011588 26442348971 1382013 	8998629575 1382013 0 0 0 	41152141 1382013 0 	463.632 	3 	239
24975900000000 24976000000048 	9200011684 27030480335 1421661 	9198590023 1421661 0 0 0 	42334356 1421661 0 	464.291 	3 	239
25001500000000 25001600000048 	9400011780 27618634321 1461338 	9398550442 1461338 0 0 0 	43514766 1461338 0 	464.923 	3 	239
25027100000000 25027200000476 	9600012732 28206813048 1500429 	9598512303 1500429 0 0 0 	44675719 1500429 0 	465.457 	3 	239
25052700000000 25052800000476 	9800013684 28795045376 1539252 	9798474432 1539252 0 0 0 	45832978 1539252 0 	465.97 	3 	239
25078300000000 25078400000476 	10000014636 29383293319 1577428 	9998437208 1577428 0 0 0 	46972266 1577428 0 	466.464 	3 	239
25103900000000 25104000000476 	10200015588 29971497867 1615573 	10198400015 1615573 0 0 0 	48120349 1615573 0 	466.939 	3 	239
25129500000000 25129600000476 	10400016540 30559717063 1653319 	10398363221 1653319 0 0 0 	49239427 1653319 0 	467.397 	3 	239
25155100000000 25155200000476 	10600017492 31147969247 1690834 	10598326658 1690834 0 0 0 	50358345 1690834 0 	467.838 	3 	239
25180700000000 25180800000476 	10800018444 31736210312 1728196 	10798290248 1728196 0 0 0 	51474924 1728196 0 	468.264 	3 	239
25206300000000 25206400000011 	11000018466 32324453723 1764964 	10998253502 1764964 0 0 0 	52565318 1764964 0 	468.625 	3 	239
25231900000000 25232000000011 	11200018488 32912716841 1801208 	11198217280 1801208 0 0 0 	53640305 1801208 0 	468.974 	3 	239
25257500000000 25257600000011 	11400018510 33501073745 1837558 	11398180952 1837558 0 0 0 	54735872 1837558 0 	469.312 	3 	239
25283100000000 25283200000011 	11600018532 34089348464 1873364 	11598145168 1873364 0 0 0 	55804730 1873364 0 	469.638 	3 	239
25308700000000 25308800000011 	11800018554 34677692751 1909202 	11798109352 1909202 0 0 0 	56876068 1909202 0 	469.953 	3 	239
25334300000000 25334400000011 	12000018576 35266075465 1944596 	11998073980 1944596 0 0 0 	57933217 1944596 0 	470.258 	3 	239
25359900000000 25360000000011 	12200018598 35854470764 1979578 	12198039020 1979578 0 0 0 	58972396 1979578 0 	470.554 	3 	239
25385500000000 25385600000210 	12400019018 36442897188 2014452 	12398004566 2014452 0 0 0 	60011804 2014452 0 	470.78 	3 	239
25411100000000 25411200000210 	12600019438 37031298110 2048774 	12597970664 2048774 0 0 0 	61039599 2048774 0 	470.999 	3 	239
25436700000000 25436800000210 	12800019858 37619724869 2082870 	12797936988 2082870 0 0 0 	62066246 2082870 0 	471.212 	3 	239
25462300000000 25462400000210 	13000020278 38208155577 2116643 	12997903635 2116643 0 0 0 	63078723 2116643 0 	471.418 	3 	239
25487900000000 25488000000210 	13200020698 38796687103 2150383 	13197870315 2150383 0 0 0 	64094769 2150383 0 	471.618 	3 	239
25513500000000 25513600000210 	13400021118 39385171533 2183750 	13397837368 2183750 0 0 0 	65089978 2183750 0 	471.812 	3 	239
25539100000000 25539200000210 	13600021538 39973706876 2216851 	13597804687 2216851 0 0 0 	66070604 2216851 0 	472.001 	3 	239
25564700000000 25564800000210 	13800021958 40562267925 2249895 	13797772063 2249895 0 0 0 	67048892 2249895 0 	472.185 	3 	239
25590300000000 25590400000381 	14000022720 41150805588 2282625 	13997740095 2282625 0 0 0 	68026142 2282625 0 	472.308 	3 	239
25615900000000 25616000000381 	14200023482 41739317381 2314902 	14197708580 2314902 0 0 0 	68994316 2314902 0 	472.428 	3 	239
25641500000000 25641600000381 	14400024244 42327900236 2346706 	14397677538 2346706 0 0 0 	69943132 2346706 0 	472.545 	3 	239
25667100000000 25667200000381 	14600025006 42916474535 2378461 	14597646545 2378461 0 0 0 	70897604 2378461 0 	472.659 	3 	239
25692700000000 25692800000381 	14800025768 43505113917 2409871 	14797615897 2409871 0 0 0 	71831618 2409871 0 	472.77 	3 	239
25718300000000 25718400000381 	15000026530 44093709485 2440863 	14997585667 2440863 0 0 0 	72759511 2440863 0 	472.878 	3 	239
25743900000000 25744000000381 	15200027292 44682340604 2471645 	15197555647 2471645 0 0 0 	73668407 2471645 0 	472.983 	3 	239
25769500000000 25769600000468 	15400028228 45271024715 2502380 	15397525848 2502380 0 0 0 	74587261 2502380 0 	473.047 	3 	239
25795100000000 25795200000468 	15600029164 45859761857 2532774 	15597496390 2532774 0 0 0 	75505232 2532774 0 	473.11 	3 	239
25820700000000 25820800000468 	15800030100 46448433585 2562658 	15797467442 2562658 0 0 0 	76398968 2562658 0 	473.172 	3 	239
25846300000000 25846400000468 	16000031036 47037148790 2592229 	15997438807 2592229 0 0 0 	77289083 2592229 0 	473.231 	3 	239
25871900000000 25872000000468 	16200031972 47625898033 2621671 	16197410301 2621671 0 0 0 	78177006 2621671 0 	473.29 	3 	239
25897500000000 25897600000468 	16400032908 48214599160 2650720 	16397382188 2650720 0 0 0 	79051312 2650720 0 	473.346 	3 	239
25923100000000 25923200000468 	16600033844 48803304392 2679294 	16597354550 2679294 0 0 0 	79903746 2679294 0 	473.402 	3 	239
25948700000000 25948800000240 	16800034324 49392012585 2707991 	16797326333 2707991 0 0 0 	80758674 2707991 0 	473.409 	3 	239
25974300000000 25974400000254 	17000034832 49980745207 2736649 	16997298183 2736649 0 0 0 	81614567 2736649 0 	473.416 	3 	239
25999900000000 26000000000254 	17200035340 50569558437 2764784 	17197270556 2764784 0 0 0 	82453975 2764784 0 	473.423 	3 	239
26025500000000 26025600000254 	17400035848 51158406765 2793044 	17397242804 2793044 0 0 0 	83300863 2793044 0 	473.43 	3 	239
26051100000000 26051200000254 	17600036356 51747288913 2820966 	17597215390 2820966 0 0 0 	84135560 2820966 0 	473.436 	3 	239
26076700000000 26076800000254 	17800036864 52336165929 2848448 	17797188416 2848448 0 0 0 	84953289 2848448 0 	473.442 	3 	239
26102300000000 26102400000254 	18000037372 52925052639 2875711 	17997161661 2875711 0 0 0 	85764479 2875711 0 	473.449 	3 	239
26127900000000 26128000000254 	18200037880 53513987466 2902673 	18197135207 2902673 0 0 0 	86565443 2902673 0 	473.455 	3 	239
26153500000000 26153600000365 	18400038610 54102882953 2929521 	18397109089 2929521 0 0 0 	87370337 2929521 0 	473.428 	3 	239
26179100000000 26179200000365 	18600039340 54691814681 2955989 	18597083351 2955989 0 0 0 	88161366 2955989 0 	473.402 	3 	239
26204700000000 26204800000365 	18800040070 55280719651 2982082 	18797057988 2982082 0 0 0 	88933473 2982082 0 	473.376 	3 	239
26230300000000 26230400000365 	19000040800 55869719690 3008499 	18997032301 3008499 0 0 0 	89723215 3008499 0 	473.351 	3 	239
26255900000000 26256000000365 	19200041530 56458750498 3034497 	19197007033 3034497 0 0 0 	90497161 3034497 0 	473.326 	3 	239
