23824300000000 23824400000044 	200000088 586968762 7351 	199992737 7351 0 0 0 	218296 7351 0 	414 	3 	243
23849900000000 23850000000044 	400000176 1173940001 14581 	399985595 14581 0 0 0 	435821 14581 0 	414 	3 	243
23875500000000 23875600000044 	600000264 1760932726 21627 	599978637 21627 0 0 0 	641338 21627 0 	414 	3 	243
23901100000000 23901200000044 	800000352 2348029425 28743 	799971609 28743 0 0 0 	851795 28743 0 	414 	3 	243
23926700000000 23926800000044 	1000000440 2935137716 35778 	999964662 35778 0 0 0 	1059402 35778 0 	414 	3 	243
23952300000000 23952400000228 	1200000896 3522200590 42799 	1199958097 42799 0 0 0 	1264158 42799 0 	413.665 	3 	243
23977900000000 23978000000228 	1400001352 4109338442 49815 	1399951537 49815 0 0 0 	1473522 49815 0 	413.427 	3 	243
24003500000000 24003600000228 	1600001808 4696464228 56816 	1599944992 56816 0 0 0 	1681958 56816 0 	413.248 	3 	243
24029100000000 24029200000228 	1800002264 5283555846 63634 	1799938630 63634 0 0 0 	1885281 63634 0 	413.109 	3 	243
24054700000000 24054800000228 	2000002720 5870704477 70170 	1999932550 70170 0 0 0 	2080532 70170 0 	412.998 	3 	243
24080300000000 24080400000228 	2200003176 6457864583 76791 	2199926385 76791 0 0 0 	2279657 76791 0 	412.907 	3 	243
24105900000000 24106000000091 	2400003358 7045044950 83337 	2399920021 83337 0 0 0 	2475050 83337 0 	412.578 	3 	243
24131500000000 24131600000091 	2600003540 7632293305 89772 	2599913768 89772 0 0 0 	2664544 89772 0 	412.301 	3 	243
24157100000000 24157200000091 	2800003722 8219500503 96171 	2799907551 96171 0 0 0 	2854717 96171 0 	412.063 	3 	243
24182700000000 24182800000091 	3000003904 8806778033 102555 	2999901349 102555 0 0 0 	3043528 102555 0 	411.858 	3 	243
24208300000000 24208400000091 	3200004086 9394055789 108853 	3199895233 108853 0 0 0 	3233519 108853 0 	411.678 	3 	243
24233900000000 24234000000091 	3400004268 9981312466 115176 	3399889092 115176 0 0 0 	3420794 115176 0 	411.519 	3 	243
24259500000000 24259600000308 	3600004884 10569034792 166114 	3599838770 166114 0 0 0 	4934919 166114 0 	415.908 	3 	243
24285100000000 24285200000308 	3800005500 11156721787 216212 	3799789288 216212 0 0 0 	6432973 216212 0 	419.914 	3 	243
24310700000000 24310800000308 	4000006116 11744380807 266209 	3999739907 266209 0 0 0 	7928354 266209 0 	423.587 	3 	243
24336300000000 24336400000308 	4200006732 12332072000 315487 	4199691245 315487 0 0 0 	9398002 315487 0 	426.965 	3 	243
24361900000000 24362000000308 	4400007348 12919824141 364411 	4399642937 364411 0 0 0 	10853160 364411 0 	430.084 	3 	243
24387500000000 24387600000308 	4600007964 13507617377 412872 	4599595092 412872 0 0 0 	12297749 412872 0 	432.971 	3 	243
24413100000000 24413200000308 	4800008580 14095428933 461086 	4799547494 461086 0 0 0 	13733796 461086 0 	435.652 	3 	243
24438700000000 24438800000152 	5000008884 14683239078 508791 	4999500093 508791 0 0 0 	15142209 508791 0 	438.028 	3 	243
24464300000000 24464400000152 	5200009188 15271028701 556109 	5199453079 556109 0 0 0 	16554889 556109 0 	440.244 	3 	243
24489900000000 24490000000152 	5400009492 15858845457 603214 	5399406278 603214 0 0 0 	17953996 603214 0 	442.317 	3 	243
24515500000000 24515600000152 	5600009796 16446698412 649931 	5599359865 649931 0 0 0 	19364344 649931 0 	444.259 	3 	243
24541100000000 24541200000152 	5800010100 17034570824 695933 	5799314167 695933 0 0 0 	20734546 695933 0 	446.082 	3 	243
24566700000000 24566800000152 	6000010404 17622417728 742057 	5999268347 742057 0 0 0 	22099077 742057 0 	447.797 	3 	243
24592300000000 24592400000152 	6200010708 18210345513 787216 	6199223492 787216 0 0 0 	23462485 787216 0 	449.414 	3 	243
24617900000000 24618000000152 	6400011012 18798244136 832088 	6399178924 832088 0 0 0 	24792894 832088 0 	450.94 	3 	243
24643500000000 24643600000000 	6600011012 19386190810 876627 	6599134385 876627 0 0 0 	26127305 876627 0 	452.285 	3 	243
24669100000000 24669200000000 	6800011012 19974195201 921243 	6799089769 921243 0 0 0 	27447753 921243 0 	453.558 	3 	243
24694700000000 24694800000000 	7000011012 20562237669 965811 	6999045201 965811 0 0 0 	28782470 965811 0 	454.765 	3 	243
24720300000000 24720400000000 	7200011012 21150278010 1009260 	7199001752 1009260 0 0 0 	30073895 1009260 0 	455.91 	3 	243
24745900000000 24746000000000 	7400011012 21738226866 1052253 	7398958759 1052253 0 0 0 	31348857 1052253 0 	457 	3 	243
24771500000000 24771600000000 	7600011012 22326253701 1094954 	7598916058 1094954 0 0 0 	32631976 1094954 0 	458.036 	3 	243
24797100000000 24797200000000 	7800011012 22914309299 1137311 	7798873701 1137311 0 0 0 	33899524 1137311 0 	459.024 	3 	243
24822700000000 24822800000048 	8000011108 23502378427 1179090 	7998832018 1179090 0 0 0 	35150150 1179090 0 	459.881 	3 	243
24848300000000 24848400000048 	8200011204 24090346930 1220595 	8198790609 1220595 0 0 0 	36386349 1220595 0 	460.699 	3 	243
24873900000000 24874000000048 	8400011300 24678424904 1262184 	8398749116 1262184 0 0 0 	37639858 1262184 0 	461.481 	3 	243
24899500000000 24899600000048 	8600011396 25266510587 1303109 	8598708287 1303109 0 0 0 	38859400 1303109 0 	462.229 	3 	243
24925100000000 24925200000048 	8800011492 25854649668 1343565 	8798667927 1343565 0 0 0 	40064523 1343565 0 	462.946 	3 	243
24950700000000 24950800000048 	9000011588 26442780930 1384123 	8998627465 1384123 0 0 0 	41280433 1384123 0 	463.632 	3 	243
24976300000000 24976400000048 	9200011684 27030929762 1424306 	9198587378 1424306 0 0 0 	42491481 1424306 0 	464.291 	3 	243
25001900000000 25002000000476 	9400012636 27619059782 1463948 	9398548688 1463948 0 0 0 	43671835 1463948 0 	464.848 	3 	243
25027500000000 25027600000476 	9600013588 28207297977 1503412 	9598510176 1503412 0 0 0 	44844400 1503412 0 	465.383 	3 	243
25053100000000 25053200000476 	9800014540 28795509634 1542242 	9798472298 1542242 0 0 0 	46005568 1542242 0 	465.898 	3 	243
25078700000000 25078800000476 	10000015492 29383711949 1580689 	9998434803 1580689 0 0 0 	47157897 1580689 0 	466.392 	3 	243
25104300000000 25104400000476 	10200016444 29971991841 1618963 	10198397481 1618963 0 0 0 	48295550 1618963 0 	466.869 	3 	243
25129900000000 25130000000476 	10400017396 30560236070 1656703 	10398360693 1656703 0 0 0 	49416278 1656703 0 	467.328 	3 	243
25155500000000 25155600000476 	10600018348 31148480775 1694277 	10598324071 1694277 0 0 0 	50531821 1694277 0 	467.771 	3 	243
25181100000000 25181200000476 	10800019300 31736800718 1731771 	10798287529 1731771 0 0 0 	51644231 1731771 0 	468.198 	3 	243
25206700000000 25206800000011 	11000019322 32325079502 1768466 	10998250856 1768466 0 0 0 	52744953 1768466 0 	468.56 	3 	243
25232300000000 25232400000011 	11200019344 32913367383 1804707 	11198214637 1804707 0 0 0 	53834337 1804707 0 	468.91 	3 	243
25257900000000 25258000000011 	11400019366 33501713114 1841134 	11398178232 1841134 0 0 0 	54912606 1841134 0 	469.248 	3 	243
25283500000000 25283600000011 	11600019388 34090007308 1877039 	11598142349 1877039 0 0 0 	55981141 1877039 0 	469.575 	3 	243
25309100000000 25309200000011 	11800019410 34678334366 1912825 	11798106585 1912825 0 0 0 	57057859 1912825 0 	469.892 	3 	243
25334700000000 25334800000011 	12000019432 35266666699 1947962 	11998071470 1947962 0 0 0 	58109305 1947962 0 	470.198 	3 	243
25360300000000 25360400000011 	12200019454 35855058469 1983202 	12198036252 1983202 0 0 0 	59158769 1983202 0 	470.494 	3 	243
25385900000000 25386000000210 	12400019874 36443410260 2017939 	12398001935 2017939 0 0 0 	60193960 2017939 0 	470.721 	3 	243
25411500000000 25411600000210 	12600020294 37031795996 2052298 	12597967996 2052298 0 0 0 	61221967 2052298 0 	470.942 	3 	243
25437100000000 25437200000210 	12800020714 37620283592 2086524 	12797934190 2086524 0 0 0 	62234972 2086524 0 	471.155 	3 	243
25462700000000 25462800000210 	13000021134 38208757148 2120351 	12997900783 2120351 0 0 0 	63248540 2120351 0 	471.362 	3 	243
25488300000000 25488400000210 	13200021554 38797240734 2153755 	13197867799 2153755 0 0 0 	64239958 2153755 0 	471.563 	3 	243
25513900000000 25514000000210 	13400021974 39385765545 2186845 	13397835129 2186845 0 0 0 	65230464 2186845 0 	471.758 	3 	243
25539500000000 25539600000210 	13600022394 39974283789 2219523 	13597802871 2219523 0 0 0 	66203537 2219523 0 	471.947 	3 	243
25565100000000 25565200000210 	13800022814 40562854120 2252378 	13797770436 2252378 0 0 0 	67185390 2252378 0 	472.132 	3 	243
25590700000000 25590800000381 	14000023576 41151342361 2284995 	13997738581 2284995 0 0 0 	68163279 2284995 0 	472.256 	3 	243
25616300000000 25616400000381 	14200024338 41739879663 2317652 	14197706686 2317652 0 0 0 	69140014 2317652 0 	472.377 	3 	243
25641900000000 25642000000381 	14400025100 42328512334 2349467 	14397675633 2349467 0 0 0 	70090325 2349467 0 	472.495 	3 	243
25667500000000 25667600000381 	14600025862 42917137703 2381207 	14597644655 2381207 0 0 0 	71043842 2381207 0 	472.609 	3 	243
25693100000000 25693200000381 	14800026624 43505712248 2412485 	14797614139 2412485 0 0 0 	71986159 2412485 0 	472.72 	3 	243
25718700000000 25718800000381 	15000027386 44094290790 2443844 	14997583542 2443844 0 0 0 	72934926 2443844 0 	472.829 	3 	243
25744300000000 25744400000381 	15200028148 44682917917 2474802 	15197553346 2474802 0 0 0 	73864645 2474802 0 	472.935 	3 	243
25769900000000 25770000000468 	15400029084 45271590180 2505173 	15397523911 2505173 0 0 0 	74770229 2505173 0 	473 	3 	243
25795500000000 25795600000468 	15600030020 45860154839 2535189 	15597494831 2535189 0 0 0 	75677468 2535189 0 	473.063 	3 	243
25821100000000 25821200000468 	15800030956 46448894289 2565220 	15797465736 2565220 0 0 0 	76574472 2565220 0 	473.125 	3 	243
25846700000000 25846800000468 	16000031892 47037598451 2594962 	15997436930 2594962 0 0 0 	77459846 2594962 0 	473.185 	3 	243
25872300000000 25872400000468 	16200032828 47626377120 2624952 	16197407876 2624952 0 0 0 	78360304 2624952 0 	473.244 	3 	243
25897900000000 25898000000468 	16400033764 48215119229 2654147 	16397379617 2654147 0 0 0 	79230440 2654147 0 	473.302 	3 	243
25923500000000 25923600000468 	16600034700 48803912850 2683270 	16597351430 2683270 0 0 0 	80104041 2683270 0 	473.358 	3 	243
25949100000000 25949200000254 	16800035208 49392622323 2711840 	16797323368 2711840 0 0 0 	80953894 2711840 0 	473.365 	3 	243
25974700000000 25974800000254 	17000035716 49981421068 2740297 	16997295419 2740297 0 0 0 	81808104 2740297 0 	473.373 	3 	243
26000300000000 26000400000254 	17200036224 50570243309 2768370 	17197267854 2768370 0 0 0 	82641153 2768370 0 	473.38 	3 	243
26025900000000 26026000000254 	17400036732 51159085106 2796495 	17397240237 2796495 0 0 0 	83483315 2796495 0 	473.387 	3 	243
26051500000000 26051600000254 	17600037240 51747941210 2824218 	17597213022 2824218 0 0 0 	84311218 2824218 0 	473.394 	3 	243
26077100000000 26077200000254 	17800037748 52336802100 2851711 	17797186037 2851711 0 0 0 	85137312 2851711 0 	473.401 	3 	243
26102700000000 26102800000254 	18000038256 52925671756 2879247 	17997159009 2879247 0 0 0 	85965186 2879247 0 	473.408 	3 	243
26128300000000 26128400000254 	18200038764 53514557051 2906333 	18197132431 2906333 0 0 0 	86776394 2906333 0 	473.414 	3 	243
26153900000000 26154000000365 	18400039494 54103429750 2933390 	18397106104 2933390 0 0 0 	87576605 2933390 0 	473.388 	3 	243
26179500000000 26179600000365 	18600040224 54692371531 2959776 	18597080448 2959776 0 0 0 	88363848 2959776 0 	473.362 	3 	243
26205100000000 26205200000365 	18800040954 55281287935 2986210 	18797054744 2986210 0 0 0 	89155645 2986210 0 	473.337 	3 	243
26230700000000 26230800000365 	19000041684 55870219442 3012313 	18997029371 3012313 0 0 0 	89940044 3012313 0 	473.312 	3 	243
26256300000000 26256400000365 	19200042414 56459244843 3038095 	19197004319 3038095 0 0 0 	90708035 3038095 0 	473.288 	3 	243
