23825400000000 23825500000044 	200000088 586957657 7427 	199992661 7427 0 0 0 	222588 7427 0 	414 	3 	254
23851000000000 23851100000044 	400000176 1173960955 14576 	399985600 14576 0 0 0 	429696 14576 0 	414 	3 	254
23876600000000 23876700000044 	600000264 1760959292 21802 	599978462 21802 0 0 0 	643583 21802 0 	414 	3 	254
23902200000000 23902300000044 	800000352 2347972973 28925 	799971427 28925 0 0 0 	856219 28925 0 	414 	3 	254
23927800000000 23927900000044 	1000000440 2935037217 36163 	999964277 36163 0 0 0 	1071329 36163 0 	414 	3 	254
23953400000000 23953500000228 	1200000896 3522115273 43088 	1199957808 43088 0 0 0 	1278751 43088 0 	413.665 	3 	254
23979000000000 23979100000228 	1400001352 4109182737 50110 	1399951242 50110 0 0 0 	1483876 50110 0 	413.427 	3 	254
24004600000000 24004700000228 	1600001808 4696292244 56911 	1599944897 56911 0 0 0 	1682470 56911 0 	413.248 	3 	254
24030200000000 24030300000228 	1800002264 5283424478 63685 	1799938579 63685 0 0 0 	1883846 63685 0 	413.109 	3 	254
24055800000000 24055900000228 	2000002720 5870580122 70408 	1999932312 70408 0 0 0 	2089295 70408 0 	412.998 	3 	254
24081400000000 24081500000228 	2200003176 6457743112 77120 	2199926056 77120 0 0 0 	2290096 77120 0 	412.907 	3 	254
24107000000000 24107100000091 	2400003358 7044950545 83632 	2399919726 83632 0 0 0 	2487640 83632 0 	412.578 	3 	254
24132600000000 24132700000091 	2600003540 7632144532 90185 	2599913355 90185 0 0 0 	2682636 90185 0 	412.301 	3 	254
24158200000000 24158300000091 	2800003722 8219355297 96591 	2799907131 96591 0 0 0 	2873925 96591 0 	412.063 	3 	254
24183800000000 24183900000091 	3000003904 8806674476 102794 	2999901110 102794 0 0 0 	3059152 102794 0 	411.858 	3 	254
24209400000000 24209500000091 	3200004086 9393986604 109148 	3199894938 109148 0 0 0 	3249953 109148 0 	411.678 	3 	254
24235000000000 24235100000091 	3400004268 9981218286 115217 	3399889051 115217 0 0 0 	3429252 115217 0 	411.519 	3 	254
24260600000000 24260700000308 	3600004884 10568894844 165941 	3599838943 165941 0 0 0 	4934645 165941 0 	415.908 	3 	254
24286200000000 24286300000308 	3800005500 11156547504 216197 	3799789303 216197 0 0 0 	6424844 216197 0 	419.914 	3 	254
24311800000000 24311900000308 	4000006116 11744246038 266130 	3999739986 266130 0 0 0 	7913375 266130 0 	423.587 	3 	254
24337400000000 24337500000308 	4200006732 12331948312 315480 	4199691252 315480 0 0 0 	9371204 315480 0 	426.965 	3 	254
24363000000000 24363100000308 	4400007348 12919661177 364583 	4399642765 364583 0 0 0 	10841528 364583 0 	430.084 	3 	254
24388600000000 24388700000308 	4600007964 13507378149 413164 	4599594800 413164 0 0 0 	12281829 413164 0 	432.971 	3 	254
24414200000000 24414300000308 	4800008580 14095136634 461206 	4799547374 461206 0 0 0 	13714892 461206 0 	435.652 	3 	254
24439800000000 24439900000152 	5000008884 14682873871 508963 	4999499921 508963 0 0 0 	15138597 508963 0 	438.028 	3 	254
24465400000000 24465500000152 	5200009188 15270714769 556644 	5199452544 556644 0 0 0 	16567859 556644 0 	440.244 	3 	254
24491000000000 24491100000152 	5400009492 15858499137 603508 	5399405984 603508 0 0 0 	17968511 603508 0 	442.317 	3 	254
24516600000000 24516700000152 	5600009796 16446349467 649591 	5599360205 649591 0 0 0 	19342226 649591 0 	444.259 	3 	254
24542200000000 24542300000152 	5800010100 17034230044 695633 	5799314467 695633 0 0 0 	20708341 695633 0 	446.082 	3 	254
24567800000000 24567900000152 	6000010404 17622086913 741250 	5999269154 741250 0 0 0 	22060183 741250 0 	447.797 	3 	254
24593400000000 24593500000152 	6200010708 18209973160 786821 	6199223887 786821 0 0 0 	23412683 786821 0 	449.414 	3 	254
24619000000000 24619100000152 	6400011012 18797867032 831698 	6399179314 831698 0 0 0 	24756249 831698 0 	450.94 	3 	254
24644600000000 24644700000000 	6600011012 19385809154 876408 	6599134604 876408 0 0 0 	26089283 876408 0 	452.285 	3 	254
24670200000000 24670300000000 	6800011012 19973679837 920350 	6799090662 920350 0 0 0 	27395844 920350 0 	453.558 	3 	254
24695800000000 24695900000000 	7000011012 20561675187 964104 	6999046908 964104 0 0 0 	28703263 964104 0 	454.765 	3 	254
24721400000000 24721500000000 	7200011012 21149710873 1007796 	7199003216 1007796 0 0 0 	30009715 1007796 0 	455.91 	3 	254
24747000000000 24747100000000 	7400011012 21737759507 1050756 	7398960256 1050756 0 0 0 	31295553 1050756 0 	457 	3 	254
24772600000000 24772700000000 	7600011012 22325708326 1093565 	7598917447 1093565 0 0 0 	32577750 1093565 0 	458.036 	3 	254
24798200000000 24798300000000 	7800011012 22913766068 1136035 	7798874977 1136035 0 0 0 	33850557 1136035 0 	459.024 	3 	254
24823800000000 24823900000048 	8000011108 23501854236 1178140 	7998832968 1178140 0 0 0 	35115385 1178140 0 	459.881 	3 	254
24849400000000 24849500000048 	8200011204 24089921779 1219607 	8198791597 1219607 0 0 0 	36344986 1219607 0 	460.699 	3 	254
24875000000000 24875100000048 	8400011300 24678015331 1260601 	8398750699 1260601 0 0 0 	37565700 1260601 0 	461.481 	3 	254
24900600000000 24900700000048 	8600011396 25266141970 1301732 	8598709664 1301732 0 0 0 	38803002 1301732 0 	462.229 	3 	254
24926200000000 24926300000048 	8800011492 25854301503 1342357 	8798669135 1342357 0 0 0 	40022089 1342357 0 	462.946 	3 	254
24951800000000 24951900000048 	9000011588 26442429883 1382790 	8998628798 1382790 0 0 0 	41220642 1382790 0 	463.632 	3 	254
24977400000000 24977500000048 	9200011684 27030599497 1422585 	9198589099 1422585 0 0 0 	42404844 1422585 0 	464.291 	3 	254
25003000000000 25003100000476 	9400012636 27618728916 1462158 	9398550478 1462158 0 0 0 	43570428 1462158 0 	464.848 	3 	254
25028600000000 25028700000476 	9600013588 28206948598 1501303 	9598512285 1501303 0 0 0 	44740113 1501303 0 	465.383 	3 	254
25054200000000 25054300000476 	9800014540 28795108108 1540159 	9798474381 1540159 0 0 0 	45893614 1540159 0 	465.898 	3 	254
25079800000000 25079900000476 	10000015492 29383360703 1578539 	9998436953 1578539 0 0 0 	47040358 1578539 0 	466.392 	3 	254
25105400000000 25105500000476 	10200016444 29971569354 1616837 	10198399607 1616837 0 0 0 	48181619 1616837 0 	466.869 	3 	254
25131000000000 25131100000476 	10400017396 30559828283 1654562 	10398362834 1654562 0 0 0 	49300841 1654562 0 	467.328 	3 	254
25156600000000 25156700000476 	10600018348 31148094535 1692136 	10598326212 1692136 0 0 0 	50434543 1692136 0 	467.771 	3 	254
25182200000000 25182300000476 	10800019300 31736440977 1729248 	10798290052 1729248 0 0 0 	51547647 1729248 0 	468.198 	3 	254
25207800000000 25207900000011 	11000019322 32324733585 1766146 	10998253176 1766146 0 0 0 	52647728 1766146 0 	468.56 	3 	254
25233400000000 25233500000011 	11200019344 32913040724 1802855 	11198216489 1802855 0 0 0 	53741547 1802855 0 	468.91 	3 	254
25259000000000 25259100000011 	11400019366 33501343946 1839201 	11398180165 1839201 0 0 0 	54813902 1839201 0 	469.248 	3 	254
25284600000000 25284700000011 	11600019388 34089652627 1875041 	11598144347 1875041 0 0 0 	55890319 1875041 0 	469.575 	3 	254
25310200000000 25310300000011 	11800019410 34677984224 1910442 	11798108968 1910442 0 0 0 	56948940 1910442 0 	469.892 	3 	254
25335800000000 25335900000011 	12000019432 35266333552 1945800 	11998073632 1945800 0 0 0 	58002003 1945800 0 	470.198 	3 	254
25361400000000 25361500000011 	12200019454 35854759015 1980931 	12198038523 1980931 0 0 0 	59046013 1980931 0 	470.494 	3 	254
25387000000000 25387100000210 	12400019874 36443131571 2015683 	12398004191 2015683 0 0 0 	60086201 2015683 0 	470.721 	3 	254
25412600000000 25412700000210 	12600020294 37031531766 2050274 	12597970020 2050274 0 0 0 	61118631 2050274 0 	470.942 	3 	254
25438200000000 25438300000210 	12800020714 37619935905 2084494 	12797936220 2084494 0 0 0 	62143366 2084494 0 	471.155 	3 	254
25463800000000 25463900000210 	13000021134 38208410470 2118332 	12997902802 2118332 0 0 0 	63159266 2118332 0 	471.362 	3 	254
25489400000000 25489500000210 	13200021554 38796921801 2151737 	13197869817 2151737 0 0 0 	64155702 2151737 0 	471.563 	3 	254
25515000000000 25515100000210 	13400021974 39385373641 2184613 	13397837361 2184613 0 0 0 	65139120 2184613 0 	471.758 	3 	254
25540600000000 25540700000210 	13600022394 39973900180 2217509 	13597804885 2217509 0 0 0 	66123067 2217509 0 	471.947 	3 	254
25566200000000 25566300000210 	13800022814 40562450251 2250340 	13797772474 2250340 0 0 0 	67100340 2250340 0 	472.132 	3 	254
25591800000000 25591900000381 	14000023576 41151002950 2282514 	13997741062 2282514 0 0 0 	68061600 2282514 0 	472.256 	3 	254
25617400000000 25617500000381 	14200024338 41739652860 2314551 	14197709787 2314551 0 0 0 	69016916 2314551 0 	472.377 	3 	254
25643000000000 25643100000381 	14400025100 42328143867 2346267 	14397678833 2346267 0 0 0 	69954396 2346267 0 	472.495 	3 	254
25668600000000 25668700000381 	14600025862 42916720300 2377967 	14597647895 2377967 0 0 0 	70902796 2377967 0 	472.609 	3 	254
25694200000000 25694300000381 	14800026624 43505290967 2409333 	14797617291 2409333 0 0 0 	71839963 2409333 0 	472.72 	3 	254
25719800000000 25719900000381 	15000027386 44093963152 2440417 	14997586969 2440417 0 0 0 	72767845 2440417 0 	472.829 	3 	254
25745400000000 25745500000381 	15200028148 44682623795 2471344 	15197556804 2471344 0 0 0 	73694787 2471344 0 	472.935 	3 	254
25771000000000 25771100000468 	15400029084 45271281064 2501619 	15397527465 2501619 0 0 0 	74604065 2501619 0 	473 	3 	254
25796600000000 25796700000468 	15600030020 45859920739 2531862 	15597498158 2531862 0 0 0 	75508795 2531862 0 	473.063 	3 	254
25822200000000 25822300000468 	15800030956 46448675741 2561957 	15797468999 2561957 0 0 0 	76409975 2561957 0 	473.125 	3 	254
25847800000000 25847900000468 	16000031892 47037354130 2591788 	15997440104 2591788 0 0 0 	77304884 2591788 0 	473.185 	3 	254
25873400000000 25873500000468 	16200032828 47626127251 2621067 	16197411761 2621067 0 0 0 	78176032 2621067 0 	473.244 	3 	254
25899000000000 25899100000468 	16400033764 48214882753 2650321 	16397383443 2650321 0 0 0 	79053607 2650321 0 	473.302 	3 	254
25924600000000 25924700000468 	16600034700 48803661459 2679446 	16597355254 2679446 0 0 0 	79928650 2679446 0 	473.358 	3 	254
25950200000000 25950300000254 	16800035208 49392440342 2708195 	16797327013 2708195 0 0 0 	80790116 2708195 0 	473.365 	3 	254
25975800000000 25975900000254 	17000035716 49981247337 2736854 	16997298862 2736854 0 0 0 	81648446 2736854 0 	473.373 	3 	254
26001400000000 26001500000254 	17200036224 50570022187 2765043 	17197271181 2765043 0 0 0 	82489703 2765043 0 	473.38 	3 	254
26027000000000 26027100000254 	17400036732 51158862650 2793066 	17397243666 2793066 0 0 0 	83327295 2793066 0 	473.387 	3 	254
26052600000000 26052700000254 	17600037240 51747671048 2820899 	17597216341 2820899 0 0 0 	84156292 2820899 0 	473.394 	3 	254
26078200000000 26078300000254 	17800037748 52336551033 2848672 	17797189076 2848672 0 0 0 	84982262 2848672 0 	473.401 	3 	254
26103800000000 26103900000254 	18000038256 52925450823 2876285 	17997161971 2876285 0 0 0 	85805508 2876285 0 	473.408 	3 	254
26129400000000 26129500000254 	18200038764 53514347680 2903336 	18197135428 2903336 0 0 0 	86608595 2903336 0 	473.414 	3 	254
26155000000000 26155100000365 	18400039494 54103295613 2930377 	18397109117 2930377 0 0 0 	87415942 2930377 0 	473.388 	3 	254
26180600000000 26180700000365 	18600040224 54692220097 2956769 	18597083455 2956769 0 0 0 	88208649 2956769 0 	473.362 	3 	254
26206200000000 26206300000365 	18800040954 55281182952 2983092 	18797057862 2983092 0 0 0 	88992576 2983092 0 	473.337 	3 	254
26231800000000 26231900000365 	19000041684 55870141819 3009283 	18997032401 3009283 0 0 0 	89778100 3009283 0 	473.312 	3 	254
26257400000000 26257500000365 	19200042414 56459135091 3035051 	19197007363 3035051 0 0 0 	90546262 3035051 0 	473.288 	3 	254
