100000000000 100100000400 	200000800 482795909 17171 	199983629 17171 0 0 0 	422806 17171 0 	445 	2 	0
119200000000 119300000368 	400001536 968988143 45785 	399955751 45785 0 0 0 	1120182 45785 0 	456.21 	2 	0
138400000000 138500000152 	600001840 1457911029 52794 	599949046 52794 0 0 0 	1292327 52794 0 	471.1 	2.31157 	0
157600000000 157700000290 	800002420 1949400554 71830 	799930590 71830 0 0 0 	1762860 71830 0 	463.472 	2.2299 	0
176800000000 176900000476 	1000003372 2443024016 78289 	999925083 78289 0 0 0 	1922641 78289 0 	468.91 	2.37669 	0
196000000000 196100000290 	1200003952 2938569681 80349 	1199923603 80349 0 0 0 	1973772 80349 0 	464.199 	2.48579 	0
215200000000 215300000152 	1400004256 3435903500 89397 	1399914859 89397 0 0 0 	2201034 89397 0 	469.496 	2.55422 	0
234400000000 234500000352 	1600004960 3934845665 93071 	1599911889 93071 0 0 0 	2292493 93071 0 	468.802 	2.61052 	0
253600000000 253700000060 	1800005080 4435229646 94576 	1799910504 94576 0 0 0 	2331231 94576 0 	463.888 	2.65742 	0
272800000000 272900000173 	2000005426 4936991019 95262 	1999910164 95262 0 0 0 	2347981 95262 0 	456.465 	2.69662 	0
292000000000 292100000296 	2200006018 5440072213 95556 	2199910462 95556 0 0 0 	2355188 95556 0 	447.233 	2.72977 	0
311200000000 311300000088 	2400006194 5944370744 97703 	2399908491 97703 0 0 0 	2409189 97703 0 	446.275 	2.75282 	0
330400000000 330500000228 	2600006650 6449802881 98806 	2599907844 98806 0 0 0 	2437196 98806 0 	443.437 	2.77329 	0
349600000000 349700000290 	2800007230 6956301785 99352 	2799907878 99352 0 0 0 	2451034 99352 0 	439.14 	2.79152 	0
368800000000 368900000320 	3000007870 7463837115 99627 	2999908243 99627 0 0 0 	2458077 99627 0 	433.552 	2.8079 	0
388000000000 388100000250 	3200008370 7972302421 99768 	3199908602 99768 0 0 0 	2461664 99768 0 	427.179 	2.82255 	0
407200000000 407300000268 	3400008906 8481644235 99845 	3399909061 99845 0 0 0 	2463613 99845 0 	420.282 	2.83568 	0
426400000000 426500000173 	3600009252 8991956460 100690 	3599908562 100690 0 0 0 	2485995 100690 0 	419.04 	2.84527 	0
445600000000 445700000308 	3800009868 9503062882 101170 	3799908698 101170 0 0 0 	2497783 101170 0 	416.849 	2.85418 	0
464800000000 464900000350 	4000010568 10014971154 101445 	3999909123 101445 0 0 0 	2504726 101445 0 	413.974 	2.86243 	0
484000000000 484100000032 	4200010632 10527653063 101630 	4199909002 101630 0 0 0 	2509669 101630 0 	410.532 	2.87007 	0
503200000000 503300000032 	4400010696 11041112857 101720 	4399908976 101720 0 0 0 	2511737 101720 0 	406.5 	2.87719 	0
522400000000 522500000174 	4600011044 11555276205 101784 	4599909260 101784 0 0 0 	2513613 101784 0 	402.182 	2.88378 	0
541600000000 541700000057 	4800011158 12070123159 101814 	4799909344 101814 0 0 0 	2514213 101814 0 	397.464 	2.88993 	0
560800000000 560900000302 	5000011762 12585637420 101838 	4999909924 101838 0 0 0 	2514817 101838 0 	392.568 	2.89563 	0
580000000000 580100000350 	5200012462 13101748783 102147 	5199910315 102147 0 0 0 	2522112 102147 0 	391.475 	2.89993 	0
599200000000 599300000044 	5400012550 13618491470 102325 	5399910225 102325 0 0 0 	2526748 102325 0 	389.946 	2.90401 	0
618400000000 618500000278 	5600013106 14135868485 102468 	5599910638 102468 0 0 0 	2530277 102468 0 	388.049 	2.90789 	0
637600000000 637700000268 	5800013642 14653804212 102546 	5799911096 102546 0 0 0 	2532541 102546 0 	385.896 	2.91156 	0
656800000000 656900000008 	6000013658 15172278560 102601 	5999911057 102601 0 0 0 	2534068 102601 0 	383.454 	2.91505 	0
676000000000 676100000215 	6200014088 15691316060 102656 	6199911432 102656 0 0 0 	2535581 102656 0 	380.785 	2.91836 	0
695200000000 695300000188 	6400014464 16210922069 102685 	6399911779 102685 0 0 0 	2536286 102685 0 	377.899 	2.92151 	0
714400000000 714500000197 	6600014858 16731008302 102700 	6599912158 102700 0 0 0 	2536728 102700 0 	374.805 	2.92451 	0
733600000000 733700000069 	6800014996 17251601207 102710 	6799912286 102710 0 0 0 	2536940 102710 0 	371.56 	2.92737 	0
752800000000 752900000020 	7000015036 17772697985 102716 	6999912320 102716 0 0 0 	2537039 102716 0 	368.219 	2.93008 	0
772000000000 772100000175 	7200015386 18294329704 102719 	7199912667 102719 0 0 0 	2537139 102719 0 	364.784 	2.93265 	0
791200000000 791300000180 	7400015746 18816370209 102721 	7399913025 102721 0 0 0 	2537374 102721 0 	361.258 	2.93511 	0
810400000000 810500000197 	7600016140 19338892039 102799 	7599913341 102799 0 0 0 	2539400 102799 0 	360.265 	2.93699 	0
829600000000 829700000167 	7800016474 19861786179 102867 	7799913607 102867 0 0 0 	2540993 102867 0 	359.139 	2.9388 	0
848800000000 848900000057 	8000016588 20385161420 102906 	7999913682 102906 0 0 0 	2542064 102906 0 	357.82 	2.94054 	0
868000000000 868100000188 	8200016964 20909008223 102929 	8199914035 102929 0 0 0 	2542991 102929 0 	356.348 	2.94223 	0
887200000000 887300000251 	8400017466 21433314392 102944 	8399914522 102944 0 0 0 	2543331 102944 0 	354.728 	2.94387 	0
906400000000 906500000021 	8600017508 21957973664 102960 	8599914548 102960 0 0 0 	2543789 102960 0 	352.999 	2.94544 	0
925600000000 925700000271 	8800018050 22482978033 102971 	8799915079 102971 0 0 0 	2544172 102971 0 	351.163 	2.94696 	0
944800000000 944900000032 	9000018114 23008422181 102976 	8999915138 102976 0 0 0 	2544238 102976 0 	349.226 	2.94842 	0
964000000000 964100000175 	9200018464 23534262668 102982 	9199915482 102982 0 0 0 	2544402 102982 0 	347.188 	2.94984 	0
983200000000 983300000170 	9400018804 24060488722 102985 	9399915819 102985 0 0 0 	2544441 102985 0 	345.089 	2.9512 	0
