100800000000 100900000290 	200000580 482953353 16022 	199984558 16022 0 0 0 	394072 16022 0 	442 	2 	8
120000000000 120100000352 	400001284 969294371 43253 	399958031 43253 0 0 0 	1062309 43253 0 	452.733 	2 	8
139200000000 139300000000 	600001284 1458308647 49983 	599951301 49983 0 0 0 	1227979 49983 0 	467.463 	2.31164 	8
158400000000 158500000249 	800001782 1949844049 68130 	799933652 68130 0 0 0 	1681857 68130 0 	460.007 	2.23 	8
177600000000 177700000011 	1000001804 2443518096 74099 	999927705 74099 0 0 0 	1832760 74099 0 	465.527 	2.37661 	8
196800000000 196900000290 	1200002384 2939094706 76071 	1199926313 76071 0 0 0 	1881657 76071 0 	461.434 	2.48508 	8
216000000000 216100000152 	1400002688 3436546051 84736 	1399917952 84736 0 0 0 	2098753 84736 0 	467.069 	2.55325 	8
235200000000 235300000120 	1600002928 3935493505 88458 	1599914470 88458 0 0 0 	2194509 88458 0 	466.302 	2.60973 	8
254400000000 254500000060 	1800003048 4436011226 90033 	1799913015 90033 0 0 0 	2233783 90033 0 	461.711 	2.65651 	8
273600000000 273700000330 	2000003708 4937870450 90680 	1999913028 90680 0 0 0 	2250507 90680 0 	454.306 	2.69582 	8
292800000000 292900000296 	2200004300 5441001201 90976 	2199913324 90976 0 0 0 	2257374 90976 0 	445.348 	2.72892 	8
312000000000 312100000088 	2400004476 5945358619 93032 	2399911444 93032 0 0 0 	2310687 93032 0 	444.554 	2.75196 	8
331200000000 331300000091 	2600004658 6450869033 94046 	2599910612 94046 0 0 0 	2336944 94046 0 	441.601 	2.77256 	8
350400000000 350500000026 	2800004710 6957425102 94604 	2799910106 94604 0 0 0 	2351206 94604 0 	437.195 	2.79091 	8
369600000000 369700000320 	3000005350 7465016530 94887 	2999910463 94887 0 0 0 	2358841 94887 0 	431.782 	2.80727 	8
388800000000 388900000250 	3200005850 7973520643 95036 	3199910814 95036 0 0 0 	2362684 95036 0 	425.567 	2.82191 	8
408000000000 408100000268 	3400006386 8482980344 95109 	3399911277 95109 0 0 0 	2364408 95109 0 	418.813 	2.83505 	8
427200000000 427300000330 	3600007046 8993324317 95947 	3599911099 95947 0 0 0 	2385800 95947 0 	417.539 	2.84469 	8
446400000000 446500000308 	3800007662 9504497425 96409 	3799911253 96409 0 0 0 	2397699 96409 0 	415.442 	2.8536 	8
465600000000 465700000350 	4000008362 10016498712 96656 	3999911706 96656 0 0 0 	2404394 96656 0 	412.655 	2.86185 	8
484800000000 484900000250 	4200008862 10529258711 96814 	4199912048 96814 0 0 0 	2408584 96814 0 	409.167 	2.86954 	8
504000000000 504100000032 	4400008926 11042755499 96902 	4399912024 96902 0 0 0 	2410436 96902 0 	405.222 	2.87667 	8
523200000000 523300000038 	4600009002 11556894749 96957 	4599912045 96957 0 0 0 	2411787 96957 0 	400.903 	2.88329 	8
542400000000 542500000057 	4800009116 12071738865 96988 	4799912128 96988 0 0 0 	2412650 96988 0 	396.266 	2.88945 	8
561600000000 561700000302 	5000009720 12587277604 97004 	4999912716 97004 0 0 0 	2413021 97004 0 	391.446 	2.89516 	8
580800000000 580900000350 	5200010420 13103430841 97338 	5199913082 97338 0 0 0 	2421707 97338 0 	390.402 	2.89946 	8
600000000000 600100000044 	5400010508 13620229084 97515 	5399912993 97515 0 0 0 	2426736 97515 0 	388.921 	2.90355 	8
619200000000 619300000278 	5600011064 14137599808 97650 	5599913414 97650 0 0 0 	2429989 97650 0 	387.07 	2.90744 	8
638400000000 638500000060 	5800011184 14655547563 97732 	5799913452 97732 0 0 0 	2432351 97732 0 	384.869 	2.91114 	8
657600000000 657700000320 	6000011824 15174102218 97779 	5999914045 97779 0 0 0 	2433506 97779 0 	382.38 	2.91466 	8
676800000000 676900000281 	6200012386 15693217170 97806 	6199914580 97806 0 0 0 	2434014 97806 0 	379.689 	2.91799 	8
696000000000 696100000188 	6400012762 16212803024 97825 	6399914937 97825 0 0 0 	2434386 97825 0 	376.853 	2.92115 	8
715200000000 715300000197 	6600013156 16732975532 97841 	6599915315 97841 0 0 0 	2434757 97841 0 	373.808 	2.92416 	8
734400000000 734500000069 	6800013294 17253574241 97848 	6799915446 97848 0 0 0 	2434929 97848 0 	370.609 	2.92702 	8
753600000000 753700000020 	7000013334 17774730414 97856 	6999915478 97856 0 0 0 	2435192 97856 0 	367.312 	2.92973 	8
772800000000 772900000175 	7200013684 18296332797 97863 	7199915821 97863 0 0 0 	2435399 97863 0 	363.918 	2.93232 	8
792000000000 792100000180 	7400014044 18818428679 97866 	7399916178 97866 0 0 0 	2435454 97866 0 	360.432 	2.93478 	8
811200000000 811300000197 	7600014438 19340946470 97944 	7599916494 97944 0 0 0 	2437269 97944 0 	359.465 	2.93666 	8
830400000000 830500000120 	7800014678 19863917645 98006 	7799916672 98006 0 0 0 	2439026 98006 0 	358.299 	2.93849 	8
849600000000 849700000057 	8000014792 20387337383 98037 	7999916755 98037 0 0 0 	2439856 98037 0 	357.008 	2.94024 	8
868800000000 868900000188 	8200015168 20911166722 98062 	8199917106 98062 0 0 0 	2440653 98062 0 	355.562 	2.94193 	8
888000000000 888100000251 	8400015670 21435370486 98084 	8399917586 98084 0 0 0 	2441171 98084 0 	353.968 	2.94357 	8
907200000000 907300000072 	8600015814 21960013555 98095 	8599917719 98095 0 0 0 	2441496 98095 0 	352.229 	2.94515 	8
926400000000 926500000271 	8800016356 22485031103 98104 	8799918252 98104 0 0 0 	2441741 98104 0 	350.419 	2.94668 	8
945600000000 945700000032 	9000016420 23010481329 98109 	8999918311 98109 0 0 0 	2441818 98109 0 	348.506 	2.94815 	8
964800000000 964900000175 	9200016770 23536312692 98113 	9199918657 98113 0 0 0 	2441923 98113 0 	346.493 	2.94957 	8
984000000000 984100000170 	9400017110 24062508490 98117 	9399918993 98117 0 0 0 	2442036 98117 0 	344.417 	2.95094 	8
