101500000000 101600000249 	200000498 483069511 15072 	199985426 15072 0 0 0 	370316 15072 0 	439 	2 	15
120700000000 120800000120 	400000738 969529836 40924 	399959814 40924 0 0 0 	1005630 40924 0 	449.731 	2 	15
139900000000 140000000048 	600000834 1458637786 47446 	599953388 47446 0 0 0 	1166593 47446 0 	464.164 	2.31194 	15
159100000000 159200000088 	800001010 1950305911 64992 	799936018 64992 0 0 0 	1611033 64992 0 	456.787 	2.23024 	15
178300000000 178400000011 	1000001032 2444047755 70789 	999930243 70789 0 0 0 	1759542 70789 0 	462.886 	2.37597 	15
197500000000 197600000249 	1200001530 2939693704 72757 	1199928773 72757 0 0 0 	1808397 72757 0 	458.726 	2.48465 	15
216700000000 216800000000 	1400001530 3437124750 81268 	1399920262 81268 0 0 0 	2023281 81268 0 	464.2 	2.553 	15
235900000000 236000000120 	1600001770 3936187098 84836 	1599916934 84836 0 0 0 	2114288 84836 0 	463.798 	2.60921 	15
255100000000 255200000375 	1800002520 4436738614 86367 	1799916153 86367 0 0 0 	2153776 86367 0 	459.141 	2.65612 	15
274300000000 274400000330 	2000003180 4938631787 87000 	1999916180 87000 0 0 0 	2169691 87000 0 	452.065 	2.69528 	15
293500000000 293600000270 	2200003720 5441795849 87273 	2199916447 87273 0 0 0 	2177276 87273 0 	443.13 	2.72846 	15
312700000000 312800000110 	2400003940 5946154114 89397 	2399914543 89397 0 0 0 	2231195 89397 0 	442.354 	2.75152 	15
331900000000 332000000091 	2600004122 6451669013 90412 	2599913710 90412 0 0 0 	2257084 90412 0 	439.597 	2.77206 	15
351100000000 351200000026 	2800004174 6958244216 90926 	2799913248 90926 0 0 0 	2269258 90926 0 	435.37 	2.79038 	15
370300000000 370400000320 	3000004814 7465826328 91221 	2999913593 91221 0 0 0 	2276792 91221 0 	430.121 	2.80671 	15
389500000000 389600000236 	3200005286 7974381711 91370 	3199913916 91370 0 0 0 	2281043 91370 0 	423.869 	2.82143 	15
408700000000 408800000060 	3400005406 8483871078 91455 	3399913951 91455 0 0 0 	2283331 91455 0 	417.08 	2.83462 	15
427900000000 428000000330 	3600006066 8994248070 92231 	3599913835 92231 0 0 0 	2304583 92231 0 	415.911 	2.84425 	15
447100000000 447200000308 	3800006682 9505467217 92721 	3799913961 92721 0 0 0 	2317833 92721 0 	413.915 	2.85315 	15
466300000000 466400000264 	4000007210 10017464017 93031 	3999914179 93031 0 0 0 	2325850 93031 0 	411.097 	2.86145 	15
485500000000 485600000250 	4200007710 10530195759 93193 	4199914517 93193 0 0 0 	2330425 93193 0 	407.707 	2.86913 	15
504700000000 504800000032 	4400007774 11043738808 93290 	4399914484 93290 0 0 0 	2332874 93290 0 	403.856 	2.87626 	15
523900000000 524000000008 	4600007790 11557945246 93347 	4599914443 93347 0 0 0 	2334529 93347 0 	399.574 	2.8829 	15
543100000000 543200000057 	4800007904 12072882743 93381 	4799914523 93381 0 0 0 	2335461 93381 0 	395.022 	2.88905 	15
562300000000 562400000052 	5000008008 12588446436 93406 	4999914602 93406 0 0 0 	2336223 93406 0 	390.214 	2.89479 	15
581500000000 581600000350 	5200008708 13104660228 93733 	5199914975 93733 0 0 0 	2344645 93733 0 	389.223 	2.89909 	15
600700000000 600800000044 	5400008796 13621467711 93944 	5399914852 93944 0 0 0 	2350170 93944 0 	387.794 	2.90319 	15
619900000000 620000000278 	5600009352 14138891827 94083 	5599915269 94083 0 0 0 	2353616 94083 0 	385.994 	2.90708 	15
639100000000 639200000060 	5800009472 14656853911 94180 	5799915292 94180 0 0 0 	2356424 94180 0 	383.841 	2.91078 	15
658300000000 658400000320 	6000010112 15175453649 94234 	5999915878 94234 0 0 0 	2357876 94234 0 	381.4 	2.9143 	15
677500000000 677600000057 	6200010226 15694545617 94258 	6199915968 94258 0 0 0 	2358427 94258 0 	378.73 	2.91765 	15
696700000000 696800000192 	6400010610 16214149321 94278 	6399916332 94278 0 0 0 	2358987 94278 0 	375.843 	2.92083 	15
715900000000 716000000048 	6600010706 16734310607 94284 	6599916422 94284 0 0 0 	2359111 94284 0 	372.796 	2.92385 	15
735100000000 735200000069 	6800010844 17254969044 94292 	6799916552 94292 0 0 0 	2359199 94292 0 	369.643 	2.92672 	15
754300000000 754400000020 	7000010884 17776060603 94303 	6999916581 94303 0 0 0 	2359440 94303 0 	366.39 	2.92944 	15
773500000000 773600000175 	7200011234 18297665199 94309 	7199916925 94309 0 0 0 	2359487 94309 0 	363.039 	2.93202 	15
792700000000 792800000180 	7400011594 18819800379 94312 	7399917282 94312 0 0 0 	2359524 94312 0 	359.592 	2.93449 	15
811900000000 812000000197 	7600011988 19342374979 94374 	7599917614 94374 0 0 0 	2360992 94374 0 	358.651 	2.93638 	15
831100000000 831200000120 	7800012228 19865361875 94430 	7799917798 94430 0 0 0 	2362709 94430 0 	357.512 	2.93821 	15
850300000000 850400000056 	8000012340 20388771757 94465 	7999917875 94465 0 0 0 	2364057 94465 0 	356.213 	2.93997 	15
869500000000 869600000188 	8200012716 20912605863 94495 	8199918221 94495 0 0 0 	2364631 94495 0 	354.793 	2.94167 	15
888700000000 888800000251 	8400013218 21436872248 94510 	8399918708 94510 0 0 0 	2364881 94510 0 	353.224 	2.94331 	15
907900000000 908000000072 	8600013362 21961572430 94529 	8599918833 94529 0 0 0 	2365439 94529 0 	351.51 	2.9449 	15
927100000000 927200000271 	8800013904 22486606036 94539 	8799919365 94539 0 0 0 	2365665 94539 0 	349.723 	2.94642 	15
946300000000 946400000032 	9000013968 23012091966 94548 	8999919420 94548 0 0 0 	2365930 94548 0 	347.833 	2.9479 	15
965500000000 965600000175 	9200014318 23537938842 94551 	9199919767 94551 0 0 0 	2366035 94551 0 	345.841 	2.94932 	15
984700000000 984800000212 	9400014742 24064233725 94555 	9399920187 94555 0 0 0 	2366106 94555 0 	343.752 	2.9507 	15
