103700000000 103800000279 	200000558 483453836 12368 	199988190 12368 0 0 0 	303582 12368 0 	428.733 	2 	37
122900000000 123000000230 	400001018 970186464 34548 	399966470 34548 0 0 0 	850457 34548 0 	439.585 	2 	37
142100000000 142200000011 	600001040 1459634633 39796 	599961244 39796 0 0 0 	975464 39796 0 	454.908 	2.31009 	37
161300000000 161400000189 	800001418 1951491273 55182 	799946236 55182 0 0 0 	1354864 55182 0 	448.686 	2.22939 	37
180500000000 180600000381 	1000002180 2445460470 60317 	999941863 60317 0 0 0 	1481708 60317 0 	454.797 	2.37512 	37
199700000000 199800000088 	1200002356 2941349063 62078 	1199940278 62078 0 0 0 	1526506 62078 0 	451.552 	2.48298 	37
218900000000 219000000048 	1400002452 3438970056 69757 	1399932695 69757 0 0 0 	1722567 69757 0 	457.408 	2.55109 	37
238100000000 238200000178 	1600002808 3938151052 72914 	1599929894 72914 0 0 0 	1801948 72914 0 	457.482 	2.60714 	37
257300000000 257400000074 	1800002956 4438834747 74295 	1799928661 74295 0 0 0 	1837353 74295 0 	453.247 	2.65402 	37
276500000000 276600000346 	2000003648 4940911852 74875 	1999928773 74875 0 0 0 	1851895 74875 0 	446.431 	2.6933 	37
295700000000 295800000320 	2200004288 5444219845 75088 	2199929200 75088 0 0 0 	1857192 75088 0 	437.945 	2.72649 	37
314900000000 315000000189 	2400004666 5948800327 77010 	2399927656 77010 0 0 0 	1905725 77010 0 	437.358 	2.74961 	37
334100000000 334200000307 	2600005280 6454451714 77990 	2599927290 77990 0 0 0 	1931194 77990 0 	434.863 	2.77019 	37
353300000000 353400000285 	2800005850 6961160730 78494 	2799927356 78494 0 0 0 	1944731 78494 0 	430.877 	2.78856 	37
372500000000 372600000350 	3000006550 7468831358 78781 	2999927769 78781 0 0 0 	1951803 78781 0 	425.845 	2.80497 	37
391700000000 391800000228 	3200007006 7977493606 78901 	3199928105 78901 0 0 0 	1955187 78901 0 	419.79 	2.81975 	37
410900000000 411000000230 	3400007466 8487027145 78964 	3399928502 78964 0 0 0 	1956734 78964 0 	413.177 	2.83303 	37
430100000000 430200000352 	3600008170 8997477592 79712 	3599928458 79712 0 0 0 	1976456 79712 0 	412.063 	2.84273 	37
449300000000 449400000278 	3800008726 9508742026 80146 	3799928580 80146 0 0 0 	1987437 80146 0 	410.118 	2.85171 	37
468500000000 468600000256 	4000009238 10020818635 80425 	3999928813 80425 0 0 0 	1995061 80425 0 	407.499 	2.86003 	37
487700000000 487800000236 	4200009710 10533681927 80558 	4199929152 80558 0 0 0 	1998513 80558 0 	404.208 	2.86777 	37
506900000000 507000000320 	4400010350 11047195654 80647 	4399929703 80647 0 0 0 	2000559 80647 0 	400.513 	2.87493 	37
526100000000 526200000320 	4600010990 11561502445 80705 	4599930285 80705 0 0 0 	2002328 80705 0 	396.311 	2.88162 	37
545300000000 545400000056 	4800011102 12076491254 80732 	4799930370 80732 0 0 0 	2003143 80732 0 	391.899 	2.88782 	37
564500000000 564600000052 	5000011206 12592153531 80746 	4999930460 80746 0 0 0 	2003491 80746 0 	387.287 	2.89357 	37
583700000000 583800000264 	5200011734 13108420403 81038 	5199930696 81038 0 0 0 	2010419 81038 0 	386.337 	2.89792 	37
602900000000 603000000032 	5400011798 13625320503 81210 	5399930588 81210 0 0 0 	2015373 81210 0 	384.946 	2.90205 	37
622100000000 622200000296 	5600012390 14142797992 81317 	5599931073 81317 0 0 0 	2017815 81317 0 	383.182 	2.90598 	37
641300000000 641400000230 	5800012850 14660877908 81404 	5799931446 81404 0 0 0 	2020070 81404 0 	381.065 	2.90973 	37
660500000000 660600000276 	6000013402 15179507857 81452 	5999931950 81452 0 0 0 	2021584 81452 0 	378.728 	2.91327 	37
679700000000 679800000057 	6200013516 15698686672 81487 	6199932029 81487 0 0 0 	2022541 81487 0 	376.18 	2.91663 	37
698900000000 699000000192 	6400013900 16218340163 81515 	6399932385 81515 0 0 0 	2023458 81515 0 	373.409 	2.91983 	37
718100000000 718200000048 	6600013996 16738572484 81537 	6599932459 81537 0 0 0 	2024114 81537 0 	370.473 	2.92287 	37
737300000000 737400000224 	6800014444 17259319350 81544 	6799932900 81544 0 0 0 	2024326 81544 0 	367.379 	2.92577 	37
756500000000 756600000032 	7000014508 17780510915 81554 	6999932954 81554 0 0 0 	2024725 81554 0 	364.181 	2.92852 	37
775700000000 775800000136 	7200014780 18302196500 81559 	7199933221 81559 0 0 0 	2024823 81559 0 	360.881 	2.93113 	37
794900000000 795000000044 	7400014868 18824353523 81561 	7399933307 81561 0 0 0 	2024855 81561 0 	357.484 	2.93362 	37
814100000000 814200000174 	7600015216 19346958810 81614 	7599933602 81614 0 0 0 	2026174 81614 0 	356.578 	2.93554 	37
833300000000 833400000120 	7800015456 19869953515 81662 	7799933794 81662 0 0 0 	2027370 81662 0 	355.504 	2.93738 	37
852500000000 852600000056 	8000015568 20393445274 81703 	7999933865 81703 0 0 0 	2028454 81703 0 	354.269 	2.93915 	37
871700000000 871800000192 	8200015952 20917373318 81741 	8199934211 81741 0 0 0 	2029344 81741 0 	352.846 	2.94088 	37
890900000000 891000000197 	8400016346 21441634948 81762 	8399934584 81762 0 0 0 	2029931 81762 0 	351.273 	2.94254 	37
910100000000 910200000072 	8600016490 21966331059 81773 	8599934717 81773 0 0 0 	2030265 81773 0 	349.623 	2.94414 	37
929300000000 929400000186 	8800016862 22491409159 81786 	8799935076 81786 0 0 0 	2030537 81786 0 	347.864 	2.94569 	37
948500000000 948600000040 	9000016942 23016893489 81798 	8999935144 81798 0 0 0 	2030963 81798 0 	346.001 	2.94718 	37
967700000000 967800000175 	9200017292 23542749851 81805 	9199935487 81805 0 0 0 	2031042 81805 0 	344.069 	2.94861 	37
986900000000 987000000212 	9400017716 24068986494 81811 	9399935905 81811 0 0 0 	2031243 81811 0 	342.039 	2.95 	37
