106300000000 106400000320 	200000640 483935780 9738 	199990902 9738 0 0 0 	237925 9738 0 	420 	2 	63
125500000000 125600000290 	400001220 971015739 27840 	399973380 27840 0 0 0 	687127 27840 0 	430.719 	2 	63
144700000000 144800000381 	600001982 1460768248 32398 	599969584 32398 0 0 0 	802030 32398 0 	446.269 	2.30927 	63
163900000000 164000000375 	800002732 1952921926 45712 	799957020 45712 0 0 0 	1127900 45712 0 	440.755 	2.22908 	63
183100000000 183200000254 	1000003240 2447158138 50060 	999953180 50060 0 0 0 	1233519 50060 0 	447.026 	2.37449 	63
202300000000 202400000189 	1200003618 2943273078 51495 	1199952123 51495 0 0 0 	1268378 51495 0 	444.272 	2.48195 	63
221500000000 221600000101 	1400003820 3441094608 58310 	1399945510 58310 0 0 0 	1436676 58310 0 	450.449 	2.54979 	63
240700000000 240800000230 	1600004280 3940523507 61122 	1599943158 61122 0 0 0 	1506815 61122 0 	450.518 	2.606 	63
259900000000 260000000056 	1800004392 4441426481 62348 	1799942044 62348 0 0 0 	1537501 62348 0 	446.531 	2.65288 	63
279100000000 279200000290 	2000004972 4943640440 62845 	1999942127 62845 0 0 0 	1549904 62845 0 	440.151 	2.69206 	63
298300000000 298400000355 	2200005682 5447136344 66249 	2199939433 66249 0 0 0 	1637485 66249 0 	441.46 	2.71922 	63
317500000000 317600000060 	2400005802 5951826547 67898 	2399937904 67898 0 0 0 	1679563 67898 0 	440.306 	2.74329 	63
336700000000 336800000100 	2600006002 6457604138 68715 	2599937287 68715 0 0 0 	1700177 68715 0 	437.284 	2.76466 	63
355900000000 356000000151 	2800006304 6964428623 69172 	2799937132 69172 0 0 0 	1711769 69172 0 	432.901 	2.78366 	63
375100000000 375200000328 	3000006960 7472347633 69391 	2999937569 69391 0 0 0 	1717915 69391 0 	427.321 	2.80069 	63
394300000000 394400000112 	3200007184 7981119972 69504 	3199937680 69504 0 0 0 	1721029 69504 0 	420.949 	2.81593 	63
413500000000 413600000208 	3400007600 8490824656 69564 	3399938036 69564 0 0 0 	1722635 69564 0 	414.14 	2.82956 	63
432700000000 432800000376 	3600008352 9001398623 70251 	3599938101 70251 0 0 0 	1739808 70251 0 	412.845 	2.83953 	63
451900000000 452000000208 	3800008768 9512776666 70606 	3799938162 70606 0 0 0 	1748572 70606 0 	410.727 	2.84876 	63
471100000000 471200000240 	4000009248 10024979108 70833 	3999938415 70833 0 0 0 	1755028 70833 0 	407.948 	2.85729 	63
490300000000 490400000228 	4200009704 10537952627 70976 	4199938728 70976 0 0 0 	1758528 70976 0 	404.499 	2.86524 	63
509500000000 509600000268 	4400010240 11051647355 71055 	4399939185 71055 0 0 0 	1760483 71055 0 	400.655 	2.87259 	63
528700000000 528800000167 	4600010574 11566031186 71107 	4599939467 71107 0 0 0 	1761756 71107 0 	396.379 	2.87943 	63
547900000000 548000000110 	4800010794 12081121067 71127 	4799939667 71127 0 0 0 	1762160 71127 0 	391.829 	2.88578 	63
567100000000 567200000200 	5000011194 12596836323 71144 	4999940050 71144 0 0 0 	1762804 71144 0 	387.09 	2.89167 	63
586300000000 586400000328 	5200011850 13113229495 71432 	5199940418 71432 0 0 0 	1769889 71432 0 	386.061 	2.89611 	63
605500000000 605600000250 	5400012350 13630215343 71592 	5399940758 71592 0 0 0 	1774154 71592 0 	384.593 	2.90034 	63
624700000000 624800000285 	5600012920 14147789791 71715 	5599941205 71715 0 0 0 	1777494 71715 0 	382.811 	2.90435 	63
643900000000 644000000230 	5800013380 14665945208 71808 	5799941572 71808 0 0 0 	1780044 71808 0 	380.71 	2.90815 	63
663100000000 663200000167 	6000013714 15184588695 71870 	5999941844 71870 0 0 0 	1781473 71870 0 	378.364 	2.91176 	63
682300000000 682400000056 	6200013826 15703826862 71895 	6199941931 71895 0 0 0 	1782005 71895 0 	375.785 	2.91519 	63
701500000000 701600000302 	6400014430 16223539767 71915 	6399942515 71915 0 0 0 	1782580 71915 0 	372.985 	2.91845 	63
720700000000 720800000280 	6600014990 16743822821 71931 	6599943059 71931 0 0 0 	1782934 71931 0 	370.021 	2.92155 	63
739900000000 740000000271 	6800015532 17264538764 71941 	6799943591 71941 0 0 0 	1783358 71941 0 	366.9 	2.9245 	63
759100000000 759200000040 	7000015612 17785806848 71946 	6999943666 71946 0 0 0 	1783536 71946 0 	363.675 	2.9273 	63
778300000000 778400000173 	7200015958 18307539853 71951 	7199944007 71951 0 0 0 	1783624 71951 0 	360.35 	2.92997 	63
797500000000 797600000040 	7400016038 18829759681 71953 	7399944085 71953 0 0 0 	1783719 71953 0 	356.929 	2.93251 	63
816700000000 816800000174 	7600016386 19352462489 72033 	7599944353 72033 0 0 0 	1785548 72033 0 	356.04 	2.93445 	63
835900000000 836000000188 	7800016762 19875550406 72084 	7799944678 72084 0 0 0 	1786856 72084 0 	354.951 	2.93632 	63
855100000000 855200000110 	8000016982 20399058636 72124 	7999944858 72124 0 0 0 	1787822 72124 0 	353.669 	2.93814 	63
874300000000 874400000192 	8200017366 20923009532 72151 	8199945215 72151 0 0 0 	1788532 72151 0 	352.265 	2.93989 	63
893500000000 893600000197 	8400017760 21447356814 72171 	8399945589 72171 0 0 0 	1789037 72171 0 	350.711 	2.94158 	63
912700000000 912800000113 	8600017986 21972125613 72184 	8599945802 72184 0 0 0 	1789430 72184 0 	349.046 	2.94321 	63
931900000000 932000000092 	8800018170 22497364803 72193 	8799945977 72193 0 0 0 	1789671 72193 0 	347.238 	2.94479 	63
951100000000 951200000040 	9000018250 23022917665 72203 	8999946047 72203 0 0 0 	1789905 72203 0 	345.395 	2.9463 	63
970300000000 970400000136 	9200018522 23548804189 72209 	9199946313 72209 0 0 0 	1790111 72209 0 	343.45 	2.94776 	63
989500000000 989600000180 	9400018882 24075122861 72216 	9399946666 72216 0 0 0 	1790337 72216 0 	341.405 	2.94918 	63
