106500000000 106600000353 	200000706 483944812 9393 	199991313 9393 0 0 0 	232340 9393 0 	417 	2 	65
125700000000 125800000290 	400001286 971086948 27481 	399973805 27481 0 0 0 	683337 27481 0 	429.136 	2 	65
144900000000 145000000381 	600002048 1460908028 32138 	599969910 32138 0 0 0 	796764 32138 0 	445.135 	2.30848 	65
164100000000 164200000375 	800002798 1953106960 45408 	799957390 45408 0 0 0 	1122916 45408 0 	439.925 	2.22865 	65
183300000000 183400000254 	1000003306 2447335394 49687 	999953619 49687 0 0 0 	1227543 49687 0 	446.342 	2.37392 	65
202500000000 202600000265 	1200003836 2943517384 51138 	1199952698 51138 0 0 0 	1263889 51138 0 	443.646 	2.48142 	65
221700000000 221800000011 	1400003858 3441368059 57841 	1399946017 57841 0 0 0 	1429997 57841 0 	449.603 	2.54953 	65
240900000000 241000000230 	1600004318 3940862642 60787 	1599943531 60787 0 0 0 	1505318 60787 0 	449.777 	2.60569 	65
260100000000 260200000353 	1800005024 4441713466 61991 	1799943033 61991 0 0 0 	1534286 61991 0 	445.883 	2.65253 	65
279300000000 279400000290 	2000005604 4943933002 62483 	1999943121 62483 0 0 0 	1547239 62483 0 	439.584 	2.6917 	65
298500000000 298600000355 	2200006314 5447467474 66029 	2199940285 66029 0 0 0 	1636772 66029 0 	440.942 	2.71886 	65
317700000000 317800000060 	2400006434 5952187264 67755 	2399938679 67755 0 0 0 	1681649 67755 0 	439.834 	2.74294 	65
336900000000 337000000100 	2600006634 6457940672 68655 	2599937979 68655 0 0 0 	1705439 68655 0 	436.853 	2.76432 	65
356100000000 356200000012 	2800006658 6964769838 69125 	2799937533 69125 0 0 0 	1716201 69125 0 	432.351 	2.78341 	65
375300000000 375400000328 	3000007314 7472637653 69353 	2999937961 69353 0 0 0 	1722006 69353 0 	426.821 	2.80043 	65
394500000000 394600000112 	3200007538 7981387435 69465 	3199938073 69465 0 0 0 	1724797 69465 0 	420.494 	2.81568 	65
413700000000 413800000208 	3400007954 8491090432 69533 	3399938421 69533 0 0 0 	1726095 69533 0 	413.726 	2.82931 	65
432900000000 433000000376 	3600008706 9001722030 70276 	3599938430 70276 0 0 0 	1745359 70276 0 	412.456 	2.83929 	65
452100000000 452200000208 	3800009122 9513115956 70643 	3799938479 70643 0 0 0 	1755631 70643 0 	410.362 	2.84852 	65
471300000000 471400000080 	4000009282 10025241960 70890 	3999938392 70890 0 0 0 	1761370 70890 0 	407.511 	2.8571 	65
490500000000 490600000228 	4200009738 10538201257 71025 	4199938713 71025 0 0 0 	1764630 71025 0 	404.091 	2.86504 	65
509700000000 509800000268 	4400010274 11051898684 71095 	4399939179 71095 0 0 0 	1766543 71095 0 	400.272 	2.8724 	65
528900000000 529000000167 	4600010608 11566303262 71139 	4599939469 71139 0 0 0 	1767875 71139 0 	396.02 	2.87924 	65
548100000000 548200000110 	4800010828 12081316267 71162 	4799939666 71162 0 0 0 	1768387 71162 0 	391.494 	2.88559 	65
567300000000 567400000200 	5000011228 12597051518 71179 	4999940049 71179 0 0 0 	1768781 71179 0 	386.776 	2.89149 	65
586500000000 586600000328 	5200011884 13113435138 71456 	5199940428 71456 0 0 0 	1776571 71456 0 	385.76 	2.89594 	65
605700000000 605800000250 	5400012384 13630365366 71647 	5399940737 71647 0 0 0 	1782085 71647 0 	384.306 	2.90017 	65
624900000000 625000000254 	5600012892 14147906789 71767 	5599941125 71767 0 0 0 	1786102 71767 0 	382.48 	2.9042 	65
644100000000 644200000230 	5800013352 14666091788 71843 	5799941509 71843 0 0 0 	1788180 71843 0 	380.394 	2.908 	65
663300000000 663400000167 	6000013686 15184843852 71907 	5999941779 71907 0 0 0 	1789806 71907 0 	378.063 	2.91162 	65
682500000000 682600000056 	6200013798 15704064930 71945 	6199941853 71945 0 0 0 	1790947 71945 0 	375.498 	2.91505 	65
701700000000 701800000302 	6400014402 16223844483 71964 	6399942438 71964 0 0 0 	1791575 71964 0 	372.711 	2.91831 	65
720900000000 721000000280 	6600014962 16744113729 71976 	6599942986 71976 0 0 0 	1792049 71976 0 	369.759 	2.92142 	65
740100000000 740200000271 	6800015504 17264953368 71981 	6799943523 71981 0 0 0 	1792198 71981 0 	366.65 	2.92437 	65
759300000000 759400000040 	7000015584 17786270318 71987 	6999943597 71987 0 0 0 	1792335 71987 0 	363.436 	2.92717 	65
778500000000 778600000173 	7200015930 18307978105 71989 	7199943941 71989 0 0 0 	1792412 71989 0 	360.122 	2.92984 	65
797700000000 797800000040 	7400016010 18830197127 71989 	7399944021 71989 0 0 0 	1792412 71989 0 	356.711 	2.93238 	65
816900000000 817000000174 	7600016358 19352911902 72057 	7599944301 72057 0 0 0 	1793844 72057 0 	355.829 	2.93433 	65
836100000000 836200000188 	7800016734 19876031225 72123 	7799944611 72123 0 0 0 	1795379 72123 0 	354.747 	2.9362 	65
855300000000 855400000110 	8000016954 20399519711 72164 	7999944790 72164 0 0 0 	1796472 72164 0 	353.471 	2.93802 	65
874500000000 874600000282 	8200017518 20923513912 72195 	8199945323 72195 0 0 0 	1797299 72195 0 	352.043 	2.93978 	65
893700000000 893800000197 	8400017912 21447869756 72213 	8399945699 72213 0 0 0 	1797791 72213 0 	350.496 	2.94147 	65
912900000000 913000000113 	8600018138 21972632924 72225 	8599945913 72225 0 0 0 	1798205 72225 0 	348.837 	2.9431 	65
932100000000 932200000092 	8800018322 22497814968 72231 	8799946091 72231 0 0 0 	1798291 72231 0 	347.037 	2.94468 	65
951300000000 951400000040 	9000018402 23023411808 72237 	8999946165 72237 0 0 0 	1798371 72237 0 	345.2 	2.9462 	65
970500000000 970600000136 	9200018674 23549338230 72238 	9199946436 72238 0 0 0 	1798374 72238 0 	343.261 	2.94766 	65
989700000000 989800000180 	9400019034 24075658380 72239 	9399946795 72239 0 0 0 	1798554 72239 0 	341.222 	2.94908 	65
