106600000000 106700000353 	200000706 484019444 9448 	199991258 9448 0 0 0 	229147 9448 0 	417 	2 	66
125800000000 125900000290 	400001286 971189738 27296 	399973990 27296 0 0 0 	663976 27296 0 	429.136 	2 	66
145000000000 145100000159 	600001604 1460948491 31745 	599969859 31745 0 0 0 	773265 31745 0 	444.361 	2.30968 	66
164200000000 164300000375 	800002354 1953173455 44951 	799957403 44951 0 0 0 	1101537 44951 0 	438.576 	2.22924 	66
183400000000 183500000254 	1000002862 2447411682 49255 	999953607 49255 0 0 0 	1209153 49255 0 	445.231 	2.37403 	66
202600000000 202700000060 	1200002982 2943529008 50746 	1199952236 50746 0 0 0 	1247469 50746 0 	442.263 	2.48184 	66
221800000000 221900000011 	1400003004 3441426801 57489 	1399945515 57489 0 0 0 	1415830 57489 0 	448.385 	2.54971 	66
241000000000 241100000230 	1600003464 3940890175 60254 	1599943210 60254 0 0 0 	1484169 60254 0 	448.71 	2.60571 	66
260200000000 260300000353 	1800004170 4441704550 61419 	1799942751 61419 0 0 0 	1513277 61419 0 	444.951 	2.65246 	66
279400000000 279500000290 	2000004750 4943952344 61938 	1999942812 61938 0 0 0 	1526705 61938 0 	438.769 	2.69156 	66
298600000000 298700000355 	2200005460 5447453493 65322 	2199940138 65322 0 0 0 	1611729 65322 0 	440.196 	2.71869 	66
317800000000 317900000060 	2400005580 5952150978 67065 	2399938515 67065 0 0 0 	1658054 67065 0 	439.153 	2.74274 	66
337000000000 337100000100 	2600005780 6458013659 67917 	2599937863 67917 0 0 0 	1679442 67917 0 	436.234 	2.76411 	66
356200000000 356300000308 	2800006396 6964901024 68344 	2799938052 68344 0 0 0 	1689897 68344 0 	431.763 	2.7832 	66
375400000000 375500000328 	3000007052 7472734426 68559 	2999938493 68559 0 0 0 	1695004 68559 0 	426.286 	2.80022 	66
394600000000 394700000112 	3200007276 7981559074 68678 	3199938598 68678 0 0 0 	1697710 68678 0 	420.007 	2.81547 	66
413800000000 413900000243 	3400007762 8491276841 69314 	3399938448 69314 0 0 0 	1714648 69314 0 	416.491 	2.82778 	66
433000000000 433100000376 	3600008514 9001880943 70010 	3599938504 70010 0 0 0 	1733342 70010 0 	415.05 	2.83791 	66
452200000000 452300000208 	3800008930 9513331889 70412 	3799938518 70412 0 0 0 	1743654 70412 0 	412.794 	2.84727 	66
471400000000 471500000080 	4000009090 10025572913 70664 	3999938426 70664 0 0 0 	1749905 70664 0 	409.789 	2.85597 	66
490600000000 490700000228 	4200009546 10538540986 70804 	4199938742 70804 0 0 0 	1753425 70804 0 	406.223 	2.86402 	66
509800000000 509900000268 	4400010082 11052251707 70874 	4399939208 70874 0 0 0 	1755244 70874 0 	402.269 	2.87146 	66
529000000000 529100000167 	4600010416 11566640690 70915 	4599939501 70915 0 0 0 	1756201 70915 0 	397.889 	2.87839 	66
548200000000 548300000110 	4800010636 12081737124 70942 	4799939694 70942 0 0 0 	1757078 70942 0 	393.244 	2.88482 	66
567400000000 567500000193 	5000011022 12597417471 70958 	4999940064 70958 0 0 0 	1757417 70958 0 	388.409 	2.89078 	66
586600000000 586700000328 	5200011678 13113779204 71223 	5199940455 71223 0 0 0 	1763975 71223 0 	387.322 	2.89528 	66
605800000000 605900000250 	5400012178 13630739700 71425 	5399940753 71425 0 0 0 	1769869 71425 0 	385.798 	2.89955 	66
625000000000 625100000254 	5600012686 14148324757 71505 	5599941181 71505 0 0 0 	1771915 71505 0 	383.906 	2.90362 	66
644200000000 644300000017 	5800012720 14666475364 71572 	5799941148 71572 0 0 0 	1773456 71572 0 	381.749 	2.90746 	66
663400000000 663500000167 	6000013054 15185140678 71617 	5999941437 71617 0 0 0 	1774826 71617 0 	379.356 	2.91111 	66
682600000000 682700000056 	6200013166 15704373027 71649 	6199941517 71649 0 0 0 	1775744 71649 0 	376.732 	2.91457 	66
701800000000 701900000302 	6400013770 16224146350 71672 	6399942098 71672 0 0 0 	1776337 71672 0 	373.889 	2.91786 	66
721000000000 721100000280 	6600014330 16744438651 71686 	6599942644 71686 0 0 0 	1776705 71686 0 	370.883 	2.92099 	66
740200000000 740300000271 	6800014872 17265246369 71692 	6799943180 71692 0 0 0 	1776876 71692 0 	367.722 	2.92397 	66
759400000000 759500000040 	7000014952 17786514769 71696 	6999943256 71696 0 0 0 	1776948 71696 0 	364.46 	2.9268 	66
778600000000 778700000173 	7200015298 18308255305 71698 	7199943600 71698 0 0 0 	1776969 71698 0 	361.099 	2.92949 	66
797800000000 797900000040 	7400015378 18830448624 71700 	7399943678 71700 0 0 0 	1776990 71700 0 	357.644 	2.93205 	66
817000000000 817100000174 	7600015726 19353178366 71771 	7599943955 71771 0 0 0 	1778846 71771 0 	356.732 	2.93401 	66
836200000000 836300000188 	7800016102 19876290254 71831 	7799944271 71831 0 0 0 	1780278 71831 0 	355.622 	2.9359 	66
855400000000 855500000110 	8000016322 20399871835 71873 	7999944449 71873 0 0 0 	1781281 71873 0 	354.318 	2.93773 	66
874600000000 874700000302 	8200016926 20923869076 71895 	8199945031 71895 0 0 0 	1781961 71895 0 	352.861 	2.9395 	66
893800000000 893900000197 	8400017320 21448254799 71912 	8399945408 71912 0 0 0 	1782381 71912 0 	351.287 	2.9412 	66
913000000000 913100000113 	8600017546 21973006863 71923 	8599945623 71923 0 0 0 	1782638 71923 0 	349.603 	2.94285 	66
932200000000 932300000092 	8800017730 22498152552 71931 	8799945799 71931 0 0 0 	1782923 71931 0 	347.777 	2.94444 	66
951400000000 951500000040 	9000017810 23023704872 71939 	8999945871 71939 0 0 0 	1783152 71939 0 	345.917 	2.94596 	66
970600000000 970700000136 	9200018082 23549637264 71942 	9199946140 71942 0 0 0 	1783189 71942 0 	343.954 	2.94744 	66
989800000000 989900000180 	9400018442 24075958940 71945 	9399946497 71945 0 0 0 	1783260 71945 0 	341.892 	2.94886 	66
