107900000000 108000000228 	200000456 484220001 8291 	199992165 8291 0 0 0 	205529 8291 0 	412 	2 	79
127100000000 127200000088 	400000632 971555973 24479 	399976153 24479 0 0 0 	602030 24479 0 	423.66 	2 	79
146300000000 146400000254 	600001140 1461475866 28523 	599972617 28523 0 0 0 	701344 28523 0 	439.209 	2.30887 	79
165500000000 165600000320 	800001780 1953806390 40619 	799961161 40619 0 0 0 	1002135 40619 0 	434.244 	2.22903 	79
184700000000 184800000365 	1000002510 2448175851 44694 	999957816 44694 0 0 0 	1103927 44694 0 	441.129 	2.37345 	79
203900000000 204000000237 	1200002984 2944363746 46098 	1199956886 46098 0 0 0 	1140270 46098 0 	438.466 	2.48102 	79
223100000000 223200000011 	1400003006 3442342709 52435 	1399950571 52435 0 0 0 	1299668 52435 0 	445.037 	2.5485 	79
242300000000 242400000320 	1600003646 3941871910 55068 	1599948578 55068 0 0 0 	1366635 55068 0 	445.405 	2.60461 	79
261500000000 261600000338 	1800004322 4442869716 56189 	1799948133 56189 0 0 0 	1394762 56189 0 	441.932 	2.65128 	79
280700000000 280800000026 	2000004374 4945210793 56643 	1999947731 56643 0 0 0 	1407530 56643 0 	435.747 	2.69055 	79
299900000000 300000000230 	2200004834 5448823789 59879 	2199944955 59879 0 0 0 	1488548 59879 0 	437.09 	2.71781 	79
319100000000 319200000375 	2400005584 5953594028 61557 	2399944027 61557 0 0 0 	1530545 61557 0 	436.057 	2.74194 	79
338300000000 338400000314 	2600006212 6459480380 62375 	2599943837 62375 0 0 0 	1552099 62375 0 	433.233 	2.76333 	79
357500000000 357600000308 	2800006828 6966430894 62784 	2799944044 62784 0 0 0 	1563306 62784 0 	429.032 	2.78237 	79
376700000000 376800000328 	3000007484 7474366866 62995 	2999944489 62995 0 0 0 	1569096 62995 0 	423.8 	2.79935 	79
395900000000 396000000278 	3200008040 7983256537 63103 	3199944937 63103 0 0 0 	1571823 63103 0 	417.651 	2.81462 	79
415100000000 415200000091 	3400008222 8493055053 64261 	3399943961 64261 0 0 0 	1602075 64261 0 	417.132 	2.82574 	79
434300000000 434400000376 	3600008974 9003733939 64951 	3599944023 64951 0 0 0 	1619410 64951 0 	415.652 	2.83601 	79
453500000000 453600000120 	3800009214 9515221579 65337 	3799943877 65337 0 0 0 	1629088 65337 0 	413.23 	2.84555 	79
472700000000 472800000080 	4000009374 10027510491 65572 	3999943802 65572 0 0 0 	1635166 65572 0 	410.197 	2.85434 	79
491900000000 492000000038 	4200009450 10540577830 65734 	4199943716 65734 0 0 0 	1639208 65734 0 	406.604 	2.8625 	79
511100000000 511200000060 	4400009570 11054322701 65819 	4399943751 65819 0 0 0 	1641815 65819 0 	402.493 	2.87007 	79
530300000000 530400000167 	4600009904 11568710852 65871 	4599944033 65871 0 0 0 	1643021 65871 0 	398.099 	2.87708 	79
549500000000 549600000125 	4800010154 12083807516 65893 	4799944261 65893 0 0 0 	1643558 65893 0 	393.373 	2.8836 	79
568700000000 568800000251 	5000010656 12599594635 65909 	4999944747 65909 0 0 0 	1643903 65909 0 	388.468 	2.88965 	79
587900000000 588000000328 	5200011312 13115993324 66209 	5199945103 66209 0 0 0 	1652339 66209 0 	387.379 	2.89419 	79
607100000000 607200000250 	5400011812 13633015054 66395 	5399945417 66395 0 0 0 	1657745 66395 0 	385.852 	2.89851 	79
626300000000 626400000254 	5600012320 14150613009 66512 	5599945808 66512 0 0 0 	1660422 66512 0 	383.957 	2.90262 	79
645500000000 645600000208 	5800012736 14668837458 66584 	5799946152 66584 0 0 0 	1662209 66584 0 	381.758 	2.90651 	79
664700000000 664800000120 	6000012976 15187554831 66634 	5999946342 66634 0 0 0 	1663458 66634 0 	379.271 	2.91022 	79
683900000000 684000000110 	6200013196 15706870193 66673 	6199946523 66673 0 0 0 	1664507 66673 0 	376.557 	2.91374 	79
703100000000 703200000052 	6400013300 16226726872 66695 	6399946605 66695 0 0 0 	1665226 66695 0 	373.674 	2.91707 	79
722300000000 722400000063 	6600013426 16747035628 66711 	6599946715 66711 0 0 0 	1665799 66711 0 	370.66 	2.92023 	79
741500000000 741600000271 	6800013968 17267863472 66720 	6799947248 66720 0 0 0 	1666028 66720 0 	367.509 	2.92324 	79
760700000000 760800000040 	7000014048 17789195038 66725 	6999947323 66725 0 0 0 	1666110 66725 0 	364.256 	2.92609 	79
779900000000 780000000173 	7200014394 18311012863 66726 	7199947668 66726 0 0 0 	1666206 66726 0 	360.905 	2.9288 	79
799100000000 799200000040 	7400014474 18833210343 66732 	7399947742 66732 0 0 0 	1666282 66732 0 	357.458 	2.93139 	79
818300000000 818400000008 	7600014490 19355922097 66794 	7599947696 66794 0 0 0 	1667700 66794 0 	356.49 	2.93338 	79
837500000000 837600000188 	7800014866 19879021015 66827 	7799948039 66827 0 0 0 	1668735 66827 0 	355.387 	2.93529 	79
856700000000 856800000110 	8000015086 20402578122 66858 	7999948228 66858 0 0 0 	1669351 66858 0 	354.091 	2.93713 	79
875900000000 876000000302 	8200015690 20926556161 66885 	8199948805 66885 0 0 0 	1670022 66885 0 	352.64 	2.93892 	79
895100000000 895200000048 	8400015786 21450913678 66901 	8399948885 66901 0 0 0 	1670416 66901 0 	351.041 	2.94064 	79
914300000000 914400000113 	8600016012 21975720419 66918 	8599949094 66918 0 0 0 	1671000 66918 0 	349.365 	2.9423 	79
933500000000 933600000092 	8800016196 22500913686 66928 	8799949268 66928 0 0 0 	1671320 66928 0 	347.547 	2.94391 	79
952700000000 952800000214 	9000016624 23026501509 66939 	8999949685 66939 0 0 0 	1671507 66939 0 	345.625 	2.94545 	79
971900000000 972000000136 	9200016896 23552479819 66947 	9199949949 66947 0 0 0 	1671738 66947 0 	343.672 	2.94694 	79
991100000000 991200000180 	9400017256 24078783137 66951 	9399950305 66951 0 0 0 	1671834 66951 0 	341.62 	2.94838 	79
