108700000000 108800000186 	200000372 484256840 16 	200000356 16 0 0 0 	441 16 0 	256.575 	2 	87
127900000000 128000000152 	400000676 971731065 15308 	399985368 15308 0 0 0 	379869 15308 0 	322.77 	2 	87
147100000000 147200000371 	600001418 1461738168 19104 	599982314 19104 0 0 0 	473950 19104 0 	360.847 	2.25469 	87
166300000000 166400000233 	800001884 1954169124 30536 	799971348 30536 0 0 0 	757863 30536 0 	373.63 	2.19778 	87
185500000000 185600000368 	1000002620 2448665401 34231 	999968389 34231 0 0 0 	848289 34231 0 	389.331 	2.33126 	87
204700000000 204800000375 	1200003370 2945047358 35552 	1199967818 35552 0 0 0 	879855 35552 0 	394.854 	2.43481 	87
223900000000 224000000210 	1400003790 3443157008 41648 	1399962142 41648 0 0 0 	1032411 41648 0 	405.625 	2.50234 	87
243100000000 243200000320 	1600004430 3942780527 44193 	1599960237 44193 0 0 0 	1095823 44193 0 	410.478 	2.55933 	87
262300000000 262400000044 	1800004518 4443831475 45197 	1799959321 45197 0 0 0 	1121942 45197 0 	410.866 	2.60793 	87
281500000000 281600000213 	2000004944 4946241308 45631 	1999959313 45631 0 0 0 	1132979 45631 0 	408.255 	2.64938 	87
300700000000 300800000230 	2200005404 5449877966 48841 	2199956563 48841 0 0 0 	1213415 48841 0 	411.803 	2.67848 	87
319900000000 320000000375 	2400006154 5954715926 50419 	2399955735 50419 0 0 0 	1253287 50419 0 	412.872 	2.70451 	87
339100000000 339200000314 	2600006782 6460637417 51261 	2599955521 51261 0 0 0 	1276044 51261 0 	412.015 	2.72781 	87
358300000000 358400000278 	2800007338 6967657246 51660 	2799955678 51660 0 0 0 	1286896 51660 0 	409.383 	2.74886 	87
377500000000 377600000080 	3000007498 7475636298 51882 	2999955616 51882 0 0 0 	1292688 51882 0 	405.673 	2.76773 	87
396700000000 396800000278 	3200008054 7984576841 52000 	3199956054 52000 0 0 0 	1295753 52000 0 	401.093 	2.7847 	87
415900000000 416000000091 	3400008236 8494391604 53129 	3399955107 53129 0 0 0 	1325661 53129 0 	401.55 	2.79714 	87
435100000000 435200000290 	3600008816 9005120421 53811 	3599955005 53811 0 0 0 	1342559 53811 0 	400.89 	2.80872 	87
454300000000 454400000120 	3800009056 9516596980 54185 	3799954871 54185 0 0 0 	1351887 54185 0 	399.379 	2.81947 	87
473500000000 473600000080 	4000009216 10028890096 54418 	3999954798 54418 0 0 0 	1358933 54418 0 	397.206 	2.82943 	87
492700000000 492800000112 	4200009440 10541976951 54536 	4199954904 54536 0 0 0 	1362180 54536 0 	394.302 	2.83874 	87
511900000000 512000000060 	4400009560 11055757282 54606 	4399954954 54606 0 0 0 	1363793 54606 0 	390.967 	2.84737 	87
531100000000 531200000120 	4600009800 11570200823 54655 	4599955145 54655 0 0 0 	1365010 54655 0 	387.17 	2.85543 	87
550300000000 550400000125 	4800010050 12085336809 54683 	4799955367 54683 0 0 0 	1365739 54683 0 	383.131 	2.8629 	87
569500000000 569600000251 	5000010552 12601126039 54696 	4999955856 54696 0 0 0 	1365984 54696 0 	378.867 	2.86985 	87
588700000000 588800000328 	5200011208 13117546056 54962 	5199956246 54962 0 0 0 	1373220 54962 0 	378.189 	2.87508 	87
607900000000 608000000250 	5400011708 13634559373 55129 	5399956579 55129 0 0 0 	1377265 55129 0 	377.064 	2.88006 	87
627100000000 627200000254 	5600012216 14152196056 55232 	5599956984 55232 0 0 0 	1380007 55232 0 	375.558 	2.88481 	87
646300000000 646400000208 	5800012632 14670421628 55306 	5799957326 55306 0 0 0 	1381609 55306 0 	373.735 	2.88932 	87
665500000000 665600000120 	6000012872 15189207005 55361 	5999957511 55361 0 0 0 	1383120 55361 0 	371.609 	2.89362 	87
684700000000 684800000110 	6200013092 15708488338 55394 	6199957698 55394 0 0 0 	1384427 55394 0 	369.242 	2.8977 	87
703900000000 704000000052 	6400013196 16228329388 55412 	6399957784 55412 0 0 0 	1384920 55412 0 	366.691 	2.90159 	87
723100000000 723200000021 	6600013238 16748679406 55428 	6599957810 55428 0 0 0 	1385313 55428 0 	363.917 	2.90529 	87
742300000000 742400000186 	6800013610 17269578367 55441 	6799958169 55441 0 0 0 	1385585 55441 0 	361.024 	2.90881 	87
761500000000 761600000214 	7000014038 17790900967 55448 	6999958590 55448 0 0 0 	1385767 55448 0 	357.97 	2.91216 	87
780700000000 780800000173 	7200014384 18312658569 55452 	7199958932 55452 0 0 0 	1385816 55452 0 	354.901 	2.91533 	87
799900000000 800000000040 	7400014464 18834948906 55454 	7399959010 55454 0 0 0 	1385866 55454 0 	351.724 	2.91836 	87
819100000000 819200000008 	7600014480 19357613995 55536 	7599958944 55536 0 0 0 	1387948 55536 0 	350.934 	2.92069 	87
838300000000 838400000096 	7800014672 19880738529 55594 	7799959078 55594 0 0 0 	1389188 55594 0 	349.942 	2.92294 	87
857500000000 857600000110 	8000014892 20404281535 55628 	7999959264 55628 0 0 0 	1389992 55628 0 	348.819 	2.92511 	87
876700000000 876800000302 	8200015496 20928287821 55652 	8199959844 55652 0 0 0 	1390456 55652 0 	347.537 	2.9272 	87
895900000000 896000000048 	8400015592 21452706255 55669 	8399959923 55669 0 0 0 	1390871 55669 0 	346.102 	2.92923 	87
915100000000 915200000024 	8600015640 21977474731 55679 	8599959961 55679 0 0 0 	1391116 55679 0 	344.571 	2.93118 	87
934300000000 934400000092 	8800015824 22502689496 55691 	8799960133 55691 0 0 0 	1391314 55691 0 	342.909 	2.93307 	87
953500000000 953600000214 	9000016252 23028308518 55696 	8999960556 55696 0 0 0 	1391446 55696 0 	341.139 	2.93489 	87
972700000000 972800000173 	9200016598 23554324587 55702 	9199960896 55702 0 0 0 	1391611 55702 0 	339.298 	2.93665 	87
991900000000 992000000180 	9400016958 24080643784 55704 	9399961254 55704 0 0 0 	1391651 55704 0 	337.388 	2.93835 	87
