108800000000 108900000000 	200000000 484272016 15 	199999985 15 0 0 0 	478 15 0 	256 	2 	88
128000000000 128100000110 	400000220 971762811 15281 	399984939 15281 0 0 0 	374413 15281 0 	322.041 	2 	88
147200000000 147300000365 	600000950 1461827991 19030 	599981920 19030 0 0 0 	466464 19030 0 	359.991 	2.25477 	88
166400000000 166500000353 	800001656 1954301753 30522 	799971134 30522 0 0 0 	754724 30522 0 	372.73 	2.19784 	88
185600000000 185700000368 	1000002392 2448844050 34403 	999967989 34403 0 0 0 	852312 34403 0 	388.55 	2.33104 	88
204800000000 204900000375 	1200003142 2945224154 35679 	1199967463 35679 0 0 0 	884561 35679 0 	394.184 	2.43445 	88
224000000000 224100000210 	1400003562 3443279677 41892 	1399961670 41892 0 0 0 	1038358 41892 0 	405.018 	2.50192 	88
243200000000 243300000297 	1600004156 3942908786 44447 	1599959709 44447 0 0 0 	1103375 44447 0 	409.745 	2.55909 	88
262400000000 262500000044 	1800004244 4443959071 45484 	1799958760 45484 0 0 0 	1128908 45484 0 	410.213 	2.60763 	88
281600000000 281700000285 	2000004814 4946365720 45914 	1999958900 45914 0 0 0 	1140178 45914 0 	407.544 	2.64917 	88
300800000000 300900000230 	2200005274 5450020787 49139 	2199956135 49139 0 0 0 	1220999 49139 0 	411.146 	2.67824 	88
320000000000 320100000375 	2400006024 5954872511 50730 	2399955294 50730 0 0 0 	1262517 50730 0 	412.266 	2.70425 	88
339200000000 339300000314 	2600006652 6460876487 51528 	2599955124 51528 0 0 0 	1281457 51528 0 	411.457 	2.72754 	88
358400000000 358500000278 	2800007208 6967865749 51935 	2799955273 51935 0 0 0 	1291658 51935 0 	408.872 	2.74859 	88
377600000000 377700000080 	3000007368 7475841564 52156 	2999955212 52156 0 0 0 	1297904 52156 0 	405.205 	2.76745 	88
396800000000 396900000278 	3200007924 7984763425 52238 	3199955686 52238 0 0 0 	1299994 52238 0 	400.664 	2.78443 	88
416000000000 416100000091 	3400008106 8494562609 53376 	3399954730 53376 0 0 0 	1329024 53376 0 	401.145 	2.79687 	88
435200000000 435300000290 	3600008686 9005270869 54086 	3599954600 54086 0 0 0 	1346663 54086 0 	400.509 	2.80846 	88
454400000000 454500000120 	3800008926 9516759091 54456 	3799954470 54456 0 0 0 	1355248 54456 0 	399.02 	2.81921 	88
473600000000 473700000080 	4000009086 10029017149 54672 	3999954414 54672 0 0 0 	1360816 54672 0 	396.869 	2.82918 	88
492800000000 492900000112 	4200009310 10542042302 54807 	4199954503 54807 0 0 0 	1364183 54807 0 	393.986 	2.83849 	88
512000000000 512100000060 	4400009430 11055806296 54882 	4399954548 54882 0 0 0 	1366032 54882 0 	390.671 	2.84713 	88
531200000000 531300000120 	4600009670 11570264130 54929 	4599954741 54929 0 0 0 	1367354 54929 0 	386.891 	2.85519 	88
550400000000 550500000125 	4800009920 12085369411 54953 	4799954967 54953 0 0 0 	1367880 54953 0 	382.87 	2.86267 	88
569600000000 569700000251 	5000010422 12601173242 54967 	4999955455 54967 0 0 0 	1368221 54967 0 	378.622 	2.86963 	88
588800000000 588900000328 	5200011078 13117580488 55204 	5199955874 55204 0 0 0 	1373888 55204 0 	377.954 	2.87486 	88
608000000000 608100000250 	5400011578 13634588544 55384 	5399956194 55384 0 0 0 	1378622 55384 0 	376.84 	2.87985 	88
627200000000 627300000254 	5600012086 14152211462 55507 	5599956579 55507 0 0 0 	1381226 55507 0 	375.343 	2.8846 	88
646400000000 646500000208 	5800012502 14670456658 55583 	5799956919 55583 0 0 0 	1383327 55583 0 	373.529 	2.88912 	88
665600000000 665700000120 	6000012742 15189188523 55635 	5999957107 55635 0 0 0 	1384830 55635 0 	371.413 	2.89342 	88
684800000000 684900000110 	6200012962 15708511540 55664 	6199957298 55664 0 0 0 	1385633 55664 0 	369.054 	2.89752 	88
704000000000 704100000052 	6400013066 16228332943 55684 	6399957382 55684 0 0 0 	1386090 55684 0 	366.511 	2.9014 	88
723200000000 723300000021 	6600013108 16748643312 55692 	6599957416 55692 0 0 0 	1386241 55692 0 	363.746 	2.90511 	88
742400000000 742500000186 	6800013480 17269484806 55700 	6799957780 55700 0 0 0 	1386502 55700 0 	360.861 	2.90863 	88
761600000000 761700000214 	7000013908 17790787078 55708 	6999958200 55708 0 0 0 	1386646 55708 0 	357.813 	2.91199 	88
780800000000 780900000173 	7200014254 18312592635 55712 	7199958542 55712 0 0 0 	1386701 55712 0 	354.752 	2.91517 	88
800000000000 800100000040 	7400014334 18834835582 55712 	7399958622 55712 0 0 0 	1386701 55712 0 	351.582 	2.9182 	88
819200000000 819300000008 	7600014350 19357577574 55774 	7599958576 55774 0 0 0 	1388313 55774 0 	350.796 	2.92053 	88
838400000000 838500000096 	7800014542 19880713768 55835 	7799958707 55835 0 0 0 	1389546 55835 0 	349.808 	2.92279 	88
857600000000 857700000110 	8000014762 20404306298 55882 	7999958880 55882 0 0 0 	1390619 55882 0 	348.689 	2.92496 	88
876800000000 876900000302 	8200015366 20928353304 55910 	8199959456 55910 0 0 0 	1391280 55910 0 	347.411 	2.92706 	88
896000000000 896100000048 	8400015462 21452787091 55928 	8399959534 55928 0 0 0 	1391967 55928 0 	345.98 	2.92909 	88
915200000000 915300000069 	8600015600 21977599755 55939 	8599959661 55939 0 0 0 	1392168 55939 0 	344.401 	2.93105 	88
934400000000 934500000092 	8800015784 22502843347 55947 	8799959837 55947 0 0 0 	1392335 55947 0 	342.744 	2.93294 	88
953600000000 953700000214 	9000016212 23028465957 55954 	8999960258 55954 0 0 0 	1392560 55954 0 	340.98 	2.93477 	88
972800000000 972900000173 	9200016558 23554472122 55957 	9199960601 55957 0 0 0 	1392612 55957 0 	339.144 	2.93653 	88
992000000000 992100000180 	9400016918 24080782305 55959 	9399960959 55959 0 0 0 	1392662 55959 0 	337.239 	2.93823 	88
