110800000000 110900000192 	200000384 484962836 53302 	199947082 53302 0 0 0 	1300094 53302 0 	503.599 	2 	108
130000000000 130100000060 	400000504 972706148 66253 	399934251 66253 0 0 0 	1622175 66253 0 	462.732 	2 	108
149200000000 149300000252 	600001008 1463039152 69461 	599931547 69461 0 0 0 	1701340 69461 0 	464.145 	2.3313 	108
168400000000 168500000290 	800001588 1955717151 79657 	799921931 79657 0 0 0 	1956124 79657 0 	450.313 	2.24107 	108
187600000000 187700000352 	1000002292 2450408101 83061 	999919231 83061 0 0 0 	2040773 83061 0 	452.985 	2.38925 	108
206800000000 206900000320 	1200002932 2946922826 84232 	1199918700 84232 0 0 0 	2070571 84232 0 	447.133 	2.49762 	108
226000000000 226100000381 	1400003694 3445195453 89728 	1399913966 89728 0 0 0 	2208324 89728 0 	451.676 	2.56501 	108
245200000000 245300000290 	1600004274 3944953042 92052 	1599912222 92052 0 0 0 	2267848 92052 0 	450.443 	2.62042 	108
264400000000 264500000228 	1800004730 4446161534 93034 	1799911696 93034 0 0 0 	2293259 93034 0 	445.821 	2.66606 	108
283600000000 283700000151 	2000005032 4948688868 93428 	1999911604 93428 0 0 0 	2302529 93428 0 	438.627 	2.70431 	108
302800000000 302900000320 	2200005672 5452479310 96386 	2199909286 96386 0 0 0 	2376327 96386 0 	439.463 	2.73067 	108
322000000000 322100000074 	2400005820 5957471455 97892 	2399907928 97892 0 0 0 	2414644 97892 0 	437.952 	2.75397 	108
341200000000 341300000173 	2600006166 6463531432 98600 	2599907566 98600 0 0 0 	2432808 98600 0 	434.688 	2.77459 	108
360400000000 360500000208 	2800006582 6970644942 98996 	2799907586 98996 0 0 0 	2442320 98996 0 	429.895 	2.79299 	108
379600000000 379700000140 	3000006862 7478656691 99173 	2999907689 99173 0 0 0 	2446997 99173 0 	424.216 	2.80935 	108
398800000000 398900000296 	3200007454 7987659336 99251 	3199908203 99251 0 0 0 	2448967 99251 0 	417.843 	2.82395 	108
418000000000 418100000307 	3400008068 8497588280 100299 	3399907769 100299 0 0 0 	2476906 100299 0 	417.189 	2.83456 	108
437200000000 437300000290 	3600008648 9008340766 100943 	3599907705 100943 0 0 0 	2493717 100943 0 	415.579 	2.84436 	108
456400000000 456500000296 	3800009240 9519896468 101316 	3799907924 101316 0 0 0 	2503547 101316 0 	413.033 	2.85345 	108
475600000000 475700000140 	4000009520 10032259959 101507 	3999908013 101507 0 0 0 	2508354 101507 0 	409.882 	2.86184 	108
494800000000 494900000278 	4200010076 10545333574 101625 	4199908451 101625 0 0 0 	2511227 101625 0 	406.111 	2.86963 	108
514000000000 514100000230 	4400010536 11059196409 101686 	4399908850 101686 0 0 0 	2512778 101686 0 	401.898 	2.87685 	108
533200000000 533300000120 	4600010776 11573711381 101723 	4599909053 101723 0 0 0 	2513644 101723 0 	397.408 	2.88352 	108
552400000000 552500000031 	4800010838 12088917507 101754 	4799909084 101754 0 0 0 	2514506 101754 0 	392.591 	2.88973 	108
571600000000 571700000197 	5000011232 12604796385 101773 	4999909459 101773 0 0 0 	2515080 101773 0 	387.601 	2.89548 	108
590800000000 590900000080 	5200011392 13121324854 102052 	5199909340 102052 0 0 0 	2521978 102052 0 	386.461 	2.8998 	108
610000000000 610100000236 	5400011864 13638431765 102232 	5399909632 102232 0 0 0 	2526479 102232 0 	384.886 	2.9039 	108
629200000000 629300000032 	5600011928 14156092376 102340 	5599909588 102340 0 0 0 	2529496 102340 0 	382.942 	2.9078 	108
648400000000 648500000197 	5800012322 14674394843 102423 	5799909899 102423 0 0 0 	2531312 102423 0 	380.696 	2.9115 	108
667600000000 667700000188 	6000012698 15193238990 102473 	5999910225 102473 0 0 0 	2532330 102473 0 	378.211 	2.91501 	108
686800000000 686900000125 	6200012948 15712539771 102499 	6199910449 102499 0 0 0 	2532996 102499 0 	375.498 	2.91834 	108
706000000000 706100000052 	6400013052 16232406777 102514 	6399910538 102514 0 0 0 	2533446 102514 0 	372.664 	2.92149 	108
725200000000 725300000021 	6600013094 16752846547 102529 	6599910565 102529 0 0 0 	2533768 102529 0 	369.618 	2.92449 	108
744400000000 744500000186 	6800013466 17273711112 102536 	6799910930 102536 0 0 0 	2533846 102536 0 	366.467 	2.92734 	108
763600000000 763700000214 	7000013894 17795063665 102539 	6999911355 102539 0 0 0 	2533927 102539 0 	363.165 	2.93005 	108
782800000000 782900000084 	7200014062 18316958093 102542 	7199911520 102542 0 0 0 	2534015 102542 0 	359.766 	2.93263 	108
802000000000 802100000135 	7400014332 18839268774 102545 	7399911787 102545 0 0 0 	2534063 102545 0 	356.322 	2.93508 	108
821200000000 821300000008 	7600014348 19362037786 102592 	7599911756 102592 0 0 0 	2535089 102592 0 	355.389 	2.93695 	108
840400000000 840500000096 	7800014540 19885267285 102640 	7799911900 102640 0 0 0 	2536334 102640 0 	354.257 	2.93876 	108
859600000000 859700000125 	8000014790 20408867397 102682 	7999912108 102682 0 0 0 	2537433 102682 0 	352.965 	2.94051 	108
878800000000 878900000052 	8200014894 20932892366 102705 	8199912189 102705 0 0 0 	2538120 102705 0 	351.518 	2.9422 	108
898000000000 898100000048 	8400014990 21457336699 102727 	8399912263 102727 0 0 0 	2538805 102727 0 	349.955 	2.94383 	108
917200000000 917300000069 	8600015128 21982187765 102736 	8599912392 102736 0 0 0 	2539021 102736 0 	348.247 	2.9454 	108
936400000000 936500000031 	8800015190 22507420074 102747 	8799912443 102747 0 0 0 	2539205 102747 0 	346.432 	2.94692 	108
955600000000 955700000214 	9000015618 23033084717 102750 	8999912868 102750 0 0 0 	2539221 102750 0 	344.547 	2.94838 	108
974800000000 974900000173 	9200015964 23559113984 102757 	9199913207 102757 0 0 0 	2539350 102757 0 	342.595 	2.94979 	108
994000000000 994100000044 	9400016052 24085493820 102760 	9399913292 102760 0 0 0 	2539458 102760 0 	340.544 	2.95115 	108
