111000000000 111100000000 	200000000 485037091 51989 	199948011 51989 0 0 0 	1275573 51989 0 	500 	2 	110
130200000000 130300000060 	400000120 972864444 65212 	399934908 65212 0 0 0 	1597492 65212 0 	461.207 	2 	110
149400000000 149500000352 	600000824 1463204717 68403 	599932421 68403 0 0 0 	1677270 68403 0 	462.134 	2.33199 	110
168600000000 168700000228 	800001280 1955896373 78461 	799922819 78461 0 0 0 	1929392 78461 0 	448.491 	2.24164 	110
187800000000 187900000352 	1000001984 2450607104 81878 	999920106 81878 0 0 0 	2013540 81878 0 	451.509 	2.38923 	110
207000000000 207100000320 	1200002624 2947142912 83034 	1199919590 83034 0 0 0 	2042656 83034 0 	445.933 	2.49731 	110
226200000000 226300000381 	1400003386 3445422221 88567 	1399914819 88567 0 0 0 	2180830 88567 0 	450.626 	2.56459 	110
245400000000 245500000290 	1600003966 3945231865 90899 	1599913067 90899 0 0 0 	2240060 90899 0 	449.53 	2.61994 	110
264600000000 264700000228 	1800004422 4446411152 91851 	1799912571 91851 0 0 0 	2264530 91851 0 	445.025 	2.66556 	110
283800000000 283900000151 	2000004724 4948960528 92237 	1999912487 92237 0 0 0 	2274853 92237 0 	437.933 	2.7038 	110
303000000000 303100000320 	2200005364 5452760914 95226 	2199910138 95226 0 0 0 	2352302 95226 0 	438.83 	2.73017 	110
322200000000 322300000074 	2400005512 5957771701 96735 	2399908777 96735 0 0 0 	2390941 96735 0 	437.376 	2.75348 	110
341400000000 341500000173 	2600005858 6463858347 97502 	2599908356 97502 0 0 0 	2409790 97502 0 	434.164 	2.77411 	110
360600000000 360700000208 	2800006274 6970957029 97874 	2799908400 97874 0 0 0 	2417957 97874 0 	429.419 	2.79254 	110
379800000000 379900000140 	3000006554 7479037536 98053 	2999908501 98053 0 0 0 	2422830 98053 0 	423.783 	2.80891 	110
399000000000 399100000296 	3200007146 7988048168 98136 	3199909010 98136 0 0 0 	2425138 98136 0 	417.449 	2.82353 	110
418200000000 418300000307 	3400007760 8497978095 99176 	3399908584 99176 0 0 0 	2452856 99176 0 	416.82 	2.83416 	110
437400000000 437500000026 	3600007812 9008703054 99756 	3599908056 99756 0 0 0 	2467915 99756 0 	415.043 	2.84404 	110
456600000000 456700000296 	3800008404 9520247022 100126 	3799908278 100126 0 0 0 	2477770 100126 0 	412.531 	2.85315 	110
475800000000 475900000140 	4000008684 10032631769 100326 	3999908358 100326 0 0 0 	2483066 100326 0 	409.413 	2.86154 	110
495000000000 495100000278 	4200009240 10545751508 100438 	4199908802 100438 0 0 0 	2485892 100438 0 	405.672 	2.86934 	110
514200000000 514300000230 	4400009700 11059649115 100500 	4399909200 100500 0 0 0 	2487438 100500 0 	401.487 	2.87657 	110
533400000000 533500000120 	4600009940 11574228683 100536 	4599909404 100536 0 0 0 	2488671 100536 0 	397.024 	2.88325 	110
552600000000 552700000031 	4800010002 12089472082 100561 	4799909441 100561 0 0 0 	2489248 100561 0 	392.232 	2.88946 	110
571800000000 571900000197 	5000010396 12605312200 100576 	4999909820 100576 0 0 0 	2489645 100576 0 	387.265 	2.89523 	110
591000000000 591100000080 	5200010556 13121826726 100828 	5199909728 100828 0 0 0 	2496257 100828 0 	386.14 	2.89955 	110
610200000000 610300000236 	5400011028 13638936395 100987 	5399910041 100987 0 0 0 	2500989 100987 0 	384.579 	2.90366 	110
629400000000 629500000032 	5600011092 14156660125 101088 	5599910004 101088 0 0 0 	2503308 101088 0 	382.649 	2.90757 	110
648600000000 648700000197 	5800011486 14674930249 101142 	5799910344 101142 0 0 0 	2504862 101142 0 	380.417 	2.91128 	110
667800000000 667900000188 	6000011862 15193705084 101192 	5999910670 101192 0 0 0 	2506744 101192 0 	377.944 	2.91479 	110
687000000000 687100000125 	6200012112 15713119824 101226 	6199910886 101226 0 0 0 	2507721 101226 0 	375.243 	2.91813 	110
706200000000 706300000200 	6400012512 16233023792 101249 	6399911263 101249 0 0 0 	2508568 101249 0 	372.325 	2.9213 	110
725400000000 725500000021 	6600012554 16753450115 101264 	6599911290 101264 0 0 0 	2508975 101264 0 	369.295 	2.92431 	110
744600000000 744700000186 	6800012926 17274353951 101270 	6799911656 101270 0 0 0 	2509070 101270 0 	366.159 	2.92716 	110
763800000000 763900000214 	7000013354 17795748805 101279 	6999912075 101279 0 0 0 	2509302 101279 0 	362.871 	2.92988 	110
783000000000 783100000084 	7200013522 18317621825 101284 	7199912238 101284 0 0 0 	2509444 101284 0 	359.486 	2.93246 	110
802200000000 802300000135 	7400013792 18839961613 101289 	7399912503 101289 0 0 0 	2509777 101289 0 	356.055 	2.93491 	110
821400000000 821500000008 	7600013808 19362739844 101364 	7599912444 101364 0 0 0 	2512017 101364 0 	355.13 	2.93679 	110
840600000000 840700000096 	7800014000 19885980567 101415 	7799912585 101415 0 0 0 	2513019 101415 0 	354.006 	2.93861 	110
859800000000 859900000125 	8000014250 20409615687 101457 	7999912793 101457 0 0 0 	2514257 101457 0 	352.722 	2.94036 	110
879000000000 879100000052 	8200014354 20933649988 101479 	8199912875 101479 0 0 0 	2515136 101479 0 	351.283 	2.94205 	110
898200000000 898300000048 	8400014450 21458142030 101502 	8399912948 101502 0 0 0 	2515856 101502 0 	349.728 	2.94368 	110
917400000000 917500000069 	8600014588 21983034611 101516 	8599913072 101516 0 0 0 	2516189 101516 0 	348.027 	2.94526 	110
936600000000 936700000031 	8800014650 22508298912 101526 	8799913124 101526 0 0 0 	2516490 101526 0 	346.219 	2.94678 	110
955800000000 955900000075 	9000014800 23033945075 101532 	8999913268 101532 0 0 0 	2516552 101532 0 	344.325 	2.94825 	110
975000000000 975100000173 	9200015146 23559963885 101535 	9199913611 101535 0 0 0 	2516617 101535 0 	342.381 	2.94966 	110
994200000000 994300000044 	9400015234 24086377634 101535 	9399913699 101535 0 0 0 	2516617 101535 0 	340.336 	2.95102 	110
