111600000000 111700000000 	200000000 485124114 49855 	199950145 49855 0 0 0 	1219048 49855 0 	500 	2 	116
130800000000 130900000375 	400000750 973035153 62200 	399938550 62200 0 0 0 	1523786 62200 0 	459.459 	2 	116
150000000000 150100000352 	600001454 1463428459 65253 	599936201 65253 0 0 0 	1601240 65253 0 	460.963 	2.33115 	116
169200000000 169300000228 	800001910 1956197155 75022 	799926888 75022 0 0 0 	1844673 75022 0 	447.663 	2.2412 	116
188400000000 188500000120 	1000002150 2450953012 78366 	999923784 78366 0 0 0 	1927416 78366 0 	450.268 	2.38943 	116
207600000000 207700000320 	1200002790 2947534369 79422 	1199923368 79422 0 0 0 	1952769 79422 0 	444.924 	2.49723 	116
226800000000 226900000468 	1400003726 3445863861 84847 	1399918879 84847 0 0 0 	2090610 84847 0 	449.366 	2.56475 	116
246000000000 246100000290 	1600004306 3945691055 87169 	1599917137 87169 0 0 0 	2148552 87169 0 	448.432 	2.61995 	116
265200000000 265300000091 	1800004488 4446949484 88109 	1799916379 88109 0 0 0 	2173039 88109 0 	443.679 	2.66576 	116
284400000000 284500000151 	2000004790 4949528652 88492 	1999916298 88492 0 0 0 	2183443 88492 0 	436.76 	2.70387 	116
303600000000 303700000320 	2200005430 5453396858 91426 	2199914004 91426 0 0 0 	2258371 91426 0 	437.758 	2.73018 	116
322800000000 322900000320 	2400006070 5958414564 92855 	2399913215 92855 0 0 0 	2296217 92855 0 	436.221 	2.75353 	116
342000000000 342100000330 	2600006730 6464482188 93535 	2599913195 93535 0 0 0 	2312743 93535 0 	432.931 	2.77421 	116
361200000000 361300000208 	2800007146 6971615740 93908 	2799913238 93908 0 0 0 	2321869 93908 0 	428.299 	2.79258 	116
380400000000 380500000140 	3000007426 7479728931 94103 	2999913323 94103 0 0 0 	2326803 94103 0 	422.764 	2.80891 	116
399600000000 399700000296 	3200008018 7988779007 94202 	3199913816 94202 0 0 0 	2329434 94202 0 	416.522 	2.8235 	116
418800000000 418900000307 	3400008632 8498702162 95304 	3399913328 95304 0 0 0 	2357505 95304 0 	415.95 	2.83411 	116
438000000000 438100000026 	3600008684 9009442623 95895 	3599912789 95895 0 0 0 	2372776 95895 0 	414.228 	2.84397 	116
457200000000 457300000296 	3800009276 9521077655 96263 	3799913013 96263 0 0 0 	2382527 96263 0 	411.768 	2.85306 	116
476400000000 476500000044 	4000009364 10033473741 96469 	3999912895 96469 0 0 0 	2387828 96469 0 	408.568 	2.86149 	116
495600000000 495700000278 	4200009920 10546597634 96579 	4199913341 96579 0 0 0 	2391082 96579 0 	404.883 	2.86928 	116
514800000000 514900000230 	4400010380 11060499342 96671 	4399913709 96671 0 0 0 	2393472 96671 0 	400.749 	2.87649 	116
534000000000 534100000188 	4600010756 11575044632 96713 	4599914043 96713 0 0 0 	2394662 96713 0 	396.266 	2.88319 	116
553200000000 553300000031 	4800010818 12090266310 96728 	4799914090 96728 0 0 0 	2395097 96728 0 	391.522 	2.88939 	116
572400000000 572500000197 	5000011212 12606134031 96739 	4999914473 96739 0 0 0 	2395447 96739 0 	386.601 	2.89515 	116
591600000000 591700000080 	5200011372 13122655857 97012 	5199914360 97012 0 0 0 	2402154 97012 0 	385.505 	2.89947 	116
610800000000 610900000236 	5400011844 13639795569 97176 	5399914668 97176 0 0 0 	2406468 97176 0 	383.973 	2.90358 	116
630000000000 630100000032 	5600011908 14157532313 97288 	5599914620 97288 0 0 0 	2409340 97288 0 	382.071 	2.90748 	116
649200000000 649300000197 	5800012302 14675834263 97365 	5799914937 97365 0 0 0 	2411311 97365 0 	379.865 	2.91119 	116
668400000000 668500000188 	6000012678 15194684304 97407 	5999915271 97407 0 0 0 	2412278 97407 0 	377.417 	2.9147 	116
687600000000 687700000125 	6200012928 15714151207 97434 	6199915494 97434 0 0 0 	2412856 97434 0 	374.741 	2.91804 	116
706800000000 706900000200 	6400013328 16234040697 97443 	6399915885 97443 0 0 0 	2413036 97443 0 	371.846 	2.92121 	116
726000000000 726100000072 	6600013472 16754431238 97454 	6599916018 97454 0 0 0 	2413326 97454 0 	368.79 	2.92423 	116
745200000000 745300000092 	6800013656 17275322469 97462 	6799916194 97462 0 0 0 	2413548 97462 0 	365.58 	2.9271 	116
764400000000 764500000214 	7000014084 17796732403 97463 	6999916621 97463 0 0 0 	2413589 97463 0 	362.318 	2.92981 	116
783600000000 783700000084 	7200014252 18318546176 97467 	7199916785 97467 0 0 0 	2413662 97467 0 	358.958 	2.93239 	116
802800000000 802900000135 	7400014522 18840828357 97471 	7399917051 97471 0 0 0 	2413755 97471 0 	355.551 	2.93485 	116
822000000000 822100000320 	7600015162 19363607469 97528 	7599917634 97528 0 0 0 	2415113 97528 0 	354.579 	2.93673 	116
841200000000 841300000096 	7800015354 19886817407 97564 	7799917790 97564 0 0 0 	2416068 97564 0 	353.473 	2.93855 	116
860400000000 860500000125 	8000015604 20410476101 97600 	7999918004 97600 0 0 0 	2417191 97600 0 	352.205 	2.9403 	116
879600000000 879700000052 	8200015708 20934591749 97627 	8199918081 97627 0 0 0 	2418075 97627 0 	350.783 	2.94199 	116
898800000000 898900000048 	8400015804 21459067125 97641 	8399918163 97641 0 0 0 	2418412 97641 0 	349.244 	2.94362 	116
918000000000 918100000069 	8600015942 21983931489 97648 	8599918294 97648 0 0 0 	2418606 97648 0 	347.559 	2.9452 	116
937200000000 937300000031 	8800016004 22509217870 97655 	8799918349 97655 0 0 0 	2418879 97655 0 	345.766 	2.94672 	116
956400000000 956500000047 	9000016098 23034814248 97666 	8999918432 97666 0 0 0 	2419221 97666 0 	343.869 	2.94819 	116
975600000000 975700000173 	9200016444 23560836379 97669 	9199918775 97669 0 0 0 	2419299 97669 0 	341.94 	2.9496 	116
994800000000 994900000044 	9400016532 24087284788 97675 	9399918857 97675 0 0 0 	2419392 97675 0 	339.91 	2.95097 	116
