112000000000 112100000048 	200000096 485158167 48620 	199951476 48620 0 0 0 	1193850 48620 0 	496 	2 	120
131200000000 131300000375 	400000846 973075837 60526 	399940320 60526 0 0 0 	1486183 60526 0 	457.763 	2 	120
150400000000 150500000120 	600001086 1463522106 63527 	599937559 63527 0 0 0 	1561562 63527 0 	458.837 	2.33177 	120
169600000000 169700000091 	800001268 1956305877 73282 	799927986 73282 0 0 0 	1804504 73282 0 	445.273 	2.24147 	120
188800000000 188900000120 	1000001508 2451102205 76343 	999925165 76343 0 0 0 	1881161 76343 0 	448.332 	2.38901 	120
208000000000 208100000353 	1200002214 2947730929 77387 	1199924827 77387 0 0 0 	1906733 77387 0 	442.787 	2.49714 	120
227200000000 227300000468 	1400003150 3446062397 82651 	1399920499 82651 0 0 0 	2038565 82651 0 	447.496 	2.56439 	120
246400000000 246500000290 	1600003730 3945919661 84895 	1599918835 84895 0 0 0 	2094727 84895 0 	446.802 	2.61943 	120
265600000000 265700000091 	1800003912 4447234240 85821 	1799918091 85821 0 0 0 	2118402 85821 0 	442.26 	2.66516 	120
284800000000 284900000186 	2000004284 4949886689 86225 	1999918059 86225 0 0 0 	2128072 86225 0 	435.497 	2.70325 	120
304000000000 304100000152 	2200004588 5453747102 88957 	2199915631 88957 0 0 0 	2198785 88957 0 	436.475 	2.72962 	120
323200000000 323300000320 	2400005228 5958708972 90349 	2399914879 90349 0 0 0 	2235437 90349 0 	435.053 	2.75296 	120
342400000000 342500000330 	2600005888 6464854676 91091 	2599914797 91091 0 0 0 	2254021 91091 0 	431.868 	2.77363 	120
361600000000 361700000208 	2800006304 6971987521 91439 	2799914865 91439 0 0 0 	2262784 91439 0 	427.333 	2.79201 	120
380800000000 380900000140 	3000006584 7480118270 91643 	2999914941 91643 0 0 0 	2267326 91643 0 	421.886 	2.80835 	120
400000000000 400100000254 	3200007092 7989165638 91739 	3199915353 91739 0 0 0 	2269334 91739 0 	415.536 	2.82303 	120
419200000000 419300000100 	3400007292 8499077498 92800 	3399914492 92800 0 0 0 	2296610 92800 0 	414.839 	2.83372 	120
438400000000 438500000026 	3600007344 9009910023 93431 	3599913913 93431 0 0 0 	2313365 93431 0 	413.188 	2.84358 	120
457600000000 457700000296 	3800007936 9521625919 93798 	3799914138 93798 0 0 0 	2322727 93798 0 	410.794 	2.85268 	120
476800000000 476900000044 	4000008024 10034056333 94035 	3999913989 94035 0 0 0 	2328803 94035 0 	407.657 	2.86111 	120
496000000000 496100000278 	4200008580 10547245571 94169 	4199914411 94169 0 0 0 	2332779 94169 0 	404.03 	2.8689 	120
515200000000 515300000230 	4400009040 11061190494 94239 	4399914801 94239 0 0 0 	2334672 94239 0 	399.952 	2.87612 	120
534400000000 534500000188 	4600009416 11575740969 94276 	4599915140 94276 0 0 0 	2335714 94276 0 	395.52 	2.88282 	120
553600000000 553700000031 	4800009478 12090992962 94307 	4799915171 94307 0 0 0 	2336776 94307 0 	390.825 	2.88904 	120
572800000000 572900000048 	5000009574 12606895344 94319 	4999915255 94319 0 0 0 	2337055 94319 0 	385.88 	2.89482 	120
592000000000 592100000080 	5200009734 13123438304 94550 	5199915184 94550 0 0 0 	2343154 94550 0 	384.816 	2.89915 	120
611200000000 611300000236 	5400010206 13640606016 94692 	5399915514 94692 0 0 0 	2346630 94692 0 	383.314 	2.90326 	120
630400000000 630500000032 	5600010270 14158300208 94796 	5599915474 94796 0 0 0 	2349319 94796 0 	381.442 	2.90717 	120
649600000000 649700000197 	5800010664 14676543601 94875 	5799915789 94875 0 0 0 	2351154 94875 0 	379.264 	2.91089 	120
668800000000 668900000188 	6000011040 15195365677 94919 	5999916121 94919 0 0 0 	2352418 94919 0 	376.844 	2.91441 	120
688000000000 688100000125 	6200011290 15714721953 94943 	6199916347 94943 0 0 0 	2353163 94943 0 	374.194 	2.91775 	120
707200000000 707300000200 	6400011690 16234630321 94962 	6399916728 94962 0 0 0 	2353673 94962 0 	371.324 	2.92093 	120
726400000000 726500000072 	6600011834 16755100468 94969 	6599916865 94969 0 0 0 	2353912 94969 0 	368.293 	2.92395 	120
745600000000 745700000092 	6800012018 17276004681 94978 	6799917040 94978 0 0 0 	2354119 94978 0 	365.105 	2.92683 	120
764800000000 764900000047 	7000012112 17797407291 94983 	6999917129 94983 0 0 0 	2354176 94983 0 	361.817 	2.92956 	120
784000000000 784100000084 	7200012280 18319324062 94988 	7199917292 94988 0 0 0 	2354301 94988 0 	358.48 	2.93215 	120
803200000000 803300000135 	7400012550 18841657634 94991 	7399917559 94991 0 0 0 	2354441 94991 0 	355.095 	2.9346 	120
822400000000 822500000320 	7600013190 19364440070 95053 	7599918137 95053 0 0 0 	2356128 95053 0 	354.137 	2.9365 	120
841600000000 841700000096 	7800013382 19887682061 95109 	7799918273 95109 0 0 0 	2357471 95109 0 	353.044 	2.93832 	120
860800000000 860900000125 	8000013632 20411370508 95136 	7999918496 95136 0 0 0 	2358195 95136 0 	351.791 	2.94007 	120
880000000000 880100000052 	8200013736 20935459614 95164 	8199918572 95164 0 0 0 	2358876 95164 0 	350.382 	2.94177 	120
899200000000 899300000280 	8400014296 21459925149 95180 	8399919116 95180 0 0 0 	2359376 95180 0 	348.823 	2.94341 	120
918400000000 918500000069 	8600014434 21984818347 95194 	8599919240 95194 0 0 0 	2359793 95194 0 	347.152 	2.94499 	120
937600000000 937700000031 	8800014496 22510080894 95203 	8799919293 95203 0 0 0 	2359984 95203 0 	345.372 	2.94651 	120
956800000000 956900000047 	9000014590 23035750959 95212 	8999919378 95212 0 0 0 	2360226 95212 0 	343.488 	2.94799 	120
976000000000 976100000173 	9200014936 23561844507 95215 	9199919721 95215 0 0 0 	2360348 95215 0 	341.571 	2.9494 	120
995200000000 995300000044 	9400015024 24088299599 95218 	9399919806 95218 0 0 0 	2360454 95218 0 	339.553 	2.95077 	120
