115300000000 115400000381 	200000762 485645758 38079 	199962683 38079 0 0 0 	929953 38079 0 	481 	2 	153
134500000000 134600000044 	400000850 974064897 47638 	399953212 47638 0 0 0 	1166392 47638 0 	444.992 	2 	153
153700000000 153800000230 	600001310 1465044393 71541 	599929769 71541 0 0 0 	1754544 71541 0 	446.977 	2 	153
172900000000 173000000152 	800001614 1958199766 79558 	799922056 79558 0 0 0 	1953878 79558 0 	459.988 	2.22817 	153
192100000000 192200000230 	1000002074 2453304935 82131 	999919943 82131 0 0 0 	2018434 82131 0 	458.162 	2.38499 	153
211300000000 211400000228 	1200002530 2950261248 83004 	1199919526 83004 0 0 0 	2039546 83004 0 	449.763 	2.49688 	153
230500000000 230600000365 	1400003260 3448826559 87435 	1399915825 87435 0 0 0 	2150678 87435 0 	452.679 	2.56596 	153
249700000000 249800000088 	1600003436 3948934698 89305 	1599914131 89305 0 0 0 	2197981 89305 0 	450.524 	2.62202 	153
268900000000 269000000100 	1800003636 4450445166 90112 	1799913524 90112 0 0 0 	2218031 90112 0 	444.833 	2.66827 	153
288100000000 288200000278 	2000004192 4953305901 90481 	1999913711 90481 0 0 0 	2227223 90481 0 	437.104 	2.70663 	153
307300000000 307400000290 	2200004772 5457332244 92952 	2199911820 92952 0 0 0 	2290367 92952 0 	437.545 	2.73303 	153
326500000000 326600000353 	2400005478 5962594276 94152 	2399911326 94152 0 0 0 	2319890 94152 0 	435.756 	2.75628 	153
345700000000 345800000320 	2600006118 6468882687 94780 	2599911338 94780 0 0 0 	2337456 94780 0 	432.048 	2.77694 	153
364900000000 365000000296 	2800006710 6976207484 95118 	2799911592 95118 0 0 0 	2345882 95118 0 	427.123 	2.79523 	153
384100000000 384200000044 	3000006798 7484466972 95272 	2999911526 95272 0 0 0 	2349964 95272 0 	421.321 	2.81148 	153
403300000000 403400000032 	3200006862 7993649469 95354 	3199911508 95354 0 0 0 	2351723 95354 0 	414.834 	2.82598 	153
422500000000 422600000314 	3400007490 8503796513 96282 	3399911208 96282 0 0 0 	2376346 96282 0 	414.056 	2.83653 	153
441700000000 441800000285 	3600008060 9014725900 96800 	3599911260 96800 0 0 0 	2389033 96800 0 	412.327 	2.84625 	153
460900000000 461000000320 	3800008700 9526527929 97111 	3799911589 97111 0 0 0 	2397060 97111 0 	409.73 	2.85526 	153
480100000000 480200000044 	4000008788 10039069096 97289 	3999911499 97289 0 0 0 	2400995 97289 0 	406.53 	2.86357 	153
499300000000 499400000296 	4200009380 10552365881 97397 	4199911983 97397 0 0 0 	2403645 97397 0 	402.844 	2.87125 	153
518500000000 518600000197 	4400009774 11066392501 97465 	4399912309 97465 0 0 0 	2405335 97465 0 	398.641 	2.87838 	153
537700000000 537800000096 	4600009966 11581109695 97509 	4599912457 97509 0 0 0 	2406337 97509 0 	394.159 	2.88498 	153
556900000000 557000000188 	4800010342 12096480410 97533 	4799912809 97533 0 0 0 	2407080 97533 0 	389.484 	2.89108 	153
576100000000 576200000280 	5000010902 12612503430 97549 	4999913353 97549 0 0 0 	2407583 97549 0 	384.557 	2.89676 	153
595300000000 595400000140 	5200011182 13129126453 97771 	5199913411 97771 0 0 0 	2413620 97771 0 	383.463 	2.90101 	153
614500000000 614600000228 	5400011638 13646402260 97912 	5399913726 97912 0 0 0 	2417373 97912 0 	381.931 	2.90506 	153
633700000000 633800000320 	5600012278 14164299110 98005 	5599914273 98005 0 0 0 	2419522 98005 0 	380.076 	2.90889 	153
652900000000 653000000174 	5800012626 14682661410 98070 	5799914556 98070 0 0 0 	2421302 98070 0 	377.914 	2.91254 	153
672100000000 672200000096 	6000012818 15201620122 98111 	5999914707 98111 0 0 0 	2422494 98111 0 	375.462 	2.916 	153
691300000000 691400000031 	6200012880 15721099493 98143 	6199914737 98143 0 0 0 	2423360 98143 0 	372.78 	2.91929 	153
710500000000 710600000251 	6400013382 16241144287 98158 	6399915224 98158 0 0 0 	2423831 98158 0 	369.928 	2.92241 	153
729700000000 729800000113 	6600013608 16761699125 98167 	6599915441 98167 0 0 0 	2424159 98167 0 	366.912 	2.92538 	153
748900000000 749000000031 	6800013670 17282727899 98178 	6799915492 98178 0 0 0 	2424328 98178 0 	363.74 	2.9282 	153
768100000000 768200000044 	7000013758 17804248078 98180 	6999915578 98180 0 0 0 	2424403 98180 0 	360.466 	2.93088 	153
787300000000 787400000170 	7200014098 18326125159 98183 	7199915915 98183 0 0 0 	2424500 98183 0 	357.142 	2.93342 	153
806500000000 806600000032 	7400014162 18848487511 98183 	7399915979 98183 0 0 0 	2424500 98183 0 	353.769 	2.93583 	153
825700000000 825800000167 	7600014496 19371379153 98249 	7599916247 98249 0 0 0 	2426641 98249 0 	352.821 	2.93768 	153
844900000000 845000000215 	7800014926 19894690585 98285 	7799916641 98285 0 0 0 	2427548 98285 0 	351.738 	2.93947 	153
864100000000 864200000031 	8000014988 20418380126 98311 	7999916677 98311 0 0 0 	2428152 98311 0 	350.461 	2.94119 	153
883300000000 883400000200 	8200015388 20942477603 98330 	8199917058 98330 0 0 0 	2428709 98330 0 	349.029 	2.94286 	153
902500000000 902600000280 	8400015948 21467099387 98351 	8399917597 98351 0 0 0 	2429297 98351 0 	347.514 	2.94447 	153
921700000000 921800000224 	8600016396 21992055609 98360 	8599918036 98360 0 0 0 	2429401 98360 0 	345.852 	2.94602 	153
940900000000 941000000020 	8800016436 22517395585 98363 	8799918073 98363 0 0 0 	2429434 98363 0 	344.081 	2.94751 	153
960100000000 960200000044 	9000016524 23043143860 98368 	8999918156 98368 0 0 0 	2429635 98368 0 	342.205 	2.94896 	153
979300000000 979400000084 	9200016692 23569227800 98372 	9199918320 98372 0 0 0 	2429907 98372 0 	340.262 	2.95035 	153
998500000000 998600000040 	9400016772 24095713249 98373 	9399918399 98373 0 0 0 	2429925 98373 0 	338.252 	2.9517 	153
