115700000000 115800000381 	200000762 485686345 37041 	199963721 37041 0 0 0 	903767 37041 0 	481 	2 	157
134900000000 135000000228 	400001218 974131661 46144 	399955074 46144 0 0 0 	1128581 46144 0 	443.834 	2 	157
154100000000 154200000230 	600001678 1465242178 69594 	599932084 69594 0 0 0 	1708755 69594 0 	446.197 	2 	157
173300000000 173400000000 	800001678 1958461362 77355 	799924323 77355 0 0 0 	1900381 77355 0 	458.533 	2.22927 	157
192500000000 192600000230 	1000002138 2453625369 79985 	999922153 79985 0 0 0 	1964009 79985 0 	457.006 	2.38547 	157
211700000000 211800000228 	1200002594 2950563792 80849 	1199921745 80849 0 0 0 	1985044 80849 0 	448.834 	2.49704 	157
230900000000 231000000365 	1400003324 3449197966 85165 	1399918159 85165 0 0 0 	2090149 85165 0 	451.872 	2.56598 	157
250100000000 250200000110 	1600003544 3949359079 87053 	1599916491 87053 0 0 0 	2140202 87053 0 	449.558 	2.62218 	157
269300000000 269400000100 	1800003744 4450915988 87857 	1799915887 87857 0 0 0 	2160350 87857 0 	443.995 	2.66831 	157
288500000000 288600000208 	2000004160 4953753287 88186 	1999915974 88186 0 0 0 	2169089 88186 0 	436.109 	2.70678 	157
307700000000 307800000290 	2200004740 5457820909 90605 	2199914135 90605 0 0 0 	2229695 90605 0 	436.638 	2.73312 	157
326900000000 327000000155 	2400005050 5963054333 91876 	2399913174 91876 0 0 0 	2260612 91876 0 	434.816 	2.75638 	157
346100000000 346200000376 	2600005802 6469363351 92503 	2599913299 92503 0 0 0 	2276671 92503 0 	431.193 	2.77699 	157
365300000000 365400000296 	2800006394 6976699580 92814 	2799913580 92814 0 0 0 	2284630 92814 0 	426.347 	2.79525 	157
384500000000 384600000044 	3000006482 7485073449 92982 	2999913500 92982 0 0 0 	2288686 92982 0 	420.616 	2.81147 	157
403700000000 403800000032 	3200006546 7994362313 93071 	3199913475 93071 0 0 0 	2291171 93071 0 	414.193 	2.82595 	157
422900000000 423000000314 	3400007174 8504528819 93974 	3399913200 93974 0 0 0 	2314882 93974 0 	413.456 	2.83648 	157
442100000000 442200000285 	3600007744 9015463434 94532 	3599913212 94532 0 0 0 	2328797 94532 0 	411.765 	2.84619 	157
461300000000 461400000320 	3800008384 9527221940 94822 	3799913562 94822 0 0 0 	2336405 94822 0 	409.204 	2.8552 	157
480500000000 480600000044 	4000008472 10039766548 94991 	3999913481 94991 0 0 0 	2340160 94991 0 	406.038 	2.8635 	157
499700000000 499800000296 	4200009064 10553028517 95084 	4199913980 95084 0 0 0 	2342071 95084 0 	402.383 	2.87117 	157
518900000000 519000000197 	4400009458 11067048007 95165 	4399914293 95165 0 0 0 	2343987 95165 0 	398.21 	2.8783 	157
538100000000 538200000096 	4600009650 11581789559 95206 	4599914444 95206 0 0 0 	2344962 95206 0 	393.757 	2.88489 	157
557300000000 557400000192 	4800010034 12097211794 95222 	4799914812 95222 0 0 0 	2345308 95222 0 	388.971 	2.89103 	157
576500000000 576600000280 	5000010594 12613223436 95233 	4999915361 95233 0 0 0 	2345697 95233 0 	384.077 	2.89671 	157
595700000000 595800000044 	5200010682 13129851109 95461 	5199915221 95461 0 0 0 	2352620 95461 0 	382.916 	2.90098 	157
614900000000 615000000278 	5400011238 13647119111 95613 	5399915625 95613 0 0 0 	2356903 95613 0 	381.409 	2.90502 	157
634100000000 634200000320 	5600011878 14164989587 95725 	5599916153 95725 0 0 0 	2360173 95725 0 	379.577 	2.90885 	157
653300000000 653400000174 	5800012226 14683357495 95798 	5799916428 95798 0 0 0 	2362192 95798 0 	377.438 	2.91249 	157
672500000000 672600000096 	6000012418 15202294827 95830 	5999916588 95830 0 0 0 	2362993 95830 0 	375.007 	2.91595 	157
691700000000 691800000031 	6200012480 15721775325 95852 	6199916628 95852 0 0 0 	2363567 95852 0 	372.347 	2.91924 	157
710900000000 711000000251 	6400012982 16241788775 95872 	6399917110 95872 0 0 0 	2364046 95872 0 	369.514 	2.92236 	157
730100000000 730200000113 	6600013208 16762299699 95889 	6599917319 95889 0 0 0 	2364582 95889 0 	366.517 	2.92533 	157
749300000000 749400000031 	6800013270 17283318407 95898 	6799917372 95898 0 0 0 	2364790 95898 0 	363.363 	2.92815 	157
768500000000 768600000044 	7000013358 17804765900 95902 	6999917456 95902 0 0 0 	2364859 95902 0 	360.107 	2.93082 	157
787700000000 787800000212 	7200013782 18326763188 95906 	7199917876 95906 0 0 0 	2364991 95906 0 	356.75 	2.93337 	157
806900000000 807000000112 	7400014006 18849154817 95907 	7399918099 95907 0 0 0 	2364994 95907 0 	353.387 	2.93578 	157
826100000000 826200000167 	7600014340 19372018731 95956 	7599918384 95956 0 0 0 	2366202 95956 0 	352.451 	2.93764 	157
845300000000 845400000215 	7800014770 19895418406 95992 	7799918778 95992 0 0 0 	2367542 95992 0 	351.38 	2.93942 	157
864500000000 864600000031 	8000014832 20419112879 96022 	7999918810 96022 0 0 0 	2368238 96022 0 	350.115 	2.94115 	157
883700000000 883800000200 	8200015232 20943309360 96045 	8199919187 96045 0 0 0 	2369022 96045 0 	348.694 	2.94282 	157
902900000000 903000000149 	8400015530 21467885618 96064 	8399919466 96064 0 0 0 	2369363 96064 0 	347.174 	2.94442 	157
922100000000 922200000224 	8600015978 21992861359 96075 	8599919903 96075 0 0 0 	2369559 96075 0 	345.523 	2.94597 	157
941300000000 941400000020 	8800016018 22518226205 96084 	8799919934 96084 0 0 0 	2369727 96084 0 	343.763 	2.94747 	157
960500000000 960600000044 	9000016106 23043933573 96088 	8999920018 96088 0 0 0 	2369837 96088 0 	341.898 	2.94892 	157
979700000000 979800000084 	9200016274 23570051016 96089 	9199920185 96089 0 0 0 	2369847 96089 0 	339.964 	2.95031 	157
998900000000 999000000040 	9400016354 24096562001 96093 	9399920261 96093 0 0 0 	2369965 96093 0 	337.965 	2.95165 	157
