117500000000 117600000254 	200000508 485981177 32658 	199967850 32658 0 0 0 	801348 32658 0 	474 	2 	175
136700000000 136800000307 	400001122 974674966 40834 	399960288 40834 0 0 0 	1002426 40834 0 	437.952 	2 	175
155900000000 156000000400 	600001922 1465952911 61903 	599940019 61903 0 0 0 	1529806 61903 0 	440.277 	2 	175
175100000000 175200000048 	800002018 1959355226 68744 	799933274 68744 0 0 0 	1698653 68744 0 	453 	2.22833 	175
194300000000 194400000320 	1000002658 2454691684 71062 	999931596 71062 0 0 0 	1756993 71062 0 	451.991 	2.38404 	175
213500000000 213600000307 	1200003272 2951873014 81024 	1199922248 81024 0 0 0 	2006232 81024 0 	443.814 	2.31424 	175
232700000000 232800000368 	1400004008 3450690439 85134 	1399918874 85134 0 0 0 	2108282 85134 0 	447.115 	2.40783 	175
251900000000 252000000189 	1600004386 3950985431 86827 	1599917559 86827 0 0 0 	2150356 86827 0 	445.035 	2.48427 	175
271100000000 271200000314 	1800005014 4452719208 87516 	1799917498 87516 0 0 0 	2169705 87516 0 	439.804 	2.54696 	175
290300000000 290400000120 	2000005254 4955671702 87833 	1999917421 87833 0 0 0 	2177330 87833 0 	432.199 	2.59931 	175
309500000000 309600000249 	2200005752 5459875437 90149 	2199915603 90149 0 0 0 	2237931 90149 0 	432.809 	2.63522 	175
328700000000 328800000044 	2400005840 5965253592 91357 	2399914483 91357 0 0 0 	2267633 91357 0 	431.176 	2.66688 	175
347900000000 348000000290 	2600006420 6471697488 91896 	2599914524 91896 0 0 0 	2280741 91896 0 	427.703 	2.69499 	175
367100000000 367200000270 	2800006960 6979129414 92198 	2799914762 92198 0 0 0 	2288132 92198 0 	422.991 	2.71989 	175
386300000000 386400000032 	3000007024 7487521678 92344 	2999914680 92344 0 0 0 	2291777 92344 0 	417.379 	2.74203 	175
405500000000 405600000320 	3200007664 7996805691 92419 	3199915245 92419 0 0 0 	2293602 92419 0 	411.155 	2.76176 	175
424700000000 424800000173 	3400008010 8506962641 93273 	3399914737 93273 0 0 0 	2315211 93273 0 	410.42 	2.77618 	175
443900000000 444000000151 	3600008312 9018044937 93780 	3599914532 93780 0 0 0 	2327145 93780 0 	408.794 	2.78945 	175
463100000000 463200000320 	3800008952 9529913381 94070 	3799914882 94070 0 0 0 	2334402 94070 0 	406.423 	2.80169 	175
482300000000 482400000032 	4000009016 10042564097 94260 	3999914756 94260 0 0 0 	2338921 94260 0 	403.305 	2.81305 	175
501500000000 501600000254 	4200009524 10555970726 94365 	4199915159 94365 0 0 0 	2341261 94365 0 	399.695 	2.82355 	175
520700000000 520800000174 	4400009872 11070010116 94417 	4399915455 94417 0 0 0 	2342622 94417 0 	395.629 	2.83328 	175
539900000000 540000000215 	4600010302 11584786850 94443 	4599915859 94443 0 0 0 	2343076 94443 0 	391.275 	2.84228 	175
559100000000 559200000192 	4800010686 12100205388 94463 	4799916223 94463 0 0 0 	2343686 94463 0 	386.65 	2.85064 	175
578300000000 578400000231 	5000011148 12616324580 94570 	4999916578 94570 0 0 0 	2346638 94570 0 	382.942 	2.85799 	175
597500000000 597600000044 	5200011236 13133021168 94785 	5199916451 94785 0 0 0 	2352185 94785 0 	381.83 	2.86385 	175
616700000000 616800000112 	5400011460 13650345684 94911 	5399916549 94911 0 0 0 	2354999 94911 0 	380.281 	2.86942 	175
635900000000 636000000268 	5600011996 14168236800 95000 	5599916996 95000 0 0 0 	2357279 95000 0 	378.409 	2.87471 	175
655100000000 655200000008 	5800012012 14686740601 95063 	5799916949 95063 0 0 0 	2359225 95063 0 	376.23 	2.87972 	175
674300000000 674400000215 	6000012442 15205788549 95112 	5999917330 95112 0 0 0 	2360401 95112 0 	373.808 	2.88448 	175
693500000000 693600000188 	6200012818 15725352394 95134 	6199917684 95134 0 0 0 	2360976 95134 0 	371.155 	2.889 	175
712700000000 712800000197 	6400013212 16245425358 95153 	6399918059 95153 0 0 0 	2361371 95153 0 	368.281 	2.8933 	175
731900000000 732000000113 	6600013438 16765952229 95164 	6599918274 95164 0 0 0 	2361629 95164 0 	365.341 	2.89736 	175
751100000000 751200000031 	6800013500 17287009401 95173 	6799918327 95173 0 0 0 	2361822 95173 0 	362.241 	2.90123 	175
770300000000 770400000044 	7000013588 17808585072 95178 	6999918410 95178 0 0 0 	2361895 95178 0 	359.036 	2.9049 	175
789500000000 789600000212 	7200014012 18330563934 95179 	7199918833 95179 0 0 0 	2361905 95179 0 	355.729 	2.90839 	175
808700000000 808800000208 	7400014428 18853042381 95279 	7399919149 95279 0 0 0 	2364157 95279 0 	354.949 	2.91106 	175
827900000000 828000000167 	7600014762 19375925899 95341 	7599919421 95341 0 0 0 	2365360 95341 0 	353.964 	2.91364 	175
847100000000 847200000057 	7800014876 19899307765 95394 	7799919482 95394 0 0 0 	2366661 95394 0 	352.78 	2.91614 	175
866300000000 866400000067 	8000015010 20423120847 95426 	7999919584 95426 0 0 0 	2367459 95426 0 	351.46 	2.91854 	175
885500000000 885600000200 	8200015410 20947330133 95439 	8199919971 95439 0 0 0 	2367767 95439 0 	349.996 	2.92086 	175
904700000000 904800000021 	8400015452 21471921302 95455 	8399919997 95455 0 0 0 	2368200 95455 0 	348.382 	2.9231 	175
923900000000 924000000271 	8600015994 21996900632 95471 	8599920523 95471 0 0 0 	2368655 95471 0 	346.658 	2.92526 	175
943100000000 943200000020 	8800016034 22522261755 95476 	8799920558 95476 0 0 0 	2368758 95476 0 	344.861 	2.92734 	175
962300000000 962400000044 	9000016122 23048057824 95482 	8999920640 95482 0 0 0 	2368878 95482 0 	342.959 	2.92934 	175
981500000000 981600000170 	9200016462 23574223187 95484 	9199920978 95484 0 0 0 	2368963 95484 0 	340.957 	2.93128 	175
