117800000000 117900000365 	200000730 486038814 31914 	199968816 31914 0 0 0 	785166 31914 0 	471 	2 	178
137000000000 137100000307 	400001344 974742874 39945 	399961399 39945 0 0 0 	981831 39945 0 	436.667 	2 	178
156200000000 156300000400 	600002144 1466075920 60480 	599941664 60480 0 0 0 	1489517 60480 0 	439.41 	2 	178
175400000000 175500000048 	800002240 1959529836 67312 	799934928 67312 0 0 0 	1661188 67312 0 	452.311 	2.22798 	178
194600000000 194700000400 	1000003040 2454903270 69669 	999933371 69669 0 0 0 	1719305 69669 0 	450.83 	2.38441 	178
213800000000 213900000307 	1200003654 2952158733 79363 	1199924291 79363 0 0 0 	1964474 79363 0 	442.881 	2.31469 	178
233000000000 233100000368 	1400004390 3450986567 83446 	1399920944 83446 0 0 0 	2068514 83446 0 	446.303 	2.40805 	178
252200000000 252300000189 	1600004768 3951291039 85221 	1599919547 85221 0 0 0 	2113764 85221 0 	444.331 	2.48433 	178
271400000000 271500000314 	1800005396 4452972592 85932 	1799919464 85932 0 0 0 	2130588 85932 0 	439.192 	2.54693 	178
290600000000 290700000120 	2000005636 4955942462 86237 	1999919399 86237 0 0 0 	2137499 86237 0 	431.668 	2.59922 	178
309800000000 309900000249 	2200006134 5460142230 88553 	2199917581 88553 0 0 0 	2196360 88553 0 	432.324 	2.6351 	178
329000000000 329100000044 	2400006222 5965517829 89757 	2399916465 89757 0 0 0 	2227888 89757 0 	430.628 	2.66683 	178
348200000000 348300000290 	2600006802 6471960210 90337 	2599916465 90337 0 0 0 	2242816 90337 0 	427.205 	2.6949 	178
367400000000 367500000270 	2800007342 6979449695 90645 	2799916697 90645 0 0 0 	2250910 90645 0 	422.538 	2.71979 	178
386600000000 386700000032 	3000007406 7487866194 90788 	2999916618 90788 0 0 0 	2254448 90788 0 	416.968 	2.74192 	178
405800000000 405900000320 	3200008046 7997189182 90867 	3199917179 90867 0 0 0 	2256708 90867 0 	410.781 	2.76164 	178
425000000000 425100000173 	3400008392 8507374318 91704 	3399916688 91704 0 0 0 	2277802 91704 0 	410.069 	2.77605 	178
444200000000 444300000151 	3600008694 9018432432 92202 	3599916492 92202 0 0 0 	2290406 92202 0 	408.465 	2.78931 	178
463400000000 463500000350 	3800009394 9530303937 92486 	3799916908 92486 0 0 0 	2297184 92486 0 	405.986 	2.80162 	178
482600000000 482700000032 	4000009458 10042968488 92664 	3999916794 92664 0 0 0 	2301872 92664 0 	402.896 	2.81297 	178
501800000000 501900000254 	4200009966 10556385256 92757 	4199917209 92757 0 0 0 	2304569 92757 0 	399.312 	2.82346 	178
521000000000 521100000174 	4400010314 11070490033 92826 	4399917488 92826 0 0 0 	2306228 92826 0 	395.272 	2.83319 	178
540200000000 540300000215 	4600010744 11585303053 92855 	4599917889 92855 0 0 0 	2306950 92855 0 	390.94 	2.84219 	178
559400000000 559500000192 	4800011128 12100728695 92876 	4799918252 92876 0 0 0 	2307383 92876 0 	386.337 	2.85055 	178
578600000000 578700000320 	5000011768 12616843939 93204 	4999918564 93204 0 0 0 	2316487 93204 0 	385.568 	2.85681 	178
597800000000 597900000044 	5200011856 13133497252 93406 	5199918450 93406 0 0 0 	2321972 93406 0 	384.34 	2.86276 	178
617000000000 617100000112 	5400012080 13650828798 93548 	5399918532 93548 0 0 0 	2325661 93548 0 	382.678 	2.86841 	178
636200000000 636300000268 	5600012616 14168764723 93636 	5599918980 93636 0 0 0 	2328252 93636 0 	380.697 	2.87377 	178
655400000000 655500000008 	5800012632 14687198784 93704 	5799918928 93704 0 0 0 	2330063 93704 0 	378.413 	2.87885 	178
674600000000 674700000215 	6000013062 15206155962 93750 	5999919312 93750 0 0 0 	2331446 93750 0 	375.891 	2.88367 	178
693800000000 693900000188 	6200013438 15725742258 93780 	6199919658 93780 0 0 0 	2332214 93780 0 	373.142 	2.88825 	178
713000000000 713100000197 	6400013832 16245843769 93798 	6399920034 93798 0 0 0 	2332632 93798 0 	370.176 	2.8926 	178
732200000000 732300000069 	6600013970 16766393444 93807 	6599920163 93807 0 0 0 	2332877 93807 0 	367.052 	2.89673 	178
751400000000 751500000031 	6800014032 17287450966 93814 	6799920218 93814 0 0 0 	2333013 93814 0 	363.873 	2.90064 	178
770600000000 770700000044 	7000014120 17809009022 93816 	6999920304 93816 0 0 0 	2333055 93816 0 	360.593 	2.90435 	178
789800000000 789900000212 	7200014544 18331033475 93819 	7199920725 93819 0 0 0 	2333106 93819 0 	357.214 	2.90787 	178
809000000000 809100000208 	7400014960 18853484748 93896 	7399921064 93896 0 0 0 	2334735 93896 0 	356.388 	2.91057 	178
828200000000 828300000167 	7600015294 19376342709 93955 	7599921339 93955 0 0 0 	2336200 93955 0 	355.358 	2.91318 	178
847400000000 847500000057 	7800015408 19899753946 94003 	7799921405 94003 0 0 0 	2337532 94003 0 	354.129 	2.9157 	178
866600000000 866700000188 	8000015784 20423544402 94028 	7999921756 94028 0 0 0 	2338508 94028 0 	352.742 	2.91813 	178
885800000000 885900000200 	8200016184 20947774840 94052 	8199922132 94052 0 0 0 	2339005 94052 0 	351.236 	2.92046 	178
905000000000 905100000021 	8400016226 21472383029 94067 	8399922159 94067 0 0 0 	2339316 94067 0 	349.581 	2.92272 	178
924200000000 924300000271 	8600016768 21997393686 94075 	8599922693 94075 0 0 0 	2339495 94075 0 	347.818 	2.9249 	178
943400000000 943500000020 	8800016808 22522762228 94083 	8799922725 94083 0 0 0 	2339653 94083 0 	345.982 	2.92699 	178
962600000000 962700000044 	9000016896 23048558420 94089 	8999922807 94089 0 0 0 	2339774 94089 0 	344.044 	2.92902 	178
981800000000 981900000170 	9200017236 23574728951 94091 	9199923145 94091 0 0 0 	2339832 94091 0 	342.005 	2.93097 	178
