16100200000000 16100300000476 	200000952 579735860 32634 	199968318 32634 0 0 0 	969036 32634 0 	492 	3 	2
16125800000000 16125900000011 	400000974 1159456621 64944 	399936030 64944 0 0 0 	1915146 64944 0 	490.495 	3 	2
16151400000000 16151500000011 	600000996 1739256242 96389 	599904607 96389 0 0 0 	2841117 96389 0 	489.996 	3 	2
16177000000000 16177100000011 	800001018 2318992957 127605 	799873413 127605 0 0 0 	3764211 127605 0 	489.747 	3 	2
16202600000000 16202700000011 	1000001040 2898856457 158721 	999842319 158721 0 0 0 	4685136 158721 0 	489.597 	3 	2
16228200000000 16228300000011 	1200001062 3478684757 189448 	1199811614 189448 0 0 0 	5592969 189448 0 	489.497 	3 	2
16253800000000 16253900000210 	1400001482 4058518312 219305 	1399782177 219305 0 0 0 	6482627 219305 0 	488.85 	3 	2
16279400000000 16279500000210 	1600001902 4638397161 249311 	1599752591 249311 0 0 0 	7367440 249311 0 	488.365 	3 	2
16305000000000 16305100000210 	1800002322 5218332705 278489 	1799723833 278489 0 0 0 	8228529 278489 0 	487.989 	3 	2
16330600000000 16330700000210 	2000002742 5798255510 307478 	1999695264 307478 0 0 0 	9077745 307478 0 	487.689 	3 	2
16356200000000 16356300000210 	2200003162 6378162256 336107 	2199667055 336107 0 0 0 	9916370 336107 0 	487.443 	3 	2
16381800000000 16381900000381 	2400003924 6958160212 364206 	2399639718 364206 0 0 0 	10742598 364206 0 	486.899 	3 	2
16407400000000 16407500000381 	2600004686 7538188385 392127 	2599612559 392127 0 0 0 	11570233 392127 0 	486.44 	3 	2
16433000000000 16433100000381 	2800005448 8118247243 419566 	2799585882 419566 0 0 0 	12375521 419566 0 	486.048 	3 	2
16458600000000 16458700000381 	3000006210 8698347627 446599 	2999559611 446599 0 0 0 	13168566 446599 0 	485.708 	3 	2
16484200000000 16484300000381 	3200006972 9278451068 473337 	3199533635 473337 0 0 0 	13960565 473337 0 	485.411 	3 	2
16509800000000 16509900000468 	3400007908 9858648633 499765 	3399508143 499765 0 0 0 	14739855 499765 0 	484.969 	3 	2
16535400000000 16535500000468 	3600008844 10438798327 525690 	3599483154 525690 0 0 0 	15510123 525690 0 	484.576 	3 	2
16561000000000 16561100000468 	3800009780 11019044533 551431 	3799458349 551431 0 0 0 	16263439 551431 0 	484.226 	3 	2
16586600000000 16586700000468 	4000010716 11599275147 576879 	3999433837 576879 0 0 0 	17008730 576879 0 	483.91 	3 	2
16612200000000 16612300000254 	4200011224 12179457365 601704 	4199409520 601704 0 0 0 	17740216 601704 0 	483.429 	3 	2
16637800000000 16637900000254 	4400011732 12759721117 626395 	4399385337 626395 0 0 0 	18465796 626395 0 	482.992 	3 	2
16663400000000 16663500000254 	4600012240 13340037956 650603 	4599361637 650603 0 0 0 	19173267 650603 0 	482.594 	3 	2
16689000000000 16689100000254 	4800012748 13920353008 674488 	4799338260 674488 0 0 0 	19886141 674488 0 	482.23 	3 	2
16714600000000 16714700000254 	5000013256 14500718355 698185 	4999315071 698185 0 0 0 	20582471 698185 0 	481.895 	3 	2
16740200000000 16740300000365 	5200013986 15081122272 721479 	5199292507 721479 0 0 0 	21267057 721479 0 	481.467 	3 	2
16765800000000 16765900000365 	5400014716 15661546945 744398 	5399270318 744398 0 0 0 	21947178 744398 0 	481.071 	3 	2
16791400000000 16791500000365 	5600015446 16241975815 767074 	5599248372 767074 0 0 0 	22617507 767074 0 	480.704 	3 	2
16817000000000 16817100000365 	5800016176 16822443281 789520 	5799226656 789520 0 0 0 	23281709 789520 0 	480.363 	3 	2
16842600000000 16842700000365 	6000016906 17402901873 811427 	5999205479 811427 0 0 0 	23928057 811427 0 	480.045 	3 	2
16868200000000 16868300000368 	6200017642 17983489400 833302 	6199184340 833302 0 0 0 	24566646 833302 0 	479.646 	3 	2
16893800000000 16893900000368 	6400018378 18564060567 854665 	6399163713 854665 0 0 0 	25197596 854665 0 	479.274 	3 	2
16919400000000 16919500000368 	6600019114 19144601366 875993 	6599143121 875993 0 0 0 	25825694 875993 0 	478.924 	3 	2
16945000000000 16945100000368 	6800019850 19725180107 896910 	6799122940 896910 0 0 0 	26447963 896910 0 	478.596 	3 	2
16970600000000 16970700000368 	7000020586 20305775282 917670 	6999102916 917670 0 0 0 	27058866 917670 0 	478.286 	3 	2
16996200000000 16996300000352 	7200021290 20886423544 938082 	7199083208 938082 0 0 0 	27664621 938082 0 	477.877 	3 	2
17021800000000 17021900000352 	7400021994 21467048456 958048 	7399063946 958048 0 0 0 	28257639 958048 0 	477.491 	3 	2
17047400000000 17047500000352 	7600022698 22047757671 977776 	7599044922 977776 0 0 0 	28842126 977776 0 	477.126 	3 	2
17073000000000 17073100000352 	7800023402 22628447726 997497 	7799025905 997497 0 0 0 	29419664 997497 0 	476.781 	3 	2
17098600000000 17098700000120 	8000023642 23209204640 1016691 	7999006951 1016691 0 0 0 	29986615 1016691 0 	476.373 	3 	2
17124200000000 17124300000120 	8200023882 23790025925 1035548 	8198988334 1035548 0 0 0 	30544267 1035548 0 	475.986 	3 	2
17149800000000 17149900000120 	8400024122 24370785242 1054410 	8398969712 1054410 0 0 0 	31103311 1054410 0 	475.618 	3 	2
17175400000000 17175500000120 	8600024362 24951614460 1073178 	8598951184 1073178 0 0 0 	31660197 1073178 0 	475.267 	3 	2
17201000000000 17201100000120 	8800024602 25532471021 1091592 	8798933010 1091592 0 0 0 	32208861 1091592 0 	474.933 	3 	2
17226600000000 17226700000178 	9000024958 26113357834 1109689 	8998915269 1109689 0 0 0 	32744982 1109689 0 	474.543 	3 	2
17252200000000 17252300000178 	9200025314 26694226176 1127460 	9198897854 1127460 0 0 0 	33268226 1127460 0 	474.171 	3 	2
17277800000000 17277900000178 	9400025670 27275188559 1144926 	9398880744 1144926 0 0 0 	33774134 1144926 0 	473.815 	3 	2
17303400000000 17303500000178 	9600026026 27856178580 1162275 	9598863751 1162275 0 0 0 	34286721 1162275 0 	473.474 	3 	2
17329000000000 17329100000178 	9800026382 28437164362 1179383 	9798846999 1179383 0 0 0 	34786404 1179383 0 	473.148 	3 	2
17354600000000 17354700000355 	10000027092 29018191216 1196276 	9998830816 1196276 0 0 0 	35284308 1196276 0 	472.771 	3 	2
17380200000000 17380300000355 	10200027802 29599260731 1213095 	10198814707 1213095 0 0 0 	35781704 1213095 0 	472.409 	3 	2
17405800000000 17405900000355 	10400028512 30180305650 1229569 	10398798943 1229569 0 0 0 	36261124 1229569 0 	472.062 	3 	2
17431400000000 17431500000355 	10600029222 30761359480 1245609 	10598783613 1245609 0 0 0 	36735817 1245609 0 	471.728 	3 	2
17457000000000 17457100000230 	10800029682 31342441634 1261581 	10798768101 1261581 0 0 0 	37207756 1261581 0 	471.327 	3 	2
17482600000000 17482700000230 	11000030142 31923587204 1277319 	10998752823 1277319 0 0 0 	37674317 1277319 0 	470.941 	3 	2
17508200000000 17508300000230 	11200030602 32504755165 1292833 	11198737769 1292833 0 0 0 	38125693 1292833 0 	470.569 	3 	2
17533800000000 17533900000230 	11400031062 33085941240 1308400 	11398722662 1308400 0 0 0 	38588321 1308400 0 	470.211 	3 	2
17559400000000 17559500000230 	11600031522 33667128667 1323536 	11598707986 1323536 0 0 0 	39038071 1323536 0 	469.866 	3 	2
17585000000000 17585100000320 	11800032162 34248338292 1338530 	11798693632 1338530 0 0 0 	39478706 1338530 0 	469.478 	3 	2
17610600000000 17610700000320 	12000032802 34829616387 1353046 	11998679756 1353046 0 0 0 	39909113 1353046 0 	469.103 	3 	2
17636200000000 17636300000320 	12200033442 35410981959 1367563 	12198665879 1367563 0 0 0 	40339295 1367563 0 	468.741 	3 	2
17661800000000 17661900000320 	12400034082 35992291716 1381865 	12398652217 1381865 0 0 0 	40760790 1381865 0 	468.391 	3 	2
17687400000000 17687500000320 	12600034722 36573662566 1395985 	12598638737 1395985 0 0 0 	41180368 1395985 0 	468.053 	3 	2
17713000000000 17713100000400 	12800035522 37155051787 1409820 	12798625702 1409820 0 0 0 	41586512 1409820 0 	467.675 	3 	2
17738600000000 17738700000400 	13000036322 37736490008 1423537 	12998612785 1423537 0 0 0 	41996423 1423537 0 	467.308 	3 	2
17764200000000 17764300000400 	13200037122 38317915839 1436873 	13198600249 1436873 0 0 0 	42392218 1436873 0 	466.954 	3 	2
17789800000000 17789900000400 	13400037922 38899387887 1450086 	13398587836 1450086 0 0 0 	42786258 1450086 0 	466.61 	3 	2
17815400000000 17815500000400 	13600038722 39480885042 1463190 	13598575532 1463190 0 0 0 	43170652 1463190 0 	466.277 	3 	2
17841000000000 17841100000290 	13800039302 40062343986 1476252 	13798563050 1476252 0 0 0 	43557279 1476252 0 	465.906 	3 	2
17866600000000 17866700000290 	14000039882 40643863492 1489215 	13998550667 1489215 0 0 0 	43934221 1489215 0 	465.547 	3 	2
17892200000000 17892300000290 	14200040462 41225350957 1501853 	14198538609 1501853 0 0 0 	44302533 1501853 0 	465.198 	3 	2
17917800000000 17917900000290 	14400041042 41806894780 1514434 	14398526608 1514434 0 0 0 	44671007 1514434 0 	464.859 	3 	2
17943400000000 17943500000249 	14600041540 42388495671 1526793 	14598514747 1526793 0 0 0 	45032824 1526793 0 	464.484 	3 	2
17969000000000 17969100000249 	14800042038 42970154097 1539060 	14798502978 1539060 0 0 0 	45389391 1539060 0 	464.12 	3 	2
17994600000000 17994700000249 	15000042536 43551844350 1551151 	14998491385 1551151 0 0 0 	45748580 1551151 0 	463.766 	3 	2
18020200000000 18020300000249 	15200043034 44133482041 1562851 	15198480183 1562851 0 0 0 	46090277 1562851 0 	463.422 	3 	2
18045800000000 18045900000249 	15400043532 44715208103 1574584 	15398468948 1574584 0 0 0 	46430383 1574584 0 	463.087 	3 	2
18071400000000 18071500000088 	15600043708 45296923468 1585872 	15598457836 1585872 0 0 0 	46761405 1585872 0 	462.719 	3 	2
18097000000000 18097100000088 	15800043884 45878741381 1597285 	15798446599 1597285 0 0 0 	47103823 1597285 0 	462.36 	3 	2
18122600000000 18122700000088 	16000044060 46460567757 1608497 	15998435563 1608497 0 0 0 	47432275 1608497 0 	462.011 	3 	2
18148200000000 18148300000088 	16200044236 47042369616 1619897 	16198424339 1619897 0 0 0 	47772655 1619897 0 	461.671 	3 	2
18173800000000 18173900000088 	16400044412 47624170087 1630879 	16398413533 1630879 0 0 0 	48094463 1630879 0 	461.34 	3 	2
18199400000000 18199500000110 	16600044632 48206075287 1641682 	16598402950 1641682 0 0 0 	48421205 1641682 0 	460.99 	3 	2
18225000000000 18225100000110 	16800044852 48787975946 1652273 	16798392579 1652273 0 0 0 	48734319 1652273 0 	460.649 	3 	2
18250600000000 18250700000110 	17000045072 49369914294 1662602 	16998382470 1662602 0 0 0 	49048408 1662602 0 	460.316 	3 	2
18276200000000 18276300000110 	17200045292 49951884789 1672951 	17198372341 1672951 0 0 0 	49352933 1672951 0 	459.992 	3 	2
18301800000000 18301900000110 	17400045512 50533860945 1683320 	17398362192 1683320 0 0 0 	49656338 1683320 0 	459.676 	3 	2
18327400000000 18327500000189 	17600045890 51115879748 1693468 	17598352422 1693468 0 0 0 	49957566 1693468 0 	459.328 	3 	2
18353000000000 18353100000189 	17800046268 51697918267 1703367 	17798342901 1703367 0 0 0 	50249574 1703367 0 	458.989 	3 	2
18378600000000 18378700000189 	18000046646 52279918665 1713037 	17998333609 1713037 0 0 0 	50537551 1713037 0 	458.658 	3 	2
18404200000000 18404300000189 	18200047024 52862021914 1722601 	18198324423 1722601 0 0 0 	50815605 1722601 0 	458.335 	3 	2
18429800000000 18429900000060 	18400047144 53444063758 1732224 	18398314920 1732224 0 0 0 	51101586 1732224 0 	457.982 	3 	2
18455400000000 18455500000060 	18600047264 54026238755 1741631 	18598305633 1741631 0 0 0 	51380522 1741631 0 	457.638 	3 	2
18481000000000 18481100000060 	18800047384 54608403049 1750744 	18798296640 1750744 0 0 0 	51653806 1750744 0 	457.301 	3 	2
18506600000000 18506700000060 	19000047504 55190558596 1759910 	18998287594 1759910 0 0 0 	51921597 1759910 0 	456.971 	3 	2
18532200000000 18532300000060 	19200047624 55772860928 1768901 	19198278723 1768901 0 0 0 	52187670 1768901 0 	456.649 	3 	2
18557800000000 18557900000375 	19400048374 56355058457 1777689 	19398270685 1777689 0 0 0 	52449993 1777689 0 	456.299 	3 	2
18583400000000 18583500000375 	19600049124 56937309516 1786532 	19598262592 1786532 0 0 0 	52714346 1786532 0 	455.956 	3 	2
18609000000000 18609100000375 	19800049874 57519520720 1795184 	19798254690 1795184 0 0 0 	52963918 1795184 0 	455.621 	3 	2
18634600000000 18634700000375 	20000050624 58101859981 1803847 	19998246777 1803847 0 0 0 	53218926 1803847 0 	455.293 	3 	2
18660200000000 18660300000375 	20200051374 58684221435 1812412 	20198238962 1812412 0 0 0 	53473546 1812412 0 	454.972 	3 	2
18685800000000 18685900000074 	20400051522 59266578897 1820613 	20398230909 1820613 0 0 0 	53718552 1820613 0 	454.624 	3 	2
18711400000000 18711500000074 	20600051670 59848926247 1828882 	20598222788 1828882 0 0 0 	53960970 1828882 0 	454.283 	3 	2
18737000000000 18737100000074 	20800051818 60431342450 1836919 	20798214899 1836919 0 0 0 	54196862 1836919 0 	453.949 	3 	2
18762600000000 18762700000074 	21000051966 61013802675 1844931 	20998207035 1844931 0 0 0 	54433796 1844931 0 	453.622 	3 	2
18788200000000 18788300000074 	21200052114 61596236268 1852718 	21198199396 1852718 0 0 0 	54667854 1852718 0 	453.301 	3 	2
18813800000000 18813900000320 	21400052754 62178729164 1860433 	21398192321 1860433 0 0 0 	54894323 1860433 0 	452.966 	3 	2
18839400000000 18839500000320 	21600053394 62761275506 1868077 	21598185317 1868077 0 0 0 	55123315 1868077 0 	452.637 	3 	2
18865000000000 18865100000320 	21800054034 63343790230 1875659 	21798178375 1875659 0 0 0 	55350018 1875659 0 	452.314 	3 	2
18890600000000 18890700000320 	22000054674 63926393035 1883118 	21998171556 1883118 0 0 0 	55567737 1883118 0 	451.998 	3 	2
18916200000000 18916300000353 	22200055380 64509021042 1890462 	22198164918 1890462 0 0 0 	55785256 1890462 0 	451.657 	3 	2
18941800000000 18941900000353 	22400056086 65091646879 1897785 	22398158301 1897785 0 0 0 	56004214 1897785 0 	451.322 	3 	2
18967400000000 18967500000353 	22600056792 65674288601 1904931 	22598151861 1904931 0 0 0 	56215987 1904931 0 	450.993 	3 	2
18993000000000 18993100000353 	22800057498 66256950716 1912043 	22798145455 1912043 0 0 0 	56424556 1912043 0 	450.671 	3 	2
19018600000000 19018700000353 	23000058204 66839690724 1919106 	22998139098 1919106 0 0 0 	56631634 1919106 0 	450.355 	3 	2
19044200000000 19044300000044 	23200058292 67422408957 1925976 	23198132316 1925976 0 0 0 	56838210 1925976 0 	450.014 	3 	2
19069800000000 19069900000044 	23400058380 68005148243 1932816 	23398125564 1932816 0 0 0 	57039431 1932816 0 	449.68 	3 	2
19095400000000 19095500000044 	23600058468 68587939513 1939605 	23598118863 1939605 0 0 0 	57239975 1939605 0 	449.352 	3 	2
19121000000000 19121100000044 	23800058556 69170743014 1946103 	23798112453 1946103 0 0 0 	57430095 1946103 0 	449.029 	3 	2
19146600000000 19146700000044 	24000058644 69753543432 1952604 	23998106040 1952604 0 0 0 	57621085 1952604 0 	448.713 	3 	2
19172200000000 19172300000228 	24200059100 70336415315 1959014 	24198100086 1959014 0 0 0 	57808881 1959014 0 	448.383 	3 	2
19197800000000 19197900000228 	24400059556 70919233418 1965338 	24398094218 1965338 0 0 0 	57993484 1965338 0 	448.059 	3 	2
19223400000000 19223500000228 	24600060012 71502096335 1971731 	24598088281 1971731 0 0 0 	58183032 1971731 0 	447.74 	3 	2
19249000000000 19249100000228 	24800060468 72084971932 1977849 	24798082619 1977849 0 0 0 	58362883 1977849 0 	447.427 	3 	2
19274600000000 19274700000091 	25000060650 72667874409 1983976 	24998076674 1983976 0 0 0 	58540866 1983976 0 	447.091 	3 	2
19300200000000 19300300000091 	25200060832 73250825858 1989981 	25198070851 1989981 0 0 0 	58718379 1989981 0 	446.761 	3 	2
19325800000000 19325900000091 	25400061014 73833790127 1995949 	25398065065 1995949 0 0 0 	58900201 1995949 0 	446.436 	3 	2
19351400000000 19351500000091 	25600061196 74416772314 2001664 	25598059532 2001664 0 0 0 	59067924 2001664 0 	446.117 	3 	2
19377000000000 19377100000091 	25800061378 74999812186 2007418 	25798053960 2007418 0 0 0 	59238345 2007418 0 	445.804 	3 	2
19402600000000 19402700000308 	26000061994 75583270552 2054975 	25998007019 2054975 0 0 0 	60641159 2054975 0 	446.224 	3 	2
19428200000000 19428300000308 	26200062610 76166682172 2102007 	26197960603 2102007 0 0 0 	62037865 2102007 0 	446.638 	3 	2
19453800000000 19453900000308 	26400063226 76750169696 2148947 	26397914279 2148947 0 0 0 	63418546 2148947 0 	447.047 	3 	2
19479400000000 19479500000308 	26600063842 77333618842 2195021 	26597868821 2195021 0 0 0 	64784477 2195021 0 	447.451 	3 	2
19505000000000 19505100000308 	26800064458 77917087266 2240673 	26797823785 2240673 0 0 0 	66131080 2240673 0 	447.849 	3 	2
19530600000000 19530700000308 	27000065074 78500625544 2286091 	26997778983 2286091 0 0 0 	67476384 2286091 0 	448.243 	3 	2
19556200000000 19556300000152 	27200065378 79084134435 2330688 	27197734690 2330688 0 0 0 	68804051 2330688 0 	448.608 	3 	2
19581800000000 19581900000152 	27400065682 79667722374 2374671 	27397691011 2374671 0 0 0 	70115353 2374671 0 	448.968 	3 	2
19607400000000 19607500000152 	27600065986 80251330532 2418493 	27597647493 2418493 0 0 0 	71414335 2418493 0 	449.323 	3 	2
19633000000000 19633100000152 	27800066290 80834927700 2461790 	27797604500 2461790 0 0 0 	72691317 2461790 0 	449.674 	3 	2
19658600000000 19658700000152 	28000066594 81418544327 2504337 	27997562257 2504337 0 0 0 	73956372 2504337 0 	450.021 	3 	2
19684200000000 19684300000152 	28200066898 82002121102 2546275 	28197520623 2546275 0 0 0 	75188164 2546275 0 	450.363 	3 	2
19709800000000 19709900000000 	28400066898 82585823938 2588505 	28397478393 2588505 0 0 0 	76433153 2588505 0 	450.678 	3 	2
19735400000000 19735500000000 	28600066898 83169502324 2630097 	28597436801 2630097 0 0 0 	77667348 2630097 0 	450.989 	3 	2
19761000000000 19761100000000 	28800066898 83753207755 2670791 	28797396107 2670791 0 0 0 	78863683 2670791 0 	451.296 	3 	2
19786600000000 19786700000000 	29000066898 84336903817 2711474 	28997355424 2711474 0 0 0 	80080070 2711474 0 	451.6 	3 	2
19812200000000 19812300000000 	29200066898 84920643571 2752050 	29197314848 2752050 0 0 0 	81285506 2752050 0 	451.899 	3 	2
19837800000000 19837900000000 	29400066898 85504365203 2791593 	29397275305 2791593 0 0 0 	82462733 2791593 0 	452.195 	3 	2
19863400000000 19863500000048 	29600066994 86088112542 2830816 	29597236178 2830816 0 0 0 	83621952 2830816 0 	452.465 	3 	2
19889000000000 19889100000048 	29800067090 86671902886 2869691 	29797197399 2869691 0 0 0 	84767521 2869691 0 	452.732 	3 	2
19914600000000 19914700000048 	30000067186 87255660971 2907662 	29997159524 2907662 0 0 0 	85894657 2907662 0 	452.995 	3 	2
19940200000000 19940300000048 	30200067282 87839534424 2945789 	30197121493 2945789 0 0 0 	87028390 2945789 0 	453.255 	3 	2
19965800000000 19965900000048 	30400067378 88423369690 2983163 	30397084215 2983163 0 0 0 	88132398 2983163 0 	453.513 	3 	2
19991400000000 19991500000048 	30600067474 89007249846 3020754 	30597046720 3020754 0 0 0 	89243667 3020754 0 	453.767 	3 	2
