16100400000000 16100500000476 	200000952 579745167 33006 	199967946 33006 0 0 0 	969244 33006 0 	492 	3 	4
16126000000000 16126100000011 	400000974 1159485008 65434 	399935540 65434 0 0 0 	1905102 65434 0 	490.495 	3 	4
16151600000000 16151700000011 	600000996 1739242352 97197 	599903799 97197 0 0 0 	2828664 97197 0 	489.996 	3 	4
16177200000000 16177300000011 	800001018 2319004325 128804 	799872214 128804 0 0 0 	3757305 128804 0 	489.747 	3 	4
16202800000000 16202900000011 	1000001040 2898759439 159805 	999841235 159805 0 0 0 	4663008 159805 0 	489.597 	3 	4
16228400000000 16228500000011 	1200001062 3478633377 190454 	1199810608 190454 0 0 0 	5577516 190454 0 	489.497 	3 	4
16254000000000 16254100000210 	1400001482 4058545187 220659 	1399780823 220659 0 0 0 	6465162 220659 0 	488.85 	3 	4
16279600000000 16279700000210 	1600001902 4638409579 250387 	1599751515 250387 0 0 0 	7341706 250387 0 	488.365 	3 	4
16305200000000 16305300000210 	1800002322 5218358465 279891 	1799722431 279891 0 0 0 	8209603 279891 0 	487.989 	3 	4
16330800000000 16330900000210 	2000002742 5798301255 308793 	1999693949 308793 0 0 0 	9063055 308793 0 	487.689 	3 	4
16356400000000 16356500000210 	2200003162 6378298453 337574 	2199665588 337574 0 0 0 	9907550 337574 0 	487.443 	3 	4
16382000000000 16382100000381 	2400003924 6958298211 366064 	2399637860 366064 0 0 0 	10751498 366064 0 	486.899 	3 	4
16407600000000 16407700000381 	2600004686 7538276931 393884 	2599610802 393884 0 0 0 	11568660 393884 0 	486.44 	3 	4
16433200000000 16433300000381 	2800005448 8118327257 421288 	2799584160 421288 0 0 0 	12386070 421288 0 	486.048 	3 	4
16458800000000 16458900000381 	3000006210 8698387743 447753 	2999558457 447753 0 0 0 	13166670 447753 0 	485.708 	3 	4
16484400000000 16484500000381 	3200006972 9278487866 474468 	3199532504 474468 0 0 0 	13947680 474468 0 	485.411 	3 	4
16510000000000 16510100000468 	3400007908 9858595936 500810 	3399507098 500810 0 0 0 	14732439 500810 0 	484.969 	3 	4
16535600000000 16535700000468 	3600008844 10438783654 526987 	3599481857 526987 0 0 0 	15495022 526987 0 	484.576 	3 	4
16561200000000 16561300000468 	3800009780 11018989770 552488 	3799457292 552488 0 0 0 	16238409 552488 0 	484.226 	3 	4
16586800000000 16586900000468 	4000010716 11599214103 577727 	3999432989 577727 0 0 0 	16971328 577727 0 	483.91 	3 	4
16612400000000 16612500000254 	4200011224 12179501818 602769 	4199408455 602769 0 0 0 	17707964 602769 0 	483.429 	3 	4
16638000000000 16638100000254 	4400011732 12759748019 627386 	4399384346 627386 0 0 0 	18437217 627386 0 	482.992 	3 	4
16663600000000 16663700000254 	4600012240 13340075019 651518 	4599360722 651518 0 0 0 	19155138 651518 0 	482.594 	3 	4
16689200000000 16689300000254 	4800012748 13920405476 675532 	4799337216 675532 0 0 0 	19866211 675532 0 	482.23 	3 	4
16714800000000 16714900000254 	5000013256 14500740554 699066 	4999314190 699066 0 0 0 	20562989 699066 0 	481.895 	3 	4
16740400000000 16740500000365 	5200013986 15081131084 722152 	5199291834 722152 0 0 0 	21239548 722152 0 	481.467 	3 	4
16766000000000 16766100000365 	5400014716 15661485389 745155 	5399269561 745155 0 0 0 	21920802 745155 0 	481.071 	3 	4
16791600000000 16791700000365 	5600015446 16241902914 768058 	5599247388 768058 0 0 0 	22593890 768058 0 	480.704 	3 	4
16817200000000 16817300000365 	5800016176 16822418649 790553 	5799225623 790553 0 0 0 	23261363 790553 0 	480.363 	3 	4
16842800000000 16842900000365 	6000016906 17402934140 812510 	5999204396 812510 0 0 0 	23912517 812510 0 	480.045 	3 	4
16868400000000 16868500000368 	6200017642 17983460126 834381 	6199183261 834381 0 0 0 	24552740 834381 0 	479.646 	3 	4
16894000000000 16894100000368 	6400018378 18564033344 856010 	6399162368 856010 0 0 0 	25183411 856010 0 	479.274 	3 	4
16919600000000 16919700000368 	6600019114 19144594088 877057 	6599142057 877057 0 0 0 	25801977 877057 0 	478.924 	3 	4
16945200000000 16945300000368 	6800019850 19725161655 897962 	6799121888 897962 0 0 0 	26413476 897962 0 	478.596 	3 	4
16970800000000 16970900000352 	7000020554 20305787201 918529 	6999102025 918529 0 0 0 	27025399 918529 0 	478.2 	3 	4
16996400000000 16996500000352 	7200021258 20886433742 938773 	7199082485 938773 0 0 0 	27623757 938773 0 	477.794 	3 	4
17022000000000 17022100000352 	7400021962 21467178207 959000 	7399062962 959000 0 0 0 	28218167 959000 0 	477.41 	3 	4
17047600000000 17047700000352 	7600022666 22047845749 978697 	7599043969 978697 0 0 0 	28793441 978697 0 	477.047 	3 	4
17073200000000 17073300000352 	7800023370 22628612507 998274 	7799025096 998274 0 0 0 	29372014 998274 0 	476.703 	3 	4
17098800000000 17098900000120 	8000023610 23209343730 1017507 	7999006103 1017507 0 0 0 	29933214 1017507 0 	476.298 	3 	4
17124400000000 17124500000120 	8200023850 23790069980 1036390 	8198987460 1036390 0 0 0 	30493223 1036390 0 	475.913 	3 	4
17150000000000 17150100000120 	8400024090 24370842306 1055158 	8398968932 1055158 0 0 0 	31050883 1055158 0 	475.546 	3 	4
17175600000000 17175700000120 	8600024330 24951677059 1073526 	8598950804 1073526 0 0 0 	31589345 1073526 0 	475.198 	3 	4
17201200000000 17201300000120 	8800024570 25532473165 1091818 	8798932752 1091818 0 0 0 	32125742 1091818 0 	474.865 	3 	4
17226800000000 17226900000178 	9000024926 26113369037 1109882 	8998915044 1109882 0 0 0 	32653398 1109882 0 	474.477 	3 	4
17252400000000 17252500000178 	9200025282 26694302255 1127583 	9198897699 1127583 0 0 0 	33167785 1127583 0 	474.106 	3 	4
17278000000000 17278100000178 	9400025638 27275258855 1145016 	9398880622 1145016 0 0 0 	33677843 1145016 0 	473.752 	3 	4
17303600000000 17303700000178 	9600025994 27856195008 1162402 	9598863592 1162402 0 0 0 	34193092 1162402 0 	473.413 	3 	4
17329200000000 17329300000178 	9800026350 28437227030 1179653 	9798846697 1179653 0 0 0 	34697162 1179653 0 	473.088 	3 	4
17354800000000 17354900000355 	10000027060 29018195601 1196414 	9998830646 1196414 0 0 0 	35192772 1196414 0 	472.712 	3 	4
17380400000000 17380500000355 	10200027770 29599219116 1213124 	10198814646 1213124 0 0 0 	35679978 1213124 0 	472.351 	3 	4
17406000000000 17406100000355 	10400028480 30180261129 1229317 	10398799163 1229317 0 0 0 	36157448 1229317 0 	472.005 	3 	4
17431600000000 17431700000355 	10600029190 30761390274 1245552 	10598783638 1245552 0 0 0 	36640939 1245552 0 	471.673 	3 	4
17457200000000 17457300000230 	10800029650 31342492969 1261476 	10798768174 1261476 0 0 0 	37115346 1261476 0 	471.273 	3 	4
17482800000000 17482900000230 	11000030110 31923623757 1277096 	10998753014 1277096 0 0 0 	37579159 1277096 0 	470.888 	3 	4
17508400000000 17508500000230 	11200030570 32504795495 1292509 	11198738061 1292509 0 0 0 	38031482 1292509 0 	470.517 	3 	4
17534000000000 17534100000230 	11400031030 33085988670 1307849 	11398723181 1307849 0 0 0 	38486100 1307849 0 	470.16 	3 	4
17559600000000 17559700000230 	11600031490 33667256239 1322985 	11598708505 1322985 0 0 0 	38927298 1322985 0 	469.816 	3 	4
17585200000000 17585300000320 	11800032130 34248501366 1337730 	11798694400 1337730 0 0 0 	39358727 1337730 0 	469.429 	3 	4
17610800000000 17610900000320 	12000032770 34829825320 1352288 	11998680482 1352288 0 0 0 	39784176 1352288 0 	469.055 	3 	4
17636400000000 17636500000320 	12200033410 35411116627 1366842 	12198666568 1366842 0 0 0 	40215526 1366842 0 	468.694 	3 	4
17662000000000 17662100000320 	12400034050 35992402341 1380914 	12398653136 1380914 0 0 0 	40628041 1380914 0 	468.345 	3 	4
17687600000000 17687700000320 	12600034690 36573727398 1395183 	12598639507 1395183 0 0 0 	41048422 1395183 0 	468.007 	3 	4
17713200000000 17713300000400 	12800035490 37155030956 1409081 	12798626409 1409081 0 0 0 	41456003 1409081 0 	467.63 	3 	4
17738800000000 17738900000400 	13000036290 37736487181 1422924 	12998613366 1422924 0 0 0 	41865728 1422924 0 	467.264 	3 	4
17764400000000 17764500000400 	13200037090 38317916734 1436274 	13198600816 1436274 0 0 0 	42254720 1436274 0 	466.91 	3 	4
17790000000000 17790100000400 	13400037890 38899349101 1449675 	13398588215 1449675 0 0 0 	42649498 1449675 0 	466.567 	3 	4
17815600000000 17815700000400 	13600038690 39480828806 1462904 	13598575786 1462904 0 0 0 	43040686 1462904 0 	466.235 	3 	4
17841200000000 17841300000290 	13800039270 40062344690 1475946 	13798563324 1475946 0 0 0 	43424657 1475946 0 	465.865 	3 	4
17866800000000 17866900000290 	14000039850 40643859757 1488833 	13998551017 1488833 0 0 0 	43806862 1488833 0 	465.506 	3 	4
17892400000000 17892500000290 	14200040430 41225420161 1501323 	14198539107 1501323 0 0 0 	44175776 1501323 0 	465.157 	3 	4
17918000000000 17918100000290 	14400041010 41806996855 1513815 	14398527195 1513815 0 0 0 	44542526 1513815 0 	464.819 	3 	4
17943600000000 17943700000249 	14600041508 42388588508 1526274 	14598515234 1526274 0 0 0 	44915834 1526274 0 	464.445 	3 	4
17969200000000 17969300000249 	14800042006 42970184473 1538569 	14798503437 1538569 0 0 0 	45276126 1538569 0 	464.081 	3 	4
17994800000000 17994900000249 	15000042504 43551877969 1550512 	14998491992 1550512 0 0 0 	45631246 1550512 0 	463.728 	3 	4
18020400000000 18020500000249 	15200043002 44133511469 1562406 	15198480596 1562406 0 0 0 	45981812 1562406 0 	463.385 	3 	4
18046000000000 18046100000249 	15400043500 44715233172 1573994 	15398469506 1573994 0 0 0 	46323413 1573994 0 	463.051 	3 	4
18071600000000 18071700000088 	15600043676 45296939337 1585452 	15598458224 1585452 0 0 0 	46666938 1585452 0 	462.683 	3 	4
18097200000000 18097300000088 	15800043852 45878671666 1596737 	15798447115 1596737 0 0 0 	46999346 1596737 0 	462.324 	3 	4
18122800000000 18122900000088 	16000044028 46460504280 1608098 	15998435930 1608098 0 0 0 	47334919 1608098 0 	461.976 	3 	4
18148400000000 18148500000088 	16200044204 47042350930 1619197 	16198425007 1619197 0 0 0 	47662390 1619197 0 	461.636 	3 	4
18174000000000 18174100000088 	16400044380 47624247450 1630151 	16398414229 1630151 0 0 0 	47984547 1630151 0 	461.305 	3 	4
18199600000000 18199700000110 	16600044600 48206166195 1640943 	16598403657 1640943 0 0 0 	48299944 1640943 0 	460.956 	3 	4
18225200000000 18225300000110 	16800044820 48788042374 1651364 	16798393456 1651364 0 0 0 	48611966 1651364 0 	460.615 	3 	4
18250800000000 18250900000110 	17000045040 49369997604 1661659 	16998383381 1661659 0 0 0 	48916298 1661659 0 	460.283 	3 	4
18276400000000 18276500000110 	17200045260 49951924277 1671924 	17198373336 1671924 0 0 0 	49219742 1671924 0 	459.959 	3 	4
18302000000000 18302100000110 	17400045480 50533881783 1682278 	17398363202 1682278 0 0 0 	49528294 1682278 0 	459.643 	3 	4
18327600000000 18327700000189 	17600045858 51115848689 1692326 	17598353532 1692326 0 0 0 	49827683 1692326 0 	459.297 	3 	4
18353200000000 18353300000189 	17800046236 51697903397 1702361 	17798343875 1702361 0 0 0 	50125189 1702361 0 	458.958 	3 	4
18378800000000 18378900000189 	18000046614 52279910268 1711997 	17998334617 1711997 0 0 0 	50414849 1711997 0 	458.627 	3 	4
18404400000000 18404500000189 	18200046992 52862006604 1721487 	18198325505 1721487 0 0 0 	50693848 1721487 0 	458.305 	3 	4
18430000000000 18430100000060 	18400047112 53444130210 1731145 	18398315967 1731145 0 0 0 	50974185 1731145 0 	457.952 	3 	4
18455600000000 18455700000060 	18600047232 54026269510 1740593 	18598306639 1740593 0 0 0 	51248746 1740593 0 	457.608 	3 	4
18481200000000 18481300000060 	18800047352 54608445518 1749833 	18798297519 1749833 0 0 0 	51519122 1749833 0 	457.271 	3 	4
18506800000000 18506900000060 	19000047472 55190652666 1758949 	18998288523 1758949 0 0 0 	51792142 1758949 0 	456.942 	3 	4
18532400000000 18532500000060 	19200047592 55772878248 1767969 	19198279623 1767969 0 0 0 	52059594 1767969 0 	456.621 	3 	4
18558000000000 18558100000375 	19400048342 56355131188 1776725 	19398271617 1776725 0 0 0 	52321756 1776725 0 	456.271 	3 	4
18583600000000 18583700000375 	19600049092 56937411248 1785534 	19598263558 1785534 0 0 0 	52580609 1785534 0 	455.928 	3 	4
18609200000000 18609300000375 	19800049842 57519659355 1794114 	19798255728 1794114 0 0 0 	52835417 1794114 0 	455.594 	3 	4
18634800000000 18634900000375 	20000050592 58101930695 1802546 	19998248046 1802546 0 0 0 	53083875 1802546 0 	455.266 	3 	4
18660400000000 18660500000375 	20200051342 58684212723 1811006 	20198240336 1811006 0 0 0 	53334263 1811006 0 	454.945 	3 	4
18686000000000 18686100000074 	20400051490 59266531071 1819245 	20398232245 1819245 0 0 0 	53577999 1819245 0 	454.597 	3 	4
18711600000000 18711700000074 	20600051638 59849000936 1827350 	20598224288 1827350 0 0 0 	53823550 1827350 0 	454.256 	3 	4
18737200000000 18737300000074 	20800051786 60431369519 1835430 	20798216356 1835430 0 0 0 	54054656 1835430 0 	453.923 	3 	4
18762800000000 18762900000074 	21000051934 61013800033 1843432 	20998208502 1843432 0 0 0 	54290551 1843432 0 	453.596 	3 	4
18788400000000 18788500000074 	21200052082 61596304665 1851276 	21198200806 1851276 0 0 0 	54519396 1851276 0 	453.276 	3 	4
18814000000000 18814100000320 	21400052722 62178765535 1859058 	21398193664 1859058 0 0 0 	54750147 1859058 0 	452.94 	3 	4
18839600000000 18839700000320 	21600053362 62761222352 1866735 	21598186627 1866735 0 0 0 	54978711 1866735 0 	452.612 	3 	4
18865200000000 18865300000320 	21800054002 63343739621 1874356 	21798179646 1874356 0 0 0 	55204687 1874356 0 	452.29 	3 	4
18890800000000 18890900000320 	22000054642 63926314641 1881833 	21998172809 1881833 0 0 0 	55421512 1881833 0 	451.974 	3 	4
18916400000000 18916500000353 	22200055348 64508924458 1889167 	22198166181 1889167 0 0 0 	55644176 1889167 0 	451.632 	3 	4
18942000000000 18942100000353 	22400056054 65091556165 1896328 	22398159726 1896328 0 0 0 	55855920 1896328 0 	451.298 	3 	4
18967600000000 18967700000353 	22600056760 65674217109 1903571 	22598153189 1903571 0 0 0 	56066703 1903571 0 	450.97 	3 	4
18993200000000 18993300000353 	22800057466 66256880130 1910614 	22798146852 1910614 0 0 0 	56273908 1910614 0 	450.648 	3 	4
19018800000000 19018900000353 	23000058172 66839552607 1917473 	22998140699 1917473 0 0 0 	56476862 1917473 0 	450.332 	3 	4
19044400000000 19044500000044 	23200058260 67422265929 1924372 	23198133888 1924372 0 0 0 	56679066 1924372 0 	449.991 	3 	4
19070000000000 19070100000044 	23400058348 68005024088 1931214 	23398127134 1931214 0 0 0 	56880010 1931214 0 	449.657 	3 	4
19095600000000 19095700000044 	23600058436 68587719187 1937873 	23598120563 1937873 0 0 0 	57078547 1937873 0 	449.329 	3 	4
19121200000000 19121300000044 	23800058524 69170485078 1944422 	23798114102 1944422 0 0 0 	57269637 1944422 0 	449.007 	3 	4
19146800000000 19146900000044 	24000058612 69753288186 1950881 	23998107731 1950881 0 0 0 	57458582 1950881 0 	448.691 	3 	4
19172400000000 19172500000228 	24200059068 70336104716 1957361 	24198101707 1957361 0 0 0 	57651547 1957361 0 	448.361 	3 	4
19198000000000 19198100000228 	24400059524 70918946298 1963893 	24398095631 1963893 0 0 0 	57845315 1963893 0 	448.037 	3 	4
19223600000000 19223700000228 	24600059980 71501861499 1970195 	24598089785 1970195 0 0 0 	58028786 1970195 0 	447.718 	3 	4
19249200000000 19249300000228 	24800060436 72084794731 1976345 	24798084091 1976345 0 0 0 	58206649 1976345 0 	447.406 	3 	4
19274800000000 19274900000091 	25000060618 72667654656 1982444 	24998078174 1982444 0 0 0 	58385405 1982444 0 	447.07 	3 	4
19300400000000 19300500000091 	25200060800 73250563110 1988578 	25198072222 1988578 0 0 0 	58567698 1988578 0 	446.74 	3 	4
19326000000000 19326100000091 	25400060982 73833509140 1994539 	25398066443 1994539 0 0 0 	58745216 1994539 0 	446.415 	3 	4
19351600000000 19351700000091 	25600061164 74416512225 2000383 	25598060781 2000383 0 0 0 	58920647 2000383 0 	446.097 	3 	4
19377200000000 19377300000091 	25800061346 74999573206 2006138 	25798055208 2006138 0 0 0 	59093528 2006138 0 	445.783 	3 	4
19402800000000 19402900000308 	26000061962 75583035973 2053705 	25998008257 2053705 0 0 0 	60499740 2053705 0 	446.204 	3 	4
19428400000000 19428500000308 	26200062578 76166481905 2100838 	26197961740 2100838 0 0 0 	61898437 2100838 0 	446.618 	3 	4
19454000000000 19454100000308 	26400063194 76749908544 2147507 	26397915687 2147507 0 0 0 	63278559 2147507 0 	447.027 	3 	4
19479600000000 19479700000308 	26600063810 77333371256 2193621 	26597870189 2193621 0 0 0 	64646576 2193621 0 	447.431 	3 	4
19505200000000 19505300000308 	26800064426 77916830819 2239183 	26797825243 2239183 0 0 0 	66002015 2239183 0 	447.83 	3 	4
19530800000000 19530900000308 	27000065042 78500313659 2284610 	26997780432 2284610 0 0 0 	67340805 2284610 0 	448.223 	3 	4
19556400000000 19556500000152 	27200065346 79083800677 2328858 	27197736488 2328858 0 0 0 	68657751 2328858 0 	448.588 	3 	4
19582000000000 19582100000152 	27400065650 79667335802 2372889 	27397692761 2372889 0 0 0 	69952233 2372889 0 	448.948 	3 	4
19607600000000 19607700000152 	27600065954 80250967711 2417019 	27597648935 2417019 0 0 0 	71265649 2417019 0 	449.304 	3 	4
19633200000000 19633300000152 	27800066258 80834547035 2460278 	27797605980 2460278 0 0 0 	72548248 2460278 0 	449.655 	3 	4
19658800000000 19658900000152 	28000066562 81418114496 2503189 	27997563373 2503189 0 0 0 	73817219 2503189 0 	450.002 	3 	4
19684400000000 19684500000152 	28200066866 82001763051 2545525 	28197521341 2545525 0 0 0 	75082866 2545525 0 	450.344 	3 	4
19710000000000 19710100000000 	28400066866 82585365818 2587395 	28397479471 2587395 0 0 0 	76332722 2587395 0 	450.659 	3 	4
19735600000000 19735700000000 	28600066866 83169035841 2628966 	28597437900 2628966 0 0 0 	77568577 2628966 0 	450.97 	3 	4
19761200000000 19761300000000 	28800066866 83752744674 2670161 	28797396705 2670161 0 0 0 	78785362 2670161 0 	451.277 	3 	4
19786800000000 19786900000000 	29000066866 84336427037 2710563 	28997356303 2710563 0 0 0 	79982337 2710563 0 	451.581 	3 	4
19812400000000 19812500000000 	29200066866 84920176250 2750759 	29197316107 2750759 0 0 0 	81174653 2750759 0 	451.881 	3 	4
19838000000000 19838100000000 	29400066866 85503885089 2790154 	29397276712 2790154 0 0 0 	82350820 2790154 0 	452.177 	3 	4
19863600000000 19863700000048 	29600066962 86087643900 2829504 	29597237458 2829504 0 0 0 	83514684 2829504 0 	452.447 	3 	4
19889200000000 19889300000048 	29800067058 86671424230 2868284 	29797198774 2868284 0 0 0 	84666364 2868284 0 	452.714 	3 	4
19914800000000 19914900000048 	30000067154 87255219963 2906748 	29997160406 2906748 0 0 0 	85798752 2906748 0 	452.977 	3 	4
19940400000000 19940500000048 	30200067250 87839108037 2944633 	30197122617 2944633 0 0 0 	86913395 2944633 0 	453.237 	3 	4
19966000000000 19966100000048 	30400067346 88423012767 2982119 	30397085227 2982119 0 0 0 	88018763 2982119 0 	453.495 	3 	4
19991600000000 19991700000048 	30600067442 89006856211 3019381 	30597048061 3019381 0 0 0 	89110713 3019381 0 	453.749 	3 	4
