16100600000000 16100700000476 	200000952 579651881 32589 	199968363 32589 0 0 0 	961765 32589 0 	492 	3 	6
16126200000000 16126300000011 	400000974 1159377770 65072 	399935902 65072 0 0 0 	1916229 65072 0 	490.495 	3 	6
16151800000000 16151900000011 	600000996 1739187998 96984 	599904012 96984 0 0 0 	2846428 96984 0 	489.996 	3 	6
16177400000000 16177500000011 	800001018 2319025435 128507 	799872511 128507 0 0 0 	3766755 128507 0 	489.747 	3 	6
16203000000000 16203100000011 	1000001040 2898783134 159463 	999841577 159463 0 0 0 	4678249 159463 0 	489.597 	3 	6
16228600000000 16228700000011 	1200001062 3478641990 190229 	1199810833 190229 0 0 0 	5581835 190229 0 	489.497 	3 	6
16254200000000 16254300000210 	1400001482 4058543579 220532 	1399780950 220532 0 0 0 	6474655 220532 0 	488.85 	3 	6
16279800000000 16279900000210 	1600001902 4638455647 250002 	1599751900 250002 0 0 0 	7342641 250002 0 	488.365 	3 	6
16305400000000 16305500000210 	1800002322 5218344970 279146 	1799723176 279146 0 0 0 	8197095 279146 0 	487.989 	3 	6
16331000000000 16331100000210 	2000002742 5798210362 307937 	1999694805 307937 0 0 0 	9038672 307937 0 	487.689 	3 	6
16356600000000 16356700000210 	2200003162 6378139844 336373 	2199666789 336373 0 0 0 	9868907 336373 0 	487.443 	3 	6
16382200000000 16382300000381 	2400003924 6958137019 364376 	2399639548 364376 0 0 0 	10685925 364376 0 	486.899 	3 	6
16407800000000 16407900000381 	2600004686 7538217089 392357 	2599612329 392357 0 0 0 	11510372 392357 0 	486.44 	3 	6
16433400000000 16433500000381 	2800005448 8118260286 419662 	2799585786 419662 0 0 0 	12320536 419662 0 	486.048 	3 	6
16459000000000 16459100000381 	3000006210 8698318479 446768 	2999559442 446768 0 0 0 	13109255 446768 0 	485.708 	3 	6
16484600000000 16484700000381 	3200006972 9278456033 473376 	3199533596 473376 0 0 0 	13890196 473376 0 	485.411 	3 	6
16510200000000 16510300000468 	3400007908 9858606138 499645 	3399508263 499645 0 0 0 	14669366 499645 0 	484.969 	3 	6
16535800000000 16535900000468 	3600008844 10438767741 525515 	3599483329 525515 0 0 0 	15435609 525515 0 	484.576 	3 	6
16561400000000 16561500000468 	3800009780 11018937027 550937 	3799458843 550937 0 0 0 	16182660 550937 0 	484.226 	3 	6
16587000000000 16587100000468 	4000010716 11599130980 576083 	3999434633 576083 0 0 0 	16922561 576083 0 	483.91 	3 	6
16612600000000 16612700000254 	4200011224 12179424625 600944 	4199410280 600944 0 0 0 	17646243 600944 0 	483.429 	3 	6
16638200000000 16638300000254 	4400011732 12759734130 625598 	4399386134 625598 0 0 0 	18370829 625598 0 	482.992 	3 	6
16663800000000 16663900000254 	4600012240 13339969350 649869 	4599362371 649869 0 0 0 	19087812 649869 0 	482.594 	3 	6
16689400000000 16689500000254 	4800012748 13920295679 673697 	4799339051 673697 0 0 0 	19791695 673697 0 	482.23 	3 	6
16715000000000 16715100000254 	5000013256 14500709633 697601 	4999315655 697601 0 0 0 	20494913 697601 0 	481.895 	3 	6
16740600000000 16740700000365 	5200013986 15081056578 720735 	5199293251 720735 0 0 0 	21180230 720735 0 	481.467 	3 	6
16766200000000 16766300000365 	5400014716 15661464404 743780 	5399270936 743780 0 0 0 	21858977 743780 0 	481.071 	3 	6
16791800000000 16791900000365 	5600015446 16241888210 766491 	5599248955 766491 0 0 0 	22529012 766491 0 	480.704 	3 	6
16817400000000 16817500000365 	5800016176 16822349296 788830 	5799227346 788830 0 0 0 	23185768 788830 0 	480.363 	3 	6
16843000000000 16843100000365 	6000016906 17402823836 810877 	5999206029 810877 0 0 0 	23831383 810877 0 	480.045 	3 	6
16868600000000 16868700000368 	6200017642 17983410948 832740 	6199184902 832740 0 0 0 	24476419 832740 0 	479.646 	3 	6
16894200000000 16894300000368 	6400018378 18563949388 854154 	6399164224 854154 0 0 0 	25107399 854154 0 	479.274 	3 	6
16919800000000 16919900000368 	6600019114 19144507938 875191 	6599143923 875191 0 0 0 	25722810 875191 0 	478.924 	3 	6
16945400000000 16945500000368 	6800019850 19725078063 896297 	6799123553 896297 0 0 0 	26339707 896297 0 	478.596 	3 	6
16971000000000 16971100000352 	7000020554 20305699120 916762 	6999103792 916762 0 0 0 	26943119 916762 0 	478.166 	3 	6
16996600000000 16996700000352 	7200021258 20886339567 937138 	7199084120 937138 0 0 0 	27547781 937138 0 	477.761 	3 	6
17022200000000 17022300000352 	7400021962 21467060539 957425 	7399064537 957425 0 0 0 	28147324 957425 0 	477.378 	3 	6
17047800000000 17047900000352 	7600022666 22047746798 977260 	7599045406 977260 0 0 0 	28729851 977260 0 	477.016 	3 	6
17073400000000 17073500000352 	7800023370 22628424520 996640 	7799026730 996640 0 0 0 	29302366 996640 0 	476.673 	3 	6
17099000000000 17099100000120 	8000023610 23209223814 1015975 	7999007635 1015975 0 0 0 	29873900 1015975 0 	476.268 	3 	6
17124600000000 17124700000120 	8200023850 23789942237 1034984 	8198988866 1034984 0 0 0 	30430492 1034984 0 	475.884 	3 	6
17150200000000 17150300000120 	8400024090 24370764498 1053830 	8398970260 1053830 0 0 0 	30988177 1053830 0 	475.518 	3 	6
17175800000000 17175900000120 	8600024330 24951648656 1072507 	8598951823 1072507 0 0 0 	31541548 1072507 0 	475.17 	3 	6
17201400000000 17201500000120 	8800024570 25532579181 1090909 	8798933661 1090909 0 0 0 	32087666 1090909 0 	474.839 	3 	6
17227000000000 17227100000178 	9000024926 26113463264 1108782 	8998916144 1108782 0 0 0 	32620267 1108782 0 	474.451 	3 	6
17252600000000 17252700000178 	9200025282 26694296185 1126543 	9198898739 1126543 0 0 0 	33145123 1126543 0 	474.081 	3 	6
17278200000000 17278300000178 	9400025638 27275240129 1144008 	9398881630 1144008 0 0 0 	33660314 1144008 0 	473.727 	3 	6
17303800000000 17303900000178 	9600025994 27856139507 1161280 	9598864714 1161280 0 0 0 	34169490 1161280 0 	473.388 	3 	6
17329400000000 17329500000178 	9800026350 28437121437 1178347 	9798848003 1178347 0 0 0 	34672948 1178347 0 	473.064 	3 	6
17355000000000 17355100000355 	10000027060 29018121085 1194961 	9998832099 1194961 0 0 0 	35164186 1194961 0 	472.689 	3 	6
17380600000000 17380700000355 	10200027770 29599198064 1211607 	10198816163 1211607 0 0 0 	35658824 1211607 0 	472.329 	3 	6
17406200000000 17406300000355 	10400028480 30180254927 1228120 	10398800360 1228120 0 0 0 	36147702 1228120 0 	471.983 	3 	6
17431800000000 17431900000355 	10600029190 30761333667 1244306 	10598784884 1244306 0 0 0 	36625653 1244306 0 	471.651 	3 	6
17457400000000 17457500000230 	10800029650 31342406965 1260193 	10798769457 1260193 0 0 0 	37098044 1260193 0 	471.251 	3 	6
17483000000000 17483100000230 	11000030110 31923593774 1275862 	10998754248 1275862 0 0 0 	37560471 1275862 0 	470.867 	3 	6
17508600000000 17508700000230 	11200030570 32504783863 1291002 	11198739568 1291002 0 0 0 	38013275 1291002 0 	470.497 	3 	6
17534200000000 17534300000230 	11400031030 33086003141 1306396 	11398724634 1306396 0 0 0 	38467768 1306396 0 	470.14 	3 	6
17559800000000 17559900000230 	11600031490 33667209738 1321519 	11598709971 1321519 0 0 0 	38915047 1321519 0 	469.796 	3 	6
17585400000000 17585500000320 	11800032130 34248459524 1336348 	11798695782 1336348 0 0 0 	39350284 1336348 0 	469.409 	3 	6
17611000000000 17611100000320 	12000032770 34829740230 1350675 	11998682095 1350675 0 0 0 	39766217 1350675 0 	469.036 	3 	6
17636600000000 17636700000320 	12200033410 35411037700 1365040 	12198668370 1365040 0 0 0 	40188064 1365040 0 	468.675 	3 	6
17662200000000 17662300000320 	12400034050 35992351314 1379590 	12398654460 1379590 0 0 0 	40617804 1379590 0 	468.326 	3 	6
17687800000000 17687900000320 	12600034690 36573713772 1393754 	12598640936 1393754 0 0 0 	41036879 1393754 0 	467.989 	3 	6
17713400000000 17713500000400 	12800035490 37155113121 1407592 	12798627898 1407592 0 0 0 	41449199 1407592 0 	467.612 	3 	6
17739000000000 17739100000400 	13000036290 37736475982 1421498 	12998614792 1421498 0 0 0 	41857239 1421498 0 	467.247 	3 	6
17764600000000 17764700000400 	13200037090 38317938612 1435238 	13198601852 1435238 0 0 0 	42258882 1435238 0 	466.893 	3 	6
17790200000000 17790300000400 	13400037890 38899402470 1448602 	13398589288 1448602 0 0 0 	42653330 1448602 0 	466.55 	3 	6
17815800000000 17815900000400 	13600038690 39480828629 1461760 	13598576930 1461760 0 0 0 	43040752 1461760 0 	466.218 	3 	6
17841400000000 17841500000290 	13800039270 40062332059 1474864 	13798564406 1474864 0 0 0 	43427244 1474864 0 	465.848 	3 	6
17867000000000 17867100000290 	14000039850 40643902251 1487712 	13998552138 1487712 0 0 0 	43800727 1487712 0 	465.49 	3 	6
17892600000000 17892700000290 	14200040430 41225469857 1500236 	14198540194 1500236 0 0 0 	44169481 1500236 0 	465.141 	3 	6
17918200000000 17918300000290 	14400041010 41807032218 1512605 	14398528405 1512605 0 0 0 	44534356 1512605 0 	464.803 	3 	6
17943800000000 17943900000249 	14600041508 42388661631 1524897 	14598516611 1524897 0 0 0 	44898551 1524897 0 	464.429 	3 	6
17969400000000 17969500000249 	14800042006 42970320642 1537046 	14798504960 1537046 0 0 0 	45259334 1537046 0 	464.066 	3 	6
17995000000000 17995100000249 	15000042504 43551966717 1548800 	14998493704 1548800 0 0 0 	45607577 1548800 0 	463.713 	3 	6
18020600000000 18020700000249 	15200043002 44133679220 1560709 	15198482293 1560709 0 0 0 	45962585 1560709 0 	463.37 	3 	6
18046200000000 18046300000249 	15400043500 44715386740 1572385 	15398471115 1572385 0 0 0 	46305099 1572385 0 	463.036 	3 	6
18071800000000 18071900000088 	15600043676 45297174709 1583829 	15598459847 1583829 0 0 0 	46646723 1583829 0 	462.668 	3 	6
18097400000000 18097500000088 	15800043852 45878975885 1595256 	15798448596 1595256 0 0 0 	46984526 1595256 0 	462.31 	3 	6
18123000000000 18123100000088 	16000044028 46460762223 1606616 	15998437412 1606616 0 0 0 	47317093 1606616 0 	461.962 	3 	6
18148600000000 18148700000088 	16200044204 47042592544 1617603 	16198426601 1617603 0 0 0 	47644557 1617603 0 	461.623 	3 	6
18174200000000 18174300000088 	16400044380 47624440613 1628432 	16398415948 1628432 0 0 0 	47967375 1628432 0 	461.292 	3 	6
18199800000000 18199900000110 	16600044600 48206314318 1639324 	16598405276 1639324 0 0 0 	48287696 1639324 0 	460.943 	3 	6
18225400000000 18225500000110 	16800044820 48788130807 1650025 	16798394795 1650025 0 0 0 	48602636 1650025 0 	460.602 	3 	6
18251000000000 18251100000110 	17000045040 49370034662 1660522 	16998384518 1660522 0 0 0 	48911838 1660522 0 	460.27 	3 	6
18276600000000 18276700000110 	17200045260 49952052351 1670569 	17198374691 1670569 0 0 0 	49207959 1670569 0 	459.947 	3 	6
18302200000000 18302300000110 	17400045480 50534001228 1680642 	17398364838 1680642 0 0 0 	49499775 1680642 0 	459.631 	3 	6
18327800000000 18327900000189 	17600045858 51116032539 1690693 	17598355165 1690693 0 0 0 	49799852 1690693 0 	459.284 	3 	6
18353400000000 18353500000189 	17800046236 51698084152 1700710 	17798345526 1700710 0 0 0 	50095102 1700710 0 	458.946 	3 	6
18379000000000 18379100000189 	18000046614 52280105758 1710415 	17998336199 1710415 0 0 0 	50384505 1710415 0 	458.615 	3 	6
18404600000000 18404700000189 	18200046992 52862170219 1720131 	18198326861 1720131 0 0 0 	50673489 1720131 0 	458.293 	3 	6
18430200000000 18430300000060 	18400047112 53444315515 1729707 	18398317405 1729707 0 0 0 	50960381 1729707 0 	457.94 	3 	6
18455800000000 18455900000060 	18600047232 54026430943 1739254 	18598307978 1739254 0 0 0 	51244086 1739254 0 	457.596 	3 	6
18481400000000 18481500000060 	18800047352 54608531489 1748630 	18798298722 1748630 0 0 0 	51522328 1748630 0 	457.26 	3 	6
18507000000000 18507100000060 	19000047472 55190670002 1757733 	18998289739 1757733 0 0 0 	51794407 1757733 0 	456.931 	3 	6
18532600000000 18532700000060 	19200047592 55772853010 1766800 	19198280792 1766800 0 0 0 	52066780 1766800 0 	456.609 	3 	6
18558200000000 18558300000375 	19400048342 56355085972 1775715 	19398272627 1775715 0 0 0 	52327241 1775715 0 	456.26 	3 	6
18583800000000 18583900000375 	19600049092 56937315992 1784558 	19598264534 1784558 0 0 0 	52584683 1784558 0 	455.917 	3 	6
18609400000000 18609500000375 	19800049842 57519571112 1793250 	19798256592 1793250 0 0 0 	52844141 1793250 0 	455.583 	3 	6
18635000000000 18635100000375 	20000050592 58101918931 1801767 	19998248825 1801767 0 0 0 	53096779 1801767 0 	455.255 	3 	6
18660600000000 18660700000375 	20200051342 58684229786 1810250 	20198241092 1810250 0 0 0 	53346734 1810250 0 	454.934 	3 	6
18686200000000 18686300000074 	20400051490 59266576001 1818459 	20398233031 1818459 0 0 0 	53586933 1818459 0 	454.587 	3 	6
18711800000000 18711900000074 	20600051638 59848980756 1826496 	20598225142 1826496 0 0 0 	53825812 1826496 0 	454.246 	3 	6
18737400000000 18737500000074 	20800051786 60431371735 1834619 	20798217167 1834619 0 0 0 	54066667 1834619 0 	453.912 	3 	6
18763000000000 18763100000074 	21000051934 61013794580 1842503 	20998209431 1842503 0 0 0 	54301933 1842503 0 	453.586 	3 	6
18788600000000 18788700000074 	21200052082 61596230257 1850467 	21198201615 1850467 0 0 0 	54538080 1850467 0 	453.266 	3 	6
18814200000000 18814300000320 	21400052722 62178745776 1858365 	21398194357 1858365 0 0 0 	54769709 1858365 0 	452.93 	3 	6
18839800000000 18839900000320 	21600053362 62761323849 1866063 	21598187299 1866063 0 0 0 	54997182 1866063 0 	452.602 	3 	6
18865400000000 18865500000320 	21800054002 63343815769 1873616 	21798180386 1873616 0 0 0 	55220064 1873616 0 	452.28 	3 	6
18891000000000 18891100000320 	22000054642 63926368793 1881118 	21998173524 1881118 0 0 0 	55443896 1881118 0 	451.964 	3 	6
18916600000000 18916700000353 	22200055348 64508997652 1888562 	22198166786 1888562 0 0 0 	55665301 1888562 0 	451.623 	3 	6
18942200000000 18942300000353 	22400056054 65091563145 1895850 	22398160204 1895850 0 0 0 	55879329 1895850 0 	451.288 	3 	6
18967800000000 18967900000353 	22600056760 65674178687 1902944 	22598153816 1902944 0 0 0 	56089488 1902944 0 	450.96 	3 	6
18993400000000 18993500000353 	22800057466 66256836474 1909864 	22798147602 1909864 0 0 0 	56295219 1909864 0 	450.638 	3 	6
19019000000000 19019100000353 	23000058172 66839569769 1916821 	22998141351 1916821 0 0 0 	56498658 1916821 0 	450.322 	3 	6
19044600000000 19044700000044 	23200058260 67422280648 1923699 	23198134561 1923699 0 0 0 	56701272 1923699 0 	449.982 	3 	6
19070200000000 19070300000044 	23400058348 68005019051 1930493 	23398127855 1930493 0 0 0 	56897975 1930493 0 	449.648 	3 	6
19095800000000 19095900000044 	23600058436 68587765490 1937126 	23598121310 1937126 0 0 0 	57093617 1937126 0 	449.32 	3 	6
19121400000000 19121500000044 	23800058524 69170491169 1943682 	23798114842 1943682 0 0 0 	57288570 1943682 0 	448.998 	3 	6
19147000000000 19147100000044 	24000058612 69753306929 1950193 	23998108419 1950193 0 0 0 	57481072 1950193 0 	448.682 	3 	6
19172600000000 19172700000228 	24200059068 70336140380 1956634 	24198102434 1956634 0 0 0 	57669923 1956634 0 	448.352 	3 	6
19198200000000 19198300000228 	24400059524 70919004305 1963019 	24398096505 1963019 0 0 0 	57861298 1963019 0 	448.028 	3 	6
19223800000000 19223900000228 	24600059980 71501884208 1969214 	24598090766 1969214 0 0 0 	58039966 1969214 0 	447.71 	3 	6
19249400000000 19249500000228 	24800060436 72084796969 1975361 	24798085075 1975361 0 0 0 	58220294 1975361 0 	447.397 	3 	6
19275000000000 19275100000091 	25000060618 72667749222 1981509 	24998079109 1981509 0 0 0 	58401705 1981509 0 	447.061 	3 	6
19300600000000 19300700000091 	25200060800 73250688774 1987487 	25198073313 1987487 0 0 0 	58576873 1987487 0 	446.732 	3 	6
19326200000000 19326300000091 	25400060982 73833672792 1993318 	25398067664 1993318 0 0 0 	58751604 1993318 0 	446.407 	3 	6
19351800000000 19351900000091 	25600061164 74416654555 1999272 	25598061892 1999272 0 0 0 	58925544 1999272 0 	446.088 	3 	6
19377400000000 19377500000091 	25800061346 74999636523 2005157 	25798056189 2005157 0 0 0 	59099125 2005157 0 	445.775 	3 	6
19403000000000 19403100000308 	26000061962 75583022151 2052354 	25998009608 2052354 0 0 0 	60502652 2052354 0 	446.196 	3 	6
19428600000000 19428700000308 	26200062578 76166429601 2099429 	26197963149 2099429 0 0 0 	61883148 2099429 0 	446.61 	3 	6
19454200000000 19454300000308 	26400063194 76749872181 2146358 	26397916836 2146358 0 0 0 	63282500 2146358 0 	447.02 	3 	6
19479800000000 19479900000308 	26600063810 77333294845 2192180 	26597871630 2192180 0 0 0 	64643052 2192180 0 	447.423 	3 	6
19505400000000 19505500000308 	26800064426 77916767080 2237670 	26797826756 2237670 0 0 0 	65992285 2237670 0 	447.822 	3 	6
19531000000000 19531100000308 	27000065042 78500319315 2283003 	26997782039 2283003 0 0 0 	67338537 2283003 0 	448.215 	3 	6
19556600000000 19556700000152 	27200065346 79083835063 2328079 	27197737267 2328079 0 0 0 	68668653 2328079 0 	448.58 	3 	6
19582200000000 19582300000152 	27400065650 79667423192 2372233 	27397693417 2372233 0 0 0 	69980197 2372233 0 	448.941 	3 	6
19607800000000 19607900000152 	27600065954 80250948653 2415829 	27597650125 2415829 0 0 0 	71278135 2415829 0 	449.296 	3 	6
19633400000000 19633500000152 	27800066258 80834546470 2458957 	27797607301 2458957 0 0 0 	72554639 2458957 0 	449.647 	3 	6
19659000000000 19659100000152 	28000066562 81418181883 2501300 	27997565262 2501300 0 0 0 	73803958 2501300 0 	449.994 	3 	6
19684600000000 19684700000152 	28200066866 82001812729 2543608 	28197523258 2543608 0 0 0 	75059265 2543608 0 	450.336 	3 	6
19710200000000 19710300000000 	28400066866 82585468133 2585290 	28397481576 2585290 0 0 0 	76288158 2585290 0 	450.652 	3 	6
19735800000000 19735900000000 	28600066866 83169097519 2626896 	28597439970 2626896 0 0 0 	77516202 2626896 0 	450.963 	3 	6
19761400000000 19761500000000 	28800066866 83752807864 2668194 	28797398672 2668194 0 0 0 	78744195 2668194 0 	451.27 	3 	6
19787000000000 19787100000000 	29000066866 84336475926 2708446 	28997358420 2708446 0 0 0 	79943363 2708446 0 	451.574 	3 	6
19812600000000 19812700000000 	29200066866 84920200365 2748582 	29197318284 2748582 0 0 0 	81134673 2748582 0 	451.873 	3 	6
19838200000000 19838300000000 	29400066866 85503947528 2788074 	29397278792 2788074 0 0 0 	82314619 2788074 0 	452.169 	3 	6
19863800000000 19863900000048 	29600066962 86087738126 2827167 	29597239795 2827167 0 0 0 	83474633 2827167 0 	452.44 	3 	6
19889400000000 19889500000048 	29800067058 86671550548 2865858 	29797201200 2865858 0 0 0 	84641109 2865858 0 	452.706 	3 	6
19915000000000 19915100000048 	30000067154 87255323908 2904376 	29997162778 2904376 0 0 0 	85774737 2904376 0 	452.97 	3 	6
19940600000000 19940700000048 	30200067250 87839137725 2942335 	30197124915 2942335 0 0 0 	86900777 2942335 0 	453.23 	3 	6
19966200000000 19966300000048 	30400067346 88422986912 2979706 	30397087640 2979706 0 0 0 	88011701 2979706 0 	453.488 	3 	6
19991800000000 19991900000048 	30600067442 89006872554 3017064 	30597050378 3017064 0 0 0 	89124913 3017064 0 	453.742 	3 	6
