16101000000000 16101100000476 	200000952 579743898 32557 	199968395 32557 0 0 0 	962734 32557 0 	492 	3 	10
16126600000000 16126700000011 	400000974 1159527596 64893 	399936081 64893 0 0 0 	1920139 64893 0 	490.495 	3 	10
16152200000000 16152300000011 	600000996 1739290832 96553 	599904443 96553 0 0 0 	2851840 96553 0 	489.996 	3 	10
16177800000000 16177900000011 	800001018 2319065111 127952 	799873066 127952 0 0 0 	3778558 127952 0 	489.747 	3 	10
16203400000000 16203500000011 	1000001040 2898866594 158890 	999842150 158890 0 0 0 	4690775 158890 0 	489.597 	3 	10
16229000000000 16229100000011 	1200001062 3478738047 189634 	1199811428 189634 0 0 0 	5594108 189634 0 	489.497 	3 	10
16254600000000 16254700000210 	1400001482 4058619756 219978 	1399781504 219978 0 0 0 	6487713 219978 0 	488.85 	3 	10
16280200000000 16280300000210 	1600001902 4638510686 249847 	1599752055 249847 0 0 0 	7360253 249847 0 	488.365 	3 	10
16305800000000 16305900000210 	1800002322 5218444014 279353 	1799722969 279353 0 0 0 	8227642 279353 0 	487.989 	3 	10
16331400000000 16331500000210 	2000002742 5798452022 308186 	1999694556 308186 0 0 0 	9083607 308186 0 	487.689 	3 	10
16357000000000 16357100000210 	2200003162 6378366839 336973 	2199666189 336973 0 0 0 	9937485 336973 0 	487.443 	3 	10
16382600000000 16382700000381 	2400003924 6958340197 365046 	2399638878 365046 0 0 0 	10758226 365046 0 	486.899 	3 	10
16408200000000 16408300000381 	2600004686 7538400442 392809 	2599611877 392809 0 0 0 	11583526 392809 0 	486.44 	3 	10
16433800000000 16433900000381 	2800005448 8118435175 420284 	2799585164 420284 0 0 0 	12397742 420284 0 	486.048 	3 	10
16459400000000 16459500000381 	3000006210 8698540412 447665 	2999558545 447665 0 0 0 	13209952 447665 0 	485.708 	3 	10
16485000000000 16485100000381 	3200006972 9278659529 474441 	3199532531 474441 0 0 0 	14000261 474441 0 	485.411 	3 	10
16510600000000 16510700000468 	3400007908 9858801543 500840 	3399507068 500840 0 0 0 	14775719 500840 0 	484.969 	3 	10
16536200000000 16536300000468 	3600008844 10438969535 526992 	3599481852 526992 0 0 0 	15546420 526992 0 	484.576 	3 	10
16561800000000 16561900000468 	3800009780 11019179579 552650 	3799457130 552650 0 0 0 	16301395 552650 0 	484.226 	3 	10
16587400000000 16587500000468 	4000010716 11599397027 577960 	3999432756 577960 0 0 0 	17052693 577960 0 	483.91 	3 	10
16613000000000 16613100000254 	4200011224 12179686252 602799 	4199408425 602799 0 0 0 	17787414 602799 0 	483.429 	3 	10
16638600000000 16638700000254 	4400011732 12759964942 627340 	4399384392 627340 0 0 0 	18512921 627340 0 	482.992 	3 	10
16664200000000 16664300000254 	4600012240 13340259535 651617 	4599360623 651617 0 0 0 	19228832 651617 0 	482.594 	3 	10
16689800000000 16689900000254 	4800012748 13920584021 675620 	4799337128 675620 0 0 0 	19944014 675620 0 	482.23 	3 	10
16715400000000 16715500000254 	5000013256 14500897453 699258 	4999313998 699258 0 0 0 	20634565 699258 0 	481.895 	3 	10
16741000000000 16741100000365 	5200013986 15081305626 722447 	5199291539 722447 0 0 0 	21319285 722447 0 	481.467 	3 	10
16766600000000 16766700000365 	5400014716 15661743677 745438 	5399269278 745438 0 0 0 	21992166 745438 0 	481.071 	3 	10
16792200000000 16792300000365 	5600015446 16242102142 767881 	5599247565 767881 0 0 0 	22651268 767881 0 	480.704 	3 	10
16817800000000 16817900000365 	5800016176 16822565741 790332 	5799225844 790332 0 0 0 	23311689 790332 0 	480.363 	3 	10
16843400000000 16843500000365 	6000016906 17403059366 812316 	5999204590 812316 0 0 0 	23969114 812316 0 	480.045 	3 	10
16869000000000 16869100000368 	6200017642 17983609755 834307 	6199183335 834307 0 0 0 	24618464 834307 0 	479.646 	3 	10
16894600000000 16894700000368 	6400018378 18564113998 855706 	6399162672 855706 0 0 0 	25251380 855706 0 	479.274 	3 	10
16920200000000 16920300000368 	6600019114 19144673141 876673 	6599142441 876673 0 0 0 	25871061 876673 0 	478.924 	3 	10
16945800000000 16945900000368 	6800019850 19725286546 897796 	6799122054 897796 0 0 0 	26485328 897796 0 	478.596 	3 	10
16971400000000 16971500000352 	7000020554 20305881855 918413 	6999102141 918413 0 0 0 	27092543 918413 0 	478.166 	3 	10
16997000000000 16997100000352 	7200021258 20886495175 938689 	7199082569 938689 0 0 0 	27690979 938689 0 	477.761 	3 	10
17022600000000 17022700000352 	7400021962 21467175910 959115 	7399062847 959115 0 0 0 	28296823 959115 0 	477.378 	3 	10
17048200000000 17048300000352 	7600022666 22047844712 978799 	7599043867 978799 0 0 0 	28871812 978799 0 	477.016 	3 	10
17073800000000 17073900000352 	7800023370 22628576599 998236 	7799025134 998236 0 0 0 	29445026 998236 0 	476.673 	3 	10
17099400000000 17099500000120 	8000023610 23209342544 1017674 	7999005936 1017674 0 0 0 	30019335 1017674 0 	476.268 	3 	10
17125000000000 17125100000120 	8200023850 23790154262 1037020 	8198986830 1037020 0 0 0 	30594326 1037020 0 	475.884 	3 	10
17150600000000 17150700000120 	8400024090 24370926389 1055701 	8398968389 1055701 0 0 0 	31140724 1055701 0 	475.518 	3 	10
17176200000000 17176300000120 	8600024330 24951718719 1074243 	8598950087 1074243 0 0 0 	31682493 1074243 0 	475.17 	3 	10
17201800000000 17201900000120 	8800024570 25532521944 1092464 	8798932106 1092464 0 0 0 	32221032 1092464 0 	474.839 	3 	10
17227400000000 17227500000178 	9000024926 26113440446 1110538 	8998914388 1110538 0 0 0 	32752944 1110538 0 	474.451 	3 	10
17253000000000 17253100000178 	9200025282 26694304553 1128360 	9198896922 1128360 0 0 0 	33276823 1128360 0 	474.081 	3 	10
17278600000000 17278700000178 	9400025638 27275251084 1145676 	9398879962 1145676 0 0 0 	33787060 1145676 0 	473.727 	3 	10
17304200000000 17304300000178 	9600025994 27856256782 1162743 	9598863251 1162743 0 0 0 	34284645 1162743 0 	473.388 	3 	10
17329800000000 17329900000178 	9800026350 28437283882 1179830 	9798846520 1179830 0 0 0 	34782523 1179830 0 	473.064 	3 	10
17355400000000 17355500000355 	10000027060 29018319445 1196717 	9998830343 1196717 0 0 0 	35276198 1196717 0 	472.689 	3 	10
17381000000000 17381100000355 	10200027770 29599401681 1213327 	10198814443 1213327 0 0 0 	35767849 1213327 0 	472.329 	3 	10
17406600000000 17406700000355 	10400028480 30180453003 1229739 	10398798741 1229739 0 0 0 	36254425 1229739 0 	471.983 	3 	10
17432200000000 17432300000355 	10600029190 30761587293 1246074 	10598783116 1246074 0 0 0 	36737862 1246074 0 	471.651 	3 	10
17457800000000 17457900000230 	10800029650 31342639980 1261776 	10798767874 1261776 0 0 0 	37203938 1261776 0 	471.251 	3 	10
17483400000000 17483500000230 	11000030110 31923754192 1277550 	10998752560 1277550 0 0 0 	37666448 1277550 0 	470.867 	3 	10
17509000000000 17509100000230 	11200030570 32504965636 1293074 	11198737496 1293074 0 0 0 	38123891 1293074 0 	470.497 	3 	10
17534600000000 17534700000230 	11400031030 33086213054 1308403 	11398722627 1308403 0 0 0 	38573782 1308403 0 	470.14 	3 	10
17560200000000 17560300000230 	11600031490 33667417667 1323395 	11598708095 1323395 0 0 0 	39016737 1323395 0 	469.796 	3 	10
17585800000000 17585900000320 	11800032130 34248686334 1338337 	11798693793 1338337 0 0 0 	39465805 1338337 0 	469.409 	3 	10
17611400000000 17611500000320 	12000032770 34829926678 1353016 	11998679754 1353016 0 0 0 	39895449 1353016 0 	469.036 	3 	10
17637000000000 17637100000320 	12200033410 35411273854 1367454 	12198665956 1367454 0 0 0 	40320098 1367454 0 	468.675 	3 	10
17662600000000 17662700000320 	12400034050 35992546432 1381809 	12398652241 1381809 0 0 0 	40743580 1381809 0 	468.326 	3 	10
17688200000000 17688300000320 	12600034690 36573890577 1396009 	12598638681 1396009 0 0 0 	41160346 1396009 0 	467.989 	3 	10
17713800000000 17713900000400 	12800035490 37155243322 1409906 	12798625584 1409906 0 0 0 	41567754 1409906 0 	467.612 	3 	10
17739400000000 17739500000400 	13000036290 37736654212 1423495 	12998612795 1423495 0 0 0 	41969784 1423495 0 	467.247 	3 	10
17765000000000 17765100000400 	13200037090 38318095979 1437176 	13198599914 1437176 0 0 0 	42372817 1437176 0 	466.893 	3 	10
17790600000000 17790700000400 	13400037890 38899556646 1450339 	13398587551 1450339 0 0 0 	42754523 1450339 0 	466.55 	3 	10
17816200000000 17816300000400 	13600038690 39481067344 1463740 	13598574950 1463740 0 0 0 	43152764 1463740 0 	466.218 	3 	10
17841800000000 17841900000290 	13800039270 40062590960 1476827 	13798562443 1476827 0 0 0 	43536810 1476827 0 	465.848 	3 	10
17867400000000 17867500000290 	14000039850 40644114077 1489690 	13998550160 1489690 0 0 0 	43914588 1489690 0 	465.49 	3 	10
17893000000000 17893100000290 	14200040430 41225683410 1502406 	14198538024 1502406 0 0 0 	44289343 1502406 0 	465.141 	3 	10
17918600000000 17918700000290 	14400041010 41807271561 1514787 	14398526223 1514787 0 0 0 	44654180 1514787 0 	464.803 	3 	10
17944200000000 17944300000249 	14600041508 42388862822 1527024 	14598514484 1527024 0 0 0 	45017873 1527024 0 	464.429 	3 	10
17969800000000 17969900000249 	14800042006 42970517683 1539249 	14798502757 1539249 0 0 0 	45381533 1539249 0 	464.066 	3 	10
17995400000000 17995500000249 	15000042504 43552182929 1551241 	14998491263 1551241 0 0 0 	45732026 1551241 0 	463.713 	3 	10
18021000000000 18021100000249 	15200043002 44133851110 1562885 	15198480117 1562885 0 0 0 	46075722 1562885 0 	463.37 	3 	10
18046600000000 18046700000249 	15400043500 44715553243 1574471 	15398469029 1574471 0 0 0 	46415606 1574471 0 	463.036 	3 	10
18072200000000 18072300000088 	15600043676 45297301535 1585908 	15598457768 1585908 0 0 0 	46750825 1585908 0 	462.668 	3 	10
18097800000000 18097900000088 	15800043852 45879077947 1597299 	15798446553 1597299 0 0 0 	47085360 1597299 0 	462.31 	3 	10
18123400000000 18123500000088 	16000044028 46460839398 1608484 	15998435544 1608484 0 0 0 	47420122 1608484 0 	461.962 	3 	10
18149000000000 18149100000088 	16200044204 47042605189 1619442 	16198424762 1619442 0 0 0 	47743670 1619442 0 	461.623 	3 	10
18174600000000 18174700000088 	16400044380 47624481300 1630238 	16398414142 1630238 0 0 0 	48059329 1630238 0 	461.292 	3 	10
18200200000000 18200300000110 	16600044600 48206329222 1641140 	16598403460 1641140 0 0 0 	48384138 1641140 0 	460.943 	3 	10
18225800000000 18225900000110 	16800044820 48788296481 1651878 	16798392942 1651878 0 0 0 	48700377 1651878 0 	460.602 	3 	10
18251400000000 18251500000110 	17000045040 49370192786 1662208 	16998382832 1662208 0 0 0 	49007346 1662208 0 	460.27 	3 	10
18277000000000 18277100000110 	17200045260 49952157694 1672622 	17198372638 1672622 0 0 0 	49315725 1672622 0 	459.947 	3 	10
18302600000000 18302700000110 	17400045480 50534111826 1682834 	17398362646 1682834 0 0 0 	49615870 1682834 0 	459.631 	3 	10
18328200000000 18328300000189 	17600045858 51116073884 1692837 	17598353021 1692837 0 0 0 	49915661 1692837 0 	459.284 	3 	10
18353800000000 18353900000189 	17800046236 51698095530 1702802 	17798343434 1702802 0 0 0 	50214495 1702802 0 	458.946 	3 	10
18379400000000 18379500000189 	18000046614 52280149607 1712462 	17998334152 1712462 0 0 0 	50495296 1712462 0 	458.615 	3 	10
18405000000000 18405100000189 	18200046992 52862184740 1722085 	18198324907 1722085 0 0 0 	50777976 1722085 0 	458.293 	3 	10
18430600000000 18430700000060 	18400047112 53444264881 1731554 	18398315558 1731554 0 0 0 	51060602 1731554 0 	457.94 	3 	10
18456200000000 18456300000060 	18600047232 54026345516 1741034 	18598306198 1741034 0 0 0 	51337288 1741034 0 	457.596 	3 	10
18481800000000 18481900000060 	18800047352 54608453214 1750341 	18798297011 1750341 0 0 0 	51606819 1750341 0 	457.26 	3 	10
18507400000000 18507500000060 	19000047472 55190640530 1759477 	18998287995 1759477 0 0 0 	51879979 1759477 0 	456.931 	3 	10
18533000000000 18533100000060 	19200047592 55772831495 1768345 	19198279247 1768345 0 0 0 	52141253 1768345 0 	456.609 	3 	10
18558600000000 18558700000375 	19400048342 56355018702 1777290 	19398271052 1777290 0 0 0 	52404746 1777290 0 	456.26 	3 	10
18584200000000 18584300000375 	19600049092 56937296119 1785892 	19598263200 1785892 0 0 0 	52660374 1785892 0 	455.917 	3 	10
18609800000000 18609900000375 	19800049842 57519628370 1794649 	19798255193 1794649 0 0 0 	52911365 1794649 0 	455.583 	3 	10
18635400000000 18635500000375 	20000050592 58101898469 1803157 	19998247435 1803157 0 0 0 	53161532 1803157 0 	455.255 	3 	10
18661000000000 18661100000375 	20200051342 58684241422 1811528 	20198239814 1811528 0 0 0 	53412248 1811528 0 	454.934 	3 	10
18686600000000 18686700000074 	20400051490 59266623280 1819782 	20398231708 1819782 0 0 0 	53656350 1819782 0 	454.587 	3 	10
18712200000000 18712300000074 	20600051638 59849018387 1828009 	20598223629 1828009 0 0 0 	53898101 1828009 0 	454.246 	3 	10
18737800000000 18737900000074 	20800051786 60431447495 1836067 	20798215719 1836067 0 0 0 	54142675 1836067 0 	453.912 	3 	10
18763400000000 18763500000074 	21000051934 61013911091 1843952 	20998207982 1843952 0 0 0 	54377271 1843952 0 	453.586 	3 	10
18789000000000 18789100000074 	21200052082 61596355651 1851909 	21198200173 1851909 0 0 0 	54614798 1851909 0 	453.266 	3 	10
18814600000000 18814700000320 	21400052722 62178813384 1859564 	21398193158 1859564 0 0 0 	54840326 1859564 0 	452.93 	3 	10
18840200000000 18840300000320 	21600053362 62761285122 1867120 	21598186242 1867120 0 0 0 	55061679 1867120 0 	452.602 	3 	10
18865800000000 18865900000320 	21800054002 63343833948 1874658 	21798179344 1874658 0 0 0 	55285221 1874658 0 	452.28 	3 	10
18891400000000 18891500000320 	22000054642 63926407313 1882124 	21998172518 1882124 0 0 0 	55507397 1882124 0 	451.964 	3 	10
18917000000000 18917100000353 	22200055348 64508991072 1889369 	22198165979 1889369 0 0 0 	55719364 1889369 0 	451.623 	3 	10
18942600000000 18942700000353 	22400056054 65091578096 1896643 	22398159411 1896643 0 0 0 	55933807 1896643 0 	451.288 	3 	10
18968200000000 18968300000353 	22600056760 65674151455 1903777 	22598152983 1903777 0 0 0 	56143541 1903777 0 	450.96 	3 	10
18993800000000 18993900000353 	22800057466 66256831572 1910909 	22798146557 1910909 0 0 0 	56350998 1910909 0 	450.638 	3 	10
19019400000000 19019500000353 	23000058172 66839472899 1917816 	22998140356 1917816 0 0 0 	56553907 1917816 0 	450.322 	3 	10
19045000000000 19045100000044 	23200058260 67422200532 1924795 	23198133465 1924795 0 0 0 	56761232 1924795 0 	449.982 	3 	10
19070600000000 19070700000044 	23400058348 68004916350 1931815 	23398126533 1931815 0 0 0 	56967623 1931815 0 	449.648 	3 	10
19096200000000 19096300000044 	23600058436 68587623155 1938397 	23598120039 1938397 0 0 0 	57162353 1938397 0 	449.32 	3 	10
19121800000000 19121900000044 	23800058524 69170434478 1944953 	23798113571 1944953 0 0 0 	57355647 1944953 0 	448.998 	3 	10
19147400000000 19147500000044 	24000058612 69753193492 1951417 	23998107195 1951417 0 0 0 	57548571 1951417 0 	448.682 	3 	10
19173000000000 19173100000228 	24200059068 70336032753 1957899 	24198101169 1957899 0 0 0 	57739847 1957899 0 	448.352 	3 	10
19198600000000 19198700000228 	24400059524 70918890276 1964174 	24398095350 1964174 0 0 0 	57921996 1964174 0 	448.028 	3 	10
19224200000000 19224300000228 	24600059980 71501846014 1970518 	24598089462 1970518 0 0 0 	58107084 1970518 0 	447.71 	3 	10
19249800000000 19249900000228 	24800060436 72084722600 1976705 	24798083731 1976705 0 0 0 	58287811 1976705 0 	447.397 	3 	10
19275400000000 19275500000091 	25000060618 72667664168 1982906 	24998077712 1982906 0 0 0 	58471136 1982906 0 	447.061 	3 	10
19301000000000 19301100000091 	25200060800 73250622204 1988968 	25198071832 1988968 0 0 0 	58654903 1988968 0 	446.732 	3 	10
19326600000000 19326700000091 	25400060982 73833621367 1994894 	25398066088 1994894 0 0 0 	58830083 1994894 0 	446.407 	3 	10
19352200000000 19352300000091 	25600061164 74416606449 2000682 	25598060482 2000682 0 0 0 	58996921 2000682 0 	446.088 	3 	10
19377800000000 19377900000091 	25800061346 74999575199 2006494 	25798054852 2006494 0 0 0 	59168052 2006494 0 	445.775 	3 	10
19403400000000 19403500000308 	26000061962 75582996727 2054186 	25998007776 2054186 0 0 0 	60581041 2054186 0 	446.196 	3 	10
19429000000000 19429100000308 	26200062578 76166463949 2101289 	26197961289 2101289 0 0 0 	61965314 2101289 0 	446.61 	3 	10
19454600000000 19454700000308 	26400063194 76749904777 2147943 	26397915251 2147943 0 0 0 	63349505 2147943 0 	447.02 	3 	10
19480200000000 19480300000308 	26600063810 77333373065 2194048 	26597869762 2194048 0 0 0 	64712859 2194048 0 	447.423 	3 	10
19505800000000 19505900000308 	26800064426 77916807805 2240036 	26797824390 2240036 0 0 0 	66069420 2240036 0 	447.822 	3 	10
19531400000000 19531500000308 	27000065042 78500243911 2285132 	26997779910 2285132 0 0 0 	67410974 2285132 0 	448.215 	3 	10
19557000000000 19557100000152 	27200065346 79083750947 2329750 	27197735596 2329750 0 0 0 	68725658 2329750 0 	448.58 	3 	10
19582600000000 19582700000152 	27400065650 79667299651 2373952 	27397691698 2373952 0 0 0 	70027991 2373952 0 	448.941 	3 	10
19608200000000 19608300000152 	27600065954 80250895837 2417743 	27597648211 2417743 0 0 0 	71323797 2417743 0 	449.296 	3 	10
19633800000000 19633900000152 	27800066258 80834460180 2461229 	27797605029 2461229 0 0 0 	72607587 2461229 0 	449.647 	3 	10
19659400000000 19659500000152 	28000066562 81418071759 2504051 	27997562511 2504051 0 0 0 	73866376 2504051 0 	449.994 	3 	10
19685000000000 19685100000152 	28200066866 82001706167 2546503 	28197520363 2546503 0 0 0 	75130202 2546503 0 	450.336 	3 	10
19710600000000 19710700000000 	28400066866 82585368748 2588170 	28397478696 2588170 0 0 0 	76366572 2588170 0 	450.652 	3 	10
19736200000000 19736300000000 	28600066866 83169012598 2629477 	28597437389 2629477 0 0 0 	77586829 2629477 0 	450.963 	3 	10
19761800000000 19761900000000 	28800066866 83752651220 2670562 	28797396304 2670562 0 0 0 	78790609 2670562 0 	451.27 	3 	10
19787400000000 19787500000000 	29000066866 84336335704 2711317 	28997355549 2711317 0 0 0 	79998740 2711317 0 	451.574 	3 	10
19813000000000 19813100000000 	29200066866 84920069839 2751619 	29197315247 2751619 0 0 0 	81197380 2751619 0 	451.873 	3 	10
19838600000000 19838700000000 	29400066866 85503760822 2791141 	29397275725 2791141 0 0 0 	82362317 2791141 0 	452.169 	3 	10
19864200000000 19864300000048 	29600066962 86087504281 2830355 	29597236607 2830355 0 0 0 	83527683 2830355 0 	452.44 	3 	10
19889800000000 19889900000048 	29800067058 86671326562 2869403 	29797197655 2869403 0 0 0 	84691664 2869403 0 	452.706 	3 	10
19915400000000 19915500000048 	30000067154 87255220684 2907614 	29997159540 2907614 0 0 0 	85824400 2907614 0 	452.97 	3 	10
19941000000000 19941100000048 	30200067250 87839016281 2945665 	30197121585 2945665 0 0 0 	86947467 2945665 0 	453.23 	3 	10
19966600000000 19966700000048 	30400067346 88422858384 2983104 	30397084242 2983104 0 0 0 	88058529 2983104 0 	453.488 	3 	10
19992200000000 19992300000048 	30600067442 89006762526 3019875 	30597047567 3019875 0 0 0 	89142927 3019875 0 	453.742 	3 	10
