16104200000000 16104300000476 	200000952 579730785 32593 	199968359 32593 0 0 0 	952241 32593 0 	492 	3 	42
16129800000000 16129900000011 	400000974 1159519421 64557 	399936417 64557 0 0 0 	1902040 64557 0 	490.495 	3 	42
16155400000000 16155500000011 	600000996 1739250005 96413 	599904583 96413 0 0 0 	2842884 96413 0 	489.996 	3 	42
16181000000000 16181100000011 	800001018 2319067567 127666 	799873352 127666 0 0 0 	3754247 127666 0 	489.747 	3 	42
16206600000000 16206700000011 	1000001040 2898844615 158645 	999842395 158645 0 0 0 	4662378 158645 0 	489.597 	3 	42
16232200000000 16232300000011 	1200001062 3478715125 189397 	1199811665 189397 0 0 0 	5572963 189397 0 	489.497 	3 	42
16257800000000 16257900000210 	1400001482 4058528205 219578 	1399781904 219578 0 0 0 	6465741 219578 0 	488.85 	3 	42
16283400000000 16283500000210 	1600001902 4638438667 249362 	1599752540 249362 0 0 0 	7336616 249362 0 	488.365 	3 	42
16309000000000 16309100000210 	1800002322 5218353413 278817 	1799723505 278817 0 0 0 	8194629 278817 0 	487.989 	3 	42
16334600000000 16334700000210 	2000002742 5798354656 307747 	1999694995 307747 0 0 0 	9043070 307747 0 	487.689 	3 	42
16360200000000 16360300000210 	2200003162 6378339892 336189 	2199666973 336189 0 0 0 	9874481 336189 0 	487.443 	3 	42
16385800000000 16385900000381 	2400003924 6958346435 364254 	2399639670 364254 0 0 0 	10703900 364254 0 	486.899 	3 	42
16411400000000 16411500000381 	2600004686 7538382733 391873 	2599612813 391873 0 0 0 	11514955 391873 0 	486.44 	3 	42
16437000000000 16437100000381 	2800005448 8118385767 419517 	2799585931 419517 0 0 0 	12325391 419517 0 	486.048 	3 	42
16462600000000 16462700000381 	3000006210 8698434418 446696 	2999559514 446696 0 0 0 	13125071 446696 0 	485.708 	3 	42
16488200000000 16488300000468 	3200007146 9278575091 473361 	3199533785 473361 0 0 0 	13910542 473361 0 	485.219 	3 	42
16513800000000 16513900000468 	3400008082 9858746963 499974 	3399508108 499974 0 0 0 	14694414 499974 0 	484.788 	3 	42
16539400000000 16539500000468 	3600009018 10438951977 525931 	3599483087 525931 0 0 0 	15456551 525931 0 	484.406 	3 	42
16565000000000 16565100000468 	3800009954 11019097304 551667 	3799458287 551667 0 0 0 	16213593 551667 0 	484.065 	3 	42
16590600000000 16590700000468 	4000010890 11599370046 577005 	3999433885 577005 0 0 0 	16960350 577005 0 	483.758 	3 	42
16616200000000 16616300000254 	4200011398 12179577207 601834 	4199409564 601834 0 0 0 	17692348 601834 0 	483.284 	3 	42
16641800000000 16641900000254 	4400011906 12759842198 626709 	4399385197 626709 0 0 0 	18428123 626709 0 	482.854 	3 	42
16667400000000 16667500000254 	4600012414 13340136142 651022 	4599361392 651022 0 0 0 	19144142 651022 0 	482.462 	3 	42
16693000000000 16693100000254 	4800012922 13920482102 674818 	4799338104 674818 0 0 0 	19845986 674818 0 	482.104 	3 	42
16718600000000 16718700000254 	5000013430 14500858327 698665 	4999314765 698665 0 0 0 	20549240 698665 0 	481.774 	3 	42
16744200000000 16744300000365 	5200014160 15081234889 721914 	5199292246 721914 0 0 0 	21228679 721914 0 	481.351 	3 	42
16769800000000 16769900000365 	5400014890 15661640500 744747 	5399270143 744747 0 0 0 	21898896 744747 0 	480.959 	3 	42
16795400000000 16795500000365 	5600015620 16242080502 767351 	5599248269 767351 0 0 0 	22560838 767351 0 	480.596 	3 	42
16821000000000 16821100000365 	5800016350 16822584222 789684 	5799226666 789684 0 0 0 	23225149 789684 0 	480.259 	3 	42
16846600000000 16846700000365 	6000017080 17403050445 811767 	5999205313 811767 0 0 0 	23874276 811767 0 	479.944 	3 	42
16872200000000 16872300000368 	6200017816 17983543436 833146 	6199184670 833146 0 0 0 	24501324 833146 0 	479.55 	3 	42
16897800000000 16897900000368 	6400018552 18564089093 854674 	6399163878 854674 0 0 0 	25138462 854674 0 	479.18 	3 	42
16923400000000 16923500000368 	6600019288 19144733744 875734 	6599143554 875734 0 0 0 	25765765 875734 0 	478.833 	3 	42
16949000000000 16949100000368 	6800020024 19725376039 896656 	6799123368 896656 0 0 0 	26383739 896656 0 	478.508 	3 	42
16974600000000 16974700000352 	7000020728 20305993386 917257 	6999103471 917257 0 0 0 	26993981 917257 0 	478.081 	3 	42
17000200000000 17000300000352 	7200021432 20886563253 937525 	7199083907 937525 0 0 0 	27589101 937525 0 	477.678 	3 	42
17025800000000 17025900000352 	7400022136 21467252164 957574 	7399064562 957574 0 0 0 	28180728 957574 0 	477.298 	3 	42
17051400000000 17051500000352 	7600022840 22047914099 977273 	7599045567 977273 0 0 0 	28761195 977273 0 	476.938 	3 	42
17077000000000 17077100000352 	7800023544 22628673404 996827 	7799026717 996827 0 0 0 	29335322 996827 0 	476.597 	3 	42
17102600000000 17102700000120 	8000023784 23209503319 1015797 	7999007987 1015797 0 0 0 	29897711 1015797 0 	476.194 	3 	42
17128200000000 17128300000120 	8200024024 23790274305 1034664 	8198989360 1034664 0 0 0 	30450867 1034664 0 	475.812 	3 	42
17153800000000 17153900000120 	8400024264 24371052002 1053337 	8398970927 1053337 0 0 0 	31002306 1053337 0 	475.448 	3 	42
17179400000000 17179500000120 	8600024504 24951874954 1071541 	8598952963 1071541 0 0 0 	31537911 1071541 0 	475.102 	3 	42
17205000000000 17205100000120 	8800024744 25532680874 1089806 	8798934938 1089806 0 0 0 	32082513 1089806 0 	474.772 	3 	42
17230600000000 17230700000178 	9000025100 26113582266 1107860 	8998917240 1107860 0 0 0 	32613760 1107860 0 	474.386 	3 	42
17256200000000 17256300000178 	9200025456 26694464290 1125750 	9198899706 1125750 0 0 0 	33132999 1125750 0 	474.017 	3 	42
17281800000000 17281900000178 	9400025812 27275408485 1143153 	9398882659 1143153 0 0 0 	33646167 1143153 0 	473.665 	3 	42
17307400000000 17307500000178 	9600026168 27856319482 1160260 	9598865908 1160260 0 0 0 	34152306 1160260 0 	473.327 	3 	42
17333000000000 17333100000178 	9800026524 28437298244 1177160 	9798849364 1177160 0 0 0 	34652566 1177160 0 	473.004 	3 	42
17358600000000 17358700000355 	10000027234 29018308864 1194143 	9998833091 1194143 0 0 0 	35152482 1194143 0 	472.63 	3 	42
17384200000000 17384300000355 	10200027944 29599351703 1210630 	10198817314 1210630 0 0 0 	35638210 1210630 0 	472.271 	3 	42
17409800000000 17409900000355 	10400028654 30180456968 1226908 	10398801746 1226908 0 0 0 	36118771 1226908 0 	471.927 	3 	42
17435400000000 17435500000355 	10600029364 30761644826 1243140 	10598786224 1243140 0 0 0 	36600430 1243140 0 	471.596 	3 	42
17461000000000 17461100000230 	10800029824 31342779255 1259097 	10798770727 1259097 0 0 0 	37067989 1259097 0 	471.197 	3 	42
17486600000000 17486700000230 	11000030284 31923992778 1274973 	10998755311 1274973 0 0 0 	37533061 1274973 0 	470.814 	3 	42
17512200000000 17512300000230 	11200030744 32505211245 1290372 	11198740372 1290372 0 0 0 	37984818 1290372 0 	470.445 	3 	42
17537800000000 17537900000230 	11400031204 33086412431 1305640 	11398725564 1305640 0 0 0 	38431743 1305640 0 	470.089 	3 	42
17563400000000 17563500000230 	11600031664 33667637105 1320644 	11598711020 1320644 0 0 0 	38875505 1320644 0 	469.747 	3 	42
17589000000000 17589100000320 	11800032304 34248858850 1335261 	11798697043 1335261 0 0 0 	39308902 1335261 0 	469.36 	3 	42
17614600000000 17614700000320 	12000032944 34830244236 1350065 	11998682879 1350065 0 0 0 	39745811 1350065 0 	468.988 	3 	42
17640200000000 17640300000320 	12200033584 35411563032 1364625 	12198668959 1364625 0 0 0 	40174233 1364625 0 	468.628 	3 	42
17665800000000 17665900000320 	12400034224 35992896646 1378895 	12398655329 1378895 0 0 0 	40601037 1378895 0 	468.28 	3 	42
17691400000000 17691500000320 	12600034864 36574227301 1393099 	12598641765 1393099 0 0 0 	41024091 1393099 0 	467.944 	3 	42
17717000000000 17717100000400 	12800035664 37155651794 1407121 	12798628543 1407121 0 0 0 	41439823 1407121 0 	467.567 	3 	42
17742600000000 17742700000400 	13000036464 37737035424 1420690 	12998615774 1420690 0 0 0 	41837958 1420690 0 	467.203 	3 	42
17768200000000 17768300000400 	13200037264 38318503404 1434422 	13198602842 1434422 0 0 0 	42242100 1434422 0 	466.85 	3 	42
17793800000000 17793900000400 	13400038064 38899943118 1447854 	13398590210 1447854 0 0 0 	42631878 1447854 0 	466.508 	3 	42
17819400000000 17819500000290 	13600038644 39481434095 1461024 	13598577620 1461024 0 0 0 	43028090 1461024 0 	466.128 	3 	42
17845000000000 17845100000290 	13800039224 40062954365 1473916 	13798565308 1473916 0 0 0 	43403490 1473916 0 	465.759 	3 	42
17870600000000 17870700000290 	14000039804 40644495011 1486708 	13998553096 1486708 0 0 0 	43780923 1486708 0 	465.402 	3 	42
17896200000000 17896300000290 	14200040384 41226062926 1499390 	14198540994 1499390 0 0 0 	44152624 1499390 0 	465.055 	3 	42
17921800000000 17921900000290 	14400040964 41807614478 1511845 	14398529119 1511845 0 0 0 	44513434 1511845 0 	464.718 	3 	42
17947400000000 17947500000249 	14600041462 42389256326 1524228 	14598517234 1524228 0 0 0 	44881024 1524228 0 	464.346 	3 	42
17973000000000 17973100000249 	14800041960 42970898121 1536370 	14798505590 1536370 0 0 0 	45235673 1536370 0 	463.984 	3 	42
17998600000000 17998700000249 	15000042458 43552573871 1548379 	14998494079 1548379 0 0 0 	45582337 1548379 0 	463.632 	3 	42
18024200000000 18024300000249 	15200042956 44134262941 1560236 	15198482720 1560236 0 0 0 	45925137 1560236 0 	463.29 	3 	42
18049800000000 18049900000249 	15400043454 44716031238 1571868 	15398471586 1571868 0 0 0 	46267753 1571868 0 	462.957 	3 	42
18075400000000 18075500000088 	15600043630 45297768489 1583168 	15598460462 1583168 0 0 0 	46598869 1583168 0 	462.591 	3 	42
18101000000000 18101100000088 	15800043806 45879450097 1594465 	15798449341 1594465 0 0 0 	46932232 1594465 0 	462.234 	3 	42
18126600000000 18126700000088 	16000043982 46461183287 1605770 	15998438212 1605770 0 0 0 	47264046 1605770 0 	461.886 	3 	42
18152200000000 18152300000088 	16200044158 47042967161 1616765 	16198427393 1616765 0 0 0 	47586944 1616765 0 	461.548 	3 	42
18177800000000 18177900000088 	16400044334 47624847626 1627605 	16398416729 1627605 0 0 0 	47911948 1627605 0 	461.219 	3 	42
18203400000000 18203500000110 	16600044554 48206710849 1638297 	16598406257 1638297 0 0 0 	48225933 1638297 0 	460.87 	3 	42
18229000000000 18229100000110 	16800044774 48788607292 1648905 	16798395869 1648905 0 0 0 	48536854 1648905 0 	460.531 	3 	42
18254600000000 18254700000110 	17000044994 49370554664 1659296 	16998385698 1659296 0 0 0 	48843643 1659296 0 	460.2 	3 	42
18280200000000 18280300000110 	17200045214 49952539424 1669483 	17198375731 1669483 0 0 0 	49139538 1669483 0 	459.877 	3 	42
18305800000000 18305900000189 	17400045592 50534494707 1679590 	17398366002 1679590 0 0 0 	49437245 1679590 0 	459.523 	3 	42
18331400000000 18331500000189 	17600045970 51116465115 1689663 	17598356307 1689663 0 0 0 	49734712 1689663 0 	459.178 	3 	42
18357000000000 18357100000189 	17800046348 51698510775 1699433 	17798346915 1699433 0 0 0 	50024264 1699433 0 	458.841 	3 	42
18382600000000 18382700000189 	18000046726 52280541443 1709262 	17998337464 1709262 0 0 0 	50317164 1709262 0 	458.512 	3 	42
18408200000000 18408300000189 	18200047104 52862624493 1719039 	18198328065 1719039 0 0 0 	50602889 1719039 0 	458.19 	3 	42
18433800000000 18433900000060 	18400047224 53444796606 1728523 	18398318701 1728523 0 0 0 	50883308 1728523 0 	457.839 	3 	42
18459400000000 18459500000060 	18600047344 54026977125 1737888 	18598309456 1737888 0 0 0 	51161218 1737888 0 	457.496 	3 	42
18485000000000 18485100000060 	18800047464 54609157167 1746970 	18798300494 1746970 0 0 0 	51430077 1746970 0 	457.161 	3 	42
18510600000000 18510700000060 	19000047584 55191337946 1756219 	18998291365 1756219 0 0 0 	51703883 1756219 0 	456.833 	3 	42
18536200000000 18536300000060 	19200047704 55773621620 1765356 	19198282348 1765356 0 0 0 	51977481 1765356 0 	456.513 	3 	42
18561800000000 18561900000375 	19400048454 56355817266 1774431 	19398274023 1774431 0 0 0 	52244889 1774431 0 	456.164 	3 	42
18587400000000 18587500000375 	19600049204 56938062452 1783359 	19598265845 1783359 0 0 0 	52506303 1783359 0 	455.823 	3 	42
18613000000000 18613100000375 	19800049954 57520377297 1792091 	19798257863 1792091 0 0 0 	52764654 1792091 0 	455.49 	3 	42
18638600000000 18638700000375 	20000050704 58102714836 1800559 	19998250145 1800559 0 0 0 	53016976 1800559 0 	455.163 	3 	42
18664200000000 18664300000375 	20200051454 58685028180 1808945 	20198242509 1808945 0 0 0 	53266008 1808945 0 	454.844 	3 	42
18689800000000 18689900000074 	20400051602 59267416159 1817301 	20398234301 1817301 0 0 0 	53516142 1817301 0 	454.497 	3 	42
18715400000000 18715500000074 	20600051750 59849831280 1825467 	20598226283 1825467 0 0 0 	53759019 1825467 0 	454.157 	3 	42
18741000000000 18741100000074 	20800051898 60432209860 1833518 	20798218380 1833518 0 0 0 	53998683 1833518 0 	453.825 	3 	42
18766600000000 18766700000074 	21000052046 61014691820 1841334 	20998210712 1841334 0 0 0 	54227077 1841334 0 	453.499 	3 	42
18792200000000 18792300000320 	21200052686 61597137961 1848970 	21198203716 1848970 0 0 0 	54453982 1848970 0 	453.158 	3 	42
18817800000000 18817900000320 	21400053326 62179585990 1856603 	21398196723 1856603 0 0 0 	54674999 1856603 0 	452.824 	3 	42
18843400000000 18843500000320 	21600053966 62762088488 1864188 	21598189778 1864188 0 0 0 	54902403 1864188 0 	452.496 	3 	42
18869000000000 18869100000320 	21800054606 63344681090 1871669 	21798182937 1871669 0 0 0 	55119952 1871669 0 	452.175 	3 	42
18894600000000 18894700000320 	22000055246 63927228394 1879127 	21998176119 1879127 0 0 0 	55341061 1879127 0 	451.861 	3 	42
18920200000000 18920300000353 	22200055952 64509820860 1886283 	22198169669 1886283 0 0 0 	55552704 1886283 0 	451.521 	3 	42
18945800000000 18945900000353 	22400056658 65092455715 1893620 	22398163038 1893620 0 0 0 	55769461 1893620 0 	451.187 	3 	42
18971400000000 18971500000353 	22600057364 65675096417 1900730 	22598156634 1900730 0 0 0 	55978529 1900730 0 	450.86 	3 	42
18997000000000 18997100000353 	22800058070 66257724423 1907776 	22798150294 1907776 0 0 0 	56187290 1907776 0 	450.539 	3 	42
19022600000000 19022700000353 	23000058776 66840422524 1914644 	22998144132 1914644 0 0 0 	56392716 1914644 0 	450.224 	3 	42
19048200000000 19048300000044 	23200058864 67423117561 1921504 	23198137360 1921504 0 0 0 	56596823 1921504 0 	449.885 	3 	42
19073800000000 19073900000044 	23400058952 68005821660 1928366 	23398130586 1928366 0 0 0 	56804881 1928366 0 	449.552 	3 	42
19099400000000 19099500000044 	23600059040 68588549462 1934937 	23598124103 1934937 0 0 0 	57001443 1934937 0 	449.225 	3 	42
19125000000000 19125100000044 	23800059128 69171316088 1941480 	23798117648 1941480 0 0 0 	57195629 1941480 0 	448.904 	3 	42
19150600000000 19150700000044 	24000059216 69754120050 1948039 	23998111177 1948039 0 0 0 	57386694 1948039 0 	448.589 	3 	42
19176200000000 19176300000228 	24200059672 70336884110 1954334 	24198105338 1954334 0 0 0 	57572494 1954334 0 	448.26 	3 	42
19201800000000 19201900000228 	24400060128 70919722188 1960670 	24398099458 1960670 0 0 0 	57756825 1960670 0 	447.937 	3 	42
19227400000000 19227500000228 	24600060584 71502672474 1966946 	24598093638 1966946 0 0 0 	57943751 1966946 0 	447.619 	3 	42
19253000000000 19253100000228 	24800061040 72085575228 1973070 	24798087970 1973070 0 0 0 	58125517 1973070 0 	447.307 	3 	42
19278600000000 19278700000091 	25000061222 72668532618 1979123 	24998082099 1979123 0 0 0 	58303230 1979123 0 	446.973 	3 	42
19304200000000 19304300000091 	25200061404 73251531901 1985207 	25198076197 1985207 0 0 0 	58483577 1985207 0 	446.643 	3 	42
19329800000000 19329900000091 	25400061586 73834509146 1991114 	25398070472 1991114 0 0 0 	58661865 1991114 0 	446.32 	3 	42
19355400000000 19355500000091 	25600061768 74417531733 1996980 	25598064788 1996980 0 0 0 	58834646 1996980 0 	446.002 	3 	42
19381000000000 19381100000091 	25800061950 75000599046 2002834 	25798059116 2002834 0 0 0 	59009094 2002834 0 	445.689 	3 	42
19406600000000 19406700000308 	26000062566 75584014336 2050204 	25998012362 2050204 0 0 0 	60411264 2050204 0 	446.11 	3 	42
19432200000000 19432300000308 	26200063182 76167429975 2097005 	26197966177 2097005 0 0 0 	61797292 2097005 0 	446.526 	3 	42
19457800000000 19457900000308 	26400063798 76750888090 2143615 	26397920183 2143615 0 0 0 	63174356 2143615 0 	446.935 	3 	42
19483400000000 19483500000308 	26600064414 77334281237 2189335 	26597875079 2189335 0 0 0 	64524651 2189335 0 	447.34 	3 	42
19509000000000 19509100000308 	26800065030 77917705095 2234907 	26797830123 2234907 0 0 0 	65871982 2234907 0 	447.739 	3 	42
19534600000000 19534700000308 	27000065646 78501221416 2280175 	26997785471 2280175 0 0 0 	67217187 2280175 0 	448.132 	3 	42
19560200000000 19560300000152 	27200065950 79084776403 2324387 	27197741563 2324387 0 0 0 	68522161 2324387 0 	448.498 	3 	42
19585800000000 19585900000152 	27400066254 79668357681 2368919 	27397697335 2368919 0 0 0 	69845371 2368919 0 	448.859 	3 	42
19611400000000 19611500000152 	27600066558 80251943751 2412854 	27597653704 2412854 0 0 0 	71146354 2412854 0 	449.215 	3 	42
19637000000000 19637100000152 	27800066862 80835422768 2456057 	27797610805 2456057 0 0 0 	72432419 2456057 0 	449.567 	3 	42
19662600000000 19662700000152 	28000067166 81419009379 2498319 	27997568847 2498319 0 0 0 	73692636 2498319 0 	449.914 	3 	42
19688200000000 19688300000152 	28200067470 82002637693 2540491 	28197526979 2540491 0 0 0 	74936758 2540491 0 	450.256 	3 	42
19713800000000 19713900000000 	28400067470 82586293056 2582118 	28397485352 2582118 0 0 0 	76169771 2582118 0 	450.572 	3 	42
19739400000000 19739500000000 	28600067470 83169930143 2624067 	28597443403 2624067 0 0 0 	77406765 2624067 0 	450.884 	3 	42
19765000000000 19765100000000 	28800067470 83753588690 2664963 	28797402507 2664963 0 0 0 	78613826 2664963 0 	451.191 	3 	42
19790600000000 19790700000000 	29000067470 84337306939 2705421 	28997362049 2705421 0 0 0 	79810858 2705421 0 	451.495 	3 	42
19816200000000 19816300000000 	29200067470 84921093037 2745659 	29197321811 2745659 0 0 0 	80997495 2745659 0 	451.796 	3 	42
19841800000000 19841900000000 	29400067470 85504864873 2785088 	29397282382 2785088 0 0 0 	82167429 2785088 0 	452.092 	3 	42
19867400000000 19867500000048 	29600067566 86088652874 2824386 	29597243180 2824386 0 0 0 	83338598 2824386 0 	452.363 	3 	42
19893000000000 19893100000048 	29800067662 86672433929 2862892 	29797204770 2862892 0 0 0 	84478234 2862892 0 	452.63 	3 	42
19918600000000 19918700000048 	30000067758 87256226642 2901144 	29997166614 2901144 0 0 0 	85612553 2901144 0 	452.894 	3 	42
19944200000000 19944300000048 	30200067854 87840102577 2938848 	30197129006 2938848 0 0 0 	86736236 2938848 0 	453.155 	3 	42
19969800000000 19969900000048 	30400067950 88423965765 2976501 	30397091449 2976501 0 0 0 	87852663 2976501 0 	453.412 	3 	42
19995400000000 19995500000048 	30600068046 89007825967 3013542 	30597054504 3013542 0 0 0 	88946285 3013542 0 	453.667 	3 	42
