16105000000000 16105100000476 	200000952 579664356 32737 	199968215 32737 0 0 0 	957236 32737 0 	492 	3 	50
16130600000000 16130700000011 	400000974 1159411454 64782 	399936192 64782 0 0 0 	1898847 64782 0 	490.495 	3 	50
16156200000000 16156300000011 	600000996 1739161003 96294 	599904702 96294 0 0 0 	2823397 96294 0 	489.996 	3 	50
16181800000000 16181900000011 	800001018 2318976494 127627 	799873391 127627 0 0 0 	3745655 127627 0 	489.747 	3 	50
16207400000000 16207500000011 	1000001040 2898840140 158429 	999842611 158429 0 0 0 	4651280 158429 0 	489.597 	3 	50
16233000000000 16233100000011 	1200001062 3478633919 188819 	1199812243 188819 0 0 0 	5549627 188819 0 	489.497 	3 	50
16258600000000 16258700000210 	1400001482 4058559676 218751 	1399782731 218751 0 0 0 	6431790 218751 0 	488.85 	3 	50
16284200000000 16284300000210 	1600001902 4638440006 248762 	1599753140 248762 0 0 0 	7314813 248762 0 	488.365 	3 	50
16309800000000 16309900000210 	1800002322 5218398144 278330 	1799723992 278330 0 0 0 	8171210 278330 0 	487.989 	3 	50
16335400000000 16335500000210 	2000002742 5798333523 307268 	1999695474 307268 0 0 0 	9024413 307268 0 	487.689 	3 	50
16361000000000 16361100000210 	2200003162 6378259400 335958 	2199667204 335958 0 0 0 	9871700 335958 0 	487.443 	3 	50
16386600000000 16386700000381 	2400003924 6958282139 364176 	2399639748 364176 0 0 0 	10702909 364176 0 	486.899 	3 	50
16412200000000 16412300000381 	2600004686 7538323572 392240 	2599612446 392240 0 0 0 	11536995 392240 0 	486.44 	3 	50
16437800000000 16437900000381 	2800005448 8118394309 419924 	2799585524 419924 0 0 0 	12356098 419924 0 	486.048 	3 	50
16463400000000 16463500000381 	3000006210 8698469953 446957 	2999559253 446957 0 0 0 	13149540 446957 0 	485.708 	3 	50
16489000000000 16489100000468 	3200007146 9278633590 473843 	3199533303 473843 0 0 0 	13944882 473843 0 	485.219 	3 	50
16514600000000 16514700000468 	3400008082 9858719024 500075 	3399508007 500075 0 0 0 	14713771 500075 0 	484.788 	3 	50
16540200000000 16540300000468 	3600009018 10438910682 526117 	3599482901 526117 0 0 0 	15492591 526117 0 	484.406 	3 	50
16565800000000 16565900000468 	3800009954 11019112785 551589 	3799458365 551589 0 0 0 	16241012 551589 0 	484.065 	3 	50
16591400000000 16591500000468 	4000010890 11599367765 576695 	3999434195 576695 0 0 0 	16984483 576695 0 	483.758 	3 	50
16617000000000 16617100000254 	4200011398 12179641281 601263 	4199410135 601263 0 0 0 	17710963 601263 0 	483.284 	3 	50
16642600000000 16642700000254 	4400011906 12759885856 625618 	4399386288 625618 0 0 0 	18433408 625618 0 	482.854 	3 	50
16668200000000 16668300000254 	4600012414 13340217713 649849 	4599362565 649849 0 0 0 	19145248 649849 0 	482.462 	3 	50
16693800000000 16693900000254 	4800012922 13920623733 673571 	4799339351 673571 0 0 0 	19841366 673571 0 	482.104 	3 	50
16719400000000 16719500000254 	5000013430 14501049762 697214 	4999316216 697214 0 0 0 	20544124 697214 0 	481.774 	3 	50
16745000000000 16745100000365 	5200014160 15081445150 720576 	5199293584 720576 0 0 0 	21235404 720576 0 	481.351 	3 	50
16770600000000 16770700000365 	5400014890 15661856261 743517 	5399271373 743517 0 0 0 	21914556 743517 0 	480.959 	3 	50
16796200000000 16796300000365 	5600015620 16242255729 766123 	5599249497 766123 0 0 0 	22568343 766123 0 	480.596 	3 	50
16821800000000 16821900000365 	5800016350 16822756895 788655 	5799227695 788655 0 0 0 	23230816 788655 0 	480.259 	3 	50
16847400000000 16847500000365 	6000017080 17403282822 810809 	5999206271 810809 0 0 0 	23877002 810809 0 	479.944 	3 	50
16873000000000 16873100000368 	6200017816 17983728449 832409 	6199185407 832409 0 0 0 	24521649 832409 0 	479.55 	3 	50
16898600000000 16898700000368 	6400018552 18564301122 853546 	6399165006 853546 0 0 0 	25136205 853546 0 	479.18 	3 	50
16924200000000 16924300000368 	6600019288 19144875900 874883 	6599144405 874883 0 0 0 	25769700 874883 0 	478.833 	3 	50
16949800000000 16949900000368 	6800020024 19725437893 895922 	6799124102 895922 0 0 0 	26389487 895922 0 	478.508 	3 	50
16975400000000 16975500000352 	7000020728 20306051738 916472 	6999104256 916472 0 0 0 	26992700 916472 0 	478.081 	3 	50
17001000000000 17001100000352 	7200021432 20886674075 936608 	7199084824 936608 0 0 0 	27582095 936608 0 	477.678 	3 	50
17026600000000 17026700000352 	7400022136 21467317587 956583 	7399065553 956583 0 0 0 	28179732 956583 0 	477.298 	3 	50
17052200000000 17052300000352 	7600022840 22048050892 976301 	7599046539 976301 0 0 0 	28760539 976301 0 	476.938 	3 	50
17077800000000 17077900000352 	7800023544 22628810559 995837 	7799027707 995837 0 0 0 	29340579 995837 0 	476.597 	3 	50
17103400000000 17103500000120 	8000023784 23209600530 1015090 	7999008694 1015090 0 0 0 	29908080 1015090 0 	476.194 	3 	50
17129000000000 17129100000120 	8200024024 23790414666 1033973 	8198990051 1033973 0 0 0 	30464473 1033973 0 	475.812 	3 	50
17154600000000 17154700000120 	8400024264 24371260496 1052536 	8398971728 1052536 0 0 0 	31010507 1052536 0 	475.448 	3 	50
17180200000000 17180300000120 	8600024504 24952042190 1070985 	8598953519 1070985 0 0 0 	31549170 1070985 0 	475.102 	3 	50
17205800000000 17205900000120 	8800024744 25532869559 1089212 	8798935532 1089212 0 0 0 	32084407 1089212 0 	474.772 	3 	50
17231400000000 17231500000178 	9000025100 26113731487 1107030 	8998918070 1107030 0 0 0 	32608792 1107030 0 	474.386 	3 	50
17257000000000 17257100000178 	9200025456 26694650686 1124902 	9198900554 1124902 0 0 0 	33136817 1124902 0 	474.017 	3 	50
17282600000000 17282700000178 	9400025812 27275610475 1142386 	9398883426 1142386 0 0 0 	33656395 1142386 0 	473.665 	3 	50
17308200000000 17308300000178 	9600026168 27856583351 1159724 	9598866444 1159724 0 0 0 	34174023 1159724 0 	473.327 	3 	50
17333800000000 17333900000178 	9800026524 28437544265 1176904 	9798849620 1176904 0 0 0 	34674928 1176904 0 	473.004 	3 	50
17359400000000 17359500000355 	10000027234 29018518122 1193505 	9998833729 1193505 0 0 0 	35164538 1193505 0 	472.63 	3 	50
17385000000000 17385100000355 	10200027944 29599548274 1210215 	10198817729 1210215 0 0 0 	35655814 1210215 0 	472.271 	3 	50
17410600000000 17410700000355 	10400028654 30180580058 1226437 	10398802217 1226437 0 0 0 	36137496 1226437 0 	471.927 	3 	50
17436200000000 17436300000355 	10600029364 30761744244 1242683 	10598786681 1242683 0 0 0 	36615383 1242683 0 	471.596 	3 	50
17461800000000 17461900000230 	10800029824 31342831350 1258742 	10798771082 1258742 0 0 0 	37090584 1258742 0 	471.197 	3 	50
17487400000000 17487500000230 	11000030284 31923976841 1274059 	10998756225 1274059 0 0 0 	37540263 1274059 0 	470.814 	3 	50
17513000000000 17513100000230 	11200030744 32505138451 1289404 	11198741340 1289404 0 0 0 	37993082 1289404 0 	470.445 	3 	50
17538600000000 17538700000230 	11400031204 33086330762 1304772 	11398726432 1304772 0 0 0 	38445532 1304772 0 	470.089 	3 	50
17564200000000 17564300000230 	11600031664 33667580253 1319695 	11598711969 1319695 0 0 0 	38884574 1319695 0 	469.747 	3 	50
17589800000000 17589900000320 	11800032304 34248839268 1334694 	11798697610 1334694 0 0 0 	39326017 1334694 0 	469.36 	3 	50
17615400000000 17615500000320 	12000032944 34830121503 1349410 	11998683534 1349410 0 0 0 	39755899 1349410 0 	468.988 	3 	50
17641000000000 17641100000320 	12200033584 35411383842 1363894 	12198669690 1363894 0 0 0 	40183360 1363894 0 	468.628 	3 	50
17666600000000 17666700000320 	12400034224 35992688142 1378297 	12398655927 1378297 0 0 0 	40612013 1378297 0 	468.28 	3 	50
17692200000000 17692300000320 	12600034864 36574011944 1392393 	12598642471 1392393 0 0 0 	41029233 1392393 0 	467.944 	3 	50
17717800000000 17717900000400 	12800035664 37155416550 1406209 	12798629455 1406209 0 0 0 	41439399 1406209 0 	467.567 	3 	50
17743400000000 17743500000400 	13000036464 37736808700 1420032 	12998616432 1420032 0 0 0 	41844874 1420032 0 	467.203 	3 	50
17769000000000 17769100000400 	13200037264 38318186487 1433653 	13198603611 1433653 0 0 0 	42249875 1433653 0 	466.85 	3 	50
17794600000000 17794700000400 	13400038064 38899639677 1446818 	13398591246 1446818 0 0 0 	42634258 1446818 0 	466.508 	3 	50
17820200000000 17820300000290 	13600038644 39481190456 1459992 	13598578652 1459992 0 0 0 	43025068 1459992 0 	466.128 	3 	50
17845800000000 17845900000290 	13800039224 40062716643 1472954 	13798566270 1472954 0 0 0 	43406231 1472954 0 	465.759 	3 	50
17871400000000 17871500000290 	14000039804 40644232830 1485855 	13998553949 1485855 0 0 0 	43785521 1485855 0 	465.402 	3 	50
17897000000000 17897100000290 	14200040384 41225830732 1498407 	14198541977 1498407 0 0 0 	44159507 1498407 0 	465.055 	3 	50
17922600000000 17922700000290 	14400040964 41807428816 1510946 	14398530018 1510946 0 0 0 	44534285 1510946 0 	464.718 	3 	50
17948200000000 17948300000249 	14600041462 42389071109 1523266 	14598518196 1523266 0 0 0 	44902613 1523266 0 	464.346 	3 	50
17973800000000 17973900000249 	14800041960 42970682292 1535237 	14798506723 1535237 0 0 0 	45253179 1535237 0 	463.984 	3 	50
17999400000000 17999500000249 	15000042458 43552378759 1547130 	14998495328 1547130 0 0 0 	45601736 1547130 0 	463.632 	3 	50
18025000000000 18025100000249 	15200042956 44134124606 1558630 	15198484326 1558630 0 0 0 	45945216 1558630 0 	463.29 	3 	50
18050600000000 18050700000249 	15400043454 44715870712 1570121 	15398473333 1570121 0 0 0 	46287361 1570121 0 	462.957 	3 	50
18076200000000 18076300000088 	15600043630 45297665259 1581540 	15598462090 1581540 0 0 0 	46627698 1581540 0 	462.591 	3 	50
18101800000000 18101900000088 	15800043806 45879454696 1592930 	15798450876 1592930 0 0 0 	46958838 1592930 0 	462.234 	3 	50
18127400000000 18127500000088 	16000043982 46461218471 1604051 	15998439931 1604051 0 0 0 	47285905 1604051 0 	461.886 	3 	50
18153000000000 18153100000088 	16200044158 47042961260 1614815 	16198429343 1614815 0 0 0 	47605264 1614815 0 	461.548 	3 	50
18178600000000 18178700000088 	16400044334 47624778306 1625668 	16398418666 1625668 0 0 0 	47928990 1625668 0 	461.219 	3 	50
18204200000000 18204300000110 	16600044554 48206623118 1636344 	16598408210 1636344 0 0 0 	48242807 1636344 0 	460.87 	3 	50
18229800000000 18229900000110 	16800044774 48788489073 1646983 	16798397791 1646983 0 0 0 	48558577 1646983 0 	460.531 	3 	50
18255400000000 18255500000110 	17000044994 49370434911 1657359 	16998387635 1657359 0 0 0 	48869885 1657359 0 	460.2 	3 	50
18281000000000 18281100000110 	17200045214 49952356974 1667467 	17198377747 1667467 0 0 0 	49169406 1667467 0 	459.877 	3 	50
18306600000000 18306700000189 	17400045592 50534333223 1677625 	17398367967 1677625 0 0 0 	49473484 1677625 0 	459.523 	3 	50
18332200000000 18332300000189 	17600045970 51116363453 1687701 	17598358269 1687701 0 0 0 	49770016 1687701 0 	459.178 	3 	50
18357800000000 18357900000189 	17800046348 51698413561 1697515 	17798348833 1697515 0 0 0 	50062713 1697515 0 	458.841 	3 	50
18383400000000 18383500000189 	18000046726 52280384681 1707251 	17998339475 1707251 0 0 0 	50351408 1707251 0 	458.512 	3 	50
18409000000000 18409100000189 	18200047104 52862457951 1716911 	18198330193 1716911 0 0 0 	50642109 1716911 0 	458.19 	3 	50
18434600000000 18434700000060 	18400047224 53444583619 1726517 	18398320707 1726517 0 0 0 	50923189 1726517 0 	457.839 	3 	50
18460200000000 18460300000060 	18600047344 54026765074 1735756 	18598311588 1735756 0 0 0 	51195555 1735756 0 	457.496 	3 	50
18485800000000 18485900000060 	18800047464 54608939373 1744989 	18798302475 1744989 0 0 0 	51466352 1744989 0 	457.161 	3 	50
18511400000000 18511500000060 	19000047584 55191082783 1753987 	18998293597 1753987 0 0 0 	51739166 1753987 0 	456.833 	3 	50
18537000000000 18537100000060 	19200047704 55773315447 1762889 	19198284815 1762889 0 0 0 	52005363 1762889 0 	456.513 	3 	50
18562600000000 18562700000375 	19400048454 56355530230 1771758 	19398276696 1771758 0 0 0 	52271147 1771758 0 	456.164 	3 	50
18588200000000 18588300000375 	19600049204 56937822455 1780561 	19598268643 1780561 0 0 0 	52532099 1780561 0 	455.823 	3 	50
18613800000000 18613900000375 	19800049954 57520185331 1789202 	19798260752 1789202 0 0 0 	52794623 1789202 0 	455.49 	3 	50
18639400000000 18639500000375 	20000050704 58102470288 1797581 	19998253123 1797581 0 0 0 	53037747 1797581 0 	455.163 	3 	50
18665000000000 18665100000375 	20200051454 58684825132 1805982 	20198245472 1805982 0 0 0 	53288986 1805982 0 	454.844 	3 	50
18690600000000 18690700000074 	20400051602 59267219325 1814299 	20398237303 1814299 0 0 0 	53542017 1814299 0 	454.497 	3 	50
18716200000000 18716300000074 	20600051750 59849567735 1822362 	20598229388 1822362 0 0 0 	53782016 1822362 0 	454.157 	3 	50
18741800000000 18741900000074 	20800051898 60432003409 1830510 	20798221388 1830510 0 0 0 	54025723 1830510 0 	453.825 	3 	50
18767400000000 18767500000074 	21000052046 61014467559 1838348 	20998213698 1838348 0 0 0 	54256091 1838348 0 	453.499 	3 	50
18793000000000 18793100000320 	21200052686 61596946131 1846201 	21198206485 1846201 0 0 0 	54482112 1846201 0 	453.158 	3 	50
18818600000000 18818700000320 	21400053326 62179458852 1853847 	21398199479 1853847 0 0 0 	54712687 1853847 0 	452.824 	3 	50
18844200000000 18844300000320 	21600053966 62761950364 1861504 	21598192462 1861504 0 0 0 	54935014 1861504 0 	452.496 	3 	50
18869800000000 18869900000320 	21800054606 63344534216 1869028 	21798185578 1869028 0 0 0 	55156894 1869028 0 	452.175 	3 	50
18895400000000 18895500000320 	22000055246 63927047960 1876378 	21998178868 1876378 0 0 0 	55377175 1876378 0 	451.861 	3 	50
18921000000000 18921100000353 	22200055952 64509570587 1883541 	22198172411 1883541 0 0 0 	55594405 1883541 0 	451.521 	3 	50
18946600000000 18946700000353 	22400056658 65092173495 1890682 	22398165976 1890682 0 0 0 	55803822 1890682 0 	451.187 	3 	50
18972200000000 18972300000353 	22600057364 65674823324 1897801 	22598159563 1897801 0 0 0 	56013722 1897801 0 	450.86 	3 	50
18997800000000 18997900000353 	22800058070 66257561868 1904914 	22798153156 1904914 0 0 0 	56221004 1904914 0 	450.539 	3 	50
19023400000000 19023500000353 	23000058776 66840262093 1911888 	22998146888 1911888 0 0 0 	56426898 1911888 0 	450.224 	3 	50
19049000000000 19049100000044 	23200058864 67422952531 1918698 	23198140166 1918698 0 0 0 	56625781 1918698 0 	449.885 	3 	50
19074600000000 19074700000044 	23400058952 68005666730 1925474 	23398133478 1925474 0 0 0 	56831278 1925474 0 	449.552 	3 	50
19100200000000 19100300000044 	23600059040 68588407022 1932095 	23598126945 1932095 0 0 0 	57028010 1932095 0 	449.225 	3 	50
19125800000000 19125900000044 	23800059128 69171207211 1938723 	23798120405 1938723 0 0 0 	57223710 1938723 0 	448.904 	3 	50
19151400000000 19151500000044 	24000059216 69754051672 1945198 	23998114018 1945198 0 0 0 	57414857 1945198 0 	448.589 	3 	50
19177000000000 19177100000228 	24200059672 70336895204 1951692 	24198107980 1951692 0 0 0 	57608093 1951692 0 	448.26 	3 	50
19202600000000 19202700000228 	24400060128 70919806206 1958110 	24398102018 1958110 0 0 0 	57800910 1958110 0 	447.937 	3 	50
19228200000000 19228300000228 	24600060584 71502622969 1964299 	24598096285 1964299 0 0 0 	57981690 1964299 0 	447.619 	3 	50
19253800000000 19253900000228 	24800061040 72085564419 1970453 	24798090587 1970453 0 0 0 	58167556 1970453 0 	447.307 	3 	50
19279400000000 19279500000091 	25000061222 72668455375 1976431 	24998084791 1976431 0 0 0 	58342169 1976431 0 	446.973 	3 	50
19305000000000 19305100000091 	25200061404 73251401777 1982416 	25198078988 1982416 0 0 0 	58521335 1982416 0 	446.643 	3 	50
19330600000000 19330700000091 	25400061586 73834343366 1988424 	25398073162 1988424 0 0 0 	58700452 1988424 0 	446.32 	3 	50
19356200000000 19356300000091 	25600061768 74417348916 1994216 	25598067552 1994216 0 0 0 	58871308 1994216 0 	446.002 	3 	50
19381800000000 19381900000091 	25800061950 75000380245 1999917 	25798062033 1999917 0 0 0 	59038048 1999917 0 	445.689 	3 	50
19407400000000 19407500000308 	26000062566 75583752848 2047825 	25998014741 2047825 0 0 0 	60453452 2047825 0 	446.11 	3 	50
19433000000000 19433100000308 	26200063182 76167186919 2094773 	26197968409 2094773 0 0 0 	61838363 2094773 0 	446.526 	3 	50
19458600000000 19458700000308 	26400063798 76750635903 2141195 	26397922603 2141195 0 0 0 	63206981 2141195 0 	446.935 	3 	50
19484200000000 19484300000308 	26600064414 77334073053 2187040 	26597877374 2187040 0 0 0 	64570616 2187040 0 	447.34 	3 	50
19509800000000 19509900000308 	26800065030 77917494040 2232291 	26797832739 2232291 0 0 0 	65905560 2232291 0 	447.739 	3 	50
19535400000000 19535500000308 	27000065646 78500960561 2277162 	26997788484 2277162 0 0 0 	67236035 2277162 0 	448.132 	3 	50
19561000000000 19561100000152 	27200065950 79084528549 2321492 	27197744458 2321492 0 0 0 	68552360 2321492 0 	448.498 	3 	50
19586600000000 19586700000152 	27400066254 79668021780 2365727 	27397700527 2365727 0 0 0 	69855279 2365727 0 	448.859 	3 	50
19612200000000 19612300000152 	27600066558 80251588662 2409612 	27597656946 2409612 0 0 0 	71157269 2409612 0 	449.215 	3 	50
19637800000000 19637900000152 	27800066862 80835199665 2452818 	27797614044 2452818 0 0 0 	72427558 2452818 0 	449.567 	3 	50
19663400000000 19663500000152 	28000067166 81418790260 2495445 	27997571721 2495445 0 0 0 	73692905 2495445 0 	449.914 	3 	50
19689000000000 19689100000152 	28200067470 82002420251 2537861 	28197529609 2537861 0 0 0 	74948690 2537861 0 	450.256 	3 	50
19714600000000 19714700000000 	28400067470 82586116138 2579611 	28397487859 2579611 0 0 0 	76183973 2579611 0 	450.572 	3 	50
19740200000000 19740300000000 	28600067470 83169758983 2620958 	28597446512 2620958 0 0 0 	77405119 2620958 0 	450.884 	3 	50
19765800000000 19765900000000 	28800067470 83753469762 2662368 	28797405102 2662368 0 0 0 	78629308 2662368 0 	451.191 	3 	50
19791400000000 19791500000000 	29000067470 84337167845 2702584 	28997364886 2702584 0 0 0 	79819484 2702584 0 	451.495 	3 	50
19817000000000 19817100000000 	29200067470 84920889854 2742562 	29197324908 2742562 0 0 0 	81013163 2742562 0 	451.796 	3 	50
19842600000000 19842700000000 	29400067470 85504670472 2782144 	29397285326 2782144 0 0 0 	82177964 2782144 0 	452.092 	3 	50
19868200000000 19868300000048 	29600067566 86088445540 2821165 	29597246401 2821165 0 0 0 	83343200 2821165 0 	452.363 	3 	50
19893800000000 19893900000048 	29800067662 86672267294 2860066 	29797207596 2860066 0 0 0 	84500686 2860066 0 	452.63 	3 	50
19919400000000 19919500000048 	30000067758 87256063091 2898507 	29997169251 2898507 0 0 0 	85644064 2898507 0 	452.894 	3 	50
19945000000000 19945100000048 	30200067854 87839883866 2936378 	30197131476 2936378 0 0 0 	86762661 2936378 0 	453.155 	3 	50
19970600000000 19970700000048 	30400067950 88423695367 2973725 	30397094225 2973725 0 0 0 	87867408 2973725 0 	453.412 	3 	50
19996200000000 19996300000048 	30600068046 89007572106 3010761 	30597057285 3010761 0 0 0 	88965688 3010761 0 	453.667 	3 	50
