16108500000000 16108600000476 	200000952 579712451 32374 	199968578 32374 0 0 0 	950445 32374 0 	492 	3 	85
16134100000000 16134200000011 	400000974 1159453091 64416 	399936558 64416 0 0 0 	1899905 64416 0 	490.495 	3 	85
16159700000000 16159800000011 	600000996 1739200932 96152 	599904844 96152 0 0 0 	2835128 96152 0 	489.996 	3 	85
16185300000000 16185400000011 	800001018 2319061360 127408 	799873610 127408 0 0 0 	3749943 127408 0 	489.747 	3 	85
16210900000000 16211000000011 	1000001040 2898925879 158418 	999842622 158418 0 0 0 	4668771 158418 0 	489.597 	3 	85
16236500000000 16236600000011 	1200001062 3478786029 188926 	1199812136 188926 0 0 0 	5567326 188926 0 	489.497 	3 	85
16262100000000 16262200000210 	1400001482 4058698980 218703 	1399782779 218703 0 0 0 	6444077 218703 0 	488.85 	3 	85
16287700000000 16287800000210 	1600001902 4638629066 248051 	1599753851 248051 0 0 0 	7305735 248051 0 	488.365 	3 	85
16313300000000 16313400000210 	1800002322 5218565598 277376 	1799724946 277376 0 0 0 	8163585 277376 0 	487.989 	3 	85
16338900000000 16339000000210 	2000002742 5798533819 306175 	1999696567 306175 0 0 0 	9011255 306175 0 	487.689 	3 	85
16364500000000 16364600000210 	2200003162 6378568591 334701 	2199668461 334701 0 0 0 	9849508 334701 0 	487.443 	3 	85
16390100000000 16390200000381 	2400003924 6958609156 362654 	2399641270 362654 0 0 0 	10677092 362654 0 	486.899 	3 	85
16415700000000 16415800000381 	2600004686 7538596281 390357 	2599614329 390357 0 0 0 	11500162 390357 0 	486.44 	3 	85
16441300000000 16441400000381 	2800005448 8118675958 417600 	2799587848 417600 0 0 0 	12306003 417600 0 	486.048 	3 	85
16466900000000 16467000000381 	3000006210 8698809615 444458 	2999561752 444458 0 0 0 	13099496 444458 0 	485.708 	3 	85
16492500000000 16492600000468 	3200007146 9278886907 471030 	3199536116 471030 0 0 0 	13881397 471030 0 	485.219 	3 	85
16518100000000 16518200000468 	3400008082 9858997635 497190 	3399510892 497190 0 0 0 	14642802 497190 0 	484.788 	3 	85
16543700000000 16543800000468 	3600009018 10439224338 522957 	3599486061 522957 0 0 0 	15403207 522957 0 	484.406 	3 	85
16569300000000 16569400000468 	3800009954 11019504849 548324 	3799461630 548324 0 0 0 	16150233 548324 0 	484.065 	3 	85
16594900000000 16595000000468 	4000010890 11599741186 573263 	3999437627 573263 0 0 0 	16896639 573263 0 	483.758 	3 	85
16620500000000 16620600000254 	4200011398 12179972103 597944 	4199413454 597944 0 0 0 	17623810 597944 0 	483.284 	3 	85
16646100000000 16646200000254 	4400011906 12760250524 622360 	4399389546 622360 0 0 0 	18340930 622360 0 	482.854 	3 	85
16671700000000 16671800000254 	4600012414 13340529403 646454 	4599365960 646454 0 0 0 	19055410 646454 0 	482.462 	3 	85
16697300000000 16697400000254 	4800012922 13920837737 670382 	4799342540 670382 0 0 0 	19752822 670382 0 	482.104 	3 	85
16722900000000 16723000000254 	5000013430 14501163656 693988 	4999319442 693988 0 0 0 	20451328 693988 0 	481.774 	3 	85
16748500000000 16748600000365 	5200014160 15081502595 717514 	5199296646 717514 0 0 0 	21144113 717514 0 	481.351 	3 	85
16774100000000 16774200000365 	5400014890 15661927014 740465 	5399274425 740465 0 0 0 	21818866 740465 0 	480.959 	3 	85
16799700000000 16799800000365 	5600015620 16242419552 763120 	5599252500 763120 0 0 0 	22479100 763120 0 	480.596 	3 	85
16825300000000 16825400000365 	5800016350 16822882689 785411 	5799230939 785411 0 0 0 	23138487 785411 0 	480.259 	3 	85
16850900000000 16851000000368 	6000017086 17403319757 807512 	5999209574 807512 0 0 0 	23791197 807512 0 	479.84 	3 	85
16876500000000 16876600000368 	6200017822 17983841656 829070 	6199188752 829070 0 0 0 	24432750 829070 0 	479.449 	3 	85
16902100000000 16902200000368 	6400018558 18564400346 850372 	6399168186 850372 0 0 0 	25060295 850372 0 	479.082 	3 	85
16927700000000 16927800000368 	6600019294 19144989567 871348 	6599147946 871348 0 0 0 	25677729 871348 0 	478.739 	3 	85
16953300000000 16953400000368 	6800020030 19725586878 892166 	6799127864 892166 0 0 0 	26289675 892166 0 	478.416 	3 	85
16978900000000 16979000000352 	7000020734 20306295725 912826 	6999107908 912826 0 0 0 	26895794 912826 0 	477.992 	3 	85
17004500000000 17004600000352 	7200021438 20886950227 933216 	7199088222 933216 0 0 0 	27494008 933216 0 	477.592 	3 	85
17030100000000 17030200000352 	7400022142 21467628576 953241 	7399068901 953241 0 0 0 	28079094 953241 0 	477.214 	3 	85
17055700000000 17055800000352 	7600022846 22048369578 972956 	7599049890 972956 0 0 0 	28666248 972956 0 	476.856 	3 	85
17081300000000 17081400000352 	7800023550 22629193167 992419 	7799031131 992419 0 0 0 	29240759 992419 0 	476.518 	3 	85
17106900000000 17107000000120 	8000023790 23210010166 1011902 	7999011888 1011902 0 0 0 	29809235 1011902 0 	476.117 	3 	85
17132500000000 17132600000120 	8200024030 23790757560 1030791 	8198993239 1030791 0 0 0 	30366096 1030791 0 	475.737 	3 	85
17158100000000 17158200000120 	8400024270 24371531104 1049405 	8398974865 1049405 0 0 0 	30920028 1049405 0 	475.375 	3 	85
17183700000000 17183800000120 	8600024510 24952327495 1067578 	8598956932 1067578 0 0 0 	31455224 1067578 0 	475.03 	3 	85
17209300000000 17209400000120 	8800024750 25533180057 1085767 	8798938983 1085767 0 0 0 	31993996 1085767 0 	474.702 	3 	85
17234900000000 17235000000178 	9000025106 26114059052 1103525 	8998921581 1103525 0 0 0 	32520499 1103525 0 	474.318 	3 	85
17260500000000 17260600000178 	9200025462 26694970808 1121363 	9198904099 1121363 0 0 0 	33040282 1121363 0 	473.951 	3 	85
17286100000000 17286200000178 	9400025818 27275871668 1138536 	9398887282 1138536 0 0 0 	33551393 1138536 0 	473.6 	3 	85
17311700000000 17311800000178 	9600026174 27856817816 1155746 	9598870428 1155746 0 0 0 	34051831 1155746 0 	473.264 	3 	85
17337300000000 17337400000355 	9800026884 28437855114 1172663 	9798854221 1172663 0 0 0 	34547762 1172663 0 	472.877 	3 	85
17362900000000 17363000000355 	10000027594 29018837862 1189495 	9998838099 1189495 0 0 0 	35043586 1189495 0 	472.505 	3 	85
17388500000000 17388600000355 	10200028304 29599911469 1206003 	10198822301 1206003 0 0 0 	35525165 1206003 0 	472.149 	3 	85
17414100000000 17414200000355 	10400029014 30180962361 1222187 	10398806827 1222187 0 0 0 	36003507 1222187 0 	471.807 	3 	85
17439700000000 17439800000355 	10600029724 30762047131 1238294 	10598791430 1238294 0 0 0 	36477843 1238294 0 	471.478 	3 	85
17465300000000 17465400000230 	10800030184 31343235649 1254252 	10798775932 1254252 0 0 0 	36949965 1254252 0 	471.082 	3 	85
17490900000000 17491000000230 	11000030644 31924404069 1270066 	10998760578 1270066 0 0 0 	37422471 1270066 0 	470.701 	3 	85
17516500000000 17516600000230 	11200031104 32505650610 1285374 	11198745730 1285374 0 0 0 	37873257 1285374 0 	470.334 	3 	85
17542100000000 17542200000230 	11400031564 33086881705 1300526 	11398731038 1300526 0 0 0 	38322155 1300526 0 	469.981 	3 	85
17567700000000 17567800000230 	11600032024 33668035714 1315201 	11598716823 1315201 0 0 0 	38754479 1315201 0 	469.64 	3 	85
17593300000000 17593400000320 	11800032664 34249281227 1330042 	11798702622 1330042 0 0 0 	39191801 1330042 0 	469.256 	3 	85
17618900000000 17619000000320 	12000033304 34830606683 1344782 	11998688522 1344782 0 0 0 	39624283 1344782 0 	468.885 	3 	85
17644500000000 17644600000320 	12200033944 35411847559 1359148 	12198674796 1359148 0 0 0 	40047843 1359148 0 	468.527 	3 	85
17670100000000 17670200000320 	12400034584 35993177088 1373196 	12398661388 1373196 0 0 0 	40461871 1373196 0 	468.181 	3 	85
17695700000000 17695800000320 	12600035224 36574570178 1387080 	12598648144 1387080 0 0 0 	40868406 1387080 0 	467.847 	3 	85
17721300000000 17721400000400 	12800036024 37155938724 1400879 	12798635145 1400879 0 0 0 	41271960 1400879 0 	467.472 	3 	85
17746900000000 17747000000400 	13000036824 37737350759 1414609 	12998622215 1414609 0 0 0 	41671161 1414609 0 	467.109 	3 	85
17772500000000 17772600000400 	13200037624 38318858611 1428022 	13198609602 1428022 0 0 0 	42067802 1428022 0 	466.757 	3 	85
17798100000000 17798200000400 	13400038424 38900349016 1441307 	13398597117 1441307 0 0 0 	42461006 1441307 0 	466.417 	3 	85
17823700000000 17823800000290 	13600039004 39481852449 1454312 	13598584692 1454312 0 0 0 	42845187 1454312 0 	466.038 	3 	85
17849300000000 17849400000290 	13800039584 40063357966 1467259 	13798572325 1467259 0 0 0 	43225685 1467259 0 	465.671 	3 	85
17874900000000 17875000000290 	14000040164 40644907436 1480072 	13998560092 1480072 0 0 0 	43605835 1480072 0 	465.315 	3 	85
17900500000000 17900600000290 	14200040744 41226513282 1492675 	14198548069 1492675 0 0 0 	43976838 1492675 0 	464.97 	3 	85
17926100000000 17926200000290 	14400041324 41808100024 1505222 	14398536102 1505222 0 0 0 	44348626 1505222 0 	464.634 	3 	85
17951700000000 17951800000249 	14600041822 42389694584 1517365 	14598524457 1517365 0 0 0 	44709327 1517365 0 	464.263 	3 	85
17977300000000 17977400000249 	14800042320 42971332252 1529347 	14798512973 1529347 0 0 0 	45061628 1529347 0 	463.902 	3 	85
18002900000000 18003000000249 	15000042818 43553008396 1541105 	14998501713 1541105 0 0 0 	45406129 1541105 0 	463.552 	3 	85
18028500000000 18028600000249 	15200043316 44134716501 1552726 	15198490590 1552726 0 0 0 	45749407 1552726 0 	463.211 	3 	85
18054100000000 18054200000249 	15400043814 44716450303 1564446 	15398479368 1564446 0 0 0 	46089858 1564446 0 	462.879 	3 	85
18079700000000 18079800000088 	15600043990 45298226372 1576005 	15598467985 1576005 0 0 0 	46435459 1576005 0 	462.514 	3 	85
18105300000000 18105400000088 	15800044166 45880060317 1587419 	15798456747 1587419 0 0 0 	46771808 1587419 0 	462.158 	3 	85
18130900000000 18131000000088 	16000044342 46461854780 1598529 	15998445813 1598529 0 0 0 	47101264 1598529 0 	461.812 	3 	85
18156500000000 18156600000088 	16200044518 47043685774 1609491 	16198435027 1609491 0 0 0 	47418494 1609491 0 	461.474 	3 	85
18182100000000 18182200000088 	16400044694 47625548513 1620142 	16398424552 1620142 0 0 0 	47729466 1620142 0 	461.146 	3 	85
18207700000000 18207800000110 	16600044914 48207424380 1630966 	16598413948 1630966 0 0 0 	48052708 1630966 0 	460.799 	3 	85
18233300000000 18233400000110 	16800045134 48789336498 1641478 	16798403656 1641478 0 0 0 	48364937 1641478 0 	460.46 	3 	85
18258900000000 18259000000110 	17000045354 49371301636 1651933 	16998393421 1651933 0 0 0 	48673178 1651933 0 	460.13 	3 	85
18284500000000 18284600000110 	17200045574 49953242544 1662116 	17198383458 1662116 0 0 0 	48974144 1662116 0 	459.808 	3 	85
18310100000000 18310200000189 	17400045952 50535212101 1672415 	17398373537 1672415 0 0 0 	49280885 1672415 0 	459.455 	3 	85
18335700000000 18335800000189 	17600046330 51117204749 1682430 	17598363900 1682430 0 0 0 	49576215 1682430 0 	459.111 	3 	85
18361300000000 18361400000189 	17800046708 51699246274 1692429 	17798354279 1692429 0 0 0 	49874725 1692429 0 	458.775 	3 	85
18386900000000 18387000000189 	18000047086 52281270872 1702154 	17998344932 1702154 0 0 0 	50160703 1702154 0 	458.446 	3 	85
18412500000000 18412600000189 	18200047464 52863361471 1711817 	18198335647 1711817 0 0 0 	50448187 1711817 0 	458.126 	3 	85
18438100000000 18438200000060 	18400047584 53445501058 1721295 	18398326289 1721295 0 0 0 	50725448 1721295 0 	457.775 	3 	85
18463700000000 18463800000060 	18600047704 54027606871 1730460 	18598317244 1730460 0 0 0 	50994375 1730460 0 	457.433 	3 	85
18489300000000 18489400000060 	18800047824 54609788305 1739579 	18798308245 1739579 0 0 0 	51263980 1739579 0 	457.099 	3 	85
18514900000000 18515000000060 	19000047944 55192000824 1748728 	18998299216 1748728 0 0 0 	51536536 1748728 0 	456.772 	3 	85
18540500000000 18540600000060 	19200048064 55774169640 1757637 	19198290427 1757637 0 0 0 	51799688 1757637 0 	456.452 	3 	85
18566100000000 18566200000375 	19400048814 56356457601 1766475 	19398282339 1766475 0 0 0 	52055869 1766475 0 	456.104 	3 	85
18591700000000 18591800000375 	19600049564 56938741924 1775314 	19598274250 1775314 0 0 0 	52318835 1775314 0 	455.764 	3 	85
18617300000000 18617400000375 	19800050314 57521061368 1783975 	19798266339 1783975 0 0 0 	52573534 1783975 0 	455.431 	3 	85
18642900000000 18643000000375 	20000051064 58103445072 1792490 	19998258574 1792490 0 0 0 	52826913 1792490 0 	455.105 	3 	85
18668500000000 18668600000074 	20200051212 58685824372 1800980 	20198250232 1800980 0 0 0 	53078279 1800980 0 	454.752 	3 	85
18694100000000 18694200000074 	20400051360 59268226006 1809137 	20398242223 1809137 0 0 0 	53317865 1809137 0 	454.406 	3 	85
18719700000000 18719800000074 	20600051508 59850591276 1817284 	20598234224 1817284 0 0 0 	53559458 1817284 0 	454.068 	3 	85
18745300000000 18745400000074 	20800051656 60432999483 1825268 	20798226388 1825268 0 0 0 	53796565 1825268 0 	453.736 	3 	85
18770900000000 18771000000074 	21000051804 61015432536 1833086 	20998218718 1833086 0 0 0 	54029323 1833086 0 	453.411 	3 	85
18796500000000 18796600000320 	21200052444 61597872776 1841048 	21198211396 1841048 0 0 0 	54262941 1841048 0 	453.071 	3 	85
18822100000000 18822200000320 	21400053084 62180352484 1848725 	21398204359 1848725 0 0 0 	54488222 1848725 0 	452.738 	3 	85
18847700000000 18847800000320 	21600053724 62762824392 1856258 	21598197466 1856258 0 0 0 	54712609 1856258 0 	452.412 	3 	85
18873300000000 18873400000320 	21800054364 63345375944 1863723 	21798190641 1863723 0 0 0 	54934288 1863723 0 	452.092 	3 	85
18898900000000 18899000000320 	22000055004 63927913868 1871212 	21998183792 1871212 0 0 0 	55156898 1871212 0 	451.778 	3 	85
18924500000000 18924600000353 	22200055710 64510469885 1878521 	22198177189 1878521 0 0 0 	55373660 1878521 0 	451.439 	3 	85
18950100000000 18950200000353 	22400056416 65093091294 1885719 	22398170697 1885719 0 0 0 	55585830 1885719 0 	451.106 	3 	85
18975700000000 18975800000353 	22600057122 65675721780 1892849 	22598164273 1892849 0 0 0 	55796433 1892849 0 	450.78 	3 	85
19001300000000 19001400000353 	22800057828 66258372203 1899965 	22798157863 1899965 0 0 0 	56007558 1899965 0 	450.46 	3 	85
19026900000000 19027000000353 	23000058534 66841134268 1906861 	22998151673 1906861 0 0 0 	56210631 1906861 0 	450.145 	3 	85
19052500000000 19052600000044 	23200058622 67423794016 1913749 	23198144873 1913749 0 0 0 	56415382 1913749 0 	449.807 	3 	85
19078100000000 19078200000044 	23400058710 68006568957 1920536 	23398138174 1920536 0 0 0 	56614085 1920536 0 	449.475 	3 	85
19103700000000 19103800000044 	23600058798 68589330527 1927009 	23598131789 1927009 0 0 0 	56805678 1927009 0 	449.149 	3 	85
19129300000000 19129400000044 	23800058886 69172174834 1933474 	23798125412 1933474 0 0 0 	56995838 1933474 0 	448.828 	3 	85
19154900000000 19155000000228 	24000059342 69754957595 1940021 	23998119321 1940021 0 0 0 	57191022 1940021 0 	448.494 	3 	85
19180500000000 19180600000228 	24200059798 70337737122 1946468 	24198113330 1946468 0 0 0 	57383985 1946468 0 	448.166 	3 	85
19206100000000 19206200000228 	24400060254 70920612286 1952778 	24398107476 1952778 0 0 0 	57570956 1952778 0 	447.844 	3 	85
19231700000000 19231800000228 	24600060710 71503571653 1959082 	24598101628 1959082 0 0 0 	57758619 1959082 0 	447.527 	3 	85
19257300000000 19257400000228 	24800061166 72086531299 1965248 	24798095918 1965248 0 0 0 	57943239 1965248 0 	447.216 	3 	85
19282900000000 19283000000091 	25000061348 72669491788 1971294 	24998090054 1971294 0 0 0 	58121581 1971294 0 	446.882 	3 	85
19308500000000 19308600000091 	25200061530 73252446481 1977416 	25198084114 1977416 0 0 0 	58300594 1977416 0 	446.554 	3 	85
19334100000000 19334200000091 	25400061712 73835472003 1983423 	25398078289 1983423 0 0 0 	58481659 1983423 0 	446.231 	3 	85
19359700000000 19359800000091 	25600061894 74418493891 1989058 	25598072836 1989058 0 0 0 	58648019 1989058 0 	445.914 	3 	85
19385300000000 19385400000091 	25800062076 75001534625 1994877 	25798067199 1994877 0 0 0 	58822910 1994877 0 	445.603 	3 	85
19410900000000 19411000000308 	26000062692 75584936385 2042751 	25998019941 2042751 0 0 0 	60244279 2042751 0 	446.024 	3 	85
19436500000000 19436600000308 	26200063308 76168306900 2089847 	26197973461 2089847 0 0 0 	61635394 2089847 0 	446.44 	3 	85
19462100000000 19462200000308 	26400063924 76751815384 2136076 	26397927848 2136076 0 0 0 	63004420 2136076 0 	446.85 	3 	85
19487700000000 19487800000308 	26600064540 77335296852 2182031 	26597882509 2182031 0 0 0 	64370358 2182031 0 	447.255 	3 	85
19513300000000 19513400000308 	26800065156 77918772396 2227483 	26797837673 2227483 0 0 0 	65715421 2227483 0 	447.654 	3 	85
19538900000000 19539000000308 	27000065772 78502218753 2272245 	26997793527 2272245 0 0 0 	67032479 2272245 0 	448.048 	3 	85
19564500000000 19564600000152 	27200066076 79085716289 2316757 	27197749319 2316757 0 0 0 	68349503 2316757 0 	448.415 	3 	85
19590100000000 19590200000152 	27400066380 79669220007 2360269 	27397706111 2360269 0 0 0 	69642966 2360269 0 	448.776 	3 	85
19615700000000 19615800000152 	27600066684 80252802856 2403725 	27597662959 2403725 0 0 0 	70940748 2403725 0 	449.132 	3 	85
19641300000000 19641400000152 	27800066988 80836386874 2447108 	27797619880 2447108 0 0 0 	72225490 2447108 0 	449.484 	3 	85
19666900000000 19667000000152 	28000067292 81419993145 2489813 	27997577479 2489813 0 0 0 	73493357 2489813 0 	449.832 	3 	85
19692500000000 19692600000152 	28200067596 82003647272 2531881 	28197535715 2531881 0 0 0 	74733257 2531881 0 	450.175 	3 	85
19718100000000 19718200000000 	28400067596 82587205789 2573612 	28397493984 2573612 0 0 0 	75960625 2573612 0 	450.491 	3 	85
19743700000000 19743800000000 	28600067596 83170883943 2614828 	28597452768 2614828 0 0 0 	77179974 2614828 0 	450.803 	3 	85
19769300000000 19769400000000 	28800067596 83754530548 2655568 	28797412028 2655568 0 0 0 	78390803 2655568 0 	451.112 	3 	85
19794900000000 19795000000000 	29000067596 84338227644 2695756 	28997371840 2695756 0 0 0 	79572276 2695756 0 	451.416 	3 	85
19820500000000 19820600000000 	29200067596 84921904994 2735124 	29197332472 2735124 0 0 0 	80744733 2735124 0 	451.717 	3 	85
19846100000000 19846200000000 	29400067596 85505613256 2774522 	29397293074 2774522 0 0 0 	81906793 2774522 0 	452.014 	3 	85
19871700000000 19871800000048 	29600067692 86089332825 2813552 	29597254140 2813552 0 0 0 	83070852 2813552 0 	452.285 	3 	85
19897300000000 19897400000048 	29800067788 86673102432 2851919 	29797215869 2851919 0 0 0 	84204033 2851919 0 	452.552 	3 	85
19922900000000 19923000000048 	30000067884 87256917657 2890374 	29997177510 2890374 0 0 0 	85348274 2890374 0 	452.817 	3 	85
19948500000000 19948600000048 	30200067980 87840725031 2928041 	30197139939 2928041 0 0 0 	86466775 2928041 0 	453.078 	3 	85
19974100000000 19974200000048 	30400068076 88424526977 2965449 	30397102627 2965449 0 0 0 	87573809 2965449 0 	453.336 	3 	85
19999700000000 19999800000048 	30600068172 89008430728 3002646 	30597065526 3002646 0 0 0 	88674931 3002646 0 	453.591 	3 	85
