16109000000000 16109100000476 	200000952 579787384 32665 	199968287 32665 0 0 0 	961231 32665 0 	492 	3 	90
16134600000000 16134700000011 	400000974 1159554233 64893 	399936081 64893 0 0 0 	1906787 64893 0 	490.495 	3 	90
16160200000000 16160300000011 	600000996 1739315056 96437 	599904559 96437 0 0 0 	2834663 96437 0 	489.996 	3 	90
16185800000000 16185900000011 	800001018 2319147845 127915 	799873103 127915 0 0 0 	3766000 127915 0 	489.747 	3 	90
16211400000000 16211500000011 	1000001040 2898928173 158857 	999842183 158857 0 0 0 	4675978 158857 0 	489.597 	3 	90
16237000000000 16237100000011 	1200001062 3478757653 189362 	1199811700 189362 0 0 0 	5572844 189362 0 	489.497 	3 	90
16262600000000 16262700000210 	1400001482 4058651326 219401 	1399782081 219401 0 0 0 	6459681 219401 0 	488.85 	3 	90
16288200000000 16288300000210 	1600001902 4638572473 249086 	1599752816 249086 0 0 0 	7333687 249086 0 	488.365 	3 	90
16313800000000 16313900000210 	1800002322 5218466242 278527 	1799723795 278527 0 0 0 	8202900 278527 0 	487.989 	3 	90
16339400000000 16339500000210 	2000002742 5798431608 307483 	1999695259 307483 0 0 0 	9059422 307483 0 	487.689 	3 	90
16365000000000 16365100000381 	2200003504 6378418871 335884 	2199667620 335884 0 0 0 	9896263 335884 0 	487.073 	3 	90
16390600000000 16390700000381 	2400004266 6958425181 364175 	2399640091 364175 0 0 0 	10725448 364175 0 	486.561 	3 	90
16416200000000 16416300000381 	2600005028 7538413759 391672 	2599613356 391672 0 0 0 	11541139 391672 0 	486.129 	3 	90
16441800000000 16441900000381 	2800005790 8118447199 419108 	2799586682 419108 0 0 0 	12350711 419108 0 	485.759 	3 	90
16467400000000 16467500000381 	3000006552 8698553398 446189 	2999560363 446189 0 0 0 	13147014 446189 0 	485.438 	3 	90
16493000000000 16493100000468 	3200007488 9278694059 472902 	3199534586 472902 0 0 0 	13939253 472902 0 	484.967 	3 	90
16518600000000 16518700000468 	3400008424 9858854229 499227 	3399509197 499227 0 0 0 	14714438 499227 0 	484.551 	3 	90
16544200000000 16544300000468 	3600009360 10439052545 525057 	3599484303 525057 0 0 0 	15477566 525057 0 	484.183 	3 	90
16569800000000 16569900000468 	3800010296 11019276457 550499 	3799459797 550499 0 0 0 	16224356 550499 0 	483.853 	3 	90
16595400000000 16595500000468 	4000011232 11599485583 575929 	3999435303 575929 0 0 0 	16976350 575929 0 	483.557 	3 	90
16621000000000 16621100000254 	4200011740 12179660606 600860 	4199410880 600860 0 0 0 	17711476 600860 0 	483.093 	3 	90
16646600000000 16646700000254 	4400012248 12759961333 625727 	4399386521 625727 0 0 0 	18446140 625727 0 	482.672 	3 	90
16672200000000 16672300000254 	4600012756 13340320450 649800 	4599362956 649800 0 0 0 	19163693 649800 0 	482.289 	3 	90
16697800000000 16697900000254 	4800013264 13920648886 673727 	4799339537 673727 0 0 0 	19865899 673727 0 	481.938 	3 	90
16723400000000 16723500000254 	5000013772 14500997230 696970 	4999316802 696970 0 0 0 	20544135 696970 0 	481.615 	3 	90
16749000000000 16749100000365 	5200014502 15081417433 720138 	5199294364 720138 0 0 0 	21215914 720138 0 	481.198 	3 	90
16774600000000 16774700000365 	5400015232 15661860406 743185 	5399272047 743185 0 0 0 	21888841 743185 0 	480.812 	3 	90
16800200000000 16800300000365 	5600015962 16242290824 765882 	5599250080 765882 0 0 0 	22552955 765882 0 	480.455 	3 	90
16825800000000 16825900000365 	5800016692 16822753975 788077 	5799228615 788077 0 0 0 	23205705 788077 0 	480.123 	3 	90
16851400000000 16851500000368 	6000017428 17403220058 810130 	5999207298 810130 0 0 0 	23854355 810130 0 	479.708 	3 	90
16877000000000 16877100000368 	6200018164 17983741629 831708 	6199186456 831708 0 0 0 	24492909 831708 0 	479.322 	3 	90
16902600000000 16902700000368 	6400018900 18564275220 853225 	6399165675 853225 0 0 0 	25135988 853225 0 	478.959 	3 	90
16928200000000 16928300000368 	6600019636 19144850975 874615 	6599145021 874615 0 0 0 	25767443 874615 0 	478.62 	3 	90
16953800000000 16953900000368 	6800020372 19725456171 895420 	6799124952 895420 0 0 0 	26381312 895420 0 	478.301 	3 	90
16979400000000 16979500000352 	7000021076 20306121946 916079 	6999104997 916079 0 0 0 	26993833 916079 0 	477.88 	3 	90
17005000000000 17005100000352 	7200021780 20886789532 936413 	7199085367 936413 0 0 0 	27592598 936413 0 	477.483 	3 	90
17030600000000 17030700000352 	7400022484 21467461050 956342 	7399066142 956342 0 0 0 	28184374 956342 0 	477.108 	3 	90
17056200000000 17056300000352 	7600023188 22048154171 975974 	7599047214 975974 0 0 0 	28764250 975974 0 	476.754 	3 	90
17081800000000 17081900000352 	7800023892 22628899599 995506 	7799028386 995506 0 0 0 	29338612 995506 0 	476.418 	3 	90
17107400000000 17107500000120 	8000024132 23209656738 1014645 	7999009487 1014645 0 0 0 	29900672 1014645 0 	476.02 	3 	90
17133000000000 17133100000120 	8200024372 23790470615 1033621 	8198990751 1033621 0 0 0 	30462152 1033621 0 	475.642 	3 	90
17158600000000 17158700000120 	8400024612 24371312707 1052475 	8398972137 1052475 0 0 0 	31013511 1052475 0 	475.283 	3 	90
17184200000000 17184300000120 	8600024852 24952113199 1071036 	8598953816 1071036 0 0 0 	31561881 1071036 0 	474.94 	3 	90
17209800000000 17209900000120 	8800025092 25532920856 1089086 	8798936006 1089086 0 0 0 	32089567 1089086 0 	474.614 	3 	90
17235400000000 17235500000178 	9000025448 26113766082 1106865 	8998918583 1106865 0 0 0 	32611394 1106865 0 	474.232 	3 	90
17261000000000 17261100000178 	9200025804 26694608772 1124372 	9198901432 1124372 0 0 0 	33129273 1124372 0 	473.867 	3 	90
17286600000000 17286700000178 	9400026160 27275544377 1141859 	9398884301 1141859 0 0 0 	33642387 1141859 0 	473.518 	3 	90
17312200000000 17312300000178 	9600026516 27856490418 1158956 	9598867560 1158956 0 0 0 	34145910 1158956 0 	473.184 	3 	90
17337800000000 17337900000355 	9800027226 28437519354 1175883 	9798851343 1175883 0 0 0 	34639649 1175883 0 	472.798 	3 	90
17363400000000 17363500000355 	10000027936 29018501983 1192463 	9998835473 1192463 0 0 0 	35131015 1192463 0 	472.429 	3 	90
17389000000000 17389100000355 	10200028646 29599578592 1208802 	10198819844 1208802 0 0 0 	35612719 1208802 0 	472.074 	3 	90
17414600000000 17414700000355 	10400029356 30180641667 1225181 	10398804175 1225181 0 0 0 	36098157 1225181 0 	471.734 	3 	90
17440200000000 17440300000355 	10600030066 30761752993 1241338 	10598788728 1241338 0 0 0 	36578874 1241338 0 	471.407 	3 	90
17465800000000 17465900000230 	10800030526 31342878955 1257121 	10798773405 1257121 0 0 0 	37044450 1257121 0 	471.012 	3 	90
17491400000000 17491500000230 	11000030986 31924050470 1272796 	10998758190 1272796 0 0 0 	37505590 1272796 0 	470.632 	3 	90
17517000000000 17517100000230 	11200031446 32505254938 1288236 	11198743210 1288236 0 0 0 	37958624 1288236 0 	470.267 	3 	90
17542600000000 17542700000230 	11400031906 33086499261 1303636 	11398728270 1303636 0 0 0 	38408210 1303636 0 	469.914 	3 	90
17568200000000 17568300000230 	11600032366 33667758828 1318516 	11598713850 1318516 0 0 0 	38845232 1318516 0 	469.575 	3 	90
17593800000000 17593900000320 	11800033006 34249038273 1333587 	11798699419 1333587 0 0 0 	39286903 1333587 0 	469.192 	3 	90
17619400000000 17619500000320 	12000033646 34830312344 1347890 	11998685756 1347890 0 0 0 	39710858 1347890 0 	468.822 	3 	90
17645000000000 17645100000320 	12200034286 35411670736 1362254 	12198672032 1362254 0 0 0 	40132447 1362254 0 	468.465 	3 	90
17670600000000 17670700000320 	12400034926 35993059021 1376584 	12398658342 1376584 0 0 0 	40558910 1376584 0 	468.12 	3 	90
17696200000000 17696300000320 	12600035566 36574413529 1390706 	12598644860 1390706 0 0 0 	40980905 1390706 0 	467.787 	3 	90
17721800000000 17721900000400 	12800036366 37155749871 1404569 	12798631797 1404569 0 0 0 	41391947 1404569 0 	467.413 	3 	90
17747400000000 17747500000400 	13000037166 37737193487 1418356 	12998618810 1418356 0 0 0 	41798985 1418356 0 	467.051 	3 	90
17773000000000 17773100000400 	13200037966 38318609711 1432018 	13198605948 1432018 0 0 0 	42201367 1432018 0 	466.701 	3 	90
17798600000000 17798700000400 	13400038766 38900118657 1445318 	13398593448 1445318 0 0 0 	42598588 1445318 0 	466.361 	3 	90
17824200000000 17824300000290 	13600039346 39481613741 1458341 	13598581005 1458341 0 0 0 	42978321 1458341 0 	465.984 	3 	90
17849800000000 17849900000290 	13800039926 40063136791 1471201 	13798568725 1471201 0 0 0 	43365696 1471201 0 	465.617 	3 	90
17875400000000 17875500000290 	14000040506 40644704406 1484020 	13998556486 1484020 0 0 0 	43749586 1484020 0 	465.262 	3 	90
17901000000000 17901100000290 	14200041086 41226198027 1496627 	14198544459 1496627 0 0 0 	44118911 1496627 0 	464.918 	3 	90
17926600000000 17926700000290 	14400041666 41807857796 1509269 	14398532397 1509269 0 0 0 	44484314 1509269 0 	464.583 	3 	90
17952200000000 17952300000249 	14600042164 42389497009 1521618 	14598520546 1521618 0 0 0 	44847092 1521618 0 	464.213 	3 	90
17977800000000 17977900000249 	14800042662 42971111174 1533749 	14798508913 1533749 0 0 0 	45202261 1533749 0 	463.853 	3 	90
18003400000000 18003500000249 	15000043160 43552758289 1545659 	14998497501 1545659 0 0 0 	45551823 1545659 0 	463.503 	3 	90
18029000000000 18029100000249 	15200043658 44134475345 1557287 	15198486371 1557287 0 0 0 	45888931 1557287 0 	463.162 	3 	90
18054600000000 18054700000249 	15400044156 44716196429 1568739 	15398475417 1568739 0 0 0 	46221924 1568739 0 	462.832 	3 	90
18080200000000 18080300000088 	15600044332 45298024410 1580222 	15598464110 1580222 0 0 0 	46554798 1580222 0 	462.467 	3 	90
18105800000000 18105900000088 	15800044508 45879787436 1591534 	15798452974 1591534 0 0 0 	46883137 1591534 0 	462.112 	3 	90
18131400000000 18131500000088 	16000044684 46461608290 1602621 	15998442063 1602621 0 0 0 	47207798 1602621 0 	461.766 	3 	90
18157000000000 18157100000088 	16200044860 47043472627 1613616 	16198431244 1613616 0 0 0 	47532314 1613616 0 	461.429 	3 	90
18182600000000 18182700000088 	16400045036 47625340837 1624551 	16398420485 1624551 0 0 0 	47855972 1624551 0 	461.101 	3 	90
18208200000000 18208300000110 	16600045256 48207218608 1635214 	16598410042 1635214 0 0 0 	48167391 1635214 0 	460.755 	3 	90
18233800000000 18233900000110 	16800045476 48789075370 1645676 	16798399800 1645676 0 0 0 	48482613 1645676 0 	460.417 	3 	90
18259400000000 18259500000110 	17000045696 49371014782 1656051 	16998389645 1656051 0 0 0 	48788088 1656051 0 	460.087 	3 	90
18285000000000 18285100000110 	17200045916 49952956473 1666289 	17198379627 1666289 0 0 0 	49086315 1666289 0 	459.766 	3 	90
18310600000000 18310700000189 	17400046294 50534986619 1676353 	17398369941 1676353 0 0 0 	49385193 1676353 0 	459.414 	3 	90
18336200000000 18336300000189 	17600046672 51117039816 1686659 	17598360013 1686659 0 0 0 	49693104 1686659 0 	459.07 	3 	90
18361800000000 18361900000189 	17800047050 51699056239 1696466 	17798350584 1696466 0 0 0 	49983654 1696466 0 	458.734 	3 	90
18387400000000 18387500000189 	18000047428 52281085125 1706309 	17998341119 1706309 0 0 0 	50268992 1706309 0 	458.406 	3 	90
18413000000000 18413100000189 	18200047806 52863181184 1716127 	18198331679 1716127 0 0 0 	50555628 1716127 0 	458.086 	3 	90
18438600000000 18438700000060 	18400047926 53445303669 1725580 	18398322346 1725580 0 0 0 	50836322 1725580 0 	457.736 	3 	90
18464200000000 18464300000060 	18600048046 54027426956 1734916 	18598313130 1734916 0 0 0 	51109704 1734916 0 	457.395 	3 	90
18489800000000 18489900000060 	18800048166 54609606399 1744131 	18798304035 1744131 0 0 0 	51384890 1744131 0 	457.061 	3 	90
18515400000000 18515500000060 	19000048286 55191766586 1753329 	18998294957 1753329 0 0 0 	51655552 1753329 0 	456.734 	3 	90
18541000000000 18541100000060 	19200048406 55773998735 1762195 	19198286211 1762195 0 0 0 	51912485 1762195 0 	456.415 	3 	90
18566600000000 18566700000375 	19400049156 56356239496 1771010 	19398278146 1771010 0 0 0 	52173535 1771010 0 	456.068 	3 	90
18592200000000 18592300000375 	19600049906 56938520281 1779622 	19598270284 1779622 0 0 0 	52426706 1779622 0 	455.728 	3 	90
18617800000000 18617900000375 	19800050656 57520904774 1788345 	19798262311 1788345 0 0 0 	52679986 1788345 0 	455.395 	3 	90
18643400000000 18643500000375 	20000051406 58103180879 1796981 	19998254425 1796981 0 0 0 	52935366 1796981 0 	455.07 	3 	90
18669000000000 18669100000074 	20200051554 58685583297 1805384 	20198246170 1805384 0 0 0 	53185090 1805384 0 	454.717 	3 	90
18694600000000 18694700000074 	20400051702 59267932174 1813632 	20398238070 1813632 0 0 0 	53428091 1813632 0 	454.371 	3 	90
18720200000000 18720300000074 	20600051850 59850360521 1821767 	20598230083 1821767 0 0 0 	53667727 1821767 0 	454.033 	3 	90
18745800000000 18745900000074 	20800051998 60432752005 1829839 	20798222159 1829839 0 0 0 	53905617 1829839 0 	453.702 	3 	90
18771400000000 18771500000074 	21000052146 61015209798 1837778 	20998214368 1837778 0 0 0 	54142352 1837778 0 	453.378 	3 	90
18797000000000 18797100000320 	21200052786 61597617951 1845676 	21198207110 1845676 0 0 0 	54375323 1845676 0 	453.038 	3 	90
18822600000000 18822700000320 	21400053426 62180111347 1853398 	21398200028 1853398 0 0 0 	54603310 1853398 0 	452.705 	3 	90
18848200000000 18848300000320 	21600054066 62762673693 1861118 	21598192948 1861118 0 0 0 	54833267 1861118 0 	452.379 	3 	90
18873800000000 18873900000320 	21800054706 63345301289 1868591 	21798186115 1868591 0 0 0 	55058044 1868591 0 	452.059 	3 	90
18899400000000 18899500000320 	22000055346 63927842409 1875909 	21998179437 1875909 0 0 0 	55275265 1875909 0 	451.746 	3 	90
18925000000000 18925100000353 	22200056052 64510462049 1883075 	22198172977 1883075 0 0 0 	55485700 1883075 0 	451.407 	3 	90
18950600000000 18950700000353 	22400056758 65093090351 1890322 	22398166436 1890322 0 0 0 	55702807 1890322 0 	451.075 	3 	90
18976200000000 18976300000353 	22600057464 65675763359 1897428 	22598160036 1897428 0 0 0 	55910984 1897428 0 	450.749 	3 	90
19001800000000 19001900000353 	22800058170 66258443177 1904561 	22798153609 1904561 0 0 0 	56119314 1904561 0 	450.429 	3 	90
19027400000000 19027500000353 	23000058876 66841118177 1911523 	22998147353 1911523 0 0 0 	56325972 1911523 0 	450.115 	3 	90
19053000000000 19053100000044 	23200058964 67423816716 1918247 	23198140717 1918247 0 0 0 	56522924 1918247 0 	449.777 	3 	90
19078600000000 19078700000044 	23400059052 68006611393 1924964 	23398134088 1924964 0 0 0 	56719314 1924964 0 	449.445 	3 	90
19104200000000 19104300000044 	23600059140 68589390914 1931722 	23598127418 1931722 0 0 0 	56918496 1931722 0 	449.119 	3 	90
19129800000000 19129900000044 	23800059228 69172152100 1938189 	23798121039 1938189 0 0 0 	57112009 1938189 0 	448.799 	3 	90
19155400000000 19155500000228 	24000059684 69755002367 1944668 	23998115016 1944668 0 0 0 	57305652 1944668 0 	448.465 	3 	90
19181000000000 19181100000228 	24200060140 70337893818 1951102 	24198109038 1951102 0 0 0 	57495239 1951102 0 	448.138 	3 	90
19206600000000 19206700000228 	24400060596 70920761102 1957575 	24398103021 1957575 0 0 0 	57686557 1957575 0 	447.816 	3 	90
19232200000000 19232300000228 	24600061052 71503658431 1963848 	24598097204 1963848 0 0 0 	57873491 1963848 0 	447.499 	3 	90
19257800000000 19257900000228 	24800061508 72086594289 1969966 	24798091542 1969966 0 0 0 	58054964 1969966 0 	447.189 	3 	90
19283400000000 19283500000091 	25000061690 72669562127 1976045 	24998085645 1976045 0 0 0 	58236217 1976045 0 	446.855 	3 	90
19309000000000 19309100000091 	25200061872 73252552303 1982006 	25198079866 1982006 0 0 0 	58414610 1982006 0 	446.527 	3 	90
19334600000000 19334700000091 	25400062054 73835550680 1987888 	25398074166 1987888 0 0 0 	58589224 1987888 0 	446.205 	3 	90
19360200000000 19360300000091 	25600062236 74418577035 1993753 	25598068483 1993753 0 0 0 	58763420 1993753 0 	445.888 	3 	90
19385800000000 19385900000091 	25800062418 75001546877 1999453 	25798062965 1999453 0 0 0 	58931891 1999453 0 	445.576 	3 	90
19411400000000 19411500000308 	26000063034 75584952010 2047044 	25998015990 2047044 0 0 0 	60348188 2047044 0 	445.998 	3 	90
19437000000000 19437100000308 	26200063650 76168378057 2093806 	26197969844 2093806 0 0 0 	61726594 2093806 0 	446.414 	3 	90
19462600000000 19462700000308 	26400064266 76751784551 2140333 	26397923933 2140333 0 0 0 	63096669 2140333 0 	446.824 	3 	90
19488200000000 19488300000308 	26600064882 77335245673 2186070 	26597878812 2186070 0 0 0 	64452227 2186070 0 	447.229 	3 	90
19513800000000 19513900000308 	26800065498 77918695493 2231432 	26797834066 2231432 0 0 0 	65797404 2231432 0 	447.629 	3 	90
19539400000000 19539500000308 	27000066114 78502229216 2276650 	26997789464 2276650 0 0 0 	67130573 2276650 0 	448.023 	3 	90
19565000000000 19565100000152 	27200066418 79085784366 2321221 	27197745197 2321221 0 0 0 	68459780 2321221 0 	448.389 	3 	90
19590600000000 19590700000152 	27400066722 79669332140 2365414 	27397701308 2365414 0 0 0 	69767790 2365414 0 	448.751 	3 	90
19616200000000 19616300000152 	27600067026 80252891767 2408742 	27597658284 2408742 0 0 0 	71047836 2408742 0 	449.107 	3 	90
19641800000000 19641900000152 	27800067330 80836443340 2451936 	27797615394 2451936 0 0 0 	72326662 2451936 0 	449.46 	3 	90
19667400000000 19667500000152 	28000067634 81420071094 2494587 	27997573047 2494587 0 0 0 	73585841 2494587 0 	449.807 	3 	90
19693000000000 19693100000152 	28200067938 82003743272 2536711 	28197531227 2536711 0 0 0 	74836652 2536711 0 	450.15 	3 	90
19718600000000 19718700000000 	28400067938 82587446185 2578446 	28397489492 2578446 0 0 0 	76069945 2578446 0 	450.467 	3 	90
19744200000000 19744300000000 	28600067938 83171116927 2619705 	28597448233 2619705 0 0 0 	77283551 2619705 0 	450.779 	3 	90
19769800000000 19769900000000 	28800067938 83754832377 2660043 	28797407895 2660043 0 0 0 	78483522 2660043 0 	451.087 	3 	90
19795400000000 19795500000000 	29000067938 84338516263 2699967 	28997367971 2699967 0 0 0 	79664524 2699967 0 	451.392 	3 	90
19821000000000 19821100000000 	29200067938 84922266737 2739966 	29197327972 2739966 0 0 0 	80847179 2739966 0 	451.693 	3 	90
19846600000000 19846700000000 	29400067938 85506044291 2779397 	29397288541 2779397 0 0 0 	82018980 2779397 0 	451.99 	3 	90
19872200000000 19872300000048 	29600068034 86089846338 2818194 	29597249840 2818194 0 0 0 	83162237 2818194 0 	452.261 	3 	90
19897800000000 19897900000048 	29800068130 86673636546 2856941 	29797211189 2856941 0 0 0 	84304218 2856941 0 	452.529 	3 	90
19923400000000 19923500000048 	30000068226 87257438221 2895386 	29997172840 2895386 0 0 0 	85449170 2895386 0 	452.793 	3 	90
19949000000000 19949100000048 	30200068322 87841302695 2933170 	30197135152 2933170 0 0 0 	86562713 2933170 0 	453.055 	3 	90
19974600000000 19974700000048 	30400068418 88425181678 2970415 	30397098003 2970415 0 0 0 	87669635 2970415 0 	453.313 	3 	90
