16109700000000 16109800000476 	200000952 579706990 32739 	199968213 32739 0 0 0 	957373 32739 0 	492 	3 	97
16135300000000 16135400000011 	400000974 1159441431 64884 	399936090 64884 0 0 0 	1902872 64884 0 	490.495 	3 	97
16160900000000 16161000000011 	600000996 1739195790 96657 	599904339 96657 0 0 0 	2843795 96657 0 	489.996 	3 	97
16186500000000 16186600000011 	800001018 2318969322 128236 	799872782 128236 0 0 0 	3773280 128236 0 	489.747 	3 	97
16212100000000 16212200000011 	1000001040 2898803568 158972 	999842068 158972 0 0 0 	4675642 158972 0 	489.597 	3 	97
16237700000000 16237800000011 	1200001062 3478623759 189287 	1199811775 189287 0 0 0 	5569420 189287 0 	489.497 	3 	97
16263300000000 16263400000210 	1400001482 4058592390 219045 	1399782437 219045 0 0 0 	6454830 219045 0 	488.85 	3 	97
16288900000000 16289000000210 	1600001902 4638449403 248394 	1599753508 248394 0 0 0 	7317020 248394 0 	488.365 	3 	97
16314500000000 16314600000210 	1800002322 5218383415 277750 	1799724572 277750 0 0 0 	8190825 277750 0 	487.989 	3 	97
16340100000000 16340200000210 	2000002742 5798343115 306522 	1999696220 306522 0 0 0 	9035995 306522 0 	487.689 	3 	97
16365700000000 16365800000381 	2200003504 6378341983 335041 	2199668463 335041 0 0 0 	9870434 335041 0 	487.073 	3 	97
16391300000000 16391400000381 	2400004266 6958351314 362734 	2399641532 362734 0 0 0 	10681446 362734 0 	486.561 	3 	97
16416900000000 16417000000381 	2600005028 7538412168 390768 	2599614260 390768 0 0 0 	11512198 390768 0 	486.129 	3 	97
16442500000000 16442600000381 	2800005790 8118570941 418339 	2799587451 418339 0 0 0 	12312638 418339 0 	485.759 	3 	97
16468100000000 16468200000381 	3000006552 8698630453 445169 	2999561383 445169 0 0 0 	13104597 445169 0 	485.438 	3 	97
16493700000000 16493800000468 	3200007488 9278738428 471665 	3199535823 471665 0 0 0 	13881190 471665 0 	484.967 	3 	97
16519300000000 16519400000468 	3400008424 9858896762 497889 	3399510535 497889 0 0 0 	14655587 497889 0 	484.551 	3 	97
16544900000000 16545000000468 	3600009360 10439038758 523785 	3599485575 523785 0 0 0 	15418340 523785 0 	484.183 	3 	97
16570500000000 16570600000468 	3800010296 11019202388 549214 	3799461082 549214 0 0 0 	16165454 549214 0 	483.853 	3 	97
16596100000000 16596200000468 	4000011232 11599345390 574528 	3999436704 574528 0 0 0 	16920551 574528 0 	483.557 	3 	97
16621700000000 16621800000254 	4200011740 12179547383 599506 	4199412234 599506 0 0 0 	17655674 599506 0 	483.093 	3 	97
16647300000000 16647400000254 	4400012248 12759830023 623958 	4399388290 623958 0 0 0 	18377591 623958 0 	482.672 	3 	97
16672900000000 16673000000254 	4600012756 13340114166 648014 	4599364742 648014 0 0 0 	19095789 648014 0 	482.289 	3 	97
16698500000000 16698600000254 	4800013264 13920405156 671852 	4799341412 671852 0 0 0 	19797800 671852 0 	481.938 	3 	97
16724100000000 16724200000254 	5000013772 14500764323 695535 	4999318237 695535 0 0 0 	20498621 695535 0 	481.615 	3 	97
16749700000000 16749800000365 	5200014502 15081172548 718811 	5199295691 718811 0 0 0 	21180643 718811 0 	481.198 	3 	97
16775300000000 16775400000365 	5400015232 15661624033 741720 	5399273512 741720 0 0 0 	21857375 741720 0 	480.812 	3 	97
16800900000000 16801000000365 	5600015962 16242055323 764305 	5599251657 764305 0 0 0 	22530293 764305 0 	480.455 	3 	97
16826500000000 16826600000365 	5800016692 16822539630 786588 	5799230104 786588 0 0 0 	23183361 786588 0 	480.123 	3 	97
16852100000000 16852200000368 	6000017428 17403016209 808577 	5999208851 808577 0 0 0 	23832806 808577 0 	479.708 	3 	97
16877700000000 16877800000368 	6200018164 17983514951 830173 	6199187991 830173 0 0 0 	24471198 830173 0 	479.322 	3 	97
16903300000000 16903400000368 	6400018900 18563993202 851431 	6399167469 851431 0 0 0 	25102253 851431 0 	478.959 	3 	97
16928900000000 16929000000368 	6600019636 19144533029 872497 	6599147139 872497 0 0 0 	25725544 872497 0 	478.62 	3 	97
16954500000000 16954600000368 	6800020372 19725078744 893189 	6799127183 893189 0 0 0 	26338160 893189 0 	478.301 	3 	97
16980100000000 16980200000352 	7000021076 20305681732 913779 	6999107297 913779 0 0 0 	26942923 913779 0 	477.88 	3 	97
17005700000000 17005800000352 	7200021780 20886376359 934156 	7199087624 934156 0 0 0 	27537468 934156 0 	477.483 	3 	97
17031300000000 17031400000352 	7400022484 21467166438 954423 	7399068061 954423 0 0 0 	28137678 954423 0 	477.108 	3 	97
17056900000000 17057000000352 	7600023188 22047861403 974207 	7599048981 974207 0 0 0 	28717020 974207 0 	476.754 	3 	97
17082500000000 17082600000352 	7800023892 22628569353 993348 	7799030544 993348 0 0 0 	29277522 993348 0 	476.418 	3 	97
17108100000000 17108200000120 	8000024132 23209276204 1012646 	7999011486 1012646 0 0 0 	29836305 1012646 0 	476.02 	3 	97
17133700000000 17133800000120 	8200024372 23790053543 1031503 	8198992869 1031503 0 0 0 	30395454 1031503 0 	475.642 	3 	97
17159300000000 17159400000120 	8400024612 24370895630 1050143 	8398974469 1050143 0 0 0 	30944391 1050143 0 	475.283 	3 	97
17184900000000 17185000000120 	8600024852 24951759686 1068565 	8598956287 1068565 0 0 0 	31483015 1068565 0 	474.94 	3 	97
17210500000000 17210600000120 	8800025092 25532641134 1086701 	8798938391 1086701 0 0 0 	32024102 1086701 0 	474.614 	3 	97
17236100000000 17236200000178 	9000025448 26113479531 1104782 	8998920666 1104782 0 0 0 	32552703 1104782 0 	474.232 	3 	97
17261700000000 17261800000178 	9200025804 26694417819 1122645 	9198903159 1122645 0 0 0 	33081919 1122645 0 	473.867 	3 	97
17287300000000 17287400000178 	9400026160 27275327311 1140188 	9398885972 1140188 0 0 0 	33595952 1140188 0 	473.518 	3 	97
17312900000000 17313000000178 	9600026516 27856252405 1157471 	9598869045 1157471 0 0 0 	34096620 1157471 0 	473.184 	3 	97
17338500000000 17338600000355 	9800027226 28437264983 1174490 	9798852736 1174490 0 0 0 	34596287 1174490 0 	472.798 	3 	97
17364100000000 17364200000355 	10000027936 29018327750 1191203 	9998836733 1191203 0 0 0 	35082215 1191203 0 	472.429 	3 	97
17389700000000 17389800000355 	10200028646 29599326210 1207502 	10198821144 1207502 0 0 0 	35559155 1207502 0 	472.074 	3 	97
17415300000000 17415400000355 	10400029356 30180374088 1223963 	10398805393 1223963 0 0 0 	36045155 1223963 0 	471.734 	3 	97
17440900000000 17441000000355 	10600030066 30761466345 1240016 	10598790050 1240016 0 0 0 	36521336 1240016 0 	471.407 	3 	97
17466500000000 17466600000230 	10800030526 31342579728 1255711 	10798774815 1255711 0 0 0 	36985597 1255711 0 	471.012 	3 	97
17492100000000 17492200000230 	11000030986 31923701457 1271335 	10998759651 1271335 0 0 0 	37452411 1271335 0 	470.632 	3 	97
17517700000000 17517800000230 	11200031446 32504847033 1286848 	11198744598 1286848 0 0 0 	37910968 1286848 0 	470.267 	3 	97
17543300000000 17543400000230 	11400031906 33086043451 1302031 	11398729875 1302031 0 0 0 	38357611 1302031 0 	469.914 	3 	97
17568900000000 17569000000230 	11600032366 33667223743 1316920 	11598715446 1316920 0 0 0 	38790350 1316920 0 	469.575 	3 	97
17594500000000 17594600000320 	11800033006 34248486641 1332055 	11798700951 1332055 0 0 0 	39239083 1332055 0 	469.192 	3 	97
17620100000000 17620200000320 	12000033646 34829768290 1346716 	11998686930 1346716 0 0 0 	39675774 1346716 0 	468.822 	3 	97
17645700000000 17645800000320 	12200034286 35411059249 1360973 	12198673313 1360973 0 0 0 	40094854 1360973 0 	468.465 	3 	97
17671300000000 17671400000320 	12400034926 35992384312 1375266 	12398659660 1375266 0 0 0 	40520241 1375266 0 	468.12 	3 	97
17696900000000 17697000000320 	12600035566 36573757303 1389402 	12598646164 1389402 0 0 0 	40944735 1389402 0 	467.787 	3 	97
17722500000000 17722600000400 	12800036366 37155141816 1402840 	12798633526 1402840 0 0 0 	41339836 1402840 0 	467.413 	3 	97
17748100000000 17748200000400 	13000037166 37736555596 1416426 	12998620740 1416426 0 0 0 	41742870 1416426 0 	467.051 	3 	97
17773700000000 17773800000400 	13200037966 38317948490 1429939 	13198608027 1429939 0 0 0 	42139525 1429939 0 	466.701 	3 	97
17799300000000 17799400000400 	13400038766 38899464913 1443155 	13398595611 1443155 0 0 0 	42530964 1443155 0 	466.361 	3 	97
17824900000000 17825000000290 	13600039346 39480896755 1456278 	13598583068 1456278 0 0 0 	42915206 1456278 0 	465.984 	3 	97
17850500000000 17850600000290 	13800039926 40062392161 1469048 	13798570878 1469048 0 0 0 	43287709 1469048 0 	465.617 	3 	97
17876100000000 17876200000290 	14000040506 40643916689 1481826 	13998558680 1481826 0 0 0 	43665176 1481826 0 	465.262 	3 	97
17901700000000 17901800000290 	14200041086 41225478794 1494271 	14198546815 1494271 0 0 0 	44030589 1494271 0 	464.918 	3 	97
17927300000000 17927400000290 	14400041666 41807030134 1506696 	14398534970 1506696 0 0 0 	44401771 1506696 0 	464.583 	3 	97
17952900000000 17953000000249 	14600042164 42388665115 1518993 	14598523171 1518993 0 0 0 	44762063 1518993 0 	464.213 	3 	97
17978500000000 17978600000249 	14800042662 42970244998 1531036 	14798511626 1531036 0 0 0 	45116456 1531036 0 	463.853 	3 	97
18004100000000 18004200000249 	15000043160 43551967795 1543023 	14998500137 1543023 0 0 0 	45470604 1543023 0 	463.503 	3 	97
18029700000000 18029800000249 	15200043658 44133663031 1554793 	15198488865 1554793 0 0 0 	45817597 1554793 0 	463.162 	3 	97
18055300000000 18055400000249 	15400044156 44715352039 1566433 	15398477723 1566433 0 0 0 	46154225 1566433 0 	462.832 	3 	97
18080900000000 18081000000088 	15600044332 45296998408 1577745 	15598466587 1577745 0 0 0 	46487338 1577745 0 	462.467 	3 	97
18106500000000 18106600000088 	15800044508 45878729175 1589020 	15798455488 1589020 0 0 0 	46821762 1589020 0 	462.112 	3 	97
18132100000000 18132200000088 	16000044684 46460534620 1600342 	15998444342 1600342 0 0 0 	47159094 1600342 0 	461.766 	3 	97
18157700000000 18157800000088 	16200044860 47042355305 1611343 	16198433517 1611343 0 0 0 	47486194 1611343 0 	461.429 	3 	97
18183300000000 18183400000110 	16400045080 47624217925 1622110 	16398422970 1622110 0 0 0 	47807112 1622110 0 	461.074 	3 	97
18208900000000 18209000000110 	16600045300 48206095049 1632866 	16598412434 1632866 0 0 0 	48122543 1632866 0 	460.728 	3 	97
18234500000000 18234600000110 	16800045520 48788016992 1643470 	16798402050 1643470 0 0 0 	48433363 1643470 0 	460.39 	3 	97
18260100000000 18260200000110 	17000045740 49369970369 1653965 	16998391775 1653965 0 0 0 	48739781 1653965 0 	460.061 	3 	97
18285700000000 18285800000110 	17200045960 49951966717 1664183 	17198381777 1664183 0 0 0 	49041971 1664183 0 	459.74 	3 	97
18311300000000 18311400000189 	17400046338 50533919741 1674375 	17398371963 1674375 0 0 0 	49343072 1674375 0 	459.388 	3 	97
18336900000000 18337000000189 	17600046716 51115904908 1684300 	17598362416 1684300 0 0 0 	49640915 1684300 0 	459.044 	3 	97
18362500000000 18362600000189 	17800047094 51697898677 1694240 	17798352854 1694240 0 0 0 	49933915 1694240 0 	458.709 	3 	97
18388100000000 18388200000189 	18000047472 52279919128 1703979 	17998343493 1703979 0 0 0 	50219373 1703979 0 	458.382 	3 	97
18413700000000 18413800000189 	18200047850 52861979695 1713383 	18198334467 1713383 0 0 0 	50500034 1713383 0 	458.062 	3 	97
18439300000000 18439400000060 	18400047970 53444115404 1722888 	18398325082 1722888 0 0 0 	50778820 1722888 0 	457.712 	3 	97
18464900000000 18465000000060 	18600048090 54026240070 1732202 	18598315888 1732202 0 0 0 	51056752 1732202 0 	457.371 	3 	97
18490500000000 18490600000060 	18800048210 54608463653 1741549 	18798306661 1741549 0 0 0 	51336947 1741549 0 	457.037 	3 	97
18516100000000 18516200000060 	19000048330 55190640927 1750645 	18998297685 1750645 0 0 0 	51604659 1750645 0 	456.711 	3 	97
18541700000000 18541800000060 	19200048450 55772821865 1759455 	19198288995 1759455 0 0 0 	51868201 1759455 0 	456.392 	3 	97
18567300000000 18567400000375 	19400049200 56355101693 1768397 	19398280803 1768397 0 0 0 	52132589 1768397 0 	456.045 	3 	97
18592900000000 18593000000375 	19600049950 56937373708 1777283 	19598272667 1777283 0 0 0 	52396263 1777283 0 	455.705 	3 	97
18618500000000 18618600000375 	19800050700 57519705373 1785884 	19798264816 1785884 0 0 0 	52653822 1785884 0 	455.373 	3 	97
18644100000000 18644200000375 	20000051450 58102090519 1794516 	19998256934 1794516 0 0 0 	52904233 1794516 0 	455.048 	3 	97
18669700000000 18669800000074 	20200051598 58684418550 1802826 	20198248772 1802826 0 0 0 	53142629 1802826 0 	454.695 	3 	97
18695300000000 18695400000074 	20400051746 59266776701 1811027 	20398240719 1811027 0 0 0 	53384360 1811027 0 	454.35 	3 	97
18720900000000 18721000000074 	20600051894 59849189918 1819229 	20598232665 1819229 0 0 0 	53630218 1819229 0 	454.012 	3 	97
18746500000000 18746600000074 	20800052042 60431579962 1827300 	20798224742 1827300 0 0 0 	53864931 1827300 0 	453.681 	3 	97
18772100000000 18772200000074 	21000052190 61014012932 1835230 	20998216960 1835230 0 0 0 	54098984 1835230 0 	453.357 	3 	97
18797700000000 18797800000320 	21200052830 61596509517 1843091 	21198209739 1843091 0 0 0 	54331924 1843091 0 	453.018 	3 	97
18823300000000 18823400000320 	21400053470 62178921477 1850725 	21398202745 1850725 0 0 0 	54554994 1850725 0 	452.685 	3 	97
18848900000000 18849000000320 	21600054110 62761379610 1858266 	21598195844 1858266 0 0 0 	54772807 1858266 0 	452.359 	3 	97
18874500000000 18874600000320 	21800054750 63343954423 1865899 	21798188851 1865899 0 0 0 	55002259 1865899 0 	452.04 	3 	97
18900100000000 18900200000320 	22000055390 63926513222 1873371 	21998182019 1873371 0 0 0 	55222752 1873371 0 	451.726 	3 	97
18925700000000 18925800000353 	22200056096 64509107040 1880657 	22198175439 1880657 0 0 0 	55438783 1880657 0 	451.388 	3 	97
18951300000000 18951400000353 	22400056802 65091745497 1887866 	22398168936 1887866 0 0 0 	55654677 1887866 0 	451.056 	3 	97
18976900000000 18977000000353 	22600057508 65674345508 1894886 	22598162622 1894886 0 0 0 	55861246 1894886 0 	450.73 	3 	97
19002500000000 19002600000353 	22800058214 66257024177 1901932 	22798156282 1901932 0 0 0 	56063743 1901932 0 	450.41 	3 	97
19028100000000 19028200000353 	23000058920 66839691852 1908812 	22998150108 1908812 0 0 0 	56265136 1908812 0 	450.097 	3 	97
19053700000000 19053800000044 	23200059008 67422418399 1915595 	23198143413 1915595 0 0 0 	56468493 1915595 0 	449.759 	3 	97
19079300000000 19079400000044 	23400059096 68005103835 1922339 	23398136757 1922339 0 0 0 	56666672 1922339 0 	449.427 	3 	97
19104900000000 19105000000044 	23600059184 68587854859 1928956 	23598130228 1928956 0 0 0 	56860354 1928956 0 	449.101 	3 	97
19130500000000 19130600000044 	23800059272 69170613290 1935552 	23798123720 1935552 0 0 0 	57056659 1935552 0 	448.781 	3 	97
19156100000000 19156200000228 	24000059728 69753404625 1942047 	23998117681 1942047 0 0 0 	57248808 1942047 0 	448.448 	3 	97
19181700000000 19181800000228 	24200060184 70336197367 1948418 	24198111766 1948418 0 0 0 	57434075 1948418 0 	448.12 	3 	97
19207300000000 19207400000228 	24400060640 70919065681 1954620 	24398106020 1954620 0 0 0 	57617825 1954620 0 	447.798 	3 	97
19232900000000 19233000000228 	24600061096 71501932135 1960852 	24598100244 1960852 0 0 0 	57803676 1960852 0 	447.482 	3 	97
19258500000000 19258600000228 	24800061552 72084888807 1967000 	24798094552 1967000 0 0 0 	57984259 1967000 0 	447.172 	3 	97
19284100000000 19284200000091 	25000061734 72667856329 1973113 	24998088621 1973113 0 0 0 	58162654 1973113 0 	446.838 	3 	97
19309700000000 19309800000091 	25200061916 73250812402 1979155 	25198082761 1979155 0 0 0 	58343219 1979155 0 	446.51 	3 	97
19335300000000 19335400000091 	25400062098 73833767600 1985042 	25398077056 1985042 0 0 0 	58515908 1985042 0 	446.188 	3 	97
19360900000000 19361000000091 	25600062280 74416724288 1990783 	25598071497 1990783 0 0 0 	58685414 1990783 0 	445.871 	3 	97
19386500000000 19386600000091 	25800062462 74999778198 1996564 	25798065898 1996564 0 0 0 	58858012 1996564 0 	445.56 	3 	97
19412100000000 19412200000308 	26000063078 75583161230 2043829 	25998019249 2043829 0 0 0 	60262404 2043829 0 	445.982 	3 	97
19437700000000 19437800000308 	26200063694 76166585007 2090840 	26197972854 2090840 0 0 0 	61640078 2090840 0 	446.398 	3 	97
19463300000000 19463400000308 	26400064310 76750033756 2137299 	26397927011 2137299 0 0 0 	63010374 2137299 0 	446.808 	3 	97
19488900000000 19489000000308 	26600064926 77333434498 2183242 	26597881684 2183242 0 0 0 	64360703 2183242 0 	447.213 	3 	97
19514500000000 19514600000308 	26800065542 77916965006 2229233 	26797836309 2229233 0 0 0 	65715730 2229233 0 	447.613 	3 	97
19540100000000 19540200000308 	27000066158 78500439254 2273846 	26997792312 2273846 0 0 0 	67032939 2273846 0 	448.007 	3 	97
19565700000000 19565800000152 	27200066462 79083947010 2318299 	27197748163 2318299 0 0 0 	68345748 2318299 0 	448.374 	3 	97
19591300000000 19591400000152 	27400066766 79667435216 2362424 	27397704342 2362424 0 0 0 	69654392 2362424 0 	448.735 	3 	97
19616900000000 19617000000152 	27600067070 80250976253 2406215 	27597660855 2406215 0 0 0 	70955560 2406215 0 	449.092 	3 	97
19642500000000 19642600000152 	27800067374 80834473838 2449105 	27797618269 2449105 0 0 0 	72224295 2449105 0 	449.444 	3 	97
19668100000000 19668200000152 	28000067678 81418154384 2491460 	27997576218 2491460 0 0 0 	73475788 2491460 0 	449.792 	3 	97
19693700000000 19693800000152 	28200067982 82001808923 2533461 	28197534521 2533461 0 0 0 	74720950 2533461 0 	450.135 	3 	97
19719300000000 19719400000000 	28400067982 82585421438 2575244 	28397492738 2575244 0 0 0 	75961032 2575244 0 	450.452 	3 	97
19744900000000 19745000000000 	28600067982 83169029339 2616253 	28597451729 2616253 0 0 0 	77179086 2616253 0 	450.764 	3 	97
19770500000000 19770600000000 	28800067982 83752687329 2656978 	28797411004 2656978 0 0 0 	78385034 2656978 0 	451.072 	3 	97
19796100000000 19796200000000 	29000067982 84336442935 2697696 	28997370286 2697696 0 0 0 	79595662 2697696 0 	451.377 	3 	97
19821700000000 19821800000000 	29200067982 84920218436 2737866 	29197330116 2737866 0 0 0 	80780400 2737866 0 	451.678 	3 	97
19847300000000 19847400000000 	29400067982 85503917024 2777160 	29397290822 2777160 0 0 0 	81937972 2777160 0 	451.975 	3 	97
19872900000000 19873000000048 	29600068078 86087696135 2816349 	29597251729 2816349 0 0 0 	83092275 2816349 0 	452.246 	3 	97
19898500000000 19898600000048 	29800068174 86671485790 2855106 	29797213068 2855106 0 0 0 	84238367 2855106 0 	452.514 	3 	97
19924100000000 19924200000048 	30000068270 87255299329 2893546 	29997174724 2893546 0 0 0 	85366730 2893546 0 	452.779 	3 	97
19949700000000 19949800000048 	30200068366 87839153951 2931385 	30197136981 2931385 0 0 0 	86489218 2931385 0 	453.04 	3 	97
19975300000000 19975400000048 	30400068462 88422992217 2968375 	30397100087 2968375 0 0 0 	87588360 2968375 0 	453.299 	3 	97
