16109800000000 16109900000476 	200000952 579711160 32353 	199968599 32353 0 0 0 	951579 32353 0 	492 	3 	98
16135400000000 16135500000011 	400000974 1159435769 64762 	399936212 64762 0 0 0 	1901755 64762 0 	490.495 	3 	98
16161000000000 16161100000011 	600000996 1739179790 96725 	599904271 96725 0 0 0 	2835107 96725 0 	489.996 	3 	98
16186600000000 16186700000011 	800001018 2318958373 127993 	799873025 127993 0 0 0 	3762276 127993 0 	489.747 	3 	98
16212200000000 16212300000011 	1000001040 2898742893 158645 	999842395 158645 0 0 0 	4654791 158645 0 	489.597 	3 	98
16237800000000 16237900000011 	1200001062 3478619113 189066 	1199811996 189066 0 0 0 	5544274 189066 0 	489.497 	3 	98
16263400000000 16263500000210 	1400001482 4058448295 219180 	1399782302 219180 0 0 0 	6434720 219180 0 	488.85 	3 	98
16289000000000 16289100000210 	1600001902 4638320477 248992 	1599752910 248992 0 0 0 	7314584 248992 0 	488.365 	3 	98
16314600000000 16314700000210 	1800002322 5218242851 278247 	1799724075 278247 0 0 0 	8181822 278247 0 	487.989 	3 	98
16340200000000 16340300000210 	2000002742 5798233689 307386 	1999695356 307386 0 0 0 	9033792 307386 0 	487.689 	3 	98
16365800000000 16365900000381 	2200003504 6378201876 335708 	2199667796 335708 0 0 0 	9867788 335708 0 	487.073 	3 	98
16391400000000 16391500000381 	2400004266 6958169738 363918 	2399640348 363918 0 0 0 	10702008 363918 0 	486.561 	3 	98
16417000000000 16417100000381 	2600005028 7538287157 391739 	2599613289 391739 0 0 0 	11523133 391739 0 	486.129 	3 	98
16442600000000 16442700000381 	2800005790 8118373818 419333 	2799586457 419333 0 0 0 	12345605 419333 0 	485.759 	3 	98
16468200000000 16468300000381 	3000006552 8698437749 446313 	2999560239 446313 0 0 0 	13148817 446313 0 	485.438 	3 	98
16493800000000 16493900000468 	3200007488 9278565851 472731 	3199534757 472731 0 0 0 	13932515 472731 0 	484.967 	3 	98
16519400000000 16519500000468 	3400008424 9858714954 498962 	3399509462 498962 0 0 0 	14709744 498962 0 	484.551 	3 	98
16545000000000 16545100000468 	3600009360 10438905848 524711 	3599484649 524711 0 0 0 	15470958 524711 0 	484.183 	3 	98
16570600000000 16570700000468 	3800010296 11019111826 550074 	3799460222 550074 0 0 0 	16224912 550074 0 	483.853 	3 	98
16596200000000 16596300000468 	4000011232 11599372530 575347 	3999435885 575347 0 0 0 	16968945 575347 0 	483.557 	3 	98
16621800000000 16621900000254 	4200011740 12179599559 599859 	4199411881 599859 0 0 0 	17695494 599859 0 	483.093 	3 	98
16647400000000 16647500000254 	4400012248 12759875273 624203 	4399388045 624203 0 0 0 	18411778 624203 0 	482.672 	3 	98
16673000000000 16673100000254 	4600012756 13340181089 648491 	4599364265 648491 0 0 0 	19118486 648491 0 	482.289 	3 	98
16698600000000 16698700000254 	4800013264 13920549502 672166 	4799341098 672166 0 0 0 	19818128 672166 0 	481.938 	3 	98
16724200000000 16724300000254 	5000013772 14500875257 695620 	4999318152 695620 0 0 0 	20498768 695620 0 	481.615 	3 	98
16749800000000 16749900000365 	5200014502 15081324966 718715 	5199295787 718715 0 0 0 	21172444 718715 0 	481.198 	3 	98
16775400000000 16775500000365 	5400015232 15661685442 741640 	5399273592 741640 0 0 0 	21840460 741640 0 	480.812 	3 	98
16801000000000 16801100000365 	5600015962 16242113271 764119 	5599251843 764119 0 0 0 	22505774 764119 0 	480.455 	3 	98
16826600000000 16826700000365 	5800016692 16822584861 786415 	5799230277 786415 0 0 0 	23162642 786415 0 	480.123 	3 	98
16852200000000 16852300000368 	6000017428 17403091058 808500 	5999208928 808500 0 0 0 	23814132 808500 0 	479.708 	3 	98
16877800000000 16877900000368 	6200018164 17983566081 830093 	6199188071 830093 0 0 0 	24451208 830093 0 	479.322 	3 	98
16903400000000 16903500000368 	6400018900 18564162344 851707 	6399167193 851707 0 0 0 	25082065 851707 0 	478.959 	3 	98
16929000000000 16929100000368 	6600019636 19144673953 872673 	6599146963 872673 0 0 0 	25694117 872673 0 	478.62 	3 	98
16954600000000 16954700000368 	6800020372 19725289115 893567 	6799126805 893567 0 0 0 	26305122 893567 0 	478.301 	3 	98
16980200000000 16980300000352 	7000021076 20305917873 914066 	6999107010 914066 0 0 0 	26901536 914066 0 	477.88 	3 	98
17005800000000 17005900000352 	7200021780 20886542898 934229 	7199087551 934229 0 0 0 	27489112 934229 0 	477.483 	3 	98
17031400000000 17031500000352 	7400022484 21467277858 954271 	7399068213 954271 0 0 0 	28079091 954271 0 	477.108 	3 	98
17057000000000 17057100000352 	7600023188 22047992619 974059 	7599049129 974059 0 0 0 	28660648 974059 0 	476.754 	3 	98
17082600000000 17082700000352 	7800023892 22628741711 993449 	7799030443 993449 0 0 0 	29230277 993449 0 	476.418 	3 	98
17108200000000 17108300000120 	8000024132 23209526455 1012675 	7999011457 1012675 0 0 0 	29798542 1012675 0 	476.02 	3 	98
17133800000000 17133900000120 	8200024372 23790255311 1031366 	8198993006 1031366 0 0 0 	30343364 1031366 0 	475.642 	3 	98
17159400000000 17159500000120 	8400024612 24371057636 1050194 	8398974418 1050194 0 0 0 	30898706 1050194 0 	475.283 	3 	98
17185000000000 17185100000120 	8600024852 24951885880 1068529 	8598956323 1068529 0 0 0 	31442781 1068529 0 	474.94 	3 	98
17210600000000 17210700000120 	8800025092 25532723879 1086711 	8798938381 1086711 0 0 0 	31980562 1086711 0 	474.614 	3 	98
17236200000000 17236300000178 	9000025448 26113633960 1104538 	8998920910 1104538 0 0 0 	32508668 1104538 0 	474.232 	3 	98
17261800000000 17261900000178 	9200025804 26694558936 1122235 	9198903569 1122235 0 0 0 	33029169 1122235 0 	473.867 	3 	98
17287400000000 17287500000178 	9400026160 27275461811 1139859 	9398886301 1139859 0 0 0 	33549262 1139859 0 	473.518 	3 	98
17313000000000 17313100000178 	9600026516 27856442940 1157198 	9598869318 1157198 0 0 0 	34056917 1157198 0 	473.184 	3 	98
17338600000000 17338700000355 	9800027226 28437413069 1174203 	9798853023 1174203 0 0 0 	34558288 1174203 0 	472.798 	3 	98
17364200000000 17364300000355 	10000027936 29018431119 1190964 	9998836972 1190964 0 0 0 	35052980 1190964 0 	472.429 	3 	98
17389800000000 17389900000355 	10200028646 29599473955 1207438 	10198821208 1207438 0 0 0 	35536051 1207438 0 	472.074 	3 	98
17415400000000 17415500000355 	10400029356 30180477248 1223591 	10398805765 1223591 0 0 0 	36011412 1223591 0 	471.734 	3 	98
17441000000000 17441100000355 	10600030066 30761537772 1239744 	10598790322 1239744 0 0 0 	36488159 1239744 0 	471.407 	3 	98
17466600000000 17466700000230 	10800030526 31342642449 1255499 	10798775027 1255499 0 0 0 	36956276 1255499 0 	471.012 	3 	98
17492200000000 17492300000230 	11000030986 31923790768 1271145 	10998759841 1271145 0 0 0 	37421489 1271145 0 	470.632 	3 	98
17517800000000 17517900000230 	11200031446 32504966633 1286757 	11198744689 1286757 0 0 0 	37881353 1286757 0 	470.267 	3 	98
17543400000000 17543500000230 	11400031906 33086169071 1301768 	11398730138 1301768 0 0 0 	38328565 1301768 0 	469.914 	3 	98
17569000000000 17569100000230 	11600032366 33667382915 1316765 	11598715601 1316765 0 0 0 	38779642 1316765 0 	469.575 	3 	98
17594600000000 17594700000320 	11800033006 34248625968 1331505 	11798701501 1331505 0 0 0 	39212470 1331505 0 	469.192 	3 	98
17620200000000 17620300000320 	12000033646 34829922478 1345964 	11998687682 1345964 0 0 0 	39634151 1345964 0 	468.822 	3 	98
17645800000000 17645900000320 	12200034286 35411221837 1360465 	12198673821 1360465 0 0 0 	40054172 1360465 0 	468.465 	3 	98
17671400000000 17671500000320 	12400034926 35992586728 1374750 	12398660176 1374750 0 0 0 	40472080 1374750 0 	468.12 	3 	98
17697000000000 17697100000320 	12600035566 36573922572 1388750 	12598646816 1388750 0 0 0 	40889951 1388750 0 	467.787 	3 	98
17722600000000 17722700000400 	12800036366 37155322344 1402605 	12798633761 1402605 0 0 0 	41304373 1402605 0 	467.413 	3 	98
17748200000000 17748300000400 	13000037166 37736777047 1416300 	12998620866 1416300 0 0 0 	41704172 1416300 0 	467.051 	3 	98
17773800000000 17773900000400 	13200037966 38318244037 1429779 	13198608187 1429779 0 0 0 	42095766 1429779 0 	466.701 	3 	98
17799400000000 17799500000400 	13400038766 38899683199 1443487 	13398595279 1443487 0 0 0 	42500969 1443487 0 	466.361 	3 	98
17825000000000 17825100000290 	13600039346 39481135186 1456550 	13598582796 1456550 0 0 0 	42883322 1456550 0 	465.984 	3 	98
17850600000000 17850700000290 	13800039926 40062621273 1469480 	13798570446 1469480 0 0 0 	43263021 1469480 0 	465.617 	3 	98
17876200000000 17876300000290 	14000040506 40644253606 1482159 	13998558347 1482159 0 0 0 	43635443 1482159 0 	465.262 	3 	98
17901800000000 17901900000290 	14200041086 41225863249 1494672 	14198546414 1494672 0 0 0 	44003015 1494672 0 	464.918 	3 	98
17927400000000 17927500000290 	14400041666 41807488772 1507254 	14398534412 1507254 0 0 0 	44374000 1507254 0 	464.583 	3 	98
17953000000000 17953100000249 	14600042164 42389141417 1519512 	14598522652 1519512 0 0 0 	44731804 1519512 0 	464.213 	3 	98
17978600000000 17978700000249 	14800042662 42970800415 1531562 	14798511100 1531562 0 0 0 	45088639 1531562 0 	463.853 	3 	98
18004200000000 18004300000249 	15000043160 43552496326 1543537 	14998499623 1543537 0 0 0 	45444340 1543537 0 	463.503 	3 	98
18029800000000 18029900000249 	15200043658 44134198732 1555239 	15198488419 1555239 0 0 0 	45788451 1555239 0 	463.162 	3 	98
18055400000000 18055500000249 	15400044156 44715924453 1566712 	15398477444 1566712 0 0 0 	46124576 1566712 0 	462.832 	3 	98
18081000000000 18081100000088 	15600044332 45297646709 1578274 	15598466058 1578274 0 0 0 	46467232 1578274 0 	462.467 	3 	98
18106600000000 18106700000088 	15800044508 45879436023 1589477 	15798455031 1589477 0 0 0 	46793856 1589477 0 	462.112 	3 	98
18132200000000 18132300000088 	16000044684 46461229484 1600390 	15998444294 1600390 0 0 0 	47118418 1600390 0 	461.766 	3 	98
18157800000000 18157900000088 	16200044860 47043114865 1611452 	16198433408 1611452 0 0 0 	47439881 1611452 0 	461.429 	3 	98
18183400000000 18183500000110 	16400045080 47624929879 1622159 	16398422921 1622159 0 0 0 	47752806 1622159 0 	461.074 	3 	98
18209000000000 18209100000110 	16600045300 48206820378 1632841 	16598412459 1632841 0 0 0 	48065835 1632841 0 	460.728 	3 	98
18234600000000 18234700000110 	16800045520 48788701124 1643419 	16798402101 1643419 0 0 0 	48379324 1643419 0 	460.39 	3 	98
18260200000000 18260300000110 	17000045740 49370686039 1653734 	16998392006 1653734 0 0 0 	48684148 1653734 0 	460.061 	3 	98
18285800000000 18285900000110 	17200045960 49952645771 1663994 	17198381966 1663994 0 0 0 	48982350 1663994 0 	459.74 	3 	98
18311400000000 18311500000189 	17400046338 50534628283 1674058 	17398372280 1674058 0 0 0 	49276908 1674058 0 	459.388 	3 	98
18337000000000 18337100000189 	17600046716 51116628594 1684074 	17598362642 1684074 0 0 0 	49567457 1684074 0 	459.044 	3 	98
18362600000000 18362700000189 	17800047094 51698676696 1693974 	17798353120 1693974 0 0 0 	49857943 1693974 0 	458.709 	3 	98
18388200000000 18388300000189 	18000047472 52280700463 1703719 	17998343753 1703719 0 0 0 	50145778 1703719 0 	458.382 	3 	98
18413800000000 18413900000189 	18200047850 52862771937 1713330 	18198334520 1713330 0 0 0 	50428838 1713330 0 	458.062 	3 	98
18439400000000 18439500000060 	18400047970 53444929249 1722766 	18398325204 1722766 0 0 0 	50704638 1722766 0 	457.712 	3 	98
18465000000000 18465100000060 	18600048090 54027031558 1732211 	18598315879 1732211 0 0 0 	50981778 1732211 0 	457.371 	3 	98
18490600000000 18490700000060 	18800048210 54609202805 1741374 	18798306836 1741374 0 0 0 	51252613 1741374 0 	457.037 	3 	98
18516200000000 18516300000060 	19000048330 55191400985 1750441 	18998297889 1750441 0 0 0 	51522120 1750441 0 	456.711 	3 	98
18541800000000 18541900000060 	19200048450 55773622701 1759329 	19198289121 1759329 0 0 0 	51785830 1759329 0 	456.392 	3 	98
18567400000000 18567500000375 	19400049200 56355880859 1768146 	19398281054 1768146 0 0 0 	52042737 1768146 0 	456.045 	3 	98
18593000000000 18593100000375 	19600049950 56938178876 1776865 	19598273085 1776865 0 0 0 	52302354 1776865 0 	455.705 	3 	98
18618600000000 18618700000375 	19800050700 57520439498 1785522 	19798265178 1785522 0 0 0 	52556045 1785522 0 	455.373 	3 	98
18644200000000 18644300000375 	20000051450 58102799818 1794036 	19998257414 1794036 0 0 0 	52808788 1794036 0 	455.048 	3 	98
18669800000000 18669900000074 	20200051598 58685141564 1802536 	20198249062 1802536 0 0 0 	53057974 1802536 0 	454.695 	3 	98
18695400000000 18695500000074 	20400051746 59267531755 1810839 	20398240907 1810839 0 0 0 	53305318 1810839 0 	454.35 	3 	98
18721000000000 18721100000074 	20600051894 59849897754 1819019 	20598232875 1819019 0 0 0 	53547064 1819019 0 	454.012 	3 	98
18746600000000 18746700000074 	20800052042 60432267141 1827129 	20798224913 1827129 0 0 0 	53782771 1827129 0 	453.681 	3 	98
18772200000000 18772300000074 	21000052190 61014677132 1834925 	20998217265 1834925 0 0 0 	54016773 1834925 0 	453.357 	3 	98
18797800000000 18797900000320 	21200052830 61597163673 1842652 	21198210178 1842652 0 0 0 	54245690 1842652 0 	453.018 	3 	98
18823400000000 18823500000320 	21400053470 62179676893 1850635 	21398202835 1850635 0 0 0 	54479841 1850635 0 	452.685 	3 	98
18849000000000 18849100000320 	21600054110 62762210567 1858272 	21598195838 1858272 0 0 0 	54706816 1858272 0 	452.359 	3 	98
18874600000000 18874700000320 	21800054750 63344789062 1865684 	21798189066 1865684 0 0 0 	54924186 1865684 0 	452.04 	3 	98
18900200000000 18900300000320 	22000055390 63927369002 1873102 	21998182288 1873102 0 0 0 	55139412 1873102 0 	451.726 	3 	98
18925800000000 18925900000353 	22200056096 64509956614 1880452 	22198175644 1880452 0 0 0 	55356343 1880452 0 	451.388 	3 	98
18951400000000 18951500000353 	22400056802 65092550493 1887657 	22398169145 1887657 0 0 0 	55572470 1887657 0 	451.056 	3 	98
18977000000000 18977100000353 	22600057508 65675226847 1894879 	22598162629 1894879 0 0 0 	55792964 1894879 0 	450.73 	3 	98
19002600000000 19002700000353 	22800058214 66257852634 1901906 	22798156308 1901906 0 0 0 	56001269 1901906 0 	450.41 	3 	98
19028200000000 19028300000353 	23000058920 66840556112 1908850 	22998150070 1908850 0 0 0 	56205072 1908850 0 	450.097 	3 	98
19053800000000 19053900000044 	23200059008 67423203449 1915721 	23198143287 1915721 0 0 0 	56410264 1915721 0 	449.759 	3 	98
19079400000000 19079500000044 	23400059096 68005964461 1922485 	23398136611 1922485 0 0 0 	56609801 1922485 0 	449.427 	3 	98
19105000000000 19105100000044 	23600059184 68588738700 1929119 	23598130065 1929119 0 0 0 	56807341 1929119 0 	449.101 	3 	98
19130600000000 19130700000044 	23800059272 69171552291 1935681 	23798123591 1935681 0 0 0 	57003127 1935681 0 	448.781 	3 	98
19156200000000 19156300000228 	24000059728 69754363249 1942214 	23998117514 1942214 0 0 0 	57195117 1942214 0 	448.448 	3 	98
19181800000000 19181900000228 	24200060184 70337236952 1948657 	24198111527 1948657 0 0 0 	57387590 1948657 0 	448.12 	3 	98
19207400000000 19207500000228 	24400060640 70920082270 1954898 	24398105742 1954898 0 0 0 	57568515 1954898 0 	447.798 	3 	98
19233000000000 19233100000228 	24600061096 71503013449 1961110 	24598099986 1961110 0 0 0 	57753243 1961110 0 	447.482 	3 	98
19258600000000 19258700000228 	24800061552 72085932171 1967297 	24798094255 1967297 0 0 0 	57936461 1967297 0 	447.172 	3 	98
19284200000000 19284300000091 	25000061734 72668848947 1973330 	24998088404 1973330 0 0 0 	58113412 1973330 0 	446.838 	3 	98
19309800000000 19309900000091 	25200061916 73251825392 1979284 	25198082632 1979284 0 0 0 	58289059 1979284 0 	446.51 	3 	98
19335400000000 19335500000091 	25400062098 73834807678 1985191 	25398076907 1985191 0 0 0 	58464481 1985191 0 	446.188 	3 	98
19361000000000 19361100000091 	25600062280 74417814959 1991024 	25598071256 1991024 0 0 0 	58635366 1991024 0 	445.871 	3 	98
19386600000000 19386700000091 	25800062462 75000834091 1996758 	25798065704 1996758 0 0 0 	58808866 1996758 0 	445.56 	3 	98
19412200000000 19412300000308 	26000063078 75584269113 2044013 	25998019065 2044013 0 0 0 	60203668 2044013 0 	445.982 	3 	98
19437800000000 19437900000308 	26200063694 76167629217 2090985 	26197972709 2090985 0 0 0 	61592392 2090985 0 	446.398 	3 	98
19463400000000 19463500000308 	26400064310 76751081144 2137380 	26397926930 2137380 0 0 0 	62967948 2137380 0 	446.808 	3 	98
19489000000000 19489100000308 	26600064926 77334561609 2183130 	26597881796 2183130 0 0 0 	64312577 2183130 0 	447.213 	3 	98
19514600000000 19514700000308 	26800065542 77918049966 2228158 	26797837384 2228158 0 0 0 	65643594 2228158 0 	447.613 	3 	98
19540200000000 19540300000308 	27000066158 78501532108 2273184 	26997792974 2273184 0 0 0 	66977117 2273184 0 	448.007 	3 	98
19565800000000 19565900000152 	27200066462 79085027077 2317825 	27197748637 2317825 0 0 0 	68304440 2317825 0 	448.374 	3 	98
19591400000000 19591500000152 	27400066766 79668592217 2362069 	27397704697 2362069 0 0 0 	69612226 2362069 0 	448.735 	3 	98
19617000000000 19617100000152 	27600067070 80252105398 2405604 	27597661466 2405604 0 0 0 	70905074 2405604 0 	449.092 	3 	98
19642600000000 19642700000152 	27800067374 80835713966 2448557 	27797618817 2448557 0 0 0 	72180713 2448557 0 	449.444 	3 	98
19668200000000 19668300000152 	28000067678 81419280454 2490970 	27997576708 2490970 0 0 0 	73430172 2490970 0 	449.792 	3 	98
19693800000000 19693900000152 	28200067982 82002973558 2532740 	28197535242 2532740 0 0 0 	74666652 2532740 0 	450.135 	3 	98
19719400000000 19719500000000 	28400067982 82586615664 2574357 	28397493625 2574357 0 0 0 	75903529 2574357 0 	450.452 	3 	98
19745000000000 19745100000000 	28600067982 83170291280 2615863 	28597452119 2615863 0 0 0 	77136773 2615863 0 	450.764 	3 	98
19770600000000 19770700000000 	28800067982 83753951706 2656828 	28797411154 2656828 0 0 0 	78345908 2656828 0 	451.072 	3 	98
19796200000000 19796300000000 	29000067982 84337636648 2697333 	28997370649 2697333 0 0 0 	79535221 2697333 0 	451.377 	3 	98
19821800000000 19821900000000 	29200067982 84921363448 2737050 	29197330932 2737050 0 0 0 	80711586 2737050 0 	451.678 	3 	98
19847400000000 19847500000000 	29400067982 85505125505 2776431 	29397291551 2776431 0 0 0 	81871448 2776431 0 	451.975 	3 	98
19873000000000 19873100000048 	29600068078 86088843868 2815446 	29597252632 2815446 0 0 0 	83033864 2815446 0 	452.246 	3 	98
19898600000000 19898700000048 	29800068174 86672630403 2854002 	29797214172 2854002 0 0 0 	84172534 2854002 0 	452.514 	3 	98
19924200000000 19924300000048 	30000068270 87256407775 2892183 	29997176087 2892183 0 0 0 	85299198 2892183 0 	452.779 	3 	98
19949800000000 19949900000048 	30200068366 87840221619 2930030 	30197138336 2930030 0 0 0 	86418336 2930030 0 	453.04 	3 	98
19975400000000 19975500000048 	30400068462 88424140789 2967394 	30397101068 2967394 0 0 0 	87522571 2967394 0 	453.299 	3 	98
