16112400000000 16112500000476 	200000952 579753388 32445 	199968507 32445 0 0 0 	950592 32445 0 	492 	3 	124
16138000000000 16138100000011 	400000974 1159546251 64707 	399936267 64707 0 0 0 	1893846 64707 0 	490.495 	3 	124
16163600000000 16163700000011 	600000996 1739326277 96547 	599904449 96547 0 0 0 	2835268 96547 0 	489.996 	3 	124
16189200000000 16189300000011 	800001018 2319111101 127685 	799873333 127685 0 0 0 	3746473 127685 0 	489.747 	3 	124
16214800000000 16214900000011 	1000001040 2898959616 158695 	999842345 158695 0 0 0 	4658036 158695 0 	489.597 	3 	124
16240400000000 16240500000011 	1200001062 3478828465 188991 	1199812071 188991 0 0 0 	5543442 188991 0 	489.497 	3 	124
16266000000000 16266100000210 	1400001482 4058715171 219063 	1399782419 219063 0 0 0 	6422503 219063 0 	488.85 	3 	124
16291600000000 16291700000210 	1600001902 4638632426 248408 	1599753494 248408 0 0 0 	7285140 248408 0 	488.365 	3 	124
16317200000000 16317300000210 	1800002322 5218613372 277488 	1799724834 277488 0 0 0 	8137109 277488 0 	487.989 	3 	124
16342800000000 16342900000210 	2000002742 5798626883 306571 	1999696171 306571 0 0 0 	8997047 306571 0 	487.689 	3 	124
16368400000000 16368500000381 	2200003504 6378552315 334817 	2199668687 334817 0 0 0 	9827869 334817 0 	487.073 	3 	124
16394000000000 16394100000381 	2400004266 6958566798 362978 	2399641288 362978 0 0 0 	10653462 362978 0 	486.561 	3 	124
16419600000000 16419700000381 	2600005028 7538636697 390713 	2599614315 390713 0 0 0 	11476951 390713 0 	486.129 	3 	124
16445200000000 16445300000381 	2800005790 8118762077 418123 	2799587667 418123 0 0 0 	12290439 418123 0 	485.759 	3 	124
16470800000000 16470900000381 	3000006552 8698791342 445184 	2999561368 445184 0 0 0 	13085021 445184 0 	485.438 	3 	124
16496400000000 16496500000468 	3200007488 9278930265 471623 	3199535865 471623 0 0 0 	13870453 471623 0 	484.967 	3 	124
16522000000000 16522100000468 	3400008424 9859064067 497924 	3399510500 497924 0 0 0 	14645034 497924 0 	484.551 	3 	124
16547600000000 16547700000468 	3600009360 10439233653 523711 	3599485649 523711 0 0 0 	15406264 523711 0 	484.183 	3 	124
16573200000000 16573300000468 	3800010296 11019407341 549319 	3799460977 549319 0 0 0 	16165176 549319 0 	483.853 	3 	124
16598800000000 16598900000468 	4000011232 11599661448 574329 	3999436903 574329 0 0 0 	16904861 574329 0 	483.557 	3 	124
16624400000000 16624500000254 	4200011740 12179901014 599426 	4199412314 599426 0 0 0 	17633978 599426 0 	483.093 	3 	124
16650000000000 16650100000254 	4400012248 12760180437 623773 	4399388475 623773 0 0 0 	18348846 623773 0 	482.672 	3 	124
16675600000000 16675700000254 	4600012756 13340486195 647757 	4599364999 647757 0 0 0 	19057431 647757 0 	482.289 	3 	124
16701200000000 16701300000254 	4800013264 13920805090 671632 	4799341632 671632 0 0 0 	19751167 671632 0 	481.938 	3 	124
16726800000000 16726900000254 	5000013772 14501174231 695014 	4999318758 695014 0 0 0 	20430546 695014 0 	481.615 	3 	124
16752400000000 16752500000365 	5200014502 15081537228 718256 	5199296246 718256 0 0 0 	21120530 718256 0 	481.198 	3 	124
16778000000000 16778100000365 	5400015232 15662007532 741088 	5399274144 741088 0 0 0 	21795101 741088 0 	480.812 	3 	124
16803600000000 16803700000365 	5600015962 16242518223 763352 	5599252610 763352 0 0 0 	22452785 763352 0 	480.455 	3 	124
16829200000000 16829300000365 	5800016692 16823004910 785762 	5799230930 785762 0 0 0 	23112953 785762 0 	480.123 	3 	124
16854800000000 16854900000368 	6000017428 17403502037 807729 	5999209699 807729 0 0 0 	23762008 807729 0 	479.708 	3 	124
16880400000000 16880500000368 	6200018164 17983982798 829339 	6199188825 829339 0 0 0 	24397077 829339 0 	479.322 	3 	124
16906000000000 16906100000368 	6400018900 18564500999 850656 	6399168244 850656 0 0 0 	25023647 850656 0 	478.959 	3 	124
16931600000000 16931700000368 	6600019636 19145095646 872044 	6599147592 872044 0 0 0 	25657545 872044 0 	478.62 	3 	124
16957200000000 16957300000368 	6800020372 19725710631 892706 	6799127666 892706 0 0 0 	26265235 892706 0 	478.301 	3 	124
16982800000000 16982900000352 	7000021076 20306371100 913198 	6999107878 913198 0 0 0 	26867916 913198 0 	477.88 	3 	124
17008400000000 17008500000352 	7200021780 20887007169 933208 	7199088572 933208 0 0 0 	27465755 933208 0 	477.483 	3 	124
17034000000000 17034100000352 	7400022484 21467695930 953053 	7399069431 953053 0 0 0 	28053457 953053 0 	477.108 	3 	124
17059600000000 17059700000352 	7600023188 22048429290 972620 	7599050568 972620 0 0 0 	28630137 972620 0 	476.754 	3 	124
17085200000000 17085300000352 	7800023892 22629220686 992259 	7799031633 992259 0 0 0 	29206201 992259 0 	476.418 	3 	124
17110800000000 17110900000120 	8000024132 23209958351 1011419 	7999012713 1011419 0 0 0 	29763427 1011419 0 	476.02 	3 	124
17136400000000 17136500000120 	8200024372 23790829887 1030216 	8198994156 1030216 0 0 0 	30317893 1030216 0 	475.642 	3 	124
17162000000000 17162100000120 	8400024612 24371622586 1048879 	8398975733 1048879 0 0 0 	30870005 1048879 0 	475.283 	3 	124
17187600000000 17187700000120 	8600024852 24952449308 1067228 	8598957624 1067228 0 0 0 	31406093 1067228 0 	474.94 	3 	124
17213200000000 17213300000265 	8800025382 25533270163 1085215 	8798940167 1085215 0 0 0 	31935480 1085215 0 	474.591 	3 	124
17238800000000 17238900000178 	9000025738 26114140764 1103215 	8998922523 1103215 0 0 0 	32464385 1103215 0 	474.21 	3 	124
17264400000000 17264500000178 	9200026094 26695012984 1120921 	9198905173 1120921 0 0 0 	32993543 1120921 0 	473.845 	3 	124
17290000000000 17290100000178 	9400026450 27275996116 1138449 	9398888001 1138449 0 0 0 	33507095 1138449 0 	473.497 	3 	124
17315600000000 17315700000178 	9600026806 27856923261 1155581 	9598871225 1155581 0 0 0 	34011359 1155581 0 	473.163 	3 	124
17341200000000 17341300000355 	9800027516 28437962163 1172425 	9798855091 1172425 0 0 0 	34512326 1172425 0 	472.778 	3 	124
17366800000000 17366900000355 	10000028226 29019000727 1189097 	9998839129 1189097 0 0 0 	35006784 1189097 0 	472.409 	3 	124
17392400000000 17392500000355 	10200028936 29600135273 1205667 	10198823269 1205667 0 0 0 	35495443 1205667 0 	472.055 	3 	124
17418000000000 17418100000355 	10400029646 30181213255 1221817 	10398807829 1221817 0 0 0 	35968404 1221817 0 	471.715 	3 	124
17443600000000 17443700000355 	10600030356 30762281772 1238064 	10598792292 1238064 0 0 0 	36447950 1238064 0 	471.388 	3 	124
17469200000000 17469300000230 	10800030816 31343390919 1253810 	10798777006 1253810 0 0 0 	36907140 1253810 0 	470.994 	3 	124
17494800000000 17494900000230 	11000031276 31924567265 1269549 	10998761727 1269549 0 0 0 	37369827 1269549 0 	470.614 	3 	124
17520400000000 17520500000230 	11200031736 32505752372 1284769 	11198746967 1284769 0 0 0 	37820633 1284769 0 	470.249 	3 	124
17546000000000 17546100000230 	11400032196 33086947406 1300155 	11398732041 1300155 0 0 0 	38268431 1300155 0 	469.897 	3 	124
17571600000000 17571700000230 	11600032656 33668232468 1315429 	11598717227 1315429 0 0 0 	38717592 1315429 0 	469.558 	3 	124
17597200000000 17597300000320 	11800033296 34249507702 1330228 	11798703068 1330228 0 0 0 	39150341 1330228 0 	469.175 	3 	124
17622800000000 17622900000320 	12000033936 34830737684 1344891 	11998689045 1344891 0 0 0 	39580966 1344891 0 	468.806 	3 	124
17648400000000 17648500000320 	12200034576 35412064137 1359265 	12198675311 1359265 0 0 0 	40005938 1359265 0 	468.449 	3 	124
17674000000000 17674100000320 	12400035216 35993402357 1373363 	12398661853 1373363 0 0 0 	40422862 1373363 0 	468.105 	3 	124
17699600000000 17699700000400 	12600036016 36574776231 1387409 	12598648607 1387409 0 0 0 	40835199 1387409 0 	467.719 	3 	124
17725200000000 17725300000400 	12800036816 37156124443 1401130 	12798635686 1401130 0 0 0 	41239762 1401130 0 	467.346 	3 	124
17750800000000 17750900000400 	13000037616 37737552613 1414605 	12998623011 1414605 0 0 0 	41639091 1414605 0 	466.986 	3 	124
17776400000000 17776500000400 	13200038416 38318917936 1427946 	13198610470 1427946 0 0 0 	42031745 1427946 0 	466.636 	3 	124
17802000000000 17802100000400 	13400039216 38900401450 1441319 	13398597897 1441319 0 0 0 	42425343 1441319 0 	466.298 	3 	124
17827600000000 17827700000290 	13600039796 39481976559 1454552 	13598585244 1454552 0 0 0 	42817170 1454552 0 	465.921 	3 	124
17853200000000 17853300000290 	13800040376 40063499525 1467451 	13798572925 1467451 0 0 0 	43197669 1467451 0 	465.556 	3 	124
17878800000000 17878900000290 	14000040956 40645082041 1480293 	13998560663 1480293 0 0 0 	43577159 1480293 0 	465.202 	3 	124
17904400000000 17904500000290 	14200041536 41226650178 1493006 	14198548530 1493006 0 0 0 	43954486 1493006 0 	464.858 	3 	124
17930000000000 17930100000290 	14400042116 41808251529 1505480 	14398536636 1505480 0 0 0 	44322889 1505480 0 	464.525 	3 	124
17955600000000 17955700000249 	14600042614 42389889829 1517671 	14598524943 1517671 0 0 0 	44678145 1517671 0 	464.155 	3 	124
17981200000000 17981300000249 	14800043112 42971565159 1529717 	14798513395 1529717 0 0 0 	45034031 1529717 0 	463.796 	3 	124
18006800000000 18006900000249 	15000043610 43553271932 1541635 	14998501975 1541635 0 0 0 	45382262 1541635 0 	463.447 	3 	124
18032400000000 18032500000249 	15200044108 44134964162 1553296 	15198490812 1553296 0 0 0 	45726865 1553296 0 	463.107 	3 	124
18058000000000 18058100000249 	15400044606 44716694895 1564887 	15398479719 1564887 0 0 0 	46071102 1564887 0 	462.777 	3 	124
18083600000000 18083700000088 	15600044782 45298464283 1576236 	15598468546 1576236 0 0 0 	46403802 1576236 0 	462.413 	3 	124
18109200000000 18109300000088 	15800044958 45880238417 1587549 	15798457409 1587549 0 0 0 	46739092 1587549 0 	462.059 	3 	124
18134800000000 18134900000088 	16000045134 46462064839 1598706 	15998446428 1598706 0 0 0 	47071746 1598706 0 	461.714 	3 	124
18160400000000 18160500000088 	16200045310 47043874281 1609654 	16198435656 1609654 0 0 0 	47399827 1609654 0 	461.378 	3 	124
18186000000000 18186100000110 	16400045530 47625729819 1620352 	16398425178 1620352 0 0 0 	47717212 1620352 0 	461.023 	3 	124
18211600000000 18211700000110 	16600045750 48207607077 1630949 	16598414801 1630949 0 0 0 	48029558 1630949 0 	460.678 	3 	124
18237200000000 18237300000110 	16800045970 48789511190 1641750 	16798404220 1641750 0 0 0 	48345007 1641750 0 	460.341 	3 	124
18262800000000 18262900000110 	17000046190 49371462788 1652143 	16998394047 1652143 0 0 0 	48648947 1652143 0 	460.012 	3 	124
18288400000000 18288500000110 	17200046410 49953378662 1662537 	17198383873 1662537 0 0 0 	48951721 1662537 0 	459.692 	3 	124
18314000000000 18314100000189 	17400046788 50535344097 1672731 	17398374057 1672731 0 0 0 	49247513 1672731 0 	459.341 	3 	124
18339600000000 18339700000189 	17600047166 51117342185 1682740 	17598364426 1682740 0 0 0 	49550307 1682740 0 	458.998 	3 	124
18365200000000 18365300000189 	17800047544 51699411176 1692555 	17798354989 1692555 0 0 0 	49842064 1692555 0 	458.663 	3 	124
18390800000000 18390900000189 	18000047922 52281533363 1702390 	17998345532 1702390 0 0 0 	50137494 1702390 0 	458.336 	3 	124
18416400000000 18416500000189 	18200048300 52863580186 1712071 	18198336229 1712071 0 0 0 	50423748 1712071 0 	458.017 	3 	124
18442000000000 18442100000060 	18400048420 53445654597 1721700 	18398326720 1721700 0 0 0 	50703636 1721700 0 	457.668 	3 	124
18467600000000 18467700000060 	18600048540 54027795946 1730945 	18598317595 1730945 0 0 0 	50973994 1730945 0 	457.327 	3 	124
18493200000000 18493300000060 	18800048660 54610016747 1740142 	18798308518 1740142 0 0 0 	51243469 1740142 0 	456.994 	3 	124
18518800000000 18518900000060 	19000048780 55192196371 1749121 	18998299659 1749121 0 0 0 	51505243 1749121 0 	456.668 	3 	124
18544400000000 18544500000060 	19200048900 55774417591 1757980 	19198290920 1757980 0 0 0 	51774036 1757980 0 	456.35 	3 	124
18570000000000 18570100000375 	19400049650 56356673466 1766669 	19398282981 1766669 0 0 0 	52032974 1766669 0 	456.003 	3 	124
18595600000000 18595700000375 	19600050400 56938945244 1775476 	19598274924 1775476 0 0 0 	52292347 1775476 0 	455.664 	3 	124
18621200000000 18621300000375 	19800051150 57521252457 1784125 	19798267025 1784125 0 0 0 	52551752 1784125 0 	455.332 	3 	124
18646800000000 18646900000375 	20000051900 58103590813 1792573 	19998259327 1792573 0 0 0 	52802071 1792573 0 	455.007 	3 	124
18672400000000 18672500000074 	20200052048 58685934055 1801023 	20198251025 1801023 0 0 0 	53054830 1801023 0 	454.655 	3 	124
18698000000000 18698100000074 	20400052196 59268248106 1809189 	20398243007 1809189 0 0 0 	53295664 1809189 0 	454.311 	3 	124
18723600000000 18723700000074 	20600052344 59850658417 1817418 	20598234926 1817418 0 0 0 	53537330 1817418 0 	453.973 	3 	124
18749200000000 18749300000074 	20800052492 60433061192 1825547 	20798226945 1825547 0 0 0 	53778949 1825547 0 	453.643 	3 	124
18774800000000 18774900000074 	21000052640 61015460473 1833469 	20998219171 1833469 0 0 0 	54013262 1833469 0 	453.319 	3 	124
18800400000000 18800500000320 	21200053280 61597902909 1841189 	21198212091 1841189 0 0 0 	54245439 1841189 0 	452.98 	3 	124
18826000000000 18826100000320 	21400053920 62180415266 1848932 	21398204988 1848932 0 0 0 	54474603 1848932 0 	452.648 	3 	124
18851600000000 18851700000320 	21600054560 62762955385 1856497 	21598198063 1856497 0 0 0 	54701281 1856497 0 	452.322 	3 	124
18877200000000 18877300000320 	21800055200 63345485525 1863879 	21798191321 1863879 0 0 0 	54922483 1863879 0 	452.003 	3 	124
18902800000000 18902900000320 	22000055840 63928069568 1871220 	21998184620 1871220 0 0 0 	55133527 1871220 0 	451.69 	3 	124
18928400000000 18928500000353 	22200056546 64510618377 1878558 	22198177988 1878558 0 0 0 	55349741 1878558 0 	451.352 	3 	124
18954000000000 18954100000353 	22400057252 65093260760 1885940 	22398171312 1885940 0 0 0 	55567272 1885940 0 	451.02 	3 	124
18979600000000 18979700000353 	22600057958 65675936549 1893099 	22598164859 1893099 0 0 0 	55781689 1893099 0 	450.695 	3 	124
19005200000000 19005300000353 	22800058664 66258589015 1900115 	22798158549 1900115 0 0 0 	55988934 1900115 0 	450.376 	3 	124
19030800000000 19030900000353 	23000059370 66841298073 1907128 	22998152242 1907128 0 0 0 	56196732 1907128 0 	450.062 	3 	124
19056400000000 19056500000044 	23200059458 67424002364 1914019 	23198145439 1914019 0 0 0 	56402802 1914019 0 	449.725 	3 	124
19082000000000 19082100000044 	23400059546 68006745227 1920876 	23398138670 1920876 0 0 0 	56603354 1920876 0 	449.393 	3 	124
19107600000000 19107700000044 	23600059634 68589563917 1927591 	23598132043 1927591 0 0 0 	56800980 1927591 0 	449.068 	3 	124
19133200000000 19133300000044 	23800059722 69172360463 1934176 	23798125546 1934176 0 0 0 	56992997 1934176 0 	448.748 	3 	124
19158800000000 19158900000228 	24000060178 69755229415 1940831 	23998119347 1940831 0 0 0 	57190542 1940831 0 	448.415 	3 	124
19184400000000 19184500000228 	24200060634 70338103163 1947236 	24198113398 1947236 0 0 0 	57383922 1947236 0 	448.088 	3 	124
19210000000000 19210100000228 	24400061090 70920963068 1953510 	24398107580 1953510 0 0 0 	57572224 1953510 0 	447.766 	3 	124
19235600000000 19235700000228 	24600061546 71503811491 1959471 	24598102075 1959471 0 0 0 	57751347 1959471 0 	447.45 	3 	124
19261200000000 19261300000228 	24800062002 72086773257 1965586 	24798096416 1965586 0 0 0 	57933110 1965586 0 	447.14 	3 	124
19286800000000 19286900000091 	25000062184 72669707934 1971660 	24998090524 1971660 0 0 0 	58118773 1971660 0 	446.807 	3 	124
19312400000000 19312500000091 	25200062366 73252644005 1977716 	25198084650 1977716 0 0 0 	58297711 1977716 0 	446.479 	3 	124
19338000000000 19338100000091 	25400062548 73835617836 1983607 	25398078941 1983607 0 0 0 	58474656 1983607 0 	446.157 	3 	124
19363600000000 19363700000091 	25600062730 74418645816 1989461 	25598073269 1989461 0 0 0 	58651547 1989461 0 	445.841 	3 	124
19389200000000 19389300000091 	25800062912 75001633213 1995216 	25798067696 1995216 0 0 0 	58819887 1995216 0 	445.53 	3 	124
19414800000000 19414900000308 	26000063528 75585005304 2042740 	25998020788 2042740 0 0 0 	60228372 2042740 0 	445.952 	3 	124
19440400000000 19440500000308 	26200064144 76168453003 2089608 	26197974536 2089608 0 0 0 	61616137 2089608 0 	446.368 	3 	124
19466000000000 19466100000308 	26400064760 76751908109 2136111 	26397928649 2136111 0 0 0 	62993743 2136111 0 	446.779 	3 	124
19491600000000 19491700000308 	26600065376 77335299049 2181976 	26597883400 2181976 0 0 0 	64354897 2181976 0 	447.184 	3 	124
19517200000000 19517300000308 	26800065992 77918765722 2227363 	26797838629 2227363 0 0 0 	65689445 2227363 0 	447.584 	3 	124
19542800000000 19542900000308 	27000066608 78502309560 2272462 	26997794146 2272462 0 0 0 	67032926 2272462 0 	447.978 	3 	124
19568400000000 19568500000152 	27200066912 79085802878 2316977 	27197749935 2316977 0 0 0 	68358318 2316977 0 	448.345 	3 	124
19594000000000 19594100000152 	27400067216 79669366291 2360502 	27397706714 2360502 0 0 0 	69645065 2360502 0 	448.706 	3 	124
19619600000000 19619700000152 	27600067520 80252912430 2403899 	27597663621 2403899 0 0 0 	70926408 2403899 0 	449.063 	3 	124
19645200000000 19645300000152 	27800067824 80836451991 2447051 	27797620773 2447051 0 0 0 	72205019 2447051 0 	449.416 	3 	124
19670800000000 19670900000152 	28000068128 81420130349 2490018 	27997578110 2490018 0 0 0 	73482126 2490018 0 	449.764 	3 	124
19696400000000 19696500000152 	28200068432 82003649603 2532031 	28197536401 2532031 0 0 0 	74721572 2532031 0 	450.107 	3 	124
19722000000000 19722100000000 	28400068432 82587315178 2573617 	28397494815 2573617 0 0 0 	75945994 2573617 0 	450.424 	3 	124
19747600000000 19747700000000 	28600068432 83170976083 2614539 	28597453893 2614539 0 0 0 	77163608 2614539 0 	450.736 	3 	124
19773200000000 19773300000000 	28800068432 83754643202 2655247 	28797413185 2655247 0 0 0 	78362893 2655247 0 	451.045 	3 	124
19798800000000 19798900000000 	29000068432 84338292690 2695563 	28997372869 2695563 0 0 0 	79552146 2695563 0 	451.35 	3 	124
19824400000000 19824500000000 	29200068432 84921951019 2735499 	29197332933 2735499 0 0 0 	80731966 2735499 0 	451.651 	3 	124
19850000000000 19850100000048 	29400068528 85505654509 2774577 	29397293951 2774577 0 0 0 	81889353 2774577 0 	451.926 	3 	124
19875600000000 19875700000048 	29600068624 86089416876 2813523 	29597255101 2813523 0 0 0 	83039888 2813523 0 	452.197 	3 	124
19901200000000 19901300000048 	29800068720 86673204078 2852076 	29797216644 2852076 0 0 0 	84190881 2852076 0 	452.465 	3 	124
19926800000000 19926900000048 	30000068816 87257015066 2890249 	29997178567 2890249 0 0 0 	85319270 2890249 0 	452.73 	3 	124
19952400000000 19952500000048 	30200068912 87840840176 2927676 	30197141236 2927676 0 0 0 	86425404 2927676 0 	452.992 	3 	124
19978000000000 19978100000048 	30400069008 88424670110 2965120 	30397103888 2965120 0 0 0 	87535821 2965120 0 	453.25 	3 	124
