16113700000000 16113800000476 	200000952 579714973 32624 	199968328 32624 0 0 0 	964794 32624 0 	492 	3 	137
16139300000000 16139400000011 	400000974 1159489664 64791 	399936183 64791 0 0 0 	1904063 64791 0 	490.495 	3 	137
16164900000000 16165000000011 	600000996 1739234201 96300 	599904696 96300 0 0 0 	2832952 96300 0 	489.996 	3 	137
16190500000000 16190600000011 	800001018 2319023398 127611 	799873407 127611 0 0 0 	3756264 127611 0 	489.747 	3 	137
16216100000000 16216200000011 	1000001040 2898865391 158372 	999842668 158372 0 0 0 	4659352 158372 0 	489.597 	3 	137
16241700000000 16241800000011 	1200001062 3478729371 188952 	1199812110 188952 0 0 0 	5558148 188952 0 	489.497 	3 	137
16267300000000 16267400000210 	1400001482 4058607165 219087 	1399782395 219087 0 0 0 	6449189 219087 0 	488.85 	3 	137
16292900000000 16293000000210 	1600001902 4638535154 248597 	1599753305 248597 0 0 0 	7325095 248597 0 	488.365 	3 	137
16318500000000 16318600000210 	1800002322 5218496971 277961 	1799724361 277961 0 0 0 	8176782 277961 0 	487.989 	3 	137
16344100000000 16344200000210 	2000002742 5798460534 306689 	1999696053 306689 0 0 0 	9025559 306689 0 	487.689 	3 	137
16369700000000 16369800000381 	2200003504 6378439139 335229 	2199668275 335229 0 0 0 	9867064 335229 0 	487.073 	3 	137
16395300000000 16395400000381 	2400004266 6958459995 363422 	2399640844 363422 0 0 0 	10686706 363422 0 	486.561 	3 	137
16420900000000 16421000000381 	2600005028 7538494127 391341 	2599613687 391341 0 0 0 	11501507 391341 0 	486.129 	3 	137
16446500000000 16446600000381 	2800005790 8118635410 418796 	2799586994 418796 0 0 0 	12310645 418796 0 	485.759 	3 	137
16472100000000 16472200000381 	3000006552 8698682991 445854 	2999560698 445854 0 0 0 	13108136 445854 0 	485.438 	3 	137
16497700000000 16497800000468 	3200007488 9278896013 472744 	3199534744 472744 0 0 0 	13898811 472744 0 	484.967 	3 	137
16523300000000 16523400000468 	3400008424 9859080195 499051 	3399509373 499051 0 0 0 	14678215 499051 0 	484.551 	3 	137
16548900000000 16549000000468 	3600009360 10439325729 524851 	3599484509 524851 0 0 0 	15435564 524851 0 	484.183 	3 	137
16574500000000 16574600000468 	3800010296 11019487008 550227 	3799460069 550227 0 0 0 	16178130 550227 0 	483.853 	3 	137
16600100000000 16600200000468 	4000011232 11599733477 575653 	3999435579 575653 0 0 0 	16932034 575653 0 	483.557 	3 	137
16625700000000 16625800000254 	4200011740 12179967066 600336 	4199411404 600336 0 0 0 	17650757 600336 0 	483.093 	3 	137
16651300000000 16651400000254 	4400012248 12760317044 624873 	4399387375 624873 0 0 0 	18368384 624873 0 	482.672 	3 	137
16676900000000 16677000000254 	4600012756 13340695354 649280 	4599363476 649280 0 0 0 	19085261 649280 0 	482.289 	3 	137
16702500000000 16702600000254 	4800013264 13921037458 673130 	4799340134 673130 0 0 0 	19793983 673130 0 	481.938 	3 	137
16728100000000 16728200000254 	5000013772 14501424356 696691 	4999317081 696691 0 0 0 	20478942 696691 0 	481.615 	3 	137
16753700000000 16753800000365 	5200014502 15081856615 719942 	5199294560 719942 0 0 0 	21167274 719942 0 	481.198 	3 	137
16779300000000 16779400000365 	5400015232 15662274804 742780 	5399272452 742780 0 0 0 	21839790 742780 0 	480.812 	3 	137
16804900000000 16805000000365 	5600015962 16242707010 765409 	5599250553 765409 0 0 0 	22511751 765409 0 	480.455 	3 	137
16830500000000 16830600000365 	5800016692 16823115092 787386 	5799229306 787386 0 0 0 	23160853 787386 0 	480.123 	3 	137
16856100000000 16856200000368 	6000017428 17403618596 809400 	5999208028 809400 0 0 0 	23817986 809400 0 	479.708 	3 	137
16881700000000 16881800000368 	6200018164 17984076568 830817 	6199187347 830817 0 0 0 	24451315 830817 0 	479.322 	3 	137
16907300000000 16907400000368 	6400018900 18564572055 852148 	6399166752 852148 0 0 0 	25078627 852148 0 	478.959 	3 	137
16932900000000 16933000000368 	6600019636 19145138886 873268 	6599146368 873268 0 0 0 	25697350 873268 0 	478.62 	3 	137
16958500000000 16958600000368 	6800020372 19725735254 893956 	6799126416 893956 0 0 0 	26301046 893956 0 	478.301 	3 	137
16984100000000 16984200000352 	7000021076 20306362819 914514 	6999106562 914514 0 0 0 	26906756 914514 0 	477.88 	3 	137
17009700000000 17009800000352 	7200021780 20887076483 934644 	7199087136 934644 0 0 0 	27501349 934644 0 	477.483 	3 	137
17035300000000 17035400000352 	7400022484 21467740133 954892 	7399067592 954892 0 0 0 	28094613 954892 0 	477.108 	3 	137
17060900000000 17061000000352 	7600023188 22048421206 974578 	7599048610 974578 0 0 0 	28667546 974578 0 	476.754 	3 	137
17086500000000 17086600000352 	7800023892 22629141656 994035 	7799029857 994035 0 0 0 	29242051 994035 0 	476.418 	3 	137
17112100000000 17112200000120 	8000024132 23209904640 1013180 	7999010952 1013180 0 0 0 	29809331 1013180 0 	476.02 	3 	137
17137700000000 17137800000120 	8200024372 23790744612 1032052 	8198992320 1032052 0 0 0 	30363758 1032052 0 	475.642 	3 	137
17163300000000 17163400000120 	8400024612 24371577200 1050828 	8398973784 1050828 0 0 0 	30919796 1050828 0 	475.283 	3 	137
17188900000000 17189000000120 	8600024852 24952371121 1069408 	8598955444 1069408 0 0 0 	31469003 1069408 0 	474.94 	3 	137
17214500000000 17214600000178 	8800025208 25533164139 1087546 	8798937662 1087546 0 0 0 	32004472 1087546 0 	474.542 	3 	137
17240100000000 17240200000178 	9000025564 26114076735 1105383 	8998920181 1105383 0 0 0 	32529402 1105383 0 	474.161 	3 	137
17265700000000 17265800000178 	9200025920 26694982649 1122939 	9198902981 1122939 0 0 0 	33047578 1122939 0 	473.798 	3 	137
17291300000000 17291400000178 	9400026276 27275875072 1140337 	9398885939 1140337 0 0 0 	33557821 1140337 0 	473.45 	3 	137
17316900000000 17317000000178 	9600026632 27856864641 1157623 	9598869009 1157623 0 0 0 	34065305 1157623 0 	473.118 	3 	137
17342500000000 17342600000355 	9800027342 28437800050 1174406 	9798852936 1174406 0 0 0 	34557584 1174406 0 	472.733 	3 	137
17368100000000 17368200000355 	10000028052 29018844845 1191201 	9998836851 1191201 0 0 0 	35053612 1191201 0 	472.365 	3 	137
17393700000000 17393800000355 	10200028762 29599935162 1207757 	10198821005 1207757 0 0 0 	35539332 1207757 0 	472.012 	3 	137
17419300000000 17419400000355 	10400029472 30180994066 1224080 	10398805392 1224080 0 0 0 	36014586 1224080 0 	471.673 	3 	137
17444900000000 17445000000355 	10600030182 30762105847 1240335 	10598789847 1240335 0 0 0 	36494909 1240335 0 	471.347 	3 	137
17470500000000 17470600000230 	10800030642 31343266645 1256286 	10798774356 1256286 0 0 0 	36966234 1256286 0 	470.954 	3 	137
17496100000000 17496200000230 	11000031102 31924446524 1271997 	10998759105 1271997 0 0 0 	37429175 1271997 0 	470.575 	3 	137
17521700000000 17521800000230 	11200031562 32505626094 1287628 	11198743934 1287628 0 0 0 	37894852 1287628 0 	470.211 	3 	137
17547300000000 17547400000230 	11400032022 33086856159 1303036 	11398728986 1303036 0 0 0 	38345163 1303036 0 	469.859 	3 	137
17572900000000 17573000000230 	11600032482 33668104144 1318076 	11598714406 1318076 0 0 0 	38791388 1318076 0 	469.521 	3 	137
17598500000000 17598600000320 	11800033122 34249414617 1332845 	11798700277 1332845 0 0 0 	39223781 1332845 0 	469.139 	3 	137
17624100000000 17624200000320 	12000033762 34830719612 1347381 	11998686381 1347381 0 0 0 	39647159 1347381 0 	468.77 	3 	137
17649700000000 17649800000320 	12200034402 35412035074 1361656 	12198672746 1361656 0 0 0 	40065526 1361656 0 	468.414 	3 	137
17675300000000 17675400000320 	12400035042 35993357276 1375857 	12398659185 1375857 0 0 0 	40481663 1375857 0 	468.07 	3 	137
17700900000000 17701000000400 	12600035842 36574774854 1389813 	12598646029 1389813 0 0 0 	40896529 1389813 0 	467.685 	3 	137
17726500000000 17726600000400 	12800036642 37156159903 1403826 	12798632816 1403826 0 0 0 	41311040 1403826 0 	467.313 	3 	137
17752100000000 17752200000400 	13000037442 37737550445 1417456 	12998619986 1417456 0 0 0 	41706803 1417456 0 	466.953 	3 	137
17777700000000 17777800000400 	13200038242 38318970674 1430834 	13198607408 1430834 0 0 0 	42096465 1430834 0 	466.604 	3 	137
17803300000000 17803400000400 	13400039042 38900427914 1444128 	13398594914 1444128 0 0 0 	42485800 1444128 0 	466.266 	3 	137
17828900000000 17829000000290 	13600039622 39481971626 1457312 	13598582310 1457312 0 0 0 	42877364 1457312 0 	465.89 	3 	137
17854500000000 17854600000290 	13800040202 40063512485 1470264 	13798569938 1470264 0 0 0 	43260835 1470264 0 	465.526 	3 	137
17880100000000 17880200000290 	14000040782 40645120367 1483095 	13998557687 1483095 0 0 0 	43641823 1483095 0 	465.172 	3 	137
17905700000000 17905800000290 	14200041362 41226815898 1495849 	14198545513 1495849 0 0 0 	44019405 1495849 0 	464.829 	3 	137
17931300000000 17931400000290 	14400041942 41808390383 1508311 	14398533631 1508311 0 0 0 	44385122 1508311 0 	464.495 	3 	137
17956900000000 17957000000249 	14600042440 42389989310 1520525 	14598521915 1520525 0 0 0 	44749015 1520525 0 	464.126 	3 	137
17982500000000 17982600000249 	14800042938 42971651258 1532604 	14798510334 1532604 0 0 0 	45101581 1532604 0 	463.767 	3 	137
18008100000000 18008200000249 	15000043436 43553293759 1544623 	14998498813 1544623 0 0 0 	45450897 1544623 0 	463.419 	3 	137
18033700000000 18033800000249 	15200043934 44134964653 1556249 	15198487685 1556249 0 0 0 	45796013 1556249 0 	463.08 	3 	137
18059300000000 18059400000249 	15400044432 44716711394 1567911 	15398476521 1567911 0 0 0 	46143469 1567911 0 	462.75 	3 	137
18084900000000 18085000000088 	15600044608 45298515768 1579293 	15598465315 1579293 0 0 0 	46476939 1579293 0 	462.387 	3 	137
18110500000000 18110600000088 	15800044784 45880312489 1590768 	15798454016 1590768 0 0 0 	46816802 1590768 0 	462.033 	3 	137
18136100000000 18136200000088 	16000044960 46462087285 1601937 	15998443023 1601937 0 0 0 	47149384 1601937 0 	461.688 	3 	137
18161700000000 18161800000088 	16200045136 47043945039 1612913 	16198432223 1612913 0 0 0 	47474396 1612913 0 	461.352 	3 	137
18187300000000 18187400000110 	16400045356 47625833239 1623763 	16398421593 1623763 0 0 0 	47795229 1623763 0 	460.998 	3 	137
18212900000000 18213000000110 	16600045576 48207699903 1634535 	16598411041 1634535 0 0 0 	48111323 1634535 0 	460.653 	3 	137
18238500000000 18238600000110 	16800045796 48789634560 1645134 	16798400662 1645134 0 0 0 	48426529 1645134 0 	460.316 	3 	137
18264100000000 18264200000110 	17000046016 49371508791 1655420 	16998390596 1655420 0 0 0 	48729257 1655420 0 	459.988 	3 	137
18289700000000 18289800000110 	17200046236 49953444133 1665401 	17198380835 1665401 0 0 0 	49023316 1665401 0 	459.668 	3 	137
18315300000000 18315400000189 	17400046614 50535448006 1675462 	17398371152 1675462 0 0 0 	49322263 1675462 0 	459.317 	3 	137
18340900000000 18341000000189 	17600046992 51117469300 1685476 	17598361516 1685476 0 0 0 	49616870 1685476 0 	458.974 	3 	137
18366500000000 18366600000189 	17800047370 51699482353 1695153 	17798352217 1695153 0 0 0 	49900730 1695153 0 	458.64 	3 	137
18392100000000 18392200000189 	18000047748 52281542904 1704826 	17998342922 1704826 0 0 0 	50186142 1704826 0 	458.313 	3 	137
18417700000000 18417800000189 	18200048126 52863566531 1714334 	18198333792 1714334 0 0 0 	50469042 1714334 0 	457.994 	3 	137
18443300000000 18443400000060 	18400048246 53445723790 1723829 	18398324417 1723829 0 0 0 	50751646 1723829 0 	457.646 	3 	137
18468900000000 18469000000060 	18600048366 54027857297 1733216 	18598315150 1733216 0 0 0 	51029860 1733216 0 	457.305 	3 	137
18494500000000 18494600000060 	18800048486 54609984285 1742425 	18798306061 1742425 0 0 0 	51300528 1742425 0 	456.972 	3 	137
18520100000000 18520200000060 	19000048606 55192121742 1751329 	18998297277 1751329 0 0 0 	51563561 1751329 0 	456.647 	3 	137
18545700000000 18545800000060 	19200048726 55774374688 1760177 	19198288549 1760177 0 0 0 	51819104 1760177 0 	456.329 	3 	137
18571300000000 18571400000375 	19400049476 56356689500 1769189 	19398280287 1769189 0 0 0 	52087658 1769189 0 	455.982 	3 	137
18596900000000 18597000000375 	19600050226 56938908893 1777880 	19598272346 1777880 0 0 0 	52341493 1777880 0 	455.643 	3 	137
18622500000000 18622600000375 	19800050976 57521179063 1786399 	19798264577 1786399 0 0 0 	52591559 1786399 0 	455.312 	3 	137
18648100000000 18648200000375 	20000051726 58103549121 1794956 	19998256770 1794956 0 0 0 	52843016 1794956 0 	454.987 	3 	137
18673700000000 18673800000074 	20200051874 58685907559 1803129 	20198248745 1803129 0 0 0 	53086444 1803129 0 	454.635 	3 	137
18699300000000 18699400000074 	20400052022 59268318209 1811296 	20398240726 1811296 0 0 0 	53327378 1811296 0 	454.291 	3 	137
18724900000000 18725000000074 	20600052170 59850687735 1819422 	20598232748 1819422 0 0 0 	53567864 1819422 0 	453.954 	3 	137
18750500000000 18750600000074 	20800052318 60433046200 1827486 	20798224832 1827486 0 0 0 	53804894 1827486 0 	453.623 	3 	137
18776100000000 18776200000074 	21000052466 61015517689 1835356 	20998217110 1835356 0 0 0 	54034458 1835356 0 	453.3 	3 	137
18801700000000 18801800000320 	21200053106 61598038185 1843131 	21198209975 1843131 0 0 0 	54261218 1843131 0 	452.961 	3 	137
18827300000000 18827400000320 	21400053746 62180532539 1850807 	21398202939 1850807 0 0 0 	54488937 1850807 0 	452.629 	3 	137
18852900000000 18853000000320 	21600054386 62763013423 1858264 	21598196122 1858264 0 0 0 	54709546 1858264 0 	452.304 	3 	137
18878500000000 18878600000320 	21800055026 63345541047 1865664 	21798189362 1865664 0 0 0 	54931377 1865664 0 	451.985 	3 	137
18904100000000 18904200000320 	22000055666 63928090338 1873046 	21998182620 1873046 0 0 0 	55149863 1873046 0 	451.672 	3 	137
18929700000000 18929800000353 	22200056372 64510719033 1880241 	22198176131 1880241 0 0 0 	55358884 1880241 0 	451.334 	3 	137
18955300000000 18955400000353 	22400057078 65093293124 1887317 	22398169761 1887317 0 0 0 	55567398 1887317 0 	451.002 	3 	137
18980900000000 18981000000353 	22600057784 65675959344 1894602 	22598163182 1894602 0 0 0 	55784143 1894602 0 	450.677 	3 	137
19006500000000 19006600000353 	22800058490 66258585857 1901574 	22798156916 1901574 0 0 0 	55989601 1901574 0 	450.358 	3 	137
19032100000000 19032200000044 	23000058578 66841284625 1908677 	22998149901 1908677 0 0 0 	56202447 1908677 0 	450.015 	3 	137
19057700000000 19057800000044 	23200058666 67424010586 1915506 	23198143160 1915506 0 0 0 	56405284 1915506 0 	449.677 	3 	137
19083300000000 19083400000044 	23400058754 68006804075 1922300 	23398136454 1922300 0 0 0 	56605565 1922300 0 	449.346 	3 	137
19108900000000 19109000000044 	23600058842 68589531745 1928849 	23598129993 1928849 0 0 0 	56799522 1928849 0 	449.021 	3 	137
19134500000000 19134600000044 	23800058930 69172285464 1935656 	23798123274 1935656 0 0 0 	57003061 1935656 0 	448.702 	3 	137
19160100000000 19160200000228 	24000059386 69755102738 1942111 	23998117275 1942111 0 0 0 	57194696 1942111 0 	448.37 	3 	137
19185700000000 19185800000228 	24200059842 70337957483 1948498 	24198111344 1948498 0 0 0 	57386371 1948498 0 	448.043 	3 	137
19211300000000 19211400000228 	24400060298 70920835650 1955002 	24398105296 1955002 0 0 0 	57579345 1955002 0 	447.722 	3 	137
19236900000000 19237000000228 	24600060754 71503709238 1961229 	24598099525 1961229 0 0 0 	57762898 1961229 0 	447.406 	3 	137
19262500000000 19262600000228 	24800061210 72086617452 1967162 	24798094048 1967162 0 0 0 	57937687 1967162 0 	447.096 	3 	137
19288100000000 19288200000091 	25000061392 72669587132 1973194 	24998088198 1973194 0 0 0 	58116976 1973194 0 	446.764 	3 	137
19313700000000 19313800000091 	25200061574 73252617064 1979108 	25198082466 1979108 0 0 0 	58296706 1979108 0 	446.436 	3 	137
19339300000000 19339400000091 	25400061756 73835627471 1985046 	25398076710 1985046 0 0 0 	58471291 1985046 0 	446.115 	3 	137
19364900000000 19365000000091 	25600061938 74418693897 1990904 	25598071034 1990904 0 0 0 	58647051 1990904 0 	445.799 	3 	137
19390500000000 19390600000091 	25800062120 75001693270 1996639 	25798065481 1996639 0 0 0 	58815471 1996639 0 	445.488 	3 	137
19416100000000 19416200000308 	26000062736 75585135216 2043811 	25998018925 2043811 0 0 0 	60212467 2043811 0 	445.91 	3 	137
19441700000000 19441800000308 	26200063352 76168552611 2090223 	26197973129 2090223 0 0 0 	61594265 2090223 0 	446.327 	3 	137
19467300000000 19467400000308 	26400063968 76751911073 2136488 	26397927480 2136488 0 0 0 	62964489 2136488 0 	446.738 	3 	137
19492900000000 19493000000308 	26600064584 77335373571 2181965 	26597882619 2181965 0 0 0 	64309634 2181965 0 	447.143 	3 	137
19518500000000 19518600000308 	26800065200 77918875463 2227401 	26797837799 2227401 0 0 0 	65647629 2227401 0 	447.543 	3 	137
19544100000000 19544200000308 	27000065816 78502418049 2272091 	26997793725 2272091 0 0 0 	66976711 2272091 0 	447.938 	3 	137
19569700000000 19569800000152 	27200066120 79085925763 2316441 	27197749679 2316441 0 0 0 	68287333 2316441 0 	448.305 	3 	137
19595300000000 19595400000152 	27400066424 79669454184 2360094 	27397706330 2360094 0 0 0 	69570808 2360094 0 	448.667 	3 	137
19620900000000 19621000000152 	27600066728 80253038533 2403812 	27597662916 2403812 0 0 0 	70867130 2403812 0 	449.024 	3 	137
19646500000000 19646600000152 	27800067032 80836606427 2446697 	27797620335 2446697 0 0 0 	72124949 2446697 0 	449.376 	3 	137
19672100000000 19672200000152 	28000067336 81420250543 2488956 	27997578380 2488956 0 0 0 	73374106 2488956 0 	449.725 	3 	137
19697700000000 19697800000152 	28200067640 82003865783 2531075 	28197536565 2531075 0 0 0 	74612399 2531075 0 	450.068 	3 	137
19723300000000 19723400000000 	28400067640 82587568020 2572741 	28397494899 2572741 0 0 0 	75852895 2572741 0 	450.385 	3 	137
19748900000000 19749000000000 	28600067640 83171291946 2613778 	28597453862 2613778 0 0 0 	77068278 2613778 0 	450.698 	3 	137
19774500000000 19774600000000 	28800067640 83755005675 2654455 	28797413185 2654455 0 0 0 	78270550 2654455 0 	451.007 	3 	137
19800100000000 19800200000000 	29000067640 84338774557 2694826 	28997372814 2694826 0 0 0 	79459065 2694826 0 	451.312 	3 	137
19825700000000 19825800000000 	29200067640 84922437363 2734806 	29197332834 2734806 0 0 0 	80643384 2734806 0 	451.613 	3 	137
19851300000000 19851400000048 	29400067736 85506190680 2774160 	29397293576 2774160 0 0 0 	81806014 2774160 0 	451.888 	3 	137
19876900000000 19877000000048 	29600067832 86089935998 2812821 	29597255011 2812821 0 0 0 	82935081 2812821 0 	452.16 	3 	137
19902500000000 19902600000048 	29800067928 86673703680 2851071 	29797216857 2851071 0 0 0 	84067812 2851071 0 	452.428 	3 	137
19928100000000 19928200000048 	30000068024 87257469782 2889088 	29997178936 2889088 0 0 0 	85202545 2889088 0 	452.693 	3 	137
19953700000000 19953800000048 	30200068120 87841284212 2926818 	30197141302 2926818 0 0 0 	86310637 2926818 0 	452.955 	3 	137
19979300000000 19979400000048 	30400068216 88425176767 2964032 	30397104184 2964032 0 0 0 	87399273 2964032 0 	453.214 	3 	137
