16114000000000 16114100000476 	200000952 579705471 32628 	199968324 32628 0 0 0 	957098 32628 0 	492 	3 	140
16139600000000 16139700000011 	400000974 1159485685 64563 	399936411 64563 0 0 0 	1897129 64563 0 	490.495 	3 	140
16165200000000 16165300000011 	600000996 1739266194 96408 	599904588 96408 0 0 0 	2830664 96408 0 	489.996 	3 	140
16190800000000 16190900000011 	800001018 2319125627 127761 	799873257 127761 0 0 0 	3751958 127761 0 	489.747 	3 	140
16216400000000 16216500000011 	1000001040 2898970217 158443 	999842597 158443 0 0 0 	4645907 158443 0 	489.597 	3 	140
16242000000000 16242100000011 	1200001062 3478835126 188846 	1199812216 188846 0 0 0 	5532153 188846 0 	489.497 	3 	140
16267600000000 16267700000210 	1400001482 4058753659 218883 	1399782599 218883 0 0 0 	6412118 218883 0 	488.85 	3 	140
16293200000000 16293300000210 	1600001902 4638630457 248583 	1599753319 248583 0 0 0 	7282750 248583 0 	488.365 	3 	140
16318800000000 16318900000210 	1800002322 5218544435 277978 	1799724344 277978 0 0 0 	8144304 277978 0 	487.989 	3 	140
16344400000000 16344500000210 	2000002742 5798522814 306691 	1999696051 306691 0 0 0 	8991300 306691 0 	487.689 	3 	140
16370000000000 16370100000381 	2200003504 6378459558 335176 	2199668328 335176 0 0 0 	9826177 335176 0 	487.073 	3 	140
16395600000000 16395700000381 	2400004266 6958508601 363321 	2399640945 363321 0 0 0 	10652082 363321 0 	486.561 	3 	140
16421200000000 16421300000381 	2600005028 7538544192 390743 	2599614285 390743 0 0 0 	11457079 390743 0 	486.129 	3 	140
16446800000000 16446900000381 	2800005790 8118658625 418261 	2799587529 418261 0 0 0 	12269827 418261 0 	485.759 	3 	140
16472400000000 16472500000381 	3000006552 8698794708 444937 	2999561615 444937 0 0 0 	13058222 444937 0 	485.438 	3 	140
16498000000000 16498100000468 	3200007488 9278930546 471510 	3199535978 471510 0 0 0 	13835938 471510 0 	484.967 	3 	140
16523600000000 16523700000468 	3400008424 9859122842 497879 	3399510545 497879 0 0 0 	14615870 497879 0 	484.551 	3 	140
16549200000000 16549300000468 	3600009360 10439236108 523499 	3599485861 523499 0 0 0 	15367428 523499 0 	484.183 	3 	140
16574800000000 16574900000468 	3800010296 11019443440 549052 	3799461244 549052 0 0 0 	16113668 549052 0 	483.853 	3 	140
16600400000000 16600500000468 	4000011232 11599643914 574554 	3999436678 574554 0 0 0 	16868177 574554 0 	483.557 	3 	140
16626000000000 16626100000254 	4200011740 12179926467 599233 	4199412507 599233 0 0 0 	17596199 599233 0 	483.093 	3 	140
16651600000000 16651700000254 	4400012248 12760202107 623611 	4399388637 623611 0 0 0 	18312454 623611 0 	482.672 	3 	140
16677200000000 16677300000254 	4600012756 13340516761 647670 	4599365086 647670 0 0 0 	19010560 647670 0 	482.289 	3 	140
16702800000000 16702900000254 	4800013264 13920870964 671309 	4799341955 671309 0 0 0 	19705898 671309 0 	481.938 	3 	140
16728400000000 16728500000365 	5000013994 14501242492 694701 	4999319293 694701 0 0 0 	20393310 694701 0 	481.49 	3 	140
16754000000000 16754100000365 	5200014724 15081648263 717927 	5199296797 717927 0 0 0 	21078547 717927 0 	481.078 	3 	140
16779600000000 16779700000365 	5400015454 15662087321 740551 	5399274903 740551 0 0 0 	21749531 740551 0 	480.697 	3 	140
16805200000000 16805300000365 	5600016184 16242532277 762935 	5599253249 762935 0 0 0 	22406270 762935 0 	480.344 	3 	140
16830800000000 16830900000365 	5800016914 16822995980 785228 	5799231686 785228 0 0 0 	23069365 785228 0 	480.016 	3 	140
16856400000000 16856500000368 	6000017650 17403490278 807322 	5999210328 807322 0 0 0 	23717127 807322 0 	479.605 	3 	140
16882000000000 16882100000368 	6200018386 17984023131 828914 	6199189472 828914 0 0 0 	24349039 828914 0 	479.222 	3 	140
16907600000000 16907700000368 	6400019122 18564583345 850298 	6399168824 850298 0 0 0 	24975060 850298 0 	478.863 	3 	140
16933200000000 16933300000368 	6600019858 19145188941 871201 	6599148657 871201 0 0 0 	25588843 871201 0 	478.527 	3 	140
16958800000000 16958900000368 	6800020594 19725808404 891951 	6799128643 891951 0 0 0 	26191450 891951 0 	478.21 	3 	140
16984400000000 16984500000352 	7000021298 20306451433 912594 	6999108704 912594 0 0 0 	26800169 912594 0 	477.792 	3 	140
17010000000000 17010100000352 	7200022002 20887059409 932817 	7199089185 932817 0 0 0 	27397601 932817 0 	477.398 	3 	140
17035600000000 17035700000352 	7400022706 21467701290 952844 	7399069862 952844 0 0 0 	27988415 952844 0 	477.026 	3 	140
17061200000000 17061300000352 	7600023410 22048385641 972554 	7599050856 972554 0 0 0 	28562909 972554 0 	476.674 	3 	140
17086800000000 17086900000352 	7800024114 22629080035 992009 	7799032105 992009 0 0 0 	29133307 992009 0 	476.34 	3 	140
17112400000000 17112500000120 	8000024354 23209863637 1011220 	7999013134 1011220 0 0 0 	29700324 1011220 0 	475.944 	3 	140
17138000000000 17138100000120 	8200024594 23790641482 1030228 	8198994366 1030228 0 0 0 	30258304 1030228 0 	475.568 	3 	140
17163600000000 17163700000120 	8400024834 24371465546 1048709 	8398976125 1048709 0 0 0 	30808414 1048709 0 	475.21 	3 	140
17189200000000 17189300000120 	8600025074 24952346199 1067405 	8598957669 1067405 0 0 0 	31359723 1067405 0 	474.87 	3 	140
17214800000000 17214900000178 	8800025430 25533244972 1085676 	8798939754 1085676 0 0 0 	31905204 1085676 0 	474.473 	3 	140
17240400000000 17240500000178 	9000025786 26114181380 1103570 	8998922216 1103570 0 0 0 	32435189 1103570 0 	474.094 	3 	140
17266000000000 17266100000178 	9200026142 26695134544 1121131 	9198905011 1121131 0 0 0 	32945267 1121131 0 	473.732 	3 	140
17291600000000 17291700000178 	9400026498 27276031726 1138541 	9398887957 1138541 0 0 0 	33453411 1138541 0 	473.386 	3 	140
17317200000000 17317300000178 	9600026854 27857002977 1155692 	9598871162 1155692 0 0 0 	33953587 1155692 0 	473.055 	3 	140
17342800000000 17342900000355 	9800027564 28437964082 1172570 	9798854994 1172570 0 0 0 	34457275 1172570 0 	472.672 	3 	140
17368400000000 17368500000355 	10000028274 29019020796 1189196 	9998839078 1189196 0 0 0 	34944159 1189196 0 	472.305 	3 	140
17394000000000 17394100000355 	10200028984 29600133408 1205605 	10198823379 1205605 0 0 0 	35429438 1205605 0 	471.953 	3 	140
17419600000000 17419700000355 	10400029694 30181161044 1221850 	10398807844 1221850 0 0 0 	35907482 1221850 0 	471.615 	3 	140
17445200000000 17445300000355 	10600030404 30762289603 1237741 	10598792663 1237741 0 0 0 	36382116 1237741 0 	471.291 	3 	140
17470800000000 17470900000230 	10800030864 31343356186 1253420 	10798777444 1253420 0 0 0 	36843026 1253420 0 	470.898 	3 	140
17496400000000 17496500000230 	11000031324 31924488875 1268805 	10998762519 1268805 0 0 0 	37293280 1268805 0 	470.521 	3 	140
17522000000000 17522100000230 	11200031784 32505664528 1283921 	11198747863 1283921 0 0 0 	37735818 1283921 0 	470.157 	3 	140
17547600000000 17547700000230 	11400032244 33086868009 1299065 	11398733179 1299065 0 0 0 	38178835 1299065 0 	469.807 	3 	140
17573200000000 17573300000230 	11600032704 33668076337 1313834 	11598718870 1313834 0 0 0 	38618672 1313834 0 	469.47 	3 	140
17598800000000 17598900000320 	11800033344 34249356337 1328751 	11798704593 1328751 0 0 0 	39057500 1328751 0 	469.089 	3 	140
17624400000000 17624500000320 	12000033984 34830702709 1343267 	11998690717 1343267 0 0 0 	39482211 1343267 0 	468.721 	3 	140
17650000000000 17650100000320 	12200034624 35412020264 1357547 	12198677077 1357547 0 0 0 	39905652 1357547 0 	468.366 	3 	140
17675600000000 17675700000320 	12400035264 35993345608 1371733 	12398663531 1371733 0 0 0 	40323574 1371733 0 	468.023 	3 	140
17701200000000 17701300000400 	12600036064 36574690559 1385816 	12598650248 1385816 0 0 0 	40736648 1385816 0 	467.639 	3 	140
17726800000000 17726900000400 	12800036864 37156118516 1399474 	12798637390 1399474 0 0 0 	41137894 1399474 0 	467.267 	3 	140
17752400000000 17752500000400 	13000037664 37737541550 1412919 	12998624745 1412919 0 0 0 	41529973 1412919 0 	466.908 	3 	140
17778000000000 17778100000400 	13200038464 38318993291 1426357 	13198612107 1426357 0 0 0 	41932334 1426357 0 	466.56 	3 	140
17803600000000 17803700000400 	13400039264 38900442972 1439550 	13398599714 1439550 0 0 0 	42321540 1439550 0 	466.223 	3 	140
17829200000000 17829300000290 	13600039844 39481946046 1452625 	13598587219 1452625 0 0 0 	42707434 1452625 0 	465.847 	3 	140
17854800000000 17854900000290 	13800040424 40063415499 1465559 	13798574865 1465559 0 0 0 	43088371 1465559 0 	465.483 	3 	140
17880400000000 17880500000290 	14000041004 40644993986 1478207 	13998562797 1478207 0 0 0 	43457030 1478207 0 	465.13 	3 	140
17906000000000 17906100000290 	14200041584 41226538144 1490763 	14198550821 1490763 0 0 0 	43830196 1490763 0 	464.788 	3 	140
17931600000000 17931700000290 	14400042164 41808155361 1503075 	14398539089 1503075 0 0 0 	44198393 1503075 0 	464.455 	3 	140
17957200000000 17957300000249 	14600042662 42389849664 1515393 	14598527269 1515393 0 0 0 	44560754 1515393 0 	464.087 	3 	140
17982800000000 17982900000249 	14800043160 42971522930 1527437 	14798515723 1527437 0 0 0 	44910481 1527437 0 	463.728 	3 	140
18008400000000 18008500000249 	15000043658 43553223471 1539282 	14998504376 1539282 0 0 0 	45262855 1539282 0 	463.38 	3 	140
18034000000000 18034100000249 	15200044156 44134950421 1551049 	15198493107 1551049 0 0 0 	45612166 1551049 0 	463.042 	3 	140
18059600000000 18059700000249 	15400044654 44716674214 1562712 	15398481942 1562712 0 0 0 	45955092 1562712 0 	462.713 	3 	140
18085200000000 18085300000088 	15600044830 45298490649 1574059 	15598470771 1574059 0 0 0 	46290076 1574059 0 	462.35 	3 	140
18110800000000 18110900000088 	15800045006 45880315232 1585498 	15798459508 1585498 0 0 0 	46624513 1585498 0 	461.996 	3 	140
18136400000000 18136500000088 	16000045182 46462104425 1596543 	15998448639 1596543 0 0 0 	46952286 1596543 0 	461.652 	3 	140
18162000000000 18162100000088 	16200045358 47043945392 1607556 	16198437802 1607556 0 0 0 	47277514 1607556 0 	461.317 	3 	140
18187600000000 18187700000110 	16400045578 47625791959 1618435 	16398427143 1618435 0 0 0 	47596917 1618435 0 	460.963 	3 	140
18213200000000 18213300000110 	16600045798 48207668510 1629143 	16598416655 1629143 0 0 0 	47912256 1629143 0 	460.619 	3 	140
18238800000000 18238900000110 	16800046018 48789571816 1639625 	16798406393 1639625 0 0 0 	48216635 1639625 0 	460.282 	3 	140
18264400000000 18264500000110 	17000046238 49371498366 1650275 	16998395963 1650275 0 0 0 	48531570 1650275 0 	459.955 	3 	140
18290000000000 18290100000110 	17200046458 49953490565 1660578 	17198385880 1660578 0 0 0 	48836298 1660578 0 	459.635 	3 	140
18315600000000 18315700000189 	17400046836 50535511667 1670942 	17398375894 1670942 0 0 0 	49141634 1670942 0 	459.284 	3 	140
18341200000000 18341300000189 	17600047214 51117555534 1680901 	17598366313 1680901 0 0 0 	49433347 1680901 0 	458.942 	3 	140
18366800000000 18366900000189 	17800047592 51699586863 1690701 	17798356891 1690701 0 0 0 	49722697 1690701 0 	458.608 	3 	140
18392400000000 18392500000189 	18000047970 52281624010 1700283 	17998347687 1700283 0 0 0 	50007455 1700283 0 	458.282 	3 	140
18418000000000 18418100000189 	18200048348 52863699987 1709840 	18198338508 1709840 0 0 0 	50288376 1709840 0 	457.963 	3 	140
18443600000000 18443700000060 	18400048468 53445833163 1719156 	18398329312 1719156 0 0 0 	50565692 1719156 0 	457.615 	3 	140
18469200000000 18469300000060 	18600048588 54027994009 1728628 	18598319960 1728628 0 0 0 	50846949 1728628 0 	457.275 	3 	140
18494800000000 18494900000060 	18800048708 54610220497 1737843 	18798310865 1737843 0 0 0 	51123668 1737843 0 	456.942 	3 	140
18520400000000 18520500000060 	19000048828 55192381130 1746772 	18998302056 1746772 0 0 0 	51393425 1746772 0 	456.617 	3 	140
18546000000000 18546100000060 	19200048948 55774635911 1755713 	19198293235 1755713 0 0 0 	51658893 1755713 0 	456.3 	3 	140
18571600000000 18571700000375 	19400049698 56356884489 1764458 	19398285240 1764458 0 0 0 	51914769 1764458 0 	455.953 	3 	140
18597200000000 18597300000375 	19600050448 56939191589 1773167 	19598277281 1773167 0 0 0 	52168550 1773167 0 	455.615 	3 	140
18622800000000 18622900000375 	19800051198 57521517451 1781833 	19798269365 1781833 0 0 0 	52423921 1781833 0 	455.284 	3 	140
18648400000000 18648500000375 	20000051948 58103851364 1790210 	19998261738 1790210 0 0 0 	52676317 1790210 0 	454.959 	3 	140
18674000000000 18674100000074 	20200052096 58686180042 1798500 	20198253596 1798500 0 0 0 	52920711 1798500 0 	454.608 	3 	140
18699600000000 18699700000074 	20400052244 59268535467 1806848 	20398245396 1806848 0 0 0 	53171078 1806848 0 	454.264 	3 	140
18725200000000 18725300000074 	20600052392 59850992452 1814992 	20598237400 1814992 0 0 0 	53412797 1814992 0 	453.927 	3 	140
18750800000000 18750900000074 	20800052540 60433438133 1823028 	20798229512 1823028 0 0 0 	53653140 1823028 0 	453.597 	3 	140
18776400000000 18776500000074 	21000052688 61015854856 1830900 	20998221788 1830900 0 0 0 	53887007 1830900 0 	453.274 	3 	140
18802000000000 18802100000320 	21200053328 61598306378 1838916 	21198214412 1838916 0 0 0 	54125350 1838916 0 	452.935 	3 	140
18827600000000 18827700000320 	21400053968 62180766706 1846568 	21398207400 1846568 0 0 0 	54351396 1846568 0 	452.603 	3 	140
18853200000000 18853300000320 	21600054608 62763245048 1854204 	21598200404 1854204 0 0 0 	54575196 1854204 0 	452.278 	3 	140
18878800000000 18878900000320 	21800055248 63345837022 1861711 	21798193537 1861711 0 0 0 	54798796 1861711 0 	451.96 	3 	140
18904400000000 18904500000320 	22000055888 63928410289 1869106 	21998186782 1869106 0 0 0 	55020974 1869106 0 	451.647 	3 	140
18930000000000 18930100000353 	22200056594 64510991976 1876313 	22198180281 1876313 0 0 0 	55233273 1876313 0 	451.309 	3 	140
18955600000000 18955700000353 	22400057300 65093616259 1883465 	22398173835 1883465 0 0 0 	55441195 1883465 0 	450.978 	3 	140
18981200000000 18981300000353 	22600058006 65676302181 1890571 	22598167435 1890571 0 0 0 	55652807 1890571 0 	450.653 	3 	140
19006800000000 19006900000353 	22800058712 66258934435 1897708 	22798161004 1897708 0 0 0 	55859550 1897708 0 	450.334 	3 	140
19032400000000 19032500000044 	23000058800 66841617305 1904587 	22998154213 1904587 0 0 0 	56058365 1904587 0 	449.991 	3 	140
19058000000000 19058100000044 	23200058888 67424313371 1911424 	23198147464 1911424 0 0 0 	56263330 1911424 0 	449.654 	3 	140
19083600000000 19083700000044 	23400058976 68007028823 1917985 	23398140991 1917985 0 0 0 	56459595 1917985 0 	449.323 	3 	140
19109200000000 19109300000044 	23600059064 68589848024 1924467 	23598134597 1924467 0 0 0 	56651708 1924467 0 	448.998 	3 	140
19134800000000 19134900000044 	23800059152 69172685335 1930948 	23798128204 1930948 0 0 0 	56845379 1930948 0 	448.68 	3 	140
19160400000000 19160500000228 	24000059608 69755513026 1937262 	23998122346 1937262 0 0 0 	57032460 1937262 0 	448.347 	3 	140
19186000000000 19186100000228 	24200060064 70338392775 1943694 	24198116370 1943694 0 0 0 	57221332 1943694 0 	448.02 	3 	140
19211600000000 19211700000228 	24400060520 70921223071 1949855 	24398110665 1949855 0 0 0 	57408145 1949855 0 	447.7 	3 	140
19237200000000 19237300000228 	24600060976 71504083887 1955969 	24598105007 1955969 0 0 0 	57590529 1955969 0 	447.384 	3 	140
19262800000000 19262900000228 	24800061432 72087053225 1962120 	24798099312 1962120 0 0 0 	57771555 1962120 0 	447.075 	3 	140
19288400000000 19288500000091 	25000061614 72669999316 1968045 	24998093569 1968045 0 0 0 	57944165 1968045 0 	446.742 	3 	140
19314000000000 19314100000091 	25200061796 73252968394 1974047 	25198087749 1974047 0 0 0 	58119313 1974047 0 	446.415 	3 	140
19339600000000 19339700000091 	25400061978 73835982049 1980081 	25398081897 1980081 0 0 0 	58298311 1980081 0 	446.094 	3 	140
19365200000000 19365300000091 	25600062160 74419010877 1985965 	25598076195 1985965 0 0 0 	58473907 1985965 0 	445.778 	3 	140
19390800000000 19390900000091 	25800062342 75002051254 1991658 	25798070684 1991658 0 0 0 	58641002 1991658 0 	445.467 	3 	140
19416400000000 19416500000308 	26000062958 75585403006 2039168 	25998023790 2039168 0 0 0 	60049153 2039168 0 	445.89 	3 	140
19442000000000 19442100000308 	26200063574 76168834436 2085929 	26197977645 2085929 0 0 0 	61428998 2085929 0 	446.306 	3 	140
19467600000000 19467700000308 	26400064190 76752278904 2132263 	26397931927 2132263 0 0 0 	62801611 2132263 0 	446.717 	3 	140
19493200000000 19493300000308 	26600064806 77335735518 2178176 	26597886630 2178176 0 0 0 	64146093 2178176 0 	447.123 	3 	140
19518800000000 19518900000308 	26800065422 77919217762 2223569 	26797841853 2223569 0 0 0 	65485212 2223569 0 	447.523 	3 	140
19544400000000 19544500000308 	27000066038 78502765933 2268459 	26997797579 2268459 0 0 0 	66810373 2268459 0 	447.918 	3 	140
19570000000000 19570100000152 	27200066342 79086266625 2312613 	27197753729 2312613 0 0 0 	68122935 2312613 0 	448.285 	3 	140
19595600000000 19595700000152 	27400066646 79669818486 2356219 	27397710427 2356219 0 0 0 	69412393 2356219 0 	448.647 	3 	140
19621200000000 19621300000152 	27600066950 80253475438 2399631 	27597667319 2399631 0 0 0 	70715070 2399631 0 	449.004 	3 	140
19646800000000 19646900000152 	27800067254 80837066159 2442467 	27797624787 2442467 0 0 0 	71976504 2442467 0 	449.357 	3 	140
19672400000000 19672500000152 	28000067558 81420697911 2484780 	27997582778 2484780 0 0 0 	73233615 2484780 0 	449.705 	3 	140
19698000000000 19698100000152 	28200067862 82004307899 2526471 	28197541391 2526471 0 0 0 	74460455 2526471 0 	450.049 	3 	140
19723600000000 19723700000000 	28400067862 82588018337 2567959 	28397499903 2567959 0 0 0 	75693801 2567959 0 	450.366 	3 	140
19749200000000 19749300000000 	28600067862 83171657679 2609199 	28597458663 2609199 0 0 0 	76913497 2609199 0 	450.679 	3 	140
19774800000000 19774900000000 	28800067862 83755307012 2649748 	28797418114 2649748 0 0 0 	78114179 2649748 0 	450.988 	3 	140
19800400000000 19800500000000 	29000067862 84339038308 2690209 	28997377653 2690209 0 0 0 	79313628 2690209 0 	451.293 	3 	140
19826000000000 19826100000000 	29200067862 84922781851 2730729 	29197337133 2730729 0 0 0 	80511310 2730729 0 	451.594 	3 	140
19851600000000 19851700000048 	29400067958 85506579504 2770130 	29397297828 2770130 0 0 0 	81673859 2770130 0 	451.869 	3 	140
19877200000000 19877300000048 	29600068054 86090373863 2809141 	29597258913 2809141 0 0 0 	82833551 2809141 0 	452.141 	3 	140
19902800000000 19902900000048 	29800068150 86674158787 2847638 	29797220512 2847638 0 0 0 	83977552 2847638 0 	452.41 	3 	140
19928400000000 19928500000048 	30000068246 87258009942 2885766 	29997182480 2885766 0 0 0 	85106472 2885766 0 	452.675 	3 	140
19954000000000 19954100000048 	30200068342 87841835053 2923618 	30197144724 2923618 0 0 0 	86222657 2923618 0 	452.937 	3 	140
19979600000000 19979700000048 	30400068438 88425692546 2961275 	30397107163 2961275 0 0 0 	87330799 2961275 0 	453.196 	3 	140
