16114400000000 16114500000476 	200000952 579726795 32560 	199968392 32560 0 0 0 	955350 32560 0 	492 	3 	144
16140000000000 16140100000011 	400000974 1159455378 64308 	399936666 64308 0 0 0 	1895257 64308 0 	490.495 	3 	144
16165600000000 16165700000011 	600000996 1739199585 96167 	599904829 96167 0 0 0 	2823276 96167 0 	489.996 	3 	144
16191200000000 16191300000011 	800001018 2318996511 127110 	799873908 127110 0 0 0 	3739466 127110 0 	489.747 	3 	144
16216800000000 16216900000011 	1000001040 2898843060 157705 	999843335 157705 0 0 0 	4639255 157705 0 	489.597 	3 	144
16242400000000 16242500000011 	1200001062 3478694762 187883 	1199813179 187883 0 0 0 	5522849 187883 0 	489.497 	3 	144
16268000000000 16268100000210 	1400001482 4058558891 218148 	1399783334 218148 0 0 0 	6415795 218148 0 	488.85 	3 	144
16293600000000 16293700000210 	1600001902 4638489373 247696 	1599754206 247696 0 0 0 	7285523 247696 0 	488.365 	3 	144
16319200000000 16319300000210 	1800002322 5218413728 276780 	1799725542 276780 0 0 0 	8141944 276780 0 	487.989 	3 	144
16344800000000 16344900000210 	2000002742 5798359470 305663 	1999697079 305663 0 0 0 	8992010 305663 0 	487.689 	3 	144
16370400000000 16370500000381 	2200003504 6378408173 334020 	2199669484 334020 0 0 0 	9825737 334020 0 	487.073 	3 	144
16396000000000 16396100000381 	2400004266 6958402414 362003 	2399642263 362003 0 0 0 	10647405 362003 0 	486.561 	3 	144
16421600000000 16421700000381 	2600005028 7538413236 389369 	2599615659 389369 0 0 0 	11446867 389369 0 	486.129 	3 	144
16447200000000 16447300000381 	2800005790 8118480753 416509 	2799589281 416509 0 0 0 	12238743 416509 0 	485.759 	3 	144
16472800000000 16472900000381 	3000006552 8698607996 443705 	2999562847 443705 0 0 0 	13050995 443705 0 	485.438 	3 	144
16498400000000 16498500000468 	3200007488 9278767677 470092 	3199537396 470092 0 0 0 	13824373 470092 0 	484.967 	3 	144
16524000000000 16524100000468 	3400008424 9858917772 496197 	3399512227 496197 0 0 0 	14590760 496197 0 	484.551 	3 	144
16549600000000 16549700000468 	3600009360 10439090251 522071 	3599487289 522071 0 0 0 	15354556 522071 0 	484.183 	3 	144
16575200000000 16575300000468 	3800010296 11019283874 547737 	3799462559 547737 0 0 0 	16112861 547737 0 	483.853 	3 	144
16600800000000 16600900000468 	4000011232 11599524507 572885 	3999438347 572885 0 0 0 	16850957 572885 0 	483.557 	3 	144
16626400000000 16626500000254 	4200011740 12179797135 597575 	4199414165 597575 0 0 0 	17571321 597575 0 	483.093 	3 	144
16652000000000 16652100000254 	4400012248 12760054884 622214 	4399390034 622214 0 0 0 	18298350 622214 0 	482.672 	3 	144
16677600000000 16677700000254 	4600012756 13340343740 646708 	4599366048 646708 0 0 0 	19015713 646708 0 	482.289 	3 	144
16703200000000 16703300000254 	4800013264 13920728419 670780 	4799342484 670780 0 0 0 	19722781 670780 0 	481.938 	3 	144
16728800000000 16728900000365 	5000013994 14501110597 694281 	4999319713 694281 0 0 0 	20408977 694281 0 	481.49 	3 	144
16754400000000 16754500000365 	5200014724 15081525833 717228 	5199297496 717228 0 0 0 	21090992 717228 0 	481.078 	3 	144
16780000000000 16780100000365 	5400015454 15661895538 740389 	5399275065 740389 0 0 0 	21764674 740389 0 	480.697 	3 	144
16805600000000 16805700000365 	5600016184 16242339789 762810 	5599253374 762810 0 0 0 	22418867 762810 0 	480.344 	3 	144
16831200000000 16831300000365 	5800016914 16822790328 784772 	5799232142 784772 0 0 0 	23057372 784772 0 	480.016 	3 	144
16856800000000 16856900000368 	6000017650 17403284842 806689 	5999210961 806689 0 0 0 	23715598 806689 0 	479.605 	3 	144
16882400000000 16882500000368 	6200018386 17983810715 828474 	6199189912 828474 0 0 0 	24357126 828474 0 	479.222 	3 	144
16908000000000 16908100000368 	6400019122 18564410397 850053 	6399169069 850053 0 0 0 	24997959 850053 0 	478.863 	3 	144
16933600000000 16933700000368 	6600019858 19144997373 871213 	6599148645 871213 0 0 0 	25615203 871213 0 	478.527 	3 	144
16959200000000 16959300000368 	6800020594 19725667401 891730 	6799128864 891730 0 0 0 	26227129 891730 0 	478.21 	3 	144
16984800000000 16984900000352 	7000021298 20306275519 912141 	6999109157 912141 0 0 0 	26830776 912141 0 	477.792 	3 	144
17010400000000 17010500000352 	7200022002 20886925843 932384 	7199089618 932384 0 0 0 	27428513 932384 0 	477.398 	3 	144
17036000000000 17036100000352 	7400022706 21467642736 952231 	7399070475 952231 0 0 0 	28013928 952231 0 	477.026 	3 	144
17061600000000 17061700000352 	7600023410 22048390130 971987 	7599051423 971987 0 0 0 	28598643 971987 0 	476.674 	3 	144
17087200000000 17087300000352 	7800024114 22629119904 991028 	7799033086 991028 0 0 0 	29165580 991028 0 	476.34 	3 	144
17112800000000 17112900000120 	8000024354 23209842105 1010323 	7999014031 1010323 0 0 0 	29731924 1010323 0 	475.944 	3 	144
17138400000000 17138500000120 	8200024594 23790670606 1029503 	8198995091 1029503 0 0 0 	30292987 1029503 0 	475.568 	3 	144
17164000000000 17164100000120 	8400024834 24371485581 1048071 	8398976763 1048071 0 0 0 	30841759 1048071 0 	475.21 	3 	144
17189600000000 17189700000120 	8600025074 24952370823 1066552 	8598958522 1066552 0 0 0 	31384193 1066552 0 	474.87 	3 	144
17215200000000 17215300000178 	8800025430 25533261950 1084651 	8798940779 1084651 0 0 0 	31921679 1084651 0 	474.473 	3 	144
17240800000000 17240900000178 	9000025786 26114127325 1102503 	8998923283 1102503 0 0 0 	32441793 1102503 0 	474.094 	3 	144
17266400000000 17266500000178 	9200026142 26695068111 1119974 	9198906168 1119974 0 0 0 	32955953 1119974 0 	473.732 	3 	144
17292000000000 17292100000178 	9400026498 27276015083 1137380 	9398889118 1137380 0 0 0 	33468606 1137380 0 	473.386 	3 	144
17317600000000 17317700000178 	9600026854 27857037702 1154596 	9598872258 1154596 0 0 0 	33981904 1154596 0 	473.055 	3 	144
17343200000000 17343300000355 	9800027564 28438035847 1171513 	9798856051 1171513 0 0 0 	34483389 1171513 0 	472.672 	3 	144
17368800000000 17368900000355 	10000028274 29019083030 1188094 	9998840180 1188094 0 0 0 	34971903 1188094 0 	472.305 	3 	144
17394400000000 17394500000355 	10200028984 29600175195 1204497 	10198824487 1204497 0 0 0 	35453141 1204497 0 	471.953 	3 	144
17420000000000 17420100000355 	10400029694 30181261179 1220814 	10398808880 1220814 0 0 0 	35928021 1220814 0 	471.615 	3 	144
17445600000000 17445700000355 	10600030404 30762392620 1236690 	10598793714 1236690 0 0 0 	36392614 1236690 0 	471.291 	3 	144
17471200000000 17471300000230 	10800030864 31343496035 1252908 	10798777956 1252908 0 0 0 	36873585 1252908 0 	470.898 	3 	144
17496800000000 17496900000230 	11000031324 31924665748 1268628 	10998762696 1268628 0 0 0 	37338417 1268628 0 	470.521 	3 	144
17522400000000 17522500000230 	11200031784 32505845559 1284227 	11198747557 1284227 0 0 0 	37799859 1284227 0 	470.157 	3 	144
17548000000000 17548100000230 	11400032244 33087086975 1299431 	11398732813 1299431 0 0 0 	38245752 1299431 0 	469.807 	3 	144
17573600000000 17573700000230 	11600032704 33668323197 1314348 	11598718356 1314348 0 0 0 	38691212 1314348 0 	469.47 	3 	144
17599200000000 17599300000320 	11800033344 34249552304 1329289 	11798704055 1329289 0 0 0 	39135784 1329289 0 	469.089 	3 	144
17624800000000 17624900000320 	12000033984 34830813890 1343749 	11998690235 1343749 0 0 0 	39560095 1343749 0 	468.721 	3 	144
17650400000000 17650500000320 	12200034624 35412164583 1358336 	12198676288 1358336 0 0 0 	39989590 1358336 0 	468.366 	3 	144
17676000000000 17676100000320 	12400035264 35993451205 1372631 	12398662633 1372631 0 0 0 	40403444 1372631 0 	468.023 	3 	144
17701600000000 17701700000400 	12600036064 36574819785 1386389 	12598649675 1386389 0 0 0 	40815654 1386389 0 	467.639 	3 	144
17727200000000 17727300000400 	12800036864 37156188102 1400148 	12798636716 1400148 0 0 0 	41222688 1400148 0 	467.267 	3 	144
17752800000000 17752900000400 	13000037664 37737636388 1413662 	12998624002 1413662 0 0 0 	41624485 1413662 0 	466.908 	3 	144
17778400000000 17778500000400 	13200038464 38319119677 1427281 	13198611183 1427281 0 0 0 	42023493 1427281 0 	466.56 	3 	144
17804000000000 17804100000400 	13400039264 38900597468 1440520 	13398598744 1440520 0 0 0 	42412091 1440520 0 	466.223 	3 	144
17829600000000 17829700000290 	13600039844 39482091884 1453505 	13598586339 1453505 0 0 0 	42796734 1453505 0 	465.847 	3 	144
17855200000000 17855300000290 	13800040424 40063643451 1466559 	13798573865 1466559 0 0 0 	43180575 1466559 0 	465.483 	3 	144
17880800000000 17880900000290 	14000041004 40645209137 1479226 	13998561778 1479226 0 0 0 	43555136 1479226 0 	465.13 	3 	144
17906400000000 17906500000290 	14200041584 41226741527 1491740 	14198549844 1491740 0 0 0 	43924938 1491740 0 	464.788 	3 	144
17932000000000 17932100000290 	14400042164 41808350026 1504130 	14398538034 1504130 0 0 0 	44293375 1504130 0 	464.455 	3 	144
17957600000000 17957700000249 	14600042662 42389968326 1516534 	14598526128 1516534 0 0 0 	44662294 1516534 0 	464.087 	3 	144
17983200000000 17983300000249 	14800043160 42971640333 1528712 	14798514448 1528712 0 0 0 	45021057 1528712 0 	463.728 	3 	144
18008800000000 18008900000249 	15000043658 43553355137 1540630 	14998503028 1540630 0 0 0 	45375391 1540630 0 	463.38 	3 	144
18034400000000 18034500000249 	15200044156 44135022078 1552204 	15198491952 1552204 0 0 0 	45717386 1552204 0 	463.042 	3 	144
18060000000000 18060100000249 	15400044654 44716771504 1563818 	15398480836 1563818 0 0 0 	46061466 1563818 0 	462.713 	3 	144
18085600000000 18085700000088 	15600044830 45298537132 1575253 	15598469577 1575253 0 0 0 	46401081 1575253 0 	462.35 	3 	144
18111200000000 18111300000088 	15800045006 45880325899 1586503 	15798458503 1586503 0 0 0 	46737579 1586503 0 	461.996 	3 	144
18136800000000 18136900000088 	16000045182 46462141084 1597650 	15998447532 1597650 0 0 0 	47064859 1597650 0 	461.652 	3 	144
18162400000000 18162500000088 	16200045358 47043942731 1608509 	16198436849 1608509 0 0 0 	47389680 1608509 0 	461.317 	3 	144
18188000000000 18188100000110 	16400045578 47625828548 1619407 	16398426171 1619407 0 0 0 	47712951 1619407 0 	460.963 	3 	144
18213600000000 18213700000110 	16600045798 48207695413 1630208 	16598415590 1630208 0 0 0 	48033022 1630208 0 	460.619 	3 	144
18239200000000 18239300000110 	16800046018 48789614287 1640702 	16798405316 1640702 0 0 0 	48342358 1640702 0 	460.282 	3 	144
18264800000000 18264900000110 	17000046238 49371590326 1651225 	16998395013 1651225 0 0 0 	48653819 1651225 0 	459.955 	3 	144
18290400000000 18290500000110 	17200046458 49953606634 1661373 	17198385085 1661373 0 0 0 	48953602 1661373 0 	459.635 	3 	144
18316000000000 18316100000189 	17400046836 50535621938 1671581 	17398375255 1671581 0 0 0 	49248674 1671581 0 	459.284 	3 	144
18341600000000 18341700000189 	17600047214 51117622407 1681543 	17598365671 1681543 0 0 0 	49541679 1681543 0 	458.942 	3 	144
18367200000000 18367300000189 	17800047592 51699648647 1691340 	17798356252 1691340 0 0 0 	49831207 1691340 0 	458.608 	3 	144
18392800000000 18392900000189 	18000047970 52281735797 1700969 	17998347001 1700969 0 0 0 	50116403 1700969 0 	458.282 	3 	144
18418400000000 18418500000189 	18200048348 52863782464 1710687 	18198337661 1710687 0 0 0 	50400225 1710687 0 	457.963 	3 	144
18444000000000 18444100000060 	18400048468 53445929185 1720215 	18398328253 1720215 0 0 0 	50674641 1720215 0 	457.615 	3 	144
18469600000000 18469700000060 	18600048588 54028003617 1729269 	18598319319 1729269 0 0 0 	50942669 1729269 0 	457.275 	3 	144
18495200000000 18495300000060 	18800048708 54610171240 1738455 	18798310253 1738455 0 0 0 	51213783 1738455 0 	456.942 	3 	144
18520800000000 18520900000060 	19000048828 55192381554 1747536 	18998301292 1747536 0 0 0 	51484479 1747536 0 	456.617 	3 	144
18546400000000 18546500000060 	19200048948 55774560390 1756651 	19198292297 1756651 0 0 0 	51757296 1756651 0 	456.3 	3 	144
18572000000000 18572100000375 	19400049698 56356827986 1765511 	19398284187 1765511 0 0 0 	52019728 1765511 0 	455.953 	3 	144
18597600000000 18597700000375 	19600050448 56939096706 1774194 	19598276254 1774194 0 0 0 	52272355 1774194 0 	455.615 	3 	144
18623200000000 18623300000375 	19800051198 57521449499 1782985 	19798268213 1782985 0 0 0 	52529982 1782985 0 	455.284 	3 	144
18648800000000 18648900000375 	20000051948 58103790172 1791376 	19998260572 1791376 0 0 0 	52780690 1791376 0 	454.959 	3 	144
18674400000000 18674500000074 	20200052096 58686125662 1799603 	20198252493 1799603 0 0 0 	53025404 1799603 0 	454.608 	3 	144
18700000000000 18700100000074 	20400052244 59268543568 1807794 	20398244450 1807794 0 0 0 	53269048 1807794 0 	454.264 	3 	144
18725600000000 18725700000074 	20600052392 59850902186 1815809 	20598236583 1815809 0 0 0 	53506036 1815809 0 	453.927 	3 	144
18751200000000 18751300000074 	20800052540 60433315581 1823784 	20798228756 1823784 0 0 0 	53739369 1823784 0 	453.597 	3 	144
18776800000000 18776900000074 	21000052688 61015793677 1831632 	20998221056 1831632 0 0 0 	53973058 1831632 0 	453.274 	3 	144
18802400000000 18802500000320 	21200053328 61598233244 1839429 	21198213899 1839429 0 0 0 	54198827 1839429 0 	452.935 	3 	144
18828000000000 18828100000320 	21400053968 62180730997 1847190 	21398206778 1847190 0 0 0 	54428326 1847190 0 	452.603 	3 	144
18853600000000 18853700000320 	21600054608 62763253470 1854792 	21598199816 1854792 0 0 0 	54650638 1854792 0 	452.278 	3 	144
18879200000000 18879300000320 	21800055248 63345800067 1862260 	21798192988 1862260 0 0 0 	54868738 1862260 0 	451.96 	3 	144
18904800000000 18904900000320 	22000055888 63928424933 1869699 	21998186189 1869699 0 0 0 	55091353 1869699 0 	451.647 	3 	144
18930400000000 18930500000353 	22200056594 64511004061 1877071 	22198179523 1877071 0 0 0 	55309947 1877071 0 	451.309 	3 	144
18956000000000 18956100000353 	22400057300 65093656214 1884291 	22398173009 1884291 0 0 0 	55520722 1884291 0 	450.978 	3 	144
18981600000000 18981700000353 	22600058006 65676306080 1891489 	22598166517 1891489 0 0 0 	55733241 1891489 0 	450.653 	3 	144
19007200000000 19007300000353 	22800058712 66258961562 1898592 	22798160120 1898592 0 0 0 	55946129 1898592 0 	450.334 	3 	144
19032800000000 19032900000044 	23000058800 66841618482 1905444 	22998153356 1905444 0 0 0 	56150275 1905444 0 	449.991 	3 	144
19058400000000 19058500000044 	23200058888 67424342436 1912287 	23198146601 1912287 0 0 0 	56355262 1912287 0 	449.654 	3 	144
19084000000000 19084100000044 	23400058976 68007060325 1919055 	23398139921 1919055 0 0 0 	56553751 1919055 0 	449.323 	3 	144
19109600000000 19109700000044 	23600059064 68589845376 1925753 	23598133311 1925753 0 0 0 	56751307 1925753 0 	448.998 	3 	144
19135200000000 19135300000044 	23800059152 69172629271 1932333 	23798126819 1932333 0 0 0 	56947991 1932333 0 	448.68 	3 	144
19160800000000 19160900000228 	24000059608 69755459548 1938849 	23998120759 1938849 0 0 0 	57139949 1938849 0 	448.347 	3 	144
19186400000000 19186500000228 	24200060064 70338323234 1945375 	24198114689 1945375 0 0 0 	57331479 1945375 0 	448.02 	3 	144
19212000000000 19212100000228 	24400060520 70921156175 1951465 	24398109055 1951465 0 0 0 	57507097 1951465 0 	447.7 	3 	144
19237600000000 19237700000228 	24600060976 71504030211 1957581 	24598103395 1957581 0 0 0 	57685534 1957581 0 	447.384 	3 	144
19263200000000 19263300000228 	24800061432 72087011877 1963688 	24798097744 1963688 0 0 0 	57861808 1963688 0 	447.075 	3 	144
19288800000000 19288900000091 	25000061614 72669939154 1969704 	24998091910 1969704 0 0 0 	58039045 1969704 0 	446.742 	3 	144
19314400000000 19314500000091 	25200061796 73252981406 1975761 	25198086035 1975761 0 0 0 	58218158 1975761 0 	446.415 	3 	144
19340000000000 19340100000091 	25400061978 73836014716 1981683 	25398080295 1981683 0 0 0 	58396361 1981683 0 	446.094 	3 	144
19365600000000 19365700000091 	25600062160 74419003230 1987433 	25598074727 1987433 0 0 0 	58565716 1987433 0 	445.778 	3 	144
19391200000000 19391300000091 	25800062342 75002046475 1993320 	25798069022 1993320 0 0 0 	58742277 1993320 0 	445.467 	3 	144
19416800000000 19416900000308 	26000062958 75585466405 2040417 	25998022541 2040417 0 0 0 	60139317 2040417 0 	445.89 	3 	144
19442400000000 19442500000308 	26200063574 76168948624 2087225 	26197976349 2087225 0 0 0 	61520123 2087225 0 	446.306 	3 	144
19468000000000 19468100000308 	26400064190 76752439191 2133699 	26397930491 2133699 0 0 0 	62893081 2133699 0 	446.717 	3 	144
19493600000000 19493700000308 	26600064806 77335907700 2179642 	26597885164 2179642 0 0 0 	64248325 2179642 0 	447.123 	3 	144
19519200000000 19519300000308 	26800065422 77919428639 2225188 	26797840234 2225188 0 0 0 	65593877 2225188 0 	447.523 	3 	144
19544800000000 19544900000308 	27000066038 78502952768 2270073 	26997795965 2270073 0 0 0 	66926142 2270073 0 	447.918 	3 	144
19570400000000 19570500000152 	27200066342 79086474123 2314495 	27197751847 2314495 0 0 0 	68243605 2314495 0 	448.285 	3 	144
19596000000000 19596100000152 	27400066646 79669987376 2358205 	27397708441 2358205 0 0 0 	69533534 2358205 0 	448.647 	3 	144
19621600000000 19621700000152 	27600066950 80253574710 2401696 	27597665254 2401696 0 0 0 	70821633 2401696 0 	449.004 	3 	144
19647200000000 19647300000152 	27800067254 80837150999 2444404 	27797622850 2444404 0 0 0 	72097248 2444404 0 	449.357 	3 	144
19672800000000 19672900000152 	28000067558 81420768054 2486776 	27997580782 2486776 0 0 0 	73349444 2486776 0 	449.705 	3 	144
19698400000000 19698500000000 	28200067558 82004419305 2529076 	28197538482 2529076 0 0 0 	74603121 2529076 0 	450.026 	3 	144
19724000000000 19724100000000 	28400067558 82588072843 2570948 	28397496610 2570948 0 0 0 	75836562 2570948 0 	450.343 	3 	144
19749600000000 19749700000000 	28600067558 83171787911 2612292 	28597455266 2612292 0 0 0 	77060472 2612292 0 	450.656 	3 	144
19775200000000 19775300000000 	28800067558 83755455937 2652797 	28797414761 2652797 0 0 0 	78260103 2652797 0 	450.965 	3 	144
19800800000000 19800900000000 	29000067558 84339218758 2692837 	28997374721 2692837 0 0 0 	79447064 2692837 0 	451.27 	3 	144
19826400000000 19826500000000 	29200067558 84922969831 2732728 	29197334830 2732728 0 0 0 	80621442 2732728 0 	451.572 	3 	144
19852000000000 19852100000048 	29400067654 85506758016 2772187 	29397295467 2772187 0 0 0 	81797542 2772187 0 	451.847 	3 	144
19877600000000 19877700000048 	29600067750 86090517693 2811315 	29597256435 2811315 0 0 0 	82958457 2811315 0 	452.119 	3 	144
19903200000000 19903300000048 	29800067846 86674328654 2849826 	29797218020 2849826 0 0 0 	84090831 2849826 0 	452.388 	3 	144
19928800000000 19928900000048 	30000067942 87258144496 2888128 	29997179814 2888128 0 0 0 	85222702 2888128 0 	452.653 	3 	144
19954400000000 19954500000048 	30200068038 87842012649 2925570 	30197142468 2925570 0 0 0 	86333008 2925570 0 	452.915 	3 	144
19980000000000 19980100000048 	30400068134 88425899700 2962956 	30397105178 2962956 0 0 0 	87432313 2962956 0 	453.174 	3 	144
