16115000000000 16115100000476 	200000952 579759396 32446 	199968506 32446 0 0 0 	954605 32446 0 	492 	3 	150
16140600000000 16140700000011 	400000974 1159547140 64483 	399936491 64483 0 0 0 	1899417 64483 0 	490.495 	3 	150
16166200000000 16166300000011 	600000996 1739264322 96017 	599904979 96017 0 0 0 	2828547 96017 0 	489.996 	3 	150
16191800000000 16191900000011 	800001018 2319147697 127136 	799873882 127136 0 0 0 	3740849 127136 0 	489.747 	3 	150
16217400000000 16217500000011 	1000001040 2898984823 157984 	999843056 157984 0 0 0 	4654900 157984 0 	489.597 	3 	150
16243000000000 16243100000011 	1200001062 3478868968 188696 	1199812366 188696 0 0 0 	5560973 188696 0 	489.497 	3 	150
16268600000000 16268700000210 	1400001482 4058760954 218502 	1399782980 218502 0 0 0 	6436454 218502 0 	488.85 	3 	150
16294200000000 16294300000210 	1600001902 4638703164 248131 	1599753771 248131 0 0 0 	7305291 248131 0 	488.365 	3 	150
16319800000000 16319900000210 	1800002322 5218629949 277465 	1799724857 277465 0 0 0 	8165907 277465 0 	487.989 	3 	150
16345400000000 16345500000210 	2000002742 5798633699 306092 	1999696650 306092 0 0 0 	9005332 306092 0 	487.689 	3 	150
16371000000000 16371100000381 	2200003504 6378663923 334277 	2199669227 334277 0 0 0 	9830776 334277 0 	487.073 	3 	150
16396600000000 16396700000381 	2400004266 6958649271 362426 	2399641840 362426 0 0 0 	10650092 362426 0 	486.561 	3 	150
16422200000000 16422300000381 	2600005028 7538702340 389937 	2599615091 389937 0 0 0 	11454988 389937 0 	486.129 	3 	150
16447800000000 16447900000381 	2800005790 8118775661 417174 	2799588616 417174 0 0 0 	12256971 417174 0 	485.759 	3 	150
16473400000000 16473500000381 	3000006552 8698853624 443804 	2999562748 443804 0 0 0 	13039043 443804 0 	485.438 	3 	150
16499000000000 16499100000468 	3200007488 9278989106 470166 	3199537322 470166 0 0 0 	13817184 470166 0 	484.967 	3 	150
16524600000000 16524700000468 	3400008424 9859161805 496322 	3399512102 496322 0 0 0 	14585926 496322 0 	484.551 	3 	150
16550200000000 16550300000468 	3600009360 10439336370 522193 	3599487167 522193 0 0 0 	15346602 522193 0 	484.183 	3 	150
16575800000000 16575900000468 	3800010296 11019554295 547882 	3799462414 547882 0 0 0 	16101158 547882 0 	483.853 	3 	150
16601400000000 16601500000468 	4000011232 11599723870 572950 	3999438282 572950 0 0 0 	16839378 572950 0 	483.557 	3 	150
16627000000000 16627100000254 	4200011740 12179995050 597648 	4199414092 597648 0 0 0 	17575045 597648 0 	483.093 	3 	150
16652600000000 16652700000254 	4400012248 12760266464 622456 	4399389792 622456 0 0 0 	18310056 622456 0 	482.672 	3 	150
16678200000000 16678300000254 	4600012756 13340557914 646306 	4599366450 646306 0 0 0 	19011859 646306 0 	482.289 	3 	150
16703800000000 16703900000254 	4800013264 13920914545 670112 	4799343152 670112 0 0 0 	19705736 670112 0 	481.938 	3 	150
16729400000000 16729500000365 	5000013994 14501267269 693465 	4999320529 693465 0 0 0 	20389884 693465 0 	481.49 	3 	150
16755000000000 16755100000365 	5200014724 15081647957 716750 	5199297974 716750 0 0 0 	21076390 716750 0 	481.078 	3 	150
16780600000000 16780700000365 	5400015454 15662080063 739902 	5399275552 739902 0 0 0 	21760886 739902 0 	480.697 	3 	150
16806200000000 16806300000365 	5600016184 16242451790 762283 	5599253901 762283 0 0 0 	22428458 762283 0 	480.344 	3 	150
16831800000000 16831900000365 	5800016914 16822905917 784530 	5799232384 784530 0 0 0 	23081603 784530 0 	480.016 	3 	150
16857400000000 16857500000368 	6000017650 17403425352 806491 	5999211159 806491 0 0 0 	23729596 806491 0 	479.605 	3 	150
16883000000000 16883100000368 	6200018386 17983914562 828027 	6199190359 828027 0 0 0 	24367229 828027 0 	479.222 	3 	150
16908600000000 16908700000368 	6400019122 18564475821 849191 	6399169931 849191 0 0 0 	24990530 849191 0 	478.863 	3 	150
16934200000000 16934300000368 	6600019858 19145117434 870480 	6599149378 870480 0 0 0 	25612413 870480 0 	478.527 	3 	150
16959800000000 16959900000368 	6800020594 19725762288 891282 	6799129312 891282 0 0 0 	26224508 891282 0 	478.21 	3 	150
16985400000000 16985500000352 	7000021298 20306457162 911518 	6999109780 911518 0 0 0 	26820009 911518 0 	477.792 	3 	150
17011000000000 17011100000352 	7200022002 20887186937 931723 	7199090279 931723 0 0 0 	27419232 931723 0 	477.398 	3 	150
17036600000000 17036700000352 	7400022706 21467902403 951808 	7399070898 951808 0 0 0 	28008922 951808 0 	477.026 	3 	150
17062200000000 17062300000352 	7600023410 22048606850 971235 	7599052175 971235 0 0 0 	28578024 971235 0 	476.674 	3 	150
17087800000000 17087900000352 	7800024114 22629359356 990742 	7799033372 990742 0 0 0 	29150931 990742 0 	476.34 	3 	150
17113400000000 17113500000120 	8000024354 23210161358 1010132 	7999014222 1010132 0 0 0 	29727532 1010132 0 	475.944 	3 	150
17139000000000 17139100000120 	8200024594 23790965833 1028863 	8198995731 1028863 0 0 0 	30277327 1028863 0 	475.568 	3 	150
17164600000000 17164700000120 	8400024834 24371871110 1047489 	8398977345 1047489 0 0 0 	30828115 1047489 0 	475.21 	3 	150
17190200000000 17190300000120 	8600025074 24952726312 1065602 	8598959472 1065602 0 0 0 	31361951 1065602 0 	474.87 	3 	150
17215800000000 17215900000178 	8800025430 25533647496 1083798 	8798941632 1083798 0 0 0 	31898824 1083798 0 	474.473 	3 	150
17241400000000 17241500000178 	9000025786 26114606866 1101822 	8998923964 1101822 0 0 0 	32427797 1101822 0 	474.094 	3 	150
17267000000000 17267100000178 	9200026142 26695535368 1119427 	9198906715 1119427 0 0 0 	32944817 1119427 0 	473.732 	3 	150
17292600000000 17292700000178 	9400026498 27276478336 1136452 	9398890046 1136452 0 0 0 	33442111 1136452 0 	473.386 	3 	150
17318200000000 17318300000178 	9600026854 27857428309 1153550 	9598873304 1153550 0 0 0 	33941693 1153550 0 	473.055 	3 	150
17343800000000 17343900000355 	9800027564 28438416064 1170528 	9798857036 1170528 0 0 0 	34447708 1170528 0 	472.672 	3 	150
17369400000000 17369500000355 	10000028274 29019416378 1187257 	9998841017 1187257 0 0 0 	34938758 1187257 0 	472.305 	3 	150
17395000000000 17395100000355 	10200028984 29600451814 1203803 	10198825181 1203803 0 0 0 	35429380 1203803 0 	471.953 	3 	150
17420600000000 17420700000355 	10400029694 30181518791 1220067 	10398809627 1220067 0 0 0 	35910565 1220067 0 	471.615 	3 	150
17446200000000 17446300000355 	10600030404 30762652473 1236041 	10598794363 1236041 0 0 0 	36385481 1236041 0 	471.291 	3 	150
17471800000000 17471900000230 	10800030864 31343799109 1251566 	10798779298 1251566 0 0 0 	36846285 1251566 0 	470.898 	3 	150
17497400000000 17497500000230 	11000031324 31924968511 1267143 	10998764181 1267143 0 0 0 	37299203 1267143 0 	470.521 	3 	150
17523000000000 17523100000230 	11200031784 32506184984 1282599 	11198749185 1282599 0 0 0 	37753051 1282599 0 	470.157 	3 	150
17548600000000 17548700000230 	11400032244 33087367687 1297738 	11398734506 1297738 0 0 0 	38202013 1297738 0 	469.807 	3 	150
17574200000000 17574300000230 	11600032704 33668589646 1312667 	11598720037 1312667 0 0 0 	38637686 1312667 0 	469.47 	3 	150
17599800000000 17599900000320 	11800033344 34249841792 1327344 	11798706000 1327344 0 0 0 	39065809 1327344 0 	469.089 	3 	150
17625400000000 17625500000320 	12000033984 34831135652 1342002 	11998691982 1342002 0 0 0 	39501315 1342002 0 	468.721 	3 	150
17651000000000 17651100000320 	12200034624 35412429571 1356607 	12198678017 1356607 0 0 0 	39930493 1356607 0 	468.366 	3 	150
17676600000000 17676700000320 	12400035264 35993797762 1370980 	12398664284 1370980 0 0 0 	40350559 1370980 0 	468.023 	3 	150
17702200000000 17702300000400 	12600036064 36575147421 1384955 	12598651109 1384955 0 0 0 	40767124 1384955 0 	467.639 	3 	150
17727800000000 17727900000400 	12800036864 37156566439 1398646 	12798638218 1398646 0 0 0 	41170586 1398646 0 	467.267 	3 	150
17753400000000 17753500000400 	13000037664 37737979965 1412462 	12998625202 1412462 0 0 0 	41577063 1412462 0 	466.908 	3 	150
17779000000000 17779100000400 	13200038464 38319423381 1425868 	13198612596 1425868 0 0 0 	41977122 1425868 0 	466.56 	3 	150
17804600000000 17804700000400 	13400039264 38900909250 1439210 	13398600054 1439210 0 0 0 	42363593 1439210 0 	466.223 	3 	150
17830200000000 17830300000290 	13600039844 39482435084 1452336 	13598587508 1452336 0 0 0 	42748892 1452336 0 	465.847 	3 	150
17855800000000 17855900000290 	13800040424 40063962576 1465268 	13798575156 1465268 0 0 0 	43126606 1465268 0 	465.483 	3 	150
17881400000000 17881500000290 	14000041004 40645496450 1478146 	13998562858 1478146 0 0 0 	43508373 1478146 0 	465.13 	3 	150
17907000000000 17907100000290 	14200041584 41227132161 1490649 	14198550935 1490649 0 0 0 	43871859 1490649 0 	464.788 	3 	150
17932600000000 17932700000290 	14400042164 41808756817 1503092 	14398539072 1503092 0 0 0 	44239888 1503092 0 	464.455 	3 	150
17958200000000 17958300000249 	14600042662 42390372886 1515293 	14598527369 1515293 0 0 0 	44600801 1515293 0 	464.087 	3 	150
17983800000000 17983900000249 	14800043160 42972028362 1527175 	14798515985 1527175 0 0 0 	44953933 1527175 0 	463.728 	3 	150
18009400000000 18009500000249 	15000043658 43553635080 1538933 	14998504725 1538933 0 0 0 	45300849 1538933 0 	463.38 	3 	150
18035000000000 18035100000249 	15200044156 44135286448 1550589 	15198493567 1550589 0 0 0 	45640073 1550589 0 	463.042 	3 	150
18060600000000 18060700000249 	15400044654 44716986201 1562164 	15398482490 1562164 0 0 0 	45976907 1562164 0 	462.713 	3 	150
18086200000000 18086300000088 	15600044830 45298755458 1573496 	15598471334 1573496 0 0 0 	46315879 1573496 0 	462.35 	3 	150
18111800000000 18111900000088 	15800045006 45880529709 1584795 	15798460211 1584795 0 0 0 	46650610 1584795 0 	461.996 	3 	150
18137400000000 18137500000088 	16000045182 46462386959 1595836 	15998449346 1595836 0 0 0 	46979671 1595836 0 	461.652 	3 	150
18163000000000 18163100000088 	16200045358 47044281009 1606731 	16198438627 1606731 0 0 0 	47301315 1606731 0 	461.317 	3 	150
18188600000000 18188700000110 	16400045578 47626170176 1617386 	16398428192 1617386 0 0 0 	47617287 1617386 0 	460.963 	3 	150
18214200000000 18214300000110 	16600045798 48208062918 1627819 	16598417979 1627819 0 0 0 	47925896 1627819 0 	460.619 	3 	150
18239800000000 18239900000110 	16800046018 48789992346 1638384 	16798407634 1638384 0 0 0 	48236091 1638384 0 	460.282 	3 	150
18265400000000 18265500000110 	17000046238 49371965600 1648795 	16998397443 1648795 0 0 0 	48541044 1648795 0 	459.955 	3 	150
18291000000000 18291100000110 	17200046458 49953936966 1659057 	17198387401 1659057 0 0 0 	48839402 1659057 0 	459.635 	3 	150
18316600000000 18316700000189 	17400046836 50535956330 1669378 	17398377458 1669378 0 0 0 	49147252 1669378 0 	459.284 	3 	150
18342200000000 18342300000189 	17600047214 51117999778 1679281 	17598367933 1679281 0 0 0 	49439823 1679281 0 	458.942 	3 	150
18367800000000 18367900000189 	17800047592 51700055243 1689176 	17798358416 1689176 0 0 0 	49732975 1689176 0 	458.608 	3 	150
18393400000000 18393500000189 	18000047970 52282099313 1698798 	17998349172 1698798 0 0 0 	50019819 1698798 0 	458.282 	3 	150
18419000000000 18419100000189 	18200048348 52864225247 1708450 	18198339898 1708450 0 0 0 	50305275 1708450 0 	457.963 	3 	150
18444600000000 18444700000060 	18400048468 53446330313 1717861 	18398330607 1717861 0 0 0 	50582634 1717861 0 	457.615 	3 	150
18470200000000 18470300000060 	18600048588 54028465357 1727267 	18598321321 1727267 0 0 0 	50857372 1727267 0 	457.275 	3 	150
18495800000000 18495900000060 	18800048708 54610612928 1736290 	18798312418 1736290 0 0 0 	51121434 1736290 0 	456.942 	3 	150
18521400000000 18521500000060 	19000048828 55192777389 1745326 	18998303502 1745326 0 0 0 	51388813 1745326 0 	456.617 	3 	150
18547000000000 18547100000375 	19200049578 55775005053 1754312 	19198295266 1754312 0 0 0 	51649216 1754312 0 	456.264 	3 	150
18572600000000 18572700000375 	19400050328 56357274324 1762986 	19398287342 1762986 0 0 0 	51904573 1762986 0 	455.918 	3 	150
18598200000000 18598300000375 	19600051078 56939582618 1771639 	19598279439 1771639 0 0 0 	52161546 1771639 0 	455.58 	3 	150
18623800000000 18623900000375 	19800051828 57521904661 1780221 	19798271607 1780221 0 0 0 	52417076 1780221 0 	455.249 	3 	150
18649400000000 18649500000375 	20000052578 58104293973 1788857 	19998263721 1788857 0 0 0 	52675202 1788857 0 	454.925 	3 	150
18675000000000 18675100000074 	20200052726 58686637667 1797126 	20198255600 1797126 0 0 0 	52918728 1797126 0 	454.574 	3 	150
18700600000000 18700700000074 	20400052874 59269056284 1805324 	20398247550 1805324 0 0 0 	53163920 1805324 0 	454.23 	3 	150
18726200000000 18726300000074 	20600053022 59851379150 1813429 	20598239593 1813429 0 0 0 	53407822 1813429 0 	453.894 	3 	150
18751800000000 18751900000074 	20800053170 60433809298 1821401 	20798231769 1821401 0 0 0 	53643770 1821401 0 	453.564 	3 	150
18777400000000 18777500000074 	21000053318 61016300939 1829180 	20998224138 1829180 0 0 0 	53866172 1829180 0 	453.241 	3 	150
18803000000000 18803100000320 	21200053958 61598822435 1837099 	21198216859 1837099 0 0 0 	54100038 1837099 0 	452.903 	3 	150
18828600000000 18828700000320 	21400054598 62181264276 1844668 	21398209930 1844668 0 0 0 	54322532 1844668 0 	452.572 	3 	150
18854200000000 18854300000320 	21600055238 62763780571 1852356 	21598202882 1852356 0 0 0 	54546510 1852356 0 	452.247 	3 	150
18879800000000 18879900000320 	21800055878 63346393171 1859905 	21798195973 1859905 0 0 0 	54767232 1859905 0 	451.929 	3 	150
18905400000000 18905500000320 	22000056518 63928978941 1867236 	21998189282 1867236 0 0 0 	54982881 1867236 0 	451.617 	3 	150
18931000000000 18931100000353 	22200057224 64511555781 1874279 	22198182945 1874279 0 0 0 	55190600 1874279 0 	451.279 	3 	150
18956600000000 18956700000353 	22400057930 65094142490 1881461 	22398176469 1881461 0 0 0 	55401187 1881461 0 	450.948 	3 	150
18982200000000 18982300000353 	22600058636 65676806574 1888509 	22598170127 1888509 0 0 0 	55609107 1888509 0 	450.623 	3 	150
19007800000000 19007900000353 	22800059342 66259474050 1895350 	22798163992 1895350 0 0 0 	55813865 1895350 0 	450.305 	3 	150
19033400000000 19033500000044 	23000059430 66842203990 1902250 	22998157180 1902250 0 0 0 	56019352 1902250 0 	449.962 	3 	150
19059000000000 19059100000044 	23200059518 67424906984 1909117 	23198150401 1909117 0 0 0 	56223249 1909117 0 	449.625 	3 	150
19084600000000 19084700000044 	23400059606 68007655370 1915764 	23398143842 1915764 0 0 0 	56416876 1915764 0 	449.295 	3 	150
19110200000000 19110300000044 	23600059694 68590412929 1922442 	23598137252 1922442 0 0 0 	56611927 1922442 0 	448.97 	3 	150
19135800000000 19135900000044 	23800059782 69173204759 1929271 	23798130511 1929271 0 0 0 	56813784 1929271 0 	448.652 	3 	150
19161400000000 19161500000228 	24000060238 69755967005 1935684 	23998124554 1935684 0 0 0 	57004051 1935684 0 	448.319 	3 	150
19187000000000 19187100000228 	24200060694 70338812798 1942028 	24198118666 1942028 0 0 0 	57193069 1942028 0 	447.993 	3 	150
19212600000000 19212700000228 	24400061150 70921664639 1948428 	24398112722 1948428 0 0 0 	57379199 1948428 0 	447.673 	3 	150
19238200000000 19238300000228 	24600061606 71504551341 1954641 	24598106965 1954641 0 0 0 	57564574 1954641 0 	447.358 	3 	150
19263800000000 19263900000228 	24800062062 72087440741 1960793 	24798101269 1960793 0 0 0 	57745671 1960793 0 	447.048 	3 	150
19289400000000 19289500000091 	25000062244 72670345314 1967034 	24998095210 1967034 0 0 0 	57932719 1967034 0 	446.716 	3 	150
19315000000000 19315100000091 	25200062426 73253299439 1972957 	25198089469 1972957 0 0 0 	58106446 1972957 0 	446.389 	3 	150
19340600000000 19340700000091 	25400062608 73836334178 1978824 	25398083784 1978824 0 0 0 	58282559 1978824 0 	446.068 	3 	150
19366200000000 19366300000091 	25600062790 74419334683 1984651 	25598078139 1984651 0 0 0 	58458319 1984651 0 	445.752 	3 	150
19391800000000 19391900000091 	25800062972 75002378391 1990378 	25798072594 1990378 0 0 0 	58626042 1990378 0 	445.442 	3 	150
19417400000000 19417500000308 	26000063588 75585755491 2037335 	25998026253 2037335 0 0 0 	60012994 2037335 0 	445.864 	3 	150
19443000000000 19443100000308 	26200064204 76169169448 2084199 	26197980005 2084199 0 0 0 	61399516 2084199 0 	446.281 	3 	150
19468600000000 19468700000308 	26400064820 76752551269 2130353 	26397934467 2130353 0 0 0 	62763505 2130353 0 	446.692 	3 	150
19494200000000 19494300000308 	26600065436 77335983610 2175812 	26597889624 2175812 0 0 0 	64105668 2175812 0 	447.098 	3 	150
19519800000000 19519900000308 	26800066052 77919506075 2221169 	26797844883 2221169 0 0 0 	65442069 2221169 0 	447.498 	3 	150
19545400000000 19545500000308 	27000066668 78502979415 2265613 	26997801055 2265613 0 0 0 	66761011 2265613 0 	447.893 	3 	150
19571000000000 19571100000152 	27200066972 79086512000 2309934 	27197757038 2309934 0 0 0 	68075145 2309934 0 	448.26 	3 	150
19596600000000 19596700000152 	27400067276 79670075668 2353690 	27397713586 2353690 0 0 0 	69370328 2353690 0 	448.623 	3 	150
19622200000000 19622300000152 	27600067580 80253697056 2397344 	27597670236 2397344 0 0 0 	70670741 2397344 0 	448.98 	3 	150
19647800000000 19647900000152 	27800067884 80837275695 2440471 	27797627413 2440471 0 0 0 	71941301 2440471 0 	449.333 	3 	150
19673400000000 19673500000152 	28000068188 81420848766 2482923 	27997585265 2482923 0 0 0 	73191970 2482923 0 	449.681 	3 	150
19699000000000 19699100000000 	28200068188 82004472619 2524912 	28197543276 2524912 0 0 0 	74433642 2524912 0 	450.003 	3 	150
19724600000000 19724700000000 	28400068188 82588172527 2566758 	28397501430 2566758 0 0 0 	75681472 2566758 0 	450.32 	3 	150
19750200000000 19750300000000 	28600068188 83171859361 2607680 	28597460508 2607680 0 0 0 	76889951 2607680 0 	450.633 	3 	150
19775800000000 19775900000000 	28800068188 83755569051 2648154 	28797420034 2648154 0 0 0 	78097542 2648154 0 	450.942 	3 	150
19801400000000 19801500000000 	29000068188 84339278132 2688275 	28997379913 2688275 0 0 0 	79281907 2688275 0 	451.247 	3 	150
19827000000000 19827100000000 	29200068188 84922995915 2728100 	29197340088 2728100 0 0 0 	80467775 2728100 0 	451.549 	3 	150
19852600000000 19852700000048 	29400068284 85506746173 2767473 	29397300811 2767473 0 0 0 	81635137 2767473 0 	451.824 	3 	150
19878200000000 19878300000048 	29600068380 86090529446 2806459 	29597261921 2806459 0 0 0 	82787161 2806459 0 	452.096 	3 	150
19903800000000 19903900000048 	29800068476 86674333214 2844669 	29797223807 2844669 0 0 0 	83921494 2844669 0 	452.365 	3 	150
19929400000000 19929500000048 	30000068572 87258186690 2882995 	29997185577 2882995 0 0 0 	85062856 2882995 0 	452.631 	3 	150
19955000000000 19955100000048 	30200068668 87842054937 2920604 	30197148064 2920604 0 0 0 	86177247 2920604 0 	452.893 	3 	150
19980600000000 19980700000048 	30400068764 88425942673 2957268 	30397111496 2957268 0 0 0 	87271222 2957268 0 	453.152 	3 	150
