16115300000000 16115400000476 	200000952 579706198 32699 	199968253 32699 0 0 0 	966969 32699 0 	492 	3 	153
16140900000000 16141000000011 	400000974 1159433302 64766 	399936208 64766 0 0 0 	1908012 64766 0 	490.495 	3 	153
16166500000000 16166600000011 	600000996 1739247286 96403 	599904593 96403 0 0 0 	2840678 96403 0 	489.996 	3 	153
16192100000000 16192200000011 	800001018 2319025023 127440 	799873578 127440 0 0 0 	3752808 127440 0 	489.747 	3 	153
16217700000000 16217800000011 	1000001040 2898826185 158690 	999842350 158690 0 0 0 	4678869 158690 0 	489.597 	3 	153
16243300000000 16243400000011 	1200001062 3478700822 189228 	1199811834 189228 0 0 0 	5566019 189228 0 	489.497 	3 	153
16268900000000 16269000000210 	1400001482 4058574047 219318 	1399782164 219318 0 0 0 	6446405 219318 0 	488.85 	3 	153
16294500000000 16294600000210 	1600001902 4638490018 248801 	1599753101 248801 0 0 0 	7316615 248801 0 	488.365 	3 	153
16320100000000 16320200000210 	1800002322 5218422164 278017 	1799724305 278017 0 0 0 	8176620 278017 0 	487.989 	3 	153
16345700000000 16345800000210 	2000002742 5798449286 306991 	1999695751 306991 0 0 0 	9028440 306991 0 	487.689 	3 	153
16371300000000 16371400000381 	2200003504 6378413344 335580 	2199667924 335580 0 0 0 	9878603 335580 0 	487.073 	3 	153
16396900000000 16397000000381 	2400004266 6958433580 363982 	2399640284 363982 0 0 0 	10713134 363982 0 	486.561 	3 	153
16422500000000 16422600000381 	2600005028 7538481660 391678 	2599613350 391678 0 0 0 	11521425 391678 0 	486.129 	3 	153
16448100000000 16448200000381 	2800005790 8118619377 419054 	2799586736 419054 0 0 0 	12320585 419054 0 	485.759 	3 	153
16473700000000 16473800000381 	3000006552 8698682933 445849 	2999560703 445849 0 0 0 	13108745 445849 0 	485.438 	3 	153
16499300000000 16499400000468 	3200007488 9278834039 472381 	3199535107 472381 0 0 0 	13890167 472381 0 	484.967 	3 	153
16524900000000 16525000000468 	3400008424 9859013089 498419 	3399510005 498419 0 0 0 	14659481 498419 0 	484.551 	3 	153
16550500000000 16550600000468 	3600009360 10439189552 524270 	3599485090 524270 0 0 0 	15414879 524270 0 	484.183 	3 	153
16576100000000 16576200000468 	3800010296 11019391046 549552 	3799460744 549552 0 0 0 	16160134 549552 0 	483.853 	3 	153
16601700000000 16601800000468 	4000011232 11599615201 574688 	3999436544 574688 0 0 0 	16901089 574688 0 	483.557 	3 	153
16627300000000 16627400000254 	4200011740 12179869643 599348 	4199412392 599348 0 0 0 	17623704 599348 0 	483.093 	3 	153
16652900000000 16653000000254 	4400012248 12760180452 623786 	4399388462 623786 0 0 0 	18346265 623786 0 	482.672 	3 	153
16678500000000 16678600000254 	4600012756 13340484936 647926 	4599364830 647926 0 0 0 	19057782 647926 0 	482.289 	3 	153
16704100000000 16704200000254 	4800013264 13920812855 671560 	4799341704 671560 0 0 0 	19749793 671560 0 	481.938 	3 	153
16729700000000 16729800000365 	5000013994 14501194895 695038 	4999318956 695038 0 0 0 	20443701 695038 0 	481.49 	3 	153
16755300000000 16755400000365 	5200014724 15081628787 718295 	5199296429 718295 0 0 0 	21127345 718295 0 	481.078 	3 	153
16780900000000 16781000000365 	5400015454 15662023157 741055 	5399274399 741055 0 0 0 	21794840 741055 0 	480.697 	3 	153
16806500000000 16806600000365 	5600016184 16242509942 763787 	5599252397 763787 0 0 0 	22467793 763787 0 	480.344 	3 	153
16832100000000 16832200000365 	5800016914 16822998712 785918 	5799230996 785918 0 0 0 	23123049 785918 0 	480.016 	3 	153
16857700000000 16857800000368 	6000017650 17403518879 807848 	5999209802 807848 0 0 0 	23771947 807848 0 	479.605 	3 	153
16883300000000 16883400000368 	6200018386 17984042676 829210 	6199189176 829210 0 0 0 	24406282 829210 0 	479.222 	3 	153
16908900000000 16909000000368 	6400019122 18564599222 850557 	6399168565 850557 0 0 0 	25032800 850557 0 	478.863 	3 	153
16934500000000 16934600000368 	6600019858 19145138029 871495 	6599148363 871495 0 0 0 	25651943 871495 0 	478.527 	3 	153
16960100000000 16960200000368 	6800020594 19725694904 892241 	6799128353 892241 0 0 0 	26258058 892241 0 	478.21 	3 	153
16985700000000 16985800000352 	7000021298 20306324875 912834 	6999108464 912834 0 0 0 	26860138 912834 0 	477.792 	3 	153
17011300000000 17011400000352 	7200022002 20886968401 933286 	7199088716 933286 0 0 0 	27458907 933286 0 	477.398 	3 	153
17036900000000 17037000000352 	7400022706 21467646396 953054 	7399069652 953054 0 0 0 	28044894 953054 0 	477.026 	3 	153
17062500000000 17062600000352 	7600023410 22048383433 972766 	7599050644 972766 0 0 0 	28625418 972766 0 	476.674 	3 	153
17088100000000 17088200000352 	7800024114 22629106751 992294 	7799031820 992294 0 0 0 	29203781 992294 0 	476.34 	3 	153
17113700000000 17113800000120 	8000024354 23209917399 1011438 	7999012916 1011438 0 0 0 	29773498 1011438 0 	475.944 	3 	153
17139300000000 17139400000120 	8200024594 23790706280 1030599 	8198993995 1030599 0 0 0 	30346525 1030599 0 	475.568 	3 	153
17164900000000 17165000000120 	8400024834 24371513712 1049311 	8398975523 1049311 0 0 0 	30889377 1049311 0 	475.21 	3 	153
17190500000000 17190600000120 	8600025074 24952392510 1067681 	8598957393 1067681 0 0 0 	31434176 1067681 0 	474.87 	3 	153
17216100000000 17216200000178 	8800025430 25533243586 1085930 	8798939500 1085930 0 0 0 	31975276 1085930 0 	474.473 	3 	153
17241700000000 17241800000178 	9000025786 26114180404 1103792 	8998921994 1103792 0 0 0 	32502833 1103792 0 	474.094 	3 	153
17267300000000 17267400000178 	9200026142 26695112396 1121415 	9198904727 1121415 0 0 0 	33018462 1121415 0 	473.732 	3 	153
17292900000000 17293000000178 	9400026498 27276009421 1139003 	9398887495 1139003 0 0 0 	33533965 1139003 0 	473.386 	3 	153
17318500000000 17318600000178 	9600026854 27856973831 1156133 	9598870721 1156133 0 0 0 	34033617 1156133 0 	473.055 	3 	153
17344100000000 17344200000355 	9800027564 28438025182 1172912 	9798854652 1172912 0 0 0 	34528019 1172912 0 	472.672 	3 	153
17369700000000 17369800000355 	10000028274 29019021729 1189633 	9998838641 1189633 0 0 0 	35021772 1189633 0 	472.305 	3 	153
17395300000000 17395400000355 	10200028984 29600182973 1206188 	10198822796 1206188 0 0 0 	35510245 1206188 0 	471.953 	3 	153
17420900000000 17421000000355 	10400029694 30181327350 1222437 	10398807257 1222437 0 0 0 	35984678 1222437 0 	471.615 	3 	153
17446500000000 17446600000355 	10600030404 30762476863 1238769 	10598791635 1238769 0 0 0 	36459026 1238769 0 	471.291 	3 	153
17472100000000 17472200000230 	10800030864 31343610368 1254537 	10798776327 1254537 0 0 0 	36925331 1254537 0 	470.898 	3 	153
17497700000000 17497800000230 	11000031324 31924775598 1270264 	10998761060 1270264 0 0 0 	37392975 1270264 0 	470.521 	3 	153
17523300000000 17523400000230 	11200031784 32505942921 1285688 	11198746096 1285688 0 0 0 	37848904 1285688 0 	470.157 	3 	153
17548900000000 17549000000230 	11400032244 33087175713 1300733 	11398731511 1300733 0 0 0 	38290058 1300733 0 	469.807 	3 	153
17574500000000 17574600000230 	11600032704 33668388915 1315494 	11598717210 1315494 0 0 0 	38725315 1315494 0 	469.47 	3 	153
17600100000000 17600200000320 	11800033344 34249672625 1330305 	11798703039 1330305 0 0 0 	39166029 1330305 0 	469.089 	3 	153
17625700000000 17625800000320 	12000033984 34830974107 1345004 	11998688980 1345004 0 0 0 	39599073 1345004 0 	468.721 	3 	153
17651300000000 17651400000320 	12200034624 35412298541 1359149 	12198675475 1359149 0 0 0 	40017954 1359149 0 	468.366 	3 	153
17676900000000 17677000000320 	12400035264 35993603189 1373479 	12398661785 1373479 0 0 0 	40440194 1373479 0 	468.023 	3 	153
17702500000000 17702600000400 	12600036064 36574956309 1387428 	12598648636 1387428 0 0 0 	40859603 1387428 0 	467.639 	3 	153
17728100000000 17728200000400 	12800036864 37156383717 1401263 	12798635601 1401263 0 0 0 	41266857 1401263 0 	467.267 	3 	153
17753700000000 17753800000400 	13000037664 37737769865 1414854 	12998622810 1414854 0 0 0 	41667679 1414854 0 	466.908 	3 	153
17779300000000 17779400000400 	13200038464 38319243356 1428300 	13198610164 1428300 0 0 0 	42060501 1428300 0 	466.56 	3 	153
17804900000000 17805000000400 	13400039264 38900794927 1441275 	13398597989 1441275 0 0 0 	42443338 1441275 0 	466.223 	3 	153
17830500000000 17830600000290 	13600039844 39482288128 1454430 	13598585414 1454430 0 0 0 	42831875 1454430 0 	465.847 	3 	153
17856100000000 17856200000290 	13800040424 40063862312 1467297 	13798573127 1467297 0 0 0 	43216527 1467297 0 	465.483 	3 	153
17881700000000 17881800000290 	14000041004 40645436448 1480046 	13998560958 1480046 0 0 0 	43587043 1480046 0 	465.13 	3 	153
17907300000000 17907400000290 	14200041584 41226993996 1492468 	14198549116 1492468 0 0 0 	43952647 1492468 0 	464.788 	3 	153
17932900000000 17933000000290 	14400042164 41808633228 1504547 	14398537617 1504547 0 0 0 	44310385 1504547 0 	464.455 	3 	153
17958500000000 17958600000249 	14600042662 42390257427 1516658 	14598526004 1516658 0 0 0 	44664883 1516658 0 	464.087 	3 	153
17984100000000 17984200000249 	14800043160 42971937488 1528835 	14798514325 1528835 0 0 0 	45021624 1528835 0 	463.728 	3 	153
18009700000000 18009800000249 	15000043658 43553622254 1540758 	14998502900 1540758 0 0 0 	45372809 1540758 0 	463.38 	3 	153
18035300000000 18035400000249 	15200044156 44135297079 1552702 	15198491454 1552702 0 0 0 	45727047 1552702 0 	463.042 	3 	153
18060900000000 18061000000249 	15400044654 44717031885 1564158 	15398480496 1564158 0 0 0 	46065491 1564158 0 	462.713 	3 	153
18086500000000 18086600000088 	15600044830 45298699825 1575461 	15598469369 1575461 0 0 0 	46405633 1575461 0 	462.35 	3 	153
18112100000000 18112200000088 	15800045006 45880489856 1586731 	15798458275 1586731 0 0 0 	46738135 1586731 0 	461.996 	3 	153
18137700000000 18137800000088 	16000045182 46462285167 1597886 	15998447296 1597886 0 0 0 	47063664 1597886 0 	461.652 	3 	153
18163300000000 18163400000088 	16200045358 47044219062 1609071 	16198436287 1609071 0 0 0 	47394786 1609071 0 	461.317 	3 	153
18188900000000 18189000000110 	16400045578 47626042382 1619874 	16398425704 1619874 0 0 0 	47716560 1619874 0 	460.963 	3 	153
18214500000000 18214600000110 	16600045798 48207925432 1630572 	16598415226 1630572 0 0 0 	48035833 1630572 0 	460.619 	3 	153
18240100000000 18240200000110 	16800046018 48789852008 1641016 	16798405002 1641016 0 0 0 	48344729 1641016 0 	460.282 	3 	153
18265700000000 18265800000110 	17000046238 49371833688 1651374 	16998394864 1651374 0 0 0 	48651882 1651374 0 	459.955 	3 	153
18291300000000 18291400000110 	17200046458 49953794188 1661612 	17198384846 1661612 0 0 0 	48957087 1661612 0 	459.635 	3 	153
18316900000000 18317000000189 	17400046836 50535819006 1671748 	17398375088 1671748 0 0 0 	49255189 1671748 0 	459.284 	3 	153
18342500000000 18342600000189 	17600047214 51117870987 1681659 	17598365555 1681659 0 0 0 	49545030 1681659 0 	458.942 	3 	153
18368100000000 18368200000189 	17800047592 51699926664 1691341 	17798356251 1691341 0 0 0 	49831268 1691341 0 	458.608 	3 	153
18393700000000 18393800000189 	18000047970 52281976373 1701058 	17998346912 1701058 0 0 0 	50120095 1701058 0 	458.282 	3 	153
18419300000000 18419400000189 	18200048348 52864086612 1710628 	18198337720 1710628 0 0 0 	50401663 1710628 0 	457.963 	3 	153
18444900000000 18445000000060 	18400048468 53446183019 1720232 	18398328236 1720232 0 0 0 	50685226 1720232 0 	457.615 	3 	153
18470500000000 18470600000060 	18600048588 54028333979 1729551 	18598319037 1729551 0 0 0 	50960495 1729551 0 	457.275 	3 	153
18496100000000 18496200000060 	18800048708 54610498071 1738635 	18798310073 1738635 0 0 0 	51231109 1738635 0 	456.942 	3 	153
18521700000000 18521800000060 	19000048828 55192653385 1747921 	18998300907 1747921 0 0 0 	51502937 1747921 0 	456.617 	3 	153
18547300000000 18547400000375 	19200049578 55774833277 1756760 	19198292818 1756760 0 0 0 	51761091 1756760 0 	456.264 	3 	153
18572900000000 18573000000375 	19400050328 56357114779 1765442 	19398284886 1765442 0 0 0 	52018363 1765442 0 	455.918 	3 	153
18598500000000 18598600000375 	19600051078 56939400631 1774227 	19598276851 1774227 0 0 0 	52278220 1774227 0 	455.58 	3 	153
18624100000000 18624200000375 	19800051828 57521697857 1782942 	19798268886 1782942 0 0 0 	52537667 1782942 0 	455.249 	3 	153
18649700000000 18649800000375 	20000052578 58104049650 1791464 	19998261114 1791464 0 0 0 	52793433 1791464 0 	454.925 	3 	153
18675300000000 18675400000074 	20200052726 58686400405 1799831 	20198252895 1799831 0 0 0 	53041282 1799831 0 	454.574 	3 	153
18700900000000 18701000000074 	20400052874 59268797755 1808079 	20398244795 1808079 0 0 0 	53285026 1808079 0 	454.23 	3 	153
18726500000000 18726600000074 	20600053022 59851182201 1816109 	20598236913 1816109 0 0 0 	53524263 1816109 0 	453.894 	3 	153
18752100000000 18752200000074 	20800053170 60433596915 1824272 	20798228898 1824272 0 0 0 	53764859 1824272 0 	453.564 	3 	153
18777700000000 18777800000074 	21000053318 61016058271 1832161 	20998221157 1832161 0 0 0 	53995840 1832161 0 	453.241 	3 	153
18803300000000 18803400000320 	21200053958 61598534876 1839965 	21198213993 1839965 0 0 0 	54226324 1839965 0 	452.903 	3 	153
18828900000000 18829000000320 	21400054598 62181041796 1847510 	21398207088 1847510 0 0 0 	54447377 1847510 0 	452.572 	3 	153
18854500000000 18854600000320 	21600055238 62763573051 1855034 	21598200204 1855034 0 0 0 	54667707 1855034 0 	452.247 	3 	153
18880100000000 18880200000320 	21800055878 63346102642 1862606 	21798193272 1862606 0 0 0 	54894022 1862606 0 	451.929 	3 	153
18905700000000 18905800000320 	22000056518 63928670162 1870028 	21998186490 1870028 0 0 0 	55111073 1870028 0 	451.617 	3 	153
18931300000000 18931400000353 	22200057224 64511291346 1877265 	22198179959 1877265 0 0 0 	55324305 1877265 0 	451.279 	3 	153
18956900000000 18957000000353 	22400057930 65093865761 1884494 	22398173436 1884494 0 0 0 	55539099 1884494 0 	450.948 	3 	153
18982500000000 18982600000353 	22600058636 65676491905 1891599 	22598167037 1891599 0 0 0 	55750733 1891599 0 	450.623 	3 	153
19008100000000 19008200000353 	22800059342 66259154628 1898673 	22798160669 1898673 0 0 0 	55958320 1898673 0 	450.305 	3 	153
19033700000000 19033800000044 	23000059430 66841848463 1905646 	22998153784 1905646 0 0 0 	56167040 1905646 0 	449.962 	3 	153
19059300000000 19059400000044 	23200059518 67424556672 1912380 	23198147138 1912380 0 0 0 	56365150 1912380 0 	449.625 	3 	153
19084900000000 19085000000044 	23400059606 68007318918 1919240 	23398140366 1919240 0 0 0 	56563786 1919240 0 	449.295 	3 	153
19110500000000 19110600000044 	23600059694 68590082731 1926040 	23598133654 1926040 0 0 0 	56765972 1926040 0 	448.97 	3 	153
19136100000000 19136200000044 	23800059782 69172891160 1932643 	23798127139 1932643 0 0 0 	56962995 1932643 0 	448.652 	3 	153
19161700000000 19161800000228 	24000060238 69755741250 1939080 	23998121158 1939080 0 0 0 	57152985 1939080 0 	448.319 	3 	153
19187300000000 19187400000228 	24200060694 70338617358 1945465 	24198115229 1945465 0 0 0 	57340972 1945465 0 	447.993 	3 	153
19212900000000 19213000000228 	24400061150 70921515954 1951662 	24398109488 1951662 0 0 0 	57526470 1951662 0 	447.673 	3 	153
19238500000000 19238600000228 	24600061606 71504452330 1957771 	24598103835 1957771 0 0 0 	57709927 1957771 0 	447.358 	3 	153
19264100000000 19264200000228 	24800062062 72087394978 1963931 	24798098131 1963931 0 0 0 	57887719 1963931 0 	447.048 	3 	153
19289700000000 19289800000091 	25000062244 72670279299 1969953 	24998092291 1969953 0 0 0 	58062734 1969953 0 	446.716 	3 	153
19315300000000 19315400000091 	25200062426 73253231421 1975789 	25198086637 1975789 0 0 0 	58238491 1975789 0 	446.389 	3 	153
19340900000000 19341000000091 	25400062608 73836261421 1981581 	25398081027 1981581 0 0 0 	58407802 1981581 0 	446.068 	3 	153
19366500000000 19366600000091 	25600062790 74419283341 1987441 	25598075349 1987441 0 0 0 	58583779 1987441 0 	445.752 	3 	153
19392100000000 19392200000091 	25800062972 75002313129 1993244 	25798069728 1993244 0 0 0 	58756112 1993244 0 	445.442 	3 	153
19417700000000 19417800000308 	26000063588 75585715489 2040813 	25998022775 2040813 0 0 0 	60169760 2040813 0 	445.864 	3 	153
19443300000000 19443400000308 	26200064204 76169133919 2087619 	26197976585 2087619 0 0 0 	61549446 2087619 0 	446.281 	3 	153
19468900000000 19469000000308 	26400064820 76752578167 2134169 	26397930651 2134169 0 0 0 	62927782 2134169 0 	446.692 	3 	153
19494500000000 19494600000308 	26600065436 77336040768 2179914 	26597885522 2179914 0 0 0 	64285680 2179914 0 	447.098 	3 	153
19520100000000 19520200000308 	26800066052 77919530674 2225175 	26797840877 2225175 0 0 0 	65623507 2225175 0 	447.498 	3 	153
19545700000000 19545800000308 	27000066668 78503058088 2270309 	26997796359 2270309 0 0 0 	66953079 2270309 0 	447.893 	3 	153
19571300000000 19571400000152 	27200066972 79086611489 2314914 	27197752058 2314914 0 0 0 	68269023 2314914 0 	448.26 	3 	153
19596900000000 19597000000152 	27400067276 79670190238 2358746 	27397708530 2358746 0 0 0 	69565612 2358746 0 	448.623 	3 	153
19622500000000 19622600000152 	27600067580 80253818331 2402200 	27597665380 2402200 0 0 0 	70851606 2402200 0 	448.98 	3 	153
19648100000000 19648200000152 	27800067884 80837340693 2445554 	27797622330 2445554 0 0 0 	72132185 2445554 0 	449.333 	3 	153
19673700000000 19673800000152 	28000068188 81420942095 2488179 	27997580009 2488179 0 0 0 	73396529 2488179 0 	449.681 	3 	153
19699300000000 19699400000000 	28200068188 82004561243 2530151 	28197538037 2530151 0 0 0 	74625124 2530151 0 	450.003 	3 	153
19724900000000 19725000000000 	28400068188 82588219957 2572156 	28397496032 2572156 0 0 0 	75879170 2572156 0 	450.32 	3 	153
19750500000000 19750600000000 	28600068188 83171940276 2613200 	28597454988 2613200 0 0 0 	77102215 2613200 0 	450.633 	3 	153
19776100000000 19776200000000 	28800068188 83755647377 2653820 	28797414368 2653820 0 0 0 	78310501 2653820 0 	450.942 	3 	153
19801700000000 19801800000000 	29000068188 84339388130 2694039 	28997374149 2694039 0 0 0 	79512602 2694039 0 	451.247 	3 	153
19827300000000 19827400000000 	29200068188 84923173740 2733966 	29197334222 2733966 0 0 0 	80695439 2733966 0 	451.549 	3 	153
19852900000000 19853000000048 	29400068284 85506968300 2773212 	29397295072 2773212 0 0 0 	81869753 2773212 0 	451.824 	3 	153
19878500000000 19878600000048 	29600068380 86090765173 2812454 	29597255926 2812454 0 0 0 	83033200 2812454 0 	452.096 	3 	153
19904100000000 19904200000048 	29800068476 86674566394 2850809 	29797217667 2850809 0 0 0 	84178605 2850809 0 	452.365 	3 	153
19929700000000 19929800000048 	30000068572 87258433071 2888579 	29997179993 2888579 0 0 0 	85288853 2888579 0 	452.631 	3 	153
19955300000000 19955400000048 	30200068668 87842284129 2926223 	30197142445 2926223 0 0 0 	86406354 2926223 0 	452.893 	3 	153
19980900000000 19981000000048 	30400068764 88426107899 2963521 	30397105243 2963521 0 0 0 	87503419 2963521 0 	453.152 	3 	153
