16116000000000 16116100000476 	200000952 579724266 32510 	199968442 32510 0 0 0 	953676 32510 0 	492 	3 	160
16141600000000 16141700000011 	400000974 1159440061 64399 	399936575 64399 0 0 0 	1893707 64399 0 	490.495 	3 	160
16167200000000 16167300000011 	600000996 1739243344 95711 	599905285 95711 0 0 0 	2809304 95711 0 	489.996 	3 	160
16192800000000 16192900000011 	800001018 2319150557 126922 	799874096 126922 0 0 0 	3722258 126922 0 	489.747 	3 	160
16218400000000 16218500000011 	1000001040 2899012035 157453 	999843587 157453 0 0 0 	4625799 157453 0 	489.597 	3 	160
16244000000000 16244100000210 	1200001460 3478918409 187579 	1199813881 187579 0 0 0 	5512994 187579 0 	488.825 	3 	160
16269600000000 16269700000210 	1400001880 4058887910 217438 	1399784442 217438 0 0 0 	6385930 217438 0 	488.275 	3 	160
16295200000000 16295300000210 	1600002300 4638777239 246974 	1599755326 246974 0 0 0 	7253496 246974 0 	487.863 	3 	160
16320800000000 16320900000210 	1800002720 5218701224 275964 	1799726756 275964 0 0 0 	8102469 275964 0 	487.543 	3 	160
16346400000000 16346500000210 	2000003140 5798633025 304686 	1999698454 304686 0 0 0 	8951672 304686 0 	487.288 	3 	160
16372000000000 16372100000381 	2200003902 6378611294 333347 	2199670555 333347 0 0 0 	9796750 333347 0 	486.709 	3 	160
16397600000000 16397700000381 	2400004664 6958623610 361036 	2399643628 361036 0 0 0 	10612050 361036 0 	486.228 	3 	160
16423200000000 16423300000381 	2600005426 7538670819 388567 	2599616859 388567 0 0 0 	11419813 388567 0 	485.822 	3 	160
16448800000000 16448900000381 	2800006188 8118727308 415885 	2799590303 415885 0 0 0 	12233372 415885 0 	485.474 	3 	160
16474400000000 16474500000381 	3000006950 8698826579 442885 	2999564065 442885 0 0 0 	13024743 442885 0 	485.174 	3 	160
16500000000000 16500100000468 	3200007886 9278908264 469362 	3199538524 469362 0 0 0 	13814914 469362 0 	484.719 	3 	160
16525600000000 16525700000468 	3400008822 9859072688 495306 	3399513516 495306 0 0 0 	14573864 495306 0 	484.318 	3 	160
16551200000000 16551300000468 	3600009758 10439209416 520820 	3599488938 520820 0 0 0 	15338712 520820 0 	483.963 	3 	160
16576800000000 16576900000468 	3800010694 11019413837 546417 	3799464277 546417 0 0 0 	16096543 546417 0 	483.646 	3 	160
16602400000000 16602500000468 	4000011630 11599626766 571331 	3999440299 571331 0 0 0 	16826818 571331 0 	483.36 	3 	160
16628000000000 16628100000254 	4200012138 12179853671 595962 	4199416176 595962 0 0 0 	17555677 595962 0 	482.906 	3 	160
16653600000000 16653700000254 	4400012646 12760119694 620395 	4399392251 620395 0 0 0 	18279410 620395 0 	482.494 	3 	160
16679200000000 16679300000254 	4600013154 13340448085 644663 	4599368491 644663 0 0 0 	18997475 644663 0 	482.118 	3 	160
16704800000000 16704900000254 	4800013662 13920794657 668527 	4799345135 668527 0 0 0 	19696895 668527 0 	481.774 	3 	160
16730400000000 16730500000365 	5000014392 14501125267 692070 	4999322322 692070 0 0 0 	20388694 692070 0 	481.334 	3 	160
16756000000000 16756100000365 	5200015122 15081519552 715408 	5199299714 715408 0 0 0 	21070351 715408 0 	480.928 	3 	160
16781600000000 16781700000365 	5400015852 15661896843 737951 	5399277901 737951 0 0 0 	21728941 737951 0 	480.553 	3 	160
16807200000000 16807300000365 	5600016582 16242361660 760229 	5599256353 760229 0 0 0 	22385415 760229 0 	480.205 	3 	160
16832800000000 16832900000365 	5800017312 16822818292 782697 	5799234615 782697 0 0 0 	23049800 782697 0 	479.882 	3 	160
16858400000000 16858500000368 	6000018048 17403324321 804689 	5999213359 804689 0 0 0 	23701882 804689 0 	479.476 	3 	160
16884000000000 16884100000368 	6200018784 17983840185 826328 	6199192456 826328 0 0 0 	24342470 826328 0 	479.097 	3 	160
16909600000000 16909700000368 	6400019520 18564439947 847873 	6399171647 847873 0 0 0 	24975710 847873 0 	478.742 	3 	160
16935200000000 16935300000368 	6600020256 19145017365 868941 	6599151315 868941 0 0 0 	25598098 868941 0 	478.41 	3 	160
16960800000000 16960900000368 	6800020992 19725634796 889577 	6799131415 889577 0 0 0 	26210682 889577 0 	478.097 	3 	160
16986400000000 16986500000352 	7000021696 20306280680 910117 	6999111579 910117 0 0 0 	26826640 910117 0 	477.682 	3 	160
17012000000000 17012100000352 	7200022400 20886915994 930275 	7199092125 930275 0 0 0 	27417258 930275 0 	477.291 	3 	160
17037600000000 17037700000352 	7400023104 21467564468 950406 	7399072698 950406 0 0 0 	28009150 950406 0 	476.922 	3 	160
17063200000000 17063300000352 	7600023808 22048344091 970117 	7599053691 970117 0 0 0 	28589741 970117 0 	476.573 	3 	160
17088800000000 17088900000352 	7800024512 22629084205 989139 	7799035373 989139 0 0 0 	29149849 989139 0 	476.242 	3 	160
17114400000000 17114500000120 	8000024752 23209879001 1008013 	7999016739 1008013 0 0 0 	29710430 1008013 0 	475.848 	3 	160
17140000000000 17140100000120 	8200024992 23790649501 1027024 	8198997968 1027024 0 0 0 	30264045 1027024 0 	475.475 	3 	160
17165600000000 17165700000120 	8400025232 24371518884 1045470 	8398979762 1045470 0 0 0 	30807405 1045470 0 	475.12 	3 	160
17191200000000 17191300000120 	8600025472 24952291460 1063774 	8598961698 1063774 0 0 0 	31342006 1063774 0 	474.782 	3 	160
17216800000000 17216900000178 	8800025828 25533177220 1081758 	8798944070 1081758 0 0 0 	31871599 1081758 0 	474.387 	3 	160
17242400000000 17242500000178 	9000026184 26114120027 1099509 	8998926675 1099509 0 0 0 	32395082 1099509 0 	474.01 	3 	160
17268000000000 17268100000178 	9200026540 26694984856 1117295 	9198909245 1117295 0 0 0 	32928767 1117295 0 	473.65 	3 	160
17293600000000 17293700000178 	9400026896 27275943210 1134780 	9398892116 1134780 0 0 0 	33440207 1134780 0 	473.306 	3 	160
17319200000000 17319300000178 	9600027252 27856965912 1151953 	9598875299 1151953 0 0 0 	33941921 1151953 0 	472.976 	3 	160
17344800000000 17344900000355 	9800027962 28437933397 1169050 	9798858912 1169050 0 0 0 	34437133 1169050 0 	472.595 	3 	160
17370400000000 17370500000355 	10000028672 29018975115 1185857 	9998842815 1185857 0 0 0 	34928016 1185857 0 	472.23 	3 	160
17396000000000 17396100000355 	10200029382 29600032400 1202210 	10198827172 1202210 0 0 0 	35402805 1202210 0 	471.88 	3 	160
17421600000000 17421700000355 	10400030092 30181159617 1218753 	10398811339 1218753 0 0 0 	35888372 1218753 0 	471.543 	3 	160
17447200000000 17447300000355 	10600030802 30762258496 1234774 	10598796028 1234774 0 0 0 	36365262 1234774 0 	471.22 	3 	160
17472800000000 17472900000230 	10800031262 31343406398 1250714 	10798780548 1250714 0 0 0 	36835435 1250714 0 	470.829 	3 	160
17498400000000 17498500000230 	11000031722 31924540096 1266116 	10998765606 1266116 0 0 0 	37292214 1266116 0 	470.453 	3 	160
17524000000000 17524100000230 	11200032182 32505715944 1281423 	11198750759 1281423 0 0 0 	37739591 1281423 0 	470.091 	3 	160
17549600000000 17549700000230 	11400032642 33086909464 1296670 	11398735972 1296670 0 0 0 	38192875 1296670 0 	469.742 	3 	160
17575200000000 17575300000230 	11600033102 33668199083 1311724 	11598721378 1311724 0 0 0 	38642622 1311724 0 	469.406 	3 	160
17600800000000 17600900000320 	11800033742 34249428077 1326522 	11798707220 1326522 0 0 0 	39081251 1326522 0 	469.026 	3 	160
17626400000000 17626500000320 	12000034382 34830676546 1341157 	11998693225 1341157 0 0 0 	39514826 1341157 0 	468.659 	3 	160
17652000000000 17652100000320 	12200035022 35411983019 1355469 	12198679553 1355469 0 0 0 	39937226 1355469 0 	468.305 	3 	160
17677600000000 17677700000320 	12400035662 35993304298 1369495 	12398666167 1369495 0 0 0 	40348779 1369495 0 	467.963 	3 	160
17703200000000 17703300000400 	12600036462 36574659952 1383293 	12598653169 1383293 0 0 0 	40757178 1383293 0 	467.58 	3 	160
17728800000000 17728900000400 	12800037262 37156106143 1397189 	12798640073 1397189 0 0 0 	41165614 1397189 0 	467.21 	3 	160
17754400000000 17754500000400 	13000038062 37737504508 1410811 	12998627251 1410811 0 0 0 	41566650 1410811 0 	466.851 	3 	160
17780000000000 17780100000400 	13200038862 38318903128 1424227 	13198614635 1424227 0 0 0 	41964849 1424227 0 	466.504 	3 	160
17805600000000 17805700000400 	13400039662 38900412586 1437440 	13398602222 1437440 0 0 0 	42359562 1437440 0 	466.168 	3 	160
17831200000000 17831300000290 	13600040242 39481900230 1450294 	13598589948 1450294 0 0 0 	42745813 1450294 0 	465.793 	3 	160
17856800000000 17856900000290 	13800040822 40063412821 1463203 	13798577619 1463203 0 0 0 	43124804 1463203 0 	465.43 	3 	160
17882400000000 17882500000290 	14000041402 40644976955 1476099 	13998565303 1476099 0 0 0 	43507016 1476099 0 	465.078 	3 	160
17908000000000 17908100000290 	14200041982 41226588450 1488544 	14198553438 1488544 0 0 0 	43874557 1488544 0 	464.736 	3 	160
17933600000000 17933700000290 	14400042562 41808159053 1500966 	14398541596 1500966 0 0 0 	44237506 1500966 0 	464.405 	3 	160
17959200000000 17959300000249 	14600043060 42389771450 1512997 	14598530063 1512997 0 0 0 	44592377 1512997 0 	464.037 	3 	160
17984800000000 17984900000249 	14800043558 42971445470 1524864 	14798518694 1524864 0 0 0 	44933815 1524864 0 	463.679 	3 	160
18010400000000 18010500000249 	15000044056 43553117597 1536995 	14998507061 1536995 0 0 0 	45289434 1536995 0 	463.332 	3 	160
18036000000000 18036100000249 	15200044554 44134799579 1548666 	15198495888 1548666 0 0 0 	45631164 1548666 0 	462.994 	3 	160
18061600000000 18061700000249 	15400045052 44716498768 1560199 	15398484853 1560199 0 0 0 	45969723 1560199 0 	462.666 	3 	160
18087200000000 18087300000088 	15600045228 45298235370 1571456 	15598473772 1571456 0 0 0 	46299991 1571456 0 	462.304 	3 	160
18112800000000 18112900000088 	15800045404 45879996359 1582626 	15798462778 1582626 0 0 0 	46630573 1582626 0 	461.951 	3 	160
18138400000000 18138500000088 	16000045580 46461837081 1593724 	15998451856 1593724 0 0 0 	46954640 1593724 0 	461.607 	3 	160
18164000000000 18164100000088 	16200045756 47043722698 1604786 	16198440970 1604786 0 0 0 	47278659 1604786 0 	461.273 	3 	160
18189600000000 18189700000110 	16400045976 47625600480 1615661 	16398430315 1615661 0 0 0 	47601331 1615661 0 	460.92 	3 	160
18215200000000 18215300000110 	16600046196 48207461243 1626272 	16598419924 1626272 0 0 0 	47917110 1626272 0 	460.575 	3 	160
18240800000000 18240900000110 	16800046416 48789401016 1636793 	16798409623 1636793 0 0 0 	48228986 1636793 0 	460.24 	3 	160
18266400000000 18266500000110 	17000046636 49371333067 1647209 	16998399427 1647209 0 0 0 	48538889 1647209 0 	459.913 	3 	160
18292000000000 18292100000110 	17200046856 49953231544 1657505 	17198389351 1657505 0 0 0 	48839465 1657505 0 	459.594 	3 	160
18317600000000 18317700000189 	17400047234 50535192561 1667495 	17398379739 1667495 0 0 0 	49134808 1667495 0 	459.244 	3 	160
18343200000000 18343300000189 	17600047612 51117210872 1677401 	17598370211 1677401 0 0 0 	49427495 1677401 0 	458.902 	3 	160
18368800000000 18368900000189 	17800047990 51699323998 1687143 	17798360847 1687143 0 0 0 	49713541 1687143 0 	458.568 	3 	160
18394400000000 18394500000189 	18000048368 52281418410 1696810 	17998351558 1696810 0 0 0 	50001771 1696810 0 	458.243 	3 	160
18420000000000 18420100000189 	18200048746 52863527458 1706616 	18198342130 1706616 0 0 0 	50294481 1706616 0 	457.924 	3 	160
18445600000000 18445700000060 	18400048866 53445663756 1716039 	18398332827 1716039 0 0 0 	50572714 1716039 0 	457.577 	3 	160
18471200000000 18471300000060 	18600048986 54027832736 1725382 	18598323604 1725382 0 0 0 	50848906 1725382 0 	457.237 	3 	160
18496800000000 18496900000060 	18800049106 54610008936 1734580 	18798314526 1734580 0 0 0 	51121909 1734580 0 	456.905 	3 	160
18522400000000 18522500000060 	19000049226 55192234710 1743612 	18998305614 1743612 0 0 0 	51392794 1743612 0 	456.58 	3 	160
18548000000000 18548100000375 	19200049976 55774375965 1752646 	19198297330 1752646 0 0 0 	51655053 1752646 0 	456.227 	3 	160
18573600000000 18573700000375 	19400050726 56356614182 1761530 	19398289196 1761530 0 0 0 	51920469 1761530 0 	455.882 	3 	160
18599200000000 18599300000375 	19600051476 56938931773 1770390 	19598281086 1770390 0 0 0 	52182516 1770390 0 	455.544 	3 	160
18624800000000 18624900000375 	19800052226 57521220889 1778933 	19798273293 1778933 0 0 0 	52433337 1778933 0 	455.214 	3 	160
18650400000000 18650500000375 	20000052976 58103564706 1787421 	19998265555 1787421 0 0 0 	52681900 1787421 0 	454.89 	3 	160
18676000000000 18676100000074 	20200053124 58685907027 1795635 	20198257489 1795635 0 0 0 	52930574 1795635 0 	454.54 	3 	160
18701600000000 18701700000074 	20400053272 59268326640 1803787 	20398249485 1803787 0 0 0 	53171028 1803787 0 	454.196 	3 	160
18727200000000 18727300000074 	20600053420 59850750398 1811933 	20598241487 1811933 0 0 0 	53411385 1811933 0 	453.86 	3 	160
18752800000000 18752900000074 	20800053568 60433134032 1819968 	20798233600 1819968 0 0 0 	53649433 1819968 0 	453.531 	3 	160
18778400000000 18778500000074 	21000053716 61015534887 1827629 	20998226087 1827629 0 0 0 	53874262 1827629 0 	453.208 	3 	160
18804000000000 18804100000320 	21200054356 61598023281 1835440 	21198218916 1835440 0 0 0 	54110174 1835440 0 	452.87 	3 	160
18829600000000 18829700000320 	21400054996 62180506474 1843134 	21398211862 1843134 0 0 0 	54337666 1843134 0 	452.539 	3 	160
18855200000000 18855300000320 	21600055636 62762967878 1850797 	21598204839 1850797 0 0 0 	54562396 1850797 0 	452.215 	3 	160
18880800000000 18880900000320 	21800056276 63345556019 1858303 	21798197973 1858303 0 0 0 	54783752 1858303 0 	451.897 	3 	160
18906400000000 18906500000320 	22000056916 63928126238 1865691 	21998191225 1865691 0 0 0 	54996445 1865691 0 	451.585 	3 	160
18932000000000 18932100000353 	22200057622 64510745711 1873050 	22198184572 1873050 0 0 0 	55215023 1873050 0 	451.248 	3 	160
18957600000000 18957700000353 	22400058328 65093413022 1880124 	22398178204 1880124 0 0 0 	55422206 1880124 0 	450.917 	3 	160
18983200000000 18983300000353 	22600059034 65676054430 1887287 	22598171747 1887287 0 0 0 	55631301 1887287 0 	450.593 	3 	160
19008800000000 19008900000353 	22800059740 66258740219 1894462 	22798165278 1894462 0 0 0 	55838667 1894462 0 	450.275 	3 	160
19034400000000 19034500000044 	23000059828 66841475355 1901432 	22998158396 1901432 0 0 0 	56050702 1901432 0 	449.932 	3 	160
19060000000000 19060100000044 	23200059916 67424221229 1908317 	23198151599 1908317 0 0 0 	56254237 1908317 0 	449.596 	3 	160
19085600000000 19085700000044 	23400060004 68006987622 1915073 	23398144931 1915073 0 0 0 	56453786 1915073 0 	449.266 	3 	160
19111200000000 19111300000044 	23600060092 68589775333 1921569 	23598138523 1921569 0 0 0 	56650239 1921569 0 	448.942 	3 	160
19136800000000 19136900000044 	23800060180 69172563647 1928223 	23798131957 1928223 0 0 0 	56851885 1928223 0 	448.623 	3 	160
19162400000000 19162500000228 	24000060636 69755358762 1934696 	23998125940 1934696 0 0 0 	57047000 1934696 0 	448.291 	3 	160
19188000000000 19188100000228 	24200061092 70338161400 1941014 	24198120078 1941014 0 0 0 	57232870 1941014 0 	447.965 	3 	160
19213600000000 19213700000228 	24400061548 70921075329 1947211 	24398114337 1947211 0 0 0 	57413443 1947211 0 	447.645 	3 	160
19239200000000 19239300000228 	24600062004 71503972974 1953364 	24598108640 1953364 0 0 0 	57591712 1953364 0 	447.33 	3 	160
19264800000000 19264900000228 	24800062460 72086857653 1959477 	24798102983 1959477 0 0 0 	57771288 1959477 0 	447.021 	3 	160
19290400000000 19290500000091 	25000062642 72669793428 1965529 	24998097113 1965529 0 0 0 	57948241 1965529 0 	446.689 	3 	160
19316000000000 19316100000091 	25200062824 73252796601 1971415 	25198091409 1971415 0 0 0 	58121616 1971415 0 	446.362 	3 	160
19341600000000 19341700000091 	25400063006 73835804237 1977376 	25398085630 1977376 0 0 0 	58297679 1977376 0 	446.042 	3 	160
19367200000000 19367300000091 	25600063188 74418846352 1983137 	25598080051 1983137 0 0 0 	58469118 1983137 0 	445.726 	3 	160
19392800000000 19392900000091 	25800063370 75001873865 1988939 	25798074431 1988939 0 0 0 	58639118 1988939 0 	445.416 	3 	160
19418400000000 19418500000308 	26000063986 75585278214 2036403 	25998027583 2036403 0 0 0 	60040639 2036403 0 	445.839 	3 	160
19444000000000 19444100000308 	26200064602 76168734998 2083560 	26197981042 2083560 0 0 0 	61435154 2083560 0 	446.255 	3 	160
19469600000000 19469700000308 	26400065218 76752162090 2129741 	26397935477 2129741 0 0 0 	62807371 2129741 0 	446.667 	3 	160
19495200000000 19495300000308 	26600065834 77335591713 2175619 	26597890215 2175619 0 0 0 	64171421 2175619 0 	447.073 	3 	160
19520800000000 19520900000308 	26800066450 77919089201 2220743 	26797845707 2220743 0 0 0 	65507176 2220743 0 	447.473 	3 	160
19546400000000 19546500000308 	27000067066 78502577689 2265764 	26997801302 2265764 0 0 0 	66842043 2265764 0 	447.868 	3 	160
19572000000000 19572100000152 	27200067370 79086099529 2309858 	27197757512 2309858 0 0 0 	68141460 2309858 0 	448.235 	3 	160
19597600000000 19597700000152 	27400067674 79669635417 2353715 	27397713959 2353715 0 0 0 	69438240 2353715 0 	448.598 	3 	160
19623200000000 19623300000152 	27600067978 80253204222 2397517 	27597670461 2397517 0 0 0 	70736922 2397517 0 	448.955 	3 	160
19648800000000 19648900000152 	27800068282 80836760029 2440357 	27797627925 2440357 0 0 0 	72005640 2440357 0 	449.308 	3 	160
19674400000000 19674500000152 	28000068586 81420303511 2482417 	27997586169 2482417 0 0 0 	73264125 2482417 0 	449.657 	3 	160
19700000000000 19700100000000 	28200068586 82003925358 2524111 	28197544475 2524111 0 0 0 	74496009 2524111 0 	449.978 	3 	160
19725600000000 19725700000000 	28400068586 82587595968 2565609 	28397502977 2565609 0 0 0 	75713576 2565609 0 	450.296 	3 	160
19751200000000 19751300000000 	28600068586 83171278000 2606866 	28597461720 2606866 0 0 0 	76937080 2606866 0 	450.609 	3 	160
19776800000000 19776900000000 	28800068586 83754949525 2647479 	28797421107 2647479 0 0 0 	78146543 2647479 0 	450.918 	3 	160
19802400000000 19802500000000 	29000068586 84338717242 2687791 	28997380795 2687791 0 0 0 	79343433 2687791 0 	451.224 	3 	160
19828000000000 19828100000000 	29200068586 84922473471 2727412 	29197341174 2727412 0 0 0 	80522927 2727412 0 	451.525 	3 	160
19853600000000 19853700000048 	29400068682 85506205681 2767004 	29397301678 2767004 0 0 0 	81697992 2767004 0 	451.801 	3 	160
19879200000000 19879300000048 	29600068778 86089956998 2806237 	29597262541 2806237 0 0 0 	82876567 2806237 0 	452.073 	3 	160
19904800000000 19904900000048 	29800068874 86673766934 2844579 	29797224295 2844579 0 0 0 	84015537 2844579 0 	452.342 	3 	160
19930400000000 19930500000048 	30000068970 87257575452 2882554 	29997186416 2882554 0 0 0 	85138436 2882554 0 	452.608 	3 	160
19956000000000 19956100000048 	30200069066 87841428484 2920283 	30197148783 2920283 0 0 0 	86250781 2920283 0 	452.87 	3 	160
19981600000000 19981700000048 	30400069162 88425278499 2957710 	30397111452 2957710 0 0 0 	87365615 2957710 0 	453.129 	3 	160
