16116700000000 16116800000476 	200000952 579756231 32884 	199968068 32884 0 0 0 	963525 32884 0 	492 	3 	167
16142300000000 16142400000011 	400000974 1159550901 64772 	399936202 64772 0 0 0 	1897132 64772 0 	490.495 	3 	167
16167900000000 16168000000011 	600000996 1739307447 96369 	599904627 96369 0 0 0 	2825487 96369 0 	489.996 	3 	167
16193500000000 16193600000011 	800001018 2319129775 127443 	799873575 127443 0 0 0 	3739194 127443 0 	489.747 	3 	167
16219100000000 16219200000011 	1000001040 2898960863 158451 	999842589 158451 0 0 0 	4648049 158451 0 	489.597 	3 	167
16244700000000 16244800000210 	1200001460 3478805490 188512 	1199812948 188512 0 0 0 	5534327 188512 0 	488.825 	3 	167
16270300000000 16270400000210 	1400001880 4058755716 218325 	1399783555 218325 0 0 0 	6409918 218325 0 	488.275 	3 	167
16295900000000 16296000000210 	1600002300 4638645727 247652 	1599754648 247652 0 0 0 	7282938 247652 0 	487.863 	3 	167
16321500000000 16321600000210 	1800002720 5218600546 277032 	1799725688 277032 0 0 0 	8138863 277032 0 	487.543 	3 	167
16347100000000 16347200000210 	2000003140 5798558481 305548 	1999697592 305548 0 0 0 	8982143 305548 0 	487.288 	3 	167
16372700000000 16372800000381 	2200003902 6378617768 334095 	2199669807 334095 0 0 0 	9821023 334095 0 	486.709 	3 	167
16398300000000 16398400000381 	2400004664 6958644520 362230 	2399642434 362230 0 0 0 	10642110 362230 0 	486.228 	3 	167
16423900000000 16424000000381 	2600005426 7538664828 390121 	2599615305 390121 0 0 0 	11457719 390121 0 	485.822 	3 	167
16449500000000 16449600000381 	2800006188 8118731290 417608 	2799588580 417608 0 0 0 	12267400 417608 0 	485.474 	3 	167
16475100000000 16475200000381 	3000006950 8698802914 444655 	2999562295 444655 0 0 0 	13068468 444655 0 	485.174 	3 	167
16500700000000 16500800000468 	3200007886 9278973543 471259 	3199536627 471259 0 0 0 	13852128 471259 0 	484.719 	3 	167
16526300000000 16526400000468 	3400008822 9859153912 497562 	3399511260 497562 0 0 0 	14621834 497562 0 	484.318 	3 	167
16551900000000 16552000000468 	3600009758 10439280534 523489 	3599486269 523489 0 0 0 	15387097 523489 0 	483.963 	3 	167
16577500000000 16577600000468 	3800010694 11019522356 549182 	3799461512 549182 0 0 0 	16142873 549182 0 	483.646 	3 	167
16603100000000 16603200000468 	4000011630 11599821212 574087 	3999437543 574087 0 0 0 	16877823 574087 0 	483.36 	3 	167
16628700000000 16628800000254 	4200012138 12180169705 599012 	4199413126 599012 0 0 0 	17601659 599012 0 	482.906 	3 	167
16654300000000 16654400000254 	4400012646 12760498622 623355 	4399389291 623355 0 0 0 	18316528 623355 0 	482.494 	3 	167
16679900000000 16680000000254 	4600013154 13340814811 647575 	4599365579 647575 0 0 0 	19017528 647575 0 	482.118 	3 	167
16705500000000 16705600000254 	4800013662 13921128853 671313 	4799342349 671313 0 0 0 	19707523 671313 0 	481.774 	3 	167
16731100000000 16731200000365 	5000014392 14501507374 694611 	4999319781 694611 0 0 0 	20391499 694611 0 	481.334 	3 	167
16756700000000 16756800000365 	5200015122 15081894319 717926 	5199297196 717926 0 0 0 	21073475 717926 0 	480.928 	3 	167
16782300000000 16782400000365 	5400015852 15662278523 740744 	5399275108 740744 0 0 0 	21742387 740744 0 	480.553 	3 	167
16807900000000 16808000000365 	5600016582 16242804322 763393 	5599253189 763393 0 0 0 	22411368 763393 0 	480.205 	3 	167
16833500000000 16833600000365 	5800017312 16823312997 785611 	5799231701 785611 0 0 0 	23061574 785611 0 	479.882 	3 	167
16859100000000 16859200000368 	6000018048 17403797384 807481 	5999210567 807481 0 0 0 	23701320 807481 0 	479.476 	3 	167
16884700000000 16884800000368 	6200018784 17984354548 828905 	6199189879 828905 0 0 0 	24337611 828905 0 	479.097 	3 	167
16910300000000 16910400000368 	6400019520 18564864451 850375 	6399169145 850375 0 0 0 	24963346 850375 0 	478.742 	3 	167
16935900000000 16936000000368 	6600020256 19145438472 871250 	6599149006 871250 0 0 0 	25580839 871250 0 	478.41 	3 	167
16961500000000 16961600000368 	6800020992 19726101756 891875 	6799129117 891875 0 0 0 	26189830 891875 0 	478.097 	3 	167
16987100000000 16987200000352 	7000021696 20306759043 912412 	6999109284 912412 0 0 0 	26794380 912412 0 	477.682 	3 	167
17012700000000 17012800000352 	7200022400 20887443434 932703 	7199089697 932703 0 0 0 	27388845 932703 0 	477.291 	3 	167
17038300000000 17038400000352 	7400023104 21468135206 952617 	7399070487 952617 0 0 0 	27976430 952617 0 	476.922 	3 	167
17063900000000 17064000000352 	7600023808 22048895294 972219 	7599051589 972219 0 0 0 	28549714 972219 0 	476.573 	3 	167
17089500000000 17089600000352 	7800024512 22629709470 991705 	7799032807 991705 0 0 0 	29126199 991705 0 	476.242 	3 	167
17115100000000 17115200000120 	8000024752 23210554271 1010850 	7999013902 1010850 0 0 0 	29687993 1010850 0 	475.848 	3 	167
17140700000000 17140800000120 	8200024992 23791363310 1029571 	8198995421 1029571 0 0 0 	30249524 1029571 0 	475.475 	3 	167
17166300000000 17166400000120 	8400025232 24372100616 1048061 	8398977171 1048061 0 0 0 	30788828 1048061 0 	475.12 	3 	167
17191900000000 17192000000120 	8600025472 24952981169 1066502 	8598958970 1066502 0 0 0 	31333201 1066502 0 	474.782 	3 	167
17217500000000 17217600000178 	8800025828 25533869241 1084571 	8798941257 1084571 0 0 0 	31863538 1084571 0 	474.387 	3 	167
17243100000000 17243200000178 	9000026184 26114738727 1102540 	8998923644 1102540 0 0 0 	32387283 1102540 0 	474.01 	3 	167
17268700000000 17268800000178 	9200026540 26695645413 1120144 	9198906396 1120144 0 0 0 	32901526 1120144 0 	473.65 	3 	167
17294300000000 17294400000178 	9400026896 27276567419 1137533 	9398889363 1137533 0 0 0 	33412184 1137533 0 	473.306 	3 	167
17319900000000 17320000000178 	9600027252 27857534481 1154686 	9598872566 1154686 0 0 0 	33923166 1154686 0 	472.976 	3 	167
17345500000000 17345600000355 	9800027962 28438536851 1171642 	9798856320 1171642 0 0 0 	34425985 1171642 0 	472.595 	3 	167
17371100000000 17371200000355 	10000028672 29019571428 1188206 	9998840466 1188206 0 0 0 	34912969 1188206 0 	472.23 	3 	167
17396700000000 17396800000355 	10200029382 29600602846 1204746 	10198824636 1204746 0 0 0 	35408014 1204746 0 	471.88 	3 	167
17422300000000 17422400000355 	10400030092 30181675706 1221031 	10398809061 1221031 0 0 0 	35887520 1221031 0 	471.543 	3 	167
17447900000000 17448000000355 	10600030802 30762715652 1236980 	10598793822 1236980 0 0 0 	36357713 1236980 0 	471.22 	3 	167
17473500000000 17473600000230 	10800031262 31343897407 1252820 	10798778442 1252820 0 0 0 	36817539 1252820 0 	470.829 	3 	167
17499100000000 17499200000230 	11000031722 31925050702 1268465 	10998763257 1268465 0 0 0 	37277014 1268465 0 	470.453 	3 	167
17524700000000 17524800000230 	11200032182 32506146017 1283887 	11198748295 1283887 0 0 0 	37733302 1283887 0 	470.091 	3 	167
17550300000000 17550400000230 	11400032642 33087369723 1299171 	11398733471 1299171 0 0 0 	38184306 1299171 0 	469.742 	3 	167
17575900000000 17576000000230 	11600033102 33668616868 1314303 	11598718799 1314303 0 0 0 	38626229 1314303 0 	469.406 	3 	167
17601500000000 17601600000320 	11800033742 34249833561 1328973 	11798704769 1328973 0 0 0 	39051634 1328973 0 	469.026 	3 	167
17627100000000 17627200000320 	12000034382 34831126068 1343489 	11998690893 1343489 0 0 0 	39479781 1343489 0 	468.659 	3 	167
17652700000000 17652800000320 	12200035022 35412396749 1357969 	12198677053 1357969 0 0 0 	39906085 1357969 0 	468.305 	3 	167
17678300000000 17678400000320 	12400035662 35993690884 1372057 	12398663605 1372057 0 0 0 	40322166 1372057 0 	467.963 	3 	167
17703900000000 17704000000400 	12600036462 36575014564 1386014 	12598650448 1386014 0 0 0 	40734116 1386014 0 	467.58 	3 	167
17729500000000 17729600000400 	12800037262 37156417487 1399993 	12798637269 1399993 0 0 0 	41145007 1399993 0 	467.21 	3 	167
17755100000000 17755200000400 	13000038062 37737860379 1413564 	12998624498 1413564 0 0 0 	41552487 1413564 0 	466.851 	3 	167
17780700000000 17780800000400 	13200038862 38319362216 1426844 	13198612018 1426844 0 0 0 	41946657 1426844 0 	466.504 	3 	167
17806300000000 17806400000400 	13400039662 38900889840 1440246 	13398599416 1440246 0 0 0 	42340839 1440246 0 	466.168 	3 	167
17831900000000 17832000000290 	13600040242 39482404251 1453334 	13598586908 1453334 0 0 0 	42724462 1453334 0 	465.793 	3 	167
17857500000000 17857600000290 	13800040822 40063907436 1466362 	13798574460 1466362 0 0 0 	43108577 1466362 0 	465.43 	3 	167
17883100000000 17883200000290 	14000041402 40645487688 1479081 	13998562321 1479081 0 0 0 	43481583 1479081 0 	465.078 	3 	167
17908700000000 17908800000290 	14200041982 41227099855 1491697 	14198550285 1491697 0 0 0 	43857851 1491697 0 	464.736 	3 	167
17934300000000 17934400000290 	14400042562 41808693161 1504187 	14398538375 1504187 0 0 0 	44222479 1504187 0 	464.405 	3 	167
17959900000000 17960000000249 	14600043060 42390296183 1516286 	14598526774 1516286 0 0 0 	44577622 1516286 0 	464.037 	3 	167
17985500000000 17985600000249 	14800043558 42972001399 1528265 	14798515293 1528265 0 0 0 	44930566 1528265 0 	463.679 	3 	167
18011100000000 18011200000249 	15000044056 43553656148 1540412 	14998503644 1540412 0 0 0 	45289772 1540412 0 	463.332 	3 	167
18036700000000 18036800000249 	15200044554 44135304772 1552216 	15198492338 1552216 0 0 0 	45639744 1552216 0 	462.994 	3 	167
18062300000000 18062400000088 	15400044730 44717007375 1563714 	15398481016 1563714 0 0 0 	45974432 1563714 0 	462.622 	3 	167
18087900000000 18088000000088 	15600044906 45298769050 1575115 	15598469791 1575115 0 0 0 	46304285 1575115 0 	462.261 	3 	167
18113500000000 18113600000088 	15800045082 45880530686 1586387 	15798458695 1586387 0 0 0 	46642578 1586387 0 	461.908 	3 	167
18139100000000 18139200000088 	16000045258 46462419253 1597518 	15998447740 1597518 0 0 0 	46969154 1597518 0 	461.566 	3 	167
18164700000000 18164800000088 	16200045434 47044267227 1608317 	16198437117 1608317 0 0 0 	47285870 1608317 0 	461.232 	3 	167
18190300000000 18190400000110 	16400045654 47626114022 1619154 	16398426500 1619154 0 0 0 	47606784 1619154 0 	460.879 	3 	167
18215900000000 18216000000110 	16600045874 48207966635 1629825 	16598416049 1629825 0 0 0 	47918249 1629825 0 	460.535 	3 	167
18241500000000 18241600000110 	16800046094 48789861064 1640339 	16798405755 1640339 0 0 0 	48231120 1640339 0 	460.2 	3 	167
18267100000000 18267200000110 	17000046314 49371793837 1650779 	16998395535 1650779 0 0 0 	48539188 1650779 0 	459.874 	3 	167
18292700000000 18292800000110 	17200046534 49953760777 1661017 	17198385517 1661017 0 0 0 	48839608 1661017 0 	459.555 	3 	167
18318300000000 18318400000189 	17400046912 50535787758 1671207 	17398375705 1671207 0 0 0 	49135462 1671207 0 	459.206 	3 	167
18343900000000 18344000000189 	17600047290 51117805451 1681153 	17598366137 1681153 0 0 0 	49428658 1681153 0 	458.864 	3 	167
18369500000000 18369600000189 	17800047668 51699843443 1690988 	17798356680 1690988 0 0 0 	49715551 1690988 0 	458.531 	3 	167
18395100000000 18395200000189 	18000048046 52281926706 1700688 	17998347358 1700688 0 0 0 	50000141 1700688 0 	458.206 	3 	167
18420700000000 18420800000189 	18200048424 52864007729 1710401 	18198338023 1710401 0 0 0 	50290377 1710401 0 	457.888 	3 	167
18446300000000 18446400000060 	18400048544 53446077731 1719856 	18398328688 1719856 0 0 0 	50571630 1719856 0 	457.541 	3 	167
18471900000000 18472000000060 	18600048664 54028246710 1729127 	18598319537 1729127 0 0 0 	50845515 1729127 0 	457.202 	3 	167
18497500000000 18497600000060 	18800048784 54610348003 1738334 	18798310450 1738334 0 0 0 	51116366 1738334 0 	456.87 	3 	167
18523100000000 18523200000060 	19000048904 55192560455 1747377 	18998301527 1747377 0 0 0 	51381953 1747377 0 	456.546 	3 	167
18548700000000 18548800000375 	19200049654 55774785983 1756428 	19198293226 1756428 0 0 0 	51653234 1756428 0 	456.193 	3 	167
18574300000000 18574400000375 	19400050404 56357033612 1765272 	19398285132 1765272 0 0 0 	51914788 1765272 0 	455.848 	3 	167
18599900000000 18600000000375 	19600051154 56939310616 1774043 	19598277111 1774043 0 0 0 	52173931 1774043 0 	455.511 	3 	167
18625500000000 18625600000375 	19800051904 57521628077 1782602 	19798269302 1782602 0 0 0 	52428986 1782602 0 	455.181 	3 	167
18651100000000 18651200000375 	20000052654 58103915579 1790979 	19998261675 1790979 0 0 0 	52676982 1790979 0 	454.858 	3 	167
18676700000000 18676800000074 	20200052802 58686311803 1799371 	20198253431 1799371 0 0 0 	52924072 1799371 0 	454.507 	3 	167
18702300000000 18702400000074 	20400052950 59268718238 1807542 	20398245408 1807542 0 0 0 	53163853 1807542 0 	454.165 	3 	167
18727900000000 18728000000074 	20600053098 59851125203 1815564 	20598237534 1815564 0 0 0 	53401059 1815564 0 	453.829 	3 	167
18753500000000 18753600000074 	20800053246 60433503766 1823627 	20798229619 1823627 0 0 0 	53640996 1823627 0 	453.5 	3 	167
18779100000000 18779200000074 	21000053394 61015953767 1831580 	20998221814 1831580 0 0 0 	53871777 1831580 0 	453.178 	3 	167
18804700000000 18804800000320 	21200054034 61598406384 1839456 	21198214578 1839456 0 0 0 	54106596 1839456 0 	452.84 	3 	167
18830300000000 18830400000320 	21400054674 62180859246 1846978 	21398207696 1846978 0 0 0 	54332357 1846978 0 	452.509 	3 	167
18855900000000 18856000000320 	21600055314 62763390633 1854509 	21598200805 1854509 0 0 0 	54550882 1854509 0 	452.185 	3 	167
18881500000000 18881600000320 	21800055954 63345924445 1861997 	21798193957 1861997 0 0 0 	54776078 1861997 0 	451.868 	3 	167
18907100000000 18907200000320 	22000056594 63928481519 1869393 	21998187201 1869393 0 0 0 	54992627 1869393 0 	451.556 	3 	167
18932700000000 18932800000353 	22200057300 64511112313 1876543 	22198180757 1876543 0 0 0 	55201462 1876543 0 	451.219 	3 	167
18958300000000 18958400000353 	22400058006 65093769805 1883720 	22398174286 1883720 0 0 0 	55417555 1883720 0 	450.889 	3 	167
18983900000000 18984000000353 	22600058712 65676446833 1890799 	22598167913 1890799 0 0 0 	55629295 1890799 0 	450.565 	3 	167
19009500000000 19009600000353 	22800059418 66259109026 1897635 	22798161783 1897635 0 0 0 	55830428 1897635 0 	450.247 	3 	167
19035100000000 19035200000044 	23000059506 66841814343 1904478 	22998155028 1904478 0 0 0 	56032521 1904478 0 	449.905 	3 	167
19060700000000 19060800000044 	23200059594 67424487828 1911318 	23198148276 1911318 0 0 0 	56232650 1911318 0 	449.568 	3 	167
19086300000000 19086400000044 	23400059682 68007209127 1918006 	23398141676 1918006 0 0 0 	56430045 1918006 0 	449.239 	3 	167
19111900000000 19112000000044 	23600059770 68590055508 1924706 	23598135064 1924706 0 0 0 	56627715 1924706 0 	448.915 	3 	167
19137500000000 19137600000044 	23800059858 69172894728 1931215 	23798128643 1931215 0 0 0 	56821055 1931215 0 	448.597 	3 	167
19163100000000 19163200000228 	24000060314 69755758234 1937637 	23998122677 1937637 0 0 0 	57011231 1937637 0 	448.265 	3 	167
19188700000000 19188800000228 	24200060770 70338619027 1943977 	24198116793 1943977 0 0 0 	57198983 1943977 0 	447.939 	3 	167
19214300000000 19214400000228 	24400061226 70921472482 1950284 	24398110942 1950284 0 0 0 	57382976 1950284 0 	447.619 	3 	167
19239900000000 19240000000228 	24600061682 71504372244 1956495 	24598105187 1956495 0 0 0 	57571203 1956495 0 	447.305 	3 	167
19265500000000 19265600000228 	24800062138 72087308308 1962656 	24798099482 1962656 0 0 0 	57753670 1962656 0 	446.996 	3 	167
19291100000000 19291200000091 	25000062320 72670299815 1968804 	24998093516 1968804 0 0 0 	57937532 1968804 0 	446.664 	3 	167
19316700000000 19316800000091 	25200062502 73253287225 1974807 	25198087695 1974807 0 0 0 	58113453 1974807 0 	446.338 	3 	167
19342300000000 19342400000091 	25400062684 73836261065 1980663 	25398082021 1980663 0 0 0 	58288259 1980663 0 	446.017 	3 	167
19367900000000 19368000000091 	25600062866 74419218665 1986499 	25598076367 1986499 0 0 0 	58460180 1986499 0 	445.702 	3 	167
19393500000000 19393600000091 	25800063048 75002287462 1992267 	25798070781 1992267 0 0 0 	58631936 1992267 0 	445.392 	3 	167
19419100000000 19419200000308 	26000063664 75585648594 2039488 	25998024176 2039488 0 0 0 	60019769 2039488 0 	445.815 	3 	167
19444700000000 19444800000308 	26200064280 76169076743 2086054 	26197978226 2086054 0 0 0 	61400560 2086054 0 	446.232 	3 	167
19470300000000 19470400000308 	26400064896 76752517877 2132551 	26397932345 2132551 0 0 0 	62760898 2132551 0 	446.643 	3 	167
19495900000000 19496000000308 	26600065512 77335974100 2178051 	26597887461 2178051 0 0 0 	64101290 2178051 0 	447.049 	3 	167
19521500000000 19521600000308 	26800066128 77919471599 2223295 	26797842833 2223295 0 0 0 	65441967 2223295 0 	447.45 	3 	167
19547100000000 19547200000152 	27000066432 78502932886 2267975 	26997798457 2267975 0 0 0 	66769643 2267975 0 	447.822 	3 	167
19572700000000 19572800000152 	27200066736 79086448313 2312769 	27197753967 2312769 0 0 0 	68093270 2312769 0 	448.189 	3 	167
19598300000000 19598400000152 	27400067040 79669922841 2356302 	27397710738 2356302 0 0 0 	69385785 2356302 0 	448.552 	3 	167
19623900000000 19624000000152 	27600067344 80253550959 2399359 	27597667985 2399359 0 0 0 	70653492 2399359 0 	448.91 	3 	167
19649500000000 19649600000152 	27800067648 80837122856 2442156 	27797625492 2442156 0 0 0 	71917347 2442156 0 	449.263 	3 	167
19675100000000 19675200000152 	28000067952 81420696215 2484261 	27997583691 2484261 0 0 0 	73156494 2484261 0 	449.612 	3 	167
19700700000000 19700800000000 	28200067952 82004310198 2525922 	28197542030 2525922 0 0 0 	74378575 2525922 0 	449.933 	3 	167
19726300000000 19726400000000 	28400067952 82587959130 2567140 	28397500812 2567140 0 0 0 	75593090 2567140 0 	450.251 	3 	167
19751900000000 19752000000000 	28600067952 83171658221 2608393 	28597459559 2608393 0 0 0 	76816121 2608393 0 	450.564 	3 	167
19777500000000 19777600000000 	28800067952 83755457453 2648933 	28797419019 2648933 0 0 0 	78016087 2648933 0 	450.874 	3 	167
19803100000000 19803200000000 	29000067952 84339141988 2689403 	28997378549 2689403 0 0 0 	79213273 2689403 0 	451.18 	3 	167
19828700000000 19828800000000 	29200067952 84922862859 2729217 	29197338735 2729217 0 0 0 	80391149 2729217 0 	451.482 	3 	167
19854300000000 19854400000048 	29400068048 85506582109 2768390 	29397299658 2768390 0 0 0 	81545324 2768390 0 	451.757 	3 	167
19879900000000 19880000000048 	29600068144 86090383815 2807282 	29597260862 2807282 0 0 0 	82695391 2807282 0 	452.03 	3 	167
19905500000000 19905600000048 	29800068240 86674233489 2845791 	29797222449 2845791 0 0 0 	83837352 2845791 0 	452.299 	3 	167
19931100000000 19931200000048 	30000068336 87258076285 2883897 	29997184439 2883897 0 0 0 	84975172 2883897 0 	452.565 	3 	167
19956700000000 19956800000048 	30200068432 87841906415 2921530 	30197146902 2921530 0 0 0 	86093138 2921530 0 	452.827 	3 	167
19982300000000 19982400000048 	30400068528 88425787302 2958822 	30397109706 2958822 0 0 0 	87192241 2958822 0 	453.087 	3 	167
