16119100000000 16119200000476 	200000952 579740914 32509 	199968443 32509 0 0 0 	957620 32509 0 	492 	3 	191
16144700000000 16144800000011 	400000974 1159513887 64322 	399936652 64322 0 0 0 	1890593 64322 0 	490.495 	3 	191
16170300000000 16170400000011 	600000996 1739275817 96066 	599904930 96066 0 0 0 	2822546 96066 0 	489.996 	3 	191
16195900000000 16196000000011 	800001018 2319097207 127271 	799873747 127271 0 0 0 	3743300 127271 0 	489.747 	3 	191
16221500000000 16221600000011 	1000001040 2898931980 158173 	999842867 158173 0 0 0 	4657859 158173 0 	489.597 	3 	191
16247100000000 16247200000210 	1200001460 3478806051 188430 	1199813030 188430 0 0 0 	5538094 188430 0 	488.825 	3 	191
16272700000000 16272800000210 	1400001880 4058698324 218192 	1399783688 218192 0 0 0 	6411148 218192 0 	488.275 	3 	191
16298300000000 16298400000210 	1600002300 4638682929 247842 	1599754458 247842 0 0 0 	7288589 247842 0 	487.863 	3 	191
16323900000000 16324000000210 	1800002720 5218611894 276960 	1799725760 276960 0 0 0 	8141117 276960 0 	487.543 	3 	191
16349500000000 16349600000210 	2000003140 5798578663 305512 	1999697628 305512 0 0 0 	8974294 305512 0 	487.288 	3 	191
16375100000000 16375200000381 	2200003902 6378572240 333903 	2199669999 333903 0 0 0 	9799501 333903 0 	486.709 	3 	191
16400700000000 16400800000381 	2400004664 6958648937 361615 	2399643049 361615 0 0 0 	10611481 361615 0 	486.228 	3 	191
16426300000000 16426400000381 	2600005426 7538675048 388893 	2599616533 388893 0 0 0 	11416007 388893 0 	485.822 	3 	191
16451900000000 16452000000381 	2800006188 8118767559 416133 	2799590055 416133 0 0 0 	12216047 416133 0 	485.474 	3 	191
16477500000000 16477600000381 	3000006950 8698829002 442784 	2999564166 442784 0 0 0 	13004338 442784 0 	485.174 	3 	191
16503100000000 16503200000468 	3200007886 9278985187 469385 	3199538501 469385 0 0 0 	13779842 469385 0 	484.719 	3 	191
16528700000000 16528800000468 	3400008822 9859140485 495468 	3399513354 495468 0 0 0 	14541949 495468 0 	484.318 	3 	191
16554300000000 16554400000468 	3600009758 10439272781 521106 	3599488652 521106 0 0 0 	15302421 521106 0 	483.963 	3 	191
16579900000000 16580000000468 	3800010694 11019483078 546480 	3799464214 546480 0 0 0 	16053175 546480 0 	483.646 	3 	191
16605500000000 16605600000468 	4000011630 11599732438 571356 	3999440274 571356 0 0 0 	16772988 571356 0 	483.36 	3 	191
16631100000000 16631200000254 	4200012138 12179968549 595852 	4199416286 595852 0 0 0 	17490862 595852 0 	482.906 	3 	191
16656700000000 16656800000254 	4400012646 12760259739 620342 	4399392304 620342 0 0 0 	18204947 620342 0 	482.494 	3 	191
16682300000000 16682400000254 	4600013154 13340624383 644375 	4599368779 644375 0 0 0 	18911736 644375 0 	482.118 	3 	191
16707900000000 16708000000254 	4800013662 13920961408 667833 	4799345829 667833 0 0 0 	19607336 667833 0 	481.774 	3 	191
16733500000000 16733600000365 	5000014392 14501360074 691382 	4999323010 691382 0 0 0 	20309997 691382 0 	481.334 	3 	191
16759100000000 16759200000365 	5200015122 15081684942 714496 	5199300626 714496 0 0 0 	20992695 714496 0 	480.928 	3 	191
16784700000000 16784800000365 	5400015852 15662105818 737335 	5399278517 737335 0 0 0 	21655934 737335 0 	480.553 	3 	191
16810300000000 16810400000365 	5600016582 16242599249 759833 	5599256749 759833 0 0 0 	22320542 759833 0 	480.205 	3 	191
16835900000000 16836000000365 	5800017312 16823095730 782069 	5799235243 782069 0 0 0 	22978290 782069 0 	479.882 	3 	191
16861500000000 16861600000368 	6000018048 17403601251 804144 	5999213904 804144 0 0 0 	23629142 804144 0 	479.476 	3 	191
16887100000000 16887200000368 	6200018784 17984164215 825724 	6199193060 825724 0 0 0 	24261724 825724 0 	479.097 	3 	191
16912700000000 16912800000368 	6400019520 18564674529 847046 	6399172474 847046 0 0 0 	24892067 847046 0 	478.742 	3 	191
16938300000000 16938400000368 	6600020256 19145253024 868009 	6599152247 868009 0 0 0 	25518635 868009 0 	478.41 	3 	191
16963900000000 16964000000368 	6800020992 19725876327 888590 	6799132402 888590 0 0 0 	26106793 888590 0 	478.097 	3 	191
16989500000000 16989600000352 	7000021696 20306482125 908902 	6999112794 908902 0 0 0 	26703638 908902 0 	477.682 	3 	191
17015100000000 17015200000352 	7200022400 20887119814 928881 	7199093519 928881 0 0 0 	27290786 928881 0 	477.291 	3 	191
17040700000000 17040800000352 	7400023104 21467781967 948699 	7399074405 948699 0 0 0 	27870983 948699 0 	476.922 	3 	191
17066300000000 17066400000352 	7600023808 22048486799 968304 	7599055504 968304 0 0 0 	28445767 968304 0 	476.573 	3 	191
17091900000000 17092000000352 	7800024512 22629229050 987675 	7799036837 987675 0 0 0 	29017542 987675 0 	476.242 	3 	191
17117500000000 17117600000120 	8000024752 23210011662 1006801 	7999017951 1006801 0 0 0 	29575872 1006801 0 	475.848 	3 	191
17143100000000 17143200000120 	8200024992 23790827460 1025772 	8198999220 1025772 0 0 0 	30143724 1025772 0 	475.475 	3 	191
17168700000000 17168800000120 	8400025232 24371687066 1044441 	8398980791 1044441 0 0 0 	30700744 1044441 0 	475.12 	3 	191
17194300000000 17194400000120 	8600025472 24952544426 1062671 	8598962801 1062671 0 0 0 	31236652 1062671 0 	474.782 	3 	191
17219900000000 17220000000178 	8800025828 25533435474 1080745 	8798945083 1080745 0 0 0 	31773113 1080745 0 	474.387 	3 	191
17245500000000 17245600000178 	9000026184 26114324142 1098797 	8998927387 1098797 0 0 0 	32303278 1098797 0 	474.01 	3 	191
17271100000000 17271200000178 	9200026540 26695245069 1116460 	9198910080 1116460 0 0 0 	32823670 1116460 0 	473.65 	3 	191
17296700000000 17296800000178 	9400026896 27276160882 1133847 	9398893049 1133847 0 0 0 	33338769 1133847 0 	473.306 	3 	191
17322300000000 17322400000178 	9600027252 27857181791 1150939 	9598876313 1150939 0 0 0 	33842805 1150939 0 	472.976 	3 	191
17347900000000 17348000000355 	9800027962 28438200712 1167688 	9798860274 1167688 0 0 0 	34336202 1167688 0 	472.595 	3 	191
17373500000000 17373600000355 	10000028672 29019273641 1184226 	9998844446 1184226 0 0 0 	34827705 1184226 0 	472.23 	3 	191
17399100000000 17399200000355 	10200029382 29600303832 1200755 	10198828627 1200755 0 0 0 	35309863 1200755 0 	471.88 	3 	191
17424700000000 17424800000355 	10400030092 30181369677 1217007 	10398813085 1217007 0 0 0 	35782683 1217007 0 	471.543 	3 	191
17450300000000 17450400000355 	10600030802 30762446765 1233042 	10598797760 1233042 0 0 0 	36256031 1233042 0 	471.22 	3 	191
17475900000000 17476000000230 	10800031262 31343612565 1248876 	10798782386 1248876 0 0 0 	36723384 1248876 0 	470.829 	3 	191
17501500000000 17501600000230 	11000031722 31924830397 1264431 	10998767291 1264431 0 0 0 	37189960 1264431 0 	470.453 	3 	191
17527100000000 17527200000230 	11200032182 32506014733 1279824 	11198752358 1279824 0 0 0 	37639070 1279824 0 	470.091 	3 	191
17552700000000 17552800000230 	11400032642 33087244288 1294947 	11398737695 1294947 0 0 0 	38083289 1294947 0 	469.742 	3 	191
17578300000000 17578400000320 	11600033282 33668521901 1310048 	11598723234 1310048 0 0 0 	38528807 1310048 0 	469.349 	3 	191
17603900000000 17604000000320 	11800033922 34249773508 1324936 	11798708986 1324936 0 0 0 	38964577 1324936 0 	468.971 	3 	191
17629500000000 17629600000320 	12000034562 34831072313 1339504 	11998695058 1339504 0 0 0 	39397062 1339504 0 	468.605 	3 	191
17655100000000 17655200000320 	12200035202 35412361283 1353796 	12198681406 1353796 0 0 0 	39819567 1353796 0 	468.252 	3 	191
17680700000000 17680800000320 	12400035842 35993722041 1367906 	12398667936 1367906 0 0 0 	40233823 1367906 0 	467.911 	3 	191
17706300000000 17706400000400 	12600036642 36575104329 1381888 	12598654754 1381888 0 0 0 	40646882 1381888 0 	467.529 	3 	191
17731900000000 17732000000400 	12800037442 37156535024 1395607 	12798641835 1395607 0 0 0 	41051052 1395607 0 	467.159 	3 	191
17757500000000 17757600000400 	13000038242 37737965833 1409091 	12998629151 1409091 0 0 0 	41446041 1409091 0 	466.802 	3 	191
17783100000000 17783200000400 	13200039042 38319400723 1422416 	13198616626 1422416 0 0 0 	41843212 1422416 0 	466.455 	3 	191
17808700000000 17808800000400 	13400039842 38900832721 1435814 	13398604028 1435814 0 0 0 	42237012 1435814 0 	466.12 	3 	191
17834300000000 17834400000290 	13600040422 39482385271 1448884 	13598591538 1448884 0 0 0 	42628985 1448884 0 	465.746 	3 	191
17859900000000 17860000000290 	13800041002 40063829025 1461816 	13798579186 1461816 0 0 0 	43010269 1461816 0 	465.384 	3 	191
17885500000000 17885600000290 	14000041582 40645395660 1474446 	13998567136 1474446 0 0 0 	43381263 1474446 0 	465.032 	3 	191
17911100000000 17911200000290 	14200042162 41226976680 1486894 	14198555268 1486894 0 0 0 	43744896 1486894 0 	464.691 	3 	191
17936700000000 17936800000290 	14400042742 41808581602 1499152 	14398543590 1499152 0 0 0 	44110419 1499152 0 	464.36 	3 	191
17962300000000 17962400000249 	14600043240 42390189420 1511571 	14598531669 1511571 0 0 0 	44471033 1511571 0 	463.993 	3 	191
17987900000000 17988000000249 	14800043738 42971784586 1523531 	14798520207 1523531 0 0 0 	44825468 1523531 0 	463.636 	3 	191
18013500000000 18013600000249 	15000044236 43553524516 1535331 	14998508905 1535331 0 0 0 	45172631 1535331 0 	463.29 	3 	191
18039100000000 18039200000249 	15200044734 44135264854 1546953 	15198497781 1546953 0 0 0 	45512915 1546953 0 	462.953 	3 	191
18064700000000 18064800000088 	15400044910 44717003658 1558439 	15398486471 1558439 0 0 0 	45852147 1558439 0 	462.581 	3 	191
18090300000000 18090400000088 	15600045086 45298741279 1569826 	15598475260 1569826 0 0 0 	46188665 1569826 0 	462.22 	3 	191
18115900000000 18116000000088 	15800045262 45880534906 1580852 	15798464410 1580852 0 0 0 	46511705 1580852 0 	461.868 	3 	191
18141500000000 18141600000088 	16000045438 46462334030 1591897 	15998453541 1591897 0 0 0 	46839807 1591897 0 	461.526 	3 	191
18167100000000 18167200000088 	16200045614 47044118048 1602965 	16198442649 1602965 0 0 0 	47167513 1602965 0 	461.193 	3 	191
18192700000000 18192800000110 	16400045834 47625976446 1613885 	16398431949 1613885 0 0 0 	47485291 1613885 0 	460.841 	3 	191
18218300000000 18218400000110 	16600046054 48207860555 1624661 	16598421393 1624661 0 0 0 	47797520 1624661 0 	460.497 	3 	191
18243900000000 18244000000110 	16800046274 48789751645 1635157 	16798411117 1635157 0 0 0 	48106215 1635157 0 	460.163 	3 	191
18269500000000 18269600000110 	17000046494 49371700669 1645653 	16998400841 1645653 0 0 0 	48416035 1645653 0 	459.837 	3 	191
18295100000000 18295200000110 	17200046714 49953643658 1655857 	17198390857 1655857 0 0 0 	48720060 1655857 0 	459.519 	3 	191
18320700000000 18320800000189 	17400047092 50535638112 1665965 	17398381127 1665965 0 0 0 	49019594 1665965 0 	459.17 	3 	191
18346300000000 18346400000189 	17600047470 51117677560 1675903 	17598371567 1675903 0 0 0 	49307962 1675903 0 	458.829 	3 	191
18371900000000 18372000000189 	17800047848 51699739319 1685653 	17798362195 1685653 0 0 0 	49597333 1685653 0 	458.496 	3 	191
18397500000000 18397600000189 	18000048226 52281783169 1695325 	17998352901 1695325 0 0 0 	49880950 1695325 0 	458.171 	3 	191
18423100000000 18423200000189 	18200048604 52863910624 1704979 	18198343625 1704979 0 0 0 	50169438 1704979 0 	457.854 	3 	191
18448700000000 18448800000060 	18400048724 53445960552 1714417 	18398334307 1714417 0 0 0 	50448611 1714417 0 	457.507 	3 	191
18474300000000 18474400000060 	18600048844 54028122961 1723860 	18598324984 1723860 0 0 0 	50728058 1723860 0 	457.168 	3 	191
18499900000000 18500000000060 	18800048964 54610314993 1732915 	18798316049 1732915 0 0 0 	50991101 1732915 0 	456.837 	3 	191
18525500000000 18525600000060 	19000049084 55192519738 1741883 	18998307201 1741883 0 0 0 	51255669 1741883 0 	456.513 	3 	191
18551100000000 18551200000375 	19200049834 55774702138 1751042 	19198298792 1751042 0 0 0 	51526495 1751042 0 	456.161 	3 	191
18576700000000 18576800000375 	19400050584 56356976365 1759756 	19398290828 1759756 0 0 0 	51779882 1759756 0 	455.817 	3 	191
18602300000000 18602400000375 	19600051334 56939208443 1768458 	19598282876 1768458 0 0 0 	52039191 1768458 0 	455.48 	3 	191
18627900000000 18628000000375 	19800052084 57521567378 1777164 	19798274920 1777164 0 0 0 	52295887 1777164 0 	455.15 	3 	191
18653500000000 18653600000375 	20000052834 58103883494 1785642 	19998267192 1785642 0 0 0 	52547748 1785642 0 	454.827 	3 	191
18679100000000 18679200000074 	20200052982 58686221413 1793787 	20198259195 1793787 0 0 0 	52787507 1793787 0 	454.477 	3 	191
18704700000000 18704800000074 	20400053130 59268537710 1802067 	20398251063 1802067 0 0 0 	53030371 1802067 0 	454.134 	3 	191
18730300000000 18730400000074 	20600053278 59850925753 1810138 	20598243140 1810138 0 0 0 	53265063 1810138 0 	453.799 	3 	191
18755900000000 18756000000074 	20800053426 60433349303 1818315 	20798235111 1818315 0 0 0 	53505973 1818315 0 	453.47 	3 	191
18781500000000 18781600000074 	21000053574 61015749102 1826127 	20998227447 1826127 0 0 0 	53736934 1826127 0 	453.149 	3 	191
18807100000000 18807200000320 	21200054214 61598247177 1833977 	21198220237 1833977 0 0 0 	53969045 1833977 0 	452.811 	3 	191
18832700000000 18832800000320 	21400054854 62180805322 1841698 	21398213156 1841698 0 0 0 	54201701 1841698 0 	452.481 	3 	191
18858300000000 18858400000320 	21600055494 62763348510 1849264 	21598206230 1849264 0 0 0 	54425283 1849264 0 	452.157 	3 	191
18883900000000 18884000000320 	21800056134 63345914664 1856697 	21798199437 1856697 0 0 0 	54646062 1856697 0 	451.84 	3 	191
18909500000000 18909600000320 	22000056774 63928503326 1864096 	21998192678 1864096 0 0 0 	54866820 1864096 0 	451.529 	3 	191
18935100000000 18935200000353 	22200057480 64511094406 1871305 	22198186175 1871305 0 0 0 	55081453 1871305 0 	451.192 	3 	191
18960700000000 18960800000353 	22400058186 65093746273 1878444 	22398179742 1878444 0 0 0 	55292421 1878444 0 	450.862 	3 	191
18986300000000 18986400000353 	22600058892 65676353534 1885418 	22598173474 1885418 0 0 0 	55494764 1885418 0 	450.538 	3 	191
19011900000000 19012000000353 	22800059598 66259055489 1892415 	22798167183 1892415 0 0 0 	55698207 1892415 0 	450.221 	3 	191
19037500000000 19037600000044 	23000059686 66841714560 1899298 	22998160388 1899298 0 0 0 	55903997 1899298 0 	449.878 	3 	191
19063100000000 19063200000044 	23200059774 67424483183 1906164 	23198153610 1906164 0 0 0 	56108900 1906164 0 	449.543 	3 	191
19088700000000 19088800000044 	23400059862 68007244135 1912856 	23398147006 1912856 0 0 0 	56305886 1912856 0 	449.213 	3 	191
19114300000000 19114400000044 	23600059950 68589984452 1919586 	23598140364 1919586 0 0 0 	56503844 1919586 0 	448.889 	3 	191
19139900000000 19140000000044 	23800060038 69172770099 1926142 	23798133896 1926142 0 0 0 	56698110 1926142 0 	448.572 	3 	191
19165500000000 19165600000228 	24000060494 69755659173 1932588 	23998127906 1932588 0 0 0 	56889429 1932588 0 	448.24 	3 	191
19191100000000 19191200000228 	24200060950 70338420609 1938991 	24198121959 1938991 0 0 0 	57077792 1938991 0 	447.915 	3 	191
19216700000000 19216800000228 	24400061406 70921289275 1945389 	24398116017 1945389 0 0 0 	57267884 1945389 0 	447.595 	3 	191
19242300000000 19242400000228 	24600061862 71504167816 1951637 	24598110225 1951637 0 0 0 	57454984 1951637 0 	447.281 	3 	191
19267900000000 19268000000228 	24800062318 72087098489 1957913 	24798104405 1957913 0 0 0 	57641584 1957913 0 	446.972 	3 	191
19293500000000 19293600000091 	25000062500 72670066465 1963878 	24998098622 1963878 0 0 0 	57818608 1963878 0 	446.64 	3 	191
19319100000000 19319200000091 	25200062682 73253029744 1969871 	25198092811 1969871 0 0 0 	57997499 1969871 0 	446.314 	3 	191
19344700000000 19344800000091 	25400062864 73836005388 1975727 	25398087137 1975727 0 0 0 	58176550 1975727 0 	445.994 	3 	191
19370300000000 19370400000091 	25600063046 74419022659 1981443 	25598081603 1981443 0 0 0 	58347095 1981443 0 	445.679 	3 	191
19395900000000 19396000000308 	25800063662 75002423953 2029313 	25798034349 2029313 0 0 0 	59756251 2029313 0 	446.103 	3 	191
19421500000000 19421600000308 	26000064278 75585786184 2076423 	25997987855 2076423 0 0 0 	61158435 2076423 0 	446.522 	3 	191
19447100000000 19447200000308 	26200064894 76169178268 2123327 	26197941567 2123327 0 0 0 	62545296 2123327 0 	446.934 	3 	191
19472700000000 19472800000308 	26400065510 76752580775 2169482 	26397896028 2169482 0 0 0 	63911920 2169482 0 	447.342 	3 	191
19498300000000 19498400000308 	26600066126 77336110121 2215361 	26597850765 2215361 0 0 0 	65263261 2215361 0 	447.744 	3 	191
19523900000000 19524000000308 	26800066742 77919634518 2260824 	26797805918 2260824 0 0 0 	66622820 2260824 0 	448.141 	3 	191
19549500000000 19549600000152 	27000067046 78503176806 2305473 	26997761573 2305473 0 0 0 	67950916 2305473 0 	448.509 	3 	191
19575100000000 19575200000152 	27200067350 79086673090 2350184 	27197717166 2350184 0 0 0 	69274736 2350184 0 	448.872 	3 	191
19600700000000 19600800000152 	27400067654 79670224851 2393860 	27397673794 2393860 0 0 0 	70565766 2393860 0 	449.231 	3 	191
19626300000000 19626400000152 	27600067958 80253896104 2437458 	27597630500 2437458 0 0 0 	71851720 2437458 0 	449.585 	3 	191
19651900000000 19652000000152 	27800068262 80837481374 2480368 	27797587894 2480368 0 0 0 	73121184 2480368 0 	449.934 	3 	191
19677500000000 19677600000152 	28000068566 81421084236 2522649 	27997545917 2522649 0 0 0 	74381035 2522649 0 	450.279 	3 	191
19703100000000 19703200000000 	28200068566 82004709936 2564842 	28197503724 2564842 0 0 0 	75638557 2564842 0 	450.597 	3 	191
19728700000000 19728800000000 	28400068566 82588329512 2606191 	28397462375 2606191 0 0 0 	76851016 2606191 0 	450.911 	3 	191
19754300000000 19754400000000 	28600068566 83172028035 2647332 	28597421234 2647332 0 0 0 	78069262 2647332 0 	451.221 	3 	191
19779900000000 19780000000000 	28800068566 83755738600 2687928 	28797380638 2687928 0 0 0 	79273077 2687928 0 	451.527 	3 	191
19805500000000 19805600000000 	29000068566 84339491413 2727983 	28997340583 2727983 0 0 0 	80466875 2727983 0 	451.829 	3 	191
19831100000000 19831200000000 	29200068566 84923202373 2767435 	29197301131 2767435 0 0 0 	81639912 2767435 0 	452.127 	3 	191
19856700000000 19856800000048 	29400068662 85506949272 2806706 	29397261956 2806706 0 0 0 	82799484 2806706 0 	452.399 	3 	191
19882300000000 19882400000048 	29600068758 86090712242 2845880 	29597222878 2845880 0 0 0 	83945257 2845880 0 	452.668 	3 	191
19907900000000 19908000000048 	29800068854 86674532882 2884558 	29797184296 2884558 0 0 0 	85082849 2884558 0 	452.934 	3 	191
19933500000000 19933600000048 	30000068950 87258371992 2922560 	29997146390 2922560 0 0 0 	86199234 2922560 0 	453.196 	3 	191
19959100000000 19959200000048 	30200069046 87842219302 2960126 	30197108920 2960126 0 0 0 	87310913 2960126 0 	453.455 	3 	191
19984700000000 19984800000048 	30400069142 88426136962 2997337 	30397071805 2997337 0 0 0 	88409260 2997337 0 	453.711 	3 	191
