16119600000000 16119700000476 	200000952 579754957 32618 	199968334 32618 0 0 0 	954984 32618 0 	492 	3 	196
16145200000000 16145300000011 	400000974 1159483110 64810 	399936164 64810 0 0 0 	1898034 64810 0 	490.495 	3 	196
16170800000000 16170900000011 	600000996 1739283914 96448 	599904548 96448 0 0 0 	2823408 96448 0 	489.996 	3 	196
16196400000000 16196500000011 	800001018 2319058517 127338 	799873680 127338 0 0 0 	3726679 127338 0 	489.747 	3 	196
16222000000000 16222100000011 	1000001040 2898873951 158075 	999842965 158075 0 0 0 	4630678 158075 0 	489.597 	3 	196
16247600000000 16247700000210 	1200001460 3478783688 188098 	1199813362 188098 0 0 0 	5512271 188098 0 	488.825 	3 	196
16273200000000 16273300000210 	1400001880 4058702517 217957 	1399783923 217957 0 0 0 	6394032 217957 0 	488.275 	3 	196
16298800000000 16298900000210 	1600002300 4638631128 247651 	1599754649 247651 0 0 0 	7267897 247651 0 	487.863 	3 	196
16324400000000 16324500000210 	1800002720 5218648057 276716 	1799726004 276716 0 0 0 	8133647 276716 0 	487.543 	3 	196
16350000000000 16350100000210 	2000003140 5798624228 305155 	1999697985 305155 0 0 0 	8966156 305155 0 	487.288 	3 	196
16375600000000 16375700000381 	2200003902 6378669028 333479 	2199670423 333479 0 0 0 	9800079 333479 0 	486.709 	3 	196
16401200000000 16401300000381 	2400004664 6958674257 361419 	2399643245 361419 0 0 0 	10620995 361419 0 	486.228 	3 	196
16426800000000 16426900000381 	2600005426 7538745733 389070 	2599616356 389070 0 0 0 	11445254 389070 0 	485.822 	3 	196
16452400000000 16452500000381 	2800006188 8118851164 416037 	2799590151 416037 0 0 0 	12246532 416037 0 	485.474 	3 	196
16478000000000 16478100000381 	3000006950 8698963482 442783 	2999564167 442783 0 0 0 	13039851 442783 0 	485.174 	3 	196
16503600000000 16503700000468 	3200007886 9279113158 469307 	3199538579 469307 0 0 0 	13815290 469307 0 	484.719 	3 	196
16529200000000 16529300000468 	3400008822 9859274438 495563 	3399513259 495563 0 0 0 	14587389 495563 0 	484.318 	3 	196
16554800000000 16554900000468 	3600009758 10439453547 521360 	3599488398 521360 0 0 0 	15351232 521360 0 	483.963 	3 	196
16580400000000 16580500000468 	3800010694 11019656405 546555 	3799464139 546555 0 0 0 	16091464 546555 0 	483.646 	3 	196
16606000000000 16606100000468 	4000011630 11599869295 571912 	3999439718 571912 0 0 0 	16832615 571912 0 	483.36 	3 	196
16631600000000 16631700000254 	4200012138 12180123395 596837 	4199415301 596837 0 0 0 	17563035 596837 0 	482.906 	3 	196
16657200000000 16657300000254 	4400012646 12760377048 621169 	4399391477 621169 0 0 0 	18287646 621169 0 	482.494 	3 	196
16682800000000 16682900000254 	4600013154 13340693248 645121 	4599368033 645121 0 0 0 	18993903 645121 0 	482.118 	3 	196
16708400000000 16708500000254 	4800013662 13921067678 669063 	4799344599 669063 0 0 0 	19694834 669063 0 	481.774 	3 	196
16734000000000 16734100000365 	5000014392 14501411154 692180 	4999322212 692180 0 0 0 	20379362 692180 0 	481.334 	3 	196
16759600000000 16759700000365 	5200015122 15081827611 715146 	5199299976 715146 0 0 0 	21055220 715146 0 	480.928 	3 	196
16785200000000 16785300000365 	5400015852 15662211576 737981 	5399277871 737981 0 0 0 	21729009 737981 0 	480.553 	3 	196
16810800000000 16810900000365 	5600016582 16242681881 760529 	5599256053 760529 0 0 0 	22394416 760529 0 	480.205 	3 	196
16836400000000 16836500000365 	5800017312 16823203636 782932 	5799234380 782932 0 0 0 	23044350 782932 0 	479.882 	3 	196
16862000000000 16862100000368 	6000018048 17403698855 804553 	5999213495 804553 0 0 0 	23690058 804553 0 	479.476 	3 	196
16887600000000 16887700000368 	6200018784 17984326441 826055 	6199192729 826055 0 0 0 	24329166 826055 0 	479.097 	3 	196
16913200000000 16913300000368 	6400019520 18564869317 847266 	6399172254 847266 0 0 0 	24957222 847266 0 	478.742 	3 	196
16938800000000 16938900000368 	6600020256 19145441313 868358 	6599151898 868358 0 0 0 	25582112 868358 0 	478.41 	3 	196
16964400000000 16964500000368 	6800020992 19726051499 888777 	6799132215 888777 0 0 0 	26189172 888777 0 	478.097 	3 	196
16990000000000 16990100000352 	7000021696 20306650841 909175 	6999112521 909175 0 0 0 	26791058 909175 0 	477.682 	3 	196
17015600000000 17015700000352 	7200022400 20887342021 929470 	7199092930 929470 0 0 0 	27388777 929470 0 	477.291 	3 	196
17041200000000 17041300000352 	7400023104 21468045743 949344 	7399073760 949344 0 0 0 	27978674 949344 0 	476.922 	3 	196
17066800000000 17066900000352 	7600023808 22048737216 969021 	7599054787 969021 0 0 0 	28555432 969021 0 	476.573 	3 	196
17092400000000 17092500000120 	7800024048 22629543259 988341 	7799035707 988341 0 0 0 	29130236 988341 0 	476.16 	3 	196
17118000000000 17118100000120 	8000024288 23210283295 1007271 	7999017017 1007271 0 0 0 	29692160 1007271 0 	475.769 	3 	196
17143600000000 17143700000120 	8200024528 23791102760 1025993 	8198998535 1025993 0 0 0 	30241334 1025993 0 	475.398 	3 	196
17169200000000 17169300000120 	8400024768 24371924391 1044781 	8398979987 1044781 0 0 0 	30791262 1044781 0 	475.044 	3 	196
17194800000000 17194900000120 	8600025008 24952817154 1062974 	8598962034 1062974 0 0 0 	31330690 1062974 0 	474.708 	3 	196
17220400000000 17220500000178 	8800025364 25533711499 1081176 	8798944188 1081176 0 0 0 	31864852 1081176 0 	474.315 	3 	196
17246000000000 17246100000178 	9000025720 26114558528 1099101 	8998926619 1099101 0 0 0 	32389530 1099101 0 	473.94 	3 	196
17271600000000 17271700000178 	9200026076 26695487106 1116805 	9198909271 1116805 0 0 0 	32910650 1116805 0 	473.581 	3 	196
17297200000000 17297300000178 	9400026432 27276441644 1133972 	9398892460 1133972 0 0 0 	33421976 1133972 0 	473.239 	3 	196
17322800000000 17322900000178 	9600026788 27857424207 1151041 	9598875747 1151041 0 0 0 	33919588 1151041 0 	472.911 	3 	196
17348400000000 17348500000355 	9800027498 28438464244 1167836 	9798859662 1167836 0 0 0 	34415566 1167836 0 	472.531 	3 	196
17374000000000 17374100000355 	10000028208 29019527925 1184535 	9998843673 1184535 0 0 0 	34904477 1184535 0 	472.168 	3 	196
17399600000000 17399700000355 	10200028918 29600604954 1201063 	10198827855 1201063 0 0 0 	35392066 1201063 0 	471.818 	3 	196
17425200000000 17425300000355 	10400029628 30181694252 1217554 	10398812074 1217554 0 0 0 	35880807 1217554 0 	471.483 	3 	196
17450800000000 17450900000355 	10600030338 30762816083 1233714 	10598796624 1233714 0 0 0 	36357029 1233714 0 	471.161 	3 	196
17476400000000 17476500000230 	10800030798 31343942470 1249514 	10798781284 1249514 0 0 0 	36823576 1249514 0 	470.772 	3 	196
17502000000000 17502100000230 	11000031258 31925081197 1265085 	10998766173 1265085 0 0 0 	37281722 1265085 0 	470.397 	3 	196
17527600000000 17527700000230 	11200031718 32506295443 1280434 	11198751284 1280434 0 0 0 	37733975 1280434 0 	470.036 	3 	196
17553200000000 17553300000230 	11400032178 33087528823 1295744 	11398736434 1295744 0 0 0 	38184331 1295744 0 	469.688 	3 	196
17578800000000 17578900000320 	11600032818 33668710388 1310705 	11598722113 1310705 0 0 0 	38622037 1310705 0 	469.296 	3 	196
17604400000000 17604500000320 	11800033458 34249975917 1325519 	11798707939 1325519 0 0 0 	39058185 1325519 0 	468.918 	3 	196
17630000000000 17630100000320 	12000034098 34831274940 1340045 	11998694053 1340045 0 0 0 	39482547 1340045 0 	468.554 	3 	196
17655600000000 17655700000320 	12200034738 35412575137 1354573 	12198680165 1354573 0 0 0 	39905257 1354573 0 	468.202 	3 	196
17681200000000 17681300000320 	12400035378 35993895008 1368824 	12398666554 1368824 0 0 0 	40327066 1368824 0 	467.861 	3 	196
17706800000000 17706900000400 	12600036178 36575286881 1382688 	12598653490 1382688 0 0 0 	40739115 1382688 0 	467.48 	3 	196
17732400000000 17732500000400 	12800036978 37156677818 1396592 	12798640386 1396592 0 0 0 	41150519 1396592 0 	467.111 	3 	196
17758000000000 17758100000400 	13000037778 37738087443 1410209 	12998627569 1410209 0 0 0 	41553857 1410209 0 	466.755 	3 	196
17783600000000 17783700000400 	13200038578 38319528158 1423518 	13198615060 1423518 0 0 0 	41948814 1423518 0 	466.409 	3 	196
17809200000000 17809300000400 	13400039378 38901043716 1436868 	13398602510 1436868 0 0 0 	42344017 1436868 0 	466.074 	3 	196
17834800000000 17834900000290 	13600039958 39482635109 1449931 	13598590027 1449931 0 0 0 	42726791 1449931 0 	465.701 	3 	196
17860400000000 17860500000290 	13800040538 40064148814 1462728 	13798577810 1462728 0 0 0 	43108406 1462728 0 	465.34 	3 	196
17886000000000 17886100000290 	14000041118 40645707399 1475368 	13998565750 1475368 0 0 0 	43483476 1475368 0 	464.989 	3 	196
17911600000000 17911700000290 	14200041698 41227309193 1487797 	14198553901 1487797 0 0 0 	43854512 1487797 0 	464.649 	3 	196
17937200000000 17937300000290 	14400042278 41808893585 1500262 	14398542016 1500262 0 0 0 	44222499 1500262 0 	464.318 	3 	196
17962800000000 17962900000249 	14600042776 42390545760 1512401 	14598530375 1512401 0 0 0 	44580486 1512401 0 	463.952 	3 	196
17988400000000 17988500000249 	14800043274 42972173658 1524365 	14798518909 1524365 0 0 0 	44937785 1524365 0 	463.596 	3 	196
18014000000000 18014100000249 	15000043772 43553875817 1536215 	14998507557 1536215 0 0 0 	45286996 1536215 0 	463.249 	3 	196
18039600000000 18039700000249 	15200044270 44135585951 1548055 	15198496215 1548055 0 0 0 	45643438 1548055 0 	462.913 	3 	196
18065200000000 18065300000088 	15400044446 44717271644 1559487 	15398484959 1559487 0 0 0 	45978071 1559487 0 	462.542 	3 	196
18090800000000 18090900000088 	15600044622 45299027092 1570994 	15598473628 1570994 0 0 0 	46322209 1570994 0 	462.182 	3 	196
18116400000000 18116500000088 	15800044798 45880793117 1582079 	15798462719 1582079 0 0 0 	46647345 1582079 0 	461.83 	3 	196
18142000000000 18142100000088 	16000044974 46462611183 1593194 	15998451780 1593194 0 0 0 	46975963 1593194 0 	461.489 	3 	196
18167600000000 18167700000088 	16200045150 47044425075 1604088 	16198441062 1604088 0 0 0 	47301088 1604088 0 	461.156 	3 	196
18193200000000 18193300000110 	16400045370 47626363530 1614980 	16398430390 1614980 0 0 0 	47622690 1614980 0 	460.804 	3 	196
18218800000000 18218900000110 	16600045590 48208242171 1625596 	16598419994 1625596 0 0 0 	47939685 1625596 0 	460.462 	3 	196
18244400000000 18244500000110 	16800045810 48790146440 1636103 	16798409707 1636103 0 0 0 	48245230 1636103 0 	460.128 	3 	196
18270000000000 18270100000110 	17000046030 49372101517 1646697 	16998399333 1646697 0 0 0 	48558333 1646697 0 	459.802 	3 	196
18295600000000 18295700000110 	17200046250 49954043876 1657084 	17198389166 1657084 0 0 0 	48865008 1657084 0 	459.484 	3 	196
18321200000000 18321300000189 	17400046628 50536088666 1667200 	17398379428 1667200 0 0 0 	49158344 1667200 0 	459.136 	3 	196
18346800000000 18346900000189 	17600047006 51118115817 1677133 	17598369873 1677133 0 0 0 	49450625 1677133 0 	458.795 	3 	196
18372400000000 18372500000189 	17800047384 51700152480 1686887 	17798360497 1686887 0 0 0 	49739642 1686887 0 	458.463 	3 	196
18398000000000 18398100000189 	18000047762 52282251123 1696558 	17998351204 1696558 0 0 0 	50023181 1696558 0 	458.139 	3 	196
18423600000000 18423700000189 	18200048140 52864288818 1706196 	18198341944 1706196 0 0 0 	50304919 1706196 0 	457.822 	3 	196
18449200000000 18449300000060 	18400048260 53446412868 1715756 	18398332504 1715756 0 0 0 	50584128 1715756 0 	457.475 	3 	196
18474800000000 18474900000060 	18600048380 54028608668 1724952 	18598323428 1724952 0 0 0 	50858529 1724952 0 	457.137 	3 	196
18500400000000 18500500000060 	18800048500 54610795879 1734180 	18798314320 1734180 0 0 0 	51134820 1734180 0 	456.806 	3 	196
18526000000000 18526100000060 	19000048620 55192925879 1743141 	18998305479 1743141 0 0 0 	51400919 1743141 0 	456.483 	3 	196
18551600000000 18551700000375 	19200049370 55775143405 1752007 	19198297363 1752007 0 0 0 	51664599 1752007 0 	456.131 	3 	196
18577200000000 18577300000375 	19400050120 56357370825 1760849 	19398289271 1760849 0 0 0 	51927552 1760849 0 	455.787 	3 	196
18602800000000 18602900000375 	19600050870 56939685690 1769542 	19598281328 1769542 0 0 0 	52189777 1769542 0 	455.45 	3 	196
18628400000000 18628500000375 	19800051620 57521898228 1778152 	19798273468 1778152 0 0 0 	52442200 1778152 0 	455.12 	3 	196
18654000000000 18654100000375 	20000052370 58104203730 1786525 	19998265845 1786525 0 0 0 	52688883 1786525 0 	454.798 	3 	196
18679600000000 18679700000074 	20200052518 58686527742 1794920 	20198257598 1794920 0 0 0 	52934196 1794920 0 	454.448 	3 	196
18705200000000 18705300000074 	20400052666 59268918021 1803238 	20398249428 1803238 0 0 0 	53175837 1803238 0 	454.106 	3 	196
18730800000000 18730900000074 	20600052814 59851347746 1811493 	20598241321 1811493 0 0 0 	53419335 1811493 0 	453.771 	3 	196
18756400000000 18756500000074 	20800052962 60433749093 1819571 	20798233391 1819571 0 0 0 	53656327 1819571 0 	453.443 	3 	196
18782000000000 18782100000074 	21000053110 61016242507 1827363 	20998225747 1827363 0 0 0 	53884025 1827363 0 	453.121 	3 	196
18807600000000 18807700000320 	21200053750 61598688037 1835101 	21198218649 1835101 0 0 0 	54111238 1835101 0 	452.784 	3 	196
18833200000000 18833300000320 	21400054390 62181188411 1842693 	21398211697 1842693 0 0 0 	54332569 1842693 0 	452.454 	3 	196
18858800000000 18858900000320 	21600055030 62763743696 1850212 	21598204818 1850212 0 0 0 	54559458 1850212 0 	452.131 	3 	196
18884400000000 18884500000320 	21800055670 63346260214 1857676 	21798197994 1857676 0 0 0 	54779995 1857676 0 	451.814 	3 	196
18910000000000 18910100000320 	22000056310 63928888291 1865207 	21998191103 1865207 0 0 0 	55000875 1865207 0 	451.503 	3 	196
18935600000000 18935700000353 	22200057016 64511491128 1872527 	22198184489 1872527 0 0 0 	55217766 1872527 0 	451.166 	3 	196
18961200000000 18961300000353 	22400057722 65094043632 1879709 	22398178013 1879709 0 0 0 	55428563 1879709 0 	450.837 	3 	196
18986800000000 18986900000353 	22600058428 65676646732 1886817 	22598171611 1886817 0 0 0 	55637428 1886817 0 	450.513 	3 	196
19012400000000 19012500000353 	22800059134 66259312472 1893770 	22798165364 1893770 0 0 0 	55847217 1893770 0 	450.196 	3 	196
19038000000000 19038100000044 	23000059222 66842058590 1900667 	22998158555 1900667 0 0 0 	56051222 1900667 0 	449.854 	3 	196
19063600000000 19063700000044 	23200059310 67424793252 1907561 	23198151749 1907561 0 0 0 	56251650 1907561 0 	449.518 	3 	196
19089200000000 19089300000044 	23400059398 68007545365 1914285 	23398145113 1914285 0 0 0 	56449246 1914285 0 	449.189 	3 	196
19114800000000 19114900000044 	23600059486 68590315279 1921024 	23598138462 1921024 0 0 0 	56642827 1921024 0 	448.865 	3 	196
19140400000000 19140500000044 	23800059574 69173126436 1927589 	23798131985 1927589 0 0 0 	56835854 1927589 0 	448.548 	3 	196
19166000000000 19166100000228 	24000060030 69755884761 1934099 	23998125931 1934099 0 0 0 	57025421 1934099 0 	448.217 	3 	196
19191600000000 19191700000228 	24200060486 70338798982 1940523 	24198119963 1940523 0 0 0 	57218209 1940523 0 	447.891 	3 	196
19217200000000 19217300000228 	24400060942 70921639828 1946824 	24398114118 1946824 0 0 0 	57406061 1946824 0 	447.572 	3 	196
19242800000000 19242900000228 	24600061398 71504545513 1953087 	24598108311 1953087 0 0 0 	57593272 1953087 0 	447.258 	3 	196
19268400000000 19268500000228 	24800061854 72087541891 1959166 	24798102688 1959166 0 0 0 	57772844 1959166 0 	446.949 	3 	196
19294000000000 19294100000091 	25000062036 72670475079 1965167 	24998096869 1965167 0 0 0 	57948264 1965167 0 	446.618 	3 	196
19319600000000 19319700000091 	25200062218 73253440800 1971087 	25198091131 1971087 0 0 0 	58118756 1971087 0 	446.292 	3 	196
19345200000000 19345300000091 	25400062400 73836461498 1977001 	25398085399 1977001 0 0 0 	58293703 1977001 0 	445.972 	3 	196
19370800000000 19370900000091 	25600062582 74419483219 1982871 	25598079711 1982871 0 0 0 	58468313 1982871 0 	445.657 	3 	196
19396400000000 19396500000308 	25800063198 75002857322 2030604 	25798032594 2030604 0 0 0 	59876563 2030604 0 	446.081 	3 	196
19422000000000 19422100000308 	26000063814 75586269901 2077996 	25997985818 2077996 0 0 0 	61287908 2077996 0 	446.5 	3 	196
19447600000000 19447700000308 	26200064430 76169714881 2124451 	26197939979 2124451 0 0 0 	62655466 2124451 0 	446.913 	3 	196
19473200000000 19473300000308 	26400065046 76753134213 2170932 	26397894114 2170932 0 0 0 	64033644 2170932 0 	447.321 	3 	196
19498800000000 19498900000308 	26600065662 77336622329 2216967 	26597848695 2216967 0 0 0 	65398134 2216967 0 	447.723 	3 	196
19524400000000 19524500000308 	26800066278 77920135854 2261682 	26797804596 2261682 0 0 0 	66717583 2261682 0 	448.119 	3 	196
19550000000000 19550100000152 	27000066582 78503651887 2306545 	26997760037 2306545 0 0 0 	68047979 2306545 0 	448.488 	3 	196
19575600000000 19575700000152 	27200066886 79087200003 2350630 	27197716256 2350630 0 0 0 	69350875 2350630 0 	448.851 	3 	196
19601200000000 19601300000152 	27400067190 79670767362 2394605 	27397672585 2394605 0 0 0 	70654045 2394605 0 	449.21 	3 	196
19626800000000 19626900000152 	27600067494 80254362081 2437789 	27597629705 2437789 0 0 0 	71938126 2437789 0 	449.564 	3 	196
19652400000000 19652500000152 	27800067798 80837942493 2480505 	27797587293 2480505 0 0 0 	73211659 2480505 0 	449.914 	3 	196
19678000000000 19678100000152 	28000068102 81421555794 2522934 	27997545168 2522934 0 0 0 	74471802 2522934 0 	450.259 	3 	196
19703600000000 19703700000000 	28200068102 82005196205 2564821 	28197503281 2564821 0 0 0 	75703444 2564821 0 	450.577 	3 	196
19729200000000 19729300000000 	28400068102 82588792232 2606317 	28397461785 2606317 0 0 0 	76920547 2606317 0 	450.891 	3 	196
19754800000000 19754900000000 	28600068102 83172562801 2647597 	28597420505 2647597 0 0 0 	78144709 2647597 0 	451.201 	3 	196
19780400000000 19780500000000 	28800068102 83756233746 2688433 	28797379669 2688433 0 0 0 	79357018 2688433 0 	451.507 	3 	196
19806000000000 19806100000000 	29000068102 84339911535 2728439 	28997339663 2728439 0 0 0 	80545757 2728439 0 	451.809 	3 	196
19831600000000 19831700000000 	29200068102 84923663915 2768107 	29197299995 2768107 0 0 0 	81729284 2768107 0 	452.107 	3 	196
19857200000000 19857300000048 	29400068198 85507488478 2807436 	29397260762 2807436 0 0 0 	82897573 2807436 0 	452.38 	3 	196
19882800000000 19882900000048 	29600068294 86091258281 2846340 	29597221954 2846340 0 0 0 	84050538 2846340 0 	452.649 	3 	196
19908400000000 19908500000048 	29800068390 86675044151 2884799 	29797183591 2884799 0 0 0 	85188348 2884799 0 	452.914 	3 	196
19934000000000 19934100000048 	30000068486 87258833739 2922826 	29997145660 2922826 0 0 0 	86306920 2922826 0 	453.177 	3 	196
19959600000000 19959700000048 	30200068582 87842643916 2960436 	30197108146 2960436 0 0 0 	87421698 2960436 0 	453.436 	3 	196
19985200000000 19985300000048 	30400068678 88426523682 2997679 	30397070999 2997679 0 0 0 	88527752 2997679 0 	453.692 	3 	196
