16120000000000 16120100000476 	200000952 579790064 32544 	199968408 32544 0 0 0 	964547 32544 0 	492 	3 	200
16145600000000 16145700000011 	400000974 1159558937 64634 	399936340 64634 0 0 0 	1913217 64634 0 	490.495 	3 	200
16171200000000 16171300000011 	600000996 1739414620 95959 	599905037 95959 0 0 0 	2825992 95959 0 	489.996 	3 	200
16196800000000 16196900000011 	800001018 2319198626 126952 	799874066 126952 0 0 0 	3732387 126952 0 	489.747 	3 	200
16222400000000 16222500000011 	1000001040 2899052828 157458 	999843582 157458 0 0 0 	4630357 157458 0 	489.597 	3 	200
16248000000000 16248100000210 	1200001460 3478882746 187607 	1199813853 187607 0 0 0 	5512811 187607 0 	488.825 	3 	200
16273600000000 16273700000210 	1400001880 4058786679 217632 	1399784248 217632 0 0 0 	6394375 217632 0 	488.275 	3 	200
16299200000000 16299300000210 	1600002300 4638734398 246932 	1599755368 246932 0 0 0 	7254207 246932 0 	487.863 	3 	200
16324800000000 16324900000210 	1800002720 5218698494 276291 	1799726429 276291 0 0 0 	8112361 276291 0 	487.543 	3 	200
16350400000000 16350500000210 	2000003140 5798710502 304935 	1999698205 304935 0 0 0 	8952620 304935 0 	487.288 	3 	200
16376000000000 16376100000381 	2200003902 6378709340 333277 	2199670625 333277 0 0 0 	9789572 333277 0 	486.709 	3 	200
16401600000000 16401700000381 	2400004664 6958710549 361004 	2399643660 361004 0 0 0 	10600391 361004 0 	486.228 	3 	200
16427200000000 16427300000381 	2600005426 7538738618 388660 	2599616766 388660 0 0 0 	11414120 388660 0 	485.822 	3 	200
16452800000000 16452900000381 	2800006188 8118884166 415970 	2799590218 415970 0 0 0 	12226634 415970 0 	485.474 	3 	200
16478400000000 16478500000381 	3000006950 8698966077 442664 	2999564286 442664 0 0 0 	13009081 442664 0 	485.174 	3 	200
16504000000000 16504100000468 	3200007886 9279157262 469252 	3199538634 469252 0 0 0 	13796186 469252 0 	484.719 	3 	200
16529600000000 16529700000468 	3400008822 9859325202 495340 	3399513482 495340 0 0 0 	14554818 495340 0 	484.318 	3 	200
16555200000000 16555300000468 	3600009758 10439461394 521090 	3599488668 521090 0 0 0 	15327399 521090 0 	483.963 	3 	200
16580800000000 16580900000468 	3800010694 11019670223 546532 	3799464162 546532 0 0 0 	16073685 546532 0 	483.646 	3 	200
16606400000000 16606500000468 	4000011630 11599948472 571462 	3999440168 571462 0 0 0 	16809540 571462 0 	483.36 	3 	200
16632000000000 16632100000254 	4200012138 12180197329 596281 	4199415857 596281 0 0 0 	17538570 596281 0 	482.906 	3 	200
16657600000000 16657700000254 	4400012646 12760459409 620746 	4399391900 620746 0 0 0 	18258758 620746 0 	482.494 	3 	200
16683200000000 16683300000254 	4600013154 13340773736 644683 	4599368471 644683 0 0 0 	18967329 644683 0 	482.118 	3 	200
16708800000000 16708900000254 	4800013662 13921153838 668436 	4799345226 668436 0 0 0 	19671881 668436 0 	481.774 	3 	200
16734400000000 16734500000365 	5000014392 14501498271 691577 	4999322815 691577 0 0 0 	20362607 691577 0 	481.334 	3 	200
16760000000000 16760100000365 	5200015122 15081881090 715137 	5199299985 715137 0 0 0 	21056962 715137 0 	480.928 	3 	200
16785600000000 16785700000365 	5400015852 15662348872 737782 	5399278070 737782 0 0 0 	21723140 737782 0 	480.553 	3 	200
16811200000000 16811300000365 	5600016582 16242831578 760295 	5599256287 760295 0 0 0 	22390153 760295 0 	480.205 	3 	200
16836800000000 16836900000365 	5800017312 16823306761 782481 	5799234831 782481 0 0 0 	23038034 782481 0 	479.882 	3 	200
16862400000000 16862500000368 	6000018048 17403837270 804500 	5999213548 804500 0 0 0 	23692828 804500 0 	479.476 	3 	200
16888000000000 16888100000368 	6200018784 17984336928 826081 	6199192703 826081 0 0 0 	24325332 826081 0 	479.097 	3 	200
16913600000000 16913700000368 	6400019520 18564965740 847694 	6399171826 847694 0 0 0 	24960054 847694 0 	478.742 	3 	200
16939200000000 16939300000368 	6600020256 19145557766 868772 	6599151484 868772 0 0 0 	25584267 868772 0 	478.41 	3 	200
16964800000000 16964900000368 	6800020992 19726211388 889606 	6799131386 889606 0 0 0 	26200806 889606 0 	478.097 	3 	200
16990400000000 16990500000352 	7000021696 20306858939 909843 	6999111853 909843 0 0 0 	26794773 909843 0 	477.682 	3 	200
17016000000000 17016100000352 	7200022400 20887483552 929948 	7199092452 929948 0 0 0 	27385163 929948 0 	477.291 	3 	200
17041600000000 17041700000352 	7400023104 21468213478 949916 	7399073188 949916 0 0 0 	27970521 949916 0 	476.922 	3 	200
17067200000000 17067300000352 	7600023808 22048920014 969398 	7599054410 969398 0 0 0 	28538752 969398 0 	476.573 	3 	200
17092800000000 17092900000120 	7800024048 22629670955 988880 	7799035168 988880 0 0 0 	29111523 988880 0 	476.16 	3 	200
17118400000000 17118500000120 	8000024288 23210439507 1008028 	7999016260 1008028 0 0 0 	29682702 1008028 0 	475.769 	3 	200
17144000000000 17144100000120 	8200024528 23791248932 1026826 	8198997702 1026826 0 0 0 	30244603 1026826 0 	475.398 	3 	200
17169600000000 17169700000120 	8400024768 24372102861 1045195 	8398979573 1045195 0 0 0 	30782208 1045195 0 	475.044 	3 	200
17195200000000 17195300000120 	8600025008 24953000908 1063554 	8598961454 1063554 0 0 0 	31327083 1063554 0 	474.708 	3 	200
17220800000000 17220900000178 	8800025364 25533849547 1081447 	8798943917 1081447 0 0 0 	31855106 1081447 0 	474.315 	3 	200
17246400000000 17246500000178 	9000025720 26114771848 1099353 	8998926367 1099353 0 0 0 	32384622 1099353 0 	473.94 	3 	200
17272000000000 17272100000178 	9200026076 26695713294 1117150 	9198908926 1117150 0 0 0 	32916642 1117150 0 	473.581 	3 	200
17297600000000 17297700000178 	9400026432 27276752839 1134670 	9398891762 1134670 0 0 0 	33432856 1134670 0 	473.239 	3 	200
17323200000000 17323300000178 	9600026788 27857688889 1151830 	9598874958 1151830 0 0 0 	33943741 1151830 0 	472.911 	3 	200
17348800000000 17348900000355 	9800027498 28438724706 1168852 	9798858646 1168852 0 0 0 	34443034 1168852 0 	472.531 	3 	200
17374400000000 17374500000355 	10000028208 29019813664 1185416 	9998842792 1185416 0 0 0 	34927091 1185416 0 	472.168 	3 	200
17400000000000 17400100000355 	10200028918 29600902965 1201834 	10198827084 1201834 0 0 0 	35406269 1201834 0 	471.818 	3 	200
17425600000000 17425700000355 	10400029628 30182020851 1218286 	10398811342 1218286 0 0 0 	35889198 1218286 0 	471.483 	3 	200
17451200000000 17451300000355 	10600030338 30763107641 1234198 	10598796140 1234198 0 0 0 	36351960 1234198 0 	471.161 	3 	200
17476800000000 17476900000230 	10800030798 31344272829 1250095 	10798780703 1250095 0 0 0 	36819873 1250095 0 	470.772 	3 	200
17502400000000 17502500000230 	11000031258 31925490162 1265515 	10998765743 1265515 0 0 0 	37279754 1265515 0 	470.397 	3 	200
17528000000000 17528100000230 	11200031718 32506653149 1280781 	11198750937 1280781 0 0 0 	37730605 1280781 0 	470.036 	3 	200
17553600000000 17553700000230 	11400032178 33087822521 1295662 	11398736516 1295662 0 0 0 	38172470 1295662 0 	469.688 	3 	200
17579200000000 17579300000320 	11600032818 33669107535 1310615 	11598722203 1310615 0 0 0 	38608977 1310615 0 	469.296 	3 	200
17604800000000 17604900000320 	11800033458 34250355544 1325499 	11798707959 1325499 0 0 0 	39048443 1325499 0 	468.918 	3 	200
17630400000000 17630500000320 	12000034098 34831676426 1339869 	11998694229 1339869 0 0 0 	39477626 1339869 0 	468.554 	3 	200
17656000000000 17656100000320 	12200034738 35413022410 1354126 	12198680612 1354126 0 0 0 	39898871 1354126 0 	468.202 	3 	200
17681600000000 17681700000320 	12400035378 35994353406 1368214 	12398667164 1368214 0 0 0 	40316192 1368214 0 	467.861 	3 	200
17707200000000 17707300000400 	12600036178 36575736508 1382303 	12598653875 1382303 0 0 0 	40729937 1382303 0 	467.48 	3 	200
17732800000000 17732900000400 	12800036978 37157158070 1396004 	12798640974 1396004 0 0 0 	41138340 1396004 0 	467.111 	3 	200
17758400000000 17758500000400 	13000037778 37738557914 1409541 	12998628237 1409541 0 0 0 	41540994 1409541 0 	466.755 	3 	200
17784000000000 17784100000400 	13200038578 38320009174 1422837 	13198615741 1422837 0 0 0 	41933604 1422837 0 	466.409 	3 	200
17809600000000 17809700000400 	13400039378 38901474939 1436160 	13398603218 1436160 0 0 0 	42326474 1436160 0 	466.074 	3 	200
17835200000000 17835300000290 	13600039958 39482977401 1449164 	13598590794 1449164 0 0 0 	42713936 1449164 0 	465.701 	3 	200
17860800000000 17860900000290 	13800040538 40064501792 1462195 	13798578343 1462195 0 0 0 	43097586 1462195 0 	465.34 	3 	200
17886400000000 17886500000290 	14000041118 40646075495 1474947 	13998566171 1474947 0 0 0 	43472837 1474947 0 	464.989 	3 	200
17912000000000 17912100000290 	14200041698 41227606630 1487350 	14198554348 1487350 0 0 0 	43836318 1487350 0 	464.649 	3 	200
17937600000000 17937700000290 	14400042278 41809207020 1499761 	14398542517 1499761 0 0 0 	44208864 1499761 0 	464.318 	3 	200
17963200000000 17963300000249 	14600042776 42390898696 1512150 	14598530626 1512150 0 0 0 	44579242 1512150 0 	463.952 	3 	200
17988800000000 17988900000249 	14800043274 42972567329 1524131 	14798519143 1524131 0 0 0 	44932210 1524131 0 	463.596 	3 	200
18014400000000 18014500000249 	15000043772 43554248063 1535900 	14998507872 1535900 0 0 0 	45277075 1535900 0 	463.249 	3 	200
18040000000000 18040100000249 	15200044270 44135910919 1547517 	15198496753 1547517 0 0 0 	45618924 1547517 0 	462.913 	3 	200
18065600000000 18065700000088 	15400044446 44717649257 1558955 	15398485491 1558955 0 0 0 	45954716 1558955 0 	462.542 	3 	200
18091200000000 18091300000088 	15600044622 45299417539 1570124 	15598474498 1570124 0 0 0 	46280638 1570124 0 	462.182 	3 	200
18116800000000 18116900000088 	15800044798 45881162010 1581316 	15798463482 1581316 0 0 0 	46606587 1581316 0 	461.83 	3 	200
18142400000000 18142500000088 	16000044974 46462952921 1592476 	15998452498 1592476 0 0 0 	46936895 1592476 0 	461.489 	3 	200
18168000000000 18168100000088 	16200045150 47044811289 1603404 	16198441746 1603404 0 0 0 	47253511 1603404 0 	461.156 	3 	200
18193600000000 18193700000110 	16400045370 47626712072 1614214 	16398431156 1614214 0 0 0 	47577117 1614214 0 	460.804 	3 	200
18219200000000 18219300000110 	16600045590 48208628369 1624765 	16598420825 1624765 0 0 0 	47886065 1624765 0 	460.462 	3 	200
18244800000000 18244900000110 	16800045810 48790526856 1635268 	16798410542 1635268 0 0 0 	48194876 1635268 0 	460.128 	3 	200
18270400000000 18270500000110 	17000046030 49372455052 1645618 	16998400412 1645618 0 0 0 	48495790 1645618 0 	459.802 	3 	200
18296000000000 18296100000110 	17200046250 49954413729 1655695 	17198390555 1655695 0 0 0 	48792076 1655695 0 	459.484 	3 	200
18321600000000 18321700000189 	17400046628 50536383993 1665605 	17398381023 1665605 0 0 0 	49085477 1665605 0 	459.136 	3 	200
18347200000000 18347300000189 	17600047006 51118391956 1675710 	17598371296 1675710 0 0 0 	49380784 1675710 0 	458.795 	3 	200
18372800000000 18372900000189 	17800047384 51700458248 1685487 	17798361897 1685487 0 0 0 	49671408 1685487 0 	458.463 	3 	200
18398400000000 18398500000189 	18000047762 52282513049 1695177 	17998352585 1695177 0 0 0 	49955842 1695177 0 	458.139 	3 	200
18424000000000 18424100000189 	18200048140 52864605028 1704789 	18198343351 1704789 0 0 0 	50240543 1704789 0 	457.822 	3 	200
18449600000000 18449700000060 	18400048260 53446699925 1714124 	18398334136 1714124 0 0 0 	50512551 1714124 0 	457.475 	3 	200
18475200000000 18475300000060 	18600048380 54028839938 1723526 	18598324854 1723526 0 0 0 	50792957 1723526 0 	457.137 	3 	200
18500800000000 18500900000060 	18800048500 54611038310 1732716 	18798315784 1732716 0 0 0 	51067432 1732716 0 	456.806 	3 	200
18526400000000 18526500000060 	19000048620 55193268513 1741678 	18998306942 1741678 0 0 0 	51330798 1741678 0 	456.483 	3 	200
18552000000000 18552100000375 	19200049370 55775504675 1750658 	19198298712 1750658 0 0 0 	51593652 1750658 0 	456.131 	3 	200
18577600000000 18577700000375 	19400050120 56357764789 1759591 	19398290529 1759591 0 0 0 	51855484 1759591 0 	455.787 	3 	200
18603200000000 18603300000375 	19600050870 56940067917 1768328 	19598282542 1768328 0 0 0 	52116426 1768328 0 	455.45 	3 	200
18628800000000 18628900000375 	19800051620 57522344257 1776952 	19798274668 1776952 0 0 0 	52367535 1776952 0 	455.12 	3 	200
18654400000000 18654500000375 	20000052370 58104708790 1785409 	19998266961 1785409 0 0 0 	52617917 1785409 0 	454.798 	3 	200
18680000000000 18680100000074 	20200052518 58687076618 1793701 	20198258817 1793701 0 0 0 	52858733 1793701 0 	454.448 	3 	200
18705600000000 18705700000074 	20400052666 59269469005 1801890 	20398250776 1801890 0 0 0 	53098086 1801890 0 	454.106 	3 	200
18731200000000 18731300000074 	20600052814 59851838452 1810038 	20598242776 1810038 0 0 0 	53336938 1810038 0 	453.771 	3 	200
18756800000000 18756900000074 	20800052962 60434266488 1818062 	20798234900 1818062 0 0 0 	53570389 1818062 0 	453.443 	3 	200
18782400000000 18782500000074 	21000053110 61016755799 1825867 	20998227243 1825867 0 0 0 	53803426 1825867 0 	453.121 	3 	200
18808000000000 18808100000320 	21200053750 61599172393 1833512 	21198220238 1833512 0 0 0 	54026932 1833512 0 	452.784 	3 	200
18833600000000 18833700000320 	21400054390 62181727951 1841239 	21398213151 1841239 0 0 0 	54255645 1841239 0 	452.454 	3 	200
18859200000000 18859300000320 	21600055030 62764252338 1848794 	21598206236 1848794 0 0 0 	54471742 1848794 0 	452.131 	3 	200
18884800000000 18884900000320 	21800055670 63346787229 1856151 	21798199519 1856151 0 0 0 	54692690 1856151 0 	451.814 	3 	200
18910400000000 18910500000353 	22000056376 63929289853 1863371 	21998193005 1863371 0 0 0 	54908510 1863371 0 	451.471 	3 	200
18936000000000 18936100000353 	22200057082 64511884690 1870555 	22198186527 1870555 0 0 0 	55113481 1870555 0 	451.135 	3 	200
18961600000000 18961700000353 	22400057788 65094519156 1877766 	22398180022 1877766 0 0 0 	55323442 1877766 0 	450.806 	3 	200
18987200000000 18987300000353 	22600058494 65677159237 1885019 	22598173475 1885019 0 0 0 	55536123 1885019 0 	450.482 	3 	200
19012800000000 19012900000353 	22800059200 66259830411 1892094 	22798167106 1892094 0 0 0 	55744907 1892094 0 	450.165 	3 	200
19038400000000 19038500000044 	23000059288 66842548108 1898974 	22998160314 1898974 0 0 0 	55946804 1898974 0 	449.824 	3 	200
19064000000000 19064100000044 	23200059376 67425250579 1905689 	23198153687 1905689 0 0 0 	56145067 1905689 0 	449.488 	3 	200
19089600000000 19089700000044 	23400059464 68007994987 1912498 	23398146966 1912498 0 0 0 	56343498 1912498 0 	449.159 	3 	200
19115200000000 19115300000044 	23600059552 68590780951 1919072 	23598140480 1919072 0 0 0 	56537630 1919072 0 	448.836 	3 	200
19140800000000 19140900000044 	23800059640 69173556524 1925687 	23798133953 1925687 0 0 0 	56731922 1925687 0 	448.519 	3 	200
19166400000000 19166500000228 	24000060096 69756384147 1932141 	23998127955 1932141 0 0 0 	56921418 1932141 0 	448.188 	3 	200
19192000000000 19192100000228 	24200060552 70339215333 1938455 	24198122097 1938455 0 0 0 	57105068 1938455 0 	447.863 	3 	200
19217600000000 19217700000228 	24400061008 70922066764 1944871 	24398116137 1944871 0 0 0 	57297137 1944871 0 	447.544 	3 	200
19243200000000 19243300000228 	24600061464 71504951877 1951116 	24598110348 1951116 0 0 0 	57482750 1951116 0 	447.23 	3 	200
19268800000000 19268900000228 	24800061920 72087883816 1957229 	24798104691 1957229 0 0 0 	57665678 1957229 0 	446.922 	3 	200
19294400000000 19294500000091 	25000062102 72670816368 1963266 	24998098836 1963266 0 0 0 	57841991 1963266 0 	446.59 	3 	200
19320000000000 19320100000091 	25200062284 73253797802 1969222 	25198093062 1969222 0 0 0 	58024687 1969222 0 	446.265 	3 	200
19345600000000 19345700000091 	25400062466 73836753056 1975189 	25398087277 1975189 0 0 0 	58204866 1975189 0 	445.945 	3 	200
19371200000000 19371300000091 	25600062648 74419747380 1980994 	25598081654 1980994 0 0 0 	58376823 1980994 0 	445.63 	3 	200
19396800000000 19396900000308 	25800063264 75003114432 2028826 	25798034438 2028826 0 0 0 	59793289 2028826 0 	446.055 	3 	200
19422400000000 19422500000308 	26000063880 75586533491 2075944 	25997987936 2075944 0 0 0 	61189233 2075944 0 	446.474 	3 	200
19448000000000 19448100000308 	26200064496 76169992517 2122748 	26197941748 2122748 0 0 0 	62577550 2122748 0 	446.887 	3 	200
19473600000000 19473700000308 	26400065112 76753475858 2169120 	26397895992 2169120 0 0 0 	63951031 2169120 0 	447.295 	3 	200
19499200000000 19499300000308 	26600065728 77336906718 2214562 	26597851166 2214562 0 0 0 	65301399 2214562 0 	447.697 	3 	200
19524800000000 19524900000308 	26800066344 77920396035 2260026 	26797806318 2260026 0 0 0 	66637484 2260026 0 	448.094 	3 	200
19550400000000 19550500000152 	27000066648 78503904222 2304659 	26997761989 2304659 0 0 0 	67955328 2304659 0 	448.462 	3 	200
19576000000000 19576100000152 	27200066952 79087452503 2348721 	27197718231 2348721 0 0 0 	69256186 2348721 0 	448.826 	3 	200
19601600000000 19601700000152 	27400067256 79670958490 2392522 	27397674734 2392522 0 0 0 	70551328 2392522 0 	449.185 	3 	200
19627200000000 19627300000152 	27600067560 80254560840 2436019 	27597631541 2436019 0 0 0 	71827423 2436019 0 	449.539 	3 	200
19652800000000 19652900000152 	27800067864 80838173057 2478700 	27797589164 2478700 0 0 0 	73088513 2478700 0 	449.889 	3 	200
19678400000000 19678500000152 	28000068168 81421782868 2521065 	27997547103 2521065 0 0 0 	74349926 2521065 0 	450.234 	3 	200
19704000000000 19704100000000 	28200068168 82005441298 2562991 	28197505177 2562991 0 0 0 	75584305 2562991 0 	450.552 	3 	200
19729600000000 19729700000000 	28400068168 82589078292 2604338 	28397463830 2604338 0 0 0 	76812647 2604338 0 	450.866 	3 	200
19755200000000 19755300000000 	28600068168 83172738169 2645335 	28597422833 2645335 0 0 0 	78023187 2645335 0 	451.176 	3 	200
19780800000000 19780900000000 	28800068168 83756414636 2685981 	28797382187 2685981 0 0 0 	79221750 2685981 0 	451.482 	3 	200
19806400000000 19806500000000 	29000068168 84340078824 2726317 	28997341851 2726317 0 0 0 	80417406 2726317 0 	451.785 	3 	200
19832000000000 19832100000000 	29200068168 84923785578 2765940 	29197302228 2765940 0 0 0 	81590785 2765940 0 	452.083 	3 	200
19857600000000 19857700000048 	29400068264 85507562092 2805137 	29397263127 2805137 0 0 0 	82753194 2805137 0 	452.356 	3 	200
19883200000000 19883300000048 	29600068360 86091384405 2843828 	29597224532 2843828 0 0 0 	83898368 2843828 0 	452.625 	3 	200
19908800000000 19908900000048 	29800068456 86675208703 2882172 	29797186284 2882172 0 0 0 	85030845 2882172 0 	452.891 	3 	200
19934400000000 19934500000048 	30000068552 87259061866 2920307 	29997148245 2920307 0 0 0 	86162576 2920307 0 	453.153 	3 	200
19960000000000 19960100000048 	30200068648 87842930506 2958063 	30197110585 2958063 0 0 0 	87287413 2958063 0 	453.413 	3 	200
19985600000000 19985700000048 	30400068744 88426847901 2995204 	30397073540 2995204 0 0 0 	88392259 2995204 0 	453.669 	3 	200
