16121200000000 16121300000476 	200000952 579728260 32109 	199968843 32109 0 0 0 	939691 32109 0 	492 	3 	212
16146800000000 16146900000011 	400000974 1159489166 64182 	399936792 64182 0 0 0 	1878867 64182 0 	490.495 	3 	212
16172400000000 16172500000011 	600000996 1739248498 95608 	599905388 95608 0 0 0 	2806821 95608 0 	489.996 	3 	212
16198000000000 16198100000011 	800001018 2319115654 126533 	799874485 126533 0 0 0 	3713821 126533 0 	489.747 	3 	212
16223600000000 16223700000011 	1000001040 2898950963 157245 	999843795 157245 0 0 0 	4621980 157245 0 	489.597 	3 	212
16249200000000 16249300000210 	1200001460 3478795798 187197 	1199814263 187197 0 0 0 	5500362 187197 0 	488.825 	3 	212
16274800000000 16274900000210 	1400001880 4058681405 217098 	1399784782 217098 0 0 0 	6380830 217098 0 	488.275 	3 	212
16300400000000 16300500000210 	1600002300 4638619856 246310 	1599755990 246310 0 0 0 	7238084 246310 0 	487.863 	3 	212
16326000000000 16326100000210 	1800002720 5218537699 275371 	1799727349 275371 0 0 0 	8094866 275371 0 	487.543 	3 	212
16351600000000 16351700000210 	2000003140 5798541396 304287 	1999698853 304287 0 0 0 	8949367 304287 0 	487.288 	3 	212
16377200000000 16377300000381 	2200003902 6378528144 332531 	2199671371 332531 0 0 0 	9784426 332531 0 	486.709 	3 	212
16402800000000 16402900000381 	2400004664 6958549797 360663 	2399644001 360663 0 0 0 	10606828 360663 0 	486.228 	3 	212
16428400000000 16428500000381 	2600005426 7538665610 388164 	2599617262 388164 0 0 0 	11412625 388164 0 	485.822 	3 	212
16454000000000 16454100000381 	2800006188 8118714704 415380 	2799590808 415380 0 0 0 	12203053 415380 0 	485.474 	3 	212
16479600000000 16479700000381 	3000006950 8698820438 441968 	2999564982 441968 0 0 0 	12985641 441968 0 	485.174 	3 	212
16505200000000 16505300000468 	3200007886 9278901521 468364 	3199539522 468364 0 0 0 	13761680 468364 0 	484.719 	3 	212
16530800000000 16530900000468 	3400008822 9859056094 494417 	3399514405 494417 0 0 0 	14523344 494417 0 	484.318 	3 	212
16556400000000 16556500000468 	3600009758 10439242897 520295 	3599489463 520295 0 0 0 	15287083 520295 0 	483.963 	3 	212
16582000000000 16582100000468 	3800010694 11019455775 545513 	3799465181 545513 0 0 0 	16031779 545513 0 	483.646 	3 	212
16607600000000 16607700000254 	4000011202 11599665674 570608 	3999440594 570608 0 0 0 	16771524 570608 0 	483.154 	3 	212
16633200000000 16633300000254 	4200011710 12179982932 595342 	4199416368 595342 0 0 0 	17500815 595342 0 	482.71 	3 	212
16658800000000 16658900000254 	4400012218 12760262027 619891 	4399392327 619891 0 0 0 	18227617 619891 0 	482.307 	3 	212
16684400000000 16684500000254 	4600012726 13340521493 643840 	4599368886 643840 0 0 0 	18925224 643840 0 	481.94 	3 	212
16710000000000 16710100000254 	4800013234 13920947668 667711 	4799345523 667711 0 0 0 	19635977 667711 0 	481.604 	3 	212
16735600000000 16735700000365 	5000013964 14501337737 690911 	4999323053 690911 0 0 0 	20317712 690911 0 	481.171 	3 	212
16761200000000 16761300000365 	5200014694 15081744484 714152 	5199300542 714152 0 0 0 	20999881 714152 0 	480.771 	3 	212
16786800000000 16786900000365 	5400015424 15662207041 737082 	5399278342 737082 0 0 0 	21671139 737082 0 	480.402 	3 	212
16812400000000 16812500000365 	5600016154 16242683175 759452 	5599256702 759452 0 0 0 	22321732 759452 0 	480.06 	3 	212
16838000000000 16838100000365 	5800016884 16823171406 781598 	5799235286 781598 0 0 0 	22969560 781598 0 	479.742 	3 	212
16863600000000 16863700000368 	6000017620 17403724174 803310 	5999214310 803310 0 0 0 	23612091 803310 0 	479.341 	3 	212
16889200000000 16889300000368 	6200018356 17984291647 824876 	6199193480 824876 0 0 0 	24238176 824876 0 	478.966 	3 	212
16914800000000 16914900000368 	6400019092 18564856126 846085 	6399173007 846085 0 0 0 	24862902 846085 0 	478.616 	3 	212
16940400000000 16940500000368 	6600019828 19145436556 867250 	6599152578 867250 0 0 0 	25482917 867250 0 	478.287 	3 	212
16966000000000 16966100000368 	6800020564 19726045303 887849 	6799132715 887849 0 0 0 	26084374 887849 0 	477.978 	3 	212
16991600000000 16991700000352 	7000021268 20306670187 908230 	6999113038 908230 0 0 0 	26682220 908230 0 	477.567 	3 	212
17017200000000 17017300000352 	7200021972 20887343353 928473 	7199093499 928473 0 0 0 	27281308 928473 0 	477.179 	3 	212
17042800000000 17042900000352 	7400022676 21468062310 948288 	7399074388 948288 0 0 0 	27862473 948288 0 	476.813 	3 	212
17068400000000 17068500000352 	7600023380 22048754344 967703 	7599055677 967703 0 0 0 	28436874 967703 0 	476.467 	3 	212
17094000000000 17094100000120 	7800023620 22629491706 987379 	7799036241 987379 0 0 0 	29021792 987379 0 	476.058 	3 	212
17119600000000 17119700000120 	8000023860 23210272407 1006630 	7999017230 1006630 0 0 0 	29589604 1006630 0 	475.669 	3 	212
17145200000000 17145300000120 	8200024100 23791055364 1025612 	8198998488 1025612 0 0 0 	30146788 1025612 0 	475.3 	3 	212
17170800000000 17170900000120 	8400024340 24371829601 1044352 	8398979988 1044352 0 0 0 	30696498 1044352 0 	474.95 	3 	212
17196400000000 17196500000120 	8600024580 24952665213 1062648 	8598961932 1062648 0 0 0 	31239215 1062648 0 	474.616 	3 	212
17222000000000 17222100000178 	8800024936 25533503937 1080724 	8798944212 1080724 0 0 0 	31765906 1080724 0 	474.225 	3 	212
17247600000000 17247700000178 	9000025292 26114393762 1098582 	8998926710 1098582 0 0 0 	32288366 1098582 0 	473.852 	3 	212
17273200000000 17273300000178 	9200025648 26695289711 1116229 	9198909419 1116229 0 0 0 	32807595 1116229 0 	473.495 	3 	212
17298800000000 17298900000178 	9400026004 27276260412 1133649 	9398892355 1133649 0 0 0 	33325994 1133649 0 	473.155 	3 	212
17324400000000 17324500000178 	9600026360 27857269682 1150719 	9598875641 1150719 0 0 0 	33830609 1150719 0 	472.829 	3 	212
17350000000000 17350100000355 	9800027070 28438284362 1167703 	9798859367 1167703 0 0 0 	34328803 1167703 0 	472.451 	3 	212
17375600000000 17375700000355 	10000027780 29019371369 1184534 	9998843246 1184534 0 0 0 	34827624 1184534 0 	472.089 	3 	212
17401200000000 17401300000355 	10200028490 29600391962 1201043 	10198827447 1201043 0 0 0 	35310008 1201043 0 	471.741 	3 	212
17426800000000 17426900000355 	10400029200 30181511499 1217324 	10398811876 1217324 0 0 0 	35790122 1217324 0 	471.408 	3 	212
17452400000000 17452500000355 	10600029910 30762628485 1233173 	10598796737 1233173 0 0 0 	36258412 1233173 0 	471.087 	3 	212
17478000000000 17478100000230 	10800030370 31343752552 1248893 	10798781477 1248893 0 0 0 	36722773 1248893 0 	470.699 	3 	212
17503600000000 17503700000230 	11000030830 31924928775 1264417 	10998766413 1264417 0 0 0 	37180063 1264417 0 	470.326 	3 	212
17529200000000 17529300000230 	11200031290 32506093684 1279743 	11198751547 1279743 0 0 0 	37636093 1279743 0 	469.966 	3 	212
17554800000000 17554900000230 	11400031750 33087224809 1294967 	11398736783 1294967 0 0 0 	38086282 1294967 0 	469.619 	3 	212
17580400000000 17580500000320 	11600032390 33668474051 1309876 	11598722514 1309876 0 0 0 	38522507 1309876 0 	469.229 	3 	212
17606000000000 17606100000320 	11800033030 34249730301 1324619 	11798708411 1324619 0 0 0 	38956104 1324619 0 	468.853 	3 	212
17631600000000 17631700000320 	12000033670 34831041817 1339261 	11998694409 1339261 0 0 0 	39388322 1339261 0 	468.489 	3 	212
17657200000000 17657300000320 	12200034310 35412391821 1353343 	12198680967 1353343 0 0 0 	39800384 1353343 0 	468.138 	3 	212
17682800000000 17682900000320 	12400034950 35993760552 1367300 	12398667650 1367300 0 0 0 	40213950 1367300 0 	467.799 	3 	212
17708400000000 17708500000400 	12600035750 36575147105 1381224 	12598654526 1381224 0 0 0 	40623133 1381224 0 	467.419 	3 	212
17734000000000 17734100000400 	12800036550 37156584058 1394950 	12798641600 1394950 0 0 0 	41027729 1394950 0 	467.051 	3 	212
17759600000000 17759700000400 	13000037350 37738064284 1408543 	12998628807 1408543 0 0 0 	41432046 1408543 0 	466.695 	3 	212
17785200000000 17785300000400 	13200038150 38319486051 1421810 	13198616340 1421810 0 0 0 	41819081 1421810 0 	466.351 	3 	212
17810800000000 17810900000400 	13400038950 38901017310 1435109 	13398603841 1435109 0 0 0 	42212557 1435109 0 	466.017 	3 	212
17836400000000 17836500000290 	13600039530 39482527651 1448263 	13598591267 1448263 0 0 0 	42600849 1448263 0 	465.645 	3 	212
17862000000000 17862100000290 	13800040110 40064027619 1461095 	13798579015 1461095 0 0 0 	42981606 1461095 0 	465.284 	3 	212
17887600000000 17887700000290 	14000040690 40645599225 1473704 	13998566986 1473704 0 0 0 	43351141 1473704 0 	464.934 	3 	212
17913200000000 17913300000290 	14200041270 41227136798 1486133 	14198555137 1486133 0 0 0 	43721687 1486133 0 	464.595 	3 	212
17938800000000 17938900000290 	14400041850 41808791796 1498560 	14398543290 1498560 0 0 0 	44093595 1498560 0 	464.265 	3 	212
17964400000000 17964500000249 	14600042348 42390411734 1510676 	14598531672 1510676 0 0 0 	44457123 1510676 0 	463.9 	3 	212
17990000000000 17990100000249 	14800042846 42972121275 1522626 	14798520220 1522626 0 0 0 	44808254 1522626 0 	463.544 	3 	212
18015600000000 18015700000249 	15000043344 43553777364 1534234 	14998509110 1534234 0 0 0 	45147755 1534234 0 	463.199 	3 	212
18041200000000 18041300000249 	15200043842 44135499957 1546160 	15198497682 1546160 0 0 0 	45498678 1546160 0 	462.863 	3 	212
18066800000000 18066900000088 	15400044018 44717243483 1557751 	15398486267 1557751 0 0 0 	45841896 1557751 0 	462.493 	3 	212
18092400000000 18092500000088 	15600044194 45298989293 1568957 	15598475237 1568957 0 0 0 	46170556 1568957 0 	462.133 	3 	212
18118000000000 18118100000088 	15800044370 45880880568 1580235 	15798464135 1580235 0 0 0 	46496954 1580235 0 	461.783 	3 	212
18143600000000 18143700000088 	16000044546 46462636416 1591231 	15998453315 1591231 0 0 0 	46820757 1591231 0 	461.442 	3 	212
18169200000000 18169300000088 	16200044722 47044456363 1602244 	16198442478 1602244 0 0 0 	47140027 1602244 0 	461.11 	3 	212
18194800000000 18194900000110 	16400044942 47626355377 1613164 	16398431778 1613164 0 0 0 	47462464 1613164 0 	460.759 	3 	212
18220400000000 18220500000110 	16600045162 48208209516 1623431 	16598421731 1623431 0 0 0 	47769096 1623431 0 	460.417 	3 	212
18246000000000 18246100000110 	16800045382 48790170827 1633810 	16798411572 1633810 0 0 0 	48076088 1633810 0 	460.083 	3 	212
18271600000000 18271700000110 	17000045602 49372132226 1644100 	16998401502 1644100 0 0 0 	48384488 1644100 0 	459.758 	3 	212
18297200000000 18297300000110 	17200045822 49954063962 1654205 	17198391617 1654205 0 0 0 	48686403 1654205 0 	459.441 	3 	212
18322800000000 18322900000189 	17400046200 50536040376 1664261 	17398381939 1664261 0 0 0 	48982088 1664261 0 	459.093 	3 	212
18348400000000 18348500000189 	17600046578 51118096466 1674105 	17598372473 1674105 0 0 0 	49271929 1674105 0 	458.753 	3 	212
18374000000000 18374100000189 	17800046956 51700109624 1683922 	17798363034 1683922 0 0 0 	49563431 1683922 0 	458.421 	3 	212
18399600000000 18399700000189 	18000047334 52282213922 1693624 	17998353710 1693624 0 0 0 	49851648 1693624 0 	458.097 	3 	212
18425200000000 18425300000189 	18200047712 52864281283 1703282 	18198344430 1703282 0 0 0 	50138274 1703282 0 	457.781 	3 	212
18450800000000 18450900000060 	18400047832 53446403436 1712754 	18398335078 1712754 0 0 0 	50414305 1712754 0 	457.435 	3 	212
18476400000000 18476500000060 	18600047952 54028532207 1722172 	18598325780 1722172 0 0 0 	50696211 1722172 0 	457.097 	3 	212
18502000000000 18502100000060 	18800048072 54610658604 1731525 	18798316547 1731525 0 0 0 	50972961 1731525 0 	456.767 	3 	212
18527600000000 18527700000060 	19000048192 55192877128 1740636 	18998307556 1740636 0 0 0 	51242593 1740636 0 	456.444 	3 	212
18553200000000 18553300000375 	19200048942 55775104664 1749423 	19198299519 1749423 0 0 0 	51500174 1749423 0 	456.092 	3 	212
18578800000000 18578900000375 	19400049692 56357391367 1758258 	19398291434 1758258 0 0 0 	51759400 1758258 0 	455.749 	3 	212
18604400000000 18604500000375 	19600050442 56939628123 1766933 	19598283509 1766933 0 0 0 	52014122 1766933 0 	455.412 	3 	212
18630000000000 18630100000375 	19800051192 57521942115 1775385 	19798275807 1775385 0 0 0 	52263646 1775385 0 	455.084 	3 	212
18655600000000 18655700000375 	20000051942 58104255677 1783642 	19998268300 1783642 0 0 0 	52503857 1783642 0 	454.762 	3 	212
18681200000000 18681300000074 	20200052090 58686577862 1791805 	20198260285 1791805 0 0 0 	52745927 1791805 0 	454.412 	3 	212
18706800000000 18706900000074 	20400052238 59268972547 1800191 	20398252047 1800191 0 0 0 	52995957 1800191 0 	454.07 	3 	212
18732400000000 18732500000074 	20600052386 59851383729 1808226 	20598244160 1808226 0 0 0 	53233779 1808226 0 	453.736 	3 	212
18758000000000 18758100000074 	20800052534 60433856820 1816307 	20798236227 1816307 0 0 0 	53472313 1816307 0 	453.408 	3 	212
18783600000000 18783700000074 	21000052682 61016301777 1824147 	20998228535 1824147 0 0 0 	53705261 1824147 0 	453.087 	3 	212
18809200000000 18809300000320 	21200053322 61598798895 1831978 	21198221344 1831978 0 0 0 	53934846 1831978 0 	452.75 	3 	212
18834800000000 18834900000320 	21400053962 62181267101 1839693 	21398214269 1839693 0 0 0 	54167781 1839693 0 	452.42 	3 	212
18860400000000 18860500000320 	21600054602 62763820208 1847307 	21598207295 1847307 0 0 0 	54395103 1847307 0 	452.097 	3 	212
18886000000000 18886100000320 	21800055242 63346419722 1854786 	21798200456 1854786 0 0 0 	54619713 1854786 0 	451.781 	3 	212
18911600000000 18911700000353 	22000055948 63928992799 1862070 	21998193878 1862070 0 0 0 	54832184 1862070 0 	451.438 	3 	212
18937200000000 18937300000353 	22200056654 64511588795 1869468 	22198187186 1869468 0 0 0 	55051863 1869468 0 	451.103 	3 	212
18962800000000 18962900000353 	22400057360 65094253631 1876698 	22398180662 1876698 0 0 0 	55265601 1876698 0 	450.773 	3 	212
18988400000000 18988500000353 	22600058066 65676876919 1883762 	22598174304 1883762 0 0 0 	55474760 1883762 0 	450.451 	3 	212
19014000000000 19014100000353 	22800058772 66259591339 1890776 	22798167996 1890776 0 0 0 	55680823 1890776 0 	450.134 	3 	212
19039600000000 19039700000044 	23000058860 66842264249 1897590 	22998161270 1897590 0 0 0 	55881189 1897590 0 	449.793 	3 	212
19065200000000 19065300000044 	23200058948 67424961979 1904416 	23198154532 1904416 0 0 0 	56085819 1904416 0 	449.458 	3 	212
19090800000000 19090900000044 	23400059036 68007705417 1911154 	23398147882 1911154 0 0 0 	56282482 1911154 0 	449.129 	3 	212
19116400000000 19116500000044 	23600059124 68590423886 1917755 	23598141369 1917755 0 0 0 	56483853 1917755 0 	448.806 	3 	212
19142000000000 19142100000044 	23800059212 69173179752 1924290 	23798134922 1924290 0 0 0 	56676031 1924290 0 	448.489 	3 	212
19167600000000 19167700000228 	24000059668 69755994228 1930752 	23998128916 1930752 0 0 0 	56865645 1930752 0 	448.158 	3 	212
19193200000000 19193300000228 	24200060124 70338855051 1937044 	24198123080 1937044 0 0 0 	57054548 1937044 0 	447.834 	3 	212
19218800000000 19218900000228 	24400060580 70921717157 1943340 	24398117240 1943340 0 0 0 	57244246 1943340 0 	447.515 	3 	212
19244400000000 19244500000228 	24600061036 71504642837 1949694 	24598111342 1949694 0 0 0 	57428796 1949694 0 	447.201 	3 	212
19270000000000 19270100000228 	24800061492 72087534612 1955802 	24798105690 1955802 0 0 0 	57607320 1955802 0 	446.893 	3 	212
19295600000000 19295700000091 	25000061674 72670502708 1961809 	24998099865 1961809 0 0 0 	57785103 1961809 0 	446.562 	3 	212
19321200000000 19321300000091 	25200061856 73253506464 1967678 	25198094178 1967678 0 0 0 	57960513 1967678 0 	446.237 	3 	212
19346800000000 19346900000091 	25400062038 73836482167 1973432 	25398088606 1973432 0 0 0 	58133607 1973432 0 	445.917 	3 	212
19372400000000 19372500000091 	25600062220 74419523891 1979131 	25598083089 1979131 0 0 0 	58302429 1979131 0 	445.603 	3 	212
19398000000000 19398100000308 	25800062836 75002887925 2026388 	25798036448 2026388 0 0 0 	59696375 2026388 0 	446.028 	3 	212
19423600000000 19423700000308 	26000063452 75586296108 2073729 	25997989723 2073729 0 0 0 	61095338 2073729 0 	446.447 	3 	212
19449200000000 19449300000308 	26200064068 76169698270 2120574 	26197943494 2120574 0 0 0 	62485969 2120574 0 	446.86 	3 	212
19474800000000 19474900000308 	26400064684 76753116330 2166875 	26397897809 2166875 0 0 0 	63845951 2166875 0 	447.268 	3 	212
19500400000000 19500500000308 	26600065300 77336596397 2212542 	26597852758 2212542 0 0 0 	65196657 2212542 0 	447.67 	3 	212
19526000000000 19526100000308 	26800065916 77920119132 2257788 	26797808128 2257788 0 0 0 	66532369 2257788 0 	448.067 	3 	212
19551600000000 19551700000152 	27000066220 78503544486 2302333 	26997763887 2302333 0 0 0 	67846518 2302333 0 	448.436 	3 	212
19577200000000 19577300000152 	27200066524 79087040200 2346265 	27197720259 2346265 0 0 0 	69147687 2346265 0 	448.8 	3 	212
19602800000000 19602900000152 	27400066828 79670598601 2390128 	27397676700 2390128 0 0 0 	70439877 2390128 0 	449.159 	3 	212
19628400000000 19628500000152 	27600067132 80254196842 2433561 	27597633571 2433561 0 0 0 	71733601 2433561 0 	449.513 	3 	212
19654000000000 19654100000152 	27800067436 80837825840 2477021 	27797590415 2477021 0 0 0 	73018991 2477021 0 	449.863 	3 	212
19679600000000 19679700000152 	28000067740 81421453719 2519096 	27997548644 2519096 0 0 0 	74257922 2519096 0 	450.209 	3 	212
19705200000000 19705300000000 	28200067740 82005030026 2560847 	28197506893 2560847 0 0 0 	75493826 2560847 0 	450.527 	3 	212
19730800000000 19730900000000 	28400067740 82588678318 2602350 	28397465390 2602350 0 0 0 	76716645 2602350 0 	450.841 	3 	212
19756400000000 19756500000000 	28600067740 83172371155 2643557 	28597424183 2643557 0 0 0 	77934006 2643557 0 	451.151 	3 	212
19782000000000 19782100000000 	28800067740 83756045630 2684185 	28797383555 2684185 0 0 0 	79129313 2684185 0 	451.457 	3 	212
19807600000000 19807700000000 	29000067740 84339825704 2724489 	28997343251 2724489 0 0 0 	80324007 2724489 0 	451.76 	3 	212
19833200000000 19833300000000 	29200067740 84923593923 2764262 	29197303478 2764262 0 0 0 	81504710 2764262 0 	452.059 	3 	212
19858800000000 19858900000048 	29400067836 85507367135 2803776 	29397264060 2803776 0 0 0 	82678639 2803776 0 	452.331 	3 	212
19884400000000 19884500000048 	29600067932 86091102915 2842758 	29597225174 2842758 0 0 0 	83833125 2842758 0 	452.601 	3 	212
19910000000000 19910100000048 	29800068028 86674884055 2881314 	29797186714 2881314 0 0 0 	84971650 2881314 0 	452.866 	3 	212
19935600000000 19935700000048 	30000068124 87258690294 2919141 	29997148983 2919141 0 0 0 	86099450 2919141 0 	453.129 	3 	212
19961200000000 19961300000048 	30200068220 87842561857 2956495 	30197111725 2956495 0 0 0 	87202191 2956495 0 	453.389 	3 	212
19986800000000 19986900000048 	30400068316 88426435078 2993737 	30397074579 2993737 0 0 0 	88298102 2993737 0 	453.645 	3 	212
