16124600000000 16124700000011 	200000022 579707606 32112 	199967910 32112 0 0 0 	944464 32112 0 	489 	3 	246
16150200000000 16150300000011 	400000044 1159477117 63833 	399936211 63833 0 0 0 	1877745 63833 0 	489 	3 	246
16175800000000 16175900000011 	600000066 1739306418 95414 	599904652 95414 0 0 0 	2797097 95414 0 	489 	3 	246
16201400000000 16201500000011 	800000088 2319086574 126236 	799873852 126236 0 0 0 	3696152 126236 0 	489 	3 	246
16227000000000 16227100000011 	1000000110 2898903847 156642 	999843468 156642 0 0 0 	4596379 156642 0 	489 	3 	246
16252600000000 16252700000210 	1200000530 3478757980 186701 	1199813829 186701 0 0 0 	5479170 186701 0 	488.329 	3 	246
16278200000000 16278300000210 	1400000950 4058623991 216698 	1399784252 216698 0 0 0 	6349371 216698 0 	487.85 	3 	246
16303800000000 16303900000210 	1600001370 4638516252 246167 	1599755203 246167 0 0 0 	7218700 246167 0 	487.492 	3 	246
16329400000000 16329500000210 	1800001790 5218511786 274952 	1799726838 274952 0 0 0 	8059308 274952 0 	487.214 	3 	246
16355000000000 16355100000210 	2000002210 5798473005 303385 	1999698825 303385 0 0 0 	8895022 303385 0 	486.992 	3 	246
16380600000000 16380700000381 	2200002972 6378463011 331777 	2199671195 331777 0 0 0 	9733570 331777 0 	486.441 	3 	246
16406200000000 16406300000381 	2400003734 6958525900 359707 	2399644027 359707 0 0 0 	10553675 359707 0 	485.983 	3 	246
16431800000000 16431900000381 	2600004496 7538574292 387192 	2599617304 387192 0 0 0 	11354255 387192 0 	485.596 	3 	246
16457400000000 16457500000381 	2800005258 8118569940 414371 	2799590887 414371 0 0 0 	12150927 414371 0 	485.265 	3 	246
16483000000000 16483100000381 	3000006020 8698754466 441253 	2999564767 441253 0 0 0 	12942056 441253 0 	484.978 	3 	246
16508600000000 16508700000468 	3200006956 9278973144 467534 	3199539422 467534 0 0 0 	13716905 467534 0 	484.536 	3 	246
16534200000000 16534300000468 	3400007892 9859089338 493708 	3399514184 493708 0 0 0 	14487182 493708 0 	484.147 	3 	246
16559800000000 16559900000468 	3600008828 10439255563 519534 	3599489294 519534 0 0 0 	15248572 519534 0 	483.801 	3 	246
16585400000000 16585500000468 	3800009764 11019457333 544930 	3799464834 544930 0 0 0 	16007403 544930 0 	483.492 	3 	246
16611000000000 16611100000254 	4000010272 11599763229 569945 	3999440327 569945 0 0 0 	16746877 569945 0 	483.008 	3 	246
16636600000000 16636700000254 	4200010780 12180021298 594751 	4199416029 594751 0 0 0 	17482853 594751 0 	482.572 	3 	246
16662200000000 16662300000254 	4400011288 12760281378 618788 	4399392500 618788 0 0 0 	18193127 618788 0 	482.175 	3 	246
16687800000000 16687900000254 	4600011796 13340565367 642971 	4599368825 642971 0 0 0 	18908618 642971 0 	481.814 	3 	246
16713400000000 16713500000254 	4800012304 13920890638 666649 	4799345655 666649 0 0 0 	19601191 666649 0 	481.483 	3 	246
16739000000000 16739100000365 	5000013034 14501256810 689969 	4999323065 689969 0 0 0 	20284096 689969 0 	481.055 	3 	246
16764600000000 16764700000365 	5200013764 15081599310 712896 	5199300868 712896 0 0 0 	20954143 712896 0 	480.66 	3 	246
16790200000000 16790300000365 	5400014494 15662003551 735726 	5399278768 735726 0 0 0 	21625447 735726 0 	480.296 	3 	246
16815800000000 16815900000365 	5600015224 16242479329 758256 	5599256968 758256 0 0 0 	22288502 758256 0 	479.957 	3 	246
16841400000000 16841500000365 	5800015954 16822967938 780173 	5799235781 780173 0 0 0 	22933700 780173 0 	479.643 	3 	246
16867000000000 16867100000368 	6000016690 17403505177 801846 	5999214844 801846 0 0 0 	23570446 801846 0 	479.245 	3 	246
16892600000000 16892700000368 	6200017426 17984012543 823616 	6199193810 823616 0 0 0 	24209433 823616 0 	478.874 	3 	246
16918200000000 16918300000368 	6400018162 18564550970 845026 	6399173136 845026 0 0 0 	24846225 845026 0 	478.527 	3 	246
16943800000000 16943900000368 	6600018898 19145190161 865952 	6599152946 865952 0 0 0 	25461576 865952 0 	478.201 	3 	246
16969400000000 16969500000368 	6800019634 19725859795 886482 	6799133152 886482 0 0 0 	26062815 886482 0 	477.894 	3 	246
16995000000000 16995100000352 	7000020338 20306539689 906931 	6999113407 906931 0 0 0 	26661913 906931 0 	477.486 	3 	246
17020600000000 17020700000352 	7200021042 20887154080 926836 	7199094206 926836 0 0 0 	27246483 926836 0 	477.101 	3 	246
17046200000000 17046300000352 	7400021746 21467795802 946432 	7399075314 946432 0 0 0 	27826793 946432 0 	476.737 	3 	246
17071800000000 17071900000352 	7600022450 22048531900 965767 	7599056683 965767 0 0 0 	28398887 965767 0 	476.393 	3 	246
17097400000000 17097500000120 	7800022690 22629310684 985326 	7799037364 985326 0 0 0 	28976081 985326 0 	475.985 	3 	246
17123000000000 17123100000120 	8000022930 23210070638 1004295 	7999018635 1004295 0 0 0 	29536778 1004295 0 	475.599 	3 	246
17148600000000 17148700000120 	8200023170 23790835262 1023195 	8198999975 1023195 0 0 0 	30094126 1023195 0 	475.232 	3 	246
17174200000000 17174300000120 	8400023410 24371705588 1041970 	8398981440 1041970 0 0 0 	30650386 1041970 0 	474.883 	3 	246
17199800000000 17199900000120 	8600023650 24952589437 1060153 	8598963497 1060153 0 0 0 	31183997 1060153 0 	474.55 	3 	246
17225400000000 17225500000178 	8800024006 25533515916 1078011 	8798945995 1078011 0 0 0 	31704764 1078011 0 	474.161 	3 	246
17251000000000 17251100000178 	9000024362 26114364538 1095815 	8998928547 1095815 0 0 0 	32227530 1095815 0 	473.789 	3 	246
17276600000000 17276700000178 	9200024718 26695300388 1113430 	9198911288 1113430 0 0 0 	32750138 1113430 0 	473.435 	3 	246
17302200000000 17302300000178 	9400025074 27276305386 1131032 	9398894042 1131032 0 0 0 	33270570 1131032 0 	473.095 	3 	246
17327800000000 17327900000178 	9600025430 27857288202 1148492 	9598876938 1148492 0 0 0 	33787871 1148492 0 	472.771 	3 	246
17353400000000 17353500000355 	9800026140 28438351168 1165396 	9798860744 1165396 0 0 0 	34285861 1165396 0 	472.394 	3 	246
17379000000000 17379100000355 	10000026850 29019370674 1181928 	9998844922 1181928 0 0 0 	34770103 1181928 0 	472.033 	3 	246
17404600000000 17404700000355 	10200027560 29600451384 1198113 	10198829447 1198113 0 0 0 	35249186 1198113 0 	471.687 	3 	246
17430200000000 17430300000355 	10400028270 30181517531 1214350 	10398813920 1214350 0 0 0 	35729159 1214350 0 	471.355 	3 	246
17455800000000 17455900000230 	10600028730 30762643753 1230433 	10598798297 1230433 0 0 0 	36204503 1230433 0 	470.954 	3 	246
17481400000000 17481500000230 	10800029190 31343773060 1246065 	10798783125 1246065 0 0 0 	36663045 1246065 0 	470.568 	3 	246
17507000000000 17507100000230 	11000029650 31924976319 1261484 	10998768166 1261484 0 0 0 	37114397 1261484 0 	470.197 	3 	246
17532600000000 17532700000230 	11200030110 32506174521 1276855 	11198753255 1276855 0 0 0 	37564726 1276855 0 	469.84 	3 	246
17558200000000 17558300000230 	11400030570 33087381892 1291885 	11398738685 1291885 0 0 0 	38005627 1291885 0 	469.496 	3 	246
17583800000000 17583900000320 	11600031210 33668630839 1306818 	11598724392 1306818 0 0 0 	38446749 1306818 0 	469.108 	3 	246
17609400000000 17609500000320 	11800031850 34249889108 1321606 	11798710244 1321606 0 0 0 	38882827 1321606 0 	468.733 	3 	246
17635000000000 17635100000320 	12000032490 34831198265 1336101 	11998696389 1336101 0 0 0 	39310607 1336101 0 	468.372 	3 	246
17660600000000 17660700000320 	12200033130 35412536854 1350203 	12198682927 1350203 0 0 0 	39721680 1350203 0 	468.023 	3 	246
17686200000000 17686300000320 	12400033770 35993911493 1364406 	12398669364 1364406 0 0 0 	40145270 1364406 0 	467.686 	3 	246
17711800000000 17711900000400 	12600034570 36575298535 1378371 	12598656199 1378371 0 0 0 	40558328 1378371 0 	467.308 	3 	246
17737400000000 17737500000400 	12800035370 37156698240 1391993 	12798643377 1391993 0 0 0 	40960051 1391993 0 	466.942 	3 	246
17763000000000 17763100000400 	13000036170 37738062306 1405406 	12998630764 1405406 0 0 0 	41350208 1405406 0 	466.588 	3 	246
17788600000000 17788700000400 	13200036970 38319605190 1418759 	13198618211 1418759 0 0 0 	41745875 1418759 0 	466.246 	3 	246
17814200000000 17814300000400 	13400037770 38901068276 1431999 	13398605771 1431999 0 0 0 	42135138 1431999 0 	465.914 	3 	246
17839800000000 17839900000290 	13600038350 39482643965 1445114 	13598593236 1445114 0 0 0 	42522808 1445114 0 	465.543 	3 	246
17865400000000 17865500000290 	13800038930 40064179766 1457872 	13798581058 1457872 0 0 0 	42906436 1457872 0 	465.184 	3 	246
17891000000000 17891100000290 	14000039510 40645722707 1470493 	13998569017 1470493 0 0 0 	43274341 1470493 0 	464.836 	3 	246
17916600000000 17916700000290 	14200040090 41227308133 1483001 	14198557089 1483001 0 0 0 	43645265 1483001 0 	464.498 	3 	246
17942200000000 17942300000249 	14400040588 41808914273 1495534 	14398545054 1495534 0 0 0 	44013284 1495534 0 	464.123 	3 	246
17967800000000 17967900000249 	14600041086 42390566872 1507752 	14598533334 1507752 0 0 0 	44374677 1507752 0 	463.76 	3 	246
17993400000000 17993500000249 	14800041584 42972257477 1519813 	14798521771 1519813 0 0 0 	44739713 1519813 0 	463.407 	3 	246
18019000000000 18019100000249 	15000042082 43553998543 1531690 	14998510392 1531690 0 0 0 	45092211 1531690 0 	463.063 	3 	246
18044600000000 18044700000249 	15200042580 44135690348 1543368 	15198499212 1543368 0 0 0 	45442512 1543368 0 	462.73 	3 	246
18070200000000 18070300000088 	15400042756 44717404823 1555175 	15398487581 1555175 0 0 0 	45788732 1555175 0 	462.361 	3 	246
18095800000000 18095900000088 	15600042932 45299221516 1566572 	15598476360 1566572 0 0 0 	46120723 1566572 0 	462.003 	3 	246
18121400000000 18121500000088 	15800043108 45880996587 1577617 	15798465491 1577617 0 0 0 	46446114 1577617 0 	461.655 	3 	246
18147000000000 18147100000088 	16000043284 46462845628 1588641 	15998454643 1588641 0 0 0 	46775003 1588641 0 	461.316 	3 	246
18172600000000 18172700000088 	16200043460 47044621708 1599593 	16198443867 1599593 0 0 0 	47100220 1599593 0 	460.985 	3 	246
18198200000000 18198300000110 	16400043680 47626431317 1610290 	16398433390 1610290 0 0 0 	47406376 1610290 0 	460.636 	3 	246
18223800000000 18223900000110 	16600043900 48208359057 1621010 	16598422890 1621010 0 0 0 	47722466 1621010 0 	460.295 	3 	246
18249400000000 18249500000110 	16800044120 48790244900 1631423 	16798412697 1631423 0 0 0 	48029580 1631423 0 	459.964 	3 	246
18275000000000 18275100000110 	17000044340 49372236005 1641930 	16998402410 1641930 0 0 0 	48337693 1641930 0 	459.64 	3 	246
18300600000000 18300700000110 	17200044560 49954210390 1652156 	17198392404 1652156 0 0 0 	48637604 1652156 0 	459.325 	3 	246
18326200000000 18326300000189 	17400044938 50536212779 1662148 	17398382790 1662148 0 0 0 	48936512 1662148 0 	458.978 	3 	246
18351800000000 18351900000189 	17600045316 51118225626 1672097 	17598373219 1672097 0 0 0 	49226573 1672097 0 	458.64 	3 	246
18377400000000 18377500000189 	17800045694 51700300362 1681838 	17798363856 1681838 0 0 0 	49515141 1681838 0 	458.309 	3 	246
18403000000000 18403100000189 	18000046072 52282396724 1691424 	17998354648 1691424 0 0 0 	49797423 1691424 0 	457.987 	3 	246
18428600000000 18428700000060 	18200046192 52864469184 1700926 	18198345266 1700926 0 0 0 	50081271 1700926 0 	457.635 	3 	246
18454200000000 18454300000060 	18400046312 53446664225 1710229 	18398336083 1710229 0 0 0 	50359390 1710229 0 	457.29 	3 	246
18479800000000 18479900000060 	18600046432 54028789312 1719536 	18598326896 1719536 0 0 0 	50634247 1719536 0 	456.954 	3 	246
18505400000000 18505500000060 	18800046552 54611013385 1728769 	18798317783 1728769 0 0 0 	50903840 1728769 0 	456.626 	3 	246
18531000000000 18531100000060 	19000046672 55193282027 1737664 	18998309008 1737664 0 0 0 	51171356 1737664 0 	456.304 	3 	246
18556600000000 18556700000375 	19200047422 55775572078 1746624 	19198300798 1746624 0 0 0 	51435979 1746624 0 	455.954 	3 	246
18582200000000 18582300000375 	19400048172 56357810863 1755273 	19398292899 1755273 0 0 0 	51691442 1755273 0 	455.612 	3 	246
18607800000000 18607900000375 	19600048922 56940073363 1763819 	19598285103 1763819 0 0 0 	51940669 1763819 0 	455.278 	3 	246
18633400000000 18633500000375 	19800049672 57522422402 1772383 	19798277289 1772383 0 0 0 	52193875 1772383 0 	454.95 	3 	246
18659000000000 18659100000375 	20000050422 58104728800 1780607 	19998269815 1780607 0 0 0 	52433953 1780607 0 	454.63 	3 	246
18684600000000 18684700000074 	20200050570 58687129743 1788899 	20198261671 1788899 0 0 0 	52675760 1788899 0 	454.282 	3 	246
18710200000000 18710300000074 	20400050718 59269487181 1796976 	20398253742 1796976 0 0 0 	52913398 1796976 0 	453.942 	3 	246
18735800000000 18735900000074 	20600050866 59851937207 1805035 	20598245831 1805035 0 0 0 	53149180 1805035 0 	453.608 	3 	246
18761400000000 18761500000074 	20800051014 60434321654 1813017 	20798237997 1813017 0 0 0 	53388757 1813017 0 	453.282 	3 	246
18787000000000 18787100000074 	21000051162 61016746828 1820949 	20998230213 1820949 0 0 0 	53623638 1820949 0 	452.962 	3 	246
18812600000000 18812700000320 	21200051802 61599260350 1828786 	21198223016 1828786 0 0 0 	53853099 1828786 0 	452.627 	3 	246
18838200000000 18838300000320 	21400052442 62181753600 1836416 	21398216026 1836416 0 0 0 	54079876 1836416 0 	452.299 	3 	246
18863800000000 18863900000320 	21600053082 62764307327 1843894 	21598209188 1843894 0 0 0 	54302560 1843894 0 	451.977 	3 	246
18889400000000 18889500000320 	21800053722 63346852511 1851369 	21798202353 1851369 0 0 0 	54521783 1851369 0 	451.661 	3 	246
18915000000000 18915100000353 	22000054428 63929427996 1858695 	21998195733 1858695 0 0 0 	54737532 1858695 0 	451.32 	3 	246
18940600000000 18940700000353 	22200055134 64512053984 1865991 	22198189143 1865991 0 0 0 	54954148 1865991 0 	450.986 	3 	246
18966200000000 18966300000353 	22400055840 65094722019 1873157 	22398182683 1873157 0 0 0 	55163302 1873157 0 	450.658 	3 	246
18991800000000 18991900000353 	22600056546 65677353904 1880219 	22598176327 1880219 0 0 0 	55373012 1880219 0 	450.336 	3 	246
19017400000000 19017500000353 	22800057252 66260064620 1887220 	22798170032 1887220 0 0 0 	55580505 1887220 0 	450.021 	3 	246
19043000000000 19043100000044 	23000057340 66842829511 1894057 	22998163283 1894057 0 0 0 	55782438 1894057 0 	449.681 	3 	246
19068600000000 19068700000044 	23200057428 67425607636 1900874 	23198156554 1900874 0 0 0 	55984491 1900874 0 	449.347 	3 	246
19094200000000 19094300000044 	23400057516 68008443913 1907640 	23398149876 1907640 0 0 0 	56183173 1907640 0 	449.019 	3 	246
19119800000000 19119900000044 	23600057604 68591247771 1914190 	23598143414 1914190 0 0 0 	56376879 1914190 0 	448.697 	3 	246
19145400000000 19145500000044 	23800057692 69174038077 1920666 	23798137026 1920666 0 0 0 	56569054 1920666 0 	448.382 	3 	246
19171000000000 19171100000228 	24000058148 69756830202 1927155 	23998130993 1927155 0 0 0 	56755768 1927155 0 	448.052 	3 	246
19196600000000 19196700000228 	24200058604 70339672455 1933551 	24198125053 1933551 0 0 0 	56943038 1933551 0 	447.728 	3 	246
19222200000000 19222300000228 	24400059060 70922578335 1939765 	24398119295 1939765 0 0 0 	57125689 1939765 0 	447.41 	3 	246
19247800000000 19247900000228 	24600059516 71505495963 1946034 	24598113482 1946034 0 0 0 	57314177 1946034 0 	447.098 	3 	246
19273400000000 19273500000228 	24800059972 72088452880 1952161 	24798107811 1952161 0 0 0 	57498674 1952161 0 	446.791 	3 	246
19299000000000 19299100000091 	25000060154 72671407628 1958096 	24998102058 1958096 0 0 0 	57673405 1958096 0 	446.461 	3 	246
19324600000000 19324700000091 	25200060336 73254482192 1963989 	25198096347 1963989 0 0 0 	57844941 1963989 0 	446.136 	3 	246
19350200000000 19350300000091 	25400060518 73837492694 1969699 	25398090819 1969699 0 0 0 	58010506 1969699 0 	445.818 	3 	246
19375800000000 19375900000091 	25600060700 74420615478 1975574 	25598085126 1975574 0 0 0 	58186582 1975574 0 	445.504 	3 	246
19401400000000 19401500000308 	25800061316 75004032845 2023623 	25798037693 2023623 0 0 0 	59605643 2023623 0 	445.93 	3 	246
19427000000000 19427100000308 	26000061932 75587375168 2070403 	25997991529 2070403 0 0 0 	60981349 2070403 0 	446.349 	3 	246
19452600000000 19452700000308 	26200062548 76170807945 2117311 	26197945237 2117311 0 0 0 	62371123 2117311 0 	446.763 	3 	246
19478200000000 19478300000308 	26400063164 76754293574 2163726 	26397899438 2163726 0 0 0 	63740784 2163726 0 	447.171 	3 	246
19503800000000 19503900000308 	26600063780 77337738798 2209311 	26597854469 2209311 0 0 0 	65095491 2209311 0 	447.574 	3 	246
19529400000000 19529500000308 	26800064396 77921234000 2254234 	26797810162 2254234 0 0 0 	66429360 2254234 0 	447.972 	3 	246
19555000000000 19555100000152 	27000064700 78504727821 2298923 	26997765777 2298923 0 0 0 	67766226 2298923 0 	448.341 	3 	246
19580600000000 19580700000152 	27200065004 79088181499 2343360 	27197721644 2343360 0 0 0 	69070327 2343360 0 	448.706 	3 	246
19606200000000 19606300000152 	27400065308 79671729507 2386885 	27397678423 2386885 0 0 0 	70362702 2386885 0 	449.065 	3 	246
19631800000000 19631900000152 	27600065612 80255331404 2430663 	27597634949 2430663 0 0 0 	71657591 2430663 0 	449.42 	3 	246
19657400000000 19657500000152 	27800065916 80838914471 2473055 	27797592861 2473055 0 0 0 	72915684 2473055 0 	449.771 	3 	246
19683000000000 19683100000152 	28000066220 81422504626 2515017 	27997551203 2515017 0 0 0 	74150638 2515017 0 	450.116 	3 	246
19708600000000 19708700000000 	28200066220 82006184733 2556925 	28197509295 2556925 0 0 0 	75394858 2556925 0 	450.435 	3 	246
19734200000000 19734300000000 	28400066220 82589829472 2598154 	28397468066 2598154 0 0 0 	76617881 2598154 0 	450.75 	3 	246
19759800000000 19759900000000 	28600066220 83173528592 2639211 	28597427009 2639211 0 0 0 	77831193 2639211 0 	451.061 	3 	246
19785400000000 19785500000000 	28800066220 83757235409 2679663 	28797386557 2679663 0 0 0 	79025962 2679663 0 	451.367 	3 	246
19811000000000 19811100000000 	29000066220 84340957393 2719856 	28997346364 2719856 0 0 0 	80207635 2719856 0 	451.67 	3 	246
19836600000000 19836700000000 	29200066220 84924672304 2759281 	29197306939 2759281 0 0 0 	81377121 2759281 0 	451.97 	3 	246
19862200000000 19862300000048 	29400066316 85508423279 2798309 	29397268007 2798309 0 0 0 	82539745 2798309 0 	452.243 	3 	246
19887800000000 19887900000048 	29600066412 86092210145 2837134 	29597229278 2837134 0 0 0 	83692065 2837134 0 	452.512 	3 	246
19913400000000 19913500000048 	29800066508 86675997352 2875164 	29797191344 2875164 0 0 0 	84830306 2875164 0 	452.779 	3 	246
19939000000000 19939100000048 	30000066604 87259809739 2912851 	29997153753 2912851 0 0 0 	85943400 2912851 0 	453.042 	3 	246
19964600000000 19964700000048 	30200066700 87843662070 2950212 	30197116488 2950212 0 0 0 	87049123 2950212 0 	453.302 	3 	246
19990200000000 19990300000048 	30400066796 88427511852 2987709 	30397079087 2987709 0 0 0 	88160344 2987709 0 	453.559 	3 	246
