16124800000000 16124900000011 	200000022 579729505 32041 	199967981 32041 0 0 0 	947817 32041 0 	489 	3 	248
16150400000000 16150500000011 	400000044 1159471404 64195 	399935849 64195 0 0 0 	1889188 64195 0 	489 	3 	248
16176000000000 16176100000011 	600000066 1739287242 95828 	599904238 95828 0 0 0 	2830060 95828 0 	489 	3 	248
16201600000000 16201700000011 	800000088 2319076215 126539 	799873549 126539 0 0 0 	3730682 126539 0 	489 	3 	248
16227200000000 16227300000011 	1000000110 2898919659 156895 	999843215 156895 0 0 0 	4622031 156895 0 	489 	3 	248
16252800000000 16252900000210 	1200000530 3478775170 186945 	1199813585 186945 0 0 0 	5501077 186945 0 	488.329 	3 	248
16278400000000 16278500000210 	1400000950 4058703710 216741 	1399784209 216741 0 0 0 	6379017 216741 0 	487.85 	3 	248
16304000000000 16304100000210 	1600001370 4638595438 246176 	1599755194 246176 0 0 0 	7239225 246176 0 	487.492 	3 	248
16329600000000 16329700000210 	1800001790 5218554657 275475 	1799726315 275475 0 0 0 	8105841 275475 0 	487.214 	3 	248
16355200000000 16355300000210 	2000002210 5798580751 304328 	1999697882 304328 0 0 0 	8955139 304328 0 	486.992 	3 	248
16380800000000 16380900000381 	2200002972 6378583696 332556 	2199670416 332556 0 0 0 	9787354 332556 0 	486.441 	3 	248
16406400000000 16406500000381 	2400003734 6958628169 360629 	2399643105 360629 0 0 0 	10623620 360629 0 	485.983 	3 	248
16432000000000 16432100000381 	2600004496 7538759386 387942 	2599616554 387942 0 0 0 	11422960 387942 0 	485.596 	3 	248
16457600000000 16457700000381 	2800005258 8118808308 414880 	2799590378 414880 0 0 0 	12219394 414880 0 	485.265 	3 	248
16483200000000 16483300000381 	3000006020 8698901569 441605 	2999564415 441605 0 0 0 	13003885 441605 0 	484.978 	3 	248
16508800000000 16508900000468 	3200006956 9279048921 468122 	3199538834 468122 0 0 0 	13784487 468122 0 	484.536 	3 	248
16534400000000 16534500000468 	3400007892 9859185482 494055 	3399513837 494055 0 0 0 	14544861 494055 0 	484.147 	3 	248
16560000000000 16560100000468 	3600008828 10439420781 519758 	3599489070 519758 0 0 0 	15301917 519758 0 	483.801 	3 	248
16585600000000 16585700000468 	3800009764 11019664977 545328 	3799464436 545328 0 0 0 	16055516 545328 0 	483.492 	3 	248
16611200000000 16611300000254 	4000010272 11599934159 570414 	3999439858 570414 0 0 0 	16792772 570414 0 	483.008 	3 	248
16636800000000 16636900000254 	4200010780 12180217868 595313 	4199415467 595313 0 0 0 	17529258 595313 0 	482.572 	3 	248
16662400000000 16662500000254 	4400011288 12760490538 619606 	4399391682 619606 0 0 0 	18238234 619606 0 	482.175 	3 	248
16688000000000 16688100000254 	4600011796 13340784687 643460 	4599368336 643460 0 0 0 	18940762 643460 0 	481.814 	3 	248
16713600000000 16713700000254 	4800012304 13921106907 667353 	4799344951 667353 0 0 0 	19646077 667353 0 	481.483 	3 	248
16739200000000 16739300000365 	5000013034 14501440138 690669 	4999322365 690669 0 0 0 	20333440 690669 0 	481.055 	3 	248
16764800000000 16764900000365 	5200013764 15081849755 713698 	5199300066 713698 0 0 0 	21019656 713698 0 	480.66 	3 	248
16790400000000 16790500000365 	5400014494 15662251332 736551 	5399277943 736551 0 0 0 	21691862 736551 0 	480.296 	3 	248
16816000000000 16816100000365 	5600015224 16242692448 759016 	5599256208 759016 0 0 0 	22352250 759016 0 	479.957 	3 	248
16841600000000 16841700000365 	5800015954 16823177661 780940 	5799235014 780940 0 0 0 	22997276 780940 0 	479.643 	3 	248
16867200000000 16867300000368 	6000016690 17403685174 803018 	5999213672 803018 0 0 0 	23646768 803018 0 	479.245 	3 	248
16892800000000 16892900000368 	6200017426 17984246163 824431 	6199192995 824431 0 0 0 	24276150 824431 0 	478.874 	3 	248
16918400000000 16918500000368 	6400018162 18564784271 845677 	6399172485 845677 0 0 0 	24904012 845677 0 	478.527 	3 	248
16944000000000 16944100000368 	6600018898 19145335744 866536 	6599152362 866536 0 0 0 	25513648 866536 0 	478.201 	3 	248
16969600000000 16969700000368 	6800019634 19725969880 887108 	6799132526 887108 0 0 0 	26117121 887108 0 	477.894 	3 	248
16995200000000 16995300000352 	7000020338 20306606552 907519 	6999112819 907519 0 0 0 	26705788 907519 0 	477.486 	3 	248
17020800000000 17020900000352 	7200021042 20887266745 927442 	7199093600 927442 0 0 0 	27293496 927442 0 	477.101 	3 	248
17046400000000 17046500000352 	7400021746 21467983690 947407 	7399074339 947407 0 0 0 	27882385 947407 0 	476.737 	3 	248
17072000000000 17072100000352 	7600022450 22048732766 966991 	7599055459 966991 0 0 0 	28461750 966991 0 	476.393 	3 	248
17097600000000 17097700000120 	7800022690 22629464018 986309 	7799036381 986309 0 0 0 	29028747 986309 0 	475.985 	3 	248
17123200000000 17123300000120 	8000022930 23210242295 1005413 	7999017517 1005413 0 0 0 	29588449 1005413 0 	475.599 	3 	248
17148800000000 17148900000120 	8200023170 23791034559 1024005 	8198999165 1024005 0 0 0 	30132617 1024005 0 	475.232 	3 	248
17174400000000 17174500000120 	8400023410 24371790787 1042577 	8398980833 1042577 0 0 0 	30679440 1042577 0 	474.883 	3 	248
17200000000000 17200100000120 	8600023650 24952681868 1060958 	8598962692 1060958 0 0 0 	31222730 1060958 0 	474.55 	3 	248
17225600000000 17225700000178 	8800024006 25533477179 1078907 	8798945099 1078907 0 0 0 	31752496 1078907 0 	474.161 	3 	248
17251200000000 17251300000178 	9000024362 26114400186 1096565 	8998927797 1096565 0 0 0 	32271194 1096565 0 	473.789 	3 	248
17276800000000 17276900000178 	9200024718 26695338270 1114225 	9198910493 1114225 0 0 0 	32787259 1114225 0 	473.435 	3 	248
17302400000000 17302500000178 	9400025074 27276277460 1131550 	9398893524 1131550 0 0 0 	33303721 1131550 0 	473.095 	3 	248
17328000000000 17328100000178 	9600025430 27857195805 1148489 	9598876941 1148489 0 0 0 	33802664 1148489 0 	472.771 	3 	248
17353600000000 17353700000355 	9800026140 28438208257 1165368 	9798860772 1165368 0 0 0 	34308032 1165368 0 	472.394 	3 	248
17379200000000 17379300000355 	10000026850 29019259543 1181955 	9998844895 1181955 0 0 0 	34802661 1181955 0 	472.033 	3 	248
17404800000000 17404900000355 	10200027560 29600366048 1198319 	10198829241 1198319 0 0 0 	35283867 1198319 0 	471.687 	3 	248
17430400000000 17430500000355 	10400028270 30181478380 1214356 	10398813914 1214356 0 0 0 	35755573 1214356 0 	471.355 	3 	248
17456000000000 17456100000230 	10600028730 30762578254 1230425 	10598798305 1230425 0 0 0 	36234062 1230425 0 	470.954 	3 	248
17481600000000 17481700000230 	10800029190 31343776712 1246296 	10798782894 1246296 0 0 0 	36704819 1246296 0 	470.568 	3 	248
17507200000000 17507300000230 	11000029650 31924993421 1261843 	10998767807 1261843 0 0 0 	37167319 1261843 0 	470.197 	3 	248
17532800000000 17532900000230 	11200030110 32506208012 1277249 	11198752861 1277249 0 0 0 	37614979 1277249 0 	469.84 	3 	248
17558400000000 17558500000230 	11400030570 33087432591 1292527 	11398738043 1292527 0 0 0 	38067147 1292527 0 	469.496 	3 	248
17584000000000 17584100000320 	11600031210 33668728994 1307414 	11598723796 1307414 0 0 0 	38506945 1307414 0 	469.108 	3 	248
17609600000000 17609700000320 	11800031850 34249958961 1321837 	11798710013 1321837 0 0 0 	38930526 1321837 0 	468.733 	3 	248
17635200000000 17635300000320 	12000032490 34831345052 1336497 	11998695993 1336497 0 0 0 	39367473 1336497 0 	468.372 	3 	248
17660800000000 17660900000320 	12200033130 35412634281 1350780 	12198682350 1350780 0 0 0 	39787073 1350780 0 	468.023 	3 	248
17686400000000 17686500000320 	12400033770 35993935554 1364767 	12398669003 1364767 0 0 0 	40199468 1364767 0 	467.686 	3 	248
17712000000000 17712100000400 	12600034570 36575301820 1378764 	12598655806 1378764 0 0 0 	40615448 1378764 0 	467.308 	3 	248
17737600000000 17737700000400 	12800035370 37156709694 1392548 	12798642822 1392548 0 0 0 	41024012 1392548 0 	466.942 	3 	248
17763200000000 17763300000400 	13000036170 37738139973 1406141 	12998630029 1406141 0 0 0 	41424801 1406141 0 	466.588 	3 	248
17788800000000 17788900000400 	13200036970 38319587880 1419645 	13198617325 1419645 0 0 0 	41824518 1419645 0 	466.246 	3 	248
17814400000000 17814500000400 	13400037770 38901047362 1432804 	13398604966 1432804 0 0 0 	42210011 1432804 0 	465.914 	3 	248
17840000000000 17840100000290 	13600038350 39482502162 1445842 	13598592508 1445842 0 0 0 	42596197 1445842 0 	465.543 	3 	248
17865600000000 17865700000290 	13800038930 40064066414 1458624 	13798580306 1458624 0 0 0 	42972862 1458624 0 	465.184 	3 	248
17891200000000 17891300000290 	14000039510 40645611245 1471059 	13998568451 1471059 0 0 0 	43336627 1471059 0 	464.836 	3 	248
17916800000000 17916900000290 	14200040090 41227242149 1483590 	14198556500 1483590 0 0 0 	43706384 1483590 0 	464.498 	3 	248
17942400000000 17942500000249 	14400040588 41808877643 1495784 	14398544804 1495784 0 0 0 	44066525 1495784 0 	464.123 	3 	248
17968000000000 17968100000249 	14600041086 42390464557 1507742 	14598533344 1507742 0 0 0 	44423385 1507742 0 	463.76 	3 	248
17993600000000 17993700000249 	14800041584 42972121479 1519710 	14798521874 1519710 0 0 0 	44777730 1519710 0 	463.407 	3 	248
18019200000000 18019300000249 	15000042082 43553843833 1531543 	14998510539 1531543 0 0 0 	45127437 1531543 0 	463.063 	3 	248
18044800000000 18044900000249 	15200042580 44135558623 1543342 	15198499238 1543342 0 0 0 	45478271 1543342 0 	462.73 	3 	248
18070400000000 18070500000088 	15400042756 44717282148 1554951 	15398487805 1554951 0 0 0 	45821240 1554951 0 	462.361 	3 	248
18096000000000 18096100000088 	15600042932 45299040377 1566328 	15598476604 1566328 0 0 0 	46161865 1566328 0 	462.003 	3 	248
18121600000000 18121700000088 	15800043108 45880844839 1577568 	15798465540 1577568 0 0 0 	46495612 1577568 0 	461.655 	3 	248
18147200000000 18147300000088 	16000043284 46462669737 1588661 	15998454623 1588661 0 0 0 	46824085 1588661 0 	461.316 	3 	248
18172800000000 18172900000088 	16200043460 47044471666 1599633 	16198443827 1599633 0 0 0 	47146739 1599633 0 	460.985 	3 	248
18198400000000 18198500000110 	16400043680 47626389779 1610459 	16398433221 1610459 0 0 0 	47470285 1610459 0 	460.636 	3 	248
18224000000000 18224100000110 	16600043900 48208280298 1621052 	16598422848 1621052 0 0 0 	47782412 1621052 0 	460.295 	3 	248
18249600000000 18249700000110 	16800044120 48790215941 1631671 	16798412449 1631671 0 0 0 	48090886 1631671 0 	459.964 	3 	248
18275200000000 18275300000110 	17000044340 49372109263 1641972 	16998402368 1641972 0 0 0 	48396927 1641972 0 	459.64 	3 	248
18300800000000 18300900000110 	17200044560 49953996742 1652141 	17198392419 1652141 0 0 0 	48697563 1652141 0 	459.325 	3 	248
18326400000000 18326500000189 	17400044938 50535911937 1662193 	17398382745 1662193 0 0 0 	48995048 1662193 0 	458.978 	3 	248
18352000000000 18352100000189 	17600045316 51117917674 1671946 	17598373370 1671946 0 0 0 	49281428 1671946 0 	458.64 	3 	248
18377600000000 18377700000189 	17800045694 51699955761 1681955 	17798363739 1681955 0 0 0 	49574960 1681955 0 	458.309 	3 	248
18403200000000 18403300000189 	18000046072 52282029937 1691488 	17998354584 1691488 0 0 0 	49854804 1691488 0 	457.987 	3 	248
18428800000000 18428900000060 	18200046192 52864175046 1700973 	18198345219 1700973 0 0 0 	50133857 1700973 0 	457.635 	3 	248
18454400000000 18454500000060 	18400046312 53446336581 1710424 	18398335888 1710424 0 0 0 	50409383 1710424 0 	457.29 	3 	248
18480000000000 18480100000060 	18600046432 54028493255 1719546 	18598326886 1719546 0 0 0 	50683388 1719546 0 	456.954 	3 	248
18505600000000 18505700000060 	18800046552 54610695963 1728648 	18798317904 1728648 0 0 0 	50951703 1728648 0 	456.626 	3 	248
18531200000000 18531300000060 	19000046672 55192903623 1737657 	18998309015 1737657 0 0 0 	51215967 1737657 0 	456.304 	3 	248
18556800000000 18556900000375 	19200047422 55775128687 1746574 	19198300848 1746574 0 0 0 	51476718 1746574 0 	455.954 	3 	248
18582400000000 18582500000375 	19400048172 56357374887 1755390 	19398292782 1755390 0 0 0 	51736771 1755390 0 	455.612 	3 	248
18608000000000 18608100000375 	19600048922 56939609822 1764098 	19598284824 1764098 0 0 0 	51988859 1764098 0 	455.278 	3 	248
18633600000000 18633700000375 	19800049672 57521872896 1772583 	19798277089 1772583 0 0 0 	52242273 1772583 0 	454.95 	3 	248
18659200000000 18659300000375 	20000050422 58104222067 1780891 	19998269531 1780891 0 0 0 	52489372 1780891 0 	454.63 	3 	248
18684800000000 18684900000074 	20200050570 58686572464 1789230 	20198261340 1789230 0 0 0 	52736073 1789230 0 	454.282 	3 	248
18710400000000 18710500000074 	20400050718 59268992827 1797313 	20398253405 1797313 0 0 0 	52972708 1797313 0 	453.942 	3 	248
18736000000000 18736100000074 	20600050866 59851404700 1805438 	20598245428 1805438 0 0 0 	53210609 1805438 0 	453.608 	3 	248
18761600000000 18761700000074 	20800051014 60433894748 1813458 	20798237556 1813458 0 0 0 	53449198 1813458 0 	453.282 	3 	248
18787200000000 18787300000074 	21000051162 61016356881 1821377 	20998229785 1821377 0 0 0 	53680522 1821377 0 	452.962 	3 	248
18812800000000 18812900000320 	21200051802 61598793688 1829310 	21198222492 1829310 0 0 0 	53918161 1829310 0 	452.627 	3 	248
18838400000000 18838500000320 	21400052442 62181294578 1837002 	21398215440 1837002 0 0 0 	54146650 1837002 0 	452.299 	3 	248
18864000000000 18864100000320 	21600053082 62763776403 1844590 	21598208492 1844590 0 0 0 	54371416 1844590 0 	451.977 	3 	248
18889600000000 18889700000320 	21800053722 63346371432 1852110 	21798201612 1852110 0 0 0 	54593282 1852110 0 	451.661 	3 	248
18915200000000 18915300000353 	22000054428 63928912595 1859386 	21998195042 1859386 0 0 0 	54811031 1859386 0 	451.32 	3 	248
18940800000000 18940900000353 	22200055134 64511510530 1866590 	22198188544 1866590 0 0 0 	55025496 1866590 0 	450.986 	3 	248
18966400000000 18966500000353 	22400055840 65094115618 1873779 	22398182061 1873779 0 0 0 	55238321 1873779 0 	450.658 	3 	248
18992000000000 18992100000353 	22600056546 65676782292 1880669 	22598175877 1880669 0 0 0 	55444224 1880669 0 	450.336 	3 	248
19017600000000 19017700000353 	22800057252 66259489121 1887579 	22798169673 1887579 0 0 0 	55648310 1887579 0 	450.021 	3 	248
19043200000000 19043300000044 	23000057340 66842229959 1894545 	22998162795 1894545 0 0 0 	55852881 1894545 0 	449.681 	3 	248
19068800000000 19068900000044 	23200057428 67424955020 1901427 	23198156001 1901427 0 0 0 	56058693 1901427 0 	449.347 	3 	248
19094400000000 19094500000044 	23400057516 68007732102 1908133 	23398149383 1908133 0 0 0 	56256393 1908133 0 	449.019 	3 	248
19120000000000 19120100000044 	23600057604 68590521245 1914566 	23598143038 1914566 0 0 0 	56444498 1914566 0 	448.697 	3 	248
19145600000000 19145700000044 	23800057692 69173345750 1921126 	23798136566 1921126 0 0 0 	56639033 1921126 0 	448.382 	3 	248
19171200000000 19171300000228 	24000058148 69756159296 1927709 	23998130439 1927709 0 0 0 	56835393 1927709 0 	448.052 	3 	248
19196800000000 19196900000228 	24200058604 70339056776 1934103 	24198124501 1934103 0 0 0 	57018685 1934103 0 	447.728 	3 	248
19222400000000 19222500000228 	24400059060 70921964666 1940466 	24398118594 1940466 0 0 0 	57209020 1940466 0 	447.41 	3 	248
19248000000000 19248100000228 	24600059516 71504846122 1946759 	24598112757 1946759 0 0 0 	57398320 1946759 0 	447.098 	3 	248
19273600000000 19273700000228 	24800059972 72087804807 1952768 	24798107204 1952768 0 0 0 	57576258 1952768 0 	446.791 	3 	248
19299200000000 19299300000091 	25000060154 72670722542 1958749 	24998101405 1958749 0 0 0 	57755231 1958749 0 	446.461 	3 	248
19324800000000 19324900000091 	25200060336 73253707944 1964620 	25198095716 1964620 0 0 0 	57924331 1964620 0 	446.136 	3 	248
19350400000000 19350500000091 	25400060518 73836765982 1970425 	25398090093 1970425 0 0 0 	58096157 1970425 0 	445.818 	3 	248
19376000000000 19376100000091 	25600060700 74419766953 1976137 	25598084563 1976137 0 0 0 	58260483 1976137 0 	445.504 	3 	248
19401600000000 19401700000308 	25800061316 75003160894 2023601 	25798037715 2023601 0 0 0 	59660667 2023601 0 	445.93 	3 	248
19427200000000 19427300000308 	26000061932 75586597664 2070899 	25997991033 2070899 0 0 0 	61062294 2070899 0 	446.349 	3 	248
19452800000000 19452900000308 	26200062548 76170041319 2117659 	26197944889 2117659 0 0 0 	62449035 2117659 0 	446.763 	3 	248
19478400000000 19478500000308 	26400063164 76753493134 2163868 	26397899296 2163868 0 0 0 	63822984 2163868 0 	447.171 	3 	248
19504000000000 19504100000308 	26600063780 77337006669 2209455 	26597854325 2209455 0 0 0 	65174968 2209455 0 	447.574 	3 	248
19529600000000 19529700000308 	26800064396 77920526395 2254717 	26797809679 2254717 0 0 0 	66517987 2254717 0 	447.972 	3 	248
19555200000000 19555300000152 	27000064700 78504046849 2299363 	26997765337 2299363 0 0 0 	67841486 2299363 0 	448.341 	3 	248
19580800000000 19580900000152 	27200065004 79087562233 2343465 	27197721539 2343465 0 0 0 	69148415 2343465 0 	448.706 	3 	248
19606400000000 19606500000152 	27400065308 79671152346 2386997 	27397678311 2386997 0 0 0 	70440913 2386997 0 	449.065 	3 	248
19632000000000 19632100000152 	27600065612 80254721451 2429953 	27597635659 2429953 0 0 0 	71709551 2429953 0 	449.42 	3 	248
19657600000000 19657700000152 	27800065916 80838255327 2472674 	27797593242 2472674 0 0 0 	72974388 2472674 0 	449.771 	3 	248
19683200000000 19683300000152 	28000066220 81421873554 2514754 	27997551466 2514754 0 0 0 	74233265 2514754 0 	450.116 	3 	248
19708800000000 19708900000000 	28200066220 82005554337 2556768 	28197509452 2556768 0 0 0 	75490608 2556768 0 	450.435 	3 	248
19734400000000 19734500000000 	28400066220 82589183572 2598076 	28397468144 2598076 0 0 0 	76708474 2598076 0 	450.75 	3 	248
19760000000000 19760100000000 	28600066220 83172874750 2639048 	28597427172 2639048 0 0 0 	77924216 2639048 0 	451.061 	3 	248
19785600000000 19785700000000 	28800066220 83756512425 2679680 	28797386540 2679680 0 0 0 	79119484 2679680 0 	451.367 	3 	248
19811200000000 19811300000000 	29000066220 84340280187 2719680 	28997346540 2719680 0 0 0 	80290835 2719680 0 	451.67 	3 	248
19836800000000 19836900000000 	29200066220 84924027537 2759519 	29197306701 2759519 0 0 0 	81467451 2759519 0 	451.97 	3 	248
19862400000000 19862500000048 	29400066316 85507772053 2798250 	29397268066 2798250 0 0 0 	82616466 2798250 0 	452.243 	3 	248
19888000000000 19888100000048 	29600066412 86091500054 2837063 	29597229349 2837063 0 0 0 	83773132 2837063 0 	452.512 	3 	248
19913600000000 19913700000048 	29800066508 86675320039 2875454 	29797191054 2875454 0 0 0 	84899921 2875454 0 	452.779 	3 	248
19939200000000 19939300000048 	30000066604 87259195861 2913588 	29997153016 2913588 0 0 0 	86029354 2913588 0 	453.042 	3 	248
19964800000000 19964900000048 	30200066700 87843051273 2950981 	30197115719 2950981 0 0 0 	87131734 2950981 0 	453.302 	3 	248
19990400000000 19990500000048 	30400066796 88426916069 2988198 	30397078598 2988198 0 0 0 	88237973 2988198 0 	453.559 	3 	248
