16125100000000 16125200000011 	200000022 579717632 32353 	199967669 32353 0 0 0 	952855 32353 0 	489 	3 	251
16150700000000 16150800000011 	400000044 1159453716 63908 	399936136 63908 0 0 0 	1881632 63908 0 	489 	3 	251
16176300000000 16176400000011 	600000066 1739285162 95150 	599904916 95150 0 0 0 	2805678 95150 0 	489 	3 	251
16201900000000 16202000000011 	800000088 2319087250 126385 	799873703 126385 0 0 0 	3725394 126385 0 	489 	3 	251
16227500000000 16227600000011 	1000000110 2898894628 157223 	999842887 157223 0 0 0 	4633573 157223 0 	489 	3 	251
16253100000000 16253200000210 	1200000530 3478714220 187246 	1199813284 187246 0 0 0 	5520079 187246 0 	488.329 	3 	251
16278700000000 16278800000210 	1400000950 4058581811 216895 	1399784055 216895 0 0 0 	6386646 216895 0 	487.85 	3 	251
16304300000000 16304400000210 	1600001370 4638549617 246582 	1599754788 246582 0 0 0 	7256089 246582 0 	487.492 	3 	251
16329900000000 16330000000210 	1800001790 5218525556 275129 	1799726661 275129 0 0 0 	8103169 275129 0 	487.214 	3 	251
16355500000000 16355600000210 	2000002210 5798498376 303381 	1999698829 303381 0 0 0 	8939802 303381 0 	486.992 	3 	251
16381100000000 16381200000381 	2200002972 6378446238 331522 	2199671450 331522 0 0 0 	9764541 331522 0 	486.441 	3 	251
16406700000000 16406800000381 	2400003734 6958470864 359356 	2399644378 359356 0 0 0 	10576080 359356 0 	485.983 	3 	251
16432300000000 16432400000381 	2600004496 7538593254 386736 	2599617760 386736 0 0 0 	11388986 386736 0 	485.596 	3 	251
16457900000000 16458000000381 	2800005258 8118714519 413962 	2799591296 413962 0 0 0 	12187630 413962 0 	485.265 	3 	251
16483500000000 16483600000381 	3000006020 8698889636 440759 	2999565261 440759 0 0 0 	12972209 440759 0 	484.978 	3 	251
16509100000000 16509200000468 	3200006956 9279044606 466963 	3199539993 466963 0 0 0 	13748656 466963 0 	484.536 	3 	251
16534700000000 16534800000468 	3400007892 9859186418 493023 	3399514869 493023 0 0 0 	14514199 493023 0 	484.147 	3 	251
16560300000000 16560400000468 	3600008828 10439373373 518687 	3599490141 518687 0 0 0 	15268857 518687 0 	483.801 	3 	251
16585900000000 16586000000468 	3800009764 11019587305 544090 	3799465674 544090 0 0 0 	16014109 544090 0 	483.492 	3 	251
16611500000000 16611600000254 	4000010272 11599849408 569031 	3999441241 569031 0 0 0 	16744143 569031 0 	483.008 	3 	251
16637100000000 16637200000254 	4200010780 12180145598 593758 	4199417022 593758 0 0 0 	17478308 593758 0 	482.572 	3 	251
16662700000000 16662800000254 	4400011288 12760455763 618222 	4399393066 618222 0 0 0 	18194494 618222 0 	482.175 	3 	251
16688300000000 16688400000254 	4600011796 13340725770 642461 	4599369335 642461 0 0 0 	18911301 642461 0 	481.814 	3 	251
16713900000000 16714000000254 	4800012304 13921091500 666303 	4799346001 666303 0 0 0 	19608696 666303 0 	481.483 	3 	251
16739500000000 16739600000365 	5000013034 14501476137 689760 	4999323274 689760 0 0 0 	20297789 689760 0 	481.055 	3 	251
16765100000000 16765200000365 	5200013764 15081902842 712739 	5199301025 712739 0 0 0 	20977406 712739 0 	480.66 	3 	251
16790700000000 16790800000365 	5400014494 15662379378 735301 	5399279193 735301 0 0 0 	21637288 735301 0 	480.296 	3 	251
16816300000000 16816400000365 	5600015224 16242848670 757858 	5599257366 757858 0 0 0 	22296066 757858 0 	479.957 	3 	251
16841900000000 16842000000365 	5800015954 16823300586 779731 	5799236223 779731 0 0 0 	22943592 779731 0 	479.643 	3 	251
16867500000000 16867600000368 	6000016690 17403794460 801641 	5999215049 801641 0 0 0 	23590475 801641 0 	479.245 	3 	251
16893100000000 16893200000368 	6200017426 17984376626 822984 	6199194442 822984 0 0 0 	24212760 822984 0 	478.874 	3 	251
16918700000000 16918800000368 	6400018162 18564956536 844190 	6399173972 844190 0 0 0 	24830626 844190 0 	478.527 	3 	251
16944300000000 16944400000368 	6600018898 19145471821 865065 	6599153833 865065 0 0 0 	25438900 865065 0 	478.201 	3 	251
16969900000000 16970000000368 	6800019634 19726115416 885539 	6799134095 885539 0 0 0 	26047662 885539 0 	477.894 	3 	251
16995500000000 16995600000352 	7000020338 20306793471 905935 	6999114403 905935 0 0 0 	26646635 905935 0 	477.486 	3 	251
17021100000000 17021200000352 	7200021042 20887462369 925882 	7199095160 925882 0 0 0 	27232938 925882 0 	477.101 	3 	251
17046700000000 17046800000352 	7400021746 21468219014 945570 	7399076176 945570 0 0 0 	27809688 945570 0 	476.737 	3 	251
17072300000000 17072400000352 	7600022450 22048971180 965161 	7599057289 965161 0 0 0 	28391410 965161 0 	476.393 	3 	251
17097900000000 17098000000120 	7800022690 22629744842 984573 	7799038117 984573 0 0 0 	28961931 984573 0 	475.985 	3 	251
17123500000000 17123600000120 	8000022930 23210502544 1003391 	7999019539 1003391 0 0 0 	29515744 1003391 0 	475.599 	3 	251
17149100000000 17149200000120 	8200023170 23791310664 1022057 	8199001113 1022057 0 0 0 	30066018 1022057 0 	475.232 	3 	251
17174700000000 17174800000120 	8400023410 24372078319 1040510 	8398982900 1040510 0 0 0 	30612673 1040510 0 	474.883 	3 	251
17200300000000 17200400000120 	8600023650 24952872069 1058826 	8598964824 1058826 0 0 0 	31155869 1058826 0 	474.55 	3 	251
17225900000000 17226000000178 	8800024006 25533784938 1077113 	8798946893 1077113 0 0 0 	31692180 1077113 0 	474.161 	3 	251
17251500000000 17251600000178 	9000024362 26114686133 1094907 	8998929455 1094907 0 0 0 	32207337 1094907 0 	473.789 	3 	251
17277100000000 17277200000178 	9200024718 26695651095 1112355 	9198912363 1112355 0 0 0 	32715374 1112355 0 	473.435 	3 	251
17302700000000 17302800000178 	9400025074 27276588841 1129723 	9398895351 1129723 0 0 0 	33230986 1129723 0 	473.095 	3 	251
17328300000000 17328400000178 	9600025430 27857580842 1146761 	9598878669 1146761 0 0 0 	33727413 1146761 0 	472.771 	3 	251
17353900000000 17354000000355 	9800026140 28438616794 1163420 	9798862720 1163420 0 0 0 	34222686 1163420 0 	472.394 	3 	251
17379500000000 17379600000355 	10000026850 29019653627 1179844 	9998847006 1179844 0 0 0 	34709333 1179844 0 	472.033 	3 	251
17405100000000 17405200000355 	10200027560 29600748278 1196238 	10198831322 1196238 0 0 0 	35195970 1196238 0 	471.687 	3 	251
17430700000000 17430800000355 	10400028270 30181815232 1212418 	10398815852 1212418 0 0 0 	35674918 1212418 0 	471.355 	3 	251
17456300000000 17456400000230 	10600028730 30762979362 1228367 	10598800363 1228367 0 0 0 	36146402 1228367 0 	470.954 	3 	251
17481900000000 17482000000230 	10800029190 31344162957 1243993 	10798785197 1243993 0 0 0 	36609988 1243993 0 	470.568 	3 	251
17507500000000 17507600000230 	11000029650 31925355130 1259633 	10998770017 1259633 0 0 0 	37070689 1259633 0 	470.197 	3 	251
17533100000000 17533200000230 	11200030110 32506525026 1274867 	11198755243 1274867 0 0 0 	37518806 1274867 0 	469.84 	3 	251
17558700000000 17558800000230 	11400030570 33087715433 1290044 	11398740526 1290044 0 0 0 	37966717 1290044 0 	469.496 	3 	251
17584300000000 17584400000320 	11600031210 33668941337 1304988 	11598726222 1304988 0 0 0 	38407389 1304988 0 	469.108 	3 	251
17609900000000 17610000000320 	11800031850 34250229610 1319742 	11798712108 1319742 0 0 0 	38841248 1319742 0 	468.733 	3 	251
17635500000000 17635600000320 	12000032490 34831507537 1334207 	11998698283 1334207 0 0 0 	39261794 1334207 0 	468.372 	3 	251
17661100000000 17661200000320 	12200033130 35412792241 1348404 	12198684726 1348404 0 0 0 	39678541 1348404 0 	468.023 	3 	251
17686700000000 17686800000320 	12400033770 35994118852 1362558 	12398671212 1362558 0 0 0 	40097058 1362558 0 	467.686 	3 	251
17712300000000 17712400000400 	12600034570 36575520013 1376439 	12598658131 1376439 0 0 0 	40509017 1376439 0 	467.308 	3 	251
17737900000000 17738000000400 	12800035370 37156929385 1390379 	12798644991 1390379 0 0 0 	40922505 1390379 0 	466.942 	3 	251
17763500000000 17763600000400 	13000036170 37738331111 1403834 	12998632336 1403834 0 0 0 	41322558 1403834 0 	466.588 	3 	251
17789100000000 17789200000400 	13200036970 38319771656 1417316 	13198619654 1417316 0 0 0 	41721460 1417316 0 	466.246 	3 	251
17814700000000 17814800000400 	13400037770 38901265834 1430499 	13398607271 1430499 0 0 0 	42113313 1430499 0 	465.914 	3 	251
17840300000000 17840400000290 	13600038350 39482748487 1443608 	13598594742 1443608 0 0 0 	42493040 1443608 0 	465.543 	3 	251
17865900000000 17866000000290 	13800038930 40064311255 1456491 	13798582439 1456491 0 0 0 	42870447 1456491 0 	465.184 	3 	251
17891500000000 17891600000290 	14000039510 40645867444 1469069 	13998570441 1469069 0 0 0 	43239657 1469069 0 	464.836 	3 	251
17917100000000 17917200000290 	14200040090 41227450973 1481369 	14198558721 1481369 0 0 0 	43598653 1481369 0 	464.498 	3 	251
17942700000000 17942800000249 	14400040588 41809083176 1493711 	14398546877 1493711 0 0 0 	43960946 1493711 0 	464.123 	3 	251
17968300000000 17968400000249 	14600041086 42390683628 1505938 	14598535148 1505938 0 0 0 	44321714 1505938 0 	463.76 	3 	251
17993900000000 17994000000249 	14800041584 42972400293 1518032 	14798523552 1518032 0 0 0 	44675131 1518032 0 	463.407 	3 	251
18019500000000 18019600000249 	15000042082 43554089220 1529938 	14998512144 1529938 0 0 0 	45027289 1529938 0 	463.063 	3 	251
18045100000000 18045200000249 	15200042580 44135874206 1541551 	15198501029 1541551 0 0 0 	45371412 1541551 0 	462.73 	3 	251
18070700000000 18070800000088 	15400042756 44717621996 1552974 	15398489782 1552974 0 0 0 	45704784 1552974 0 	462.361 	3 	251
18096300000000 18096400000088 	15600042932 45299406772 1564484 	15598478448 1564484 0 0 0 	46042362 1564484 0 	462.003 	3 	251
18121900000000 18122000000088 	15800043108 45881213654 1575741 	15798467367 1575741 0 0 0 	46369821 1575741 0 	461.655 	3 	251
18147500000000 18147600000088 	16000043284 46463012555 1586920 	15998456364 1586920 0 0 0 	46697977 1586920 0 	461.316 	3 	251
18173100000000 18173200000088 	16200043460 47044845616 1598004 	16198445456 1598004 0 0 0 	47026072 1598004 0 	460.985 	3 	251
18198700000000 18198800000110 	16400043680 47626711333 1608570 	16398435110 1608570 0 0 0 	47337628 1608570 0 	460.636 	3 	251
18224300000000 18224400000110 	16600043900 48208590230 1619169 	16598424731 1619169 0 0 0 	47649426 1619169 0 	460.295 	3 	251
18249900000000 18250000000110 	16800044120 48790493480 1629536 	16798414584 1629536 0 0 0 	47957985 1629536 0 	459.964 	3 	251
18275500000000 18275600000110 	17000044340 49372418752 1639900 	16998404440 1639900 0 0 0 	48267376 1639900 0 	459.64 	3 	251
18301100000000 18301200000110 	17200044560 49954488664 1650123 	17198394437 1650123 0 0 0 	48568066 1650123 0 	459.325 	3 	251
18326700000000 18326800000189 	17400044938 50536438301 1660010 	17398384928 1660010 0 0 0 	48861816 1660010 0 	458.978 	3 	251
18352300000000 18352400000189 	17600045316 51118489108 1669982 	17598375334 1669982 0 0 0 	49159150 1669982 0 	458.64 	3 	251
18377900000000 18378000000189 	17800045694 51700541616 1679703 	17798365991 1679703 0 0 0 	49450320 1679703 0 	458.309 	3 	251
18403500000000 18403600000189 	18000046072 52282577749 1689553 	17998356519 1689553 0 0 0 	49739014 1689553 0 	457.987 	3 	251
18429100000000 18429200000060 	18200046192 52864668739 1699205 	18198346987 1699205 0 0 0 	50028771 1699205 0 	457.635 	3 	251
18454700000000 18454800000060 	18400046312 53446771930 1708673 	18398337639 1708673 0 0 0 	50305278 1708673 0 	457.29 	3 	251
18480300000000 18480400000060 	18600046432 54028901027 1718018 	18598328414 1718018 0 0 0 	50581721 1718018 0 	456.954 	3 	251
18505900000000 18506000000060 	18800046552 54611058929 1727266 	18798319286 1727266 0 0 0 	50857012 1727266 0 	456.626 	3 	251
18531500000000 18531600000060 	19000046672 55193257985 1736454 	18998310218 1736454 0 0 0 	51121616 1736454 0 	456.304 	3 	251
18557100000000 18557200000375 	19200047422 55775536240 1745405 	19198302017 1745405 0 0 0 	51388152 1745405 0 	455.954 	3 	251
18582700000000 18582800000375 	19400048172 56357783361 1754099 	19398294073 1754099 0 0 0 	51643711 1754099 0 	455.612 	3 	251
18608300000000 18608400000375 	19600048922 56940010194 1762758 	19598286164 1762758 0 0 0 	51896697 1762758 0 	455.278 	3 	251
18633900000000 18634000000375 	19800049672 57522269748 1771457 	19798278215 1771457 0 0 0 	52152329 1771457 0 	454.95 	3 	251
18659500000000 18659600000375 	20000050422 58104616445 1779792 	19998270630 1779792 0 0 0 	52396301 1779792 0 	454.63 	3 	251
18685100000000 18685200000074 	20200050570 58686947186 1788045 	20198262525 1788045 0 0 0 	52639461 1788045 0 	454.282 	3 	251
18710700000000 18710800000074 	20400050718 59269351571 1796171 	20398254547 1796171 0 0 0 	52881129 1796171 0 	453.942 	3 	251
18736300000000 18736400000074 	20600050866 59851788062 1804515 	20598246351 1804515 0 0 0 	53127248 1804515 0 	453.608 	3 	251
18761900000000 18762000000074 	20800051014 60434227305 1812476 	20798238538 1812476 0 0 0 	53361952 1812476 0 	453.282 	3 	251
18787500000000 18787600000074 	21000051162 61016668192 1820493 	20998230669 1820493 0 0 0 	53596949 1820493 0 	452.962 	3 	251
18813100000000 18813200000320 	21200051802 61599177836 1828279 	21198223523 1828279 0 0 0 	53825438 1828279 0 	452.627 	3 	251
18838700000000 18838800000320 	21400052442 62181657935 1836029 	21398216413 1836029 0 0 0 	54057360 1836029 0 	452.299 	3 	251
18864300000000 18864400000320 	21600053082 62764200138 1843640 	21598209442 1843640 0 0 0 	54281132 1843640 0 	451.977 	3 	251
18889900000000 18890000000320 	21800053722 63346741183 1851152 	21798202570 1851152 0 0 0 	54507227 1851152 0 	451.661 	3 	251
18915500000000 18915600000353 	22000054428 63929302990 1858431 	21998195997 1858431 0 0 0 	54721015 1858431 0 	451.32 	3 	251
18941100000000 18941200000353 	22200055134 64511931877 1865674 	22198189460 1865674 0 0 0 	54935695 1865674 0 	450.986 	3 	251
18966700000000 18966800000353 	22400055840 65094550109 1872678 	22398183162 1872678 0 0 0 	55143859 1872678 0 	450.658 	3 	251
18992300000000 18992400000353 	22600056546 65677192297 1879683 	22598176863 1879683 0 0 0 	55353339 1879683 0 	450.336 	3 	251
19017900000000 19018000000353 	22800057252 66259852258 1886647 	22798170605 1886647 0 0 0 	55559409 1886647 0 	450.021 	3 	251
19043500000000 19043600000044 	23000057340 66842580731 1893516 	22998163824 1893516 0 0 0 	55760774 1893516 0 	449.681 	3 	251
19069100000000 19069200000044 	23200057428 67425322409 1900312 	23198157116 1900312 0 0 0 	55963673 1900312 0 	449.347 	3 	251
19094700000000 19094800000044 	23400057516 68008077327 1907096 	23398150420 1907096 0 0 0 	56166716 1907096 0 	449.019 	3 	251
19120300000000 19120400000044 	23600057604 68590858182 1913600 	23598144004 1913600 0 0 0 	56359510 1913600 0 	448.697 	3 	251
19145900000000 19146000000044 	23800057692 69173687247 1920000 	23798137692 1920000 0 0 0 	56550342 1920000 0 	448.382 	3 	251
19171500000000 19171600000228 	24000058148 69756561223 1926498 	23998131650 1926498 0 0 0 	56745887 1926498 0 	448.052 	3 	251
19197100000000 19197200000228 	24200058604 70339406266 1932818 	24198125786 1932818 0 0 0 	56932697 1932818 0 	447.728 	3 	251
19222700000000 19222800000228 	24400059060 70922282693 1939122 	24398119938 1939122 0 0 0 	57120267 1939122 0 	447.41 	3 	251
19248300000000 19248400000228 	24600059516 71505185546 1945300 	24598114216 1945300 0 0 0 	57301365 1945300 0 	447.098 	3 	251
19273900000000 19274000000228 	24800059972 72088094238 1951488 	24798108484 1951488 0 0 0 	57482879 1951488 0 	446.791 	3 	251
19299500000000 19299600000091 	25000060154 72671000929 1957508 	24998102646 1957508 0 0 0 	57661349 1957508 0 	446.461 	3 	251
19325100000000 19325200000091 	25200060336 73253912642 1963465 	25198096871 1963465 0 0 0 	57838921 1963465 0 	446.136 	3 	251
19350700000000 19350800000091 	25400060518 73836907056 1969374 	25398091144 1969374 0 0 0 	58011383 1969374 0 	445.818 	3 	251
19376300000000 19376400000091 	25600060700 74419952026 1975153 	25598085547 1975153 0 0 0 	58186076 1975153 0 	445.504 	3 	251
19401900000000 19402000000308 	25800061316 75003312605 2022686 	25798038630 2022686 0 0 0 	59603045 2022686 0 	445.93 	3 	251
19427500000000 19427600000308 	26000061932 75586743946 2069783 	25997992149 2069783 0 0 0 	60992893 2069783 0 	446.349 	3 	251
19453100000000 19453200000308 	26200062548 76170186093 2116168 	26197946380 2116168 0 0 0 	62364884 2116168 0 	446.763 	3 	251
19478700000000 19478800000308 	26400063164 76753639025 2161951 	26397901213 2161951 0 0 0 	63720526 2161951 0 	447.171 	3 	251
19504300000000 19504400000308 	26600063780 77337072774 2207175 	26597856605 2207175 0 0 0 	65056250 2207175 0 	447.574 	3 	251
19529900000000 19530000000308 	26800064396 77920596437 2252197 	26797812199 2252197 0 0 0 	66390343 2252197 0 	447.972 	3 	251
19555500000000 19555600000152 	27000064700 78504138317 2297081 	26997767619 2297081 0 0 0 	67716233 2297081 0 	448.341 	3 	251
19581100000000 19581200000152 	27200065004 79087706284 2341396 	27197723608 2341396 0 0 0 	69026784 2341396 0 	448.706 	3 	251
19606700000000 19606800000152 	27400065308 79671252720 2384967 	27397680341 2384967 0 0 0 	70316064 2384967 0 	449.065 	3 	251
19632300000000 19632400000152 	27600065612 80254837670 2428203 	27597637409 2428203 0 0 0 	71602735 2428203 0 	449.42 	3 	251
19657900000000 19658000000152 	27800065916 80838441387 2470694 	27797595222 2470694 0 0 0 	72862603 2470694 0 	449.771 	3 	251
19683500000000 19683600000152 	28000066220 81422050290 2513154 	27997553066 2513154 0 0 0 	74130214 2513154 0 	450.116 	3 	251
19709100000000 19709200000000 	28200066220 82005689143 2555018 	28197511202 2555018 0 0 0 	75372753 2555018 0 	450.435 	3 	251
19734700000000 19734800000000 	28400066220 82589348062 2596378 	28397469842 2596378 0 0 0 	76602902 2596378 0 	450.75 	3 	251
19760300000000 19760400000000 	28600066220 83173054249 2637301 	28597428919 2637301 0 0 0 	77806514 2637301 0 	451.061 	3 	251
19785900000000 19786000000000 	28800066220 83756711649 2677540 	28797388680 2677540 0 0 0 	78997583 2677540 0 	451.367 	3 	251
19811500000000 19811600000000 	29000066220 84340439014 2717516 	28997348704 2717516 0 0 0 	80180507 2717516 0 	451.67 	3 	251
19837100000000 19837200000000 	29200066220 84924077600 2756996 	29197309224 2756996 0 0 0 	81344013 2756996 0 	451.97 	3 	251
19862700000000 19862800000048 	29400066316 85507851235 2796249 	29397270067 2796249 0 0 0 	82510895 2796249 0 	452.243 	3 	251
19888300000000 19888400000048 	29600066412 86091624596 2834632 	29597231780 2834632 0 0 0 	83642964 2834632 0 	452.512 	3 	251
19913900000000 19914000000048 	29800066508 86675412197 2873154 	29797193354 2873154 0 0 0 	84773328 2873154 0 	452.779 	3 	251
19939500000000 19939600000048 	30000066604 87259278015 2910920 	29997155684 2910920 0 0 0 	85894065 2910920 0 	453.042 	3 	251
19965100000000 19965200000048 	30200066700 87843101925 2948492 	30197118208 2948492 0 0 0 	87004463 2948492 0 	453.302 	3 	251
19990700000000 19990800000048 	30400066796 88426950634 2986172 	30397080624 2986172 0 0 0 	88130371 2986172 0 	453.559 	3 	251
