1001000000000 1001100000135 	200000270 526588323 3 	200000267 3 0 0 0 	113 3 0 	265 	3 	10
1020200000000 1020300000062 	400000394 1053458163 10 	400000384 10 0 0 0 	307 10 0 	262.985 	3 	10
1039400000000 1039500000000 	600000394 1580705100 11 	600000383 11 0 0 0 	323 11 0 	260.615 	3 	10
1058600000000 1058700000000 	800000394 2108449324 15812 	799984582 15812 0 0 0 	425121 15812 0 	296.05 	3 	10
1077800000000 1077900000476 	1000001346 2636521300 29338 	999972008 29338 0 0 0 	788047 29338 0 	321.672 	3 	10
1097000000000 1097100000210 	1200001766 3164867105 40641 	1199961125 40641 0 0 0 	1091943 40641 0 	340.8 	3 	10
1116200000000 1116300000254 	1400002274 3693531590 49990 	1399952284 49990 0 0 0 	1340000 49990 0 	355.054 	3 	10
1135400000000 1135500000072 	1600002418 4222445637 50002 	1599952416 50002 0 0 0 	1340223 50002 0 	345.722 	3 	10
1154600000000 1154700000271 	1800002960 4751616131 50014 	1799952946 50014 0 0 0 	1340511 50014 0 	338.037 	3 	10
1173800000000 1173900000031 	2000003022 5281186901 50021 	1999953001 50021 0 0 0 	1340656 50021 0 	331.588 	3 	10
1193000000000 1193100000214 	2200003450 5811029104 50033 	2199953417 50033 0 0 0 	1340954 50033 0 	325.878 	3 	10
1212200000000 1212300000136 	2400003722 6341236591 50038 	2399953684 50038 0 0 0 	1341191 50038 0 	320.816 	3 	10
1231400000000 1231500000212 	2600004146 6871758499 50042 	2599954104 50042 0 0 0 	1341239 50042 0 	316.132 	3 	10
1250600000000 1250700000040 	2800004226 7402523033 50044 	2799954182 50044 0 0 0 	1341283 50044 0 	311.933 	3 	10
1269800000000 1269900000160 	3000004546 7933563163 50044 	2999954502 50044 0 0 0 	1341283 50044 0 	308.019 	3 	10
1289000000000 1289100000026 	3200004598 8464894596 50048 	3199954550 50048 0 0 0 	1341334 50048 0 	304.331 	3 	10
1308200000000 1308300000054 	3400004706 8996485100 50048 	3399954658 50048 0 0 0 	1341334 50048 0 	300.825 	3 	10
1327400000000 1327500000000 	3600004706 9528456423 66714 	3599937992 66714 0 0 0 	1791562 66714 0 	307.633 	3 	10
1346600000000 1346700000476 	3800005658 10060688721 81325 	3799924333 81325 0 0 0 	2184800 81325 0 	313.822 	3 	10
1365800000000 1365900000210 	4000006078 10593222661 93908 	3999912170 93908 0 0 0 	2522456 93908 0 	319.46 	3 	10
1385000000000 1385100000468 	4200007014 11126013047 105047 	4199901967 105047 0 0 0 	2820879 105047 0 	324.587 	3 	10
1404200000000 1404300000365 	4400007744 11659073666 114943 	4399892801 114943 0 0 0 	3087229 114943 0 	329.239 	3 	10
1423400000000 1423500000368 	4600008480 12192363015 123555 	4599884925 123555 0 0 0 	3318959 123555 0 	333.538 	3 	10
1442600000000 1442700000120 	4800008720 12725902970 131041 	4799877679 131041 0 0 0 	3522991 131041 0 	337.426 	3 	10
1461800000000 1461900000355 	5000009430 13259700608 137530 	4999871900 137530 0 0 0 	3694248 137530 0 	340.95 	3 	10
1481000000000 1481100000320 	5200010070 13793700020 143369 	5199866701 143369 0 0 0 	3852642 143369 0 	344.112 	3 	10
1500200000000 1500300000290 	5400010650 14327931454 148220 	5399862430 148220 0 0 0 	3984052 148220 0 	346.958 	3 	10
1519400000000 1519500000088 	5600010826 14862449068 152660 	5599858166 152660 0 0 0 	4108180 152660 0 	349.507 	3 	10
1538600000000 1538700000189 	5800011204 15397154842 156452 	5799854752 156452 0 0 0 	4208545 156452 0 	351.801 	3 	10
1557800000000 1557900000375 	6000011954 15932099265 159803 	5999852151 159803 0 0 0 	4299030 159803 0 	353.833 	3 	10
1577000000000 1577100000320 	6200012594 16467296961 162830 	6199849764 162830 0 0 0 	4381906 162830 0 	355.64 	3 	10
1596200000000 1596300000160 	6400012914 17002735859 162833 	6399850081 162833 0 0 0 	4382016 162833 0 	351.598 	3 	10
1615400000000 1615500000242 	6600013398 17538426237 162835 	6599850563 162835 0 0 0 	4382069 162835 0 	347.72 	3 	10
1634600000000 1634700000054 	6800013506 18074254246 162835 	6799850671 162835 0 0 0 	4382069 162835 0 	343.987 	3 	10
1653800000000 1653900000000 	7000013506 18610469717 181430 	6999832076 181430 0 0 0 	4884631 181430 0 	347.081 	3 	10
1673000000000 1673100000048 	7200013602 19146844979 198266 	7199815336 198266 0 0 0 	5341423 198266 0 	350 	3 	10
1692200000000 1692300000011 	7400013624 19683491565 213081 	7399800543 213081 0 0 0 	5743679 213081 0 	352.71 	3 	10
1711400000000 1711500000210 	7600014044 20220340283 226663 	7599787381 226663 0 0 0 	6115564 226663 0 	355.26 	3 	10
1730600000000 1730700000468 	7800014980 20757385264 238882 	7799776098 238882 0 0 0 	6445422 238882 0 	357.614 	3 	10
1749800000000 1749900000254 	8000015488 21294674769 250073 	7999765415 250073 0 0 0 	6752443 250073 0 	359.823 	3 	10
1769000000000 1769100000368 	8200016224 21832095485 259928 	8199756296 259928 0 0 0 	7021538 259928 0 	361.863 	3 	10
1788200000000 1788300000352 	8400016928 22369707605 268762 	8399748166 268762 0 0 0 	7262721 268762 0 	363.77 	3 	10
1807400000000 1807500000178 	8600017284 22907534703 276689 	8599740595 276689 0 0 0 	7479779 276689 0 	365.519 	3 	10
1826600000000 1826700000355 	8800017994 23445637041 283794 	8799734200 283794 0 0 0 	7672446 283794 0 	367.16 	3 	10
1845800000000 1845900000320 	9000018634 23983859423 290373 	8999728261 290373 0 0 0 	7851824 290373 0 	368.638 	3 	10
1865000000000 1865100000400 	9200019434 24522289259 296299 	9199723135 296299 0 0 0 	8014498 296299 0 	370.018 	3 	10
1884200000000 1884300000249 	9400019932 25060953586 301421 	9399718511 301421 0 0 0 	8156429 301421 0 	371.259 	3 	10
1903400000000 1903500000088 	9600020108 25599755700 306164 	9599713944 306164 0 0 0 	8284093 306164 0 	372.411 	3 	10
1922600000000 1922700000189 	9800020486 26138747960 310389 	9799710097 310389 0 0 0 	8402814 310389 0 	373.447 	3 	10
1941800000000 1941900000060 	10000020606 26677926615 314297 	9999706309 314297 0 0 0 	8508140 314297 0 	374.402 	3 	10
1961000000000 1961100000074 	10200020754 27217326222 317743 	10199703011 317743 0 0 0 	8604123 317743 0 	375.232 	3 	10
1980200000000 1980300000320 	10400021394 27756861099 320773 	10399700621 320773 0 0 0 	8687750 320773 0 	376.002 	3 	10
1999400000000 1999500000044 	10600021482 28296585240 323571 	10599697911 323571 0 0 0 	8767663 323571 0 	376.655 	3 	10
2018600000000 2018700000228 	10800021938 28836485263 326059 	10799695879 326059 0 0 0 	8837132 326059 0 	377.254 	3 	10
2037800000000 2037900000307 	11000022552 29376578481 328293 	10999694259 328293 0 0 0 	8898292 328293 0 	377.756 	3 	10
2057000000000 2057100000100 	11200022752 29916841206 330265 	11199692487 330265 0 0 0 	8951899 330265 0 	378.195 	3 	10
2076200000000 2076300000173 	11400023098 30457279863 332111 	11399690987 332111 0 0 0 	9002020 332111 0 	378.541 	3 	10
2095400000000 2095500000330 	11600023758 30997939791 333772 	11599689986 333772 0 0 0 	9048369 333772 0 	378.845 	3 	10
2114600000000 2114700000376 	11800024510 31538743428 335271 	11799689239 335271 0 0 0 	9092084 335271 0 	379.06 	3 	10
2133800000000 2133900000290 	12000025090 32079673849 336568 	11999688522 336568 0 0 0 	9127804 336568 0 	379.238 	3 	10
2153000000000 2153100000285 	12200025660 32620769461 337787 	12199687873 337787 0 0 0 	9161259 337787 0 	379.331 	3 	10
2172200000000 2172300000151 	12400025962 33162001588 338880 	12399687082 338880 0 0 0 	9192064 338880 0 	379.389 	3 	10
2191400000000 2191500000278 	12600026518 33703462292 339876 	12599686642 339876 0 0 0 	9219065 339876 0 	379.367 	3 	10
2210600000000 2210700000368 	12800027254 34245133875 350691 	12799676563 350691 0 0 0 	9515731 350691 0 	380.493 	3 	10
2229800000000 2229900000352 	13000027958 34787007145 360463 	12999667495 360463 0 0 0 	9787046 360463 0 	381.55 	3 	10
2249000000000 2249100000120 	13200028198 35329006699 369583 	13199658615 369583 0 0 0 	10036633 369583 0 	382.549 	3 	10
2268200000000 2268300000178 	13400028554 35871158298 377890 	13399650664 377890 0 0 0 	10265403 377890 0 	383.491 	3 	10
2287400000000 2287500000355 	13600029264 36413439173 385658 	13599643606 385658 0 0 0 	10475630 385658 0 	384.38 	3 	10
2306600000000 2306700000320 	13800029904 36955969221 392751 	13799637153 392751 0 0 0 	10671362 392751 0 	385.173 	3 	10
2325800000000 2325900000400 	14000030704 37498590362 399280 	13999631424 399280 0 0 0 	10853070 399280 0 	385.914 	3 	10
2345000000000 2345100000290 	14200031284 38041365568 405371 	14199625913 405371 0 0 0 	11018846 405371 0 	386.605 	3 	10
2364200000000 2364300000249 	14400031782 38584319322 410822 	14399620960 410822 0 0 0 	11165722 410822 0 	387.247 	3 	10
2383400000000 2383500000110 	14600032002 39127362037 415917 	14599616085 415917 0 0 0 	11305026 415917 0 	387.819 	3 	10
2402600000000 2402700000189 	14800032380 39670573638 420607 	14799611773 420607 0 0 0 	11433285 420607 0 	388.345 	3 	10
2421800000000 2421900000060 	15000032500 40213886405 424820 	14999607680 424820 0 0 0 	11548416 424820 0 	388.825 	3 	10
2441000000000 2441100000375 	15200033250 40757420102 428772 	15199604478 428772 0 0 0 	11660940 428772 0 	389.261 	3 	10
2460200000000 2460300000074 	15400033398 41301116445 432484 	15399600914 432484 0 0 0 	11762763 432484 0 	389.654 	3 	10
2479400000000 2479500000353 	15600034104 41845002501 435847 	15599598257 435847 0 0 0 	11856825 435847 0 	389.981 	3 	10
2498600000000 2498700000044 	15800034192 42388941007 438958 	15799595234 438958 0 0 0 	11942826 438958 0 	390.268 	3 	10
2517800000000 2517900000228 	16000034648 42933096408 441882 	15999592766 441882 0 0 0 	12024844 441882 0 	390.526 	3 	10
2537000000000 2537100000091 	16200034830 43477323715 444410 	16199590420 444410 0 0 0 	12096200 444410 0 	390.743 	3 	10
2556200000000 2556300000307 	16400035444 44021694508 446895 	16399588549 446895 0 0 0 	12166282 446895 0 	390.934 	3 	10
2575400000000 2575500000314 	16600036072 44566250753 449067 	16599587005 449067 0 0 0 	12225274 449067 0 	391.064 	3 	10
2594600000000 2594700000173 	16800036418 45110999860 451006 	16799585412 451006 0 0 0 	12279477 451006 0 	391.156 	3 	10
2613800000000 2613900000330 	17000037078 45655832104 452884 	16999584194 452884 0 0 0 	12332043 452884 0 	391.224 	3 	10
2633000000000 2633100000352 	17200037782 46200776575 454596 	17199583186 454596 0 0 0 	12379429 454596 0 	391.256 	3 	10
2652200000000 2652300000376 	17400038534 46745862037 456192 	17399582342 456192 0 0 0 	12424165 456192 0 	391.265 	3 	10
2671400000000 2671500000026 	17600038586 47291176631 457600 	17599580986 457600 0 0 0 	12462981 457600 0 	391.216 	3 	10
2690600000000 2690700000285 	17800039156 47836502806 458978 	17799580178 458978 0 0 0 	12500655 458978 0 	391.145 	3 	10
2709800000000 2709900000151 	18000039458 48381960632 460226 	17999579232 460226 0 0 0 	12534757 460226 0 	391.052 	3 	10
2729000000000 2729100000308 	18200040074 48927570512 461373 	18199578701 461373 0 0 0 	12567180 461373 0 	390.939 	3 	10
2748200000000 2748300000278 	18400040630 49473357731 462322 	18399578308 462322 0 0 0 	12594703 462322 0 	390.793 	3 	10
2767400000000 2767500000120 	18600040870 50019242413 463295 	18599577575 463295 0 0 0 	12622326 463295 0 	390.605 	3 	10
2786600000000 2786700000296 	18800041462 50565192039 464190 	18799577272 464190 0 0 0 	12646977 464190 0 	390.397 	3 	10
2805800000000 2805900000270 	19000042002 51111341787 464957 	18999577045 464957 0 0 0 	12668427 464957 0 	390.171 	3 	10
2825000000000 2825100000320 	19200042642 51657632562 465695 	19199576947 465695 0 0 0 	12688544 465695 0 	389.926 	3 	10
2844200000000 2844300000264 	19400043170 52204036858 466344 	19399576826 466344 0 0 0 	12706733 466344 0 	389.64 	3 	10
2863400000000 2863500000328 	19600043826 52750576884 467014 	19599576812 467014 0 0 0 	12725690 467014 0 	389.337 	3 	10
2882600000000 2882700000080 	19800043986 53297254821 467619 	19799576367 467619 0 0 0 	12742279 467619 0 	389.016 	3 	10
2901800000000 2901900000140 	20000044266 53844063239 468181 	19999576085 468181 0 0 0 	12757146 468181 0 	388.68 	3 	10
2921000000000 2921100000044 	20200044354 54391009719 468684 	20199575670 468684 0 0 0 	12770460 468684 0 	388.327 	3 	10
2940200000000 2940300000032 	20400044418 54938091550 469187 	20399575231 469187 0 0 0 	12784192 469187 0 	387.934 	3 	10
2959400000000 2959500000250 	20600044918 55485246746 469604 	20599575314 469604 0 0 0 	12795681 469604 0 	387.526 	3 	10
2978600000000 2978700000236 	20800045390 56032584551 469999 	20799575391 469999 0 0 0 	12805916 469999 0 	387.104 	3 	10
2997800000000 2997900000228 	21000045846 56580021570 470353 	20999575493 470353 0 0 0 	12815878 470353 0 	386.666 	3 	10
3017000000000 3017100000112 	21200046070 57127518692 470666 	21199575404 470666 0 0 0 	12825058 470666 0 	386.214 	3 	10
3036200000000 3036300000296 	21400046662 57675186575 470979 	21399575683 470979 0 0 0 	12833494 470979 0 	385.736 	3 	10
3055400000000 3055500000254 	21600047170 58222959465 471231 	21599575939 471231 0 0 0 	12841027 471231 0 	385.245 	3 	10
3074600000000 3074700000032 	21800047234 58770838652 471489 	21799575745 471489 0 0 0 	12848147 471489 0 	384.739 	3 	10
3093800000000 3093900000320 	22000047874 59318855135 475181 	21999572693 475181 0 0 0 	12952322 475181 0 	385.033 	3 	10
3113000000000 3113100000353 	22200048580 59866989066 478689 	22199569891 478689 0 0 0 	13051313 478689 0 	385.299 	3 	10
3132200000000 3132300000044 	22400048668 60415300068 482030 	22399566638 482030 0 0 0 	13143312 482030 0 	385.538 	3 	10
3151400000000 3151500000228 	22600049124 60963692982 485026 	22599564098 485026 0 0 0 	13226605 485026 0 	385.757 	3 	10
3170600000000 3170700000091 	22800049306 61512227812 487844 	22799561462 487844 0 0 0 	13303684 487844 0 	385.949 	3 	10
3189800000000 3189900000307 	23000049920 62060804858 490644 	22999559276 490644 0 0 0 	13378348 490644 0 	386.123 	3 	10
3209000000000 3209100000100 	23200050120 62609544168 493135 	23199556985 493135 0 0 0 	13446602 493135 0 	386.27 	3 	10
3228200000000 3228300000314 	23400050748 63158436220 495538 	23399555210 495538 0 0 0 	13514959 495538 0 	386.4 	3 	10
3247400000000 3247500000173 	23600051094 63707409319 497702 	23599553392 497702 0 0 0 	13576013 497702 0 	386.503 	3 	10
3266600000000 3266700000330 	23800051754 64256476682 499743 	23799552011 499743 0 0 0 	13632887 499743 0 	386.589 	3 	10
3285800000000 3285900000352 	24000052458 64805668079 501706 	23999550752 501706 0 0 0 	13688980 501706 0 	386.65 	3 	10
3305000000000 3305100000376 	24200053210 65354956229 503554 	24199549656 503554 0 0 0 	13740975 503554 0 	386.693 	3 	10
3324200000000 3324300000290 	24400053790 65904376404 505230 	24399548560 505230 0 0 0 	13787528 505230 0 	386.72 	3 	10
3343400000000 3343500000026 	24600053842 66453873156 506778 	24599547064 506778 0 0 0 	13830244 506778 0 	386.722 	3 	10
3362600000000 3362700000285 	24800054412 67003452709 508247 	24799546165 508247 0 0 0 	13871924 508247 0 	386.708 	3 	10
3381800000000 3381900000151 	25000054714 67553178491 509631 	24999545083 509631 0 0 0 	13909399 509631 0 	386.678 	3 	10
3401000000000 3401100000308 	25200055330 68102968191 510907 	25199544423 510907 0 0 0 	13946830 510907 0 	386.633 	3 	10
3420200000000 3420300000278 	25400055886 68652891294 512063 	25399543823 512063 0 0 0 	13980137 512063 0 	386.563 	3 	10
3439400000000 3439500000208 	25600056302 69202999275 513149 	25599543153 513149 0 0 0 	14011218 513149 0 	386.478 	3 	10
3458600000000 3458700000120 	25800056542 69753112674 514197 	25799542345 514197 0 0 0 	14040281 514197 0 	386.378 	3 	10
3477800000000 3477900000296 	26000057134 70303377520 515219 	25999541915 515219 0 0 0 	14069689 515219 0 	386.264 	3 	10
3497000000000 3497100000270 	26200057674 70853760314 516151 	26199541523 516151 0 0 0 	14094680 516151 0 	386.134 	3 	10
3516200000000 3516300000320 	26400058314 71404235316 516980 	26399541334 516980 0 0 0 	14116155 516980 0 	385.99 	3 	10
3535400000000 3535500000350 	26600059014 71954862723 517778 	26599541236 517778 0 0 0 	14139913 517778 0 	385.832 	3 	10
3554600000000 3554700000350 	26800059714 72505505069 518533 	26799541181 518533 0 0 0 	14159278 518533 0 	385.676 	3 	10
3573800000000 3573900000264 	27000060242 73056221923 519283 	26999540959 519283 0 0 0 	14179874 519283 0 	385.506 	3 	10
3593000000000 3593100000328 	27200060898 73607101980 519930 	27199540968 519930 0 0 0 	14198530 519930 0 	385.322 	3 	10
3612200000000 3612300000080 	27400061058 74158111422 520599 	27399540459 520599 0 0 0 	14217983 520599 0 	385.124 	3 	10
3631400000000 3631500000140 	27600061338 74709220385 521168 	27599540170 521168 0 0 0 	14233437 521168 0 	384.913 	3 	10
3650600000000 3650700000044 	27800061426 75260345381 521682 	27799539744 521682 0 0 0 	14247372 521682 0 	384.688 	3 	10
3669800000000 3669900000044 	28000061514 75811620513 522174 	27999539340 522174 0 0 0 	14261200 522174 0 	384.45 	3 	10
3689000000000 3689100000032 	28200061578 76362985984 522614 	28199538964 522614 0 0 0 	14273683 522614 0 	384.199 	3 	10
3708200000000 3708300000250 	28400062078 76914467215 523061 	28399539017 523061 0 0 0 	14286536 523061 0 	383.934 	3 	10
3727400000000 3727500000236 	28600062550 77466075237 523524 	28599539026 523524 0 0 0 	14299809 523524 0 	383.657 	3 	10
3746600000000 3746700000228 	28800063006 78017730631 523932 	28799539074 523932 0 0 0 	14312346 523932 0 	383.368 	3 	10
3765800000000 3765900000112 	29000063230 78569507342 524304 	28999538926 524304 0 0 0 	14323041 524304 0 	383.065 	3 	10
3785000000000 3785100000278 	29200063786 79121416291 524674 	29199539112 524674 0 0 0 	14333752 524674 0 	382.759 	3 	10
3804200000000 3804300000296 	29400064378 79673328673 524963 	29399539415 524963 0 0 0 	14341634 524963 0 	382.44 	3 	10
3823400000000 3823500000254 	29600064886 80225390028 525260 	29599539626 525260 0 0 0 	14349687 525260 0 	382.11 	3 	10
3842600000000 3842700000032 	29800064950 80777539836 525531 	29799539419 525531 0 0 0 	14357929 525531 0 	381.767 	3 	10
3861800000000 3861900000320 	30000065590 81329813266 525790 	29999539800 525790 0 0 0 	14365083 525790 0 	381.42 	3 	10
3881000000000 3881100000268 	30200066126 81882062381 526037 	30199540089 526037 0 0 0 	14372030 526037 0 	381.062 	3 	10
3900200000000 3900300000060 	30400066246 82434505810 526277 	30399539969 526277 0 0 0 	14378923 526277 0 	380.692 	3 	10
3919400000000 3919500000230 	30600066706 82987040706 526488 	30599540218 526488 0 0 0 	14384690 526488 0 	380.31 	3 	10
3938600000000 3938700000208 	30800067122 83539727970 526695 	30799540427 526695 0 0 0 	14389969 526695 0 	379.925 	3 	10
3957800000000 3957900000197 	31000067516 84092434643 526911 	30999540605 526911 0 0 0 	14396084 526911 0 	379.529 	3 	10
3977000000000 3977100000174 	31200067864 84645269029 527087 	31199540777 527087 0 0 0 	14401151 527087 0 	379.13 	3 	10
3996200000000 3996300000008 	31400067880 85198178481 527264 	31399540616 527264 0 0 0 	14405750 527264 0 	378.719 	3 	10
4015400000000 4015500000320 	31600068520 85751172202 527434 	31599541086 527434 0 0 0 	14410400 527434 0 	378.298 	3 	10
4034600000000 4034700000167 	31800068854 86304237671 527591 	31799541263 527591 0 0 0 	14414780 527591 0 	377.873 	3 	10
4053800000000 4053900000120 	32000069094 86857395055 527717 	31999541377 527717 0 0 0 	14418132 527717 0 	377.438 	3 	10
4073000000000 4073100000188 	32200069470 87410685505 527826 	32199541644 527826 0 0 0 	14421212 527826 0 	377 	3 	10
4092200000000 4092300000096 	32400069662 87964089508 527942 	32399541720 527942 0 0 0 	14424254 527942 0 	376.552 	3 	10
4111400000000 4111500000215 	32600070092 88517563191 528048 	32599542044 528048 0 0 0 	14427045 528048 0 	376.101 	3 	10
4130600000000 4130700000215 	32800070522 89071107191 528158 	32799542364 528158 0 0 0 	14430165 528158 0 	375.657 	3 	10
4149800000000 4149900000057 	33000070636 89624708589 528281 	32999542355 528281 0 0 0 	14433612 528281 0 	375.201 	3 	10
4169000000000 4169100000056 	33200070748 90178417599 528389 	33199542359 528389 0 0 0 	14436457 528389 0 	374.744 	3 	10
4188200000000 4188300000110 	33400070968 90732257440 528478 	33399542490 528478 0 0 0 	14439361 528478 0 	374.276 	3 	10
4207400000000 4207500000125 	33600071218 91286140555 528556 	33599542662 528556 0 0 0 	14441287 528556 0 	373.806 	3 	10
4226600000000 4226700000031 	33800071280 91840091439 528642 	33799542638 528642 0 0 0 	14444167 528642 0 	373.325 	3 	10
4245800000000 4245900000188 	34000071656 92394163091 528706 	33999542950 528706 0 0 0 	14445720 528706 0 	372.843 	3 	10
4265000000000 4265100000192 	34200072040 92948274406 528765 	34199543275 528765 0 0 0 	14447471 528765 0 	372.35 	3 	10
4284200000000 4284300000302 	34400072644 93502437629 528829 	34399543815 528829 0 0 0 	14449254 528829 0 	371.855 	3 	10
4303400000000 4303500000052 	34600072748 94056724165 528892 	34599543856 528892 0 0 0 	14451038 528892 0 	371.358 	3 	10
4322600000000 4322700000120 	34800072988 94611069120 530167 	34799542821 530167 0 0 0 	14485822 530167 0 	371.373 	3 	10
4341800000000 4341900000120 	35000073228 95165534767 531375 	34999541853 531375 0 0 0 	14519895 531375 0 	371.388 	3 	10
4361000000000 4361100000296 	35200073820 95720142805 532423 	35199541397 532423 0 0 0 	14549060 532423 0 	371.392 	3 	10
4380200000000 4380300000270 	35400074360 96274833649 533423 	35399540937 533423 0 0 0 	14575899 533423 0 	371.384 	3 	10
4399400000000 4399500000320 	35600075000 96829556178 534389 	35599540611 534389 0 0 0 	14602550 534389 0 	371.365 	3 	10
4418600000000 4418700000320 	35800075640 97384347101 535259 	35799540381 535259 0 0 0 	14627248 535259 0 	371.346 	3 	10
4437800000000 4437900000350 	36000076340 97939243323 536170 	35999540170 536170 0 0 0 	14652489 536170 0 	371.316 	3 	10
4457000000000 4457100000264 	36200076868 98494220712 537010 	36199539858 537010 0 0 0 	14676813 537010 0 	371.274 	3 	10
4476200000000 4476300000328 	36400077524 99049281623 537808 	36399539716 537808 0 0 0 	14700677 537808 0 	371.222 	3 	10
4495400000000 4495500000080 	36600077684 99604466235 538536 	36599539148 538536 0 0 0 	14721327 538536 0 	371.159 	3 	10
4514600000000 4514700000080 	36800077844 100159681884 539241 	36799538603 539241 0 0 0 	14742002 539241 0 	371.096 	3 	10
4533800000000 4533900000140 	37000078124 100714975642 539920 	36999538204 539920 0 0 0 	14761413 539920 0 	371.023 	3 	10
4553000000000 4553100000044 	37200078212 101270342828 540511 	37199537701 540511 0 0 0 	14779618 540511 0 	370.939 	3 	10
4572200000000 4572300000044 	37400078300 101825807260 541087 	37399537213 541087 0 0 0 	14795934 541087 0 	370.844 	3 	10
4591400000000 4591500000044 	37600078388 102381439915 541688 	37599536700 541688 0 0 0 	14812629 541688 0 	370.75 	3 	10
4610600000000 4610700000032 	37800078452 102937035953 542240 	37799536212 542240 0 0 0 	14827979 542240 0 	370.646 	3 	10
4629800000000 4629900000250 	38000078952 103492768694 542736 	37999536216 542736 0 0 0 	14842036 542736 0 	370.531 	3 	10
4649000000000 4649100000236 	38200079424 104048495679 543185 	38199536239 543185 0 0 0 	14855347 543185 0 	370.405 	3 	10
4668200000000 4668300000228 	38400079880 104604312708 543646 	38399536234 543646 0 0 0 	14869342 543646 0 	370.269 	3 	10
4687400000000 4687500000228 	38600080336 105160288913 544092 	38599536244 544092 0 0 0 	14882056 544092 0 	370.134 	3 	10
4706600000000 4706700000112 	38800080560 105716340876 544518 	38799536042 544518 0 0 0 	14895026 544518 0 	369.99 	3 	10
4725800000000 4725900000278 	39000081116 106272499792 544927 	38999536189 544927 0 0 0 	14907307 544927 0 	369.84 	3 	10
4745000000000 4745100000296 	39200081708 106828706494 545312 	39199536396 545312 0 0 0 	14917983 545312 0 	369.681 	3 	10
4764200000000 4764300000296 	39400082300 107384966909 545686 	39399536614 545686 0 0 0 	14927752 545686 0 	369.523 	3 	10
4783400000000 4783500000254 	39600082808 107941280268 546043 	39599536765 546043 0 0 0 	14936925 546043 0 	369.355 	3 	10
4802600000000 4802700000032 	39800082872 108497635749 546354 	39799536518 546354 0 0 0 	14945131 546354 0 	369.177 	3 	10
4821800000000 4821900000320 	40000083512 109054122121 546659 	39999536853 546659 0 0 0 	14953806 546659 0 	368.995 	3 	10
4841000000000 4841100000098 	40200083708 109610666064 546951 	40199536757 546951 0 0 0 	14961638 546951 0 	368.808 	3 	10
4860200000000 4860300000268 	40400084244 110167342906 547248 	40399536996 547248 0 0 0 	14969638 547248 0 	368.618 	3 	10
4879400000000 4879500000060 	40600084364 110724078676 547526 	40599536838 547526 0 0 0 	14977869 547526 0 	368.418 	3 	10
4898600000000 4898700000230 	40800084824 111280853738 547806 	40799537018 547806 0 0 0 	14986050 547806 0 	368.208 	3 	10
4917800000000 4917900000208 	41000085240 111837708422 548025 	40999537215 548025 0 0 0 	14992423 548025 0 	367.994 	3 	10
4937000000000 4937100000208 	41200085656 112394581654 548259 	41199537397 548259 0 0 0 	14998912 548259 0 	367.782 	3 	10
4956200000000 4956300000197 	41400086050 112951596165 548447 	41399537603 548447 0 0 0 	15004075 548447 0 	367.561 	3 	10
4975400000000 4975500000174 	41600086398 113508647765 548674 	41599537724 548674 0 0 0 	15010598 548674 0 	367.336 	3 	10
4994600000000 4994700000008 	41800086414 114065810457 548862 	41799537552 548862 0 0 0 	15015851 548862 0 	367.101 	3 	10
5013800000000 5013900000008 	42000086430 114623076075 549050 	41999537380 549050 0 0 0 	15021567 549050 0 	366.868 	3 	10
5033000000000 5033100000320 	42200087070 115180343337 549219 	42199537851 549219 0 0 0 	15026436 549219 0 	366.626 	3 	10
5052200000000 5052300000167 	42400087404 115737697248 549392 	42399538012 549392 0 0 0 	15031170 549392 0 	366.381 	3 	10
5071400000000 5071500000120 	42600087644 116295142713 549551 	42599538093 549551 0 0 0 	15035976 549551 0 	366.125 	3 	10
5090600000000 5090700000188 	42800088020 116852630389 549733 	42799538287 549733 0 0 0 	15041350 549733 0 	365.867 	3 	10
5109800000000 5109900000188 	43000088396 117410141900 549876 	42999538520 549876 0 0 0 	15045624 549876 0 	365.611 	3 	10
5129000000000 5129100000096 	43200088588 117967777857 550002 	43199538586 550002 0 0 0 	15049139 550002 0 	365.345 	3 	10
5148200000000 5148300000215 	43400089018 118525531288 550125 	43399538893 550125 0 0 0 	15052311 550125 0 	365.076 	3 	10
5167400000000 5167500000057 	43600089132 119083364636 550245 	43599538887 550245 0 0 0 	15055516 550245 0 	364.798 	3 	10
5186600000000 5186700000057 	43800089246 119641220831 550341 	43799538905 550341 0 0 0 	15058185 550341 0 	364.522 	3 	10
5205800000000 5205900000056 	44000089358 120199171465 550441 	43999538917 550441 0 0 0 	15061493 550441 0 	364.244 	3 	10
5225000000000 5225100000110 	44200089578 120757184581 550535 	44199539043 550535 0 0 0 	15063686 550535 0 	363.955 	3 	10
5244200000000 5244300000125 	44400089828 121315233670 550640 	44399539188 550640 0 0 0 	15066032 550640 0 	363.664 	3 	10
5263400000000 5263500000031 	44600089890 121873354898 550771 	44599539119 550771 0 0 0 	15069419 550771 0 	363.363 	3 	10
5282600000000 5282700000031 	44800089952 122431586553 550844 	44799539108 550844 0 0 0 	15071180 550844 0 	363.066 	3 	10
5301800000000 5301900000188 	45000090328 122989877286 550925 	44999539403 550925 0 0 0 	15073430 550925 0 	362.765 	3 	10
5321000000000 5321100000192 	45200090712 123548267907 550992 	45199539720 550992 0 0 0 	15075400 550992 0 	362.455 	3 	10
5340200000000 5340300000302 	45400091316 124106690622 551067 	45399540249 551067 0 0 0 	15077265 551067 0 	362.142 	3 	10
5359400000000 5359500000302 	45600091920 124665206897 551146 	45599540774 551146 0 0 0 	15079312 551146 0 	361.832 	3 	10
5378600000000 5378700000052 	45800092024 125223745508 551199 	45799540825 551199 0 0 0 	15080392 551199 0 	361.52 	3 	10
5397800000000 5397900000200 	46000092424 125782374620 551272 	45999541152 551272 0 0 0 	15082495 551272 0 	361.197 	3 	10
5417000000000 5417100000251 	46200092926 126341077779 551329 	46199541597 551329 0 0 0 	15084433 551329 0 	360.873 	3 	10
5436200000000 5436300000251 	46400093428 126899848978 551410 	46399542018 551410 0 0 0 	15087107 551410 0 	360.551 	3 	10
5455400000000 5455500000197 	46600093822 127458647717 551470 	46599542352 551470 0 0 0 	15088576 551470 0 	360.22 	3 	10
5474600000000 5474700000048 	46800093918 128017513334 551521 	46799542397 551521 0 0 0 	15089689 551521 0 	359.886 	3 	10
5493800000000 5493900000280 	47000094478 128576444721 551574 	46999542904 551574 0 0 0 	15091293 551574 0 	359.55 	3 	10
5513000000000 5513100000021 	47200094520 129135448066 551619 	47199542901 551619 0 0 0 	15092489 551619 0 	359.204 	3 	10
5532200000000 5532300000021 	47400094562 129694629725 551658 	47399542904 551658 0 0 0 	15093509 551658 0 	358.862 	3 	10
5551400000000 5551500000072 	47600094706 130253762243 551692 	47599543014 551692 0 0 0 	15094552 551692 0 	358.517 	3 	10
5570600000000 5570700000113 	47800094932 130813026950 551732 	47799543200 551732 0 0 0 	15095628 551732 0 	358.169 	3 	10
5589800000000 5589900000069 	48000095070 131372340638 551774 	47999543296 551774 0 0 0 	15096525 551774 0 	357.813 	3 	10
5609000000000 5609100000069 	48200095208 131931692379 551809 	48199543399 551809 0 0 0 	15097530 551809 0 	357.459 	3 	10
5628200000000 5628300000224 	48400095656 132491088941 551849 	48399543807 551849 0 0 0 	15098788 551849 0 	357.104 	3 	10
5647400000000 5647500000271 	48600096198 133050589795 551885 	48599544313 551885 0 0 0 	15099872 551885 0 	356.745 	3 	10
5666600000000 5666700000186 	48800096570 133610147466 551912 	48799544658 551912 0 0 0 	15100759 551912 0 	356.384 	3 	10
5685800000000 5685900000092 	49000096754 134169743347 551941 	48999544813 551941 0 0 0 	15101657 551941 0 	356.013 	3 	10
5705000000000 5705100000092 	49200096938 134729429775 551973 	49199544965 551973 0 0 0 	15102397 551973 0 	355.647 	3 	10
5724200000000 5724300000031 	49400097000 135289167978 552010 	49399544990 552010 0 0 0 	15103407 552010 0 	355.277 	3 	10
5743400000000 5743500000020 	49600097040 135848936455 552034 	49599545006 552034 0 0 0 	15104139 552034 0 	354.906 	3 	10
5762600000000 5762700000032 	49800097104 136408848067 552051 	49799545053 552051 0 0 0 	15104515 552051 0 	354.531 	3 	10
5781800000000 5781900000032 	50000097168 136968840415 552074 	49999545094 552074 0 0 0 	15105084 552074 0 	354.16 	3 	10
5801000000000 5801100000040 	50200097248 137528839246 552092 	50199545156 552092 0 0 0 	15105417 552092 0 	353.787 	3 	10
5820200000000 5820300000214 	50400097676 138088908553 552108 	50399545568 552108 0 0 0 	15105865 552108 0 	353.405 	3 	10
5839400000000 5839500000047 	50600097770 138649063748 552127 	50599545643 552127 0 0 0 	15106366 552127 0 	353.02 	3 	10
5858600000000 5858700000047 	50800097864 139209228138 552142 	50799545722 552142 0 0 0 	15106718 552142 0 	352.639 	3 	10
5877800000000 5877900000044 	51000097952 139769469820 552158 	50999545794 552158 0 0 0 	15107373 552158 0 	352.255 	3 	10
5897000000000 5897100000175 	51200098302 140329763185 552168 	51199546134 552168 0 0 0 	15107665 552168 0 	351.869 	3 	10
5916200000000 5916300000136 	51400098574 140890161355 552185 	51399546389 552185 0 0 0 	15108222 552185 0 	351.481 	3 	10
5935400000000 5935500000173 	51600098920 141450618040 552204 	51599546716 552204 0 0 0 	15109011 552204 0 	351.089 	3 	10
5954600000000 5954700000173 	51800099266 142011105753 552210 	51799547056 552210 0 0 0 	15109183 552210 0 	350.702 	3 	10
5973800000000 5973900000084 	52000099434 142571587537 552220 	51999547214 552220 0 0 0 	15109447 552220 0 	350.306 	3 	10
5993000000000 5993100000170 	52200099774 143132167515 552235 	52199547539 552235 0 0 0 	15109827 552235 0 	349.907 	3 	10
6012200000000 6012300000212 	52400100198 143692842114 552248 	52399547950 552248 0 0 0 	15110066 552248 0 	349.506 	3 	10
6031400000000 6031500000320 	52600100838 144253583192 552592 	52599548246 552592 0 0 0 	15120111 552592 0 	349.452 	3 	10
6050600000000 6050700000320 	52800101478 144814408102 552940 	52799548538 552940 0 0 0 	15130772 552940 0 	349.399 	3 	10
6069800000000 6069900000268 	53000102014 145375297150 553260 	52999548754 553260 0 0 0 	15140565 553260 0 	349.339 	3 	10
6089000000000 6089100000060 	53200102134 145936231692 553557 	53199548577 553557 0 0 0 	15149373 553557 0 	349.27 	3 	10
6108200000000 6108300000060 	53400102254 146497218333 553858 	53399548396 553858 0 0 0 	15157419 553858 0 	349.202 	3 	10
6127400000000 6127500000230 	53600102714 147058294267 554151 	53599548563 554151 0 0 0 	15165238 554151 0 	349.126 	3 	10
6146600000000 6146700000208 	53800103130 147619406309 554421 	53799548709 554421 0 0 0 	15173113 554421 0 	349.047 	3 	10
6165800000000 6165900000208 	54000103546 148180491297 554672 	53999548874 554672 0 0 0 	15180412 554672 0 	348.968 	3 	10
6185000000000 6185100000197 	54200103940 148741747724 554909 	54199549031 554909 0 0 0 	15187000 554909 0 	348.882 	3 	10
6204200000000 6204300000197 	54400104334 149302985945 555117 	54399549217 555117 0 0 0 	15192896 555117 0 	348.796 	3 	10
6223400000000 6223500000174 	54600104682 149864317096 555335 	54599549347 555335 0 0 0 	15198973 555335 0 	348.706 	3 	10
6242600000000 6242700000008 	54800104698 150425739710 555571 	54799549127 555571 0 0 0 	15205469 555571 0 	348.609 	3 	10
6261800000000 6261900000008 	55000104714 150987177075 555768 	54999548946 555768 0 0 0 	15209998 555768 0 	348.513 	3 	10
6281000000000 6281100000320 	55200105354 151548713545 555981 	55199549373 555981 0 0 0 	15216030 555981 0 	348.409 	3 	10
6300200000000 6300300000167 	55400105688 152110293598 556186 	55399549502 556186 0 0 0 	15221157 556186 0 	348.302 	3 	10
6319400000000 6319500000167 	55600106022 152671897211 556347 	55599549675 556347 0 0 0 	15226096 556347 0 	348.195 	3 	10
6338600000000 6338700000120 	55800106262 153233590543 556525 	55799549737 556525 0 0 0 	15231184 556525 0 	348.081 	3 	10
6357800000000 6357900000120 	56000106502 153795311165 556694 	55999549808 556694 0 0 0 	15235851 556694 0 	347.968 	3 	10
6377000000000 6377100000188 	56200106878 154357109125 556839 	56199550039 556839 0 0 0 	15239895 556839 0 	347.851 	3 	10
6396200000000 6396300000096 	56400107070 154918948817 556991 	56399550079 556991 0 0 0 	15243710 556991 0 	347.727 	3 	10
6415400000000 6415500000096 	56600107262 155480907556 557131 	56599550131 557131 0 0 0 	15247040 557131 0 	347.604 	3 	10
6434600000000 6434700000215 	56800107692 156042825061 557269 	56799550423 557269 0 0 0 	15251356 557269 0 	347.477 	3 	10
6453800000000 6453900000215 	57000108122 156604870270 557417 	56999550705 557417 0 0 0 	15255855 557417 0 	347.351 	3 	10
6473000000000 6473100000057 	57200108236 157166914679 557533 	57199550703 557533 0 0 0 	15259367 557533 0 	347.218 	3 	10
6492200000000 6492300000056 	57400108348 157729031496 557652 	57399550696 557652 0 0 0 	15262930 557652 0 	347.082 	3 	10
6511400000000 6511500000056 	57600108460 158291277880 557784 	57599550676 557784 0 0 0 	15266971 557784 0 	346.946 	3 	10
6530600000000 6530700000110 	57800108680 158853538126 557897 	57799550783 557897 0 0 0 	15270441 557897 0 	346.803 	3 	10
6549800000000 6549900000125 	58000108930 159415881569 558020 	57999550910 558020 0 0 0 	15273980 558020 0 	346.657 	3 	10
6569000000000 6569100000125 	58200109180 159978214593 558125 	58199551055 558125 0 0 0 	15276683 558125 0 	346.512 	3 	10
6588200000000 6588300000031 	58400109242 160540637583 558243 	58399550999 558243 0 0 0 	15280354 558243 0 	346.359 	3 	10
6607400000000 6607500000031 	58600109304 161103080144 558335 	58599550969 558335 0 0 0 	15282909 558335 0 	346.208 	3 	10
6626600000000 6626700000188 	58800109680 161665637527 558434 	58799551246 558434 0 0 0 	15285837 558434 0 	346.053 	3 	10
6645800000000 6645900000192 	59000110064 162228209561 558519 	58999551545 558519 0 0 0 	15288353 558519 0 	345.891 	3 	10
6665000000000 6665100000192 	59200110448 162790838037 558606 	59199551842 558606 0 0 0 	15290764 558606 0 	345.73 	3 	10
6684200000000 6684300000302 	59400111052 163353535084 558691 	59399552361 558691 0 0 0 	15292847 558691 0 	345.566 	3 	10
6703400000000 6703500000052 	59600111156 163916287401 558766 	59599552390 558766 0 0 0 	15294906 558766 0 	345.398 	3 	10
6722600000000 6722700000052 	59800111260 164479132640 558835 	59799552425 558835 0 0 0 	15296719 558835 0 	345.233 	3 	10
6741800000000 6741900000200 	60000111660 165042000460 558920 	59999552740 558920 0 0 0 	15298672 558920 0 	345.059 	3 	10
6761000000000 6761100000200 	60200112060 165604898878 558990 	60199553070 558990 0 0 0 	15300453 558990 0 	344.887 	3 	10
6780200000000 6780300000251 	60400112562 166167834884 559051 	60399553511 559051 0 0 0 	15302109 559051 0 	344.712 	3 	10
6799400000000 6799500000197 	60600112956 166730851019 559107 	60599553849 559107 0 0 0 	15303604 559107 0 	344.529 	3 	10
6818600000000 6818700000197 	60800113350 167293966658 559172 	60799554178 559172 0 0 0 	15305326 559172 0 	344.348 	3 	10
6837800000000 6837900000048 	61000113446 167857096025 559231 	60999554215 559231 0 0 0 	15306795 559231 0 	344.164 	3 	10
6857000000000 6857100000048 	61200113542 168420278524 559280 	61199554262 559280 0 0 0 	15308035 559280 0 	343.981 	3 	10
6876200000000 6876300000280 	61400114102 168983495986 559334 	61399554768 559334 0 0 0 	15309373 559334 0 	343.795 	3 	10
6895400000000 6895500000021 	61600114144 169546715413 559392 	61599554752 559392 0 0 0 	15310790 559392 0 	343.601 	3 	10
6914600000000 6914700000021 	61800114186 170110035282 559441 	61799554745 559441 0 0 0 	15311820 559441 0 	343.409 	3 	10
6933800000000 6933900000072 	62000114330 170673471587 559488 	61999554842 559488 0 0 0 	15313341 559488 0 	343.215 	3 	10
6953000000000 6953100000113 	62200114556 171236944387 559527 	62199555029 559527 0 0 0 	15314401 559527 0 	343.017 	3 	10
6972200000000 6972300000113 	62400114782 171800448044 559576 	62399555206 559576 0 0 0 	15315995 559576 0 	342.82 	3 	10
6991400000000 6991500000069 	62600114920 172364002850 559630 	62599555290 559630 0 0 0 	15317359 559630 0 	342.616 	3 	10
7010600000000 7010700000069 	62800115058 172927600138 559677 	62799555381 559677 0 0 0 	15318804 559677 0 	342.414 	3 	10
7029800000000 7029900000224 	63000115506 173491217086 559727 	62999555779 559727 0 0 0 	15320518 559727 0 	342.209 	3 	10
7049000000000 7049100000271 	63200116048 174054837542 559770 	63199556278 559770 0 0 0 	15321579 559770 0 	342.001 	3 	10
7068200000000 7068300000271 	63400116590 174618636650 559805 	63399556785 559805 0 0 0 	15322659 559805 0 	341.794 	3 	10
7087400000000 7087500000186 	63600116962 175182426421 559840 	63599557122 559840 0 0 0 	15323560 559840 0 	341.584 	3 	10
7106600000000 7106700000092 	63800117146 175746261563 559861 	63799557285 559861 0 0 0 	15324004 559861 0 	341.367 	3 	10
7125800000000 7125900000092 	64000117330 176310189117 559892 	63999557438 559892 0 0 0 	15324916 559892 0 	341.152 	3 	10
7145000000000 7145100000031 	64200117392 176874143953 559918 	64199557474 559918 0 0 0 	15325492 559918 0 	340.934 	3 	10
7164200000000 7164300000031 	64400117454 177438176617 559957 	64399557497 559957 0 0 0 	15326699 559957 0 	340.717 	3 	10
7183400000000 7183500000020 	64600117494 178002201980 559980 	64599557514 559980 0 0 0 	15327598 559980 0 	340.498 	3 	10
7202600000000 7202700000032 	64800117558 178566348988 560010 	64799557548 560010 0 0 0 	15328687 560010 0 	340.275 	3 	10
7221800000000 7221900000032 	65000117622 179130567663 560032 	64999557590 560032 0 0 0 	15329100 560032 0 	340.055 	3 	10
7241000000000 7241100000040 	65200117702 179694821175 560053 	65199557649 560053 0 0 0 	15329782 560053 0 	339.831 	3 	10
7260200000000 7260300000040 	65400117782 180259087661 560078 	65399557704 560078 0 0 0 	15330568 560078 0 	339.609 	3 	10
7279400000000 7279500000214 	65600118210 180823385097 560097 	65599558113 560097 0 0 0 	15331083 560097 0 	339.38 	3 	10
7298600000000 7298700000047 	65800118304 181387693569 560111 	65799558193 560111 0 0 0 	15331616 560111 0 	339.148 	3 	10
7317800000000 7317900000047 	66000118398 181952086138 560127 	65999558271 560127 0 0 0 	15332130 560127 0 	338.917 	3 	10
7337000000000 7337100000044 	66200118486 182516611619 560142 	66199558344 560142 0 0 0 	15332703 560142 0 	338.684 	3 	10
7356200000000 7356300000175 	66400118836 183081154715 560157 	66399558679 560157 0 0 0 	15333079 560157 0 	338.448 	3 	10
7375400000000 7375500000175 	66600119186 183645752102 560171 	66599559015 560171 0 0 0 	15333483 560171 0 	338.214 	3 	10
7394600000000 7394700000136 	66800119458 184210346163 560187 	66799559271 560187 0 0 0 	15333862 560187 0 	337.976 	3 	10
7413800000000 7413900000136 	67000119730 184775003386 560205 	66999559525 560205 0 0 0 	15334388 560205 0 	337.741 	3 	10
7433000000000 7433100000173 	67200120076 185339778702 560219 	67199559857 560219 0 0 0 	15334718 560219 0 	337.503 	3 	10
7452200000000 7452300000084 	67400120244 185904620593 560231 	67399560013 560231 0 0 0 	15335019 560231 0 	337.257 	3 	10
7471400000000 7471500000084 	67600120412 186469426925 560245 	67599560167 560245 0 0 0 	15335446 560245 0 	337.013 	3 	10
7490600000000 7490700000170 	67800120752 187034322252 560253 	67799560499 560253 0 0 0 	15335631 560253 0 	336.767 	3 	10
7509800000000 7509900000016 	68000120784 187599199830 560275 	67999560509 560275 0 0 0 	15336068 560275 0 	336.519 	3 	10
7529000000000 7529100000212 	68200121208 188164150019 560295 	68199560913 560295 0 0 0 	15336634 560295 0 	336.272 	3 	10
7548200000000 7548300000180 	68400121568 188729101555 560309 	68399561259 560309 0 0 0 	15337120 560309 0 	336.021 	3 	10
7567400000000 7567500000180 	68600121928 189294128539 560319 	68599561609 560319 0 0 0 	15337567 560319 0 	335.773 	3 	10
7586600000000 7586700000044 	68800122016 189859265589 560331 	68799561685 560331 0 0 0 	15337912 560331 0 	335.522 	3 	10
7605800000000 7605900000040 	69000122096 190424444614 560349 	68999561747 560349 0 0 0 	15338269 560349 0 	335.268 	3 	10
7625000000000 7625100000040 	69200122176 190989592135 560359 	69199561817 560359 0 0 0 	15338659 560359 0 	335.015 	3 	10
7644200000000 7644300000135 	69400122446 191554899504 560366 	69399562080 560366 0 0 0 	15338924 560366 0 	334.761 	3 	10
7663400000000 7663500000135 	69600122716 192120210592 560370 	69599562346 560370 0 0 0 	15339115 560370 0 	334.507 	3 	10
7682600000000 7682700000032 	69800122780 192685571957 560379 	69799562401 560379 0 0 0 	15339420 560379 0 	334.252 	3 	10
7701800000000 7701900000227 	70000123234 193250957829 560387 	69999562847 560387 0 0 0 	15339710 560387 0 	333.993 	3 	10
7721000000000 7721100000227 	70200123688 193816398882 560392 	70199563296 560392 0 0 0 	15339842 560392 0 	333.737 	3 	10
7740200000000 7740300000160 	70400124008 194381897249 560402 	70399563606 560402 0 0 0 	15340112 560402 0 	333.477 	3 	10
7759400000000 7759500000062 	70600124132 194947436908 560414 	70599563718 560414 0 0 0 	15340494 560414 0 	333.215 	3 	10
7778600000000 7778700000062 	70800124256 195513009787 560424 	70799563832 560424 0 0 0 	15340897 560424 0 	332.955 	3 	10
7797800000000 7797900000160 	71000124576 196078678469 560431 	70999564145 560431 0 0 0 	15341137 560431 0 	332.692 	3 	10
7817000000000 7817100000160 	71200124896 196644371486 560437 	71199564459 560437 0 0 0 	15341310 560437 0 	332.431 	3 	10
7836200000000 7836300000159 	71400125214 197210102730 560444 	71399564770 560444 0 0 0 	15341437 560444 0 	332.167 	3 	10
7855400000000 7855500000026 	71600125266 197775887012 560453 	71599564813 560453 0 0 0 	15341733 560453 0 	331.9 	3 	10
7874600000000 7874700000026 	71800125318 198341682834 560459 	71799564859 560459 0 0 0 	15341855 560459 0 	331.636 	3 	10
7893800000000 7893900000242 	72000125802 198907520660 560466 	71999565336 560466 0 0 0 	15342026 560466 0 	331.368 	3 	10
7913000000000 7913100000242 	72200126286 199473419109 560471 	72199565815 560471 0 0 0 	15342099 560471 0 	331.103 	3 	10
7932200000000 7932300000000 	72400126286 200039413066 560478 	72399565808 560478 0 0 0 	15342500 560478 0 	330.835 	3 	10
7951400000000 7951500000035 	72600126356 200605410900 560483 	72599565873 560483 0 0 0 	15342657 560483 0 	330.564 	3 	10
7970600000000 7970700000035 	72800126426 201171478036 560488 	72799565938 560488 0 0 0 	15342810 560488 0 	330.295 	3 	10
7989800000000 7989900000054 	73000126534 201737574940 560490 	72999566044 560490 0 0 0 	15342881 560490 0 	330.024 	3 	10
8009000000000 8009100000152 	73200126838 202303956036 594282 	73199532556 594282 0 0 0 	16317034 594282 0 	330.335 	3 	10
8028200000000 8028300000152 	73400127142 202870413778 627833 	73399499309 627833 0 0 0 	17278544 627833 0 	330.646 	3 	10
8047400000000 8047500000152 	73600127446 203436958215 660818 	73599466628 660818 0 0 0 	18226602 660818 0 	330.955 	3 	10
8066600000000 8066700000152 	73800127750 204003456904 692772 	73799434978 692772 0 0 0 	19138502 692772 0 	331.263 	3 	10
8085800000000 8085900000000 	74000127750 204570012651 724467 	73999403283 724467 0 0 0 	20052136 724467 0 	331.566 	3 	10
8105000000000 8105100000000 	74200127750 205136622311 754931 	74199372819 754931 0 0 0 	20932047 754931 0 	331.867 	3 	10
8124200000000 8124300000000 	74400127750 205703357238 785060 	74399342690 785060 0 0 0 	21805398 785060 0 	332.167 	3 	10
8143400000000 8143500000048 	74600127846 206270068186 814663 	74599313183 814663 0 0 0 	22654613 814663 0 	332.462 	3 	10
8162600000000 8162700000048 	74800127942 206836775113 843645 	74799284297 843645 0 0 0 	23483176 843645 0 	332.755 	3 	10
8181800000000 8181900000048 	75000128038 207403582073 871814 	74999256224 871814 0 0 0 	24296764 871814 0 	333.047 	3 	10
8201000000000 8201100000476 	75200128990 207970403619 899695 	75199229295 899695 0 0 0 	25092729 899695 0 	333.334 	3 	10
8220200000000 8220300000476 	75400129942 208537187231 926862 	75399203080 926862 0 0 0 	25868742 926862 0 	333.619 	3 	10
8239400000000 8239500000476 	75600130894 209104124415 953390 	75599177504 953390 0 0 0 	26629008 953390 0 	333.903 	3 	10
8258600000000 8258700000011 	75800130916 209671072665 979430 	75799151486 979430 0 0 0 	27384744 979430 0 	334.183 	3 	10
8277800000000 8277900000011 	76000130938 210238006458 1004771 	75999126167 1004771 0 0 0 	28109446 1004771 0 	334.462 	3 	10
8297000000000 8297100000011 	76200130960 210804986578 1029717 	76199101243 1029717 0 0 0 	28826700 1029717 0 	334.739 	3 	10
8316200000000 8316300000011 	76400130982 211372037453 1054498 	76399076484 1054498 0 0 0 	29540407 1054498 0 	335.016 	3 	10
8335400000000 8335500000210 	76600131402 211939128056 1078631 	76599052771 1078631 0 0 0 	30232525 1078631 0 	335.287 	3 	10
8354600000000 8354700000210 	76800131822 212506256326 1102231 	76799029591 1102231 0 0 0 	30905814 1102231 0 	335.557 	3 	10
8373800000000 8373900000210 	77000132242 213073379333 1125193 	76999007049 1125193 0 0 0 	31565129 1125193 0 	335.825 	3 	10
8393000000000 8393100000381 	77200133004 213640615240 1147846 	77198985158 1147846 0 0 0 	32214552 1147846 0 	336.088 	3 	10
8412200000000 8412300000381 	77400133766 214207880972 1170077 	77398963689 1170077 0 0 0 	32854586 1170077 0 	336.35 	3 	10
8431400000000 8431500000200 	77600134166 214774996000 1170168 	77598963998 1170168 0 0 0 	32857306 1170168 0 	336.245 	3 	10
8450600000000 8450700000200 	77800134566 215342179407 1170247 	77798964319 1170247 0 0 0 	32859703 1170247 0 	336.141 	3 	10
8469800000000 8469900000251 	78000135068 215909344624 1170328 	77998964740 1170328 0 0 0 	32861838 1170328 0 	336.034 	3 	10
8489000000000 8489100000251 	78200135570 216476630605 1170399 	78198965171 1170399 0 0 0 	32863618 1170399 0 	335.927 	3 	10
8508200000000 8508300000197 	78400135964 217043924314 1170466 	78398965498 1170466 0 0 0 	32865670 1170466 0 	335.815 	3 	10
8527400000000 8527500000197 	78600136358 217611255265 1170527 	78598965831 1170527 0 0 0 	32867380 1170527 0 	335.703 	3 	10
8546600000000 8546700000048 	78800136454 218178562726 1170594 	78798965860 1170594 0 0 0 	32869627 1170594 0 	335.589 	3 	10
8565800000000 8565900000048 	79000136550 218745936011 1170668 	78998965882 1170668 0 0 0 	32871570 1170668 0 	335.475 	3 	10
8585000000000 8585100000280 	79200137110 219313380116 1170738 	79198966372 1170738 0 0 0 	32873907 1170738 0 	335.359 	3 	10
8604200000000 8604300000280 	79400137670 219880891665 1170794 	79398966876 1170794 0 0 0 	32875367 1170794 0 	335.244 	3 	10
8623400000000 8623500000021 	79600137712 220448383721 1170860 	79598966852 1170860 0 0 0 	32877142 1170860 0 	335.122 	3 	10
8642600000000 8642700000021 	79800137754 221015950353 1170925 	79798966829 1170925 0 0 0 	32878751 1170925 0 	335.002 	3 	10
8661800000000 8661900000072 	80000137898 221583588218 1170983 	79998966915 1170983 0 0 0 	32880273 1170983 0 	334.878 	3 	10
8681000000000 8681100000072 	80200138042 222151297980 1171031 	80198967011 1171031 0 0 0 	32881610 1171031 0 	334.756 	3 	10
8700200000000 8700300000113 	80400138268 222718984050 1171092 	80398967176 1171092 0 0 0 	32883528 1171092 0 	334.631 	3 	10
8719400000000 8719500000113 	80600138494 223286744541 1171135 	80598967359 1171135 0 0 0 	32884767 1171135 0 	334.506 	3 	10
8738600000000 8738700000069 	80800138632 223854526496 1171191 	80798967441 1171191 0 0 0 	32886320 1171191 0 	334.376 	3 	10
8757800000000 8757900000069 	81000138770 224422402424 1171234 	80998967536 1171234 0 0 0 	32887662 1171234 0 	334.246 	3 	10
8777000000000 8777100000224 	81200139218 224990339454 1171281 	81198967937 1171281 0 0 0 	32888926 1171281 0 	334.114 	3 	10
8796200000000 8796300000224 	81400139666 225558279521 1171333 	81398968333 1171333 0 0 0 	32890777 1171333 0 	333.983 	3 	10
8815400000000 8815500000271 	81600140208 226126217829 1171377 	81598968831 1171377 0 0 0 	32891899 1171377 0 	333.849 	3 	10
8834600000000 8834700000271 	81800140750 226694252465 1171415 	81798969335 1171415 0 0 0 	32892863 1171415 0 	333.715 	3 	10
8853800000000 8853900000186 	82000141122 227262314746 1171458 	81998969664 1171458 0 0 0 	32894040 1171458 0 	333.58 	3 	10
8873000000000 8873100000186 	82200141494 227830447433 1171494 	82198970000 1171494 0 0 0 	32895063 1171494 0 	333.445 	3 	10
8892200000000 8892300000092 	82400141678 228398622283 1171530 	82398970148 1171530 0 0 0 	32895796 1171530 0 	333.304 	3 	10
8911400000000 8911500000092 	82600141862 228966747014 1171561 	82598970301 1171561 0 0 0 	32896714 1171561 0 	333.164 	3 	10
8930600000000 8930700000031 	82800141924 229534970137 1171596 	82798970328 1171596 0 0 0 	32897793 1171596 0 	333.021 	3 	10
8949800000000 8949900000031 	83000141986 230103201047 1171632 	82998970354 1171632 0 0 0 	32898789 1171632 0 	332.88 	3 	10
8969000000000 8969100000020 	83200142026 230671525361 1171660 	83198970366 1171660 0 0 0 	32899680 1171660 0 	332.735 	3 	10
8988200000000 8988300000020 	83400142066 231239855926 1171704 	83398970362 1171704 0 0 0 	32900793 1171704 0 	332.592 	3 	10
9007400000000 9007500000032 	83600142130 231808204342 1171740 	83598970390 1171740 0 0 0 	32901605 1171740 0 	332.446 	3 	10
9026600000000 9026700000032 	83800142194 232376648970 1171775 	83798970419 1171775 0 0 0 	32902382 1171775 0 	332.3 	3 	10
9045800000000 9045900000040 	84000142274 232945122421 1171801 	83998970473 1171801 0 0 0 	32903050 1171801 0 	332.153 	3 	10
9065000000000 9065100000040 	84200142354 233513606656 1171831 	84198970523 1171831 0 0 0 	32903684 1171831 0 	332.006 	3 	10
9084200000000 9084300000214 	84400142782 234082170858 1171855 	84398970927 1171855 0 0 0 	32904312 1171855 0 	331.853 	3 	10
9103400000000 9103500000214 	84600143210 234650735342 1171886 	84598971324 1171886 0 0 0 	32905159 1171886 0 	331.701 	3 	10
9122600000000 9122700000047 	84800143304 235219418125 1171905 	84798971399 1171905 0 0 0 	32905646 1171905 0 	331.547 	3 	10
9141800000000 9141900000047 	85000143398 235788100330 1171927 	84998971471 1171927 0 0 0 	32906340 1171927 0 	331.393 	3 	10
9161000000000 9161100000044 	85200143486 236356759660 1171948 	85198971538 1171948 0 0 0 	32906769 1171948 0 	331.237 	3 	10
9180200000000 9180300000044 	85400143574 236925531032 1171971 	85398971603 1171971 0 0 0 	32907566 1171971 0 	331.082 	3 	10
9199400000000 9199500000175 	85600143924 237494296600 1171995 	85598971929 1171995 0 0 0 	32908075 1171995 0 	330.924 	3 	10
9218600000000 9218700000175 	85800144274 238063165141 1172014 	85798972260 1172014 0 0 0 	32908583 1172014 0 	330.768 	3 	10
9237800000000 9237900000136 	86000144546 238632039082 1172030 	85998972516 1172030 0 0 0 	32909029 1172030 0 	330.608 	3 	10
9257000000000 9257100000136 	86200144818 239200984149 1172048 	86198972770 1172048 0 0 0 	32909488 1172048 0 	330.45 	3 	10
9276200000000 9276300000173 	86400145164 239769946529 1172070 	86398973094 1172070 0 0 0 	32910240 1172070 0 	330.289 	3 	10
9295400000000 9295500000173 	86600145510 240338933365 1172094 	86598973416 1172094 0 0 0 	32910994 1172094 0 	330.129 	3 	10
9314600000000 9314700000084 	86800145678 240907990058 1172109 	86798973569 1172109 0 0 0 	32911695 1172109 0 	329.963 	3 	10
9333800000000 9333900000084 	87000145846 241477109408 1172130 	86998973716 1172130 0 0 0 	32912223 1172130 0 	329.798 	3 	10
9353000000000 9353100000170 	87200146186 242046181195 1172147 	87198974039 1172147 0 0 0 	32912676 1172147 0 	329.631 	3 	10
9372200000000 9372300000170 	87400146526 242615332939 1172162 	87398974364 1172162 0 0 0 	32913102 1172162 0 	329.464 	3 	10
9391400000000 9391500000212 	87600146950 243184529178 1172178 	87598974772 1172178 0 0 0 	32913457 1172178 0 	329.295 	3 	10
9410600000000 9410700000212 	87800147374 243753713695 1172190 	87798975184 1172190 0 0 0 	32913916 1172190 0 	329.127 	3 	10
9429800000000 9429900000180 	88000147734 244323041656 1172201 	87998975533 1172201 0 0 0 	32914067 1172201 0 	328.957 	3 	10
9449000000000 9449100000180 	88200148094 244892335111 1172220 	88198975874 1172220 0 0 0 	32914523 1172220 0 	328.787 	3 	10
9468200000000 9468300000044 	88400148182 245461650180 1172231 	88398975951 1172231 0 0 0 	32914823 1172231 0 	328.615 	3 	10
9487400000000 9487500000044 	88600148270 246031003707 1172239 	88598976031 1172239 0 0 0 	32915082 1172239 0 	328.444 	3 	10
9506600000000 9506700000040 	88800148350 246600431354 1172254 	88798976096 1172254 0 0 0 	32915499 1172254 0 	328.27 	3 	10
9525800000000 9525900000040 	89000148430 247169838632 1172263 	88998976167 1172263 0 0 0 	32915695 1172263 0 	328.098 	3 	10
9545000000000 9545100000135 	89200148700 247739358423 1172272 	89198976428 1172272 0 0 0 	32915901 1172272 0 	327.923 	3 	10
9564200000000 9564300000135 	89400148970 248308885801 1172286 	89398976684 1172286 0 0 0 	32916273 1172286 0 	327.749 	3 	10
9583400000000 9583500000032 	89600149034 248878464181 1172296 	89598976738 1172296 0 0 0 	32916480 1172296 0 	327.572 	3 	10
9602600000000 9602700000032 	89800149098 249448082772 1172305 	89798976793 1172305 0 0 0 	32916941 1172305 0 	327.396 	3 	10
9621800000000 9621900000227 	90000149552 250017759982 1172317 	89998977235 1172317 0 0 0 	32917176 1172317 0 	327.218 	3 	10
9641000000000 9641100000227 	90200150006 250587478403 1172327 	90198977679 1172327 0 0 0 	32917488 1172327 0 	327.041 	3 	10
9660200000000 9660300000160 	90400150326 251157189540 1172336 	90398977990 1172336 0 0 0 	32917772 1172336 0 	326.862 	3 	10
9679400000000 9679500000160 	90600150646 251726984674 1172347 	90598978299 1172347 0 0 0 	32917997 1172347 0 	326.683 	3 	10
9698600000000 9698700000062 	90800150770 252296842907 1172353 	90798978417 1172353 0 0 0 	32918240 1172353 0 	326.502 	3 	10
9717800000000 9717900000062 	91000150894 252866677615 1172363 	90998978531 1172363 0 0 0 	32918554 1172363 0 	326.322 	3 	10
9737000000000 9737100000160 	91200151214 253436567442 1172369 	91198978845 1172369 0 0 0 	32918826 1172369 0 	326.14 	3 	10
9756200000000 9756300000160 	91400151534 254006409849 1172380 	91398979154 1172380 0 0 0 	32919384 1172380 0 	325.958 	3 	10
9775400000000 9775500000159 	91600151852 254576386210 1172385 	91598979467 1172385 0 0 0 	32919576 1172385 0 	325.775 	3 	10
9794600000000 9794700000159 	91800152170 255146352709 1172396 	91798979774 1172396 0 0 0 	32919950 1172396 0 	325.592 	3 	10
9813800000000 9813900000159 	92000152488 255716384647 1172403 	91998980085 1172403 0 0 0 	32920200 1172403 0 	325.41 	3 	10
9833000000000 9833100000026 	92200152540 256286393943 1172410 	92198980130 1172410 0 0 0 	32920306 1172410 0 	325.225 	3 	10
9852200000000 9852300000026 	92400152592 256856542968 1172419 	92398980173 1172419 0 0 0 	32920654 1172419 0 	325.042 	3 	10
9871400000000 9871500000242 	92600153076 257426586359 1172427 	92598980649 1172427 0 0 0 	32920905 1172427 0 	324.856 	3 	10
9890600000000 9890700000242 	92800153560 257996815279 1172431 	92798981129 1172431 0 0 0 	32921145 1172431 0 	324.672 	3 	10
9909800000000 9909900000000 	93000153560 258567029734 1172437 	92998981123 1172437 0 0 0 	32921345 1172437 0 	324.484 	3 	10
9929000000000 9929100000000 	93200153560 259137256926 1172445 	93198981115 1172445 0 0 0 	32921505 1172445 0 	324.298 	3 	10
9948200000000 9948300000035 	93400153630 259707550383 1172455 	93398981175 1172455 0 0 0 	32921987 1172455 0 	324.11 	3 	10
9967400000000 9967500000035 	93600153700 260277897728 1172465 	93598981235 1172465 0 0 0 	32922331 1172465 0 	323.922 	3 	10
9986600000000 9986700000054 	93800153808 260848251571 1172473 	93798981335 1172473 0 0 0 	32922470 1172473 0 	323.732 	3 	10
