1001800000000 1001900000135 	200000270 526549813 4 	200000266 4 0 0 0 	115 4 0 	265 	3 	18
1021000000000 1021100000160 	400000590 1053446631 5 	400000585 5 0 0 0 	135 5 0 	262.476 	3 	18
1040200000000 1040300000000 	600000590 1580689390 7 	600000583 7 0 0 0 	186 7 0 	260.281 	3 	18
1059400000000 1059500000000 	800000590 2108455518 15923 	799984667 15923 0 0 0 	423608 15923 0 	295.727 	3 	18
1078600000000 1078700000476 	1000001542 2636488294 29278 	999972264 29278 0 0 0 	780722 29278 0 	321.368 	3 	18
1097800000000 1097900000210 	1200001962 3164869909 40543 	1199961419 40543 0 0 0 	1084460 40543 0 	340.515 	3 	18
1117000000000 1117100000254 	1400002470 3693579630 50123 	1399952347 50123 0 0 0 	1337629 50123 0 	354.788 	3 	18
1136200000000 1136300000072 	1600002614 4222510440 50132 	1599952482 50132 0 0 0 	1337828 50132 0 	345.502 	3 	18
1155400000000 1155500000271 	1800003156 4751797540 50139 	1799953017 50139 0 0 0 	1337982 50139 0 	337.85 	3 	18
1174600000000 1174700000020 	2000003196 5281348067 50151 	1999953045 50151 0 0 0 	1338395 50151 0 	331.289 	3 	18
1193800000000 1193900000214 	2200003624 5811218315 50156 	2199953468 50156 0 0 0 	1338534 50156 0 	325.615 	3 	18
1213000000000 1213100000136 	2400003896 6341439737 50161 	2399953735 50161 0 0 0 	1338645 50161 0 	320.582 	3 	18
1232200000000 1232300000212 	2600004320 6871932125 50167 	2599954153 50167 0 0 0 	1338740 50167 0 	315.922 	3 	18
1251400000000 1251500000135 	2800004590 7402724915 50168 	2799954422 50168 0 0 0 	1338746 50168 0 	311.645 	3 	18
1270600000000 1270700000160 	3000004910 7933760991 50171 	2999954739 50171 0 0 0 	1338836 50171 0 	307.757 	3 	18
1289800000000 1289900000026 	3200004962 8465142407 50172 	3199954790 50172 0 0 0 	1338884 50172 0 	304.092 	3 	18
1309000000000 1309100000054 	3400005070 8996728873 50177 	3399954893 50177 0 0 0 	1338953 50177 0 	300.604 	3 	18
1328200000000 1328300000000 	3600005070 9528759302 66780 	3599938290 66780 0 0 0 	1787309 66780 0 	307.415 	3 	18
1347400000000 1347500000476 	3800006022 10061064584 81192 	3799924830 81192 0 0 0 	2173488 81192 0 	313.608 	3 	18
1366600000000 1366700000210 	4000006442 10593606384 94161 	3999912281 94161 0 0 0 	2522546 94161 0 	319.249 	3 	18
1385800000000 1385900000468 	4200007378 11126360841 105333 	4199902045 105333 0 0 0 	2825271 105333 0 	324.379 	3 	18
1405000000000 1405100000365 	4400008108 11659453782 115186 	4399892922 115186 0 0 0 	3089291 115186 0 	329.035 	3 	18
1424200000000 1424300000352 	4600008812 12192806244 123701 	4599885111 123701 0 0 0 	3316252 123701 0 	333.249 	3 	18
1443400000000 1443500000120 	4800009052 12726379334 131244 	4799877808 131244 0 0 0 	3518352 131244 0 	337.142 	3 	18
1462600000000 1462700000355 	5000009762 13260175120 137749 	4999872013 137749 0 0 0 	3691741 137749 0 	340.672 	3 	18
1481800000000 1481900000320 	5200010402 13794194986 143528 	5199866874 143528 0 0 0 	3847733 143528 0 	343.84 	3 	18
1501000000000 1501100000290 	5400010982 14328476453 148684 	5399862298 148684 0 0 0 	3987899 148684 0 	346.691 	3 	18
1520200000000 1520300000088 	5600011158 14863005464 153180 	5599857978 153180 0 0 0 	4111878 153180 0 	349.246 	3 	18
1539400000000 1539500000189 	5800011536 15397775347 157002 	5799854534 157002 0 0 0 	4215205 157002 0 	351.546 	3 	18
1558600000000 1558700000375 	6000012286 15932801649 160330 	5999851956 160330 0 0 0 	4307702 160330 0 	353.583 	3 	18
1577800000000 1577900000320 	6200012926 16467997100 163327 	6199849599 163327 0 0 0 	4389818 163327 0 	355.396 	3 	18
1597000000000 1597100000160 	6400013246 17003421765 163331 	6399849915 163331 0 0 0 	4389967 163331 0 	351.367 	3 	18
1616200000000 1616300000242 	6600013730 17539061374 163334 	6599850396 163334 0 0 0 	4390067 163334 0 	347.5 	3 	18
1635400000000 1635500000054 	6800013838 18074880194 163335 	6799850503 163335 0 0 0 	4390072 163335 0 	343.778 	3 	18
1654600000000 1654700000000 	7000013838 18611091308 182089 	6999831749 182089 0 0 0 	4895252 182089 0 	346.875 	3 	18
1673800000000 1673900000048 	7200013934 19147522996 198356 	7199815578 198356 0 0 0 	5334791 198356 0 	349.796 	3 	18
1693000000000 1693100000011 	7400013956 19684189461 213490 	7399800466 213490 0 0 0 	5745716 213490 0 	352.508 	3 	18
1712200000000 1712300000210 	7600014376 20221038201 226818 	7599787558 226818 0 0 0 	6108734 226818 0 	355.061 	3 	18
1731400000000 1731500000468 	7800015312 20758080956 238997 	7799776315 238997 0 0 0 	6440989 238997 0 	357.418 	3 	18
1750600000000 1750700000254 	8000015820 21295287189 250023 	7999765797 250023 0 0 0 	6744759 250023 0 	359.629 	3 	18
1769800000000 1769900000368 	8200016556 21832741709 259963 	8199756593 259963 0 0 0 	7014551 259963 0 	361.672 	3 	18
1789000000000 1789100000352 	8400017260 22370445815 268732 	8399748528 268732 0 0 0 	7251427 268732 0 	363.581 	3 	18
1808200000000 1808300000178 	8600017616 22908318529 276775 	8599740841 276775 0 0 0 	7465841 276775 0 	365.333 	3 	18
1827400000000 1827500000355 	8800018326 23446368920 283903 	8799734423 283903 0 0 0 	7659512 283903 0 	366.976 	3 	18
1846600000000 1846700000320 	9000018966 23984559715 290313 	8999728653 290313 0 0 0 	7831252 290313 0 	368.457 	3 	18
1865800000000 1865900000400 	9200019766 24522996998 296221 	9199723545 296221 0 0 0 	7992282 296221 0 	369.84 	3 	18
1885000000000 1885100000249 	9400020264 25061604418 301466 	9399718798 301466 0 0 0 	8138727 301466 0 	371.084 	3 	18
1904200000000 1904300000088 	9600020440 25600359226 306131 	9599714309 306131 0 0 0 	8264686 306131 0 	372.238 	3 	18
1923400000000 1923500000189 	9800020818 26139340664 310379 	9799710439 310379 0 0 0 	8380766 310379 0 	373.277 	3 	18
1942600000000 1942700000060 	10000020938 26678514568 314225 	9999706713 314225 0 0 0 	8486203 314225 0 	374.234 	3 	18
1961800000000 1961900000074 	10200021086 27217865724 317624 	10199703462 317624 0 0 0 	8580892 317624 0 	375.066 	3 	18
1981000000000 1981100000320 	10400021726 27757388991 320620 	10399701106 320620 0 0 0 	8659879 320620 0 	375.84 	3 	18
2000200000000 2000300000044 	10600021814 28297076596 323375 	10599698439 323375 0 0 0 	8733791 323375 0 	376.495 	3 	18
2019400000000 2019500000228 	10800022270 28836920700 325890 	10799696380 325890 0 0 0 	8801626 325890 0 	377.096 	3 	18
2038600000000 2038700000307 	11000022884 29377000718 328205 	10999694679 328205 0 0 0 	8864566 328205 0 	377.601 	3 	18
2057800000000 2057900000100 	11200023084 29917246652 330165 	11199692919 330165 0 0 0 	8919969 330165 0 	378.042 	3 	18
2077000000000 2077100000173 	11400023430 30457696478 331950 	11399691480 331950 0 0 0 	8969557 331950 0 	378.391 	3 	18
2096200000000 2096300000330 	11600024090 30998260264 333595 	11599690495 333595 0 0 0 	9014563 333595 0 	378.697 	3 	18
2115400000000 2115500000376 	11800024842 31539065155 335086 	11799689756 335086 0 0 0 	9055018 335086 0 	378.915 	3 	18
2134600000000 2134700000290 	12000025422 32080068900 336377 	11999689045 336377 0 0 0 	9089038 336377 0 	379.094 	3 	18
2153800000000 2153900000285 	12200025992 32621138125 337535 	12199688457 337535 0 0 0 	9120374 337535 0 	379.19 	3 	18
2173000000000 2173100000151 	12400026294 33162409053 338579 	12399687715 338579 0 0 0 	9151363 338579 0 	379.25 	3 	18
2192200000000 2192300000278 	12600026850 33703942379 339562 	12599687288 339562 0 0 0 	9178724 339562 0 	379.23 	3 	18
2211400000000 2211500000368 	12800027586 34245674969 350453 	12799677133 350453 0 0 0 	9478354 350453 0 	380.358 	3 	18
2230600000000 2230700000352 	13000028290 34787530072 360285 	12999668005 360285 0 0 0 	9749414 360285 0 	381.416 	3 	18
2249800000000 2249900000120 	13200028530 35329545283 369342 	13199659188 369342 0 0 0 	9998178 369342 0 	382.416 	3 	18
2269000000000 2269100000178 	13400028886 35871730567 377673 	13399651213 377673 0 0 0 	10223803 377673 0 	383.36 	3 	18
2288200000000 2288300000230 	13600029346 36414070812 385319 	13599644027 385319 0 0 0 	10434655 385319 0 	384.207 	3 	18
2307400000000 2307500000320 	13800029986 36956541997 392369 	13799637617 392369 0 0 0 	10624711 392369 0 	385.002 	3 	18
2326600000000 2326700000400 	14000030786 37499240443 398787 	13999631999 398787 0 0 0 	10798652 398787 0 	385.745 	3 	18
2345800000000 2345900000290 	14200031366 38042059222 404741 	14199626625 404741 0 0 0 	10958426 404741 0 	386.438 	3 	18
2365000000000 2365100000249 	14400031864 38584999139 410235 	14399621629 410235 0 0 0 	11111650 410235 0 	387.081 	3 	18
2384200000000 2384300000110 	14600032084 39128080083 415264 	14599616820 415264 0 0 0 	11250913 415264 0 	387.655 	3 	18
2403400000000 2403500000189 	14800032462 39671303305 419844 	14799612618 419844 0 0 0 	11379601 419844 0 	388.183 	3 	18
2422600000000 2422700000060 	15000032582 40214708455 424006 	14999608576 424006 0 0 0 	11493325 424006 0 	388.665 	3 	18
2441800000000 2441900000375 	15200033332 40758235598 427906 	15199605426 427906 0 0 0 	11604139 427906 0 	389.103 	3 	18
2461000000000 2461100000074 	15400033480 41301938249 431598 	15399601882 431598 0 0 0 	11708480 431598 0 	389.497 	3 	18
2480200000000 2480300000353 	15600034186 41845754606 434929 	15599599257 434929 0 0 0 	11801480 434929 0 	389.827 	3 	18
2499400000000 2499500000044 	15800034274 42389752418 437990 	15799596284 437990 0 0 0 	11885681 437990 0 	390.115 	3 	18
2518600000000 2518700000228 	16000034730 42933902866 440898 	15999593832 440898 0 0 0 	11965261 440898 0 	390.374 	3 	18
2537800000000 2537900000091 	16200034912 43478172452 443571 	16199591341 443571 0 0 0 	12041016 443571 0 	390.594 	3 	18
2557000000000 2557100000307 	16400035526 44022573032 445995 	16399589531 445995 0 0 0 	12110485 445995 0 	390.786 	3 	18
2576200000000 2576300000314 	16600036154 44567109498 448166 	16599587988 448166 0 0 0 	12171176 448166 0 	390.917 	3 	18
2595400000000 2595500000173 	16800036500 45111812884 450192 	16799586308 450192 0 0 0 	12226934 450192 0 	391.012 	3 	18
2614600000000 2614700000330 	17000037160 45656616075 452040 	16999585120 452040 0 0 0 	12277998 452040 0 	391.081 	3 	18
2633800000000 2633900000352 	17200037864 46201564372 453803 	17199584061 453803 0 0 0 	12327441 453803 0 	391.115 	3 	18
2653000000000 2653100000376 	17400038616 46746724924 455446 	17399583170 455446 0 0 0 	12373765 455446 0 	391.125 	3 	18
2672200000000 2672300000026 	17600038668 47291961993 456957 	17599581711 456957 0 0 0 	12415492 456957 0 	391.078 	3 	18
2691400000000 2691500000285 	17800039238 47837343159 458270 	17799580968 458270 0 0 0 	12451717 458270 0 	391.008 	3 	18
2710600000000 2710700000151 	18000039540 48382891514 459459 	17999580081 459459 0 0 0 	12485702 459459 0 	390.917 	3 	18
2729800000000 2729900000308 	18200040156 48928581857 460585 	18199579571 460585 0 0 0 	12517558 460585 0 	390.806 	3 	18
2749000000000 2749100000208 	18400040572 49474396939 461609 	18399578963 461609 0 0 0 	12546066 461609 0 	390.638 	3 	18
2768200000000 2768300000120 	18600040812 50020252878 462576 	18599578236 462576 0 0 0 	12574170 462576 0 	390.452 	3 	18
2787400000000 2787500000296 	18800041404 50566324462 463458 	18799577946 463458 0 0 0 	12596928 463458 0 	390.246 	3 	18
2806600000000 2806700000270 	19000041944 51112544952 464300 	18999577644 464300 0 0 0 	12620088 464300 0 	390.021 	3 	18
2825800000000 2825900000320 	19200042584 51658874327 465026 	19199577558 465026 0 0 0 	12639825 465026 0 	389.778 	3 	18
2845000000000 2845100000264 	19400043112 52205283812 465704 	19399577408 465704 0 0 0 	12658436 465704 0 	389.494 	3 	18
2864200000000 2864300000328 	19600043768 52751850992 466337 	19599577431 466337 0 0 0 	12676291 466337 0 	389.192 	3 	18
2883400000000 2883500000080 	19800043928 53298526039 466929 	19799576999 466929 0 0 0 	12692768 466929 0 	388.874 	3 	18
2902600000000 2902700000140 	20000044208 53845276539 467446 	19999576762 467446 0 0 0 	12707376 467446 0 	388.539 	3 	18
2921800000000 2921900000044 	20200044296 54392202897 467936 	20199576360 467936 0 0 0 	12721551 467936 0 	388.187 	3 	18
2941000000000 2941100000032 	20400044360 54939275481 468431 	20399575929 468431 0 0 0 	12734293 468431 0 	387.796 	3 	18
2960200000000 2960300000250 	20600044860 55486440138 468843 	20599576017 468843 0 0 0 	12745487 468843 0 	387.39 	3 	18
2979400000000 2979500000236 	20800045332 56033700181 469216 	20799576116 469216 0 0 0 	12755677 469216 0 	386.969 	3 	18
2998600000000 2998700000228 	21000045788 56581136960 469569 	20999576219 469569 0 0 0 	12765798 469569 0 	386.533 	3 	18
3017800000000 3017900000112 	21200046012 57128634581 469899 	21199576113 469899 0 0 0 	12774929 469899 0 	386.083 	3 	18
3037000000000 3037100000296 	21400046604 57676283761 470184 	21399576420 470184 0 0 0 	12782365 470184 0 	385.606 	3 	18
3056200000000 3056300000254 	21600047112 58224112767 470438 	21599576674 470438 0 0 0 	12789837 470438 0 	385.116 	3 	18
3075400000000 3075500000032 	21800047176 58772063527 470706 	21799576470 470706 0 0 0 	12797169 470706 0 	384.612 	3 	18
3094600000000 3094700000320 	22000047816 59320133247 474339 	21999573477 474339 0 0 0 	12897150 474339 0 	384.907 	3 	18
3113800000000 3113900000353 	22200048522 59868312599 477825 	22199570697 477825 0 0 0 	12992946 477825 0 	385.174 	3 	18
3133000000000 3133100000044 	22400048610 60416644149 481058 	22399567552 481058 0 0 0 	13084619 481058 0 	385.414 	3 	18
3152200000000 3152300000228 	22600049066 60965057491 484077 	22599564989 484077 0 0 0 	13167468 484077 0 	385.634 	3 	18
3171400000000 3171500000091 	22800049248 61513554464 486907 	22799562341 486907 0 0 0 	13247979 486907 0 	385.827 	3 	18
3190600000000 3190700000307 	23000049862 62062206100 489617 	22999560245 489617 0 0 0 	13323222 489617 0 	386.002 	3 	18
3209800000000 3209900000100 	23200050062 62610914954 492168 	23199557894 492168 0 0 0 	13392456 492168 0 	386.15 	3 	18
3229000000000 3229100000314 	23400050690 63159782578 494463 	23399556227 494463 0 0 0 	13455463 494463 0 	386.28 	3 	18
3248200000000 3248300000173 	23600051036 63708770958 496692 	23599554344 496692 0 0 0 	13516012 496692 0 	386.385 	3 	18
3267400000000 3267500000330 	23800051696 64257825515 498780 	23799552916 498780 0 0 0 	13573580 498780 0 	386.472 	3 	18
3286600000000 3286700000352 	24000052400 64807036312 500743 	23999551657 500743 0 0 0 	13625846 500743 0 	386.533 	3 	18
3305800000000 3305900000376 	24200053152 65356379089 502521 	24199550631 502521 0 0 0 	13674101 502521 0 	386.578 	3 	18
3325000000000 3325100000290 	24400053732 65905765933 504162 	24399549570 504162 0 0 0 	13719323 504162 0 	386.606 	3 	18
3344200000000 3344300000026 	24600053784 66455268909 505794 	24599547990 505794 0 0 0 	13763870 505794 0 	386.609 	3 	18
3363400000000 3363500000285 	24800054354 67004904356 507280 	24799547074 507280 0 0 0 	13806104 507280 0 	386.596 	3 	18
3382600000000 3382700000151 	25000054656 67554638248 508669 	24999545987 508669 0 0 0 	13845271 508669 0 	386.567 	3 	18
3401800000000 3401900000308 	25200055272 68104492806 510020 	25199545252 510020 0 0 0 	13881788 510020 0 	386.522 	3 	18
3421000000000 3421100000278 	25400055828 68654408559 511262 	25399544566 511262 0 0 0 	13918393 511262 0 	386.453 	3 	18
3440200000000 3440300000208 	25600056244 69204426256 512421 	25599543823 512421 0 0 0 	13952242 512421 0 	386.369 	3 	18
3459400000000 3459500000120 	25800056484 69754589274 513446 	25799543038 513446 0 0 0 	13980676 513446 0 	386.27 	3 	18
3478600000000 3478700000296 	26000057076 70304840066 514457 	25999542619 514457 0 0 0 	14009282 514457 0 	386.156 	3 	18
3497800000000 3497900000270 	26200057616 70855279248 515445 	26199542171 515445 0 0 0 	14036211 515445 0 	386.028 	3 	18
3517000000000 3517100000320 	26400058256 71405738392 516311 	26399541945 516311 0 0 0 	14059978 516311 0 	385.885 	3 	18
3536200000000 3536300000350 	26600058956 71956286804 517151 	26599541805 517151 0 0 0 	14083928 517151 0 	385.727 	3 	18
3555400000000 3555500000264 	26800059484 72506926203 517896 	26799541588 517896 0 0 0 	14105315 517896 0 	385.555 	3 	18
3574600000000 3574700000264 	27000060012 73057680545 518550 	26999541462 518550 0 0 0 	14123012 518550 0 	385.386 	3 	18
3593800000000 3593900000328 	27200060668 73608567705 519237 	27199541431 519237 0 0 0 	14142732 519237 0 	385.203 	3 	18
3613000000000 3613100000080 	27400060828 74159518850 519832 	27399540996 519832 0 0 0 	14159439 519832 0 	385.006 	3 	18
3632200000000 3632300000140 	27600061108 74710606027 520450 	27599540658 520450 0 0 0 	14177442 520450 0 	384.796 	3 	18
3651400000000 3651500000044 	27800061196 75261773124 520969 	27799540227 520969 0 0 0 	14191562 520969 0 	384.572 	3 	18
3670600000000 3670700000044 	28000061284 75813012981 521492 	27999539792 521492 0 0 0 	14206239 521492 0 	384.335 	3 	18
3689800000000 3689900000032 	28200061348 76364439625 521969 	28199539379 521969 0 0 0 	14218382 521969 0 	384.085 	3 	18
3709000000000 3709100000250 	28400061848 76915921834 522403 	28399539445 522403 0 0 0 	14230747 522403 0 	383.822 	3 	18
3728200000000 3728300000236 	28600062320 77467543078 522852 	28599539468 522852 0 0 0 	14242492 522852 0 	383.546 	3 	18
3747400000000 3747500000228 	28800062776 78019188529 523265 	28799539511 523265 0 0 0 	14255179 523265 0 	383.257 	3 	18
3766600000000 3766700000112 	29000063000 78570967658 523620 	28999539380 523620 0 0 0 	14265295 523620 0 	382.955 	3 	18
3785800000000 3785900000278 	29200063556 79122894330 523959 	29199539597 523959 0 0 0 	14274220 523959 0 	382.65 	3 	18
3805000000000 3805100000296 	29400064148 79674860166 524312 	29399539836 524312 0 0 0 	14284011 524312 0 	382.333 	3 	18
3824200000000 3824300000254 	29600064656 80226931670 524646 	29599540010 524646 0 0 0 	14293598 524646 0 	382.003 	3 	18
3843400000000 3843500000032 	29800064720 80779045234 524930 	29799539790 524930 0 0 0 	14300700 524930 0 	381.661 	3 	18
3862600000000 3862700000320 	30000065360 81331283425 525180 	29999540180 525180 0 0 0 	14307391 525180 0 	381.315 	3 	18
3881800000000 3881900000268 	30200065896 81883605534 525430 	30199540466 525430 0 0 0 	14314175 525430 0 	380.958 	3 	18
3901000000000 3901100000060 	30400066016 82436022540 525647 	30399540369 525647 0 0 0 	14321156 525647 0 	380.588 	3 	18
3920200000000 3920300000230 	30600066476 82988534494 525862 	30599540614 525862 0 0 0 	14327287 525862 0 	380.207 	3 	18
3939400000000 3939500000208 	30800066892 83541160221 526061 	30799540831 526061 0 0 0 	14333052 526061 0 	379.824 	3 	18
3958600000000 3958700000197 	31000067286 84093901270 526253 	30999541033 526253 0 0 0 	14337969 526253 0 	379.428 	3 	18
3977800000000 3977900000174 	31200067634 84646723744 526450 	31199541184 526450 0 0 0 	14343862 526450 0 	379.03 	3 	18
3997000000000 3997100000008 	31400067650 85199554463 526607 	31399541043 526607 0 0 0 	14347967 526607 0 	378.62 	3 	18
4016200000000 4016300000320 	31600068290 85752493568 526738 	31599541552 526738 0 0 0 	14351432 526738 0 	378.199 	3 	18
4035400000000 4035500000167 	31800068624 86305588499 526894 	31799541730 526894 0 0 0 	14355742 526894 0 	377.776 	3 	18
4054600000000 4054700000120 	32000068864 86858754761 527029 	31999541835 527029 0 0 0 	14359779 527029 0 	377.342 	3 	18
4073800000000 4073900000188 	32200069240 87412014329 527159 	32199542081 527159 0 0 0 	14363548 527159 0 	376.905 	3 	18
4093000000000 4093100000096 	32400069432 87965369716 527284 	32399542148 527284 0 0 0 	14366781 527284 0 	376.457 	3 	18
4112200000000 4112300000215 	32600069862 88518853136 527393 	32599542469 527393 0 0 0 	14369928 527393 0 	376.007 	3 	18
4131400000000 4131500000057 	32800069976 89072366505 527485 	32799542491 527485 0 0 0 	14372558 527485 0 	375.546 	3 	18
4150600000000 4150700000057 	33000070090 89625940754 527581 	32999542509 527581 0 0 0 	14375177 527581 0 	375.092 	3 	18
4169800000000 4169900000056 	33200070202 90179667816 527666 	33199542536 527666 0 0 0 	14377232 527666 0 	374.635 	3 	18
4189000000000 4189100000110 	33400070422 90733456327 527758 	33399542664 527758 0 0 0 	14379598 527758 0 	374.168 	3 	18
4208200000000 4208300000125 	33600070672 91287305318 527857 	33599542815 527857 0 0 0 	14382638 527857 0 	373.699 	3 	18
4227400000000 4227500000031 	33800070734 91841266462 527938 	33799542796 527938 0 0 0 	14384876 527938 0 	373.219 	3 	18
4246600000000 4246700000188 	34000071110 92395316502 528011 	33999543099 528011 0 0 0 	14387325 528011 0 	372.737 	3 	18
4265800000000 4265900000192 	34200071494 92949445476 528091 	34199543403 528091 0 0 0 	14389381 528091 0 	372.245 	3 	18
4285000000000 4285100000302 	34400072098 93503674483 528158 	34399543940 528158 0 0 0 	14391343 528158 0 	371.751 	3 	18
4304200000000 4304300000052 	34600072202 94057986551 528220 	34599543982 528220 0 0 0 	14392692 528220 0 	371.256 	3 	18
4323400000000 4323500000120 	34800072442 94612366433 529464 	34799542978 529464 0 0 0 	14428573 529464 0 	371.271 	3 	18
4342600000000 4342700000120 	35000072682 95166844929 530572 	34999542110 530572 0 0 0 	14459624 530572 0 	371.287 	3 	18
4361800000000 4361900000296 	35200073274 95721416473 531604 	35199541670 531604 0 0 0 	14489937 531604 0 	371.291 	3 	18
4381000000000 4381100000270 	35400073814 96276052383 532606 	35399541208 532606 0 0 0 	14517470 532606 0 	371.284 	3 	18
4400200000000 4400300000320 	35600074454 96830763249 533544 	35599540910 533544 0 0 0 	14544574 533544 0 	371.265 	3 	18
4419400000000 4419500000350 	35800075154 97385614112 534518 	35799540636 534518 0 0 0 	14571091 534518 0 	371.235 	3 	18
4438600000000 4438700000350 	36000075854 97940568347 535364 	35999540490 535364 0 0 0 	14592961 535364 0 	371.206 	3 	18
4457800000000 4457900000264 	36200076382 98495529136 536169 	36199540213 536169 0 0 0 	14613472 536169 0 	371.165 	3 	18
4477000000000 4477100000328 	36400077038 99050664439 536975 	36399540063 536975 0 0 0 	14637631 536975 0 	371.113 	3 	18
4496200000000 4496300000080 	36600077198 99605817151 537680 	36599539518 537680 0 0 0 	14657896 537680 0 	371.051 	3 	18
4515400000000 4515500000080 	36800077358 100161054133 538380 	36799538978 538380 0 0 0 	14677687 538380 0 	370.989 	3 	18
4534600000000 4534700000140 	37000077638 100716384911 539057 	36999538581 539057 0 0 0 	14696182 539057 0 	370.916 	3 	18
4553800000000 4553900000044 	37200077726 101271813143 539688 	37199538038 539688 0 0 0 	14715084 539688 0 	370.833 	3 	18
4573000000000 4573100000044 	37400077814 101827276202 540285 	37399537529 540285 0 0 0 	14731475 540285 0 	370.738 	3 	18
4592200000000 4592300000044 	37600077902 102382808039 540848 	37599537054 540848 0 0 0 	14746983 540848 0 	370.645 	3 	18
4611400000000 4611500000032 	37800077966 102938422477 541397 	37799536569 541397 0 0 0 	14762153 541397 0 	370.541 	3 	18
4630600000000 4630700000250 	38000078466 103494070666 541905 	37999536561 541905 0 0 0 	14777411 541905 0 	370.427 	3 	18
4649800000000 4649900000236 	38200078938 104049852016 542372 	38199536566 542372 0 0 0 	14790485 542372 0 	370.302 	3 	18
4669000000000 4669100000228 	38400079394 104605752655 542803 	38399536591 542803 0 0 0 	14802258 542803 0 	370.166 	3 	18
4688200000000 4688300000228 	38600079850 105161693356 543256 	38599536594 543256 0 0 0 	14814493 543256 0 	370.033 	3 	18
4707400000000 4707500000112 	38800080074 105717644952 543666 	38799536408 543666 0 0 0 	14826640 543666 0 	369.888 	3 	18
4726600000000 4726700000278 	39000080630 106273762053 544058 	38999536572 544058 0 0 0 	14838164 544058 0 	369.74 	3 	18
4745800000000 4745900000296 	39200081222 106829885976 544444 	39199536778 544444 0 0 0 	14849666 544444 0 	369.581 	3 	18
4765000000000 4765100000296 	39400081814 107386122685 544812 	39399537002 544812 0 0 0 	14860849 544812 0 	369.424 	3 	18
4784200000000 4784300000254 	39600082322 107942430746 545118 	39599537204 545118 0 0 0 	14869669 545118 0 	369.256 	3 	18
4803400000000 4803500000032 	39800082386 108498842438 545456 	39799536930 545456 0 0 0 	14878786 545456 0 	369.079 	3 	18
4822600000000 4822700000320 	40000083026 109055301790 545722 	39999537304 545722 0 0 0 	14885468 545722 0 	368.897 	3 	18
4841800000000 4841900000268 	40200083562 109611851820 546002 	40199537560 546002 0 0 0 	14893395 546002 0 	368.705 	3 	18
4861000000000 4861100000268 	40400084098 110168457233 546273 	40399537825 546273 0 0 0 	14900507 546273 0 	368.516 	3 	18
4880200000000 4880300000060 	40600084218 110725148188 546535 	40599537683 546535 0 0 0 	14907580 546535 0 	368.316 	3 	18
4899400000000 4899500000230 	40800084678 111281933017 546781 	40799537897 546781 0 0 0 	14914463 546781 0 	368.107 	3 	18
4918600000000 4918700000208 	41000085094 111838782474 547051 	40999538043 547051 0 0 0 	14922512 547051 0 	367.893 	3 	18
4937800000000 4937900000208 	41200085510 112395695792 547270 	41199538240 547270 0 0 0 	14928160 547270 0 	367.682 	3 	18
4957000000000 4957100000197 	41400085904 112952725407 547498 	41399538406 547498 0 0 0 	14934837 547498 0 	367.462 	3 	18
4976200000000 4976300000174 	41600086252 113509857865 547726 	41599538526 547726 0 0 0 	14941403 547726 0 	367.237 	3 	18
4995400000000 4995500000008 	41800086268 114067007270 547905 	41799538363 547905 0 0 0 	14946269 547905 0 	367.003 	3 	18
5014600000000 5014700000008 	42000086284 114624206758 548089 	41999538195 548089 0 0 0 	14951478 548089 0 	366.771 	3 	18
5033800000000 5033900000320 	42200086924 115181529782 548262 	42199538662 548262 0 0 0 	14956289 548262 0 	366.529 	3 	18
5053000000000 5053100000167 	42400087258 115738918794 548453 	42399538805 548453 0 0 0 	14961318 548453 0 	366.284 	3 	18
5072200000000 5072300000120 	42600087498 116296346358 548620 	42599538878 548620 0 0 0 	14966255 548620 0 	366.03 	3 	18
5091400000000 5091500000188 	42800087874 116853825248 548772 	42799539102 548772 0 0 0 	14970628 548772 0 	365.771 	3 	18
5110600000000 5110700000188 	43000088250 117411375699 548908 	42999539342 548908 0 0 0 	14975490 548908 0 	365.516 	3 	18
5129800000000 5129900000096 	43200088442 117969104108 549045 	43199539397 549045 0 0 0 	14979194 549045 0 	365.251 	3 	18
5149000000000 5149100000215 	43400088872 118526762053 549173 	43399539699 549173 0 0 0 	14982631 549173 0 	364.983 	3 	18
5168200000000 5168300000057 	43600088986 119084564461 549295 	43599539691 549295 0 0 0 	14985921 549295 0 	364.705 	3 	18
5187400000000 5187500000057 	43800089100 119642469062 549424 	43799539676 549424 0 0 0 	14989872 549424 0 	364.43 	3 	18
5206600000000 5206700000056 	44000089212 120200465313 549530 	43999539682 549530 0 0 0 	14992732 549530 0 	364.152 	3 	18
5225800000000 5225900000110 	44200089432 120758502428 549609 	44199539823 549609 0 0 0 	14994693 549609 0 	363.864 	3 	18
5245000000000 5245100000125 	44400089682 121316607173 549694 	44399539988 549694 0 0 0 	14996957 549694 0 	363.574 	3 	18
5264200000000 5264300000031 	44600089744 121874717207 549783 	44599539961 549783 0 0 0 	14999265 549783 0 	363.273 	3 	18
5283400000000 5283500000031 	44800089806 122432901374 549878 	44799539928 549878 0 0 0 	15002167 549878 0 	362.976 	3 	18
5302600000000 5302700000188 	45000090182 122991218684 549954 	44999540228 549954 0 0 0 	15004660 549954 0 	362.676 	3 	18
5321800000000 5321900000192 	45200090566 123549558982 550023 	45199540543 550023 0 0 0 	15006710 550023 0 	362.367 	3 	18
5341000000000 5341100000302 	45400091170 124108007698 550098 	45399541072 550098 0 0 0 	15008828 550098 0 	362.054 	3 	18
5360200000000 5360300000302 	45600091774 124666565849 550178 	45599541596 550178 0 0 0 	15010775 550178 0 	361.745 	3 	18
5379400000000 5379500000052 	45800091878 125225151036 550240 	45799541638 550240 0 0 0 	15012916 550240 0 	361.433 	3 	18
5398600000000 5398700000200 	46000092278 125783794898 550304 	45999541974 550304 0 0 0 	15014951 550304 0 	361.111 	3 	18
5417800000000 5417900000251 	46200092780 126342505191 550356 	46199542424 550356 0 0 0 	15016395 550356 0 	360.787 	3 	18
5437000000000 5437100000197 	46400093174 126901224740 550411 	46399542763 550411 0 0 0 	15017805 550411 0 	360.453 	3 	18
5456200000000 5456300000197 	46600093568 127460059501 550457 	46599543111 550457 0 0 0 	15019104 550457 0 	360.123 	3 	18
5475400000000 5475500000048 	46800093664 128018944576 550510 	46799543154 550510 0 0 0 	15020969 550510 0 	359.79 	3 	18
5494600000000 5494700000280 	47000094224 128577920812 550552 	46999543672 550552 0 0 0 	15022543 550552 0 	359.454 	3 	18
5513800000000 5513900000021 	47200094266 129136975557 550603 	47199543663 550603 0 0 0 	15023788 550603 0 	359.109 	3 	18
5533000000000 5533100000021 	47400094308 129696051547 550651 	47399543657 550651 0 0 0 	15025113 550651 0 	358.767 	3 	18
5552200000000 5552300000072 	47600094452 130255232230 550695 	47599543757 550695 0 0 0 	15026571 550695 0 	358.423 	3 	18
5571400000000 5571500000113 	47800094678 130814433801 550725 	47799543953 550725 0 0 0 	15027345 550725 0 	358.076 	3 	18
5590600000000 5590700000069 	48000094816 131373688965 550759 	47999544057 550759 0 0 0 	15028474 550759 0 	357.719 	3 	18
5609800000000 5609900000069 	48200094954 131932991127 550795 	48199544159 550795 0 0 0 	15029534 550795 0 	357.367 	3 	18
5629000000000 5629100000224 	48400095402 132492386811 550823 	48399544579 550823 0 0 0 	15030377 550823 0 	357.012 	3 	18
5648200000000 5648300000271 	48600095944 133051910042 550853 	48599545091 550853 0 0 0 	15031233 550853 0 	356.653 	3 	18
5667400000000 5667500000186 	48800096316 133611414931 550881 	48799545435 550881 0 0 0 	15032164 550881 0 	356.293 	3 	18
5686600000000 5686700000092 	49000096500 134171014511 550915 	48999545585 550915 0 0 0 	15033307 550915 0 	355.923 	3 	18
5705800000000 5705900000092 	49200096684 134730675614 550948 	49199545736 550948 0 0 0 	15034022 550948 0 	355.557 	3 	18
5725000000000 5725100000031 	49400096746 135290471593 550972 	49399545774 550972 0 0 0 	15034625 550972 0 	355.188 	3 	18
5744200000000 5744300000020 	49600096786 135850313492 551002 	49599545784 551002 0 0 0 	15035589 551002 0 	354.817 	3 	18
5763400000000 5763500000032 	49800096850 136410207433 551026 	49799545824 551026 0 0 0 	15036326 551026 0 	354.443 	3 	18
5782600000000 5782700000032 	50000096914 136970120683 551056 	49999545858 551056 0 0 0 	15037267 551056 0 	354.073 	3 	18
5801800000000 5801900000040 	50200096994 137530157547 551080 	50199545914 551080 0 0 0 	15037822 551080 0 	353.7 	3 	18
5821000000000 5821100000214 	50400097422 138090277148 551098 	50399546324 551098 0 0 0 	15038488 551098 0 	353.318 	3 	18
5840200000000 5840300000047 	50600097516 138650410142 551119 	50599546397 551119 0 0 0 	15039072 551119 0 	352.934 	3 	18
5859400000000 5859500000044 	50800097604 139210573610 551135 	50799546469 551135 0 0 0 	15039339 551135 0 	352.547 	3 	18
5878600000000 5878700000044 	51000097692 139770798004 551146 	50999546546 551146 0 0 0 	15039600 551146 0 	352.164 	3 	18
5897800000000 5897900000175 	51200098042 140331141536 551165 	51199546877 551165 0 0 0 	15040090 551165 0 	351.778 	3 	18
5917000000000 5917100000136 	51400098314 140891507306 551177 	51399547137 551177 0 0 0 	15040440 551177 0 	351.39 	3 	18
5936200000000 5936300000173 	51600098660 141451927001 551193 	51599547467 551193 0 0 0 	15040685 551193 0 	351 	3 	18
5955400000000 5955500000173 	51800099006 142012379836 551209 	51799547797 551209 0 0 0 	15041248 551209 0 	350.613 	3 	18
5974600000000 5974700000084 	52000099174 142572993812 551223 	51999547951 551223 0 0 0 	15041503 551223 0 	350.217 	3 	18
5993800000000 5993900000170 	52200099514 143133564752 551239 	52199548275 551239 0 0 0 	15041791 551239 0 	349.819 	3 	18
6013000000000 6013100000212 	52400099938 143694238121 551250 	52399548688 551250 0 0 0 	15042031 551250 0 	349.418 	3 	18
6032200000000 6032300000320 	52600100578 144254909544 551579 	52599548999 551579 0 0 0 	15050715 551579 0 	349.365 	3 	18
6051400000000 6051500000268 	52800101114 144815758987 551918 	52799549196 551918 0 0 0 	15059657 551918 0 	349.304 	3 	18
6070600000000 6070700000268 	53000101650 145376576933 552206 	52999549444 552206 0 0 0 	15067038 552206 0 	349.244 	3 	18
6089800000000 6089900000060 	53200101770 145937498725 552511 	53199549259 552511 0 0 0 	15075573 552511 0 	349.176 	3 	18
6109000000000 6109100000060 	53400101890 146498461612 552792 	53399549098 552792 0 0 0 	15083140 552792 0 	349.108 	3 	18
6128200000000 6128300000230 	53600102350 147059499508 553038 	53599549312 553038 0 0 0 	15089873 553038 0 	349.033 	3 	18
6147400000000 6147500000208 	53800102766 147620596647 553320 	53799549446 553320 0 0 0 	15098047 553320 0 	348.954 	3 	18
6166600000000 6166700000208 	54000103182 148181677911 553607 	53999549575 553607 0 0 0 	15106520 553607 0 	348.875 	3 	18
6185800000000 6185900000197 	54200103576 148742907017 553848 	54199549728 553848 0 0 0 	15112953 553848 0 	348.789 	3 	18
6205000000000 6205100000197 	54400103970 149304136732 554070 	54399549900 554070 0 0 0 	15119594 554070 0 	348.704 	3 	18
6224200000000 6224300000174 	54600104318 149865520769 554308 	54599550010 554308 0 0 0 	15126507 554308 0 	348.615 	3 	18
6243400000000 6243500000008 	54800104334 150426899153 554526 	54799549808 554526 0 0 0 	15132466 554526 0 	348.518 	3 	18
6262600000000 6262700000008 	55000104350 150988341601 554726 	54999549624 554726 0 0 0 	15138225 554726 0 	348.422 	3 	18
6281800000000 6281900000320 	55200104990 151549901687 554914 	55199550076 554914 0 0 0 	15143465 554914 0 	348.319 	3 	18
6301000000000 6301100000167 	55400105324 152111436130 555118 	55399550206 555118 0 0 0 	15148656 555118 0 	348.212 	3 	18
6320200000000 6320300000167 	55600105658 152673066036 555290 	55599550368 555290 0 0 0 	15153037 555290 0 	348.106 	3 	18
6339400000000 6339500000120 	55800105898 153234755032 555459 	55799550439 555459 0 0 0 	15158069 555459 0 	347.992 	3 	18
6358600000000 6358700000120 	56000106138 153796517734 555618 	55999550520 555618 0 0 0 	15162531 555618 0 	347.879 	3 	18
6377800000000 6377900000188 	56200106514 154358320424 555799 	56199550715 555799 0 0 0 	15167433 555799 0 	347.763 	3 	18
6397000000000 6397100000096 	56400106706 154920144983 555974 	56399550732 555974 0 0 0 	15172352 555974 0 	347.639 	3 	18
6416200000000 6416300000096 	56600106898 155482084171 556119 	56599550779 556119 0 0 0 	15176675 556119 0 	347.516 	3 	18
6435400000000 6435500000215 	56800107328 156044009134 556253 	56799551075 556253 0 0 0 	15180775 556253 0 	347.39 	3 	18
6454600000000 6454700000215 	57000107758 156606035955 556384 	56999551374 556384 0 0 0 	15184174 556384 0 	347.264 	3 	18
6473800000000 6473900000057 	57200107872 157168134121 556500 	57199551372 556500 0 0 0 	15187247 556500 0 	347.131 	3 	18
6493000000000 6493100000056 	57400107984 157730298100 556615 	57399551369 556615 0 0 0 	15190524 556615 0 	346.995 	3 	18
6512200000000 6512300000056 	57600108096 158292504145 556732 	57599551364 556732 0 0 0 	15193418 556732 0 	346.86 	3 	18
6531400000000 6531500000110 	57800108316 158854771450 556854 	57799551462 556854 0 0 0 	15196311 556854 0 	346.718 	3 	18
6550600000000 6550700000125 	58000108566 159417087577 556986 	57999551580 556986 0 0 0 	15199758 556986 0 	346.572 	3 	18
6569800000000 6569900000125 	58200108816 159979427308 557101 	58199551715 557101 0 0 0 	15203333 557101 0 	346.427 	3 	18
6589000000000 6589100000031 	58400108878 160541862570 557198 	58399551680 557198 0 0 0 	15206359 557198 0 	346.275 	3 	18
6608200000000 6608300000031 	58600108940 161104309761 557298 	58599551642 557298 0 0 0 	15208837 557298 0 	346.124 	3 	18
6627400000000 6627500000188 	58800109316 161666862708 557381 	58799551935 557381 0 0 0 	15211099 557381 0 	345.969 	3 	18
6646600000000 6646700000192 	59000109700 162229444822 557461 	58999552239 557461 0 0 0 	15213446 557461 0 	345.807 	3 	18
6665800000000 6665900000192 	59200110084 162792109179 557543 	59199552541 557543 0 0 0 	15215673 557543 0 	345.647 	3 	18
6685000000000 6685100000302 	59400110688 163354757538 557631 	59399553057 557631 0 0 0 	15218336 557631 0 	345.483 	3 	18
6704200000000 6704300000052 	59600110792 163917511594 557692 	59599553100 557692 0 0 0 	15219997 557692 0 	345.316 	3 	18
6723400000000 6723500000052 	59800110896 164480304817 557754 	59799553142 557754 0 0 0 	15221576 557754 0 	345.151 	3 	18
6742600000000 6742700000200 	60000111296 165043176945 557825 	59999553471 557825 0 0 0 	15223657 557825 0 	344.978 	3 	18
6761800000000 6761900000200 	60200111696 165606119729 557888 	60199553808 557888 0 0 0 	15225972 557888 0 	344.806 	3 	18
6781000000000 6781100000251 	60400112198 166169118304 557958 	60399554240 557958 0 0 0 	15227974 557958 0 	344.631 	3 	18
6800200000000 6800300000197 	60600112592 166732158417 558024 	60599554568 558024 0 0 0 	15230105 558024 0 	344.449 	3 	18
6819400000000 6819500000197 	60800112986 167295244450 558088 	60799554898 558088 0 0 0 	15231814 558088 0 	344.268 	3 	18
6838600000000 6838700000048 	61000113082 167858363958 558138 	60999554944 558138 0 0 0 	15233360 558138 0 	344.084 	3 	18
6857800000000 6857900000048 	61200113178 168421559474 558198 	61199554980 558198 0 0 0 	15235176 558198 0 	343.901 	3 	18
6877000000000 6877100000280 	61400113738 168984775542 558243 	61399555495 558243 0 0 0 	15236312 558243 0 	343.716 	3 	18
6896200000000 6896300000021 	61600113780 169548114138 558292 	61599555488 558292 0 0 0 	15237646 558292 0 	343.523 	3 	18
6915400000000 6915500000021 	61800113822 170111449708 558351 	61799555471 558351 0 0 0 	15239257 558351 0 	343.331 	3 	18
6934600000000 6934700000072 	62000113966 170674826306 558392 	61999555574 558392 0 0 0 	15240549 558392 0 	343.136 	3 	18
6953800000000 6953900000113 	62200114192 171238295120 558434 	62199555758 558434 0 0 0 	15241654 558434 0 	342.939 	3 	18
6973000000000 6973100000113 	62400114418 171801792098 558476 	62399555942 558476 0 0 0 	15243162 558476 0 	342.743 	3 	18
6992200000000 6992300000069 	62600114556 172365325056 558517 	62599556039 558517 0 0 0 	15244521 558517 0 	342.539 	3 	18
7011400000000 7011500000069 	62800114694 172928984927 558560 	62799556134 558560 0 0 0 	15245372 558560 0 	342.337 	3 	18
7030600000000 7030700000224 	63000115142 173492597198 558589 	62999556553 558589 0 0 0 	15246009 558589 0 	342.132 	3 	18
7049800000000 7049900000271 	63200115684 174056217150 558629 	63199557055 558629 0 0 0 	15247097 558629 0 	341.925 	3 	18
7069000000000 7069100000271 	63400116226 174620011138 558660 	63399557566 558660 0 0 0 	15248083 558660 0 	341.718 	3 	18
7088200000000 7088300000186 	63600116598 175183820512 558697 	63599557901 558697 0 0 0 	15249153 558697 0 	341.509 	3 	18
7107400000000 7107500000092 	63800116782 175747721093 558741 	63799558041 558741 0 0 0 	15250270 558741 0 	341.292 	3 	18
7126600000000 7126700000092 	64000116966 176311595767 558771 	63999558195 558771 0 0 0 	15251267 558771 0 	341.077 	3 	18
7145800000000 7145900000031 	64200117028 176875561883 558801 	64199558227 558801 0 0 0 	15252139 558801 0 	340.859 	3 	18
7165000000000 7165100000031 	64400117090 177439584895 558834 	64399558256 558834 0 0 0 	15253122 558834 0 	340.643 	3 	18
7184200000000 7184300000020 	64600117130 178003722883 558862 	64599558268 558862 0 0 0 	15253986 558862 0 	340.424 	3 	18
7203400000000 7203500000032 	64800117194 178567869438 558893 	64799558301 558893 0 0 0 	15254813 558893 0 	340.202 	3 	18
7222600000000 7222700000032 	65000117258 179132071964 558914 	64999558344 558914 0 0 0 	15255396 558914 0 	339.982 	3 	18
7241800000000 7241900000040 	65200117338 179696349803 558948 	65199558390 558948 0 0 0 	15256334 558948 0 	339.758 	3 	18
7261000000000 7261100000040 	65400117418 180260601761 558973 	65399558445 558973 0 0 0 	15257065 558973 0 	339.537 	3 	18
7280200000000 7280300000214 	65600117846 180824942361 559000 	65599558846 559000 0 0 0 	15257899 559000 0 	339.308 	3 	18
7299400000000 7299500000047 	65800117940 181389262240 559023 	65799558917 559023 0 0 0 	15258572 559023 0 	339.076 	3 	18
7318600000000 7318700000047 	66000118034 181953673601 559038 	65999558996 559038 0 0 0 	15259080 559038 0 	338.846 	3 	18
7337800000000 7337900000044 	66200118122 182518186911 559063 	66199559059 559063 0 0 0 	15259678 559063 0 	338.613 	3 	18
7357000000000 7357100000175 	66400118472 183082697950 559086 	66399559386 559086 0 0 0 	15260372 559086 0 	338.377 	3 	18
7376200000000 7376300000175 	66600118822 183647223858 559103 	66599559719 559103 0 0 0 	15260870 559103 0 	338.143 	3 	18
7395400000000 7395500000136 	66800119094 184211845304 559121 	66799559973 559121 0 0 0 	15261272 559121 0 	337.906 	3 	18
7414600000000 7414700000136 	67000119366 184776468863 559144 	66999560222 559144 0 0 0 	15261890 559144 0 	337.671 	3 	18
7433800000000 7433900000173 	67200119712 185341175707 559163 	67199560549 559163 0 0 0 	15262454 559163 0 	337.433 	3 	18
7453000000000 7453100000084 	67400119880 185905884889 559178 	67399560702 559178 0 0 0 	15262850 559178 0 	337.188 	3 	18
7472200000000 7472300000084 	67600120048 186470729647 559193 	67599560855 559193 0 0 0 	15263393 559193 0 	336.944 	3 	18
7491400000000 7491500000170 	67800120388 187035548696 559211 	67799561177 559211 0 0 0 	15263752 559211 0 	336.698 	3 	18
7510600000000 7510700000212 	68000120812 187600475880 559225 	67999561587 559225 0 0 0 	15264076 559225 0 	336.449 	3 	18
7529800000000 7529900000212 	68200121236 188165487291 559239 	68199561997 559239 0 0 0 	15264340 559239 0 	336.202 	3 	18
7549000000000 7549100000180 	68400121596 188730538216 559251 	68399562345 559251 0 0 0 	15264776 559251 0 	335.952 	3 	18
7568200000000 7568300000180 	68600121956 189295545278 559267 	68599562689 559267 0 0 0 	15265449 559267 0 	335.704 	3 	18
7587400000000 7587500000044 	68800122044 189860667820 559280 	68799562764 559280 0 0 0 	15265761 559280 0 	335.453 	3 	18
7606600000000 7606700000040 	69000122124 190425832401 559288 	68999562836 559288 0 0 0 	15265882 559288 0 	335.199 	3 	18
7625800000000 7625900000040 	69200122204 190991084524 559296 	69199562908 559296 0 0 0 	15266071 559296 0 	334.947 	3 	18
7645000000000 7645100000135 	69400122474 191556348505 559306 	69399563168 559306 0 0 0 	15266465 559306 0 	334.693 	3 	18
7664200000000 7664300000135 	69600122744 192121642485 559313 	69599563431 559313 0 0 0 	15266578 559313 0 	334.44 	3 	18
7683400000000 7683500000032 	69800122808 192687008510 559324 	69799563484 559324 0 0 0 	15266800 559324 0 	334.185 	3 	18
7702600000000 7702700000227 	70000123262 193252394410 559331 	69999563931 559331 0 0 0 	15266961 559331 0 	333.926 	3 	18
7721800000000 7721900000227 	70200123716 193817800265 559336 	70199564380 559336 0 0 0 	15267083 559336 0 	333.67 	3 	18
7741000000000 7741100000160 	70400124036 194383281522 559346 	70399564690 559346 0 0 0 	15267410 559346 0 	333.411 	3 	18
7760200000000 7760300000062 	70600124160 194948889557 559361 	70599564799 559361 0 0 0 	15267761 559361 0 	333.149 	3 	18
7779400000000 7779500000062 	70800124284 195514499449 559370 	70799564914 559370 0 0 0 	15268002 559370 0 	332.889 	3 	18
7798600000000 7798700000160 	71000124604 196080095328 559377 	70999565227 559377 0 0 0 	15268237 559377 0 	332.626 	3 	18
7817800000000 7817900000160 	71200124924 196645796338 559385 	71199565539 559385 0 0 0 	15268424 559385 0 	332.366 	3 	18
7837000000000 7837100000159 	71400125242 197211585760 559394 	71399565848 559394 0 0 0 	15268759 559394 0 	332.102 	3 	18
7856200000000 7856300000026 	71600125294 197777325822 559401 	71599565893 559401 0 0 0 	15268944 559401 0 	331.836 	3 	18
7875400000000 7875500000026 	71800125346 198343183511 559406 	71799565940 559406 0 0 0 	15269093 559406 0 	331.572 	3 	18
7894600000000 7894700000242 	72000125830 198909011540 559416 	71999566414 559416 0 0 0 	15269480 559416 0 	331.304 	3 	18
7913800000000 7913900000000 	72200125830 199474925418 559421 	72199566409 559421 0 0 0 	15269670 559421 0 	331.035 	3 	18
7933000000000 7933100000000 	72400125830 200040870453 559425 	72399566405 559425 0 0 0 	15269717 559425 0 	330.767 	3 	18
7952200000000 7952300000035 	72600125900 200606826005 559432 	72599566468 559432 0 0 0 	15269906 559432 0 	330.496 	3 	18
7971400000000 7971500000035 	72800125970 201172882315 559436 	72799566534 559436 0 0 0 	15270055 559436 0 	330.228 	3 	18
7990600000000 7990700000054 	73000126078 201738965039 559438 	72999566640 559438 0 0 0 	15270138 559438 0 	329.957 	3 	18
8009800000000 8009900000152 	73200126382 202305361546 593601 	73199532781 593601 0 0 0 	16258687 593601 0 	330.268 	3 	18
8029000000000 8029100000152 	73400126686 202871777077 626778 	73399499908 626778 0 0 0 	17204703 626778 0 	330.579 	3 	18
8048200000000 8048300000152 	73600126990 203438268937 659418 	73599467572 659418 0 0 0 	18152084 659418 0 	330.888 	3 	18
8067400000000 8067500000152 	73800127294 204004755996 691312 	73799435982 691312 0 0 0 	19073965 691312 0 	331.196 	3 	18
8086600000000 8086700000000 	74000127294 204571268314 722716 	73999404578 722716 0 0 0 	19974638 722716 0 	331.499 	3 	18
8105800000000 8105900000000 	74200127294 205137928555 753393 	74199373901 753393 0 0 0 	20857054 753393 0 	331.8 	3 	18
8125000000000 8125100000000 	74400127294 205704570831 783463 	74399343831 783463 0 0 0 	21719818 783463 0 	332.1 	3 	18
8144200000000 8144300000048 	74600127390 206271220431 813116 	74599314274 813116 0 0 0 	22572656 813116 0 	332.395 	3 	18
8163400000000 8163500000048 	74800127486 206837914271 842063 	74799285423 842063 0 0 0 	23405934 842063 0 	332.688 	3 	18
8182600000000 8182700000048 	75000127582 207404715682 870248 	74999257334 870248 0 0 0 	24218931 870248 0 	332.981 	3 	18
8201800000000 8201900000476 	75200128534 207971515108 898135 	75199230399 898135 0 0 0 	25024404 898135 0 	333.267 	3 	18
8221000000000 8221100000476 	75400129486 208538375885 925415 	75399204071 925415 0 0 0 	25803895 925415 0 	333.553 	3 	18
8240200000000 8240300000476 	75600130438 209105328353 952115 	75599178323 952115 0 0 0 	26573837 952115 0 	333.837 	3 	18
8259400000000 8259500000011 	75800130460 209672312408 978049 	75799152411 978049 0 0 0 	27325375 978049 0 	334.117 	3 	18
8278600000000 8278700000011 	76000130482 210239304577 1003923 	75999126559 1003923 0 0 0 	28064228 1003923 0 	334.396 	3 	18
8297800000000 8297900000011 	76200130504 210806291314 1028950 	76199101554 1028950 0 0 0 	28790160 1028950 0 	334.673 	3 	18
8317000000000 8317100000210 	76400130924 211373315347 1053549 	76399077375 1053549 0 0 0 	29492563 1053549 0 	334.945 	3 	18
8336200000000 8336300000210 	76600131344 211940360386 1077350 	76599053994 1077350 0 0 0 	30182402 1077350 0 	335.216 	3 	18
8355400000000 8355500000210 	76800131764 212507465739 1100965 	76799030799 1100965 0 0 0 	30857329 1100965 0 	335.486 	3 	18
8374600000000 8374700000210 	77000132184 213074654425 1123864 	76999008320 1123864 0 0 0 	31515436 1123864 0 	335.754 	3 	18
8393800000000 8393900000381 	77200132946 213641886869 1146675 	77198986271 1146675 0 0 0 	32168404 1146675 0 	336.017 	3 	18
8413000000000 8413100000381 	77400133708 214209150055 1169015 	77398964693 1169015 0 0 0 	32816862 1169015 0 	336.279 	3 	18
8432200000000 8432300000200 	77600134108 214776256722 1169098 	77598965010 1169098 0 0 0 	32818948 1169098 0 	336.174 	3 	18
8451400000000 8451500000200 	77800134508 215343440984 1169185 	77798965323 1169185 0 0 0 	32821356 1169185 0 	336.07 	3 	18
8470600000000 8470700000251 	78000135010 215910722566 1169273 	77998965737 1169273 0 0 0 	32823868 1169273 0 	335.964 	3 	18
8489800000000 8489900000251 	78200135512 216478015240 1169347 	78198966165 1169347 0 0 0 	32826534 1169347 0 	335.857 	3 	18
8509000000000 8509100000197 	78400135906 217045321496 1169415 	78398966491 1169415 0 0 0 	32828497 1169415 0 	335.745 	3 	18
8528200000000 8528300000197 	78600136300 217612667941 1169488 	78598966812 1169488 0 0 0 	32830463 1169488 0 	335.634 	3 	18
8547400000000 8547500000048 	78800136396 218180083878 1169553 	78798966843 1169553 0 0 0 	32832400 1169553 0 	335.52 	3 	18
8566600000000 8566700000048 	79000136492 218747505367 1169618 	78998966874 1169618 0 0 0 	32834066 1169618 0 	335.406 	3 	18
8585800000000 8585900000280 	79200137052 219314931943 1169670 	79198967382 1169670 0 0 0 	32835479 1169670 0 	335.29 	3 	18
8605000000000 8605100000280 	79400137612 219882451953 1169732 	79398967880 1169732 0 0 0 	32837703 1169732 0 	335.175 	3 	18
8624200000000 8624300000021 	79600137654 220450028320 1169791 	79598967863 1169791 0 0 0 	32839151 1169791 0 	335.054 	3 	18
8643400000000 8643500000021 	79800137696 221017630213 1169854 	79798967842 1169854 0 0 0 	32840958 1169854 0 	334.934 	3 	18
8662600000000 8662700000072 	80000137840 221585301394 1169917 	79998967923 1169917 0 0 0 	32842527 1169917 0 	334.81 	3 	18
8681800000000 8681900000072 	80200137984 222152946281 1169972 	80198968012 1169972 0 0 0 	32844176 1169972 0 	334.688 	3 	18
8701000000000 8701100000113 	80400138210 222720653420 1170018 	80398968192 1170018 0 0 0 	32845247 1170018 0 	334.563 	3 	18
8720200000000 8720300000113 	80600138436 223288463552 1170072 	80598968364 1170072 0 0 0 	32847032 1170072 0 	334.439 	3 	18
8739400000000 8739500000069 	80800138574 223856266096 1170132 	80798968442 1170132 0 0 0 	32848917 1170132 0 	334.309 	3 	18
8758600000000 8758700000069 	81000138712 224424179571 1170187 	80998968525 1170187 0 0 0 	32850501 1170187 0 	334.179 	3 	18
8777800000000 8777900000224 	81200139160 224992070747 1170234 	81198968926 1170234 0 0 0 	32851992 1170234 0 	334.048 	3 	18
8797000000000 8797100000224 	81400139608 225559982479 1170272 	81398969336 1170272 0 0 0 	32852965 1170272 0 	333.916 	3 	18
8816200000000 8816300000271 	81600140150 226127954796 1170302 	81598969848 1170302 0 0 0 	32854000 1170302 0 	333.783 	3 	18
8835400000000 8835500000271 	81800140692 226696013016 1170339 	81798970353 1170339 0 0 0 	32855055 1170339 0 	333.65 	3 	18
8854600000000 8854700000186 	82000141064 227264088679 1170377 	81998970687 1170377 0 0 0 	32856096 1170377 0 	333.514 	3 	18
8873800000000 8873900000186 	82200141436 227832181447 1170415 	82198971021 1170415 0 0 0 	32857062 1170415 0 	333.379 	3 	18
8893000000000 8893100000092 	82400141620 228400277173 1170451 	82398971169 1170451 0 0 0 	32858177 1170451 0 	333.239 	3 	18
8912200000000 8912300000092 	82600141804 228968476130 1170499 	82598971305 1170499 0 0 0 	32859590 1170499 0 	333.099 	3 	18
8931400000000 8931500000031 	82800141866 229536690775 1170540 	82798971326 1170540 0 0 0 	32860617 1170540 0 	332.956 	3 	18
8950600000000 8950700000031 	83000141928 230104994530 1170573 	82998971355 1170573 0 0 0 	32861360 1170573 0 	332.815 	3 	18
8969800000000 8969900000020 	83200141968 230673300594 1170616 	83198971352 1170616 0 0 0 	32862738 1170616 0 	332.671 	3 	18
8989000000000 8989100000020 	83400142008 231241659366 1170643 	83398971365 1170643 0 0 0 	32863304 1170643 0 	332.528 	3 	18
9008200000000 9008300000032 	83600142072 231810050014 1170672 	83598971400 1170672 0 0 0 	32864092 1170672 0 	332.382 	3 	18
9027400000000 9027500000032 	83800142136 232378387646 1170711 	83798971425 1170711 0 0 0 	32865059 1170711 0 	332.237 	3 	18
9046600000000 9046700000040 	84000142216 232946850253 1170731 	83998971485 1170731 0 0 0 	32865513 1170731 0 	332.089 	3 	18
9065800000000 9065900000040 	84200142296 233515402056 1170754 	84198971542 1170754 0 0 0 	32866218 1170754 0 	331.943 	3 	18
9085000000000 9085100000214 	84400142724 234083978109 1170777 	84398971947 1170777 0 0 0 	32866850 1170777 0 	331.79 	3 	18
9104200000000 9104300000214 	84600143152 234652552306 1170801 	84598972351 1170801 0 0 0 	32867803 1170801 0 	331.638 	3 	18
9123400000000 9123500000047 	84800143246 235221189918 1170823 	84798972423 1170823 0 0 0 	32868409 1170823 0 	331.484 	3 	18
9142600000000 9142700000047 	85000143340 235789855702 1170857 	84998972483 1170857 0 0 0 	32869753 1170857 0 	331.331 	3 	18
9161800000000 9161900000044 	85200143428 236358600604 1170880 	85198972548 1170880 0 0 0 	32870289 1170880 0 	331.175 	3 	18
9181000000000 9181100000044 	85400143516 236927365562 1170903 	85398972613 1170903 0 0 0 	32870916 1170903 0 	331.02 	3 	18
9200200000000 9200300000175 	85600143866 237496134746 1170931 	85598972935 1170931 0 0 0 	32872040 1170931 0 	330.862 	3 	18
9219400000000 9219500000175 	85800144216 238064897180 1170952 	85798973264 1170952 0 0 0 	32872530 1170952 0 	330.706 	3 	18
9238600000000 9238700000136 	86000144488 238633835216 1170970 	85998973518 1170970 0 0 0 	32872997 1170970 0 	330.547 	3 	18
9257800000000 9257900000136 	86200144760 239202712345 1170990 	86198973770 1170990 0 0 0 	32873566 1170990 0 	330.389 	3 	18
9277000000000 9277100000173 	86400145106 239771628407 1171009 	86398974097 1171009 0 0 0 	32874178 1171009 0 	330.228 	3 	18
9296200000000 9296300000173 	86600145452 240340629226 1171035 	86598974417 1171035 0 0 0 	32875052 1171035 0 	330.068 	3 	18
9315400000000 9315500000084 	86800145620 240909640103 1171060 	86798974560 1171060 0 0 0 	32875990 1171060 0 	329.902 	3 	18
9334600000000 9334700000084 	87000145788 241478705267 1171075 	86998974713 1171075 0 0 0 	32876538 1171075 0 	329.738 	3 	18
9353800000000 9353900000170 	87200146128 242047814177 1171093 	87198975035 1171093 0 0 0 	32877066 1171093 0 	329.57 	3 	18
9373000000000 9373100000170 	87400146468 242616957038 1171109 	87398975359 1171109 0 0 0 	32877371 1171109 0 	329.404 	3 	18
9392200000000 9392300000212 	87600146892 243186146621 1171126 	87598975766 1171126 0 0 0 	32877845 1171126 0 	329.235 	3 	18
9411400000000 9411500000212 	87800147316 243755444625 1171144 	87798976172 1171144 0 0 0 	32878522 1171144 0 	329.067 	3 	18
9430600000000 9430700000180 	88000147676 244324711745 1171170 	87998976506 1171170 0 0 0 	32879099 1171170 0 	328.897 	3 	18
9449800000000 9449900000180 	88200148036 244893985957 1171182 	88198976854 1171182 0 0 0 	32879419 1171182 0 	328.728 	3 	18
9469000000000 9469100000044 	88400148124 245463325168 1171196 	88398976928 1171196 0 0 0 	32879805 1171196 0 	328.556 	3 	18
9488200000000 9488300000044 	88600148212 246032694389 1171208 	88598977004 1171208 0 0 0 	32880119 1171208 0 	328.385 	3 	18
9507400000000 9507500000040 	88800148292 246602108565 1171217 	88798977075 1171217 0 0 0 	32880313 1171217 0 	328.212 	3 	18
9526600000000 9526700000040 	89000148372 247171558375 1171231 	88998977141 1171231 0 0 0 	32880553 1171231 0 	328.039 	3 	18
9545800000000 9545900000135 	89200148642 247740942691 1171241 	89198977401 1171241 0 0 0 	32880761 1171241 0 	327.864 	3 	18
9565000000000 9565100000135 	89400148912 248310511885 1171254 	89398977658 1171254 0 0 0 	32881105 1171254 0 	327.69 	3 	18
9584200000000 9584300000032 	89600148976 248880059037 1171264 	89598977712 1171264 0 0 0 	32881305 1171264 0 	327.514 	3 	18
9603400000000 9603500000032 	89800149040 249449627232 1171272 	89798977768 1171272 0 0 0 	32881529 1171272 0 	327.339 	3 	18
9622600000000 9622700000227 	90000149494 250019250801 1171282 	89998978212 1171282 0 0 0 	32881973 1171282 0 	327.161 	3 	18
9641800000000 9641900000227 	90200149948 250588892318 1171295 	90198978653 1171295 0 0 0 	32882446 1171295 0 	326.984 	3 	18
9661000000000 9661100000160 	90400150268 251158606275 1171305 	90398978963 1171305 0 0 0 	32882673 1171305 0 	326.805 	3 	18
9680200000000 9680300000160 	90600150588 251728373801 1171322 	90598979266 1171322 0 0 0 	32883200 1171322 0 	326.626 	3 	18
9699400000000 9699500000062 	90800150712 252298173915 1171331 	90798979381 1171331 0 0 0 	32883549 1171331 0 	326.445 	3 	18
9718600000000 9718700000062 	91000150836 252868020542 1171345 	90998979491 1171345 0 0 0 	32884181 1171345 0 	326.266 	3 	18
9737800000000 9737900000160 	91200151156 253437847482 1171354 	91198979802 1171354 0 0 0 	32884427 1171354 0 	326.083 	3 	18
9757000000000 9757100000160 	91400151476 254007740184 1171361 	91398980115 1171361 0 0 0 	32884598 1171361 0 	325.902 	3 	18
9776200000000 9776300000159 	91600151794 254577690925 1171375 	91598980419 1171375 0 0 0 	32885112 1171375 0 	325.718 	3 	18
9795400000000 9795500000159 	91800152112 255147660584 1171381 	91798980731 1171381 0 0 0 	32885274 1171381 0 	325.536 	3 	18
9814600000000 9814700000026 	92000152164 255717623720 1171384 	91998980780 1171384 0 0 0 	32885432 1171384 0 	325.351 	3 	18
9833800000000 9833900000026 	92200152216 256287696300 1171394 	92198980822 1171394 0 0 0 	32885652 1171394 0 	325.166 	3 	18
9853000000000 9853100000242 	92400152700 256857770852 1171403 	92398981297 1171403 0 0 0 	32886027 1171403 0 	324.98 	3 	18
9872200000000 9872300000242 	92600153184 257427904833 1171408 	92598981776 1171408 0 0 0 	32886090 1171408 0 	324.794 	3 	18
9891400000000 9891500000242 	92800153668 257998032413 1171413 	92798982255 1171413 0 0 0 	32886222 1171413 0 	324.61 	3 	18
9910600000000 9910700000000 	93000153668 258568230958 1171415 	92998982253 1171415 0 0 0 	32886246 1171415 0 	324.423 	3 	18
9929800000000 9929900000000 	93200153668 259138461986 1171421 	93198982247 1171421 0 0 0 	32886436 1171421 0 	324.237 	3 	18
9949000000000 9949100000035 	93400153738 259708710385 1171433 	93398982305 1171433 0 0 0 	32886698 1171433 0 	324.048 	3 	18
9968200000000 9968300000035 	93600153808 260279033043 1171440 	93598982368 1171440 0 0 0 	32887000 1171440 0 	323.861 	3 	18
9987400000000 9987500000054 	93800153916 260849319722 1171446 	93798982470 1171446 0 0 0 	32887224 1171446 0 	323.671 	3 	18
