1002200000000 1002300000135 	200000270 526534655 5 	200000265 5 0 0 0 	157 5 0 	265 	3 	22
1021400000000 1021500000160 	400000590 1053452101 8 	400000582 8 0 0 0 	318 8 0 	262.476 	3 	22
1040600000000 1040700000000 	600000590 1580741628 8 	600000582 8 0 0 0 	318 8 0 	260.281 	3 	22
1059800000000 1059900000000 	800000590 2108456705 15646 	799984944 15646 0 0 0 	414526 15646 0 	295.727 	3 	22
1079000000000 1079100000476 	1000001542 2636495332 29104 	999972438 29104 0 0 0 	774230 29104 0 	321.368 	3 	22
1098200000000 1098300000146 	1200001834 3164818422 40382 	1199961452 40382 0 0 0 	1072811 40382 0 	340.235 	3 	22
1117400000000 1117500000254 	1400002342 3693495994 49774 	1399952568 49774 0 0 0 	1325527 49774 0 	354.528 	3 	22
1136600000000 1136700000072 	1600002486 4222417852 49788 	1599952698 49788 0 0 0 	1326013 49788 0 	345.285 	3 	22
1155800000000 1155900000271 	1800003028 4751671567 49805 	1799953223 49805 0 0 0 	1326371 49805 0 	337.666 	3 	22
1175000000000 1175100000020 	2000003068 5281249844 49814 	1999953254 49814 0 0 0 	1326638 49814 0 	331.13 	3 	22
1194200000000 1194300000214 	2200003496 5811116768 49822 	2199953674 49822 0 0 0 	1326872 49822 0 	325.475 	3 	22
1213400000000 1213500000136 	2400003768 6341318161 49824 	2399953944 49824 0 0 0 	1326953 49824 0 	320.458 	3 	22
1232600000000 1232700000212 	2600004192 6871823515 49826 	2599954366 49826 0 0 0 	1326982 49826 0 	315.811 	3 	22
1251800000000 1251900000135 	2800004462 7402638242 49827 	2799954635 49827 0 0 0 	1327010 49827 0 	311.544 	3 	22
1271000000000 1271100000234 	3000004930 7933731990 49828 	2999955102 49828 0 0 0 	1327014 49828 0 	307.65 	3 	22
1290200000000 1290300000026 	3200004982 8465124306 49828 	3199955154 49828 0 0 0 	1327014 49828 0 	303.994 	3 	22
1309400000000 1309500000054 	3400005090 8996798021 49828 	3399955262 49828 0 0 0 	1327014 49828 0 	300.514 	3 	22
1328600000000 1328700000000 	3600005090 9528843833 66562 	3599938528 66562 0 0 0 	1773364 66562 0 	307.326 	3 	22
1347800000000 1347900000476 	3800006042 10061165706 80813 	3799925229 80813 0 0 0 	2158718 80813 0 	313.52 	3 	22
1367000000000 1367100000210 	4000006462 10593724424 93583 	3999912879 93583 0 0 0 	2505385 93583 0 	319.162 	3 	22
1386200000000 1386300000468 	4200007398 11126539383 104665 	4199902733 104665 0 0 0 	2803292 104665 0 	324.294 	3 	22
1405400000000 1405500000365 	4400008128 11659657506 114412 	4399893716 114412 0 0 0 	3062451 114412 0 	328.951 	3 	22
1424600000000 1424700000352 	4600008832 12192939192 122915 	4599885917 122915 0 0 0 	3290856 122915 0 	333.167 	3 	22
1443800000000 1443900000120 	4800009072 12726521342 130466 	4799878606 130466 0 0 0 	3495020 130466 0 	337.062 	3 	22
1463000000000 1463100000355 	5000009782 13260295536 136923 	4999872859 136923 0 0 0 	3666374 136923 0 	340.593 	3 	22
1482200000000 1482300000320 	5200010422 13794301852 142609 	5199867813 142609 0 0 0 	3817961 142609 0 	343.763 	3 	22
1501400000000 1501500000290 	5400011002 14328607248 147537 	5399863465 147537 0 0 0 	3952097 147537 0 	346.616 	3 	22
1520600000000 1520700000088 	5600011178 14863171877 151906 	5599859272 151906 0 0 0 	4069696 151906 0 	349.173 	3 	22
1539800000000 1539900000189 	5800011556 15397951438 155829 	5799855727 155829 0 0 0 	4174856 155829 0 	351.474 	3 	22
1559000000000 1559100000375 	6000012306 15932987452 159166 	5999853140 159166 0 0 0 	4263906 159166 0 	353.512 	3 	22
1578200000000 1578300000320 	6200012946 16468177537 162043 	6199850903 162043 0 0 0 	4338945 162043 0 	355.327 	3 	22
1597400000000 1597500000160 	6400013266 17003605765 162044 	6399851222 162044 0 0 0 	4339008 162044 0 	351.302 	3 	22
1616600000000 1616700000242 	6600013750 17539218787 162047 	6599851703 162047 0 0 0 	4339070 162047 0 	347.438 	3 	22
1635800000000 1635900000054 	6800013858 18075075665 162048 	6799851810 162048 0 0 0 	4339076 162048 0 	343.72 	3 	22
1655000000000 1655100000000 	7000013858 18611295587 180487 	6999833371 180487 0 0 0 	4839880 180487 0 	346.817 	3 	22
1674200000000 1674300000048 	7200013954 19147745921 196957 	7199816997 196957 0 0 0 	5286840 196957 0 	349.739 	3 	22
1693400000000 1693500000011 	7400013976 19684398158 211973 	7399802003 211973 0 0 0 	5692738 211973 0 	352.452 	3 	22
1712600000000 1712700000210 	7600014396 20221289684 225565 	7599788831 225565 0 0 0 	6066351 225565 0 	355.005 	3 	22
1731800000000 1731900000468 	7800015332 20758333012 237730 	7799777602 237730 0 0 0 	6395600 237730 0 	357.362 	3 	22
1751000000000 1751100000254 	8000015840 21295579258 248585 	7999767255 248585 0 0 0 	6688140 248585 0 	359.575 	3 	22
1770200000000 1770300000368 	8200016576 21833013063 258439 	8199758137 258439 0 0 0 	6952915 258439 0 	361.618 	3 	22
1789400000000 1789500000352 	8400017280 22370619231 267316 	8399749964 267316 0 0 0 	7191669 267316 0 	363.528 	3 	22
1808600000000 1808700000178 	8600017636 22908490340 275265 	8599742371 275265 0 0 0 	7406411 275265 0 	365.28 	3 	22
1827800000000 1827900000355 	8800018346 23446550098 282307 	8799736039 282307 0 0 0 	7599375 282307 0 	366.924 	3 	22
1847000000000 1847100000320 	9000018986 23984810142 288659 	8999730327 288659 0 0 0 	7773780 288659 0 	368.406 	3 	22
1866200000000 1866300000400 	9200019786 24523219761 294399 	9199725387 294399 0 0 0 	7928250 294399 0 	369.79 	3 	22
1885400000000 1885500000249 	9400020284 25061839090 299577 	9399720707 299577 0 0 0 	8070217 299577 0 	371.034 	3 	22
1904600000000 1904700000088 	9600020460 25600655252 304265 	9599716195 304265 0 0 0 	8198620 304265 0 	372.19 	3 	22
1923800000000 1923900000189 	9800020838 26139651773 308436 	9799712402 308436 0 0 0 	8312443 308436 0 	373.229 	3 	22
1943000000000 1943100000060 	10000020958 26678847812 312237 	9999708721 312237 0 0 0 	8415213 312237 0 	374.187 	3 	22
1962200000000 1962300000074 	10200021106 27218189841 315717 	10199705389 315717 0 0 0 	8511526 315717 0 	375.02 	3 	22
1981400000000 1981500000320 	10400021746 27757753526 318706 	10399703040 318706 0 0 0 	8594084 318706 0 	375.794 	3 	22
2000600000000 2000700000044 	10600021834 28297493743 321479 	10599700355 321479 0 0 0 	8671532 321479 0 	376.449 	3 	22
2019800000000 2019900000228 	10800022290 28837429482 324010 	10799698280 324010 0 0 0 	8740310 324010 0 	377.052 	3 	22
2039000000000 2039100000307 	11000022904 29377497008 326242 	10999696662 326242 0 0 0 	8802148 326242 0 	377.557 	3 	22
2058200000000 2058300000100 	11200023104 29917746791 328187 	11199694917 328187 0 0 0 	8855244 328187 0 	377.999 	3 	22
2077400000000 2077500000173 	11400023450 30458257218 330081 	11399693369 330081 0 0 0 	8906960 330081 0 	378.348 	3 	22
2096600000000 2096700000330 	11600024110 30998843541 331706 	11599692404 331706 0 0 0 	8951390 331706 0 	378.655 	3 	22
2115800000000 2115900000376 	11800024862 31539625116 333226 	11799691636 333226 0 0 0 	8992196 333226 0 	378.873 	3 	22
2135000000000 2135100000290 	12000025442 32080561482 334562 	11999690880 334562 0 0 0 	9027595 334562 0 	379.054 	3 	22
2154200000000 2154300000285 	12200026012 32621712401 335784 	12199690228 335784 0 0 0 	9060956 335784 0 	379.15 	3 	22
2173400000000 2173500000151 	12400026314 33162999252 336906 	12399689408 336906 0 0 0 	9092007 336906 0 	379.211 	3 	22
2192600000000 2192700000278 	12600026870 33704478386 337878 	12599688992 337878 0 0 0 	9119853 337878 0 	379.192 	3 	22
2211800000000 2211900000368 	12800027606 34246128263 348358 	12799679248 348358 0 0 0 	9406760 348358 0 	380.319 	3 	22
2231000000000 2231100000352 	13000028310 34788038779 358063 	12999670247 358063 0 0 0 	9670123 358063 0 	381.378 	3 	22
2250200000000 2250300000120 	13200028550 35330047952 367149 	13199661401 367149 0 0 0 	9921207 367149 0 	382.378 	3 	22
2269400000000 2269500000178 	13400028906 35872143721 375495 	13399653411 375495 0 0 0 	10151520 375495 0 	383.323 	3 	22
2288600000000 2288700000230 	13600029366 36414462315 383032 	13599646334 383032 0 0 0 	10358919 383032 0 	384.171 	3 	22
2307800000000 2307900000320 	13800030006 36956926267 390038 	13799639968 390038 0 0 0 	10554946 390038 0 	384.966 	3 	22
2327000000000 2327100000400 	14000030806 37499591463 396420 	13999634386 396420 0 0 0 	10730394 396420 0 	385.709 	3 	22
2346200000000 2346300000290 	14200031386 38042429638 402482 	14199628904 402482 0 0 0 	10900761 402482 0 	386.402 	3 	22
2365400000000 2365500000249 	14400031884 38585420441 407992 	14399623892 407992 0 0 0 	11055029 407992 0 	387.046 	3 	22
2384600000000 2384700000110 	14600032104 39128524888 413099 	14599619005 413099 0 0 0 	11196255 413099 0 	387.621 	3 	22
2403800000000 2403900000189 	14800032482 39671728927 417625 	14799614857 417625 0 0 0 	11321446 417625 0 	388.149 	3 	22
2423000000000 2423100000060 	15000032602 40215173459 421854 	14999610748 421854 0 0 0 	11439914 421854 0 	388.631 	3 	22
2442200000000 2442300000375 	15200033352 40758667919 425846 	15199607506 425846 0 0 0 	11551202 425846 0 	389.069 	3 	22
2461400000000 2461500000074 	15400033500 41302333868 429474 	15399604026 429474 0 0 0 	11650750 429474 0 	389.464 	3 	22
2480600000000 2480700000353 	15600034206 41846166448 432869 	15599601337 432869 0 0 0 	11747682 432869 0 	389.794 	3 	22
2499800000000 2499900000044 	15800034294 42390166893 435921 	15799598373 435921 0 0 0 	11832169 435921 0 	390.082 	3 	22
2519000000000 2519100000228 	16000034750 42934272939 438791 	15999595959 438791 0 0 0 	11911857 438791 0 	390.342 	3 	22
2538200000000 2538300000091 	16200034932 43478546451 441344 	16199593588 441344 0 0 0 	11985118 441344 0 	390.562 	3 	22
2557400000000 2557500000307 	16400035546 44022933081 443761 	16399591785 443761 0 0 0 	12049375 443761 0 	390.754 	3 	22
2576600000000 2576700000314 	16600036174 44567480785 445946 	16599590228 445946 0 0 0 	12110929 445946 0 	390.886 	3 	22
2595800000000 2595900000173 	16800036520 45112193391 447943 	16799588577 447943 0 0 0 	12164048 447943 0 	390.981 	3 	22
2615000000000 2615100000330 	17000037180 45657017408 449811 	16999587369 449811 0 0 0 	12215514 449811 0 	391.051 	3 	22
2634200000000 2634300000352 	17200037884 46201993429 451507 	17199586377 451507 0 0 0 	12263754 451507 0 	391.085 	3 	22
2653400000000 2653500000290 	17400038464 46747116633 453027 	17399585437 453027 0 0 0 	12306093 453027 0 	391.072 	3 	22
2672600000000 2672700000026 	17600038516 47292396155 454492 	17599584024 454492 0 0 0 	12347226 454492 0 	391.025 	3 	22
2691800000000 2691900000285 	17800039086 47837804267 455784 	17799583302 455784 0 0 0 	12383735 455784 0 	390.957 	3 	22
2711000000000 2711100000151 	18000039388 48383362041 456993 	17999582395 456993 0 0 0 	12417510 456993 0 	390.866 	3 	22
2730200000000 2730300000308 	18200040004 48929056906 458108 	18199581896 458108 0 0 0 	12448931 458108 0 	390.755 	3 	22
2749400000000 2749500000208 	18400040420 49474850433 459156 	18399581264 459156 0 0 0 	12478197 459156 0 	390.589 	3 	22
2768600000000 2768700000120 	18600040660 50020804460 460096 	18599580564 460096 0 0 0 	12504288 460096 0 	390.402 	3 	22
2787800000000 2787900000296 	18800041252 50566912504 461001 	18799580251 461001 0 0 0 	12528195 461001 0 	390.197 	3 	22
2807000000000 2807100000270 	19000041792 51113128230 461822 	18999579970 461822 0 0 0 	12551024 461822 0 	389.973 	3 	22
2826200000000 2826300000320 	19200042432 51659475588 462587 	19199579845 462587 0 0 0 	12571845 462587 0 	389.731 	3 	22
2845400000000 2845500000264 	19400042960 52205919383 463290 	19399579670 463290 0 0 0 	12591462 463290 0 	389.447 	3 	22
2864600000000 2864700000328 	19600043616 52752507145 463953 	19599579663 463953 0 0 0 	12610317 463953 0 	389.146 	3 	22
2883800000000 2883900000080 	19800043776 53299200441 464521 	19799579255 464521 0 0 0 	12625085 464521 0 	388.828 	3 	22
2903000000000 2903100000140 	20000044056 53845927952 465046 	19999579010 465046 0 0 0 	12639816 465046 0 	388.493 	3 	22
2922200000000 2922300000044 	20200044144 54392908867 465541 	20199578603 465541 0 0 0 	12653149 465541 0 	388.142 	3 	22
2941400000000 2941500000032 	20400044208 54939982953 465999 	20399578209 465999 0 0 0 	12666262 465999 0 	387.752 	3 	22
2960600000000 2960700000250 	20600044708 55487201235 466391 	20599578317 466391 0 0 0 	12676981 466391 0 	387.346 	3 	22
2979800000000 2979900000236 	20800045180 56034526500 466743 	20799578437 466743 0 0 0 	12686404 466743 0 	386.926 	3 	22
2999000000000 2999100000228 	21000045636 56582006059 467088 	20999578548 467088 0 0 0 	12696532 467088 0 	386.49 	3 	22
3018200000000 3018300000112 	21200045860 57129530856 467404 	21199578456 467404 0 0 0 	12705822 467404 0 	386.041 	3 	22
3037400000000 3037500000296 	21400046452 57677196052 467697 	21399578755 467697 0 0 0 	12713728 467697 0 	385.565 	3 	22
3056600000000 3056700000254 	21600046960 58225053558 467979 	21599578981 467979 0 0 0 	12722026 467979 0 	385.075 	3 	22
3075800000000 3075900000032 	21800047024 58772971177 468235 	21799578789 468235 0 0 0 	12729676 468235 0 	384.572 	3 	22
3095000000000 3095100000320 	22000047664 59320984922 471982 	21999575682 471982 0 0 0 	12831978 471982 0 	384.867 	3 	22
3114200000000 3114300000353 	22200048370 59869224428 475431 	22199572939 475431 0 0 0 	12929954 475431 0 	385.134 	3 	22
3133400000000 3133500000044 	22400048458 60417552511 478677 	22399569781 478677 0 0 0 	13022338 478677 0 	385.374 	3 	22
3152600000000 3152700000228 	22600048914 60965936617 481704 	22599567210 481704 0 0 0 	13108463 481704 0 	385.595 	3 	22
3171800000000 3171900000091 	22800049096 61514409898 484550 	22799564546 484550 0 0 0 	13186835 484550 0 	385.788 	3 	22
3191000000000 3191100000307 	23000049710 62062985946 487173 	22999562537 487173 0 0 0 	13259430 487173 0 	385.963 	3 	22
3210200000000 3210300000100 	23200049910 62611728955 489641 	23199560269 489641 0 0 0 	13327500 489641 0 	386.112 	3 	22
3229400000000 3229500000314 	23400050538 63160562261 492047 	23399558491 492047 0 0 0 	13395375 492047 0 	386.242 	3 	22
3248600000000 3248700000173 	23600050884 63709539228 494212 	23599556672 494212 0 0 0 	13458071 494212 0 	386.347 	3 	22
3267800000000 3267900000330 	23800051544 64258617300 496318 	23799555226 496318 0 0 0 	13518074 496318 0 	386.434 	3 	22
3287000000000 3287100000352 	24000052248 64807792678 498196 	23999554052 498196 0 0 0 	13570013 498196 0 	386.496 	3 	22
3306200000000 3306300000376 	24200053000 65357102132 500101 	24199552899 500101 0 0 0 	13624946 500101 0 	386.541 	3 	22
3325400000000 3325500000290 	24400053580 65906489980 501739 	24399551841 501739 0 0 0 	13670117 501739 0 	386.569 	3 	22
3344600000000 3344700000026 	24600053632 66455982770 503272 	24599550360 503272 0 0 0 	13714233 503272 0 	386.572 	3 	22
3363800000000 3363900000285 	24800054202 67005648488 504814 	24799549388 504814 0 0 0 	13756191 504814 0 	386.56 	3 	22
3383000000000 3383100000151 	25000054504 67555435657 506188 	24999548316 506188 0 0 0 	13793027 506188 0 	386.531 	3 	22
3402200000000 3402300000308 	25200055120 68105261465 507486 	25199547634 507486 0 0 0 	13827783 507486 0 	386.486 	3 	22
3421400000000 3421500000278 	25400055676 68655208874 508711 	25399546965 508711 0 0 0 	13860008 508711 0 	386.418 	3 	22
3440600000000 3440700000208 	25600056092 69205223480 509833 	25599546259 509833 0 0 0 	13891442 509833 0 	386.334 	3 	22
3459800000000 3459900000120 	25800056332 69755405000 510829 	25799545503 510829 0 0 0 	13919160 510829 0 	386.236 	3 	22
3479000000000 3479100000296 	26000056924 70305663734 511791 	25999545133 511791 0 0 0 	13946829 511791 0 	386.122 	3 	22
3498200000000 3498300000270 	26200057464 70856037595 512735 	26199544729 512735 0 0 0 	13974559 512735 0 	385.994 	3 	22
3517400000000 3517500000320 	26400058104 71406504885 513615 	26399544489 513615 0 0 0 	13998376 513615 0 	385.851 	3 	22
3536600000000 3536700000350 	26600058804 71957120864 514409 	26599544395 514409 0 0 0 	14020628 514409 0 	385.693 	3 	22
3555800000000 3555900000264 	26800059332 72507776284 515173 	26799544159 515173 0 0 0 	14042625 515173 0 	385.522 	3 	22
3575000000000 3575100000328 	27000059988 73058563026 515871 	26999544117 515871 0 0 0 	14061658 515871 0 	385.336 	3 	22
3594200000000 3594300000328 	27200060644 73609399021 516517 	27199544127 516517 0 0 0 	14078002 516517 0 	385.154 	3 	22
3613400000000 3613500000080 	27400060804 74160407131 517108 	27399543696 517108 0 0 0 	14094059 517108 0 	384.958 	3 	22
3632600000000 3632700000140 	27600061084 74711469894 517667 	27599543417 517667 0 0 0 	14108957 517667 0 	384.748 	3 	22
3651800000000 3651900000044 	27800061172 75262692579 518240 	27799542932 518240 0 0 0 	14124916 518240 0 	384.524 	3 	22
3671000000000 3671100000044 	28000061260 75814031172 518772 	27999542488 518772 0 0 0 	14140251 518772 0 	384.288 	3 	22
3690200000000 3690300000032 	28200061324 76365404630 519242 	28199542082 519242 0 0 0 	14152914 519242 0 	384.038 	3 	22
3709400000000 3709500000250 	28400061824 76916971399 519689 	28399542135 519689 0 0 0 	14164241 519689 0 	383.775 	3 	22
3728600000000 3728700000236 	28600062296 77468555303 520145 	28599542151 520145 0 0 0 	14177051 520145 0 	383.499 	3 	22
3747800000000 3747900000228 	28800062752 78020225297 520544 	28799542208 520544 0 0 0 	14188482 520544 0 	383.211 	3 	22
3767000000000 3767100000112 	29000062976 78571995563 520903 	28999542073 520903 0 0 0 	14198263 520903 0 	382.91 	3 	22
3786200000000 3786300000278 	29200063532 79123887608 521246 	29199542286 521246 0 0 0 	14208039 521246 0 	382.605 	3 	22
3805400000000 3805500000296 	29400064124 79675870010 521582 	29399542542 521582 0 0 0 	14217499 521582 0 	382.288 	3 	22
3824600000000 3824700000254 	29600064632 80227871526 521895 	29599542737 521895 0 0 0 	14226551 521895 0 	381.958 	3 	22
3843800000000 3843900000032 	29800064696 80779985505 522211 	29799542485 522211 0 0 0 	14235694 522211 0 	381.616 	3 	22
3863000000000 3863100000320 	30000065336 81332244954 522475 	29999542861 522475 0 0 0 	14242804 522475 0 	381.271 	3 	22
3882200000000 3882300000268 	30200065872 81884605909 522701 	30199543171 522701 0 0 0 	14249524 522701 0 	380.914 	3 	22
3901400000000 3901500000060 	30400065992 82437048920 522928 	30399543064 522928 0 0 0 	14255160 522928 0 	380.545 	3 	22
3920600000000 3920700000230 	30600066452 82989614316 523170 	30599543282 523170 0 0 0 	14262616 523170 0 	380.165 	3 	22
3939800000000 3939900000208 	30800066868 83542211933 523379 	30799543489 523379 0 0 0 	14268545 523379 0 	379.781 	3 	22
3959000000000 3959100000197 	31000067262 84094932408 523586 	30999543676 523586 0 0 0 	14273626 523586 0 	379.386 	3 	22
3978200000000 3978300000174 	31200067610 84647675412 523760 	31199543850 523760 0 0 0 	14278527 523760 0 	378.988 	3 	22
3997400000000 3997500000008 	31400067626 85200560261 523929 	31399543697 523929 0 0 0 	14282906 523929 0 	378.579 	3 	22
4016600000000 4016700000320 	31600068266 85753554775 524086 	31599544180 524086 0 0 0 	14286414 524086 0 	378.159 	3 	22
4035800000000 4035900000167 	31800068600 86306595492 524225 	31799544375 524225 0 0 0 	14289689 524225 0 	377.736 	3 	22
4055000000000 4055100000120 	32000068840 86859763694 524367 	31999544473 524367 0 0 0 	14293785 524367 0 	377.301 	3 	22
4074200000000 4074300000188 	32200069216 87413051294 524509 	32199544707 524509 0 0 0 	14297931 524509 0 	376.865 	3 	22
4093400000000 4093500000096 	32400069408 87966438854 524610 	32399544798 524610 0 0 0 	14300462 524610 0 	376.417 	3 	22
4112600000000 4112700000215 	32600069838 88519889478 524729 	32599545109 524729 0 0 0 	14303896 524729 0 	375.968 	3 	22
4131800000000 4131900000057 	32800069952 89073461057 524835 	32799545117 524835 0 0 0 	14307121 524835 0 	375.507 	3 	22
4151000000000 4151100000056 	33000070064 89627037564 524919 	32999545145 524919 0 0 0 	14309847 524919 0 	375.044 	3 	22
4170200000000 4170300000056 	33200070176 90180747347 525008 	33199545168 525008 0 0 0 	14312290 525008 0 	374.588 	3 	22
4189400000000 4189500000110 	33400070396 90734617558 525085 	33399545311 525085 0 0 0 	14313957 525085 0 	374.122 	3 	22
4208600000000 4208700000125 	33600070646 91288479935 525175 	33599545471 525175 0 0 0 	14316294 525175 0 	373.653 	3 	22
4227800000000 4227900000031 	33800070708 91842483931 525242 	33799545466 525242 0 0 0 	14317951 525242 0 	373.173 	3 	22
4247000000000 4247100000188 	34000071084 92396573591 525314 	33999545770 525314 0 0 0 	14319705 525314 0 	372.692 	3 	22
4266200000000 4266300000192 	34200071468 92950774792 525397 	34199546071 525397 0 0 0 	14322208 525397 0 	372.2 	3 	22
4285400000000 4285500000302 	34400072072 93505072222 525453 	34399546619 525453 0 0 0 	14323786 525453 0 	371.707 	3 	22
4304600000000 4304700000052 	34600072176 94059406211 525522 	34599546654 525522 0 0 0 	14326143 525522 0 	371.211 	3 	22
4323800000000 4323900000120 	34800072416 94613819604 526762 	34799545654 526762 0 0 0 	14360314 526762 0 	371.227 	3 	22
4343000000000 4343100000120 	35000072656 95168319674 527907 	34999544749 527907 0 0 0 	14394022 527907 0 	371.243 	3 	22
4362200000000 4362300000296 	35200073248 95722907627 528968 	35199544280 528968 0 0 0 	14425108 528968 0 	371.247 	3 	22
4381400000000 4381500000270 	35400073788 96277563154 529976 	35399543812 529976 0 0 0 	14452707 529976 0 	371.24 	3 	22
4400600000000 4400700000320 	35600074428 96832264693 530995 	35599543433 530995 0 0 0 	14480496 530995 0 	371.222 	3 	22
4419800000000 4419900000350 	35800075128 97387110601 531863 	35799543265 531863 0 0 0 	14505476 531863 0 	371.192 	3 	22
4439000000000 4439100000350 	36000075828 97942028836 532738 	35999543090 532738 0 0 0 	14531041 532738 0 	371.163 	3 	22
4458200000000 4458300000264 	36200076356 98497018294 533560 	36199542796 533560 0 0 0 	14554987 533560 0 	371.123 	3 	22
4477400000000 4477500000328 	36400077012 99052084804 534414 	36399542598 534414 0 0 0 	14579738 534414 0 	371.071 	3 	22
4496600000000 4496700000080 	36600077172 99607223234 535212 	36599541960 535212 0 0 0 	14601307 535212 0 	371.009 	3 	22
4515800000000 4515900000080 	36800077332 100162454329 535871 	36799541461 535871 0 0 0 	14620595 535871 0 	370.947 	3 	22
4535000000000 4535100000140 	37000077612 100717791225 536577 	36999541035 536577 0 0 0 	14640469 536577 0 	370.875 	3 	22
4554200000000 4554300000044 	37200077700 101273189419 537183 	37199540517 537183 0 0 0 	14657254 537183 0 	370.792 	3 	22
4573400000000 4573500000044 	37400077788 101828655883 537777 	37399540011 537777 0 0 0 	14674063 537777 0 	370.698 	3 	22
4592600000000 4592700000044 	37600077876 102384168218 538325 	37599539551 538325 0 0 0 	14687722 538325 0 	370.605 	3 	22
4611800000000 4611900000032 	37800077940 102939791297 538856 	37799539084 538856 0 0 0 	14701903 538856 0 	370.501 	3 	22
4631000000000 4631100000250 	38000078440 103495519363 539353 	37999539087 539353 0 0 0 	14715315 539353 0 	370.387 	3 	22
4650200000000 4650300000236 	38200078912 104051295726 539832 	38199539080 539832 0 0 0 	14730022 539832 0 	370.262 	3 	22
4669400000000 4669500000228 	38400079368 104607147570 540287 	38399539081 540287 0 0 0 	14743024 540287 0 	370.127 	3 	22
4688600000000 4688700000228 	38600079824 105163117803 540737 	38599539087 540737 0 0 0 	14755573 540737 0 	369.993 	3 	22
4707800000000 4707900000112 	38800080048 105719167149 541154 	38799538894 541154 0 0 0 	14766651 541154 0 	369.849 	3 	22
4727000000000 4727100000278 	39000080604 106275286712 541564 	38999539040 541564 0 0 0 	14778353 541564 0 	369.701 	3 	22
4746200000000 4746300000296 	39200081196 106831447060 541942 	39199539254 541942 0 0 0 	14790078 541942 0 	369.542 	3 	22
4765400000000 4765500000296 	39400081788 107387669390 542283 	39399539505 542283 0 0 0 	14799643 542283 0 	369.385 	3 	22
4784600000000 4784700000254 	39600082296 107943929161 542618 	39599539678 542618 0 0 0 	14809090 542618 0 	369.218 	3 	22
4803800000000 4803900000032 	39800082360 108500337254 542902 	39799539458 542902 0 0 0 	14817141 542902 0 	369.041 	3 	22
4823000000000 4823100000320 	40000083000 109056856201 543208 	39999539792 543208 0 0 0 	14825085 543208 0 	368.859 	3 	22
4842200000000 4842300000268 	40200083536 109613403830 543490 	40199540046 543490 0 0 0 	14833104 543490 0 	368.668 	3 	22
4861400000000 4861500000268 	40400084072 110170090005 543760 	40399540312 543760 0 0 0 	14841268 543760 0 	368.479 	3 	22
4880600000000 4880700000060 	40600084192 110726814291 544013 	40599540179 544013 0 0 0 	14848750 544013 0 	368.279 	3 	22
4899800000000 4899900000230 	40800084652 111283652539 544272 	40799540380 544272 0 0 0 	14856026 544272 0 	368.07 	3 	22
4919000000000 4919100000208 	41000085068 111840523096 544506 	40999540562 544506 0 0 0 	14861943 544506 0 	367.857 	3 	22
4938200000000 4938300000208 	41200085484 112397442005 544717 	41199540767 544717 0 0 0 	14868605 544717 0 	367.646 	3 	22
4957400000000 4957500000197 	41400085878 112954435587 544922 	41399540956 544922 0 0 0 	14874417 544922 0 	367.425 	3 	22
4976600000000 4976700000174 	41600086226 113511522417 545124 	41599541102 545124 0 0 0 	14880365 545124 0 	367.201 	3 	22
4995800000000 4995900000008 	41800086242 114068641494 545312 	41799540930 545312 0 0 0 	14885707 545312 0 	366.967 	3 	22
5015000000000 5015100000320 	42000086882 114625870114 545495 	41999541387 545495 0 0 0 	14890147 545495 0 	366.723 	3 	22
5034200000000 5034300000320 	42200087522 115183199415 545668 	42199541854 545668 0 0 0 	14895259 545668 0 	366.482 	3 	22
5053400000000 5053500000167 	42400087856 115740591970 545823 	42399542033 545823 0 0 0 	14899651 545823 0 	366.237 	3 	22
5072600000000 5072700000120 	42600088096 116298033583 545973 	42599542123 545973 0 0 0 	14903692 545973 0 	365.983 	3 	22
5091800000000 5091900000188 	42800088472 116855532064 546113 	42799542359 546113 0 0 0 	14907927 546113 0 	365.725 	3 	22
5111000000000 5111100000188 	43000088848 117413104073 546253 	42999542595 546253 0 0 0 	14911940 546253 0 	365.47 	3 	22
5130200000000 5130300000096 	43200089040 117970759373 546405 	43199542635 546405 0 0 0 	14915946 546405 0 	365.205 	3 	22
5149400000000 5149500000215 	43400089470 118528486691 546534 	43399542936 546534 0 0 0 	14919309 546534 0 	364.937 	3 	22
5168600000000 5168700000057 	43600089584 119086324313 546657 	43599542927 546657 0 0 0 	14922702 546657 0 	364.659 	3 	22
5187800000000 5187900000057 	43800089698 119644186276 546788 	43799542910 546788 0 0 0 	14927284 546788 0 	364.385 	3 	22
5207000000000 5207100000056 	44000089810 120202142335 546878 	43999542932 546878 0 0 0 	14929466 546878 0 	364.107 	3 	22
5226200000000 5226300000110 	44200090030 120760131829 546989 	44199543041 546989 0 0 0 	14932780 546989 0 	363.82 	3 	22
5245400000000 5245500000125 	44400090280 121318207514 547095 	44399543185 547095 0 0 0 	14935597 547095 0 	363.529 	3 	22
5264600000000 5264700000031 	44600090342 121876401356 547186 	44599543156 547186 0 0 0 	14938187 547186 0 	363.229 	3 	22
5283800000000 5283900000031 	44800090404 122434574277 547271 	44799543133 547271 0 0 0 	14940455 547271 0 	362.932 	3 	22
5303000000000 5303100000188 	45000090780 122992811943 547366 	44999543414 547366 0 0 0 	14942758 547366 0 	362.633 	3 	22
5322200000000 5322300000192 	45200091164 123551189297 547438 	45199543726 547438 0 0 0 	14945028 547438 0 	362.323 	3 	22
5341400000000 5341500000302 	45400091768 124109651840 547498 	45399544270 547498 0 0 0 	14946815 547498 0 	362.011 	3 	22
5360600000000 5360700000302 	45600092372 124668132751 547569 	45599544803 547569 0 0 0 	14948699 547569 0 	361.702 	3 	22
5379800000000 5379900000052 	45800092476 125226699982 547633 	45799544843 547633 0 0 0 	14950405 547633 0 	361.39 	3 	22
5399000000000 5399100000200 	46000092876 125785280697 547682 	45999545194 547682 0 0 0 	14951714 547682 0 	361.069 	3 	22
5418200000000 5418300000251 	46200093378 126343981613 547734 	46199545644 547734 0 0 0 	14953075 547734 0 	360.745 	3 	22
5437400000000 5437500000197 	46400093772 126902724468 547786 	46399545986 547786 0 0 0 	14954694 547786 0 	360.411 	3 	22
5456600000000 5456700000197 	46600094166 127461560459 547831 	46599546335 547831 0 0 0 	14955949 547831 0 	360.081 	3 	22
5475800000000 5475900000048 	46800094262 128020447179 547888 	46799546374 547888 0 0 0 	14957629 547888 0 	359.749 	3 	22
5495000000000 5495100000280 	47000094822 128579424546 547931 	46999546891 547931 0 0 0 	14958740 547931 0 	359.413 	3 	22
5514200000000 5514300000021 	47200094864 129138433699 547972 	47199546892 547972 0 0 0 	14960270 547972 0 	359.068 	3 	22
5533400000000 5533500000021 	47400094906 129697577897 548020 	47399546886 548020 0 0 0 	14961716 548020 0 	358.727 	3 	22
5552600000000 5552700000072 	47600095050 130256774857 548067 	47599546983 548067 0 0 0 	14963032 548067 0 	358.383 	3 	22
5571800000000 5571900000113 	47800095276 130816011364 548107 	47799547169 548107 0 0 0 	14964200 548107 0 	358.036 	3 	22
5591000000000 5591100000069 	48000095414 131375353420 548138 	47999547276 548138 0 0 0 	14965470 548138 0 	357.68 	3 	22
5610200000000 5610300000069 	48200095552 131934711425 548177 	48199547375 548177 0 0 0 	14966369 548177 0 	357.327 	3 	22
5629400000000 5629500000224 	48400096000 132494099710 548204 	48399547796 548204 0 0 0 	14967242 548204 0 	356.972 	3 	22
5648600000000 5648700000271 	48600096542 133053619682 548245 	48599548297 548245 0 0 0 	14968303 548245 0 	356.614 	3 	22
5667800000000 5667900000186 	48800096914 133613168607 548272 	48799548642 548272 0 0 0 	14968829 548272 0 	356.254 	3 	22
5687000000000 5687100000092 	49000097098 134172755427 548310 	48999548788 548310 0 0 0 	14969738 548310 0 	355.884 	3 	22
5706200000000 5706300000092 	49200097282 134732456356 548339 	49199548943 548339 0 0 0 	14970337 548339 0 	355.519 	3 	22
5725400000000 5725500000031 	49400097344 135292183150 548360 	49399548984 548360 0 0 0 	14971129 548360 0 	355.15 	3 	22
5744600000000 5744700000020 	49600097384 135852032650 548397 	49599548987 548397 0 0 0 	14971990 548397 0 	354.779 	3 	22
5763800000000 5763900000032 	49800097448 136411893848 548419 	49799549029 548419 0 0 0 	14972768 548419 0 	354.405 	3 	22
5783000000000 5783100000032 	50000097512 136971822318 548435 	49999549077 548435 0 0 0 	14973151 548435 0 	354.035 	3 	22
5802200000000 5802300000040 	50200097592 137531895209 548458 	50199549134 548458 0 0 0 	14973766 548458 0 	353.663 	3 	22
5821400000000 5821500000214 	50400098020 138091922748 548477 	50399549543 548477 0 0 0 	14974321 548477 0 	353.281 	3 	22
5840600000000 5840700000047 	50600098114 138652053083 548496 	50599549618 548496 0 0 0 	14974848 548496 0 	352.897 	3 	22
5859800000000 5859900000044 	50800098202 139212258540 548518 	50799549684 548518 0 0 0 	14975602 548518 0 	352.511 	3 	22
5879000000000 5879100000044 	51000098290 139772529964 548541 	50999549749 548541 0 0 0 	14976301 548541 0 	352.128 	3 	22
5898200000000 5898300000175 	51200098640 140332893620 548560 	51199550080 548560 0 0 0 	14976806 548560 0 	351.742 	3 	22
5917400000000 5917500000136 	51400098912 140893281346 548576 	51399550336 548576 0 0 0 	14977154 548576 0 	351.354 	3 	22
5936600000000 5936700000173 	51600099258 141453748199 548588 	51599550670 548588 0 0 0 	14977484 548588 0 	350.964 	3 	22
5955800000000 5955900000173 	51800099604 142014209376 548612 	51799550992 548612 0 0 0 	14978109 548612 0 	350.577 	3 	22
5975000000000 5975100000084 	52000099772 142574792251 548626 	51999551146 548626 0 0 0 	14978625 548626 0 	350.182 	3 	22
5994200000000 5994300000170 	52200100112 143135356567 548645 	52199551467 548645 0 0 0 	14979179 548645 0 	349.784 	3 	22
6013400000000 6013500000212 	52400100536 143696021084 548662 	52399551874 548662 0 0 0 	14979552 548662 0 	349.384 	3 	22
6032600000000 6032700000320 	52600101176 144256806153 549002 	52599552174 549002 0 0 0 	14989206 549002 0 	349.331 	3 	22
6051800000000 6051900000268 	52800101712 144817637012 549366 	52799552346 549366 0 0 0 	14999782 549366 0 	349.27 	3 	22
6071000000000 6071100000268 	53000102248 145378481833 549710 	52999552538 549710 0 0 0 	15010560 549710 0 	349.21 	3 	22
6090200000000 6090300000060 	53200102368 145939391413 549991 	53199552377 549991 0 0 0 	15019364 549991 0 	349.142 	3 	22
6109400000000 6109500000060 	53400102488 146500360608 550273 	53399552215 550273 0 0 0 	15027799 550273 0 	349.074 	3 	22
6128600000000 6128700000230 	53600102948 147061405841 550521 	53599552427 550521 0 0 0 	15034526 550521 0 	348.999 	3 	22
6147800000000 6147900000208 	53800103364 147622559180 550779 	53799552585 550779 0 0 0 	15042477 550779 0 	348.92 	3 	22
6167000000000 6167100000208 	54000103780 148183779907 551035 	53999552745 551035 0 0 0 	15050746 551035 0 	348.842 	3 	22
6186200000000 6186300000197 	54200104174 148744988452 551260 	54199552914 551260 0 0 0 	15058592 551260 0 	348.756 	3 	22
6205400000000 6205500000197 	54400104568 149306325950 551474 	54399553094 551474 0 0 0 	15064988 551474 0 	348.671 	3 	22
6224600000000 6224700000174 	54600104916 149867680005 551703 	54599553213 551703 0 0 0 	15070593 551703 0 	348.582 	3 	22
6243800000000 6243900000008 	54800104932 150429095618 551903 	54799553029 551903 0 0 0 	15076613 551903 0 	348.485 	3 	22
6263000000000 6263100000008 	55000104948 150990603004 552090 	54999552858 552090 0 0 0 	15082176 552090 0 	348.389 	3 	22
6282200000000 6282300000320 	55200105588 151552105644 552313 	55199553275 552313 0 0 0 	15088057 552313 0 	348.286 	3 	22
6301400000000 6301500000167 	55400105922 152113708545 552501 	55399553421 552501 0 0 0 	15093384 552501 0 	348.179 	3 	22
6320600000000 6320700000167 	55600106256 152675323514 552688 	55599553568 552688 0 0 0 	15099019 552688 0 	348.073 	3 	22
6339800000000 6339900000120 	55800106496 153237029945 552854 	55799553642 552854 0 0 0 	15103748 552854 0 	347.96 	3 	22
6359000000000 6359100000120 	56000106736 153798742409 553017 	55999553719 553017 0 0 0 	15109218 553017 0 	347.847 	3 	22
6378200000000 6378300000188 	56200107112 154360548643 553182 	56199553930 553182 0 0 0 	15113691 553182 0 	347.731 	3 	22
6397400000000 6397500000096 	56400107304 154922439677 553345 	56399553959 553345 0 0 0 	15119016 553345 0 	347.607 	3 	22
6416600000000 6416700000096 	56600107496 155484391636 553476 	56599554020 553476 0 0 0 	15123131 553476 0 	347.484 	3 	22
6435800000000 6435900000215 	56800107926 156046360689 553617 	56799554309 553617 0 0 0 	15127045 553617 0 	347.358 	3 	22
6455000000000 6455100000057 	57000108040 156608422269 553736 	56999554304 553736 0 0 0 	15130694 553736 0 	347.224 	3 	22
6474200000000 6474300000057 	57200108154 157170504926 553866 	57199554288 553866 0 0 0 	15134472 553866 0 	347.091 	3 	22
6493400000000 6493500000056 	57400108266 157732675990 554012 	57399554254 554012 0 0 0 	15138479 554012 0 	346.955 	3 	22
6512600000000 6512700000056 	57600108378 158294852460 554125 	57599554253 554125 0 0 0 	15141165 554125 0 	346.821 	3 	22
6531800000000 6531900000110 	57800108598 158857140591 554252 	57799554346 554252 0 0 0 	15144618 554252 0 	346.678 	3 	22
6551000000000 6551100000125 	58000108848 159419431203 554364 	57999554484 554364 0 0 0 	15148359 554364 0 	346.532 	3 	22
6570200000000 6570300000125 	58200109098 159981813369 554453 	58199554645 554453 0 0 0 	15151138 554453 0 	346.388 	3 	22
6589400000000 6589500000031 	58400109160 160544212886 554555 	58399554605 554555 0 0 0 	15154236 554555 0 	346.236 	3 	22
6608600000000 6608700000031 	58600109222 161106680359 554660 	58599554562 554660 0 0 0 	15157403 554660 0 	346.085 	3 	22
6627800000000 6627900000188 	58800109598 161669204107 554746 	58799554852 554746 0 0 0 	15159567 554746 0 	345.931 	3 	22
6647000000000 6647100000192 	59000109982 162231828381 554828 	58999555154 554828 0 0 0 	15162306 554828 0 	345.769 	3 	22
6666200000000 6666300000192 	59200110366 162794500963 554909 	59199555457 554909 0 0 0 	15164432 554909 0 	345.608 	3 	22
6685400000000 6685500000302 	59400110970 163357224522 555002 	59399555968 555002 0 0 0 	15167120 555002 0 	345.445 	3 	22
6704600000000 6704700000052 	59600111074 163920024093 555086 	59599555988 555086 0 0 0 	15169331 555086 0 	345.278 	3 	22
6723800000000 6723900000052 	59800111178 164482810398 555177 	59799556001 555177 0 0 0 	15171746 555177 0 	345.113 	3 	22
6743000000000 6743100000200 	60000111578 165045705314 555245 	59999556333 555245 0 0 0 	15173383 555245 0 	344.94 	3 	22
6762200000000 6762300000200 	60200111978 165608614809 555316 	60199556662 555316 0 0 0 	15175548 555316 0 	344.768 	3 	22
6781400000000 6781500000251 	60400112480 166171528994 555393 	60399557087 555393 0 0 0 	15177955 555393 0 	344.594 	3 	22
6800600000000 6800700000197 	60600112874 166734547985 555455 	60599557419 555455 0 0 0 	15179734 555455 0 	344.412 	3 	22
6819800000000 6819900000197 	60800113268 167297544787 555517 	60799557751 555517 0 0 0 	15181834 555517 0 	344.231 	3 	22
6839000000000 6839100000048 	61000113364 167860705346 555585 	60999557779 555585 0 0 0 	15183737 555585 0 	344.047 	3 	22
6858200000000 6858300000280 	61200113924 168423895677 555642 	61199558282 555642 0 0 0 	15185444 555642 0 	343.86 	3 	22
6877400000000 6877500000280 	61400114484 168987095954 555703 	61399558781 555703 0 0 0 	15187486 555703 0 	343.675 	3 	22
6896600000000 6896700000021 	61600114526 169550405129 555750 	61599558776 555750 0 0 0 	15188862 555750 0 	343.482 	3 	22
6915800000000 6915900000021 	61800114568 170113739372 555798 	61799558770 555798 0 0 0 	15190186 555798 0 	343.29 	3 	22
6935000000000 6935100000072 	62000114712 170677087265 555838 	61999558874 555838 0 0 0 	15191245 555838 0 	343.096 	3 	22
6954200000000 6954300000113 	62200114938 171240538038 555888 	62199559050 555888 0 0 0 	15192574 555888 0 	342.899 	3 	22
6973400000000 6973500000113 	62400115164 171804119508 555926 	62399559238 555926 0 0 0 	15193442 555926 0 	342.703 	3 	22
6992600000000 6992700000069 	62600115302 172367711719 555975 	62599559327 555975 0 0 0 	15194758 555975 0 	342.499 	3 	22
7011800000000 7011900000069 	62800115440 172931308243 556007 	62799559433 556007 0 0 0 	15195595 556007 0 	342.298 	3 	22
7031000000000 7031100000224 	63000115888 173494968981 556032 	62999559856 556032 0 0 0 	15196279 556032 0 	342.093 	3 	22
7050200000000 7050300000271 	63200116430 174058608531 556061 	63199560369 556061 0 0 0 	15197308 556061 0 	341.885 	3 	22
7069400000000 7069500000271 	63400116972 174622320723 556098 	63399560874 556098 0 0 0 	15198541 556098 0 	341.679 	3 	22
7088600000000 7088700000186 	63600117344 175186134324 556128 	63599561216 556128 0 0 0 	15199320 556128 0 	341.47 	3 	22
7107800000000 7107900000092 	63800117528 175750065366 556160 	63799561368 556160 0 0 0 	15199970 556160 0 	341.254 	3 	22
7127000000000 7127100000092 	64000117712 176313908679 556180 	63999561532 556180 0 0 0 	15200513 556180 0 	341.039 	3 	22
7146200000000 7146300000031 	64200117774 176877894295 556211 	64199561563 556211 0 0 0 	15201366 556211 0 	340.821 	3 	22
7165400000000 7165500000031 	64400117836 177441943218 556232 	64399561604 556232 0 0 0 	15201796 556232 0 	340.605 	3 	22
7184600000000 7184700000020 	64600117876 178006027581 556252 	64599561624 556252 0 0 0 	15202451 556252 0 	340.386 	3 	22
7203800000000 7203900000032 	64800117940 178570099958 556284 	64799561656 556284 0 0 0 	15203347 556284 0 	340.164 	3 	22
7223000000000 7223100000032 	65000118004 179134238577 556304 	64999561700 556304 0 0 0 	15203995 556304 0 	339.944 	3 	22
7242200000000 7242300000040 	65200118084 179698451856 556328 	65199561756 556328 0 0 0 	15204582 556328 0 	339.721 	3 	22
7261400000000 7261500000040 	65400118164 180262731849 556346 	65399561818 556346 0 0 0 	15205130 556346 0 	339.499 	3 	22
7280600000000 7280700000214 	65600118592 180827071942 556370 	65599562222 556370 0 0 0 	15206105 556370 0 	339.27 	3 	22
7299800000000 7299900000047 	65800118686 181391475275 556396 	65799562290 556396 0 0 0 	15206842 556396 0 	339.039 	3 	22
7319000000000 7319100000047 	66000118780 181955973867 556409 	65999562371 556409 0 0 0 	15207153 556409 0 	338.809 	3 	22
7338200000000 7338300000044 	66200118868 182520546167 556424 	66199562444 556424 0 0 0 	15207674 556424 0 	338.576 	3 	22
7357400000000 7357500000175 	66400119218 183085065914 556449 	66399562769 556449 0 0 0 	15208581 556449 0 	338.34 	3 	22
7376600000000 7376700000175 	66600119568 183649621283 556470 	66599563098 556470 0 0 0 	15209197 556470 0 	338.107 	3 	22
7395800000000 7395900000136 	66800119840 184214223139 556493 	66799563347 556493 0 0 0 	15209896 556493 0 	337.87 	3 	22
7415000000000 7415100000136 	67000120112 184778913192 556507 	66999563605 556507 0 0 0 	15210186 556507 0 	337.635 	3 	22
7434200000000 7434300000173 	67200120458 185343658107 556520 	67199563938 556520 0 0 0 	15210464 556520 0 	337.397 	3 	22
7453400000000 7453500000084 	67400120626 185908413176 556532 	67399564094 556532 0 0 0 	15210853 556532 0 	337.152 	3 	22
7472600000000 7472700000084 	67600120794 186473200407 556543 	67599564251 556543 0 0 0 	15211225 556543 0 	336.909 	3 	22
7491800000000 7491900000170 	67800121134 187038069854 556552 	67799564582 556552 0 0 0 	15211571 556552 0 	336.663 	3 	22
7511000000000 7511100000212 	68000121558 187603036735 556569 	67999564989 556569 0 0 0 	15211925 556569 0 	336.414 	3 	22
7530200000000 7530300000212 	68200121982 188168037004 556580 	68199565402 556580 0 0 0 	15212199 556580 0 	336.167 	3 	22
7549400000000 7549500000180 	68400122342 188733091501 556596 	68399565746 556596 0 0 0 	15212654 556596 0 	335.917 	3 	22
7568600000000 7568700000180 	68600122702 189298151326 556609 	68599566093 556609 0 0 0 	15213022 556609 0 	335.669 	3 	22
7587800000000 7587900000044 	68800122790 189863273298 556622 	68799566168 556622 0 0 0 	15213376 556622 0 	335.418 	3 	22
7607000000000 7607100000040 	69000122870 190428420540 556638 	68999566232 556638 0 0 0 	15213759 556638 0 	335.165 	3 	22
7626200000000 7626300000040 	69200122950 190993610255 556650 	69199566300 556650 0 0 0 	15214081 556650 0 	334.913 	3 	22
7645400000000 7645500000135 	69400123220 191558746228 556657 	69399566563 556657 0 0 0 	15214177 556657 0 	334.658 	3 	22
7664600000000 7664700000135 	69600123490 192124048767 556670 	69599566820 556670 0 0 0 	15214707 556670 0 	334.406 	3 	22
7683800000000 7683900000032 	69800123554 192689423839 556681 	69799566873 556681 0 0 0 	15214941 556681 0 	334.15 	3 	22
7703000000000 7703100000227 	70000124008 193254827509 556689 	69999567319 556689 0 0 0 	15215094 556689 0 	333.892 	3 	22
7722200000000 7722300000227 	70200124462 193820230091 556698 	70199567764 556698 0 0 0 	15215281 556698 0 	333.636 	3 	22
7741400000000 7741500000160 	70400124782 194385706886 556715 	70399568067 556715 0 0 0 	15215623 556715 0 	333.377 	3 	22
7760600000000 7760700000062 	70600124906 194951283052 556722 	70599568184 556722 0 0 0 	15215715 556722 0 	333.116 	3 	22
7779800000000 7779900000062 	70800125030 195516843677 556727 	70799568303 556727 0 0 0 	15215871 556727 0 	332.856 	3 	22
7799000000000 7799100000160 	71000125350 196082504177 556744 	70999568606 556744 0 0 0 	15216265 556744 0 	332.593 	3 	22
7818200000000 7818300000160 	71200125670 196648225812 556751 	71199568919 556751 0 0 0 	15216560 556751 0 	332.333 	3 	22
7837400000000 7837500000159 	71400125988 197213945418 556758 	71399569230 556758 0 0 0 	15216745 556758 0 	332.069 	3 	22
7856600000000 7856700000026 	71600126040 197779726707 556766 	71599569274 556766 0 0 0 	15216973 556766 0 	331.803 	3 	22
7875800000000 7875900000026 	71800126092 198345519315 556772 	71799569320 556772 0 0 0 	15217169 556772 0 	331.539 	3 	22
7895000000000 7895100000242 	72000126576 198911412500 556776 	71999569800 556776 0 0 0 	15217240 556776 0 	331.272 	3 	22
7914200000000 7914300000000 	72200126576 199477310044 556782 	72199569794 556782 0 0 0 	15217337 556782 0 	331.002 	3 	22
7933400000000 7933500000000 	72400126576 200043257614 556792 	72399569784 556792 0 0 0 	15217679 556792 0 	330.735 	3 	22
7952600000000 7952700000035 	72600126646 200609263089 556797 	72599569849 556797 0 0 0 	15217758 556797 0 	330.464 	3 	22
7971800000000 7971900000035 	72800126716 201175326396 556804 	72799569912 556804 0 0 0 	15217944 556804 0 	330.196 	3 	22
7991000000000 7991100000054 	73000126824 201741468126 556809 	72999570015 556809 0 0 0 	15217993 556809 0 	329.925 	3 	22
8010200000000 8010300000152 	73200127128 202307927377 590954 	73199536174 590954 0 0 0 	16195106 590954 0 	330.236 	3 	22
8029400000000 8029500000152 	73400127432 202874419410 624232 	73399503200 624232 0 0 0 	17138368 624232 0 	330.547 	3 	22
8048600000000 8048700000152 	73600127736 203440877700 656978 	73599470758 656978 0 0 0 	18079958 656978 0 	330.856 	3 	22
8067800000000 8067900000152 	73800128040 204007376808 689226 	73799438814 689226 0 0 0 	19012962 689226 0 	331.165 	3 	22
8087000000000 8087100000000 	74000128040 204573983365 720329 	73999407711 720329 0 0 0 	19906927 720329 0 	331.467 	3 	22
8106200000000 8106300000000 	74200128040 205140567113 751126 	74199376914 751126 0 0 0 	20793360 751126 0 	331.769 	3 	22
8125400000000 8125500000000 	74400128040 205707250882 781108 	74399346932 781108 0 0 0 	21654648 781108 0 	332.069 	3 	22
8144600000000 8144700000048 	74600128136 206273956523 810505 	74599317631 810505 0 0 0 	22496182 810505 0 	332.363 	3 	22
8163800000000 8163900000048 	74800128232 206840731847 839386 	74799288846 839386 0 0 0 	23332037 839386 0 	332.657 	3 	22
8183000000000 8183100000048 	75000128328 207407509277 867448 	74999260880 867448 0 0 0 	24142519 867448 0 	332.949 	3 	22
8202200000000 8202300000476 	75200129280 207974339087 894712 	75199234568 894712 0 0 0 	24926575 894712 0 	333.236 	3 	22
8221400000000 8221500000476 	75400130232 208541220384 921949 	75399208283 921949 0 0 0 	25705056 921949 0 	333.521 	3 	22
8240600000000 8240700000476 	75600131184 209108159255 948425 	75599182759 948425 0 0 0 	26476988 948425 0 	333.806 	3 	22
8259800000000 8259900000011 	75800131206 209675129043 974188 	75799157018 974188 0 0 0 	27217186 974188 0 	334.085 	3 	22
8279000000000 8279100000011 	76000131228 210242145667 999835 	75999131393 999835 0 0 0 	27953069 999835 0 	334.364 	3 	22
8298200000000 8298300000011 	76200131250 210809162434 1024519 	76199106731 1024519 0 0 0 	28655707 1024519 0 	334.642 	3 	22
8317400000000 8317500000210 	76400131670 211376173215 1048944 	76399082726 1048944 0 0 0 	29360749 1048944 0 	334.914 	3 	22
8336600000000 8336700000210 	76600132090 211943301389 1073140 	76599058950 1073140 0 0 0 	30053572 1073140 0 	335.185 	3 	22
8355800000000 8355900000210 	76800132510 212510488042 1096724 	76799035786 1096724 0 0 0 	30731885 1096724 0 	335.454 	3 	22
8375000000000 8375100000210 	77000132930 213077671244 1119759 	76999013171 1119759 0 0 0 	31397126 1119759 0 	335.723 	3 	22
8394200000000 8394300000381 	77200133692 213644892683 1142510 	77198991182 1142510 0 0 0 	32052629 1142510 0 	335.986 	3 	22
8413400000000 8413500000381 	77400134454 214212140697 1164269 	77398970185 1164269 0 0 0 	32680555 1164269 0 	336.248 	3 	22
8432600000000 8432700000200 	77600134854 214779272526 1164362 	77598970492 1164362 0 0 0 	32683322 1164362 0 	336.144 	3 	22
8451800000000 8451900000200 	77800135254 215346453423 1164440 	77798970814 1164440 0 0 0 	32685392 1164440 0 	336.039 	3 	22
8471000000000 8471100000251 	78000135756 215913623759 1164526 	77998971230 1164526 0 0 0 	32687863 1164526 0 	335.933 	3 	22
8490200000000 8490300000251 	78200136258 216480888124 1164604 	78198971654 1164604 0 0 0 	32690483 1164604 0 	335.827 	3 	22
8509400000000 8509500000197 	78400136652 217048197476 1164677 	78398971975 1164677 0 0 0 	32692762 1164677 0 	335.715 	3 	22
8528600000000 8528700000197 	78600137046 217615574865 1164763 	78598972283 1164763 0 0 0 	32695270 1164763 0 	335.603 	3 	22
8547800000000 8547900000048 	78800137142 218182992372 1164826 	78798972316 1164826 0 0 0 	32697095 1164826 0 	335.489 	3 	22
8567000000000 8567100000048 	79000137238 218750456190 1164891 	78998972347 1164891 0 0 0 	32698668 1164891 0 	335.376 	3 	22
8586200000000 8586300000280 	79200137798 219317957954 1164947 	79198972851 1164947 0 0 0 	32700648 1164947 0 	335.26 	3 	22
8605400000000 8605500000280 	79400138358 219885548161 1165008 	79398973350 1165008 0 0 0 	32702291 1165008 0 	335.145 	3 	22
8624600000000 8624700000021 	79600138400 220453088919 1165078 	79598973322 1165078 0 0 0 	32704331 1165078 0 	335.024 	3 	22
8643800000000 8643900000021 	79800138442 221020726532 1165118 	79798973324 1165118 0 0 0 	32705478 1165118 0 	334.904 	3 	22
8663000000000 8663100000072 	80000138586 221588336189 1165179 	79998973407 1165179 0 0 0 	32706872 1165179 0 	334.781 	3 	22
8682200000000 8682300000072 	80200138730 222156008537 1165231 	80198973499 1165231 0 0 0 	32708325 1165231 0 	334.658 	3 	22
8701400000000 8701500000113 	80400138956 222723667894 1165291 	80398973665 1165291 0 0 0 	32709963 1165291 0 	334.534 	3 	22
8720600000000 8720700000113 	80600139182 223291466185 1165342 	80598973840 1165342 0 0 0 	32711463 1165342 0 	334.409 	3 	22
8739800000000 8739900000069 	80800139320 223859311286 1165382 	80798973938 1165382 0 0 0 	32712586 1165382 0 	334.279 	3 	22
8759000000000 8759100000069 	81000139458 224427144411 1165417 	80998974041 1165417 0 0 0 	32713362 1165417 0 	334.15 	3 	22
8778200000000 8778300000224 	81200139906 224995037360 1165472 	81198974434 1165472 0 0 0 	32714837 1165472 0 	334.018 	3 	22
8797400000000 8797500000224 	81400140354 225562930931 1165518 	81398974836 1165518 0 0 0 	32716037 1165518 0 	333.887 	3 	22
8816600000000 8816700000271 	81600140896 226130856989 1165555 	81598975341 1165555 0 0 0 	32717048 1165555 0 	333.754 	3 	22
8835800000000 8835900000271 	81800141438 226698865392 1165593 	81798975845 1165593 0 0 0 	32717918 1165593 0 	333.621 	3 	22
8855000000000 8855100000186 	82000141810 227266909187 1165629 	81998976181 1165629 0 0 0 	32718740 1165629 0 	333.485 	3 	22
8874200000000 8874300000186 	82200142182 227835005184 1165669 	82198976513 1165669 0 0 0 	32719685 1165669 0 	333.351 	3 	22
8893400000000 8893500000092 	82400142366 228403144972 1165694 	82398976672 1165694 0 0 0 	32720348 1165694 0 	333.21 	3 	22
8912600000000 8912700000092 	82600142550 228971338420 1165727 	82598976823 1165727 0 0 0 	32721222 1165727 0 	333.07 	3 	22
8931800000000 8931900000031 	82800142612 229539536354 1165768 	82798976844 1165768 0 0 0 	32722368 1165768 0 	332.928 	3 	22
8951000000000 8951100000031 	83000142674 230107838272 1165790 	82998976884 1165790 0 0 0 	32723025 1165790 0 	332.787 	3 	22
8970200000000 8970300000020 	83200142714 230676138100 1165816 	83198976898 1165816 0 0 0 	32723767 1165816 0 	332.643 	3 	22
8989400000000 8989500000020 	83400142754 231244516919 1165857 	83398976897 1165857 0 0 0 	32725166 1165857 0 	332.499 	3 	22
9008600000000 9008700000032 	83600142818 231812898785 1165889 	83598976929 1165889 0 0 0 	32725931 1165889 0 	332.354 	3 	22
9027800000000 9027900000032 	83800142882 232381336622 1165921 	83798976961 1165921 0 0 0 	32727001 1165921 0 	332.209 	3 	22
9047000000000 9047100000040 	84000142962 232949819575 1165951 	83998977011 1165951 0 0 0 	32727800 1165951 0 	332.061 	3 	22
9066200000000 9066300000040 	84200143042 233518328678 1165973 	84198977069 1165973 0 0 0 	32728472 1165973 0 	331.915 	3 	22
9085400000000 9085500000214 	84400143470 234086836815 1165999 	84398977471 1165999 0 0 0 	32729061 1165999 0 	331.762 	3 	22
9104600000000 9104700000214 	84600143898 234655491815 1166016 	84598977882 1166016 0 0 0 	32729446 1166016 0 	331.611 	3 	22
9123800000000 9123900000047 	84800143992 235224165667 1166054 	84798977938 1166054 0 0 0 	32730387 1166054 0 	331.457 	3 	22
9143000000000 9143100000047 	85000144086 235792884405 1166080 	84998978006 1166080 0 0 0 	32731072 1166080 0 	331.303 	3 	22
9162200000000 9162300000044 	85200144174 236361651423 1166105 	85198978069 1166105 0 0 0 	32731679 1166105 0 	331.148 	3 	22
9181400000000 9181500000044 	85400144262 236930404063 1166124 	85398978138 1166124 0 0 0 	32732126 1166124 0 	330.993 	3 	22
9200600000000 9200700000175 	85600144612 237499165688 1166142 	85598978470 1166142 0 0 0 	32732857 1166142 0 	330.835 	3 	22
9219800000000 9219900000175 	85800144962 238067983906 1166172 	85798978790 1166172 0 0 0 	32733675 1166172 0 	330.679 	3 	22
9239000000000 9239100000136 	86000145234 238636856842 1166197 	85998979037 1166197 0 0 0 	32734360 1166197 0 	330.52 	3 	22
9258200000000 9258300000136 	86200145506 239205730239 1166213 	86198979293 1166213 0 0 0 	32734786 1166213 0 	330.362 	3 	22
9277400000000 9277500000173 	86400145852 239774657646 1166233 	86398979619 1166233 0 0 0 	32735354 1166233 0 	330.201 	3 	22
9296600000000 9296700000173 	86600146198 240343667782 1166256 	86598979942 1166256 0 0 0 	32736084 1166256 0 	330.041 	3 	22
9315800000000 9315900000084 	86800146366 240912677443 1166274 	86798980092 1166274 0 0 0 	32736464 1166274 0 	329.876 	3 	22
9335000000000 9335100000084 	87000146534 241481667651 1166293 	86998980241 1166293 0 0 0 	32737014 1166293 0 	329.711 	3 	22
9354200000000 9354300000170 	87200146874 242050770354 1166303 	87198980571 1166303 0 0 0 	32737358 1166303 0 	329.544 	3 	22
9373400000000 9373500000170 	87400147214 242619893933 1166317 	87398980897 1166317 0 0 0 	32737864 1166317 0 	329.378 	3 	22
9392600000000 9392700000212 	87600147638 243189078662 1166336 	87598981302 1166336 0 0 0 	32738552 1166336 0 	329.209 	3 	22
9411800000000 9411900000212 	87800148062 243758328413 1166363 	87798981699 1166363 0 0 0 	32739647 1166363 0 	329.041 	3 	22
9431000000000 9431100000180 	88000148422 244327614179 1166372 	87998982050 1166372 0 0 0 	32739983 1166372 0 	328.871 	3 	22
9450200000000 9450300000180 	88200148782 244896902310 1166386 	88198982396 1166386 0 0 0 	32740387 1166386 0 	328.702 	3 	22
9469400000000 9469500000044 	88400148870 245466200838 1166395 	88398982475 1166395 0 0 0 	32740704 1166395 0 	328.53 	3 	22
9488600000000 9488700000044 	88600148958 246035607153 1166402 	88598982556 1166402 0 0 0 	32740903 1166402 0 	328.359 	3 	22
9507800000000 9507900000040 	88800149038 246604999787 1166421 	88798982617 1166421 0 0 0 	32741498 1166421 0 	328.186 	3 	22
9527000000000 9527100000040 	89000149118 247174338029 1166437 	88998982681 1166437 0 0 0 	32742022 1166437 0 	328.013 	3 	22
9546200000000 9546300000135 	89200149388 247743779782 1166451 	89198982937 1166451 0 0 0 	32742433 1166451 0 	327.839 	3 	22
9565400000000 9565500000135 	89400149658 248313313567 1166460 	89398983198 1166460 0 0 0 	32742734 1166460 0 	327.665 	3 	22
9584600000000 9584700000032 	89600149722 248882882474 1166469 	89598983253 1166469 0 0 0 	32742975 1166469 0 	327.489 	3 	22
9603800000000 9603900000032 	89800149786 249452500891 1166478 	89798983308 1166478 0 0 0 	32743402 1166478 0 	327.313 	3 	22
9623000000000 9623100000227 	90000150240 250022067954 1166491 	89998983749 1166491 0 0 0 	32743989 1166491 0 	327.136 	3 	22
9642200000000 9642300000227 	90200150694 250591808094 1166502 	90198984192 1166502 0 0 0 	32744336 1166502 0 	326.959 	3 	22
9661400000000 9661500000160 	90400151014 251161553373 1166514 	90398984500 1166514 0 0 0 	32744639 1166514 0 	326.779 	3 	22
9680600000000 9680700000160 	90600151334 251731280605 1166523 	90598984811 1166523 0 0 0 	32744906 1166523 0 	326.601 	3 	22
9699800000000 9699900000062 	90800151458 252301080209 1166532 	90798984926 1166532 0 0 0 	32745092 1166532 0 	326.421 	3 	22
9719000000000 9719100000062 	91000151582 252870973117 1166543 	90998985039 1166543 0 0 0 	32745492 1166543 0 	326.241 	3 	22
9738200000000 9738300000160 	91200151902 253440840000 1166552 	91198985350 1166552 0 0 0 	32745885 1166552 0 	326.059 	3 	22
9757400000000 9757500000160 	91400152222 254010760708 1166562 	91398985660 1166562 0 0 0 	32746122 1166562 0 	325.877 	3 	22
9776600000000 9776700000159 	91600152540 254580634297 1166569 	91598985971 1166569 0 0 0 	32746482 1166569 0 	325.694 	3 	22
9795800000000 9795900000159 	91800152858 255150542263 1166581 	91798986277 1166581 0 0 0 	32746795 1166581 0 	325.511 	3 	22
9815000000000 9815100000026 	92000152910 255720568611 1166591 	91998986319 1166591 0 0 0 	32747259 1166591 0 	325.326 	3 	22
9834200000000 9834300000026 	92200152962 256290615632 1166597 	92198986365 1166597 0 0 0 	32747451 1166597 0 	325.142 	3 	22
9853400000000 9853500000242 	92400153446 256860720490 1166607 	92398986839 1166607 0 0 0 	32747756 1166607 0 	324.956 	3 	22
9872600000000 9872700000242 	92600153930 257430762989 1166614 	92598987316 1166614 0 0 0 	32747959 1166614 0 	324.77 	3 	22
9891800000000 9891900000000 	92800153930 258000921915 1166619 	92798987311 1166619 0 0 0 	32748084 1166619 0 	324.582 	3 	22
9911000000000 9911100000000 	93000153930 258571110251 1166625 	92998987305 1166625 0 0 0 	32748166 1166625 0 	324.395 	3 	22
9930200000000 9930300000000 	93200153930 259141358575 1166633 	93198987297 1166633 0 0 0 	32748355 1166633 0 	324.209 	3 	22
9949400000000 9949500000035 	93400154000 259711633622 1166638 	93398987362 1166638 0 0 0 	32748443 1166638 0 	324.021 	3 	22
9968600000000 9968700000035 	93600154070 260281940961 1166645 	93598987425 1166645 0 0 0 	32748629 1166645 0 	323.834 	3 	22
9987800000000 9987900000054 	93800154178 260852305976 1166653 	93798987525 1166653 0 0 0 	32748809 1166653 0 	323.644 	3 	22
