1002300000000 1002400000135 	200000270 526557946 2 	200000268 2 0 0 0 	47 2 0 	265 	3 	23
1021500000000 1021600000160 	400000590 1053493075 5 	400000585 5 0 0 0 	59 5 0 	262.476 	3 	23
1040700000000 1040800000000 	600000590 1580772111 5 	600000585 5 0 0 0 	59 5 0 	260.281 	3 	23
1059900000000 1060000000000 	800000590 2108458382 15564 	799985026 15564 0 0 0 	409442 15564 0 	295.727 	3 	23
1079100000000 1079200000476 	1000001542 2636497824 28545 	999972997 28545 0 0 0 	752747 28545 0 	321.368 	3 	23
1098300000000 1098400000381 	1200002304 3164822300 39737 	1199962567 39737 0 0 0 	1050571 39737 0 	340.184 	3 	23
1117500000000 1117600000254 	1400002812 3693538088 49214 	1399953598 49214 0 0 0 	1301417 49214 0 	354.48 	3 	23
1136700000000 1136800000072 	1600002956 4222491683 49231 	1599953725 49231 0 0 0 	1302053 49231 0 	345.246 	3 	23
1155900000000 1156000000271 	1800003498 4751795162 49242 	1799954256 49242 0 0 0 	1302345 49242 0 	337.633 	3 	23
1175100000000 1175200000020 	2000003538 5281357515 49245 	1999954293 49245 0 0 0 	1302439 49245 0 	331.101 	3 	23
1194300000000 1194400000214 	2200003966 5811258153 49253 	2199954713 49253 0 0 0 	1302545 49253 0 	325.449 	3 	23
1213500000000 1213600000136 	2400004238 6341414231 49263 	2399954975 49263 0 0 0 	1302891 49263 0 	320.435 	3 	23
1232700000000 1232800000212 	2600004662 6871892610 49271 	2599955391 49271 0 0 0 	1303170 49271 0 	315.791 	3 	23
1251900000000 1252000000135 	2800004932 7402703395 49271 	2799955661 49271 0 0 0 	1303170 49271 0 	311.526 	3 	23
1271100000000 1271200000062 	3000005056 7933811403 49274 	2999955782 49274 0 0 0 	1303353 49274 0 	307.557 	3 	23
1290300000000 1290400000026 	3200005108 8465189661 49277 	3199955831 49277 0 0 0 	1303570 49277 0 	303.908 	3 	23
1309500000000 1309600000054 	3400005216 8996852800 49280 	3399955936 49280 0 0 0 	1303636 49280 0 	300.436 	3 	23
1328700000000 1328800000000 	3600005216 9528889703 65600 	3599939616 65600 0 0 0 	1750292 65600 0 	307.249 	3 	23
1347900000000 1348000000476 	3800006168 10061224485 80098 	3799926070 80098 0 0 0 	2146194 80098 0 	313.443 	3 	23
1367100000000 1367200000210 	4000006588 10593776311 92939 	3999913649 92939 0 0 0 	2492603 92939 0 	319.087 	3 	23
1386300000000 1386400000468 	4200007524 11126576957 104047 	4199903477 104047 0 0 0 	2790045 104047 0 	324.22 	3 	23
1405500000000 1405600000365 	4400008254 11659608665 113771 	4399894483 113771 0 0 0 	3054629 113771 0 	328.878 	3 	23
1424700000000 1424800000352 	4600008958 12192915297 122307 	4599886651 122307 0 0 0 	3281284 122307 0 	333.096 	3 	23
1443900000000 1444000000191 	4800009340 12726437551 129696 	4799879644 129696 0 0 0 	3479490 129696 0 	336.958 	3 	23
1463100000000 1463200000355 	5000010050 13260237345 136193 	4999873857 136193 0 0 0 	3654717 136193 0 	340.492 	3 	23
1482300000000 1482400000320 	5200010690 13794264030 141903 	5199868787 141903 0 0 0 	3808146 141903 0 	343.664 	3 	23
1501500000000 1501600000290 	5400011270 14328526269 146762 	5399864508 146762 0 0 0 	3939933 146762 0 	346.519 	3 	23
1520700000000 1520800000088 	5600011446 14863076282 151028 	5599860418 151028 0 0 0 	4056874 151028 0 	349.078 	3 	23
1539900000000 1540000000189 	5800011824 15397878933 154782 	5799857042 154782 0 0 0 	4156042 154782 0 	351.381 	3 	23
1559100000000 1559200000375 	6000012574 15932866087 158157 	5999854417 158157 0 0 0 	4247794 158157 0 	353.421 	3 	23
1578300000000 1578400000320 	6200013214 16468119740 160973 	6199852241 160973 0 0 0 	4323176 160973 0 	355.238 	3 	23
1597500000000 1597600000160 	6400013534 17003602739 160974 	6399852560 160974 0 0 0 	4323177 160974 0 	351.218 	3 	23
1616700000000 1616800000242 	6600014018 17539218516 160975 	6599853043 160975 0 0 0 	4323204 160975 0 	347.359 	3 	23
1635900000000 1636000000054 	6800014126 18075162360 160978 	6799853148 160978 0 0 0 	4323332 160978 0 	343.644 	3 	23
1655100000000 1655200000000 	7000014126 18611438735 179515 	6999834611 179515 0 0 0 	4822074 179515 0 	346.742 	3 	23
1674300000000 1674400000048 	7200014222 19147823497 196063 	7199818159 196063 0 0 0 	5268147 196063 0 	349.665 	3 	23
1693500000000 1693600000011 	7400014244 19684529044 211092 	7399803152 211092 0 0 0 	5677513 211092 0 	352.378 	3 	23
1712700000000 1712800000210 	7600014664 20221445038 224488 	7599790176 224488 0 0 0 	6046463 224488 0 	354.932 	3 	23
1731900000000 1732000000468 	7800015600 20758518377 236662 	7799778938 236662 0 0 0 	6380976 236662 0 	357.291 	3 	23
1751100000000 1751200000254 	8000016108 21295811527 247462 	7999768646 247462 0 0 0 	6675414 247462 0 	359.504 	3 	23
1770300000000 1770400000368 	8200016844 21833235560 257289 	8199759555 257289 0 0 0 	6944472 257289 0 	361.548 	3 	23
1789500000000 1789600000352 	8400017548 22370830553 266136 	8399751412 266136 0 0 0 	7184294 266136 0 	363.459 	3 	23
1808700000000 1808800000178 	8600017904 22908627415 274299 	8599743605 274299 0 0 0 	7408027 274299 0 	365.212 	3 	23
1827900000000 1828000000355 	8800018614 23446718042 281528 	8799737086 281528 0 0 0 	7605385 281528 0 	366.858 	3 	23
1847100000000 1847200000320 	9000019254 23984985860 288015 	8999731239 288015 0 0 0 	7782535 288015 0 	368.34 	3 	23
1866300000000 1866400000400 	9200020054 24523444839 293737 	9199726317 293737 0 0 0 	7936693 293737 0 	369.725 	3 	23
1885500000000 1885600000249 	9400020552 25062076072 298998 	9399721554 298998 0 0 0 	8077206 298998 0 	370.97 	3 	23
1904700000000 1904800000088 	9600020728 25600879783 303617 	9599717111 303617 0 0 0 	8203415 303617 0 	372.127 	3 	23
1923900000000 1924000000189 	9800021106 26139904485 307863 	9799713243 307863 0 0 0 	8318737 307863 0 	373.167 	3 	23
1943100000000 1943200000060 	10000021226 26679124527 311778 	9999709448 311778 0 0 0 	8423704 311778 0 	374.126 	3 	23
1962300000000 1962400000074 	10200021374 27218473669 315189 	10199706185 315189 0 0 0 	8516567 315189 0 	374.96 	3 	23
1981500000000 1981600000320 	10400022014 27758064558 318248 	10399703766 318248 0 0 0 	8598137 318248 0 	375.734 	3 	23
2000700000000 2000800000044 	10600022102 28297747743 321108 	10599700994 321108 0 0 0 	8677183 321108 0 	376.391 	3 	23
2019900000000 2020000000228 	10800022558 28837635585 323677 	10799698881 323677 0 0 0 	8746005 323677 0 	376.994 	3 	23
2039100000000 2039200000307 	11000023172 29377757171 325967 	10999697205 325967 0 0 0 	8809340 325967 0 	377.5 	3 	23
2058300000000 2058400000100 	11200023372 29918108359 327931 	11199695441 327931 0 0 0 	8863077 327931 0 	377.943 	3 	23
2077500000000 2077600000173 	11400023718 30458534386 329750 	11399693968 329750 0 0 0 	8910512 329750 0 	378.293 	3 	23
2096700000000 2096800000330 	11600024378 30999141494 331386 	11599692992 331386 0 0 0 	8955490 331386 0 	378.601 	3 	23
2115900000000 2116000000376 	11800025130 31539956202 332872 	11799692258 332872 0 0 0 	8995643 332872 0 	378.82 	3 	23
2135100000000 2135200000290 	12000025710 32080911113 334188 	11999691522 334188 0 0 0 	9032395 334188 0 	379.001 	3 	23
2154300000000 2154400000285 	12200026280 32622059796 335385 	12199690895 335385 0 0 0 	9065927 335385 0 	379.098 	3 	23
2173500000000 2173600000361 	12400027002 33163348611 336456 	12399690546 336456 0 0 0 	9095877 336456 0 	379.146 	3 	23
2192700000000 2192800000278 	12600027558 33704815748 337418 	12599690140 337418 0 0 0 	9123118 337418 0 	379.128 	3 	23
2211900000000 2212000000368 	12800028294 34246486847 348049 	12799680245 348049 0 0 0 	9414812 348049 0 	380.256 	3 	23
2231100000000 2231200000352 	13000028998 34788430435 357893 	12999671105 357893 0 0 0 	9688886 357893 0 	381.315 	3 	23
2250300000000 2250400000120 	13200029238 35330465180 366798 	13199662440 366798 0 0 0 	9935987 366798 0 	382.316 	3 	23
2269500000000 2269600000178 	13400029594 35872593801 375002 	13399654592 375002 0 0 0 	10162323 375002 0 	383.261 	3 	23
2288700000000 2288800000230 	13600030054 36414922876 382667 	13599647387 382667 0 0 0 	10374397 382667 0 	384.11 	3 	23
2307900000000 2308000000320 	13800030694 36957359995 389643 	13799641051 389643 0 0 0 	10568814 389643 0 	384.905 	3 	23
2327100000000 2327200000400 	14000031494 37500033506 396161 	13999635333 396161 0 0 0 	10746883 396161 0 	385.649 	3 	23
2346300000000 2346400000290 	14200032074 38042845516 402204 	14199629870 402204 0 0 0 	10913152 402204 0 	386.343 	3 	23
2365500000000 2365600000249 	14400032572 38585783768 407709 	14399624863 407709 0 0 0 	11067044 407709 0 	386.988 	3 	23
2384700000000 2384800000110 	14600032792 39128893695 412754 	14599620038 412754 0 0 0 	11205277 412754 0 	387.563 	3 	23
2403900000000 2404000000189 	14800033170 39672122966 417392 	14799615778 417392 0 0 0 	11333728 417392 0 	388.091 	3 	23
2423100000000 2423200000060 	15000033290 40215514272 421743 	14999611547 421743 0 0 0 	11455728 421743 0 	388.574 	3 	23
2442300000000 2442400000375 	15200034040 40759081187 425663 	15199608377 425663 0 0 0 	11565419 425663 0 	389.013 	3 	23
2461500000000 2461600000074 	15400034188 41302787252 429268 	15399604920 429268 0 0 0 	11665288 429268 0 	389.408 	3 	23
2480700000000 2480800000353 	15600034894 41846633372 432628 	15599602266 432628 0 0 0 	11758119 432628 0 	389.739 	3 	23
2499900000000 2500000000044 	15800034982 42390592719 435639 	15799599343 435639 0 0 0 	11840270 435639 0 	390.028 	3 	23
2519100000000 2519200000228 	16000035438 42934741497 438477 	15999596961 438477 0 0 0 	11919177 438477 0 	390.288 	3 	23
2538300000000 2538400000091 	16200035620 43478964473 440973 	16199594647 440973 0 0 0 	11988180 440973 0 	390.509 	3 	23
2557500000000 2557600000307 	16400036234 44023386149 443381 	16399592853 443381 0 0 0 	12053472 443381 0 	390.702 	3 	23
2576700000000 2576800000314 	16600036862 44567917766 445499 	16599591363 445499 0 0 0 	12114582 445499 0 	390.834 	3 	23
2595900000000 2596000000173 	16800037208 45112569785 447529 	16799589679 447529 0 0 0 	12168891 447529 0 	390.93 	3 	23
2615100000000 2615200000330 	17000037868 45657411791 449363 	16999588505 449363 0 0 0 	12218755 449363 0 	391 	3 	23
2634300000000 2634400000352 	17200038572 46202395536 451143 	17199587429 451143 0 0 0 	12267347 451143 0 	391.035 	3 	23
2653500000000 2653600000290 	17400039152 46747511056 452679 	17399586473 452679 0 0 0 	12310970 452679 0 	391.023 	3 	23
2672700000000 2672800000026 	17600039204 47292807462 454171 	17599585033 454171 0 0 0 	12353033 454171 0 	390.976 	3 	23
2691900000000 2692000000285 	17800039774 47838149940 455494 	17799584280 455494 0 0 0 	12388311 455494 0 	390.908 	3 	23
2711100000000 2711200000151 	18000040076 48383679058 456774 	17999583302 456774 0 0 0 	12424806 456774 0 	390.819 	3 	23
2730300000000 2730400000308 	18200040692 48929318088 457868 	18199582824 457868 0 0 0 	12454334 457868 0 	390.708 	3 	23
2749500000000 2749600000208 	18400041108 49475108066 458915 	18399582193 458915 0 0 0 	12482882 458915 0 	390.542 	3 	23
2768700000000 2768800000120 	18600041348 50021046353 459882 	18599581466 459882 0 0 0 	12509402 459882 0 	390.356 	3 	23
2787900000000 2788000000296 	18800041940 50567133910 460737 	18799581203 460737 0 0 0 	12532764 460737 0 	390.151 	3 	23
2807100000000 2807200000270 	19000042480 51113322895 461514 	18999580966 461514 0 0 0 	12553155 461514 0 	389.928 	3 	23
2826300000000 2826400000320 	19200043120 51659624222 462285 	19199580835 462285 0 0 0 	12574384 462285 0 	389.686 	3 	23
2845500000000 2845600000264 	19400043648 52206027809 462944 	19399580704 462944 0 0 0 	12593420 462944 0 	389.403 	3 	23
2864700000000 2864800000328 	19600044304 52752583784 463530 	19599580774 463530 0 0 0 	12609391 463530 0 	389.102 	3 	23
2883900000000 2884000000080 	19800044464 53299243203 464147 	19799580317 464147 0 0 0 	12627264 464147 0 	388.785 	3 	23
2903100000000 2903200000140 	20000044744 53846035979 464675 	19999580069 464675 0 0 0 	12641933 464675 0 	388.451 	3 	23
2922300000000 2922400000044 	20200044832 54392995739 465133 	20199579699 465133 0 0 0 	12653961 465133 0 	388.1 	3 	23
2941500000000 2941600000032 	20400044896 54940022212 465550 	20399579346 465550 0 0 0 	12665224 465550 0 	387.711 	3 	23
2960700000000 2960800000250 	20600045396 55487216027 465949 	20599579447 465949 0 0 0 	12676795 465949 0 	387.305 	3 	23
2979900000000 2980000000236 	20800045868 56034556236 466349 	20799579519 466349 0 0 0 	12687193 466349 0 	386.885 	3 	23
2999100000000 2999200000228 	21000046324 56581988802 466697 	20999579627 466697 0 0 0 	12696563 466697 0 	386.45 	3 	23
3018300000000 3018400000112 	21200046548 57129526688 467016 	21199579532 467016 0 0 0 	12705600 467016 0 	386.001 	3 	23
3037500000000 3037600000296 	21400047140 57677174837 467301 	21399579839 467301 0 0 0 	12713515 467301 0 	385.526 	3 	23
3056700000000 3056800000254 	21600047648 58224999547 467579 	21599580069 467579 0 0 0 	12721401 467579 0 	385.036 	3 	23
3075900000000 3076000000032 	21800047712 58772930867 467835 	21799579877 467835 0 0 0 	12728595 467835 0 	384.533 	3 	23
3095100000000 3095200000320 	22000048352 59321028767 471586 	21999576766 471586 0 0 0 	12833455 471586 0 	384.829 	3 	23
3114300000000 3114400000353 	22200049058 59869169672 475180 	22199573878 475180 0 0 0 	12933124 475180 0 	385.096 	3 	23
3133500000000 3133600000044 	22400049146 60417488564 478372 	22399570774 478372 0 0 0 	13019554 478372 0 	385.337 	3 	23
3152700000000 3152800000228 	22600049602 60965911098 481385 	22599568217 481385 0 0 0 	13104940 481385 0 	385.557 	3 	23
3171900000000 3172000000091 	22800049784 61514399454 484309 	22799565475 484309 0 0 0 	13184193 484309 0 	385.751 	3 	23
3191100000000 3191200000307 	23000050398 62063037758 487086 	22999563312 487086 0 0 0 	13261211 487086 0 	385.927 	3 	23
3210300000000 3210400000100 	23200050598 62611756293 489555 	23199561043 489555 0 0 0 	13330225 489555 0 	386.076 	3 	23
3229500000000 3229600000314 	23400051226 63160634414 491863 	23399559363 491863 0 0 0 	13395825 491863 0 	386.206 	3 	23
3248700000000 3248800000173 	23600051572 63709605837 493967 	23599557605 493967 0 0 0 	13454230 493967 0 	386.311 	3 	23
3267900000000 3268000000330 	23800052232 64258690910 496048 	23799556184 496048 0 0 0 	13513679 496048 0 	386.399 	3 	23
3287100000000 3287200000352 	24000052936 64807865833 498099 	23999554837 498099 0 0 0 	13570790 498099 0 	386.461 	3 	23
3306300000000 3306400000376 	24200053688 65357148027 499906 	24199553782 499906 0 0 0 	13620235 499906 0 	386.506 	3 	23
3325500000000 3325600000290 	24400054268 65906531266 501528 	24399552740 501528 0 0 0 	13666285 501528 0 	386.534 	3 	23
3344700000000 3344800000026 	24600054320 66456037487 503088 	24599551232 503088 0 0 0 	13711435 503088 0 	386.538 	3 	23
3363900000000 3364000000285 	24800054890 67005647041 504546 	24799550344 504546 0 0 0 	13752295 504546 0 	386.526 	3 	23
3383100000000 3383200000151 	25000055192 67555413790 505900 	24999549292 505900 0 0 0 	13789638 505900 0 	386.497 	3 	23
3402300000000 3402400000308 	25200055808 68105308973 507150 	25199548658 507150 0 0 0 	13822990 507150 0 	386.453 	3 	23
3421500000000 3421600000278 	25400056364 68655252962 508393 	25399547971 508393 0 0 0 	13858467 508393 0 	386.385 	3 	23
3440700000000 3440800000208 	25600056780 69205285028 509575 	25599547205 509575 0 0 0 	13891268 509575 0 	386.302 	3 	23
3459900000000 3460000000120 	25800057020 69755486724 510647 	25799546373 510647 0 0 0 	13920470 510647 0 	386.203 	3 	23
3479100000000 3479200000296 	26000057612 70305790767 511647 	25999545965 511647 0 0 0 	13948950 511647 0 	386.09 	3 	23
3498300000000 3498400000270 	26200058152 70856189682 512595 	26199545557 512595 0 0 0 	13974786 512595 0 	385.962 	3 	23
3517500000000 3517600000320 	26400058792 71406658612 513485 	26399545307 513485 0 0 0 	13999239 513485 0 	385.819 	3 	23
3536700000000 3536800000350 	26600059492 71957214401 514305 	26599545187 514305 0 0 0 	14022383 514305 0 	385.662 	3 	23
3555900000000 3556000000264 	26800060020 72507866508 515079 	26799544941 515079 0 0 0 	14044330 515079 0 	385.491 	3 	23
3575100000000 3575200000328 	27000060676 73058579297 515786 	26999544890 515786 0 0 0 	14063384 515786 0 	385.305 	3 	23
3594300000000 3594400000328 	27200061332 73609474388 516465 	27199544867 516465 0 0 0 	14083611 516465 0 	385.123 	3 	23
3613500000000 3613600000080 	27400061492 74160460848 517114 	27399544378 517114 0 0 0 	14100144 517114 0 	384.927 	3 	23
3632700000000 3632800000140 	27600061772 74711536095 517678 	27599544094 517678 0 0 0 	14114710 517678 0 	384.717 	3 	23
3651900000000 3652000000044 	27800061860 75262721845 518218 	27799543642 518218 0 0 0 	14129443 518218 0 	384.494 	3 	23
3671100000000 3671200000044 	28000061948 75814047023 518694 	27999543254 518694 0 0 0 	14143167 518694 0 	384.258 	3 	23
3690300000000 3690400000032 	28200062012 76365414203 519178 	28199542834 519178 0 0 0 	14155352 519178 0 	384.008 	3 	23
3709500000000 3709600000250 	28400062512 76916867896 519611 	28399542901 519611 0 0 0 	14167491 519611 0 	383.746 	3 	23
3728700000000 3728800000236 	28600062984 77468369300 520016 	28599542968 520016 0 0 0 	14178289 520016 0 	383.47 	3 	23
3747900000000 3748000000228 	28800063440 78020107631 520395 	28799543045 520395 0 0 0 	14189760 520395 0 	383.182 	3 	23
3767100000000 3767200000112 	29000063664 78571873387 520754 	28999542910 520754 0 0 0 	14199668 520754 0 	382.881 	3 	23
3786300000000 3786400000278 	29200064220 79123760180 521112 	29199543108 521112 0 0 0 	14210537 521112 0 	382.577 	3 	23
3805500000000 3805600000296 	29400064812 79675743884 521406 	29399543406 521406 0 0 0 	14218713 521406 0 	382.26 	3 	23
3824700000000 3824800000254 	29600065320 80227795339 521711 	29599543609 521711 0 0 0 	14227436 521711 0 	381.93 	3 	23
3843900000000 3844000000032 	29800065384 80779969490 521993 	29799543391 521993 0 0 0 	14235943 521993 0 	381.589 	3 	23
3863100000000 3863200000320 	30000066024 81332217624 522262 	29999543762 522262 0 0 0 	14243330 522262 0 	381.244 	3 	23
3882300000000 3882400000268 	30200066560 81884539415 522527 	30199544033 522527 0 0 0 	14251245 522527 0 	380.887 	3 	23
3901500000000 3901600000060 	30400066680 82436952237 522783 	30399543897 522783 0 0 0 	14258144 522783 0 	380.519 	3 	23
3920700000000 3920800000230 	30600067140 82989513095 522984 	30599544156 522984 0 0 0 	14264404 522984 0 	380.138 	3 	23
3939900000000 3940000000208 	30800067556 83542160936 523186 	30799544370 523186 0 0 0 	14270432 523186 0 	379.755 	3 	23
3959100000000 3959200000197 	31000067950 84094870934 523369 	30999544581 523369 0 0 0 	14276109 523369 0 	379.36 	3 	23
3978300000000 3978400000174 	31200068298 84647675024 523557 	31199544741 523557 0 0 0 	14281568 523557 0 	378.962 	3 	23
3997500000000 3997600000008 	31400068314 85200562877 523720 	31399544594 523720 0 0 0 	14286244 523720 0 	378.553 	3 	23
4016700000000 4016800000320 	31600068954 85753526281 523865 	31599545089 523865 0 0 0 	14290210 523865 0 	378.133 	3 	23
4035900000000 4036000000167 	31800069288 86306600315 523998 	31799545290 523998 0 0 0 	14294094 523998 0 	377.71 	3 	23
4055100000000 4055200000120 	32000069528 86859717721 524115 	31999545413 524115 0 0 0 	14297462 524115 0 	377.276 	3 	23
4074300000000 4074400000188 	32200069904 87412933829 524254 	32199545650 524254 0 0 0 	14301486 524254 0 	376.84 	3 	23
4093500000000 4093600000096 	32400070096 87966311297 524382 	32399545714 524382 0 0 0 	14304794 524382 0 	376.393 	3 	23
4112700000000 4112800000215 	32600070526 88519778360 524471 	32599546055 524471 0 0 0 	14307054 524471 0 	375.943 	3 	23
4131900000000 4132000000057 	32800070640 89073284881 524577 	32799546063 524577 0 0 0 	14309859 524577 0 	375.483 	3 	23
4151100000000 4151200000056 	33000070752 89626890896 524684 	32999546068 524684 0 0 0 	14312480 524684 0 	375.02 	3 	23
4170300000000 4170400000056 	33200070864 90180523771 524776 	33199546088 524776 0 0 0 	14315409 524776 0 	374.564 	3 	23
4189500000000 4189600000110 	33400071084 90734318417 524877 	33399546207 524877 0 0 0 	14318081 524877 0 	374.098 	3 	23
4208700000000 4208800000125 	33600071334 91288243240 524945 	33599546389 524945 0 0 0 	14319589 524945 0 	373.629 	3 	23
4227900000000 4228000000031 	33800071396 91842140029 525022 	33799546374 525022 0 0 0 	14321790 525022 0 	373.15 	3 	23
4247100000000 4247200000188 	34000071772 92396202412 525104 	33999546668 525104 0 0 0 	14323815 525104 0 	372.669 	3 	23
4266300000000 4266400000192 	34200072156 92950379099 525168 	34199546988 525168 0 0 0 	14326132 525168 0 	372.177 	3 	23
4285500000000 4285600000302 	34400072760 93504588315 525235 	34399547525 525235 0 0 0 	14327834 525235 0 	371.684 	3 	23
4304700000000 4304800000052 	34600072864 94058835842 525295 	34599547569 525295 0 0 0 	14329775 525295 0 	371.189 	3 	23
4323900000000 4324000000120 	34800073104 94613265518 526493 	34799546611 526493 0 0 0 	14361563 526493 0 	371.205 	3 	23
4343100000000 4343200000120 	35000073344 95167750572 527663 	34999545681 527663 0 0 0 	14394339 527663 0 	371.221 	3 	23
4362300000000 4362400000296 	35200073936 95722300592 528791 	35199545145 528791 0 0 0 	14425332 528791 0 	371.225 	3 	23
4381500000000 4381600000270 	35400074476 96276938739 529773 	35399544703 529773 0 0 0 	14453602 529773 0 	371.218 	3 	23
4400700000000 4400800000320 	35600075116 96831700783 530768 	35599544348 530768 0 0 0 	14481294 530768 0 	371.2 	3 	23
4419900000000 4420000000350 	35800075816 97386523565 531637 	35799544179 531637 0 0 0 	14506243 531637 0 	371.171 	3 	23
4439100000000 4439200000350 	36000076516 97941406465 532523 	35999543993 532523 0 0 0 	14529580 532523 0 	371.142 	3 	23
4458300000000 4458400000264 	36200077044 98496406016 533325 	36199543719 533325 0 0 0 	14553007 533325 0 	371.101 	3 	23
4477500000000 4477600000328 	36400077700 99051486317 534141 	36399543559 534141 0 0 0 	14575983 534141 0 	371.05 	3 	23
4496700000000 4496800000080 	36600077860 99606592566 534878 	36599542982 534878 0 0 0 	14596859 534878 0 	370.988 	3 	23
4515900000000 4516000000080 	36800078020 100161850659 535566 	36799542454 535566 0 0 0 	14615339 535566 0 	370.926 	3 	23
4535100000000 4535200000140 	37000078300 100717183570 536249 	36999542051 536249 0 0 0 	14633802 536249 0 	370.854 	3 	23
4554300000000 4554400000044 	37200078388 101272576192 536872 	37199541516 536872 0 0 0 	14651370 536872 0 	370.771 	3 	23
4573500000000 4573600000044 	37400078476 101828015693 537502 	37399540974 537502 0 0 0 	14668491 537502 0 	370.677 	3 	23
4592700000000 4592800000342 	37600079160 102383606251 538050 	37599541110 538050 0 0 0 	14683382 538050 0 	370.583 	3 	23
4611900000000 4612000000032 	37800079224 102939227603 538556 	37799540668 538556 0 0 0 	14698147 538556 0 	370.479 	3 	23
4631100000000 4631200000250 	38000079724 103494910413 539059 	37999540665 539059 0 0 0 	14711925 539059 0 	370.365 	3 	23
4650300000000 4650400000236 	38200080196 104050715345 539529 	38199540667 539529 0 0 0 	14726418 539529 0 	370.241 	3 	23
4669500000000 4669600000228 	38400080652 104606590087 539948 	38399540704 539948 0 0 0 	14738074 539948 0 	370.106 	3 	23
4688700000000 4688800000228 	38600081108 105162547995 540402 	38599540706 540402 0 0 0 	14749186 540402 0 	369.972 	3 	23
4707900000000 4708000000112 	38800081332 105718580582 540821 	38799540511 540821 0 0 0 	14760669 540821 0 	369.828 	3 	23
4727100000000 4727200000278 	39000081888 106274660938 541201 	38999540687 541201 0 0 0 	14770575 541201 0 	369.68 	3 	23
4746300000000 4746400000296 	39200082480 106830863021 541572 	39199540908 541572 0 0 0 	14780555 541572 0 	369.521 	3 	23
4765500000000 4765600000296 	39400083072 107387151608 541901 	39399541171 541901 0 0 0 	14788972 541901 0 	369.364 	3 	23
4784700000000 4784800000254 	39600083580 107943441458 542230 	39599541350 542230 0 0 0 	14799100 542230 0 	369.197 	3 	23
4803900000000 4804000000032 	39800083644 108499859252 542582 	39799541062 542582 0 0 0 	14809068 542582 0 	369.02 	3 	23
4823100000000 4823200000320 	40000084284 109056350150 542857 	39999541427 542857 0 0 0 	14816958 542857 0 	368.839 	3 	23
4842300000000 4842400000268 	40200084820 109612878222 543152 	40199541668 543152 0 0 0 	14825193 543152 0 	368.648 	3 	23
4861500000000 4861600000268 	40400085356 110169504493 543404 	40399541952 543404 0 0 0 	14831878 543404 0 	368.458 	3 	23
4880700000000 4880800000060 	40600085476 110726214005 543642 	40599541834 543642 0 0 0 	14839160 543642 0 	368.259 	3 	23
4899900000000 4900000000230 	40800085936 111283017345 543881 	40799542055 543881 0 0 0 	14846394 543881 0 	368.05 	3 	23
4919100000000 4919200000208 	41000086352 111839869552 544132 	40999542220 544132 0 0 0 	14853569 544132 0 	367.837 	3 	23
4938300000000 4938400000208 	41200086768 112396775907 544346 	41199542422 544346 0 0 0 	14859299 544346 0 	367.626 	3 	23
4957500000000 4957600000197 	41400087162 112953754448 544552 	41399542610 544552 0 0 0 	14865154 544552 0 	367.406 	3 	23
4976700000000 4976800000174 	41600087510 113510807403 544758 	41599542752 544758 0 0 0 	14870563 544758 0 	367.182 	3 	23
4995900000000 4996000000008 	41800087526 114067940714 544954 	41799542572 544954 0 0 0 	14875978 544954 0 	366.948 	3 	23
5015100000000 5015200000320 	42000088166 114625185056 545149 	41999543017 545149 0 0 0 	14881630 545149 0 	366.704 	3 	23
5034300000000 5034400000320 	42200088806 115182475087 545321 	42199543485 545321 0 0 0 	14885972 545321 0 	366.463 	3 	23
5053500000000 5053600000167 	42400089140 115739791887 545488 	42399543652 545488 0 0 0 	14890635 545488 0 	366.218 	3 	23
5072700000000 5072800000120 	42600089380 116297252414 545632 	42599543748 545632 0 0 0 	14895013 545632 0 	365.964 	3 	23
5091900000000 5092000000188 	42800089756 116854777555 545806 	42799543950 545806 0 0 0 	14899251 545806 0 	365.706 	3 	23
5111100000000 5111200000188 	43000090132 117412332794 545946 	42999544186 545946 0 0 0 	14903261 545946 0 	365.451 	3 	23
5130300000000 5130400000096 	43200090324 117969962489 546086 	43199544238 546086 0 0 0 	14907299 546086 0 	365.187 	3 	23
5149500000000 5149600000215 	43400090754 118527665562 546211 	43399544543 546211 0 0 0 	14910678 546211 0 	364.919 	3 	23
5168700000000 5168800000057 	43600090868 119085453109 546322 	43599544546 546322 0 0 0 	14913604 546322 0 	364.641 	3 	23
5187900000000 5188000000057 	43800090982 119643348190 546428 	43799544554 546428 0 0 0 	14917069 546428 0 	364.367 	3 	23
5207100000000 5207200000056 	44000091094 120201303476 546531 	43999544563 546531 0 0 0 	14920267 546531 0 	364.089 	3 	23
5226300000000 5226400000110 	44200091314 120759277675 546633 	44199544681 546633 0 0 0 	14923144 546633 0 	363.802 	3 	23
5245500000000 5245600000125 	44400091564 121317290568 546722 	44399544842 546722 0 0 0 	14926064 546722 0 	363.511 	3 	23
5264700000000 5264800000031 	44600091626 121875414084 546805 	44599544821 546805 0 0 0 	14928754 546805 0 	363.211 	3 	23
5283900000000 5284000000031 	44800091688 122433610263 546893 	44799544795 546893 0 0 0 	14931272 546893 0 	362.915 	3 	23
5303100000000 5303200000188 	45000092064 122991903181 546984 	44999545080 546984 0 0 0 	14934088 546984 0 	362.615 	3 	23
5322300000000 5322400000192 	45200092448 123550254685 547062 	45199545386 547062 0 0 0 	14936274 547062 0 	362.306 	3 	23
5341500000000 5341600000302 	45400093052 124108695167 547133 	45399545919 547133 0 0 0 	14938087 547133 0 	361.994 	3 	23
5360700000000 5360800000302 	45600093656 124667228105 547190 	45599546466 547190 0 0 0 	14939806 547190 0 	361.685 	3 	23
5379900000000 5380000000052 	45800093760 125225851923 547265 	45799546495 547265 0 0 0 	14941677 547265 0 	361.373 	3 	23
5399100000000 5399200000200 	46000094160 125784467124 547316 	45999546844 547316 0 0 0 	14942936 547316 0 	361.052 	3 	23
5418300000000 5418400000251 	46200094662 126343145536 547381 	46199547281 547381 0 0 0 	14944835 547381 0 	360.728 	3 	23
5437500000000 5437600000197 	46400095056 126901903908 547434 	46399547622 547434 0 0 0 	14946290 547434 0 	360.395 	3 	23
5456700000000 5456800000197 	46600095450 127460740402 547479 	46599547971 547479 0 0 0 	14947368 547479 0 	360.065 	3 	23
5475900000000 5476000000048 	46800095546 128019623287 547548 	46799547998 547548 0 0 0 	14949566 547548 0 	359.732 	3 	23
5495100000000 5495200000280 	47000096106 128578544500 547600 	46999548506 547600 0 0 0 	14950722 547600 0 	359.396 	3 	23
5514300000000 5514400000021 	47200096148 129137574680 547644 	47199548504 547644 0 0 0 	14951702 547644 0 	359.052 	3 	23
5533500000000 5533600000021 	47400096190 129696686221 547682 	47399548508 547682 0 0 0 	14952822 547682 0 	358.71 	3 	23
5552700000000 5552800000072 	47600096334 130255843730 547729 	47599548605 547729 0 0 0 	14954147 547729 0 	358.366 	3 	23
5571900000000 5572000000113 	47800096560 130815093183 547769 	47799548791 547769 0 0 0 	14955100 547769 0 	358.02 	3 	23
5591100000000 5591200000069 	48000096698 131374375409 547806 	47999548892 547806 0 0 0 	14956087 547806 0 	357.664 	3 	23
5610300000000 5610400000069 	48200096836 131933694557 547830 	48199549006 547830 0 0 0 	14956648 547830 0 	357.311 	3 	23
5629500000000 5629600000224 	48400097284 132493148324 547864 	48399549420 547864 0 0 0 	14957698 547864 0 	356.956 	3 	23
5648700000000 5648800000271 	48600097826 133052635561 547891 	48599549935 547891 0 0 0 	14958573 547891 0 	356.599 	3 	23
5667900000000 5668000000186 	48800098198 133612187388 547923 	48799550275 547923 0 0 0 	14959486 547923 0 	356.238 	3 	23
5687100000000 5687200000092 	49000098382 134171790510 547946 	48999550436 547946 0 0 0 	14960020 547946 0 	355.869 	3 	23
5706300000000 5706400000092 	49200098566 134731440248 547973 	49199550593 547973 0 0 0 	14960901 547973 0 	355.503 	3 	23
5725500000000 5725600000031 	49400098628 135291182085 547998 	49399550630 547998 0 0 0 	14961441 547998 0 	355.135 	3 	23
5744700000000 5744800000020 	49600098668 135851009718 548026 	49599550642 548026 0 0 0 	14962148 548026 0 	354.764 	3 	23
5763900000000 5764000000032 	49800098732 136410855060 548050 	49799550682 548050 0 0 0 	14962912 548050 0 	354.39 	3 	23
5783100000000 5783200000032 	50000098796 136970763843 548071 	49999550725 548071 0 0 0 	14963470 548071 0 	354.02 	3 	23
5802300000000 5802400000040 	50200098876 137530774822 548091 	50199550785 548091 0 0 0 	14963990 548091 0 	353.648 	3 	23
5821500000000 5821600000214 	50400099304 138090840765 548114 	50399551190 548114 0 0 0 	14964700 548114 0 	353.266 	3 	23
5840700000000 5840800000047 	50600099398 138651007280 548133 	50599551265 548133 0 0 0 	14965279 548133 0 	352.882 	3 	23
5859900000000 5860000000044 	50800099486 139211232505 548162 	50799551324 548162 0 0 0 	14966195 548162 0 	352.496 	3 	23
5879100000000 5879200000044 	51000099574 139771447186 548173 	50999551401 548173 0 0 0 	14966560 548173 0 	352.113 	3 	23
5898300000000 5898400000175 	51200099924 140331784547 548186 	51199551738 548186 0 0 0 	14966948 548186 0 	351.728 	3 	23
5917500000000 5917600000136 	51400100196 140892170626 548199 	51399551997 548199 0 0 0 	14967253 548199 0 	351.34 	3 	23
5936700000000 5936800000173 	51600100542 141452669888 548208 	51599552334 548208 0 0 0 	14967431 548208 0 	350.95 	3 	23
5955900000000 5956000000173 	51800100888 142013142301 548225 	51799552663 548225 0 0 0 	14967696 548225 0 	350.563 	3 	23
5975100000000 5975200000084 	52000101056 142573685892 548239 	51999552817 548239 0 0 0 	14968063 548239 0 	350.168 	3 	23
5994300000000 5994400000170 	52200101396 143134280281 548253 	52199553143 548253 0 0 0 	14968375 548253 0 	349.77 	3 	23
6013500000000 6013600000212 	52400101820 143694949518 548263 	52399553557 548263 0 0 0 	14968748 548263 0 	349.37 	3 	23
6032700000000 6032800000320 	52600102460 144255650602 548598 	52599553862 548598 0 0 0 	14978511 548598 0 	349.317 	3 	23
6051900000000 6052000000268 	52800102996 144816466980 548905 	52799554091 548905 0 0 0 	14987109 548905 0 	349.256 	3 	23
6071100000000 6071200000268 	53000103532 145377381193 549224 	52999554308 549224 0 0 0 	14995597 549224 0 	349.196 	3 	23
6090300000000 6090400000060 	53200103652 145938308375 549537 	53199554115 549537 0 0 0 	15004578 549537 0 	349.128 	3 	23
6109500000000 6109600000060 	53400103772 146499263666 549826 	53399553946 549826 0 0 0 	15012953 549826 0 	349.06 	3 	23
6128700000000 6128800000230 	53600104232 147060319170 550096 	53599554136 550096 0 0 0 	15021214 550096 0 	348.985 	3 	23
6147900000000 6148000000208 	53800104648 147621397209 550318 	53799554330 550318 0 0 0 	15027891 550318 0 	348.906 	3 	23
6167100000000 6167200000208 	54000105064 148182591332 550574 	53999554490 550574 0 0 0 	15035416 550574 0 	348.828 	3 	23
6186300000000 6186400000197 	54200105458 148743779427 550793 	54199554665 550793 0 0 0 	15041646 550793 0 	348.742 	3 	23
6205500000000 6205600000197 	54400105852 149305068299 551025 	54399554827 551025 0 0 0 	15048570 551025 0 	348.657 	3 	23
6224700000000 6224800000174 	54600106200 149866410788 551230 	54599554970 551230 0 0 0 	15053875 551230 0 	348.568 	3 	23
6243900000000 6244000000008 	54800106216 150427854942 551462 	54799554754 551462 0 0 0 	15061557 551462 0 	348.472 	3 	23
6263100000000 6263200000008 	55000106232 150989339126 551663 	54999554569 551663 0 0 0 	15066822 551663 0 	348.376 	3 	23
6282300000000 6282400000320 	55200106872 151550878335 551843 	55199555029 551843 0 0 0 	15072447 551843 0 	348.273 	3 	23
6301500000000 6301600000167 	55400107206 152112546584 552039 	55399555167 552039 0 0 0 	15078404 552039 0 	348.166 	3 	23
6320700000000 6320800000167 	55600107540 152674134304 552220 	55599555320 552220 0 0 0 	15083265 552220 0 	348.06 	3 	23
6339900000000 6340000000120 	55800107780 153235813788 552394 	55799555386 552394 0 0 0 	15088357 552394 0 	347.947 	3 	23
6359100000000 6359200000120 	56000108020 153797537196 552540 	55999555480 552540 0 0 0 	15092625 552540 0 	347.834 	3 	23
6378300000000 6378400000188 	56200108396 154359304596 552684 	56199555712 552684 0 0 0 	15096720 552684 0 	347.718 	3 	23
6397500000000 6397600000096 	56400108588 154921189793 552839 	56399555749 552839 0 0 0 	15101436 552839 0 	347.594 	3 	23
6416700000000 6416800000096 	56600108780 155483126154 552977 	56599555803 552977 0 0 0 	15105389 552977 0 	347.471 	3 	23
6435900000000 6436000000215 	56800109210 156045090624 553127 	56799556083 553127 0 0 0 	15109376 553127 0 	347.345 	3 	23
6455100000000 6455200000057 	57000109324 156607151344 553254 	56999556070 553254 0 0 0 	15112889 553254 0 	347.211 	3 	23
6474300000000 6474400000057 	57200109438 157169283311 553392 	57199556046 553392 0 0 0 	15116754 553392 0 	347.079 	3 	23
6493500000000 6493600000056 	57400109550 157731462047 553527 	57399556023 553527 0 0 0 	15120674 553527 0 	346.943 	3 	23
6512700000000 6512800000056 	57600109662 158293655158 553643 	57599556019 553643 0 0 0 	15123423 553643 0 	346.808 	3 	23
6531900000000 6532000000110 	57800109882 158855887950 553741 	57799556141 553741 0 0 0 	15126465 553741 0 	346.666 	3 	23
6551100000000 6551200000125 	58000110132 159418242290 553856 	57999556276 553856 0 0 0 	15129527 553856 0 	346.52 	3 	23
6570300000000 6570400000125 	58200110382 159980615719 553972 	58199556410 553972 0 0 0 	15132551 553972 0 	346.375 	3 	23
6589500000000 6589600000031 	58400110444 160543076364 554079 	58399556365 554079 0 0 0 	15134948 554079 0 	346.223 	3 	23
6608700000000 6608800000031 	58600110506 161105585521 554180 	58599556326 554180 0 0 0 	15138206 554180 0 	346.072 	3 	23
6627900000000 6628000000188 	58800110882 161668137157 554266 	58799556616 554266 0 0 0 	15140857 554266 0 	345.918 	3 	23
6647100000000 6647200000192 	59000111266 162230674356 554354 	58999556912 554354 0 0 0 	15143493 554354 0 	345.757 	3 	23
6666300000000 6666400000192 	59200111650 162793292637 554439 	59199557211 554439 0 0 0 	15145823 554439 0 	345.596 	3 	23
6685500000000 6685600000302 	59400112254 163355979578 554525 	59399557729 554525 0 0 0 	15148061 554525 0 	345.433 	3 	23
6704700000000 6704800000052 	59600112358 163918731515 554617 	59599557741 554617 0 0 0 	15150860 554617 0 	345.266 	3 	23
6723900000000 6724000000052 	59800112462 164481587243 554681 	59799557781 554681 0 0 0 	15152472 554681 0 	345.101 	3 	23
6743100000000 6743200000200 	60000112862 165044509727 554769 	59999558093 554769 0 0 0 	15155161 554769 0 	344.928 	3 	23
6762300000000 6762400000200 	60200113262 165607404729 554836 	60199558426 554836 0 0 0 	15157064 554836 0 	344.757 	3 	23
6781500000000 6781600000251 	60400113764 166170351849 554900 	60399558864 554900 0 0 0 	15158918 554900 0 	344.582 	3 	23
6800700000000 6800800000197 	60600114158 166733355633 554985 	60599559173 554985 0 0 0 	15161544 554985 0 	344.4 	3 	23
6819900000000 6820000000197 	60800114552 167296446068 555056 	60799559496 555056 0 0 0 	15163668 555056 0 	344.219 	3 	23
6839100000000 6839200000048 	61000114648 167859565712 555112 	60999559536 555112 0 0 0 	15165297 555112 0 	344.035 	3 	23
6858300000000 6858400000280 	61200115208 168422697877 555179 	61199560029 555179 0 0 0 	15167250 555179 0 	343.849 	3 	23
6877500000000 6877600000280 	61400115768 168985981356 555241 	61399560527 555241 0 0 0 	15168598 555241 0 	343.663 	3 	23
6896700000000 6896800000021 	61600115810 169549264193 555304 	61599560506 555304 0 0 0 	15170053 555304 0 	343.47 	3 	23
6915900000000 6916000000021 	61800115852 170112640052 555359 	61799560493 555359 0 0 0 	15171869 555359 0 	343.279 	3 	23
6935100000000 6935200000072 	62000115996 170676005871 555396 	61999560600 555396 0 0 0 	15172939 555396 0 	343.085 	3 	23
6954300000000 6954400000113 	62200116222 171239528283 555440 	62199560782 555440 0 0 0 	15174230 555440 0 	342.887 	3 	23
6973500000000 6973600000113 	62400116448 171803060329 555488 	62399560960 555488 0 0 0 	15176052 555488 0 	342.691 	3 	23
6992700000000 6992800000069 	62600116586 172366646567 555525 	62599561061 555525 0 0 0 	15177105 555525 0 	342.488 	3 	23
7011900000000 7012000000069 	62800116724 172930203401 555561 	62799561163 555561 0 0 0 	15178041 555561 0 	342.286 	3 	23
7031100000000 7031200000224 	63000117172 173493887314 555610 	62999561562 555610 0 0 0 	15179370 555610 0 	342.082 	3 	23
7050300000000 7050400000271 	63200117714 174057580713 555646 	63199562068 555646 0 0 0 	15180440 555646 0 	341.874 	3 	23
7069500000000 7069600000271 	63400118256 174621372703 555687 	63399562569 555687 0 0 0 	15181555 555687 0 	341.668 	3 	23
7088700000000 7088800000186 	63600118628 175185192067 555707 	63599562921 555707 0 0 0 	15181893 555707 0 	341.459 	3 	23
7107900000000 7108000000092 	63800118812 175749053711 555745 	63799563067 555745 0 0 0 	15182993 555745 0 	341.243 	3 	23
7127100000000 7127200000092 	64000118996 176312994109 555783 	63999563213 555783 0 0 0 	15183901 555783 0 	341.028 	3 	23
7146300000000 7146400000031 	64200119058 176876963439 555810 	64199563248 555810 0 0 0 	15184729 555810 0 	340.81 	3 	23
7165500000000 7165600000031 	64400119120 177440977466 555833 	64399563287 555833 0 0 0 	15185362 555833 0 	340.594 	3 	23
7184700000000 7184800000020 	64600119160 178005089804 555865 	64599563295 555865 0 0 0 	15186328 555865 0 	340.375 	3 	23
7203900000000 7204000000032 	64800119224 178569202661 555895 	64799563329 555895 0 0 0 	15187013 555895 0 	340.153 	3 	23
7223100000000 7223200000032 	65000119288 179133348037 555922 	64999563366 555922 0 0 0 	15188164 555922 0 	339.933 	3 	23
7242300000000 7242400000040 	65200119368 179697543314 555951 	65199563417 555951 0 0 0 	15189326 555951 0 	339.71 	3 	23
7261500000000 7261600000098 	65400119564 180261839138 555969 	65399563595 555969 0 0 0 	15189869 555969 0 	339.486 	3 	23
7280700000000 7280800000214 	65600119992 180826131604 555993 	65599563999 555993 0 0 0 	15190410 555993 0 	339.257 	3 	23
7299900000000 7300000000047 	65800120086 181390498046 556011 	65799564075 556011 0 0 0 	15190772 556011 0 	339.026 	3 	23
7319100000000 7319200000047 	66000120180 181954883288 556029 	65999564151 556029 0 0 0 	15191388 556029 0 	338.796 	3 	23
7338300000000 7338400000044 	66200120268 182519379478 556049 	66199564219 556049 0 0 0 	15192123 556049 0 	338.563 	3 	23
7357500000000 7357600000175 	66400120618 183083950021 556068 	66399564550 556068 0 0 0 	15192659 556068 0 	338.328 	3 	23
7376700000000 7376800000175 	66600120968 183648570612 556083 	66599564885 556083 0 0 0 	15193040 556083 0 	338.094 	3 	23
7395900000000 7396000000136 	66800121240 184213220744 556103 	66799565137 556103 0 0 0 	15193636 556103 0 	337.857 	3 	23
7415100000000 7415200000136 	67000121512 184777917414 556119 	66999565393 556119 0 0 0 	15194182 556119 0 	337.622 	3 	23
7434300000000 7434400000173 	67200121858 185342613899 556136 	67199565722 556136 0 0 0 	15194664 556136 0 	337.385 	3 	23
7453500000000 7453600000084 	67400122026 185907429959 556148 	67399565878 556148 0 0 0 	15194935 556148 0 	337.14 	3 	23
7472700000000 7472800000084 	67600122194 186472229674 556158 	67599566036 556158 0 0 0 	15195232 556158 0 	336.896 	3 	23
7491900000000 7492000000170 	67800122534 187037120934 556172 	67799566362 556172 0 0 0 	15195718 556172 0 	336.65 	3 	23
7511100000000 7511200000212 	68000122958 187602061059 556188 	67999566770 556188 0 0 0 	15196290 556188 0 	336.401 	3 	23
7530300000000 7530400000212 	68200123382 188166988122 556198 	68199567184 556198 0 0 0 	15196622 556198 0 	336.154 	3 	23
7549500000000 7549600000180 	68400123742 188731959821 556203 	68399567539 556203 0 0 0 	15196738 556203 0 	335.905 	3 	23
7568700000000 7568800000180 	68600124102 189297085735 556220 	68599567882 556220 0 0 0 	15197316 556220 0 	335.657 	3 	23
7587900000000 7588000000044 	68800124190 189862215331 556231 	68799567959 556231 0 0 0 	15197676 556231 0 	335.406 	3 	23
7607100000000 7607200000040 	69000124270 190427414366 556246 	68999568024 556246 0 0 0 	15198076 556246 0 	335.153 	3 	23
7626300000000 7626400000040 	69200124350 190992627437 556252 	69199568098 556252 0 0 0 	15198236 556252 0 	334.901 	3 	23
7645500000000 7645600000135 	69400124620 191557945191 556261 	69399568359 556261 0 0 0 	15198531 556261 0 	334.646 	3 	23
7664700000000 7664800000135 	69600124890 192123234286 556268 	69599568622 556268 0 0 0 	15198630 556268 0 	334.394 	3 	23
7683900000000 7684000000032 	69800124954 192688627923 556279 	69799568675 556279 0 0 0 	15198920 556279 0 	334.139 	3 	23
7703100000000 7703200000227 	70000125408 193254078990 556286 	69999569122 556286 0 0 0 	15199271 556286 0 	333.881 	3 	23
7722300000000 7722400000227 	70200125862 193819539588 556294 	70199569568 556294 0 0 0 	15199522 556294 0 	333.624 	3 	23
7741500000000 7741600000160 	70400126182 194385072302 556304 	70399569878 556304 0 0 0 	15199664 556304 0 	333.366 	3 	23
7760700000000 7760800000062 	70600126306 194950665500 556310 	70599569996 556310 0 0 0 	15199888 556310 0 	333.104 	3 	23
7779900000000 7780000000062 	70800126430 195516231254 556315 	70799570115 556315 0 0 0 	15199943 556315 0 	332.844 	3 	23
7799100000000 7799200000160 	71000126750 196081913767 556321 	70999570429 556321 0 0 0 	15200100 556321 0 	332.582 	3 	23
7818300000000 7818400000160 	71200127070 196647566475 556328 	71199570742 556328 0 0 0 	15200266 556328 0 	332.321 	3 	23
7837500000000 7837600000159 	71400127388 197213302014 556335 	71399571053 556335 0 0 0 	15200354 556335 0 	332.058 	3 	23
7856700000000 7856800000026 	71600127440 197779074999 556339 	71599571101 556339 0 0 0 	15200500 556339 0 	331.792 	3 	23
7875900000000 7876000000026 	71800127492 198344865171 556346 	71799571146 556346 0 0 0 	15200620 556346 0 	331.528 	3 	23
7895100000000 7895200000242 	72000127976 198910797646 556348 	71999571628 556348 0 0 0 	15200648 556348 0 	331.261 	3 	23
7914300000000 7914400000000 	72200127976 199476708130 556353 	72199571623 556353 0 0 0 	15200717 556353 0 	330.991 	3 	23
7933500000000 7933600000000 	72400127976 200042654600 556356 	72399571620 556356 0 0 0 	15200802 556356 0 	330.724 	3 	23
7952700000000 7952800000035 	72600128046 200608699441 556364 	72599571682 556364 0 0 0 	15200988 556364 0 	330.453 	3 	23
7971900000000 7972000000035 	72800128116 201174729622 556367 	72799571749 556367 0 0 0 	15201166 556367 0 	330.185 	3 	23
7991100000000 7991200000054 	73000128224 201740846375 556372 	72999571852 556372 0 0 0 	15201350 556372 0 	329.914 	3 	23
8010300000000 8010400000152 	73200128528 202307239146 590435 	73199538093 590435 0 0 0 	16188034 590435 0 	330.225 	3 	23
8029500000000 8029600000152 	73400128832 202873731031 623428 	73399505404 623428 0 0 0 	17142734 623428 0 	330.536 	3 	23
8048700000000 8048800000152 	73600129136 203440220492 656463 	73599472673 656463 0 0 0 	18094449 656463 0 	330.845 	3 	23
8067900000000 8068000000152 	73800129440 204006774850 688353 	73799441087 688353 0 0 0 	19003963 688353 0 	331.154 	3 	23
8087100000000 8087200000000 	74000129440 204573361507 719798 	73999409642 719798 0 0 0 	19901225 719798 0 	331.456 	3 	23
8106300000000 8106400000000 	74200129440 205139998367 750575 	74199378865 750575 0 0 0 	20782735 750575 0 	331.758 	3 	23
8125500000000 8125600000000 	74400129440 205706733708 780606 	74399348834 780606 0 0 0 	21645509 780606 0 	332.058 	3 	23
8144700000000 8144800000048 	74600129536 206273388265 810021 	74599319515 810021 0 0 0 	22497246 810021 0 	332.353 	3 	23
8163900000000 8164000000048 	74800129632 206840096723 838866 	74799290766 838866 0 0 0 	23334895 838866 0 	332.646 	3 	23
8183100000000 8183200000048 	75000129728 207406906151 866789 	74999262939 866789 0 0 0 	24139556 866789 0 	332.938 	3 	23
8202300000000 8202400000476 	75200130680 207973711014 894530 	75199236150 894530 0 0 0 	24933646 894530 0 	333.225 	3 	23
8221500000000 8221600000476 	75400131632 208540636560 921719 	75399209913 921719 0 0 0 	25713174 921719 0 	333.51 	3 	23
8240700000000 8240800000476 	75600132584 209107522484 948177 	75599184407 948177 0 0 0 	26466398 948177 0 	333.795 	3 	23
8259900000000 8260000000011 	75800132606 209674531369 974133 	75799158473 974133 0 0 0 	27219265 974133 0 	334.075 	3 	23
8279100000000 8279200000011 	76000132628 210241570897 999665 	75999132963 999665 0 0 0 	27962330 999665 0 	334.353 	3 	23
8298300000000 8298400000011 	76200132650 210808609893 1024752 	76199107898 1024752 0 0 0 	28687583 1024752 0 	334.631 	3 	23
8317500000000 8317600000210 	76400133070 211375668651 1049201 	76399083869 1049201 0 0 0 	29386184 1049201 0 	334.903 	3 	23
8336700000000 8336800000210 	76600133490 211942792056 1073042 	76599060448 1073042 0 0 0 	30065068 1073042 0 	335.174 	3 	23
8355900000000 8356000000210 	76800133910 212509965280 1096547 	76799037363 1096547 0 0 0 	30738883 1096547 0 	335.444 	3 	23
8375100000000 8375200000210 	77000134330 213077096379 1119349 	76999014981 1119349 0 0 0 	31398000 1119349 0 	335.713 	3 	23
8394300000000 8394400000381 	77200135092 213644261205 1141729 	77198993363 1141729 0 0 0 	32044556 1141729 0 	335.975 	3 	23
8413500000000 8413600000381 	77400135854 214211536185 1163716 	77398972138 1163716 0 0 0 	32682496 1163716 0 	336.237 	3 	23
8432700000000 8432800000200 	77600136254 214778666242 1163800 	77598972454 1163800 0 0 0 	32684658 1163800 0 	336.133 	3 	23
8451900000000 8452000000200 	77800136654 215345856361 1163874 	77798972780 1163874 0 0 0 	32686695 1163874 0 	336.029 	3 	23
8471100000000 8471200000251 	78000137156 215913055720 1163957 	77998973199 1163957 0 0 0 	32689136 1163957 0 	335.922 	3 	23
8490300000000 8490400000251 	78200137658 216480319017 1164039 	78198973619 1164039 0 0 0 	32691454 1164039 0 	335.816 	3 	23
8509500000000 8509600000197 	78400138052 217047635034 1164105 	78398973947 1164105 0 0 0 	32693451 1164105 0 	335.704 	3 	23
8528700000000 8528800000197 	78600138446 217614935949 1164174 	78598974272 1164174 0 0 0 	32695286 1164174 0 	335.593 	3 	23
8547900000000 8548000000048 	78800138542 218182302996 1164241 	78798974301 1164241 0 0 0 	32697569 1164241 0 	335.479 	3 	23
8567100000000 8567200000048 	79000138638 218749751303 1164317 	78998974321 1164317 0 0 0 	32699828 1164317 0 	335.366 	3 	23
8586300000000 8586400000280 	79200139198 219317267590 1164377 	79198974821 1164377 0 0 0 	32701565 1164377 0 	335.25 	3 	23
8605500000000 8605600000280 	79400139758 219884750826 1164426 	79398975332 1164426 0 0 0 	32702969 1164426 0 	335.135 	3 	23
8624700000000 8624800000021 	79600139800 220452286974 1164481 	79598975319 1164481 0 0 0 	32704410 1164481 0 	335.014 	3 	23
8643900000000 8644000000021 	79800139842 221019862704 1164539 	79798975303 1164539 0 0 0 	32706105 1164539 0 	334.893 	3 	23
8663100000000 8663200000072 	80000139986 221587481730 1164594 	79998975392 1164594 0 0 0 	32707958 1164594 0 	334.77 	3 	23
8682300000000 8682400000072 	80200140130 222155212847 1164650 	80198975480 1164650 0 0 0 	32709750 1164650 0 	334.648 	3 	23
8701500000000 8701600000113 	80400140356 222722889370 1164699 	80398975657 1164699 0 0 0 	32711129 1164699 0 	334.523 	3 	23
8720700000000 8720800000113 	80600140582 223290602197 1164759 	80598975823 1164759 0 0 0 	32712752 1164759 0 	334.399 	3 	23
8739900000000 8740000000069 	80800140720 223858420795 1164816 	80798975904 1164816 0 0 0 	32714115 1164816 0 	334.269 	3 	23
8759100000000 8759200000069 	81000140858 224426247120 1164863 	80998975995 1164863 0 0 0 	32715284 1164863 0 	334.14 	3 	23
8778300000000 8778400000224 	81200141306 224994149061 1164908 	81198976398 1164908 0 0 0 	32716511 1164908 0 	334.008 	3 	23
8797500000000 8797600000224 	81400141754 225562059201 1164955 	81398976799 1164955 0 0 0 	32717813 1164955 0 	333.877 	3 	23
8816700000000 8816800000271 	81600142296 226130007928 1164998 	81598977298 1164998 0 0 0 	32718862 1164998 0 	333.743 	3 	23
8835900000000 8836000000271 	81800142838 226698036582 1165038 	81798977800 1165038 0 0 0 	32720143 1165038 0 	333.611 	3 	23
8855100000000 8855200000186 	82000143210 227266046579 1165080 	81998978130 1165080 0 0 0 	32721095 1165080 0 	333.475 	3 	23
8874300000000 8874400000186 	82200143582 227834142793 1165121 	82198978461 1165121 0 0 0 	32722422 1165121 0 	333.341 	3 	23
8893500000000 8893600000092 	82400143766 228402250877 1165160 	82398978606 1165160 0 0 0 	32723596 1165160 0 	333.2 	3 	23
8912700000000 8912800000092 	82600143950 228970447126 1165183 	82598978767 1165183 0 0 0 	32724318 1165183 0 	333.06 	3 	23
8931900000000 8932000000031 	82800144012 229538672382 1165221 	82798978791 1165221 0 0 0 	32725120 1165221 0 	332.918 	3 	23
8951100000000 8951200000031 	83000144074 230106858473 1165256 	82998978818 1165256 0 0 0 	32725954 1165256 0 	332.777 	3 	23
8970300000000 8970400000020 	83200144114 230675149526 1165291 	83198978823 1165291 0 0 0 	32726952 1165291 0 	332.633 	3 	23
8989500000000 8989600000020 	83400144154 231243500209 1165318 	83398978836 1165318 0 0 0 	32727493 1165318 0 	332.49 	3 	23
9008700000000 9008800000032 	83600144218 231811885982 1165349 	83598978869 1165349 0 0 0 	32728652 1165349 0 	332.344 	3 	23
9027900000000 9028000000032 	83800144282 232380300800 1165384 	83798978898 1165384 0 0 0 	32729651 1165384 0 	332.199 	3 	23
9047100000000 9047200000040 	84000144362 232948781500 1165402 	83998978960 1165402 0 0 0 	32730075 1165402 0 	332.052 	3 	23
9066300000000 9066400000040 	84200144442 233517269520 1165433 	84198979009 1165433 0 0 0 	32730722 1165433 0 	331.905 	3 	23
9085500000000 9085600000214 	84400144870 234085823901 1165456 	84398979414 1165456 0 0 0 	32731496 1165456 0 	331.753 	3 	23
9104700000000 9104800000214 	84600145298 234654326483 1165480 	84598979818 1165480 0 0 0 	32732054 1165480 0 	331.601 	3 	23
9123900000000 9124000000047 	84800145392 235222984468 1165506 	84798979886 1165506 0 0 0 	32732905 1165506 0 	331.447 	3 	23
9143100000000 9143200000047 	85000145486 235791655662 1165529 	84998979957 1165529 0 0 0 	32733549 1165529 0 	331.294 	3 	23
9162300000000 9162400000044 	85200145574 236360350712 1165551 	85198980023 1165551 0 0 0 	32734072 1165551 0 	331.138 	3 	23
9181500000000 9181600000044 	85400145662 236929080566 1165577 	85398980085 1165577 0 0 0 	32734739 1165577 0 	330.983 	3 	23
9200700000000 9200800000175 	85600146012 237497893816 1165603 	85598980409 1165603 0 0 0 	32735493 1165603 0 	330.826 	3 	23
9219900000000 9220000000175 	85800146362 238066740074 1165624 	85798980738 1165624 0 0 0 	32736200 1165624 0 	330.669 	3 	23
9239100000000 9239200000136 	86000146634 238635589511 1165637 	85998980997 1165637 0 0 0 	32736529 1165637 0 	330.51 	3 	23
9258300000000 9258400000136 	86200146906 239204445773 1165659 	86198981247 1165659 0 0 0 	32737241 1165659 0 	330.352 	3 	23
9277500000000 9277600000173 	86400147252 239773365755 1165673 	86398981579 1165673 0 0 0 	32737591 1165673 0 	330.192 	3 	23
9296700000000 9296800000173 	86600147598 240342390729 1165694 	86598981904 1165694 0 0 0 	32738043 1165694 0 	330.032 	3 	23
9315900000000 9316000000084 	86800147766 240911439018 1165715 	86798982051 1165715 0 0 0 	32738528 1165715 0 	329.866 	3 	23
9335100000000 9335200000084 	87000147934 241480481211 1165727 	86998982207 1165727 0 0 0 	32738878 1165727 0 	329.702 	3 	23
9354300000000 9354400000170 	87200148274 242049636141 1165740 	87198982534 1165740 0 0 0 	32739250 1165740 0 	329.535 	3 	23
9373500000000 9373600000170 	87400148614 242618780162 1165755 	87398982859 1165755 0 0 0 	32739652 1165755 0 	329.369 	3 	23
9392700000000 9392800000212 	87600149038 243188031367 1165763 	87598983275 1165763 0 0 0 	32739886 1165763 0 	329.2 	3 	23
9411900000000 9412000000212 	87800149462 243757209098 1165785 	87798983677 1165785 0 0 0 	32740626 1165785 0 	329.032 	3 	23
9431100000000 9431200000180 	88000149822 244326487136 1165798 	87998984024 1165798 0 0 0 	32740918 1165798 0 	328.862 	3 	23
9450300000000 9450400000180 	88200150182 244895792455 1165813 	88198984369 1165813 0 0 0 	32741282 1165813 0 	328.693 	3 	23
9469500000000 9469600000044 	88400150270 245465196261 1165827 	88398984443 1165827 0 0 0 	32741583 1165827 0 	328.521 	3 	23
9488700000000 9488800000044 	88600150358 246034553374 1165839 	88598984519 1165839 0 0 0 	32741885 1165839 0 	328.35 	3 	23
9507900000000 9508000000040 	88800150438 246603941322 1165851 	88798984587 1165851 0 0 0 	32742193 1165851 0 	328.177 	3 	23
9527100000000 9527200000040 	89000150518 247173377371 1165862 	88998984656 1165862 0 0 0 	32742448 1165862 0 	328.005 	3 	23
9546300000000 9546400000135 	89200150788 247742824652 1165876 	89198984912 1165876 0 0 0 	32742841 1165876 0 	327.83 	3 	23
9565500000000 9565600000135 	89400151058 248312400094 1165878 	89398985180 1165878 0 0 0 	32742861 1165878 0 	327.656 	3 	23
9584700000000 9584800000032 	89600151122 248881964379 1165894 	89598985228 1165894 0 0 0 	32743225 1165894 0 	327.48 	3 	23
9603900000000 9604000000032 	89800151186 249451534287 1165907 	89798985279 1165907 0 0 0 	32743522 1165907 0 	327.304 	3 	23
9623100000000 9623200000227 	90000151640 250021170610 1165917 	89998985723 1165917 0 0 0 	32743682 1165917 0 	327.127 	3 	23
9642300000000 9642400000227 	90200152094 250590855670 1165929 	90198986165 1165929 0 0 0 	32744054 1165929 0 	326.95 	3 	23
9661500000000 9661600000160 	90400152414 251160578007 1165942 	90398986472 1165942 0 0 0 	32744493 1165942 0 	326.771 	3 	23
9680700000000 9680800000160 	90600152734 251730314588 1165952 	90598986782 1165952 0 0 0 	32744779 1165952 0 	326.593 	3 	23
9699900000000 9700000000062 	90800152858 252300123411 1165964 	90798986894 1165964 0 0 0 	32745047 1165964 0 	326.412 	3 	23
9719100000000 9719200000062 	91000152982 252869957847 1165974 	90998987008 1165974 0 0 0 	32745383 1165974 0 	326.232 	3 	23
9738300000000 9738400000160 	91200153302 253439816810 1165982 	91198987320 1165982 0 0 0 	32745550 1165982 0 	326.05 	3 	23
9757500000000 9757600000160 	91400153622 254009718121 1165998 	91398987624 1165998 0 0 0 	32745979 1165998 0 	325.869 	3 	23
9776700000000 9776800000159 	91600153940 254579682575 1166004 	91598987936 1166004 0 0 0 	32746316 1166004 0 	325.685 	3 	23
9795900000000 9796000000159 	91800154258 255149637685 1166011 	91798988247 1166011 0 0 0 	32746580 1166011 0 	325.503 	3 	23
9815100000000 9815200000026 	92000154310 255719639636 1166016 	91998988294 1166016 0 0 0 	32746771 1166016 0 	325.318 	3 	23
9834300000000 9834400000026 	92200154362 256289723028 1166026 	92198988336 1166026 0 0 0 	32747111 1166026 0 	325.134 	3 	23
9853500000000 9853600000242 	92400154846 256859814284 1166037 	92398988809 1166037 0 0 0 	32747307 1166037 0 	324.947 	3 	23
9872700000000 9872800000242 	92600155330 257429949575 1166047 	92598989283 1166047 0 0 0 	32747654 1166047 0 	324.762 	3 	23
9891900000000 9892000000000 	92800155330 258000126899 1166056 	92798989274 1166056 0 0 0 	32747900 1166056 0 	324.574 	3 	23
9911100000000 9911200000000 	93000155330 258570303072 1166064 	92998989266 1166064 0 0 0 	32748093 1166064 0 	324.387 	3 	23
9930300000000 9930400000200 	93200155730 259140487445 1166074 	93198989656 1166074 0 0 0 	32748349 1166074 0 	324.2 	3 	23
9949500000000 9949600000035 	93400155800 259710753510 1166076 	93398989724 1166076 0 0 0 	32748400 1166076 0 	324.011 	3 	23
9968700000000 9968800000035 	93600155870 260281044528 1166083 	93598989787 1166083 0 0 0 	32748514 1166083 0 	323.824 	3 	23
9987900000000 9988000000054 	93800155978 260851412574 1166089 	93798989889 1166089 0 0 0 	32748567 1166089 0 	323.634 	3 	23
