1003300000000 1003400000135 	200000270 526583984 7 	200000263 7 0 0 0 	155 7 0 	265 	3 	33
1022500000000 1022600000160 	400000590 1053534631 8 	400000582 8 0 0 0 	164 8 0 	262.476 	3 	33
1041700000000 1041800000035 	600000660 1580840530 11 	600000649 11 0 0 0 	232 11 0 	259.936 	3 	33
1060900000000 1061000000000 	800000660 2108562637 15532 	799985128 15532 0 0 0 	414341 15532 0 	295.392 	3 	33
1080100000000 1080200000476 	1000001612 2636610560 28540 	999973072 28540 0 0 0 	757173 28540 0 	321.052 	3 	33
1099300000000 1099400000381 	1200002374 3165007830 39740 	1199962634 39740 0 0 0 	1057983 39740 0 	339.889 	3 	33
1118500000000 1118600000254 	1400002882 3693717329 48972 	1399953910 48972 0 0 0 	1309498 48972 0 	354.206 	3 	33
1137700000000 1137800000072 	1600003026 4222640034 48991 	1599954035 48991 0 0 0 	1310069 48991 0 	345.018 	3 	33
1156900000000 1157000000271 	1800003568 4751931808 49009 	1799954559 49009 0 0 0 	1310573 49009 0 	337.439 	3 	33
1176100000000 1176200000020 	2000003608 5281551848 49019 	1999954589 49019 0 0 0 	1310871 49019 0 	330.933 	3 	33
1195300000000 1195400000047 	2200003702 5811444113 49028 	2199954674 49028 0 0 0 	1311000 49028 0 	325.177 	3 	33
1214500000000 1214600000136 	2400003974 6341692219 49039 	2399954935 49039 0 0 0 	1311259 49039 0 	320.193 	3 	33
1233700000000 1233800000212 	2600004398 6872204318 49043 	2599955355 49043 0 0 0 	1311316 49043 0 	315.574 	3 	33
1252900000000 1253000000135 	2800004668 7402996375 49044 	2799955624 49044 0 0 0 	1311336 49044 0 	311.33 	3 	33
1272100000000 1272200000062 	3000004792 7934078767 49044 	2999955748 49044 0 0 0 	1311336 49044 0 	307.378 	3 	33
1291300000000 1291400000026 	3200004844 8465438245 49047 	3199955797 49047 0 0 0 	1311427 49047 0 	303.745 	3 	33
1310500000000 1310600000054 	3400004952 8997153600 49049 	3399955903 49049 0 0 0 	1311470 49049 0 	300.285 	3 	33
1329700000000 1329800000000 	3600004952 9529200773 65574 	3599939378 65574 0 0 0 	1756430 65574 0 	307.1 	3 	33
1348900000000 1349000000476 	3800005904 10061507520 79924 	3799925980 79924 0 0 0 	2140745 79924 0 	313.297 	3 	33
1368100000000 1368200000210 	4000006324 10594090337 92438 	3999913886 92438 0 0 0 	2482084 92438 0 	318.943 	3 	33
1387300000000 1387400000468 	4200007260 11126904433 103331 	4199903929 103331 0 0 0 	2772112 103331 0 	324.078 	3 	33
1406500000000 1406600000365 	4400007990 11659933475 112804 	4399895186 112804 0 0 0 	3030428 112804 0 	328.739 	3 	33
1425700000000 1425800000352 	4600008694 12193264484 121413 	4599887281 121413 0 0 0 	3264307 121413 0 	332.959 	3 	33
1444900000000 1445000000178 	4800009050 12726805442 128822 	4799880228 128822 0 0 0 	3458895 128822 0 	336.79 	3 	33
1464100000000 1464200000355 	5000009760 13260587409 135275 	4999874485 135275 0 0 0 	3633656 135275 0 	340.327 	3 	33
1483300000000 1483400000320 	5200010400 13794650140 140986 	5199869414 140986 0 0 0 	3787205 140986 0 	343.502 	3 	33
1502500000000 1502600000290 	5400010980 14328981115 146051 	5399864929 146051 0 0 0 	3925664 146051 0 	346.361 	3 	33
1521700000000 1521800000088 	5600011156 14863477484 150292 	5599860864 150292 0 0 0 	4037509 150292 0 	348.923 	3 	33
1540900000000 1541000000189 	5800011534 15398250610 154057 	5799857477 154057 0 0 0 	4141299 154057 0 	351.23 	3 	33
1560100000000 1560200000375 	6000012284 15933335280 157363 	5999854921 157363 0 0 0 	4228784 157363 0 	353.274 	3 	33
1579300000000 1579400000227 	6200012738 16468586759 157367 	6199855371 157367 0 0 0 	4228890 157367 0 	349.405 	3 	33
1598500000000 1598600000160 	6400013058 17003996917 157369 	6399855689 157369 0 0 0 	4229032 157369 0 	345.69 	3 	33
1617700000000 1617800000242 	6600013542 17539621162 157370 	6599856172 157370 0 0 0 	4229133 157370 0 	342.112 	3 	33
1636900000000 1637000000054 	6800013650 18075528716 157372 	6799856278 157372 0 0 0 	4229172 157372 0 	338.657 	3 	33
1656100000000 1656200000000 	7000013650 18611756539 175739 	6999837911 175739 0 0 0 	4729495 175739 0 	341.808 	3 	33
1675300000000 1675400000048 	7200013746 19148210230 192304 	7199821442 192304 0 0 0 	5177453 192304 0 	344.786 	3 	33
1694500000000 1694600000011 	7400013768 19684839505 207182 	7399806586 207182 0 0 0 	5580421 207182 0 	347.556 	3 	33
1713700000000 1713800000210 	7600014188 20221736977 220796 	7599793392 220796 0 0 0 	5953581 220796 0 	350.167 	3 	33
1732900000000 1733000000468 	7800015124 20758789632 233081 	7799782043 233081 0 0 0 	6288009 233081 0 	352.585 	3 	33
1752100000000 1752200000254 	8000015632 21296095159 243894 	7999771738 243894 0 0 0 	6584647 243894 0 	354.858 	3 	33
1771300000000 1771400000368 	8200016368 21833577146 253662 	8199762706 253662 0 0 0 	6848179 253662 0 	356.963 	3 	33
1790500000000 1790600000352 	8400017072 22371242302 262445 	8399754627 262445 0 0 0 	7085416 262445 0 	358.934 	3 	33
1809700000000 1809800000178 	8600017428 22909111295 270408 	8599747020 270408 0 0 0 	7303575 270408 0 	360.749 	3 	33
1828900000000 1829000000355 	8800018138 23447163967 277491 	8799740647 277491 0 0 0 	7496934 277491 0 	362.455 	3 	33
1848100000000 1848200000320 	9000018778 23985447126 283900 	8999734878 283900 0 0 0 	7671374 283900 0 	364 	3 	33
1867300000000 1867400000400 	9200019578 24523883454 289681 	9199729897 289681 0 0 0 	7830852 289681 0 	365.446 	3 	33
1886500000000 1886600000249 	9400020076 25062465039 294811 	9399725265 294811 0 0 0 	7972377 294811 0 	366.753 	3 	33
1905700000000 1905800000088 	9600020252 25601288054 299450 	9599720802 299450 0 0 0 	8096733 299450 0 	367.971 	3 	33
1924900000000 1925000000189 	9800020630 26140342214 303770 	9799716860 303770 0 0 0 	8214207 303770 0 	369.072 	3 	33
1944100000000 1944200000060 	10000020750 26679508890 307662 	9999713088 307662 0 0 0 	8321225 307662 0 	370.091 	3 	33
1963300000000 1963400000074 	10200020898 27218833469 311051 	10199709847 311051 0 0 0 	8412407 311051 0 	370.986 	3 	33
1982500000000 1982600000320 	10400021538 27758449625 314171 	10399707367 314171 0 0 0 	8499013 314171 0 	371.82 	3 	33
2001700000000 2001800000044 	10600021626 28298184362 317059 	10599704567 317059 0 0 0 	8579193 317059 0 	372.537 	3 	33
2020900000000 2021000000228 	10800022082 28838132961 319512 	10799702570 319512 0 0 0 	8648813 319512 0 	373.199 	3 	33
2040100000000 2040200000307 	11000022696 29378261209 321719 	10999700977 321719 0 0 0 	8709821 321719 0 	373.763 	3 	33
2059300000000 2059400000314 	11200023324 29918565322 323721 	11199699603 323721 0 0 0 	8764121 323721 0 	374.232 	3 	33
2078500000000 2078600000173 	11400023670 30459088272 325586 	11399698084 325586 0 0 0 	8813637 325586 0 	374.64 	3 	33
2097700000000 2097800000352 	11600024374 30999700098 327207 	11599697167 327207 0 0 0 	8857346 327207 0 	374.958 	3 	33
2116900000000 2117000000376 	11800025126 31540492638 328662 	11799696464 328662 0 0 0 	8898382 328662 0 	375.234 	3 	33
2136100000000 2136200000026 	12000025178 32081472842 330031 	11999695147 330031 0 0 0 	8937245 330031 0 	375.425 	3 	33
2155300000000 2155400000285 	12200025748 32622608968 331233 	12199694515 331233 0 0 0 	8971361 331233 0 	375.578 	3 	33
2174500000000 2174600000308 	12400026364 33163884305 332333 	12399694031 332333 0 0 0 	9002077 332333 0 	375.664 	3 	33
2193700000000 2193800000278 	12600026920 33705377740 333292 	12599693628 333292 0 0 0 	9028840 333292 0 	375.701 	3 	33
2212900000000 2213000000368 	12800027656 34247138074 343873 	12799683783 343873 0 0 0 	9317886 343873 0 	376.862 	3 	33
2232100000000 2232200000352 	13000028360 34789008541 353815 	12999674545 353815 0 0 0 	9591558 353815 0 	377.954 	3 	33
2251300000000 2251400000120 	13200028600 35331073391 362844 	13199665756 362844 0 0 0 	9841975 362844 0 	378.989 	3 	33
2270500000000 2270600000178 	13400028956 35873281849 371150 	13399657806 371150 0 0 0 	10073264 371150 0 	379.967 	3 	33
2289700000000 2289800000230 	13600029416 36415625205 378727 	13599650689 378727 0 0 0 	10278889 378727 0 	380.849 	3 	33
2308900000000 2309000000320 	13800030056 36958129265 385885 	13799644171 385885 0 0 0 	10478513 385885 0 	381.678 	3 	33
2328100000000 2328200000400 	14000030856 37500764168 392241 	13999638615 392241 0 0 0 	10651764 392241 0 	382.456 	3 	33
2347300000000 2347400000290 	14200031436 38043536530 398254 	14199633182 398254 0 0 0 	10818676 398254 0 	383.183 	3 	33
2366500000000 2366600000249 	14400031934 38586466725 403659 	14399628275 403659 0 0 0 	10964057 403659 0 	383.861 	3 	33
2385700000000 2385800000110 	14600032154 39129599431 408728 	14599623426 408728 0 0 0 	11102964 408728 0 	384.469 	3 	33
2404900000000 2405000000189 	14800032532 39672816518 413290 	14799619242 413290 0 0 0 	11228420 413290 0 	385.031 	3 	33
2424100000000 2424200000060 	15000032652 40216207598 417508 	14999615144 417508 0 0 0 	11344517 417508 0 	385.547 	3 	33
2443300000000 2443400000375 	15200033402 40759800931 421465 	15199611937 421465 0 0 0 	11457367 421465 0 	386.018 	3 	33
2462500000000 2462600000074 	15400033550 41303487051 425049 	15399608501 425049 0 0 0 	11554468 425049 0 	386.446 	3 	33
2481700000000 2481800000353 	15600034256 41847303702 428386 	15599605870 428386 0 0 0 	11643298 428386 0 	386.81 	3 	33
2500900000000 2501000000044 	15800034344 42391314162 431309 	15799603035 431309 0 0 0 	11722279 431309 0 	387.132 	3 	33
2520100000000 2520200000228 	16000034800 42935458892 434104 	15999600696 434104 0 0 0 	11800513 434104 0 	387.424 	3 	33
2539300000000 2539400000091 	16200034982 43479742403 436719 	16199598263 436719 0 0 0 	11872575 436719 0 	387.676 	3 	33
2558500000000 2558600000100 	16400035182 44024148074 439076 	16399596106 439076 0 0 0 	11935238 439076 0 	387.867 	3 	33
2577700000000 2577800000314 	16600035810 44568674612 441269 	16599594541 441269 0 0 0 	11992956 441269 0 	388.032 	3 	33
2596900000000 2597000000173 	16800036156 45113373880 443246 	16799592910 443246 0 0 0 	12046310 443246 0 	388.159 	3 	33
2616100000000 2616200000330 	17000036816 45658236364 445020 	16999591796 445020 0 0 0 	12095723 445020 0 	388.261 	3 	33
2635300000000 2635400000352 	17200037520 46203249259 446746 	17199590774 446746 0 0 0 	12142876 446746 0 	388.326 	3 	33
2654500000000 2654600000290 	17400038100 46748374670 448310 	17399589790 448310 0 0 0 	12184131 448310 0 	388.345 	3 	33
2673700000000 2673800000026 	17600038152 47293610551 449678 	17599588474 449678 0 0 0 	12223112 449678 0 	388.33 	3 	33
2692900000000 2693000000285 	17800038722 47838952958 450946 	17799587776 450946 0 0 0 	12258486 450946 0 	388.292 	3 	33
2712100000000 2712200000151 	18000039024 48384471337 452143 	17999586881 452143 0 0 0 	12290123 452143 0 	388.233 	3 	33
2731300000000 2731400000308 	18200039640 48930151147 453285 	18199586355 453285 0 0 0 	12322219 453285 0 	388.152 	3 	33
2750500000000 2750600000208 	18400040056 49475944917 454281 	18399585775 454281 0 0 0 	12349340 454281 0 	388.016 	3 	33
2769700000000 2769800000120 	18600040296 50021825778 455260 	18599585036 455260 0 0 0 	12375105 455260 0 	387.859 	3 	33
2788900000000 2789000000296 	18800040888 50567854671 456136 	18799584752 456136 0 0 0 	12398969 456136 0 	387.683 	3 	33
2808100000000 2808200000270 	19000041428 51114062300 456970 	18999584458 456970 0 0 0 	12421079 456970 0 	387.488 	3 	33
2827300000000 2827400000320 	19200042068 51660384966 457697 	19199584371 457697 0 0 0 	12442322 457697 0 	387.275 	3 	33
2846500000000 2846600000264 	19400042596 52206746494 458385 	19399584211 458385 0 0 0 	12460542 458385 0 	387.02 	3 	33
2865700000000 2865800000328 	19600043252 52753275729 458981 	19599584271 458981 0 0 0 	12476038 458981 0 	386.747 	3 	33
2884900000000 2885000000080 	19800043412 53299901895 459540 	19799583872 459540 0 0 0 	12492316 459540 0 	386.457 	3 	33
2904100000000 2904200000140 	20000043692 53846697160 460051 	19999583641 460051 0 0 0 	12505635 460051 0 	386.15 	3 	33
2923300000000 2923400000044 	20200043780 54393627038 460521 	20199583259 460521 0 0 0 	12518689 460521 0 	385.826 	3 	33
2942500000000 2942600000032 	20400043844 54940720728 460983 	20399582861 460983 0 0 0 	12530872 460983 0 	385.463 	3 	33
2961700000000 2961800000250 	20600044344 55487840798 461366 	20599582978 461366 0 0 0 	12541200 461366 0 	385.084 	3 	33
2980900000000 2981000000236 	20800044816 56035117437 461705 	20799583111 461705 0 0 0 	12550812 461705 0 	384.69 	3 	33
3000100000000 3000200000228 	21000045272 56582521844 462070 	20999583202 462070 0 0 0 	12560535 462070 0 	384.281 	3 	33
3019300000000 3019400000278 	21200045828 57130049638 462401 	21199583427 462401 0 0 0 	12569830 462401 0 	383.845 	3 	33
3038500000000 3038600000296 	21400046420 57677761524 462702 	21399583718 462702 0 0 0 	12578761 462702 0 	383.395 	3 	33
3057700000000 3057800000254 	21600046928 58225583091 462967 	21599583961 462967 0 0 0 	12585836 462967 0 	382.931 	3 	33
3076900000000 3077000000032 	21800046992 58773497659 463231 	21799583761 463231 0 0 0 	12593028 463231 0 	382.452 	3 	33
3096100000000 3096200000320 	22000047632 59321603976 466916 	21999580716 466916 0 0 0 	12696787 466916 0 	382.764 	3 	33
3115300000000 3115400000353 	22200048338 59869732907 470377 	22199577961 470377 0 0 0 	12793439 470377 0 	383.047 	3 	33
3134500000000 3134600000044 	22400048426 60418044087 473661 	22399574765 473661 0 0 0 	12883460 473661 0 	383.303 	3 	33
3153700000000 3153800000228 	22600048882 60966484558 476653 	22599572229 476653 0 0 0 	12967937 476653 0 	383.539 	3 	33
3172900000000 3173000000091 	22800049064 61514984548 479477 	22799569587 479477 0 0 0 	13045533 479477 0 	383.749 	3 	33
3192100000000 3192200000307 	23000049678 62063616106 482164 	22999567514 482164 0 0 0 	13121667 482164 0 	383.939 	3 	33
3211300000000 3211400000100 	23200049878 62612376165 484615 	23199565263 484615 0 0 0 	13190156 484615 0 	384.104 	3 	33
3230500000000 3230600000314 	23400050506 63161223083 486944 	23399563562 486944 0 0 0 	13255707 486944 0 	384.25 	3 	33
3249700000000 3249800000173 	23600050852 63710214561 489148 	23599561704 489148 0 0 0 	13319245 489148 0 	384.37 	3 	33
3268900000000 3269000000330 	23800051512 64259324812 491228 	23799560284 491228 0 0 0 	13377392 491228 0 	384.473 	3 	33
3288100000000 3288200000352 	24000052216 64808551430 493115 	23999559101 493115 0 0 0 	13427539 493115 0 	384.551 	3 	33
3307300000000 3307400000376 	24200052968 65357883074 494852 	24199558116 494852 0 0 0 	13474359 494852 0 	384.611 	3 	33
3326500000000 3326600000290 	24400053548 65907293436 496486 	24399557062 496486 0 0 0 	13519826 496486 0 	384.655 	3 	33
3345700000000 3345800000026 	24600053600 66456831064 498065 	24599555535 498065 0 0 0 	13562806 498065 0 	384.674 	3 	33
3364900000000 3365000000285 	24800054170 67006439200 499557 	24799554613 499557 0 0 0 	13602799 499557 0 	384.676 	3 	33
3384100000000 3384200000151 	25000054472 67556179778 500912 	24999553560 500912 0 0 0 	13640540 500912 0 	384.663 	3 	33
3403300000000 3403400000308 	25200055088 68106011484 502275 	25199552813 502275 0 0 0 	13679232 502275 0 	384.633 	3 	33
3422500000000 3422600000278 	25400055644 68655982650 503498 	25399552146 503498 0 0 0 	13713417 503498 0 	384.58 	3 	33
3441700000000 3441800000208 	25600056060 69205988791 504667 	25599551393 504667 0 0 0 	13744469 504667 0 	384.512 	3 	33
3460900000000 3461000000120 	25800056300 69756165310 505772 	25799550528 505772 0 0 0 	13774818 505772 0 	384.428 	3 	33
3480100000000 3480200000296 	26000056892 70306430289 506731 	25999550161 506731 0 0 0 	13801882 506731 0 	384.329 	3 	33
3499300000000 3499400000270 	26200057432 70856856015 507642 	26199549790 507642 0 0 0 	13827130 507642 0 	384.216 	3 	33
3518500000000 3518600000320 	26400058072 71407294603 508502 	26399549570 508502 0 0 0 	13851151 508502 0 	384.087 	3 	33
3537700000000 3537800000350 	26600058772 71957845959 509336 	26599549436 509336 0 0 0 	13873573 509336 0 	383.945 	3 	33
3556900000000 3557000000264 	26800059300 72508460995 510112 	26799549188 510112 0 0 0 	13895300 510112 0 	383.788 	3 	33
3576100000000 3576200000328 	27000059956 73059282251 510841 	26999549115 510841 0 0 0 	13914485 510841 0 	383.617 	3 	33
3595300000000 3595400000080 	27200060116 73610151280 511556 	27199548560 511556 0 0 0 	13934455 511556 0 	383.432 	3 	33
3614500000000 3614600000080 	27400060276 74161146694 512192 	27399548084 512192 0 0 0 	13953264 512192 0 	383.25 	3 	33
3633700000000 3633800000140 	27600060556 74712230620 512758 	27599547798 512758 0 0 0 	13969609 512758 0 	383.054 	3 	33
3652900000000 3653000000044 	27800060644 75263440382 513301 	27799547343 513301 0 0 0 	13984223 513301 0 	382.845 	3 	33
3672100000000 3672200000044 	28000060732 75814712438 513797 	27999546935 513797 0 0 0 	13998897 513797 0 	382.622 	3 	33
3691300000000 3691400000032 	28200060796 76366084224 514305 	28199546491 514305 0 0 0 	14012131 514305 0 	382.386 	3 	33
3710500000000 3710600000250 	28400061296 76917604563 514745 	28399546551 514745 0 0 0 	14024701 514745 0 	382.137 	3 	33
3729700000000 3729800000236 	28600061768 77469203918 515143 	28599546625 515143 0 0 0 	14036338 515143 0 	381.875 	3 	33
3748900000000 3749000000228 	28800062224 78020816968 515538 	28799546686 515538 0 0 0 	14048089 515538 0 	381.6 	3 	33
3768100000000 3768200000112 	29000062448 78572569612 515917 	28999546531 515917 0 0 0 	14058929 515917 0 	381.313 	3 	33
3787300000000 3787400000278 	29200063004 79124496945 516243 	29199546761 516243 0 0 0 	14068279 516243 0 	381.021 	3 	33
3806500000000 3806600000296 	29400063596 79676454225 516578 	29399547018 516578 0 0 0 	14078089 516578 0 	380.717 	3 	33
3825700000000 3825800000254 	29600064104 80228515206 516878 	29599547226 516878 0 0 0 	14085675 516878 0 	380.401 	3 	33
3844900000000 3845000000032 	29800064168 80780658238 517173 	29799546995 517173 0 0 0 	14093547 517173 0 	380.073 	3 	33
3864100000000 3864200000320 	30000064808 81332887553 517420 	29999547388 517420 0 0 0 	14099818 517420 0 	379.741 	3 	33
3883300000000 3883400000268 	30200065344 81885274456 517670 	30199547674 517670 0 0 0 	14106660 517670 0 	379.396 	3 	33
3902500000000 3902600000060 	30400065464 82437728286 517901 	30399547563 517901 0 0 0 	14112861 517901 0 	379.04 	3 	33
3921700000000 3921800000230 	30600065924 82990286298 518117 	30599547807 518117 0 0 0 	14118355 518117 0 	378.673 	3 	33
3940900000000 3941000000208 	30800066340 83542924985 518343 	30799547997 518343 0 0 0 	14125149 518343 0 	378.302 	3 	33
3960100000000 3960200000197 	31000066734 84095604952 518549 	30999548185 518549 0 0 0 	14131444 518549 0 	377.919 	3 	33
3979300000000 3979400000174 	31200067082 84648470298 518744 	31199548338 518744 0 0 0 	14136371 518744 0 	377.534 	3 	33
3998500000000 3998600000008 	31400067098 85201408628 518928 	31399548170 518928 0 0 0 	14142251 518928 0 	377.137 	3 	33
4017700000000 4017800000320 	31600067738 85754399162 519086 	31599548652 519086 0 0 0 	14146514 519086 0 	376.729 	3 	33
4036900000000 4037000000167 	31800068072 86307492497 519228 	31799548844 519228 0 0 0 	14151237 519228 0 	376.318 	3 	33
4056100000000 4056200000120 	32000068312 86860707113 519362 	31999548950 519362 0 0 0 	14154719 519362 0 	375.896 	3 	33
4075300000000 4075400000188 	32200068688 87413937347 519478 	32199549210 519478 0 0 0 	14157937 519478 0 	375.471 	3 	33
4094500000000 4094600000096 	32400068880 87967296041 519594 	32399549286 519594 0 0 0 	14160881 519594 0 	375.035 	3 	33
4113700000000 4113800000215 	32600069310 88520781012 519707 	32599549603 519707 0 0 0 	14164237 519707 0 	374.597 	3 	33
4132900000000 4133000000057 	32800069424 89074345390 519816 	32799549608 519816 0 0 0 	14167200 519816 0 	374.148 	3 	33
4152100000000 4152200000056 	33000069536 89627948338 519898 	32999549638 519898 0 0 0 	14169316 519898 0 	373.697 	3 	33
4171300000000 4171400000110 	33200069756 90181636442 519980 	33199549776 519980 0 0 0 	14171703 519980 0 	373.235 	3 	33
4190500000000 4190600000110 	33400069976 90735439222 520068 	33399549908 520068 0 0 0 	14173845 520068 0 	372.78 	3 	33
4209700000000 4209800000125 	33600070226 91289320549 520157 	33599550069 520157 0 0 0 	14176556 520157 0 	372.322 	3 	33
4228900000000 4229000000031 	33800070288 91843297943 520223 	33799550065 520223 0 0 0 	14178425 520223 0 	371.854 	3 	33
4248100000000 4248200000188 	34000070664 92397361231 520306 	33999550358 520306 0 0 0 	14180746 520306 0 	371.384 	3 	33
4267300000000 4267400000192 	34200071048 92951507805 520377 	34199550671 520377 0 0 0 	14182927 520377 0 	370.903 	3 	33
4286500000000 4286600000302 	34400071652 93505756344 520456 	34399551196 520456 0 0 0 	14185203 520456 0 	370.421 	3 	33
4305700000000 4305800000052 	34600071756 94060088976 520518 	34599551238 520518 0 0 0 	14187231 520518 0 	369.936 	3 	33
4324900000000 4325000000120 	34800071996 94614471051 521716 	34799550280 521716 0 0 0 	14220206 521716 0 	369.959 	3 	33
4344100000000 4344200000120 	35000072236 95168946678 522834 	34999549402 522834 0 0 0 	14251120 522834 0 	369.982 	3 	33
4363300000000 4363400000296 	35200072828 95723520105 523939 	35199548889 523939 0 0 0 	14282910 523939 0 	369.994 	3 	33
4382500000000 4382600000270 	35400073368 96278220129 524965 	35399548403 524965 0 0 0 	14311621 524965 0 	369.994 	3 	33
4401700000000 4401800000320 	35600074008 96833011797 525887 	35599548121 525887 0 0 0 	14336835 525887 0 	369.982 	3 	33
4420900000000 4421000000350 	35800074708 97387794125 526773 	35799547935 526773 0 0 0 	14361858 526773 0 	369.96 	3 	33
4440100000000 4440200000350 	36000075408 97942722232 527628 	35999547780 527628 0 0 0 	14385831 527628 0 	369.938 	3 	33
4459300000000 4459400000264 	36200075936 98497670095 528481 	36199547455 528481 0 0 0 	14410829 528481 0 	369.904 	3 	33
4478500000000 4478600000328 	36400076592 99052698829 529243 	36399547349 529243 0 0 0 	14431154 529243 0 	369.86 	3 	33
4497700000000 4497800000080 	36600076752 99607768418 530023 	36599546729 530023 0 0 0 	14453539 530023 0 	369.805 	3 	33
4516900000000 4517000000080 	36800076912 100162978681 530727 	36799546185 530727 0 0 0 	14473496 530727 0 	369.75 	3 	33
4536100000000 4536200000140 	37000077192 100718279334 531381 	36999545811 531381 0 0 0 	14491151 531381 0 	369.684 	3 	33
4555300000000 4555400000044 	37200077280 101273656787 531986 	37199545294 531986 0 0 0 	14508215 531986 0 	369.608 	3 	33
4574500000000 4574600000044 	37400077368 101829074906 532596 	37399544772 532596 0 0 0 	14524819 532596 0 	369.521 	3 	33
4593700000000 4593800000032 	37600077432 102384644760 533174 	37599544258 533174 0 0 0 	14540585 533174 0 	369.423 	3 	33
4612900000000 4613000000032 	37800077496 102940292928 533700 	37799543796 533700 0 0 0 	14556114 533700 0 	369.326 	3 	33
4632100000000 4632200000250 	38000077996 103496018931 534234 	37999543762 534234 0 0 0 	14571684 534234 0 	369.219 	3 	33
4651300000000 4651400000236 	38200078468 104051824886 534728 	38199543740 534728 0 0 0 	14584616 534728 0 	369.101 	3 	33
4670500000000 4670600000228 	38400078924 104607708110 535173 	38399543751 535173 0 0 0 	14596336 535173 0 	368.973 	3 	33
4689700000000 4689800000228 	38600079380 105163646387 535619 	38599543761 535619 0 0 0 	14608468 535619 0 	368.846 	3 	33
4708900000000 4709000000112 	38800079604 105719694773 536020 	38799543584 536020 0 0 0 	14620365 536020 0 	368.709 	3 	33
4728100000000 4728200000278 	39000080160 106275799831 536398 	38999543762 536398 0 0 0 	14630580 536398 0 	368.567 	3 	33
4747300000000 4747400000296 	39200080752 106831919915 536762 	39199543990 536762 0 0 0 	14641661 536762 0 	368.415 	3 	33
4766500000000 4766600000283 	39400081318 107388171671 537084 	39399544234 537084 0 0 0 	14650735 537084 0 	368.261 	3 	33
4785700000000 4785800000254 	39600081826 107944493359 537431 	39599544395 537431 0 0 0 	14661580 537431 0 	368.101 	3 	33
4804900000000 4805000000032 	39800081890 108500918478 537718 	39799544172 537718 0 0 0 	14669733 537718 0 	367.93 	3 	33
4824100000000 4824200000320 	40000082530 109057398292 538013 	39999544517 538013 0 0 0 	14677798 538013 0 	367.755 	3 	33
4843300000000 4843400000268 	40200083066 109613930811 538291 	40199544775 538291 0 0 0 	14685562 538291 0 	367.571 	3 	33
4862500000000 4862600000268 	40400083602 110170563145 538537 	40399545065 538537 0 0 0 	14692521 538537 0 	367.388 	3 	33
4881700000000 4881800000060 	40600083722 110727301676 538801 	40599544921 538801 0 0 0 	14700228 538801 0 	367.195 	3 	33
4900900000000 4901000000230 	40800084182 111284102316 539033 	40799545149 539033 0 0 0 	14707225 539033 0 	366.992 	3 	33
4920100000000 4920200000208 	41000084598 111840962947 539255 	40999545343 539255 0 0 0 	14713105 539255 0 	366.786 	3 	33
4939300000000 4939400000208 	41200085014 112397907752 539491 	41199545523 539491 0 0 0 	14719908 539491 0 	366.581 	3 	33
4958500000000 4958600000197 	41400085408 112954923037 539705 	41399545703 539705 0 0 0 	14726219 539705 0 	366.367 	3 	33
4977700000000 4977800000174 	41600085756 113512018556 539900 	41599545856 539900 0 0 0 	14732045 539900 0 	366.149 	3 	33
4996900000000 4997000000008 	41800085772 114069165068 540102 	41799545670 540102 0 0 0 	14736998 540102 0 	365.921 	3 	33
5016100000000 5016200000320 	42000086412 114626413051 540283 	41999546129 540283 0 0 0 	14742076 540283 0 	365.684 	3 	33
5035300000000 5035400000320 	42200087052 115183755020 540457 	42199546595 540457 0 0 0 	14747146 540457 0 	365.449 	3 	33
5054500000000 5054600000167 	42400087386 115741139571 540604 	42399546782 540604 0 0 0 	14750984 540604 0 	365.21 	3 	33
5073700000000 5073800000120 	42600087626 116298650389 540743 	42599546883 540743 0 0 0 	14754909 540743 0 	364.962 	3 	33
5092900000000 5093000000188 	42800088002 116856159786 540866 	42799547136 540866 0 0 0 	14758402 540866 0 	364.71 	3 	33
5112100000000 5112200000188 	43000088378 117413744733 541000 	42999547378 541000 0 0 0 	14761891 541000 0 	364.461 	3 	33
5131300000000 5131400000096 	43200088570 117971430219 541144 	43199547426 541144 0 0 0 	14766107 541144 0 	364.203 	3 	33
5150500000000 5150600000215 	43400089000 118529195560 541263 	43399547737 541263 0 0 0 	14769700 541263 0 	363.941 	3 	33
5169700000000 5169800000057 	43600089114 119087039196 541397 	43599547717 541397 0 0 0 	14773310 541397 0 	363.669 	3 	33
5188900000000 5189000000056 	43800089226 119644933203 541532 	43799547694 541532 0 0 0 	14777832 541532 0 	363.394 	3 	33
5208100000000 5208200000056 	44000089338 120202899895 541640 	43999547698 541640 0 0 0 	14780595 541640 0 	363.123 	3 	33
5227300000000 5227400000110 	44200089558 120760933304 541730 	44199547828 541730 0 0 0 	14782789 541730 0 	362.841 	3 	33
5246500000000 5246600000125 	44400089808 121319007133 541839 	44399547969 541839 0 0 0 	14785625 541839 0 	362.557 	3 	33
5265700000000 5265800000031 	44600089870 121877112836 541933 	44599547937 541933 0 0 0 	14788131 541933 0 	362.263 	3 	33
5284900000000 5285000000031 	44800089932 122435389131 542016 	44799547916 542016 0 0 0 	14790189 542016 0 	361.972 	3 	33
5304100000000 5304200000188 	45000090308 122993624748 542099 	44999548209 542099 0 0 0 	14792259 542099 0 	361.678 	3 	33
5323300000000 5323400000192 	45200090692 123551947950 542161 	45199548531 542161 0 0 0 	14793822 542161 0 	361.374 	3 	33
5342500000000 5342600000302 	45400091296 124110376526 542244 	45399549052 542244 0 0 0 	14796131 542244 0 	361.068 	3 	33
5361700000000 5361800000302 	45600091900 124668909204 542326 	45599549574 542326 0 0 0 	14798400 542326 0 	360.765 	3 	33
5380900000000 5381000000052 	45800092004 125227486360 542394 	45799549610 542394 0 0 0 	14800443 542394 0 	360.458 	3 	33
5400100000000 5400200000200 	46000092404 125786096649 542460 	45999549944 542460 0 0 0 	14802759 542460 0 	360.143 	3 	33
5419300000000 5419400000251 	46200092906 126344828279 542517 	46199550389 542517 0 0 0 	14804612 542517 0 	359.824 	3 	33
5438500000000 5438600000197 	46400093300 126903593243 542573 	46399550727 542573 0 0 0 	14806342 542573 0 	359.497 	3 	33
5457700000000 5457800000197 	46600093694 127462422752 542630 	46599551064 542630 0 0 0 	14808103 542630 0 	359.172 	3 	33
5476900000000 5477000000048 	46800093790 128021334716 542683 	46799551107 542683 0 0 0 	14809954 542683 0 	358.845 	3 	33
5496100000000 5496200000280 	47000094350 128580349090 542720 	46999551630 542720 0 0 0 	14810899 542720 0 	358.515 	3 	33
5515300000000 5515400000021 	47200094392 129139359366 542763 	47199551629 542763 0 0 0 	14812327 542763 0 	358.175 	3 	33
5534500000000 5534600000021 	47400094434 129698475670 542804 	47399551630 542804 0 0 0 	14813206 542804 0 	357.84 	3 	33
5553700000000 5553800000072 	47600094578 130257620020 542844 	47599551734 542844 0 0 0 	14814388 542844 0 	357.501 	3 	33
5572900000000 5573000000113 	47800094804 130816862440 542882 	47799551922 542882 0 0 0 	14815373 542882 0 	357.159 	3 	33
5592100000000 5592200000069 	48000094942 131376160393 542918 	47999552024 542918 0 0 0 	14816364 542918 0 	356.809 	3 	33
5611300000000 5611400000224 	48200095390 131935491239 542956 	48199552434 542956 0 0 0 	14817208 542956 0 	356.455 	3 	33
5630500000000 5630600000224 	48400095838 132494851586 542988 	48399552850 542988 0 0 0 	14818088 542988 0 	356.106 	3 	33
5649700000000 5649800000271 	48600096380 133054366811 543022 	48599553358 543022 0 0 0 	14819223 543022 0 	355.753 	3 	33
5668900000000 5669000000186 	48800096752 133613986783 543046 	48799553706 543046 0 0 0 	14819699 543046 0 	355.398 	3 	33
5688100000000 5688200000092 	49000096936 134173536499 543079 	48999553857 543079 0 0 0 	14820878 543079 0 	355.033 	3 	33
5707300000000 5707400000092 	49200097120 134733225992 543106 	49199554014 543106 0 0 0 	14821396 543106 0 	354.673 	3 	33
5726500000000 5726600000031 	49400097182 135292990455 543137 	49399554045 543137 0 0 0 	14822135 543137 0 	354.31 	3 	33
5745700000000 5745800000020 	49600097222 135852800861 543164 	49599554058 543164 0 0 0 	14822708 543164 0 	353.944 	3 	33
5764900000000 5765000000032 	49800097286 136412717846 543187 	49799554099 543187 0 0 0 	14823479 543187 0 	353.575 	3 	33
5784100000000 5784200000032 	50000097350 136972644879 543214 	49999554136 543214 0 0 0 	14824157 543214 0 	353.21 	3 	33
5803300000000 5803400000040 	50200097430 137532611684 543244 	50199554186 543244 0 0 0 	14824813 543244 0 	352.843 	3 	33
5822500000000 5822600000214 	50400097858 138092643380 543272 	50399554586 543272 0 0 0 	14825815 543272 0 	352.466 	3 	33
5841700000000 5841800000047 	50600097952 138652716981 543292 	50599554660 543292 0 0 0 	14826242 543292 0 	352.087 	3 	33
5860900000000 5861000000044 	50800098040 139212957664 543311 	50799554729 543311 0 0 0 	14826942 543311 0 	351.705 	3 	33
5880100000000 5880200000044 	51000098128 139773259878 543324 	50999554804 543324 0 0 0 	14827362 543324 0 	351.327 	3 	33
5899300000000 5899400000175 	51200098478 140333574783 543343 	51199555135 543343 0 0 0 	14827988 543343 0 	350.947 	3 	33
5918500000000 5918600000136 	51400098750 140893968314 543355 	51399555395 543355 0 0 0 	14828231 543355 0 	350.564 	3 	33
5937700000000 5937800000173 	51600099096 141454396672 543367 	51599555729 543367 0 0 0 	14828577 543367 0 	350.178 	3 	33
5956900000000 5957000000173 	51800099442 142014912910 543381 	51799556061 543381 0 0 0 	14828796 543381 0 	349.796 	3 	33
5976100000000 5976200000084 	52000099610 142575434377 543392 	51999556218 543392 0 0 0 	14829070 543392 0 	349.406 	3 	33
5995300000000 5995400000170 	52200099950 143136068200 543405 	52199556545 543405 0 0 0 	14829499 543405 0 	349.012 	3 	33
6014500000000 6014600000212 	52400100374 143696759800 543417 	52399556957 543417 0 0 0 	14830044 543417 0 	348.616 	3 	33
6033700000000 6033800000320 	52600101014 144257478595 543776 	52599557238 543776 0 0 0 	14839923 543776 0 	348.567 	3 	33
6052900000000 6053000000268 	52800101550 144818274873 544099 	52799557451 544099 0 0 0 	14849244 544099 0 	348.509 	3 	33
6072100000000 6072200000268 	53000102086 145379170864 544450 	52999557636 544450 0 0 0 	14859077 544450 0 	348.452 	3 	33
6091300000000 6091400000060 	53200102206 145940079455 544760 	53199557446 544760 0 0 0 	14868178 544760 0 	348.387 	3 	33
6110500000000 6110600000060 	53400102326 146501093091 545057 	53399557269 545057 0 0 0 	14876002 545057 0 	348.323 	3 	33
6129700000000 6129800000230 	53600102786 147062124134 545350 	53599557436 545350 0 0 0 	14884977 545350 0 	348.251 	3 	33
6148900000000 6149000000208 	53800103202 147623252881 545610 	53799557592 545610 0 0 0 	14892410 545610 0 	348.175 	3 	33
6168100000000 6168200000208 	54000103618 148184443777 545870 	53999557748 545870 0 0 0 	14899259 545870 0 	348.1 	3 	33
6187300000000 6187400000197 	54200104012 148745648717 546111 	54199557901 546111 0 0 0 	14906441 546111 0 	348.017 	3 	33
6206500000000 6206600000174 	54400104360 149306941623 546339 	54399558021 546339 0 0 0 	14913354 546339 0 	347.93 	3 	33
6225700000000 6225800000174 	54600104708 149868273755 546574 	54599558134 546574 0 0 0 	14920466 546574 0 	347.845 	3 	33
6244900000000 6245000000008 	54800104724 150429661568 546802 	54799557922 546802 0 0 0 	14926662 546802 0 	347.751 	3 	33
6264100000000 6264200000008 	55000104740 150991146300 546986 	54999557754 546986 0 0 0 	14931913 546986 0 	347.659 	3 	33
6283300000000 6283400000320 	55200105380 151552609093 547190 	55199558190 547190 0 0 0 	14937557 547190 0 	347.558 	3 	33
6302500000000 6302600000167 	55400105714 152114252025 547379 	55399558335 547379 0 0 0 	14943013 547379 0 	347.455 	3 	33
6321700000000 6321800000167 	55600106048 152675882617 547557 	55599558491 547557 0 0 0 	14948180 547557 0 	347.352 	3 	33
6340900000000 6341000000120 	55800106288 153237587059 547739 	55799558549 547739 0 0 0 	14953908 547739 0 	347.241 	3 	33
6360100000000 6360200000120 	56000106528 153799364605 547893 	55999558635 547893 0 0 0 	14958240 547893 0 	347.131 	3 	33
6379300000000 6379400000188 	56200106904 154361178296 548032 	56199558872 548032 0 0 0 	14962062 548032 0 	347.018 	3 	33
6398500000000 6398600000096 	56400107096 154923062717 548178 	56399558918 548178 0 0 0 	14966553 548178 0 	346.897 	3 	33
6417700000000 6417800000096 	56600107288 155484954237 548316 	56599558972 548316 0 0 0 	14970506 548316 0 	346.777 	3 	33
6436900000000 6437000000215 	56800107718 156046938770 548464 	56799559254 548464 0 0 0 	14975285 548464 0 	346.654 	3 	33
6456100000000 6456200000057 	57000107832 156608988892 548609 	56999559223 548609 0 0 0 	14979217 548609 0 	346.524 	3 	33
6475300000000 6475400000057 	57200107946 157171081908 548736 	57199559210 548736 0 0 0 	14982878 548736 0 	346.394 	3 	33
6494500000000 6494600000056 	57400108058 157733269618 548863 	57399559195 548863 0 0 0 	14986996 548863 0 	346.261 	3 	33
6513700000000 6513800000056 	57600108170 158295422934 548985 	57599559185 548985 0 0 0 	14990158 548985 0 	346.129 	3 	33
6532900000000 6533000000110 	57800108390 158857654791 549083 	57799559307 549083 0 0 0 	14992723 549083 0 	345.989 	3 	33
6552100000000 6552200000125 	58000108640 159419934449 549209 	57999559431 549209 0 0 0 	14996072 549209 0 	345.847 	3 	33
6571300000000 6571400000125 	58200108890 159982310536 549314 	58199559576 549314 0 0 0 	14999250 549314 0 	345.705 	3 	33
6590500000000 6590600000031 	58400108952 160544793461 549410 	58399559542 549410 0 0 0 	15001692 549410 0 	345.556 	3 	33
6609700000000 6609800000031 	58600109014 161107276939 549515 	58599559499 549515 0 0 0 	15004652 549515 0 	345.408 	3 	33
6628900000000 6629000000188 	58800109390 161669797716 549606 	58799559784 549606 0 0 0 	15006684 549606 0 	345.256 	3 	33
6648100000000 6648200000192 	59000109774 162232407997 549705 	58999560069 549705 0 0 0 	15009210 549705 0 	345.098 	3 	33
6667300000000 6667400000192 	59200110158 162795019110 549799 	59199560359 549799 0 0 0 	15011843 549799 0 	344.94 	3 	33
6686500000000 6686600000302 	59400110762 163357721863 549890 	59399560872 549890 0 0 0 	15014705 549890 0 	344.78 	3 	33
6705700000000 6705800000052 	59600110866 163920483180 549966 	59599560900 549966 0 0 0 	15016590 549966 0 	344.616 	3 	33
6724900000000 6725000000052 	59800110970 164483262858 550037 	59799560933 550037 0 0 0 	15018623 550037 0 	344.453 	3 	33
6744100000000 6744200000200 	60000111370 165046120078 550112 	59999561258 550112 0 0 0 	15020937 550112 0 	344.283 	3 	33
6763300000000 6763400000200 	60200111770 165609058646 550179 	60199561591 550179 0 0 0 	15022773 550179 0 	344.114 	3 	33
6782500000000 6782600000251 	60400112272 166172063414 550237 	60399562035 550237 0 0 0 	15024492 550237 0 	343.942 	3 	33
6801700000000 6801800000197 	60600112666 166735127524 550294 	60599562372 550294 0 0 0 	15025785 550294 0 	343.763 	3 	33
6820900000000 6821000000197 	60800113060 167298164286 550367 	60799562693 550367 0 0 0 	15027480 550367 0 	343.585 	3 	33
6840100000000 6840200000048 	61000113156 167861306827 550426 	60999562730 550426 0 0 0 	15029024 550426 0 	343.404 	3 	33
6859300000000 6859400000280 	61200113716 168424462722 550483 	61199563233 550483 0 0 0 	15030884 550483 0 	343.22 	3 	33
6878500000000 6878600000280 	61400114276 168987706026 550540 	61399563736 550540 0 0 0 	15032401 550540 0 	343.038 	3 	33
6897700000000 6897800000021 	61600114318 169550975232 550589 	61599563729 550589 0 0 0 	15033862 550589 0 	342.847 	3 	33
6916900000000 6917000000021 	61800114360 170114295707 550641 	61799563719 550641 0 0 0 	15034992 550641 0 	342.659 	3 	33
6936100000000 6936200000072 	62000114504 170677703157 550691 	61999563813 550691 0 0 0 	15036576 550691 0 	342.467 	3 	33
6955300000000 6955400000113 	62200114730 171241171568 550733 	62199563997 550733 0 0 0 	15037909 550733 0 	342.272 	3 	33
6974500000000 6974600000113 	62400114956 171804644191 550784 	62399564172 550784 0 0 0 	15039254 550784 0 	342.079 	3 	33
6993700000000 6993800000069 	62600115094 172368207626 550834 	62599564260 550834 0 0 0 	15040534 550834 0 	341.879 	3 	33
7012900000000 7013000000069 	62800115232 172931824513 550872 	62799564360 550872 0 0 0 	15041722 550872 0 	341.68 	3 	33
7032100000000 7032200000224 	63000115680 173495496489 550907 	62999564773 550907 0 0 0 	15042915 550907 0 	341.478 	3 	33
7051300000000 7051400000271 	63200116222 174059150505 550950 	63199565272 550950 0 0 0 	15044001 550950 0 	341.273 	3 	33
7070500000000 7070600000271 	63400116764 174622924861 550986 	63399565778 550986 0 0 0 	15044762 550986 0 	341.069 	3 	33
7089700000000 7089800000186 	63600117136 175186709279 551016 	63599566120 551016 0 0 0 	15045856 551016 0 	340.863 	3 	33
7108900000000 7109000000092 	63800117320 175750586405 551045 	63799566275 551045 0 0 0 	15046759 551045 0 	340.649 	3 	33
7128100000000 7128200000092 	64000117504 176314476849 551075 	63999566429 551075 0 0 0 	15047332 551075 0 	340.437 	3 	33
7147300000000 7147400000031 	64200117566 176878481303 551110 	64199566456 551110 0 0 0 	15048452 551110 0 	340.222 	3 	33
7166500000000 7166600000031 	64400117628 177442500010 551142 	64399566486 551142 0 0 0 	15049305 551142 0 	340.008 	3 	33
7185700000000 7185800000020 	64600117668 178006535710 551170 	64599566498 551170 0 0 0 	15049877 551170 0 	339.792 	3 	33
7204900000000 7205000000032 	64800117732 178570719029 551194 	64799566538 551194 0 0 0 	15050592 551194 0 	339.572 	3 	33
7224100000000 7224200000032 	65000117796 179134882688 551220 	64999566576 551220 0 0 0 	15051343 551220 0 	339.355 	3 	33
7243300000000 7243400000040 	65200117876 179699169484 551245 	65199566631 551245 0 0 0 	15051975 551245 0 	339.134 	3 	33
7262500000000 7262600000214 	65400118304 180263444451 551271 	65399567033 551271 0 0 0 	15052542 551271 0 	338.906 	3 	33
7281700000000 7281800000214 	65600118732 180827762112 551292 	65599567440 551292 0 0 0 	15053095 551292 0 	338.68 	3 	33
7300900000000 7301000000047 	65800118826 181392164039 551315 	65799567511 551315 0 0 0 	15053769 551315 0 	338.451 	3 	33
7320100000000 7320200000047 	66000118920 181956586799 551332 	65999567588 551332 0 0 0 	15054222 551332 0 	338.224 	3 	33
7339300000000 7339400000044 	66200119008 182521054528 551358 	66199567650 551358 0 0 0 	15054800 551358 0 	337.993 	3 	33
7358500000000 7358600000175 	66400119358 183085629311 551371 	66399567987 551371 0 0 0 	15055176 551371 0 	337.76 	3 	33
7377700000000 7377800000175 	66600119708 183650214718 551386 	66599568322 551386 0 0 0 	15055520 551386 0 	337.529 	3 	33
7396900000000 7397000000136 	66800119980 184214848473 551397 	66799568583 551397 0 0 0 	15055851 551397 0 	337.295 	3 	33
7416100000000 7416200000136 	67000120252 184779530169 551413 	66999568839 551413 0 0 0 	15056323 551413 0 	337.062 	3 	33
7435300000000 7435400000173 	67200120598 185344278325 551430 	67199569168 551430 0 0 0 	15056715 551430 0 	336.827 	3 	33
7454500000000 7454600000084 	67400120766 185909071605 551452 	67399569314 551452 0 0 0 	15057070 551452 0 	336.585 	3 	33
7473700000000 7473800000084 	67600120934 186473929853 551466 	67599569468 551466 0 0 0 	15057528 551466 0 	336.344 	3 	33
7492900000000 7493000000170 	67800121274 187038811946 551485 	67799569789 551485 0 0 0 	15058132 551485 0 	336.1 	3 	33
7512100000000 7512200000212 	68000121698 187603721076 551498 	67999570200 551498 0 0 0 	15058365 551498 0 	335.854 	3 	33
7531300000000 7531400000212 	68200122122 188168696405 551514 	68199570608 551514 0 0 0 	15058812 551514 0 	335.609 	3 	33
7550500000000 7550600000180 	68400122482 188733739085 551521 	68399570961 551521 0 0 0 	15059029 551521 0 	335.362 	3 	33
7569700000000 7569800000180 	68600122842 189298803404 551532 	68599571310 551532 0 0 0 	15059228 551532 0 	335.116 	3 	33
7588900000000 7589000000044 	68800122930 189863866727 551543 	68799571387 551543 0 0 0 	15059572 551543 0 	334.868 	3 	33
7608100000000 7608200000040 	69000123010 190428973926 551554 	68999571456 551554 0 0 0 	15060013 551554 0 	334.617 	3 	33
7627300000000 7627400000040 	69200123090 190994161254 551567 	69199571523 551567 0 0 0 	15060440 551567 0 	334.368 	3 	33
7646500000000 7646600000135 	69400123360 191559418704 551586 	69399571774 551586 0 0 0 	15060867 551586 0 	334.115 	3 	33
7665700000000 7665800000032 	69600123424 192124789282 551593 	69599571831 551593 0 0 0 	15061046 551593 0 	333.861 	3 	33
7684900000000 7685000000032 	69800123488 192690097259 551604 	69799571884 551604 0 0 0 	15061256 551604 0 	333.608 	3 	33
7704100000000 7704200000227 	70000123942 193255484148 551612 	69999572330 551612 0 0 0 	15061460 551612 0 	333.352 	3 	33
7723300000000 7723400000227 	70200124396 193820916128 551623 	70199572773 551623 0 0 0 	15061758 551623 0 	333.098 	3 	33
7742500000000 7742600000160 	70400124716 194386406157 551630 	70399573086 551630 0 0 0 	15062044 551630 0 	332.842 	3 	33
7761700000000 7761800000062 	70600124840 194951938043 551636 	70599573204 551636 0 0 0 	15062295 551636 0 	332.582 	3 	33
7780900000000 7781000000062 	70800124964 195517527336 551644 	70799573320 551644 0 0 0 	15062563 551644 0 	332.325 	3 	33
7800100000000 7800200000160 	71000125284 196083153997 551651 	70999573633 551651 0 0 0 	15062794 551651 0 	332.065 	3 	33
7819300000000 7819400000160 	71200125604 196648910718 551661 	71199573943 551661 0 0 0 	15063102 551661 0 	331.806 	3 	33
7838500000000 7838600000159 	71400125922 197214653442 551670 	71399574252 551670 0 0 0 	15063477 551670 0 	331.545 	3 	33
7857700000000 7857800000026 	71600125974 197780453022 551673 	71599574301 551673 0 0 0 	15063555 551673 0 	331.281 	3 	33
7876900000000 7877000000026 	71800126026 198346176940 551681 	71799574345 551681 0 0 0 	15063778 551681 0 	331.019 	3 	33
7896100000000 7896200000242 	72000126510 198912019747 551686 	71999574824 551686 0 0 0 	15063822 551686 0 	330.755 	3 	33
7915300000000 7915400000000 	72200126510 199477906100 551694 	72199574816 551694 0 0 0 	15063987 551694 0 	330.488 	3 	33
7934500000000 7934600000000 	72400126510 200043908400 551698 	72399574812 551698 0 0 0 	15064135 551698 0 	330.222 	3 	33
7953700000000 7953800000035 	72600126580 200609910865 551702 	72599574878 551702 0 0 0 	15064215 551702 0 	329.954 	3 	33
7972900000000 7973000000035 	72800126650 201175956835 551706 	72799574944 551706 0 0 0 	15064317 551706 0 	329.688 	3 	33
7992100000000 7992200000054 	73000126758 201742140429 551709 	72999575049 551709 0 0 0 	15064348 551709 0 	329.419 	3 	33
8011300000000 8011400000152 	73200127062 202308546006 585919 	73199541143 585919 0 0 0 	16034634 585919 0 	329.731 	3 	33
8030500000000 8030600000152 	73400127366 202875036178 619416 	73399507950 619416 0 0 0 	17001936 619416 0 	330.042 	3 	33
8049700000000 8049800000152 	73600127670 203441504609 652050 	73599475620 652050 0 0 0 	17939179 652050 0 	330.352 	3 	33
8068900000000 8069000000000 	73800127670 204008046015 683667 	73799444003 683667 0 0 0 	18849489 683667 0 	330.656 	3 	33
8088100000000 8088200000000 	74000127670 204574554857 714986 	73999412684 714986 0 0 0 	19738018 714986 0 	330.959 	3 	33
8107300000000 8107400000000 	74200127670 205141136290 745744 	74199381926 745744 0 0 0 	20623005 745744 0 	331.261 	3 	33
8126500000000 8126600000000 	74400127670 205707753507 775551 	74399352119 775551 0 0 0 	21478206 775551 0 	331.561 	3 	33
8145700000000 8145800000048 	74600127766 206274457925 804709 	74599323057 804709 0 0 0 	22312994 804709 0 	331.856 	3 	33
8164900000000 8165000000048 	74800127862 206841186046 833638 	74799294224 833638 0 0 0 	23140515 833638 0 	332.15 	3 	33
8184100000000 8184200000048 	75000127958 207407934742 861690 	74999266268 861690 0 0 0 	23945595 861690 0 	332.443 	3 	33
8203300000000 8203400000476 	75200128910 207974730883 889037 	75199239873 889037 0 0 0 	24735776 889037 0 	332.73 	3 	33
8222500000000 8222600000476 	75400129862 208541612442 916105 	75399213757 916105 0 0 0 	25514518 916105 0 	333.016 	3 	33
8241700000000 8241800000476 	75600130814 209108554408 942483 	75599188331 942483 0 0 0 	26265648 942483 0 	333.301 	3 	33
8260900000000 8261000000011 	75800130836 209675435715 968519 	75799162317 968519 0 0 0 	27006478 968519 0 	333.581 	3 	33
8280100000000 8280200000011 	76000130858 210242358400 993968 	75999136890 993968 0 0 0 	27737420 993968 0 	333.86 	3 	33
8299300000000 8299400000011 	76200130880 210809381688 1019018 	76199111862 1019018 0 0 0 	28460742 1019018 0 	334.139 	3 	33
8318500000000 8318600000210 	76400131300 211376439504 1043541 	76399087759 1043541 0 0 0 	29157613 1043541 0 	334.411 	3 	33
8337700000000 8337800000210 	76600131720 211943590593 1067044 	76599064676 1067044 0 0 0 	29841081 1067044 0 	334.682 	3 	33
8356900000000 8357000000210 	76800132140 212510710836 1090423 	76799041717 1090423 0 0 0 	30517258 1090423 0 	334.953 	3 	33
8376100000000 8376200000210 	77000132560 213077925284 1113699 	76999018861 1113699 0 0 0 	31187635 1113699 0 	335.222 	3 	33
8395300000000 8395400000381 	77200133322 213645112995 1136291 	77198997031 1136291 0 0 0 	31837884 1136291 0 	335.485 	3 	33
8414500000000 8414600000381 	77400134084 214212348969 1158432 	77398975652 1158432 0 0 0 	32472095 1158432 0 	335.748 	3 	33
8433700000000 8433800000200 	77600134484 214779477047 1158512 	77598975972 1158512 0 0 0 	32474990 1158512 0 	335.645 	3 	33
8452900000000 8453000000200 	77800134884 215346698604 1158581 	77798976303 1158581 0 0 0 	32476967 1158581 0 	335.542 	3 	33
8472100000000 8472200000251 	78000135386 215913954939 1158657 	77998976729 1158657 0 0 0 	32479497 1158657 0 	335.437 	3 	33
8491300000000 8491400000251 	78200135888 216481268844 1158734 	78198977154 1158734 0 0 0 	32481735 1158734 0 	335.333 	3 	33
8510500000000 8510600000197 	78400136282 217048567154 1158825 	78398977457 1158825 0 0 0 	32484298 1158825 0 	335.222 	3 	33
8529700000000 8529800000197 	78600136676 217615979935 1158901 	78598977775 1158901 0 0 0 	32486514 1158901 0 	335.113 	3 	33
8548900000000 8549000000048 	78800136772 218183379098 1158964 	78798977808 1158964 0 0 0 	32487979 1158964 0 	335 	3 	33
8568100000000 8568200000048 	79000136868 218750810346 1159041 	78998977827 1159041 0 0 0 	32490638 1159041 0 	334.888 	3 	33
8587300000000 8587400000280 	79200137428 219318280718 1159120 	79198978308 1159120 0 0 0 	32492974 1159120 0 	334.774 	3 	33
8606500000000 8606600000280 	79400137988 219885760951 1159193 	79398978795 1159193 0 0 0 	32495061 1159193 0 	334.661 	3 	33
8625700000000 8625800000021 	79600138030 220453304651 1159237 	79598978793 1159237 0 0 0 	32496838 1159237 0 	334.541 	3 	33
8644900000000 8645000000021 	79800138072 221020937785 1159293 	79798978779 1159293 0 0 0 	32498449 1159293 0 	334.422 	3 	33
8664100000000 8664200000072 	80000138216 221588571407 1159353 	79998978863 1159353 0 0 0 	32499795 1159353 0 	334.301 	3 	33
8683300000000 8683400000072 	80200138360 222156232842 1159402 	80198978958 1159402 0 0 0 	32500868 1159402 0 	334.18 	3 	33
8702500000000 8702600000113 	80400138586 222723991392 1159453 	80398979133 1159453 0 0 0 	32502281 1159453 0 	334.057 	3 	33
8721700000000 8721800000113 	80600138812 223291738995 1159495 	80598979317 1159495 0 0 0 	32503219 1159495 0 	333.934 	3 	33
8740900000000 8741000000069 	80800138950 223859513643 1159558 	80798979392 1159558 0 0 0 	32504939 1159558 0 	333.806 	3 	33
8760100000000 8760200000069 	81000139088 224427371621 1159607 	80998979481 1159607 0 0 0 	32506381 1159607 0 	333.678 	3 	33
8779300000000 8779400000224 	81200139536 224995253783 1159666 	81198979870 1159666 0 0 0 	32507970 1159666 0 	333.548 	3 	33
8798500000000 8798600000224 	81400139984 225563130776 1159701 	81398980283 1159701 0 0 0 	32508551 1159701 0 	333.418 	3 	33
8817700000000 8817800000271 	81600140526 226131076081 1159737 	81598980789 1159737 0 0 0 	32509833 1159737 0 	333.286 	3 	33
8836900000000 8837000000271 	81800141068 226699104171 1159779 	81798981289 1159779 0 0 0 	32511094 1159779 0 	333.155 	3 	33
8856100000000 8856200000186 	82000141440 227267105354 1159812 	81998981628 1159812 0 0 0 	32512031 1159812 0 	333.021 	3 	33
8875300000000 8875400000186 	82200141812 227835188991 1159851 	82198981961 1159851 0 0 0 	32513087 1159851 0 	332.887 	3 	33
8894500000000 8894600000092 	82400141996 228403330719 1159894 	82398982102 1159894 0 0 0 	32514446 1159894 0 	332.748 	3 	33
8913700000000 8913800000092 	82600142180 228971579741 1159925 	82598982255 1159925 0 0 0 	32515333 1159925 0 	332.61 	3 	33
8932900000000 8933000000031 	82800142242 229539785129 1159965 	82798982277 1159965 0 0 0 	32516569 1159965 0 	332.469 	3 	33
8952100000000 8952200000031 	83000142304 230108014497 1159996 	82998982308 1159996 0 0 0 	32517768 1159996 0 	332.329 	3 	33
8971300000000 8971400000020 	83200142344 230676381570 1160022 	83198982322 1160022 0 0 0 	32518682 1160022 0 	332.187 	3 	33
8990500000000 8990600000020 	83400142384 231244729998 1160043 	83398982341 1160043 0 0 0 	32519008 1160043 0 	332.045 	3 	33
9009700000000 9009800000032 	83600142448 231813063290 1160062 	83598982386 1160062 0 0 0 	32519350 1160062 0 	331.901 	3 	33
9028900000000 9029000000032 	83800142512 232381530778 1160081 	83798982431 1160081 0 0 0 	32519736 1160081 0 	331.758 	3 	33
9048100000000 9048200000040 	84000142592 232950014488 1160108 	83998982484 1160108 0 0 0 	32520254 1160108 0 	331.612 	3 	33
9067300000000 9067400000040 	84200142672 233518533261 1160142 	84198982530 1160142 0 0 0 	32521128 1160142 0 	331.466 	3 	33
9086500000000 9086600000214 	84400143100 234087112431 1160169 	84398982931 1160169 0 0 0 	32521701 1160169 0 	331.315 	3 	33
9105700000000 9105800000214 	84600143528 234655723103 1160189 	84598983339 1160189 0 0 0 	32522272 1160189 0 	331.165 	3 	33
9124900000000 9125000000047 	84800143622 235224343161 1160215 	84798983407 1160215 0 0 0 	32523176 1160215 0 	331.013 	3 	33
9144100000000 9144200000047 	85000143716 235793053340 1160247 	84998983469 1160247 0 0 0 	32524027 1160247 0 	330.861 	3 	33
9163300000000 9163400000044 	85200143804 236361723767 1160262 	85198983542 1160262 0 0 0 	32524602 1160262 0 	330.707 	3 	33
9182500000000 9182600000044 	85400143892 236930471974 1160291 	85398983601 1160291 0 0 0 	32525508 1160291 0 	330.553 	3 	33
9201700000000 9201800000175 	85600144242 237499271550 1160312 	85598983930 1160312 0 0 0 	32526313 1160312 0 	330.397 	3 	33
9220900000000 9221000000175 	85800144592 238068068481 1160331 	85798984261 1160331 0 0 0 	32526730 1160331 0 	330.242 	3 	33
9240100000000 9240200000136 	86000144864 238636933235 1160354 	85998984510 1160354 0 0 0 	32527289 1160354 0 	330.085 	3 	33
9259300000000 9259400000136 	86200145136 239205849684 1160373 	86198984763 1160373 0 0 0 	32528086 1160373 0 	329.928 	3 	33
9278500000000 9278600000173 	86400145482 239774818235 1160392 	86398985090 1160392 0 0 0 	32528807 1160392 0 	329.769 	3 	33
9297700000000 9297800000173 	86600145828 240343805816 1160410 	86598985418 1160410 0 0 0 	32529244 1160410 0 	329.61 	3 	33
9316900000000 9317000000084 	86800145996 240912850762 1160429 	86798985567 1160429 0 0 0 	32529665 1160429 0 	329.446 	3 	33
9336100000000 9336200000084 	87000146164 241481943767 1160440 	86998985724 1160440 0 0 0 	32529979 1160440 0 	329.283 	3 	33
9355300000000 9355400000170 	87200146504 242051062857 1160460 	87198986044 1160460 0 0 0 	32530636 1160460 0 	329.117 	3 	33
9374500000000 9374600000170 	87400146844 242620231294 1160481 	87398986363 1160481 0 0 0 	32531337 1160481 0 	328.952 	3 	33
9393700000000 9393800000212 	87600147268 243189446158 1160497 	87598986771 1160497 0 0 0 	32531747 1160497 0 	328.785 	3 	33
9412900000000 9413000000212 	87800147692 243758690695 1160512 	87798987180 1160512 0 0 0 	32532122 1160512 0 	328.619 	3 	33
9432100000000 9432200000180 	88000148052 244327929382 1160526 	87998987526 1160526 0 0 0 	32532629 1160526 0 	328.45 	3 	33
9451300000000 9451400000180 	88200148412 244897197197 1160537 	88198987875 1160537 0 0 0 	32533062 1160537 0 	328.282 	3 	33
9470500000000 9470600000044 	88400148500 245466542416 1160556 	88398987944 1160556 0 0 0 	32533743 1160556 0 	328.112 	3 	33
9489700000000 9489800000044 	88600148588 246035869458 1160571 	88598988017 1160571 0 0 0 	32534360 1160571 0 	327.942 	3 	33
9508900000000 9509000000040 	88800148668 246605297605 1160589 	88798988079 1160589 0 0 0 	32534973 1160589 0 	327.77 	3 	33
9528100000000 9528200000040 	89000148748 247174740360 1160599 	88998988149 1160599 0 0 0 	32535354 1160599 0 	327.599 	3 	33
9547300000000 9547400000135 	89200149018 247744250572 1160615 	89198988403 1160615 0 0 0 	32535764 1160615 0 	327.426 	3 	33
9566500000000 9566600000135 	89400149288 248313787462 1160629 	89398988659 1160629 0 0 0 	32536187 1160629 0 	327.253 	3 	33
9585700000000 9585800000032 	89600149352 248883334696 1160635 	89598988717 1160635 0 0 0 	32536310 1160635 0 	327.079 	3 	33
9604900000000 9605000000032 	89800149416 249452917173 1160644 	89798988772 1160644 0 0 0 	32536602 1160644 0 	326.905 	3 	33
9624100000000 9624200000227 	90000149870 250022577359 1160648 	89998989222 1160648 0 0 0 	32536743 1160648 0 	326.728 	3 	33
9643300000000 9643400000227 	90200150324 250592280136 1160655 	90198989669 1160655 0 0 0 	32537044 1160655 0 	326.553 	3 	33
9662500000000 9662600000160 	90400150644 251161989829 1160664 	90398989980 1160664 0 0 0 	32537233 1160664 0 	326.375 	3 	33
9681700000000 9681800000160 	90600150964 251731743657 1160672 	90598990292 1160672 0 0 0 	32537533 1160672 0 	326.198 	3 	33
9700900000000 9701000000062 	90800151088 252301605845 1160682 	90798990406 1160682 0 0 0 	32537706 1160682 0 	326.018 	3 	33
9720100000000 9720200000062 	91000151212 252871402615 1160687 	90998990525 1160687 0 0 0 	32537797 1160687 0 	325.84 	3 	33
9739300000000 9739400000160 	91200151532 253441301905 1160692 	91198990840 1160692 0 0 0 	32538042 1160692 0 	325.659 	3 	33
9758500000000 9758600000160 	91400151852 254011176746 1160696 	91398991156 1160696 0 0 0 	32538160 1160696 0 	325.479 	3 	33
9777700000000 9777800000159 	91600152170 254581118026 1160699 	91598991471 1160699 0 0 0 	32538256 1160699 0 	325.297 	3 	33
9796900000000 9797000000159 	91800152488 255151109521 1160708 	91798991780 1160708 0 0 0 	32538782 1160708 0 	325.116 	3 	33
9816100000000 9816200000026 	92000152540 255721170074 1160719 	91998991821 1160719 0 0 0 	32538989 1160719 0 	324.932 	3 	33
9835300000000 9835400000026 	92200152592 256291163969 1160726 	92198991866 1160726 0 0 0 	32539135 1160726 0 	324.749 	3 	33
9854500000000 9854600000242 	92400153076 256861302700 1160731 	92398992345 1160731 0 0 0 	32539238 1160731 0 	324.564 	3 	33
9873700000000 9873800000242 	92600153560 257431432318 1160735 	92598992825 1160735 0 0 0 	32539321 1160735 0 	324.38 	3 	33
9892900000000 9893000000000 	92800153560 258001616702 1160741 	92798992819 1160741 0 0 0 	32539409 1160741 0 	324.193 	3 	33
9912100000000 9912200000000 	93000153560 258571886779 1160746 	92998992814 1160746 0 0 0 	32539490 1160746 0 	324.008 	3 	33
9931300000000 9931400000035 	93200153630 259142140592 1160753 	93198992877 1160753 0 0 0 	32539718 1160753 0 	323.82 	3 	33
9950500000000 9950600000035 	93400153700 259712410274 1160757 	93398992943 1160757 0 0 0 	32539744 1160757 0 	323.633 	3 	33
9969700000000 9969800000054 	93600153808 260282794736 1160759 	93598993049 1160759 0 0 0 	32539791 1160759 0 	323.443 	3 	33
9988900000000 9989000000054 	93800153916 260853154371 1160767 	93798993149 1160767 0 0 0 	32539979 1160767 0 	323.255 	3 	33
