1003400000000 1003500000135 	200000270 526577809 1 	200000269 1 0 0 0 	1 1 0 	265 	3 	34
1022600000000 1022700000160 	400000590 1053490190 4 	400000586 4 0 0 0 	29 4 0 	262.476 	3 	34
1041800000000 1041900000035 	600000660 1580839740 5 	600000655 5 0 0 0 	139 5 0 	259.936 	3 	34
1061000000000 1061100000000 	800000660 2108572747 15456 	799985204 15456 0 0 0 	416497 15456 0 	295.392 	3 	34
1080200000000 1080300000476 	1000001612 2636609091 28546 	999973066 28546 0 0 0 	764654 28546 0 	321.052 	3 	34
1099400000000 1099500000381 	1200002374 3165017519 39719 	1199962655 39719 0 0 0 	1067393 39719 0 	339.889 	3 	34
1118600000000 1118700000254 	1400002882 3693722482 49247 	1399953635 49247 0 0 0 	1321510 49247 0 	354.206 	3 	34
1137800000000 1137900000072 	1600003026 4222703863 49264 	1599953762 49264 0 0 0 	1321985 49264 0 	345.018 	3 	34
1157000000000 1157100000271 	1800003568 4751986642 49279 	1799954289 49279 0 0 0 	1322366 49279 0 	337.439 	3 	34
1176200000000 1176300000020 	2000003608 5281535983 49293 	1999954315 49293 0 0 0 	1322803 49293 0 	330.933 	3 	34
1195400000000 1195500000047 	2200003702 5811403709 49301 	2199954401 49301 0 0 0 	1323024 49301 0 	325.177 	3 	34
1214600000000 1214700000136 	2400003974 6341645055 49309 	2399954665 49309 0 0 0 	1323246 49309 0 	320.193 	3 	34
1233800000000 1233900000212 	2600004398 6872218553 49310 	2599955088 49310 0 0 0 	1323249 49310 0 	315.574 	3 	34
1253000000000 1253100000135 	2800004668 7403044619 49316 	2799955352 49316 0 0 0 	1323464 49316 0 	311.33 	3 	34
1272200000000 1272300000062 	3000004792 7934148958 49318 	2999955474 49318 0 0 0 	1323560 49318 0 	307.378 	3 	34
1291400000000 1291500000177 	3200005146 8465547174 49319 	3199955827 49319 0 0 0 	1323574 49319 0 	303.676 	3 	34
1310600000000 1310700000054 	3400005254 8997214651 49319 	3399955935 49319 0 0 0 	1323574 49319 0 	300.222 	3 	34
1329800000000 1329900000000 	3600005254 9529250334 65727 	3599939527 65727 0 0 0 	1769606 65727 0 	307.038 	3 	34
1349000000000 1349100000476 	3800006206 10061557181 80165 	3799926041 80165 0 0 0 	2158410 80165 0 	313.235 	3 	34
1368200000000 1368300000210 	4000006626 10594105916 92810 	3999913816 92810 0 0 0 	2502013 92810 0 	318.882 	3 	34
1387400000000 1387500000468 	4200007562 11126968446 103785 	4199903777 103785 0 0 0 	2800606 103785 0 	324.018 	3 	34
1406600000000 1406700000365 	4400008292 11660072705 113291 	4399895001 113291 0 0 0 	3059008 113291 0 	328.68 	3 	34
1425800000000 1425900000352 	4600008996 12193397219 121632 	4599887364 121632 0 0 0 	3285263 121632 0 	332.902 	3 	34
1445000000000 1445100000178 	4800009352 12726984511 128980 	4799880372 128980 0 0 0 	3480458 128980 0 	336.734 	3 	34
1464200000000 1464300000191 	5000009734 13260817487 135386 	4999874348 135386 0 0 0 	3654725 135386 0 	340.261 	3 	34
1483400000000 1483500000320 	5200010374 13794824168 141086 	5199869288 141086 0 0 0 	3809579 141086 0 	343.438 	3 	34
1502600000000 1502700000290 	5400010954 14329177101 145972 	5399864982 145972 0 0 0 	3942529 145972 0 	346.298 	3 	34
1521800000000 1521900000088 	5600011130 14863698795 150309 	5599860821 150309 0 0 0 	4060734 150309 0 	348.861 	3 	34
1541000000000 1541100000189 	5800011508 15398438370 154053 	5799857455 154053 0 0 0 	4161343 154053 0 	351.169 	3 	34
1560200000000 1560300000375 	6000012258 15933369015 157280 	5999854978 157280 0 0 0 	4246466 157280 0 	353.214 	3 	34
1579400000000 1579500000227 	6200012712 16468581683 157281 	6199855431 157281 0 0 0 	4246477 157281 0 	349.349 	3 	34
1598600000000 1598700000160 	6400013032 17004003102 157284 	6399855748 157284 0 0 0 	4246560 157284 0 	345.637 	3 	34
1617800000000 1617900000242 	6600013516 17539675835 157285 	6599856231 157285 0 0 0 	4246575 157285 0 	342.062 	3 	34
1637000000000 1637100000054 	6800013624 18075497066 157288 	6799856336 157288 0 0 0 	4246713 157288 0 	338.609 	3 	34
1656200000000 1656300000000 	7000013624 18611762489 175614 	6999838010 175614 0 0 0 	4745591 175614 0 	341.761 	3 	34
1675400000000 1675500000048 	7200013720 19148246307 192142 	7199821578 192142 0 0 0 	5195513 192142 0 	344.739 	3 	34
1694600000000 1694700000011 	7400013742 19684882728 207053 	7399806689 207053 0 0 0 	5596605 207053 0 	347.509 	3 	34
1713800000000 1713900000210 	7600014162 20221749776 220332 	7599793830 220332 0 0 0 	5958421 220332 0 	350.121 	3 	34
1733000000000 1733100000468 	7800015098 20758819491 232484 	7799782614 232484 0 0 0 	6285344 232484 0 	352.54 	3 	34
1752200000000 1752300000254 	8000015606 21296153864 243370 	7999772236 243370 0 0 0 	6578839 243370 0 	354.813 	3 	34
1771400000000 1771500000368 	8200016342 21833663467 253056 	8199763286 253056 0 0 0 	6844331 253056 0 	356.918 	3 	34
1790600000000 1790700000352 	8400017046 22371329328 261678 	8399755368 261678 0 0 0 	7082124 261678 0 	358.89 	3 	34
1809800000000 1809900000178 	8600017402 22909177078 269473 	8599747929 269473 0 0 0 	7296570 269473 0 	360.705 	3 	34
1829000000000 1829100000355 	8800018112 23447230478 276570 	8799741542 276570 0 0 0 	7490429 276570 0 	362.412 	3 	34
1848200000000 1848300000320 	9000018752 23985508814 283049 	8999735703 283049 0 0 0 	7671391 283049 0 	363.958 	3 	34
1867400000000 1867500000400 	9200019552 24523914938 288832 	9199730720 288832 0 0 0 	7826876 288832 0 	365.404 	3 	34
1886600000000 1886700000249 	9400020050 25062569267 294042 	9399726008 294042 0 0 0 	7970111 294042 0 	366.712 	3 	34
1905800000000 1905900000088 	9600020226 25601395041 298644 	9599721582 298644 0 0 0 	8091335 298644 0 	367.93 	3 	34
1925000000000 1925100000189 	9800020604 26140334952 302731 	9799717873 302731 0 0 0 	8202254 302731 0 	369.032 	3 	34
1944200000000 1944300000060 	10000020724 26679496825 306524 	9999714200 306524 0 0 0 	8306970 306524 0 	370.052 	3 	34
1963400000000 1963500000074 	10200020872 27218949032 309976 	10199710896 309976 0 0 0 	8400515 309976 0 	370.947 	3 	34
1982600000000 1982700000320 	10400021512 27758471910 313073 	10399708439 313073 0 0 0 	8487913 313073 0 	371.782 	3 	34
2001800000000 2001900000044 	10600021600 28298218006 315800 	10599705800 315800 0 0 0 	8562341 315800 0 	372.499 	3 	34
2021000000000 2021100000251 	10800022102 28838109909 318285 	10799703817 318285 0 0 0 	8630047 318285 0 	373.127 	3 	34
2040200000000 2040300000307 	11000022716 29378220755 320512 	10999702204 320512 0 0 0 	8689995 320512 0 	373.692 	3 	34
2059400000000 2059500000314 	11200023344 29918451135 322491 	11199700853 322491 0 0 0 	8742390 322491 0 	374.163 	3 	34
2078600000000 2078700000173 	11400023690 30458888175 324268 	11399699422 324268 0 0 0 	8790923 324268 0 	374.572 	3 	34
2097800000000 2097900000352 	11600024394 30999492614 325842 	11599698552 325842 0 0 0 	8833523 325842 0 	374.89 	3 	34
2117000000000 2117100000376 	11800025146 31540318895 327278 	11799697868 327278 0 0 0 	8871653 327278 0 	375.168 	3 	34
2136200000000 2136300000026 	12000025198 32081324909 328636 	11999696562 328636 0 0 0 	8907989 328636 0 	375.359 	3 	34
2155400000000 2155500000285 	12200025768 32622451168 329779 	12199695989 329779 0 0 0 	8941015 329779 0 	375.513 	3 	34
2174600000000 2174700000308 	12400026384 33163769921 330859 	12399695525 330859 0 0 0 	8970419 330859 0 	375.601 	3 	34
2193800000000 2193900000278 	12600026940 33705272756 331861 	12599695079 331861 0 0 0 	8998643 331861 0 	375.638 	3 	34
2213000000000 2213100000368 	12800027676 34246995865 342392 	12799685284 342392 0 0 0 	9288654 342392 0 	376.8 	3 	34
2232200000000 2232300000352 	13000028380 34788882921 352140 	12999676240 352140 0 0 0 	9555573 352140 0 	377.893 	3 	34
2251400000000 2251500000120 	13200028620 35330890900 361247 	13199667373 361247 0 0 0 	9800522 361247 0 	378.928 	3 	34
2270600000000 2270700000178 	13400028976 35873099969 369793 	13399659183 369793 0 0 0 	10036464 369793 0 	379.907 	3 	34
2289800000000 2289900000230 	13600029436 36415434418 377458 	13599651978 377458 0 0 0 	10245221 377458 0 	380.79 	3 	34
2309000000000 2309100000320 	13800030076 36957940622 384528 	13799645548 384528 0 0 0 	10438369 384528 0 	381.619 	3 	34
2328200000000 2328300000400 	14000030876 37500595398 390976 	13999639900 390976 0 0 0 	10615606 390976 0 	382.397 	3 	34
2347400000000 2347500000290 	14200031456 38043379299 397054 	14199634402 397054 0 0 0 	10782377 397054 0 	383.125 	3 	34
2366600000000 2366700000249 	14400031954 38586303757 402624 	14399629330 402624 0 0 0 	10933901 402624 0 	383.804 	3 	34
2385800000000 2385900000110 	14600032174 39129395458 407574 	14599624600 407574 0 0 0 	11072035 407574 0 	384.413 	3 	34
2405000000000 2405100000189 	14800032552 39672628706 412170 	14799620382 412170 0 0 0 	11199602 412170 0 	384.975 	3 	34
2424200000000 2424300000060 	15000032672 40216070370 416519 	14999616153 416519 0 0 0 	11322568 416519 0 	385.492 	3 	34
2443400000000 2443500000375 	15200033422 40759592546 420417 	15199613005 420417 0 0 0 	11430239 420417 0 	385.964 	3 	34
2462600000000 2462700000074 	15400033570 41303320995 423914 	15399609656 423914 0 0 0 	11525869 423914 0 	386.392 	3 	34
2481800000000 2481900000353 	15600034276 41847185681 427255 	15599607021 427255 0 0 0 	11620628 427255 0 	386.756 	3 	34
2501000000000 2501100000044 	15800034364 42391243417 430273 	15799604091 430273 0 0 0 	11703371 430273 0 	387.079 	3 	34
2520200000000 2520300000228 	16000034820 42935375202 433031 	15999601789 433031 0 0 0 	11778924 433031 0 	387.372 	3 	34
2539400000000 2539500000091 	16200035002 43479641605 435558 	16199599444 435558 0 0 0 	11850065 435558 0 	387.625 	3 	34
2558600000000 2558700000100 	16400035202 44024090511 437976 	16399597226 437976 0 0 0 	11915785 437976 0 	387.816 	3 	34
2577800000000 2577900000314 	16600035830 44568656439 440145 	16599595685 440145 0 0 0 	11976126 440145 0 	387.981 	3 	34
2597000000000 2597100000173 	16800036176 45113350510 442177 	16799593999 442177 0 0 0 	12032754 442177 0 	388.109 	3 	34
2616200000000 2616300000330 	17000036836 45658231332 444081 	16999592755 444081 0 0 0 	12085644 444081 0 	388.211 	3 	34
2635400000000 2635500000352 	17200037540 46203155898 445801 	17199591739 445801 0 0 0 	12131960 445801 0 	388.277 	3 	34
2654600000000 2654700000290 	17400038120 46748316422 447432 	17399590688 447432 0 0 0 	12175805 447432 0 	388.297 	3 	34
2673800000000 2673900000026 	17600038172 47293555951 448779 	17599589393 448779 0 0 0 	12213502 448779 0 	388.282 	3 	34
2693000000000 2693100000285 	17800038742 47838951548 450123 	17799588619 450123 0 0 0 	12249818 450123 0 	388.245 	3 	34
2712200000000 2712300000151 	18000039044 48384476814 451324 	17999587720 451324 0 0 0 	12283425 451324 0 	388.186 	3 	34
2731400000000 2731500000308 	18200039660 48930164234 452464 	18199587196 452464 0 0 0 	12313975 452464 0 	388.106 	3 	34
2750600000000 2750700000208 	18400040076 49475937063 453494 	18399586582 453494 0 0 0 	12343788 453494 0 	387.97 	3 	34
2769800000000 2769900000120 	18600040316 50021835015 454437 	18599585879 454437 0 0 0 	12369237 454437 0 	387.814 	3 	34
2789000000000 2789100000296 	18800040908 50567887200 455329 	18799585579 455329 0 0 0 	12394147 455329 0 	387.639 	3 	34
2808200000000 2808300000270 	19000041448 51114070613 456151 	18999585297 456151 0 0 0 	12416509 456151 0 	387.444 	3 	34
2827400000000 2827500000320 	19200042088 51660444407 456894 	19199585194 456894 0 0 0 	12436675 456894 0 	387.231 	3 	34
2846600000000 2846700000264 	19400042616 52206885415 457557 	19399585059 457557 0 0 0 	12455528 457557 0 	386.977 	3 	34
2865800000000 2865900000328 	19600043272 52753466431 458228 	19599585044 458228 0 0 0 	12474977 458228 0 	386.704 	3 	34
2885000000000 2885100000080 	19800043432 53300155623 458788 	19799584644 458788 0 0 0 	12490978 458788 0 	386.415 	3 	34
2904200000000 2904300000140 	20000043712 53847001423 459331 	19999584381 459331 0 0 0 	12505396 459331 0 	386.108 	3 	34
2923400000000 2923500000312 	20200044336 54393993249 459842 	20199584494 459842 0 0 0 	12519487 459842 0 	385.784 	3 	34
2942600000000 2942700000032 	20400044400 54941096993 460255 	20399584145 460255 0 0 0 	12530758 460255 0 	385.421 	3 	34
2961800000000 2961900000250 	20600044900 55488326334 460655 	20599584245 460655 0 0 0 	12542829 460655 0 	385.043 	3 	34
2981000000000 2981100000236 	20800045372 56035589766 461018 	20799584354 461018 0 0 0 	12553559 461018 0 	384.649 	3 	34
3000200000000 3000300000228 	21000045828 56583055353 461381 	20999584447 461381 0 0 0 	12563437 461381 0 	384.24 	3 	34
3019400000000 3019500000278 	21200046384 57130648289 461704 	21199584680 461704 0 0 0 	12572933 461704 0 	383.805 	3 	34
3038600000000 3038700000296 	21400046976 57678330575 462016 	21399584960 462016 0 0 0 	12581557 462016 0 	383.355 	3 	34
3057800000000 3057900000254 	21600047484 58226083612 462278 	21599585206 462278 0 0 0 	12589199 462278 0 	382.892 	3 	34
3077000000000 3077100000032 	21800047548 58774016141 462536 	21799585012 462536 0 0 0 	12596462 462536 0 	382.414 	3 	34
3096200000000 3096300000320 	22000048188 59322155280 466247 	21999581941 466247 0 0 0 	12698096 466247 0 	382.725 	3 	34
3115400000000 3115500000353 	22200048894 59870320536 469783 	22199579111 469783 0 0 0 	12796305 469783 0 	383.009 	3 	34
3134600000000 3134700000044 	22400048982 60418592544 473070 	22399575912 473070 0 0 0 	12885472 473070 0 	383.265 	3 	34
3153800000000 3153900000228 	22600049438 60967008489 476005 	22599573433 476005 0 0 0 	12967280 476005 0 	383.502 	3 	34
3173000000000 3173100000091 	22800049620 61515542756 478837 	22799570783 478837 0 0 0 	13045877 478837 0 	383.711 	3 	34
3192200000000 3192300000307 	23000050234 62064145913 481399 	22999568835 481399 0 0 0 	13117244 481399 0 	383.902 	3 	34
3211400000000 3211500000100 	23200050434 62612924958 483872 	23199566562 483872 0 0 0 	13185867 483872 0 	384.067 	3 	34
3230600000000 3230700000314 	23400051062 63161793599 486241 	23399564821 486241 0 0 0 	13252116 486241 0 	384.214 	3 	34
3249800000000 3249900000173 	23600051408 63710809160 488408 	23599563000 488408 0 0 0 	13310883 488408 0 	384.334 	3 	34
3269000000000 3269100000330 	23800052068 64259903614 490448 	23799561620 490448 0 0 0 	13367970 490448 0 	384.437 	3 	34
3288200000000 3288300000352 	24000052772 64809081523 492446 	23999560326 492446 0 0 0 	13424377 492446 0 	384.515 	3 	34
3307400000000 3307500000376 	24200053524 65358379348 494260 	24199559264 494260 0 0 0 	13473736 494260 0 	384.576 	3 	34
3326600000000 3326700000290 	24400054104 65907778978 495941 	24399558163 495941 0 0 0 	13519007 495941 0 	384.62 	3 	34
3345800000000 3345900000026 	24600054156 66457360471 497535 	24599556621 497535 0 0 0 	13564401 497535 0 	384.639 	3 	34
3365000000000 3365100000285 	24800054726 67006921776 499063 	24799555663 499063 0 0 0 	13607119 499063 0 	384.642 	3 	34
3384200000000 3384300000151 	25000055028 67556664055 500506 	24999554522 500506 0 0 0 	13646516 500506 0 	384.629 	3 	34
3403400000000 3403500000308 	25200055644 68106529916 501799 	25199553845 501799 0 0 0 	13681252 501799 0 	384.6 	3 	34
3422600000000 3422700000278 	25400056200 68656483874 503006 	25399553194 503006 0 0 0 	13712753 503006 0 	384.547 	3 	34
3441800000000 3441900000208 	25600056616 69206532288 504156 	25599552460 504156 0 0 0 	13744146 504156 0 	384.478 	3 	34
3461000000000 3461100000120 	25800056856 69756668290 505153 	25799551703 505153 0 0 0 	13771307 505153 0 	384.395 	3 	34
3480200000000 3480300000296 	26000057448 70306978513 506163 	25999551285 506163 0 0 0 	13800023 506163 0 	384.297 	3 	34
3499400000000 3499500000270 	26200057988 70857361364 507086 	26199550902 507086 0 0 0 	13825779 507086 0 	384.183 	3 	34
3518600000000 3518700000320 	26400058628 71407833498 507972 	26399550656 507972 0 0 0 	13849997 507972 0 	384.055 	3 	34
3537800000000 3537900000350 	26600059328 71958408369 508791 	26599550537 508791 0 0 0 	13873526 508791 0 	383.913 	3 	34
3557000000000 3557100000264 	26800059856 72509125988 509498 	26799550358 509498 0 0 0 	13892818 509498 0 	383.756 	3 	34
3576200000000 3576300000328 	27000060512 73059949295 510182 	26999550330 510182 0 0 0 	13911499 510182 0 	383.585 	3 	34
3595400000000 3595500000080 	27200060672 73610895853 510872 	27199549800 510872 0 0 0 	13930637 510872 0 	383.401 	3 	34
3614600000000 3614700000346 	27400061364 74161915960 511469 	27399549895 511469 0 0 0 	13947928 511469 0 	383.21 	3 	34
3633800000000 3633900000140 	27600061644 74712950326 512069 	27599549575 512069 0 0 0 	13963968 512069 0 	383.015 	3 	34
3653000000000 3653100000044 	27800061732 75264111217 512607 	27799549125 512607 0 0 0 	13979466 512607 0 	382.806 	3 	34
3672200000000 3672300000044 	28000061820 75815383831 513113 	27999548707 513113 0 0 0 	13993464 513113 0 	382.583 	3 	34
3691400000000 3691500000032 	28200061884 76366820899 513578 	28199548306 513578 0 0 0 	14006271 513578 0 	382.348 	3 	34
3710600000000 3710700000250 	28400062384 76918355317 514010 	28399548374 514010 0 0 0 	14018317 514010 0 	382.099 	3 	34
3729800000000 3729900000236 	28600062856 77469948378 514437 	28599548419 514437 0 0 0 	14029806 514437 0 	381.837 	3 	34
3749000000000 3749100000228 	28800063312 78021631867 514843 	28799548469 514843 0 0 0 	14041346 514843 0 	381.563 	3 	34
3768200000000 3768300000112 	29000063536 78573358207 515273 	28999548263 515273 0 0 0 	14053017 515273 0 	381.276 	3 	34
3787400000000 3787500000278 	29200064092 79125233229 515629 	29199548463 515629 0 0 0 	14062951 515629 0 	380.985 	3 	34
3806600000000 3806700000296 	29400064684 79677209107 515946 	29399548738 515946 0 0 0 	14070935 515946 0 	380.681 	3 	34
3825800000000 3825900000254 	29600065192 80229272360 516273 	29599548919 516273 0 0 0 	14080148 516273 0 	380.365 	3 	34
3845000000000 3845100000032 	29800065256 80781394122 516536 	29799548720 516536 0 0 0 	14088605 516536 0 	380.037 	3 	34
3864200000000 3864300000320 	30000065896 81333601387 516782 	29999549114 516782 0 0 0 	14095306 516782 0 	379.705 	3 	34
3883400000000 3883500000268 	30200066432 81885951245 517033 	30199549399 517033 0 0 0 	14102236 517033 0 	379.361 	3 	34
3902600000000 3902700000060 	30400066552 82438408855 517249 	30399549303 517249 0 0 0 	14108077 517249 0 	379.005 	3 	34
3921800000000 3921900000230 	30600067012 82990927856 517481 	30599549531 517481 0 0 0 	14114192 517481 0 	378.638 	3 	34
3941000000000 3941100000208 	30800067428 83543547321 517695 	30799549733 517695 0 0 0 	14119331 517695 0 	378.267 	3 	34
3960200000000 3960300000197 	31000067822 84096326847 517908 	30999549914 517908 0 0 0 	14125573 517908 0 	377.885 	3 	34
3979400000000 3979500000174 	31200068170 84649191426 518083 	31199550087 518083 0 0 0 	14130500 518083 0 	377.5 	3 	34
3998600000000 3998700000008 	31400068186 85202084560 518233 	31399549953 518233 0 0 0 	14135155 518233 0 	377.103 	3 	34
4017800000000 4017900000320 	31600068826 85755094584 518388 	31599550438 518388 0 0 0 	14139612 518388 0 	376.695 	3 	34
4037000000000 4037100000167 	31800069160 86308153090 518556 	31799550604 518556 0 0 0 	14144277 518556 0 	376.285 	3 	34
4056200000000 4056300000120 	32000069400 86861301524 518681 	31999550719 518681 0 0 0 	14147467 518681 0 	375.863 	3 	34
4075400000000 4075500000188 	32200069776 87414569846 518811 	32199550965 518811 0 0 0 	14151177 518811 0 	375.439 	3 	34
4094600000000 4094700000096 	32400069968 87967938469 518945 	32399551023 518945 0 0 0 	14155025 518945 0 	375.003 	3 	34
4113800000000 4113900000215 	32600070398 88521465353 519059 	32599551339 519059 0 0 0 	14157715 519059 0 	374.565 	3 	34
4133000000000 4133100000057 	32800070512 89075034765 519142 	32799551370 519142 0 0 0 	14159974 519142 0 	374.117 	3 	34
4152200000000 4152300000056 	33000070624 89628679949 519240 	32999551384 519240 0 0 0 	14162450 519240 0 	373.666 	3 	34
4171400000000 4171500000110 	33200070844 90182394475 519311 	33199551533 519311 0 0 0 	14164391 519311 0 	373.204 	3 	34
4190600000000 4190700000141 	33400071126 90736172532 519413 	33399551713 519413 0 0 0 	14167675 519413 0 	372.741 	3 	34
4209800000000 4209900000125 	33600071376 91290056306 519486 	33599551890 519486 0 0 0 	14170008 519486 0 	372.284 	3 	34
4229000000000 4229100000031 	33800071438 91844048118 519558 	33799551880 519558 0 0 0 	14171823 519558 0 	371.816 	3 	34
4248200000000 4248300000188 	34000071814 92398098622 519631 	33999552183 519631 0 0 0 	14174074 519631 0 	371.346 	3 	34
4267400000000 4267500000192 	34200072198 92952308752 519693 	34199552505 519693 0 0 0 	14175655 519693 0 	370.866 	3 	34
4286600000000 4286700000302 	34400072802 93506547795 519759 	34399553043 519759 0 0 0 	14177625 519759 0 	370.384 	3 	34
4305800000000 4305900000052 	34600072906 94060836468 519819 	34599553087 519819 0 0 0 	14179280 519819 0 	369.899 	3 	34
4325000000000 4325100000120 	34800073146 94615228014 520958 	34799552188 520958 0 0 0 	14210641 520958 0 	369.923 	3 	34
4344200000000 4344300000120 	35000073386 95169741111 522114 	34999551272 522114 0 0 0 	14243483 522114 0 	369.946 	3 	34
4363400000000 4363500000296 	35200073978 95724277108 523131 	35199550847 523131 0 0 0 	14272295 523131 0 	369.957 	3 	34
4382600000000 4382700000270 	35400074518 96278979879 524112 	35399550406 524112 0 0 0 	14300420 524112 0 	369.958 	3 	34
4401800000000 4401900000320 	35600075158 96833655990 525069 	35599550089 525069 0 0 0 	14327169 525069 0 	369.947 	3 	34
4421000000000 4421100000350 	35800075858 97388476218 525940 	35799549918 525940 0 0 0 	14351046 525940 0 	369.924 	3 	34
4440200000000 4440300000350 	36000076558 97943395725 526748 	35999549810 526748 0 0 0 	14372719 526748 0 	369.902 	3 	34
4459400000000 4459500000264 	36200077086 98498411272 527600 	36199549486 527600 0 0 0 	14398266 527600 0 	369.869 	3 	34
4478600000000 4478700000328 	36400077742 99053493781 528327 	36399549415 528327 0 0 0 	14418949 528327 0 	369.825 	3 	34
4497800000000 4497900000080 	36600077902 99608683191 529071 	36599548831 529071 0 0 0 	14440732 529071 0 	369.77 	3 	34
4517000000000 4517100000080 	36800078062 100163894363 529753 	36799548309 529753 0 0 0 	14461714 529753 0 	369.715 	3 	34
4536200000000 4536300000140 	37000078342 100719194907 530442 	36999547900 530442 0 0 0 	14481214 530442 0 	369.65 	3 	34
4555400000000 4555500000044 	37200078430 101274591623 531129 	37199547301 531129 0 0 0 	14499293 531129 0 	369.574 	3 	34
4574600000000 4574700000044 	37400078518 101830067798 531740 	37399546778 531740 0 0 0 	14516900 531740 0 	369.487 	3 	34
4593800000000 4593900000032 	37600078582 102385597528 532291 	37599546291 532291 0 0 0 	14531665 532291 0 	369.389 	3 	34
4613000000000 4613100000032 	37800078646 102941258893 532832 	37799545814 532832 0 0 0 	14546882 532832 0 	369.293 	3 	34
4632200000000 4632300000250 	38000079146 103496993831 533363 	37999545783 533363 0 0 0 	14561898 533363 0 	369.185 	3 	34
4651400000000 4651500000236 	38200079618 104052764611 533899 	38199545719 533899 0 0 0 	14577618 533899 0 	369.068 	3 	34
4670600000000 4670700000228 	38400080074 104608643741 534383 	38399545691 534383 0 0 0 	14591256 534383 0 	368.94 	3 	34
4689800000000 4689900000228 	38600080530 105164573545 534793 	38599545737 534793 0 0 0 	14603191 534793 0 	368.813 	3 	34
4709000000000 4709100000112 	38800080754 105720617949 535175 	38799545579 535175 0 0 0 	14614319 535175 0 	368.676 	3 	34
4728200000000 4728300000278 	39000081310 106276743505 535571 	38999545739 535571 0 0 0 	14625832 535571 0 	368.534 	3 	34
4747400000000 4747500000296 	39200081902 106832940636 535943 	39199545959 535943 0 0 0 	14635936 535943 0 	368.383 	3 	34
4766600000000 4766700000254 	39400082410 107389228607 536331 	39399546079 536331 0 0 0 	14647658 536331 0 	368.221 	3 	34
4785800000000 4785900000254 	39600082918 107945538167 536690 	39599546228 536690 0 0 0 	14658316 536690 0 	368.06 	3 	34
4805000000000 4805100000032 	39800082982 108501978474 537002 	39799545980 537002 0 0 0 	14667508 537002 0 	367.89 	3 	34
4824200000000 4824300000320 	40000083622 109058503082 537286 	39999546336 537286 0 0 0 	14675204 537286 0 	367.716 	3 	34
4843400000000 4843500000268 	40200084158 109615086062 537575 	40199546583 537575 0 0 0 	14683182 537575 0 	367.531 	3 	34
4862600000000 4862700000268 	40400084694 110171737167 537832 	40399546862 537832 0 0 0 	14690708 537832 0 	367.348 	3 	34
4881800000000 4881900000060 	40600084814 110728419738 538096 	40599546718 538096 0 0 0 	14697791 538096 0 	367.156 	3 	34
4901000000000 4901100000230 	40800085274 111285180088 538330 	40799546944 538330 0 0 0 	14703918 538330 0 	366.953 	3 	34
4920200000000 4920300000208 	41000085690 111842043662 538577 	40999547113 538577 0 0 0 	14710082 538577 0 	366.747 	3 	34
4939400000000 4939500000208 	41200086106 112399004832 538792 	41199547314 538792 0 0 0 	14716097 538792 0 	366.543 	3 	34
4958600000000 4958700000197 	41400086500 112956027400 539017 	41399547483 539017 0 0 0 	14722516 539017 0 	366.329 	3 	34
4977800000000 4977900000174 	41600086848 113513140391 539216 	41599547632 539216 0 0 0 	14728585 539216 0 	366.111 	3 	34
4997000000000 4997100000008 	41800086864 114070288494 539408 	41799547456 539408 0 0 0 	14733780 539408 0 	365.884 	3 	34
5016200000000 5016300000320 	42000087504 114627509067 539595 	41999547909 539595 0 0 0 	14739064 539595 0 	365.646 	3 	34
5035400000000 5035500000320 	42200088144 115184833024 539766 	42199548378 539766 0 0 0 	14743737 539766 0 	365.411 	3 	34
5054600000000 5054700000167 	42400088478 115742156249 539909 	42399548569 539909 0 0 0 	14747621 539909 0 	365.173 	3 	34
5073800000000 5073900000120 	42600088718 116299577204 540069 	42599548649 540069 0 0 0 	14752130 540069 0 	364.925 	3 	34
5093000000000 5093100000188 	42800089094 116857124349 540230 	42799548864 540230 0 0 0 	14756926 540230 0 	364.674 	3 	34
5112200000000 5112300000188 	43000089470 117414747314 540369 	42999549101 540369 0 0 0 	14760964 540369 0 	364.425 	3 	34
5131400000000 5131500000096 	43200089662 117972311147 540499 	43199549163 540499 0 0 0 	14764347 540499 0 	364.167 	3 	34
5150600000000 5150700000215 	43400090092 118530076378 540620 	43399549472 540620 0 0 0 	14767680 540620 0 	363.905 	3 	34
5169800000000 5169900000057 	43600090206 119087840062 540742 	43599549464 540742 0 0 0 	14771389 540742 0 	363.634 	3 	34
5189000000000 5189100000056 	43800090318 119645709334 540856 	43799549462 540856 0 0 0 	14774278 540856 0 	363.359 	3 	34
5208200000000 5208300000056 	44000090430 120203628457 540953 	43999549477 540953 0 0 0 	14777609 540953 0 	363.087 	3 	34
5227400000000 5227500000110 	44200090650 120761677335 541038 	44199549612 541038 0 0 0 	14779961 541038 0 	362.806 	3 	34
5246600000000 5246700000125 	44400090900 121319759632 541125 	44399549775 541125 0 0 0 	14782288 541125 0 	362.522 	3 	34
5265800000000 5265900000031 	44600090962 121877895825 541222 	44599549740 541222 0 0 0 	14784656 541222 0 	362.228 	3 	34
5285000000000 5285100000031 	44800091024 122436143977 541297 	44799549727 541297 0 0 0 	14787049 541297 0 	361.937 	3 	34
5304200000000 5304300000188 	45000091400 122994423204 541372 	44999550028 541372 0 0 0 	14789183 541372 0 	361.644 	3 	34
5323400000000 5323500000192 	45200091784 123552743818 541459 	45199550325 541459 0 0 0 	14791424 541459 0 	361.34 	3 	34
5342600000000 5342700000302 	45400092388 124111152211 541527 	45399550861 541527 0 0 0 	14793146 541527 0 	361.034 	3 	34
5361800000000 5361900000302 	45600092992 124669670051 541595 	45599551397 541595 0 0 0 	14795011 541595 0 	360.731 	3 	34
5381000000000 5381100000052 	45800093096 125228306983 541658 	45799551438 541658 0 0 0 	14796791 541658 0 	360.425 	3 	34
5400200000000 5400300000200 	46000093496 125786907044 541726 	45999551770 541726 0 0 0 	14798487 541726 0 	360.11 	3 	34
5419400000000 5419500000251 	46200093998 126345607441 541766 	46199552232 541766 0 0 0 	14799696 541766 0 	359.791 	3 	34
5438600000000 5438700000197 	46400094392 126904360053 541821 	46399552571 541821 0 0 0 	14801015 541821 0 	359.464 	3 	34
5457800000000 5457900000197 	46600094786 127463174839 541881 	46599552905 541881 0 0 0 	14802572 541881 0 	359.14 	3 	34
5477000000000 5477100000048 	46800094882 128022056417 541931 	46799552951 541931 0 0 0 	14803972 541931 0 	358.813 	3 	34
5496200000000 5496300000280 	47000095442 128581045944 541969 	46999553473 541969 0 0 0 	14804982 541969 0 	358.483 	3 	34
5515400000000 5515500000021 	47200095484 129140064043 542002 	47199553482 542002 0 0 0 	14805992 542002 0 	358.143 	3 	34
5534600000000 5534700000021 	47400095526 129699133387 542049 	47399553477 542049 0 0 0 	14807074 542049 0 	357.808 	3 	34
5553800000000 5553900000072 	47600095670 130258342354 542090 	47599553580 542090 0 0 0 	14807987 542090 0 	357.469 	3 	34
5573000000000 5573100000113 	47800095896 130817587125 542130 	47799553766 542130 0 0 0 	14808909 542130 0 	357.128 	3 	34
5592200000000 5592300000069 	48000096034 131376875622 542170 	47999553864 542170 0 0 0 	14810054 542170 0 	356.777 	3 	34
5611400000000 5611500000224 	48200096482 131936243943 542214 	48199554268 542214 0 0 0 	14811098 542214 0 	356.424 	3 	34
5630600000000 5630700000224 	48400096930 132495683462 542243 	48399554687 542243 0 0 0 	14811899 542243 0 	356.075 	3 	34
5649800000000 5649900000271 	48600097472 133055158407 542269 	48599555203 542269 0 0 0 	14812744 542269 0 	355.722 	3 	34
5669000000000 5669100000186 	48800097844 133614764596 542299 	48799555545 542299 0 0 0 	14813573 542299 0 	355.367 	3 	34
5688200000000 5688300000092 	49000098028 134174433579 542331 	48999555697 542331 0 0 0 	14814157 542331 0 	355.003 	3 	34
5707400000000 5707500000092 	49200098212 134734120405 542352 	49199555860 542352 0 0 0 	14814722 542352 0 	354.643 	3 	34
5726600000000 5726700000031 	49400098274 135293869011 542382 	49399555892 542382 0 0 0 	14815423 542382 0 	354.28 	3 	34
5745800000000 5745900000020 	49600098314 135853648443 542404 	49599555910 542404 0 0 0 	14815919 542404 0 	353.914 	3 	34
5765000000000 5765100000032 	49800098378 136413554238 542431 	49799555947 542431 0 0 0 	14816764 542431 0 	353.545 	3 	34
5784200000000 5784300000032 	50000098442 136973531279 542455 	49999555987 542455 0 0 0 	14817359 542455 0 	353.181 	3 	34
5803400000000 5803500000040 	50200098522 137533508385 542470 	50199556052 542470 0 0 0 	14817718 542470 0 	352.813 	3 	34
5822600000000 5822700000214 	50400098950 138093554509 542492 	50399556458 542492 0 0 0 	14818363 542492 0 	352.437 	3 	34
5841800000000 5841900000047 	50600099044 138653675424 542512 	50599556532 542512 0 0 0 	14818893 542512 0 	352.058 	3 	34
5861000000000 5861100000044 	50800099132 139213850293 542525 	50799556607 542525 0 0 0 	14819136 542525 0 	351.677 	3 	34
5880200000000 5880300000044 	51000099220 139774147377 542541 	50999556679 542541 0 0 0 	14819564 542541 0 	351.299 	3 	34
5899400000000 5899500000175 	51200099570 140334461913 542554 	51199557016 542554 0 0 0 	14819894 542554 0 	350.918 	3 	34
5918600000000 5918700000136 	51400099842 140894842496 542574 	51399557268 542574 0 0 0 	14820545 542574 0 	350.536 	3 	34
5937800000000 5937900000173 	51600100188 141455289286 542602 	51599557586 542602 0 0 0 	14821238 542602 0 	350.15 	3 	34
5957000000000 5957100000173 	51800100534 142015772241 542620 	51799557914 542620 0 0 0 	14821818 542620 0 	349.768 	3 	34
5976200000000 5976300000084 	52000100702 142576347906 542631 	51999558071 542631 0 0 0 	14822353 542631 0 	349.378 	3 	34
5995400000000 5995500000170 	52200101042 143137026632 542637 	52199558405 542637 0 0 0 	14822581 542637 0 	348.985 	3 	34
6014600000000 6014700000212 	52400101466 143697729915 542655 	52399558811 542655 0 0 0 	14823055 542655 0 	348.589 	3 	34
6033800000000 6033900000320 	52600102106 144258502162 542978 	52599559128 542978 0 0 0 	14833301 542978 0 	348.54 	3 	34
6053000000000 6053100000268 	52800102642 144819306530 543296 	52799559346 543296 0 0 0 	14842290 543296 0 	348.482 	3 	34
6072200000000 6072300000268 	53000103178 145380143890 543605 	52999559573 543605 0 0 0 	14851547 543605 0 	348.425 	3 	34
6091400000000 6091500000060 	53200103298 145941090478 543906 	53199559392 543906 0 0 0 	14859374 543906 0 	348.36 	3 	34
6110600000000 6110700000060 	53400103418 146502153081 544193 	53399559225 544193 0 0 0 	14867658 544193 0 	348.296 	3 	34
6129800000000 6129900000230 	53600103878 147063210546 544483 	53599559395 544483 0 0 0 	14875975 544483 0 	348.224 	3 	34
6149000000000 6149100000208 	53800104294 147624339995 544768 	53799559526 544768 0 0 0 	14883360 544768 0 	348.148 	3 	34
6168200000000 6168300000208 	54000104710 148185492882 545048 	53999559662 545048 0 0 0 	14891269 545048 0 	348.073 	3 	34
6187400000000 6187500000197 	54200105104 148746718713 545321 	54199559783 545321 0 0 0 	14898934 545321 0 	347.991 	3 	34
6206600000000 6206700000174 	54400105452 149308004444 545566 	54399559886 545566 0 0 0 	14906229 545566 0 	347.904 	3 	34
6225800000000 6225900000174 	54600105800 149869401492 545798 	54599560002 545798 0 0 0 	14913296 545798 0 	347.819 	3 	34
6245000000000 6245100000008 	54800105816 150430823657 545994 	54799559822 545994 0 0 0 	14918490 545994 0 	347.725 	3 	34
6264200000000 6264300000008 	55000105832 150992301151 546207 	54999559625 546207 0 0 0 	14924299 546207 0 	347.633 	3 	34
6283400000000 6283500000320 	55200106472 151553836794 546398 	55199560074 546398 0 0 0 	14930269 546398 0 	347.533 	3 	34
6302600000000 6302700000167 	55400106806 152115417089 546583 	55399560223 546583 0 0 0 	14935605 546583 0 	347.429 	3 	34
6321800000000 6321900000167 	55600107140 152677023880 546753 	55599560387 546753 0 0 0 	14941264 546753 0 	347.326 	3 	34
6341000000000 6341100000120 	55800107380 153238741053 546905 	55799560475 546905 0 0 0 	14945504 546905 0 	347.216 	3 	34
6360200000000 6360300000120 	56000107620 153800490694 547050 	55999560570 547050 0 0 0 	14948980 547050 0 	347.106 	3 	34
6379400000000 6379500000188 	56200107996 154362304412 547219 	56199560777 547219 0 0 0 	14953353 547219 0 	346.993 	3 	34
6398600000000 6398700000096 	56400108188 154924170107 547398 	56399560790 547398 0 0 0 	14958314 547398 0 	346.872 	3 	34
6417800000000 6417900000096 	56600108380 155486076982 547561 	56599560819 547561 0 0 0 	14962936 547561 0 	346.752 	3 	34
6437000000000 6437100000215 	56800108810 156048015374 547712 	56799561098 547712 0 0 0 	14966702 547712 0 	346.629 	3 	34
6456200000000 6456300000057 	57000108924 156610060906 547829 	56999561095 547829 0 0 0 	14969979 547829 0 	346.499 	3 	34
6475400000000 6475500000057 	57200109038 157172105986 547941 	57199561097 547941 0 0 0 	14973390 547941 0 	346.369 	3 	34
6494600000000 6494700000056 	57400109150 157734282211 548070 	57399561080 548070 0 0 0 	14976473 548070 0 	346.236 	3 	34
6513800000000 6513900000056 	57600109262 158296445960 548192 	57599561070 548192 0 0 0 	14980239 548192 0 	346.104 	3 	34
6533000000000 6533100000110 	57800109482 158858787129 548316 	57799561166 548316 0 0 0 	14984125 548316 0 	345.965 	3 	34
6552200000000 6552300000125 	58000109732 159421056150 548422 	57999561310 548422 0 0 0 	14987247 548422 0 	345.822 	3 	34
6571400000000 6571500000125 	58200109982 159983522179 548514 	58199561468 548514 0 0 0 	14990195 548514 0 	345.681 	3 	34
6590600000000 6590700000031 	58400110044 160545944672 548611 	58399561433 548611 0 0 0 	14993705 548611 0 	345.532 	3 	34
6609800000000 6609900000039 	58600110122 161108421734 548706 	58599561416 548706 0 0 0 	14996535 548706 0 	345.383 	3 	34
6629000000000 6629100000188 	58800110498 161670929715 548801 	58799561697 548801 0 0 0 	14999166 548801 0 	345.232 	3 	34
6648200000000 6648300000192 	59000110882 162233462948 548898 	58999561984 548898 0 0 0 	15001867 548898 0 	345.074 	3 	34
6667400000000 6667500000192 	59200111266 162796107207 548991 	59199562275 548991 0 0 0 	15004411 548991 0 	344.916 	3 	34
6686600000000 6686700000302 	59400111870 163358787849 549073 	59399562797 549073 0 0 0 	15006920 549073 0 	344.756 	3 	34
6705800000000 6705900000052 	59600111974 163921593060 549161 	59599562813 549161 0 0 0 	15009934 549161 0 	344.592 	3 	34
6725000000000 6725100000052 	59800112078 164484399047 549218 	59799562860 549218 0 0 0 	15012028 549218 0 	344.429 	3 	34
6744200000000 6744300000200 	60000112478 165047233015 549299 	59999563179 549299 0 0 0 	15014940 549299 0 	344.26 	3 	34
6763400000000 6763500000200 	60200112878 165610140274 549365 	60199563513 549365 0 0 0 	15016787 549365 0 	344.091 	3 	34
6782600000000 6782700000251 	60400113380 166173132589 549426 	60399563954 549426 0 0 0 	15018583 549426 0 	343.919 	3 	34
6801800000000 6801900000197 	60600113774 166736115350 549491 	60599564283 549491 0 0 0 	15020630 549491 0 	343.74 	3 	34
6821000000000 6821100000197 	60800114168 167299189320 549553 	60799564615 549553 0 0 0 	15022432 549553 0 	343.562 	3 	34
6840200000000 6840300000048 	61000114264 167862294604 549621 	60999564643 549621 0 0 0 	15024043 549621 0 	343.381 	3 	34
6859400000000 6859500000280 	61200114824 168425478840 549673 	61199565151 549673 0 0 0 	15025651 549673 0 	343.197 	3 	34
6878600000000 6878700000280 	61400115384 168988710706 549721 	61399565663 549721 0 0 0 	15027106 549721 0 	343.015 	3 	34
6897800000000 6897900000021 	61600115426 169552021200 549793 	61599565633 549793 0 0 0 	15029149 549793 0 	342.825 	3 	34
6917000000000 6917100000021 	61800115468 170115395741 549843 	61799565625 549843 0 0 0 	15030390 549843 0 	342.636 	3 	34
6936200000000 6936300000072 	62000115612 170678848679 549892 	61999565720 549892 0 0 0 	15031940 549892 0 	342.445 	3 	34
6955400000000 6955500000113 	62200115838 171242240443 549930 	62199565908 549930 0 0 0 	15032920 549930 0 	342.25 	3 	34
6974600000000 6974700000113 	62400116064 171805709028 549981 	62399566083 549981 0 0 0 	15034212 549981 0 	342.057 	3 	34
6993800000000 6993900000069 	62600116202 172369282422 550021 	62599566181 550021 0 0 0 	15035361 550021 0 	341.856 	3 	34
7013000000000 7013100000069 	62800116340 172932915359 550060 	62799566280 550060 0 0 0 	15036359 550060 0 	341.657 	3 	34
7032200000000 7032300000224 	63000116788 173496596090 550100 	62999566688 550100 0 0 0 	15037756 550100 0 	341.455 	3 	34
7051400000000 7051500000271 	63200117330 174060327626 550136 	63199567194 550136 0 0 0 	15038656 550136 0 	341.251 	3 	34
7070600000000 7070700000271 	63400117872 174624095854 550170 	63399567702 550170 0 0 0 	15039654 550170 0 	341.047 	3 	34
7089800000000 7089900000186 	63600118244 175187938228 550204 	63599568040 550204 0 0 0 	15040582 550204 0 	340.841 	3 	34
7109000000000 7109100000092 	63800118428 175751808213 550232 	63799568196 550232 0 0 0 	15041403 550232 0 	340.627 	3 	34
7128200000000 7128300000092 	64000118612 176315762212 550267 	63999568345 550267 0 0 0 	15042384 550267 0 	340.415 	3 	34
7147400000000 7147500000031 	64200118674 176879706256 550293 	64199568381 550293 0 0 0 	15043064 550293 0 	340.2 	3 	34
7166600000000 7166700000031 	64400118736 177443739599 550316 	64399568420 550316 0 0 0 	15043565 550316 0 	339.987 	3 	34
7185800000000 7185900000020 	64600118776 178007840651 550339 	64599568437 550339 0 0 0 	15044158 550339 0 	339.77 	3 	34
7205000000000 7205100000032 	64800118840 178571967248 550364 	64799568476 550364 0 0 0 	15044678 550364 0 	339.551 	3 	34
7224200000000 7224300000032 	65000118904 179136137034 550391 	64999568513 550391 0 0 0 	15045891 550391 0 	339.334 	3 	34
7243400000000 7243500000040 	65200118984 179700411586 550410 	65199568574 550410 0 0 0 	15046618 550410 0 	339.113 	3 	34
7262600000000 7262700000214 	65400119412 180264665783 550428 	65399568984 550428 0 0 0 	15047195 550428 0 	338.885 	3 	34
7281800000000 7281900000214 	65600119840 180828962747 550444 	65599569396 550444 0 0 0 	15047596 550444 0 	338.659 	3 	34
7301000000000 7301100000047 	65800119934 181393284807 550465 	65799569469 550465 0 0 0 	15048183 550465 0 	338.43 	3 	34
7320200000000 7320300000047 	66000120028 181957695569 550484 	65999569544 550484 0 0 0 	15048758 550484 0 	338.203 	3 	34
7339400000000 7339500000044 	66200120116 182522092402 550505 	66199569611 550505 0 0 0 	15049264 550505 0 	337.973 	3 	34
7358600000000 7358700000175 	66400120466 183086613515 550525 	66399569941 550525 0 0 0 	15049959 550525 0 	337.74 	3 	34
7377800000000 7377900000175 	66600120816 183651243396 550546 	66599570270 550546 0 0 0 	15050715 550546 0 	337.509 	3 	34
7397000000000 7397100000136 	66800121088 184215767950 550566 	66799570522 550566 0 0 0 	15051236 550566 0 	337.275 	3 	34
7416200000000 7416300000136 	67000121360 184780465443 550585 	66999570775 550585 0 0 0 	15051937 550585 0 	337.042 	3 	34
7435400000000 7435500000173 	67200121706 185345193026 550609 	67199571097 550609 0 0 0 	15052530 550609 0 	336.807 	3 	34
7454600000000 7454700000084 	67400121874 185909964918 550624 	67399571250 550624 0 0 0 	15053037 550624 0 	336.565 	3 	34
7473800000000 7473900000084 	67600122042 186474734759 550637 	67599571405 550637 0 0 0 	15053412 550637 0 	336.324 	3 	34
7493000000000 7493100000170 	67800122382 187039616542 550661 	67799571721 550661 0 0 0 	15054000 550661 0 	336.08 	3 	34
7512200000000 7512300000212 	68000122806 187604567988 550673 	67999572133 550673 0 0 0 	15054369 550673 0 	335.834 	3 	34
7531400000000 7531500000212 	68200123230 188169522475 550681 	68199572549 550681 0 0 0 	15054604 550681 0 	335.59 	3 	34
7550600000000 7550700000180 	68400123590 188734514932 550697 	68399572893 550697 0 0 0 	15055212 550697 0 	335.342 	3 	34
7569800000000 7569900000180 	68600123950 189299567385 550705 	68599573245 550705 0 0 0 	15055316 550705 0 	335.097 	3 	34
7589000000000 7589100000044 	68800124038 189864728059 550714 	68799573324 550714 0 0 0 	15055493 550714 0 	334.848 	3 	34
7608200000000 7608300000040 	69000124118 190429836689 550719 	68999573399 550719 0 0 0 	15055672 550719 0 	334.597 	3 	34
7627400000000 7627500000040 	69200124198 190995078236 550730 	69199573468 550730 0 0 0 	15055829 550730 0 	334.348 	3 	34
7646600000000 7646700000135 	69400124468 191560350009 550735 	69399573733 550735 0 0 0 	15056000 550735 0 	334.096 	3 	34
7665800000000 7665900000032 	69600124532 192125692807 550746 	69599573786 550746 0 0 0 	15056240 550746 0 	333.842 	3 	34
7685000000000 7685100000032 	69800124596 192691080223 550752 	69799573844 550752 0 0 0 	15056380 550752 0 	333.589 	3 	34
7704200000000 7704300000227 	70000125050 193256491822 550758 	69999574292 550758 0 0 0 	15056591 550758 0 	333.333 	3 	34
7723400000000 7723500000227 	70200125504 193822007565 550768 	70199574736 550768 0 0 0 	15056748 550768 0 	333.079 	3 	34
7742600000000 7742700000160 	70400125824 194387479524 550775 	70399575049 550775 0 0 0 	15056940 550775 0 	332.823 	3 	34
7761800000000 7761900000062 	70600125948 194953025846 550778 	70599575170 550778 0 0 0 	15057054 550778 0 	332.564 	3 	34
7781000000000 7781100000062 	70800126072 195518652504 550788 	70799575284 550788 0 0 0 	15057331 550788 0 	332.306 	3 	34
7800200000000 7800300000160 	71000126392 196084264644 550798 	70999575594 550798 0 0 0 	15057658 550798 0 	332.046 	3 	34
7819400000000 7819500000160 	71200126712 196649893964 550803 	71199575909 550803 0 0 0 	15057764 550803 0 	331.788 	3 	34
7838600000000 7838700000159 	71400127030 197215647803 550809 	71399576221 550809 0 0 0 	15058005 550809 0 	331.527 	3 	34
7857800000000 7857900000026 	71600127082 197781422841 550815 	71599576267 550815 0 0 0 	15058234 550815 0 	331.263 	3 	34
7877000000000 7877100000026 	71800127134 198347217955 550819 	71799576315 550819 0 0 0 	15058469 550819 0 	331.001 	3 	34
7896200000000 7896300000242 	72000127618 198913094900 550826 	71999576792 550826 0 0 0 	15058646 550826 0 	330.737 	3 	34
7915400000000 7915500000000 	72200127618 199478993708 550831 	72199576787 550831 0 0 0 	15058868 550831 0 	330.47 	3 	34
7934600000000 7934700000000 	72400127618 200044980457 550838 	72399576780 550838 0 0 0 	15059043 550838 0 	330.204 	3 	34
7953800000000 7953900000035 	72600127688 200611041827 550842 	72599576846 550842 0 0 0 	15059147 550842 0 	329.936 	3 	34
7973000000000 7973100000035 	72800127758 201177093259 550844 	72799576914 550844 0 0 0 	15059212 550844 0 	329.67 	3 	34
7992200000000 7992300000054 	73000127866 201743161196 550848 	72999577018 550848 0 0 0 	15059318 550848 0 	329.401 	3 	34
8011400000000 8011500000152 	73200128170 202309566990 584809 	73199543361 584809 0 0 0 	16030193 584809 0 	329.713 	3 	34
8030600000000 8030700000152 	73400128474 202876010222 618166 	73399510308 618166 0 0 0 	16990365 618166 0 	330.024 	3 	34
8049800000000 8049900000152 	73600128778 203442471565 650775 	73599478003 650775 0 0 0 	17922472 650775 0 	330.334 	3 	34
8069000000000 8069100000000 	73800128778 204009067933 682724 	73799446054 682724 0 0 0 	18841036 682724 0 	330.638 	3 	34
8088200000000 8088300000000 	74000128778 204575633444 714008 	73999414770 714008 0 0 0 	19744336 714008 0 	330.941 	3 	34
8107400000000 8107500000000 	74200128778 205142226250 744412 	74199384366 744412 0 0 0 	20613709 744412 0 	331.243 	3 	34
8126600000000 8126700000000 	74400128778 205708943159 774631 	74399354147 774631 0 0 0 	21476908 774631 0 	331.544 	3 	34
8145800000000 8145900000048 	74600128874 206275629449 804284 	74599324590 804284 0 0 0 	22325168 804284 0 	331.839 	3 	34
8165000000000 8165100000048 	74800128970 206842332744 832912 	74799296058 832912 0 0 0 	23142508 832912 0 	332.133 	3 	34
8184200000000 8184300000048 	75000129066 207409156067 861322 	74999267744 861322 0 0 0 	23957530 861322 0 	332.425 	3 	34
8203400000000 8203500000476 	75200130018 207975963723 888840 	75199241178 888840 0 0 0 	24747343 888840 0 	332.712 	3 	34
8222600000000 8222700000476 	75400130970 208542792935 915764 	75399215206 915764 0 0 0 	25521239 915764 0 	332.998 	3 	34
8241800000000 8241900000476 	75600131922 209109684000 941872 	75599190050 941872 0 0 0 	26281554 941872 0 	333.283 	3 	34
8261000000000 8261100000011 	75800131944 209676659284 967829 	75799164115 967829 0 0 0 	27028888 967829 0 	333.564 	3 	34
8280200000000 8280300000011 	76000131966 210243654808 993381 	75999138585 993381 0 0 0 	27758094 993381 0 	333.843 	3 	34
8299400000000 8299500000011 	76200131988 210810634170 1018291 	76199113697 1018291 0 0 0 	28470550 1018291 0 	334.121 	3 	34
8318600000000 8318700000210 	76400132408 211377640078 1042753 	76399089655 1042753 0 0 0 	29171698 1042753 0 	334.393 	3 	34
8337800000000 8337900000210 	76600132828 211944753472 1066687 	76599066141 1066687 0 0 0 	29860449 1066687 0 	334.665 	3 	34
8357000000000 8357100000210 	76800133248 212511839529 1090332 	76799042916 1090332 0 0 0 	30537796 1090332 0 	334.935 	3 	34
8376200000000 8376300000210 	77000133668 213078980817 1113245 	76999020423 1113245 0 0 0 	31191591 1113245 0 	335.205 	3 	34
8395400000000 8395500000381 	77200134430 213646160224 1135840 	77198998590 1135840 0 0 0 	31838322 1135840 0 	335.468 	3 	34
8414600000000 8414700000381 	77400135192 214213437402 1157820 	77398977372 1157820 0 0 0 	32469823 1157820 0 	335.73 	3 	34
8433800000000 8433900000200 	77600135592 214780592665 1157903 	77598977689 1157903 0 0 0 	32472667 1157903 0 	335.627 	3 	34
8453000000000 8453100000200 	77800135992 215347834944 1157973 	77798978019 1157973 0 0 0 	32474453 1157973 0 	335.525 	3 	34
8472200000000 8472300000251 	78000136494 215915007255 1158048 	77998978446 1158048 0 0 0 	32476559 1158048 0 	335.42 	3 	34
8491400000000 8491500000251 	78200136996 216482264239 1158131 	78198978865 1158131 0 0 0 	32478768 1158131 0 	335.316 	3 	34
8510600000000 8510700000197 	78400137390 217049528070 1158194 	78398979196 1158194 0 0 0 	32480331 1158194 0 	335.205 	3 	34
8529800000000 8529900000197 	78600137784 217616817133 1158272 	78598979512 1158272 0 0 0 	32482344 1158272 0 	335.096 	3 	34
8549000000000 8549100000048 	78800137880 218184227496 1158348 	78798979532 1158348 0 0 0 	32484378 1158348 0 	334.983 	3 	34
8568200000000 8568300000048 	79000137976 218751651320 1158423 	78998979553 1158423 0 0 0 	32486584 1158423 0 	334.872 	3 	34
8587400000000 8587500000280 	79200138536 219319113540 1158476 	79198980060 1158476 0 0 0 	32488182 1158476 0 	334.757 	3 	34
8606600000000 8606700000280 	79400139096 219886651827 1158537 	79398980559 1158537 0 0 0 	32489859 1158537 0 	334.644 	3 	34
8625800000000 8625900000021 	79600139138 220454200161 1158592 	79598980546 1158592 0 0 0 	32491689 1158592 0 	334.524 	3 	34
8645000000000 8645100000021 	79800139180 221021725459 1158641 	79798980539 1158641 0 0 0 	32493163 1158641 0 	334.405 	3 	34
8664200000000 8664300000072 	80000139324 221589360440 1158695 	79998980629 1158695 0 0 0 	32494561 1158695 0 	334.284 	3 	34
8683400000000 8683500000072 	80200139468 222157086261 1158748 	80198980720 1158748 0 0 0 	32496056 1158748 0 	334.163 	3 	34
8702600000000 8702700000113 	80400139694 222724840425 1158790 	80398980904 1158790 0 0 0 	32497628 1158790 0 	334.04 	3 	34
8721800000000 8721900000113 	80600139920 223292661153 1158853 	80598981067 1158853 0 0 0 	32499327 1158853 0 	333.918 	3 	34
8741000000000 8741100000069 	80800140058 223860514258 1158897 	80798981161 1158897 0 0 0 	32500847 1158897 0 	333.789 	3 	34
8760200000000 8760300000069 	81000140196 224428382923 1158963 	80998981233 1158963 0 0 0 	32503160 1158963 0 	333.662 	3 	34
8779400000000 8779500000224 	81200140644 224996202305 1159006 	81198981638 1159006 0 0 0 	32504440 1159006 0 	333.531 	3 	34
8798600000000 8798700000224 	81400141092 225564147046 1159056 	81398982036 1159056 0 0 0 	32505949 1159056 0 	333.402 	3 	34
8817800000000 8817900000271 	81600141634 226132125221 1159098 	81598982536 1159098 0 0 0 	32507041 1159098 0 	333.27 	3 	34
8837000000000 8837100000271 	81800142176 226700099779 1159130 	81798983046 1159130 0 0 0 	32507824 1159130 0 	333.138 	3 	34
8856200000000 8856300000186 	82000142548 227268151615 1159183 	81998983365 1159183 0 0 0 	32509467 1159183 0 	333.005 	3 	34
8875400000000 8875500000186 	82200142920 227836262570 1159218 	82198983702 1159218 0 0 0 	32510803 1159218 0 	332.871 	3 	34
8894600000000 8894700000092 	82400143104 228404370501 1159260 	82398983844 1159260 0 0 0 	32512293 1159260 0 	332.732 	3 	34
8913800000000 8913900000092 	82600143288 228972548533 1159298 	82598983990 1159298 0 0 0 	32513275 1159298 0 	332.594 	3 	34
8933000000000 8933100000031 	82800143350 229540804585 1159321 	82798984029 1159321 0 0 0 	32513842 1159321 0 	332.454 	3 	34
8952200000000 8952300000031 	83000143412 230109101790 1159351 	82998984061 1159351 0 0 0 	32514750 1159351 0 	332.314 	3 	34
8971400000000 8971500000020 	83200143452 230677454330 1159385 	83198984067 1159385 0 0 0 	32515774 1159385 0 	332.171 	3 	34
8990600000000 8990700000020 	83400143492 231245767271 1159413 	83398984079 1159413 0 0 0 	32516492 1159413 0 	332.029 	3 	34
9009800000000 9009900000032 	83600143556 231814196140 1159444 	83598984112 1159444 0 0 0 	32517338 1159444 0 	331.885 	3 	34
9029000000000 9029100000032 	83800143620 232382624881 1159470 	83798984150 1159470 0 0 0 	32517928 1159470 0 	331.742 	3 	34
9048200000000 9048300000040 	84000143700 232951053515 1159500 	83998984200 1159500 0 0 0 	32518910 1159500 0 	331.596 	3 	34
9067400000000 9067500000040 	84200143780 233519584864 1159527 	84198984253 1159527 0 0 0 	32519554 1159527 0 	331.451 	3 	34
9086600000000 9086700000214 	84400144208 234088201376 1159541 	84398984667 1159541 0 0 0 	32519900 1159541 0 	331.3 	3 	34
9105800000000 9105900000214 	84600144636 234656856035 1159569 	84598985067 1159569 0 0 0 	32520812 1159569 0 	331.15 	3 	34
9125000000000 9125100000047 	84800144730 235225542029 1159596 	84798985134 1159596 0 0 0 	32521474 1159596 0 	330.997 	3 	34
9144200000000 9144300000047 	85000144824 235794196841 1159612 	84998985212 1159612 0 0 0 	32522047 1159612 0 	330.846 	3 	34
9163400000000 9163500000044 	85200144912 236362861987 1159637 	85198985275 1159637 0 0 0 	32522899 1159637 0 	330.691 	3 	34
9182600000000 9182700000044 	85400145000 236931612508 1159654 	85398985346 1159654 0 0 0 	32523262 1159654 0 	330.538 	3 	34
9201800000000 9201900000175 	85600145350 237500416957 1159681 	85598985669 1159681 0 0 0 	32523988 1159681 0 	330.382 	3 	34
9221000000000 9221100000175 	85800145700 238069229536 1159703 	85798985997 1159703 0 0 0 	32524571 1159703 0 	330.227 	3 	34
9240200000000 9240300000136 	86000145972 238638094208 1159722 	85998986250 1159722 0 0 0 	32525158 1159722 0 	330.069 	3 	34
9259400000000 9259500000136 	86200146244 239206962885 1159737 	86198986507 1159737 0 0 0 	32525487 1159737 0 	329.913 	3 	34
9278600000000 9278700000173 	86400146590 239775844056 1159757 	86398986833 1159757 0 0 0 	32526096 1159757 0 	329.754 	3 	34
9297800000000 9297900000173 	86600146936 240344806018 1159776 	86598987160 1159776 0 0 0 	32526450 1159776 0 	329.595 	3 	34
9317000000000 9317100000084 	86800147104 240913831920 1159795 	86798987309 1159795 0 0 0 	32526793 1159795 0 	329.431 	3 	34
9336200000000 9336300000084 	87000147272 241482932430 1159811 	86998987461 1159811 0 0 0 	32527542 1159811 0 	329.268 	3 	34
9355400000000 9355500000170 	87200147612 242052036914 1159831 	87198987781 1159831 0 0 0 	32528016 1159831 0 	329.102 	3 	34
9374600000000 9374700000170 	87400147952 242621182854 1159849 	87398988103 1159849 0 0 0 	32528495 1159849 0 	328.938 	3 	34
9393800000000 9393900000212 	87600148376 243190323285 1159866 	87598988510 1159866 0 0 0 	32529038 1159866 0 	328.77 	3 	34
9413000000000 9413100000212 	87800148800 243759545774 1159880 	87798988920 1159880 0 0 0 	32529341 1159880 0 	328.604 	3 	34
9432200000000 9432300000180 	88000149160 244328794625 1159895 	87998989265 1159895 0 0 0 	32529735 1159895 0 	328.435 	3 	34
9451400000000 9451500000180 	88200149520 244898113487 1159919 	88198989601 1159919 0 0 0 	32530416 1159919 0 	328.267 	3 	34
9470600000000 9470700000044 	88400149608 245467422585 1159930 	88398989678 1159930 0 0 0 	32530707 1159930 0 	328.097 	3 	34
9489800000000 9489900000044 	88600149696 246036857334 1159940 	88598989756 1159940 0 0 0 	32530916 1159940 0 	327.928 	3 	34
9509000000000 9509100000040 	88800149776 246606310676 1159953 	88798989823 1159953 0 0 0 	32531407 1159953 0 	327.756 	3 	34
9528200000000 9528300000040 	89000149856 247175728717 1159964 	88998989892 1159964 0 0 0 	32531717 1159964 0 	327.585 	3 	34
9547400000000 9547500000135 	89200150126 247745254827 1159978 	89198990148 1159978 0 0 0 	32532266 1159978 0 	327.412 	3 	34
9566600000000 9566700000135 	89400150396 248314871486 1159989 	89398990407 1159989 0 0 0 	32532782 1159989 0 	327.239 	3 	34
9585800000000 9585900000032 	89600150460 248884440281 1160003 	89598990457 1160003 0 0 0 	32533225 1160003 0 	327.064 	3 	34
9605000000000 9605100000032 	89800150524 249454087101 1160014 	89798990510 1160014 0 0 0 	32533531 1160014 0 	326.89 	3 	34
9624200000000 9624300000227 	90000150978 250023727273 1160023 	89998990955 1160023 0 0 0 	32533709 1160023 0 	326.714 	3 	34
9643400000000 9643500000227 	90200151432 250593404672 1160037 	90198991395 1160037 0 0 0 	32534257 1160037 0 	326.539 	3 	34
9662600000000 9662700000160 	90400151752 251163129283 1160046 	90398991706 1160046 0 0 0 	32534389 1160046 0 	326.361 	3 	34
9681800000000 9681900000160 	90600152072 251732857942 1160054 	90598992018 1160054 0 0 0 	32534596 1160054 0 	326.184 	3 	34
9701000000000 9701100000062 	90800152196 252302691351 1160064 	90798992132 1160064 0 0 0 	32534907 1160064 0 	326.005 	3 	34
9720200000000 9720300000062 	91000152320 252872524488 1160070 	90998992250 1160070 0 0 0 	32535026 1160070 0 	325.826 	3 	34
9739400000000 9739500000160 	91200152640 253442374032 1160077 	91198992563 1160077 0 0 0 	32535135 1160077 0 	325.645 	3 	34
9758600000000 9758700000160 	91400152960 254012300857 1160087 	91398992873 1160087 0 0 0 	32535398 1160087 0 	325.466 	3 	34
9777800000000 9777900000159 	91600153278 254582266396 1160098 	91598993180 1160098 0 0 0 	32535663 1160098 0 	325.283 	3 	34
9797000000000 9797100000159 	91800153596 255152209938 1160105 	91798993491 1160105 0 0 0 	32536109 1160105 0 	325.102 	3 	34
9816200000000 9816300000026 	92000153648 255722261637 1160112 	91998993536 1160112 0 0 0 	32536286 1160112 0 	324.918 	3 	34
9835400000000 9835500000026 	92200153700 256292352949 1160121 	92198993579 1160121 0 0 0 	32536564 1160121 0 	324.736 	3 	34
9854600000000 9854700000242 	92400154184 256862513223 1160124 	92398994060 1160124 0 0 0 	32536594 1160124 0 	324.55 	3 	34
9873800000000 9873900000242 	92600154668 257432610582 1160127 	92598994541 1160127 0 0 0 	32536683 1160127 0 	324.366 	3 	34
9893000000000 9893100000000 	92800154668 258002716471 1160130 	92798994538 1160130 0 0 0 	32536803 1160130 0 	324.18 	3 	34
9912200000000 9912300000000 	93000154668 258572878962 1160138 	92998994530 1160138 0 0 0 	32537023 1160138 0 	323.994 	3 	34
9931400000000 9931500000035 	93200154738 259143157735 1160148 	93198994590 1160148 0 0 0 	32537366 1160148 0 	323.806 	3 	34
9950600000000 9950700000035 	93400154808 259713424835 1160148 	93398994660 1160148 0 0 0 	32537366 1160148 0 	323.619 	3 	34
9969800000000 9969900000054 	93600154916 260283709997 1160153 	93598994763 1160153 0 0 0 	32537581 1160153 0 	323.43 	3 	34
9989000000000 9989100000054 	93800155024 260854037999 1160160 	93798994864 1160160 0 0 0 	32537746 1160160 0 	323.241 	3 	34
