1003900000000 1004000000135 	200000270 526570445 4 	200000266 4 0 0 0 	99 4 0 	265 	3 	39
1023100000000 1023200000160 	400000590 1053515049 6 	400000584 6 0 0 0 	125 6 0 	262.476 	3 	39
1042300000000 1042400000035 	600000660 1580838946 7 	600000653 7 0 0 0 	129 7 0 	259.936 	3 	39
1061500000000 1061600000000 	800000660 2108647050 15352 	799985308 15352 0 0 0 	406486 15352 0 	295.392 	3 	39
1080700000000 1080800000476 	1000001612 2636753722 28250 	999973362 28250 0 0 0 	750742 28250 0 	321.052 	3 	39
1099900000000 1100000000381 	1200002374 3165220253 39370 	1199963004 39370 0 0 0 	1053167 39370 0 	339.889 	3 	39
1119100000000 1119200000254 	1400002882 3693934903 48665 	1399954217 48665 0 0 0 	1299838 48665 0 	354.206 	3 	39
1138300000000 1138400000072 	1600003026 4222873311 48683 	1599954343 48683 0 0 0 	1300381 48683 0 	345.018 	3 	39
1157500000000 1157600000271 	1800003568 4752186496 48698 	1799954870 48698 0 0 0 	1300921 48698 0 	337.439 	3 	39
1176700000000 1176800000020 	2000003608 5281772319 48702 	1999954906 48702 0 0 0 	1301082 48702 0 	330.933 	3 	39
1195900000000 1196000000047 	2200003702 5811710563 48710 	2199954992 48710 0 0 0 	1301297 48710 0 	325.177 	3 	39
1215100000000 1215200000193 	2400004088 6341882028 48715 	2399955373 48715 0 0 0 	1301463 48715 0 	320.143 	3 	39
1234300000000 1234400000212 	2600004512 6872428507 48724 	2599955788 48724 0 0 0 	1301632 48724 0 	315.528 	3 	39
1253500000000 1253600000135 	2800004782 7403247239 48729 	2799956053 48729 0 0 0 	1301725 48729 0 	311.289 	3 	39
1272700000000 1272800000062 	3000004906 7934380628 48731 	2999956175 48731 0 0 0 	1301776 48731 0 	307.341 	3 	39
1291900000000 1292000000242 	3200005390 8465781295 48734 	3199956656 48734 0 0 0 	1301902 48734 0 	303.624 	3 	39
1311100000000 1311200000054 	3400005498 8997477832 48736 	3399956762 48736 0 0 0 	1301920 48736 0 	300.174 	3 	39
1330300000000 1330400000000 	3600005498 9529506378 64939 	3599940559 64939 0 0 0 	1735396 64939 0 	306.99 	3 	39
1349500000000 1349600000476 	3800006450 10061789871 79401 	3799927049 79401 0 0 0 	2127898 79401 0 	313.189 	3 	39
1368700000000 1368800000210 	4000006870 10594364547 91980 	3999914890 91980 0 0 0 	2467156 91980 0 	318.836 	3 	39
1387900000000 1388000000468 	4200007806 11127220741 102949 	4199904857 102949 0 0 0 	2761253 102949 0 	323.973 	3 	39
1407100000000 1407200000365 	4400008536 11660314807 112522 	4399896014 112522 0 0 0 	3024981 112522 0 	328.636 	3 	39
1426300000000 1426400000352 	4600009240 12193609397 120720 	4599888520 120720 0 0 0 	3246538 120720 0 	332.858 	3 	39
1445500000000 1445600000178 	4800009596 12727213712 128159 	4799881437 128159 0 0 0 	3446134 128159 0 	336.691 	3 	39
1464700000000 1464800000230 	5000010056 13261048941 134607 	4999875449 134607 0 0 0 	3619673 134607 0 	340.14 	3 	39
1483900000000 1484000000320 	5200010696 13795105240 140337 	5199870359 140337 0 0 0 	3777919 140337 0 	343.319 	3 	39
1503100000000 1503200000290 	5400011276 14329418162 145408 	5399865868 145408 0 0 0 	3915052 145408 0 	346.181 	3 	39
1522300000000 1522400000088 	5600011452 14863912504 149725 	5599861727 149725 0 0 0 	4033400 149725 0 	348.747 	3 	39
1541500000000 1541600000189 	5800011830 15398709472 153578 	5799858252 153578 0 0 0 	4136348 153578 0 	351.057 	3 	39
1560700000000 1560800000375 	6000012580 15933679587 156842 	5999855738 156842 0 0 0 	4224572 156842 0 	353.105 	3 	39
1579900000000 1580000000227 	6200013034 16468888026 156843 	6199856191 156843 0 0 0 	4224649 156843 0 	349.245 	3 	39
1599100000000 1599200000160 	6400013354 17004364622 156844 	6399856510 156844 0 0 0 	4224655 156844 0 	345.539 	3 	39
1618300000000 1618400000242 	6600013838 17540030677 156845 	6599856993 156845 0 0 0 	4224666 156845 0 	341.969 	3 	39
1637500000000 1637600000054 	6800013946 18075935574 156847 	6799857099 156847 0 0 0 	4224705 156847 0 	338.521 	3 	39
1656700000000 1656800000000 	7000013946 18612185858 175022 	6999838924 175022 0 0 0 	4722699 175022 0 	341.673 	3 	39
1675900000000 1676000000048 	7200014042 19148653868 191454 	7199822588 191454 0 0 0 	5168346 191454 0 	344.652 	3 	39
1695100000000 1695200000011 	7400014064 19685308754 206283 	7399807781 206283 0 0 0 	5564463 206283 0 	347.424 	3 	39
1714300000000 1714400000210 	7600014484 20222191777 219670 	7599794814 219670 0 0 0 	5934800 219670 0 	350.037 	3 	39
1733500000000 1733600000468 	7800015420 20759276054 231635 	7799783785 231635 0 0 0 	6259228 231635 0 	352.456 	3 	39
1752700000000 1752800000254 	8000015928 21296501429 242379 	7999773549 242379 0 0 0 	6551552 242379 0 	354.73 	3 	39
1771900000000 1772000000368 	8200016664 21833938924 251945 	8199764719 251945 0 0 0 	6812182 251945 0 	356.837 	3 	39
1791100000000 1791200000352 	8400017368 22371632386 260788 	8399756580 260788 0 0 0 	7052669 260788 0 	358.81 	3 	39
1810300000000 1810400000178 	8600017724 22909481584 268661 	8599749063 268661 0 0 0 	7269672 268661 0 	360.626 	3 	39
1829500000000 1829600000355 	8800018434 23447580739 275959 	8799742475 275959 0 0 0 	7466852 275959 0 	362.334 	3 	39
1848700000000 1848800000320 	9000019074 23985873508 282341 	8999736733 282341 0 0 0 	7644203 282341 0 	363.88 	3 	39
1867900000000 1868000000400 	9200019874 24524325229 288225 	9199731649 288225 0 0 0 	7808161 288225 0 	365.328 	3 	39
1887100000000 1887200000249 	9400020372 25062936909 293382 	9399726990 293382 0 0 0 	7949400 293382 0 	366.637 	3 	39
1906300000000 1906400000088 	9600020548 25601776797 298028 	9599722520 298028 0 0 0 	8077021 298028 0 	367.856 	3 	39
1925500000000 1925600000189 	9800020926 26140826426 302313 	9799718613 302313 0 0 0 	8194597 302313 0 	368.96 	3 	39
1944700000000 1944800000416 	10000021758 26680006328 306111 	9999715647 306111 0 0 0 	8296326 306111 0 	369.962 	3 	39
1963900000000 1964000000074 	10200021906 27219370664 309450 	10199712456 309450 0 0 0 	8386758 309450 0 	370.858 	3 	39
1983100000000 1983200000353 	10400022612 27758907177 312532 	10399710080 312532 0 0 0 	8473363 312532 0 	371.649 	3 	39
2002300000000 2002400000044 	10600022700 28298705352 315288 	10599707412 315288 0 0 0 	8548893 315288 0 	372.368 	3 	39
2021500000000 2021600000091 	10800022882 28838617696 317779 	10799705103 317779 0 0 0 	8617565 317779 0 	372.986 	3 	39
2040700000000 2040800000307 	11000023496 29378734268 320033 	10999703463 320033 0 0 0 	8679424 320033 0 	373.554 	3 	39
2059900000000 2060000000314 	11200024124 29918986898 322014 	11199702110 322014 0 0 0 	8733430 322014 0 	374.027 	3 	39
2079100000000 2079200000173 	11400024470 30459422206 323779 	11399700691 323779 0 0 0 	8783476 323779 0 	374.438 	3 	39
2098300000000 2098400000352 	11600025174 31000000122 325435 	11599699739 325435 0 0 0 	8829979 325435 0 	374.759 	3 	39
2117500000000 2117600000376 	11800025926 31540811924 326940 	11799698986 326940 0 0 0 	8873221 326940 0 	375.038 	3 	39
2136700000000 2136800000026 	12000025978 32081822023 328297 	11999697681 328297 0 0 0 	8908713 328297 0 	375.232 	3 	39
2155900000000 2156000000285 	12200026548 32622899171 329449 	12199697099 329449 0 0 0 	8939261 329449 0 	375.388 	3 	39
2175100000000 2175200000308 	12400027164 33164200450 330499 	12399696665 330499 0 0 0 	8968450 330499 0 	375.477 	3 	39
2194300000000 2194400000278 	12600027720 33705696401 331474 	12599696246 331474 0 0 0 	8996298 331474 0 	375.517 	3 	39
2213500000000 2213600000368 	12800028456 34247384928 342072 	12799686384 342072 0 0 0 	9290395 342072 0 	376.68 	3 	39
2232700000000 2232800000352 	13000029160 34789258600 351611 	12999677549 351611 0 0 0 	9554676 351611 0 	377.774 	3 	39
2251900000000 2252000000120 	13200029400 35331268846 360755 	13199668645 360755 0 0 0 	9805946 360755 0 	378.81 	3 	39
2271100000000 2271200000178 	13400029756 35873447538 369208 	13399660548 369208 0 0 0 	10037053 369208 0 	379.79 	3 	39
2290300000000 2290400000230 	13600030216 36415766005 376942 	13599653274 376942 0 0 0 	10248670 376942 0 	380.674 	3 	39
2309500000000 2309600000320 	13800030856 36958230314 384096 	13799646760 384096 0 0 0 	10441629 384096 0 	381.505 	3 	39
2328700000000 2328800000400 	14000031656 37500874709 390515 	13999641141 390515 0 0 0 	10618622 390515 0 	382.284 	3 	39
2347900000000 2348000000290 	14200032236 38043698072 396488 	14199635748 396488 0 0 0 	10783051 396488 0 	383.013 	3 	39
2367100000000 2367200000249 	14400032734 38586680355 401893 	14399630841 401893 0 0 0 	10931182 401893 0 	383.692 	3 	39
2386300000000 2386400000110 	14600032954 39129778361 406938 	14599626016 406938 0 0 0 	11071768 406938 0 	384.303 	3 	39
2405500000000 2405600000189 	14800033332 39673026501 411521 	14799621811 411521 0 0 0 	11198225 411521 0 	384.866 	3 	39
2424700000000 2424800000060 	15000033452 40216449294 415714 	14999617738 415714 0 0 0 	11314497 415714 0 	385.384 	3 	39
2443900000000 2444000000375 	15200034202 40760033040 419669 	15199614533 419669 0 0 0 	11424805 419669 0 	385.857 	3 	39
2463100000000 2463200000320 	15400034842 41303720015 423152 	15399611690 423152 0 0 0 	11518024 423152 0 	386.265 	3 	39
2482300000000 2482400000353 	15600035548 41847566855 426543 	15599609005 426543 0 0 0 	11610957 426543 0 	386.63 	3 	39
2501500000000 2501600000044 	15800035636 42391557703 429635 	15799606001 429635 0 0 0 	11699966 429635 0 	386.954 	3 	39
2520700000000 2520800000228 	16000036092 42935692813 432468 	15999603624 432468 0 0 0 	11779638 432468 0 	387.248 	3 	39
2539900000000 2540000000091 	16200036274 43479965271 435025 	16199601249 435025 0 0 0 	11850455 435025 0 	387.503 	3 	39
2559100000000 2559200000100 	16400036474 44024375954 437396 	16399599078 437396 0 0 0 	11915404 437396 0 	387.696 	3 	39
2578300000000 2578400000314 	16600037102 44568943635 439574 	16599597528 439574 0 0 0 	11974996 439574 0 	387.862 	3 	39
2597500000000 2597600000173 	16800037448 45113693343 441512 	16799595936 441512 0 0 0 	12028243 441512 0 	387.991 	3 	39
2616700000000 2616800000330 	17000038108 45658513149 443418 	16999594690 443418 0 0 0 	12081046 443418 0 	388.095 	3 	39
2635900000000 2636000000352 	17200038812 46203474632 445152 	17199593660 445152 0 0 0 	12130171 445152 0 	388.162 	3 	39
2655100000000 2655200000290 	17400039392 46748599702 446680 	17399592712 446680 0 0 0 	12171692 446680 0 	388.183 	3 	39
2674300000000 2674400000026 	17600039444 47293779746 448023 	17599591421 448023 0 0 0 	12208871 448023 0 	388.17 	3 	39
2693500000000 2693600000285 	17800040014 47839155008 449339 	17799590675 449339 0 0 0 	12245410 449339 0 	388.134 	3 	39
2712700000000 2712800000151 	18000040316 48384662485 450504 	17999589812 450504 0 0 0 	12277400 450504 0 	388.076 	3 	39
2731900000000 2732000000308 	18200040932 48930339486 451696 	18199589236 451696 0 0 0 	12309211 451696 0 	387.997 	3 	39
2751100000000 2751200000208 	18400041348 49476141632 452662 	18399588686 452662 0 0 0 	12334317 452662 0 	387.862 	3 	39
2770300000000 2770400000120 	18600041588 50022060502 453649 	18599587939 453649 0 0 0 	12360107 453649 0 	387.708 	3 	39
2789500000000 2789600000296 	18800042180 50568130419 454504 	18799587676 454504 0 0 0 	12384800 454504 0 	387.534 	3 	39
2808700000000 2808800000270 	19000042720 51114299905 455351 	18999587369 455351 0 0 0 	12406532 455351 0 	387.341 	3 	39
2827900000000 2828000000320 	19200043360 51660640626 456084 	19199587276 456084 0 0 0 	12427446 456084 0 	387.129 	3 	39
2847100000000 2847200000264 	19400043888 52207088597 456747 	19399587141 456747 0 0 0 	12444606 456747 0 	386.875 	3 	39
2866300000000 2866400000328 	19600044544 52753627809 457377 	19599587167 457377 0 0 0 	12461793 457377 0 	386.604 	3 	39
2885500000000 2885600000080 	19800044704 53300313852 457964 	19799586740 457964 0 0 0 	12478020 457964 0 	386.316 	3 	39
2904700000000 2904800000140 	20000044984 53847123251 458509 	19999586475 458509 0 0 0 	12492401 458509 0 	386.011 	3 	39
2923900000000 2924000000044 	20200045072 54394081042 459014 	20199586058 459014 0 0 0 	12507109 459014 0 	385.665 	3 	39
2943100000000 2943200000032 	20400045136 54941142536 459488 	20399585648 459488 0 0 0 	12519380 459488 0 	385.304 	3 	39
2962300000000 2962400000250 	20600045636 55488319308 459951 	20599585685 459951 0 0 0 	12531709 459951 0 	384.927 	3 	39
2981500000000 2981600000236 	20800046108 56035666678 460350 	20799585758 460350 0 0 0 	12543603 460350 0 	384.535 	3 	39
3000700000000 3000800000228 	21000046564 56583115629 460686 	20999585878 460686 0 0 0 	12552698 460686 0 	384.127 	3 	39
3019900000000 3020000000278 	21200047120 57130704691 461008 	21199586112 461008 0 0 0 	12561070 461008 0 	383.693 	3 	39
3039100000000 3039200000296 	21400047712 57678376208 461276 	21399586436 461276 0 0 0 	12568575 461276 0 	383.245 	3 	39
3058300000000 3058400000254 	21600048220 58226184311 461538 	21599586682 461538 0 0 0 	12575383 461538 0 	382.782 	3 	39
3077500000000 3077600000032 	21800048284 58774091602 461783 	21799586501 461783 0 0 0 	12582975 461783 0 	382.306 	3 	39
3096700000000 3096800000320 	22000048924 59322116915 465343 	21999583581 465343 0 0 0 	12680853 465343 0 	382.618 	3 	39
3115900000000 3116000000353 	22200049630 59870291110 468702 	22199580928 468702 0 0 0 	12775942 468702 0 	382.902 	3 	39
3135100000000 3135200000044 	22400049718 60418569437 471978 	22399577740 471978 0 0 0 	12863654 471978 0 	383.159 	3 	39
3154300000000 3154400000228 	22600050174 60967004669 474963 	22599575211 474963 0 0 0 	12946875 474963 0 	383.397 	3 	39
3173500000000 3173600000091 	22800050356 61515538622 477795 	22799572561 477795 0 0 0 	13025799 477795 0 	383.607 	3 	39
3192700000000 3192800000307 	23000050970 62064171779 480523 	22999570447 480523 0 0 0 	13099604 480523 0 	383.799 	3 	39
3211900000000 3212000000100 	23200051170 62612934007 483016 	23199568154 483016 0 0 0 	13167167 483016 0 	383.965 	3 	39
3231100000000 3231200000314 	23400051798 63161745363 485251 	23399566547 485251 0 0 0 	13229796 485251 0 	384.112 	3 	39
3250300000000 3250400000173 	23600052144 63710732619 487436 	23599564708 487436 0 0 0 	13290117 487436 0 	384.234 	3 	39
3269500000000 3269600000330 	23800052804 64259800450 489505 	23799563299 489505 0 0 0 	13348059 489505 0 	384.337 	3 	39
3288700000000 3288800000352 	24000053508 64808997174 491432 	23999562076 491432 0 0 0 	13401405 491432 0 	384.416 	3 	39
3307900000000 3308000000376 	24200054260 65358335514 493202 	24199561058 493202 0 0 0 	13450132 493202 0 	384.477 	3 	39
3327100000000 3327200000290 	24400054840 65907782254 494855 	24399559985 494855 0 0 0 	13495819 494855 0 	384.522 	3 	39
3346300000000 3346400000026 	24600054892 66457276074 496437 	24599558455 496437 0 0 0 	13539144 496437 0 	384.542 	3 	39
3365500000000 3365600000285 	24800055462 67006876164 497908 	24799557554 497908 0 0 0 	13581306 497908 0 	384.546 	3 	39
3384700000000 3384800000151 	25000055764 67556595257 499245 	24999556519 499245 0 0 0 	13619139 499245 0 	384.533 	3 	39
3403900000000 3404000000308 	25200056380 68106462193 500544 	25199555836 500544 0 0 0 	13654838 500544 0 	384.505 	3 	39
3423100000000 3423200000278 	25400056936 68656414057 501789 	25399555147 501789 0 0 0 	13687998 501789 0 	384.453 	3 	39
3442300000000 3442400000208 	25600057352 69206488008 502943 	25599554409 502943 0 0 0 	13719323 502943 0 	384.385 	3 	39
3461500000000 3461600000120 	25800057592 69756605934 503971 	25799553621 503971 0 0 0 	13747904 503971 0 	384.303 	3 	39
3480700000000 3480800000296 	26000058184 70306860402 504977 	25999553207 504977 0 0 0 	13776747 504977 0 	384.205 	3 	39
3499900000000 3500000000270 	26200058724 70857211757 505847 	26199552877 505847 0 0 0 	13799850 505847 0 	384.092 	3 	39
3519100000000 3519200000320 	26400059364 71407641778 506722 	26399552642 506722 0 0 0 	13824037 506722 0 	383.965 	3 	39
3538300000000 3538400000350 	26600060064 71958193183 507508 	26599552556 507508 0 0 0 	13845474 507508 0 	383.824 	3 	39
3557500000000 3557600000264 	26800060592 72508880665 508260 	26799552332 508260 0 0 0 	13867055 508260 0 	383.668 	3 	39
3576700000000 3576800000328 	27000061248 73059701936 508981 	26999552267 508981 0 0 0 	13886013 508981 0 	383.498 	3 	39
3595900000000 3596000000080 	27200061408 73610610444 509614 	27199551794 509614 0 0 0 	13902356 509614 0 	383.314 	3 	39
3615100000000 3615200000140 	27400061688 74161607588 510236 	27399551452 510236 0 0 0 	13920139 510236 0 	383.116 	3 	39
3634300000000 3634400000140 	27600061968 74712740288 510798 	27599551170 510798 0 0 0 	13936285 510798 0 	382.921 	3 	39
3653500000000 3653600000044 	27800062056 75263985337 511360 	27799550696 511360 0 0 0 	13951897 511360 0 	382.713 	3 	39
3672700000000 3672800000044 	28000062144 75815273279 511845 	27999550299 511845 0 0 0 	13964889 511845 0 	382.491 	3 	39
3691900000000 3692000000032 	28200062208 76366709238 512360 	28199549848 512360 0 0 0 	13979767 512360 0 	382.257 	3 	39
3711100000000 3711200000250 	28400062708 76918208332 512804 	28399549904 512804 0 0 0 	13992616 512804 0 	382.009 	3 	39
3730300000000 3730400000236 	28600063180 77469787625 513228 	28599549952 513228 0 0 0 	14004432 513228 0 	381.748 	3 	39
3749500000000 3749600000228 	28800063636 78021457340 513640 	28799549996 513640 0 0 0 	14015326 513640 0 	381.474 	3 	39
3768700000000 3768800000112 	29000063860 78573267241 514026 	28999549834 514026 0 0 0 	14026030 514026 0 	381.188 	3 	39
3787900000000 3788000000278 	29200064416 79125109726 514357 	29199550059 514357 0 0 0 	14035193 514357 0 	380.897 	3 	39
3807100000000 3807200000296 	29400065008 79677119044 514683 	29399550325 514683 0 0 0 	14044015 514683 0 	380.594 	3 	39
3826300000000 3826400000254 	29600065516 80229124923 515005 	29599550511 515005 0 0 0 	14052332 515005 0 	380.279 	3 	39
3845500000000 3845600000032 	29800065580 80781297203 515299 	29799550281 515299 0 0 0 	14060046 515299 0 	379.952 	3 	39
3864700000000 3864800000320 	30000066220 81333608244 515561 	29999550659 515561 0 0 0 	14067731 515561 0 	379.621 	3 	39
3883900000000 3884000000268 	30200066756 81885959365 515828 	30199550928 515828 0 0 0 	14075893 515828 0 	379.277 	3 	39
3903100000000 3903200000060 	30400066876 82438375733 516069 	30399550807 516069 0 0 0 	14082493 516069 0 	378.922 	3 	39
3922300000000 3922400000230 	30600067336 82990965843 516278 	30599551058 516278 0 0 0 	14088207 516278 0 	378.556 	3 	39
3941500000000 3941600000208 	30800067752 83543611341 516500 	30799551252 516500 0 0 0 	14094280 516500 0 	378.186 	3 	39
3960700000000 3960800000197 	31000068146 84096336615 516689 	30999551457 516689 0 0 0 	14099598 516689 0 	377.804 	3 	39
3979900000000 3980000000174 	31200068494 84649190588 516875 	31199551619 516875 0 0 0 	14104875 516875 0 	377.42 	3 	39
3999100000000 3999200000008 	31400068510 85202103025 517059 	31399551451 517059 0 0 0 	14109514 517059 0 	377.024 	3 	39
4018300000000 4018400000320 	31600069150 85755072594 517201 	31599551949 517201 0 0 0 	14113526 517201 0 	376.616 	3 	39
4037500000000 4037600000167 	31800069484 86308190191 517371 	31799552113 517371 0 0 0 	14118609 517371 0 	376.207 	3 	39
4056700000000 4056800000120 	32000069724 86861355326 517485 	31999552239 517485 0 0 0 	14121674 517485 0 	375.785 	3 	39
4075900000000 4076000000188 	32200070100 87414638386 517616 	32199552484 517616 0 0 0 	14125330 517616 0 	375.362 	3 	39
4095100000000 4095200000096 	32400070292 87968023888 517735 	32399552557 517735 0 0 0 	14128490 517735 0 	374.927 	3 	39
4114300000000 4114400000215 	32600070722 88521406126 517842 	32599552880 517842 0 0 0 	14131301 517842 0 	374.49 	3 	39
4133500000000 4133600000057 	32800070836 89074948558 517974 	32799552862 517974 0 0 0 	14135305 517974 0 	374.042 	3 	39
4152700000000 4152800000056 	33000070948 89628572875 518069 	32999552879 518069 0 0 0 	14138302 518069 0 	373.592 	3 	39
4171900000000 4172000000110 	33200071168 90182278988 518155 	33199553013 518155 0 0 0 	14140572 518155 0 	373.13 	3 	39
4191100000000 4191200000125 	33400071418 90736063757 518259 	33399553159 518259 0 0 0 	14142994 518259 0 	372.667 	3 	39
4210300000000 4210400000125 	33600071668 91289970628 518346 	33599553322 518346 0 0 0 	14145644 518346 0 	372.211 	3 	39
4229500000000 4229600000031 	33800071730 91843943046 518431 	33799553299 518431 0 0 0 	14148371 518431 0 	371.744 	3 	39
4248700000000 4248800000188 	34000072106 92398058047 518501 	33999553605 518501 0 0 0 	14150339 518501 0 	371.274 	3 	39
4267900000000 4268000000192 	34200072490 92952195530 518569 	34199553921 518569 0 0 0 	14152081 518569 0 	370.795 	3 	39
4287100000000 4287200000302 	34400073094 93506433419 518638 	34399554456 518638 0 0 0 	14153757 518638 0 	370.313 	3 	39
4306300000000 4306400000052 	34600073198 94060736121 518698 	34599554500 518698 0 0 0 	14155285 518698 0 	369.829 	3 	39
4325500000000 4325600000120 	34800073438 94615179828 519905 	34799553533 519905 0 0 0 	14189237 519905 0 	369.853 	3 	39
4344700000000 4344800000296 	35000074030 95169698688 520959 	34999553071 520959 0 0 0 	14220086 520959 0 	369.865 	3 	39
4363900000000 4364000000296 	35200074622 95724299014 522010 	35199552612 522010 0 0 0 	14252519 522010 0 	369.877 	3 	39
4383100000000 4383200000270 	35400075162 96278972479 522945 	35399552217 522945 0 0 0 	14278721 522945 0 	369.878 	3 	39
4402300000000 4402400000320 	35600075802 96833759383 523912 	35599551890 523912 0 0 0 	14305809 523912 0 	369.867 	3 	39
4421500000000 4421600000350 	35800076502 97388574460 524830 	35799551672 524830 0 0 0 	14330685 524830 0 	369.845 	3 	39
4440700000000 4440800000350 	36000077202 97943493426 525733 	35999551469 525733 0 0 0 	14354846 525733 0 	369.824 	3 	39
4459900000000 4460000000264 	36200077730 98498552746 526551 	36199551179 526551 0 0 0 	14377380 526551 0 	369.791 	3 	39
4479100000000 4479200000328 	36400078386 99053590211 527318 	36399551068 527318 0 0 0 	14398557 527318 0 	369.747 	3 	39
4498300000000 4498400000080 	36600078546 99608779192 528062 	36599550484 528062 0 0 0 	14419386 528062 0 	369.693 	3 	39
4517500000000 4517600000080 	36800078706 100163988825 528764 	36799549942 528764 0 0 0 	14439668 528764 0 	369.639 	3 	39
4536700000000 4536800000140 	37000078986 100719348365 529458 	36999549528 529458 0 0 0 	14457750 529458 0 	369.574 	3 	39
4555900000000 4556000000044 	37200079074 101274796004 530080 	37199548994 530080 0 0 0 	14474949 530080 0 	369.498 	3 	39
4575100000000 4575200000044 	37400079162 101830244972 530683 	37399548479 530683 0 0 0 	14493009 530683 0 	369.411 	3 	39
4594300000000 4594400000032 	37600079226 102385786481 531225 	37599548001 531225 0 0 0 	14508915 531225 0 	369.314 	3 	39
4613500000000 4613600000032 	37800079290 102941396370 531771 	37799547519 531771 0 0 0 	14524271 531771 0 	369.218 	3 	39
4632700000000 4632800000250 	38000079790 103497134558 532282 	37999547508 532282 0 0 0 	14538420 532282 0 	369.112 	3 	39
4651900000000 4652000000236 	38200080262 104052917442 532778 	38199547484 532778 0 0 0 	14551889 532778 0 	368.994 	3 	39
4671100000000 4671200000228 	38400080718 104608783768 533213 	38399547505 533213 0 0 0 	14564171 533213 0 	368.867 	3 	39
4690300000000 4690400000228 	38600081174 105164705468 533641 	38599547533 533641 0 0 0 	14575673 533641 0 	368.74 	3 	39
4709500000000 4709600000112 	38800081398 105720690720 534046 	38799547352 534046 0 0 0 	14587227 534046 0 	368.604 	3 	39
4728700000000 4728800000278 	39000081954 106276732238 534467 	38999547487 534467 0 0 0 	14599724 534467 0 	368.463 	3 	39
4747900000000 4748000000296 	39200082546 106832939116 534852 	39199547694 534852 0 0 0 	14611277 534852 0 	368.311 	3 	39
4767100000000 4767200000254 	39400083054 107389225298 535189 	39399547865 535189 0 0 0 	14621317 535189 0 	368.15 	3 	39
4786300000000 4786400000254 	39600083562 107945532580 535530 	39599548032 535530 0 0 0 	14631188 535530 0 	367.99 	3 	39
4805500000000 4805600000032 	39800083626 108502006272 535867 	39799547759 535867 0 0 0 	14640560 535867 0 	367.82 	3 	39
4824700000000 4824800000320 	40000084266 109058534811 536199 	39999548067 536199 0 0 0 	14650244 536199 0 	367.646 	3 	39
4843900000000 4844000000268 	40200084802 109615094228 536476 	40199548326 536476 0 0 0 	14658579 536476 0 	367.462 	3 	39
4863100000000 4863200000268 	40400085338 110171742733 536762 	40399548576 536762 0 0 0 	14666031 536762 0 	367.28 	3 	39
4882300000000 4882400000060 	40600085458 110728431975 537034 	40599548424 537034 0 0 0 	14674000 537034 0 	367.087 	3 	39
4901500000000 4901600000230 	40800085918 111285250188 537283 	40799548635 537283 0 0 0 	14681599 537283 0 	366.885 	3 	39
4920700000000 4920800000208 	41000086334 111842165908 537521 	40999548813 537521 0 0 0 	14688221 537521 0 	366.679 	3 	39
4939900000000 4940000000208 	41200086750 112399112066 537746 	41199549004 537746 0 0 0 	14695370 537746 0 	366.476 	3 	39
4959100000000 4959200000197 	41400087144 112956108549 537944 	41399549200 537944 0 0 0 	14701031 537944 0 	366.262 	3 	39
4978300000000 4978400000174 	41600087492 113513234385 538134 	41599549358 538134 0 0 0 	14706710 538134 0 	366.045 	3 	39
4997500000000 4997600000008 	41800087508 114070377902 538308 	41799549200 538308 0 0 0 	14711204 538308 0 	365.818 	3 	39
5016700000000 5016800000320 	42000088148 114627598664 538516 	41999549632 538516 0 0 0 	14717547 538516 0 	365.581 	3 	39
5035900000000 5036000000320 	42200088788 115184828707 538670 	42199550118 538670 0 0 0 	14721593 538670 0 	365.346 	3 	39
5055100000000 5055200000167 	42400089122 115742200936 538831 	42399550291 538831 0 0 0 	14725963 538831 0 	365.108 	3 	39
5074300000000 5074400000120 	42600089362 116299675138 538965 	42599550397 538965 0 0 0 	14729644 538965 0 	364.861 	3 	39
5093500000000 5093600000188 	42800089738 116857218289 539101 	42799550637 539101 0 0 0 	14733985 539101 0 	364.61 	3 	39
5112700000000 5112800000188 	43000090114 117414775165 539249 	42999550865 539249 0 0 0 	14738275 539249 0 	364.361 	3 	39
5131900000000 5132000000096 	43200090306 117972440490 539378 	43199550928 539378 0 0 0 	14741995 539378 0 	364.103 	3 	39
5151100000000 5151200000215 	43400090736 118530166667 539477 	43399551259 539477 0 0 0 	14745007 539477 0 	363.842 	3 	39
5170300000000 5170400000057 	43600090850 119088034687 539585 	43599551265 539585 0 0 0 	14747817 539585 0 	363.571 	3 	39
5189500000000 5189600000056 	43800090962 119645834376 539694 	43799551268 539694 0 0 0 	14750828 539694 0 	363.297 	3 	39
5208700000000 5208800000056 	44000091074 120203747398 539785 	43999551289 539785 0 0 0 	14753104 539785 0 	363.026 	3 	39
5227900000000 5228000000110 	44200091294 120761744202 539880 	44199551414 539880 0 0 0 	14755469 539880 0 	362.745 	3 	39
5247100000000 5247200000125 	44400091544 121319880929 539984 	44399551560 539984 0 0 0 	14758149 539984 0 	362.461 	3 	39
5266300000000 5266400000031 	44600091606 121877977328 540074 	44599551532 540074 0 0 0 	14760750 540074 0 	362.167 	3 	39
5285500000000 5285600000031 	44800091668 122436227913 540172 	44799551496 540172 0 0 0 	14763902 540172 0 	361.877 	3 	39
5304700000000 5304800000188 	45000092044 122994542803 540262 	44999551782 540262 0 0 0 	14766465 540262 0 	361.584 	3 	39
5323900000000 5324000000192 	45200092428 123552897633 540346 	45199552082 540346 0 0 0 	14769179 540346 0 	361.281 	3 	39
5343100000000 5343200000302 	45400093032 124111327530 540414 	45399552618 540414 0 0 0 	14771261 540414 0 	360.975 	3 	39
5362300000000 5362400000065 	45600093162 124669847956 540479 	45599552683 540479 0 0 0 	14773368 540479 0 	360.672 	3 	39
5381500000000 5381600000052 	45800093266 125228396966 540534 	45799552732 540534 0 0 0 	14774738 540534 0 	360.366 	3 	39
5400700000000 5400800000200 	46000093666 125787026797 540594 	45999553072 540594 0 0 0 	14776533 540594 0 	360.051 	3 	39
5419900000000 5420000000251 	46200094168 126345691973 540644 	46199553524 540644 0 0 0 	14778061 540644 0 	359.733 	3 	39
5439100000000 5439200000197 	46400094562 126904488163 540711 	46399553851 540711 0 0 0 	14779721 540711 0 	359.406 	3 	39
5458300000000 5458400000197 	46600094956 127463354342 540763 	46599554193 540763 0 0 0 	14781156 540763 0 	359.082 	3 	39
5477500000000 5477600000048 	46800095052 128022274738 540806 	46799554246 540806 0 0 0 	14782350 540806 0 	358.755 	3 	39
5496700000000 5496800000280 	47000095612 128581288049 540864 	46999554748 540864 0 0 0 	14783793 540864 0 	358.426 	3 	39
5515900000000 5516000000021 	47200095654 129140293931 540923 	47199554731 540923 0 0 0 	14785323 540923 0 	358.087 	3 	39
5535100000000 5535200000021 	47400095696 129699430776 540973 	47399554723 540973 0 0 0 	14786769 540973 0 	357.752 	3 	39
5554300000000 5554400000072 	47600095840 130258582166 541033 	47599554807 541033 0 0 0 	14788598 541033 0 	357.413 	3 	39
5573500000000 5573600000113 	47800096066 130817819714 541073 	47799554993 541073 0 0 0 	14790013 541073 0 	357.072 	3 	39
5592700000000 5592800000069 	48000096204 131377134543 541119 	47999555085 541119 0 0 0 	14791045 541119 0 	356.722 	3 	39
5611900000000 5612000000224 	48200096652 131936504786 541155 	48199555497 541155 0 0 0 	14792041 541155 0 	356.369 	3 	39
5631100000000 5631200000224 	48400097100 132495937520 541191 	48399555909 541191 0 0 0 	14792953 541191 0 	356.02 	3 	39
5650300000000 5650400000271 	48600097642 133055456740 541221 	48599556421 541221 0 0 0 	14793773 541221 0 	355.668 	3 	39
5669500000000 5669600000186 	48800098014 133614989180 541247 	48799556767 541247 0 0 0 	14794464 541247 0 	355.314 	3 	39
5688700000000 5688800000092 	49000098198 134174598825 541269 	48999556929 541269 0 0 0 	14794993 541269 0 	354.95 	3 	39
5707900000000 5708000000092 	49200098382 134734272971 541306 	49199557076 541306 0 0 0 	14795720 541306 0 	354.59 	3 	39
5727100000000 5727200000031 	49400098444 135294052439 541328 	49399557116 541328 0 0 0 	14796297 541328 0 	354.227 	3 	39
5746300000000 5746400000020 	49600098484 135853882644 541347 	49599557137 541347 0 0 0 	14796971 541347 0 	353.861 	3 	39
5765500000000 5765600000032 	49800098548 136413770244 541375 	49799557173 541375 0 0 0 	14797866 541375 0 	353.493 	3 	39
5784700000000 5784800000040 	50000098628 136973728510 541391 	49999557237 541391 0 0 0 	14798347 541391 0 	353.123 	3 	39
5803900000000 5804000000040 	50200098708 137533759246 541410 	50199557298 541410 0 0 0 	14798843 541410 0 	352.756 	3 	39
5823100000000 5823200000214 	50400099136 138093809766 541435 	50399557701 541435 0 0 0 	14799615 541435 0 	352.38 	3 	39
5842300000000 5842400000047 	50600099230 138653983691 541452 	50599557778 541452 0 0 0 	14800073 541452 0 	352.001 	3 	39
5861500000000 5861600000044 	50800099318 139214125586 541470 	50799557848 541470 0 0 0 	14800489 541470 0 	351.62 	3 	39
5880700000000 5880800000044 	51000099406 139774348962 541493 	50999557913 541493 0 0 0 	14801282 541493 0 	351.242 	3 	39
5899900000000 5900000000175 	51200099756 140334663183 541509 	51199558247 541509 0 0 0 	14801904 541509 0 	350.862 	3 	39
5919100000000 5919200000136 	51400100028 140895091571 541527 	51399558501 541527 0 0 0 	14802255 541527 0 	350.48 	3 	39
5938300000000 5938400000173 	51600100374 141455522318 541535 	51599558839 541535 0 0 0 	14802368 541535 0 	350.095 	3 	39
5957500000000 5957600000173 	51800100720 142016009155 541552 	51799559168 541552 0 0 0 	14802801 541552 0 	349.713 	3 	39
5976700000000 5976800000084 	52000100888 142576565520 541561 	51999559327 541561 0 0 0 	14802922 541561 0 	349.323 	3 	39
5995900000000 5996000000170 	52200101228 143137216396 541578 	52199559650 541578 0 0 0 	14803486 541578 0 	348.93 	3 	39
6015100000000 6015200000212 	52400101652 143697919957 541586 	52399560066 541586 0 0 0 	14803641 541586 0 	348.535 	3 	39
6034300000000 6034400000320 	52600102292 144258682301 541942 	52599560350 541942 0 0 0 	14813010 541942 0 	348.486 	3 	39
6053500000000 6053600000268 	52800102828 144819502974 542259 	52799560569 542259 0 0 0 	14821855 542259 0 	348.428 	3 	39
6072700000000 6072800000268 	53000103364 145380391610 542583 	52999560781 542583 0 0 0 	14831174 542583 0 	348.372 	3 	39
6091900000000 6092000000060 	53200103484 145941334644 542892 	53199560592 542892 0 0 0 	14839984 542892 0 	348.307 	3 	39
6111100000000 6111200000060 	53400103604 146502336841 543168 	53399560436 543168 0 0 0 	14847803 543168 0 	348.243 	3 	39
6130300000000 6130400000230 	53600104064 147063366915 543448 	53599560616 543448 0 0 0 	14855582 543448 0 	348.171 	3 	39
6149500000000 6149600000208 	53800104480 147624388864 543687 	53799560793 543687 0 0 0 	14862964 543687 0 	348.096 	3 	39
6168700000000 6168800000208 	54000104896 148185596183 543938 	53999560958 543938 0 0 0 	14869498 543938 0 	348.021 	3 	39
6187900000000 6188000000197 	54200105290 148746856686 544158 	54199561132 544158 0 0 0 	14875744 544158 0 	347.938 	3 	39
6207100000000 6207200000174 	54400105638 149308133347 544373 	54399561265 544373 0 0 0 	14881822 544373 0 	347.852 	3 	39
6226300000000 6226400000174 	54600105986 149869479802 544585 	54599561401 544585 0 0 0 	14887573 544585 0 	347.767 	3 	39
6245500000000 6245600000008 	54800106002 150430862552 544806 	54799561196 544806 0 0 0 	14893954 544806 0 	347.674 	3 	39
6264700000000 6264800000008 	55000106018 150992243181 545017 	54999561001 545017 0 0 0 	14899883 545017 0 	347.582 	3 	39
6283900000000 6284000000320 	55200106658 151553831621 545202 	55199561456 545202 0 0 0 	14905386 545202 0 	347.481 	3 	39
6303100000000 6303200000167 	55400106992 152115422078 545359 	55399561633 545359 0 0 0 	14909612 545359 0 	347.378 	3 	39
6322300000000 6322400000167 	55600107326 152677023219 545542 	55599561784 545542 0 0 0 	14915026 545542 0 	347.275 	3 	39
6341500000000 6341600000120 	55800107566 153238708556 545690 	55799561876 545690 0 0 0 	14919054 545690 0 	347.165 	3 	39
6360700000000 6360800000120 	56000107806 153800424655 545870 	55999561936 545870 0 0 0 	14924393 545870 0 	347.056 	3 	39
6379900000000 6380000000188 	56200108182 154362220736 546033 	56199562149 546033 0 0 0 	14929027 546033 0 	346.943 	3 	39
6399100000000 6399200000096 	56400108374 154924109378 546172 	56399562202 546172 0 0 0 	14932602 546172 0 	346.822 	3 	39
6418300000000 6418400000096 	56600108566 155486075641 546311 	56599562255 546311 0 0 0 	14936320 546311 0 	346.703 	3 	39
6437500000000 6437600000215 	56800108996 156048061645 546453 	56799562543 546453 0 0 0 	14939725 546453 0 	346.58 	3 	39
6456700000000 6456800000057 	57000109110 156610152633 546584 	56999562526 546584 0 0 0 	14943951 546584 0 	346.45 	3 	39
6475900000000 6476000000057 	57200109224 157172220113 546701 	57199562523 546701 0 0 0 	14947428 546701 0 	346.32 	3 	39
6495100000000 6495200000056 	57400109336 157734393698 546829 	57399562507 546829 0 0 0 	14951626 546829 0 	346.188 	3 	39
6514300000000 6514400000056 	57600109448 158296562893 546945 	57599562503 546945 0 0 0 	14955320 546945 0 	346.056 	3 	39
6533500000000 6533600000110 	57800109668 158858886472 547053 	57799562615 547053 0 0 0 	14957962 547053 0 	345.917 	3 	39
6552700000000 6552800000125 	58000109918 159421153875 547175 	57999562743 547175 0 0 0 	14961528 547175 0 	345.774 	3 	39
6571900000000 6572000000125 	58200110168 159983524611 547279 	58199562889 547279 0 0 0 	14964325 547279 0 	345.633 	3 	39
6591100000000 6591200000031 	58400110230 160545982966 547380 	58399562850 547380 0 0 0 	14967219 547380 0 	345.484 	3 	39
6610300000000 6610400000188 	58600110606 161108490908 547476 	58599563130 547476 0 0 0 	14970281 547476 0 	345.332 	3 	39
6629500000000 6629600000188 	58800110982 161670992255 547565 	58799563417 547565 0 0 0 	14972473 547565 0 	345.181 	3 	39
6648700000000 6648800000192 	59000111366 162233548266 547633 	58999563733 547633 0 0 0 	14974457 547633 0 	345.023 	3 	39
6667900000000 6668000000192 	59200111750 162796165536 547708 	59199564042 547708 0 0 0 	14976435 547708 0 	344.865 	3 	39
6687100000000 6687200000302 	59400112354 163358849275 547796 	59399564558 547796 0 0 0 	14978894 547796 0 	344.705 	3 	39
6706300000000 6706400000052 	59600112458 163921608375 547888 	59599564570 547888 0 0 0 	14981424 547888 0 	344.542 	3 	39
6725500000000 6725600000052 	59800112562 164484400416 547976 	59799564586 547976 0 0 0 	14983955 547976 0 	344.379 	3 	39
6744700000000 6744800000200 	60000112962 165047221881 548045 	59999564917 548045 0 0 0 	14985773 548045 0 	344.21 	3 	39
6763900000000 6764000000200 	60200113362 165610143157 548117 	60199565245 548117 0 0 0 	14988346 548117 0 	344.041 	3 	39
6783100000000 6783200000251 	60400113864 166173098147 548205 	60399565659 548205 0 0 0 	14991105 548205 0 	343.87 	3 	39
6802300000000 6802400000197 	60600114258 166736100521 548275 	60599565983 548275 0 0 0 	14993319 548275 0 	343.691 	3 	39
6821500000000 6821600000197 	60800114652 167299214526 548331 	60799566321 548331 0 0 0 	14994690 548331 0 	343.513 	3 	39
6840700000000 6840800000048 	61000114748 167862315363 548393 	60999566355 548393 0 0 0 	14996589 548393 0 	343.332 	3 	39
6859900000000 6860000000280 	61200115308 168425463699 548446 	61199566862 548446 0 0 0 	14998111 548446 0 	343.149 	3 	39
6879100000000 6879200000280 	61400115868 168988713572 548504 	61399567364 548504 0 0 0 	14999763 548504 0 	342.966 	3 	39
6898300000000 6898400000021 	61600115910 169551999326 548559 	61599567351 548559 0 0 0 	15001483 548559 0 	342.776 	3 	39
6917500000000 6917600000021 	61800115952 170115349629 548599 	61799567353 548599 0 0 0 	15002531 548599 0 	342.588 	3 	39
6936700000000 6936800000072 	62000116096 170678695328 548637 	61999567459 548637 0 0 0 	15003582 548637 0 	342.397 	3 	39
6955900000000 6956000000113 	62200116322 171242167200 548686 	62199567636 548686 0 0 0 	15005027 548686 0 	342.202 	3 	39
6975100000000 6975200000113 	62400116548 171805690571 548717 	62399567831 548717 0 0 0 	15005726 548717 0 	342.009 	3 	39
6994300000000 6994400000069 	62600116686 172369256111 548750 	62599567936 548750 0 0 0 	15006595 548750 0 	341.809 	3 	39
7013500000000 7013600000224 	62800117134 172932906532 548788 	62799568346 548788 0 0 0 	15007606 548788 0 	341.606 	3 	39
7032700000000 7032800000224 	63000117582 173496592977 548817 	62999568765 548817 0 0 0 	15008577 548817 0 	341.404 	3 	39
7051900000000 7052000000271 	63200118124 174060341432 548859 	63199569265 548859 0 0 0 	15009523 548859 0 	341.199 	3 	39
7071100000000 7071200000271 	63400118666 174624068698 548894 	63399569772 548894 0 0 0 	15010535 548894 0 	340.996 	3 	39
7090300000000 7090400000186 	63600119038 175187902506 548928 	63599570110 548928 0 0 0 	15011108 548928 0 	340.79 	3 	39
7109500000000 7109600000092 	63800119222 175751761509 548954 	63799570268 548954 0 0 0 	15011718 548954 0 	340.577 	3 	39
7128700000000 7128800000092 	64000119406 176315723409 548983 	63999570423 548983 0 0 0 	15012549 548983 0 	340.365 	3 	39
7147900000000 7148000000031 	64200119468 176879725195 549013 	64199570455 549013 0 0 0 	15013370 549013 0 	340.15 	3 	39
7167100000000 7167200000031 	64400119530 177443788420 549041 	64399570489 549041 0 0 0 	15014210 549041 0 	339.937 	3 	39
7186300000000 7186400000020 	64600119570 178007882993 549064 	64599570506 549064 0 0 0 	15014835 549064 0 	339.721 	3 	39
7205500000000 7205600000032 	64800119634 178571966952 549091 	64799570543 549091 0 0 0 	15015640 549091 0 	339.502 	3 	39
7224700000000 7224800000032 	65000119698 179136166316 549118 	64999570580 549118 0 0 0 	15016615 549118 0 	339.284 	3 	39
7243900000000 7244000000040 	65200119778 179700372776 549138 	65199570640 549138 0 0 0 	15017426 549138 0 	339.064 	3 	39
7263100000000 7263200000214 	65400120206 180264680743 549156 	65399571050 549156 0 0 0 	15017935 549156 0 	338.837 	3 	39
7282300000000 7282400000214 	65600120634 180828996656 549181 	65599571453 549181 0 0 0 	15018584 549181 0 	338.611 	3 	39
7301500000000 7301600000047 	65800120728 181393389142 549204 	65799571524 549204 0 0 0 	15019299 549204 0 	338.382 	3 	39
7320700000000 7320800000047 	66000120822 181957841416 549227 	65999571595 549227 0 0 0 	15020075 549227 0 	338.155 	3 	39
7339900000000 7340000000044 	66200120910 182522318439 549252 	66199571658 549252 0 0 0 	15020815 549252 0 	337.925 	3 	39
7359100000000 7359200000175 	66400121260 183086818282 549272 	66399571988 549272 0 0 0 	15021635 549272 0 	337.692 	3 	39
7378300000000 7378400000175 	66600121610 183651407983 549290 	66599572320 549290 0 0 0 	15022045 549290 0 	337.461 	3 	39
7397500000000 7397600000136 	66800121882 184216029079 549311 	66799572571 549311 0 0 0 	15022474 549311 0 	337.227 	3 	39
7416700000000 7416800000072 	67000122026 184780733833 549330 	66999572696 549330 0 0 0 	15022965 549330 0 	336.992 	3 	39
7435900000000 7436000000173 	67200122372 185345448191 549342 	67199573030 549342 0 0 0 	15023332 549342 0 	336.757 	3 	39
7455100000000 7455200000084 	67400122540 185910222859 549356 	67399573184 549356 0 0 0 	15023742 549356 0 	336.515 	3 	39
7474300000000 7474400000084 	67600122708 186475103035 549365 	67599573343 549365 0 0 0 	15023923 549365 0 	336.275 	3 	39
7493500000000 7493600000170 	67800123048 187039936111 549377 	67799573671 549377 0 0 0 	15024199 549377 0 	336.031 	3 	39
7512700000000 7512800000212 	68000123472 187604892838 549390 	67999574082 549390 0 0 0 	15024506 549390 0 	335.785 	3 	39
7531900000000 7532000000212 	68200123896 188169859723 549400 	68199574496 549400 0 0 0 	15024805 549400 0 	335.541 	3 	39
7551100000000 7551200000180 	68400124256 188734915525 549406 	68399574850 549406 0 0 0 	15024985 549406 0 	335.294 	3 	39
7570300000000 7570400000180 	68600124616 189299970729 549416 	68599575200 549416 0 0 0 	15025412 549416 0 	335.048 	3 	39
7589500000000 7589600000044 	68800124704 189865118122 549427 	68799575277 549427 0 0 0 	15025640 549427 0 	334.8 	3 	39
7608700000000 7608800000040 	69000124784 190430270319 549439 	68999575345 549439 0 0 0 	15025908 549439 0 	334.55 	3 	39
7627900000000 7628000000040 	69200124864 190995478849 549447 	69199575417 549447 0 0 0 	15026193 549447 0 	334.301 	3 	39
7647100000000 7647200000135 	69400125134 191560753251 549457 	69399575677 549457 0 0 0 	15026340 549457 0 	334.049 	3 	39
7666300000000 7666400000032 	69600125198 192126046689 549465 	69599575733 549465 0 0 0 	15026562 549465 0 	333.794 	3 	39
7685500000000 7685600000032 	69800125262 192691348700 549476 	69799575786 549476 0 0 0 	15026841 549476 0 	333.542 	3 	39
7704700000000 7704800000227 	70000125716 193256780457 549486 	69999576230 549486 0 0 0 	15027096 549486 0 	333.286 	3 	39
7723900000000 7724000000227 	70200126170 193822271137 549490 	70199576680 549490 0 0 0 	15027204 549490 0 	333.033 	3 	39
7743100000000 7743200000160 	70400126490 194387701181 549507 	70399576983 549507 0 0 0 	15027819 549507 0 	332.776 	3 	39
7762300000000 7762400000062 	70600126614 194953256838 549510 	70599577104 549510 0 0 0 	15027981 549510 0 	332.517 	3 	39
7781500000000 7781600000062 	70800126738 195518816680 549520 	70799577218 549520 0 0 0 	15028295 549520 0 	332.26 	3 	39
7800700000000 7800800000160 	71000127058 196084436137 549526 	70999577532 549526 0 0 0 	15028439 549526 0 	332 	3 	39
7819900000000 7820000000160 	71200127378 196650088873 549531 	71199577847 549531 0 0 0 	15028589 549531 0 	331.742 	3 	39
7839100000000 7839200000159 	71400127696 197215845226 549544 	71399578152 549544 0 0 0 	15029021 549544 0 	331.481 	3 	39
7858300000000 7858400000026 	71600127748 197781586303 549548 	71599578200 549548 0 0 0 	15029195 549548 0 	331.218 	3 	39
7877500000000 7877600000026 	71800127800 198347422994 549551 	71799578249 549551 0 0 0 	15029390 549551 0 	330.956 	3 	39
7896700000000 7896800000242 	72000128284 198913279142 549555 	71999578729 549555 0 0 0 	15029443 549555 0 	330.692 	3 	39
7915900000000 7916000000000 	72200128284 199479230585 549559 	72199578725 549559 0 0 0 	15029509 549559 0 	330.425 	3 	39
7935100000000 7935200000000 	72400128284 200045175808 549564 	72399578720 549564 0 0 0 	15029637 549564 0 	330.16 	3 	39
7954300000000 7954400000035 	72600128354 200611179051 549571 	72599578783 549571 0 0 0 	15029791 549571 0 	329.892 	3 	39
7973500000000 7973600000035 	72800128424 201177247856 549574 	72799578850 549574 0 0 0 	15029872 549574 0 	329.626 	3 	39
7992700000000 7992800000054 	73000128532 201743299126 549576 	72999578956 549576 0 0 0 	15029915 549576 0 	329.357 	3 	39
8011900000000 8012000000152 	73200128836 202309794514 583594 	73199545242 583594 0 0 0 	15999029 583594 0 	329.669 	3 	39
8031100000000 8031200000152 	73400129140 202876215294 616712 	73399512428 616712 0 0 0 	16942943 616712 0 	329.98 	3 	39
8050300000000 8050400000152 	73600129444 203442705178 649421 	73599480023 649421 0 0 0 	17887752 649421 0 	330.29 	3 	39
8069500000000 8069600000000 	73800129444 204009236580 681286 	73799448158 681286 0 0 0 	18809792 681286 0 	330.594 	3 	39
8088700000000 8088800000000 	74000129444 204575796635 712397 	73999417047 712397 0 0 0 	19710463 712397 0 	330.897 	3 	39
8107900000000 8108000000000 	74200129444 205142406434 743284 	74199386160 743284 0 0 0 	20589347 743284 0 	331.199 	3 	39
8127100000000 8127200000000 	74400129444 205709066935 773315 	74399356129 773315 0 0 0 	21448480 773315 0 	331.5 	3 	39
8146300000000 8146400000048 	74600129540 206275722871 802774 	74599326766 802774 0 0 0 	22294309 802774 0 	331.795 	3 	39
8165500000000 8165600000048 	74800129636 206842453836 831662 	74799297974 831662 0 0 0 	23126246 831662 0 	332.089 	3 	39
8184700000000 8184800000048 	75000129732 207409245990 859964 	74999269768 859964 0 0 0 	23936779 859964 0 	332.382 	3 	39
8203900000000 8204000000476 	75200130684 207976007203 887373 	75199243311 887373 0 0 0 	24720895 887373 0 	332.669 	3 	39
8223100000000 8223200000476 	75400131636 208542865718 914444 	75399217192 914444 0 0 0 	25501353 914444 0 	332.955 	3 	39
8242300000000 8242400000476 	75600132588 209109810875 941279 	75599191309 941279 0 0 0 	26273181 941279 0 	333.24 	3 	39
8261500000000 8261600000011 	75800132610 209676773581 967307 	75799165303 967307 0 0 0 	27016836 967307 0 	333.52 	3 	39
8280700000000 8280800000011 	76000132632 210243783516 992790 	75999139842 992790 0 0 0 	27755203 992790 0 	333.8 	3 	39
8299900000000 8300000000011 	76200132654 210810790179 1017736 	76199114918 1017736 0 0 0 	28472701 1017736 0 	334.078 	3 	39
8319100000000 8319200000210 	76400133074 211377860019 1042249 	76399090825 1042249 0 0 0 	29178876 1042249 0 	334.35 	3 	39
8338300000000 8338400000210 	76600133494 211944891989 1066308 	76599067186 1066308 0 0 0 	29873686 1066308 0 	334.622 	3 	39
8357500000000 8357600000210 	76800133914 212512078906 1089746 	76799044168 1089746 0 0 0 	30554883 1089746 0 	334.892 	3 	39
8376700000000 8376800000210 	77000134334 213079257803 1112979 	76999021355 1112979 0 0 0 	31222359 1112979 0 	335.162 	3 	39
8395900000000 8396000000381 	77200135096 213646477285 1135447 	77198999649 1135447 0 0 0 	31868090 1135447 0 	335.425 	3 	39
8415100000000 8415200000381 	77400135858 214213676083 1157352 	77398978506 1157352 0 0 0 	32495101 1157352 0 	335.688 	3 	39
8434300000000 8434400000200 	77600136258 214780821823 1157437 	77598978821 1157437 0 0 0 	32497597 1157437 0 	335.585 	3 	39
8453500000000 8453600000200 	77800136658 215347973019 1157501 	77798979157 1157501 0 0 0 	32499360 1157501 0 	335.482 	3 	39
8472700000000 8472800000251 	78000137160 215915158520 1157579 	77998979581 1157579 0 0 0 	32501470 1157579 0 	335.377 	3 	39
8491900000000 8492000000251 	78200137662 216482397702 1157652 	78198980010 1157652 0 0 0 	32503217 1157652 0 	335.273 	3 	39
8511100000000 8511200000197 	78400138056 217049682035 1157727 	78398980329 1157727 0 0 0 	32505462 1157727 0 	335.163 	3 	39
8530300000000 8530400000197 	78600138450 217616990893 1157806 	78598980644 1157806 0 0 0 	32507928 1157806 0 	335.053 	3 	39
8549500000000 8549600000048 	78800138546 218184413568 1157869 	78798980677 1157869 0 0 0 	32509656 1157869 0 	334.941 	3 	39
8568700000000 8568800000048 	79000138642 218751835079 1157952 	78998980690 1157952 0 0 0 	32512042 1157952 0 	334.83 	3 	39
8587900000000 8588000000280 	79200139202 219319333738 1158013 	79198981189 1158013 0 0 0 	32513871 1158013 0 	334.716 	3 	39
8607100000000 8607200000280 	79400139762 219886891258 1158072 	79398981690 1158072 0 0 0 	32515673 1158072 0 	334.602 	3 	39
8626300000000 8626400000021 	79600139804 220454437442 1158147 	79598981657 1158147 0 0 0 	32518260 1158147 0 	334.483 	3 	39
8645500000000 8645600000021 	79800139846 221021995681 1158195 	79798981651 1158195 0 0 0 	32519584 1158195 0 	334.364 	3 	39
8664700000000 8664800000072 	80000139990 221589598280 1158243 	79998981747 1158243 0 0 0 	32520705 1158243 0 	334.243 	3 	39
8683900000000 8684000000072 	80200140134 222157260819 1158284 	80198981850 1158284 0 0 0 	32521979 1158284 0 	334.122 	3 	39
8703100000000 8703200000113 	80400140360 222724919248 1158331 	80398982029 1158331 0 0 0 	32523412 1158331 0 	333.999 	3 	39
8722300000000 8722400000113 	80600140586 223292709736 1158378 	80598982208 1158378 0 0 0 	32524927 1158378 0 	333.877 	3 	39
8741500000000 8741600000069 	80800140724 223860554126 1158431 	80798982293 1158431 0 0 0 	32526383 1158431 0 	333.749 	3 	39
8760700000000 8760800000069 	81000140862 224428378595 1158489 	80998982373 1158489 0 0 0 	32528048 1158489 0 	333.621 	3 	39
8779900000000 8780000000224 	81200141310 224996302875 1158540 	81198982770 1158540 0 0 0 	32529422 1158540 0 	333.491 	3 	39
8799100000000 8799200000224 	81400141758 225564230136 1158569 	81398983189 1158569 0 0 0 	32530477 1158569 0 	333.362 	3 	39
8818300000000 8818400000271 	81600142300 226132194467 1158618 	81598983682 1158618 0 0 0 	32531778 1158618 0 	333.23 	3 	39
8837500000000 8837600000271 	81800142842 226700220140 1158661 	81798984181 1158661 0 0 0 	32532757 1158661 0 	333.098 	3 	39
8856700000000 8856800000186 	82000143214 227268295850 1158697 	81998984517 1158697 0 0 0 	32533935 1158697 0 	332.965 	3 	39
8875900000000 8876000000186 	82200143586 227836378258 1158730 	82198984856 1158730 0 0 0 	32535076 1158730 0 	332.832 	3 	39
8895100000000 8895200000092 	82400143770 228404588874 1158763 	82398985007 1158763 0 0 0 	32535923 1158763 0 	332.693 	3 	39
8914300000000 8914400000092 	82600143954 228972769618 1158789 	82598985165 1158789 0 0 0 	32536533 1158789 0 	332.555 	3 	39
8933500000000 8933600000031 	82800144016 229541032858 1158818 	82798985198 1158818 0 0 0 	32537334 1158818 0 	332.414 	3 	39
8952700000000 8952800000031 	83000144078 230109310336 1158853 	82998985225 1158853 0 0 0 	32538129 1158853 0 	332.274 	3 	39
8971900000000 8972000000020 	83200144118 230677653868 1158884 	83198985234 1158884 0 0 0 	32538916 1158884 0 	332.132 	3 	39
8991100000000 8991200000020 	83400144158 231246002623 1158910 	83398985248 1158910 0 0 0 	32539940 1158910 0 	331.991 	3 	39
9010300000000 9010400000032 	83600144222 231814355879 1158938 	83598985284 1158938 0 0 0 	32540815 1158938 0 	331.846 	3 	39
9029500000000 9029600000032 	83800144286 232382786401 1158962 	83798985324 1158962 0 0 0 	32541347 1158962 0 	331.703 	3 	39
9048700000000 9048800000040 	84000144366 232951207717 1158992 	83998985374 1158992 0 0 0 	32542024 1158992 0 	331.557 	3 	39
9067900000000 9068000000040 	84200144446 233519678463 1159026 	84198985420 1159026 0 0 0 	32542926 1159026 0 	331.412 	3 	39
9087100000000 9087200000214 	84400144874 234088184722 1159051 	84398985823 1159051 0 0 0 	32543658 1159051 0 	331.262 	3 	39
9106300000000 9106400000214 	84600145302 234656810003 1159077 	84598986225 1159077 0 0 0 	32544470 1159077 0 	331.112 	3 	39
9125500000000 9125600000047 	84800145396 235225475326 1159110 	84798986286 1159110 0 0 0 	32545460 1159110 0 	330.959 	3 	39
9144700000000 9144800000047 	85000145490 235794190280 1159134 	84998986356 1159134 0 0 0 	32546357 1159134 0 	330.808 	3 	39
9163900000000 9164000000044 	85200145578 236362897237 1159161 	85198986417 1159161 0 0 0 	32547075 1159161 0 	330.653 	3 	39
9183100000000 9183200000044 	85400145666 236931664017 1159183 	85398986483 1159183 0 0 0 	32547533 1159183 0 	330.5 	3 	39
9202300000000 9202400000175 	85600146016 237500423894 1159201 	85598986815 1159201 0 0 0 	32548024 1159201 0 	330.344 	3 	39
9221500000000 9221600000175 	85800146366 238069290561 1159221 	85798987145 1159221 0 0 0 	32548652 1159221 0 	330.19 	3 	39
9240700000000 9240800000136 	86000146638 238638143759 1159246 	85998987392 1159246 0 0 0 	32549468 1159246 0 	330.032 	3 	39
9259900000000 9260000000136 	86200146910 239207119439 1159261 	86198987649 1159261 0 0 0 	32549883 1159261 0 	329.876 	3 	39
9279100000000 9279200000173 	86400147256 239776046253 1159288 	86398987968 1159288 0 0 0 	32550525 1159288 0 	329.717 	3 	39
9298300000000 9298400000173 	86600147602 240345028847 1159310 	86598988292 1159310 0 0 0 	32551001 1159310 0 	329.558 	3 	39
9317500000000 9317600000084 	86800147770 240914128359 1159326 	86798988444 1159326 0 0 0 	32551502 1159326 0 	329.394 	3 	39
9336700000000 9336800000084 	87000147938 241483179193 1159356 	86998988582 1159356 0 0 0 	32552187 1159356 0 	329.231 	3 	39
9355900000000 9356000000170 	87200148278 242052266214 1159369 	87198988909 1159369 0 0 0 	32552494 1159369 0 	329.066 	3 	39
9375100000000 9375200000170 	87400148618 242621441560 1159382 	87398989236 1159382 0 0 0 	32552829 1159382 0 	328.901 	3 	39
9394300000000 9394400000212 	87600149042 243190643274 1159392 	87598989650 1159392 0 0 0 	32553195 1159392 0 	328.734 	3 	39
9413500000000 9413600000212 	87800149466 243759881359 1159413 	87798990053 1159413 0 0 0 	32553774 1159413 0 	328.568 	3 	39
9432700000000 9432800000180 	88000149826 244329131049 1159431 	87998990395 1159431 0 0 0 	32554299 1159431 0 	328.399 	3 	39
9451900000000 9452000000180 	88200150186 244898438393 1159448 	88198990738 1159448 0 0 0 	32554901 1159448 0 	328.231 	3 	39
9471100000000 9471200000044 	88400150274 245467779032 1159461 	88398990813 1159461 0 0 0 	32555244 1159461 0 	328.061 	3 	39
9490300000000 9490400000044 	88600150362 246037179124 1159472 	88598990890 1159472 0 0 0 	32555679 1159472 0 	327.892 	3 	39
9509500000000 9509600000040 	88800150442 246606614563 1159486 	88798990956 1159486 0 0 0 	32556025 1159486 0 	327.72 	3 	39
9528700000000 9528800000040 	89000150522 247176111435 1159495 	88998991027 1159495 0 0 0 	32556306 1159495 0 	327.549 	3 	39
9547900000000 9548000000135 	89200150792 247745555313 1159503 	89198991289 1159503 0 0 0 	32556648 1159503 0 	327.376 	3 	39
9567100000000 9567200000135 	89400151062 248315107177 1159517 	89398991545 1159517 0 0 0 	32557293 1159517 0 	327.204 	3 	39
9586300000000 9586400000032 	89600151126 248884670710 1159527 	89598991599 1159527 0 0 0 	32557737 1159527 0 	327.029 	3 	39
9605500000000 9605600000032 	89800151190 249454309910 1159536 	89798991654 1159536 0 0 0 	32557948 1159536 0 	326.855 	3 	39
9624700000000 9624800000227 	90000151644 250023975657 1159540 	89998992104 1159540 0 0 0 	32558005 1159540 0 	326.679 	3 	39
9643900000000 9644000000227 	90200152098 250593674241 1159548 	90198992550 1159548 0 0 0 	32558203 1159548 0 	326.504 	3 	39
9663100000000 9663200000160 	90400152418 251163381443 1159559 	90398992859 1159559 0 0 0 	32558623 1159559 0 	326.326 	3 	39
9682300000000 9682400000160 	90600152738 251733098591 1159570 	90598993168 1159570 0 0 0 	32558918 1159570 0 	326.149 	3 	39
9701500000000 9701600000062 	90800152862 252302873291 1159579 	90798993283 1159579 0 0 0 	32559277 1159579 0 	325.97 	3 	39
9720700000000 9720800000062 	91000152986 252872729913 1159592 	90998993394 1159592 0 0 0 	32559540 1159592 0 	325.792 	3 	39
9739900000000 9740000000160 	91200153306 253442527176 1159601 	91198993705 1159601 0 0 0 	32559784 1159601 0 	325.611 	3 	39
9759100000000 9759200000160 	91400153626 254012463313 1159607 	91398994019 1159607 0 0 0 	32559877 1159607 0 	325.431 	3 	39
9778300000000 9778400000159 	91600153944 254582382347 1159613 	91598994331 1159613 0 0 0 	32559981 1159613 0 	325.249 	3 	39
9797500000000 9797600000159 	91800154262 255152335506 1159622 	91798994640 1159622 0 0 0 	32560172 1159622 0 	325.068 	3 	39
9816700000000 9816800000026 	92000154314 255722372141 1159628 	91998994686 1159628 0 0 0 	32560344 1159628 0 	324.884 	3 	39
9835900000000 9836000000026 	92200154366 256292406347 1159637 	92198994729 1159637 0 0 0 	32560495 1159637 0 	324.702 	3 	39
9855100000000 9855200000242 	92400154850 256862425225 1159641 	92398995209 1159641 0 0 0 	32560519 1159641 0 	324.517 	3 	39
9874300000000 9874400000242 	92600155334 257432546774 1159643 	92598995691 1159643 0 0 0 	32560526 1159643 0 	324.333 	3 	39
9893500000000 9893600000000 	92800155334 258002753313 1159653 	92798995681 1159653 0 0 0 	32560837 1159653 0 	324.146 	3 	39
9912700000000 9912800000000 	93000155334 258572966469 1159660 	92998995674 1159660 0 0 0 	32561036 1159660 0 	323.961 	3 	39
9931900000000 9932000000035 	93200155404 259143220517 1159664 	93198995740 1159664 0 0 0 	32561208 1159664 0 	323.773 	3 	39
9951100000000 9951200000035 	93400155474 259713469310 1159673 	93398995801 1159673 0 0 0 	32561403 1159673 0 	323.586 	3 	39
9970300000000 9970400000054 	93600155582 260283742019 1159680 	93598995902 1159680 0 0 0 	32561597 1159680 0 	323.397 	3 	39
9989500000000 9989600000054 	93800155690 260854089564 1159685 	93798996005 1159685 0 0 0 	32561657 1159685 0 	323.209 	3 	39
