1006600000000 1006700000032 	200000064 526682183 5 	200000059 5 0 0 0 	122 5 0 	264 	3 	66
1025800000000 1025900000159 	400000382 1053652926 7 	400000375 7 0 0 0 	162 7 0 	261.476 	3 	66
1045000000000 1045100000035 	600000452 1580991562 7 	600000445 7 0 0 0 	162 7 0 	259.281 	3 	66
1064200000000 1064300000000 	800000452 2108801070 14958 	799985494 14958 0 0 0 	396344 14958 0 	294.758 	3 	66
1083400000000 1083500000011 	1000000474 2636895068 27757 	999972717 27757 0 0 0 	736580 27757 0 	320.196 	3 	66
1102600000000 1102700000381 	1200001236 3165392308 38520 	1199962716 38520 0 0 0 	1024227 38520 0 	339.09 	3 	66
1121800000000 1121900000254 	1400001744 3694137728 47640 	1399954104 47640 0 0 0 	1269431 47640 0 	353.461 	3 	66
1141000000000 1141100000113 	1600001970 4223131535 47658 	1599954312 47658 0 0 0 	1270161 47658 0 	344.226 	3 	66
1160200000000 1160300000186 	1800002342 4752464699 47664 	1799954678 47664 0 0 0 	1270271 47664 0 	336.611 	3 	66
1179400000000 1179500000020 	2000002382 5282135027 47674 	1999954708 47674 0 0 0 	1270485 47674 0 	330.216 	3 	66
1198600000000 1198700000047 	2200002476 5812053467 47682 	2199954794 47682 0 0 0 	1270631 47682 0 	324.548 	3 	66
1217800000000 1217900000173 	2400002822 6342296607 47688 	2399955134 47688 0 0 0 	1270869 47688 0 	319.52 	3 	66
1237000000000 1237100000180 	2600003182 6872842317 47688 	2599955494 47688 0 0 0 	1270869 47688 0 	314.864 	3 	66
1256200000000 1256300000032 	2800003246 7403663855 47690 	2799955556 47690 0 0 0 	1270964 47690 0 	310.59 	3 	66
1275400000000 1275500000062 	3000003370 7934841844 47692 	2999955678 47692 0 0 0 	1270990 47692 0 	306.705 	3 	66
1294600000000 1294700000242 	3200003854 8466214617 47696 	3199956158 47696 0 0 0 	1271180 47696 0 	303.042 	3 	66
1313800000000 1313900000152 	3400004158 8998010543 66030 	3399938128 66030 0 0 0 	1762318 66030 0 	310.32 	3 	66
1333000000000 1333100000048 	3600004254 9530095953 82120 	3599922134 82120 0 0 0 	2192929 82120 0 	316.911 	3 	66
1352200000000 1352300000476 	3800005206 10062427541 95898 	3799909308 95898 0 0 0 	2565314 95898 0 	322.96 	3 	66
1371400000000 1371500000210 	4000005626 10595109071 108049 	3999897577 108049 0 0 0 	2894614 108049 0 	328.447 	3 	66
1390600000000 1390700000468 	4200006562 11127968338 118805 	4199887757 118805 0 0 0 	3183768 118805 0 	333.415 	3 	66
1409800000000 1409900000365 	4400007292 11661062681 128220 	4399879072 128220 0 0 0 	3435969 128220 0 	337.901 	3 	66
1429000000000 1429100000352 	4600007996 12194443912 136445 	4599871551 136445 0 0 0 	3657793 136445 0 	341.942 	3 	66
1448200000000 1448300000178 	4800008352 12728063824 143639 	4799864713 143639 0 0 0 	3853181 143639 0 	345.59 	3 	66
1467400000000 1467500000230 	5000008812 13261897518 149937 	4999858875 149937 0 0 0 	4025687 149937 0 	348.852 	3 	66
1486600000000 1486700000400 	5200009612 13795912303 155360 	5199854252 155360 0 0 0 	4173308 155360 0 	351.775 	3 	66
1505800000000 1505900000249 	5400010110 14330258890 160168 	5399849942 160168 0 0 0 	4301362 160168 0 	354.383 	3 	66
1525000000000 1525100000088 	5600010286 14864861635 164407 	5599845879 164407 0 0 0 	4415025 164407 0 	356.768 	3 	66
1544200000000 1544300000189 	5800010664 15399696672 168198 	5799842466 168198 0 0 0 	4519081 168198 0 	358.9 	3 	66
1563400000000 1563500000375 	6000011414 15934773019 171433 	5999839981 171433 0 0 0 	4608514 171433 0 	360.77 	3 	66
1582600000000 1582700000160 	6200011734 16470125769 171437 	6199840297 171437 0 0 0 	4608665 171437 0 	356.436 	3 	66
1601800000000 1601900000159 	6400012052 17005618558 171441 	6399840611 171441 0 0 0 	4608764 171441 0 	352.294 	3 	66
1621000000000 1621100000000 	6600012052 17541290437 171442 	6599840610 171442 0 0 0 	4608839 171442 0 	348.324 	3 	66
1640200000000 1640300000152 	6800012356 18077370583 191363 	6799820993 191363 0 0 0 	5142600 191363 0 	351.517 	3 	66
1659400000000 1659500000000 	7000012356 18613666227 209334 	6999803022 209334 0 0 0 	5632809 209334 0 	354.525 	3 	66
1678600000000 1678700000476 	7200013308 19150190995 225505 	7199787803 225505 0 0 0 	6069994 225505 0 	357.298 	3 	66
1697800000000 1697900000011 	7400013330 19686878753 239897 	7399773433 239897 0 0 0 	6459510 239897 0 	359.918 	3 	66
1717000000000 1717100000381 	7600014092 20223737203 253113 	7599760979 253113 0 0 0 	6818522 253113 0 	362.318 	3 	66
1736200000000 1736300000468 	7800015028 20760881087 265042 	7799749986 265042 0 0 0 	7143407 265042 0 	364.581 	3 	66
1755400000000 1755500000365 	8000015758 21298149008 275736 	7999740022 275736 0 0 0 	7432879 275736 0 	366.652 	3 	66
1774600000000 1774700000368 	8200016494 21835637347 285152 	8199731342 285152 0 0 0 	7689895 285152 0 	368.599 	3 	66
1793800000000 1793900000120 	8400016734 22373326643 293624 	8399723110 293624 0 0 0 	7918271 293624 0 	370.366 	3 	66
1813000000000 1813100000178 	8600017090 22911297496 301308 	8599715782 301308 0 0 0 	8124789 301308 0 	372.022 	3 	66
1832200000000 1832300000230 	8800017550 23449423144 308310 	8799709240 308310 0 0 0 	8316314 308310 0 	373.508 	3 	66
1851400000000 1851500000320 	9000018190 23987739453 314554 	8999703636 314554 0 0 0 	8490019 314554 0 	374.893 	3 	66
1870600000000 1870700000290 	9200018770 24526244712 320176 	9199698594 320176 0 0 0 	8643835 320176 0 	376.135 	3 	66
1889800000000 1889900000249 	9400019268 25064980996 325158 	9399694110 325158 0 0 0 	8779713 325158 0 	377.284 	3 	66
1909000000000 1909100000110 	9600019488 25603842414 329810 	9599689678 329810 0 0 0 	8905526 329810 0 	378.314 	3 	66
1928200000000 1928300000189 	9800019866 26142827257 333968 	9799685898 333968 0 0 0 	9019095 333968 0 	379.26 	3 	66
1947400000000 1947500000375 	10000020616 26682064776 337654 	9999682962 337654 0 0 0 	9116031 337654 0 	380.079 	3 	66
1966600000000 1966700000074 	10200020764 27221462955 341056 	10199679708 341056 0 0 0 	9209115 341056 0 	380.82 	3 	66
1985800000000 1985900000353 	10400021470 27761090518 344165 	10399677305 344165 0 0 0 	9294171 344165 0 	381.457 	3 	66
2005000000000 2005100000044 	10600021558 28300857453 346910 	10599674648 346910 0 0 0 	9370693 346910 0 	382.023 	3 	66
2024200000000 2024300000091 	10800021740 28840797962 349317 	10799672423 349317 0 0 0 	9436746 349317 0 	382.491 	3 	66
2043400000000 2043500000307 	11000022354 29380918298 351489 	10999670865 351489 0 0 0 	9495098 351489 0 	382.91 	3 	66
2062600000000 2062700000314 	11200022982 29921234472 353478 	11199669504 353478 0 0 0 	9550716 353478 0 	383.235 	3 	66
2081800000000 2081900000173 	11400023328 30461736656 355242 	11399668086 355242 0 0 0 	9598926 355242 0 	383.501 	3 	66
2101000000000 2101100000352 	11600024032 31002397800 356803 	11599667229 356803 0 0 0 	9641156 356803 0 	383.677 	3 	66
2120200000000 2120300000376 	11800024784 31543224134 358185 	11799666599 358185 0 0 0 	9680212 358185 0 	383.815 	3 	66
2139400000000 2139500000026 	12000024836 32084247538 359510 	11999665326 359510 0 0 0 	9715456 359510 0 	383.868 	3 	66
2158600000000 2158700000285 	12200025406 32625419718 360715 	12199664691 360715 0 0 0 	9749552 360715 0 	383.886 	3 	66
2177800000000 2177900000308 	12400026022 33166749625 361718 	12399664304 361718 0 0 0 	9777590 361718 0 	383.839 	3 	66
2197000000000 2197100000278 	12600026578 33708249626 362692 	12599663886 362692 0 0 0 	9804255 362692 0 	383.745 	3 	66
2216200000000 2216300000368 	12800027314 34249997298 373293 	12799654021 373293 0 0 0 	10092144 373293 0 	384.828 	3 	66
2235400000000 2235500000352 	13000028018 34791888048 382982 	12999645036 382982 0 0 0 	10356868 382982 0 	385.841 	3 	66
2254600000000 2254700000120 	13200028258 35333922090 391843 	13199636415 391843 0 0 0 	10604143 391843 0 	386.796 	3 	66
2273800000000 2273900000355 	13400028968 35876153570 399990 	13399628978 399990 0 0 0 	10827566 399990 0 	387.663 	3 	66
2293000000000 2293100000230 	13600029428 36418535974 407675 	13599621753 407675 0 0 0 	11039220 407675 0 	388.466 	3 	66
2312200000000 2312300000320 	13800030068 36961083051 414619 	13799615449 414619 0 0 0 	11227108 414619 0 	389.215 	3 	66
2331400000000 2331500000400 	14000030868 37503807030 421143 	13999609725 421143 0 0 0 	11408153 421143 0 	389.914 	3 	66
2350600000000 2350700000290 	14200031448 38046600188 426946 	14199604502 426946 0 0 0 	11565539 426946 0 	390.562 	3 	66
2369800000000 2369900000088 	14400031624 38589639396 432283 	14399599341 432283 0 0 0 	11709767 432283 0 	391.128 	3 	66
2389000000000 2389100000110 	14600031844 39132785809 437262 	14599594582 437262 0 0 0 	11847669 437262 0 	391.658 	3 	66
2408200000000 2408300000189 	14800032222 39676069615 441883 	14799590339 441883 0 0 0 	11971926 441883 0 	392.142 	3 	66
2427400000000 2427500000060 	15000032342 40219491354 446039 	14999586303 446039 0 0 0 	12084606 446039 0 	392.58 	3 	66
2446600000000 2446700000375 	15200033092 40763122926 449885 	15199583207 449885 0 0 0 	12187608 449885 0 	392.975 	3 	66
2465800000000 2465900000320 	15400033732 41306863960 453427 	15399580305 453427 0 0 0 	12286015 453427 0 	393.303 	3 	66
2485000000000 2485100000353 	15600034438 41850731080 456663 	15599577775 456663 0 0 0 	12374754 456663 0 	393.59 	3 	66
2504200000000 2504300000044 	15800034526 42394698406 459679 	15799574847 459679 0 0 0 	12456486 459679 0 	393.836 	3 	66
2523400000000 2523500000228 	16000034982 42938872450 462410 	15999572572 462410 0 0 0 	12533349 462410 0 	394.053 	3 	66
2542600000000 2542700000307 	16200035596 43483114386 464885 	16199570711 464885 0 0 0 	12600292 464885 0 	394.208 	3 	66
2561800000000 2561900000100 	16400035796 44027535548 467165 	16399568631 467165 0 0 0 	12664550 467165 0 	394.324 	3 	66
2581000000000 2581100000314 	16600036424 44572161414 469403 	16599567021 469403 0 0 0 	12725093 469403 0 	394.415 	3 	66
2600200000000 2600300000173 	16800036770 45116855016 471401 	16799565369 471401 0 0 0 	12780672 471401 0 	394.469 	3 	66
2619400000000 2619500000330 	17000037430 45661659228 473173 	16999564257 473173 0 0 0 	12829416 473173 0 	394.499 	3 	66
2638600000000 2638700000376 	17200038182 46206638201 474868 	17199563314 474868 0 0 0 	12875904 474868 0 	394.469 	3 	66
2657800000000 2657900000290 	17400038762 46751783114 476436 	17399562326 476436 0 0 0 	12919674 476436 0 	394.417 	3 	66
2677000000000 2677100000026 	17600038814 47297116192 477907 	17599560907 477907 0 0 0 	12959425 477907 0 	394.332 	3 	66
2696200000000 2696300000285 	17800039384 47842564912 479202 	17799560182 479202 0 0 0 	12996230 479202 0 	394.224 	3 	66
2715400000000 2715500000151 	18000039686 48388126705 480388 	17999559298 480388 0 0 0 	13029369 480388 0 	394.096 	3 	66
2734600000000 2734700000278 	18200040242 48933841144 481524 	18199558718 481524 0 0 0 	13060758 481524 0 	393.912 	3 	66
2753800000000 2753900000208 	18400040658 49479667059 482604 	18399558054 482604 0 0 0 	13091946 482604 0 	393.708 	3 	66
2773000000000 2773100000120 	18600040898 50025629437 483578 	18599557320 483578 0 0 0 	13118594 483578 0 	393.485 	3 	66
2792200000000 2792300000296 	18800041490 50571665590 484400 	18799557090 484400 0 0 0 	13140816 484400 0 	393.243 	3 	66
2811400000000 2811500000270 	19000042030 51117826489 485186 	18999556844 485186 0 0 0 	13162145 485186 0 	392.983 	3 	66
2830600000000 2830700000350 	19200042730 51664155600 485843 	19199556887 485843 0 0 0 	13180036 485843 0 	392.682 	3 	66
2849800000000 2849900000264 	19400043258 52210618146 486499 	19399556759 486499 0 0 0 	13197117 486499 0 	392.363 	3 	66
2869000000000 2869100000328 	19600043914 52757198825 487103 	19599556811 487103 0 0 0 	13213624 487103 0 	392.027 	3 	66
2888200000000 2888300000080 	19800044074 53303943863 487690 	19799556384 487690 0 0 0 	13229791 487690 0 	391.675 	3 	66
2907400000000 2907500000140 	20000044354 53850816848 488241 	19999556113 488241 0 0 0 	13245207 488241 0 	391.307 	3 	66
2926600000000 2926700000044 	20200044442 54397764797 488714 	20199555728 488714 0 0 0 	13258007 488714 0 	390.899 	3 	66
2945800000000 2945900000032 	20400044506 54944847603 489187 	20399555319 489187 0 0 0 	13271365 489187 0 	390.476 	3 	66
2965000000000 2965100000250 	20600045006 55492055587 489605 	20599555401 489605 0 0 0 	13283316 489605 0 	390.039 	3 	66
2984200000000 2984300000236 	20800045478 56039413316 489992 	20799555486 489992 0 0 0 	13294705 489992 0 	389.586 	3 	66
3003400000000 3003500000112 	21000045702 56586882101 490314 	20999555388 490314 0 0 0 	13303216 490314 0 	389.095 	3 	66
3022600000000 3022700000278 	21200046258 57134423721 490640 	21199555618 490640 0 0 0 	13312166 490640 0 	388.602 	3 	66
3041800000000 3041900000296 	21400046850 57682076631 490940 	21399555910 490940 0 0 0 	13320290 490940 0 	388.096 	3 	66
3061000000000 3061100000254 	21600047358 58229898516 491194 	21599556164 491194 0 0 0 	13326753 491194 0 	387.576 	3 	66
3080200000000 3080300000032 	21800047422 58777808473 491448 	21799555974 491448 0 0 0 	13333902 491448 0 	387.043 	3 	66
3099400000000 3099500000353 	22000048128 59325939632 495087 	21999553041 495087 0 0 0 	13433190 495087 0 	387.296 	3 	66
3118600000000 3118700000044 	22200048216 59874158346 498513 	22199549703 498513 0 0 0 	13526814 498513 0 	387.521 	3 	66
3137800000000 3137900000044 	22400048304 60422496220 501706 	22399546598 501706 0 0 0 	13614839 501706 0 	387.743 	3 	66
3157000000000 3157100000228 	22600048760 60970921353 504752 	22599544008 504752 0 0 0 	13699333 504752 0 	387.945 	3 	66
3176200000000 3176300000091 	22800048942 61519438411 507515 	22799541427 507515 0 0 0 	13776441 507515 0 	388.12 	3 	66
3195400000000 3195500000307 	23000049556 62068108951 510133 	22999539423 510133 0 0 0 	13850340 510133 0 	388.277 	3 	66
3214600000000 3214700000100 	23200049756 62616908636 512595 	23199537161 512595 0 0 0 	13919165 512595 0 	388.407 	3 	66
3233800000000 3233900000314 	23400050384 63165792522 514890 	23399535494 514890 0 0 0 	13984184 514890 0 	388.519 	3 	66
3253000000000 3253100000173 	23600050730 63714795374 517085 	23599533645 517085 0 0 0 	14043107 517085 0 	388.606 	3 	66
3272200000000 3272300000330 	23800051390 64263872479 519164 	23799532226 519164 0 0 0 	14102465 519164 0 	388.675 	3 	66
3291400000000 3291500000352 	24000052094 64813112548 521043 	23999531051 521043 0 0 0 	14155688 521043 0 	388.719 	3 	66
3310600000000 3310700000376 	24200052846 65362455393 522757 	24199530089 522757 0 0 0 	14203315 522757 0 	388.746 	3 	66
3329800000000 3329900000290 	24400053426 65911866784 524409 	24399529017 524409 0 0 0 	14248628 524409 0 	388.756 	3 	66
3349000000000 3349100000026 	24600053478 66461369302 525939 	24599527539 525939 0 0 0 	14291309 525939 0 	388.742 	3 	66
3368200000000 3368300000285 	24800054048 67010958508 527423 	24799526625 527423 0 0 0 	14333779 527423 0 	388.711 	3 	66
3387400000000 3387500000151 	25000054350 67560689178 528724 	24999525626 528724 0 0 0 	14370379 528724 0 	388.665 	3 	66
3406600000000 3406700000308 	25200054966 68110542282 530037 	25199524929 530037 0 0 0 	14407427 530037 0 	388.603 	3 	66
3425800000000 3425900000278 	25400055522 68660512412 531206 	25399524316 531206 0 0 0 	14440549 531206 0 	388.517 	3 	66
3445000000000 3445100000208 	25600055938 69210539442 532334 	25599523604 532334 0 0 0 	14472116 532334 0 	388.416 	3 	66
3464200000000 3464300000120 	25800056178 69760693544 533342 	25799522836 533342 0 0 0 	14500186 533342 0 	388.3 	3 	66
3483400000000 3483500000296 	26000056770 70310953252 534362 	25999522408 534362 0 0 0 	14528796 534362 0 	388.169 	3 	66
3502600000000 3502700000270 	26200057310 70861332384 535239 	26199522071 535239 0 0 0 	14552841 535239 0 	388.024 	3 	66
3521800000000 3521900000320 	26400057950 71411824953 536156 	26399521794 536156 0 0 0 	14579243 536156 0 	387.864 	3 	66
3541000000000 3541100000350 	26600058650 71962382613 536961 	26599521689 536961 0 0 0 	14601571 536961 0 	387.69 	3 	66
3560200000000 3560300000264 	26800059178 72513054268 537737 	26799521441 537737 0 0 0 	14624187 537737 0 	387.501 	3 	66
3579400000000 3579500000328 	27000059834 73063845798 538437 	26999521397 538437 0 0 0 	14643113 538437 0 	387.299 	3 	66
3598600000000 3598700000080 	27200059994 73614737136 539085 	27199520909 539085 0 0 0 	14660630 539085 0 	387.083 	3 	66
3617800000000 3617900000140 	27400060274 74165758130 539698 	27399520576 539698 0 0 0 	14677590 539698 0 	386.854 	3 	66
3637000000000 3637100000044 	27600060362 74716851619 540242 	27599520120 540242 0 0 0 	14692100 540242 0 	386.611 	3 	66
3656200000000 3656300000044 	27800060450 75268058487 540795 	27799519655 540795 0 0 0 	14707022 540795 0 	386.355 	3 	66
3675400000000 3675500000032 	28000060514 75819401474 541296 	27999519218 541296 0 0 0 	14722209 541296 0 	386.086 	3 	66
3694600000000 3694700000250 	28200061014 76370794805 541773 	28199519241 541773 0 0 0 	14735058 541773 0 	385.804 	3 	66
3713800000000 3713900000250 	28400061514 76922312465 542183 	28399519331 542183 0 0 0 	14746479 542183 0 	385.526 	3 	66
3733000000000 3733100000236 	28600061986 77473903148 542581 	28599519405 542581 0 0 0 	14756995 542581 0 	385.236 	3 	66
3752200000000 3752300000228 	28800062442 78025617388 542956 	28799519486 542956 0 0 0 	14767124 542956 0 	384.933 	3 	66
3771400000000 3771500000112 	29000062666 78577374211 543330 	28999519336 543330 0 0 0 	14776950 543330 0 	384.617 	3 	66
3790600000000 3790700000278 	29200063222 79129285807 543651 	29199519571 543651 0 0 0 	14786717 543651 0 	384.298 	3 	66
3809800000000 3809900000296 	29400063814 79681273123 543983 	29399519831 543983 0 0 0 	14795483 543983 0 	383.966 	3 	66
3829000000000 3829100000254 	29600064322 80233364401 544317 	29599520005 544317 0 0 0 	14804646 544317 0 	383.622 	3 	66
3848200000000 3848300000032 	29800064386 80785574694 544581 	29799519805 544581 0 0 0 	14812150 544581 0 	383.266 	3 	66
3867400000000 3867500000320 	30000065026 81337850870 544845 	29999520181 544845 0 0 0 	14819922 544845 0 	382.907 	3 	66
3886600000000 3886700000268 	30200065562 81890248198 545071 	30199520491 545071 0 0 0 	14827039 545071 0 	382.536 	3 	66
3905800000000 3905900000060 	30400065682 82442686330 545321 	30399520361 545321 0 0 0 	14834060 545321 0 	382.153 	3 	66
3925000000000 3925100000230 	30600066142 82995206367 545533 	30599520609 545533 0 0 0 	14840174 545533 0 	381.759 	3 	66
3944200000000 3944300000208 	30800066558 83547882804 545748 	30799520810 545748 0 0 0 	14846614 545748 0 	381.362 	3 	66
3963400000000 3963500000197 	31000066952 84100602190 545951 	30999521001 545951 0 0 0 	14852041 545951 0 	380.953 	3 	66
3982600000000 3982700000174 	31200067300 84653470230 546124 	31199521176 546124 0 0 0 	14856552 546124 0 	380.542 	3 	66
4001800000000 4001900000008 	31400067316 85206340207 546296 	31399521020 546296 0 0 0 	14861105 546296 0 	380.12 	3 	66
4021000000000 4021100000320 	31600067956 85759400907 546461 	31599521495 546461 0 0 0 	14865861 546461 0 	379.686 	3 	66
4040200000000 4040300000167 	31800068290 86312471614 546613 	31799521677 546613 0 0 0 	14870239 546613 0 	379.25 	3 	66
4059400000000 4059500000120 	32000068530 86865650129 546754 	31999521776 546754 0 0 0 	14873804 546754 0 	378.803 	3 	66
4078600000000 4078700000188 	32200068906 87418870680 546871 	32199522035 546871 0 0 0 	14877123 546871 0 	378.353 	3 	66
4097800000000 4097900000096 	32400069098 87972208496 546992 	32399522106 546992 0 0 0 	14880574 546992 0 	377.893 	3 	66
4117000000000 4117100000215 	32600069528 88525651803 547104 	32599522424 547104 0 0 0 	14884095 547104 0 	377.431 	3 	66
4136200000000 4136300000057 	32800069642 89079223661 547204 	32799522438 547204 0 0 0 	14886782 547204 0 	376.958 	3 	66
4155400000000 4155500000056 	33000069754 89632834265 547287 	32999522467 547287 0 0 0 	14888917 547287 0 	376.483 	3 	66
4174600000000 4174700000110 	33200069974 90186543082 547376 	33199522598 547376 0 0 0 	14891634 547376 0 	375.997 	3 	66
4193800000000 4193900000125 	33400070224 90740321503 547466 	33399522758 547466 0 0 0 	14894365 547466 0 	375.509 	3 	66
4213000000000 4213100000031 	33600070286 91294208776 547542 	33599522744 547542 0 0 0 	14896001 547542 0 	375.011 	3 	66
4232200000000 4232300000188 	33800070662 91848232732 547633 	33799523029 547633 0 0 0 	14898357 547633 0 	374.511 	3 	66
4251400000000 4251500000192 	34000071046 92402320369 547701 	33999523345 547701 0 0 0 	14900268 547701 0 	374.001 	3 	66
4270600000000 4270700000302 	34200071650 92956444980 547768 	34199523882 547768 0 0 0 	14902571 547768 0 	373.489 	3 	66
4289800000000 4289900000302 	34400072254 93510647087 547834 	34399524420 547834 0 0 0 	14904444 547834 0 	372.985 	3 	66
4309000000000 4309100000052 	34600072358 94064997374 547898 	34599524460 547898 0 0 0 	14906433 547898 0 	372.479 	3 	66
4328200000000 4328300000120 	34800072598 94619458160 548975 	34799523623 548975 0 0 0 	14937038 548975 0 	372.487 	3 	66
4347400000000 4347500000296 	35000073190 95174031960 550077 	34999523113 550077 0 0 0 	14967665 550077 0 	372.485 	3 	66
4366600000000 4366700000296 	35200073782 95728625156 551097 	35199522685 551097 0 0 0 	14996125 551097 0 	372.482 	3 	66
4385800000000 4385900000270 	35400074322 96283289947 552085 	35399522237 552085 0 0 0 	15024069 552085 0 	372.468 	3 	66
4405000000000 4405100000320 	35600074962 96838007868 553028 	35599521934 553028 0 0 0 	15050448 553028 0 	372.442 	3 	66
4424200000000 4424300000350 	35800075662 97392855886 553871 	35799521791 553871 0 0 0 	15075489 553871 0 	372.406 	3 	66
4443400000000 4443500000350 	36000076362 97947795822 554663 	35999521699 554663 0 0 0 	15097611 554663 0 	372.37 	3 	66
4462600000000 4462700000264 	36200076890 98502820605 555492 	36199521398 555492 0 0 0 	15122157 555492 0 	372.322 	3 	66
4481800000000 4481900000328 	36400077546 99057927970 556253 	36399521293 556253 0 0 0 	15143850 556253 0 	372.264 	3 	66
4501000000000 4501100000080 	36600077706 99613102453 556988 	36599520718 556988 0 0 0 	15163817 556988 0 	372.195 	3 	66
4520200000000 4520300000140 	36800077986 100168333650 557685 	36799520301 557685 0 0 0 	15183001 557685 0 	372.114 	3 	66
4539400000000 4539500000140 	37000078266 100723632828 558379 	36999519887 558379 0 0 0 	15202635 558379 0 	372.035 	3 	66
4558600000000 4558700000044 	37200078354 101279059403 559013 	37199519341 559013 0 0 0 	15220229 559013 0 	371.945 	3 	66
4577800000000 4577900000044 	37400078442 101834589561 559561 	37399518881 559561 0 0 0 	15236133 559561 0 	371.844 	3 	66
4597000000000 4597100000032 	37600078506 102390143982 560107 	37599518399 560107 0 0 0 	15252198 560107 0 	371.733 	3 	66
4616200000000 4616300000032 	37800078570 102945753857 560656 	37799517914 560656 0 0 0 	15268917 560656 0 	371.623 	3 	66
4635400000000 4635500000250 	38000079070 103501496763 561197 	37999517873 561197 0 0 0 	15283900 561197 0 	371.502 	3 	66
4654600000000 4654700000236 	38200079542 104057310539 561636 	38199517906 561636 0 0 0 	15296017 561636 0 	371.371 	3 	66
4673800000000 4673900000228 	38400079998 104613180966 562119 	38399517879 562119 0 0 0 	15309611 562119 0 	371.229 	3 	66
4693000000000 4693100000112 	38600080222 105169206933 562543 	38599517679 562543 0 0 0 	15321698 562543 0 	371.077 	3 	66
4712200000000 4712300000112 	38800080446 105725259096 562984 	38799517462 562984 0 0 0 	15334123 562984 0 	370.926 	3 	66
4731400000000 4731500000278 	39000081002 106281381238 563379 	38999517623 563379 0 0 0 	15344804 563379 0 	370.771 	3 	66
4750600000000 4750700000296 	39200081594 106837566658 563745 	39199517849 563745 0 0 0 	15355106 563745 0 	370.606 	3 	66
4769800000000 4769900000254 	39400082102 107393847184 564121 	39399517981 564121 0 0 0 	15365022 564121 0 	370.431 	3 	66
4789000000000 4789100000254 	39600082610 107950216828 564415 	39599518195 564415 0 0 0 	15373180 564415 0 	370.257 	3 	66
4808200000000 4808300000032 	39800082674 108506588139 564731 	39799517943 564731 0 0 0 	15382698 564731 0 	370.074 	3 	66
4827400000000 4827500000320 	40000083314 109063132774 565013 	39999518301 565013 0 0 0 	15391285 565013 0 	369.886 	3 	66
4846600000000 4846700000268 	40200083850 109619691340 565296 	40199518554 565296 0 0 0 	15399943 565296 0 	369.689 	3 	66
4865800000000 4865900000282 	40400084414 110176345152 565580 	40399518834 565580 0 0 0 	15407788 565580 0 	369.49 	3 	66
4885000000000 4885100000060 	40600084534 110733097241 565818 	40599518716 565818 0 0 0 	15414159 565818 0 	369.285 	3 	66
4904200000000 4904300000230 	40800084994 111289895518 566063 	40799518931 566063 0 0 0 	15421436 566063 0 	369.069 	3 	66
4923400000000 4923500000208 	41000085410 111846797381 566287 	40999519123 566287 0 0 0 	15427151 566287 0 	368.85 	3 	66
4942600000000 4942700000197 	41200085804 112403720674 566518 	41199519286 566518 0 0 0 	15433888 566518 0 	368.621 	3 	66
4961800000000 4961900000197 	41400086198 112960730294 566718 	41399519480 566718 0 0 0 	15440296 566718 0 	368.395 	3 	66
4981000000000 4981100000174 	41600086546 113517796461 566946 	41599519600 566946 0 0 0 	15447276 566946 0 	368.165 	3 	66
5000200000000 5000300000008 	41800086562 114074958299 567131 	41799519431 567131 0 0 0 	15452533 567131 0 	367.925 	3 	66
5019400000000 5019500000320 	42000087202 114632249908 567325 	41999519877 567325 0 0 0 	15457935 567325 0 	367.675 	3 	66
5038600000000 5038700000320 	42200087842 115189602429 567497 	42199520345 567497 0 0 0 	15462800 567497 0 	367.428 	3 	66
5057800000000 5057900000167 	42400088176 115746944697 567681 	42399520495 567681 0 0 0 	15468029 567681 0 	367.177 	3 	66
5077000000000 5077100000120 	42600088416 116304478601 567833 	42599520583 567833 0 0 0 	15471953 567833 0 	366.917 	3 	66
5096200000000 5096300000188 	42800088792 116862025793 567977 	42799520815 567977 0 0 0 	15475808 567977 0 	366.654 	3 	66
5115400000000 5115500000096 	43000088984 117419607175 568113 	42999520871 568113 0 0 0 	15480025 568113 0 	366.38 	3 	66
5134600000000 5134700000096 	43200089176 117977288155 568246 	43199520930 568246 0 0 0 	15483654 568246 0 	366.11 	3 	66
5153800000000 5153900000215 	43400089606 118534959235 568369 	43399521237 568369 0 0 0 	15487220 568369 0 	365.837 	3 	66
5173000000000 5173100000057 	43600089720 119092738679 568501 	43599521219 568501 0 0 0 	15490646 568501 0 	365.554 	3 	66
5192200000000 5192300000056 	43800089832 119650666602 568626 	43799521206 568626 0 0 0 	15493535 568626 0 	365.267 	3 	66
5211400000000 5211500000056 	44000089944 120208612864 568714 	43999521230 568714 0 0 0 	15496396 568714 0 	364.984 	3 	66
5230600000000 5230700000110 	44200090164 120766637669 568817 	44199521347 568817 0 0 0 	15499062 568817 0 	364.691 	3 	66
5249800000000 5249900000125 	44400090414 121324716447 568911 	44399521503 568911 0 0 0 	15501495 568911 0 	364.396 	3 	66
5269000000000 5269100000031 	44600090476 121882830161 568990 	44599521486 568990 0 0 0 	15503688 568990 0 	364.09 	3 	66
5288200000000 5288300000188 	44800090852 122441033970 569069 	44799521783 569069 0 0 0 	15505594 569069 0 	363.782 	3 	66
5307400000000 5307500000188 	45000091228 122999333655 569153 	44999522075 569153 0 0 0 	15507440 569153 0 	363.477 	3 	66
5326600000000 5326700000192 	45200091612 123557660838 569235 	45199522377 569235 0 0 0 	15509552 569235 0 	363.163 	3 	66
5345800000000 5345900000302 	45400092216 124116157963 569300 	45399522916 569300 0 0 0 	15511520 569300 0 	362.845 	3 	66
5365000000000 5365100000052 	45600092320 124674608131 569364 	45599522956 569364 0 0 0 	15513631 569364 0 	362.525 	3 	66
5384200000000 5384300000052 	45800092424 125233182517 569430 	45799522994 569430 0 0 0 	15515102 569430 0 	362.208 	3 	66
5403400000000 5403500000200 	46000092824 125791819834 569474 	45999523350 569474 0 0 0 	15516354 569474 0 	361.882 	3 	66
5422600000000 5422700000251 	46200093326 126350552649 569536 	46199523790 569536 0 0 0 	15518037 569536 0 	361.552 	3 	66
5441800000000 5441900000197 	46400093720 126909350808 569584 	46399524136 569584 0 0 0 	15519225 569584 0 	361.214 	3 	66
5461000000000 5461100000197 	46600094114 127468162822 569637 	46599524477 569637 0 0 0 	15520624 569637 0 	360.879 	3 	66
5480200000000 5480300000048 	46800094210 128027127389 569686 	46799524524 569686 0 0 0 	15522488 569686 0 	360.541 	3 	66
5499400000000 5499500000280 	47000094770 128586102468 569735 	46999525035 569735 0 0 0 	15523688 569735 0 	360.201 	3 	66
5518600000000 5518700000021 	47200094812 129145181408 569775 	47199525037 569775 0 0 0 	15524713 569775 0 	359.851 	3 	66
5537800000000 5537900000072 	47400094956 129704273643 569822 	47399525134 569822 0 0 0 	15525923 569822 0 	359.499 	3 	66
5557000000000 5557100000072 	47600095100 130263463439 569860 	47599525240 569860 0 0 0 	15527063 569860 0 	359.15 	3 	66
5576200000000 5576300000113 	47800095326 130822744403 569894 	47799525432 569894 0 0 0 	15528073 569894 0 	358.798 	3 	66
5595400000000 5595500000069 	48000095464 131382060870 569933 	47999525531 569933 0 0 0 	15529042 569933 0 	358.438 	3 	66
5614600000000 5614700000224 	48200095912 131941352262 569969 	48199525943 569969 0 0 0 	15530165 569969 0 	358.074 	3 	66
5633800000000 5633900000224 	48400096360 132500801614 570005 	48399526355 570005 0 0 0 	15531209 570005 0 	357.715 	3 	66
5653000000000 5653100000271 	48600096902 133060328396 570032 	48599526870 570032 0 0 0 	15531843 570032 0 	357.352 	3 	66
5672200000000 5672300000186 	48800097274 133619862469 570060 	48799527214 570060 0 0 0 	15532494 570060 0 	356.987 	3 	66
5691400000000 5691500000092 	49000097458 134179516752 570088 	48999527370 570088 0 0 0 	15533032 570088 0 	356.613 	3 	66
5710600000000 5710700000031 	49200097520 134739239533 570119 	49199527401 570119 0 0 0 	15533733 570119 0 	356.236 	3 	66
5729800000000 5729900000031 	49400097582 135299008345 570141 	49399527441 570141 0 0 0 	15534332 570141 0 	355.864 	3 	66
5749000000000 5749100000020 	49600097622 135858791735 570163 	49599527459 570163 0 0 0 	15535172 570163 0 	355.488 	3 	66
5768200000000 5768300000032 	49800097686 136418717300 570184 	49799527502 570184 0 0 0 	15535862 570184 0 	355.11 	3 	66
5787400000000 5787500000040 	50000097766 136978679864 570205 	49999527561 570205 0 0 0 	15536331 570205 0 	354.729 	3 	66
5806600000000 5806700000040 	50200097846 137538688445 570222 	50199527624 570222 0 0 0 	15536872 570222 0 	354.353 	3 	66
5825800000000 5825900000214 	50400098274 138098796769 570237 	50399528037 570237 0 0 0 	15537367 570237 0 	353.967 	3 	66
5845000000000 5845100000047 	50600098368 138658960354 570255 	50599528113 570255 0 0 0 	15537735 570255 0 	353.579 	3 	66
5864200000000 5864300000044 	50800098456 139219112357 570273 	50799528183 570273 0 0 0 	15538250 570273 0 	353.188 	3 	66
5883400000000 5883500000044 	51000098544 139779408709 570286 	50999528258 570286 0 0 0 	15538632 570286 0 	352.801 	3 	66
5902600000000 5902700000175 	51200098894 140339736794 570306 	51199528588 570306 0 0 0 	15539190 570306 0 	352.411 	3 	66
5921800000000 5921900000136 	51400099166 140900073319 570321 	51399528845 570321 0 0 0 	15539457 570321 0 	352.019 	3 	66
5941000000000 5941100000173 	51600099512 141460550720 570334 	51599529178 570334 0 0 0 	15539742 570334 0 	351.625 	3 	66
5960200000000 5960300000084 	51800099680 142021066415 570354 	51799529326 570354 0 0 0 	15540282 570354 0 	351.221 	3 	66
5979400000000 5979500000084 	52000099848 142581635443 570367 	51999529481 570367 0 0 0 	15540511 570367 0 	350.822 	3 	66
5998600000000 5998700000170 	52200100188 143142258897 570380 	52199529808 570380 0 0 0 	15540950 570380 0 	350.42 	3 	66
6017800000000 6017900000212 	52400100612 143703007046 570397 	52399530215 570397 0 0 0 	15541449 570397 0 	350.016 	3 	66
6037000000000 6037100000320 	52600101252 144263754204 570709 	52599530543 570709 0 0 0 	15549806 570709 0 	349.96 	3 	66
6056200000000 6056300000268 	52800101788 144824505381 571007 	52799530781 571007 0 0 0 	15557950 571007 0 	349.897 	3 	66
6075400000000 6075500000268 	53000102324 145385390818 571331 	52999530993 571331 0 0 0 	15567163 571331 0 	349.834 	3 	66
6094600000000 6094700000060 	53200102444 145946363455 571621 	53199530823 571621 0 0 0 	15575486 571621 0 	349.763 	3 	66
6113800000000 6113900000230 	53400102904 146507410115 571888 	53399531016 571888 0 0 0 	15581745 571888 0 	349.685 	3 	66
6133000000000 6133100000230 	53600103364 147068490613 572139 	53599531225 572139 0 0 0 	15589210 572139 0 	349.607 	3 	66
6152200000000 6152300000208 	53800103780 147629591226 572392 	53799531388 572392 0 0 0 	15596713 572392 0 	349.526 	3 	66
6171400000000 6171500000208 	54000104196 148190817752 572631 	53999531565 572631 0 0 0 	15603807 572631 0 	349.445 	3 	66
6190600000000 6190700000197 	54200104590 148752120321 572902 	54199531688 572902 0 0 0 	15612128 572902 0 	349.357 	3 	66
6209800000000 6209900000174 	54400104938 149313426744 573115 	54399531823 573115 0 0 0 	15618023 573115 0 	349.265 	3 	66
6229000000000 6229100000174 	54600105286 149874791281 573310 	54599531976 573310 0 0 0 	15623841 573310 0 	349.173 	3 	66
6248200000000 6248300000008 	54800105302 150436199234 573528 	54799531774 573528 0 0 0 	15629818 573528 0 	349.074 	3 	66
6267400000000 6267500000008 	55000105318 150997746010 573713 	54999531605 573713 0 0 0 	15634820 573713 0 	348.976 	3 	66
6286600000000 6286700000320 	55200105958 151559319616 573901 	55199532057 573901 0 0 0 	15641077 573901 0 	348.87 	3 	66
6305800000000 6305900000167 	55400106292 152120917150 574097 	55399532195 574097 0 0 0 	15646847 574097 0 	348.761 	3 	66
6325000000000 6325100000167 	55600106626 152682533534 574286 	55599532340 574286 0 0 0 	15651081 574286 0 	348.652 	3 	66
6344200000000 6344300000120 	55800106866 153244267501 574481 	55799532385 574481 0 0 0 	15656940 574481 0 	348.536 	3 	66
6363400000000 6363500000188 	56000107242 153805968261 574642 	55999532600 574642 0 0 0 	15661391 574642 0 	348.417 	3 	66
6382600000000 6382700000188 	56200107618 154367834904 574781 	56199532837 574781 0 0 0 	15664772 574781 0 	348.298 	3 	66
6401800000000 6401900000096 	56400107810 154929729436 574937 	56399532873 574937 0 0 0 	15669605 574937 0 	348.172 	3 	66
6421000000000 6421100000096 	56600108002 155491661989 575075 	56599532927 575075 0 0 0 	15673469 575075 0 	348.047 	3 	66
6440200000000 6440300000215 	56800108432 156053638169 575219 	56799533213 575219 0 0 0 	15677891 575219 0 	347.918 	3 	66
6459400000000 6459500000057 	57000108546 156615703189 575355 	56999533191 575355 0 0 0 	15681228 575355 0 	347.782 	3 	66
6478600000000 6478700000057 	57200108660 157177813936 575506 	57199533154 575506 0 0 0 	15685951 575506 0 	347.647 	3 	66
6497800000000 6497900000056 	57400108772 157740051490 575629 	57399533143 575629 0 0 0 	15689296 575629 0 	347.509 	3 	66
6517000000000 6517100000110 	57600108992 158302265901 575738 	57599533254 575738 0 0 0 	15692915 575738 0 	347.363 	3 	66
6536200000000 6536300000110 	57800109212 158864566551 575863 	57799533349 575863 0 0 0 	15696309 575863 0 	347.218 	3 	66
6555400000000 6555500000125 	58000109462 159426852163 575955 	57999533507 575955 0 0 0 	15699133 575955 0 	347.07 	3 	66
6574600000000 6574700000125 	58200109712 159989213242 576045 	58199533667 576045 0 0 0 	15701718 576045 0 	346.923 	3 	66
6593800000000 6593900000031 	58400109774 160551694778 576168 	58399533606 576168 0 0 0 	15705785 576168 0 	346.769 	3 	66
6613000000000 6613100000188 	58600110150 161114140855 576268 	58599533882 576268 0 0 0 	15708277 576268 0 	346.611 	3 	66
6632200000000 6632300000188 	58800110526 161676681197 576375 	58799534151 576375 0 0 0 	15711120 576375 0 	346.455 	3 	66
6651400000000 6651500000192 	59000110910 162239245680 576469 	58999534441 576469 0 0 0 	15713329 576469 0 	346.291 	3 	66
6670600000000 6670700000192 	59200111294 162801937914 576542 	59199534752 576542 0 0 0 	15715839 576542 0 	346.128 	3 	66
6689800000000 6689900000302 	59400111898 163364646005 576623 	59399535275 576623 0 0 0 	15718194 576623 0 	345.962 	3 	66
6709000000000 6709100000052 	59600112002 163927420182 576714 	59599535288 576714 0 0 0 	15720850 576714 0 	345.793 	3 	66
6728200000000 6728300000052 	59800112106 164490249988 576779 	59799535327 576779 0 0 0 	15722517 576779 0 	345.626 	3 	66
6747400000000 6747500000200 	60000112506 165053178052 576843 	59999535663 576843 0 0 0 	15724262 576843 0 	345.451 	3 	66
6766600000000 6766700000251 	60200113008 165616117882 576912 	60199536096 576912 0 0 0 	15726183 576912 0 	345.272 	3 	66
6785800000000 6785900000251 	60400113510 166179167213 576978 	60399536532 576978 0 0 0 	15728245 576978 0 	345.096 	3 	66
6805000000000 6805100000197 	60600113904 166742221143 577029 	60599536875 577029 0 0 0 	15729272 577029 0 	344.911 	3 	66
6824200000000 6824300000197 	60800114298 167305265595 577068 	60799537230 577068 0 0 0 	15730590 577068 0 	344.728 	3 	66
6843400000000 6843500000048 	61000114394 167868384653 577131 	60999537263 577131 0 0 0 	15732437 577131 0 	344.542 	3 	66
6862600000000 6862700000280 	61200114954 168431579970 577182 	61199537772 577182 0 0 0 	15733787 577182 0 	344.353 	3 	66
6881800000000 6881900000280 	61400115514 168994835792 577235 	61399538279 577235 0 0 0 	15735185 577235 0 	344.166 	3 	66
6901000000000 6901100000021 	61600115556 169558142137 577282 	61599538274 577282 0 0 0 	15736525 577282 0 	343.971 	3 	66
6920200000000 6920300000020 	61800115596 170121512447 577335 	61799538261 577335 0 0 0 	15738062 577335 0 	343.774 	3 	66
6939400000000 6939500000072 	62000115740 170684954353 577387 	61999538353 577387 0 0 0 	15739085 577387 0 	343.577 	3 	66
6958600000000 6958700000113 	62200115966 171248425845 577428 	62199538538 577428 0 0 0 	15740220 577428 0 	343.378 	3 	66
6977800000000 6977900000113 	62400116192 171811905212 577483 	62399538709 577483 0 0 0 	15741837 577483 0 	343.18 	3 	66
6997000000000 6997100000069 	62600116330 172375453001 577521 	62599538809 577521 0 0 0 	15742939 577521 0 	342.974 	3 	66
7016200000000 7016300000224 	62800116778 172939094639 577552 	62799539226 577552 0 0 0 	15743718 577552 0 	342.766 	3 	66
7035400000000 7035500000224 	63000117226 173502801167 577588 	62999539638 577588 0 0 0 	15744329 577588 0 	342.559 	3 	66
7054600000000 7054700000271 	63200117768 174066520513 577637 	63199540131 577637 0 0 0 	15745426 577637 0 	342.349 	3 	66
7073800000000 7073900000271 	63400118310 174630289403 577662 	63399540648 577662 0 0 0 	15746303 577662 0 	342.141 	3 	66
7093000000000 7093100000186 	63600118682 175194168185 577689 	63599540993 577689 0 0 0 	15746938 577689 0 	341.93 	3 	66
7112200000000 7112300000092 	63800118866 175757983220 577722 	63799541144 577722 0 0 0 	15747856 577722 0 	341.712 	3 	66
7131400000000 7131500000092 	64000119050 176321956984 577743 	63999541307 577743 0 0 0 	15748423 577743 0 	341.495 	3 	66
7150600000000 7150700000031 	64200119112 176885970694 577768 	64199541344 577768 0 0 0 	15749169 577768 0 	341.275 	3 	66
7169800000000 7169900000020 	64400119152 177450045237 577804 	64399541348 577804 0 0 0 	15750128 577804 0 	341.052 	3 	66
7189000000000 7189100000020 	64600119192 178014159274 577836 	64599541356 577836 0 0 0 	15751023 577836 0 	340.831 	3 	66
7208200000000 7208300000032 	64800119256 178578281777 577860 	64799541396 577860 0 0 0 	15751738 577860 0 	340.607 	3 	66
7227400000000 7227500000032 	65000119320 179142486716 577886 	64999541434 577886 0 0 0 	15752588 577886 0 	340.385 	3 	66
7246600000000 7246700000040 	65200119400 179706691723 577907 	65199541493 577907 0 0 0 	15753097 577907 0 	340.16 	3 	66
7265800000000 7265900000214 	65400119828 180271018025 577936 	65399541892 577936 0 0 0 	15754122 577936 0 	339.928 	3 	66
7285000000000 7285100000214 	65600120256 180835354823 577960 	65599542296 577960 0 0 0 	15754657 577960 0 	339.697 	3 	66
7304200000000 7304300000047 	65800120350 181399771770 577979 	65799542371 577979 0 0 0 	15755382 577979 0 	339.464 	3 	66
7323400000000 7323500000047 	66000120444 181964248373 577995 	65999542449 577995 0 0 0 	15755664 577995 0 	339.232 	3 	66
7342600000000 7342700000044 	66200120532 182528703685 578013 	66199542519 578013 0 0 0 	15756194 578013 0 	338.997 	3 	66
7361800000000 7361900000175 	66400120882 183093239949 578038 	66399542844 578038 0 0 0 	15756841 578038 0 	338.76 	3 	66
7381000000000 7381100000175 	66600121232 183657814365 578058 	66599543174 578058 0 0 0 	15757332 578058 0 	338.524 	3 	66
7400200000000 7400300000136 	66800121504 184222422773 578072 	66799543432 578072 0 0 0 	15757864 578072 0 	338.286 	3 	66
7419400000000 7419500000173 	67000121850 184787087651 578084 	66999543766 578084 0 0 0 	15758264 578084 0 	338.044 	3 	66
7438600000000 7438700000173 	67200122196 185351827863 578102 	67199544094 578102 0 0 0 	15758698 578102 0 	337.805 	3 	66
7457800000000 7457900000084 	67400122364 185916557339 578120 	67399544244 578120 0 0 0 	15759164 578120 0 	337.558 	3 	66
7477000000000 7477100000084 	67600122532 186481385401 578139 	67599544393 578139 0 0 0 	15759649 578139 0 	337.313 	3 	66
7496200000000 7496300000170 	67800122872 187046269486 578153 	67799544719 578153 0 0 0 	15760245 578153 0 	337.065 	3 	66
7515400000000 7515500000212 	68000123296 187611242245 578170 	67999545126 578170 0 0 0 	15760794 578170 0 	336.814 	3 	66
7534600000000 7534700000212 	68200123720 188176226511 578186 	68199545534 578186 0 0 0 	15761423 578186 0 	336.565 	3 	66
7553800000000 7553900000180 	68400124080 188741277586 578201 	68399545879 578201 0 0 0 	15761937 578201 0 	336.314 	3 	66
7573000000000 7573100000044 	68600124168 189306365250 578215 	68599545953 578215 0 0 0 	15762349 578215 0 	336.059 	3 	66
7592200000000 7592300000044 	68800124256 189871510826 578234 	68799546022 578234 0 0 0 	15762896 578234 0 	335.807 	3 	66
7611400000000 7611500000040 	69000124336 190436640683 578241 	68999546095 578241 0 0 0 	15763261 578241 0 	335.552 	3 	66
7630600000000 7630700000040 	69200124416 191001909045 578248 	69199546168 578248 0 0 0 	15763372 578248 0 	335.298 	3 	66
7649800000000 7649900000135 	69400124686 191567192481 578264 	69399546422 578264 0 0 0 	15763693 578264 0 	335.042 	3 	66
7669000000000 7669100000032 	69600124750 192132553922 578278 	69599546472 578278 0 0 0 	15764072 578278 0 	334.783 	3 	66
7688200000000 7688300000032 	69800124814 192697863701 578290 	69799546524 578290 0 0 0 	15764328 578290 0 	334.526 	3 	66
7707400000000 7707500000227 	70000125268 193263318933 578302 	69999546966 578302 0 0 0 	15764540 578302 0 	334.266 	3 	66
7726600000000 7726700000227 	70200125722 193828783113 578310 	70199547412 578310 0 0 0 	15764722 578310 0 	334.009 	3 	66
7745800000000 7745900000160 	70400126042 194394318106 578325 	70399547717 578325 0 0 0 	15765509 578325 0 	333.748 	3 	66
7765000000000 7765100000062 	70600126166 194959864725 578330 	70599547836 578330 0 0 0 	15765664 578330 0 	333.485 	3 	66
7784200000000 7784300000062 	70800126290 195525531881 578341 	70799547949 578341 0 0 0 	15765998 578341 0 	333.223 	3 	66
7803400000000 7803500000160 	71000126610 196091228138 578344 	70999548266 578344 0 0 0 	15766016 578344 0 	332.959 	3 	66
7822600000000 7822700000159 	71200126928 196656978290 578350 	71199548578 578350 0 0 0 	15766136 578350 0 	332.692 	3 	66
7841800000000 7841900000159 	71400127246 197222705955 578357 	71399548889 578357 0 0 0 	15766399 578357 0 	332.427 	3 	66
7861000000000 7861100000026 	71600127298 197788549595 578362 	71599548936 578362 0 0 0 	15766549 578362 0 	332.16 	3 	66
7880200000000 7880300000026 	71800127350 198354372895 578365 	71799548985 578365 0 0 0 	15766615 578365 0 	331.894 	3 	66
7899400000000 7899500000242 	72000127834 198920246163 578368 	71999549466 578368 0 0 0 	15766771 578368 0 	331.625 	3 	66
7918600000000 7918700000000 	72200127834 199486188140 578381 	72199549453 578381 0 0 0 	15767258 578381 0 	331.354 	3 	66
7937800000000 7937900000000 	72400127834 200052148383 578387 	72399549447 578387 0 0 0 	15767378 578387 0 	331.085 	3 	66
7957000000000 7957100000035 	72600127904 200618178710 578394 	72599549510 578394 0 0 0 	15767618 578394 0 	330.813 	3 	66
7976200000000 7976300000054 	72800128012 201184234699 578401 	72799549611 578401 0 0 0 	15767882 578401 0 	330.539 	3 	66
7995400000000 7995500000054 	73000128120 201750343509 578407 	72999549713 578407 0 0 0 	15768117 578407 0 	330.266 	3 	66
8014600000000 8014700000152 	73200128424 202316679980 612396 	73199516028 612396 0 0 0 	16746419 612396 0 	330.577 	3 	66
8033800000000 8033900000152 	73400128728 202883118496 645322 	73399483406 645322 0 0 0 	17687483 645322 0 	330.888 	3 	66
8053000000000 8053100000152 	73600129032 203449617387 677719 	73599451313 677719 0 0 0 	18623278 677719 0 	331.197 	3 	66
8072200000000 8072300000000 	73800129032 204016160549 709545 	73799419487 709545 0 0 0 	19531006 709545 0 	331.5 	3 	66
8091400000000 8091500000000 	74000129032 204582755621 740927 	73999388105 740927 0 0 0 	20429760 740927 0 	331.802 	3 	66
8110600000000 8110700000000 	74200129032 205149433008 771313 	74199357719 771313 0 0 0 	21296513 771313 0 	332.103 	3 	66
8129800000000 8129900000000 	74400129032 205716163768 801575 	74399327457 801575 0 0 0 	22165927 801575 0 	332.403 	3 	66
8149000000000 8149100000048 	74600129128 206282876465 830860 	74599298268 830860 0 0 0 	23008215 830860 0 	332.698 	3 	66
8168200000000 8168300000048 	74800129224 206849626964 859441 	74799269783 859441 0 0 0 	23824032 859441 0 	332.991 	3 	66
8187400000000 8187500000048 	75000129320 207416432142 887431 	74999241889 887431 0 0 0 	24632636 887431 0 	333.283 	3 	66
8206600000000 8206700000476 	75200130272 207983272258 914906 	75199215366 914906 0 0 0 	25431371 914906 0 	333.569 	3 	66
8225800000000 8225900000476 	75400131224 208550123288 941699 	75399189525 941699 0 0 0 	26206036 941699 0 	333.854 	3 	66
8245000000000 8245100000476 	75600132176 209116989023 968077 	75599164099 968077 0 0 0 	26953516 968077 0 	334.138 	3 	66
8264200000000 8264300000011 	75800132198 209683961692 993970 	75799138228 993970 0 0 0 	27698923 993970 0 	334.418 	3 	66
8283400000000 8283500000011 	76000132220 210250911259 1019626 	75999112594 1019626 0 0 0 	28435458 1019626 0 	334.696 	3 	66
8302600000000 8302700000011 	76200132242 210817914946 1044585 	76199087657 1044585 0 0 0 	29143616 1044585 0 	334.974 	3 	66
8321800000000 8321900000210 	76400132662 211385014218 1069260 	76399063402 1069260 0 0 0 	29858379 1069260 0 	335.245 	3 	66
8341000000000 8341100000210 	76600133082 211952113035 1093236 	76599039846 1093236 0 0 0 	30545685 1093236 0 	335.516 	3 	66
8360200000000 8360300000210 	76800133502 212519261826 1116696 	76799016806 1116696 0 0 0 	31217116 1116696 0 	335.785 	3 	66
8379400000000 8379500000381 	77000134264 213086474137 1139677 	76998994587 1139677 0 0 0 	31880381 1139677 0 	336.049 	3 	66
8398600000000 8398700000381 	77200135026 213653758627 1162105 	77198972921 1162105 0 0 0 	32522320 1162105 0 	336.311 	3 	66
8417800000000 8417900000200 	77400135426 214220862001 1162181 	77398973245 1162181 0 0 0 	32523900 1162181 0 	336.206 	3 	66
8437000000000 8437100000200 	77600135826 214788011787 1162274 	77598973552 1162274 0 0 0 	32526698 1162274 0 	336.101 	3 	66
8456200000000 8456300000200 	77800136226 215355203156 1162345 	77798973881 1162345 0 0 0 	32528565 1162345 0 	335.997 	3 	66
8475400000000 8475500000251 	78000136728 215922461039 1162402 	77998974326 1162402 0 0 0 	32530918 1162402 0 	335.891 	3 	66
8494600000000 8494700000251 	78200137230 216489713550 1162480 	78198974750 1162480 0 0 0 	32533034 1162480 0 	335.785 	3 	66
8513800000000 8513900000197 	78400137624 217057003997 1162563 	78398975061 1162563 0 0 0 	32535500 1162563 0 	335.673 	3 	66
8533000000000 8533100000197 	78600138018 217624319251 1162614 	78598975404 1162614 0 0 0 	32537026 1162614 0 	335.562 	3 	66
8552200000000 8552300000048 	78800138114 218191703546 1162683 	78798975431 1162683 0 0 0 	32538918 1162683 0 	335.448 	3 	66
8571400000000 8571500000048 	79000138210 218759151214 1162737 	78998975473 1162737 0 0 0 	32540543 1162737 0 	335.335 	3 	66
8590600000000 8590700000280 	79200138770 219326610429 1162799 	79198975971 1162799 0 0 0 	32542238 1162799 0 	335.219 	3 	66
8609800000000 8609900000280 	79400139330 219894167539 1162864 	79398976466 1162864 0 0 0 	32544219 1162864 0 	335.104 	3 	66
8629000000000 8629100000021 	79600139372 220461705749 1162927 	79598976445 1162927 0 0 0 	32546280 1162927 0 	334.983 	3 	66
8648200000000 8648300000021 	79800139414 221029293133 1162992 	79798976422 1162992 0 0 0 	32547954 1162992 0 	334.863 	3 	66
8667400000000 8667500000072 	80000139558 221596954792 1163059 	79998976499 1163059 0 0 0 	32549459 1163059 0 	334.74 	3 	66
8686600000000 8686700000072 	80200139702 222164700506 1163109 	80198976593 1163109 0 0 0 	32550836 1163109 0 	334.618 	3 	66
8705800000000 8705900000113 	80400139928 222732439204 1163168 	80398976760 1163168 0 0 0 	32552543 1163168 0 	334.493 	3 	66
8725000000000 8725100000113 	80600140154 223300202581 1163208 	80598976946 1163208 0 0 0 	32553585 1163208 0 	334.369 	3 	66
8744200000000 8744300000069 	80800140292 223868029753 1163249 	80798977043 1163249 0 0 0 	32554698 1163249 0 	334.239 	3 	66
8763400000000 8763500000069 	81000140430 224435923105 1163295 	80998977135 1163295 0 0 0 	32555725 1163295 0 	334.11 	3 	66
8782600000000 8782700000224 	81200140878 225003863931 1163331 	81198977547 1163331 0 0 0 	32556513 1163331 0 	333.979 	3 	66
8801800000000 8801900000224 	81400141326 225571829657 1163381 	81398977945 1163381 0 0 0 	32558235 1163381 0 	333.848 	3 	66
8821000000000 8821100000271 	81600141868 226139887204 1163427 	81598978441 1163427 0 0 0 	32559391 1163427 0 	333.714 	3 	66
8840200000000 8840300000271 	81800142410 226707906371 1163467 	81798978943 1163467 0 0 0 	32560408 1163467 0 	333.581 	3 	66
8859400000000 8859500000186 	82000142782 227275955430 1163496 	81998979286 1163496 0 0 0 	32561096 1163496 0 	333.446 	3 	66
8878600000000 8878700000186 	82200143154 227844079039 1163531 	82198979623 1163531 0 0 0 	32562122 1163531 0 	333.311 	3 	66
8897800000000 8897900000092 	82400143338 228412250394 1163554 	82398979784 1163554 0 0 0 	32562719 1163554 0 	333.171 	3 	66
8917000000000 8917100000092 	82600143522 228980449999 1163587 	82598979935 1163587 0 0 0 	32563549 1163587 0 	333.031 	3 	66
8936200000000 8936300000031 	82800143584 229548634565 1163626 	82798979958 1163626 0 0 0 	32564452 1163626 0 	332.889 	3 	66
8955400000000 8955500000031 	83000143646 230116931518 1163655 	82998979991 1163655 0 0 0 	32565345 1163655 0 	332.748 	3 	66
8974600000000 8974700000020 	83200143686 230685210801 1163696 	83198979990 1163696 0 0 0 	32566504 1163696 0 	332.604 	3 	66
8993800000000 8993900000020 	83400143726 231253554834 1163732 	83398979994 1163732 0 0 0 	32567376 1163732 0 	332.461 	3 	66
9013000000000 9013100000032 	83600143790 231821959731 1163766 	83598980024 1163766 0 0 0 	32568301 1163766 0 	332.315 	3 	66
9032200000000 9032300000032 	83800143854 232390437664 1163805 	83798980049 1163805 0 0 0 	32569508 1163805 0 	332.171 	3 	66
9051400000000 9051500000040 	84000143934 232958886550 1163836 	83998980098 1163836 0 0 0 	32570370 1163836 0 	332.023 	3 	66
9070600000000 9070700000040 	84200144014 233527397361 1163854 	84198980160 1163854 0 0 0 	32570893 1163854 0 	331.877 	3 	66
9089800000000 9089900000214 	84400144442 234095892437 1163874 	84398980568 1163874 0 0 0 	32571339 1163874 0 	331.725 	3 	66
9109000000000 9109100000214 	84600144870 234664483453 1163901 	84598980969 1163901 0 0 0 	32572062 1163901 0 	331.573 	3 	66
9128200000000 9128300000047 	84800144964 235233186291 1163930 	84798981034 1163930 0 0 0 	32572829 1163930 0 	331.419 	3 	66
9147400000000 9147500000047 	85000145058 235801859419 1163948 	84998981110 1163948 0 0 0 	32573476 1163948 0 	331.266 	3 	66
9166600000000 9166700000044 	85200145146 236370587645 1163969 	85198981177 1163969 0 0 0 	32574026 1163969 0 	331.11 	3 	66
9185800000000 9185900000044 	85400145234 236939355070 1163995 	85398981239 1163995 0 0 0 	32574642 1163995 0 	330.956 	3 	66
9205000000000 9205100000175 	85600145584 237508196675 1164011 	85598981573 1164011 0 0 0 	32575175 1164011 0 	330.798 	3 	66
9224200000000 9224300000175 	85800145934 238076979645 1164031 	85798981903 1164031 0 0 0 	32575768 1164031 0 	330.642 	3 	66
9243400000000 9243500000136 	86000146206 238645776933 1164048 	85998982158 1164048 0 0 0 	32576215 1164048 0 	330.483 	3 	66
9262600000000 9262700000136 	86200146478 239214688446 1164070 	86198982408 1164070 0 0 0 	32576839 1164070 0 	330.325 	3 	66
9281800000000 9281900000173 	86400146824 239783652030 1164083 	86398982741 1164083 0 0 0 	32577281 1164083 0 	330.165 	3 	66
9301000000000 9301100000173 	86600147170 240352603134 1164099 	86598983071 1164099 0 0 0 	32577661 1164099 0 	330.005 	3 	66
9320200000000 9320300000084 	86800147338 240921630343 1164110 	86798983228 1164110 0 0 0 	32577901 1164110 0 	329.839 	3 	66
9339400000000 9339500000084 	87000147506 241490686491 1164128 	86998983378 1164128 0 0 0 	32578467 1164128 0 	329.675 	3 	66
9358600000000 9358700000170 	87200147846 242059796844 1164150 	87198983696 1164150 0 0 0 	32579186 1164150 0 	329.508 	3 	66
9377800000000 9377900000170 	87400148186 242628932037 1164171 	87398984015 1164171 0 0 0 	32579788 1164171 0 	329.342 	3 	66
9397000000000 9397100000212 	87600148610 243198186456 1164187 	87598984423 1164187 0 0 0 	32580199 1164187 0 	329.173 	3 	66
9416200000000 9416300000212 	87800149034 243767472345 1164198 	87798984836 1164198 0 0 0 	32580531 1164198 0 	329.006 	3 	66
9435400000000 9435500000180 	88000149394 244336738398 1164210 	87998985184 1164210 0 0 0 	32580776 1164210 0 	328.835 	3 	66
9454600000000 9454700000180 	88200149754 244906006105 1164222 	88198985532 1164222 0 0 0 	32581001 1164222 0 	328.666 	3 	66
9473800000000 9473900000044 	88400149842 245475385029 1164237 	88398985605 1164237 0 0 0 	32581304 1164237 0 	328.495 	3 	66
9493000000000 9493100000044 	88600149930 246044761819 1164251 	88598985679 1164251 0 0 0 	32581586 1164251 0 	328.324 	3 	66
9512200000000 9512300000040 	88800150010 246614240649 1164264 	88798985746 1164264 0 0 0 	32581958 1164264 0 	328.151 	3 	66
9531400000000 9531500000040 	89000150090 247183721443 1164273 	88998985817 1164273 0 0 0 	32582137 1164273 0 	327.979 	3 	66
9550600000000 9550700000135 	89200150360 247753185472 1164282 	89198986078 1164282 0 0 0 	32582472 1164282 0 	327.804 	3 	66
9569800000000 9569900000135 	89400150630 248322679289 1164293 	89398986337 1164293 0 0 0 	32582830 1164293 0 	327.63 	3 	66
9589000000000 9589100000032 	89600150694 248892233999 1164307 	89598986387 1164307 0 0 0 	32583185 1164307 0 	327.454 	3 	66
9608200000000 9608300000032 	89800150758 249461885919 1164311 	89798986447 1164311 0 0 0 	32583304 1164311 0 	327.279 	3 	66
9627400000000 9627500000227 	90000151212 250031512426 1164324 	89998986888 1164324 0 0 0 	32583775 1164324 0 	327.101 	3 	66
9646600000000 9646700000227 	90200151666 250601227912 1164334 	90198987332 1164334 0 0 0 	32584004 1164334 0 	326.924 	3 	66
9665800000000 9665900000160 	90400151986 251170974581 1164343 	90398987643 1164343 0 0 0 	32584237 1164343 0 	326.745 	3 	66
9685000000000 9685100000160 	90600152306 251740756875 1164351 	90598987955 1164351 0 0 0 	32584490 1164351 0 	326.567 	3 	66
9704200000000 9704300000062 	90800152430 252310588280 1164365 	90798988065 1164365 0 0 0 	32585122 1164365 0 	326.387 	3 	66
9723400000000 9723500000062 	91000152554 252880445479 1164373 	90998988181 1164373 0 0 0 	32585346 1164373 0 	326.207 	3 	66
9742600000000 9742700000160 	91200152874 253450334901 1164383 	91198988491 1164383 0 0 0 	32585585 1164383 0 	326.025 	3 	66
9761800000000 9761900000160 	91400153194 254020200596 1164390 	91398988804 1164390 0 0 0 	32585703 1164390 0 	325.844 	3 	66
9781000000000 9781100000159 	91600153512 254590148281 1164393 	91598989119 1164393 0 0 0 	32585784 1164393 0 	325.66 	3 	66
9800200000000 9800300000159 	91800153830 255160112324 1164394 	91798989436 1164394 0 0 0 	32585786 1164394 0 	325.478 	3 	66
9819400000000 9819500000026 	92000153882 255730166989 1164399 	91998989483 1164399 0 0 0 	32585934 1164399 0 	325.293 	3 	66
9838600000000 9838700000026 	92200153934 256300249806 1164409 	92198989525 1164409 0 0 0 	32586357 1164409 0 	325.109 	3 	66
9857800000000 9857900000242 	92400154418 256870389031 1164419 	92398989999 1164419 0 0 0 	32586636 1164419 0 	324.923 	3 	66
9877000000000 9877100000242 	92600154902 257440505143 1164426 	92598990476 1164426 0 0 0 	32586743 1164426 0 	324.737 	3 	66
9896200000000 9896300000000 	92800154902 258010718257 1164438 	92798990464 1164438 0 0 0 	32587028 1164438 0 	324.549 	3 	66
9915400000000 9915500000000 	93000154902 258580960550 1164443 	92998990459 1164443 0 0 0 	32587085 1164443 0 	324.363 	3 	66
9934600000000 9934700000035 	93200154972 259151242850 1164454 	93198990518 1164454 0 0 0 	32587357 1164454 0 	324.173 	3 	66
9953800000000 9953900000035 	93400155042 259721535789 1164462 	93398990580 1164462 0 0 0 	32587525 1164462 0 	323.985 	3 	66
9973000000000 9973100000054 	93600155150 260291822208 1164470 	93598990680 1164470 0 0 0 	32587884 1164470 0 	323.795 	3 	66
9992200000000 9992300000054 	93800155258 260862146225 1164476 	93798990782 1164476 0 0 0 	32587991 1164476 0 	323.605 	3 	66
