1006800000000 1006900000032 	200000064 526634780 3 	200000061 3 0 0 0 	125 3 0 	264 	3 	68
1026000000000 1026100000159 	400000382 1053646709 4 	400000378 4 0 0 0 	141 4 0 	261.476 	3 	68
1045200000000 1045300000035 	600000452 1581012448 5 	600000447 5 0 0 0 	144 5 0 	259.281 	3 	68
1064400000000 1064500000000 	800000452 2108809972 14497 	799985955 14497 0 0 0 	382647 14497 0 	294.758 	3 	68
1083600000000 1083700000011 	1000000474 2636910443 27134 	999973340 27134 0 0 0 	720257 27134 0 	320.196 	3 	68
1102800000000 1102900000381 	1200001236 3165374125 37932 	1199963304 37932 0 0 0 	1004412 37932 0 	339.09 	3 	68
1122000000000 1122100000254 	1400001744 3694127372 47034 	1399954710 47034 0 0 0 	1246194 47034 0 	353.461 	3 	68
1141200000000 1141300000113 	1600001970 4223189985 47052 	1599954918 47052 0 0 0 	1246589 47052 0 	344.226 	3 	68
1160400000000 1160500000186 	1800002342 4752542969 47067 	1799955275 47067 0 0 0 	1247089 47067 0 	336.611 	3 	68
1179600000000 1179700000032 	2000002406 5282202842 47076 	1999955330 47076 0 0 0 	1247275 47076 0 	330.079 	3 	68
1198800000000 1198900000047 	2200002500 5812140575 47081 	2199955419 47081 0 0 0 	1247320 47081 0 	324.427 	3 	68
1218000000000 1218100000173 	2400002846 6342374381 47084 	2399955762 47084 0 0 0 	1247366 47084 0 	319.413 	3 	68
1237200000000 1237300000180 	2600003206 6872909062 47086 	2599956120 47086 0 0 0 	1247460 47086 0 	314.768 	3 	68
1256400000000 1256500000032 	2800003270 7403737999 47087 	2799956183 47087 0 0 0 	1247472 47087 0 	310.503 	3 	68
1275600000000 1275700000062 	3000003394 7934890482 47089 	2999956305 47089 0 0 0 	1247516 47089 0 	306.626 	3 	68
1294800000000 1294900000242 	3200003878 8466333376 47089 	3199956789 47089 0 0 0 	1247516 47089 0 	302.97 	3 	68
1314000000000 1314100000152 	3400004182 8998148618 65217 	3399938965 65217 0 0 0 	1743668 65217 0 	310.249 	3 	68
1333200000000 1333300000048 	3600004278 9530297539 81131 	3599923147 81131 0 0 0 	2172363 81131 0 	316.841 	3 	68
1352400000000 1352500000137 	3800004552 10062661504 95226 	3799909326 95226 0 0 0 	2549870 95226 0 	322.845 	3 	68
1371600000000 1371700000210 	4000004972 10595268714 107459 	3999897513 107459 0 0 0 	2880727 107459 0 	328.334 	3 	68
1390800000000 1390900000468 	4200005908 11128141097 118352 	4199887556 118352 0 0 0 	3177246 118352 0 	333.303 	3 	68
1410000000000 1410100000365 	4400006638 11661240250 127844 	4399878794 127844 0 0 0 	3431516 127844 0 	337.792 	3 	68
1429200000000 1429300000352 	4600007342 12194579438 136088 	4599871254 136088 0 0 0 	3653792 136088 0 	341.835 	3 	68
1448400000000 1448500000178 	4800007698 12728222600 143422 	4799864276 143422 0 0 0 	3848631 143422 0 	345.486 	3 	68
1467600000000 1467700000230 	5000008158 13262083804 149787 	4999858371 149787 0 0 0 	4017445 149787 0 	348.75 	3 	68
1486800000000 1486900000400 	5200008958 13796196562 155381 	5199853577 155381 0 0 0 	4171680 155381 0 	351.675 	3 	68
1506000000000 1506100000249 	5400009456 14330541138 160146 	5399849310 160146 0 0 0 	4300171 160146 0 	354.285 	3 	68
1525200000000 1525300000088 	5600009632 14865084795 164308 	5599845324 164308 0 0 0 	4410592 164308 0 	356.673 	3 	68
1544400000000 1544500000189 	5800010010 15399958636 168023 	5799841987 168023 0 0 0 	4513129 168023 0 	358.806 	3 	68
1563600000000 1563700000375 	6000010760 15934999332 171333 	5999839427 171333 0 0 0 	4599790 171333 0 	360.679 	3 	68
1582800000000 1582900000160 	6200011080 16470216709 171339 	6199839741 171339 0 0 0 	4599947 171339 0 	356.349 	3 	68
1602000000000 1602100000159 	6400011398 17005663299 171340 	6399840058 171340 0 0 0 	4599965 171340 0 	352.212 	3 	68
1621200000000 1621300000000 	6600011398 17541358034 171342 	6599840056 171342 0 0 0 	4600028 171342 0 	348.246 	3 	68
1640400000000 1640500000152 	6800011702 18077479863 191483 	6799820219 191483 0 0 0 	5148280 191483 0 	351.441 	3 	68
1659600000000 1659700000000 	7000011702 18613793646 209192 	6999802510 209192 0 0 0 	5629216 209192 0 	354.45 	3 	68
1678800000000 1678900000476 	7200012654 19150290178 225326 	7199787328 225326 0 0 0 	6065695 225326 0 	357.224 	3 	68
1698000000000 1698100000011 	7400012676 19687004661 239826 	7399772850 239826 0 0 0 	6456012 239826 0 	359.845 	3 	68
1717200000000 1717300000381 	7600013438 20223876382 253041 	7599760397 253041 0 0 0 	6807832 253041 0 	362.246 	3 	68
1736400000000 1736500000468 	7800014374 20761009727 264856 	7799749518 264856 0 0 0 	7128845 264856 0 	364.509 	3 	68
1755600000000 1755700000365 	8000015104 21298341157 275465 	7999739639 275465 0 0 0 	7415130 275465 0 	366.581 	3 	68
1774800000000 1774900000368 	8200015840 21835905377 284988 	8199730852 284988 0 0 0 	7674318 284988 0 	368.529 	3 	68
1794000000000 1794100000120 	8400016080 22373578341 293682 	8399722398 293682 0 0 0 	7909440 293682 0 	370.298 	3 	68
1813200000000 1813300000178 	8600016436 22911411953 301498 	8599714938 301498 0 0 0 	8119667 301498 0 	371.954 	3 	68
1832400000000 1832500000230 	8800016896 23449467411 308496 	8799708400 308496 0 0 0 	8308085 308496 0 	373.442 	3 	68
1851600000000 1851700000320 	9000017536 23987763388 314680 	8999702856 314680 0 0 0 	8478482 314680 0 	374.828 	3 	68
1870800000000 1870900000290 	9200018116 24526256241 320321 	9199697795 320321 0 0 0 	8631540 320321 0 	376.07 	3 	68
1890000000000 1890100000249 	9400018614 25064914431 325346 	9399693268 325346 0 0 0 	8771385 325346 0 	377.221 	3 	68
1909200000000 1909300000110 	9600018834 25603735652 329932 	9599688902 329932 0 0 0 	8894994 329932 0 	378.252 	3 	68
1928400000000 1928500000189 	9800019212 26142758670 334008 	9799685204 334008 0 0 0 	9005811 334008 0 	379.199 	3 	68
1947600000000 1947700000375 	10000019962 26681950339 337631 	9999682331 337631 0 0 0 	9104681 337631 0 	380.018 	3 	68
1966800000000 1966900000074 	10200020110 27221324126 340924 	10199679186 340924 0 0 0 	9194926 340924 0 	380.761 	3 	68
1986000000000 1986100000353 	10400020816 27760917690 343982 	10399676834 343982 0 0 0 	9274948 343982 0 	381.398 	3 	68
2005200000000 2005300000044 	10600020904 28300653702 346654 	10599674250 346654 0 0 0 	9346899 346654 0 	381.966 	3 	68
2024400000000 2024500000091 	10800021086 28840613433 349098 	10799671988 349098 0 0 0 	9415379 349098 0 	382.434 	3 	68
2043600000000 2043700000307 	11000021700 29380723421 351380 	10999670320 351380 0 0 0 	9479399 351380 0 	382.854 	3 	68
2062800000000 2062900000314 	11200022328 29921001922 353291 	11199669037 353291 0 0 0 	9531930 353291 0 	383.18 	3 	68
2082000000000 2082100000173 	11400022674 30461476781 355053 	11399667621 355053 0 0 0 	9580929 355053 0 	383.446 	3 	68
2101200000000 2101300000352 	11600023378 31002087003 356665 	11599666713 356665 0 0 0 	9625580 356665 0 	383.624 	3 	68
2120400000000 2120500000376 	11800024130 31542934231 358126 	11799666004 358126 0 0 0 	9665800 358126 0 	383.763 	3 	68
2139600000000 2139700000026 	12000024182 32083926415 359383 	11999664799 359383 0 0 0 	9699953 359383 0 	383.816 	3 	68
2158800000000 2158900000285 	12200024752 32625114078 360554 	12199664198 360554 0 0 0 	9732679 360554 0 	383.835 	3 	68
2178000000000 2178100000308 	12400025368 33166461101 361603 	12399663765 361603 0 0 0 	9761485 361603 0 	383.789 	3 	68
2197200000000 2197300000278 	12600025924 33707947324 362534 	12599663390 362534 0 0 0 	9786920 362534 0 	383.696 	3 	68
2216400000000 2216500000368 	12800026660 34249675767 373191 	12799653469 373191 0 0 0 	10079951 373191 0 	384.779 	3 	68
2235600000000 2235700000352 	13000027364 34791572001 382791 	12999644573 382791 0 0 0 	10344763 382791 0 	385.792 	3 	68
2254800000000 2254900000120 	13200027604 35333677616 391527 	13199636077 391527 0 0 0 	10586834 391527 0 	386.748 	3 	68
2274000000000 2274100000355 	13400028314 35875906493 399617 	13399628697 399617 0 0 0 	10807099 399617 0 	387.616 	3 	68
2293200000000 2293300000230 	13600028774 36418280519 407033 	13599621741 407033 0 0 0 	11009235 407033 0 	388.419 	3 	68
2312400000000 2312500000320 	13800029414 36960838853 414020 	13799615394 414020 0 0 0 	11199909 414020 0 	389.169 	3 	68
2331600000000 2331700000400 	14000030214 37503480780 420436 	13999609778 420436 0 0 0 	11378479 420436 0 	389.868 	3 	68
2350800000000 2350900000290 	14200030794 38046305973 426288 	14199604506 426288 0 0 0 	11539393 426288 0 	390.517 	3 	68
2370000000000 2370100000088 	14400030970 38589277527 431658 	14399599312 431658 0 0 0 	11688266 431658 0 	391.083 	3 	68
2389200000000 2389300000110 	14600031190 39132382941 436598 	14599594592 436598 0 0 0 	11822202 436598 0 	391.614 	3 	68
2408400000000 2408500000189 	14800031568 39675656857 441118 	14799590450 441118 0 0 0 	11945941 441118 0 	392.098 	3 	68
2427600000000 2427700000060 	15000031688 40219124664 445333 	14999586355 445333 0 0 0 	12062259 445333 0 	392.537 	3 	68
2446800000000 2446900000102 	15200031892 40762698922 449233 	15199582659 449233 0 0 0 	12171943 449233 0 	392.911 	3 	68
2466000000000 2466100000320 	15400032532 41306467975 452839 	15399579693 452839 0 0 0 	12271283 452839 0 	393.24 	3 	68
2485200000000 2485300000353 	15600033238 41850359713 456129 	15599577109 456129 0 0 0 	12357933 456129 0 	393.528 	3 	68
2504400000000 2504500000044 	15800033326 42394367044 459071 	15799574255 459071 0 0 0 	12439933 459071 0 	393.774 	3 	68
2523600000000 2523700000228 	16000033782 42938534665 461817 	15999571965 461817 0 0 0 	12516490 461817 0 	393.992 	3 	68
2542800000000 2542900000307 	16200034396 43482776122 464406 	16199569990 464406 0 0 0 	12588005 464406 0 	394.147 	3 	68
2562000000000 2562100000100 	16400034596 44027183748 466734 	16399567862 466734 0 0 0 	12651776 466734 0 	394.265 	3 	68
2581200000000 2581300000314 	16600035224 44571739943 468897 	16599566327 468897 0 0 0 	12712878 468897 0 	394.356 	3 	68
2600400000000 2600500000173 	16800035570 45116484024 470868 	16799564702 470868 0 0 0 	12769301 470868 0 	394.411 	3 	68
2619600000000 2619700000330 	17000036230 45661338602 472685 	16999563545 472685 0 0 0 	12817816 472685 0 	394.441 	3 	68
2638800000000 2638900000376 	17200036982 46206358340 474354 	17199562628 474354 0 0 0 	12863451 474354 0 	394.412 	3 	68
2658000000000 2658100000290 	17400037562 46751540656 475935 	17399561627 475935 0 0 0 	12909329 475935 0 	394.361 	3 	68
2677200000000 2677300000026 	17600037614 47296846406 477338 	17599560276 477338 0 0 0 	12947996 477338 0 	394.276 	3 	68
2696400000000 2696500000285 	17800038184 47842211852 478657 	17799559527 478657 0 0 0 	12982913 478657 0 	394.169 	3 	68
2715600000000 2715700000151 	18000038486 48387770300 479837 	17999558649 479837 0 0 0 	13015249 479837 0 	394.042 	3 	68
2734800000000 2734900000278 	18200039042 48933422662 480954 	18199558088 480954 0 0 0 	13044309 480954 0 	393.858 	3 	68
2754000000000 2754100000208 	18400039458 49479287522 481990 	18399557468 481990 0 0 0 	13073618 481990 0 	393.655 	3 	68
2773200000000 2773300000120 	18600039698 50025249564 482892 	18599556806 482892 0 0 0 	13097738 482892 0 	393.432 	3 	68
2792400000000 2792500000296 	18800040290 50571318639 483790 	18799556500 483790 0 0 0 	13121318 483790 0 	393.191 	3 	68
2811600000000 2811700000270 	19000040830 51117516350 484622 	18999556208 484622 0 0 0 	13144446 484622 0 	392.932 	3 	68
2830800000000 2830900000350 	19200041530 51663838276 485385 	19199556145 485385 0 0 0 	13165234 485385 0 	392.631 	3 	68
2850000000000 2850100000264 	19400042058 52210293271 486047 	19399556011 486047 0 0 0 	13184611 486047 0 	392.313 	3 	68
2869200000000 2869300000328 	19600042714 52756895413 486644 	19599556070 486644 0 0 0 	13200845 486644 0 	391.978 	3 	68
2888400000000 2888500000080 	19800042874 53303590494 487178 	19799555696 487178 0 0 0 	13216088 487178 0 	391.627 	3 	68
2907600000000 2907700000200 	20000043274 53850502504 487702 	19999555572 487702 0 0 0 	13229814 487702 0 	391.236 	3 	68
2926800000000 2926900000044 	20200043362 54397488950 488159 	20199555203 488159 0 0 0 	13242216 488159 0 	390.829 	3 	68
2946000000000 2946100000032 	20400043426 54944514354 488574 	20399554852 488574 0 0 0 	13253196 488574 0 	390.407 	3 	68
2965200000000 2965300000250 	20600043926 55491739217 488963 	20599554963 488963 0 0 0 	13263543 488963 0 	389.97 	3 	68
2984400000000 2984500000236 	20800044398 56039124151 489337 	20799555061 489337 0 0 0 	13274443 489337 0 	389.518 	3 	68
3003600000000 3003700000112 	21000044622 56586540460 489686 	20999554936 489686 0 0 0 	13283941 489686 0 	389.028 	3 	68
3022800000000 3022900000278 	21200045178 57134116925 489992 	21199555186 489992 0 0 0 	13292297 489992 0 	388.536 	3 	68
3042000000000 3042100000296 	21400045770 57681866235 490269 	21399555501 490269 0 0 0 	13300199 490269 0 	388.031 	3 	68
3061200000000 3061300000254 	21600046278 58229677522 490518 	21599555760 490518 0 0 0 	13307560 490518 0 	387.512 	3 	68
3080400000000 3080500000032 	21800046342 58777616984 490764 	21799555578 490764 0 0 0 	13314040 490764 0 	386.98 	3 	68
3099600000000 3099700000353 	22000047048 59325732278 494434 	21999552614 494434 0 0 0 	13413651 494434 0 	387.233 	3 	68
3118800000000 3118900000044 	22200047136 59873924453 497911 	22199549225 497911 0 0 0 	13509531 497911 0 	387.459 	3 	68
3138000000000 3138100000228 	22400047592 60422214957 501067 	22399546525 501067 0 0 0 	13595768 501067 0 	387.665 	3 	68
3157200000000 3157300000228 	22600048048 60970617590 504087 	22599543961 504087 0 0 0 	13678356 504087 0 	387.868 	3 	68
3176400000000 3176500000091 	22800048230 61519226305 507031 	22799541199 507031 0 0 0 	13760309 507031 0 	388.044 	3 	68
3195600000000 3195700000307 	23000048844 62067850221 509756 	22999539088 509756 0 0 0 	13835881 509756 0 	388.201 	3 	68
3214800000000 3214900000100 	23200049044 62616603434 512222 	23199536822 512222 0 0 0 	13904781 512222 0 	388.332 	3 	68
3234000000000 3234100000314 	23400049672 63165514684 514638 	23399535034 514638 0 0 0 	13969126 514638 0 	388.445 	3 	68
3253200000000 3253300000173 	23600050018 63714503724 516884 	23599533134 516884 0 0 0 	14031848 516884 0 	388.532 	3 	68
3272400000000 3272500000330 	23800050678 64263608962 518950 	23799531728 518950 0 0 0 	14090084 518950 0 	388.601 	3 	68
3291600000000 3291700000352 	24000051382 64812819311 520952 	23999530430 520952 0 0 0 	14145153 520952 0 	388.646 	3 	68
3310800000000 3310900000376 	24200052134 65362105209 522802 	24199529332 522802 0 0 0 	14197970 522802 0 	388.673 	3 	68
3330000000000 3330100000290 	24400052714 65911545527 524498 	24399528216 524498 0 0 0 	14247121 524498 0 	388.684 	3 	68
3349200000000 3349300000026 	24600052766 66461031583 526037 	24599526729 526037 0 0 0 	14289370 526037 0 	388.67 	3 	68
3368400000000 3368500000285 	24800053336 67010716467 527531 	24799525805 527531 0 0 0 	14331670 527531 0 	388.64 	3 	68
3387600000000 3387700000151 	25000053638 67560536234 528881 	24999524757 528881 0 0 0 	14369455 528881 0 	388.595 	3 	68
3406800000000 3406900000308 	25200054254 68110473095 530129 	25199524125 530129 0 0 0 	14403497 530129 0 	388.533 	3 	68
3426000000000 3426100000278 	25400054810 68660487248 531355 	25399523455 531355 0 0 0 	14437975 531355 0 	388.448 	3 	68
3445200000000 3445300000208 	25600055226 69210608935 532463 	25599522763 532463 0 0 0 	14467447 532463 0 	388.347 	3 	68
3464400000000 3464500000120 	25800055466 69760764450 533499 	25799521967 533499 0 0 0 	14496783 533499 0 	388.232 	3 	68
3483600000000 3483700000296 	26000056058 70311071915 534483 	25999521575 534483 0 0 0 	14523793 534483 0 	388.102 	3 	68
3502800000000 3502900000270 	26200056598 70861480864 535415 	26199521183 535415 0 0 0 	14550872 535415 0 	387.957 	3 	68
3522000000000 3522100000320 	26400057238 71411972587 536302 	26399520936 536302 0 0 0 	14575166 536302 0 	387.798 	3 	68
3541200000000 3541300000350 	26600057938 71962588707 537116 	26599520822 537116 0 0 0 	14598420 537116 0 	387.624 	3 	68
3560400000000 3560500000264 	26800058466 72513270157 537871 	26799520595 537871 0 0 0 	14620340 537871 0 	387.436 	3 	68
3579600000000 3579700000328 	27000059122 73064023102 538622 	26999520500 538622 0 0 0 	14643367 538622 0 	387.235 	3 	68
3598800000000 3598900000080 	27200059282 73614892297 539300 	27199519982 539300 0 0 0 	14661074 539300 0 	387.019 	3 	68
3618000000000 3618100000140 	27400059562 74165897305 539914 	27399519648 539914 0 0 0 	14678940 539914 0 	386.791 	3 	68
3637200000000 3637300000044 	27600059650 74717029714 540507 	27599519143 540507 0 0 0 	14695075 540507 0 	386.548 	3 	68
3656400000000 3656500000044 	27800059738 75268240980 541098 	27799518640 541098 0 0 0 	14710836 541098 0 	386.293 	3 	68
3675600000000 3675700000032 	28000059802 75819629145 541613 	27999518189 541613 0 0 0 	14724707 541613 0 	386.024 	3 	68
3694800000000 3694900000250 	28200060302 76371006383 542093 	28199518209 542093 0 0 0 	14738577 542093 0 	385.743 	3 	68
3714000000000 3714100000236 	28400060774 76922502542 542515 	28399518259 542515 0 0 0 	14749968 542515 0 	385.448 	3 	68
3733200000000 3733300000236 	28600061246 77474115939 542941 	28599518305 542941 0 0 0 	14762202 542941 0 	385.158 	3 	68
3752400000000 3752500000228 	28800061702 78025770295 543340 	28799518362 543340 0 0 0 	14774356 543340 0 	384.856 	3 	68
3771600000000 3771700000112 	29000061926 78577605739 543710 	28999518216 543710 0 0 0 	14784832 543710 0 	384.541 	3 	68
3790800000000 3790900000278 	29200062482 79129531568 544076 	29199518406 544076 0 0 0 	14794592 544076 0 	384.222 	3 	68
3810000000000 3810100000296 	29400063074 79681525390 544393 	29399518681 544393 0 0 0 	14803366 544393 0 	383.891 	3 	68
3829200000000 3829300000254 	29600063582 80233633637 544687 	29599518895 544687 0 0 0 	14812014 544687 0 	383.548 	3 	68
3848400000000 3848500000032 	29800063646 80785773450 544980 	29799518666 544980 0 0 0 	14820053 544980 0 	383.193 	3 	68
3867600000000 3867700000320 	30000064286 81337986287 545227 	29999519059 545227 0 0 0 	14827985 545227 0 	382.834 	3 	68
3886800000000 3886900000268 	30200064822 81890435059 545491 	30199519331 545491 0 0 0 	14835963 545491 0 	382.464 	3 	68
3906000000000 3906100000060 	30400064942 82442910052 545733 	30399519209 545733 0 0 0 	14842595 545733 0 	382.082 	3 	68
3925200000000 3925300000230 	30600065402 82995478004 545918 	30599519484 545918 0 0 0 	14847705 545918 0 	381.688 	3 	68
3944400000000 3944500000208 	30800065818 83548126295 546123 	30799519695 546123 0 0 0 	14852952 546123 0 	381.292 	3 	68
3963600000000 3963700000197 	31000066212 84100877881 546303 	30999519909 546303 0 0 0 	14857686 546303 0 	380.884 	3 	68
3982800000000 3982900000174 	31200066560 84653746403 546502 	31199520058 546502 0 0 0 	14863386 546502 0 	380.473 	3 	68
4002000000000 4002100000008 	31400066576 85206662220 546669 	31399519907 546669 0 0 0 	14868448 546669 0 	380.051 	3 	68
4021200000000 4021300000320 	31600067216 85759662242 546798 	31599520418 546798 0 0 0 	14871778 546798 0 	379.618 	3 	68
4040400000000 4040500000167 	31800067550 86312765806 546949 	31799520601 546949 0 0 0 	14875720 546949 0 	379.183 	3 	68
4059600000000 4059700000120 	32000067790 86865996924 547094 	31999520696 547094 0 0 0 	14879977 547094 0 	378.736 	3 	68
4078800000000 4078900000188 	32200068166 87419247098 547226 	32199520940 547226 0 0 0 	14883284 547226 0 	378.287 	3 	68
4098000000000 4098100000096 	32400068358 87972632386 547364 	32399520994 547364 0 0 0 	14887605 547364 0 	377.827 	3 	68
4117200000000 4117300000215 	32600068788 88526084470 547491 	32599521297 547491 0 0 0 	14890474 547491 0 	377.366 	3 	68
4136400000000 4136500000057 	32800068902 89079658372 547595 	32799521307 547595 0 0 0 	14893914 547595 0 	376.893 	3 	68
4155600000000 4155700000056 	33000069014 89633328980 547687 	32999521327 547687 0 0 0 	14896510 547687 0 	376.419 	3 	68
4174800000000 4174900000110 	33200069234 90187067881 547770 	33199521464 547770 0 0 0 	14899088 547770 0 	375.933 	3 	68
4194000000000 4194100000125 	33400069484 90740887196 547837 	33399521647 547837 0 0 0 	14900888 547837 0 	375.446 	3 	68
4213200000000 4213300000031 	33600069546 91294800574 547902 	33599521644 547902 0 0 0 	14902886 547902 0 	374.949 	3 	68
4232400000000 4232500000188 	33800069922 91848774726 547978 	33799521944 547978 0 0 0 	14905001 547978 0 	374.45 	3 	68
4251600000000 4251700000192 	34000070306 92402856037 548055 	33999522251 548055 0 0 0 	14907236 548055 0 	373.94 	3 	68
4270800000000 4270900000302 	34200070910 92957004985 548116 	34199522794 548116 0 0 0 	14908900 548116 0 	373.429 	3 	68
4290000000000 4290100000052 	34400071014 93511308593 548184 	34399522830 548184 0 0 0 	14910760 548184 0 	372.916 	3 	68
4309200000000 4309300000086 	34600071186 94065634560 549001 	34599522185 549001 0 0 0 	14933831 549001 0 	372.775 	3 	68
4328400000000 4328500000120 	34800071426 94620097248 550202 	34799521224 550202 0 0 0 	14967473 550202 0 	372.782 	3 	68
4347600000000 4347700000296 	35000072018 95174566728 551330 	34999520688 551330 0 0 0 	14998855 551330 0 	372.778 	3 	68
4366800000000 4366900000296 	35200072610 95729172721 552338 	35199520272 552338 0 0 0 	15027256 552338 0 	372.773 	3 	68
4386000000000 4386100000270 	35400073150 96283863863 553325 	35399519825 553325 0 0 0 	15053815 553325 0 	372.757 	3 	68
4405200000000 4405300000320 	35600073790 96838673738 554273 	35599519517 554273 0 0 0 	15080507 554273 0 	372.73 	3 	68
4424400000000 4424500000350 	35800074490 97393528782 555208 	35799519282 555208 0 0 0 	15105210 555208 0 	372.692 	3 	68
4443600000000 4443700000350 	36000075190 97948482764 556080 	35999519110 556080 0 0 0 	15129407 556080 0 	372.654 	3 	68
4462800000000 4462900000264 	36200075718 98503453888 556917 	36199518801 556917 0 0 0 	15152435 556917 0 	372.605 	3 	68
4482000000000 4482100000328 	36400076374 99058562674 557636 	36399518738 557636 0 0 0 	15171942 557636 0 	372.545 	3 	68
4501200000000 4501300000080 	36600076534 99613810607 558395 	36599518139 558395 0 0 0 	15194945 558395 0 	372.474 	3 	68
4520400000000 4520500000140 	36800076814 100169025738 559069 	36799517745 559069 0 0 0 	15213135 559069 0 	372.392 	3 	68
4539600000000 4539700000140 	37000077094 100724347379 559732 	36999517362 559732 0 0 0 	15230813 559732 0 	372.312 	3 	68
4558800000000 4558900000044 	37200077182 101279729221 560305 	37199516877 560305 0 0 0 	15246984 560305 0 	372.22 	3 	68
4578000000000 4578100000044 	37400077270 101835263771 560871 	37399516399 560871 0 0 0 	15262126 560871 0 	372.117 	3 	68
4597200000000 4597300000032 	37600077334 102390859350 561389 	37599515945 561389 0 0 0 	15277789 561389 0 	372.004 	3 	68
4616400000000 4616500000032 	37800077398 102946546652 561920 	37799515478 561920 0 0 0 	15293384 561920 0 	371.893 	3 	68
4635600000000 4635700000250 	38000077898 103502295404 562416 	37999515482 562416 0 0 0 	15306891 562416 0 	371.77 	3 	68
4654800000000 4654900000236 	38200078370 104058105433 562937 	38199515433 562937 0 0 0 	15320703 562937 0 	371.637 	3 	68
4674000000000 4674100000228 	38400078826 104613958650 563373 	38399515453 563373 0 0 0 	15333016 563373 0 	371.494 	3 	68
4693200000000 4693300000112 	38600079050 105169967669 563791 	38599515259 563791 0 0 0 	15344161 563791 0 	371.34 	3 	68
4712400000000 4712500000112 	38800079274 105725985710 564195 	38799515079 564195 0 0 0 	15355269 564195 0 	371.188 	3 	68
4731600000000 4731700000278 	39000079830 106282112475 564611 	38999515219 564611 0 0 0 	15366212 564611 0 	371.032 	3 	68
4750800000000 4750900000296 	39200080422 106838290846 565006 	39199515416 565006 0 0 0 	15377286 565006 0 	370.865 	3 	68
4770000000000 4770100000254 	39400080930 107394538198 565334 	39399515596 565334 0 0 0 	15386771 565334 0 	370.688 	3 	68
4789200000000 4789300000254 	39600081438 107950865104 565690 	39599515748 565690 0 0 0 	15396948 565690 0 	370.513 	3 	68
4808400000000 4808500000032 	39800081502 108507281579 565996 	39799515506 565996 0 0 0 	15405473 565996 0 	370.328 	3 	68
4827600000000 4827700000320 	40000082142 109063790274 566312 	39999515830 566312 0 0 0 	15414626 566312 0 	370.139 	3 	68
4846800000000 4846900000268 	40200082678 109620348001 566620 	40199516058 566620 0 0 0 	15423154 566620 0 	369.94 	3 	68
4866000000000 4866100000060 	40400082798 110177011688 566890 	40399515908 566890 0 0 0 	15430002 566890 0 	369.731 	3 	68
4885200000000 4885300000060 	40600082918 110733694695 567166 	40599515752 567166 0 0 0 	15438469 567166 0 	369.524 	3 	68
4904400000000 4904500000230 	40800083378 111290479863 567426 	40799515952 567426 0 0 0 	15444780 567426 0 	369.307 	3 	68
4923600000000 4923700000208 	41000083794 111847355788 567647 	40999516147 567647 0 0 0 	15451327 567647 0 	369.087 	3 	68
4942800000000 4942900000197 	41200084188 112404264275 567880 	41199516308 567880 0 0 0 	15458058 567880 0 	368.856 	3 	68
4962000000000 4962100000197 	41400084582 112961348848 568128 	41399516454 568128 0 0 0 	15464425 568128 0 	368.628 	3 	68
4981200000000 4981300000174 	41600084930 113518459924 568332 	41599516598 568332 0 0 0 	15470566 568332 0 	368.397 	3 	68
5000400000000 5000500000008 	41800084946 114075647424 568542 	41799516404 568542 0 0 0 	15476703 568542 0 	368.155 	3 	68
5019600000000 5019700000320 	42000085586 114632909887 568713 	41999516873 568713 0 0 0 	15481733 568713 0 	367.904 	3 	68
5038800000000 5038900000320 	42200086226 115190231005 568879 	42199517347 568879 0 0 0 	15486327 568879 0 	367.656 	3 	68
5058000000000 5058100000167 	42400086560 115747656578 569023 	42399517537 569023 0 0 0 	15490721 569023 0 	367.404 	3 	68
5077200000000 5077300000120 	42600086800 116305130468 569174 	42599517626 569174 0 0 0 	15495502 569174 0 	367.142 	3 	68
5096400000000 5096500000188 	42800087176 116862683750 569306 	42799517870 569306 0 0 0 	15499482 569306 0 	366.877 	3 	68
5115600000000 5115700000096 	43000087368 117420259746 569455 	42999517913 569455 0 0 0 	15503298 569455 0 	366.603 	3 	68
5134800000000 5134900000096 	43200087560 117977950624 569577 	43199517983 569577 0 0 0 	15506347 569577 0 	366.331 	3 	68
5154000000000 5154100000215 	43400087990 118535671660 569711 	43399518279 569711 0 0 0 	15510557 569711 0 	366.056 	3 	68
5173200000000 5173300000057 	43600088104 119093471478 569827 	43599518277 569827 0 0 0 	15513710 569827 0 	365.772 	3 	68
5192400000000 5192500000056 	43800088216 119651360951 569935 	43799518281 569935 0 0 0 	15517170 569935 0 	365.484 	3 	68
5211600000000 5211700000056 	44000088328 120209288388 570028 	43999518300 570028 0 0 0 	15520130 570028 0 	365.2 	3 	68
5230800000000 5230900000110 	44200088548 120767312987 570115 	44199518433 570115 0 0 0 	15522291 570115 0 	364.906 	3 	68
5250000000000 5250100000125 	44400088798 121325412230 570207 	44399518591 570207 0 0 0 	15524581 570207 0 	364.609 	3 	68
5269200000000 5269300000031 	44600088860 121883551860 570298 	44599518562 570298 0 0 0 	15526922 570298 0 	364.302 	3 	68
5288400000000 5288500000188 	44800089236 122441743193 570390 	44799518846 570390 0 0 0 	15529838 570390 0 	363.992 	3 	68
5307600000000 5307700000188 	45000089612 123000114470 570462 	44999519150 570462 0 0 0 	15532026 570462 0 	363.686 	3 	68
5326800000000 5326900000192 	45200089996 123558449799 570545 	45199519451 570545 0 0 0 	15534136 570545 0 	363.37 	3 	68
5346000000000 5346100000302 	45400090600 124116877233 570615 	45399519985 570615 0 0 0 	15536271 570615 0 	363.052 	3 	68
5365200000000 5365300000052 	45600090704 124675382578 570667 	45599520037 570667 0 0 0 	15537867 570667 0 	362.73 	3 	68
5384400000000 5384500000052 	45800090808 125233941368 570727 	45799520081 570727 0 0 0 	15539452 570727 0 	362.412 	3 	68
5403600000000 5403700000200 	46000091208 125792596741 570783 	45999520425 570783 0 0 0 	15541068 570783 0 	362.084 	3 	68
5422800000000 5422900000251 	46200091710 126351246534 570835 	46199520875 570835 0 0 0 	15542509 570835 0 	361.754 	3 	68
5442000000000 5442100000197 	46400092104 126909988568 570889 	46399521215 570889 0 0 0 	15543882 570889 0 	361.414 	3 	68
5461200000000 5461300000197 	46600092498 127468765161 570948 	46599521550 570948 0 0 0 	15545737 570948 0 	361.078 	3 	68
5480400000000 5480500000048 	46800092594 128027703280 571005 	46799521589 571005 0 0 0 	15547171 571005 0 	360.739 	3 	68
5499600000000 5499700000280 	47000093154 128586647430 571052 	46999522102 571052 0 0 0 	15548239 571052 0 	360.397 	3 	68
5518800000000 5518900000021 	47200093196 129145685627 571094 	47199522102 571094 0 0 0 	15549403 571094 0 	360.047 	3 	68
5538000000000 5538100000072 	47400093340 129704789105 571137 	47399522203 571137 0 0 0 	15550639 571137 0 	359.693 	3 	68
5557200000000 5557300000072 	47600093484 130263995265 571175 	47599522309 571175 0 0 0 	15551825 571175 0 	359.343 	3 	68
5576400000000 5576500000113 	47800093710 130823246609 571211 	47799522499 571211 0 0 0 	15552551 571211 0 	358.99 	3 	68
5595600000000 5595700000069 	48000093848 131382504467 571243 	47999522605 571243 0 0 0 	15553200 571243 0 	358.628 	3 	68
5614800000000 5614900000224 	48200094296 131941908722 571280 	48199523016 571280 0 0 0 	15554336 571280 0 	358.264 	3 	68
5634000000000 5634100000224 	48400094744 132501418936 571307 	48399523437 571307 0 0 0 	15555009 571307 0 	357.903 	3 	68
5653200000000 5653300000271 	48600095286 133060915561 571347 	48599523939 571347 0 0 0 	15556237 571347 0 	357.539 	3 	68
5672400000000 5672500000186 	48800095658 133620476432 571369 	48799524289 571369 0 0 0 	15556841 571369 0 	357.173 	3 	68
5691600000000 5691700000092 	49000095842 134180133167 571412 	48999524430 571412 0 0 0 	15558268 571412 0 	356.798 	3 	68
5710800000000 5710900000031 	49200095904 134739833313 571433 	49199524471 571433 0 0 0 	15558631 571433 0 	356.42 	3 	68
5730000000000 5730100000031 	49400095966 135299601165 571469 	49399524497 571469 0 0 0 	15559626 571469 0 	356.046 	3 	68
5749200000000 5749300000020 	49600096006 135859401378 571496 	49599524510 571496 0 0 0 	15560350 571496 0 	355.67 	3 	68
5768400000000 5768500000032 	49800096070 136419290402 571511 	49799524559 571511 0 0 0 	15560655 571511 0 	355.29 	3 	68
5787600000000 5787700000040 	50000096150 136979203125 571537 	49999524613 571537 0 0 0 	15561374 571537 0 	354.909 	3 	68
5806800000000 5806900000040 	50200096230 137539274373 571549 	50199524681 571549 0 0 0 	15561622 571549 0 	354.531 	3 	68
5826000000000 5826100000214 	50400096658 138099405747 571582 	50399525076 571582 0 0 0 	15562530 571582 0 	354.144 	3 	68
5845200000000 5845300000047 	50600096752 138659564917 571601 	50599525151 571601 0 0 0 	15562965 571601 0 	353.755 	3 	68
5864400000000 5864500000044 	50800096840 139219741978 571623 	50799525217 571623 0 0 0 	15563757 571623 0 	353.363 	3 	68
5883600000000 5883700000044 	51000096928 139780020910 571638 	50999525290 571638 0 0 0 	15564078 571638 0 	352.975 	3 	68
5902800000000 5902900000175 	51200097278 140340334515 571654 	51199525624 571654 0 0 0 	15564481 571654 0 	352.584 	3 	68
5922000000000 5922100000136 	51400097550 140900712900 571665 	51399525885 571665 0 0 0 	15564665 571665 0 	352.191 	3 	68
5941200000000 5941300000173 	51600097896 141461099272 571684 	51599526212 571684 0 0 0 	15565157 571684 0 	351.796 	3 	68
5960400000000 5960500000084 	51800098064 142021578283 571703 	51799526361 571703 0 0 0 	15565523 571703 0 	351.391 	3 	68
5979600000000 5979700000084 	52000098232 142582133472 571722 	51999526510 571722 0 0 0 	15565895 571722 0 	350.991 	3 	68
5998800000000 5998900000170 	52200098572 143142706975 571737 	52199526835 571737 0 0 0 	15566273 571737 0 	350.588 	3 	68
6018000000000 6018100000212 	52400098996 143703426338 571744 	52399527252 571744 0 0 0 	15566489 571744 0 	350.182 	3 	68
6037200000000 6037300000320 	52600099636 144264132611 572078 	52599527558 572078 0 0 0 	15576522 572078 0 	350.126 	3 	68
6056400000000 6056500000268 	52800100172 144824970204 572379 	52799527793 572379 0 0 0 	15584784 572379 0 	350.062 	3 	68
6075600000000 6075700000268 	53000100708 145385901318 572651 	52999528057 572651 0 0 0 	15593180 572651 0 	349.999 	3 	68
6094800000000 6094900000060 	53200100828 145946864953 572966 	53199527862 572966 0 0 0 	15602485 572966 0 	349.927 	3 	68
6114000000000 6114100000230 	53400101288 146507842995 573242 	53399528046 573242 0 0 0 	15610379 573242 0 	349.848 	3 	68
6133200000000 6133300000230 	53600101748 147068977236 573494 	53599528254 573494 0 0 0 	15617482 573494 0 	349.77 	3 	68
6152400000000 6152500000208 	53800102164 147630077910 573723 	53799528441 573723 0 0 0 	15623143 573723 0 	349.688 	3 	68
6171600000000 6171700000208 	54000102580 148191234937 573963 	53999528617 573963 0 0 0 	15630077 573963 0 	349.606 	3 	68
6190800000000 6190900000197 	54200102974 148752484615 574217 	54199528757 574217 0 0 0 	15637145 574217 0 	349.517 	3 	68
6210000000000 6210100000174 	54400103322 149313776352 574465 	54399528857 574465 0 0 0 	15644415 574465 0 	349.424 	3 	68
6229200000000 6229300000174 	54600103670 149875128998 574670 	54599529000 574670 0 0 0 	15650560 574670 0 	349.332 	3 	68
6248400000000 6248500000008 	54800103686 150436576435 574869 	54799528817 574869 0 0 0 	15655945 574869 0 	349.233 	3 	68
6267600000000 6267700000008 	55000103702 150998026828 575059 	54999528643 575059 0 0 0 	15661387 575059 0 	349.134 	3 	68
6286800000000 6286900000320 	55200104342 151559569547 575271 	55199529071 575271 0 0 0 	15667790 575271 0 	349.027 	3 	68
6306000000000 6306100000167 	55400104676 152121150301 575461 	55399529215 575461 0 0 0 	15673422 575461 0 	348.917 	3 	68
6325200000000 6325300000167 	55600105010 152682773710 575638 	55599529372 575638 0 0 0 	15678119 575638 0 	348.808 	3 	68
6344400000000 6344500000120 	55800105250 153244486993 575789 	55799529461 575789 0 0 0 	15682326 575789 0 	348.691 	3 	68
6363600000000 6363700000188 	56000105626 153806258506 575998 	55999529628 575998 0 0 0 	15688307 575998 0 	348.571 	3 	68
6382800000000 6382900000188 	56200106002 154368077329 576146 	56199529856 576146 0 0 0 	15692302 576146 0 	348.452 	3 	68
6402000000000 6402100000096 	56400106194 154929942994 576306 	56399529888 576306 0 0 0 	15696629 576306 0 	348.325 	3 	68
6421200000000 6421300000096 	56600106386 155491852788 576448 	56599529938 576448 0 0 0 	15700172 576448 0 	348.199 	3 	68
6440400000000 6440500000215 	56800106816 156053819079 576588 	56799530228 576588 0 0 0 	15703856 576588 0 	348.07 	3 	68
6459600000000 6459700000057 	57000106930 156615857880 576720 	56999530210 576720 0 0 0 	15707784 576720 0 	347.933 	3 	68
6478800000000 6478900000057 	57200107044 157177943478 576847 	57199530197 576847 0 0 0 	15711367 576847 0 	347.798 	3 	68
6498000000000 6498100000056 	57400107156 157740032298 576948 	57399530208 576948 0 0 0 	15714251 576948 0 	347.659 	3 	68
6517200000000 6517300000110 	57600107376 158302282085 577067 	57599530309 577067 0 0 0 	15718324 577067 0 	347.512 	3 	68
6536400000000 6536500000110 	57800107596 158864516832 577202 	57799530394 577202 0 0 0 	15722251 577202 0 	347.367 	3 	68
6555600000000 6555700000125 	58000107846 159426764904 577315 	57999530531 577315 0 0 0 	15725436 577315 0 	347.218 	3 	68
6574800000000 6574900000125 	58200108096 159989159623 577419 	58199530677 577419 0 0 0 	15728760 577419 0 	347.07 	3 	68
6594000000000 6594100000031 	58400108158 160551594774 577528 	58399530630 577528 0 0 0 	15731557 577528 0 	346.915 	3 	68
6613200000000 6613300000188 	58600108534 161114062616 577625 	58599530909 577625 0 0 0 	15734527 577625 0 	346.757 	3 	68
6632400000000 6632500000188 	58800108910 161676555731 577705 	58799531205 577705 0 0 0 	15736706 577705 0 	346.6 	3 	68
6651600000000 6651700000192 	59000109294 162239117636 577800 	58999531494 577800 0 0 0 	15739499 577800 0 	346.436 	3 	68
6670800000000 6670900000192 	59200109678 162801855720 577880 	59199531798 577880 0 0 0 	15741849 577880 0 	346.272 	3 	68
6690000000000 6690100000302 	59400110282 163364571391 577955 	59399532327 577955 0 0 0 	15744035 577955 0 	346.106 	3 	68
6709200000000 6709300000052 	59600110386 163927318741 578019 	59599532367 578019 0 0 0 	15746164 578019 0 	345.936 	3 	68
6728400000000 6728500000052 	59800110490 164490129655 578084 	59799532406 578084 0 0 0 	15747899 578084 0 	345.768 	3 	68
6747600000000 6747700000200 	60000110890 165052986625 578158 	59999532732 578158 0 0 0 	15749987 578158 0 	345.592 	3 	68
6766800000000 6766900000251 	60200111392 165615866642 578231 	60199533161 578231 0 0 0 	15752268 578231 0 	345.413 	3 	68
6786000000000 6786100000251 	60400111894 166178863849 578301 	60399533593 578301 0 0 0 	15754513 578301 0 	345.236 	3 	68
6805200000000 6805300000197 	60600112288 166741975605 578356 	60599533932 578356 0 0 0 	15755615 578356 0 	345.051 	3 	68
6824400000000 6824500000197 	60800112682 167305076647 578420 	60799534262 578420 0 0 0 	15757545 578420 0 	344.868 	3 	68
6843600000000 6843700000048 	61000112778 167868248526 578464 	60999534314 578464 0 0 0 	15758720 578464 0 	344.681 	3 	68
6862800000000 6862900000280 	61200113338 168431448513 578516 	61199534822 578516 0 0 0 	15760229 578516 0 	344.491 	3 	68
6882000000000 6882100000280 	61400113898 168994778540 578561 	61399535337 578561 0 0 0 	15761520 578561 0 	344.303 	3 	68
6901200000000 6901300000021 	61600113940 169558141434 578606 	61599535334 578606 0 0 0 	15762961 578606 0 	344.108 	3 	68
6920400000000 6920500000072 	61800114084 170121508250 578666 	61799535418 578666 0 0 0 	15764234 578666 0 	343.909 	3 	68
6939600000000 6939700000072 	62000114228 170684933306 578719 	61999535509 578719 0 0 0 	15765967 578719 0 	343.712 	3 	68
6958800000000 6958900000113 	62200114454 171248396289 578772 	62199535682 578772 0 0 0 	15767489 578772 0 	343.512 	3 	68
6978000000000 6978100000113 	62400114680 171811908935 578811 	62399535869 578811 0 0 0 	15768538 578811 0 	343.313 	3 	68
6997200000000 6997300000069 	62600114818 172375482577 578853 	62599535965 578853 0 0 0 	15769826 578853 0 	343.107 	3 	68
7016400000000 7016500000224 	62800115266 172939086628 578892 	62799536374 578892 0 0 0 	15770517 578892 0 	342.898 	3 	68
7035600000000 7035700000224 	63000115714 173502749616 578923 	62999536791 578923 0 0 0 	15771639 578923 0 	342.691 	3 	68
7054800000000 7054900000271 	63200116256 174066472412 578964 	63199537292 578964 0 0 0 	15772618 578964 0 	342.481 	3 	68
7074000000000 7074100000271 	63400116798 174630262162 578990 	63399537808 578990 0 0 0 	15773400 578990 0 	342.272 	3 	68
7093200000000 7093300000186 	63600117170 175194139474 579023 	63599538147 579023 0 0 0 	15774333 579023 0 	342.06 	3 	68
7112400000000 7112500000092 	63800117354 175758017835 579055 	63799538299 579055 0 0 0 	15775489 579055 0 	341.841 	3 	68
7131600000000 7131700000092 	64000117538 176321978768 579082 	63999538456 579082 0 0 0 	15776064 579082 0 	341.624 	3 	68
7150800000000 7150900000031 	64200117600 176885984968 579110 	64199538490 579110 0 0 0 	15776968 579110 0 	341.403 	3 	68
7170000000000 7170100000020 	64400117640 177449974608 579147 	64399538493 579147 0 0 0 	15778138 579147 0 	341.18 	3 	68
7189200000000 7189300000020 	64600117680 178014073384 579162 	64599538518 579162 0 0 0 	15778571 579162 0 	340.959 	3 	68
7208400000000 7208500000032 	64800117744 178578209260 579188 	64799538556 579188 0 0 0 	15779365 579188 0 	340.734 	3 	68
7227600000000 7227700000032 	65000117808 179142462089 579217 	64999538591 579217 0 0 0 	15780143 579217 0 	340.512 	3 	68
7246800000000 7246900000040 	65200117888 179706686677 579240 	65199538648 579240 0 0 0 	15780916 579240 0 	340.286 	3 	68
7266000000000 7266100000214 	65400118316 180271016901 579266 	65399539050 579266 0 0 0 	15781592 579266 0 	340.053 	3 	68
7285200000000 7285300000214 	65600118744 180835419957 579290 	65599539454 579290 0 0 0 	15782459 579290 0 	339.822 	3 	68
7304400000000 7304500000047 	65800118838 181399830079 579306 	65799539532 579306 0 0 0 	15782731 579306 0 	339.588 	3 	68
7323600000000 7323700000269 	66000119376 181964241725 579321 	65999540055 579321 0 0 0 	15783105 579321 0 	339.352 	3 	68
7342800000000 7342900000044 	66200119464 182528701849 579342 	66199540122 579342 0 0 0 	15783833 579342 0 	339.117 	3 	68
7362000000000 7362100000175 	66400119814 183093175787 579367 	66399540447 579367 0 0 0 	15784663 579367 0 	338.879 	3 	68
7381200000000 7381300000175 	66600120164 183657801394 579390 	66599540774 579390 0 0 0 	15785195 579390 0 	338.643 	3 	68
7400400000000 7400500000136 	66800120436 184222405470 579405 	66799541031 579405 0 0 0 	15785510 579405 0 	338.404 	3 	68
7419600000000 7419700000173 	67000120782 184787068296 579424 	66999541358 579424 0 0 0 	15786089 579424 0 	338.162 	3 	68
7438800000000 7438900000173 	67200121128 185351794797 579438 	67199541690 579438 0 0 0 	15786585 579438 0 	337.922 	3 	68
7458000000000 7458100000084 	67400121296 185916594163 579459 	67399541837 579459 0 0 0 	15787228 579459 0 	337.675 	3 	68
7477200000000 7477300000084 	67600121464 186481409998 579475 	67599541989 579475 0 0 0 	15787692 579475 0 	337.429 	3 	68
7496400000000 7496500000170 	67800121804 187046322978 579484 	67799542320 579484 0 0 0 	15787892 579484 0 	337.181 	3 	68
7515600000000 7515700000212 	68000122228 187611288298 579498 	67999542730 579498 0 0 0 	15788433 579498 0 	336.929 	3 	68
7534800000000 7534900000212 	68200122652 188176255350 579509 	68199543143 579509 0 0 0 	15788754 579509 0 	336.68 	3 	68
7554000000000 7554100000180 	68400123012 188741262919 579519 	68399543493 579519 0 0 0 	15788941 579519 0 	336.428 	3 	68
7573200000000 7573300000044 	68600123100 189306338664 579530 	68599543570 579530 0 0 0 	15789195 579530 0 	336.173 	3 	68
7592400000000 7592500000044 	68800123188 189871499828 579538 	68799543650 579538 0 0 0 	15789377 579538 0 	335.92 	3 	68
7611600000000 7611700000040 	69000123268 190436715578 579547 	68999543721 579547 0 0 0 	15789829 579547 0 	335.664 	3 	68
7630800000000 7630900000040 	69200123348 191001911979 579566 	69199543782 579566 0 0 0 	15790495 579566 0 	335.411 	3 	68
7650000000000 7650100000135 	69400123618 191567166490 579569 	69399544049 579569 0 0 0 	15790681 579569 0 	335.154 	3 	68
7669200000000 7669300000032 	69600123682 192132486244 579577 	69599544105 579577 0 0 0 	15790864 579577 0 	334.895 	3 	68
7688400000000 7688500000032 	69800123746 192697806168 579584 	69799544162 579584 0 0 0 	15790975 579584 0 	334.637 	3 	68
7707600000000 7707700000227 	70000124200 193263202844 579592 	69999544608 579592 0 0 0 	15791172 579592 0 	334.377 	3 	68
7726800000000 7726900000227 	70200124654 193828703776 579601 	70199545053 579601 0 0 0 	15791355 579601 0 	334.119 	3 	68
7746000000000 7746100000160 	70400124974 194394192921 579607 	70399545367 579607 0 0 0 	15791569 579607 0 	333.857 	3 	68
7765200000000 7765300000062 	70600125098 194959710193 579613 	70599545485 579613 0 0 0 	15791670 579613 0 	333.594 	3 	68
7784400000000 7784500000062 	70800125222 195525343448 579620 	70799545602 579620 0 0 0 	15791781 579620 0 	333.332 	3 	68
7803600000000 7803700000160 	71000125542 196091028907 579629 	70999545913 579629 0 0 0 	15792119 579629 0 	333.067 	3 	68
7822800000000 7822900000159 	71200125860 196656728347 579633 	71199546227 579633 0 0 0 	15792314 579633 0 	332.8 	3 	68
7842000000000 7842100000159 	71400126178 197222438248 579638 	71399546540 579638 0 0 0 	15792426 579638 0 	332.534 	3 	68
7861200000000 7861300000026 	71600126230 197788251052 579640 	71599546590 579640 0 0 0 	15792485 579640 0 	332.266 	3 	68
7880400000000 7880500000026 	71800126282 198354134166 579646 	71799546636 579646 0 0 0 	15792627 579646 0 	332 	3 	68
7899600000000 7899700000242 	72000126766 198919992650 579651 	71999547115 579651 0 0 0 	15792790 579651 0 	331.731 	3 	68
7918800000000 7918900000000 	72200126766 199485917260 579657 	72199547109 579657 0 0 0 	15792990 579657 0 	331.46 	3 	68
7938000000000 7938100000000 	72400126766 200051906602 579661 	72399547105 579661 0 0 0 	15793044 579661 0 	331.19 	3 	68
7957200000000 7957300000035 	72600126836 200617923767 579669 	72599547167 579669 0 0 0 	15793385 579669 0 	330.917 	3 	68
7976400000000 7976500000054 	72800126944 201183993724 579673 	72799547271 579673 0 0 0 	15793501 579673 0 	330.642 	3 	68
7995600000000 7995700000054 	73000127052 201750067280 579678 	72999547374 579678 0 0 0 	15793574 579678 0 	330.369 	3 	68
8014800000000 8014900000152 	73200127356 202316517558 613286 	73199514070 613286 0 0 0 	16762357 613286 0 	330.681 	3 	68
8034000000000 8034100000152 	73400127660 202882973768 646478 	73399481182 646478 0 0 0 	17713154 646478 0 	330.991 	3 	68
8053200000000 8053300000152 	73600127964 203449520197 679041 	73599448923 679041 0 0 0 	18641491 679041 0 	331.3 	3 	68
8072400000000 8072500000000 	73800127964 204016066813 711041 	73799416923 711041 0 0 0 	19559794 711041 0 	331.603 	3 	68
8091600000000 8091700000000 	74000127964 204582692470 742486 	73999385478 742486 0 0 0 	20461626 742486 0 	331.905 	3 	68
8110800000000 8110900000000 	74200127964 205149246343 772881 	74199355083 772881 0 0 0 	21342464 772881 0 	332.206 	3 	68
8130000000000 8130100000000 	74400127964 205715920919 802965 	74399324999 802965 0 0 0 	22201598 802965 0 	332.506 	3 	68
8149200000000 8149300000048 	74600128060 206282710113 832647 	74599295413 832647 0 0 0 	23050865 832647 0 	332.8 	3 	68
8168400000000 8168500000048 	74800128156 206849481801 861467 	74799266689 861467 0 0 0 	23876406 861467 0 	333.093 	3 	68
8187600000000 8187700000048 	75000128252 207416232523 889568 	74999238684 889568 0 0 0 	24676657 889568 0 	333.385 	3 	68
8206800000000 8206900000476 	75200129204 207983044604 917263 	75199211941 917263 0 0 0 	25472227 917263 0 	333.671 	3 	68
8226000000000 8226100000476 	75400130156 208549916647 944438 	75399185718 944438 0 0 0 	26252374 944438 0 	333.956 	3 	68
8245200000000 8245300000476 	75600131108 209116846246 971221 	75599159887 971221 0 0 0 	27018582 971221 0 	334.24 	3 	68
8264400000000 8264500000011 	75800131130 209683787422 997416 	75799133714 997416 0 0 0 	27775440 997416 0 	334.52 	3 	68
8283600000000 8283700000011 	76000131152 210250764953 1022586 	75999108566 1022586 0 0 0 	28505447 1022586 0 	334.798 	3 	68
8302800000000 8302900000011 	76200131174 210817812720 1047899 	76199083275 1047899 0 0 0 	29240395 1047899 0 	335.075 	3 	68
8322000000000 8322100000210 	76400131594 211384908080 1072498 	76399059096 1072498 0 0 0 	29941793 1072498 0 	335.347 	3 	68
8341200000000 8341300000210 	76600132014 211952010004 1096411 	76599035603 1096411 0 0 0 	30633604 1096411 0 	335.617 	3 	68
8360400000000 8360500000210 	76800132434 212519166204 1119819 	76799012615 1119819 0 0 0 	31310416 1119819 0 	335.887 	3 	68
8379600000000 8379700000381 	77000133196 213086358388 1143040 	76998990156 1143040 0 0 0 	31976517 1143040 0 	336.15 	3 	68
8398800000000 8398900000381 	77200133958 213653605927 1165694 	77198968264 1165694 0 0 0 	32627790 1165694 0 	336.412 	3 	68
8418000000000 8418100000200 	77400134358 214220712657 1165775 	77398968583 1165775 0 0 0 	32630086 1165775 0 	336.307 	3 	68
8437200000000 8437300000200 	77600134758 214787811995 1165848 	77598968910 1165848 0 0 0 	32631838 1165848 0 	336.202 	3 	68
8456400000000 8456500000251 	77800135260 215354985784 1165918 	77798969342 1165918 0 0 0 	32634142 1165918 0 	336.095 	3 	68
8475600000000 8475700000251 	78000135762 215922220227 1165995 	77998969767 1165995 0 0 0 	32636541 1165995 0 	335.988 	3 	68
8494800000000 8494900000251 	78200136264 216489470835 1166078 	78198970186 1166078 0 0 0 	32638758 1166078 0 	335.881 	3 	68
8514000000000 8514100000197 	78400136658 217056838191 1166162 	78398970496 1166162 0 0 0 	32641456 1166162 0 	335.769 	3 	68
8533200000000 8533300000197 	78600137052 217624214908 1166220 	78598970832 1166220 0 0 0 	32643126 1166220 0 	335.658 	3 	68
8552400000000 8552500000048 	78800137148 218191617034 1166280 	78798970868 1166280 0 0 0 	32644765 1166280 0 	335.544 	3 	68
8571600000000 8571700000048 	79000137244 218759053682 1166343 	78998970901 1166343 0 0 0 	32646374 1166343 0 	335.43 	3 	68
8590800000000 8590900000280 	79200137804 219326536285 1166397 	79198971407 1166397 0 0 0 	32648152 1166397 0 	335.314 	3 	68
8610000000000 8610100000280 	79400138364 219894134287 1166473 	79398971891 1166473 0 0 0 	32650441 1166473 0 	335.199 	3 	68
8629200000000 8629300000021 	79600138406 220461726246 1166532 	79598971874 1166532 0 0 0 	32652159 1166532 0 	335.078 	3 	68
8648400000000 8648500000021 	79800138448 221029300066 1166590 	79798971858 1166590 0 0 0 	32653708 1166590 0 	334.957 	3 	68
8667600000000 8667700000072 	80000138592 221596928265 1166642 	79998971950 1166642 0 0 0 	32655658 1166642 0 	334.834 	3 	68
8686800000000 8686900000072 	80200138736 222164641171 1166686 	80198972050 1166686 0 0 0 	32656724 1166686 0 	334.711 	3 	68
8706000000000 8706100000113 	80400138962 222732442013 1166742 	80398972220 1166742 0 0 0 	32658575 1166742 0 	334.586 	3 	68
8725200000000 8725300000113 	80600139188 223300206115 1166786 	80598972402 1166786 0 0 0 	32660318 1166786 0 	334.462 	3 	68
8744400000000 8744500000069 	80800139326 223868022629 1166841 	80798972485 1166841 0 0 0 	32661909 1166841 0 	334.332 	3 	68
8763600000000 8763700000069 	81000139464 224435880181 1166886 	80998972578 1166886 0 0 0 	32663186 1166886 0 	334.202 	3 	68
8782800000000 8782900000224 	81200139912 225003786586 1166930 	81198972982 1166930 0 0 0 	32664327 1166930 0 	334.07 	3 	68
8802000000000 8802100000224 	81400140360 225571712508 1166980 	81398973380 1166980 0 0 0 	32666090 1166980 0 	333.939 	3 	68
8821200000000 8821300000271 	81600140902 226139700598 1167026 	81598973876 1167026 0 0 0 	32667538 1167026 0 	333.805 	3 	68
8840400000000 8840500000271 	81800141444 226707741740 1167078 	81798974366 1167078 0 0 0 	32668885 1167078 0 	333.672 	3 	68
8859600000000 8859700000186 	82000141816 227275772900 1167107 	81998974709 1167107 0 0 0 	32669621 1167107 0 	333.537 	3 	68
8878800000000 8878900000186 	82200142188 227843902816 1167153 	82198975035 1167153 0 0 0 	32671160 1167153 0 	333.402 	3 	68
8898000000000 8898100000092 	82400142372 228412022999 1167186 	82398975186 1167186 0 0 0 	32672153 1167186 0 	333.261 	3 	68
8917200000000 8917300000092 	82600142556 228980185832 1167228 	82598975328 1167228 0 0 0 	32673390 1167228 0 	333.121 	3 	68
8936400000000 8936500000031 	82800142618 229548495343 1167261 	82798975357 1167261 0 0 0 	32674430 1167261 0 	332.979 	3 	68
8955600000000 8955700000031 	83000142680 230116730631 1167293 	82998975387 1167293 0 0 0 	32675542 1167293 0 	332.837 	3 	68
8974800000000 8974900000020 	83200142720 230685056996 1167325 	83198975395 1167325 0 0 0 	32676421 1167325 0 	332.693 	3 	68
8994000000000 8994100000020 	83400142760 231253384020 1167361 	83398975399 1167361 0 0 0 	32677662 1167361 0 	332.55 	3 	68
9013200000000 9013300000032 	83600142824 231821768041 1167387 	83598975437 1167387 0 0 0 	32678458 1167387 0 	332.404 	3 	68
9032400000000 9032500000032 	83800142888 232390218080 1167418 	83798975470 1167418 0 0 0 	32679362 1167418 0 	332.259 	3 	68
9051600000000 9051700000040 	84000142968 232958673381 1167448 	83998975520 1167448 0 0 0 	32680225 1167448 0 	332.111 	3 	68
9070800000000 9070900000040 	84200143048 233527168012 1167478 	84198975570 1167478 0 0 0 	32680933 1167478 0 	331.964 	3 	68
9090000000000 9090100000214 	84400143476 234095761949 1167505 	84398975971 1167505 0 0 0 	32681656 1167505 0 	331.812 	3 	68
9109200000000 9109300000214 	84600143904 234664348902 1167530 	84598976374 1167530 0 0 0 	32682373 1167530 0 	331.66 	3 	68
9128400000000 9128500000047 	84800143998 235232971983 1167555 	84798976443 1167555 0 0 0 	32683051 1167555 0 	331.506 	3 	68
9147600000000 9147700000047 	85000144092 235801665525 1167578 	84998976514 1167578 0 0 0 	32683826 1167578 0 	331.352 	3 	68
9166800000000 9166900000044 	85200144180 236370400642 1167604 	85198976576 1167604 0 0 0 	32684630 1167604 0 	331.196 	3 	68
9186000000000 9186100000044 	85400144268 236939160430 1167627 	85398976641 1167627 0 0 0 	32685306 1167627 0 	331.041 	3 	68
9205200000000 9205300000175 	85600144618 237508002969 1167652 	85598976966 1167652 0 0 0 	32686011 1167652 0 	330.884 	3 	68
9224400000000 9224500000175 	85800144968 238076863727 1167670 	85798977298 1167670 0 0 0 	32686709 1167670 0 	330.727 	3 	68
9243600000000 9243700000136 	86000145240 238645729488 1167685 	85998977555 1167685 0 0 0 	32687031 1167685 0 	330.568 	3 	68
9262800000000 9262900000136 	86200145512 239214696260 1167704 	86198977808 1167704 0 0 0 	32687370 1167704 0 	330.41 	3 	68
9282000000000 9282100000173 	86400145858 239783574901 1167734 	86398978124 1167734 0 0 0 	32688355 1167734 0 	330.249 	3 	68
9301200000000 9301300000173 	86600146204 240352546830 1167755 	86598978449 1167755 0 0 0 	32689171 1167755 0 	330.089 	3 	68
9320400000000 9320500000084 	86800146372 240921638102 1167774 	86798978598 1167774 0 0 0 	32689636 1167774 0 	329.923 	3 	68
9339600000000 9339700000084 	87000146540 241490708093 1167794 	86998978746 1167794 0 0 0 	32690109 1167794 0 	329.759 	3 	68
9358800000000 9358900000170 	87200146880 242059778964 1167813 	87198979067 1167813 0 0 0 	32690562 1167813 0 	329.591 	3 	68
9378000000000 9378100000170 	87400147220 242628967715 1167823 	87398979397 1167823 0 0 0 	32690952 1167823 0 	329.425 	3 	68
9397200000000 9397300000212 	87600147644 243198213118 1167839 	87598979805 1167839 0 0 0 	32691359 1167839 0 	329.256 	3 	68
9416400000000 9416500000212 	87800148068 243767509387 1167857 	87798980211 1167857 0 0 0 	32691792 1167857 0 	329.088 	3 	68
9435600000000 9435700000180 	88000148428 244336781319 1167869 	87998980559 1167869 0 0 0 	32692150 1167869 0 	328.918 	3 	68
9454800000000 9454900000180 	88200148788 244906120898 1167875 	88198980913 1167875 0 0 0 	32692325 1167875 0 	328.748 	3 	68
9474000000000 9474100000044 	88400148876 245475395557 1167888 	88398980988 1167888 0 0 0 	32692730 1167888 0 	328.576 	3 	68
9493200000000 9493300000044 	88600148964 246044786063 1167907 	88598981057 1167907 0 0 0 	32693277 1167907 0 	328.405 	3 	68
9512400000000 9512500000040 	88800149044 246614192269 1167927 	88798981117 1167927 0 0 0 	32693888 1167927 0 	328.232 	3 	68
9531600000000 9531700000040 	89000149124 247183700160 1167937 	88998981187 1167937 0 0 0 	32694155 1167937 0 	328.059 	3 	68
9550800000000 9550900000135 	89200149394 247753244917 1167949 	89198981445 1167949 0 0 0 	32694515 1167949 0 	327.884 	3 	68
9570000000000 9570100000135 	89400149664 248322757930 1167953 	89398981711 1167953 0 0 0 	32694714 1167953 0 	327.711 	3 	68
9589200000000 9589300000032 	89600149728 248892305657 1167964 	89598981764 1167964 0 0 0 	32695089 1167964 0 	327.534 	3 	68
9608400000000 9608500000032 	89800149792 249461889018 1167971 	89798981821 1167971 0 0 0 	32695252 1167971 0 	327.359 	3 	68
9627600000000 9627700000227 	90000150246 250031527342 1167978 	89998982268 1167978 0 0 0 	32695488 1167978 0 	327.181 	3 	68
9646800000000 9646900000227 	90200150700 250601243157 1167987 	90198982713 1167987 0 0 0 	32695821 1167987 0 	327.004 	3 	68
9666000000000 9666100000160 	90400151020 251171010905 1167994 	90398983026 1167994 0 0 0 	32696071 1167994 0 	326.824 	3 	68
9685200000000 9685300000160 	90600151340 251740792157 1168005 	90598983335 1168005 0 0 0 	32696616 1168005 0 	326.646 	3 	68
9704400000000 9704500000062 	90800151464 252310633499 1168008 	90798983456 1168008 0 0 0 	32696749 1168008 0 	326.465 	3 	68
9723600000000 9723700000062 	91000151588 252880482321 1168019 	90998983569 1168019 0 0 0 	32696981 1168019 0 	326.285 	3 	68
9742800000000 9742900000160 	91200151908 253450333864 1168031 	91198983877 1168031 0 0 0 	32697378 1168031 0 	326.103 	3 	68
9762000000000 9762100000160 	91400152228 254020256462 1168039 	91398984189 1168039 0 0 0 	32697624 1168039 0 	325.922 	3 	68
9781200000000 9781300000159 	91600152546 254590236908 1168048 	91598984498 1168048 0 0 0 	32697845 1168048 0 	325.738 	3 	68
9800400000000 9800500000159 	91800152864 255160254076 1168057 	91798984807 1168057 0 0 0 	32698039 1168057 0 	325.555 	3 	68
9819600000000 9819700000026 	92000152916 255730269979 1168065 	91998984851 1168065 0 0 0 	32698415 1168065 0 	325.37 	3 	68
9838800000000 9838900000026 	92200152968 256300337973 1168076 	92198984892 1168076 0 0 0 	32698768 1168076 0 	325.186 	3 	68
9858000000000 9858100000242 	92400153452 256870444864 1168081 	92398985371 1168081 0 0 0 	32698972 1168081 0 	324.999 	3 	68
9877200000000 9877300000242 	92600153936 257440593826 1168089 	92598985847 1168089 0 0 0 	32699357 1168089 0 	324.813 	3 	68
9896400000000 9896500000000 	92800153936 258010767286 1168094 	92798985842 1168094 0 0 0 	32699509 1168094 0 	324.625 	3 	68
9915600000000 9915700000000 	93000153936 258580973541 1168103 	92998985833 1168103 0 0 0 	32699914 1168103 0 	324.438 	3 	68
9934800000000 9934900000035 	93200154006 259151186898 1168115 	93198985891 1168115 0 0 0 	32700225 1168115 0 	324.249 	3 	68
9954000000000 9954100000035 	93400154076 259721438686 1168123 	93398985953 1168123 0 0 0 	32700387 1168123 0 	324.06 	3 	68
9973200000000 9973300000054 	93600154184 260291755879 1168128 	93598986056 1168128 0 0 0 	32700508 1168128 0 	323.87 	3 	68
9992400000000 9992500000054 	93800154292 260862120772 1168134 	93798986158 1168134 0 0 0 	32700682 1168134 0 	323.68 	3 	68
