1007100000000 1007200000032 	200000064 526679423 0 	200000064 0 0 0 0 	0 0 0 	264 	3 	71
1026300000000 1026400000159 	400000382 1053702485 4 	400000378 4 0 0 0 	117 4 0 	261.476 	3 	71
1045500000000 1045600000054 	600000490 1581116814 5 	600000485 5 0 0 0 	146 5 0 	258.936 	3 	71
1064700000000 1064800000000 	800000490 2108924516 15134 	799985356 15134 0 0 0 	411610 15134 0 	294.423 	3 	71
1083900000000 1084000000011 	1000000512 2637080136 27949 	999972563 27949 0 0 0 	757531 27949 0 	319.88 	3 	71
1103100000000 1103200000381 	1200001274 3165501193 38609 	1199962665 38609 0 0 0 	1046899 38609 0 	338.794 	3 	71
1122300000000 1122400000254 	1400001782 3694271198 47803 	1399953979 47803 0 0 0 	1291445 47803 0 	353.186 	3 	71
1141500000000 1141600000113 	1600002008 4223278273 47817 	1599954191 47817 0 0 0 	1291757 47817 0 	343.997 	3 	71
1160700000000 1160800000186 	1800002380 4752620193 47828 	1799954552 47828 0 0 0 	1292113 47828 0 	336.417 	3 	71
1179900000000 1180000000032 	2000002444 5282301234 47838 	1999954606 47838 0 0 0 	1292400 47838 0 	329.911 	3 	71
1199100000000 1199200000047 	2200002538 5812189528 47848 	2199954690 47848 0 0 0 	1292547 47848 0 	324.28 	3 	71
1218300000000 1218400000173 	2400002884 6342436481 47853 	2399955031 47853 0 0 0 	1292662 47853 0 	319.282 	3 	71
1237500000000 1237600000180 	2600003244 6872966475 47855 	2599955389 47855 0 0 0 	1292744 47855 0 	314.65 	3 	71
1256700000000 1256800000032 	2800003308 7403849167 47857 	2799955451 47857 0 0 0 	1292786 47857 0 	310.397 	3 	71
1275900000000 1276000000062 	3000003432 7935042721 47860 	2999955572 47860 0 0 0 	1292929 47860 0 	306.529 	3 	71
1295100000000 1295200000242 	3200003916 8466488936 47864 	3199956052 47864 0 0 0 	1293030 47864 0 	302.881 	3 	71
1314300000000 1314400000152 	3400004220 8998326499 66275 	3399937945 66275 0 0 0 	1792120 66275 0 	310.161 	3 	71
1333500000000 1333600000048 	3600004316 9530403131 82188 	3599922128 82188 0 0 0 	2213411 82188 0 	316.755 	3 	71
1352700000000 1352800000011 	3800004338 10062787125 96264 	3799908074 96264 0 0 0 	2588468 96264 0 	322.738 	3 	71
1371900000000 1372000000210 	4000004758 10595464712 108574 	3999896184 108574 0 0 0 	2918651 108574 0 	328.229 	3 	71
1391100000000 1391200000468 	4200005694 11128271173 119271 	4199886423 119271 0 0 0 	3198550 119271 0 	333.2 	3 	71
1410300000000 1410400000365 	4400006424 11661361617 128753 	4399877671 128753 0 0 0 	3455099 128753 0 	337.691 	3 	71
1429500000000 1429600000352 	4600007128 12194747037 136969 	4599870159 136969 0 0 0 	3676138 136969 0 	341.736 	3 	71
1448700000000 1448800000178 	4800007484 12728398244 144235 	4799863249 144235 0 0 0 	3870946 144235 0 	345.389 	3 	71
1467900000000 1468000000230 	5000007944 13262311103 150438 	4999857506 150438 0 0 0 	4038521 150438 0 	348.655 	3 	71
1487100000000 1487200000400 	5200008744 13796398795 155918 	5199852826 155918 0 0 0 	4194432 155918 0 	351.582 	3 	71
1506300000000 1506400000249 	5400009242 14330711328 160772 	5399848470 160772 0 0 0 	4326310 160772 0 	354.195 	3 	71
1525500000000 1525600000110 	5600009462 14865293311 164869 	5599844593 164869 0 0 0 	4437662 164869 0 	356.536 	3 	71
1544700000000 1544800000189 	5800009840 15400104262 168615 	5799841225 168615 0 0 0 	4538826 168615 0 	358.673 	3 	71
1563900000000 1564000000375 	6000010590 15935154312 171724 	5999838866 171724 0 0 0 	4621909 171724 0 	360.548 	3 	71
1583100000000 1583200000160 	6200010910 16470440020 171726 	6199839184 171726 0 0 0 	4621964 171726 0 	356.226 	3 	71
1602300000000 1602400000159 	6400011228 17005905064 171726 	6399839502 171726 0 0 0 	4621964 171726 0 	352.096 	3 	71
1621500000000 1621600000000 	6600011228 17541626137 171728 	6599839500 171728 0 0 0 	4621971 171728 0 	348.136 	3 	71
1640700000000 1640800000152 	6800011532 18077679358 191735 	6799819797 191735 0 0 0 	5168505 191735 0 	351.331 	3 	71
1659900000000 1660000000000 	7000011532 18613968292 209777 	6999801755 209777 0 0 0 	5659844 209777 0 	354.342 	3 	71
1679100000000 1679200000476 	7200012484 19150539116 225937 	7199786547 225937 0 0 0 	6099565 225937 0 	357.117 	3 	71
1698300000000 1698400000011 	7400012506 19687229018 240314 	7399772192 240314 0 0 0 	6490229 240314 0 	359.739 	3 	71
1717500000000 1717600000381 	7600013268 20224175511 253169 	7599760099 253169 0 0 0 	6838859 253169 0 	362.142 	3 	71
1736700000000 1736800000468 	7800014204 20761276735 264954 	7799749250 264954 0 0 0 	7159283 264954 0 	364.407 	3 	71
1755900000000 1756000000365 	8000014934 21298551161 275703 	7999739231 275703 0 0 0 	7446226 275703 0 	366.48 	3 	71
1775100000000 1775200000368 	8200015670 21836074057 285309 	8199730361 285309 0 0 0 	7703462 285309 0 	368.429 	3 	71
1794300000000 1794400000120 	8400015910 22373820234 293993 	8399721917 293993 0 0 0 	7939812 293993 0 	370.199 	3 	71
1813500000000 1813600000178 	8600016266 22911726331 301712 	8599714554 301712 0 0 0 	8148878 301712 0 	371.857 	3 	71
1832700000000 1832800000230 	8800016726 23449807695 308621 	8799708105 308621 0 0 0 	8336546 308621 0 	373.346 	3 	71
1851900000000 1852000000320 	9000017366 23988099673 314913 	8999702453 314913 0 0 0 	8506522 314913 0 	374.734 	3 	71
1871100000000 1871200000290 	9200017946 24526524447 320585 	9199697361 320585 0 0 0 	8658548 320585 0 	375.978 	3 	71
1890300000000 1890400000249 	9400018444 25065226320 325658 	9399692786 325658 0 0 0 	8792023 325658 0 	377.13 	3 	71
1909500000000 1909600000110 	9600018664 25604084301 330210 	9599688454 330210 0 0 0 	8916161 330210 0 	378.162 	3 	71
1928700000000 1928800000189 	9800019042 26143158334 334356 	9799684686 334356 0 0 0 	9027483 334356 0 	379.111 	3 	71
1947900000000 1948000000375 	10000019792 26682365684 338084 	9999681708 338084 0 0 0 	9127756 338084 0 	379.931 	3 	71
1967100000000 1967200000074 	10200019940 27221760806 341384 	10199678556 341384 0 0 0 	9218685 341384 0 	380.675 	3 	71
1986300000000 1986400000353 	10400020646 27761363785 344403 	10399676243 344403 0 0 0 	9297024 344403 0 	381.314 	3 	71
2005500000000 2005600000044 	10600020734 28301133276 347065 	10599673669 347065 0 0 0 	9371208 347065 0 	381.883 	3 	71
2024700000000 2024800000091 	10800020916 28841139827 349449 	10799671467 349449 0 0 0 	9435916 349449 0 	382.352 	3 	71
2043900000000 2044000000307 	11000021530 29381290298 351646 	10999669884 351646 0 0 0 	9498888 351646 0 	382.774 	3 	71
2063100000000 2063200000314 	11200022158 29921645393 353531 	11199668627 353531 0 0 0 	9550874 353531 0 	383.101 	3 	71
2082300000000 2082400000173 	11400022504 30462128200 355298 	11399667206 355298 0 0 0 	9597694 355298 0 	383.369 	3 	71
2101500000000 2101600000352 	11600023208 31002842385 356864 	11599666344 356864 0 0 0 	9641350 356864 0 	383.547 	3 	71
2120700000000 2120800000376 	11800023960 31543689588 358332 	11799665628 358332 0 0 0 	9682488 358332 0 	383.688 	3 	71
2139900000000 2140000000026 	12000024012 32084653181 359641 	11999664371 359641 0 0 0 	9719205 359641 0 	383.742 	3 	71
2159100000000 2159200000285 	12200024582 32625838726 360835 	12199663747 360835 0 0 0 	9752030 360835 0 	383.763 	3 	71
2178300000000 2178400000308 	12400025198 33167183481 361896 	12399663302 361896 0 0 0 	9780589 361896 0 	383.718 	3 	71
2197500000000 2197600000278 	12600025754 33708681186 362870 	12599662884 362870 0 0 0 	9806797 362870 0 	383.626 	3 	71
2216700000000 2216800000368 	12800026490 34250446432 373426 	12799653064 373426 0 0 0 	10097618 373426 0 	384.71 	3 	71
2235900000000 2236000000352 	13000027194 34792374816 383360 	12999643834 383360 0 0 0 	10368874 383360 0 	385.724 	3 	71
2255100000000 2255200000120 	13200027434 35334403122 392124 	13199635310 392124 0 0 0 	10613707 392124 0 	386.68 	3 	71
2274300000000 2274400000355 	13400028144 35876590280 400180 	13399627964 400180 0 0 0 	10833405 400180 0 	387.549 	3 	71
2293500000000 2293600000230 	13600028604 36418992945 407626 	13599620978 407626 0 0 0 	11038323 407626 0 	388.352 	3 	71
2312700000000 2312800000320 	13800029244 36961487946 414512 	13799614732 414512 0 0 0 	11224343 414512 0 	389.103 	3 	71
2331900000000 2332000000400 	14000030044 37504136873 420838 	13999609206 420838 0 0 0 	11398530 420838 0 	389.803 	3 	71
2351100000000 2351200000290 	14200030624 38046982354 426710 	14199603914 426710 0 0 0 	11563570 426710 0 	390.452 	3 	71
2370300000000 2370400000088 	14400030800 38590027146 432210 	14399598590 432210 0 0 0 	11714258 432210 0 	391.019 	3 	71
2389500000000 2389600000110 	14600031020 39133157606 437270 	14599593750 437270 0 0 0 	11851940 437270 0 	391.551 	3 	71
2408700000000 2408800000189 	14800031398 39676454476 441790 	14799589608 441790 0 0 0 	11976547 441790 0 	392.035 	3 	71
2427900000000 2428000000060 	15000031518 40219928313 446012 	14999585506 446012 0 0 0 	12094597 446012 0 	392.475 	3 	71
2447100000000 2447200000074 	15200031666 40763562951 449834 	15199581832 449834 0 0 0 	12200788 449834 0 	392.837 	3 	71
2466300000000 2466400000320 	15400032306 41307292765 453309 	15399578997 453309 0 0 0 	12296617 453309 0 	393.167 	3 	71
2485500000000 2485600000353 	15600033012 41851180858 456608 	15599576404 456608 0 0 0 	12384097 456608 0 	393.455 	3 	71
2504700000000 2504800000044 	15800033100 42395203636 459605 	15799573495 459605 0 0 0 	12465648 459605 0 	393.703 	3 	71
2523900000000 2524000000228 	16000033556 42939389947 462238 	15999571318 462238 0 0 0 	12541584 462238 0 	393.921 	3 	71
2543100000000 2543200000307 	16200034170 43483669943 464744 	16199569426 464744 0 0 0 	12610284 464744 0 	394.078 	3 	71
2562300000000 2562400000100 	16400034370 44028081558 467073 	16399567297 467073 0 0 0 	12676092 467073 0 	394.196 	3 	71
2581500000000 2581600000314 	16600034998 44572706951 469278 	16599565720 469278 0 0 0 	12736571 469278 0 	394.288 	3 	71
2600700000000 2600800000173 	16800035344 45117433857 471298 	16799564046 471298 0 0 0 	12792140 471298 0 	394.343 	3 	71
2619900000000 2620000000330 	17000036004 45662311736 473127 	16999562877 473127 0 0 0 	12841217 473127 0 	394.374 	3 	71
2639100000000 2639200000376 	17200036756 46207420008 474804 	17199561952 474804 0 0 0 	12887223 474804 0 	394.347 	3 	71
2658300000000 2658400000290 	17400037336 46752576963 476360 	17399560976 476360 0 0 0 	12928117 476360 0 	394.296 	3 	71
2677500000000 2677600000026 	17600037388 47297896352 477785 	17599559603 477785 0 0 0 	12968213 477785 0 	394.212 	3 	71
2696700000000 2696800000285 	17800037958 47843303226 479049 	17799558909 479049 0 0 0 	13002924 479049 0 	394.106 	3 	71
2715900000000 2716000000151 	18000038260 48388865465 480245 	17999558015 480245 0 0 0 	13034736 480245 0 	393.979 	3 	71
2735100000000 2735200000278 	18200038816 48934563362 481294 	18199557522 481294 0 0 0 	13063581 481294 0 	393.796 	3 	71
2754300000000 2754400000208 	18400039232 49480412329 482309 	18399556923 482309 0 0 0 	13091115 482309 0 	393.593 	3 	71
2773500000000 2773600000120 	18600039472 50026352352 483295 	18599556177 483295 0 0 0 	13118917 483295 0 	393.372 	3 	71
2792700000000 2792800000296 	18800040064 50572499402 484086 	18799555978 484086 0 0 0 	13140921 484086 0 	393.132 	3 	71
2811900000000 2812000000270 	19000040604 51118691273 484917 	18999555687 484917 0 0 0 	13164406 484917 0 	392.873 	3 	71
2831100000000 2831200000350 	19200041304 51665072233 485662 	19199555642 485662 0 0 0 	13185955 485662 0 	392.573 	3 	71
2850300000000 2850400000264 	19400041832 52211523247 486300 	19399555532 486300 0 0 0 	13202841 486300 0 	392.255 	3 	71
2869500000000 2869600000328 	19600042488 52758057914 486928 	19599555560 486928 0 0 0 	13219832 486928 0 	391.921 	3 	71
2888700000000 2888800000080 	19800042648 53304767404 487495 	19799555153 487495 0 0 0 	13235888 487495 0 	391.57 	3 	71
2907900000000 2908000000044 	20000042736 53851660289 488042 	19999554694 488042 0 0 0 	13250200 488042 0 	391.18 	3 	71
2927100000000 2927200000044 	20200042824 54398636025 488525 	20199554299 488525 0 0 0 	13263592 488525 0 	390.773 	3 	71
2946300000000 2946400000032 	20400042888 54945751506 488981 	20399553907 488981 0 0 0 	13275846 488981 0 	390.352 	3 	71
2965500000000 2965600000250 	20600043388 55492984378 489363 	20599554025 489363 0 0 0 	13285845 489363 0 	389.915 	3 	71
2984700000000 2984800000236 	20800043860 56040334333 489752 	20799554108 489752 0 0 0 	13297236 489752 0 	389.464 	3 	71
3003900000000 3004000000112 	21000044084 56587797589 490109 	20999553975 490109 0 0 0 	13306572 490109 0 	388.975 	3 	71
3023100000000 3023200000278 	21200044640 57135407248 490448 	21199554192 490448 0 0 0 	13315604 490448 0 	388.483 	3 	71
3042300000000 3042400000296 	21400045232 57683100031 490742 	21399554490 490742 0 0 0 	13323193 490742 0 	387.978 	3 	71
3061500000000 3061600000254 	21600045740 58230898119 491012 	21599554728 491012 0 0 0 	13331290 491012 0 	387.46 	3 	71
3080700000000 3080800000032 	21800045804 58778842086 491234 	21799554570 491234 0 0 0 	13336583 491234 0 	386.929 	3 	71
3099900000000 3100000000353 	22000046510 59326967654 494784 	21999551726 494784 0 0 0 	13433841 494784 0 	387.182 	3 	71
3119100000000 3119200000044 	22200046598 59875166521 498214 	22199548384 498214 0 0 0 	13529373 498214 0 	387.408 	3 	71
3138300000000 3138400000228 	22400047054 60423477265 501482 	22399545572 501482 0 0 0 	13619624 501482 0 	387.615 	3 	71
3157500000000 3157600000228 	22600047510 60971846163 504437 	22599543073 504437 0 0 0 	13703135 504437 0 	387.818 	3 	71
3176700000000 3176800000091 	22800047692 61520406170 507339 	22799540353 507339 0 0 0 	13782680 507339 0 	387.994 	3 	71
3195900000000 3196000000307 	23000048306 62069054173 509920 	22999538386 509920 0 0 0 	13851533 509920 0 	388.152 	3 	71
3215100000000 3215200000100 	23200048506 62617802537 512388 	23199536118 512388 0 0 0 	13921047 512388 0 	388.283 	3 	71
3234300000000 3234400000314 	23400049134 63166726095 514734 	23399534400 514734 0 0 0 	13986094 514734 0 	388.397 	3 	71
3253500000000 3253600000173 	23600049480 63715730212 516967 	23599532513 516967 0 0 0 	14048320 516967 0 	388.484 	3 	71
3272700000000 3272800000330 	23800050140 64264843089 518919 	23799531221 518919 0 0 0 	14104113 518919 0 	388.554 	3 	71
3291900000000 3292000000352 	24000050844 64814074202 520864 	23999529980 520864 0 0 0 	14156667 520864 0 	388.599 	3 	71
3311100000000 3311200000376 	24200051596 65363424066 522624 	24199528972 522624 0 0 0 	14203487 522624 0 	388.627 	3 	71
3330300000000 3330400000290 	24400052176 65912858011 524226 	24399527950 524226 0 0 0 	14249009 524226 0 	388.638 	3 	71
3349500000000 3349600000026 	24600052228 66462391073 525808 	24599526420 525808 0 0 0 	14295041 525808 0 	388.625 	3 	71
3368700000000 3368800000285 	24800052798 67012022928 527358 	24799525440 527358 0 0 0 	14338062 527358 0 	388.595 	3 	71
3387900000000 3388000000151 	25000053100 67561789942 528684 	24999524416 528684 0 0 0 	14374847 528684 0 	388.55 	3 	71
3407100000000 3407200000308 	25200053716 68111664568 529881 	25199523835 529881 0 0 0 	14408197 529881 0 	388.489 	3 	71
3426300000000 3426400000278 	25400054272 68661634224 531143 	25399523129 531143 0 0 0 	14440759 531143 0 	388.404 	3 	71
3445500000000 3445600000208 	25600054688 69211697988 532264 	25599522424 532264 0 0 0 	14470912 532264 0 	388.304 	3 	71
3464700000000 3464800000120 	25800054928 69761903530 533290 	25799521638 533290 0 0 0 	14499654 533290 0 	388.189 	3 	71
3483900000000 3484000000296 	26000055520 70312165058 534294 	25999521226 534294 0 0 0 	14527845 534294 0 	388.059 	3 	71
3503100000000 3503200000270 	26200056060 70862575487 535185 	26199520875 535185 0 0 0 	14552453 535185 0 	387.914 	3 	71
3522300000000 3522400000320 	26400056700 71413052355 536072 	26399520628 536072 0 0 0 	14577605 536072 0 	387.755 	3 	71
3541500000000 3541600000350 	26600057400 71963664641 536857 	26599520543 536857 0 0 0 	14599498 536857 0 	387.582 	3 	71
3560700000000 3560800000264 	26800057928 72514356839 537569 	26799520359 537569 0 0 0 	14617587 537569 0 	387.395 	3 	71
3579900000000 3580000000328 	27000058584 73065146689 538286 	26999520298 538286 0 0 0 	14637933 538286 0 	387.193 	3 	71
3599100000000 3599200000080 	27200058744 73616061958 538981 	27199519763 538981 0 0 0 	14657262 538981 0 	386.979 	3 	71
3618300000000 3618400000140 	27400059024 74167127455 539546 	27399519478 539546 0 0 0 	14672390 539546 0 	386.75 	3 	71
3637500000000 3637600000044 	27600059112 74718207798 540088 	27599519024 540088 0 0 0 	14687287 540088 0 	386.508 	3 	71
3656700000000 3656800000044 	27800059200 75269462540 540649 	27799518551 540649 0 0 0 	14702119 540649 0 	386.253 	3 	71
3675900000000 3676000000032 	28000059264 75820742578 541153 	27999518111 541153 0 0 0 	14716406 541153 0 	385.985 	3 	71
3695100000000 3695200000250 	28200059764 76372127152 541628 	28199518136 541628 0 0 0 	14729449 541628 0 	385.703 	3 	71
3714300000000 3714400000236 	28400060236 76923564708 542059 	28399518177 542059 0 0 0 	14741808 542059 0 	385.409 	3 	71
3733500000000 3733600000236 	28600060708 77475152231 542459 	28599518249 542459 0 0 0 	14753482 542459 0 	385.12 	3 	71
3752700000000 3752800000228 	28800061164 78026874052 542833 	28799518331 542833 0 0 0 	14763791 542833 0 	384.818 	3 	71
3771900000000 3772000000112 	29000061388 78578668389 543200 	28999518188 543200 0 0 0 	14773412 543200 0 	384.503 	3 	71
3791100000000 3791200000278 	29200061944 79130604106 543557 	29199518387 543557 0 0 0 	14783895 543557 0 	384.185 	3 	71
3810300000000 3810400000296 	29400062536 79682588947 543866 	29399518670 543866 0 0 0 	14792466 543866 0 	383.854 	3 	71
3829500000000 3829600000254 	29600063044 80234645576 544148 	29599518896 544148 0 0 0 	14800392 544148 0 	383.511 	3 	71
3848700000000 3848800000032 	29800063108 80786819777 544435 	29799518673 544435 0 0 0 	14808542 544435 0 	383.156 	3 	71
3867900000000 3868000000320 	30000063748 81339122300 544684 	29999519064 544684 0 0 0 	14816088 544684 0 	382.798 	3 	71
3887100000000 3887200000268 	30200064284 81891495824 544943 	30199519341 544943 0 0 0 	14822997 544943 0 	382.428 	3 	71
3906300000000 3906400000060 	30400064404 82443946839 545186 	30399519218 545186 0 0 0 	14829509 545186 0 	382.046 	3 	71
3925500000000 3925600000230 	30600064864 82996460388 545393 	30599519471 545393 0 0 0 	14834804 545393 0 	381.653 	3 	71
3944700000000 3944800000208 	30800065280 83549090505 545577 	30799519703 545577 0 0 0 	14840442 545577 0 	381.257 	3 	71
3963900000000 3964000000197 	31000065674 84101839125 545792 	30999519882 545792 0 0 0 	14846061 545792 0 	380.849 	3 	71
3983100000000 3983200000174 	31200066022 84654633974 545975 	31199520047 545975 0 0 0 	14851547 545975 0 	380.439 	3 	71
4002300000000 4002400000008 	31400066038 85207515667 546135 	31399519903 546135 0 0 0 	14855989 546135 0 	380.017 	3 	71
4021500000000 4021600000320 	31600066678 85760508424 546279 	31599520399 546279 0 0 0 	14860346 546279 0 	379.584 	3 	71
4040700000000 4040800000167 	31800067012 86313598278 546430 	31799520582 546430 0 0 0 	14865102 546430 0 	379.149 	3 	71
4059900000000 4060000000120 	32000067252 86866761907 546572 	31999520680 546572 0 0 0 	14869231 546572 0 	378.703 	3 	71
4079100000000 4079200000188 	32200067628 87420079644 546699 	32199520929 546699 0 0 0 	14872788 546699 0 	378.254 	3 	71
4098300000000 4098400000096 	32400067820 87973397797 546820 	32399521000 546820 0 0 0 	14876484 546820 0 	377.795 	3 	71
4117500000000 4117600000215 	32600068250 88526833672 546937 	32599521313 546937 0 0 0 	14879877 546937 0 	377.333 	3 	71
4136700000000 4136800000057 	32800068364 89080407216 547047 	32799521317 547047 0 0 0 	14882154 547047 0 	376.861 	3 	71
4155900000000 4156000000056 	33000068476 89634015970 547141 	32999521335 547141 0 0 0 	14884678 547141 0 	376.387 	3 	71
4175100000000 4175200000110 	33200068696 90187735682 547232 	33199521464 547232 0 0 0 	14886836 547232 0 	375.902 	3 	71
4194300000000 4194400000125 	33400068946 90741527764 547303 	33399521643 547303 0 0 0 	14888716 547303 0 	375.415 	3 	71
4213500000000 4213600000031 	33600069008 91295432374 547384 	33599521624 547384 0 0 0 	14890982 547384 0 	374.918 	3 	71
4232700000000 4232800000188 	33800069384 91849433677 547454 	33799521930 547454 0 0 0 	14892948 547454 0 	374.419 	3 	71
4251900000000 4252000000192 	34000069768 92403534032 547514 	33999522254 547514 0 0 0 	14894374 547514 0 	373.909 	3 	71
4271100000000 4271200000302 	34200070372 92957691399 547578 	34199522794 547578 0 0 0 	14896106 547578 0 	373.398 	3 	71
4290300000000 4290400000052 	34400070476 93511927119 547649 	34399522827 547649 0 0 0 	14897868 547649 0 	372.886 	3 	71
4309500000000 4309600000208 	34600070892 94066265250 548934 	34599521958 548934 0 0 0 	14933484 548934 0 	372.904 	3 	71
4328700000000 4328800000120 	34800071132 94620701761 550077 	34799521055 550077 0 0 0 	14963854 550077 0 	372.91 	3 	71
4347900000000 4348000000296 	35000071724 95175199358 551192 	34999520532 551192 0 0 0 	14995671 551192 0 	372.905 	3 	71
4367100000000 4367200000296 	35200072316 95729779101 552229 	35199520087 552229 0 0 0 	15025678 552229 0 	372.899 	3 	71
4386300000000 4386400000270 	35400072856 96284475789 553279 	35399519577 553279 0 0 0 	15055302 553279 0 	372.883 	3 	71
4405500000000 4405600000320 	35600073496 96839224419 554173 	35599519323 554173 0 0 0 	15082188 554173 0 	372.855 	3 	71
4424700000000 4424800000350 	35800074196 97394054849 555051 	35799519145 555051 0 0 0 	15106210 555051 0 	372.816 	3 	71
4443900000000 4444000000264 	36000074724 97949025620 555939 	35999518785 555939 0 0 0 	15131105 555939 0 	372.766 	3 	71
4463100000000 4463200000264 	36200075252 98504019331 556774 	36199518478 556774 0 0 0 	15154143 556774 0 	372.716 	3 	71
4482300000000 4482400000328 	36400075908 99059119561 557580 	36399518328 557580 0 0 0 	15176272 557580 0 	372.656 	3 	71
4501500000000 4501600000080 	36600076068 99614300463 558276 	36599517792 558276 0 0 0 	15196602 558276 0 	372.584 	3 	71
4520700000000 4520800000140 	36800076348 100169576981 558930 	36799517418 558930 0 0 0 	15214863 558930 0 	372.502 	3 	71
4539900000000 4540000000140 	37000076628 100724884583 559567 	36999517061 559567 0 0 0 	15231919 559567 0 	372.42 	3 	71
4559100000000 4559200000044 	37200076716 101280268065 560226 	37199516490 560226 0 0 0 	15250539 560226 0 	372.328 	3 	71
4578300000000 4578400000044 	37400076804 101835773173 560794 	37399516010 560794 0 0 0 	15266355 560794 0 	372.225 	3 	71
4597500000000 4597600000032 	37600076868 102391317329 561378 	37599515490 561378 0 0 0 	15284157 561378 0 	372.111 	3 	71
4616700000000 4616800000032 	37800076932 102947012940 561921 	37799515011 561921 0 0 0 	15298678 561921 0 	371.999 	3 	71
4635900000000 4636000000250 	38000077432 103502758972 562430 	37999515002 562430 0 0 0 	15313890 562430 0 	371.876 	3 	71
4655100000000 4655200000236 	38200077904 104058533013 562873 	38199515031 562873 0 0 0 	15327499 562873 0 	371.742 	3 	71
4674300000000 4674400000228 	38400078360 104614399686 563362 	38399514998 563362 0 0 0 	15340430 563362 0 	371.598 	3 	71
4693500000000 4693600000112 	38600078584 105170355443 563783 	38599514801 563783 0 0 0 	15351339 563783 0 	371.444 	3 	71
4712700000000 4712800000112 	38800078808 105726372518 564210 	38799514598 564210 0 0 0 	15363643 564210 0 	371.291 	3 	71
4731900000000 4732000000278 	39000079364 106282506202 564603 	38999514761 564603 0 0 0 	15373788 564603 0 	371.134 	3 	71
4751100000000 4751200000296 	39200079956 106838732177 564966 	39199514990 564966 0 0 0 	15383719 564966 0 	370.967 	3 	71
4770300000000 4770400000254 	39400080464 107395007716 565309 	39399515155 565309 0 0 0 	15394134 565309 0 	370.789 	3 	71
4789500000000 4789600000254 	39600080972 107951425170 565647 	39599515325 565647 0 0 0 	15404276 565647 0 	370.614 	3 	71
4808700000000 4808800000032 	39800081036 108507850958 565932 	39799515104 565932 0 0 0 	15412585 565932 0 	370.428 	3 	71
4827900000000 4828000000320 	40000081676 109064300335 566228 	39999515448 566228 0 0 0 	15421137 566228 0 	370.238 	3 	71
4847100000000 4847200000268 	40200082212 109620845675 566497 	40199515715 566497 0 0 0 	15428029 566497 0 	370.039 	3 	71
4866300000000 4866400000060 	40400082332 110177483554 566773 	40399515559 566773 0 0 0 	15435766 566773 0 	369.829 	3 	71
4885500000000 4885600000060 	40600082452 110734180329 567044 	40599515408 567044 0 0 0 	15443396 567044 0 	369.621 	3 	71
4904700000000 4904800000230 	40800082912 111290934227 567259 	40799515653 567259 0 0 0 	15450184 567259 0 	369.404 	3 	71
4923900000000 4924000000208 	41000083328 111847781226 567494 	40999515834 567494 0 0 0 	15456572 567494 0 	369.183 	3 	71
4943100000000 4943200000197 	41200083722 112404709502 567709 	41199516013 567709 0 0 0 	15462952 567709 0 	368.952 	3 	71
4962300000000 4962400000197 	41400084116 112961763883 567926 	41399516190 567926 0 0 0 	15468950 567926 0 	368.723 	3 	71
4981500000000 4981600000174 	41600084464 113518901711 568113 	41599516351 568113 0 0 0 	15474251 568113 0 	368.491 	3 	71
5000700000000 5000800000008 	41800084480 114076071456 568334 	41799516146 568334 0 0 0 	15480608 568334 0 	368.249 	3 	71
5019900000000 5020000000320 	42000085120 114633345444 568516 	41999516604 568516 0 0 0 	15485616 568516 0 	367.997 	3 	71
5039100000000 5039200000320 	42200085760 115190674749 568655 	42199517105 568655 0 0 0 	15489368 568655 0 	367.749 	3 	71
5058300000000 5058400000167 	42400086094 115748043781 568799 	42399517295 568799 0 0 0 	15493553 568799 0 	367.496 	3 	71
5077500000000 5077600000120 	42600086334 116305515778 568989 	42599517345 568989 0 0 0 	15498286 568989 0 	367.234 	3 	71
5096700000000 5096800000188 	42800086710 116863070803 569128 	42799517582 569128 0 0 0 	15501557 569128 0 	366.968 	3 	71
5115900000000 5116000000096 	43000086902 117420684723 569266 	42999517636 569266 0 0 0 	15505440 569266 0 	366.693 	3 	71
5135100000000 5135200000096 	43200087094 117978346544 569391 	43199517703 569391 0 0 0 	15508893 569391 0 	366.421 	3 	71
5154300000000 5154400000215 	43400087524 118536096872 569511 	43399518013 569511 0 0 0 	15512464 569511 0 	366.146 	3 	71
5173500000000 5173600000057 	43600087638 119093937728 569634 	43599518004 569634 0 0 0 	15515736 569634 0 	365.861 	3 	71
5192700000000 5192800000056 	43800087750 119651784727 569736 	43799518014 569736 0 0 0 	15518765 569736 0 	365.573 	3 	71
5211900000000 5212000000056 	44000087862 120209718031 569840 	43999518022 569840 0 0 0 	15521446 569840 0 	365.288 	3 	71
5231100000000 5231200000110 	44200088082 120767761491 569945 	44199518137 569945 0 0 0 	15524721 569945 0 	364.993 	3 	71
5250300000000 5250400000125 	44400088332 121325893499 570029 	44399518303 570029 0 0 0 	15526888 570029 0 	364.695 	3 	71
5269500000000 5269600000031 	44600088394 121884070819 570129 	44599518265 570129 0 0 0 	15529614 570129 0 	364.388 	3 	71
5288700000000 5288800000188 	44800088770 122442330883 570222 	44799518548 570222 0 0 0 	15532321 570222 0 	364.078 	3 	71
5307900000000 5308000000188 	45000089146 123000671354 570298 	44999518848 570298 0 0 0 	15534329 570298 0 	363.771 	3 	71
5327100000000 5327200000192 	45200089530 123559024975 570371 	45199519159 570371 0 0 0 	15536859 570371 0 	363.455 	3 	71
5346300000000 5346400000302 	45400090134 124117480810 570453 	45399519681 570453 0 0 0 	15538817 570453 0 	363.136 	3 	71
5365500000000 5365600000052 	45600090238 124676007554 570522 	45599519716 570522 0 0 0 	15540665 570522 0 	362.814 	3 	71
5384700000000 5384800000052 	45800090342 125234644802 570589 	45799519753 570589 0 0 0 	15542066 570589 0 	362.495 	3 	71
5403900000000 5404000000200 	46000090742 125793325186 570644 	45999520098 570644 0 0 0 	15543473 570644 0 	362.167 	3 	71
5423100000000 5423200000251 	46200091244 126352040147 570700 	46199520544 570700 0 0 0 	15545118 570700 0 	361.836 	3 	71
5442300000000 5442400000197 	46400091638 126910786336 570746 	46399520892 570746 0 0 0 	15546508 570746 0 	361.496 	3 	71
5461500000000 5461600000197 	46600092032 127469662788 570803 	46599521229 570803 0 0 0 	15548228 570803 0 	361.159 	3 	71
5480700000000 5480800000048 	46800092128 128028584756 570853 	46799521275 570853 0 0 0 	15549848 570853 0 	360.82 	3 	71
5499900000000 5500000000280 	47000092688 128587541530 570902 	46999521786 570902 0 0 0 	15551293 570902 0 	360.478 	3 	71
5519100000000 5519200000021 	47200092730 129146595829 570945 	47199521785 570945 0 0 0 	15552373 570945 0 	360.126 	3 	71
5538300000000 5538400000072 	47400092874 129705690203 570981 	47399521893 570981 0 0 0 	15553492 570981 0 	359.772 	3 	71
5557500000000 5557600000072 	47600093018 130264824628 571035 	47599521983 571035 0 0 0 	15555073 571035 0 	359.421 	3 	71
5576700000000 5576800000113 	47800093244 130824052784 571072 	47799522172 571072 0 0 0 	15556286 571072 0 	359.068 	3 	71
5595900000000 5596000000069 	48000093382 131383377090 571111 	47999522271 571111 0 0 0 	15557526 571111 0 	358.706 	3 	71
5615100000000 5615200000224 	48200093830 131942738746 571139 	48199522691 571139 0 0 0 	15558425 571139 0 	358.341 	3 	71
5634300000000 5634400000224 	48400094278 132502151684 571174 	48399523104 571174 0 0 0 	15559426 571174 0 	357.98 	3 	71
5653500000000 5653600000271 	48600094820 133061686025 571212 	48599523608 571212 0 0 0 	15560317 571212 0 	357.616 	3 	71
5672700000000 5672800000186 	48800095192 133621254715 571248 	48799523944 571248 0 0 0 	15561400 571248 0 	357.249 	3 	71
5691900000000 5692000000092 	49000095376 134180933596 571281 	48999524095 571281 0 0 0 	15562151 571281 0 	356.873 	3 	71
5711100000000 5711200000031 	49200095438 134740622316 571308 	49199524130 571308 0 0 0 	15562866 571308 0 	356.495 	3 	71
5730300000000 5730400000031 	49400095500 135300371005 571339 	49399524161 571339 0 0 0 	15563743 571339 0 	356.121 	3 	71
5749500000000 5749600000020 	49600095540 135860241208 571357 	49599524183 571357 0 0 0 	15564280 571357 0 	355.744 	3 	71
5768700000000 5768800000032 	49800095604 136420126404 571380 	49799524224 571380 0 0 0 	15564819 571380 0 	355.364 	3 	71
5787900000000 5788000000040 	50000095684 136980080884 571399 	49999524285 571399 0 0 0 	15565305 571399 0 	354.982 	3 	71
5807100000000 5807200000040 	50200095764 137540084311 571421 	50199524343 571421 0 0 0 	15565864 571421 0 	354.603 	3 	71
5826300000000 5826400000214 	50400096192 138100184409 571440 	50399524752 571440 0 0 0 	15566575 571440 0 	354.216 	3 	71
5845500000000 5845600000047 	50600096286 138660384288 571462 	50599524824 571462 0 0 0 	15567314 571462 0 	353.826 	3 	71
5864700000000 5864800000044 	50800096374 139220602508 571473 	50799524901 571473 0 0 0 	15567520 571473 0 	353.434 	3 	71
5883900000000 5884000000175 	51000096724 139780880742 571492 	50999525232 571492 0 0 0 	15568217 571492 0 	353.039 	3 	71
5903100000000 5903200000175 	51200097074 140341184042 571509 	51199525565 571509 0 0 0 	15568613 571509 0 	352.648 	3 	71
5922300000000 5922400000136 	51400097346 140901598177 571524 	51399525822 571524 0 0 0 	15569150 571524 0 	352.255 	3 	71
5941500000000 5941600000173 	51600097692 141462007710 571538 	51599526154 571538 0 0 0 	15569428 571538 0 	351.859 	3 	71
5960700000000 5960800000084 	51800097860 142022511259 571550 	51799526310 571550 0 0 0 	15569663 571550 0 	351.454 	3 	71
5979900000000 5980000000084 	52000098028 142583097792 571565 	51999526463 571565 0 0 0 	15570160 571565 0 	351.053 	3 	71
5999100000000 5999200000170 	52200098368 143143710636 571572 	52199526796 571572 0 0 0 	15570358 571572 0 	350.65 	3 	71
6018300000000 6018400000212 	52400098792 143704423788 571587 	52399527205 571587 0 0 0 	15570754 571587 0 	350.244 	3 	71
6037500000000 6037600000320 	52600099432 144265189536 571921 	52599527511 571921 0 0 0 	15579694 571921 0 	350.187 	3 	71
6056700000000 6056800000268 	52800099968 144825977394 572245 	52799527723 572245 0 0 0 	15588019 572245 0 	350.123 	3 	71
6075900000000 6076000000268 	53000100504 145386844735 572533 	52999527971 572533 0 0 0 	15596702 572533 0 	350.059 	3 	71
6095100000000 6095200000060 	53200100624 145947816516 572826 	53199527798 572826 0 0 0 	15605523 572826 0 	349.988 	3 	71
6114300000000 6114400000230 	53400101084 146508787341 573112 	53399527972 573112 0 0 0 	15614225 573112 0 	349.908 	3 	71
6133500000000 6133600000230 	53600101544 147069876851 573398 	53599528146 573398 0 0 0 	15621884 573398 0 	349.83 	3 	71
6152700000000 6152800000208 	53800101960 147631048697 573668 	53799528292 573668 0 0 0 	15630153 573668 0 	349.747 	3 	71
6171900000000 6172000000208 	54000102376 148192188654 573932 	53999528444 573932 0 0 0 	15637693 573932 0 	349.666 	3 	71
6191100000000 6191200000197 	54200102770 148753434770 574173 	54199528597 574173 0 0 0 	15644765 574173 0 	349.576 	3 	71
6210300000000 6210400000174 	54400103118 149314742902 574396 	54399528722 574396 0 0 0 	15651180 574396 0 	349.483 	3 	71
6229500000000 6229600000174 	54600103466 149876032003 574606 	54599528860 574606 0 0 0 	15657195 574606 0 	349.391 	3 	71
6248700000000 6248800000008 	54800103482 150437436303 574811 	54799528671 574811 0 0 0 	15662961 574811 0 	349.291 	3 	71
6267900000000 6268000000008 	55000103498 150998985649 574985 	54999528513 574985 0 0 0 	15668230 574985 0 	349.192 	3 	71
6287100000000 6287200000320 	55200104138 151560523224 575181 	55199528957 575181 0 0 0 	15674187 575181 0 	349.085 	3 	71
6306300000000 6306400000167 	55400104472 152122078262 575372 	55399529100 575372 0 0 0 	15679799 575372 0 	348.975 	3 	71
6325500000000 6325600000167 	55600104806 152683772791 575561 	55599529245 575561 0 0 0 	15684610 575561 0 	348.866 	3 	71
6344700000000 6344800000120 	55800105046 153245468470 575746 	55799529300 575746 0 0 0 	15689526 575746 0 	348.749 	3 	71
6363900000000 6364000000188 	56000105422 153807245554 575925 	55999529497 575925 0 0 0 	15694437 575925 0 	348.628 	3 	71
6383100000000 6383200000188 	56200105798 154369061578 576074 	56199529724 576074 0 0 0 	15699141 576074 0 	348.509 	3 	71
6402300000000 6402400000096 	56400105990 154930905106 576227 	56399529763 576227 0 0 0 	15703483 576227 0 	348.382 	3 	71
6421500000000 6421600000096 	56600106182 155492870078 576402 	56599529780 576402 0 0 0 	15708238 576402 0 	348.256 	3 	71
6440700000000 6440800000215 	56800106612 156054840889 576568 	56799530044 576568 0 0 0 	15712827 576568 0 	348.126 	3 	71
6459900000000 6460000000057 	57000106726 156616858079 576699 	56999530027 576699 0 0 0 	15716723 576699 0 	347.989 	3 	71
6479100000000 6479200000057 	57200106840 157179026621 576858 	57199529982 576858 0 0 0 	15720985 576858 0 	347.853 	3 	71
6498300000000 6498400000056 	57400106952 157741163795 576974 	57399529978 576974 0 0 0 	15724383 576974 0 	347.714 	3 	71
6517500000000 6517600000110 	57600107172 158303346841 577089 	57599530083 577089 0 0 0 	15727832 577089 0 	347.567 	3 	71
6536700000000 6536800000110 	57800107392 158865610644 577189 	57799530203 577189 0 0 0 	15730465 577189 0 	347.422 	3 	71
6555900000000 6556000000125 	58000107642 159427954128 577303 	57999530339 577303 0 0 0 	15733675 577303 0 	347.273 	3 	71
6575100000000 6575200000125 	58200107892 159990362616 577419 	58199530473 577419 0 0 0 	15736486 577419 0 	347.125 	3 	71
6594300000000 6594400000031 	58400107954 160552810995 577524 	58399530430 577524 0 0 0 	15739539 577524 0 	346.97 	3 	71
6613500000000 6613600000188 	58600108330 161115261777 577625 	58599530705 577625 0 0 0 	15742464 577625 0 	346.811 	3 	71
6632700000000 6632800000188 	58800108706 161677839200 577717 	58799530989 577717 0 0 0 	15745363 577717 0 	346.654 	3 	71
6651900000000 6652000000192 	59000109090 162240469210 577803 	58999531287 577803 0 0 0 	15748039 577803 0 	346.489 	3 	71
6671100000000 6671200000192 	59200109474 162803187579 577887 	59199531587 577887 0 0 0 	15750445 577887 0 	346.326 	3 	71
6690300000000 6690400000302 	59400110078 163365860081 577965 	59399532113 577965 0 0 0 	15752773 577965 0 	346.159 	3 	71
6709500000000 6709600000052 	59600110182 163928644673 578055 	59599532127 578055 0 0 0 	15755131 578055 0 	345.989 	3 	71
6728700000000 6728800000052 	59800110286 164491468138 578134 	59799532152 578134 0 0 0 	15757274 578134 0 	345.821 	3 	71
6747900000000 6748000000200 	60000110686 165054348659 578203 	59999532483 578203 0 0 0 	15759080 578203 0 	345.645 	3 	71
6767100000000 6767200000251 	60200111188 165617299906 578275 	60199532913 578275 0 0 0 	15761257 578275 0 	345.466 	3 	71
6786300000000 6786400000251 	60400111690 166180264961 578344 	60399533346 578344 0 0 0 	15763534 578344 0 	345.288 	3 	71
6805500000000 6805600000197 	60600112084 166743271614 578410 	60599533674 578410 0 0 0 	15765307 578410 0 	345.103 	3 	71
6824700000000 6824800000197 	60800112478 167306371235 578469 	60799534009 578469 0 0 0 	15767205 578469 0 	344.919 	3 	71
6843900000000 6844000000048 	61000112574 167869493114 578513 	60999534061 578513 0 0 0 	15768119 578513 0 	344.732 	3 	71
6863100000000 6863200000280 	61200113134 168432720360 578577 	61199534557 578577 0 0 0 	15770099 578577 0 	344.542 	3 	71
6882300000000 6882400000280 	61400113694 168995987132 578637 	61399535057 578637 0 0 0 	15771721 578637 0 	344.354 	3 	71
6901500000000 6901600000021 	61600113736 169559289399 578693 	61599535043 578693 0 0 0 	15773391 578693 0 	344.158 	3 	71
6920700000000 6920800000072 	61800113880 170122629955 578744 	61799535136 578744 0 0 0 	15774668 578744 0 	343.959 	3 	71
6939900000000 6940000000072 	62000114024 170686080874 578795 	61999535229 578795 0 0 0 	15775944 578795 0 	343.762 	3 	71
6959100000000 6959200000113 	62200114250 171249510872 578836 	62199535414 578836 0 0 0 	15777289 578836 0 	343.562 	3 	71
6978300000000 6978400000113 	62400114476 171813060674 578870 	62399535606 578870 0 0 0 	15778408 578870 0 	343.363 	3 	71
6997500000000 6997600000069 	62600114614 172376604818 578919 	62599535695 578919 0 0 0 	15779951 578919 0 	343.157 	3 	71
7016700000000 7016800000224 	62800115062 172940202270 578967 	62799536095 578967 0 0 0 	15781238 578967 0 	342.948 	3 	71
7035900000000 7036000000224 	63000115510 173503870398 578999 	62999536511 578999 0 0 0 	15781912 578999 0 	342.74 	3 	71
7055100000000 7055200000271 	63200116052 174067653469 579034 	63199537018 579034 0 0 0 	15782934 579034 0 	342.529 	3 	71
7074300000000 7074400000271 	63400116594 174631391857 579072 	63399537522 579072 0 0 0 	15784008 579072 0 	342.321 	3 	71
7093500000000 7093600000186 	63600116966 175195235679 579104 	63599537862 579104 0 0 0 	15784862 579104 0 	342.109 	3 	71
7112700000000 7112800000092 	63800117150 175759149978 579132 	63799538018 579132 0 0 0 	15785666 579132 0 	341.889 	3 	71
7131900000000 7132000000092 	64000117334 176323138503 579164 	63999538170 579164 0 0 0 	15786449 579164 0 	341.672 	3 	71
7151100000000 7151200000031 	64200117396 176887053673 579196 	64199538200 579196 0 0 0 	15787281 579196 0 	341.451 	3 	71
7170300000000 7170400000020 	64400117436 177451134123 579227 	64399538209 579227 0 0 0 	15788243 579227 0 	341.228 	3 	71
7189500000000 7189600000020 	64600117476 178015227221 579254 	64599538222 579254 0 0 0 	15788857 579254 0 	341.006 	3 	71
7208700000000 7208800000032 	64800117540 178579322278 579273 	64799538267 579273 0 0 0 	15789642 579273 0 	340.781 	3 	71
7227900000000 7228000000032 	65000117604 179143548857 579295 	64999538309 579295 0 0 0 	15790271 579295 0 	340.559 	3 	71
7247100000000 7247200000040 	65200117684 179707775877 579316 	65199538368 579316 0 0 0 	15790782 579316 0 	340.333 	3 	71
7266300000000 7266400000214 	65400118112 180272039677 579345 	65399538767 579345 0 0 0 	15791688 579345 0 	340.1 	3 	71
7285500000000 7285600000214 	65600118540 180836382763 579364 	65599539176 579364 0 0 0 	15792025 579364 0 	339.868 	3 	71
7304700000000 7304800000047 	65800118634 181400827867 579388 	65799539246 579388 0 0 0 	15792701 579388 0 	339.634 	3 	71
7323900000000 7324000000044 	66000118722 181965297371 579406 	65999539316 579406 0 0 0 	15793297 579406 0 	339.397 	3 	71
7343100000000 7343200000044 	66200118810 182529734084 579430 	66199539380 579430 0 0 0 	15793801 579430 0 	339.161 	3 	71
7362300000000 7362400000175 	66400119160 183094275618 579455 	66399539705 579455 0 0 0 	15794581 579455 0 	338.923 	3 	71
7381500000000 7381600000175 	66600119510 183658898613 579474 	66599540036 579474 0 0 0 	15794937 579474 0 	338.687 	3 	71
7400700000000 7400800000136 	66800119782 184223581782 579498 	66799540284 579498 0 0 0 	15795478 579498 0 	338.447 	3 	71
7419900000000 7420000000173 	67000120128 184788331887 579516 	66999540612 579516 0 0 0 	15795930 579516 0 	338.205 	3 	71
7439100000000 7439200000173 	67200120474 185353056593 579536 	67199540938 579536 0 0 0 	15796614 579536 0 	337.965 	3 	71
7458300000000 7458400000084 	67400120642 185917859400 579548 	67399541094 579548 0 0 0 	15797161 579548 0 	337.718 	3 	71
7477500000000 7477600000084 	67600120810 186482707472 579561 	67599541249 579561 0 0 0 	15797439 579561 0 	337.472 	3 	71
7496700000000 7496800000170 	67800121150 187047640807 579577 	67799541573 579577 0 0 0 	15797916 579577 0 	337.223 	3 	71
7515900000000 7516000000212 	68000121574 187612545813 579585 	67999541989 579585 0 0 0 	15798045 579585 0 	336.972 	3 	71
7535100000000 7535200000212 	68200121998 188177561974 579600 	68199542398 579600 0 0 0 	15798411 579600 0 	336.722 	3 	71
7554300000000 7554400000180 	68400122358 188742579173 579618 	68399542740 579618 0 0 0 	15799039 579618 0 	336.47 	3 	71
7573500000000 7573600000044 	68600122446 189307689989 579636 	68599542810 579636 0 0 0 	15799600 579636 0 	336.215 	3 	71
7592700000000 7592800000044 	68800122534 189872825954 579652 	68799542882 579652 0 0 0 	15800206 579652 0 	335.962 	3 	71
7611900000000 7612000000040 	69000122614 190437968357 579663 	68999542951 579663 0 0 0 	15800574 579663 0 	335.706 	3 	71
7631100000000 7631200000040 	69200122694 191003172816 579674 	69199543020 579674 0 0 0 	15800942 579674 0 	335.452 	3 	71
7650300000000 7650400000135 	69400122964 191568455507 579685 	69399543279 579685 0 0 0 	15801254 579685 0 	335.195 	3 	71
7669500000000 7669600000032 	69600123028 192133769241 579695 	69599543333 579695 0 0 0 	15801574 579695 0 	334.935 	3 	71
7688700000000 7688800000032 	69800123092 192699121845 579711 	69799543381 579711 0 0 0 	15801937 579711 0 	334.678 	3 	71
7707900000000 7708000000227 	70000123546 193264530870 579728 	69999543818 579728 0 0 0 	15802356 579728 0 	334.417 	3 	71
7727100000000 7727200000160 	70200123866 193830004327 579735 	70199544131 579735 0 0 0 	15802465 579735 0 	334.154 	3 	71
7746300000000 7746400000160 	70400124186 194395525513 579743 	70399544443 579743 0 0 0 	15802789 579743 0 	333.893 	3 	71
7765500000000 7765600000062 	70600124310 194961142064 579753 	70599544557 579753 0 0 0 	15803049 579753 0 	333.629 	3 	71
7784700000000 7784800000062 	70800124434 195526763935 579756 	70799544678 579756 0 0 0 	15803079 579756 0 	333.367 	3 	71
7803900000000 7804000000160 	71000124754 196092382331 579766 	70999544988 579766 0 0 0 	15803244 579766 0 	333.102 	3 	71
7823100000000 7823200000159 	71200125072 196658080786 579773 	71199545299 579773 0 0 0 	15803330 579773 0 	332.835 	3 	71
7842300000000 7842400000159 	71400125390 197223828917 579782 	71399545608 579782 0 0 0 	15803553 579782 0 	332.569 	3 	71
7861500000000 7861600000026 	71600125442 197789637616 579790 	71599545652 579790 0 0 0 	15803881 579790 0 	332.301 	3 	71
7880700000000 7880800000026 	71800125494 198355474970 579798 	71799545696 579798 0 0 0 	15804200 579798 0 	332.035 	3 	71
7899900000000 7900000000242 	72000125978 198921331603 579807 	71999546171 579807 0 0 0 	15804388 579807 0 	331.765 	3 	71
7919100000000 7919200000000 	72200125978 199487252142 579810 	72199546168 579810 0 0 0 	15804537 579810 0 	331.494 	3 	71
7938300000000 7938400000000 	72400125978 200053176140 579818 	72399546160 579818 0 0 0 	15804722 579818 0 	331.224 	3 	71
7957500000000 7957600000035 	72600126048 200619246161 579823 	72599546225 579823 0 0 0 	15804876 579823 0 	330.951 	3 	71
7976700000000 7976800000054 	72800126156 201185348287 579829 	72799546327 579829 0 0 0 	15805068 579829 0 	330.676 	3 	71
7995900000000 7996000000054 	73000126264 201751484749 579837 	72999546427 579837 0 0 0 	15805401 579837 0 	330.403 	3 	71
8015100000000 8015200000152 	73200126568 202317919934 613548 	73199513020 613548 0 0 0 	16777003 613548 0 	330.714 	3 	71
8034300000000 8034400000152 	73400126872 202884435528 646564 	73399480308 646564 0 0 0 	17725128 646564 0 	331.024 	3 	71
8053500000000 8053600000152 	73600127176 203450893586 678877 	73599448299 678877 0 0 0 	18646396 678877 0 	331.333 	3 	71
8072700000000 8072800000000 	73800127176 204017452930 710503 	73799416673 710503 0 0 0 	19550709 710503 0 	331.636 	3 	71
8091900000000 8092000000000 	74000127176 204584061407 742163 	73999385013 742163 0 0 0 	20460329 742163 0 	331.939 	3 	71
8111100000000 8111200000000 	74200127176 205150650211 772422 	74199354754 772422 0 0 0 	21325528 772422 0 	332.24 	3 	71
8130300000000 8130400000000 	74400127176 205717255948 802609 	74399324567 802609 0 0 0 	22192235 802609 0 	332.539 	3 	71
8149500000000 8149600000048 	74600127272 206283953370 831803 	74599295469 831803 0 0 0 	23035743 831803 0 	332.834 	3 	71
8168700000000 8168800000048 	74800127368 206850720738 860869 	74799266499 860869 0 0 0 	23874115 860869 0 	333.127 	3 	71
8187900000000 8188000000048 	75000127464 207417499216 888810 	74999238654 888810 0 0 0 	24676090 888810 0 	333.418 	3 	71
8207100000000 8207200000476 	75200128416 207984355357 916000 	75199212416 916000 0 0 0 	25457229 916000 0 	333.705 	3 	71
8226300000000 8226400000476 	75400129368 208551208649 943081 	75399186287 943081 0 0 0 	26236226 943081 0 	333.99 	3 	71
8245500000000 8245600000476 	75600130320 209118122833 969470 	75599160850 969470 0 0 0 	26993884 969470 0 	334.274 	3 	71
8264700000000 8264800000011 	75800130342 209685052255 995672 	75799134670 995672 0 0 0 	27745736 995672 0 	334.553 	3 	71
8283900000000 8284000000011 	76000130364 210252065467 1020965 	75999109399 1020965 0 0 0 	28461971 1020965 0 	334.831 	3 	71
8303100000000 8303200000011 	76200130386 210819094590 1046008 	76199084378 1046008 0 0 0 	29177977 1046008 0 	335.108 	3 	71
8322300000000 8322400000210 	76400130806 211386167295 1070697 	76399060109 1070697 0 0 0 	29889487 1070697 0 	335.38 	3 	71
8341500000000 8341600000210 	76600131226 211953347075 1094564 	76599036662 1094564 0 0 0 	30579307 1094564 0 	335.65 	3 	71
8360700000000 8360800000210 	76800131646 212520465981 1118217 	76799013429 1118217 0 0 0 	31252970 1118217 0 	335.92 	3 	71
8379900000000 8380000000381 	77000132408 213087668164 1141036 	76998991372 1141036 0 0 0 	31910537 1141036 0 	336.183 	3 	71
8399100000000 8399200000381 	77200133170 213654851694 1163301 	77198969869 1163301 0 0 0 	32548937 1163301 0 	336.445 	3 	71
8418300000000 8418400000200 	77400133570 214222009148 1163390 	77398970180 1163390 0 0 0 	32551932 1163390 0 	336.34 	3 	71
8437500000000 8437600000200 	77600133970 214789109360 1163475 	77598970495 1163475 0 0 0 	32554574 1163475 0 	336.235 	3 	71
8456700000000 8456800000251 	77800134472 215356330541 1163543 	77798970929 1163543 0 0 0 	32556394 1163543 0 	336.127 	3 	71
8475900000000 8476000000251 	78000134974 215923610483 1163628 	77998971346 1163628 0 0 0 	32558477 1163628 0 	336.02 	3 	71
8495100000000 8495200000096 	78200135166 216490899181 1163693 	78198971473 1163693 0 0 0 	32560371 1163693 0 	335.908 	3 	71
8514300000000 8514400000197 	78400135560 217058184450 1163768 	78398971792 1163768 0 0 0 	32562205 1163768 0 	335.796 	3 	71
8533500000000 8533600000197 	78600135954 217625524267 1163830 	78598972124 1163830 0 0 0 	32564061 1163830 0 	335.684 	3 	71
8552700000000 8552800000048 	78800136050 218192886165 1163884 	78798972166 1163884 0 0 0 	32565231 1163884 0 	335.57 	3 	71
8571900000000 8572000000048 	79000136146 218760290268 1163938 	78998972208 1163938 0 0 0 	32566813 1163938 0 	335.457 	3 	71
8591100000000 8591200000280 	79200136706 219327749311 1163988 	79198972718 1163988 0 0 0 	32568111 1163988 0 	335.34 	3 	71
8610300000000 8610400000280 	79400137266 219895256388 1164035 	79398973231 1164035 0 0 0 	32569580 1164035 0 	335.225 	3 	71
8629500000000 8629600000021 	79600137308 220462819226 1164084 	79598973224 1164084 0 0 0 	32571060 1164084 0 	335.104 	3 	71
8648700000000 8648800000021 	79800137350 221030471152 1164137 	79798973213 1164137 0 0 0 	32572676 1164137 0 	334.983 	3 	71
8667900000000 8668000000072 	80000137494 221598118463 1164198 	79998973296 1164198 0 0 0 	32574357 1164198 0 	334.86 	3 	71
8687100000000 8687200000072 	80200137638 222165802318 1164250 	80198973388 1164250 0 0 0 	32575689 1164250 0 	334.737 	3 	71
8706300000000 8706400000113 	80400137864 222733553507 1164303 	80398973561 1164303 0 0 0 	32577162 1164303 0 	334.612 	3 	71
8725500000000 8725600000113 	80600138090 223301338567 1164361 	80598973729 1164361 0 0 0 	32578712 1164361 0 	334.488 	3 	71
8744700000000 8744800000069 	80800138228 223869126171 1164404 	80798973824 1164404 0 0 0 	32580105 1164404 0 	334.357 	3 	71
8763900000000 8764000000069 	81000138366 224436931298 1164443 	80998973923 1164443 0 0 0 	32581118 1164443 0 	334.228 	3 	71
8783100000000 8783200000224 	81200138814 225004810627 1164493 	81198974321 1164493 0 0 0 	32582348 1164493 0 	334.096 	3 	71
8802300000000 8802400000224 	81400139262 225572736732 1164531 	81398974731 1164531 0 0 0 	32583452 1164531 0 	333.964 	3 	71
8821500000000 8821600000271 	81600139804 226140700369 1164564 	81598975240 1164564 0 0 0 	32584473 1164564 0 	333.831 	3 	71
8840700000000 8840800000271 	81800140346 226708794214 1164600 	81798975746 1164600 0 0 0 	32585647 1164600 0 	333.697 	3 	71
8859900000000 8860000000186 	82000140718 227276904552 1164639 	81998976079 1164639 0 0 0 	32586823 1164639 0 	333.562 	3 	71
8879100000000 8879200000186 	82200141090 227845058730 1164681 	82198976409 1164681 0 0 0 	32587962 1164681 0 	333.427 	3 	71
8898300000000 8898400000092 	82400141274 228413158529 1164712 	82398976562 1164712 0 0 0 	32588732 1164712 0 	333.286 	3 	71
8917500000000 8917600000092 	82600141458 228981369638 1164754 	82598976704 1164754 0 0 0 	32589898 1164754 0 	333.146 	3 	71
8936700000000 8936800000031 	82800141520 229549579202 1164791 	82798976729 1164791 0 0 0 	32591138 1164791 0 	333.004 	3 	71
8955900000000 8956000000031 	83000141582 230117794144 1164838 	82998976744 1164838 0 0 0 	32592593 1164838 0 	332.862 	3 	71
8975100000000 8975200000020 	83200141622 230686100294 1164877 	83198976745 1164877 0 0 0 	32593824 1164877 0 	332.718 	3 	71
8994300000000 8994400000020 	83400141662 231254444427 1164907 	83398976755 1164907 0 0 0 	32594505 1164907 0 	332.574 	3 	71
9013500000000 9013600000032 	83600141726 231822810232 1164941 	83598976785 1164941 0 0 0 	32595167 1164941 0 	332.428 	3 	71
9032700000000 9032800000032 	83800141790 232391219319 1164969 	83798976821 1164969 0 0 0 	32595974 1164969 0 	332.283 	3 	71
9051900000000 9052000000040 	84000141870 232959699534 1165000 	83998976870 1165000 0 0 0 	32596870 1165000 0 	332.135 	3 	71
9071100000000 9071200000040 	84200141950 233528176520 1165020 	84198976930 1165020 0 0 0 	32597665 1165020 0 	331.989 	3 	71
9090300000000 9090400000214 	84400142378 234096727504 1165043 	84398977335 1165043 0 0 0 	32598237 1165043 0 	331.836 	3 	71
9109500000000 9109600000214 	84600142806 234665350497 1165083 	84598977723 1165083 0 0 0 	32599452 1165083 0 	331.684 	3 	71
9128700000000 9128800000047 	84800142900 235234017970 1165112 	84798977788 1165112 0 0 0 	32600888 1165112 0 	331.53 	3 	71
9147900000000 9148000000047 	85000142994 235802683014 1165128 	84998977866 1165128 0 0 0 	32601340 1165128 0 	331.376 	3 	71
9167100000000 9167200000044 	85200143082 236371394283 1165152 	85198977930 1165152 0 0 0 	32601972 1165152 0 	331.22 	3 	71
9186300000000 9186400000044 	85400143170 236940157658 1165171 	85398977999 1165171 0 0 0 	32602423 1165171 0 	331.065 	3 	71
9205500000000 9205600000175 	85600143520 237508975972 1165193 	85598978327 1165193 0 0 0 	32602989 1165193 0 	330.907 	3 	71
9224700000000 9224800000175 	85800143870 238077778769 1165210 	85798978660 1165210 0 0 0 	32603447 1165210 0 	330.751 	3 	71
9243900000000 9244000000136 	86000144142 238646660366 1165234 	85998978908 1165234 0 0 0 	32604168 1165234 0 	330.591 	3 	71
9263100000000 9263200000136 	86200144414 239215581173 1165259 	86198979155 1165259 0 0 0 	32604930 1165259 0 	330.433 	3 	71
9282300000000 9282400000173 	86400144760 239784514875 1165277 	86398979483 1165277 0 0 0 	32605381 1165277 0 	330.272 	3 	71
9301500000000 9301600000173 	86600145106 240353530114 1165294 	86598979812 1165294 0 0 0 	32605745 1165294 0 	330.112 	3 	71
9320700000000 9320800000084 	86800145274 240922584051 1165312 	86798979962 1165312 0 0 0 	32606110 1165312 0 	329.946 	3 	71
9339900000000 9340000000084 	87000145442 241491692876 1165332 	86998980110 1165332 0 0 0 	32606972 1165332 0 	329.782 	3 	71
9359100000000 9359200000170 	87200145782 242060771857 1165349 	87198980433 1165349 0 0 0 	32607402 1165349 0 	329.614 	3 	71
9378300000000 9378400000170 	87400146122 242629943865 1165365 	87398980757 1165365 0 0 0 	32607908 1165365 0 	329.448 	3 	71
9397500000000 9397600000212 	87600146546 243199143462 1165384 	87598981162 1165384 0 0 0 	32608439 1165384 0 	329.279 	3 	71
9416700000000 9416800000212 	87800146970 243768371085 1165397 	87798981573 1165397 0 0 0 	32608831 1165397 0 	329.111 	3 	71
9435900000000 9436000000180 	88000147330 244337691435 1165408 	87998981922 1165408 0 0 0 	32609109 1165408 0 	328.94 	3 	71
9455100000000 9455200000180 	88200147690 244906988143 1165421 	88198982269 1165421 0 0 0 	32609364 1165421 0 	328.771 	3 	71
9474300000000 9474400000044 	88400147778 245476312416 1165435 	88398982343 1165435 0 0 0 	32609645 1165435 0 	328.599 	3 	71
9493500000000 9493600000044 	88600147866 246045664792 1165445 	88598982421 1165445 0 0 0 	32609935 1165445 0 	328.428 	3 	71
9512700000000 9512800000040 	88800147946 246615079091 1165461 	88798982485 1165461 0 0 0 	32610317 1165461 0 	328.254 	3 	71
9531900000000 9532000000040 	89000148026 247184530316 1165474 	88998982552 1165474 0 0 0 	32610737 1165474 0 	328.082 	3 	71
9551100000000 9551200000135 	89200148296 247754005092 1165481 	89198982815 1165481 0 0 0 	32611061 1165481 0 	327.907 	3 	71
9570300000000 9570400000135 	89400148566 248323530354 1165491 	89398983075 1165491 0 0 0 	32611455 1165491 0 	327.733 	3 	71
9589500000000 9589600000032 	89600148630 248893123922 1165506 	89598983124 1165506 0 0 0 	32612037 1165506 0 	327.556 	3 	71
9608700000000 9608800000032 	89800148694 249462719532 1165513 	89798983181 1165513 0 0 0 	32612165 1165513 0 	327.381 	3 	71
9627900000000 9628000000227 	90000149148 250032378478 1165524 	89998983624 1165524 0 0 0 	32612407 1165524 0 	327.203 	3 	71
9647100000000 9647200000227 	90200149602 250602111900 1165534 	90198984068 1165534 0 0 0 	32612663 1165534 0 	327.026 	3 	71
9666300000000 9666400000160 	90400149922 251171845354 1165541 	90398984381 1165541 0 0 0 	32612875 1165541 0 	326.846 	3 	71
9685500000000 9685600000160 	90600150242 251741608310 1165549 	90598984693 1165549 0 0 0 	32613160 1165549 0 	326.668 	3 	71
9704700000000 9704800000062 	90800150366 252311408576 1165561 	90798984805 1165561 0 0 0 	32613426 1165561 0 	326.487 	3 	71
9723900000000 9724000000062 	91000150490 252881202133 1165568 	90998984922 1165568 0 0 0 	32613655 1165568 0 	326.307 	3 	71
9743100000000 9743200000160 	91200150810 253451057380 1165580 	91198985230 1165580 0 0 0 	32613976 1165580 0 	326.124 	3 	71
9762300000000 9762400000160 	91400151130 254020968439 1165588 	91398985542 1165588 0 0 0 	32614347 1165588 0 	325.943 	3 	71
9781500000000 9781600000159 	91600151448 254590932814 1165595 	91598985853 1165595 0 0 0 	32614473 1165595 0 	325.759 	3 	71
9800700000000 9800800000159 	91800151766 255160908507 1165604 	91798986162 1165604 0 0 0 	32614787 1165604 0 	325.576 	3 	71
9819900000000 9820000000026 	92000151818 255730914007 1165612 	91998986206 1165612 0 0 0 	32615083 1165612 0 	325.391 	3 	71
9839100000000 9839200000026 	92200151870 256301032577 1165621 	92198986249 1165621 0 0 0 	32615176 1165621 0 	325.207 	3 	71
9858300000000 9858400000242 	92400152354 256871120738 1165634 	92398986720 1165634 0 0 0 	32615512 1165634 0 	325.02 	3 	71
9877500000000 9877600000242 	92600152838 257441231051 1165640 	92598987198 1165640 0 0 0 	32615711 1165640 0 	324.834 	3 	71
9896700000000 9896800000000 	92800152838 258011415619 1165645 	92798987193 1165645 0 0 0 	32616041 1165645 0 	324.646 	3 	71
9915900000000 9916000000000 	93000152838 258581589143 1165650 	92998987188 1165650 0 0 0 	32616163 1165650 0 	324.459 	3 	71
9935100000000 9935200000035 	93200152908 259151838394 1165651 	93198987257 1165651 0 0 0 	32616194 1165651 0 	324.27 	3 	71
9954300000000 9954400000035 	93400152978 259722124306 1165657 	93398987321 1165657 0 0 0 	32616344 1165657 0 	324.081 	3 	71
9973500000000 9973600000054 	93600153086 260292417714 1165660 	93598987426 1165660 0 0 0 	32616370 1165660 0 	323.89 	3 	71
9992700000000 9992800000054 	93800153194 260862788247 1165664 	93798987530 1165664 0 0 0 	32616440 1165664 0 	323.7 	3 	71
