1007800000000 1007900000032 	200000064 526625629 4 	200000060 4 0 0 0 	231 4 0 	264 	3 	78
1027000000000 1027100000159 	400000382 1053624628 5 	400000377 5 0 0 0 	244 5 0 	261.476 	3 	78
1046200000000 1046300000054 	600000490 1580965154 7 	600000483 7 0 0 0 	253 7 0 	258.936 	3 	78
1065400000000 1065500000000 	800000490 2108776713 14905 	799985585 14905 0 0 0 	391683 14905 0 	294.423 	3 	78
1084600000000 1084700000011 	1000000512 2637024192 27432 	999973080 27432 0 0 0 	726495 27432 0 	319.88 	3 	78
1103800000000 1103900000381 	1200001274 3165479489 38040 	1199963234 38040 0 0 0 	1009552 38040 0 	338.794 	3 	78
1123000000000 1123100000365 	1400002004 3694284323 47082 	1399954922 47082 0 0 0 	1252653 47082 0 	352.947 	3 	78
1142200000000 1142300000113 	1600002230 4223311566 47100 	1599955130 47100 0 0 0 	1253161 47100 0 	343.798 	3 	78
1161400000000 1161500000186 	1800002602 4752680271 47114 	1799955488 47114 0 0 0 	1253422 47114 0 	336.248 	3 	78
1180600000000 1180700000032 	2000002666 5282356921 47123 	1999955543 47123 0 0 0 	1253677 47123 0 	329.765 	3 	78
1199800000000 1199900000047 	2200002760 5812355975 47131 	2199955629 47131 0 0 0 	1253888 47131 0 	324.151 	3 	78
1219000000000 1219100000173 	2400003106 6342574296 47134 	2399955972 47134 0 0 0 	1253927 47134 0 	319.168 	3 	78
1238200000000 1238300000180 	2600003466 6873156317 47136 	2599956330 47136 0 0 0 	1253961 47136 0 	314.548 	3 	78
1257400000000 1257500000032 	2800003530 7404002513 47138 	2799956392 47138 0 0 0 	1254013 47138 0 	310.304 	3 	78
1276600000000 1276700000160 	3000003850 7935195895 47142 	2999956708 47142 0 0 0 	1254115 47142 0 	306.353 	3 	78
1295800000000 1295900000242 	3200004334 8466596718 47143 	3199957191 47143 0 0 0 	1254201 47143 0 	302.72 	3 	78
1315000000000 1315100000152 	3400004638 8998444634 65198 	3399939440 65198 0 0 0 	1738940 65198 0 	310.002 	3 	78
1334200000000 1334300000048 	3600004734 9530563576 81089 	3599923645 81089 0 0 0 	2168109 81089 0 	316.598 	3 	78
1353400000000 1353500000011 	3800004756 10062939791 94901 	3799909855 94901 0 0 0 	2543698 94901 0 	322.584 	3 	78
1372600000000 1372700000210 	4000005176 10595590761 107125 	3999898051 107125 0 0 0 	2873160 107125 0 	328.077 	3 	78
1391800000000 1391900000468 	4200006112 11128491236 117603 	4199888509 117603 0 0 0 	3154272 117603 0 	333.051 	3 	78
1411000000000 1411100000365 	4400006842 11661597975 126966 	4399879876 126966 0 0 0 	3407338 126966 0 	337.545 	3 	78
1430200000000 1430300000352 	4600007546 12195000231 135098 	4599872448 135098 0 0 0 	3627812 135098 0 	341.593 	3 	78
1449400000000 1449500000178 	4800007902 12728667691 142429 	4799865473 142429 0 0 0 	3829398 142429 0 	345.249 	3 	78
1468600000000 1468700000230 	5000008362 13262488993 148682 	4999859680 148682 0 0 0 	3998143 148682 0 	348.518 	3 	78
1487800000000 1487900000400 	5200009162 13796558130 154175 	5199854987 154175 0 0 0 	4145916 154175 0 	351.448 	3 	78
1507000000000 1507100000249 	5400009660 14330860159 158902 	5399850758 158902 0 0 0 	4274236 158902 0 	354.064 	3 	78
1526200000000 1526300000110 	5600009880 14865477981 163169 	5599846711 163169 0 0 0 	4390618 163169 0 	356.408 	3 	78
1545400000000 1545500000189 	5800010258 15400322744 166796 	5799843462 166796 0 0 0 	4488316 166796 0 	358.548 	3 	78
1564600000000 1564700000375 	6000011008 15935393226 170016 	5999840992 170016 0 0 0 	4575302 170016 0 	360.426 	3 	78
1583800000000 1583900000160 	6200011328 16470635669 170018 	6199841310 170018 0 0 0 	4575463 170018 0 	356.111 	3 	78
1603000000000 1603100000159 	6400011646 17006104837 170020 	6399841626 170020 0 0 0 	4575540 170020 0 	351.987 	3 	78
1622200000000 1622300000000 	6600011646 17541810137 170025 	6599841621 170025 0 0 0 	4575617 170025 0 	348.032 	3 	78
1641400000000 1641500000152 	6800011950 18077893526 190011 	6799821939 190011 0 0 0 	5117784 190011 0 	351.229 	3 	78
1660600000000 1660700000000 	7000011950 18614220595 207962 	6999803988 207962 0 0 0 	5602287 207962 0 	354.241 	3 	78
1679800000000 1679900000476 	7200012902 19150720849 223993 	7199788909 223993 0 0 0 	6033639 223993 0 	357.017 	3 	78
1699000000000 1699100000011 	7400012924 19687432853 238490 	7399774434 238490 0 0 0 	6429332 238490 0 	359.641 	3 	78
1718200000000 1718300000381 	7600013686 20224313614 251679 	7599762007 251679 0 0 0 	6785867 251679 0 	362.045 	3 	78
1737400000000 1737500000468 	7800014622 20761477021 263380 	7799751242 263380 0 0 0 	7105074 263380 0 	364.311 	3 	78
1756600000000 1756700000365 	8000015352 21298783668 273874 	7999741478 273874 0 0 0 	7389747 273874 0 	366.386 	3 	78
1775800000000 1775900000368 	8200016088 21836289160 283307 	8199732781 283307 0 0 0 	7643714 283307 0 	368.336 	3 	78
1795000000000 1795100000120 	8400016328 22374021331 291856 	8399724472 291856 0 0 0 	7882413 291856 0 	370.107 	3 	78
1814200000000 1814300000178 	8600016684 22911970634 299569 	8599717115 299569 0 0 0 	8092117 299569 0 	371.767 	3 	78
1833400000000 1833500000230 	8800017144 23450094665 306463 	8799710681 306463 0 0 0 	8277637 306463 0 	373.257 	3 	78
1852600000000 1852700000320 	9000017784 23988418872 312615 	8999705169 312615 0 0 0 	8445422 312615 0 	374.646 	3 	78
1871800000000 1871900000290 	9200018364 24526849335 318311 	9199700053 318311 0 0 0 	8601383 318311 0 	375.891 	3 	78
1891000000000 1891100000249 	9400018862 25065531135 323247 	9399695615 323247 0 0 0 	8736228 323247 0 	377.044 	3 	78
1910200000000 1910300000110 	9600019082 25604370124 327696 	9599691386 327696 0 0 0 	8860651 327696 0 	378.078 	3 	78
1929400000000 1929500000189 	9800019460 26143406624 331778 	9799687682 331778 0 0 0 	8973518 331778 0 	379.028 	3 	78
1948600000000 1948700000375 	10000020210 26682673580 335543 	9999684667 335543 0 0 0 	9075731 335543 0 	379.85 	3 	78
1967800000000 1967900000074 	10200020358 27222042089 338931 	10199681427 338931 0 0 0 	9172264 338931 0 	380.595 	3 	78
1987000000000 1987100000353 	10400021064 27761666733 341973 	10399679091 341973 0 0 0 	9251799 341973 0 	381.235 	3 	78
2006200000000 2006300000044 	10600021152 28301410143 344603 	10599676549 344603 0 0 0 	9323028 344603 0 	381.805 	3 	78
2025400000000 2025500000091 	10800021334 28841375702 347073 	10799674261 347073 0 0 0 	9388435 347073 0 	382.276 	3 	78
2044600000000 2044700000307 	11000021948 29381548060 349279 	10999672669 349279 0 0 0 	9449756 349279 0 	382.699 	3 	78
2063800000000 2063900000314 	11200022576 29921845223 351228 	11199671348 351228 0 0 0 	9502552 351228 0 	383.027 	3 	78
2083000000000 2083100000173 	11400022922 30462401555 352995 	11399669927 352995 0 0 0 	9553514 352995 0 	383.296 	3 	78
2102200000000 2102300000352 	11600023626 31003082905 354598 	11599669028 354598 0 0 0 	9596616 354598 0 	383.476 	3 	78
2121400000000 2121500000376 	11800024378 31543944775 356049 	11799668329 356049 0 0 0 	9634171 356049 0 	383.617 	3 	78
2140600000000 2140700000026 	12000024430 32084936062 357372 	11999667058 357372 0 0 0 	9674083 357372 0 	383.673 	3 	78
2159800000000 2159900000285 	12200025000 32626148397 358521 	12199666479 358521 0 0 0 	9705797 358521 0 	383.695 	3 	78
2179000000000 2179100000308 	12400025616 33167502291 359569 	12399666047 359569 0 0 0 	9734666 359569 0 	383.651 	3 	78
2198200000000 2198300000278 	12600026172 33709023931 360587 	12599665585 360587 0 0 0 	9761936 360587 0 	383.56 	3 	78
2217400000000 2217500000368 	12800026908 34250780552 371156 	12799655752 371156 0 0 0 	10047117 371156 0 	384.644 	3 	78
2236600000000 2236700000352 	13000027612 34792701017 380876 	12999646736 380876 0 0 0 	10311230 380876 0 	385.659 	3 	78
2255800000000 2255900000120 	13200027852 35334719933 389831 	13199638021 389831 0 0 0 	10559314 389831 0 	386.616 	3 	78
2275000000000 2275100000355 	13400028562 35876924182 398030 	13399630532 398030 0 0 0 	10783170 398030 0 	387.486 	3 	78
2294200000000 2294300000230 	13600029022 36419319826 405551 	13599623471 405551 0 0 0 	10990330 405551 0 	388.29 	3 	78
2313400000000 2313500000320 	13800029662 36961925799 412517 	13799617145 412517 0 0 0 	11181994 412517 0 	389.041 	3 	78
2332600000000 2332700000400 	14000030462 37504623419 418841 	13999611621 418841 0 0 0 	11351634 418841 0 	389.741 	3 	78
2351800000000 2351900000249 	14200030960 38047432037 424710 	14199606250 424710 0 0 0 	11514026 424710 0 	390.358 	3 	78
2371000000000 2371100000088 	14400031136 38590380842 430052 	14399601084 430052 0 0 0 	11661459 430052 0 	390.927 	3 	78
2390200000000 2390300000110 	14600031356 39133521944 435044 	14599596312 435044 0 0 0 	11799280 435044 0 	391.459 	3 	78
2409400000000 2409500000189 	14800031734 39676801354 439532 	14799592202 439532 0 0 0 	11921741 439532 0 	391.945 	3 	78
2428600000000 2428700000060 	15000031854 40220266152 443595 	14999588259 443595 0 0 0 	12033185 443595 0 	392.386 	3 	78
2447800000000 2447900000074 	15200032002 40763794755 447441 	15199584561 447441 0 0 0 	12140231 447441 0 	392.748 	3 	78
2467000000000 2467100000320 	15400032642 41307553807 451036 	15399581606 451036 0 0 0 	12237780 451036 0 	393.079 	3 	78
2486200000000 2486300000353 	15600033348 41851463257 454401 	15599578947 454401 0 0 0 	12330908 454401 0 	393.369 	3 	78
2505400000000 2505500000044 	15800033436 42395508688 457361 	15799576075 457361 0 0 0 	12412066 457361 0 	393.617 	3 	78
2524600000000 2524700000228 	16000033892 42939705406 460184 	15999573708 460184 0 0 0 	12488499 460184 0 	393.837 	3 	78
2543800000000 2543900000307 	16200034506 43484032927 462742 	16199571764 462742 0 0 0 	12559789 462742 0 	393.994 	3 	78
2563000000000 2563100000100 	16400034706 44028499461 465027 	16399569679 465027 0 0 0 	12622485 465027 0 	394.113 	3 	78
2582200000000 2582300000314 	16600035334 44573059929 467139 	16599568195 467139 0 0 0 	12681171 467139 0 	394.206 	3 	78
2601400000000 2601500000173 	16800035680 45117778851 469144 	16799566536 469144 0 0 0 	12738501 469144 0 	394.263 	3 	78
2620600000000 2620700000330 	17000036340 45662669823 470954 	16999565386 470954 0 0 0 	12786874 470954 0 	394.295 	3 	78
2639800000000 2639900000376 	17200037092 46207696799 472587 	17199564505 472587 0 0 0 	12831514 472587 0 	394.268 	3 	78
2659000000000 2659100000290 	17400037672 46752858335 474188 	17399563484 474188 0 0 0 	12873731 474188 0 	394.218 	3 	78
2678200000000 2678300000026 	17600037724 47298143470 475567 	17599562157 475567 0 0 0 	12911831 475567 0 	394.135 	3 	78
2697400000000 2697500000285 	17800038294 47843537045 476844 	17799561450 476844 0 0 0 	12946224 476844 0 	394.03 	3 	78
2716600000000 2716700000151 	18000038596 48389099426 478094 	17999560502 478094 0 0 0 	12981143 478094 0 	393.904 	3 	78
2735800000000 2735900000278 	18200039152 48934714683 479152 	18199560000 479152 0 0 0 	13010054 479152 0 	393.722 	3 	78
2755000000000 2755100000208 	18400039568 49480543419 480213 	18399559355 480213 0 0 0 	13040499 480213 0 	393.52 	3 	78
2774200000000 2774300000120 	18600039808 50026531855 481161 	18599558647 481161 0 0 0 	13067117 481161 0 	393.299 	3 	78
2793400000000 2793500000296 	18800040400 50572579157 482032 	18799558368 482032 0 0 0 	13090397 482032 0 	393.06 	3 	78
2812600000000 2812700000320 	19000041040 51118807938 482855 	18999558185 482855 0 0 0 	13114310 482855 0 	392.778 	3 	78
2831800000000 2831900000350 	19200041740 51665085346 483606 	19199558134 483606 0 0 0 	13134477 483606 0 	392.479 	3 	78
2851000000000 2851100000264 	19400042268 52211522075 484251 	19399558017 484251 0 0 0 	13153078 484251 0 	392.163 	3 	78
2870200000000 2870300000328 	19600042924 52758098216 484857 	19599558067 484857 0 0 0 	13170187 484857 0 	391.83 	3 	78
2889400000000 2889500000080 	19800043084 53304823847 485438 	19799557646 485438 0 0 0 	13186540 485438 0 	391.48 	3 	78
2908600000000 2908700000044 	20000043172 53851700567 485939 	19999557233 485939 0 0 0 	13200751 485939 0 	391.09 	3 	78
2927800000000 2927900000044 	20200043260 54398614705 486431 	20199556829 486431 0 0 0 	13214032 486431 0 	390.685 	3 	78
2947000000000 2947100000032 	20400043324 54945746506 486866 	20399556458 486866 0 0 0 	13225414 486866 0 	390.265 	3 	78
2966200000000 2966300000250 	20600043824 55492962392 487256 	20599556568 487256 0 0 0 	13236600 487256 0 	389.829 	3 	78
2985400000000 2985500000236 	20800044296 56040324225 487609 	20799556687 487609 0 0 0 	13245825 487609 0 	389.379 	3 	78
3004600000000 3004700000112 	21000044520 56587783875 487947 	20999556573 487947 0 0 0 	13255412 487947 0 	388.891 	3 	78
3023800000000 3023900000278 	21200045076 57135397946 488226 	21199556850 488226 0 0 0 	13262926 488226 0 	388.4 	3 	78
3043000000000 3043100000296 	21400045668 57683150362 488487 	21399557181 488487 0 0 0 	13270091 488487 0 	387.896 	3 	78
3062200000000 3062300000254 	21600046176 58230983338 488757 	21599557419 488757 0 0 0 	13277461 488757 0 	387.379 	3 	78
3081400000000 3081500000032 	21800046240 58778921211 489004 	21799557236 489004 0 0 0 	13284270 489004 0 	386.848 	3 	78
3100600000000 3100700000353 	22000046946 59327014383 492677 	21999554269 492677 0 0 0 	13385464 492677 0 	387.103 	3 	78
3119800000000 3119900000044 	22200047034 59875194643 496002 	22199551032 496002 0 0 0 	13477103 496002 0 	387.33 	3 	78
3139000000000 3139100000228 	22400047490 60423503759 499162 	22399548328 499162 0 0 0 	13562558 499162 0 	387.537 	3 	78
3158200000000 3158300000091 	22600047672 60971970138 502214 	22599545458 502214 0 0 0 	13646415 502214 0 	387.717 	3 	78
3177400000000 3177500000091 	22800047854 61520517941 505133 	22799542721 505133 0 0 0 	13728897 505133 0 	387.894 	3 	78
3196600000000 3196700000307 	23000048468 62069159066 507740 	22999540728 507740 0 0 0 	13798680 507740 0 	388.052 	3 	78
3215800000000 3215900000100 	23200048668 62617934496 510113 	23199538555 510113 0 0 0 	13865736 510113 0 	388.184 	3 	78
3235000000000 3235100000314 	23400049296 63166834051 512439 	23399536857 512439 0 0 0 	13930703 512439 0 	388.298 	3 	78
3254200000000 3254300000173 	23600049642 63715858612 514567 	23599535075 514567 0 0 0 	13989641 514567 0 	388.387 	3 	78
3273400000000 3273500000330 	23800050302 64265019735 516600 	23799533702 516600 0 0 0 	14047703 516600 0 	388.458 	3 	78
3292600000000 3292700000352 	24000051006 64814267730 518554 	23999532452 518554 0 0 0 	14100402 518554 0 	388.503 	3 	78
3311800000000 3311900000376 	24200051758 65363572416 520351 	24199531407 520351 0 0 0 	14149577 520351 0 	388.532 	3 	78
3331000000000 3331100000290 	24400052338 65912967840 521984 	24399530354 521984 0 0 0 	14194198 521984 0 	388.544 	3 	78
3350200000000 3350300000026 	24600052390 66462526048 523544 	24599528846 523544 0 0 0 	14238548 523544 0 	388.531 	3 	78
3369400000000 3369500000285 	24800052960 67012190698 524993 	24799527967 524993 0 0 0 	14278835 524993 0 	388.502 	3 	78
3388600000000 3388700000151 	25000053262 67561970996 526290 	24999526972 526290 0 0 0 	14314755 526290 0 	388.458 	3 	78
3407800000000 3407900000308 	25200053878 68111820209 527505 	25199526373 527505 0 0 0 	14348426 527505 0 	388.397 	3 	78
3427000000000 3427100000278 	25400054434 68661777217 528697 	25399525737 528697 0 0 0 	14380408 528697 0 	388.313 	3 	78
3446200000000 3446300000208 	25600054850 69211816082 529758 	25599525092 529758 0 0 0 	14409655 529758 0 	388.214 	3 	78
3465400000000 3465500000120 	25800055090 69762023247 530777 	25799524313 530777 0 0 0 	14438921 530777 0 	388.1 	3 	78
3484600000000 3484700000296 	26000055682 70312296422 531770 	25999523912 531770 0 0 0 	14466143 531770 0 	387.971 	3 	78
3503800000000 3503900000270 	26200056222 70862731164 532724 	26199523498 532724 0 0 0 	14492649 532724 0 	387.827 	3 	78
3523000000000 3523100000320 	26400056862 71413205887 533580 	26399523282 533580 0 0 0 	14517181 533580 0 	387.668 	3 	78
3542200000000 3542300000350 	26600057562 71963814634 534414 	26599523148 534414 0 0 0 	14539625 534414 0 	387.496 	3 	78
3561400000000 3561500000264 	26800058090 72514519442 535173 	26799522917 535173 0 0 0 	14560088 535173 0 	387.309 	3 	78
3580600000000 3580700000328 	27000058746 73065293827 535846 	26999522900 535846 0 0 0 	14579570 535846 0 	387.109 	3 	78
3599800000000 3599900000080 	27200058906 73616177698 536494 	27199522412 536494 0 0 0 	14598007 536494 0 	386.895 	3 	78
3619000000000 3619100000140 	27400059186 74167180786 537100 	27399522086 537100 0 0 0 	14615638 537100 0 	386.667 	3 	78
3638200000000 3638300000044 	27600059274 74718244325 537677 	27599521597 537677 0 0 0 	14631213 537677 0 	386.426 	3 	78
3657400000000 3657500000044 	27800059362 75269486218 538197 	27799521165 538197 0 0 0 	14645485 538197 0 	386.171 	3 	78
3676600000000 3676700000032 	28000059426 75820788802 538677 	27999520749 538677 0 0 0 	14658421 538677 0 	385.904 	3 	78
3695800000000 3695900000250 	28200059926 76372211239 539111 	28199520815 539111 0 0 0 	14670504 539111 0 	385.623 	3 	78
3715000000000 3715100000236 	28400060398 76923724050 539500 	28399520898 539500 0 0 0 	14681037 539500 0 	385.33 	3 	78
3734200000000 3734300000228 	28600060854 77475350924 539938 	28599520916 539938 0 0 0 	14691864 539938 0 	385.024 	3 	78
3753400000000 3753500000228 	28800061310 78027048618 540349 	28799520961 540349 0 0 0 	14702878 540349 0 	384.722 	3 	78
3772600000000 3772700000112 	29000061534 78578877864 540727 	28999520807 540727 0 0 0 	14712948 540727 0 	384.408 	3 	78
3791800000000 3791900000278 	29200062090 79130802323 541055 	29199521035 541055 0 0 0 	14721358 541055 0 	384.091 	3 	78
3811000000000 3811100000296 	29400062682 79682760200 541394 	29399521288 541394 0 0 0 	14730767 541394 0 	383.761 	3 	78
3830200000000 3830300000254 	29600063190 80234840888 541689 	29599521501 541689 0 0 0 	14739808 541689 0 	383.419 	3 	78
3849400000000 3849500000032 	29800063254 80787043836 541950 	29799521304 541950 0 0 0 	14746965 541950 0 	383.065 	3 	78
3868600000000 3868700000320 	30000063894 81339298006 542217 	29999521677 542217 0 0 0 	14754616 542217 0 	382.707 	3 	78
3887800000000 3887900000268 	30200064430 81891661816 542471 	30199521959 542471 0 0 0 	14761535 542471 0 	382.338 	3 	78
3907000000000 3907100000060 	30400064550 82444152011 542697 	30399521853 542697 0 0 0 	14767298 542697 0 	381.957 	3 	78
3926200000000 3926300000230 	30600065010 82996741429 542912 	30599522098 542912 0 0 0 	14773716 542912 0 	381.565 	3 	78
3945400000000 3945500000208 	30800065426 83549408812 543116 	30799522310 543116 0 0 0 	14780229 543116 0 	381.169 	3 	78
3964600000000 3964700000197 	31000065820 84102133259 543294 	30999522526 543294 0 0 0 	14785467 543294 0 	380.762 	3 	78
3983800000000 3983900000174 	31200066168 84654986173 543457 	31199522711 543457 0 0 0 	14789371 543457 0 	380.353 	3 	78
4003000000000 4003100000008 	31400066184 85207888821 543634 	31399522550 543634 0 0 0 	14794859 543634 0 	379.932 	3 	78
4022200000000 4022300000320 	31600066824 85760941164 543800 	31599523024 543800 0 0 0 	14799383 543800 0 	379.5 	3 	78
4041400000000 4041500000167 	31800067158 86314084336 543954 	31799523204 543954 0 0 0 	14804735 543954 0 	379.065 	3 	78
4060600000000 4060700000120 	32000067398 86867270199 544075 	31999523323 544075 0 0 0 	14808029 544075 0 	378.62 	3 	78
4079800000000 4079900000188 	32200067774 87420566020 544207 	32199523567 544207 0 0 0 	14811475 544207 0 	378.172 	3 	78
4099000000000 4099100000096 	32400067966 87973930979 544328 	32399523638 544328 0 0 0 	14814693 544328 0 	377.713 	3 	78
4118200000000 4118300000215 	32600068396 88527425155 544432 	32599523964 544432 0 0 0 	14817353 544432 0 	377.252 	3 	78
4137400000000 4137500000057 	32800068510 89081003065 544531 	32799523979 544531 0 0 0 	14820089 544531 0 	376.781 	3 	78
4156600000000 4156700000056 	33000068622 89634627484 544623 	32999523999 544623 0 0 0 	14822614 544623 0 	376.307 	3 	78
4175800000000 4175900000110 	33200068842 90188329919 544714 	33199524128 544714 0 0 0 	14824880 544714 0 	375.823 	3 	78
4195000000000 4195100000125 	33400069092 90742114332 544798 	33399524294 544798 0 0 0 	14827245 544798 0 	375.337 	3 	78
4214200000000 4214300000031 	33600069154 91296020811 544879 	33599524275 544879 0 0 0 	14830082 544879 0 	374.84 	3 	78
4233400000000 4233500000188 	33800069530 91850030545 544944 	33799524586 544944 0 0 0 	14831941 544944 0 	374.342 	3 	78
4252600000000 4252700000192 	34000069914 92404131021 545016 	33999524898 545016 0 0 0 	14834112 545016 0 	373.833 	3 	78
4271800000000 4271900000302 	34200070518 92958273717 545083 	34199525435 545083 0 0 0 	14835763 545083 0 	373.323 	3 	78
4291000000000 4291100000052 	34400070622 93512524491 545135 	34399525487 545135 0 0 0 	14837076 545135 0 	372.811 	3 	78
4310200000000 4310300000208 	34600071038 94066852838 546328 	34599524710 546328 0 0 0 	14869021 546328 0 	372.829 	3 	78
4329400000000 4329500000120 	34800071278 94621246882 547477 	34799523801 547477 0 0 0 	14901721 547477 0 	372.836 	3 	78
4348600000000 4348700000296 	35000071870 95175779156 548504 	34999523366 548504 0 0 0 	14930592 548504 0 	372.831 	3 	78
4367800000000 4367900000296 	35200072462 95730371962 549509 	35199522953 549509 0 0 0 	14958722 549509 0 	372.826 	3 	78
4387000000000 4387100000270 	35400073002 96285028924 550511 	35399522491 550511 0 0 0 	14987136 550511 0 	372.81 	3 	78
4406200000000 4406300000320 	35600073642 96839813956 551481 	35599522161 551481 0 0 0 	15013866 551481 0 	372.783 	3 	78
4425400000000 4425500000350 	35800074342 97394646603 552369 	35799521973 552369 0 0 0 	15038434 552369 0 	372.744 	3 	78
4444600000000 4444700000264 	36000074870 97949593647 553224 	35999521646 553224 0 0 0 	15061794 553224 0 	372.694 	3 	78
4463800000000 4463900000264 	36200075398 98504640447 554098 	36199521300 554098 0 0 0 	15086771 554098 0 	372.645 	3 	78
4483000000000 4483100000328 	36400076054 99059720438 554898 	36399521156 554898 0 0 0 	15110781 554898 0 	372.585 	3 	78
4502200000000 4502300000080 	36600076214 99614883942 555632 	36599520582 555632 0 0 0 	15132840 555632 0 	372.514 	3 	78
4521400000000 4521500000140 	36800076494 100170124451 556262 	36799520232 556262 0 0 0 	15150757 556262 0 	372.432 	3 	78
4540600000000 4540700000140 	37000076774 100725447498 556888 	36999519886 556888 0 0 0 	15170697 556888 0 	372.351 	3 	78
4559800000000 4559900000044 	37200076862 101280865182 557449 	37199519413 557449 0 0 0 	15186244 557449 0 	372.259 	3 	78
4579000000000 4579100000044 	37400076950 101836349715 558050 	37399518900 558050 0 0 0 	15203779 558050 0 	372.156 	3 	78
4598200000000 4598300000032 	37600077014 102391903249 558613 	37599518401 558613 0 0 0 	15219588 558613 0 	372.043 	3 	78
4617400000000 4617500000032 	37800077078 102947593996 559150 	37799517928 559150 0 0 0 	15234595 559150 0 	371.931 	3 	78
4636600000000 4636700000250 	38000077578 103503291917 559669 	37999517909 559669 0 0 0 	15249837 559669 0 	371.808 	3 	78
4655800000000 4655900000236 	38200078050 104059050399 560168 	38199517882 560168 0 0 0 	15264708 560168 0 	371.675 	3 	78
4675000000000 4675100000228 	38400078506 104614884013 560596 	38399517910 560596 0 0 0 	15277329 560596 0 	371.531 	3 	78
4694200000000 4694300000112 	38600078730 105170829601 561041 	38599517689 561041 0 0 0 	15289404 561041 0 	371.377 	3 	78
4713400000000 4713500000112 	38800078954 105726849780 561459 	38799517495 561459 0 0 0 	15301545 561459 0 	371.225 	3 	78
4732600000000 4732700000278 	39000079510 106282936006 561855 	38999517655 561855 0 0 0 	15312911 561855 0 	371.069 	3 	78
4751800000000 4751900000296 	39200080102 106839136034 562243 	39199517859 562243 0 0 0 	15324273 562243 0 	370.902 	3 	78
4771000000000 4771100000254 	39400080610 107395404727 562561 	39399518049 562561 0 0 0 	15332470 562561 0 	370.725 	3 	78
4790200000000 4790300000254 	39600081118 107951816528 562897 	39599518221 562897 0 0 0 	15341994 562897 0 	370.549 	3 	78
4809400000000 4809500000032 	39800081182 108508212952 563215 	39799517967 563215 0 0 0 	15350929 563215 0 	370.364 	3 	78
4828600000000 4828700000320 	40000081822 109064673509 563515 	39999518307 563515 0 0 0 	15359307 563515 0 	370.175 	3 	78
4847800000000 4847900000268 	40200082358 109621239039 563815 	40199518543 563815 0 0 0 	15368023 563815 0 	369.976 	3 	78
4867000000000 4867100000060 	40400082478 110177876418 564072 	40399518406 564072 0 0 0 	15374271 564072 0 	369.766 	3 	78
4886200000000 4886300000060 	40600082598 110734578106 564326 	40599518272 564326 0 0 0 	15382072 564326 0 	369.559 	3 	78
4905400000000 4905500000230 	40800083058 111291407815 564572 	40799518486 564572 0 0 0 	15388877 564572 0 	369.342 	3 	78
4924600000000 4924700000208 	41000083474 111848276545 564821 	40999518653 564821 0 0 0 	15396300 564821 0 	369.121 	3 	78
4943800000000 4943900000197 	41200083868 112405250690 565045 	41199518823 565045 0 0 0 	15403104 565045 0 	368.891 	3 	78
4963000000000 4963100000197 	41400084262 112962281572 565230 	41399519032 565230 0 0 0 	15408222 565230 0 	368.662 	3 	78
4982200000000 4982300000174 	41600084610 113519355328 565435 	41599519175 565435 0 0 0 	15414302 565435 0 	368.431 	3 	78
5001400000000 5001500000008 	41800084626 114076559105 565614 	41799519012 565614 0 0 0 	15420107 565614 0 	368.189 	3 	78
5020600000000 5020700000320 	42000085266 114633782475 565806 	41999519460 565806 0 0 0 	15424668 565806 0 	367.938 	3 	78
5039800000000 5039900000167 	42200085600 115191062321 565962 	42199519638 565962 0 0 0 	15428564 565962 0 	367.683 	3 	78
5059000000000 5059100000167 	42400085934 115748499834 566113 	42399519821 566113 0 0 0 	15432270 566113 0 	367.431 	3 	78
5078200000000 5078300000120 	42600086174 116305924386 566245 	42599519929 566245 0 0 0 	15435955 566245 0 	367.169 	3 	78
5097400000000 5097500000188 	42800086550 116863452863 566380 	42799520170 566380 0 0 0 	15439958 566380 0 	366.904 	3 	78
5116600000000 5116700000096 	43000086742 117421061172 566535 	42999520207 566535 0 0 0 	15444983 566535 0 	366.629 	3 	78
5135800000000 5135900000096 	43200086934 117978779111 566662 	43199520272 566662 0 0 0 	15448449 566662 0 	366.358 	3 	78
5155000000000 5155100000215 	43400087364 118536497015 566801 	43399520563 566801 0 0 0 	15452533 566801 0 	366.083 	3 	78
5174200000000 5174300000057 	43600087478 119094328634 566912 	43599520566 566912 0 0 0 	15455939 566912 0 	365.798 	3 	78
5193400000000 5193500000056 	43800087590 119652226664 567016 	43799520574 567016 0 0 0 	15459057 567016 0 	365.51 	3 	78
5212600000000 5212700000056 	44000087702 120210185312 567105 	43999520597 567105 0 0 0 	15461157 567105 0 	365.225 	3 	78
5231800000000 5231900000110 	44200087922 120768176435 567196 	44199520726 567196 0 0 0 	15463558 567196 0 	364.931 	3 	78
5251000000000 5251100000125 	44400088172 121326275421 567273 	44399520899 567273 0 0 0 	15465918 567273 0 	364.634 	3 	78
5270200000000 5270300000031 	44600088234 121884432950 567359 	44599520875 567359 0 0 0 	15468023 567359 0 	364.327 	3 	78
5289400000000 5289500000188 	44800088610 122442669470 567441 	44799521169 567441 0 0 0 	15470069 567441 0 	364.018 	3 	78
5308600000000 5308700000188 	45000088986 123000951735 567530 	44999521456 567530 0 0 0 	15472512 567530 0 	363.711 	3 	78
5327800000000 5327900000192 	45200089370 123559344590 567622 	45199521748 567622 0 0 0 	15474834 567622 0 	363.395 	3 	78
5347000000000 5347100000302 	45400089974 124117814562 567704 	45399522270 567704 0 0 0 	15477252 567704 0 	363.076 	3 	78
5366200000000 5366300000052 	45600090078 124676315975 567776 	45599522302 567776 0 0 0 	15479590 567776 0 	362.755 	3 	78
5385400000000 5385500000052 	45800090182 125234871105 567832 	45799522350 567832 0 0 0 	15480780 567832 0 	362.436 	3 	78
5404600000000 5404700000200 	46000090582 125793537509 567901 	45999522681 567901 0 0 0 	15482671 567901 0 	362.109 	3 	78
5423800000000 5423900000251 	46200091084 126352264753 567966 	46199523118 567966 0 0 0 	15484468 567966 0 	361.778 	3 	78
5443000000000 5443100000197 	46400091478 126911114048 568019 	46399523459 568019 0 0 0 	15485762 568019 0 	361.438 	3 	78
5462200000000 5462300000048 	46600091574 127469962788 568079 	46599523495 568079 0 0 0 	15487182 568079 0 	361.096 	3 	78
5481400000000 5481500000048 	46800091670 128028917849 568137 	46799523533 568137 0 0 0 	15488975 568137 0 	360.757 	3 	78
5500600000000 5500700000280 	47000092230 128587867120 568188 	46999524042 568188 0 0 0 	15490021 568188 0 	360.415 	3 	78
5519800000000 5519900000021 	47200092272 129146985274 568223 	47199524049 568223 0 0 0 	15491323 568223 0 	360.064 	3 	78
5539000000000 5539100000072 	47400092416 129706122158 568255 	47399524161 568255 0 0 0 	15492275 568255 0 	359.71 	3 	78
5558200000000 5558300000072 	47600092560 130265266513 568298 	47599524262 568298 0 0 0 	15493487 568298 0 	359.36 	3 	78
5577400000000 5577500000113 	47800092786 130824567523 568334 	47799524452 568334 0 0 0 	15494353 568334 0 	359.007 	3 	78
5596600000000 5596700000069 	48000092924 131383880518 568369 	47999524555 568369 0 0 0 	15495560 568369 0 	358.645 	3 	78
5615800000000 5615900000224 	48200093372 131943252864 568403 	48199524969 568403 0 0 0 	15496547 568403 0 	358.28 	3 	78
5635000000000 5635100000224 	48400093820 132502758577 568447 	48399525373 568447 0 0 0 	15497952 568447 0 	357.919 	3 	78
5654200000000 5654300000271 	48600094362 133062304844 568487 	48599525875 568487 0 0 0 	15498996 568487 0 	357.556 	3 	78
5673400000000 5673500000186 	48800094734 133621851822 568510 	48799526224 568510 0 0 0 	15499594 568510 0 	357.189 	3 	78
5692600000000 5692700000092 	49000094918 134181522554 568539 	48999526379 568539 0 0 0 	15500393 568539 0 	356.814 	3 	78
5711800000000 5711900000031 	49200094980 134741270185 568563 	49199526417 568563 0 0 0 	15501468 568563 0 	356.436 	3 	78
5731000000000 5731100000031 	49400095042 135300986244 568584 	49399526458 568584 0 0 0 	15502346 568584 0 	356.062 	3 	78
5750200000000 5750300000020 	49600095082 135860858154 568613 	49599526469 568613 0 0 0 	15503094 568613 0 	355.685 	3 	78
5769400000000 5769500000032 	49800095146 136420747931 568642 	49799526504 568642 0 0 0 	15503893 568642 0 	355.306 	3 	78
5788600000000 5788700000040 	50000095226 136980691795 568661 	49999526565 568661 0 0 0 	15504359 568661 0 	354.924 	3 	78
5807800000000 5807900000040 	50200095306 137540698583 568685 	50199526621 568685 0 0 0 	15504938 568685 0 	354.546 	3 	78
5827000000000 5827100000214 	50400095734 138100739952 568706 	50399527028 568706 0 0 0 	15505535 568706 0 	354.159 	3 	78
5846200000000 5846300000047 	50600095828 138660869053 568723 	50599527105 568723 0 0 0 	15506097 568723 0 	353.77 	3 	78
5865400000000 5865500000044 	50800095916 139221107622 568738 	50799527178 568738 0 0 0 	15506541 568738 0 	353.378 	3 	78
5884600000000 5884700000175 	51000096266 139781394635 568760 	50999527506 568760 0 0 0 	15507269 568760 0 	352.983 	3 	78
5903800000000 5903900000175 	51200096616 140341730641 568777 	51199527839 568777 0 0 0 	15507664 568777 0 	352.593 	3 	78
5923000000000 5923100000136 	51400096888 140902098295 568786 	51399528102 568786 0 0 0 	15507849 568786 0 	352.2 	3 	78
5942200000000 5942300000173 	51600097234 141462565268 568804 	51599528430 568804 0 0 0 	15508481 568804 0 	351.804 	3 	78
5961400000000 5961500000084 	51800097402 142023078135 568824 	51799528578 568824 0 0 0 	15508858 568824 0 	351.4 	3 	78
5980600000000 5980700000084 	52000097570 142583613571 568836 	51999528734 568836 0 0 0 	15509219 568836 0 	350.999 	3 	78
5999800000000 5999900000170 	52200097910 143144284071 568850 	52199529060 568850 0 0 0 	15509533 568850 0 	350.596 	3 	78
6019000000000 6019100000212 	52400098334 143705020730 568861 	52399529473 568861 0 0 0 	15509861 568861 0 	350.191 	3 	78
6038200000000 6038300000320 	52600098974 144265765614 569231 	52599529743 569231 0 0 0 	15520175 569231 0 	350.134 	3 	78
6057400000000 6057500000268 	52800099510 144826619238 569554 	52799529956 569554 0 0 0 	15528591 569554 0 	350.07 	3 	78
6076600000000 6076700000268 	53000100046 145387569606 569840 	52999530206 569840 0 0 0 	15537177 569840 0 	350.007 	3 	78
6095800000000 6095900000060 	53200100166 145948481943 570092 	53199530074 570092 0 0 0 	15544076 570092 0 	349.935 	3 	78
6115000000000 6115100000230 	53400100626 146509465662 570371 	53399530255 570371 0 0 0 	15552005 570371 0 	349.856 	3 	78
6134200000000 6134300000230 	53600101086 147070575304 570640 	53599530446 570640 0 0 0 	15560024 570640 0 	349.778 	3 	78
6153400000000 6153500000208 	53800101502 147631699420 570885 	53799530617 570885 0 0 0 	15567373 570885 0 	349.696 	3 	78
6172600000000 6172700000208 	54000101918 148192888387 571098 	53999530820 571098 0 0 0 	15573022 571098 0 	349.614 	3 	78
6191800000000 6191900000197 	54200102312 148754111871 571346 	54199530966 571346 0 0 0 	15580456 571346 0 	349.525 	3 	78
6211000000000 6211100000174 	54400102660 149315419585 571601 	54399531059 571601 0 0 0 	15588581 571601 0 	349.432 	3 	78
6230200000000 6230300000174 	54600103008 149876781499 571808 	54599531200 571808 0 0 0 	15593534 571808 0 	349.34 	3 	78
6249400000000 6249500000008 	54800103024 150438206677 572011 	54799531013 572011 0 0 0 	15599117 572011 0 	349.241 	3 	78
6268600000000 6268700000320 	55000103664 150999747586 572226 	54999531438 572226 0 0 0 	15605005 572226 0 	349.133 	3 	78
6287800000000 6287900000320 	55200104304 151561275642 572412 	55199531892 572412 0 0 0 	15610061 572412 0 	349.027 	3 	78
6307000000000 6307100000167 	55400104638 152122874675 572604 	55399532034 572604 0 0 0 	15615444 572604 0 	348.917 	3 	78
6326200000000 6326300000167 	55600104972 152684490816 572774 	55599532198 572774 0 0 0 	15620270 572774 0 	348.808 	3 	78
6345400000000 6345500000120 	55800105212 153246133926 572932 	55799532280 572932 0 0 0 	15625292 572932 0 	348.691 	3 	78
6364600000000 6364700000188 	56000105588 153807916303 573093 	55999532495 573093 0 0 0 	15630155 573093 0 	348.571 	3 	78
6383800000000 6383900000188 	56200105964 154369769075 573257 	56199532707 573257 0 0 0 	15635113 573257 0 	348.451 	3 	78
6403000000000 6403100000096 	56400106156 154931641643 573422 	56399532734 573422 0 0 0 	15639767 573422 0 	348.325 	3 	78
6422200000000 6422300000096 	56600106348 155493538329 573560 	56599532788 573560 0 0 0 	15643508 573560 0 	348.199 	3 	78
6441400000000 6441500000215 	56800106778 156055492312 573689 	56799533089 573689 0 0 0 	15646804 573689 0 	348.07 	3 	78
6460600000000 6460700000057 	57000106892 156617545709 573810 	56999533082 573810 0 0 0 	15650420 573810 0 	347.933 	3 	78
6479800000000 6479900000057 	57200107006 157179696472 573937 	57199533069 573937 0 0 0 	15653641 573937 0 	347.797 	3 	78
6499000000000 6499100000056 	57400107118 157741917633 574057 	57399533061 574057 0 0 0 	15657034 574057 0 	347.658 	3 	78
6518200000000 6518300000110 	57600107338 158304147215 574196 	57599533142 574196 0 0 0 	15660123 574196 0 	347.512 	3 	78
6537400000000 6537500000110 	57800107558 158866439121 574319 	57799533239 574319 0 0 0 	15663502 574319 0 	347.366 	3 	78
6556600000000 6556700000125 	58000107808 159428796486 574433 	57999533375 574433 0 0 0 	15666248 574433 0 	347.217 	3 	78
6575800000000 6575900000125 	58200108058 159991127843 574524 	58199533534 574524 0 0 0 	15668556 574524 0 	347.07 	3 	78
6595000000000 6595100000031 	58400108120 160553535953 574623 	58399533497 574623 0 0 0 	15671214 574623 0 	346.915 	3 	78
6614200000000 6614300000188 	58600108496 161116052313 574713 	58599533783 574713 0 0 0 	15673911 574713 0 	346.757 	3 	78
6633400000000 6633500000188 	58800108872 161678609836 574794 	58799534078 574794 0 0 0 	15676236 574794 0 	346.6 	3 	78
6652600000000 6652700000192 	59000109256 162241200451 574874 	58999534382 574874 0 0 0 	15678707 574874 0 	346.435 	3 	78
6671800000000 6671900000192 	59200109640 162803891481 574939 	59199534701 574939 0 0 0 	15680410 574939 0 	346.272 	3 	78
6691000000000 6691100000302 	59400110244 163366588692 575013 	59399535231 575013 0 0 0 	15682215 575013 0 	346.105 	3 	78
6710200000000 6710300000052 	59600110348 163929346535 575083 	59599535265 575083 0 0 0 	15684114 575083 0 	345.936 	3 	78
6729400000000 6729500000052 	59800110452 164492171152 575144 	59799535308 575144 0 0 0 	15685730 575144 0 	345.768 	3 	78
6748600000000 6748700000200 	60000110852 165055070021 575221 	59999535631 575221 0 0 0 	15687864 575221 0 	345.592 	3 	78
6767800000000 6767900000251 	60200111354 165617994603 575290 	60199536064 575290 0 0 0 	15689925 575290 0 	345.413 	3 	78
6787000000000 6787100000251 	60400111856 166181016723 575342 	60399536514 575342 0 0 0 	15691477 575342 0 	345.236 	3 	78
6806200000000 6806300000197 	60600112250 166744082227 575388 	60599536862 575388 0 0 0 	15692643 575388 0 	345.051 	3 	78
6825400000000 6825500000197 	60800112644 167307183045 575445 	60799537199 575445 0 0 0 	15693987 575445 0 	344.867 	3 	78
6844600000000 6844700000048 	61000112740 167870238732 575501 	60999537239 575501 0 0 0 	15695492 575501 0 	344.68 	3 	78
6863800000000 6863900000280 	61200113300 168433472857 575551 	61199537749 575551 0 0 0 	15696998 575551 0 	344.491 	3 	78
6883000000000 6883100000280 	61400113860 168996759799 575604 	61399538256 575604 0 0 0 	15698678 575604 0 	344.303 	3 	78
6902200000000 6902300000021 	61600113902 169560035200 575666 	61599538236 575666 0 0 0 	15700938 575666 0 	344.107 	3 	78
6921400000000 6921500000072 	61800114046 170123421847 575723 	61799538323 575723 0 0 0 	15702681 575723 0 	343.908 	3 	78
6940600000000 6940700000072 	62000114190 170686837395 575784 	61999538406 575784 0 0 0 	15704343 575784 0 	343.711 	3 	78
6959800000000 6959900000113 	62200114416 171250339478 575827 	62199538589 575827 0 0 0 	15705601 575827 0 	343.511 	3 	78
6979000000000 6979100000113 	62400114642 171813840620 575873 	62399538769 575873 0 0 0 	15706994 575873 0 	343.313 	3 	78
6998200000000 6998300000069 	62600114780 172377436843 575923 	62599538857 575923 0 0 0 	15708540 575923 0 	343.107 	3 	78
7017400000000 7017500000224 	62800115228 172941055256 575968 	62799539260 575968 0 0 0 	15709739 575968 0 	342.898 	3 	78
7036600000000 7036700000224 	63000115676 173504720664 576012 	62999539664 576012 0 0 0 	15710996 576012 0 	342.69 	3 	78
7055800000000 7055900000271 	63200116218 174068443497 576077 	63199540141 576077 0 0 0 	15712323 576077 0 	342.48 	3 	78
7075000000000 7075100000271 	63400116760 174632241793 576107 	63399540653 576107 0 0 0 	15713206 576107 0 	342.271 	3 	78
7094200000000 7094300000186 	63600117132 175196027862 576137 	63599540995 576137 0 0 0 	15713759 576137 0 	342.06 	3 	78
7113400000000 7113500000092 	63800117316 175759942341 576168 	63799541148 576168 0 0 0 	15714466 576168 0 	341.841 	3 	78
7132600000000 7132700000092 	64000117500 176323868961 576191 	63999541309 576191 0 0 0 	15715232 576191 0 	341.623 	3 	78
7151800000000 7151900000031 	64200117562 176887859672 576213 	64199541349 576213 0 0 0 	15715686 576213 0 	341.403 	3 	78
7171000000000 7171100000020 	64400117602 177451902554 576245 	64399541357 576245 0 0 0 	15716619 576245 0 	341.18 	3 	78
7190200000000 7190300000020 	64600117642 178016009524 576284 	64599541358 576284 0 0 0 	15717724 576284 0 	340.958 	3 	78
7209400000000 7209500000032 	64800117706 178580212959 576314 	64799541392 576314 0 0 0 	15718621 576314 0 	340.734 	3 	78
7228600000000 7228700000032 	65000117770 179144426753 576334 	64999541436 576334 0 0 0 	15719401 576334 0 	340.511 	3 	78
7247800000000 7247900000040 	65200117850 179708694484 576351 	65199541499 576351 0 0 0 	15719869 576351 0 	340.286 	3 	78
7267000000000 7267100000214 	65400118278 180272972408 576371 	65399541907 576371 0 0 0 	15720277 576371 0 	340.053 	3 	78
7286200000000 7286300000214 	65600118706 180837248686 576397 	65599542309 576397 0 0 0 	15720822 576397 0 	339.821 	3 	78
7305400000000 7305500000047 	65800118800 181401637487 576420 	65799542380 576420 0 0 0 	15721408 576420 0 	339.587 	3 	78
7324600000000 7324700000044 	66000118888 181966083063 576443 	65999542445 576443 0 0 0 	15721956 576443 0 	339.35 	3 	78
7343800000000 7343900000044 	66200118976 182530601445 576465 	66199542511 576465 0 0 0 	15722583 576465 0 	339.115 	3 	78
7363000000000 7363100000175 	66400119326 183095128248 576485 	66399542841 576485 0 0 0 	15723062 576485 0 	338.877 	3 	78
7382200000000 7382300000175 	66600119676 183659750938 576501 	66599543175 576501 0 0 0 	15723787 576501 0 	338.641 	3 	78
7401400000000 7401500000136 	66800119948 184224368050 576519 	66799543429 576519 0 0 0 	15724480 576519 0 	338.402 	3 	78
7420600000000 7420700000173 	67000120294 184789067387 576532 	66999543762 576532 0 0 0 	15724874 576532 0 	338.16 	3 	78
7439800000000 7439900000173 	67200120640 185353835726 576550 	67199544090 576550 0 0 0 	15725202 576550 0 	337.92 	3 	78
7459000000000 7459100000084 	67400120808 185918669830 576562 	67399544246 576562 0 0 0 	15725587 576562 0 	337.673 	3 	78
7478200000000 7478300000084 	67600120976 186483509475 576572 	67599544404 576572 0 0 0 	15725868 576572 0 	337.427 	3 	78
7497400000000 7497500000170 	67800121316 187048405697 576588 	67799544728 576588 0 0 0 	15726215 576588 0 	337.179 	3 	78
7516600000000 7516700000212 	68000121740 187613373805 576606 	67999545134 576606 0 0 0 	15726749 576606 0 	336.927 	3 	78
7535800000000 7535900000212 	68200122164 188178417403 576616 	68199545548 576616 0 0 0 	15726888 576616 0 	336.678 	3 	78
7555000000000 7555100000180 	68400122524 188743355423 576625 	68399545899 576625 0 0 0 	15727029 576625 0 	336.426 	3 	78
7574200000000 7574300000044 	68600122612 189308478524 576635 	68599545977 576635 0 0 0 	15727182 576635 0 	336.171 	3 	78
7593400000000 7593500000044 	68800122700 189873606925 576650 	68799546050 576650 0 0 0 	15727721 576650 0 	335.918 	3 	78
7612600000000 7612700000040 	69000122780 190438780573 576657 	68999546123 576657 0 0 0 	15727973 576657 0 	335.662 	3 	78
7631800000000 7631900000040 	69200122860 191003929574 576671 	69199546189 576671 0 0 0 	15728330 576671 0 	335.409 	3 	78
7651000000000 7651100000135 	69400123130 191569188599 576681 	69399546449 576681 0 0 0 	15728588 576681 0 	335.152 	3 	78
7670200000000 7670300000032 	69600123194 192134474800 576689 	69599546505 576689 0 0 0 	15728728 576689 0 	334.893 	3 	78
7689400000000 7689500000032 	69800123258 192699863484 576698 	69799546560 576698 0 0 0 	15728918 576698 0 	334.635 	3 	78
7708600000000 7708700000227 	70000123712 193265322729 576708 	69999547004 576708 0 0 0 	15729320 576708 0 	334.375 	3 	78
7727800000000 7727900000160 	70200124032 193830780092 576717 	70199547315 576717 0 0 0 	15729506 576717 0 	334.112 	3 	78
7747000000000 7747100000160 	70400124352 194396209526 576729 	70399547623 576729 0 0 0 	15729835 576729 0 	333.851 	3 	78
7766200000000 7766300000062 	70600124476 194961713206 576735 	70599547741 576735 0 0 0 	15729965 576735 0 	333.587 	3 	78
7785400000000 7785500000062 	70800124600 195527344655 576741 	70799547859 576741 0 0 0 	15730081 576741 0 	333.325 	3 	78
7804600000000 7804700000160 	71000124920 196093006115 576744 	70999548176 576744 0 0 0 	15730193 576744 0 	333.061 	3 	78
7823800000000 7823900000159 	71200125238 196658738574 576753 	71199548485 576753 0 0 0 	15730482 576753 0 	332.793 	3 	78
7843000000000 7843100000159 	71400125556 197224489455 576757 	71399548799 576757 0 0 0 	15730623 576757 0 	332.528 	3 	78
7862200000000 7862300000026 	71600125608 197790228395 576765 	71599548843 576765 0 0 0 	15730863 576765 0 	332.26 	3 	78
7881400000000 7881500000026 	71800125660 198356084768 576771 	71799548889 576771 0 0 0 	15731047 576771 0 	331.994 	3 	78
7900600000000 7900700000242 	72000126144 198921987717 576778 	71999549366 576778 0 0 0 	15731277 576778 0 	331.725 	3 	78
7919800000000 7919900000000 	72200126144 199487878481 576783 	72199549361 576783 0 0 0 	15731361 576783 0 	331.453 	3 	78
7939000000000 7939100000000 	72400126144 200053813359 576788 	72399549356 576788 0 0 0 	15731557 576788 0 	331.184 	3 	78
7958200000000 7958300000035 	72600126214 200619850050 576791 	72599549423 576791 0 0 0 	15731623 576791 0 	330.911 	3 	78
7977400000000 7977500000054 	72800126322 201185938089 576798 	72799549524 576798 0 0 0 	15731722 576798 0 	330.636 	3 	78
7996600000000 7996700000054 	73000126430 201752057915 576800 	72999549630 576800 0 0 0 	15731747 576800 0 	330.363 	3 	78
8015800000000 8015900000152 	73200126734 202318488192 610785 	73199515949 610785 0 0 0 	16711454 610785 0 	330.674 	3 	78
8035000000000 8035100000152 	73400127038 202885016217 644042 	73399482996 644042 0 0 0 	17663248 644042 0 	330.985 	3 	78
8054200000000 8054300000152 	73600127342 203451527540 676557 	73599450785 676557 0 0 0 	18600696 676557 0 	331.294 	3 	78
8073400000000 8073500000000 	73800127342 204018116303 708671 	73799418671 708671 0 0 0 	19527851 708671 0 	331.597 	3 	78
8092600000000 8092700000000 	74000127342 204584764934 740006 	73999387336 740006 0 0 0 	20432406 740006 0 	331.899 	3 	78
8111800000000 8111900000000 	74200127342 205151417735 770398 	74199356944 770398 0 0 0 	21298577 770398 0 	332.2 	3 	78
8131000000000 8131100000048 	74400127438 205718048387 800418 	74399327020 800418 0 0 0 	22162866 800418 0 	332.495 	3 	78
8150200000000 8150300000048 	74600127534 206284744552 829601 	74599297933 829601 0 0 0 	22998619 829601 0 	332.789 	3 	78
8169400000000 8169500000048 	74800127630 206851469486 858449 	74799269181 858449 0 0 0 	23824373 858449 0 	333.082 	3 	78
8188600000000 8188700000048 	75000127726 207418278314 886601 	74999241125 886601 0 0 0 	24632781 886601 0 	333.374 	3 	78
8207800000000 8207900000476 	75200128678 207985075266 913859 	75199214819 913859 0 0 0 	25418823 913859 0 	333.66 	3 	78
8227000000000 8227100000476 	75400129630 208551986806 940686 	75399188944 940686 0 0 0 	26185791 940686 0 	333.945 	3 	78
8246200000000 8246300000476 	75600130582 209118905775 967236 	75599163346 967236 0 0 0 	26945715 967236 0 	334.23 	3 	78
8265400000000 8265500000011 	75800130604 209685895254 992955 	75799137649 992955 0 0 0 	27686220 992955 0 	334.509 	3 	78
8284600000000 8284700000011 	76000130626 210252906002 1018350 	75999112276 1018350 0 0 0 	28417031 1018350 0 	334.787 	3 	78
8303800000000 8303900000011 	76200130648 210819969691 1043072 	76199087576 1043072 0 0 0 	29128498 1043072 0 	335.065 	3 	78
8323000000000 8323100000210 	76400131068 211387016440 1067247 	76399063821 1067247 0 0 0 	29817382 1067247 0 	335.336 	3 	78
8342200000000 8342300000210 	76600131488 211954076794 1091134 	76599040354 1091134 0 0 0 	30507242 1091134 0 	335.606 	3 	78
8361400000000 8361500000210 	76800131908 212521202633 1114476 	76799017432 1114476 0 0 0 	31179723 1114476 0 	335.876 	3 	78
8380600000000 8380700000381 	77000132670 213088389886 1137240 	76998995430 1137240 0 0 0 	31835175 1137240 0 	336.139 	3 	78
8399800000000 8399900000381 	77200133432 213655665829 1159947 	77198973485 1159947 0 0 0 	32488371 1159947 0 	336.402 	3 	78
8419000000000 8419100000200 	77400133832 214222737852 1160030 	77398973802 1160030 0 0 0 	32490622 1160030 0 	336.296 	3 	78
8438200000000 8438300000200 	77600134232 214789871200 1160092 	77598974140 1160092 0 0 0 	32492131 1160092 0 	336.191 	3 	78
8457400000000 8457500000251 	77800134734 215357042640 1160161 	77798974573 1160161 0 0 0 	32494466 1160161 0 	336.084 	3 	78
8476600000000 8476700000251 	78000135236 215924308915 1160246 	77998974990 1160246 0 0 0 	32497058 1160246 0 	335.977 	3 	78
8495800000000 8495900000197 	78200135630 216491577377 1160323 	78198975307 1160323 0 0 0 	32499944 1160323 0 	335.864 	3 	78
8515000000000 8515100000197 	78400136024 217058905360 1160402 	78398975622 1160402 0 0 0 	32502150 1160402 0 	335.752 	3 	78
8534200000000 8534300000048 	78600136120 217626231171 1160470 	78598975650 1160470 0 0 0 	32504366 1160470 0 	335.638 	3 	78
8553400000000 8553500000048 	78800136216 218193665876 1160552 	78798975664 1160552 0 0 0 	32507003 1160552 0 	335.524 	3 	78
8572600000000 8572700000286 	79000136788 218761067489 1160635 	78998976153 1160635 0 0 0 	32509896 1160635 0 	335.41 	3 	78
8591800000000 8591900000280 	79200137348 219328532835 1160697 	79198976651 1160697 0 0 0 	32511667 1160697 0 	335.294 	3 	78
8611000000000 8611100000280 	79400137908 219896039297 1160758 	79398977150 1160758 0 0 0 	32513118 1160758 0 	335.179 	3 	78
8630200000000 8630300000021 	79600137950 220463612467 1160821 	79598977129 1160821 0 0 0 	32514587 1160821 0 	335.057 	3 	78
8649400000000 8649500000021 	79800137992 221031196483 1160877 	79798977115 1160877 0 0 0 	32516394 1160877 0 	334.937 	3 	78
8668600000000 8668700000072 	80000138136 221598828696 1160938 	79998977198 1160938 0 0 0 	32517935 1160938 0 	334.814 	3 	78
8687800000000 8687900000072 	80200138280 222166528944 1160986 	80198977294 1160986 0 0 0 	32519029 1160986 0 	334.691 	3 	78
8707000000000 8707100000113 	80400138506 222734279792 1161018 	80398977488 1161018 0 0 0 	32519894 1161018 0 	334.566 	3 	78
8726200000000 8726300000113 	80600138732 223302032969 1161063 	80598977669 1161063 0 0 0 	32521324 1161063 0 	334.442 	3 	78
8745400000000 8745500000069 	80800138870 223869879474 1161110 	80798977760 1161110 0 0 0 	32522687 1161110 0 	334.312 	3 	78
8764600000000 8764700000069 	81000139008 224437744396 1161164 	80998977844 1161164 0 0 0 	32524205 1161164 0 	334.183 	3 	78
8783800000000 8783900000224 	81200139456 225005654582 1161210 	81198978246 1161210 0 0 0 	32525300 1161210 0 	334.051 	3 	78
8803000000000 8803100000224 	81400139904 225573591667 1161255 	81398978649 1161255 0 0 0 	32526346 1161255 0 	333.92 	3 	78
8822200000000 8822300000271 	81600140446 226141566008 1161292 	81598979154 1161292 0 0 0 	32527549 1161292 0 	333.786 	3 	78
8841400000000 8841500000271 	81800140988 226709631634 1161339 	81798979649 1161339 0 0 0 	32528890 1161339 0 	333.653 	3 	78
8860600000000 8860700000186 	82000141360 227277678427 1161375 	81998979985 1161375 0 0 0 	32529713 1161375 0 	333.517 	3 	78
8879800000000 8879900000186 	82200141732 227845826764 1161412 	82198980320 1161412 0 0 0 	32530788 1161412 0 	333.383 	3 	78
8899000000000 8899100000092 	82400141916 228414004233 1161441 	82398980475 1161441 0 0 0 	32531565 1161441 0 	333.242 	3 	78
8918200000000 8918300000092 	82600142100 228982214628 1161476 	82598980624 1161476 0 0 0 	32532720 1161476 0 	333.102 	3 	78
8937400000000 8937500000031 	82800142162 229550446279 1161508 	82798980654 1161508 0 0 0 	32533608 1161508 0 	332.96 	3 	78
8956600000000 8956700000031 	83000142224 230118747138 1161536 	82998980688 1161536 0 0 0 	32534660 1161536 0 	332.818 	3 	78
8975800000000 8975900000020 	83200142264 230687088041 1161559 	83198980705 1161559 0 0 0 	32535554 1161559 0 	332.674 	3 	78
8995000000000 8995100000020 	83400142304 231255484249 1161592 	83398980712 1161592 0 0 0 	32536317 1161592 0 	332.531 	3 	78
9014200000000 9014300000032 	83600142368 231823961084 1161613 	83598980755 1161613 0 0 0 	32536801 1161613 0 	332.385 	3 	78
9033400000000 9033500000032 	83800142432 232392428766 1161646 	83798980786 1161646 0 0 0 	32537650 1161646 0 	332.24 	3 	78
9052600000000 9052700000040 	84000142512 232960902934 1161679 	83998980833 1161679 0 0 0 	32538773 1161679 0 	332.092 	3 	78
9071800000000 9071900000040 	84200142592 233529444647 1161702 	84198980890 1161702 0 0 0 	32539237 1161702 0 	331.946 	3 	78
9091000000000 9091100000214 	84400143020 234098016984 1161732 	84398981288 1161732 0 0 0 	32540075 1161732 0 	331.793 	3 	78
9110200000000 9110300000214 	84600143448 234666638321 1161760 	84598981688 1161760 0 0 0 	32541083 1161760 0 	331.641 	3 	78
9129400000000 9129500000047 	84800143542 235235280219 1161780 	84798981762 1161780 0 0 0 	32541508 1161780 0 	331.487 	3 	78
9148600000000 9148700000047 	85000143636 235803983901 1161811 	84998981825 1161811 0 0 0 	32542460 1161811 0 	331.334 	3 	78
9167800000000 9167900000044 	85200143724 236372668330 1161836 	85198981888 1161836 0 0 0 	32543073 1161836 0 	331.178 	3 	78
9187000000000 9187100000044 	85400143812 236941454110 1161858 	85398981954 1161858 0 0 0 	32543711 1161858 0 	331.023 	3 	78
9206200000000 9206300000175 	85600144162 237510251259 1161872 	85598982290 1161872 0 0 0 	32544311 1161872 0 	330.866 	3 	78
9225400000000 9225500000175 	85800144512 238079125988 1161892 	85798982620 1161892 0 0 0 	32544969 1161892 0 	330.709 	3 	78
9244600000000 9244700000136 	86000144784 238647999459 1161914 	85998982870 1161914 0 0 0 	32545515 1161914 0 	330.55 	3 	78
9263800000000 9263900000136 	86200145056 239216906282 1161933 	86198983123 1161933 0 0 0 	32546117 1161933 0 	330.392 	3 	78
9283000000000 9283100000173 	86400145402 239785904814 1161952 	86398983450 1161952 0 0 0 	32546697 1161952 0 	330.231 	3 	78
9302200000000 9302300000173 	86600145748 240354899676 1161985 	86598983763 1161985 0 0 0 	32547469 1161985 0 	330.071 	3 	78
9321400000000 9321500000084 	86800145916 240923934804 1162003 	86798983913 1162003 0 0 0 	32547885 1162003 0 	329.905 	3 	78
9340600000000 9340700000084 	87000146084 241492983829 1162020 	86998984064 1162020 0 0 0 	32548531 1162020 0 	329.741 	3 	78
9359800000000 9359900000170 	87200146424 242062088744 1162035 	87198984389 1162035 0 0 0 	32548962 1162035 0 	329.573 	3 	78
9379000000000 9379100000170 	87400146764 242631221645 1162043 	87398984721 1162043 0 0 0 	32549191 1162043 0 	329.407 	3 	78
9398200000000 9398300000212 	87600147188 243200468191 1162058 	87598985130 1162058 0 0 0 	32549556 1162058 0 	329.238 	3 	78
9417400000000 9417500000212 	87800147612 243769721642 1162089 	87798985523 1162089 0 0 0 	32550433 1162089 0 	329.07 	3 	78
9436600000000 9436700000180 	88000147972 244338945648 1162112 	87998985860 1162112 0 0 0 	32551085 1162112 0 	328.9 	3 	78
9455800000000 9455900000180 	88200148332 244908283856 1162131 	88198986201 1162131 0 0 0 	32551463 1162131 0 	328.731 	3 	78
9475000000000 9475100000044 	88400148420 245477665375 1162147 	88398986273 1162147 0 0 0 	32551987 1162147 0 	328.559 	3 	78
9494200000000 9494300000044 	88600148508 246046995053 1162162 	88598986346 1162162 0 0 0 	32552333 1162162 0 	328.388 	3 	78
9513400000000 9513500000040 	88800148588 246616419587 1162179 	88798986409 1162179 0 0 0 	32552807 1162179 0 	328.215 	3 	78
9532600000000 9532700000040 	89000148668 247185836400 1162192 	88998986476 1162192 0 0 0 	32553268 1162192 0 	328.042 	3 	78
9551800000000 9551900000135 	89200148938 247755356023 1162205 	89198986733 1162205 0 0 0 	32553618 1162205 0 	327.867 	3 	78
9571000000000 9571100000135 	89400149208 248324887124 1162219 	89398986989 1162219 0 0 0 	32554096 1162219 0 	327.693 	3 	78
9590200000000 9590300000032 	89600149272 248894480137 1162221 	89598987051 1162221 0 0 0 	32554179 1162221 0 	327.517 	3 	78
9609400000000 9609500000032 	89800149336 249464001704 1162230 	89798987106 1162230 0 0 0 	32554351 1162230 0 	327.342 	3 	78
9628600000000 9628700000227 	90000149790 250033615556 1162240 	89998987550 1162240 0 0 0 	32554474 1162240 0 	327.164 	3 	78
9647800000000 9647900000227 	90200150244 250603293177 1162251 	90198987993 1162251 0 0 0 	32554645 1162251 0 	326.987 	3 	78
9667000000000 9667100000160 	90400150564 251173019422 1162260 	90398988304 1162260 0 0 0 	32554896 1162260 0 	326.807 	3 	78
9686200000000 9686300000160 	90600150884 251742776155 1162274 	90598988610 1162274 0 0 0 	32555157 1162274 0 	326.629 	3 	78
9705400000000 9705500000062 	90800151008 252312580350 1162281 	90798988727 1162281 0 0 0 	32555261 1162281 0 	326.448 	3 	78
9724600000000 9724700000062 	91000151132 252882440605 1162286 	90998988846 1162286 0 0 0 	32555312 1162286 0 	326.268 	3 	78
9743800000000 9743900000160 	91200151452 253452286971 1162293 	91198989159 1162293 0 0 0 	32555591 1162293 0 	326.086 	3 	78
9763000000000 9763100000160 	91400151772 254022244504 1162303 	91398989469 1162303 0 0 0 	32555840 1162303 0 	325.905 	3 	78
9782200000000 9782300000159 	91600152090 254592168438 1162313 	91598989777 1162313 0 0 0 	32556158 1162313 0 	325.721 	3 	78
9801400000000 9801500000159 	91800152408 255162126315 1162320 	91798990088 1162320 0 0 0 	32556499 1162320 0 	325.539 	3 	78
9820600000000 9820700000026 	92000152460 255732145273 1162327 	91998990133 1162327 0 0 0 	32556608 1162327 0 	325.353 	3 	78
9839800000000 9839900000026 	92200152512 256302188308 1162330 	92198990182 1162330 0 0 0 	32556706 1162330 0 	325.169 	3 	78
9859000000000 9859100000242 	92400152996 256872351850 1162337 	92398990659 1162337 0 0 0 	32556868 1162337 0 	324.983 	3 	78
9878200000000 9878300000242 	92600153480 257442475523 1162346 	92598991134 1162346 0 0 0 	32557060 1162346 0 	324.797 	3 	78
9897400000000 9897500000000 	92800153480 258012643096 1162352 	92798991128 1162352 0 0 0 	32557187 1162352 0 	324.609 	3 	78
9916600000000 9916700000000 	93000153480 258582825794 1162356 	92998991124 1162356 0 0 0 	32557310 1162356 0 	324.422 	3 	78
9935800000000 9935900000035 	93200153550 259153056630 1162364 	93198991186 1162364 0 0 0 	32557553 1162364 0 	324.233 	3 	78
9955000000000 9955100000035 	93400153620 259723414666 1162368 	93398991252 1162368 0 0 0 	32557626 1162368 0 	324.044 	3 	78
9974200000000 9974300000054 	93600153728 260293765672 1162374 	93598991354 1162374 0 0 0 	32557783 1162374 0 	323.853 	3 	78
9993400000000 9993500000054 	93800153836 260864174155 1162377 	93798991459 1162377 0 0 0 	32557869 1162377 0 	323.664 	3 	78
