1008400000000 1008500000032 	200000064 526667318 2 	200000062 2 0 0 0 	72 2 0 	264 	3 	84
1027600000000 1027700000159 	400000382 1053655432 3 	400000379 3 0 0 0 	92 3 0 	261.476 	3 	84
1046800000000 1046900000054 	600000490 1581037693 3 	600000487 3 0 0 0 	92 3 0 	258.936 	3 	84
1066000000000 1066100000048 	800000586 2108880172 14949 	799985637 14949 0 0 0 	399395 14949 0 	294.074 	3 	84
1085200000000 1085300000011 	1000000608 2637081376 27267 	999973341 27267 0 0 0 	725698 27267 0 	319.55 	3 	84
1104400000000 1104500000381 	1200001370 3165551041 37831 	1199963539 37831 0 0 0 	1009470 37831 0 	338.486 	3 	84
1123600000000 1123700000365 	1400002100 3694336241 46868 	1399955232 46868 0 0 0 	1250825 46868 0 	352.66 	3 	84
1142800000000 1142900000113 	1600002326 4223335646 46889 	1599955437 46889 0 0 0 	1251446 46889 0 	343.56 	3 	84
1162000000000 1162100000186 	1800002698 4752708883 46903 	1799955795 46903 0 0 0 	1251918 46903 0 	336.046 	3 	84
1181200000000 1181300000032 	2000002762 5282381850 46910 	1999955852 46910 0 0 0 	1252083 46910 0 	329.589 	3 	84
1200400000000 1200500000044 	2200002850 5812356006 46920 	2199955930 46920 0 0 0 	1252247 46920 0 	323.872 	3 	84
1219600000000 1219700000173 	2400003196 6342661288 46925 	2399956271 46925 0 0 0 	1252423 46925 0 	318.92 	3 	84
1238800000000 1238900000180 	2600003556 6873201862 46928 	2599956628 46928 0 0 0 	1252590 46928 0 	314.326 	3 	84
1258000000000 1258100000032 	2800003620 7404077897 46930 	2799956690 46930 0 0 0 	1252605 46930 0 	310.104 	3 	84
1277200000000 1277300000160 	3000003940 7935235730 46931 	2999957009 46931 0 0 0 	1252642 46931 0 	306.17 	3 	84
1296400000000 1296500000242 	3200004424 8466675258 46932 	3199957492 46932 0 0 0 	1252771 46932 0 	302.552 	3 	84
1315600000000 1315700000152 	3400004728 8998549607 65072 	3399939656 65072 0 0 0 	1736968 65072 0 	309.837 	3 	84
1334800000000 1334900000048 	3600004824 9530698565 80960 	3599923864 80960 0 0 0 	2164434 80960 0 	316.435 	3 	84
1354000000000 1354100000011 	3800004846 10063125490 94927 	3799909919 94927 0 0 0 	2539261 94927 0 	322.424 	3 	84
1373200000000 1373300000381 	4000005608 10595759920 107141 	3999898467 107141 0 0 0 	2872759 107141 0 	327.828 	3 	84
1392400000000 1392500000468 	4200006544 11128633684 117673 	4199888871 117673 0 0 0 	3155705 117673 0 	332.807 	3 	84
1411600000000 1411700000365 	4400007274 11661779071 126965 	4399880309 126965 0 0 0 	3407098 126965 0 	337.305 	3 	84
1430800000000 1430900000352 	4600007978 12195184132 135198 	4599872780 135198 0 0 0 	3629327 135198 0 	341.358 	3 	84
1450000000000 1450100000178 	4800008334 12728789426 142264 	4799866070 142264 0 0 0 	3820973 142264 0 	345.019 	3 	84
1469200000000 1469300000230 	5000008794 13262675119 148545 	4999860249 148545 0 0 0 	3991895 148545 0 	348.293 	3 	84
1488400000000 1488500000400 	5200009594 13796728204 154039 	5199855555 154039 0 0 0 	4142580 154039 0 	351.228 	3 	84
1507600000000 1507700000249 	5400010092 14331095858 158881 	5399851211 158881 0 0 0 	4276229 158881 0 	353.849 	3 	84
1526800000000 1526900000110 	5600010312 14865707754 163111 	5599847201 163111 0 0 0 	4389232 163111 0 	356.198 	3 	84
1546000000000 1546100000060 	5800010432 15400534226 166810 	5799843622 166810 0 0 0 	4489953 166810 0 	358.271 	3 	84
1565200000000 1565300000375 	6000011182 15935638719 170092 	5999841090 170092 0 0 0 	4577293 170092 0 	360.155 	3 	84
1584400000000 1584500000160 	6200011502 16470927967 170095 	6199841407 170095 0 0 0 	4577321 170095 0 	355.855 	3 	84
1603600000000 1603700000159 	6400011820 17006370580 170097 	6399841723 170097 0 0 0 	4577395 170097 0 	351.744 	3 	84
1622800000000 1622900000000 	6600011820 17542145569 170098 	6599841722 170098 0 0 0 	4577435 170098 0 	347.803 	3 	84
1642000000000 1642100000152 	6800012124 18078263768 190047 	6799822077 190047 0 0 0 	5127036 190047 0 	351.002 	3 	84
1661200000000 1661300000000 	7000012124 18614502736 207931 	6999804193 207931 0 0 0 	5614365 207931 0 	354.016 	3 	84
1680400000000 1680500000476 	7200013076 19150968588 223979 	7199789097 223979 0 0 0 	6052022 223979 0 	356.796 	3 	84
1699600000000 1699700000011 	7400013098 19687665646 238301 	7399774797 238301 0 0 0 	6438709 238301 0 	359.422 	3 	84
1718800000000 1718900000381 	7600013860 20224612100 251466 	7599762394 251466 0 0 0 	6798496 251466 0 	361.829 	3 	84
1738000000000 1738100000468 	7800014796 20761685638 263010 	7799751786 263010 0 0 0 	7115918 263010 0 	364.098 	3 	84
1757200000000 1757300000365 	8000015526 21299013172 273322 	7999742204 273322 0 0 0 	7396977 273322 0 	366.176 	3 	84
1776400000000 1776500000368 	8200016262 21836531494 282825 	8199733437 282825 0 0 0 	7651109 282825 0 	368.129 	3 	84
1795600000000 1795700000120 	8400016502 22374255362 291345 	8399725157 291345 0 0 0 	7882130 291345 0 	369.903 	3 	84
1814800000000 1814900000178 	8600016858 22912147943 299001 	8599717857 299001 0 0 0 	8092334 299001 0 	371.565 	3 	84
1834000000000 1834100000230 	8800017318 23450301868 305876 	8799711442 305876 0 0 0 	8279108 305876 0 	373.059 	3 	84
1853200000000 1853300000320 	9000017958 23988601112 312148 	8999705810 312148 0 0 0 	8452757 312148 0 	374.451 	3 	84
1872400000000 1872500000290 	9200018538 24527076153 317824 	9199700714 317824 0 0 0 	8608706 317824 0 	375.699 	3 	84
1891600000000 1891700000249 	9400019036 25065754683 322874 	9399696162 322874 0 0 0 	8745892 322874 0 	376.855 	3 	84
1910800000000 1910900000110 	9600019256 25604664001 327401 	9599691855 327401 0 0 0 	8872589 327401 0 	377.892 	3 	84
1930000000000 1930100000189 	9800019634 26143752396 331517 	9799688117 331517 0 0 0 	8986607 331517 0 	378.844 	3 	84
1949200000000 1949300000375 	10000020384 26682988816 335215 	9999685169 335215 0 0 0 	9087388 335215 0 	379.669 	3 	84
1968400000000 1968500000074 	10200020532 27222393828 338537 	10199681995 338537 0 0 0 	9180012 338537 0 	380.417 	3 	84
1987600000000 1987700000353 	10400021238 27762045800 341504 	10399679734 341504 0 0 0 	9262756 341504 0 	381.06 	3 	84
2006800000000 2006900000044 	10600021326 28301833897 344177 	10599677149 344177 0 0 0 	9336763 344177 0 	381.633 	3 	84
2026000000000 2026100000091 	10800021508 28841793629 346543 	10799674965 346543 0 0 0 	9402707 346543 0 	382.107 	3 	84
2045200000000 2045300000307 	11000022122 29381963724 348700 	10999673422 348700 0 0 0 	9461822 348700 0 	382.532 	3 	84
2064400000000 2064500000314 	11200022750 29922298362 350666 	11199672084 350666 0 0 0 	9514639 350666 0 	382.863 	3 	84
2083600000000 2083700000173 	11400023096 30462817834 352424 	11399670672 352424 0 0 0 	9562027 352424 0 	383.135 	3 	84
2102800000000 2102900000352 	11600023800 31003475791 354018 	11599669782 354018 0 0 0 	9606059 354018 0 	383.317 	3 	84
2122000000000 2122100000376 	11800024552 31544329159 355418 	11799669134 355418 0 0 0 	9644812 355418 0 	383.461 	3 	84
2141200000000 2141300000026 	12000024604 32085416625 356689 	11999667915 356689 0 0 0 	9681595 356689 0 	383.52 	3 	84
2160400000000 2160500000285 	12200025174 32626607140 357809 	12199667365 357809 0 0 0 	9713267 357809 0 	383.544 	3 	84
2179600000000 2179700000308 	12400025790 33167939948 358838 	12399666952 358838 0 0 0 	9742675 358838 0 	383.502 	3 	84
2198800000000 2198900000278 	12600026346 33709451601 359788 	12599666558 359788 0 0 0 	9770623 359788 0 	383.414 	3 	84
2218000000000 2218100000368 	12800027082 34251194814 370122 	12799656960 370122 0 0 0 	10054766 370122 0 	384.5 	3 	84
2237200000000 2237300000352 	13000027786 34793080335 379708 	12999648078 379708 0 0 0 	10319322 379708 0 	385.516 	3 	84
2256400000000 2256500000178 	13200028142 35335154545 388516 	13199639626 388516 0 0 0 	10562228 388516 0 	386.443 	3 	84
2275600000000 2275700000355 	13400028852 35877383712 396647 	13399632205 396647 0 0 0 	10781858 396647 0 	387.314 	3 	84
2294800000000 2294900000230 	13600029312 36419774396 404013 	13599625299 404013 0 0 0 	10986086 404013 0 	388.12 	3 	84
2314000000000 2314100000320 	13800029952 36962328953 410905 	13799619047 410905 0 0 0 	11174800 410905 0 	388.873 	3 	84
2333200000000 2333300000400 	14000030752 37505076368 417388 	13999613364 417388 0 0 0 	11353982 417388 0 	389.575 	3 	84
2352400000000 2352500000249 	14200031250 38047896608 423164 	14199608086 423164 0 0 0 	11517306 423164 0 	390.194 	3 	84
2371600000000 2371700000088 	14400031426 38590874274 428508 	14399602918 428508 0 0 0 	11663405 428508 0 	390.764 	3 	84
2390800000000 2390900000110 	14600031646 39133977359 433328 	14599598318 433328 0 0 0 	11796658 433328 0 	391.298 	3 	84
2410000000000 2410100000189 	14800032024 39677274378 437893 	14799594131 437893 0 0 0 	11924270 437893 0 	391.785 	3 	84
2429200000000 2429300000060 	15000032144 40220740972 442094 	14999590050 442094 0 0 0 	12040881 442094 0 	392.228 	3 	84
2448400000000 2448500000074 	15200032292 40764398783 445977 	15199586315 445977 0 0 0 	12147286 445977 0 	392.592 	3 	84
2467600000000 2467700000320 	15400032932 41308135952 449480 	15399583452 449480 0 0 0 	12242923 449480 0 	392.925 	3 	84
2486800000000 2486900000353 	15600033638 41852045759 452695 	15599580943 452695 0 0 0 	12328302 452695 0 	393.216 	3 	84
2506000000000 2506100000044 	15800033726 42396088361 455714 	15799578012 455714 0 0 0 	12411618 455714 0 	393.466 	3 	84
2525200000000 2525300000228 	16000034182 42940247506 458440 	15999575742 458440 0 0 0 	12486529 458440 0 	393.688 	3 	84
2544400000000 2544500000307 	16200034796 43484614154 460979 	16199573817 460979 0 0 0 	12553946 460979 0 	393.847 	3 	84
2563600000000 2563700000100 	16400034996 44029092326 463322 	16399571674 463322 0 0 0 	12620645 463322 0 	393.968 	3 	84
2582800000000 2582900000314 	16600035624 44573668694 465463 	16599570161 465463 0 0 0 	12678123 465463 0 	394.062 	3 	84
2602000000000 2602100000173 	16800035970 45118369191 467396 	16799568574 467396 0 0 0 	12730819 467396 0 	394.121 	3 	84
2621200000000 2621300000330 	17000036630 45663269069 469171 	16999567459 469171 0 0 0 	12778212 469171 0 	394.154 	3 	84
2640400000000 2640500000376 	17200037382 46208284478 470927 	17199566455 470927 0 0 0 	12827214 470927 0 	394.129 	3 	84
2659600000000 2659700000290 	17400037962 46753417656 472469 	17399565493 472469 0 0 0 	12869092 472469 0 	394.081 	3 	84
2678800000000 2678900000026 	17600038014 47298698648 473888 	17599564126 473888 0 0 0 	12907682 473888 0 	393.999 	3 	84
2698000000000 2698100000285 	17800038584 47844117876 475210 	17799563374 475210 0 0 0 	12944561 475210 0 	393.896 	3 	84
2717200000000 2717300000308 	18000039200 48389708404 476349 	17999562851 476349 0 0 0 	12975374 476349 0 	393.748 	3 	84
2736400000000 2736500000278 	18200039756 48935429686 477420 	18199562336 477420 0 0 0 	13005364 477420 0 	393.567 	3 	84
2755600000000 2755700000208 	18400040172 49481305696 478449 	18399561723 478449 0 0 0 	13034594 478449 0 	393.368 	3 	84
2774800000000 2774900000120 	18600040412 50027252742 479415 	18599560997 479415 0 0 0 	13062004 479415 0 	393.149 	3 	84
2794000000000 2794100000296 	18800041004 50573331609 480238 	18799560766 480238 0 0 0 	13085333 480238 0 	392.911 	3 	84
2813200000000 2813300000320 	19000041644 51119569811 480995 	18999560649 480995 0 0 0 	13106966 480995 0 	392.631 	3 	84
2832400000000 2832500000350 	19200042344 51665891443 481728 	19199560616 481728 0 0 0 	13127924 481728 0 	392.334 	3 	84
2851600000000 2851700000264 	19400042872 52212406959 482434 	19399560438 482434 0 0 0 	13147710 482434 0 	392.019 	3 	84
2870800000000 2870900000328 	19600043528 52758974887 483014 	19599560514 483014 0 0 0 	13163530 483014 0 	391.688 	3 	84
2890000000000 2890100000080 	19800043688 53305669687 483583 	19799560105 483583 0 0 0 	13179213 483583 0 	391.34 	3 	84
2909200000000 2909300000044 	20000043776 53852501215 484095 	19999559681 484095 0 0 0 	13193625 484095 0 	390.952 	3 	84
2928400000000 2928500000044 	20200043864 54399496272 484584 	20199559280 484584 0 0 0 	13207425 484584 0 	390.548 	3 	84
2947600000000 2947700000032 	20400043928 54946590426 485010 	20399558918 485010 0 0 0 	13218897 485010 0 	390.129 	3 	84
2966800000000 2966900000250 	20600044428 55493808374 485387 	20599559041 485387 0 0 0 	13229835 485387 0 	389.696 	3 	84
2986000000000 2986100000236 	20800044900 56041161267 485767 	20799559133 485767 0 0 0 	13240536 485767 0 	389.247 	3 	84
3005200000000 3005300000112 	21000045124 56588644285 486094 	20999559030 486094 0 0 0 	13250136 486094 0 	388.76 	3 	84
3024400000000 3024500000278 	21200045680 57136262393 486427 	21199559253 486427 0 0 0 	13259479 486427 0 	388.271 	3 	84
3043600000000 3043700000296 	21400046272 57683948514 486715 	21399559557 486715 0 0 0 	13267546 486715 0 	387.769 	3 	84
3062800000000 3062900000254 	21600046780 58231880632 486997 	21599559783 486997 0 0 0 	13274858 486997 0 	387.253 	3 	84
3082000000000 3082100000032 	21800046844 58779786409 487244 	21799559600 487244 0 0 0 	13282401 487244 0 	386.724 	3 	84
3101200000000 3101300000353 	22000047550 59327903498 490900 	21999556650 490900 0 0 0 	13384142 490900 0 	386.98 	3 	84
3120400000000 3120500000044 	22200047638 59876114827 494306 	22199553332 494306 0 0 0 	13478522 494306 0 	387.207 	3 	84
3139600000000 3139700000228 	22400048094 60424407864 497508 	22399550586 497508 0 0 0 	13567223 497508 0 	387.415 	3 	84
3158800000000 3158900000091 	22600048276 60972886551 500451 	22599547825 500451 0 0 0 	13647363 500451 0 	387.596 	3 	84
3178000000000 3178100000307 	22800048890 61521461008 503302 	22799545588 503302 0 0 0 	13726617 503302 0 	387.759 	3 	84
3197200000000 3197300000307 	23000049504 62070144494 505883 	22999543621 505883 0 0 0 	13799983 505883 0 	387.918 	3 	84
3216400000000 3216500000100 	23200049704 62618927459 508277 	23199541427 508277 0 0 0 	13864781 508277 0 	388.051 	3 	84
3235600000000 3235700000314 	23400050332 63167831763 510601 	23399539731 510601 0 0 0 	13928995 510601 0 	388.166 	3 	84
3254800000000 3254900000173 	23600050678 63716862921 512762 	23599537916 512762 0 0 0 	13988357 512762 0 	388.256 	3 	84
3274000000000 3274100000330 	23800051338 64265950268 514730 	23799536608 514730 0 0 0 	14042166 514730 0 	388.328 	3 	84
3293200000000 3293300000352 	24000052042 64815209900 516565 	23999535477 516565 0 0 0 	14089314 516565 0 	388.374 	3 	84
3312400000000 3312500000376 	24200052794 65364587439 518300 	24199534494 518300 0 0 0 	14138626 518300 0 	388.404 	3 	84
3331600000000 3331700000290 	24400053374 65914009957 519954 	24399533420 519954 0 0 0 	14185402 519954 0 	388.417 	3 	84
3350800000000 3350900000026 	24600053426 66463541402 521407 	24599532019 521407 0 0 0 	14224160 521407 0 	388.405 	3 	84
3370000000000 3370100000285 	24800053996 67013183981 522829 	24799531167 522829 0 0 0 	14263572 522829 0 	388.378 	3 	84
3389200000000 3389300000151 	25000054298 67563005458 524170 	24999530128 524170 0 0 0 	14301464 524170 0 	388.334 	3 	84
3408400000000 3408500000308 	25200054914 68112886762 525392 	25199529522 525392 0 0 0 	14334893 525392 0 	388.275 	3 	84
3427600000000 3427700000278 	25400055470 68662863076 526593 	25399528877 526593 0 0 0 	14368066 526593 0 	388.192 	3 	84
3446800000000 3446900000208 	25600055886 69212967192 527678 	25599528208 527678 0 0 0 	14398728 527678 0 	388.093 	3 	84
3466000000000 3466100000120 	25800056126 69763134223 528739 	25799527387 528739 0 0 0 	14429119 528739 0 	387.98 	3 	84
3485200000000 3485300000296 	26000056718 70313397216 529720 	25999526998 529720 0 0 0 	14456461 529720 0 	387.852 	3 	84
3504400000000 3504500000270 	26200057258 70863804917 530604 	26199526654 530604 0 0 0 	14481919 530604 0 	387.709 	3 	84
3523600000000 3523700000320 	26400057898 71414358369 531411 	26399526487 531411 0 0 0 	14505598 531411 0 	387.552 	3 	84
3542800000000 3542900000350 	26600058598 71964936202 532195 	26599526403 532195 0 0 0 	14527981 532195 0 	387.38 	3 	84
3562000000000 3562100000264 	26800059126 72515630603 532954 	26799526172 532954 0 0 0 	14549927 532954 0 	387.195 	3 	84
3581200000000 3581300000328 	27000059782 73066435127 533643 	26999526139 533643 0 0 0 	14568575 533643 0 	386.995 	3 	84
3600400000000 3600500000080 	27200059942 73617327226 534317 	27199525625 534317 0 0 0 	14587631 534317 0 	386.782 	3 	84
3619600000000 3619700000140 	27400060222 74168366243 534960 	27399525262 534960 0 0 0 	14606298 534960 0 	386.555 	3 	84
3638800000000 3638900000044 	27600060310 74719520920 535525 	27599524785 535525 0 0 0 	14621691 535525 0 	386.315 	3 	84
3658000000000 3658100000044 	27800060398 75270743121 536046 	27799524352 536046 0 0 0 	14634962 536046 0 	386.061 	3 	84
3677200000000 3677300000032 	28000060462 75822036015 536521 	27999523941 536521 0 0 0 	14648289 536521 0 	385.795 	3 	84
3696400000000 3696500000250 	28200060962 76373454528 536976 	28199523986 536976 0 0 0 	14660742 536976 0 	385.515 	3 	84
3715600000000 3715700000236 	28400061434 76924924117 537415 	28399524019 537415 0 0 0 	14673231 537415 0 	385.223 	3 	84
3734800000000 3734900000228 	28600061890 77476505092 537807 	28599524083 537807 0 0 0 	14684200 537807 0 	384.917 	3 	84
3754000000000 3754100000112 	28800062114 78028215580 538186 	28799523928 538186 0 0 0 	14695647 538186 0 	384.6 	3 	84
3773200000000 3773300000112 	29000062338 78580081459 538563 	28999523775 538563 0 0 0 	14706927 538563 0 	384.287 	3 	84
3792400000000 3792500000278 	29200062894 79131987700 538892 	29199524002 538892 0 0 0 	14715955 538892 0 	383.97 	3 	84
3811600000000 3811700000296 	29400063486 79683995943 539214 	29399524272 539214 0 0 0 	14724483 539214 0 	383.641 	3 	84
3830800000000 3830900000254 	29600063994 80236098498 539550 	29599524444 539550 0 0 0 	14733291 539550 0 	383.3 	3 	84
3850000000000 3850100000032 	29800064058 80788305359 539830 	29799524228 539830 0 0 0 	14741141 539830 0 	382.947 	3 	84
3869200000000 3869300000320 	30000064698 81340586047 540104 	29999524594 540104 0 0 0 	14749035 540104 0 	382.591 	3 	84
3888400000000 3888500000268 	30200065234 81892949918 540358 	30199524876 540358 0 0 0 	14756145 540358 0 	382.223 	3 	84
3907600000000 3907700000060 	30400065354 82445442615 540574 	30399524780 540574 0 0 0 	14761467 540574 0 	381.843 	3 	84
3926800000000 3926900000230 	30600065814 82998007819 540784 	30599525030 540784 0 0 0 	14767033 540784 0 	381.451 	3 	84
3946000000000 3946100000208 	30800066230 83550646546 540997 	30799525233 540997 0 0 0 	14772864 540997 0 	381.057 	3 	84
3965200000000 3965300000197 	31000066624 84103382434 541200 	30999525424 541200 0 0 0 	14778765 541200 0 	380.651 	3 	84
3984400000000 3984500000174 	31200066972 84656157959 541376 	31199525596 541376 0 0 0 	14783966 541376 0 	380.242 	3 	84
4003600000000 4003700000008 	31400066988 85209076582 541555 	31399525433 541555 0 0 0 	14788944 541555 0 	379.822 	3 	84
4022800000000 4022900000320 	31600067628 85762106612 541701 	31599525927 541701 0 0 0 	14793082 541701 0 	379.391 	3 	84
4042000000000 4042100000167 	31800067962 86315261730 541847 	31799526115 541847 0 0 0 	14797536 541847 0 	378.957 	3 	84
4061200000000 4061300000120 	32000068202 86868431206 541996 	31999526206 541996 0 0 0 	14802341 541996 0 	378.513 	3 	84
4080400000000 4080500000188 	32200068578 87421724567 542137 	32199526441 542137 0 0 0 	14806423 542137 0 	378.066 	3 	84
4099600000000 4099700000096 	32400068770 87975056706 542261 	32399526509 542261 0 0 0 	14810175 542261 0 	377.608 	3 	84
4118800000000 4118900000215 	32600069200 88528547925 542369 	32599526831 542369 0 0 0 	14813281 542369 0 	377.148 	3 	84
4138000000000 4138100000057 	32800069314 89082159691 542477 	32799526837 542477 0 0 0 	14816380 542477 0 	376.677 	3 	84
4157200000000 4157300000056 	33000069426 89635770933 542577 	32999526849 542577 0 0 0 	14819174 542577 0 	376.205 	3 	84
4176400000000 4176500000110 	33200069646 90189473003 542669 	33199526977 542669 0 0 0 	14821703 542669 0 	375.721 	3 	84
4195600000000 4195700000125 	33400069896 90743318565 542769 	33399527127 542769 0 0 0 	14824515 542769 0 	375.236 	3 	84
4214800000000 4214900000031 	33600069958 91297230749 542840 	33599527118 542840 0 0 0 	14826265 542840 0 	374.74 	3 	84
4234000000000 4234100000188 	33800070334 91851263413 542915 	33799527419 542915 0 0 0 	14828548 542915 0 	374.243 	3 	84
4253200000000 4253300000192 	34000070718 92405410137 542978 	33999527740 542978 0 0 0 	14830067 542978 0 	373.735 	3 	84
4272400000000 4272500000302 	34200071322 92959576882 543054 	34199528268 543054 0 0 0 	14832121 543054 0 	373.225 	3 	84
4291600000000 4291700000052 	34400071426 93513811105 543110 	34399528316 543110 0 0 0 	14834024 543110 0 	372.714 	3 	84
4310800000000 4310900000208 	34600071842 94068111265 544315 	34599527527 544315 0 0 0 	14867954 544315 0 	372.733 	3 	84
4330000000000 4330100000120 	34800072082 94622552604 545518 	34799526564 545518 0 0 0 	14900579 545518 0 	372.74 	3 	84
4349200000000 4349300000296 	35000072674 95177089356 546615 	34999526059 546615 0 0 0 	14930349 546615 0 	372.736 	3 	84
4368400000000 4368500000296 	35200073266 95731708088 547656 	35199525610 547656 0 0 0 	14957392 547656 0 	372.732 	3 	84
4387600000000 4387700000270 	35400073806 96286402618 548641 	35399525165 548641 0 0 0 	14983967 548641 0 	372.716 	3 	84
4406800000000 4406900000320 	35600074446 96841145551 549589 	35599524857 549589 0 0 0 	15010542 549589 0 	372.69 	3 	84
4426000000000 4426100000350 	35800075146 97396037779 550486 	35799524660 550486 0 0 0 	15034868 550486 0 	372.652 	3 	84
4445200000000 4445300000264 	36000075674 97950990762 551344 	35999524330 551344 0 0 0 	15058624 551344 0 	372.602 	3 	84
4464400000000 4464500000264 	36200076202 98506029447 552167 	36199524035 552167 0 0 0 	15081965 552167 0 	372.554 	3 	84
4483600000000 4483700000328 	36400076858 99061108137 552932 	36399523926 552932 0 0 0 	15105445 552932 0 	372.494 	3 	84
4502800000000 4502900000080 	36600077018 99616277883 553599 	36599523419 553599 0 0 0 	15124381 553599 0 	372.423 	3 	84
4522000000000 4522100000140 	36800077298 100171528647 554298 	36799523000 554298 0 0 0 	15143726 554298 0 	372.342 	3 	84
4541200000000 4541300000140 	37000077578 100726803558 554906 	36999522672 554906 0 0 0 	15160183 554906 0 	372.261 	3 	84
4560400000000 4560500000044 	37200077666 101282245435 555514 	37199522152 555514 0 0 0 	15176737 555514 0 	372.17 	3 	84
4579600000000 4579700000044 	37400077754 101837758245 556091 	37399521663 556091 0 0 0 	15193192 556091 0 	372.068 	3 	84
4598800000000 4598900000032 	37600077818 102393284658 556638 	37599521180 556638 0 0 0 	15208847 556638 0 	371.955 	3 	84
4618000000000 4618100000250 	37800078318 102948921636 557167 	37799521151 557167 0 0 0 	15225030 557167 0 	371.832 	3 	84
4637200000000 4637300000250 	38000078818 103504618346 557657 	37999521161 557657 0 0 0 	15238979 557657 0 	371.71 	3 	84
4656400000000 4656500000236 	38200079290 104060422578 558184 	38199521106 558184 0 0 0 	15254680 558184 0 	371.577 	3 	84
4675600000000 4675700000228 	38400079746 104616348962 558615 	38399521131 558615 0 0 0 	15267601 558615 0 	371.434 	3 	84
4694800000000 4694900000112 	38600079970 105172343703 559033 	38599520937 559033 0 0 0 	15278695 559033 0 	371.281 	3 	84
4714000000000 4714100000112 	38800080194 105728420147 559450 	38799520744 559450 0 0 0 	15290210 559450 0 	371.129 	3 	84
4733200000000 4733300000278 	39000080750 106284608838 559839 	38999520911 559839 0 0 0 	15301216 559839 0 	370.973 	3 	84
4752400000000 4752500000296 	39200081342 106840814644 560186 	39199521156 560186 0 0 0 	15310073 560186 0 	370.807 	3 	84
4771600000000 4771700000254 	39400081850 107397048317 560565 	39399521285 560565 0 0 0 	15320547 560565 0 	370.63 	3 	84
4790800000000 4790900000254 	39600082358 107953385310 560896 	39599521462 560896 0 0 0 	15330687 560896 0 	370.455 	3 	84
4810000000000 4810100000032 	39800082422 108509783247 561215 	39799521207 561215 0 0 0 	15339900 561215 0 	370.271 	3 	84
4829200000000 4829300000320 	40000083062 109066297739 561487 	39999521575 561487 0 0 0 	15347205 561487 0 	370.082 	3 	84
4848400000000 4848500000268 	40200083598 109622896349 561758 	40199521840 561758 0 0 0 	15354835 561758 0 	369.883 	3 	84
4867600000000 4867700000060 	40400083718 110179501505 562047 	40399521671 562047 0 0 0 	15363021 562047 0 	369.674 	3 	84
4886800000000 4886900000060 	40600083838 110736221998 562313 	40599521525 562313 0 0 0 	15370087 562313 0 	369.468 	3 	84
4906000000000 4906100000230 	40800084298 111293083570 562534 	40799521764 562534 0 0 0 	15376770 562534 0 	369.251 	3 	84
4925200000000 4925300000208 	41000084714 111849980844 562762 	40999521952 562762 0 0 0 	15383208 562762 0 	369.031 	3 	84
4944400000000 4944500000197 	41200085108 112406953392 562980 	41199522128 562980 0 0 0 	15390018 562980 0 	368.801 	3 	84
4963600000000 4963700000197 	41400085502 112964008459 563199 	41399522303 563199 0 0 0 	15396073 563199 0 	368.573 	3 	84
4982800000000 4982900000174 	41600085850 113521106509 563393 	41599522457 563393 0 0 0 	15401698 563393 0 	368.342 	3 	84
5002000000000 5002100000008 	41800085866 114078320684 563574 	41799522292 563574 0 0 0 	15407541 563574 0 	368.101 	3 	84
5021200000000 5021300000320 	42000086506 114635544187 563775 	41999522731 563775 0 0 0 	15413810 563775 0 	367.85 	3 	84
5040400000000 5040500000167 	42200086840 115192839894 563942 	42199522898 563942 0 0 0 	15418858 563942 0 	367.596 	3 	84
5059600000000 5059700000167 	42400087174 115750244947 564080 	42399523094 564080 0 0 0 	15422276 564080 0 	367.345 	3 	84
5078800000000 5078900000120 	42600087414 116307707032 564195 	42599523219 564195 0 0 0 	15425779 564195 0 	367.083 	3 	84
5098000000000 5098100000188 	42800087790 116865297364 564328 	42799523462 564328 0 0 0 	15428921 564328 0 	366.819 	3 	84
5117200000000 5117300000096 	43000087982 117422895032 564455 	42999523527 564455 0 0 0 	15432401 564455 0 	366.545 	3 	84
5136400000000 5136500000096 	43200088174 117980563169 564581 	43199523593 564581 0 0 0 	15436306 564581 0 	366.273 	3 	84
5155600000000 5155700000215 	43400088604 118538319252 564696 	43399523908 564696 0 0 0 	15439508 564696 0 	365.999 	3 	84
5174800000000 5174900000057 	43600088718 119096100881 564803 	43599523915 564803 0 0 0 	15442581 564803 0 	365.715 	3 	84
5194000000000 5194100000056 	43800088830 119654019085 564944 	43799523886 564944 0 0 0 	15446060 564944 0 	365.427 	3 	84
5213200000000 5213300000056 	44000088942 120211913683 565052 	43999523890 565052 0 0 0 	15449155 565052 0 	365.143 	3 	84
5232400000000 5232500000110 	44200089162 120769955130 565154 	44199524008 565154 0 0 0 	15451886 565154 0 	364.85 	3 	84
5251600000000 5251700000125 	44400089412 121328051259 565250 	44399524162 565250 0 0 0 	15455116 565250 0 	364.553 	3 	84
5270800000000 5270900000031 	44600089474 121886274970 565333 	44599524141 565333 0 0 0 	15457432 565333 0 	364.247 	3 	84
5290000000000 5290100000188 	44800089850 122444510986 565415 	44799524435 565415 0 0 0 	15460084 565415 0 	363.937 	3 	84
5309200000000 5309300000188 	45000090226 123002813418 565503 	44999524723 565503 0 0 0 	15462055 565503 0 	363.631 	3 	84
5328400000000 5328500000192 	45200090610 123561243870 565585 	45199525025 565585 0 0 0 	15464475 565585 0 	363.316 	3 	84
5347600000000 5347700000302 	45400091214 124119634129 565652 	45399525562 565652 0 0 0 	15466098 565652 0 	362.998 	3 	84
5366800000000 5366900000052 	45600091318 124678172253 565721 	45599525597 565721 0 0 0 	15467929 565721 0 	362.676 	3 	84
5386000000000 5386100000052 	45800091422 125236779541 565779 	45799525643 565779 0 0 0 	15469139 565779 0 	362.358 	3 	84
5405200000000 5405300000200 	46000091822 125795397280 565851 	45999525971 565851 0 0 0 	15471879 565851 0 	362.031 	3 	84
5424400000000 5424500000251 	46200092324 126354110763 565912 	46199526412 565912 0 0 0 	15473499 565912 0 	361.701 	3 	84
5443600000000 5443700000197 	46400092718 126912901661 565974 	46399526744 565974 0 0 0 	15475099 565974 0 	361.362 	3 	84
5462800000000 5462900000048 	46600092814 127471715251 566025 	46599526789 566025 0 0 0 	15476382 566025 0 	361.02 	3 	84
5482000000000 5482100000048 	46800092910 128030643574 566066 	46799526844 566066 0 0 0 	15477312 566066 0 	360.681 	3 	84
5501200000000 5501300000280 	47000093470 128589621429 566116 	46999527354 566116 0 0 0 	15478943 566116 0 	360.34 	3 	84
5520400000000 5520500000021 	47200093512 129148693727 566160 	47199527352 566160 0 0 0 	15480263 566160 0 	359.989 	3 	84
5539600000000 5539700000072 	47400093656 129707836624 566194 	47399527462 566194 0 0 0 	15481381 566194 0 	359.636 	3 	84
5558800000000 5558900000072 	47600093800 130267009019 566230 	47599527570 566230 0 0 0 	15482191 566230 0 	359.286 	3 	84
5578000000000 5578100000113 	47800094026 130826238306 566265 	47799527761 566265 0 0 0 	15483182 566265 0 	358.934 	3 	84
5597200000000 5597300000069 	48000094164 131385530151 566304 	47999527860 566304 0 0 0 	15484271 566304 0 	358.572 	3 	84
5616400000000 5616500000224 	48200094612 131944944276 566345 	48199528267 566345 0 0 0 	15485820 566345 0 	358.208 	3 	84
5635600000000 5635700000271 	48400095154 132504415854 566384 	48399528770 566384 0 0 0 	15487096 566384 0 	357.841 	3 	84
5654800000000 5654900000271 	48600095696 133063928980 566407 	48599529289 566407 0 0 0 	15487727 566407 0 	357.478 	3 	84
5674000000000 5674100000186 	48800096068 133623524379 566444 	48799529624 566444 0 0 0 	15488545 566444 0 	357.112 	3 	84
5693200000000 5693300000092 	49000096252 134183155092 566473 	48999529779 566473 0 0 0 	15489179 566473 0 	356.737 	3 	84
5712400000000 5712500000031 	49200096314 134742883090 566496 	49199529818 566496 0 0 0 	15489848 566496 0 	356.36 	3 	84
5731600000000 5731700000031 	49400096376 135302707043 566526 	49399529850 566526 0 0 0 	15490941 566526 0 	355.986 	3 	84
5750800000000 5750900000020 	49600096416 135862492426 566545 	49599529871 566545 0 0 0 	15491533 566545 0 	355.61 	3 	84
5770000000000 5770100000032 	49800096480 136422409596 566564 	49799529916 566564 0 0 0 	15492000 566564 0 	355.231 	3 	84
5789200000000 5789300000040 	50000096560 136982375200 566585 	49999529975 566585 0 0 0 	15492546 566585 0 	354.85 	3 	84
5808400000000 5808500000040 	50200096640 137542346330 566601 	50199530039 566601 0 0 0 	15493280 566601 0 	354.472 	3 	84
5827600000000 5827700000214 	50400097068 138102463899 566611 	50399530457 566611 0 0 0 	15493570 566611 0 	354.086 	3 	84
5846800000000 5846900000047 	50600097162 138662562433 566629 	50599530533 566629 0 0 0 	15494103 566629 0 	353.697 	3 	84
5866000000000 5866100000044 	50800097250 139222788090 566641 	50799530609 566641 0 0 0 	15494417 566641 0 	353.305 	3 	84
5885200000000 5885300000175 	51000097600 139783043117 566654 	50999530946 566654 0 0 0 	15494735 566654 0 	352.911 	3 	84
5904400000000 5904500000175 	51200097950 140343415980 566667 	51199531283 566667 0 0 0 	15495139 566667 0 	352.521 	3 	84
5923600000000 5923700000136 	51400098222 140903854862 566685 	51399531537 566685 0 0 0 	15495843 566685 0 	352.128 	3 	84
5942800000000 5942900000173 	51600098568 141464296282 566703 	51599531865 566703 0 0 0 	15496444 566703 0 	351.733 	3 	84
5962000000000 5962100000084 	51800098736 142024832003 566712 	51799532024 566712 0 0 0 	15496597 566712 0 	351.329 	3 	84
5981200000000 5981300000084 	52000098904 142585400366 566735 	51999532169 566735 0 0 0 	15497519 566735 0 	350.929 	3 	84
6000400000000 6000500000170 	52200099244 143146010240 566743 	52199532501 566743 0 0 0 	15497599 566743 0 	350.527 	3 	84
6019600000000 6019700000212 	52400099668 143706807831 566758 	52399532910 566758 0 0 0 	15498091 566758 0 	350.122 	3 	84
6038800000000 6038900000320 	52600100308 144267603797 567112 	52599533196 567112 0 0 0 	15508654 567112 0 	350.066 	3 	84
6058000000000 6058100000268 	52800100844 144828418285 567404 	52799533440 567404 0 0 0 	15516673 567404 0 	350.002 	3 	84
6077200000000 6077300000268 	53000101380 145389318465 567735 	52999533645 567735 0 0 0 	15526168 567735 0 	349.939 	3 	84
6096400000000 6096500000060 	53200101500 145950239230 568042 	53199533458 568042 0 0 0 	15534605 568042 0 	349.868 	3 	84
6115600000000 6115700000230 	53400101960 146511264866 568348 	53399533612 568348 0 0 0 	15542833 568348 0 	349.789 	3 	84
6134800000000 6134900000230 	53600102420 147072309438 568624 	53599533796 568624 0 0 0 	15550872 568624 0 	349.71 	3 	84
6154000000000 6154100000208 	53800102836 147633451443 568847 	53799533989 568847 0 0 0 	15556393 568847 0 	349.629 	3 	84
6173200000000 6173300000208 	54000103252 148194676225 569083 	53999534169 569083 0 0 0 	15562413 569083 0 	349.547 	3 	84
6192400000000 6192500000197 	54200103646 148755872635 569328 	54199534318 569328 0 0 0 	15569889 569328 0 	349.458 	3 	84
6211600000000 6211700000174 	54400103994 149317205518 569569 	54399534425 569569 0 0 0 	15576738 569569 0 	349.366 	3 	84
6230800000000 6230900000174 	54600104342 149878490249 569792 	54599534550 569792 0 0 0 	15583377 569792 0 	349.274 	3 	84
6250000000000 6250100000008 	54800104358 150439888580 570018 	54799534340 570018 0 0 0 	15590044 570018 0 	349.175 	3 	84
6269200000000 6269300000320 	55000104998 151001376835 570209 	54999534789 570209 0 0 0 	15595176 570209 0 	349.068 	3 	84
6288400000000 6288500000320 	55200105638 151562945887 570440 	55199535198 570440 0 0 0 	15601487 570440 0 	348.962 	3 	84
6307600000000 6307700000167 	55400105972 152124527583 570611 	55399535361 570611 0 0 0 	15606782 570611 0 	348.852 	3 	84
6326800000000 6326900000167 	55600106306 152686207150 570796 	55599535510 570796 0 0 0 	15611964 570796 0 	348.743 	3 	84
6346000000000 6346100000120 	55800106546 153247884326 570969 	55799535577 570969 0 0 0 	15616796 570969 0 	348.626 	3 	84
6365200000000 6365300000188 	56000106922 153809660457 571132 	55999535790 571132 0 0 0 	15621275 571132 0 	348.507 	3 	84
6384400000000 6384500000188 	56200107298 154371475632 571295 	56199536003 571295 0 0 0 	15625657 571295 0 	348.388 	3 	84
6403600000000 6403700000096 	56400107490 154933340318 571466 	56399536024 571466 0 0 0 	15630694 571466 0 	348.261 	3 	84
6422800000000 6422900000096 	56600107682 155495312704 571616 	56599536066 571616 0 0 0 	15635068 571616 0 	348.136 	3 	84
6442000000000 6442100000215 	56800108112 156057280999 571745 	56799536367 571745 0 0 0 	15638781 571745 0 	348.007 	3 	84
6461200000000 6461300000057 	57000108226 156619292050 571885 	56999536341 571885 0 0 0 	15642521 571885 0 	347.87 	3 	84
6480400000000 6480500000057 	57200108340 157181382988 572005 	57199536335 572005 0 0 0 	15645740 572005 0 	347.735 	3 	84
6499600000000 6499700000056 	57400108452 157743507810 572144 	57399536308 572144 0 0 0 	15649878 572144 0 	347.596 	3 	84
6518800000000 6518900000110 	57600108672 158305735468 572278 	57599536394 572278 0 0 0 	15653508 572278 0 	347.45 	3 	84
6538000000000 6538100000110 	57800108892 158867980887 572391 	57799536501 572391 0 0 0 	15655845 572391 0 	347.304 	3 	84
6557200000000 6557300000125 	58000109142 159430327339 572481 	57999536661 572481 0 0 0 	15658234 572481 0 	347.156 	3 	84
6576400000000 6576500000125 	58200109392 159992710279 572594 	58199536798 572594 0 0 0 	15661594 572594 0 	347.009 	3 	84
6595600000000 6595700000031 	58400109454 160555117286 572691 	58399536763 572691 0 0 0 	15664483 572691 0 	346.854 	3 	84
6614800000000 6614900000188 	58600109830 161117618756 572778 	58599537052 572778 0 0 0 	15667381 572778 0 	346.696 	3 	84
6634000000000 6634100000188 	58800110206 161680118367 572872 	58799537334 572872 0 0 0 	15669619 572872 0 	346.539 	3 	84
6653200000000 6653300000192 	59000110590 162242746296 572964 	58999537626 572964 0 0 0 	15672070 572964 0 	346.375 	3 	84
6672400000000 6672500000302 	59200111194 162805376982 573052 	59199538142 573052 0 0 0 	15674464 573052 0 	346.208 	3 	84
6691600000000 6691700000302 	59400111798 163368047679 573137 	59399538661 573137 0 0 0 	15676815 573137 0 	346.041 	3 	84
6710800000000 6710900000052 	59600111902 163930839038 573205 	59599538697 573205 0 0 0 	15678779 573205 0 	345.872 	3 	84
6730000000000 6730100000052 	59800112006 164493666876 573283 	59799538723 573283 0 0 0 	15680755 573283 0 	345.704 	3 	84
6749200000000 6749300000200 	60000112406 165056568264 573353 	59999539053 573353 0 0 0 	15682745 573353 0 	345.529 	3 	84
6768400000000 6768500000251 	60200112908 165619604774 573431 	60199539477 573431 0 0 0 	15685084 573431 0 	345.35 	3 	84
6787600000000 6787700000251 	60400113410 166182589899 573491 	60399539919 573491 0 0 0 	15687010 573491 0 	345.173 	3 	84
6806800000000 6806900000197 	60600113804 166745602952 573573 	60599540231 573573 0 0 0 	15689715 573573 0 	344.988 	3 	84
6826000000000 6826100000197 	60800114198 167308662119 573636 	60799540562 573636 0 0 0 	15691386 573636 0 	344.805 	3 	84
6845200000000 6845300000048 	61000114294 167871805588 573691 	60999540603 573691 0 0 0 	15692990 573691 0 	344.619 	3 	84
6864400000000 6864500000280 	61200114854 168434984966 573742 	61199541112 573742 0 0 0 	15694528 573742 0 	344.429 	3 	84
6883600000000 6883700000280 	61400115414 168998156225 573795 	61399541619 573795 0 0 0 	15696312 573795 0 	344.242 	3 	84
6902800000000 6902900000021 	61600115456 169561458169 573836 	61599541620 573836 0 0 0 	15697584 573836 0 	344.046 	3 	84
6922000000000 6922100000072 	61800115600 170124804272 573875 	61799541725 573875 0 0 0 	15698856 573875 0 	343.848 	3 	84
6941200000000 6941300000072 	62000115744 170688210626 573919 	61999541825 573919 0 0 0 	15699879 573919 0 	343.651 	3 	84
6960400000000 6960500000113 	62200115970 171251679911 573961 	62199542009 573961 0 0 0 	15700790 573961 0 	343.451 	3 	84
6979600000000 6979700000113 	62400116196 171815190998 574010 	62399542186 574010 0 0 0 	15701943 574010 0 	343.253 	3 	84
6998800000000 6998900000069 	62600116334 172378755567 574037 	62599542297 574037 0 0 0 	15702586 574037 0 	343.047 	3 	84
7018000000000 7018100000224 	62800116782 172942421230 574078 	62799542704 574078 0 0 0 	15703561 574078 0 	342.838 	3 	84
7037200000000 7037300000224 	63000117230 173506137885 574112 	62999543118 574112 0 0 0 	15704765 574112 0 	342.631 	3 	84
7056400000000 7056500000271 	63200117772 174069849227 574149 	63199543623 574149 0 0 0 	15706057 574149 0 	342.421 	3 	84
7075600000000 7075700000186 	63400118144 174633604665 574181 	63399543963 574181 0 0 0 	15706861 574181 0 	342.208 	3 	84
7094800000000 7094900000186 	63600118516 175197417133 574212 	63599544304 574212 0 0 0 	15707994 574212 0 	341.997 	3 	84
7114000000000 7114100000092 	63800118700 175761331753 574242 	63799544458 574242 0 0 0 	15709043 574242 0 	341.778 	3 	84
7133200000000 7133300000092 	64000118884 176325252999 574276 	63999544608 574276 0 0 0 	15710003 574276 0 	341.561 	3 	84
7152400000000 7152500000031 	64200118946 176889234561 574304 	64199544642 574304 0 0 0 	15710849 574304 0 	341.341 	3 	84
7171600000000 7171700000020 	64400118986 177453242244 574330 	64399544656 574330 0 0 0 	15711581 574330 0 	341.118 	3 	84
7190800000000 7190900000020 	64600119026 178017332144 574357 	64599544669 574357 0 0 0 	15712217 574357 0 	340.897 	3 	84
7210000000000 7210100000032 	64800119090 178581496182 574379 	64799544711 574379 0 0 0 	15712755 574379 0 	340.673 	3 	84
7229200000000 7229300000032 	65000119154 179145679648 574410 	64999544744 574410 0 0 0 	15713532 574410 0 	340.45 	3 	84
7248400000000 7248500000040 	65200119234 179709909121 574429 	65199544805 574429 0 0 0 	15714226 574429 0 	340.225 	3 	84
7267600000000 7267700000214 	65400119662 180274209062 574452 	65399545210 574452 0 0 0 	15714919 574452 0 	339.992 	3 	84
7286800000000 7286900000214 	65600120090 180838476018 574473 	65599545617 574473 0 0 0 	15715556 574473 0 	339.761 	3 	84
7306000000000 7306100000047 	65800120184 181402875111 574493 	65799545691 574493 0 0 0 	15716037 574493 0 	339.527 	3 	84
7325200000000 7325300000044 	66000120272 181967315943 574516 	65999545756 574516 0 0 0 	15716790 574516 0 	339.291 	3 	84
7344400000000 7344500000044 	66200120360 182531843590 574534 	66199545826 574534 0 0 0 	15717231 574534 0 	339.056 	3 	84
7363600000000 7363700000175 	66400120710 183096341527 574558 	66399546152 574558 0 0 0 	15718138 574558 0 	338.818 	3 	84
7382800000000 7382900000175 	66600121060 183660972366 574575 	66599546485 574575 0 0 0 	15718683 574575 0 	338.582 	3 	84
7402000000000 7402100000136 	66800121332 184225613237 574590 	66799546742 574590 0 0 0 	15718923 574590 0 	338.343 	3 	84
7421200000000 7421300000173 	67000121678 184790251359 574607 	66999547071 574607 0 0 0 	15719421 574607 0 	338.102 	3 	84
7440400000000 7440500000173 	67200122024 185354963144 574621 	67199547403 574621 0 0 0 	15719711 574621 0 	337.862 	3 	84
7459600000000 7459700000084 	67400122192 185919783186 574633 	67399547559 574633 0 0 0 	15719981 574633 0 	337.615 	3 	84
7478800000000 7478900000170 	67600122532 186484649463 574653 	67599547879 574653 0 0 0 	15720439 574653 0 	337.365 	3 	84
7498000000000 7498100000170 	67800122872 187049542968 574660 	67799548212 574660 0 0 0 	15720682 574660 0 	337.117 	3 	84
7517200000000 7517300000212 	68000123296 187614467659 574677 	67999548619 574677 0 0 0 	15721284 574677 0 	336.866 	3 	84
7536400000000 7536500000212 	68200123720 188179452585 574688 	68199549032 574688 0 0 0 	15721592 574688 0 	336.617 	3 	84
7555600000000 7555700000180 	68400124080 188744474297 574706 	68399549374 574706 0 0 0 	15722204 574706 0 	336.365 	3 	84
7574800000000 7574900000044 	68600124168 189309515018 574722 	68599549446 574722 0 0 0 	15722566 574722 0 	336.11 	3 	84
7594000000000 7594100000044 	68800124256 189874567978 574736 	68799549520 574736 0 0 0 	15722888 574736 0 	335.858 	3 	84
7613200000000 7613300000040 	69000124336 190439802937 574754 	68999549582 574754 0 0 0 	15723306 574754 0 	335.602 	3 	84
7632400000000 7632500000040 	69200124416 191005023825 574765 	69199549651 574765 0 0 0 	15723784 574765 0 	335.349 	3 	84
7651600000000 7651700000135 	69400124686 191570321142 574772 	69399549914 574772 0 0 0 	15724012 574772 0 	335.092 	3 	84
7670800000000 7670900000032 	69600124750 192135622573 574782 	69599549968 574782 0 0 0 	15724253 574782 0 	334.833 	3 	84
7690000000000 7690100000032 	69800124814 192701014560 574790 	69799550024 574790 0 0 0 	15724439 574790 0 	334.576 	3 	84
7709200000000 7709300000227 	70000125268 193266449284 574800 	69999550468 574800 0 0 0 	15724723 574800 0 	334.316 	3 	84
7728400000000 7728500000160 	70200125588 193831936667 574807 	70199550781 574807 0 0 0 	15724898 574807 0 	334.053 	3 	84
7747600000000 7747700000160 	70400125908 194397479217 574816 	70399551092 574816 0 0 0 	15725260 574816 0 	333.793 	3 	84
7766800000000 7766900000062 	70600126032 194963033927 574827 	70599551205 574827 0 0 0 	15725521 574827 0 	333.529 	3 	84
7786000000000 7786100000062 	70800126156 195528616075 574837 	70799551319 574837 0 0 0 	15725682 574837 0 	333.267 	3 	84
7805200000000 7805300000160 	71000126476 196094293622 574845 	70999551631 574845 0 0 0 	15725929 574845 0 	333.003 	3 	84
7824400000000 7824500000159 	71200126794 196660031456 574852 	71199551942 574852 0 0 0 	15726055 574852 0 	332.736 	3 	84
7843600000000 7843700000159 	71400127112 197225751860 574858 	71399552254 574858 0 0 0 	15726226 574858 0 	332.471 	3 	84
7862800000000 7862900000026 	71600127164 197791550311 574860 	71599552304 574860 0 0 0 	15726284 574860 0 	332.203 	3 	84
7882000000000 7882100000026 	71800127216 198357407251 574867 	71799552349 574867 0 0 0 	15726428 574867 0 	331.937 	3 	84
7901200000000 7901300000242 	72000127700 198923291591 574874 	71999552826 574874 0 0 0 	15726542 574874 0 	331.668 	3 	84
7920400000000 7920500000000 	72200127700 199489235496 574883 	72199552817 574883 0 0 0 	15726856 574883 0 	331.397 	3 	84
7939600000000 7939700000000 	72400127700 200055219818 574884 	72399552816 574884 0 0 0 	15726870 574884 0 	331.128 	3 	84
7958800000000 7958900000035 	72600127770 200621209548 574890 	72599552880 574890 0 0 0 	15726952 574890 0 	330.856 	3 	84
7978000000000 7978100000054 	72800127878 201187301957 574894 	72799552984 574894 0 0 0 	15727026 574894 0 	330.581 	3 	84
7997200000000 7997300000054 	73000127986 201753386593 574898 	72999553088 574898 0 0 0 	15727112 574898 0 	330.308 	3 	84
8016400000000 8016500000152 	73200128290 202319816316 608669 	73199519621 608669 0 0 0 	16696313 608669 0 	330.619 	3 	84
8035600000000 8035700000152 	73400128594 202886208048 641987 	73399486607 641987 0 0 0 	17647019 641987 0 	330.93 	3 	84
8054800000000 8054900000152 	73600128898 203452717674 674605 	73599454293 674605 0 0 0 	18584065 674605 0 	331.239 	3 	84
8074000000000 8074100000000 	73800128898 204019254627 706300 	73799422598 706300 0 0 0 	19493905 706300 0 	331.542 	3 	84
8093200000000 8093300000000 	74000128898 204585836251 737532 	73999391366 737532 0 0 0 	20381598 737532 0 	331.844 	3 	84
8112400000000 8112500000000 	74200128898 205152468739 768116 	74199360782 768116 0 0 0 	21254196 768116 0 	332.145 	3 	84
8131600000000 8131700000048 	74400128994 205719177778 798009 	74399330985 798009 0 0 0 	22115709 798009 0 	332.44 	3 	84
8150800000000 8150900000048 	74600129090 206285901534 827418 	74599301672 827418 0 0 0 	22962569 827418 0 	332.735 	3 	84
8170000000000 8170100000048 	74800129186 206852663878 856099 	74799273087 856099 0 0 0 	23790243 856099 0 	333.028 	3 	84
8189200000000 8189300000048 	75000129282 207419442921 884132 	74999245150 884132 0 0 0 	24598153 884132 0 	333.32 	3 	84
8208400000000 8208500000476 	75200130234 207986293200 911650 	75199218584 911650 0 0 0 	25390906 911650 0 	333.606 	3 	84
8227600000000 8227700000476 	75400131186 208553141229 938739 	75399192447 938739 0 0 0 	26172083 938739 0 	333.891 	3 	84
8246800000000 8246900000476 	75600132138 209120078866 965346 	75599166792 965346 0 0 0 	26931204 965346 0 	334.175 	3 	84
8266000000000 8266100000011 	75800132160 209687035130 991593 	75799140567 991593 0 0 0 	27679547 991593 0 	334.454 	3 	84
8285200000000 8285300000011 	76000132182 210253993347 1017119 	75999115063 1017119 0 0 0 	28416546 1017119 0 	334.733 	3 	84
8304400000000 8304500000011 	76200132204 210821019310 1042103 	76199090101 1042103 0 0 0 	29147413 1042103 0 	335.01 	3 	84
8323600000000 8323700000210 	76400132624 211388109921 1066559 	76399066065 1066559 0 0 0 	29849166 1066559 0 	335.282 	3 	84
8342800000000 8342900000210 	76600133044 211955278186 1090605 	76599042439 1090605 0 0 0 	30543587 1090605 0 	335.552 	3 	84
8362000000000 8362100000210 	76800133464 212522427731 1114008 	76799019456 1114008 0 0 0 	31215687 1114008 0 	335.822 	3 	84
8381200000000 8381300000381 	77000134226 213089628783 1136941 	76998997285 1136941 0 0 0 	31878044 1136941 0 	336.085 	3 	84
8400400000000 8400500000381 	77200134988 213656853157 1159203 	77198975785 1159203 0 0 0 	32517528 1159203 0 	336.348 	3 	84
8419600000000 8419700000200 	77400135388 214223958907 1159296 	77398976092 1159296 0 0 0 	32519923 1159296 0 	336.242 	3 	84
8438800000000 8438900000200 	77600135788 214791057023 1159374 	77598976414 1159374 0 0 0 	32522060 1159374 0 	336.138 	3 	84
8458000000000 8458100000251 	77800136290 215358228792 1159464 	77798976826 1159464 0 0 0 	32524542 1159464 0 	336.03 	3 	84
8477200000000 8477300000251 	78000136792 215925411484 1159535 	77998977257 1159535 0 0 0 	32526429 1159535 0 	335.924 	3 	84
8496400000000 8496500000197 	78200137186 216492650316 1159597 	78198977589 1159597 0 0 0 	32528083 1159597 0 	335.811 	3 	84
8515600000000 8515700000197 	78400137580 217059932285 1159663 	78398977917 1159663 0 0 0 	32530024 1159663 0 	335.699 	3 	84
8534800000000 8534900000048 	78600137676 217627290234 1159729 	78598977947 1159729 0 0 0 	32531757 1159729 0 	335.585 	3 	84
8554000000000 8554100000048 	78800137772 218194722815 1159788 	78798977984 1159788 0 0 0 	32533495 1159788 0 	335.471 	3 	84
8573200000000 8573300000280 	79000138332 218762168238 1159848 	78998978484 1159848 0 0 0 	32535136 1159848 0 	335.354 	3 	84
8592400000000 8592500000280 	79200138892 219329660285 1159908 	79198978984 1159908 0 0 0 	32536915 1159908 0 	335.239 	3 	84
8611600000000 8611700000021 	79400138934 219897229816 1159960 	79398978974 1159960 0 0 0 	32538535 1159960 0 	335.117 	3 	84
8630800000000 8630900000021 	79600138976 220464753211 1160020 	79598978956 1160020 0 0 0 	32540405 1160020 0 	334.996 	3 	84
8650000000000 8650100000021 	79800139018 221032394341 1160080 	79798978938 1160080 0 0 0 	32541879 1160080 0 	334.876 	3 	84
8669200000000 8669300000072 	80000139162 221600052637 1160126 	79998979036 1160126 0 0 0 	32543189 1160126 0 	334.753 	3 	84
8688400000000 8688500000072 	80200139306 222167723434 1160188 	80198979118 1160188 0 0 0 	32544789 1160188 0 	334.631 	3 	84
8707600000000 8707700000113 	80400139532 222735416587 1160236 	80398979296 1160236 0 0 0 	32546196 1160236 0 	334.506 	3 	84
8726800000000 8726900000113 	80600139758 223303182826 1160293 	80598979465 1160293 0 0 0 	32547784 1160293 0 	334.382 	3 	84
8746000000000 8746100000069 	80800139896 223871009771 1160334 	80798979562 1160334 0 0 0 	32548842 1160334 0 	334.252 	3 	84
8765200000000 8765300000069 	81000140034 224438917230 1160382 	80998979652 1160382 0 0 0 	32550368 1160382 0 	334.123 	3 	84
8784400000000 8784500000224 	81200140482 225006839028 1160428 	81198980054 1160428 0 0 0 	32551901 1160428 0 	333.991 	3 	84
8803600000000 8803700000224 	81400140930 225574775941 1160464 	81398980466 1160464 0 0 0 	32552633 1160464 0 	333.86 	3 	84
8822800000000 8822900000271 	81600141472 226142740089 1160510 	81598980962 1160510 0 0 0 	32553532 1160510 0 	333.726 	3 	84
8842000000000 8842100000271 	81800142014 226710792051 1160542 	81798981472 1160542 0 0 0 	32554544 1160542 0 	333.594 	3 	84
8861200000000 8861300000186 	82000142386 227278832341 1160594 	81998981792 1160594 0 0 0 	32555823 1160594 0 	333.458 	3 	84
8880400000000 8880500000186 	82200142758 227846943052 1160644 	82198982114 1160644 0 0 0 	32557195 1160644 0 	333.324 	3 	84
8899600000000 8899700000092 	82400142942 228415126945 1160677 	82398982265 1160677 0 0 0 	32558232 1160677 0 	333.183 	3 	84
8918800000000 8918900000092 	82600143126 228983266013 1160719 	82598982407 1160719 0 0 0 	32559393 1160719 0 	333.044 	3 	84
8938000000000 8938100000031 	82800143188 229551476436 1160758 	82798982430 1160758 0 0 0 	32560735 1160758 0 	332.901 	3 	84
8957200000000 8957300000031 	83000143250 230119774862 1160794 	82998982456 1160794 0 0 0 	32561863 1160794 0 	332.76 	3 	84
8976400000000 8976500000020 	83200143290 230688072241 1160816 	83198982474 1160816 0 0 0 	32562597 1160816 0 	332.616 	3 	84
8995600000000 8995700000020 	83400143330 231256481525 1160861 	83398982469 1160861 0 0 0 	32563961 1160861 0 	332.473 	3 	84
9014800000000 9014900000032 	83600143394 231824875220 1160895 	83598982499 1160895 0 0 0 	32564985 1160895 0 	332.327 	3 	84
9034000000000 9034100000032 	83800143458 232393292383 1160936 	83798982522 1160936 0 0 0 	32566389 1160936 0 	332.182 	3 	84
9053200000000 9053300000040 	84000143538 232961755874 1160964 	83998982574 1160964 0 0 0 	32567055 1160964 0 	332.035 	3 	84
9072400000000 9072500000040 	84200143618 233530237680 1160993 	84198982625 1160993 0 0 0 	32567994 1160993 0 	331.889 	3 	84
9091600000000 9091700000214 	84400144046 234098836676 1161016 	84398983030 1161016 0 0 0 	32568672 1161016 0 	331.736 	3 	84
9110800000000 9110900000214 	84600144474 234667456333 1161042 	84598983432 1161042 0 0 0 	32569635 1161042 0 	331.585 	3 	84
9130000000000 9130100000047 	84800144568 235236089922 1161078 	84798983490 1161078 0 0 0 	32570632 1161078 0 	331.431 	3 	84
9149200000000 9149300000047 	85000144662 235804784699 1161110 	84998983552 1161110 0 0 0 	32571625 1161110 0 	331.278 	3 	84
9168400000000 9168500000044 	85200144750 236373463689 1161129 	85198983621 1161129 0 0 0 	32572133 1161129 0 	331.122 	3 	84
9187600000000 9187700000044 	85400144838 236942226116 1161146 	85398983692 1161146 0 0 0 	32572781 1161146 0 	330.967 	3 	84
9206800000000 9206900000175 	85600145188 237511012739 1161166 	85598984022 1161166 0 0 0 	32573218 1161166 0 	330.81 	3 	84
9226000000000 9226100000175 	85800145538 238079841100 1161185 	85798984353 1161185 0 0 0 	32573515 1161185 0 	330.653 	3 	84
9245200000000 9245300000136 	86000145810 238648725568 1161202 	85998984608 1161202 0 0 0 	32574031 1161202 0 	330.494 	3 	84
9264400000000 9264500000136 	86200146082 239217692476 1161220 	86198984862 1161220 0 0 0 	32574704 1161220 0 	330.336 	3 	84
9283600000000 9283700000173 	86400146428 239786626927 1161244 	86398985184 1161244 0 0 0 	32575196 1161244 0 	330.176 	3 	84
9302800000000 9302900000173 	86600146774 240355609022 1161268 	86598985506 1161268 0 0 0 	32575854 1161268 0 	330.016 	3 	84
9322000000000 9322100000084 	86800146942 240924627562 1161290 	86798985652 1161290 0 0 0 	32576674 1161290 0 	329.851 	3 	84
9341200000000 9341300000084 	87000147110 241493713274 1161304 	86998985806 1161304 0 0 0 	32577109 1161304 0 	329.686 	3 	84
9360400000000 9360500000170 	87200147450 242062811680 1161322 	87198986128 1161322 0 0 0 	32577624 1161322 0 	329.519 	3 	84
9379600000000 9379700000170 	87400147790 242632005270 1161340 	87398986450 1161340 0 0 0 	32578479 1161340 0 	329.353 	3 	84
9398800000000 9398900000212 	87600148214 243201242962 1161356 	87598986858 1161356 0 0 0 	32578797 1161356 0 	329.184 	3 	84
9418000000000 9418100000212 	87800148638 243770492756 1161369 	87798987269 1161369 0 0 0 	32579052 1161369 0 	329.017 	3 	84
9437200000000 9437300000180 	88000148998 244339738783 1161393 	87998987605 1161393 0 0 0 	32579715 1161393 0 	328.846 	3 	84
9456400000000 9456500000180 	88200149358 244909016729 1161408 	88198987950 1161408 0 0 0 	32580342 1161408 0 	328.677 	3 	84
9475600000000 9475700000044 	88400149446 245478426408 1161422 	88398988024 1161422 0 0 0 	32580617 1161422 0 	328.506 	3 	84
9494800000000 9494900000044 	88600149534 246047787827 1161432 	88598988102 1161432 0 0 0 	32581004 1161432 0 	328.335 	3 	84
9514000000000 9514100000040 	88800149614 246617268102 1161443 	88798988171 1161443 0 0 0 	32581215 1161443 0 	328.162 	3 	84
9533200000000 9533300000040 	89000149694 247186712276 1161456 	88998988238 1161456 0 0 0 	32581683 1161456 0 	327.989 	3 	84
9552400000000 9552500000135 	89200149964 247756215467 1161468 	89198988496 1161468 0 0 0 	32581979 1161468 0 	327.815 	3 	84
9571600000000 9571700000135 	89400150234 248325745203 1161475 	89398988759 1161475 0 0 0 	32582270 1161475 0 	327.641 	3 	84
9590800000000 9590900000032 	89600150298 248895391684 1161486 	89598988812 1161486 0 0 0 	32582663 1161486 0 	327.465 	3 	84
9610000000000 9610100000032 	89800150362 249465002182 1161501 	89798988861 1161501 0 0 0 	32582925 1161501 0 	327.29 	3 	84
9629200000000 9629300000227 	90000150816 250034657059 1161507 	89998989309 1161507 0 0 0 	32583045 1161507 0 	327.112 	3 	84
9648400000000 9648500000227 	90200151270 250604342675 1161519 	90198989751 1161519 0 0 0 	32583443 1161519 0 	326.935 	3 	84
9667600000000 9667700000160 	90400151590 251174089521 1161531 	90398990059 1161531 0 0 0 	32583741 1161531 0 	326.756 	3 	84
9686800000000 9686900000160 	90600151910 251743884933 1161540 	90598990370 1161540 0 0 0 	32584024 1161540 0 	326.578 	3 	84
9706000000000 9706100000062 	90800152034 252313640626 1161548 	90798990486 1161548 0 0 0 	32584284 1161548 0 	326.397 	3 	84
9725200000000 9725300000062 	91000152158 252883503607 1161555 	90998990603 1161555 0 0 0 	32584423 1161555 0 	326.217 	3 	84
9744400000000 9744500000160 	91200152478 253453376269 1161567 	91198990911 1161567 0 0 0 	32584752 1161567 0 	326.035 	3 	84
9763600000000 9763700000160 	91400152798 254023296315 1161573 	91398991225 1161573 0 0 0 	32584989 1161573 0 	325.854 	3 	84
9782800000000 9782900000159 	91600153116 254593258300 1161583 	91598991533 1161583 0 0 0 	32585387 1161583 0 	325.671 	3 	84
9802000000000 9802100000159 	91800153434 255163245575 1161589 	91798991845 1161589 0 0 0 	32585462 1161589 0 	325.488 	3 	84
9821200000000 9821300000026 	92000153486 255733304695 1161596 	91998991890 1161596 0 0 0 	32585658 1161596 0 	325.303 	3 	84
9840400000000 9840500000026 	92200153538 256303337463 1161604 	92198991934 1161604 0 0 0 	32585981 1161604 0 	325.119 	3 	84
9859600000000 9859700000242 	92400154022 256873407706 1161611 	92398992411 1161611 0 0 0 	32586260 1161611 0 	324.933 	3 	84
9878800000000 9878900000242 	92600154506 257443568625 1161618 	92598992888 1161618 0 0 0 	32586423 1161618 0 	324.747 	3 	84
9898000000000 9898100000000 	92800154506 258013796000 1161622 	92798992884 1161622 0 0 0 	32586503 1161622 0 	324.56 	3 	84
9917200000000 9917300000000 	93000154506 258583997023 1161627 	92998992879 1161627 0 0 0 	32586589 1161627 0 	324.373 	3 	84
9936400000000 9936500000035 	93200154576 259154169915 1161634 	93198992942 1161634 0 0 0 	32586734 1161634 0 	324.184 	3 	84
9955600000000 9955700000035 	93400154646 259724472273 1161639 	93398993007 1161639 0 0 0 	32586882 1161639 0 	323.995 	3 	84
9974800000000 9974900000054 	93600154754 260294786347 1161647 	93598993107 1161647 0 0 0 	32587181 1161647 0 	323.805 	3 	84
9994000000000 9994100000054 	93800154862 260865195111 1161651 	93798993211 1161651 0 0 0 	32587341 1161651 0 	323.615 	3 	84
