1008800000000 1008900000227 	200000454 526691060 2 	200000452 2 0 0 0 	24 2 0 	263 	3 	88
1028000000000 1028100000159 	400000772 1053779986 5 	400000767 5 0 0 0 	64 5 0 	260.985 	3 	88
1047200000000 1047300000054 	600000880 1581186918 5 	600000875 5 0 0 0 	64 5 0 	258.614 	3 	88
1066400000000 1066500000048 	800000976 2108999472 14551 	799986425 14551 0 0 0 	391591 14551 0 	293.763 	3 	88
1085600000000 1085700000011 	1000000998 2637152758 26866 	999974132 26866 0 0 0 	725324 26866 0 	319.256 	3 	88
1104800000000 1104900000381 	1200001760 3165631065 37318 	1199964442 37318 0 0 0 	1000223 37318 0 	338.211 	3 	88
1124000000000 1124100000365 	1400002490 3694455650 46044 	1399956446 46044 0 0 0 	1235573 46044 0 	352.404 	3 	88
1143200000000 1143300000113 	1600002716 4223486954 46056 	1599956660 46056 0 0 0 	1235771 46056 0 	343.348 	3 	88
1162400000000 1162500000186 	1800003088 4752866179 46071 	1799957017 46071 0 0 0 	1236320 46071 0 	335.865 	3 	88
1181600000000 1181700000032 	2000003152 5282562229 46079 	1999957073 46079 0 0 0 	1236546 46079 0 	329.433 	3 	88
1200800000000 1200900000044 	2200003240 5812522197 46082 	2199957158 46082 0 0 0 	1236674 46082 0 	323.735 	3 	88
1220000000000 1220100000173 	2400003586 6342844148 46089 	2399957497 46089 0 0 0 	1236892 46089 0 	318.798 	3 	88
1239200000000 1239300000180 	2600003946 6873459681 46091 	2599957855 46091 0 0 0 	1236912 46091 0 	314.217 	3 	88
1258400000000 1258500000032 	2800004010 7404352920 46094 	2799957916 46094 0 0 0 	1236972 46094 0 	310.005 	3 	88
1277600000000 1277700000160 	3000004330 7935508275 46096 	2999958234 46096 0 0 0 	1237020 46096 0 	306.08 	3 	88
1296800000000 1296900000000 	3200004330 8466939522 46096 	3199958234 46096 0 0 0 	1237020 46096 0 	302.383 	3 	88
1316000000000 1316100000152 	3400004634 8998888874 64141 	3399940493 64141 0 0 0 	1726608 64141 0 	309.67 	3 	88
1335200000000 1335300000048 	3600004730 9530966156 79614 	3599925116 79614 0 0 0 	2140569 79614 0 	316.271 	3 	88
1354400000000 1354500000011 	3800004752 10063304927 93549 	3799911203 93549 0 0 0 	2515759 93549 0 	322.262 	3 	88
1373600000000 1373700000381 	4000005514 10595961332 105730 	3999899784 105730 0 0 0 	2841389 105730 0 	327.669 	3 	88
1392800000000 1392900000468 	4200006450 11128877089 116323 	4199890127 116323 0 0 0 	3126949 116323 0 	332.651 	3 	88
1412000000000 1412100000365 	4400007180 11661979915 125682 	4399881498 125682 0 0 0 	3374640 125682 0 	337.152 	3 	88
1431200000000 1431300000352 	4600007884 12195405118 133700 	4599874184 133700 0 0 0 	3589397 133700 0 	341.208 	3 	88
1450400000000 1450500000178 	4800008240 12729040250 140989 	4799867251 140989 0 0 0 	3786133 140989 0 	344.872 	3 	88
1469600000000 1469700000230 	5000008700 13262923505 147033 	4999861667 147033 0 0 0 	3949206 147033 0 	348.149 	3 	88
1488800000000 1488900000400 	5200009500 13797064501 152321 	5199857179 152321 0 0 0 	4094381 152321 0 	351.088 	3 	88
1508000000000 1508100000249 	5400009998 14331435497 157245 	5399852753 157245 0 0 0 	4228911 157245 0 	353.711 	3 	88
1527200000000 1527300000110 	5600010218 14865990545 161440 	5599848778 161440 0 0 0 	4342972 161440 0 	356.064 	3 	88
1546400000000 1546500000060 	5800010338 15400785055 165223 	5799845115 165223 0 0 0 	4446706 165223 0 	358.14 	3 	88
1565600000000 1565700000375 	6000011088 15935876715 168401 	5999842687 168401 0 0 0 	4532388 168401 0 	360.028 	3 	88
1584800000000 1584900000160 	6200011408 16471112136 168408 	6199843000 168408 0 0 0 	4532716 168408 0 	355.734 	3 	88
1604000000000 1604100000159 	6400011726 17006643042 168410 	6399843316 168410 0 0 0 	4532776 168410 0 	351.63 	3 	88
1623200000000 1623300000000 	6600011726 17542351541 168412 	6599843314 168412 0 0 0 	4532798 168412 0 	347.694 	3 	88
1642400000000 1642500000152 	6800012030 18078441313 188359 	6799823671 188359 0 0 0 	5076120 188359 0 	350.895 	3 	88
1661600000000 1661700000000 	7000012030 18614795020 206154 	6999805876 206154 0 0 0 	5561450 206154 0 	353.91 	3 	88
1680800000000 1680900000476 	7200012982 19151324757 222330 	7199790652 222330 0 0 0 	6003347 222330 0 	356.691 	3 	88
1700000000000 1700100000011 	7400013004 19688050900 236563 	7399776441 236563 0 0 0 	6395619 236563 0 	359.319 	3 	88
1719200000000 1719300000381 	7600013766 20224954545 249466 	7599764300 249466 0 0 0 	6740779 249466 0 	361.727 	3 	88
1738400000000 1738500000468 	7800014702 20762035737 261223 	7799753479 261223 0 0 0 	7058736 261223 0 	363.997 	3 	88
1757600000000 1757700000365 	8000015432 21299367674 271926 	7999743506 271926 0 0 0 	7350612 271926 0 	366.076 	3 	88
1776800000000 1776900000368 	8200016168 21836912176 281191 	8199734977 281191 0 0 0 	7603178 281191 0 	368.031 	3 	88
1796000000000 1796100000120 	8400016408 22374659704 289715 	8399726693 289715 0 0 0 	7832928 289715 0 	369.807 	3 	88
1815200000000 1815300000178 	8600016764 22912627231 297483 	8599719281 297483 0 0 0 	8042062 297483 0 	371.47 	3 	88
1834400000000 1834500000230 	8800017224 23450772125 304394 	8799712830 304394 0 0 0 	8230216 304394 0 	372.965 	3 	88
1853600000000 1853700000320 	9000017864 23989065678 310582 	8999707282 310582 0 0 0 	8401118 310582 0 	374.359 	3 	88
1872800000000 1872900000290 	9200018444 24527606861 316138 	9199702306 316138 0 0 0 	8555092 316138 0 	375.608 	3 	88
1892000000000 1892100000249 	9400018942 25066267929 321174 	9399697768 321174 0 0 0 	8692373 321174 0 	376.766 	3 	88
1911200000000 1911300000110 	9600019162 25605143053 325728 	9599693434 325728 0 0 0 	8815116 325728 0 	377.804 	3 	88
1930400000000 1930500000189 	9800019540 26144219611 329826 	9799689714 329826 0 0 0 	8927280 329826 0 	378.758 	3 	88
1949600000000 1949700000375 	10000020290 26683457401 333587 	9999686703 333587 0 0 0 	9029236 333587 0 	379.584 	3 	88
1968800000000 1968900000074 	10200020438 27222863612 336905 	10199683533 336905 0 0 0 	9119817 336905 0 	380.333 	3 	88
1988000000000 1988100000353 	10400021144 27762416084 339900 	10399681244 339900 0 0 0 	9202145 339900 0 	380.978 	3 	88
2007200000000 2007300000044 	10600021232 28302232425 342518 	10599678714 342518 0 0 0 	9273430 342518 0 	381.552 	3 	88
2026400000000 2026500000091 	10800021414 28842190560 344960 	10799676454 344960 0 0 0 	9342260 344960 0 	382.027 	3 	88
2045600000000 2045700000307 	11000022028 29382314164 347104 	10999674924 347104 0 0 0 	9401907 347104 0 	382.453 	3 	88
2064800000000 2064900000314 	11200022656 29922667010 349136 	11199673520 349136 0 0 0 	9456620 349136 0 	382.786 	3 	88
2084000000000 2084100000173 	11400023002 30463217778 350845 	11399672157 350845 0 0 0 	9503196 350845 0 	383.059 	3 	88
2103200000000 2103300000352 	11600023706 31003945903 352495 	11599671211 352495 0 0 0 	9548739 352495 0 	383.242 	3 	88
2122400000000 2122500000376 	11800024458 31544811763 353870 	11799670588 353870 0 0 0 	9586057 353870 0 	383.387 	3 	88
2141600000000 2141700000026 	12000024510 32085839212 355122 	11999669388 355122 0 0 0 	9620527 355122 0 	383.447 	3 	88
2160800000000 2160900000331 	12200025172 32626992165 356274 	12199668898 356274 0 0 0 	9650568 356274 0 	383.454 	3 	88
2180000000000 2180100000308 	12400025788 33168378114 357265 	12399668523 357265 0 0 0 	9677767 357265 0 	383.414 	3 	88
2199200000000 2199300000208 	12600026204 33709868313 358178 	12599668026 358178 0 0 0 	9702745 358178 0 	383.294 	3 	88
2218400000000 2218500000368 	12800026940 34251611689 368566 	12799658374 368566 0 0 0 	9982827 368566 0 	384.381 	3 	88
2237600000000 2237700000352 	13000027644 34793559123 378123 	12999649521 378123 0 0 0 	10245967 378123 0 	385.398 	3 	88
2256800000000 2256900000178 	13200028000 35335612714 386778 	13199641222 386778 0 0 0 	10486533 386778 0 	386.326 	3 	88
2276000000000 2276100000355 	13400028710 35877874731 394974 	13399633736 394974 0 0 0 	10709477 394974 0 	387.198 	3 	88
2295200000000 2295300000230 	13600029170 36420294771 402413 	13599626757 402413 0 0 0 	10915316 402413 0 	388.006 	3 	88
2314400000000 2314500000320 	13800029810 36962890845 409330 	13799620480 409330 0 0 0 	11107541 409330 0 	388.76 	3 	88
2333600000000 2333700000400 	14000030610 37505556292 415689 	13999614921 415689 0 0 0 	11285241 415689 0 	389.463 	3 	88
2352800000000 2352900000249 	14200031108 38048407140 421461 	14199609647 421461 0 0 0 	11447907 421461 0 	390.083 	3 	88
2372000000000 2372100000088 	14400031284 38591436570 426866 	14399604418 426866 0 0 0 	11594724 426866 0 	390.655 	3 	88
2391200000000 2391300000110 	14600031504 39134565158 431899 	14599599605 431899 0 0 0 	11733910 431899 0 	391.19 	3 	88
2410400000000 2410500000189 	14800031882 39677889671 436495 	14799595387 436495 0 0 0 	11859678 436495 0 	391.679 	3 	88
2429600000000 2429700000060 	15000032002 40221321738 440625 	14999591377 440625 0 0 0 	11973257 440625 0 	392.122 	3 	88
2448800000000 2448900000074 	15200032150 40764928678 444574 	15199587576 444574 0 0 0 	12084259 444574 0 	392.488 	3 	88
2468000000000 2468100000320 	15400032790 41308656282 448109 	15399584681 448109 0 0 0 	12182200 448109 0 	392.822 	3 	88
2487200000000 2487300000353 	15600033496 41852584400 451327 	15599582169 451327 0 0 0 	12271607 451327 0 	393.115 	3 	88
2506400000000 2506500000044 	15800033584 42396587173 454282 	15799579302 454282 0 0 0 	12353169 454282 0 	393.366 	3 	88
2525600000000 2525700000228 	16000034040 42940765861 457047 	15999576993 457047 0 0 0 	12426215 457047 0 	393.588 	3 	88
2544800000000 2544900000307 	16200034654 43485095122 459505 	16199575149 459505 0 0 0 	12494796 459505 0 	393.748 	3 	88
2564000000000 2564100000100 	16400034854 44029559607 461849 	16399573005 461849 0 0 0 	12558453 461849 0 	393.87 	3 	88
2583200000000 2583300000314 	16600035482 44574167183 463954 	16599571528 463954 0 0 0 	12617382 463954 0 	393.966 	3 	88
2602400000000 2602500000173 	16800035828 45118912267 465957 	16799569871 465957 0 0 0 	12674360 465957 0 	394.025 	3 	88
2621600000000 2621700000318 	17000036464 45663832060 467786 	16999568678 467786 0 0 0 	12727421 467786 0 	394.029 	3 	88
2640800000000 2640900000376 	17200037216 46208812304 469496 	17199567720 469496 0 0 0 	12773898 469496 0 	394.005 	3 	88
2660000000000 2660100000290 	17400037796 46754009928 471089 	17399566707 471089 0 0 0 	12817561 471089 0 	393.959 	3 	88
2679200000000 2679300000026 	17600037848 47299291686 472522 	17599565326 472522 0 0 0 	12857573 472522 0 	393.878 	3 	88
2698400000000 2698500000285 	17800038418 47844701645 473823 	17799564595 473823 0 0 0 	12893427 473823 0 	393.776 	3 	88
2717600000000 2717700000308 	18000039034 48390232260 474993 	17999564041 474993 0 0 0 	12925111 474993 0 	393.63 	3 	88
2736800000000 2736900000278 	18200039590 48935957323 476078 	18199563512 476078 0 0 0 	12954446 476078 0 	393.451 	3 	88
2756000000000 2756100000208 	18400040006 49481819641 477115 	18399562891 477115 0 0 0 	12982005 477115 0 	393.253 	3 	88
2775200000000 2775300000120 	18600040246 50027794684 478079 	18599562167 478079 0 0 0 	13009231 478079 0 	393.035 	3 	88
2794400000000 2794500000296 	18800040838 50573844104 478928 	18799561910 478928 0 0 0 	13033605 478928 0 	392.799 	3 	88
2813600000000 2813700000320 	19000041478 51120040661 479742 	18999561736 479742 0 0 0 	13057247 479742 0 	392.52 	3 	88
2832800000000 2832900000350 	19200042178 51666382124 480445 	19199561733 480445 0 0 0 	13076516 480445 0 	392.224 	3 	88
2852000000000 2852100000264 	19400042706 52212873967 481111 	19399561595 481111 0 0 0 	13095843 481111 0 	391.911 	3 	88
2871200000000 2871300000328 	19600043362 52759461136 481728 	19599561634 481728 0 0 0 	13113813 481728 0 	391.581 	3 	88
2890400000000 2890500000080 	19800043522 53306175261 482297 	19799561225 482297 0 0 0 	13128695 482297 0 	391.234 	3 	88
2909600000000 2909700000044 	20000043610 53853055581 482817 	19999560793 482817 0 0 0 	13142339 482817 0 	390.847 	3 	88
2928800000000 2928900000044 	20200043698 54400014179 483289 	20199560409 483289 0 0 0 	13155484 483289 0 	390.445 	3 	88
2948000000000 2948100000032 	20400043762 54947167037 483745 	20399560017 483745 0 0 0 	13168166 483745 0 	390.027 	3 	88
2967200000000 2967300000250 	20600044262 55494422383 484136 	20599560126 484136 0 0 0 	13180347 484136 0 	389.595 	3 	88
2986400000000 2986500000236 	20800044734 56041768779 484479 	20799560255 484479 0 0 0 	13189496 484479 0 	389.148 	3 	88
3005600000000 3005700000112 	21000044958 56589196534 484821 	20999560137 484821 0 0 0 	13199506 484821 0 	388.662 	3 	88
3024800000000 3024900000278 	21200045514 57136812642 485161 	21199560353 485161 0 0 0 	13209262 485161 0 	388.174 	3 	88
3044000000000 3044100000296 	21400046106 57684540324 485455 	21399560651 485455 0 0 0 	13217879 485455 0 	387.673 	3 	88
3063200000000 3063300000254 	21600046614 58232404454 485714 	21599560900 485714 0 0 0 	13224625 485714 0 	387.158 	3 	88
3082400000000 3082500000320 	21800047254 58780334570 485933 	21799561321 485933 0 0 0 	13230443 485933 0 	386.618 	3 	88
3101600000000 3101700000353 	22000047960 59328451763 489634 	21999558326 489634 0 0 0 	13331086 489634 0 	386.874 	3 	88
3120800000000 3120900000044 	22200048048 59876647072 493046 	22199555002 493046 0 0 0 	13425536 493046 0 	387.103 	3 	88
3140000000000 3140100000228 	22400048504 60424985198 496283 	22399552221 496283 0 0 0 	13514740 496283 0 	387.312 	3 	88
3159200000000 3159300000091 	22600048686 60973418125 499339 	22599549347 499339 0 0 0 	13596777 499339 0 	387.494 	3 	88
3178400000000 3178500000307 	22800049300 61521973314 502202 	22799547098 502202 0 0 0 	13677340 502202 0 	387.657 	3 	88
3197600000000 3197700000100 	23000049500 62070613510 504773 	22999544727 504773 0 0 0 	13746176 504773 0 	387.793 	3 	88
3216800000000 3216900000100 	23200049700 62619337214 507217 	23199542483 507217 0 0 0 	13814129 507217 0 	387.927 	3 	88
3236000000000 3236100000314 	23400050328 63168189007 509482 	23399540846 509482 0 0 0 	13877677 509482 0 	388.043 	3 	88
3255200000000 3255300000173 	23600050674 63717201407 511634 	23599539040 511634 0 0 0 	13937596 511634 0 	388.134 	3 	88
3274400000000 3274500000330 	23800051334 64266300092 513657 	23799537677 513657 0 0 0 	13994613 513657 0 	388.207 	3 	88
3293600000000 3293700000352 	24000052038 64815459420 515558 	23999536480 515558 0 0 0 	14047063 515558 0 	388.254 	3 	88
3312800000000 3312900000376 	24200052790 65364707769 517336 	24199535454 517336 0 0 0 	14095832 517336 0 	388.285 	3 	88
3332000000000 3332100000290 	24400053370 65914081555 518967 	24399534403 518967 0 0 0 	14139673 518967 0 	388.299 	3 	88
3351200000000 3351300000026 	24600053422 66463627784 520511 	24599532911 520511 0 0 0 	14183101 520511 0 	388.288 	3 	88
3370400000000 3370500000285 	24800053992 67013328393 521918 	24799532074 521918 0 0 0 	14221148 521918 0 	388.262 	3 	88
3389600000000 3389700000151 	25000054294 67563135633 523327 	24999530967 523327 0 0 0 	14260151 523327 0 	388.219 	3 	88
3408800000000 3408900000308 	25200054910 68112996307 524592 	25199530318 524592 0 0 0 	14295914 524592 0 	388.16 	3 	88
3428000000000 3428100000278 	25400055466 68662983527 525806 	25399529660 525806 0 0 0 	14329564 525806 0 	388.078 	3 	88
3447200000000 3447300000208 	25600055882 69213077971 526930 	25599528952 526930 0 0 0 	14360931 526930 0 	387.981 	3 	88
3466400000000 3466500000120 	25800056122 69763307963 528016 	25799528106 528016 0 0 0 	14391256 528016 0 	387.869 	3 	88
3485600000000 3485700000296 	26000056714 70313639420 528984 	25999527730 528984 0 0 0 	14418256 528984 0 	387.741 	3 	88
3504800000000 3504900000270 	26200057254 70864096877 529917 	26199527337 529917 0 0 0 	14444266 529917 0 	387.599 	3 	88
3524000000000 3524100000320 	26400057894 71414573868 530700 	26399527194 530700 0 0 0 	14467246 530700 0 	387.443 	3 	88
3543200000000 3543300000350 	26600058594 71965172849 531477 	26599527117 531477 0 0 0 	14487595 531477 0 	387.273 	3 	88
3562400000000 3562500000264 	26800059122 72515874297 532259 	26799526863 532259 0 0 0 	14509944 532259 0 	387.088 	3 	88
3581600000000 3581700000328 	27000059778 73066698065 532973 	26999526805 532973 0 0 0 	14529318 532973 0 	386.889 	3 	88
3600800000000 3600900000080 	27200059938 73617638625 533591 	27199526347 533591 0 0 0 	14546167 533591 0 	386.677 	3 	88
3620000000000 3620100000140 	27400060218 74168679232 534184 	27399526034 534184 0 0 0 	14562569 534184 0 	386.451 	3 	88
3639200000000 3639300000044 	27600060306 74719789312 534779 	27599525527 534779 0 0 0 	14579095 534779 0 	386.212 	3 	88
3658400000000 3658500000044 	27800060394 75271037205 535320 	27799525074 535320 0 0 0 	14593798 535320 0 	385.959 	3 	88
3677600000000 3677700000032 	28000060458 75822354998 535854 	27999524604 535854 0 0 0 	14608756 535854 0 	385.693 	3 	88
3696800000000 3696900000250 	28200060958 76373776940 536303 	28199524655 536303 0 0 0 	14622141 536303 0 	385.414 	3 	88
3716000000000 3716100000236 	28400061430 76925337208 536723 	28399524707 536723 0 0 0 	14633809 536723 0 	385.123 	3 	88
3735200000000 3735300000228 	28600061886 77476947603 537103 	28599524783 537103 0 0 0 	14644592 537103 0 	384.818 	3 	88
3754400000000 3754500000112 	28800062110 78028694137 537479 	28799524631 537479 0 0 0 	14655096 537479 0 	384.502 	3 	88
3773600000000 3773700000278 	29000062666 78580498035 537836 	28999524830 537836 0 0 0 	14665342 537836 0 	384.181 	3 	88
3792800000000 3792900000278 	29200063222 79132396956 538170 	29199525052 538170 0 0 0 	14674847 538170 0 	383.865 	3 	88
3812000000000 3812100000296 	29400063814 79684448977 538467 	29399525347 538467 0 0 0 	14683455 538467 0 	383.537 	3 	88
3831200000000 3831300000254 	29600064322 80236601667 538750 	29599525572 538750 0 0 0 	14691174 538750 0 	383.197 	3 	88
3850400000000 3850500000032 	29800064386 80788811247 539010 	29799525376 539010 0 0 0 	14698817 539010 0 	382.845 	3 	88
3869600000000 3869700000320 	30000065026 81341116020 539271 	29999525755 539271 0 0 0 	14706171 539271 0 	382.49 	3 	88
3888800000000 3888900000268 	30200065562 81893448412 539501 	30199526061 539501 0 0 0 	14712485 539501 0 	382.122 	3 	88
3908000000000 3908100000060 	30400065682 82445937486 539725 	30399525957 539725 0 0 0 	14719033 539725 0 	381.743 	3 	88
3927200000000 3927300000230 	30600066142 82998557039 539938 	30599526204 539938 0 0 0 	14725172 539938 0 	381.352 	3 	88
3946400000000 3946500000208 	30800066558 83551237804 540132 	30799526426 540132 0 0 0 	14730560 540132 0 	380.959 	3 	88
3965600000000 3965700000197 	31000066952 84104001751 540326 	30999526626 540326 0 0 0 	14735102 540326 0 	380.553 	3 	88
3984800000000 3984900000174 	31200067300 84656855396 540501 	31199526799 540501 0 0 0 	14739648 540501 0 	380.146 	3 	88
4004000000000 4004100000008 	31400067316 85209784675 540669 	31399526647 540669 0 0 0 	14744156 540669 0 	379.726 	3 	88
4023200000000 4023300000320 	31600067956 85762838161 540809 	31599527147 540809 0 0 0 	14748515 540809 0 	379.296 	3 	88
4042400000000 4042500000167 	31800068290 86315962198 540950 	31799527340 540950 0 0 0 	14752749 540950 0 	378.863 	3 	88
4061600000000 4061700000120 	32000068530 86869237813 541072 	31999527458 541072 0 0 0 	14756179 541072 0 	378.42 	3 	88
4080800000000 4080900000188 	32200068906 87422552985 541189 	32199527717 541189 0 0 0 	14759826 541189 0 	377.973 	3 	88
4100000000000 4100100000096 	32400069098 87975907800 541309 	32399527789 541309 0 0 0 	14763825 541309 0 	377.516 	3 	88
4119200000000 4119300000215 	32600069528 88529406560 541411 	32599528117 541411 0 0 0 	14766912 541411 0 	377.057 	3 	88
4138400000000 4138500000057 	32800069642 89082936219 541525 	32799528117 541525 0 0 0 	14769863 541525 0 	376.587 	3 	88
4157600000000 4157700000056 	33000069754 89636595815 541614 	32999528140 541614 0 0 0 	14772318 541614 0 	376.116 	3 	88
4176800000000 4176900000110 	33200069974 90190360026 541704 	33199528270 541704 0 0 0 	14774541 541704 0 	375.633 	3 	88
4196000000000 4196100000125 	33400070224 90744139134 541810 	33399528414 541810 0 0 0 	14777522 541810 0 	375.149 	3 	88
4215200000000 4215300000031 	33600070286 91298039367 541870 	33599528416 541870 0 0 0 	14779650 541870 0 	374.653 	3 	88
4234400000000 4234500000188 	33800070662 91851998689 541966 	33799528696 541966 0 0 0 	14782489 541966 0 	374.157 	3 	88
4253600000000 4253700000192 	34000071046 92406071985 542028 	33999529018 542028 0 0 0 	14784439 542028 0 	373.65 	3 	88
4272800000000 4272900000302 	34200071650 92960256324 542093 	34199529557 542093 0 0 0 	14786217 542093 0 	373.141 	3 	88
4292000000000 4292100000052 	34400071754 93514501410 542150 	34399529604 542150 0 0 0 	14787652 542150 0 	372.63 	3 	88
4311200000000 4311300000208 	34600072170 94068826408 543315 	34599528855 543315 0 0 0 	14820014 543315 0 	372.65 	3 	88
4330400000000 4330500000120 	34800072410 94623221606 544494 	34799527916 544494 0 0 0 	14852744 544494 0 	372.657 	3 	88
4349600000000 4349700000296 	35000073002 95177786065 545612 	34999527390 545612 0 0 0 	14884695 545612 0 	372.654 	3 	88
4368800000000 4368900000296 	35200073594 95732383611 546596 	35199526998 546596 0 0 0 	14911611 546596 0 	372.65 	3 	88
4388000000000 4388100000270 	35400074134 96287080949 547593 	35399526541 547593 0 0 0 	14941102 547593 0 	372.635 	3 	88
4407200000000 4407300000320 	35600074774 96841827216 548495 	35599526279 548495 0 0 0 	14966861 548495 0 	372.608 	3 	88
4426400000000 4426500000350 	35800075474 97396658085 549383 	35799526091 549383 0 0 0 	14991153 549383 0 	372.571 	3 	88
4445600000000 4445700000264 	36000076002 97951567469 550292 	35999525710 550292 0 0 0 	15016656 550292 0 	372.522 	3 	88
4464800000000 4464900000264 	36200076530 98506547395 551142 	36199525388 551142 0 0 0 	15040498 551142 0 	372.474 	3 	88
4484000000000 4484100000328 	36400077186 99061590771 551908 	36399525278 551908 0 0 0 	15063332 551908 0 	372.415 	3 	88
4503200000000 4503300000080 	36600077346 99616773062 552623 	36599524723 552623 0 0 0 	15082861 552623 0 	372.345 	3 	88
4522400000000 4522500000140 	36800077626 100172032149 553301 	36799524325 553301 0 0 0 	15100985 553301 0 	372.264 	3 	88
4541600000000 4541700000140 	37000077906 100727397839 553959 	36999523947 553959 0 0 0 	15120077 553959 0 	372.183 	3 	88
4560800000000 4560900000044 	37200077994 101282788754 554614 	37199523380 554614 0 0 0 	15138758 554614 0 	372.092 	3 	88
4580000000000 4580100000044 	37400078082 101838302499 555210 	37399522872 555210 0 0 0 	15154643 555210 0 	371.991 	3 	88
4599200000000 4599300000032 	37600078146 102393910679 555752 	37599522394 555752 0 0 0 	15170268 555752 0 	371.878 	3 	88
4618400000000 4618500000250 	37800078646 102949516612 556247 	37799522399 556247 0 0 0 	15184141 556247 0 	371.756 	3 	88
4637600000000 4637700000250 	38000079146 103505235474 556722 	37999522424 556722 0 0 0 	15197718 556722 0 	371.634 	3 	88
4656800000000 4656900000236 	38200079618 104061006110 557223 	38199522395 557223 0 0 0 	15211721 557223 0 	371.502 	3 	88
4676000000000 4676100000228 	38400080074 104616899956 557675 	38399522399 557675 0 0 0 	15223667 557675 0 	371.359 	3 	88
4695200000000 4695300000112 	38600080298 105172862744 558089 	38599522209 558089 0 0 0 	15235402 558089 0 	371.206 	3 	88
4714400000000 4714500000112 	38800080522 105728909773 558475 	38799522047 558475 0 0 0 	15245970 558475 0 	371.055 	3 	88
4733600000000 4733700000278 	39000081078 106285044835 558862 	38999522216 558862 0 0 0 	15256805 558862 0 	370.899 	3 	88
4752800000000 4752900000296 	39200081670 106841247811 559226 	39199522444 559226 0 0 0 	15267365 559226 0 	370.734 	3 	88
4772000000000 4772100000254 	39400082178 107397506180 559565 	39399522613 559565 0 0 0 	15277872 559565 0 	370.558 	3 	88
4791200000000 4791300000254 	39600082686 107953841073 559902 	39599522784 559902 0 0 0 	15287337 559902 0 	370.383 	3 	88
4810400000000 4810500000032 	39800082750 108510233463 560222 	39799522528 560222 0 0 0 	15296629 560222 0 	370.199 	3 	88
4829600000000 4829700000320 	40000083390 109066770138 560505 	39999522885 560505 0 0 0 	15305101 560505 0 	370.011 	3 	88
4848800000000 4848900000268 	40200083926 109623355865 560789 	40199523137 560789 0 0 0 	15313583 560789 0 	369.812 	3 	88
4868000000000 4868100000060 	40400084046 110180053787 561028 	40399523018 561028 0 0 0 	15320545 561028 0 	369.604 	3 	88
4887200000000 4887300000060 	40600084166 110736858468 561292 	40599522874 561292 0 0 0 	15327911 561292 0 	369.398 	3 	88
4906400000000 4906500000230 	40800084626 111293648885 561522 	40799523104 561522 0 0 0 	15334336 561522 0 	369.182 	3 	88
4925600000000 4925700000208 	41000085042 111850527590 561745 	40999523297 561745 0 0 0 	15340173 561745 0 	368.962 	3 	88
4944800000000 4944900000197 	41200085436 112407457854 561954 	41199523482 561954 0 0 0 	15345830 561954 0 	368.732 	3 	88
4964000000000 4964100000197 	41400085830 112964477739 562182 	41399523648 562182 0 0 0 	15351953 562182 0 	368.505 	3 	88
4983200000000 4983300000174 	41600086178 113521545242 562376 	41599523802 562376 0 0 0 	15357206 562376 0 	368.274 	3 	88
5002400000000 5002500000008 	41800086194 114078677614 562594 	41799523600 562594 0 0 0 	15362824 562594 0 	368.034 	3 	88
5021600000000 5021700000320 	42000086834 114635910081 562782 	41999524052 562782 0 0 0 	15368271 562782 0 	367.783 	3 	88
5040800000000 5040900000167 	42200087168 115193246463 562952 	42199524216 562952 0 0 0 	15373206 562952 0 	367.529 	3 	88
5060000000000 5060100000167 	42400087502 115750662727 563138 	42399524364 563138 0 0 0 	15378211 563138 0 	367.278 	3 	88
5079200000000 5079300000120 	42600087742 116308139678 563293 	42599524449 563293 0 0 0 	15383172 563293 0 	367.018 	3 	88
5098400000000 5098500000188 	42800088118 116865703694 563425 	42799524693 563425 0 0 0 	15386872 563425 0 	366.753 	3 	88
5117600000000 5117700000096 	43000088310 117423363329 563562 	42999524748 563562 0 0 0 	15390566 563562 0 	366.48 	3 	88
5136800000000 5136900000096 	43200088502 117981046560 563691 	43199524811 563691 0 0 0 	15394856 563691 0 	366.209 	3 	88
5156000000000 5156100000215 	43400088932 118538792372 563811 	43399525121 563811 0 0 0 	15398090 563811 0 	365.935 	3 	88
5175200000000 5175300000057 	43600089046 119096646146 563916 	43599525130 563916 0 0 0 	15400882 563916 0 	365.651 	3 	88
5194400000000 5194500000056 	43800089158 119654562921 564031 	43799525127 564031 0 0 0 	15404202 564031 0 	365.364 	3 	88
5213600000000 5213700000110 	44000089378 120212520307 564142 	43999525236 564142 0 0 0 	15407300 564142 0 	365.068 	3 	88
5232800000000 5232900000110 	44200089598 120770578899 564238 	44199525360 564238 0 0 0 	15409507 564238 0 	364.775 	3 	88
5252000000000 5252100000125 	44400089848 121328665103 564320 	44399525528 564320 0 0 0 	15411727 564320 0 	364.478 	3 	88
5271200000000 5271300000031 	44600089910 121886760092 564423 	44599525487 564423 0 0 0 	15414710 564423 0 	364.172 	3 	88
5290400000000 5290500000188 	44800090286 122444999942 564506 	44799525780 564506 0 0 0 	15416981 564506 0 	363.864 	3 	88
5309600000000 5309700000188 	45000090662 123003326300 564580 	44999526082 564580 0 0 0 	15419018 564580 0 	363.558 	3 	88
5328800000000 5328900000192 	45200091046 123561677118 564652 	45199526394 564652 0 0 0 	15420958 564652 0 	363.243 	3 	88
5348000000000 5348100000302 	45400091650 124120131198 564708 	45399526942 564708 0 0 0 	15422644 564708 0 	362.925 	3 	88
5367200000000 5367300000052 	45600091754 124678697652 564789 	45599526965 564789 0 0 0 	15424897 564789 0 	362.604 	3 	88
5386400000000 5386500000052 	45800091858 125237254541 564861 	45799526997 564861 0 0 0 	15427285 564861 0 	362.287 	3 	88
5405600000000 5405700000200 	46000092258 125795925565 564923 	45999527335 564923 0 0 0 	15429111 564923 0 	361.96 	3 	88
5424800000000 5424900000251 	46200092760 126354608861 564988 	46199527772 564988 0 0 0 	15431306 564988 0 	361.631 	3 	88
5444000000000 5444100000197 	46400093154 126913402318 565048 	46399528106 565048 0 0 0 	15432699 565048 0 	361.292 	3 	88
5463200000000 5463300000048 	46600093250 127472299400 565092 	46599528158 565092 0 0 0 	15433924 565092 0 	360.95 	3 	88
5482400000000 5482500000048 	46800093346 128031224462 565133 	46799528213 565133 0 0 0 	15435061 565133 0 	360.612 	3 	88
5501600000000 5501700000280 	47000093906 128590196828 565175 	46999528731 565175 0 0 0 	15436420 565175 0 	360.271 	3 	88
5520800000000 5520900000021 	47200093948 129149255181 565211 	47199528737 565211 0 0 0 	15437389 565211 0 	359.921 	3 	88
5540000000000 5540100000072 	47400094092 129708385621 565252 	47399528840 565252 0 0 0 	15438598 565252 0 	359.568 	3 	88
5559200000000 5559300000072 	47600094236 130267615567 565300 	47599528936 565300 0 0 0 	15439995 565300 0 	359.219 	3 	88
5578400000000 5578500000113 	47800094462 130826918035 565333 	47799529129 565333 0 0 0 	15440784 565333 0 	358.867 	3 	88
5597600000000 5597700000069 	48000094600 131386241435 565381 	47999529219 565381 0 0 0 	15442595 565381 0 	358.505 	3 	88
5616800000000 5616900000224 	48200095048 131945625796 565417 	48199529631 565417 0 0 0 	15443473 565417 0 	358.142 	3 	88
5636000000000 5636100000271 	48400095590 132505017021 565446 	48399530144 565446 0 0 0 	15444362 565446 0 	357.775 	3 	88
5655200000000 5655300000271 	48600096132 133064560086 565473 	48599530659 565473 0 0 0 	15445393 565473 0 	357.412 	3 	88
5674400000000 5674500000186 	48800096504 133624012344 565498 	48799531006 565498 0 0 0 	15445976 565498 0 	357.047 	3 	88
5693600000000 5693700000092 	49000096688 134183687612 565529 	48999531159 565529 0 0 0 	15446810 565529 0 	356.673 	3 	88
5712800000000 5712900000031 	49200096750 134743324532 565553 	49199531197 565553 0 0 0 	15447495 565553 0 	356.296 	3 	88
5732000000000 5732100000031 	49400096812 135303079718 565576 	49399531236 565576 0 0 0 	15448015 565576 0 	355.922 	3 	88
5751200000000 5751300000020 	49600096852 135862871624 565604 	49599531248 565604 0 0 0 	15448535 565604 0 	355.547 	3 	88
5770400000000 5770500000032 	49800096916 136422730258 565624 	49799531292 565624 0 0 0 	15449078 565624 0 	355.168 	3 	88
5789600000000 5789700000040 	50000096996 136982666048 565642 	49999531354 565642 0 0 0 	15449477 565642 0 	354.787 	3 	88
5808800000000 5808900000040 	50200097076 137542664914 565661 	50199531415 565661 0 0 0 	15450109 565661 0 	354.41 	3 	88
5828000000000 5828100000214 	50400097504 138102722025 565689 	50399531815 565689 0 0 0 	15450724 565689 0 	354.024 	3 	88
5847200000000 5847300000047 	50600097598 138662865265 565716 	50599531882 565716 0 0 0 	15451438 565716 0 	353.635 	3 	88
5866400000000 5866500000044 	50800097686 139223111873 565744 	50799531942 565744 0 0 0 	15452219 565744 0 	353.244 	3 	88
5885600000000 5885700000175 	51000098036 139783350344 565761 	50999532275 565761 0 0 0 	15452744 565761 0 	352.85 	3 	88
5904800000000 5904900000175 	51200098386 140343705891 565769 	51199532617 565769 0 0 0 	15452911 565769 0 	352.461 	3 	88
5924000000000 5924100000136 	51400098658 140904147470 565790 	51399532868 565790 0 0 0 	15453379 565790 0 	352.068 	3 	88
5943200000000 5943300000173 	51600099004 141464597536 565801 	51599533203 565801 0 0 0 	15453813 565801 0 	351.674 	3 	88
5962400000000 5962500000084 	51800099172 142025105949 565814 	51799533358 565814 0 0 0 	15454235 565814 0 	351.27 	3 	88
5981600000000 5981700000084 	52000099340 142585690676 565828 	51999533512 565828 0 0 0 	15454566 565828 0 	350.87 	3 	88
6000800000000 6000900000170 	52200099680 143146350723 565841 	52199533839 565841 0 0 0 	15454869 565841 0 	350.468 	3 	88
6020000000000 6020100000212 	52400100104 143707044993 565854 	52399534250 565854 0 0 0 	15455297 565854 0 	350.063 	3 	88
6039200000000 6039300000320 	52600100744 144267844014 566167 	52599534577 566167 0 0 0 	15463988 566167 0 	350.008 	3 	88
6058400000000 6058500000268 	52800101280 144828664774 566496 	52799534784 566496 0 0 0 	15472915 566496 0 	349.944 	3 	88
6077600000000 6077700000268 	53000101816 145389546679 566796 	52999535020 566796 0 0 0 	15481176 566796 0 	349.881 	3 	88
6096800000000 6096900000060 	53200101936 145950559401 567087 	53199534849 567087 0 0 0 	15488487 567087 0 	349.81 	3 	88
6116000000000 6116100000230 	53400102396 146511568379 567382 	53399535014 567382 0 0 0 	15495948 567382 0 	349.732 	3 	88
6135200000000 6135300000230 	53600102856 147072650729 567643 	53599535213 567643 0 0 0 	15502844 567643 0 	349.654 	3 	88
6154400000000 6154500000208 	53800103272 147633801432 567916 	53799535356 567916 0 0 0 	15510619 567916 0 	349.572 	3 	88
6173600000000 6173700000208 	54000103688 148195031155 568171 	53999535517 568171 0 0 0 	15517796 568171 0 	349.491 	3 	88
6192800000000 6192900000197 	54200104082 148756292711 568398 	54199535684 568398 0 0 0 	15523765 568398 0 	349.402 	3 	88
6212000000000 6212100000174 	54400104430 149317647495 568640 	54399535790 568640 0 0 0 	15531381 568640 0 	349.31 	3 	88
6231200000000 6231300000174 	54600104778 149879023425 568883 	54599535895 568883 0 0 0 	15537973 568883 0 	349.219 	3 	88
6250400000000 6250500000008 	54800104794 150440420237 569079 	54799535715 569079 0 0 0 	15544087 569079 0 	349.119 	3 	88
6269600000000 6269700000320 	55000105434 151001895226 569284 	54999536150 569284 0 0 0 	15549984 569284 0 	349.013 	3 	88
6288800000000 6288900000320 	55200106074 151563409861 569472 	55199536602 569472 0 0 0 	15555207 569472 0 	348.907 	3 	88
6308000000000 6308100000167 	55400106408 152124995151 569653 	55399536755 569653 0 0 0 	15560207 569653 0 	348.797 	3 	88
6327200000000 6327300000167 	55600106742 152686681089 569827 	55599536915 569827 0 0 0 	15565012 569827 0 	348.688 	3 	88
6346400000000 6346500000120 	55800106982 153248392848 570024 	55799536958 570024 0 0 0 	15570973 570024 0 	348.572 	3 	88
6365600000000 6365700000188 	56000107358 153810140538 570177 	55999537181 570177 0 0 0 	15574918 570177 0 	348.453 	3 	88
6384800000000 6384900000188 	56200107734 154372023395 570357 	56199537377 570357 0 0 0 	15579997 570357 0 	348.334 	3 	88
6404000000000 6404100000096 	56400107926 154933896448 570509 	56399537417 570509 0 0 0 	15584180 570509 0 	348.207 	3 	88
6423200000000 6423300000096 	56600108118 155495858242 570640 	56599537478 570640 0 0 0 	15587555 570640 0 	348.082 	3 	88
6442400000000 6442500000215 	56800108548 156057820503 570768 	56799537780 570768 0 0 0 	15591220 570768 0 	347.953 	3 	88
6461600000000 6461700000057 	57000108662 156619881449 570913 	56999537749 570913 0 0 0 	15595276 570913 0 	347.817 	3 	88
6480800000000 6480900000057 	57200108776 157181965842 571039 	57199537737 571039 0 0 0 	15599280 571039 0 	347.682 	3 	88
6500000000000 6500100000056 	57400108888 157744163664 571164 	57399537724 571164 0 0 0 	15603589 571164 0 	347.543 	3 	88
6519200000000 6519300000110 	57600109108 158306403092 571287 	57599537821 571287 0 0 0 	15607028 571287 0 	347.397 	3 	88
6538400000000 6538500000110 	57800109328 158868711021 571394 	57799537934 571394 0 0 0 	15609767 571394 0 	347.252 	3 	88
6557600000000 6557700000125 	58000109578 159431035816 571502 	57999538076 571502 0 0 0 	15612957 571502 0 	347.104 	3 	88
6576800000000 6576900000125 	58200109828 159993422081 571600 	58199538228 571600 0 0 0 	15615582 571600 0 	346.957 	3 	88
6596000000000 6596100000031 	58400109890 160555900581 571687 	58399538203 571687 0 0 0 	15617869 571687 0 	346.803 	3 	88
6615200000000 6615300000188 	58600110266 161118439557 571781 	58599538485 571781 0 0 0 	15621003 571781 0 	346.645 	3 	88
6634400000000 6634500000188 	58800110642 161681027649 571872 	58799538770 571872 0 0 0 	15622730 571872 0 	346.488 	3 	88
6653600000000 6653700000192 	59000111026 162243629695 571947 	58999539079 571947 0 0 0 	15624933 571947 0 	346.324 	3 	88
6672800000000 6672900000302 	59200111630 162806329821 572044 	59199539586 572044 0 0 0 	15627937 572044 0 	346.157 	3 	88
6692000000000 6692100000302 	59400112234 163369017215 572121 	59399540113 572121 0 0 0 	15630595 572121 0 	345.991 	3 	88
6711200000000 6711300000052 	59600112338 163931799696 572193 	59599540145 572193 0 0 0 	15632664 572193 0 	345.822 	3 	88
6730400000000 6730500000052 	59800112442 164494693481 572266 	59799540176 572266 0 0 0 	15634682 572266 0 	345.654 	3 	88
6749600000000 6749700000200 	60000112842 165057576372 572341 	59999540501 572341 0 0 0 	15636907 572341 0 	345.479 	3 	88
6768800000000 6768900000251 	60200113344 165620453754 572409 	60199540935 572409 0 0 0 	15638806 572409 0 	345.301 	3 	88
6788000000000 6788100000251 	60400113846 166183424859 572483 	60399541363 572483 0 0 0 	15641031 572483 0 	345.124 	3 	88
6807200000000 6807300000197 	60600114240 166746447153 572523 	60599541717 572523 0 0 0 	15642363 572523 0 	344.939 	3 	88
6826400000000 6826500000197 	60800114634 167309510221 572595 	60799542039 572595 0 0 0 	15644146 572595 0 	344.756 	3 	88
6845600000000 6845700000048 	61000114730 167872674751 572652 	60999542078 572652 0 0 0 	15645927 572652 0 	344.57 	3 	88
6864800000000 6864900000280 	61200115290 168435837366 572709 	61199542581 572709 0 0 0 	15647377 572709 0 	344.381 	3 	88
6884000000000 6884100000280 	61400115850 168999062076 572749 	61399543101 572749 0 0 0 	15648517 572749 0 	344.193 	3 	88
6903200000000 6903300000021 	61600115892 169562401956 572796 	61599543096 572796 0 0 0 	15649867 572796 0 	343.998 	3 	88
6922400000000 6922500000072 	61800116036 170125800573 572850 	61799543186 572850 0 0 0 	15651084 572850 0 	343.8 	3 	88
6941600000000 6941700000072 	62000116180 170689271977 572890 	61999543290 572890 0 0 0 	15652127 572890 0 	343.604 	3 	88
6960800000000 6960900000113 	62200116406 171252692255 572931 	62199543475 572931 0 0 0 	15653136 572931 0 	343.404 	3 	88
6980000000000 6980100000113 	62400116632 171816239144 572983 	62399543649 572983 0 0 0 	15654743 572983 0 	343.206 	3 	88
6999200000000 6999300000069 	62600116770 172379809999 573029 	62599543741 573029 0 0 0 	15656084 573029 0 	343 	3 	88
7018400000000 7018500000224 	62800117218 172943438637 573060 	62799544158 573060 0 0 0 	15656980 573060 0 	342.792 	3 	88
7037600000000 7037700000224 	63000117666 173507214264 573090 	62999544576 573090 0 0 0 	15657932 573090 0 	342.585 	3 	88
7056800000000 7056900000271 	63200118208 174070982070 573121 	63199545087 573121 0 0 0 	15659071 573121 0 	342.375 	3 	88
7076000000000 7076100000186 	63400118580 174634759230 573157 	63399545423 573157 0 0 0 	15660095 573157 0 	342.162 	3 	88
7095200000000 7095300000186 	63600118952 175198592730 573202 	63599545750 573202 0 0 0 	15661255 573202 0 	341.951 	3 	88
7114400000000 7114500000092 	63800119136 175762486326 573228 	63799545908 573228 0 0 0 	15661847 573228 0 	341.733 	3 	88
7133600000000 7133700000092 	64000119320 176326436726 573250 	63999546070 573250 0 0 0 	15662466 573250 0 	341.516 	3 	88
7152800000000 7152900000031 	64200119382 176890455589 573274 	64199546108 573274 0 0 0 	15663201 573274 0 	341.296 	3 	88
7172000000000 7172100000020 	64400119422 177454483168 573310 	64399546112 573310 0 0 0 	15664540 573310 0 	341.073 	3 	88
7191200000000 7191300000020 	64600119462 178018559259 573330 	64599546132 573330 0 0 0 	15665426 573330 0 	340.852 	3 	88
7210400000000 7210500000032 	64800119526 178582687077 573360 	64799546166 573360 0 0 0 	15666282 573360 0 	340.628 	3 	88
7229600000000 7229700000032 	65000119590 179146839184 573387 	64999546203 573387 0 0 0 	15666957 573387 0 	340.406 	3 	88
7248800000000 7248900000040 	65200119670 179711105817 573414 	65199546256 573414 0 0 0 	15667731 573414 0 	340.181 	3 	88
7268000000000 7268100000214 	65400120098 180275435900 573435 	65399546663 573435 0 0 0 	15668462 573435 0 	339.948 	3 	88
7287200000000 7287300000214 	65600120526 180839799074 573457 	65599547069 573457 0 0 0 	15668938 573457 0 	339.717 	3 	88
7306400000000 7306500000047 	65800120620 181404218310 573481 	65799547139 573481 0 0 0 	15669410 573481 0 	339.484 	3 	88
7325600000000 7325700000044 	66000120708 181968645736 573501 	65999547207 573501 0 0 0 	15669864 573501 0 	339.247 	3 	88
7344800000000 7344900000044 	66200120796 182533133729 573513 	66199547283 573513 0 0 0 	15670124 573513 0 	339.013 	3 	88
7364000000000 7364100000175 	66400121146 183097681595 573534 	66399547612 573534 0 0 0 	15670835 573534 0 	338.775 	3 	88
7383200000000 7383300000175 	66600121496 183662315044 573546 	66599547950 573546 0 0 0 	15671386 573546 0 	338.539 	3 	88
7402400000000 7402500000136 	66800121768 184226892621 573566 	66799548202 573566 0 0 0 	15671979 573566 0 	338.301 	3 	88
7421600000000 7421700000173 	67000122114 184791583289 573575 	66999548539 573575 0 0 0 	15672246 573575 0 	338.059 	3 	88
7440800000000 7440900000173 	67200122460 185356358488 573599 	67199548861 573599 0 0 0 	15672924 573599 0 	337.82 	3 	88
7460000000000 7460100000084 	67400122628 185921180300 573614 	67399549014 573614 0 0 0 	15673338 573614 0 	337.573 	3 	88
7479200000000 7479300000170 	67600122968 186486050419 573626 	67599549342 573626 0 0 0 	15673576 573626 0 	337.323 	3 	88
7498400000000 7498500000170 	67800123308 187050916948 573641 	67799549667 573641 0 0 0 	15673927 573641 0 	337.075 	3 	88
7517600000000 7517700000212 	68000123732 187615862741 573650 	67999550082 573650 0 0 0 	15674082 573650 0 	336.824 	3 	88
7536800000000 7536900000212 	68200124156 188180856757 573664 	68199550492 573664 0 0 0 	15674511 573664 0 	336.575 	3 	88
7556000000000 7556100000180 	68400124516 188745917280 573679 	68399550837 573679 0 0 0 	15674834 573679 0 	336.324 	3 	88
7575200000000 7575300000044 	68600124604 189310987982 573691 	68599550913 573691 0 0 0 	15675053 573691 0 	336.069 	3 	88
7594400000000 7594500000044 	68800124692 189876136918 573701 	68799550991 573701 0 0 0 	15675280 573701 0 	335.817 	3 	88
7613600000000 7613700000040 	69000124772 190441303729 573713 	68999551059 573713 0 0 0 	15675613 573713 0 	335.562 	3 	88
7632800000000 7632900000040 	69200124852 191006499132 573725 	69199551127 573725 0 0 0 	15676029 573725 0 	335.308 	3 	88
7652000000000 7652100000135 	69400125122 191571762377 573733 	69399551389 573733 0 0 0 	15676225 573733 0 	335.052 	3 	88
7671200000000 7671300000032 	69600125186 192137110097 573743 	69599551443 573743 0 0 0 	15676582 573743 0 	334.793 	3 	88
7690400000000 7690500000032 	69800125250 192702428789 573748 	69799551502 573748 0 0 0 	15676688 573748 0 	334.536 	3 	88
7709600000000 7709700000227 	70000125704 193267845158 573756 	69999551948 573756 0 0 0 	15677033 573756 0 	334.276 	3 	88
7728800000000 7728900000160 	70200126024 193833335966 573764 	70199552260 573764 0 0 0 	15677337 573764 0 	334.014 	3 	88
7748000000000 7748100000160 	70400126344 194398849602 573774 	70399552570 573774 0 0 0 	15677600 573774 0 	333.753 	3 	88
7767200000000 7767300000062 	70600126468 194964357940 573781 	70599552687 573781 0 0 0 	15677848 573781 0 	333.49 	3 	88
7786400000000 7786500000062 	70800126592 195529989496 573790 	70799552802 573790 0 0 0 	15678150 573790 0 	333.228 	3 	88
7805600000000 7805700000160 	71000126912 196095591958 573797 	70999553115 573797 0 0 0 	15678343 573797 0 	332.964 	3 	88
7824800000000 7824900000159 	71200127230 196661314420 573806 	71199553424 573806 0 0 0 	15678546 573806 0 	332.697 	3 	88
7844000000000 7844100000159 	71400127548 197227023645 573811 	71399553737 573811 0 0 0 	15678626 573811 0 	332.432 	3 	88
7863200000000 7863300000026 	71600127600 197792882462 573815 	71599553785 573815 0 0 0 	15678725 573815 0 	332.165 	3 	88
7882400000000 7882500000242 	71800128084 198358697391 573822 	71799554262 573822 0 0 0 	15678834 573822 0 	331.894 	3 	88
7901600000000 7901700000242 	72000128568 198924552976 573828 	71999554740 573828 0 0 0 	15678935 573828 0 	331.626 	3 	88
7920800000000 7920900000000 	72200128568 199490475609 573837 	72199554731 573837 0 0 0 	15679204 573837 0 	331.355 	3 	88
7940000000000 7940100000000 	72400128568 200056486549 573841 	72399554727 573841 0 0 0 	15679252 573841 0 	331.085 	3 	88
7959200000000 7959300000035 	72600128638 200622502486 573847 	72599554791 573847 0 0 0 	15679461 573847 0 	330.814 	3 	88
7978400000000 7978500000054 	72800128746 201188562076 573855 	72799554891 573855 0 0 0 	15679686 573855 0 	330.539 	3 	88
7997600000000 7997700000054 	73000128854 201754688191 573858 	72999554996 573858 0 0 0 	15679714 573858 0 	330.266 	3 	88
8016800000000 8016900000152 	73200129158 202321092728 607583 	73199521575 607583 0 0 0 	16652732 607583 0 	330.578 	3 	88
8036000000000 8036100000152 	73400129462 202887515226 640587 	73399488875 640587 0 0 0 	17602026 640587 0 	330.888 	3 	88
8055200000000 8055300000152 	73600129766 203454004264 672967 	73599456799 672967 0 0 0 	18523556 672967 0 	331.197 	3 	88
8074400000000 8074500000000 	73800129766 204020554319 704597 	73799425169 704597 0 0 0 	19430881 704597 0 	331.5 	3 	88
8093600000000 8093700000000 	74000129766 204587143446 735328 	73999394438 735328 0 0 0 	20315342 735328 0 	331.802 	3 	88
8112800000000 8112900000000 	74200129766 205153682252 765753 	74199364013 765753 0 0 0 	21181995 765753 0 	332.104 	3 	88
8132000000000 8132100000048 	74400129862 205720356145 795491 	74399334371 795491 0 0 0 	22035042 795491 0 	332.399 	3 	88
8151200000000 8151300000048 	74600129958 206287035782 824765 	74599305193 824765 0 0 0 	22880108 824765 0 	332.693 	3 	88
8170400000000 8170500000048 	74800130054 206853792534 853255 	74799276799 853255 0 0 0 	23702534 853255 0 	332.986 	3 	88
8189600000000 8189700000048 	75000130150 207420629717 881290 	74999248860 881290 0 0 0 	24501721 881290 0 	333.278 	3 	88
8208800000000 8208900000476 	75200131102 207987465288 908552 	75199222550 908552 0 0 0 	25284853 908552 0 	333.564 	3 	88
8228000000000 8228100000476 	75400132054 208554356532 935514 	75399196540 935514 0 0 0 	26055726 935514 0 	333.85 	3 	88
8247200000000 8247300000476 	75600133006 209121261898 961995 	75599171011 961995 0 0 0 	26820296 961995 0 	334.134 	3 	88
8266400000000 8266500000011 	75800133028 209688207995 987728 	75799145300 987728 0 0 0 	27557860 987728 0 	334.413 	3 	88
8285600000000 8285700000011 	76000133050 210255191794 1013201 	75999119849 1013201 0 0 0 	28289872 1013201 0 	334.692 	3 	88
8304800000000 8304900000011 	76200133072 210822230761 1037957 	76199095115 1037957 0 0 0 	28999569 1037957 0 	334.969 	3 	88
8324000000000 8324100000210 	76400133492 211389301485 1062363 	76399071129 1062363 0 0 0 	29702253 1062363 0 	335.241 	3 	88
8343200000000 8343300000210 	76600133912 211956427714 1086201 	76599047711 1086201 0 0 0 	30388156 1086201 0 	335.511 	3 	88
8362400000000 8362500000210 	76800134332 212523553884 1109611 	76799024721 1109611 0 0 0 	31058483 1109611 0 	335.781 	3 	88
8381600000000 8381700000381 	77000135094 213090752452 1132463 	76999002631 1132463 0 0 0 	31714691 1132463 0 	336.044 	3 	88
8400800000000 8400900000381 	77200135856 213657929410 1154727 	77198981129 1154727 0 0 0 	32358903 1154727 0 	336.307 	3 	88
8420000000000 8420100000200 	77400136256 214224996463 1154803 	77398981453 1154803 0 0 0 	32361038 1154803 0 	336.202 	3 	88
8439200000000 8439300000200 	77600136656 214792156073 1154879 	77598981777 1154879 0 0 0 	32363043 1154879 0 	336.097 	3 	88
8458400000000 8458500000251 	77800137158 215359350989 1154956 	77798982202 1154956 0 0 0 	32365297 1154956 0 	335.99 	3 	88
8477600000000 8477700000251 	78000137660 215926537899 1155045 	77998982615 1155045 0 0 0 	32367611 1155045 0 	335.883 	3 	88
8496800000000 8496900000197 	78200138054 216493844754 1155099 	78198982955 1155099 0 0 0 	32369324 1155099 0 	335.771 	3 	88
8516000000000 8516100000197 	78400138448 217061148446 1155174 	78398983274 1155174 0 0 0 	32372076 1155174 0 	335.659 	3 	88
8535200000000 8535300000048 	78600138544 217628491038 1155226 	78598983318 1155226 0 0 0 	32373888 1155226 0 	335.545 	3 	88
8554400000000 8554500000048 	78800138640 218195894682 1155299 	78798983341 1155299 0 0 0 	32376384 1155299 0 	335.431 	3 	88
8573600000000 8573700000280 	79000139200 218763304040 1155353 	78998983847 1155353 0 0 0 	32377884 1155353 0 	335.315 	3 	88
8592800000000 8592900000280 	79200139760 219330825895 1155429 	79198984331 1155429 0 0 0 	32379812 1155429 0 	335.199 	3 	88
8612000000000 8612100000021 	79400139802 219898359802 1155480 	79398984322 1155480 0 0 0 	32381394 1155480 0 	335.077 	3 	88
8631200000000 8631300000021 	79600139844 220465848847 1155538 	79598984306 1155538 0 0 0 	32382801 1155538 0 	334.957 	3 	88
8650400000000 8650500000072 	79800139988 221033462082 1155586 	79798984402 1155586 0 0 0 	32383933 1155586 0 	334.833 	3 	88
8669600000000 8669700000072 	80000140132 221601138312 1155634 	79998984498 1155634 0 0 0 	32385391 1155634 0 	334.71 	3 	88
8688800000000 8688900000072 	80200140276 222168869086 1155691 	80198984585 1155691 0 0 0 	32387253 1155691 0 	334.588 	3 	88
8708000000000 8708100000113 	80400140502 222736639138 1155735 	80398984767 1155735 0 0 0 	32388214 1155735 0 	334.464 	3 	88
8727200000000 8727300000113 	80600140728 223304414279 1155780 	80598984948 1155780 0 0 0 	32389462 1155780 0 	334.34 	3 	88
8746400000000 8746500000069 	80800140866 223872228695 1155826 	80798985040 1155826 0 0 0 	32390743 1155826 0 	334.21 	3 	88
8765600000000 8765700000069 	81000141004 224440069388 1155871 	80998985133 1155871 0 0 0 	32392192 1155871 0 	334.081 	3 	88
8784800000000 8784900000224 	81200141452 225007953279 1155915 	81198985537 1155915 0 0 0 	32393419 1155915 0 	333.949 	3 	88
8804000000000 8804100000224 	81400141900 225575867108 1155954 	81398985946 1155954 0 0 0 	32394843 1155954 0 	333.818 	3 	88
8823200000000 8823300000271 	81600142442 226143878068 1156006 	81598986436 1156006 0 0 0 	32396257 1156006 0 	333.685 	3 	88
8842400000000 8842500000271 	81800142984 226711856519 1156046 	81798986938 1156046 0 0 0 	32397352 1156046 0 	333.552 	3 	88
8861600000000 8861700000186 	82000143356 227279917408 1156084 	81998987272 1156084 0 0 0 	32398452 1156084 0 	333.417 	3 	88
8880800000000 8880900000186 	82200143728 227848010051 1156129 	82198987599 1156129 0 0 0 	32399918 1156129 0 	333.283 	3 	88
8900000000000 8900100000092 	82400143912 228416192575 1156169 	82398987743 1156169 0 0 0 	32401023 1156169 0 	333.142 	3 	88
8919200000000 8919300000092 	82600144096 228984392868 1156195 	82598987901 1156195 0 0 0 	32402025 1156195 0 	333.003 	3 	88
8938400000000 8938500000031 	82800144158 229552580335 1156234 	82798987924 1156234 0 0 0 	32403041 1156234 0 	332.861 	3 	88
8957600000000 8957700000031 	83000144220 230120835317 1156259 	82998987961 1156259 0 0 0 	32403722 1156259 0 	332.72 	3 	88
8976800000000 8976900000020 	83200144260 230689115666 1156305 	83198987955 1156305 0 0 0 	32404976 1156305 0 	332.576 	3 	88
8996000000000 8996100000020 	83400144300 231257530730 1156332 	83398987968 1156332 0 0 0 	32405630 1156332 0 	332.433 	3 	88
9015200000000 9015300000032 	83600144364 231825878819 1156362 	83598988002 1156362 0 0 0 	32406744 1156362 0 	332.287 	3 	88
9034400000000 9034500000032 	83800144428 232394314992 1156398 	83798988030 1156398 0 0 0 	32408247 1156398 0 	332.143 	3 	88
9053600000000 9053700000040 	84000144508 232962784721 1156432 	83998988076 1156432 0 0 0 	32409322 1156432 0 	331.995 	3 	88
9072800000000 9072900000040 	84200144588 233531258910 1156448 	84198988140 1156448 0 0 0 	32409688 1156448 0 	331.849 	3 	88
9092000000000 9092100000214 	84400145016 234099814775 1156481 	84398988535 1156481 0 0 0 	32410427 1156481 0 	331.697 	3 	88
9111200000000 9111300000214 	84600145444 234668447675 1156498 	84598988946 1156498 0 0 0 	32410926 1156498 0 	331.545 	3 	88
9130400000000 9130500000047 	84800145538 235237104134 1156514 	84798989024 1156514 0 0 0 	32411206 1156514 0 	331.391 	3 	88
9149600000000 9149700000047 	85000145632 235805780941 1156533 	84998989099 1156533 0 0 0 	32411726 1156533 0 	331.238 	3 	88
9168800000000 9168900000044 	85200145720 236374534707 1156555 	85198989165 1156555 0 0 0 	32412254 1156555 0 	331.083 	3 	88
9188000000000 9188100000044 	85400145808 236943292111 1156575 	85398989233 1156575 0 0 0 	32412940 1156575 0 	330.928 	3 	88
9207200000000 9207300000175 	85600146158 237512114611 1156594 	85598989564 1156594 0 0 0 	32413351 1156594 0 	330.771 	3 	88
9226400000000 9226500000175 	85800146508 238080947374 1156608 	85798989900 1156608 0 0 0 	32413628 1156608 0 	330.615 	3 	88
9245600000000 9245700000136 	86000146780 238649814517 1156618 	85998990162 1156618 0 0 0 	32414004 1156618 0 	330.456 	3 	88
9264800000000 9264900000136 	86200147052 239218697339 1156644 	86198990408 1156644 0 0 0 	32414540 1156644 0 	330.298 	3 	88
9284000000000 9284100000173 	86400147398 239787650138 1156668 	86398990730 1156668 0 0 0 	32415210 1156668 0 	330.138 	3 	88
9303200000000 9303300000173 	86600147744 240356687104 1156682 	86598991062 1156682 0 0 0 	32415594 1156682 0 	329.978 	3 	88
9322400000000 9322500000084 	86800147912 240925759704 1156704 	86798991208 1156704 0 0 0 	32416127 1156704 0 	329.813 	3 	88
9341600000000 9341700000084 	87000148080 241494853460 1156720 	86998991360 1156720 0 0 0 	32416691 1156720 0 	329.648 	3 	88
9360800000000 9360900000170 	87200148420 242063923743 1156737 	87198991683 1156737 0 0 0 	32417029 1156737 0 	329.481 	3 	88
9380000000000 9380100000170 	87400148760 242633048155 1156757 	87398992003 1156757 0 0 0 	32417495 1156757 0 	329.315 	3 	88
9399200000000 9399300000212 	87600149184 243202271378 1156767 	87598992417 1156767 0 0 0 	32417662 1156767 0 	329.147 	3 	88
9418400000000 9418500000212 	87800149608 243771517321 1156780 	87798992828 1156780 0 0 0 	32417886 1156780 0 	328.979 	3 	88
9437600000000 9437700000180 	88000149968 244340751033 1156797 	87998993171 1156797 0 0 0 	32418424 1156797 0 	328.809 	3 	88
9456800000000 9456900000180 	88200150328 244910050731 1156814 	88198993514 1156814 0 0 0 	32418788 1156814 0 	328.64 	3 	88
9476000000000 9476100000044 	88400150416 245479382938 1156825 	88398993591 1156825 0 0 0 	32418993 1156825 0 	328.469 	3 	88
9495200000000 9495300000044 	88600150504 246048813008 1156838 	88598993666 1156838 0 0 0 	32419446 1156838 0 	328.298 	3 	88
9514400000000 9514500000040 	88800150584 246618247587 1156856 	88798993728 1156856 0 0 0 	32419824 1156856 0 	328.125 	3 	88
9533600000000 9533700000040 	89000150664 247187730055 1156869 	88998993795 1156869 0 0 0 	32420122 1156869 0 	327.953 	3 	88
9552800000000 9552900000135 	89200150934 247757213857 1156883 	89198994051 1156883 0 0 0 	32420516 1156883 0 	327.778 	3 	88
9572000000000 9572100000135 	89400151204 248326798326 1156902 	89398994302 1156902 0 0 0 	32421310 1156902 0 	327.605 	3 	88
9591200000000 9591300000032 	89600151268 248896387404 1156916 	89598994352 1156916 0 0 0 	32421807 1156916 0 	327.429 	3 	88
9610400000000 9610500000032 	89800151332 249466004723 1156926 	89798994406 1156926 0 0 0 	32422150 1156926 0 	327.253 	3 	88
9629600000000 9629700000227 	90000151786 250035677906 1156938 	89998994848 1156938 0 0 0 	32422568 1156938 0 	327.076 	3 	88
9648800000000 9648900000227 	90200152240 250605402752 1156948 	90198995292 1156948 0 0 0 	32422869 1156948 0 	326.899 	3 	88
9668000000000 9668100000160 	90400152560 251175162533 1156957 	90398995603 1156957 0 0 0 	32423165 1156957 0 	326.72 	3 	88
9687200000000 9687300000160 	90600152880 251744896178 1156967 	90598995913 1156967 0 0 0 	32423416 1156967 0 	326.542 	3 	88
9706400000000 9706500000062 	90800153004 252314700403 1156978 	90798996026 1156978 0 0 0 	32423834 1156978 0 	326.362 	3 	88
9725600000000 9725700000062 	91000153128 252884551106 1156989 	90998996139 1156989 0 0 0 	32424040 1156989 0 	326.182 	3 	88
9744800000000 9744900000160 	91200153448 253454498758 1157000 	91198996448 1157000 0 0 0 	32424334 1157000 0 	326 	3 	88
9764000000000 9764100000160 	91400153768 254024376877 1157007 	91398996761 1157007 0 0 0 	32424529 1157007 0 	325.819 	3 	88
9783200000000 9783300000159 	91600154086 254594380822 1157013 	91598997073 1157013 0 0 0 	32424926 1157013 0 	325.636 	3 	88
9802400000000 9802500000159 	91800154404 255164393992 1157019 	91798997385 1157019 0 0 0 	32425048 1157019 0 	325.453 	3 	88
9821600000000 9821700000026 	92000154456 255734400893 1157028 	91998997428 1157028 0 0 0 	32425265 1157028 0 	325.268 	3 	88
9840800000000 9840900000026 	92200154508 256304486056 1157037 	92198997471 1157037 0 0 0 	32425494 1157037 0 	325.085 	3 	88
9860000000000 9860100000242 	92400154992 256874575313 1157045 	92398997947 1157045 0 0 0 	32425748 1157045 0 	324.898 	3 	88
9879200000000 9879300000242 	92600155476 257444725285 1157049 	92598998427 1157049 0 0 0 	32425925 1157049 0 	324.713 	3 	88
9898400000000 9898500000000 	92800155476 258014902546 1157057 	92798998419 1157057 0 0 0 	32426106 1157057 0 	324.525 	3 	88
9917600000000 9917700000000 	93000155476 258585058658 1157067 	92998998409 1157067 0 0 0 	32426496 1157067 0 	324.339 	3 	88
9936800000000 9936900000035 	93200155546 259155332281 1157068 	93198998478 1157068 0 0 0 	32426526 1157068 0 	324.149 	3 	88
9956000000000 9956100000035 	93400155616 259725673017 1157074 	93398998542 1157074 0 0 0 	32426855 1157074 0 	323.961 	3 	88
9975200000000 9975300000054 	93600155724 260296001606 1157085 	93598998639 1157085 0 0 0 	32427136 1157085 0 	323.771 	3 	88
9994400000000 9994500000054 	93800155832 260866444086 1157088 	93798998744 1157088 0 0 0 	32427205 1157088 0 	323.581 	3 	88
