1009600000000 1009700000227 	200000454 526729164 3 	200000451 3 0 0 0 	57 3 0 	263 	3 	96
1028800000000 1028900000159 	400000772 1053817234 5 	400000767 5 0 0 0 	117 5 0 	260.985 	3 	96
1048000000000 1048100000054 	600000880 1581237926 5 	600000875 5 0 0 0 	117 5 0 	258.614 	3 	96
1067200000000 1067300000048 	800000976 2109087298 14789 	799986187 14789 0 0 0 	397067 14789 0 	293.763 	3 	96
1086400000000 1086500000011 	1000000998 2637268279 27331 	999973667 27331 0 0 0 	729387 27331 0 	319.256 	3 	96
1105600000000 1105700000381 	1200001760 3165792958 37914 	1199963846 37914 0 0 0 	1016464 37914 0 	338.211 	3 	96
1124800000000 1124900000365 	1400002490 3694583862 46868 	1399955622 46868 0 0 0 	1257862 46868 0 	352.404 	3 	96
1144000000000 1144100000069 	1600002628 4223658760 46887 	1599955741 46887 0 0 0 	1258351 46887 0 	342.998 	3 	96
1163200000000 1163300000186 	1800003000 4753064704 46896 	1799956104 46896 0 0 0 	1258560 46896 0 	335.567 	3 	96
1182400000000 1182500000032 	2000003064 5282837927 46902 	1999956162 46902 0 0 0 	1258735 46902 0 	329.175 	3 	96
1201600000000 1201700000044 	2200003152 5812884273 46905 	2199956247 46905 0 0 0 	1258865 46905 0 	323.509 	3 	96
1220800000000 1220900000084 	2400003320 6343183258 46907 	2399956413 46907 0 0 0 	1258880 46907 0 	318.368 	3 	96
1240000000000 1240100000180 	2600003680 6873809411 46909 	2599956771 46909 0 0 0 	1258907 46909 0 	313.831 	3 	96
1259200000000 1259300000032 	2800003744 7404718489 46916 	2799956828 46916 0 0 0 	1259026 46916 0 	309.656 	3 	96
1278400000000 1278500000160 	3000004064 7935940753 46917 	2999957147 46917 0 0 0 	1259032 46917 0 	305.763 	3 	96
1297600000000 1297700000000 	3200004064 8467414683 46919 	3199957145 46919 0 0 0 	1259099 46919 0 	302.093 	3 	96
1316800000000 1316900000152 	3400004368 8999258128 64809 	3399939559 64809 0 0 0 	1744981 64809 0 	309.384 	3 	96
1336000000000 1336100000048 	3600004464 9531406650 80252 	3599924212 80252 0 0 0 	2158653 80252 0 	315.989 	3 	96
1355200000000 1355300000011 	3800004486 10063838333 93975 	3799910511 93975 0 0 0 	2530829 93975 0 	321.984 	3 	96
1374400000000 1374500000381 	4000005248 10596444716 105888 	3999899360 105888 0 0 0 	2855400 105888 0 	327.396 	3 	96
1393600000000 1393700000254 	4200005756 11129337561 116505 	4199889251 116505 0 0 0 	3141377 116505 0 	332.29 	3 	96
1412800000000 1412900000365 	4400006486 11662513279 125712 	4399880774 125712 0 0 0 	3390380 125712 0 	336.799 	3 	96
1432000000000 1432100000352 	4600007190 12195944566 133735 	4599873455 133735 0 0 0 	3606240 133735 0 	340.861 	3 	96
1451200000000 1451300000178 	4800007546 12729618011 141017 	4799866529 141017 0 0 0 	3802256 141017 0 	344.533 	3 	96
1470400000000 1470500000230 	5000008006 13263533406 147295 	4999860711 147295 0 0 0 	3973009 147295 0 	347.817 	3 	96
1489600000000 1489700000400 	5200008806 13797635602 152682 	5199856124 152682 0 0 0 	4114778 152682 0 	350.764 	3 	96
1508800000000 1508900000249 	5400009304 14332027118 157484 	5399851820 157484 0 0 0 	4246293 157484 0 	353.394 	3 	96
1528000000000 1528100000110 	5600009524 14866631356 161603 	5599847921 161603 0 0 0 	4359340 161603 0 	355.754 	3 	96
1547200000000 1547300000060 	5800009644 15401478185 165316 	5799844328 165316 0 0 0 	4459712 165316 0 	357.837 	3 	96
1566400000000 1566500000074 	6000009792 15936534404 168509 	5999841283 168509 0 0 0 	4545787 168509 0 	359.66 	3 	96
1585600000000 1585700000160 	6200010112 16471794275 168514 	6199841598 168514 0 0 0 	4545849 168514 0 	355.387 	3 	96
1604800000000 1604900000159 	6400010430 17007315160 168515 	6399841915 168515 0 0 0 	4545867 168515 0 	351.301 	3 	96
1624000000000 1624100000000 	6600010430 17543125190 168516 	6599841914 168516 0 0 0 	4545874 168516 0 	347.382 	3 	96
1643200000000 1643300000152 	6800010734 18079256707 188240 	6799822494 188240 0 0 0 	5077399 188240 0 	350.587 	3 	96
1662400000000 1662500000000 	7000010734 18615567765 206026 	6999804708 206026 0 0 0 	5559486 206026 0 	353.606 	3 	96
1681600000000 1681700000476 	7200011686 19152091521 222085 	7199789601 222085 0 0 0 	5988050 222085 0 	356.39 	3 	96
1700800000000 1700900000011 	7400011708 19688807192 236428 	7399775280 236428 0 0 0 	6375247 236428 0 	359.022 	3 	96
1720000000000 1720100000381 	7600012470 20225711654 249480 	7599762990 249480 0 0 0 	6729298 249480 0 	361.434 	3 	96
1739200000000 1739300000468 	7800013406 20762834984 261210 	7799752196 261210 0 0 0 	7047603 261210 0 	363.708 	3 	96
1758400000000 1758500000365 	8000014136 21300213615 271789 	7999742347 271789 0 0 0 	7335959 271789 0 	365.791 	3 	96
1777600000000 1777700000368 	8200014872 21837757013 281155 	8199733717 281155 0 0 0 	7590551 281155 0 	367.75 	3 	96
1796800000000 1796900000120 	8400015112 22375496708 289518 	8399725594 289518 0 0 0 	7814747 289518 0 	369.53 	3 	96
1816000000000 1816100000178 	8600015468 22913415650 297044 	8599718424 297044 0 0 0 	8023567 297044 0 	371.197 	3 	96
1835200000000 1835300000230 	8800015928 23451561123 303877 	8799712051 303877 0 0 0 	8212074 303877 0 	372.696 	3 	96
1854400000000 1854500000320 	9000016568 23989872948 309962 	8999706606 309962 0 0 0 	8377666 309962 0 	374.093 	3 	96
1873600000000 1873700000290 	9200017148 24528353049 315609 	9199701539 315609 0 0 0 	8529020 315609 0 	375.347 	3 	96
1892800000000 1892900000249 	9400017646 25067064211 320641 	9399697005 320641 0 0 0 	8667253 320641 0 	376.509 	3 	96
1912000000000 1912100000110 	9600017866 25605884847 325076 	9599692790 325076 0 0 0 	8787877 325076 0 	377.55 	3 	96
1931200000000 1931300000189 	9800018244 26144916160 329097 	9799689147 329097 0 0 0 	8895520 329097 0 	378.508 	3 	96
1950400000000 1950500000375 	10000018994 26684140931 332785 	9999686209 332785 0 0 0 	8996613 332785 0 	379.338 	3 	96
1969600000000 1969700000074 	10200019142 27223568761 336107 	10199683035 336107 0 0 0 	9086123 336107 0 	380.092 	3 	96
1988800000000 1988900000353 	10400019848 27763176658 339139 	10399680709 339139 0 0 0 	9170150 339139 0 	380.74 	3 	96
2008000000000 2008100000044 	10600019936 28302987221 341773 	10599678163 341773 0 0 0 	9241093 341773 0 	381.318 	3 	96
2027200000000 2027300000091 	10800020118 28842959505 344106 	10799676012 344106 0 0 0 	9303807 344106 0 	381.796 	3 	96
2046400000000 2046500000241 	11000020600 29383163817 346193 	10999674407 346193 0 0 0 	9360655 346193 0 	382.2 	3 	96
2065600000000 2065700000314 	11200021228 29923493124 348103 	11199673125 348103 0 0 0 	9413193 348103 0 	382.537 	3 	96
2084800000000 2084900000330 	11400021888 30463978967 349815 	11399672073 349815 0 0 0 	9461418 349815 0 	382.781 	3 	96
2104000000000 2104100000352 	11600022592 31004676032 351333 	11599671259 351333 0 0 0 	9502297 351333 0 	382.969 	3 	96
2123200000000 2123300000290 	11800023172 31545559754 352740 	11799670432 352740 0 0 0 	9540102 352740 0 	383.086 	3 	96
2142400000000 2142500000026 	12000023224 32086606983 354074 	11999669150 354074 0 0 0 	9578454 354074 0 	383.151 	3 	96
2161600000000 2161700000151 	12200023526 32627835226 355210 	12199668316 355210 0 0 0 	9608036 355210 0 	383.148 	3 	96
2180800000000 2180900000308 	12400024142 33169201838 356201 	12399667941 356201 0 0 0 	9636115 356201 0 	383.114 	3 	96
2200000000000 2200100000208 	12600024558 33710766872 357113 	12599667445 357113 0 0 0 	9661247 357113 0 	382.999 	3 	96
2219200000000 2219300000368 	12800025294 34252514171 367684 	12799657610 367684 0 0 0 	9954455 367684 0 	384.089 	3 	96
2238400000000 2238500000352 	13000025998 34794502704 377177 	12999648821 377177 0 0 0 	10212072 377177 0 	385.109 	3 	96
2257600000000 2257700000178 	13200026354 35336581952 385956 	13199640398 385956 0 0 0 	10452786 385956 0 	386.04 	3 	96
2276800000000 2276900000355 	13400027064 35878843472 393991 	13399633073 393991 0 0 0 	10673453 393991 0 	386.915 	3 	96
2296000000000 2296100000230 	13600027524 36421204022 401517 	13599626007 401517 0 0 0 	10878571 401517 0 	387.725 	3 	96
2315200000000 2315300000320 	13800028164 36963754056 408256 	13799619908 408256 0 0 0 	11065924 408256 0 	388.483 	3 	96
2334400000000 2334500000400 	14000028964 37506434914 414530 	13999614434 414530 0 0 0 	11237946 414530 0 	389.189 	3 	96
2353600000000 2353700000249 	14200029462 38049303110 420430 	14199609032 420430 0 0 0 	11403085 420430 0 	389.812 	3 	96
2372800000000 2372900000088 	14400029638 38592333690 425698 	14399603940 425698 0 0 0 	11547914 425698 0 	390.386 	3 	96
2392000000000 2392100000110 	14600029858 39135511157 430601 	14599599257 430601 0 0 0 	11685307 430601 0 	390.924 	3 	96
2411200000000 2411300000189 	14800030236 39678816405 435270 	14799594966 435270 0 0 0 	11811181 435270 0 	391.416 	3 	96
2430400000000 2430500000060 	15000030356 40222307420 439432 	14999590924 439432 0 0 0 	11927111 439432 0 	391.863 	3 	96
2449600000000 2449700000074 	15200030504 40765815452 443299 	15199587205 443299 0 0 0 	12035340 443299 0 	392.231 	3 	96
2468800000000 2468900000320 	15400031144 41309579337 446782 	15399584362 446782 0 0 0 	12131945 446782 0 	392.569 	3 	96
2488000000000 2488100000353 	15600031850 41853540363 450033 	15599581817 450033 0 0 0 	12220286 450033 0 	392.864 	3 	96
2507200000000 2507300000044 	15800031938 42397556828 453001 	15799578937 453001 0 0 0 	12302767 453001 0 	393.118 	3 	96
2526400000000 2526500000091 	16000032120 42941767223 455673 	15999576447 455673 0 0 0 	12374499 455673 0 	393.309 	3 	96
2545600000000 2545700000307 	16200032734 43486135294 458122 	16199574612 458122 0 0 0 	12440441 458122 0 	393.472 	3 	96
2564800000000 2564900000100 	16400032934 44030575497 460428 	16399572506 460428 0 0 0 	12501645 460428 0 	393.597 	3 	96
2584000000000 2584100000314 	16600033562 44575155663 462552 	16599571010 462552 0 0 0 	12559524 462552 0 	393.696 	3 	96
2603200000000 2603300000173 	16800033908 45119887685 464389 	16799569519 464389 0 0 0 	12610855 464389 0 	393.759 	3 	96
2622400000000 2622500000352 	17000034612 45664829076 466138 	16999568474 466138 0 0 0 	12658919 466138 0 	393.761 	3 	96
2641600000000 2641700000376 	17200035364 46209858815 467809 	17199567555 467809 0 0 0 	12703811 467809 0 	393.741 	3 	96
2660800000000 2660900000290 	17400035944 46755015799 469331 	17399566613 469331 0 0 0 	12744829 469331 0 	393.697 	3 	96
2680000000000 2680100000026 	17600035996 47300281666 470722 	17599565274 470722 0 0 0 	12784130 470722 0 	393.62 	3 	96
2699200000000 2699300000285 	17800036566 47845677582 472017 	17799564549 472017 0 0 0 	12818523 472017 0 	393.521 	3 	96
2718400000000 2718500000308 	18000037182 48391230062 473214 	17999563968 473214 0 0 0 	12852308 473214 0 	393.377 	3 	96
2737600000000 2737700000278 	18200037738 48936961365 474343 	18199563395 474343 0 0 0 	12884079 474343 0 	393.202 	3 	96
2756800000000 2756900000208 	18400038154 49482803031 475304 	18399562850 475304 0 0 0 	12909243 475304 0 	393.006 	3 	96
2776000000000 2776100000120 	18600038394 50028736442 476255 	18599562139 476255 0 0 0 	12935502 476255 0 	392.792 	3 	96
2795200000000 2795300000296 	18800038986 50574836680 477114 	18799561872 477114 0 0 0 	12958399 477114 0 	392.558 	3 	96
2814400000000 2814500000320 	19000039626 51121066701 477928 	18999561698 477928 0 0 0 	12979410 477928 0 	392.283 	3 	96
2833600000000 2833700000350 	19200040326 51667393066 478665 	19199561661 478665 0 0 0 	12999884 478665 0 	391.989 	3 	96
2852800000000 2852900000264 	19400040854 52213797707 479332 	19399561522 479332 0 0 0 	13018737 479332 0 	391.679 	3 	96
2872000000000 2872100000328 	19600041510 52760406387 479980 	19599561530 479980 0 0 0 	13037210 479980 0 	391.351 	3 	96
2891200000000 2891300000080 	19800041670 53307175670 480487 	19799561183 480487 0 0 0 	13051493 480487 0 	391.007 	3 	96
2910400000000 2910500000044 	20000041758 53854021167 481001 	19999560757 481001 0 0 0 	13065739 481001 0 	390.623 	3 	96
2929600000000 2929700000044 	20200041846 54401054165 481497 	20199560349 481497 0 0 0 	13079336 481497 0 	390.224 	3 	96
2948800000000 2948900000032 	20400041910 54948152948 481907 	20399560003 481907 0 0 0 	13089762 481907 0 	389.809 	3 	96
2968000000000 2968100000250 	20600042410 55495358101 482342 	20599560068 482342 0 0 0 	13101608 482342 0 	389.379 	3 	96
2987200000000 2987300000228 	20800042866 56042709564 482722 	20799560144 482722 0 0 0 	13112878 482722 0 	388.91 	3 	96
3006400000000 3006500000112 	21000043090 56590159537 483088 	20999560002 483088 0 0 0 	13122101 483088 0 	388.427 	3 	96
3025600000000 3025700000278 	21200043646 57137752176 483421 	21199560225 483421 0 0 0 	13130905 483421 0 	387.942 	3 	96
3044800000000 3044900000296 	21400044238 57685499424 483699 	21399560539 483699 0 0 0 	13138447 483699 0 	387.444 	3 	96
3064000000000 3064100000254 	21600044746 58233313402 483988 	21599560758 483988 0 0 0 	13145800 483988 0 	386.932 	3 	96
3083200000000 3083300000320 	21800045386 58781325468 484235 	21799561151 484235 0 0 0 	13152927 484235 0 	386.394 	3 	96
3102400000000 3102500000353 	22000046092 59329419026 487803 	21999558289 487803 0 0 0 	13251507 487803 0 	386.652 	3 	96
3121600000000 3121700000044 	22200046180 59877673074 491236 	22199554944 491236 0 0 0 	13345617 491236 0 	386.883 	3 	96
3140800000000 3140900000228 	22400046636 60425996969 494404 	22399552232 494404 0 0 0 	13431958 494404 0 	387.093 	3 	96
3160000000000 3160100000091 	22600046818 60974506838 497483 	22599549335 497483 0 0 0 	13518922 497483 0 	387.277 	3 	96
3179200000000 3179300000307 	22800047432 61523081939 500284 	22799547148 500284 0 0 0 	13596513 500284 0 	387.442 	3 	96
3198400000000 3198500000100 	23000047632 62071792683 502981 	22999544651 502981 0 0 0 	13667223 502981 0 	387.58 	3 	96
3217600000000 3217700000314 	23200048260 62620541394 505356 	23199542904 505356 0 0 0 	13730964 505356 0 	387.7 	3 	96
3236800000000 3236900000314 	23400048888 63169409756 507610 	23399541278 507610 0 0 0 	13792440 507610 0 	387.818 	3 	96
3256000000000 3256100000173 	23600049234 63718393428 509802 	23599539432 509802 0 0 0 	13852562 509802 0 	387.91 	3 	96
3275200000000 3275300000330 	23800049894 64267521945 511794 	23799538100 511794 0 0 0 	13910165 511794 0 	387.984 	3 	96
3294400000000 3294500000352 	24000050598 64816795355 513672 	23999536926 513672 0 0 0 	13961432 513672 0 	388.034 	3 	96
3313600000000 3313700000376 	24200051350 65366126383 515368 	24199535982 515368 0 0 0 	14008870 515368 0 	388.066 	3 	96
3332800000000 3332900000290 	24400051930 65915559114 516933 	24399534997 516933 0 0 0 	14051107 516933 0 	388.082 	3 	96
3352000000000 3352100000026 	24600051982 66465070576 518495 	24599533487 518495 0 0 0 	14094841 518495 0 	388.073 	3 	96
3371200000000 3371300000285 	24800052552 67014772286 519936 	24799532616 519936 0 0 0 	14136282 519936 0 	388.048 	3 	96
3390400000000 3390500000151 	25000052854 67564570509 521274 	24999531580 521274 0 0 0 	14176118 521274 0 	388.007 	3 	96
3409600000000 3409700000308 	25200053470 68114481882 522559 	25199530911 522559 0 0 0 	14212878 522559 0 	387.951 	3 	96
3428800000000 3428900000278 	25400054026 68664464178 523772 	25399530254 523772 0 0 0 	14247502 523772 0 	387.87 	3 	96
3448000000000 3448100000208 	25600054442 69214612370 524827 	25599529615 524827 0 0 0 	14275737 524827 0 	387.775 	3 	96
3467200000000 3467300000120 	25800054682 69764816967 525903 	25799528779 525903 0 0 0 	14304759 525903 0 	387.664 	3 	96
3486400000000 3486500000296 	26000055274 70315093858 526816 	25999528458 526816 0 0 0 	14330624 526816 0 	387.538 	3 	96
3505600000000 3505700000270 	26200055814 70865506534 527738 	26199528076 527738 0 0 0 	14356672 527738 0 	387.398 	3 	96
3524800000000 3524900000320 	26400056454 71416043650 528563 	26399527891 528563 0 0 0 	14379777 528563 0 	387.244 	3 	96
3544000000000 3544100000350 	26600057154 71966684447 529325 	26599527829 529325 0 0 0 	14400762 529325 0 	387.075 	3 	96
3563200000000 3563300000264 	26800057682 72517470197 530075 	26799527607 530075 0 0 0 	14422645 530075 0 	386.892 	3 	96
3582400000000 3582500000328 	27000058338 73068298447 530740 	26999527598 530740 0 0 0 	14441093 530740 0 	386.695 	3 	96
3601600000000 3601700000080 	27200058498 73619233459 531430 	27199527068 531430 0 0 0 	14460456 531430 0 	386.484 	3 	96
3620800000000 3620900000140 	27400058778 74170262782 532016 	27399526762 532016 0 0 0 	14477480 532016 0 	386.26 	3 	96
3640000000000 3640100000044 	27600058866 74721393696 532612 	27599526254 532612 0 0 0 	14494108 532612 0 	386.022 	3 	96
3659200000000 3659300000044 	27800058954 75272617840 533158 	27799525796 533158 0 0 0 	14509882 533158 0 	385.771 	3 	96
3678400000000 3678500000032 	28000059018 75823928418 533722 	27999525296 533722 0 0 0 	14526496 533722 0 	385.507 	3 	96
3697600000000 3697700000250 	28200059518 76375369861 534203 	28199525315 534203 0 0 0 	14539646 534203 0 	385.229 	3 	96
3716800000000 3716900000236 	28400059990 76926926653 534628 	28399525362 534628 0 0 0 	14551359 534628 0 	384.939 	3 	96
3736000000000 3736100000228 	28600060446 77478566098 535074 	28599525372 535074 0 0 0 	14564714 535074 0 	384.637 	3 	96
3755200000000 3755300000112 	28800060670 78030273069 535460 	28799525210 535460 0 0 0 	14574685 535460 0 	384.321 	3 	96
3774400000000 3774500000278 	29000061226 78582132587 535855 	28999525371 535855 0 0 0 	14585980 535855 0 	384.002 	3 	96
3793600000000 3793700000296 	29200061818 79134041472 536191 	29199525627 536191 0 0 0 	14595439 536191 0 	383.671 	3 	96
3812800000000 3812900000296 	29400062410 79686065724 536506 	29399525904 536506 0 0 0 	14603966 536506 0 	383.345 	3 	96
3832000000000 3832100000254 	29600062918 80238155284 536799 	29599526119 536799 0 0 0 	14612467 536799 0 	383.006 	3 	96
3851200000000 3851300000032 	29800062982 80790359426 537087 	29799525895 537087 0 0 0 	14619927 537087 0 	382.656 	3 	96
3870400000000 3870500000320 	30000063622 81342664725 537345 	29999526277 537345 0 0 0 	14626941 537345 0 	382.302 	3 	96
3889600000000 3889700000268 	30200064158 81895078066 537591 	30199526567 537591 0 0 0 	14634142 537591 0 	381.936 	3 	96
3908800000000 3908900000060 	30400064278 82447593769 537792 	30399526486 537792 0 0 0 	14639824 537792 0 	381.558 	3 	96
3928000000000 3928100000230 	30600064738 83000166000 537990 	30599526748 537990 0 0 0 	14645834 537990 0 	381.169 	3 	96
3947200000000 3947300000208 	30800065154 83552785710 538183 	30799526971 538183 0 0 0 	14651233 538183 0 	380.777 	3 	96
3966400000000 3966500000197 	31000065548 84105558889 538359 	30999527189 538359 0 0 0 	14656370 538359 0 	380.373 	3 	96
3985600000000 3985700000174 	31200065896 84658401001 538527 	31199527369 538527 0 0 0 	14661494 538527 0 	379.967 	3 	96
4004800000000 4004900000008 	31400065912 85211290669 538714 	31399527198 538714 0 0 0 	14666119 538714 0 	379.55 	3 	96
4024000000000 4024100000320 	31600066552 85764305758 538869 	31599527683 538869 0 0 0 	14670919 538869 0 	379.121 	3 	96
4043200000000 4043300000167 	31800066886 86317401152 539008 	31799527878 539008 0 0 0 	14674931 539008 0 	378.689 	3 	96
4062400000000 4062500000120 	32000067126 86870656358 539138 	31999527988 539138 0 0 0 	14678460 539138 0 	378.247 	3 	96
4081600000000 4081700000188 	32200067502 87423934656 539273 	32199528229 539273 0 0 0 	14682312 539273 0 	377.803 	3 	96
4100800000000 4100900000096 	32400067694 87977328558 539420 	32399528274 539420 0 0 0 	14686206 539420 0 	377.347 	3 	96
4120000000000 4120100000215 	32600068124 88530847890 539523 	32599528601 539523 0 0 0 	14689222 539523 0 	376.889 	3 	96
4139200000000 4139300000057 	32800068238 89084442513 539628 	32799528610 539628 0 0 0 	14692173 539628 0 	376.421 	3 	96
4158400000000 4158500000056 	33000068350 89638143591 539728 	32999528622 539728 0 0 0 	14695043 539728 0 	375.95 	3 	96
4177600000000 4177700000110 	33200068570 90191885222 539819 	33199528751 539819 0 0 0 	14697408 539819 0 	375.469 	3 	96
4196800000000 4196900000125 	33400068820 90745719101 539907 	33399528913 539907 0 0 0 	14699632 539907 0 	374.986 	3 	96
4216000000000 4216100000031 	33600068882 91299678327 539982 	33599528900 539982 0 0 0 	14701632 539982 0 	374.493 	3 	96
4235200000000 4235300000188 	33800069258 91853643329 540048 	33799529210 540048 0 0 0 	14703491 540048 0 	373.997 	3 	96
4254400000000 4254500000192 	34000069642 92407780688 540099 	33999529543 540099 0 0 0 	14704722 540099 0 	373.491 	3 	96
4273600000000 4273700000302 	34200070246 92961969917 540172 	34199530074 540172 0 0 0 	14706833 540172 0 	372.984 	3 	96
4292800000000 4292900000052 	34400070350 93516271269 540233 	34399530117 540233 0 0 0 	14708478 540233 0 	372.475 	3 	96
4312000000000 4312100000208 	34600070766 94070683106 541437 	34599529329 541437 0 0 0 	14743331 541437 0 	372.495 	3 	96
4331200000000 4331300000120 	34800071006 94625070797 542634 	34799528372 542634 0 0 0 	14776003 542634 0 	372.504 	3 	96
4350400000000 4350500000296 	35000071598 95179631612 543702 	34999527896 543702 0 0 0 	14806713 543702 0 	372.501 	3 	96
4369600000000 4369700000270 	35200072138 95734198627 544725 	35199527413 544725 0 0 0 	14835513 544725 0 	372.486 	3 	96
4388800000000 4388900000270 	35400072678 96288873290 545696 	35399526982 545696 0 0 0 	14863359 545696 0 	372.472 	3 	96
4408000000000 4408100000320 	35600073318 96843646970 546664 	35599526654 546664 0 0 0 	14891289 546664 0 	372.447 	3 	96
4427200000000 4427300000350 	35800074018 97398507986 547572 	35799526446 547572 0 0 0 	14916356 547572 0 	372.41 	3 	96
4446400000000 4446500000264 	36000074546 97953428259 548427 	35999526119 548427 0 0 0 	14940997 548427 0 	372.362 	3 	96
4465600000000 4465700000264 	36200075074 98508467235 549215 	36199525859 549215 0 0 0 	14962813 549215 0 	372.315 	3 	96
4484800000000 4484900000328 	36400075730 99063588255 550004 	36399525726 550004 0 0 0 	14983924 550004 0 	372.257 	3 	96
4504000000000 4504100000080 	36600075890 99618770675 550772 	36599525118 550772 0 0 0 	15006114 550772 0 	372.188 	3 	96
4523200000000 4523300000140 	36800076170 100174047570 551446 	36799524724 551446 0 0 0 	15024535 551446 0 	372.108 	3 	96
4542400000000 4542500000140 	37000076450 100729437354 552123 	36999524327 552123 0 0 0 	15042979 552123 0 	372.028 	3 	96
4561600000000 4561700000044 	37200076538 101284895680 552713 	37199523825 552713 0 0 0 	15059508 552713 0 	371.938 	3 	96
4580800000000 4580900000044 	37400076626 101840372123 553297 	37399523329 553297 0 0 0 	15076348 553297 0 	371.837 	3 	96
4600000000000 4600100000032 	37600076690 102395938483 553852 	37599522838 553852 0 0 0 	15091635 553852 0 	371.726 	3 	96
4619200000000 4619300000250 	37800077190 102951633244 554385 	37799522805 554385 0 0 0 	15107043 554385 0 	371.604 	3 	96
4638400000000 4638500000250 	38000077690 103507317422 554900 	37999522790 554900 0 0 0 	15120992 554900 0 	371.483 	3 	96
4657600000000 4657700000236 	38200078162 104063134278 555384 	38199522778 555384 0 0 0 	15134157 555384 0 	371.352 	3 	96
4676800000000 4676900000228 	38400078618 104619013180 555794 	38399522824 555794 0 0 0 	15145653 555794 0 	371.21 	3 	96
4696000000000 4696100000112 	38600078842 105175017027 556227 	38599522615 556227 0 0 0 	15157545 556227 0 	371.058 	3 	96
4715200000000 4715300000112 	38800079066 105731087066 556649 	38799522417 556649 0 0 0 	15169638 556649 0 	370.908 	3 	96
4734400000000 4734500000278 	39000079622 106287242011 557047 	38999522575 557047 0 0 0 	15181161 557047 0 	370.753 	3 	96
4753600000000 4753700000296 	39200080214 106843412230 557408 	39199522806 557408 0 0 0 	15191967 557408 0 	370.588 	3 	96
4772800000000 4772900000254 	39400080722 107399658361 557728 	39399522994 557728 0 0 0 	15201443 557728 0 	370.413 	3 	96
4792000000000 4792100000032 	39600080786 107955979128 558055 	39599522731 558055 0 0 0 	15210901 558055 0 	370.228 	3 	96
4811200000000 4811300000032 	39800080850 108512419409 558362 	39799522488 558362 0 0 0 	15219820 558362 0 	370.044 	3 	96
4830400000000 4830500000320 	40000081490 109068934294 558666 	39999522824 558666 0 0 0 	15228636 558666 0 	369.857 	3 	96
4849600000000 4849700000268 	40200082026 109625534842 558988 	40199523038 558988 0 0 0 	15236942 558988 0 	369.66 	3 	96
4868800000000 4868900000060 	40400082146 110182212304 559261 	40399522885 559261 0 0 0 	15244720 559261 0 	369.452 	3 	96
4888000000000 4888100000060 	40600082266 110739009564 559522 	40599522744 559522 0 0 0 	15251516 559522 0 	369.247 	3 	96
4907200000000 4907300000230 	40800082726 111295811197 559741 	40799522985 559741 0 0 0 	15258268 559741 0 	369.032 	3 	96
4926400000000 4926500000208 	41000083142 111852726306 559966 	40999523176 559966 0 0 0 	15264439 559966 0 	368.813 	3 	96
4945600000000 4945700000197 	41200083536 112409663182 560195 	41199523341 560195 0 0 0 	15270538 560195 0 	368.584 	3 	96
4964800000000 4964900000197 	41400083930 112966701013 560423 	41399523507 560423 0 0 0 	15277046 560423 0 	368.358 	3 	96
4984000000000 4984100000174 	41600084278 113523758358 560579 	41599523699 560579 0 0 0 	15281647 560579 0 	368.128 	3 	96
5003200000000 5003300000008 	41800084294 114080878106 560750 	41799523544 560750 0 0 0 	15286894 560750 0 	367.888 	3 	96
5022400000000 5022500000320 	42000084934 114638189764 560932 	41999524002 560932 0 0 0 	15292428 560932 0 	367.639 	3 	96
5041600000000 5041700000167 	42200085268 115195505553 561113 	42199524155 561113 0 0 0 	15297524 561113 0 	367.386 	3 	96
5060800000000 5060900000167 	42400085602 115752940606 561300 	42399524302 561300 0 0 0 	15303289 561300 0 	367.135 	3 	96
5080000000000 5080100000120 	42600085842 116310467163 561444 	42599524398 561444 0 0 0 	15307423 561444 0 	366.875 	3 	96
5099200000000 5099300000188 	42800086218 116868018941 561598 	42799524620 561598 0 0 0 	15311707 561598 0 	366.612 	3 	96
5118400000000 5118500000096 	43000086410 117425651890 561734 	42999524676 561734 0 0 0 	15315357 561734 0 	366.339 	3 	96
5137600000000 5137700000096 	43200086602 117983345554 561869 	43199524733 561869 0 0 0 	15319044 561869 0 	366.069 	3 	96
5156800000000 5156900000215 	43400087032 118541041161 561996 	43399525036 561996 0 0 0 	15322669 561996 0 	365.796 	3 	96
5176000000000 5176100000057 	43600087146 119098904453 562095 	43599525051 562095 0 0 0 	15325103 562095 0 	365.513 	3 	96
5195200000000 5195300000056 	43800087258 119656778444 562221 	43799525037 562221 0 0 0 	15329243 562221 0 	365.227 	3 	96
5214400000000 5214500000110 	44000087478 120214759234 562333 	43999525145 562333 0 0 0 	15332270 562333 0 	364.932 	3 	96
5233600000000 5233700000110 	44200087698 120772832678 562452 	44199525246 562452 0 0 0 	15335676 562452 0 	364.639 	3 	96
5252800000000 5252900000125 	44400087948 121330922148 562542 	44399525406 562542 0 0 0 	15338429 562542 0 	364.344 	3 	96
5272000000000 5272100000031 	44600088010 121889147519 562633 	44599525377 562633 0 0 0 	15340943 562633 0 	364.039 	3 	96
5291200000000 5291300000188 	44800088386 122447412698 562708 	44799525678 562708 0 0 0 	15343411 562708 0 	363.731 	3 	96
5310400000000 5310500000188 	45000088762 123005734041 562797 	44999525965 562797 0 0 0 	15346773 562797 0 	363.426 	3 	96
5329600000000 5329700000192 	45200089146 123564125448 562882 	45199526264 562882 0 0 0 	15349241 562882 0 	363.112 	3 	96
5348800000000 5348900000302 	45400089750 124122563675 562956 	45399526794 562956 0 0 0 	15351265 562956 0 	362.795 	3 	96
5368000000000 5368100000052 	45600089854 124681058357 563010 	45599526844 563010 0 0 0 	15352850 563010 0 	362.475 	3 	96
5387200000000 5387300000210 	45800090274 125239665052 563080 	45799527194 563080 0 0 0 	15354926 563080 0 	362.148 	3 	96
5406400000000 5406500000200 	46000090674 125798326839 563141 	45999527533 563141 0 0 0 	15356890 563141 0 	361.822 	3 	96
5425600000000 5425700000251 	46200091176 126357079630 563203 	46199527973 563203 0 0 0 	15358677 563203 0 	361.493 	3 	96
5444800000000 5444900000197 	46400091570 126915910857 563260 	46399528310 563260 0 0 0 	15360634 563260 0 	361.155 	3 	96
5464000000000 5464100000048 	46600091666 127474807205 563314 	46599528352 563314 0 0 0 	15362262 563314 0 	360.814 	3 	96
5483200000000 5483300000048 	46800091762 128033729636 563357 	46799528405 563357 0 0 0 	15363459 563357 0 	360.477 	3 	96
5502400000000 5502500000280 	47000092322 128592723795 563407 	46999528915 563407 0 0 0 	15364645 563407 0 	360.137 	3 	96
5521600000000 5521700000021 	47200092364 129151745099 563446 	47199528918 563446 0 0 0 	15365657 563446 0 	359.787 	3 	96
5540800000000 5540900000072 	47400092508 129710882359 563501 	47399529007 563501 0 0 0 	15367249 563501 0 	359.435 	3 	96
5560000000000 5560100000072 	47600092652 130270060074 563547 	47599529105 563547 0 0 0 	15368608 563547 0 	359.087 	3 	96
5579200000000 5579300000113 	47800092878 130829323814 563576 	47799529302 563576 0 0 0 	15369302 563576 0 	358.736 	3 	96
5598400000000 5598500000069 	48000093016 131388645624 563619 	47999529397 563619 0 0 0 	15370490 563619 0 	358.375 	3 	96
5617600000000 5617700000224 	48200093464 131948110371 563644 	48199529820 563644 0 0 0 	15371108 563644 0 	358.012 	3 	96
5636800000000 5636900000271 	48400094006 132507560176 563682 	48399530324 563682 0 0 0 	15372079 563682 0 	357.647 	3 	96
5656000000000 5656100000271 	48600094548 133067095366 563722 	48599530826 563722 0 0 0 	15373012 563722 0 	357.285 	3 	96
5675200000000 5675300000186 	48800094920 133626706800 563754 	48799531166 563754 0 0 0 	15374214 563754 0 	356.92 	3 	96
5694400000000 5694500000092 	49000095104 134186345550 563783 	48999531321 563783 0 0 0 	15374881 563783 0 	356.547 	3 	96
5713600000000 5713700000031 	49200095166 134745994753 563820 	49199531346 563820 0 0 0 	15375737 563820 0 	356.17 	3 	96
5732800000000 5732900000031 	49400095228 135305753051 563849 	49399531379 563849 0 0 0 	15376461 563849 0 	355.798 	3 	96
5752000000000 5752100000020 	49600095268 135865632662 563874 	49599531394 563874 0 0 0 	15377055 563874 0 	355.423 	3 	96
5771200000000 5771300000032 	49800095332 136425541386 563893 	49799531439 563893 0 0 0 	15377636 563893 0 	355.045 	3 	96
5790400000000 5790500000040 	50000095412 136985472545 563915 	49999531497 563915 0 0 0 	15378295 563915 0 	354.665 	3 	96
5809600000000 5809700000214 	50200095840 137545530486 563932 	50199531908 563932 0 0 0 	15378723 563932 0 	354.276 	3 	96
5828800000000 5828900000214 	50400096268 138105630025 563952 	50399532316 563952 0 0 0 	15379326 563952 0 	353.89 	3 	96
5848000000000 5848100000047 	50600096362 138665759752 563973 	50599532389 563973 0 0 0 	15379783 563973 0 	353.503 	3 	96
5867200000000 5867300000044 	50800096450 139226005838 563989 	50799532461 563989 0 0 0 	15380101 563989 0 	353.112 	3 	96
5886400000000 5886500000175 	51000096800 139786269776 564006 	50999532794 564006 0 0 0 	15380524 564006 0 	352.719 	3 	96
5905600000000 5905700000175 	51200097150 140346639291 564014 	51199533136 564014 0 0 0 	15380773 564014 0 	352.33 	3 	96
5924800000000 5924900000136 	51400097422 140907047180 564027 	51399533395 564027 0 0 0 	15381248 564027 0 	351.939 	3 	96
5944000000000 5944100000173 	51600097768 141467500724 564040 	51599533728 564040 0 0 0 	15381487 564040 0 	351.545 	3 	96
5963200000000 5963300000084 	51800097936 142028036960 564053 	51799533883 564053 0 0 0 	15381893 564053 0 	351.142 	3 	96
5982400000000 5982500000084 	52000098104 142588629547 564062 	51999534042 564062 0 0 0 	15382317 564062 0 	350.743 	3 	96
6001600000000 6001700000170 	52200098444 143149264798 564078 	52199534366 564078 0 0 0 	15382763 564078 0 	350.341 	3 	96
6020800000000 6020900000212 	52400098868 143710002859 564087 	52399534781 564087 0 0 0 	15383098 564087 0 	349.938 	3 	96
6040000000000 6040100000320 	52600099508 144270781522 564404 	52599535104 564404 0 0 0 	15393402 564404 0 	349.882 	3 	96
6059200000000 6059300000268 	52800100044 144831598563 564720 	52799535324 564720 0 0 0 	15402076 564720 0 	349.819 	3 	96
6078400000000 6078500000268 	53000100580 145392526458 565035 	52999535545 565035 0 0 0 	15411679 565035 0 	349.757 	3 	96
6097600000000 6097700000060 	53200100700 145953502668 565329 	53199535371 565329 0 0 0 	15420278 565329 0 	349.687 	3 	96
6116800000000 6116900000230 	53400101160 146514436375 565593 	53399535567 565593 0 0 0 	15428015 565593 0 	349.608 	3 	96
6136000000000 6136100000230 	53600101620 147075504075 565872 	53599535748 565872 0 0 0 	15435158 565872 0 	349.531 	3 	96
6155200000000 6155300000208 	53800102036 147636667653 566140 	53799535896 566140 0 0 0 	15444264 566140 0 	349.45 	3 	96
6174400000000 6174500000208 	54000102452 148197843681 566400 	53999536052 566400 0 0 0 	15450740 566400 0 	349.369 	3 	96
6193600000000 6193700000197 	54200102846 148759126296 566641 	54199536205 566641 0 0 0 	15457343 566641 0 	349.281 	3 	96
6212800000000 6212900000174 	54400103194 149320385271 566853 	54399536341 566853 0 0 0 	15463660 566853 0 	349.19 	3 	96
6232000000000 6232100000174 	54600103542 149881703660 567044 	54599536498 567044 0 0 0 	15469755 567044 0 	349.099 	3 	96
6251200000000 6251300000008 	54800103558 150443162297 567269 	54799536289 567269 0 0 0 	15476299 567269 0 	349 	3 	96
6270400000000 6270500000320 	55000104198 151004629344 567461 	54999536737 567461 0 0 0 	15482391 567461 0 	348.894 	3 	96
6289600000000 6289700000320 	55200104838 151566179944 567656 	55199537182 567656 0 0 0 	15488319 567656 0 	348.788 	3 	96
6308800000000 6308900000167 	55400105172 152127813279 567834 	55399537338 567834 0 0 0 	15493332 567834 0 	348.679 	3 	96
6328000000000 6328100000167 	55600105506 152689429220 567994 	55599537512 567994 0 0 0 	15498134 567994 0 	348.571 	3 	96
6347200000000 6347300000120 	55800105746 153251101260 568201 	55799537545 568201 0 0 0 	15503851 568201 0 	348.455 	3 	96
6366400000000 6366500000188 	56000106122 153812862645 568376 	55999537746 568376 0 0 0 	15508780 568376 0 	348.336 	3 	96
6385600000000 6385700000188 	56200106498 154374733111 568534 	56199537964 568534 0 0 0 	15513031 568534 0 	348.218 	3 	96
6404800000000 6404900000096 	56400106690 154936584452 568719 	56399537971 568719 0 0 0 	15518305 568719 0 	348.092 	3 	96
6424000000000 6424100000215 	56600107120 155498527403 568866 	56599538254 568866 0 0 0 	15522641 568866 0 	347.963 	3 	96
6443200000000 6443300000215 	56800107550 156060503982 569010 	56799538540 569010 0 0 0 	15526535 569010 0 	347.835 	3 	96
6462400000000 6462500000057 	57000107664 156622528981 569136 	56999538528 569136 0 0 0 	15529858 569136 0 	347.699 	3 	96
6481600000000 6481700000057 	57200107778 157184582424 569247 	57199538531 569247 0 0 0 	15533156 569247 0 	347.564 	3 	96
6500800000000 6500900000056 	57400107890 157746729732 569376 	57399538514 569376 0 0 0 	15537453 569376 0 	347.426 	3 	96
6520000000000 6520100000110 	57600108110 158309026972 569487 	57599538623 569487 0 0 0 	15540311 569487 0 	347.281 	3 	96
6539200000000 6539300000110 	57800108330 158871315807 569589 	57799538741 569589 0 0 0 	15543236 569589 0 	347.136 	3 	96
6558400000000 6558500000125 	58000108580 159433648479 569702 	57999538878 569702 0 0 0 	15546651 569702 0 	346.988 	3 	96
6577600000000 6577700000125 	58200108830 159996000504 569803 	58199539027 569803 0 0 0 	15549480 569803 0 	346.842 	3 	96
6596800000000 6596900000031 	58400108892 160558400701 569896 	58399538996 569896 0 0 0 	15551783 569896 0 	346.688 	3 	96
6616000000000 6616100000188 	58600109268 161120913241 570010 	58599539258 570010 0 0 0 	15555142 570010 0 	346.531 	3 	96
6635200000000 6635300000188 	58800109644 161683524518 570108 	58799539536 570108 0 0 0 	15558424 570108 0 	346.375 	3 	96
6654400000000 6654500000192 	59000110028 162246093621 570182 	58999539846 570182 0 0 0 	15560893 570182 0 	346.211 	3 	96
6673600000000 6673700000302 	59200110632 162808821790 570270 	59199540362 570270 0 0 0 	15563060 570270 0 	346.044 	3 	96
6692800000000 6692900000302 	59400111236 163371512434 570349 	59399540887 570349 0 0 0 	15565533 570349 0 	345.879 	3 	96
6712000000000 6712100000052 	59600111340 163934287448 570441 	59599540899 570441 0 0 0 	15568275 570441 0 	345.71 	3 	96
6731200000000 6731300000052 	59800111444 164497149593 570522 	59799540922 570522 0 0 0 	15570931 570522 0 	345.543 	3 	96
6750400000000 6750500000200 	60000111844 165060030952 570591 	59999541253 570591 0 0 0 	15573204 570591 0 	345.368 	3 	96
6769600000000 6769700000251 	60200112346 165622971674 570660 	60199541686 570660 0 0 0 	15575477 570660 0 	345.19 	3 	96
6788800000000 6788900000251 	60400112848 166185969872 570722 	60399542126 570722 0 0 0 	15577145 570722 0 	345.014 	3 	96
6808000000000 6808100000197 	60600113242 166749057456 570780 	60599542462 570780 0 0 0 	15578685 570780 0 	344.83 	3 	96
6827200000000 6827300000048 	60800113338 167312114547 570848 	60799542490 570848 0 0 0 	15580716 570848 0 	344.643 	3 	96
6846400000000 6846500000048 	61000113434 167875270741 570892 	60999542542 570892 0 0 0 	15581633 570892 0 	344.457 	3 	96
6865600000000 6865700000280 	61200113994 168438503240 570944 	61199543050 570944 0 0 0 	15583138 570944 0 	344.269 	3 	96
6884800000000 6884900000280 	61400114554 169001773981 570998 	61399543556 570998 0 0 0 	15584431 570998 0 	344.081 	3 	96
6904000000000 6904100000021 	61600114596 169565061880 571053 	61599543543 571053 0 0 0 	15585931 571053 0 	343.887 	3 	96
6923200000000 6923300000072 	61800114740 170128405635 571099 	61799543641 571099 0 0 0 	15587354 571099 0 	343.689 	3 	96
6942400000000 6942500000072 	62000114884 170691745648 571129 	61999543755 571129 0 0 0 	15588065 571129 0 	343.493 	3 	96
6961600000000 6961700000113 	62200115110 171255199887 571164 	62199543946 571164 0 0 0 	15589136 571164 0 	343.294 	3 	96
6980800000000 6980900000113 	62400115336 171818694255 571218 	62399544118 571218 0 0 0 	15590642 571218 0 	343.096 	3 	96
7000000000000 7000100000069 	62600115474 172382301176 571260 	62599544214 571260 0 0 0 	15592138 571260 0 	342.891 	3 	96
7019200000000 7019300000224 	62800115922 172945860639 571297 	62799544625 571297 0 0 0 	15593098 571297 0 	342.683 	3 	96
7038400000000 7038500000224 	63000116370 173509524140 571331 	62999545039 571331 0 0 0 	15594241 571331 0 	342.477 	3 	96
7057600000000 7057700000271 	63200116912 174073208121 571368 	63199545544 571368 0 0 0 	15595647 571368 0 	342.267 	3 	96
7076800000000 7076900000186 	63400117284 174637036872 571411 	63399545873 571411 0 0 0 	15597162 571411 0 	342.055 	3 	96
7096000000000 7096100000186 	63600117656 175200851038 571441 	63599546215 571441 0 0 0 	15597926 571441 0 	341.844 	3 	96
7115200000000 7115300000092 	63800117840 175764758367 571475 	63799546365 571475 0 0 0 	15598983 571475 0 	341.626 	3 	96
7134400000000 7134500000092 	64000118024 176328673304 571502 	63999546522 571502 0 0 0 	15599794 571502 0 	341.41 	3 	96
7153600000000 7153700000031 	64200118086 176892639489 571545 	64199546541 571545 0 0 0 	15601076 571545 0 	341.19 	3 	96
7172800000000 7172900000020 	64400118126 177456600417 571569 	64399546557 571569 0 0 0 	15601871 571569 0 	340.968 	3 	96
7192000000000 7192100000020 	64600118166 178020731815 571611 	64599546555 571611 0 0 0 	15603237 571611 0 	340.748 	3 	96
7211200000000 7211300000032 	64800118230 178584915383 571637 	64799546593 571637 0 0 0 	15604003 571637 0 	340.524 	3 	96
7230400000000 7230500000032 	65000118294 179149098380 571664 	64999546630 571664 0 0 0 	15604724 571664 0 	340.302 	3 	96
7249600000000 7249700000040 	65200118374 179713391935 571690 	65199546684 571690 0 0 0 	15605544 571690 0 	340.078 	3 	96
7268800000000 7268900000214 	65400118802 180277696752 571708 	65399547094 571708 0 0 0 	15605996 571708 0 	339.846 	3 	96
7288000000000 7288100000214 	65600119230 180842005841 571730 	65599547500 571730 0 0 0 	15606890 571730 0 	339.615 	3 	96
7307200000000 7307300000047 	65800119324 181406381075 571752 	65799547572 571752 0 0 0 	15607448 571752 0 	339.382 	3 	96
7326400000000 7326500000044 	66000119412 181970781905 571766 	65999547646 571766 0 0 0 	15607785 571766 0 	339.146 	3 	96
7345600000000 7345700000044 	66200119500 182535274756 571797 	66199547703 571797 0 0 0 	15608373 571797 0 	338.912 	3 	96
7364800000000 7364900000175 	66400119850 183099827167 571812 	66399548038 571812 0 0 0 	15608648 571812 0 	338.675 	3 	96
7384000000000 7384100000175 	66600120200 183664404955 571833 	66599548367 571833 0 0 0 	15609387 571833 0 	338.439 	3 	96
7403200000000 7403300000136 	66800120472 184228958224 571850 	66799548622 571850 0 0 0 	15609843 571850 0 	338.201 	3 	96
7422400000000 7422500000173 	67000120818 184793645298 571866 	66999548952 571866 0 0 0 	15610372 571866 0 	337.96 	3 	96
7441600000000 7441700000173 	67200121164 185358346627 571884 	67199549280 571884 0 0 0 	15610860 571884 0 	337.721 	3 	96
7460800000000 7460900000084 	67400121332 185923183157 571897 	67399549435 571897 0 0 0 	15611296 571897 0 	337.475 	3 	96
7480000000000 7480100000170 	67600121672 186488042619 571913 	67599549759 571913 0 0 0 	15611515 571913 0 	337.225 	3 	96
7499200000000 7499300000170 	67800122012 187052961602 571927 	67799550085 571927 0 0 0 	15611933 571927 0 	336.978 	3 	96
7518400000000 7518500000212 	68000122436 187617873340 571942 	67999550494 571942 0 0 0 	15612372 571942 0 	336.728 	3 	96
7537600000000 7537700000212 	68200122860 188182862496 571957 	68199550903 571957 0 0 0 	15612759 571957 0 	336.479 	3 	96
7556800000000 7556900000180 	68400123220 188747894329 571965 	68399551255 571965 0 0 0 	15612994 571965 0 	336.228 	3 	96
7576000000000 7576100000044 	68600123308 189312970291 571971 	68599551337 571971 0 0 0 	15613107 571971 0 	335.974 	3 	96
7595200000000 7595300000044 	68800123396 189878069018 571986 	68799551410 571986 0 0 0 	15613506 571986 0 	335.722 	3 	96
7614400000000 7614500000040 	69000123476 190443200161 571995 	68999551481 571995 0 0 0 	15613787 571995 0 	335.467 	3 	96
7633600000000 7633700000040 	69200123556 191008431074 572006 	69199551550 572006 0 0 0 	15614145 572006 0 	335.214 	3 	96
7652800000000 7652900000135 	69400123826 191573779602 572024 	69399551802 572024 0 0 0 	15614652 572024 0 	334.958 	3 	96
7672000000000 7672100000032 	69600123890 192139071429 572035 	69599551855 572035 0 0 0 	15614863 572035 0 	334.7 	3 	96
7691200000000 7691300000032 	69800123954 192704411170 572043 	69799551911 572043 0 0 0 	15615062 572043 0 	334.443 	3 	96
7710400000000 7710500000227 	70000124408 193269877392 572050 	69999552358 572050 0 0 0 	15615258 572050 0 	334.184 	3 	96
7729600000000 7729700000160 	70200124728 193835354684 572061 	70199552667 572061 0 0 0 	15615533 572061 0 	333.922 	3 	96
7748800000000 7748900000160 	70400125048 194400866089 572068 	70399552980 572068 0 0 0 	15615756 572068 0 	333.661 	3 	96
7768000000000 7768100000062 	70600125172 194966487365 572076 	70599553096 572076 0 0 0 	15615981 572076 0 	333.398 	3 	96
7787200000000 7787300000062 	70800125296 195532072880 572091 	70799553205 572091 0 0 0 	15616481 572091 0 	333.137 	3 	96
7806400000000 7806500000160 	71000125616 196097751973 572099 	70999553517 572099 0 0 0 	15616659 572099 0 	332.874 	3 	96
7825600000000 7825700000159 	71200125934 196663451098 572108 	71199553826 572108 0 0 0 	15616878 572108 0 	332.607 	3 	96
7844800000000 7844900000159 	71400126252 197229197766 572114 	71399554138 572114 0 0 0 	15617121 572114 0 	332.343 	3 	96
7864000000000 7864100000026 	71600126304 197794965883 572120 	71599554184 572120 0 0 0 	15617379 572120 0 	332.075 	3 	96
7883200000000 7883300000242 	71800126788 198360820260 572125 	71799554663 572125 0 0 0 	15617617 572125 0 	331.805 	3 	96
7902400000000 7902500000242 	72000127272 198926679655 572138 	71999555134 572138 0 0 0 	15618029 572138 0 	331.537 	3 	96
7921600000000 7921700000000 	72200127272 199492662882 572140 	72199555132 572140 0 0 0 	15618081 572140 0 	331.266 	3 	96
7940800000000 7940900000000 	72400127272 200058659686 572145 	72399555127 572145 0 0 0 	15618154 572145 0 	330.998 	3 	96
7960000000000 7960100000035 	72600127342 200624727165 572152 	72599555190 572152 0 0 0 	15618356 572152 0 	330.726 	3 	96
7979200000000 7979300000054 	72800127450 201190800440 572154 	72799555296 572154 0 0 0 	15618396 572154 0 	330.452 	3 	96
7998400000000 7998500000054 	73000127558 201756895220 572158 	72999555400 572158 0 0 0 	15618466 572158 0 	330.18 	3 	96
8017600000000 8017700000152 	73200127862 202323298875 605775 	73199522087 605775 0 0 0 	16590806 605775 0 	330.491 	3 	96
8036800000000 8036900000152 	73400128166 202889707107 638869 	73399489297 638869 0 0 0 	17547442 638869 0 	330.801 	3 	96
8056000000000 8056100000152 	73600128470 203456193393 671133 	73599457337 671133 0 0 0 	18477766 671133 0 	331.11 	3 	96
8075200000000 8075300000000 	73800128470 204022703774 702971 	73799425499 702971 0 0 0 	19398332 702971 0 	331.414 	3 	96
8094400000000 8094500000000 	74000128470 204589336535 734162 	73999394308 734162 0 0 0 	20293763 734162 0 	331.716 	3 	96
8113600000000 8113700000000 	74200128470 205155984995 764379 	74199364091 764379 0 0 0 	21165056 764379 0 	332.017 	3 	96
8132800000000 8132900000048 	74400128566 205722612248 794285 	74399334281 794285 0 0 0 	22023162 794285 0 	332.313 	3 	96
8152000000000 8152100000048 	74600128662 206289312915 823404 	74599305258 823404 0 0 0 	22850677 823404 0 	332.607 	3 	96
8171200000000 8171300000048 	74800128758 206856065434 851980 	74799276778 851980 0 0 0 	23656817 851980 0 	332.9 	3 	96
8190400000000 8190500000048 	75000128854 207422894407 880136 	74999248718 880136 0 0 0 	24468057 880136 0 	333.192 	3 	96
8209600000000 8209700000476 	75200129806 207989711523 907466 	75199222340 907466 0 0 0 	25251507 907466 0 	333.479 	3 	96
8228800000000 8228900000476 	75400130758 208556563271 934048 	75399196710 934048 0 0 0 	26011880 934048 0 	333.764 	3 	96
8248000000000 8248100000476 	75600131710 209123471732 960546 	75599171164 960546 0 0 0 	26772473 960546 0 	334.048 	3 	96
8267200000000 8267300000011 	75800131732 209690426345 986455 	75799145277 986455 0 0 0 	27516439 986455 0 	334.328 	3 	96
8286400000000 8286500000011 	76000131754 210257414653 1011354 	75999120400 1011354 0 0 0 	28236344 1011354 0 	334.606 	3 	96
8305600000000 8305700000011 	76200131776 210824470861 1035928 	76199095848 1035928 0 0 0 	28943351 1035928 0 	334.884 	3 	96
8324800000000 8324900000210 	76400132196 211391532019 1060050 	76399072146 1060050 0 0 0 	29640842 1060050 0 	335.155 	3 	96
8344000000000 8344100000210 	76600132616 211958653077 1083889 	76599048727 1083889 0 0 0 	30318902 1083889 0 	335.426 	3 	96
8363200000000 8363300000210 	76800133036 212525802140 1107040 	76799025996 1107040 0 0 0 	30983021 1107040 0 	335.695 	3 	96
8382400000000 8382500000381 	77000133798 213092989729 1130236 	76999003562 1130236 0 0 0 	31651909 1130236 0 	335.959 	3 	96
8401600000000 8401700000381 	77200134560 213660221006 1152661 	77198981899 1152661 0 0 0 	32302786 1152661 0 	336.222 	3 	96
8420800000000 8420900000200 	77400134960 214227347236 1152741 	77398982219 1152741 0 0 0 	32305411 1152741 0 	336.117 	3 	96
8440000000000 8440100000200 	77600135360 214794529199 1152838 	77598982522 1152838 0 0 0 	32308294 1152838 0 	336.013 	3 	96
8459200000000 8459300000251 	77800135862 215361728341 1152925 	77798982937 1152925 0 0 0 	32310857 1152925 0 	335.906 	3 	96
8478400000000 8478500000251 	78000136364 215928980002 1153002 	77998983362 1153002 0 0 0 	32312925 1153002 0 	335.799 	3 	96
8497600000000 8497700000197 	78200136758 216496244828 1153083 	78198983675 1153083 0 0 0 	32315422 1153083 0 	335.687 	3 	96
8516800000000 8516900000197 	78400137152 217063484561 1153150 	78398984002 1153150 0 0 0 	32317152 1153150 0 	335.576 	3 	96
8536000000000 8536100000048 	78600137248 217630815653 1153218 	78598984030 1153218 0 0 0 	32319045 1153218 0 	335.462 	3 	96
8555200000000 8555300000048 	78800137344 218198244908 1153271 	78798984073 1153271 0 0 0 	32320963 1153271 0 	335.348 	3 	96
8574400000000 8574500000280 	79000137904 218765675636 1153329 	78998984575 1153329 0 0 0 	32322708 1153329 0 	335.232 	3 	96
8593600000000 8593700000280 	79200138464 219333175969 1153397 	79198985067 1153397 0 0 0 	32324940 1153397 0 	335.117 	3 	96
8612800000000 8612900000021 	79400138506 219900730262 1153449 	79398985057 1153449 0 0 0 	32326460 1153449 0 	334.995 	3 	96
8632000000000 8632100000021 	79600138548 220468253675 1153504 	79598985044 1153504 0 0 0 	32328094 1153504 0 	334.875 	3 	96
8651200000000 8651300000072 	79800138692 221035837568 1153562 	79798985130 1153562 0 0 0 	32329595 1153562 0 	334.752 	3 	96
8670400000000 8670500000072 	80000138836 221603528188 1153610 	79998985226 1153610 0 0 0 	32331057 1153610 0 	334.629 	3 	96
8689600000000 8689700000113 	80200139062 222171241944 1153664 	80198985398 1153664 0 0 0 	32332926 1153664 0 	334.504 	3 	96
8708800000000 8708900000113 	80400139288 222738990480 1153722 	80398985566 1153722 0 0 0 	32335205 1153722 0 	334.38 	3 	96
8728000000000 8728100000069 	80600139426 223306748524 1153775 	80598985651 1153775 0 0 0 	32336739 1153775 0 	334.249 	3 	96
8747200000000 8747300000069 	80800139564 223874524447 1153826 	80798985738 1153826 0 0 0 	32337948 1153826 0 	334.12 	3 	96
8766400000000 8766500000069 	81000139702 224442392883 1153867 	80998985835 1153867 0 0 0 	32339169 1153867 0 	333.991 	3 	96
8785600000000 8785700000224 	81200140150 225010285932 1153912 	81198986238 1153912 0 0 0 	32340465 1153912 0 	333.86 	3 	96
8804800000000 8804900000224 	81400140598 225578218664 1153947 	81398986651 1153947 0 0 0 	32341663 1153947 0 	333.729 	3 	96
8824000000000 8824100000271 	81600141140 226146156964 1153979 	81598987161 1153979 0 0 0 	32342562 1153979 0 	333.596 	3 	96
8843200000000 8843300000271 	81800141682 226714156121 1154028 	81798987654 1154028 0 0 0 	32343620 1154028 0 	333.464 	3 	96
8862400000000 8862500000186 	82000142054 227282232237 1154066 	81998987988 1154066 0 0 0 	32344889 1154066 0 	333.329 	3 	96
8881600000000 8881700000186 	82200142426 227850374292 1154087 	82198988339 1154087 0 0 0 	32345579 1154087 0 	333.195 	3 	96
8900800000000 8900900000092 	82400142610 228418552341 1154126 	82398988484 1154126 0 0 0 	32346863 1154126 0 	333.055 	3 	96
8920000000000 8920100000092 	82600142794 228986767823 1154161 	82598988633 1154161 0 0 0 	32347704 1154161 0 	332.915 	3 	96
8939200000000 8939300000031 	82800142856 229554984420 1154197 	82798988659 1154197 0 0 0 	32348682 1154197 0 	332.774 	3 	96
8958400000000 8958500000031 	83000142918 230123269146 1154228 	82998988690 1154228 0 0 0 	32349376 1154228 0 	332.633 	3 	96
8977600000000 8977700000020 	83200142958 230691623925 1154247 	83198988711 1154247 0 0 0 	32350059 1154247 0 	332.489 	3 	96
8996800000000 8996900000020 	83400142998 231259971617 1154270 	83398988728 1154270 0 0 0 	32350657 1154270 0 	332.347 	3 	96
9016000000000 9016100000032 	83600143062 231828429866 1154303 	83598988759 1154303 0 0 0 	32351347 1154303 0 	332.201 	3 	96
9035200000000 9035300000032 	83800143126 232396848331 1154326 	83798988800 1154326 0 0 0 	32352051 1154326 0 	332.057 	3 	96
9054400000000 9054500000040 	84000143206 232965355686 1154353 	83998988853 1154353 0 0 0 	32353092 1154353 0 	331.91 	3 	96
9073600000000 9073700000040 	84200143286 233533870474 1154380 	84198988906 1154380 0 0 0 	32353909 1154380 0 	331.764 	3 	96
9092800000000 9092900000214 	84400143714 234102422707 1154410 	84398989304 1154410 0 0 0 	32354910 1154410 0 	331.612 	3 	96
9112000000000 9112100000214 	84600144142 234671018916 1154433 	84598989709 1154433 0 0 0 	32355427 1154433 0 	331.461 	3 	96
9131200000000 9131300000047 	84800144236 235239716664 1154461 	84798989775 1154461 0 0 0 	32356172 1154461 0 	331.307 	3 	96
9150400000000 9150500000047 	85000144330 235808341456 1154481 	84998989849 1154481 0 0 0 	32356696 1154481 0 	331.154 	3 	96
9169600000000 9169700000044 	85200144418 236377043359 1154506 	85198989912 1154506 0 0 0 	32357521 1154506 0 	330.999 	3 	96
9188800000000 9188900000044 	85400144506 236945837332 1154527 	85398989979 1154527 0 0 0 	32358019 1154527 0 	330.845 	3 	96
9208000000000 9208100000175 	85600144856 237514610422 1154548 	85598990308 1154548 0 0 0 	32358764 1154548 0 	330.688 	3 	96
9227200000000 9227300000175 	85800145206 238083483052 1154567 	85798990639 1154567 0 0 0 	32359205 1154567 0 	330.532 	3 	96
9246400000000 9246500000136 	86000145478 238652330641 1154585 	85998990893 1154585 0 0 0 	32359708 1154585 0 	330.373 	3 	96
9265600000000 9265700000136 	86200145750 239221250817 1154610 	86198991140 1154610 0 0 0 	32360256 1154610 0 	330.216 	3 	96
9284800000000 9284900000173 	86400146096 239790237871 1154622 	86398991474 1154622 0 0 0 	32360631 1154622 0 	330.056 	3 	96
9304000000000 9304100000173 	86600146442 240359215240 1154638 	86598991804 1154638 0 0 0 	32360977 1154638 0 	329.896 	3 	96
9323200000000 9323300000084 	86800146610 240928295887 1154656 	86798991954 1154656 0 0 0 	32361353 1154656 0 	329.731 	3 	96
9342400000000 9342500000084 	87000146778 241497332996 1154670 	86998992108 1154670 0 0 0 	32361790 1154670 0 	329.567 	3 	96
9361600000000 9361700000170 	87200147118 242066433737 1154684 	87198992434 1154684 0 0 0 	32362393 1154684 0 	329.4 	3 	96
9380800000000 9380900000170 	87400147458 242635617995 1154698 	87398992760 1154698 0 0 0 	32362824 1154698 0 	329.235 	3 	96
9400000000000 9400100000212 	87600147882 243204805573 1154714 	87598993168 1154714 0 0 0 	32363308 1154714 0 	329.066 	3 	96
9419200000000 9419300000212 	87800148306 243774021171 1154729 	87798993577 1154729 0 0 0 	32363724 1154729 0 	328.899 	3 	96
9438400000000 9438500000180 	88000148666 244343261347 1154742 	87998993924 1154742 0 0 0 	32363978 1154742 0 	328.729 	3 	96
9457600000000 9457700000180 	88200149026 244912562755 1154754 	88198994272 1154754 0 0 0 	32364373 1154754 0 	328.56 	3 	96
9476800000000 9476900000044 	88400149114 245481934928 1154762 	88398994352 1154762 0 0 0 	32364642 1154762 0 	328.389 	3 	96
9496000000000 9496100000044 	88600149202 246051335094 1154781 	88598994421 1154781 0 0 0 	32365281 1154781 0 	328.219 	3 	96
9515200000000 9515300000040 	88800149282 246620826738 1154787 	88798994495 1154787 0 0 0 	32365341 1154787 0 	328.046 	3 	96
9534400000000 9534500000040 	89000149362 247190247141 1154801 	88998994561 1154801 0 0 0 	32365806 1154801 0 	327.874 	3 	96
9553600000000 9553700000135 	89200149632 247759732162 1154815 	89198994817 1154815 0 0 0 	32366194 1154815 0 	327.7 	3 	96
9572800000000 9572900000135 	89400149902 248329260452 1154827 	89398995075 1154827 0 0 0 	32366578 1154827 0 	327.526 	3 	96
9592000000000 9592100000032 	89600149966 248898768543 1154836 	89598995130 1154836 0 0 0 	32366822 1154836 0 	327.351 	3 	96
9611200000000 9611300000032 	89800150030 249468332657 1154845 	89798995185 1154845 0 0 0 	32367026 1154845 0 	327.176 	3 	96
9630400000000 9630500000227 	90000150484 250037991830 1154858 	89998995626 1154858 0 0 0 	32367362 1154858 0 	326.998 	3 	96
9649600000000 9649700000227 	90200150938 250607715214 1154870 	90198996068 1154870 0 0 0 	32367717 1154870 0 	326.822 	3 	96
9668800000000 9668900000160 	90400151258 251177425255 1154877 	90398996381 1154877 0 0 0 	32367934 1154877 0 	326.643 	3 	96
9688000000000 9688100000160 	90600151578 251747196175 1154885 	90598996693 1154885 0 0 0 	32368247 1154885 0 	326.465 	3 	96
9707200000000 9707300000062 	90800151702 252317018372 1154897 	90798996805 1154897 0 0 0 	32368606 1154897 0 	326.285 	3 	96
9726400000000 9726500000062 	91000151826 252886904307 1154912 	90998996914 1154912 0 0 0 	32368991 1154912 0 	326.106 	3 	96
9745600000000 9745700000160 	91200152146 253456772259 1154918 	91198997228 1154918 0 0 0 	32369199 1154918 0 	325.924 	3 	96
9764800000000 9764900000160 	91400152466 254026685341 1154925 	91398997541 1154925 0 0 0 	32369341 1154925 0 	325.743 	3 	96
9784000000000 9784100000159 	91600152784 254596642280 1154933 	91598997851 1154933 0 0 0 	32369541 1154933 0 	325.56 	3 	96
9803200000000 9803300000159 	91800153102 255166625045 1154941 	91798998161 1154941 0 0 0 	32369779 1154941 0 	325.378 	3 	96
9822400000000 9822500000026 	92000153154 255736652393 1154950 	91998998204 1154950 0 0 0 	32370070 1154950 0 	325.193 	3 	96
9841600000000 9841700000026 	92200153206 256306749341 1154960 	92198998246 1154960 0 0 0 	32370317 1154960 0 	325.01 	3 	96
9860800000000 9860900000242 	92400153690 256876835475 1154964 	92398998726 1154964 0 0 0 	32370427 1154964 0 	324.824 	3 	96
9880000000000 9880100000242 	92600154174 257446959172 1154968 	92598999206 1154968 0 0 0 	32370564 1154968 0 	324.639 	3 	96
9899200000000 9899300000000 	92800154174 258017145094 1154974 	92798999200 1154974 0 0 0 	32370733 1154974 0 	324.451 	3 	96
9918400000000 9918500000000 	93000154174 258587355148 1154977 	92998999197 1154977 0 0 0 	32370884 1154977 0 	324.265 	3 	96
9937600000000 9937700000035 	93200154244 259157625674 1154985 	93198999259 1154985 0 0 0 	32371115 1154985 0 	324.076 	3 	96
9956800000000 9956900000035 	93400154314 259727964251 1154988 	93398999326 1154988 0 0 0 	32371312 1154988 0 	323.888 	3 	96
9976000000000 9976100000054 	93600154422 260298297017 1154989 	93598999433 1154989 0 0 0 	32371357 1154989 0 	323.698 	3 	96
9995200000000 9995300000054 	93800154530 260868642879 1154995 	93798999535 1154995 0 0 0 	32371617 1154995 0 	323.508 	3 	96
