1010300000000 1010400000227 	200000454 526710571 3 	200000451 3 0 0 0 	132 3 0 	263 	3 	103
1029500000000 1029600000026 	400000506 1053782406 5 	400000501 5 0 0 0 	145 5 0 	260.476 	3 	103
1048700000000 1048800000054 	600000614 1581177749 6 	600000608 6 0 0 0 	213 6 0 	258.281 	3 	103
1067900000000 1068000000048 	800000710 2109026772 14570 	799986140 14570 0 0 0 	395931 14570 0 	293.44 	3 	103
1087100000000 1087200000011 	1000000732 2637244338 26828 	999973904 26828 0 0 0 	727421 26828 0 	318.951 	3 	103
1106300000000 1106400000235 	1200001202 3165732693 37178 	1199964024 37178 0 0 0 	1002255 37178 0 	337.802 	3 	103
1125500000000 1125600000365 	1400001932 3694561689 45868 	1399956064 45868 0 0 0 	1234150 45868 0 	352.024 	3 	103
1144700000000 1144800000069 	1600002070 4223589623 45880 	1599956190 45880 0 0 0 	1234580 45880 0 	342.683 	3 	103
1163900000000 1164000000186 	1800002442 4752998834 45891 	1799956551 45891 0 0 0 	1234791 45891 0 	335.299 	3 	103
1183100000000 1183200000032 	2000002506 5282711384 45898 	1999956608 45898 0 0 0 	1235132 45898 0 	328.943 	3 	103
1202300000000 1202400000044 	2200002594 5812738975 45902 	2199956692 45902 0 0 0 	1235270 45902 0 	323.305 	3 	103
1221500000000 1221600000084 	2400002762 6343084125 45909 	2399956853 45909 0 0 0 	1235447 45909 0 	318.187 	3 	103
1240700000000 1240800000044 	2600002850 6873682876 45912 	2599956938 45912 0 0 0 	1235542 45912 0 	313.563 	3 	103
1259900000000 1260000000032 	2800002914 7404606248 45915 	2799956999 45915 0 0 0 	1235587 45915 0 	309.414 	3 	103
1279100000000 1279200000160 	3000003234 7935770716 45915 	2999957319 45915 0 0 0 	1235587 45915 0 	305.542 	3 	103
1298300000000 1298400000000 	3200003234 8467305830 45917 	3199957317 45917 0 0 0 	1235647 45917 0 	301.891 	3 	103
1317500000000 1317600000152 	3400003538 8999181402 63887 	3399939651 63887 0 0 0 	1722605 63887 0 	309.184 	3 	103
1336700000000 1336800000048 	3600003634 9531383123 79579 	3599924055 79579 0 0 0 	2144094 79579 0 	315.792 	3 	103
1355900000000 1356000000011 	3800003656 10063821223 92996 	3799910660 92996 0 0 0 	2504713 92996 0 	321.791 	3 	103
1375100000000 1375200000381 	4000004418 10596537705 104870 	3999899548 104870 0 0 0 	2826119 104870 0 	327.206 	3 	103
1394300000000 1394400000254 	4200004926 11129480393 115482 	4199889444 115482 0 0 0 	3110059 115482 0 	332.104 	3 	103
1413500000000 1413600000368 	4400005662 11662634259 124563 	4399881099 124563 0 0 0 	3358293 124563 0 	336.546 	3 	103
1432700000000 1432800000352 	4600006366 12196057026 132595 	4599873771 132595 0 0 0 	3573750 132595 0 	340.614 	3 	103
1451900000000 1452000000178 	4800006722 12729691462 139432 	4799867290 139432 0 0 0 	3757607 139432 0 	344.291 	3 	103
1471100000000 1471200000230 	5000007182 13263670798 145575 	4999861607 145575 0 0 0 	3922451 145575 0 	347.58 	3 	103
1490300000000 1490400000400 	5200007982 13797875356 151092 	5199856890 151092 0 0 0 	4073165 151092 0 	350.532 	3 	103
1509500000000 1509600000249 	5400008480 14332224183 155841 	5399852639 155841 0 0 0 	4198683 155841 0 	353.168 	3 	103
1528700000000 1528800000110 	5600008700 14866841847 160059 	5599848641 160059 0 0 0 	4314672 160059 0 	355.533 	3 	103
1547900000000 1548000000060 	5800008820 15401727217 163711 	5799845109 163711 0 0 0 	4414017 163711 0 	357.621 	3 	103
1567100000000 1567200000074 	6000008968 15936840152 166838 	5999842130 166838 0 0 0 	4497150 166838 0 	359.448 	3 	103
1586300000000 1586400000160 	6200009288 16472140819 166841 	6199842447 166841 0 0 0 	4497208 166841 0 	355.187 	3 	103
1605500000000 1605600000159 	6400009606 17007645908 166846 	6399842760 166846 0 0 0 	4497314 166846 0 	351.112 	3 	103
1624700000000 1624800000000 	6600009606 17543409429 166848 	6599842758 166848 0 0 0 	4497335 166848 0 	347.203 	3 	103
1643900000000 1644000000152 	6800009910 18079496432 186241 	6799823669 186241 0 0 0 	5022168 186241 0 	350.409 	3 	103
1663100000000 1663200000000 	7000009910 18615816045 203993 	6999805917 203993 0 0 0 	5507877 203993 0 	353.431 	3 	103
1682300000000 1682400000476 	7200010862 19152354006 219842 	7199791020 219842 0 0 0 	5940203 219842 0 	356.217 	3 	103
1701500000000 1701600000011 	7400010884 19689056018 233864 	7399777020 233864 0 0 0 	6319429 233864 0 	358.851 	3 	103
1720700000000 1720800000381 	7600011646 20225984939 246696 	7599764950 246696 0 0 0 	6661940 246696 0 	361.265 	3 	103
1739900000000 1740000000468 	7800012582 20763131793 258316 	7799754266 258316 0 0 0 	6981101 258316 0 	363.542 	3 	103
1759100000000 1759200000365 	8000013312 21300448846 268733 	7999744579 268733 0 0 0 	7265014 268733 0 	365.627 	3 	103
1778300000000 1778400000368 	8200014048 21837968189 278087 	8199735961 278087 0 0 0 	7516731 278087 0 	367.588 	3 	103
1797500000000 1797600000120 	8400014288 22375693801 286657 	8399727631 286657 0 0 0 	7746922 286657 0 	369.37 	3 	103
1816700000000 1816800000178 	8600014644 22913651561 294065 	8599720579 294065 0 0 0 	7949164 294065 0 	371.04 	3 	103
1835900000000 1836000000230 	8800015104 23451720880 300986 	8799714118 300986 0 0 0 	8138865 300986 0 	372.541 	3 	103
1855100000000 1855200000320 	9000015744 23990048944 307178 	8999708566 307178 0 0 0 	8310772 307178 0 	373.941 	3 	103
1874300000000 1874400000290 	9200016324 24528607882 312738 	9199703586 312738 0 0 0 	8462406 312738 0 	375.197 	3 	103
1893500000000 1893600000249 	9400016822 25067340663 317682 	9399699140 317682 0 0 0 	8597231 317682 0 	376.361 	3 	103
1912700000000 1912800000110 	9600017042 25606230351 322067 	9599694975 322067 0 0 0 	8713742 322067 0 	377.405 	3 	103
1931900000000 1932000000189 	9800017420 26145324468 326070 	9799691350 326070 0 0 0 	8822984 326070 0 	378.365 	3 	103
1951100000000 1951200000375 	10000018170 26684636479 329775 	9999688395 329775 0 0 0 	8927253 329775 0 	379.197 	3 	103
1970300000000 1970400000320 	10200018810 27224084658 333023 	10199685787 333023 0 0 0 	9015416 333023 0 	379.921 	3 	103
1989500000000 1989600000353 	10400019516 27763702498 335995 	10399683521 335995 0 0 0 	9094558 335995 0 	380.572 	3 	103
2008700000000 2008800000228 	10600019972 28303540377 338666 	10599681306 338666 0 0 0 	9167130 338666 0 	381.12 	3 	103
2027900000000 2028000000091 	10800020154 28843474786 341069 	10799679085 341069 0 0 0 	9232937 341069 0 	381.602 	3 	103
2047100000000 2047200000100 	11000020354 29383642668 343206 	10999677148 343206 0 0 0 	9293778 343206 0 	381.987 	3 	103
2066300000000 2066400000314 	11200020982 29923969413 345102 	11199675880 345102 0 0 0 	9343908 345102 0 	382.327 	3 	103
2085500000000 2085600000330 	11400021642 30464469531 346874 	11399674768 346874 0 0 0 	9393649 346874 0 	382.575 	3 	103
2104700000000 2104800000352 	11600022346 31005171130 348463 	11599673883 348463 0 0 0 	9438494 348463 0 	382.766 	3 	103
2123900000000 2124000000290 	11800022926 31545992675 349867 	11799673059 349867 0 0 0 	9477750 349867 0 	382.887 	3 	103
2143100000000 2143200000026 	12000022978 32086980666 351151 	11999671827 351151 0 0 0 	9513458 351151 0 	382.955 	3 	103
2162300000000 2162400000151 	12200023280 32628173216 352234 	12199671046 352234 0 0 0 	9546149 352234 0 	382.955 	3 	103
2181500000000 2181600000308 	12400023896 33169541491 353258 	12399670638 353258 0 0 0 	9574060 353258 0 	382.924 	3 	103
2200700000000 2200800000208 	12600024312 33711096193 354139 	12599670173 354139 0 0 0 	9598558 354139 0 	382.812 	3 	103
2219900000000 2220000000368 	12800025048 34252891034 364556 	12799660492 364556 0 0 0 	9886987 364556 0 	383.904 	3 	103
2239100000000 2239200000352 	13000025752 34794880167 374177 	12999651575 374177 0 0 0 	10148961 374177 0 	384.926 	3 	103
2258300000000 2258400000178 	13200026108 35336961503 382996 	13199643112 382996 0 0 0 	10394499 382996 0 	385.859 	3 	103
2277500000000 2277600000355 	13400026818 35879202945 391018 	13399635800 391018 0 0 0 	10616835 391018 0 	386.736 	3 	103
2296700000000 2296800000230 	13600027278 36421697307 398438 	13599628840 398438 0 0 0 	10819530 398438 0 	387.548 	3 	103
2315900000000 2316000000320 	13800027918 36964282808 405275 	13799622643 405275 0 0 0 	11002570 405275 0 	388.307 	3 	103
2335100000000 2335200000400 	14000028718 37507021215 411596 	13999617122 411596 0 0 0 	11174718 411596 0 	389.015 	3 	103
2354300000000 2354400000249 	14200029216 38049877783 417305 	14199611911 417305 0 0 0 	11329059 417305 0 	389.64 	3 	103
2373500000000 2373600000088 	14400029392 38592903585 422660 	14399606732 422660 0 0 0 	11478304 422660 0 	390.216 	3 	103
2392700000000 2392800000110 	14600029612 39136047163 427493 	14599602119 427493 0 0 0 	11607766 427493 0 	390.756 	3 	103
2411900000000 2412000000189 	14800029990 39679400857 431866 	14799598124 431866 0 0 0 	11727724 431866 0 	391.25 	3 	103
2431100000000 2431200000375 	15000030740 40222892357 435916 	14999594824 435916 0 0 0 	11837408 435916 0 	391.665 	3 	103
2450300000000 2450400000074 	15200030888 40766469452 439729 	15199591159 439729 0 0 0 	11944071 439729 0 	392.036 	3 	103
2469500000000 2469600000320 	15400031528 41310264013 443223 	15399588305 443223 0 0 0 	12041127 443223 0 	392.375 	3 	103
2488700000000 2488800000353 	15600032234 41854184678 446394 	15599585840 446394 0 0 0 	12127435 446394 0 	392.672 	3 	103
2507900000000 2508000000044 	15800032322 42398172325 449468 	15799582854 449468 0 0 0 	12213420 449468 0 	392.928 	3 	103
2527100000000 2527200000091 	16000032504 42942381245 452162 	15999580342 452162 0 0 0 	12287641 452162 0 	393.122 	3 	103
2546300000000 2546400000307 	16200033118 43486759963 454717 	16199578401 454717 0 0 0 	12356618 454717 0 	393.287 	3 	103
2565500000000 2565600000100 	16400033318 44031199979 457010 	16399576308 457010 0 0 0 	12421745 457010 0 	393.414 	3 	103
2584700000000 2584800000314 	16600033946 44575841746 459110 	16599574836 459110 0 0 0 	12478809 459110 0 	393.516 	3 	103
2603900000000 2604000000173 	16800034292 45120570591 461089 	16799573203 461089 0 0 0 	12534404 461089 0 	393.58 	3 	103
2623100000000 2623200000352 	17000034996 45665398187 462924 	16999572072 462924 0 0 0 	12583766 462924 0 	393.585 	3 	103
2642300000000 2642400000376 	17200035748 46210469242 464571 	17199571177 464571 0 0 0 	12629058 464571 0 	393.566 	3 	103
2661500000000 2661600000290 	17400036328 46755614643 466034 	17399570294 466034 0 0 0 	12669192 466034 0 	393.525 	3 	103
2680700000000 2680800000026 	17600036380 47300928196 467383 	17599568997 467383 0 0 0 	12706547 467383 0 	393.45 	3 	103
2699900000000 2700000000285 	17800036950 47846373551 468606 	17799568344 468606 0 0 0 	12740510 468606 0 	393.353 	3 	103
2719100000000 2719200000308 	18000037566 48391989534 469805 	17999567761 469805 0 0 0 	12773890 469805 0 	393.211 	3 	103
2738300000000 2738400000278 	18200038122 48937737262 470916 	18199567206 470916 0 0 0 	12805078 470916 0 	393.037 	3 	103
2757500000000 2757600000208 	18400038538 49483528437 471902 	18399566636 471902 0 0 0 	12831182 471902 0 	392.844 	3 	103
2776700000000 2776800000120 	18600038778 50029497419 472829 	18599565949 472829 0 0 0 	12856247 472829 0 	392.631 	3 	103
2795900000000 2796000000296 	18800039370 50575591702 473727 	18799565643 473727 0 0 0 	12881403 473727 0 	392.399 	3 	103
2815100000000 2815200000320 	19000040010 51121858310 474467 	18999565543 474467 0 0 0 	12901329 474467 0 	392.126 	3 	103
2834300000000 2834400000350 	19200040710 51668184326 475212 	19199565498 475212 0 0 0 	12922025 475212 0 	391.834 	3 	103
2853500000000 2853600000264 	19400041238 52214690854 475862 	19399565376 475862 0 0 0 	12940751 475862 0 	391.526 	3 	103
2872700000000 2872800000328 	19600041894 52761333553 476469 	19599565425 476469 0 0 0 	12956938 476469 0 	391.2 	3 	103
2891900000000 2892000000140 	19800042174 53308066546 477005 	19799565169 477005 0 0 0 	12971293 477005 0 	390.834 	3 	103
2911100000000 2911200000044 	20000042262 53854978689 477515 	19999564747 477515 0 0 0 	12985009 477515 0 	390.452 	3 	103
2930300000000 2930400000044 	20200042350 54401971246 477974 	20199564376 477974 0 0 0 	12997933 477974 0 	390.054 	3 	103
2949500000000 2949600000032 	20400042414 54949091982 478397 	20399564017 478397 0 0 0 	13008950 478397 0 	389.641 	3 	103
2968700000000 2968800000250 	20600042914 55496357573 478822 	20599564092 478822 0 0 0 	13020441 478822 0 	389.213 	3 	103
2987900000000 2988000000228 	20800043370 56043702058 479199 	20799564171 479199 0 0 0 	13030465 479199 0 	388.747 	3 	103
3007100000000 3007200000112 	21000043594 56591183803 479527 	20999564067 479527 0 0 0 	13039312 479527 0 	388.266 	3 	103
3026300000000 3026400000278 	21200044150 57138761488 479828 	21199564322 479828 0 0 0 	13048012 479828 0 	387.783 	3 	103
3045500000000 3045600000296 	21400044742 57686476360 480133 	21399564609 480133 0 0 0 	13055971 480133 0 	387.286 	3 	103
3064700000000 3064800000254 	21600045250 58234353828 480408 	21599564842 480408 0 0 0 	13063304 480408 0 	386.776 	3 	103
3083900000000 3084000000320 	21800045890 58782362457 484392 	21799561498 484392 0 0 0 	13172094 484392 0 	387.057 	3 	103
3103100000000 3103200000353 	22000046596 59330408162 487952 	21999558644 487952 0 0 0 	13273164 487952 0 	387.31 	3 	103
3122300000000 3122400000044 	22200046684 59878667332 491357 	22199555327 491357 0 0 0 	13369757 491357 0 	387.535 	3 	103
3141500000000 3141600000228 	22400047140 60427009434 494484 	22399552656 494484 0 0 0 	13455182 494484 0 	387.741 	3 	103
3160700000000 3160800000091 	22600047322 60975456225 497478 	22599549844 497478 0 0 0 	13539679 497478 0 	387.919 	3 	103
3179900000000 3180000000307 	22800047936 61524021397 500247 	22799547689 500247 0 0 0 	13618304 500247 0 	388.079 	3 	103
3199100000000 3199200000100 	23000048136 62072691962 502861 	22999545275 502861 0 0 0 	13691684 502861 0 	388.212 	3 	103
3218300000000 3218400000314 	23200048764 62621453302 505306 	23199543458 505306 0 0 0 	13759787 505306 0 	388.326 	3 	103
3237500000000 3237600000173 	23400049110 63170358735 507598 	23399541512 507598 0 0 0 	13823611 507598 0 	388.415 	3 	103
3256700000000 3256800000173 	23600049456 63719384703 509783 	23599539673 509783 0 0 0 	13886521 509783 0 	388.503 	3 	103
3275900000000 3276000000330 	23800050116 64268516262 511723 	23799538393 511723 0 0 0 	13938487 511723 0 	388.572 	3 	103
3295100000000 3295200000352 	24000050820 64817695856 513647 	23999537173 513647 0 0 0 	13991003 513647 0 	388.617 	3 	103
3314300000000 3314400000376 	24200051572 65367063122 515392 	24199536180 515392 0 0 0 	14037613 515392 0 	388.645 	3 	103
3333500000000 3333600000290 	24400052152 65916541396 516978 	24399535174 516978 0 0 0 	14081304 516978 0 	388.656 	3 	103
3352700000000 3352800000026 	24600052204 66466093286 518497 	24599533707 518497 0 0 0 	14127191 518497 0 	388.642 	3 	103
3371900000000 3372000000285 	24800052774 67015735788 519990 	24799532784 519990 0 0 0 	14169176 519990 0 	388.613 	3 	103
3391100000000 3391200000151 	25000053076 67565487241 521306 	24999531770 521306 0 0 0 	14205034 521306 0 	388.567 	3 	103
3410300000000 3410400000308 	25200053692 68115338247 522577 	25199531115 522577 0 0 0 	14239451 522577 0 	388.506 	3 	103
3429500000000 3429600000278 	25400054248 68665370557 523746 	25399530502 523746 0 0 0 	14271273 523746 0 	388.421 	3 	103
3448700000000 3448800000208 	25600054664 69215482658 524859 	25599529805 524859 0 0 0 	14301035 524859 0 	388.321 	3 	103
3467900000000 3468000000120 	25800054904 69765728480 525862 	25799529042 525862 0 0 0 	14328420 525862 0 	388.205 	3 	103
3487100000000 3487200000296 	26000055496 70316057173 526820 	25999528676 526820 0 0 0 	14356560 526820 0 	388.075 	3 	103
3506300000000 3506400000270 	26200056036 70866452752 527746 	26199528290 527746 0 0 0 	14380732 527746 0 	387.931 	3 	103
3525500000000 3525600000320 	26400056676 71416907585 528550 	26399528126 528550 0 0 0 	14402739 528550 0 	387.772 	3 	103
3544700000000 3544800000350 	26600057376 71967516669 529282 	26599528094 529282 0 0 0 	14423094 529282 0 	387.598 	3 	103
3563900000000 3564000000264 	26800057904 72518226828 530035 	26799527869 530035 0 0 0 	14444304 530035 0 	387.411 	3 	103
3583100000000 3583200000328 	27000058560 73069083446 530758 	26999527802 530758 0 0 0 	14464966 530758 0 	387.209 	3 	103
3602300000000 3602400000080 	27200058720 73619982908 531351 	27199527369 531351 0 0 0 	14481945 531351 0 	386.994 	3 	103
3621500000000 3621600000140 	27400059000 74171033128 531953 	27399527047 531953 0 0 0 	14498493 531953 0 	386.766 	3 	103
3640700000000 3640800000044 	27600059088 74722172547 532545 	27599526543 532545 0 0 0 	14514672 532545 0 	386.524 	3 	103
3659900000000 3660000000044 	27800059176 75273470141 533059 	27799526117 533059 0 0 0 	14528414 533059 0 	386.268 	3 	103
3679100000000 3679200000032 	28000059240 75824863160 533573 	27999525667 533573 0 0 0 	14542988 533573 0 	386 	3 	103
3698300000000 3698400000250 	28200059740 76376265660 534002 	28199525738 534002 0 0 0 	14555033 534002 0 	385.719 	3 	103
3717500000000 3717600000236 	28400060212 76927744206 534454 	28399525758 534454 0 0 0 	14566971 534454 0 	385.424 	3 	103
3736700000000 3736800000228 	28600060668 77479354994 534879 	28599525789 534879 0 0 0 	14578765 534879 0 	385.118 	3 	103
3755900000000 3756000000112 	28800060892 78031104400 535268 	28799525624 535268 0 0 0 	14590333 535268 0 	384.798 	3 	103
3775100000000 3775200000278 	29000061448 78582908672 535644 	28999525804 535644 0 0 0 	14600792 535644 0 	384.475 	3 	103
3794300000000 3794400000296 	29200062040 79134797713 535950 	29199526090 535950 0 0 0 	14608881 535950 0 	384.14 	3 	103
3813500000000 3813600000254 	29400062548 79686782901 536282 	29399526266 536282 0 0 0 	14617653 536282 0 	383.792 	3 	103
3832700000000 3832800000254 	29600063056 80238879757 536587 	29599526469 536587 0 0 0 	14626580 536587 0 	383.45 	3 	103
3851900000000 3852000000032 	29800063120 80791068377 536888 	29799526232 536888 0 0 0 	14635372 536888 0 	383.095 	3 	103
3871100000000 3871200000320 	30000063760 81343423144 537160 	29999526600 537160 0 0 0 	14642707 537160 0 	382.738 	3 	103
3890300000000 3890400000268 	30200064296 81895843932 537382 	30199526914 537382 0 0 0 	14648909 537382 0 	382.368 	3 	103
3909500000000 3909600000060 	30400064416 82448295978 537632 	30399526784 537632 0 0 0 	14656066 537632 0 	381.987 	3 	103
3928700000000 3928800000230 	30600064876 83000806878 537826 	30599527050 537826 0 0 0 	14661428 537826 0 	381.594 	3 	103
3947900000000 3948000000208 	30800065292 83553488716 538032 	30799527260 538032 0 0 0 	14667223 538032 0 	381.198 	3 	103
3967100000000 3967200000197 	31000065686 84106280070 538237 	30999527449 538237 0 0 0 	14672948 538237 0 	380.791 	3 	103
3986300000000 3986400000174 	31200066034 84659177771 538436 	31199527598 538436 0 0 0 	14678877 538436 0 	380.381 	3 	103
4005500000000 4005600000008 	31400066050 85212140975 538607 	31399527443 538607 0 0 0 	14683919 538607 0 	379.96 	3 	103
4024700000000 4024800000320 	31600066690 85765184034 538732 	31599527958 538732 0 0 0 	14687389 538732 0 	379.528 	3 	103
4043900000000 4044000000167 	31800067024 86318278215 538897 	31799528127 538897 0 0 0 	14691863 538897 0 	379.093 	3 	103
4063100000000 4063200000120 	32000067264 86871493884 539052 	31999528212 539052 0 0 0 	14695816 539052 0 	378.647 	3 	103
4082300000000 4082400000188 	32200067640 87424851607 539180 	32199528460 539180 0 0 0 	14698995 539180 0 	378.199 	3 	103
4101500000000 4101600000096 	32400067832 87978232170 539303 	32399528529 539303 0 0 0 	14702440 539303 0 	377.74 	3 	103
4120700000000 4120800000215 	32600068262 88531739023 539430 	32599528832 539430 0 0 0 	14705851 539430 0 	377.279 	3 	103
4139900000000 4140000000057 	32800068376 89085277378 539541 	32799528835 539541 0 0 0 	14709380 539541 0 	376.807 	3 	103
4159100000000 4159200000056 	33000068488 89638890950 539644 	32999528844 539644 0 0 0 	14712370 539644 0 	376.334 	3 	103
4178300000000 4178400000110 	33200068708 90192619519 539733 	33199528975 539733 0 0 0 	14715096 539733 0 	375.849 	3 	103
4197500000000 4197600000125 	33400068958 90746431114 539810 	33399529148 539810 0 0 0 	14716985 539810 0 	375.363 	3 	103
4216700000000 4216800000031 	33600069020 91300336286 539884 	33599529136 539884 0 0 0 	14719004 539884 0 	374.866 	3 	103
4235900000000 4236000000188 	33800069396 91854327860 539955 	33799529441 539955 0 0 0 	14721132 539955 0 	374.367 	3 	103
4255100000000 4255200000192 	34000069780 92408445882 540021 	33999529759 540021 0 0 0 	14723074 540021 0 	373.858 	3 	103
4274300000000 4274400000302 	34200070384 92962563097 540093 	34199530291 540093 0 0 0 	14724595 540093 0 	373.348 	3 	103
4293500000000 4293600000052 	34400070488 93516891137 540154 	34399530334 540154 0 0 0 	14726399 540154 0 	372.836 	3 	103
4312700000000 4312800000208 	34600070904 94071253091 541360 	34599529544 541360 0 0 0 	14759336 541360 0 	372.854 	3 	103
4331900000000 4332000000120 	34800071144 94625683177 542526 	34799528618 542526 0 0 0 	14792411 542526 0 	372.86 	3 	103
4351100000000 4351200000296 	35000071736 95180210497 543596 	34999528140 543596 0 0 0 	14822285 543596 0 	372.855 	3 	103
4370300000000 4370400000270 	35200072276 95734832206 544609 	35199527667 544609 0 0 0 	14850926 544609 0 	372.839 	3 	103
4389500000000 4389600000270 	35400072816 96289569118 545611 	35399527205 545611 0 0 0 	14881146 545611 0 	372.823 	3 	103
4408700000000 4408800000320 	35600073456 96844348224 546521 	35599526935 546521 0 0 0 	14906244 546521 0 	372.796 	3 	103
4427900000000 4428000000350 	35800074156 97399188998 547410 	35799526746 547410 0 0 0 	14931675 547410 0 	372.757 	3 	103
4447100000000 4447200000264 	36000074684 97954137133 548278 	35999526406 548278 0 0 0 	14955072 548278 0 	372.707 	3 	103
4466300000000 4466400000264 	36200075212 98509141856 549125 	36199526087 549125 0 0 0 	14979900 549125 0 	372.658 	3 	103
4485500000000 4485600000328 	36400075868 99064244265 549905 	36399525963 549905 0 0 0 	15001702 549905 0 	372.598 	3 	103
4504700000000 4504800000080 	36600076028 99619470072 550633 	36599525395 550633 0 0 0 	15022570 550633 0 	372.526 	3 	103
4523900000000 4524000000140 	36800076308 100174713402 551322 	36799524986 551322 0 0 0 	15041676 551322 0 	372.444 	3 	103
4543100000000 4543200000250 	37000076808 100730000501 551943 	36999524865 551943 0 0 0 	15060234 551943 0 	372.356 	3 	103
4562300000000 4562400000044 	37200076896 101285385748 552597 	37199524299 552597 0 0 0 	15079019 552597 0 	372.264 	3 	103
4581500000000 4581600000044 	37400076984 101840898561 553208 	37399523776 553208 0 0 0 	15096742 553208 0 	372.161 	3 	103
4600700000000 4600800000032 	37600077048 102396484110 553766 	37599523282 553766 0 0 0 	15112489 553766 0 	372.048 	3 	103
4619900000000 4620000000250 	37800077548 102952154312 554308 	37799523240 554308 0 0 0 	15127556 554308 0 	371.924 	3 	103
4639100000000 4639200000250 	38000078048 103507892757 554760 	37999523288 554760 0 0 0 	15140136 554760 0 	371.801 	3 	103
4658300000000 4658400000236 	38200078520 104063741188 555263 	38199523257 555263 0 0 0 	15155662 555263 0 	371.668 	3 	103
4677500000000 4677600000228 	38400078976 104619595971 555707 	38399523269 555707 0 0 0 	15167393 555707 0 	371.524 	3 	103
4696700000000 4696800000112 	38600079200 105175580787 556087 	38599523113 556087 0 0 0 	15177042 556087 0 	371.37 	3 	103
4715900000000 4716000000112 	38800079424 105731619363 556471 	38799522953 556471 0 0 0 	15187068 556471 0 	371.218 	3 	103
4735100000000 4735200000278 	39000079980 106287777841 556840 	38999523140 556840 0 0 0 	15197462 556840 0 	371.062 	3 	103
4754300000000 4754400000296 	39200080572 106843918554 557174 	39199523398 557174 0 0 0 	15206944 557174 0 	370.895 	3 	103
4773500000000 4773600000254 	39400081080 107400212251 557516 	39399523564 557516 0 0 0 	15216143 557516 0 	370.718 	3 	103
4792700000000 4792800000032 	39600081144 107956605957 557851 	39599523293 557851 0 0 0 	15226234 557851 0 	370.531 	3 	103
4811900000000 4812000000032 	39800081208 108513001040 558183 	39799523025 558183 0 0 0 	15235188 558183 0 	370.345 	3 	103
4831100000000 4831200000320 	40000081848 109069479480 558470 	39999523378 558470 0 0 0 	15242906 558470 0 	370.156 	3 	103
4850300000000 4850400000268 	40200082384 109626117966 558734 	40199523650 558734 0 0 0 	15250029 558734 0 	369.957 	3 	103
4869500000000 4869600000060 	40400082504 110182801174 558989 	40399523515 558989 0 0 0 	15257123 558989 0 	369.748 	3 	103
4888700000000 4888800000060 	40600082624 110739564979 559224 	40599523400 559224 0 0 0 	15264437 559224 0 	369.541 	3 	103
4907900000000 4908000000230 	40800083084 111296368458 559479 	40799523605 559479 0 0 0 	15271315 559479 0 	369.324 	3 	103
4927100000000 4927200000208 	41000083500 111853290165 559716 	40999523784 559716 0 0 0 	15277770 559716 0 	369.103 	3 	103
4946300000000 4946400000197 	41200083894 112410260728 559927 	41199523967 559927 0 0 0 	15283534 559927 0 	368.873 	3 	103
4965500000000 4965600000174 	41400084242 112967310110 560129 	41399524113 560129 0 0 0 	15289883 560129 0 	368.638 	3 	103
4984700000000 4984800000174 	41600084590 113524400748 560327 	41599524263 560327 0 0 0 	15296161 560327 0 	368.407 	3 	103
5003900000000 5004000000008 	41800084606 114081585045 560512 	41799524094 560512 0 0 0 	15301227 560512 0 	368.165 	3 	103
5023100000000 5023200000320 	42000085246 114638859592 560704 	41999524542 560704 0 0 0 	15306257 560704 0 	367.914 	3 	103
5042300000000 5042400000167 	42200085580 115196258509 560859 	42199524721 560859 0 0 0 	15310948 560859 0 	367.659 	3 	103
5061500000000 5061600000167 	42400085914 115753601478 561031 	42399524883 561031 0 0 0 	15315824 561031 0 	367.408 	3 	103
5080700000000 5080800000120 	42600086154 116311104693 561210 	42599524944 561210 0 0 0 	15321244 561210 0 	367.146 	3 	103
5099900000000 5100000000188 	42800086530 116868656626 561351 	42799525179 561351 0 0 0 	15324940 561351 0 	366.881 	3 	103
5119100000000 5119200000096 	43000086722 117426255971 561463 	42999525259 561463 0 0 0 	15327987 561463 0 	366.606 	3 	103
5138300000000 5138400000096 	43200086914 117983924497 561614 	43199525300 561614 0 0 0 	15332849 561614 0 	366.335 	3 	103
5157500000000 5157600000215 	43400087344 118541679101 561706 	43399525638 561706 0 0 0 	15335529 561706 0 	366.06 	3 	103
5176700000000 5176800000057 	43600087458 119099570532 561806 	43599525652 561806 0 0 0 	15338461 561806 0 	365.775 	3 	103
5195900000000 5196000000056 	43800087570 119657440436 561905 	43799525665 561905 0 0 0 	15341319 561905 0 	365.488 	3 	103
5215100000000 5215200000110 	44000087790 120215457603 561999 	43999525791 561999 0 0 0 	15343390 561999 0 	365.191 	3 	103
5234300000000 5234400000110 	44200088010 120773503841 562089 	44199525921 562089 0 0 0 	15345999 562089 0 	364.897 	3 	103
5253500000000 5253600000125 	44400088260 121331568124 562195 	44399526065 562195 0 0 0 	15348812 562195 0 	364.6 	3 	103
5272700000000 5272800000031 	44600088322 121889772260 562284 	44599526038 562284 0 0 0 	15351088 562284 0 	364.293 	3 	103
5291900000000 5292000000188 	44800088698 122447994093 562383 	44799526315 562383 0 0 0 	15353636 562383 0 	363.984 	3 	103
5311100000000 5311200000188 	45000089074 123006307342 562470 	44999526604 562470 0 0 0 	15356262 562470 0 	363.677 	3 	103
5330300000000 5330400000192 	45200089458 123564746220 562557 	45199526901 562557 0 0 0 	15358773 562557 0 	363.362 	3 	103
5349500000000 5349600000302 	45400090062 124123212262 562642 	45399527420 562642 0 0 0 	15361284 562642 0 	363.043 	3 	103
5368700000000 5368800000052 	45600090166 124681719051 562699 	45599527467 562699 0 0 0 	15362689 562699 0 	362.722 	3 	103
5387900000000 5388000000200 	45800090566 125240264070 562777 	45799527789 562777 0 0 0 	15364976 562777 0 	362.391 	3 	103
5407100000000 5407200000200 	46000090966 125798951536 562840 	45999528126 562840 0 0 0 	15366917 562840 0 	362.063 	3 	103
5426300000000 5426400000251 	46200091468 126357704903 562899 	46199528569 562899 0 0 0 	15368855 562899 0 	361.733 	3 	103
5445500000000 5445600000197 	46400091862 126916475041 562968 	46399528894 562968 0 0 0 	15371030 562968 0 	361.394 	3 	103
5464700000000 5464800000048 	46600091958 127475325551 563030 	46599528928 563030 0 0 0 	15372632 563030 0 	361.051 	3 	103
5483900000000 5484000000048 	46800092054 128034220613 563075 	46799528979 563075 0 0 0 	15373916 563075 0 	360.712 	3 	103
5503100000000 5503200000280 	47000092614 128593171945 563130 	46999529484 563130 0 0 0 	15375226 563130 0 	360.371 	3 	103
5522300000000 5522400000021 	47200092656 129152245515 563174 	47199529482 563174 0 0 0 	15376351 563174 0 	360.02 	3 	103
5541500000000 5541600000072 	47400092800 129711396178 563205 	47399529595 563205 0 0 0 	15376956 563205 0 	359.667 	3 	103
5560700000000 5560800000072 	47600092944 130270629635 563249 	47599529695 563249 0 0 0 	15378103 563249 0 	359.317 	3 	103
5579900000000 5580000000113 	47800093170 130829875450 563287 	47799529883 563287 0 0 0 	15379213 563287 0 	358.964 	3 	103
5599100000000 5599200000069 	48000093308 131389227864 563328 	47999529980 563328 0 0 0 	15380277 563328 0 	358.602 	3 	103
5618300000000 5618400000224 	48200093756 131948636999 563355 	48199530401 563355 0 0 0 	15380854 563355 0 	358.238 	3 	103
5637500000000 5637600000271 	48400094298 132508161051 563387 	48399530911 563387 0 0 0 	15382052 563387 0 	357.871 	3 	103
5656700000000 5656800000271 	48600094840 133067673651 563417 	48599531423 563417 0 0 0 	15382859 563417 0 	357.508 	3 	103
5675900000000 5676000000186 	48800095212 133627223489 563450 	48799531762 563450 0 0 0 	15384183 563450 0 	357.142 	3 	103
5695100000000 5695200000092 	49000095396 134186867941 563473 	48999531923 563473 0 0 0 	15384705 563473 0 	356.767 	3 	103
5714300000000 5714400000031 	49200095458 134746616494 563506 	49199531952 563506 0 0 0 	15385575 563506 0 	356.389 	3 	103
5733500000000 5733600000031 	49400095520 135306349230 563529 	49399531991 563529 0 0 0 	15386142 563529 0 	356.015 	3 	103
5752700000000 5752800000020 	49600095560 135866236142 563546 	49599532014 563546 0 0 0 	15386625 563546 0 	355.639 	3 	103
5771900000000 5772000000032 	49800095624 136426103005 563569 	49799532055 563569 0 0 0 	15387609 563569 0 	355.26 	3 	103
5791100000000 5791200000040 	50000095704 136986000090 563585 	49999532119 563585 0 0 0 	15388147 563585 0 	354.878 	3 	103
5810300000000 5810400000214 	50200096132 137546043272 563602 	50199532530 563602 0 0 0 	15388756 563602 0 	354.488 	3 	103
5829500000000 5829600000214 	50400096560 138106114674 563620 	50399532940 563620 0 0 0 	15389106 563620 0 	354.101 	3 	103
5848700000000 5848800000047 	50600096654 138666191284 563632 	50599533022 563632 0 0 0 	15389576 563632 0 	353.712 	3 	103
5867900000000 5868000000044 	50800096742 139226401005 563646 	50799533096 563646 0 0 0 	15390073 563646 0 	353.32 	3 	103
5887100000000 5887200000175 	51000097092 139786673370 563662 	50999533430 563662 0 0 0 	15390499 563662 0 	352.926 	3 	103
5906300000000 5906400000175 	51200097442 140347027605 563681 	51199533761 563681 0 0 0 	15390839 563681 0 	352.536 	3 	103
5925500000000 5925600000136 	51400097714 140907404693 563697 	51399534017 563697 0 0 0 	15391305 563697 0 	352.143 	3 	103
5944700000000 5944800000173 	51600098060 141467864375 563711 	51599534349 563711 0 0 0 	15391884 563711 0 	351.748 	3 	103
5963900000000 5964000000084 	51800098228 142028398783 563722 	51799534506 563722 0 0 0 	15392195 563722 0 	351.344 	3 	103
5983100000000 5983200000170 	52000098568 142588955669 563734 	51999534834 563734 0 0 0 	15392556 563734 0 	350.937 	3 	103
6002300000000 6002400000170 	52200098908 143149632972 563747 	52199535161 563747 0 0 0 	15392994 563747 0 	350.534 	3 	103
6021500000000 6021600000212 	52400099332 143710360550 563764 	52399535568 563764 0 0 0 	15393520 563764 0 	350.129 	3 	103
6040700000000 6040800000320 	52600099972 144271115693 564065 	52599535907 564065 0 0 0 	15401136 564065 0 	350.073 	3 	103
6059900000000 6060000000268 	52800100508 144831956885 564376 	52799536132 564376 0 0 0 	15409861 564376 0 	350.01 	3 	103
6079100000000 6079200000268 	53000101044 145392880306 564666 	52999536378 564666 0 0 0 	15417694 564666 0 	349.946 	3 	103
6098300000000 6098400000060 	53200101164 145953863435 564963 	53199536201 564963 0 0 0 	15426612 564963 0 	349.875 	3 	103
6117500000000 6117600000230 	53400101624 146514813570 565223 	53399536401 565223 0 0 0 	15434817 565223 0 	349.796 	3 	103
6136700000000 6136800000230 	53600102084 147075912704 565485 	53599536599 565485 0 0 0 	15442532 565485 0 	349.718 	3 	103
6155900000000 6156000000208 	53800102500 147637060643 565742 	53799536758 565742 0 0 0 	15449591 565742 0 	349.636 	3 	103
6175100000000 6175200000208 	54000102916 148198252205 566012 	53999536904 566012 0 0 0 	15457307 566012 0 	349.555 	3 	103
6194300000000 6194400000197 	54200103310 148759465230 566239 	54199537071 566239 0 0 0 	15463625 566239 0 	349.466 	3 	103
6213500000000 6213600000174 	54400103658 149320805077 566464 	54399537194 566464 0 0 0 	15469312 566464 0 	349.374 	3 	103
6232700000000 6232800000174 	54600104006 149882212084 566679 	54599537327 566679 0 0 0 	15476331 566679 0 	349.282 	3 	103
6251900000000 6252000000008 	54800104022 150443651588 566886 	54799537136 566886 0 0 0 	15482327 566886 0 	349.182 	3 	103
6271100000000 6271200000320 	55000104662 151005159381 567100 	54999537562 567100 0 0 0 	15488319 567100 0 	349.075 	3 	103
6290300000000 6290400000320 	55200105302 151566680767 567280 	55199538022 567280 0 0 0 	15493133 567280 0 	348.969 	3 	103
6309500000000 6309600000167 	55400105636 152128253558 567455 	55399538181 567455 0 0 0 	15498071 567455 0 	348.859 	3 	103
6328700000000 6328800000167 	55600105970 152689899225 567628 	55599538342 567628 0 0 0 	15503405 567628 0 	348.75 	3 	103
6347900000000 6348000000120 	55800106210 153251619409 567814 	55799538396 567814 0 0 0 	15508189 567814 0 	348.634 	3 	103
6367100000000 6367200000188 	56000106586 153813390498 567984 	55999538602 567984 0 0 0 	15512531 567984 0 	348.514 	3 	103
6386300000000 6386400000188 	56200106962 154375265222 568135 	56199538827 568135 0 0 0 	15517565 568135 0 	348.395 	3 	103
6405500000000 6405600000096 	56400107154 154937130863 568293 	56399538861 568293 0 0 0 	15522083 568293 0 	348.268 	3 	103
6424700000000 6424800000215 	56600107584 155499063531 568448 	56599539136 568448 0 0 0 	15526110 568448 0 	348.138 	3 	103
6443900000000 6444000000215 	56800108014 156061048766 568570 	56799539444 568570 0 0 0 	15529093 568570 0 	348.01 	3 	103
6463100000000 6463200000057 	57000108128 156623114401 568695 	56999539433 568695 0 0 0 	15532231 568695 0 	347.873 	3 	103
6482300000000 6482400000057 	57200108242 157185222551 568822 	57199539420 568822 0 0 0 	15535814 568822 0 	347.738 	3 	103
6501500000000 6501600000056 	57400108354 157747395658 568979 	57399539375 568979 0 0 0 	15540377 568979 0 	347.599 	3 	103
6520700000000 6520800000110 	57600108574 158309660016 569100 	57599539474 569100 0 0 0 	15543432 569100 0 	347.452 	3 	103
6539900000000 6540000000110 	57800108794 158871948467 569202 	57799539592 569202 0 0 0 	15546003 569202 0 	347.307 	3 	103
6559100000000 6559200000125 	58000109044 159434310764 569292 	57999539752 569292 0 0 0 	15548501 569292 0 	347.159 	3 	103
6578300000000 6578400000125 	58200109294 159996697254 569391 	58199539903 569391 0 0 0 	15551335 569391 0 	347.012 	3 	103
6597500000000 6597600000031 	58400109356 160559142946 569495 	58399539861 569495 0 0 0 	15554415 569495 0 	346.857 	3 	103
6616700000000 6616800000188 	58600109732 161121612963 569590 	58599540142 569590 0 0 0 	15557282 569590 0 	346.699 	3 	103
6635900000000 6636000000188 	58800110108 161684145423 569673 	58799540435 569673 0 0 0 	15559413 569673 0 	346.542 	3 	103
6655100000000 6655200000192 	59000110492 162246721245 569770 	58999540722 569770 0 0 0 	15562526 569770 0 	346.378 	3 	103
6674300000000 6674400000302 	59200111096 162809379503 569849 	59199541247 569849 0 0 0 	15564690 569849 0 	346.21 	3 	103
6693500000000 6693600000302 	59400111700 163372056706 569940 	59399541760 569940 0 0 0 	15566981 569940 0 	346.044 	3 	103
6712700000000 6712800000052 	59600111804 163934799763 570023 	59599541781 570023 0 0 0 	15568952 570023 0 	345.875 	3 	103
6731900000000 6732000000052 	59800111908 164497601180 570102 	59799541806 570102 0 0 0 	15571583 570102 0 	345.707 	3 	103
6751100000000 6751200000200 	60000112308 165060484641 570164 	59999542144 570164 0 0 0 	15573328 570164 0 	345.531 	3 	103
6770300000000 6770400000251 	60200112810 165623403260 570231 	60199542579 570231 0 0 0 	15575344 570231 0 	345.353 	3 	103
6789500000000 6789600000251 	60400113312 166186409709 570298 	60399543014 570298 0 0 0 	15577352 570298 0 	345.176 	3 	103
6808700000000 6808800000197 	60600113706 166749486186 570350 	60599543356 570350 0 0 0 	15578655 570350 0 	344.991 	3 	103
6827900000000 6828000000048 	60800113802 167312616628 570408 	60799543394 570408 0 0 0 	15580312 570408 0 	344.803 	3 	103
6847100000000 6847200000048 	61000113898 167875776609 570469 	60999543429 570469 0 0 0 	15581898 570469 0 	344.617 	3 	103
6866300000000 6866400000280 	61200114458 168439002534 570519 	61199543939 570519 0 0 0 	15583263 570519 0 	344.428 	3 	103
6885500000000 6885600000280 	61400115018 169002299261 570575 	61399544443 570575 0 0 0 	15585213 570575 0 	344.24 	3 	103
6904700000000 6904800000021 	61600115060 169565593464 570630 	61599544430 570630 0 0 0 	15586934 570630 0 	344.044 	3 	103
6923900000000 6924000000072 	61800115204 170128937051 570682 	61799544522 570682 0 0 0 	15588875 570682 0 	343.846 	3 	103
6943100000000 6943200000072 	62000115348 170692358929 570730 	61999544618 570730 0 0 0 	15590247 570730 0 	343.649 	3 	103
6962300000000 6962400000113 	62200115574 171255800087 570770 	62199544804 570770 0 0 0 	15591434 570770 0 	343.449 	3 	103
6981500000000 6981600000113 	62400115800 171819372081 570816 	62399544984 570816 0 0 0 	15592630 570816 0 	343.251 	3 	103
7000700000000 7000800000069 	62600115938 172382907969 570863 	62599545075 570863 0 0 0 	15594084 570863 0 	343.045 	3 	103
7019900000000 7020000000224 	62800116386 172946555154 570906 	62799545480 570906 0 0 0 	15595171 570906 0 	342.837 	3 	103
7039100000000 7039200000224 	63000116834 173510199057 570942 	62999545892 570942 0 0 0 	15596467 570942 0 	342.63 	3 	103
7058300000000 7058400000271 	63200117376 174073898789 570975 	63199546401 570975 0 0 0 	15597187 570975 0 	342.42 	3 	103
7077500000000 7077600000186 	63400117748 174637743292 571014 	63399546734 571014 0 0 0 	15598291 571014 0 	342.207 	3 	103
7096700000000 7096800000186 	63600118120 175201560527 571050 	63599547070 571050 0 0 0 	15599107 571050 0 	341.995 	3 	103
7115900000000 7116000000092 	63800118304 175765401303 571086 	63799547218 571086 0 0 0 	15600057 571086 0 	341.776 	3 	103
7135100000000 7135200000092 	64000118488 176329322182 571123 	63999547365 571123 0 0 0 	15601049 571123 0 	341.559 	3 	103
7154300000000 7154400000031 	64200118550 176893323675 571155 	64199547395 571155 0 0 0 	15601989 571155 0 	341.339 	3 	103
7173500000000 7173600000020 	64400118590 177457360783 571186 	64399547404 571186 0 0 0 	15602644 571186 0 	341.116 	3 	103
7192700000000 7192800000020 	64600118630 178021453562 571213 	64599547417 571213 0 0 0 	15603358 571213 0 	340.895 	3 	103
7211900000000 7212000000032 	64800118694 178585614055 571249 	64799547445 571249 0 0 0 	15604660 571249 0 	340.671 	3 	103
7231100000000 7231200000040 	65000118774 179149801553 571277 	64999547497 571277 0 0 0 	15605623 571277 0 	340.444 	3 	103
7250300000000 7250400000040 	65200118854 179714040398 571300 	65199547554 571300 0 0 0 	15606525 571300 0 	340.219 	3 	103
7269500000000 7269600000214 	65400119282 180278368000 571323 	65399547959 571323 0 0 0 	15607220 571323 0 	339.986 	3 	103
7288700000000 7288800000214 	65600119710 180842718179 571343 	65599548367 571343 0 0 0 	15607695 571343 0 	339.755 	3 	103
7307900000000 7308000000047 	65800119804 181407133257 571374 	65799548430 571374 0 0 0 	15608535 571374 0 	339.521 	3 	103
7327100000000 7327200000044 	66000119892 181971540974 571393 	65999548499 571393 0 0 0 	15609053 571393 0 	339.285 	3 	103
7346300000000 7346400000044 	66200119980 182535972518 571406 	66199548574 571406 0 0 0 	15609397 571406 0 	339.05 	3 	103
7365500000000 7365600000175 	66400120330 183100510898 571422 	66399548908 571422 0 0 0 	15609680 571422 0 	338.812 	3 	103
7384700000000 7384800000175 	66600120680 183665135625 571439 	66599549241 571439 0 0 0 	15610082 571439 0 	338.576 	3 	103
7403900000000 7404000000136 	66800120952 184229730150 571450 	66799549502 571450 0 0 0 	15610533 571450 0 	338.337 	3 	103
7423100000000 7423200000173 	67000121298 184794456550 571468 	66999549830 571468 0 0 0 	15610742 571468 0 	338.096 	3 	103
7442300000000 7442400000173 	67200121644 185359185479 571492 	67199550152 571492 0 0 0 	15611358 571492 0 	337.856 	3 	103
7461500000000 7461600000084 	67400121812 185923893590 571510 	67399550302 571510 0 0 0 	15611962 571510 0 	337.609 	3 	103
7480700000000 7480800000170 	67600122152 186488726861 571530 	67599550622 571530 0 0 0 	15612402 571530 0 	337.359 	3 	103
7499900000000 7500000000170 	67800122492 187053555116 571539 	67799550953 571539 0 0 0 	15612695 571539 0 	337.111 	3 	103
7519100000000 7519200000212 	68000122916 187618498875 571553 	67999551363 571553 0 0 0 	15613020 571553 0 	336.86 	3 	103
7538300000000 7538400000212 	68200123340 188183494044 571569 	68199551771 571569 0 0 0 	15613456 571569 0 	336.611 	3 	103
7557500000000 7557600000180 	68400123700 188748527934 571584 	68399552116 571584 0 0 0 	15613968 571584 0 	336.359 	3 	103
7576700000000 7576800000044 	68600123788 189313629366 571595 	68599552193 571595 0 0 0 	15614221 571595 0 	336.105 	3 	103
7595900000000 7596000000044 	68800123876 189878747821 571606 	68799552270 571606 0 0 0 	15614542 571606 0 	335.852 	3 	103
7615100000000 7615200000040 	69000123956 190443898204 571619 	68999552337 571619 0 0 0 	15614843 571619 0 	335.597 	3 	103
7634300000000 7634400000135 	69200124226 191009073938 571632 	69199552594 571632 0 0 0 	15615526 571632 0 	335.338 	3 	103
7653500000000 7653600000135 	69400124496 191574390942 571640 	69399552856 571640 0 0 0 	15615789 571640 0 	335.082 	3 	103
7672700000000 7672800000032 	69600124560 192139729886 571650 	69599552910 571650 0 0 0 	15616037 571650 0 	334.823 	3 	103
7691900000000 7692000000032 	69800124624 192705166662 571657 	69799552967 571657 0 0 0 	15616162 571657 0 	334.566 	3 	103
7711100000000 7711200000227 	70000125078 193270626346 571661 	69999553417 571661 0 0 0 	15616308 571661 0 	334.306 	3 	103
7730300000000 7730400000160 	70200125398 193836133598 571672 	70199553726 571672 0 0 0 	15616639 571672 0 	334.043 	3 	103
7749500000000 7749600000160 	70400125718 194401665030 571677 	70399554041 571677 0 0 0 	15616776 571677 0 	333.783 	3 	103
7768700000000 7768800000062 	70600125842 194967204979 571682 	70599554160 571682 0 0 0 	15616839 571682 0 	333.519 	3 	103
7787900000000 7788000000062 	70800125966 195532840262 571691 	70799554275 571691 0 0 0 	15617106 571691 0 	333.258 	3 	103
7807100000000 7807200000160 	71000126286 196098532920 571695 	70999554591 571695 0 0 0 	15617280 571695 0 	332.993 	3 	103
7826300000000 7826400000159 	71200126604 196664249718 571700 	71199554904 571700 0 0 0 	15617368 571700 0 	332.726 	3 	103
7845500000000 7845600000159 	71400126922 197230015600 571704 	71399555218 571704 0 0 0 	15617473 571704 0 	332.461 	3 	103
7864700000000 7864800000026 	71600126974 197795781073 571711 	71599555263 571711 0 0 0 	15617617 571711 0 	332.193 	3 	103
7883900000000 7884000000242 	71800127458 198361627368 571722 	71799555736 571722 0 0 0 	15617945 571722 0 	331.923 	3 	103
7903100000000 7903200000242 	72000127942 198927482249 571729 	71999556213 571729 0 0 0 	15618123 571729 0 	331.654 	3 	103
7922300000000 7922400000000 	72200127942 199493404962 571734 	72199556208 571734 0 0 0 	15618388 571734 0 	331.383 	3 	103
7941500000000 7941600000000 	72400127942 200059388191 571739 	72399556203 571739 0 0 0 	15618447 571739 0 	331.114 	3 	103
7960700000000 7960800000035 	72600128012 200625426791 571742 	72599556270 571742 0 0 0 	15618553 571742 0 	330.842 	3 	103
7979900000000 7980000000054 	72800128120 201191491662 571747 	72799556373 571747 0 0 0 	15618630 571747 0 	330.567 	3 	103
7999100000000 7999200000054 	73000128228 201757658100 571750 	72999556478 571750 0 0 0 	15618683 571750 0 	330.294 	3 	103
8018300000000 8018400000152 	73200128532 202324068748 605676 	73199522856 605676 0 0 0 	16601428 605676 0 	330.605 	3 	103
8037500000000 8037600000152 	73400128836 202890547539 638891 	73399489945 638891 0 0 0 	17562764 638891 0 	330.916 	3 	103
8056700000000 8056800000152 	73600129140 203457124769 671329 	73599457811 671329 0 0 0 	18489384 671329 0 	331.225 	3 	103
8075900000000 8076000000000 	73800129140 204023657202 702950 	73799426190 702950 0 0 0 	19396135 702950 0 	331.528 	3 	103
8095100000000 8095200000000 	74000129140 204590163854 734018 	73999395122 734018 0 0 0 	20280714 734018 0 	331.83 	3 	103
8114300000000 8114400000000 	74200129140 205156803640 764552 	74199364588 764552 0 0 0 	21165009 764552 0 	332.131 	3 	103
8133500000000 8133600000048 	74400129236 205723496923 794248 	74399334988 794248 0 0 0 	22014333 794248 0 	332.427 	3 	103
8152700000000 8152800000048 	74600129332 206290231807 823531 	74599305801 823531 0 0 0 	22855411 823531 0 	332.721 	3 	103
8171900000000 8172000000048 	74800129428 206857013111 852369 	74799277059 852369 0 0 0 	23686868 852369 0 	333.014 	3 	103
8191100000000 8191200000048 	75000129524 207423823785 880015 	74999249509 880015 0 0 0 	24488558 880015 0 	333.306 	3 	103
8210300000000 8210400000476 	75200130476 207990658333 907558 	75199222918 907558 0 0 0 	25280646 907558 0 	333.592 	3 	103
8229500000000 8229600000476 	75400131428 208557509647 934628 	75399196800 934628 0 0 0 	26055697 934628 0 	333.877 	3 	103
8248700000000 8248800000476 	75600132380 209124385568 961137 	75599171243 961137 0 0 0 	26813844 961137 0 	334.161 	3 	103
8267900000000 8268000000011 	75800132402 209691403208 987111 	75799145291 987111 0 0 0 	27555484 987111 0 	334.441 	3 	103
8287100000000 8287200000011 	76000132424 210258379920 1012288 	75999120136 1012288 0 0 0 	28281227 1012288 0 	334.719 	3 	103
8306300000000 8306400000011 	76200132446 210825451512 1037318 	76199095128 1037318 0 0 0 	29002269 1037318 0 	334.997 	3 	103
8325500000000 8325600000210 	76400132866 211392562764 1061645 	76399071221 1061645 0 0 0 	29704504 1061645 0 	335.268 	3 	103
8344700000000 8344800000210 	76600133286 211959650130 1085403 	76599047883 1085403 0 0 0 	30385658 1085403 0 	335.538 	3 	103
8363900000000 8364000000210 	76800133706 212526846336 1108711 	76799024995 1108711 0 0 0 	31054048 1108711 0 	335.808 	3 	103
8383100000000 8383200000381 	77000134468 213094063757 1131547 	76999002921 1131547 0 0 0 	31718940 1131547 0 	336.071 	3 	103
8402300000000 8402400000381 	77200135230 213661374499 1153902 	77198981328 1153902 0 0 0 	32356953 1153902 0 	336.334 	3 	103
8421500000000 8421600000200 	77400135630 214228441854 1153986 	77398981644 1153986 0 0 0 	32359179 1153986 0 	336.229 	3 	103
8440700000000 8440800000200 	77600136030 214795604512 1154069 	77598981961 1154069 0 0 0 	32361315 1154069 0 	336.124 	3 	103
8459900000000 8460000000251 	77800136532 215362722279 1154154 	77798982378 1154154 0 0 0 	32363927 1154154 0 	336.017 	3 	103
8479100000000 8479200000251 	78000137034 215930006832 1154225 	77998982809 1154225 0 0 0 	32365837 1154225 0 	335.91 	3 	103
8498300000000 8498400000197 	78200137428 216497247318 1154295 	78198983133 1154295 0 0 0 	32367874 1154295 0 	335.798 	3 	103
8517500000000 8517600000197 	78400137822 217064584194 1154370 	78398983452 1154370 0 0 0 	32370346 1154370 0 	335.686 	3 	103
8536700000000 8536800000048 	78600137918 217631974251 1154442 	78598983476 1154442 0 0 0 	32372766 1154442 0 	335.571 	3 	103
8555900000000 8556000000048 	78800138014 218199381964 1154511 	78798983503 1154511 0 0 0 	32374709 1154511 0 	335.458 	3 	103
8575100000000 8575200000280 	79000138574 218766830803 1154578 	78998983996 1154578 0 0 0 	32376636 1154578 0 	335.341 	3 	103
8594300000000 8594400000280 	79200139134 219334270313 1154642 	79198984492 1154642 0 0 0 	32378373 1154642 0 	335.225 	3 	103
8613500000000 8613600000021 	79400139176 219901812105 1154716 	79398984460 1154716 0 0 0 	32380292 1154716 0 	335.104 	3 	103
8632700000000 8632800000021 	79600139218 220469378168 1154772 	79598984446 1154772 0 0 0 	32381922 1154772 0 	334.983 	3 	103
8651900000000 8652000000072 	79800139362 221037022884 1154822 	79798984540 1154822 0 0 0 	32383302 1154822 0 	334.859 	3 	103
8671100000000 8671200000072 	80000139506 221604663649 1154882 	79998984624 1154882 0 0 0 	32385564 1154882 0 	334.736 	3 	103
8690300000000 8690400000113 	80200139732 222172310962 1154929 	80198984803 1154929 0 0 0 	32387355 1154929 0 	334.611 	3 	103
8709500000000 8709600000113 	80400139958 222740022830 1154982 	80398984976 1154982 0 0 0 	32388579 1154982 0 	334.486 	3 	103
8728700000000 8728800000069 	80600140096 223307831032 1155029 	80598985067 1155029 0 0 0 	32389815 1155029 0 	334.356 	3 	103
8747900000000 8748000000069 	80800140234 223875601579 1155059 	80798985175 1155059 0 0 0 	32390818 1155059 0 	334.226 	3 	103
8767100000000 8767200000224 	81000140682 224443468498 1155112 	80998985570 1155112 0 0 0 	32392243 1155112 0 	334.093 	3 	103
8786300000000 8786400000224 	81200141130 225011403871 1155167 	81198985963 1155167 0 0 0 	32393790 1155167 0 	333.962 	3 	103
8805500000000 8805600000271 	81400141672 225579361836 1155214 	81398986458 1155214 0 0 0 	32395020 1155214 0 	333.828 	3 	103
8824700000000 8824800000271 	81600142214 226147324693 1155249 	81598986965 1155249 0 0 0 	32395827 1155249 0 	333.694 	3 	103
8843900000000 8844000000271 	81800142756 226715393024 1155291 	81798987465 1155291 0 0 0 	32396831 1155291 0 	333.561 	3 	103
8863100000000 8863200000186 	82000143128 227283401218 1155332 	81998987796 1155332 0 0 0 	32397948 1155332 0 	333.426 	3 	103
8882300000000 8882400000186 	82200143500 227851539044 1155366 	82198988134 1155366 0 0 0 	32398950 1155366 0 	333.292 	3 	103
8901500000000 8901600000092 	82400143684 228419668806 1155399 	82398988285 1155399 0 0 0 	32400124 1155399 0 	333.151 	3 	103
8920700000000 8920800000092 	82600143868 228987820028 1155417 	82598988451 1155417 0 0 0 	32400621 1155417 0 	333.012 	3 	103
8939900000000 8940000000031 	82800143930 229556055260 1155439 	82798988491 1155439 0 0 0 	32401040 1155439 0 	332.87 	3 	103
8959100000000 8959200000031 	83000143992 230124319016 1155474 	82998988518 1155474 0 0 0 	32401888 1155474 0 	332.728 	3 	103
8978300000000 8978400000020 	83200144032 230692576230 1155501 	83198988531 1155501 0 0 0 	32402912 1155501 0 	332.585 	3 	103
8997500000000 8997600000020 	83400144072 231260908000 1155526 	83398988546 1155526 0 0 0 	32403677 1155526 0 	332.442 	3 	103
9016700000000 9016800000032 	83600144136 231829349295 1155557 	83598988579 1155557 0 0 0 	32404320 1155557 0 	332.296 	3 	103
9035900000000 9036000000032 	83800144200 232397783647 1155590 	83798988610 1155590 0 0 0 	32405305 1155590 0 	332.151 	3 	103
9055100000000 9055200000040 	84000144280 232966250462 1155622 	83998988658 1155622 0 0 0 	32406541 1155622 0 	332.004 	3 	103
9074300000000 9074400000040 	84200144360 233534758419 1155646 	84198988714 1155646 0 0 0 	32407053 1155646 0 	331.858 	3 	103
9093500000000 9093600000214 	84400144788 234103308284 1155671 	84398989117 1155671 0 0 0 	32407979 1155671 0 	331.706 	3 	103
9112700000000 9112800000214 	84600145216 234671947973 1155690 	84598989526 1155690 0 0 0 	32408686 1155690 0 	331.554 	3 	103
9131900000000 9132000000047 	84800145310 235240570223 1155713 	84798989597 1155713 0 0 0 	32409360 1155713 0 	331.4 	3 	103
9151100000000 9151200000047 	85000145404 235809245560 1155730 	84998989674 1155730 0 0 0 	32409905 1155730 0 	331.247 	3 	103
9170300000000 9170400000044 	85200145492 236377940091 1155749 	85198989743 1155749 0 0 0 	32410369 1155749 0 	331.092 	3 	103
9189500000000 9189600000044 	85400145580 236946796246 1155772 	85398989808 1155772 0 0 0 	32411068 1155772 0 	330.937 	3 	103
9208700000000 9208800000175 	85600145930 237515663450 1155798 	85598990132 1155798 0 0 0 	32411657 1155798 0 	330.78 	3 	103
9227900000000 9228000000175 	85800146280 238084458461 1155816 	85798990464 1155816 0 0 0 	32412099 1155816 0 	330.623 	3 	103
9247100000000 9247200000136 	86000146552 238653338184 1155839 	85998990713 1155839 0 0 0 	32412629 1155839 0 	330.464 	3 	103
9266300000000 9266400000136 	86200146824 239222273718 1155858 	86198990966 1155858 0 0 0 	32413283 1155858 0 	330.307 	3 	103
9285500000000 9285600000173 	86400147170 239791229197 1155871 	86398991299 1155871 0 0 0 	32413630 1155871 0 	330.146 	3 	103
9304700000000 9304800000173 	86600147516 240360189753 1155898 	86598991618 1155898 0 0 0 	32414377 1155898 0 	329.987 	3 	103
9323900000000 9324000000084 	86800147684 240929223538 1155917 	86798991767 1155917 0 0 0 	32414882 1155917 0 	329.821 	3 	103
9343100000000 9343200000084 	87000147852 241498354625 1155930 	86998991922 1155930 0 0 0 	32415188 1155930 0 	329.657 	3 	103
9362300000000 9362400000170 	87200148192 242067487594 1155951 	87198992241 1155951 0 0 0 	32415808 1155951 0 	329.49 	3 	103
9381500000000 9381600000170 	87400148532 242636646941 1155964 	87398992568 1155964 0 0 0 	32416103 1155964 0 	329.324 	3 	103
9400700000000 9400800000212 	87600148956 243205825285 1155980 	87598992976 1155980 0 0 0 	32416687 1155980 0 	329.155 	3 	103
9419900000000 9420000000212 	87800149380 243775087768 1155996 	87798993384 1155996 0 0 0 	32417020 1155996 0 	328.988 	3 	103
9439100000000 9439200000180 	88000149740 244344341179 1156014 	87998993726 1156014 0 0 0 	32417549 1156014 0 	328.818 	3 	103
9458300000000 9458400000180 	88200150100 244913624142 1156025 	88198994075 1156025 0 0 0 	32418036 1156025 0 	328.648 	3 	103
9477500000000 9477600000044 	88400150188 245482954984 1156040 	88398994148 1156040 0 0 0 	32418425 1156040 0 	328.477 	3 	103
9496700000000 9496800000044 	88600150276 246052355929 1156047 	88598994229 1156047 0 0 0 	32418598 1156047 0 	328.306 	3 	103
9515900000000 9516000000040 	88800150356 246621784458 1156056 	88798994300 1156056 0 0 0 	32418738 1156056 0 	328.133 	3 	103
9535100000000 9535200000040 	89000150436 247191250560 1156070 	88998994366 1156070 0 0 0 	32419008 1156070 0 	327.961 	3 	103
9554300000000 9554400000135 	89200150706 247760751688 1156079 	89198994627 1156079 0 0 0 	32419136 1156079 0 	327.786 	3 	103
9573500000000 9573600000135 	89400150976 248330353370 1156087 	89398994889 1156087 0 0 0 	32419432 1156087 0 	327.613 	3 	103
9592700000000 9592800000032 	89600151040 248899912844 1156100 	89598994940 1156100 0 0 0 	32419745 1156100 0 	327.437 	3 	103
9611900000000 9612000000032 	89800151104 249469529431 1156109 	89798994995 1156109 0 0 0 	32420080 1156109 0 	327.261 	3 	103
9631100000000 9631200000227 	90000151558 250039176801 1156118 	89998995440 1156118 0 0 0 	32420342 1156118 0 	327.084 	3 	103
9650300000000 9650400000227 	90200152012 250608861267 1156124 	90198995888 1156124 0 0 0 	32420457 1156124 0 	326.907 	3 	103
9669500000000 9669600000160 	90400152332 251178619110 1156137 	90398996195 1156137 0 0 0 	32420727 1156137 0 	326.728 	3 	103
9688700000000 9688800000160 	90600152652 251748425311 1156148 	90598996504 1156148 0 0 0 	32420962 1156148 0 	326.55 	3 	103
9707900000000 9708000000062 	90800152776 252318202043 1156154 	90798996622 1156154 0 0 0 	32421151 1156154 0 	326.369 	3 	103
9727100000000 9727200000062 	91000152900 252888082026 1156166 	90998996734 1156166 0 0 0 	32421647 1156166 0 	326.19 	3 	103
9746300000000 9746400000160 	91200153220 253457952074 1156175 	91198997045 1156175 0 0 0 	32421970 1156175 0 	326.008 	3 	103
9765500000000 9765600000160 	91400153540 254027844141 1156182 	91398997358 1156182 0 0 0 	32422279 1156182 0 	325.827 	3 	103
9784700000000 9784800000159 	91600153858 254597788907 1156187 	91598997671 1156187 0 0 0 	32422597 1156187 0 	325.643 	3 	103
9803900000000 9804000000159 	91800154176 255167785361 1156193 	91798997983 1156193 0 0 0 	32422719 1156193 0 	325.461 	3 	103
9823100000000 9823200000026 	92000154228 255737835264 1156201 	91998998027 1156201 0 0 0 	32422929 1156201 0 	325.276 	3 	103
9842300000000 9842400000026 	92200154280 256307910625 1156208 	92198998072 1156208 0 0 0 	32423028 1156208 0 	325.092 	3 	103
9861500000000 9861600000242 	92400154764 256878043801 1156214 	92398998550 1156214 0 0 0 	32423228 1156214 0 	324.906 	3 	103
9880700000000 9880800000242 	92600155248 257448251026 1156227 	92598999021 1156227 0 0 0 	32423585 1156227 0 	324.721 	3 	103
9899900000000 9900000000000 	92800155248 258018446262 1156234 	92798999014 1156234 0 0 0 	32423805 1156234 0 	324.533 	3 	103
9919100000000 9919200000000 	93000155248 258588641321 1156242 	92998999006 1156242 0 0 0 	32423999 1156242 0 	324.346 	3 	103
9938300000000 9938400000035 	93200155318 259158863588 1156248 	93198999070 1156248 0 0 0 	32424177 1156248 0 	324.157 	3 	103
9957500000000 9957600000035 	93400155388 259729169299 1156254 	93398999134 1156254 0 0 0 	32424326 1156254 0 	323.969 	3 	103
9976700000000 9976800000054 	93600155496 260299428903 1156263 	93598999233 1156263 0 0 0 	32424527 1156263 0 	323.778 	3 	103
9995900000000 9996000000054 	93800155604 260869874205 1156268 	93798999336 1156268 0 0 0 	32424672 1156268 0 	323.589 	3 	103
