1010500000000 1010600000227 	200000454 526704440 2 	200000452 2 0 0 0 	44 2 0 	263 	3 	105
1029700000000 1029800000026 	400000506 1053791905 3 	400000503 3 0 0 0 	45 3 0 	260.476 	3 	105
1048900000000 1049000000054 	600000614 1581196473 3 	600000611 3 0 0 0 	45 3 0 	258.281 	3 	105
1068100000000 1068200000048 	800000710 2109068483 14366 	799986344 14366 0 0 0 	379120 14366 0 	293.44 	3 	105
1087300000000 1087400000011 	1000000732 2637282423 26663 	999974069 26663 0 0 0 	703787 26663 0 	318.951 	3 	105
1106500000000 1106600000468 	1200001668 3165778675 36893 	1199964775 36893 0 0 0 	976913 36893 0 	337.678 	3 	105
1125700000000 1125800000365 	1400002398 3694612714 45532 	1399956866 45532 0 0 0 	1206656 45532 0 	351.908 	3 	105
1144900000000 1145000000069 	1600002536 4223717149 45541 	1599956995 45541 0 0 0 	1206854 45541 0 	342.586 	3 	105
1164100000000 1164200000186 	1800002908 4753107018 45555 	1799957353 45555 0 0 0 	1207197 45555 0 	335.217 	3 	105
1183300000000 1183400000032 	2000002972 5282803210 45570 	1999957402 45570 0 0 0 	1207524 45570 0 	328.872 	3 	105
1202500000000 1202600000044 	2200003060 5812865011 45577 	2199957483 45577 0 0 0 	1207724 45577 0 	323.242 	3 	105
1221700000000 1221800000084 	2400003228 6343205094 45580 	2399957648 45580 0 0 0 	1207765 45580 0 	318.132 	3 	105
1240900000000 1241000000044 	2600003316 6873792653 45583 	2599957733 45583 0 0 0 	1207831 45583 0 	313.513 	3 	105
1260100000000 1260200000032 	2800003380 7404748737 45584 	2799957796 45584 0 0 0 	1207875 45584 0 	309.369 	3 	105
1279300000000 1279400000160 	3000003700 7935968327 45585 	2999958115 45585 0 0 0 	1207903 45585 0 	305.502 	3 	105
1298500000000 1298600000000 	3200003700 8467425563 45589 	3199958111 45589 0 0 0 	1208034 45589 0 	301.854 	3 	105
1317700000000 1317800000152 	3400004004 8999298849 63592 	3399940412 63592 0 0 0 	1698218 63592 0 	309.147 	3 	105
1336900000000 1337000000048 	3600004100 9531409518 79157 	3599924943 79157 0 0 0 	2115954 79157 0 	315.756 	3 	105
1356100000000 1356200000011 	3800004122 10063838436 92813 	3799911309 92813 0 0 0 	2485970 92813 0 	321.755 	3 	105
1375300000000 1375400000381 	4000004884 10596520533 104914 	3999899970 104914 0 0 0 	2811771 104914 0 	327.171 	3 	105
1394500000000 1394600000254 	4200005392 11129479017 115536 	4199889856 115536 0 0 0 	3098336 115536 0 	332.07 	3 	105
1413700000000 1413800000368 	4400006128 11662620402 124833 	4399881295 124833 0 0 0 	3349334 124833 0 	336.512 	3 	105
1432900000000 1433000000352 	4600006832 12196043840 132944 	4599873888 132944 0 0 0 	3566273 132944 0 	340.581 	3 	105
1452100000000 1452200000178 	4800007188 12729717105 139814 	4799867374 139814 0 0 0 	3751054 139814 0 	344.258 	3 	105
1471300000000 1471400000230 	5000007648 13263650912 145864 	4999861784 145864 0 0 0 	3914911 145864 0 	347.549 	3 	105
1490500000000 1490600000400 	5200008448 13797778274 151363 	5199857085 151363 0 0 0 	4063794 151363 0 	350.501 	3 	105
1509700000000 1509800000249 	5400008946 14332165900 156196 	5399852750 156196 0 0 0 	4196508 156196 0 	353.137 	3 	105
1528900000000 1529000000110 	5600009166 14866849921 160335 	5599848831 160335 0 0 0 	4305669 160335 0 	355.503 	3 	105
1548100000000 1548200000060 	5800009286 15401706678 163923 	5799845363 163923 0 0 0 	4402223 163923 0 	357.592 	3 	105
1567300000000 1567400000074 	6000009434 15936837498 167038 	5999842396 167038 0 0 0 	4485949 167038 0 	359.42 	3 	105
1586500000000 1586600000160 	6200009754 16472130086 167041 	6199842713 167041 0 0 0 	4486014 167041 0 	355.16 	3 	105
1605700000000 1605800000159 	6400010072 17007693626 167044 	6399843028 167044 0 0 0 	4486055 167044 0 	351.087 	3 	105
1624900000000 1625000000000 	6600010072 17543382414 167048 	6599843024 167048 0 0 0 	4486143 167048 0 	347.179 	3 	105
1644100000000 1644200000152 	6800010376 18079512207 186518 	6799823858 186518 0 0 0 	5017149 186518 0 	350.386 	3 	105
1663300000000 1663400000000 	7000010376 18615839637 204237 	6999806139 204237 0 0 0 	5495806 204237 0 	353.407 	3 	105
1682500000000 1682600000476 	7200011328 19152371239 220024 	7199791304 220024 0 0 0 	5920756 220024 0 	356.194 	3 	105
1701700000000 1701800000011 	7400011350 19689130810 234278 	7399777072 234278 0 0 0 	6309371 234278 0 	358.828 	3 	105
1720900000000 1721000000381 	7600012112 20226103252 247273 	7599764839 247273 0 0 0 	6662613 247273 0 	361.243 	3 	105
1740100000000 1740200000468 	7800013048 20763225136 258836 	7799754212 258836 0 0 0 	6975318 258836 0 	363.519 	3 	105
1759300000000 1759400000365 	8000013778 21300563618 269123 	7999744655 269123 0 0 0 	7253636 269123 0 	365.605 	3 	105
1778500000000 1778600000368 	8200014514 21838153948 278514 	8199736000 278514 0 0 0 	7510895 278514 0 	367.567 	3 	105
1797700000000 1797800000120 	8400014754 22375891589 286810 	8399727944 286810 0 0 0 	7734791 286810 0 	369.349 	3 	105
1816900000000 1817000000178 	8600015110 22913805243 294441 	8599720669 294441 0 0 0 	7941621 294441 0 	371.019 	3 	105
1836100000000 1836200000230 	8800015570 23451971403 301262 	8799714308 301262 0 0 0 	8126617 301262 0 	372.521 	3 	105
1855300000000 1855400000320 	9000016210 23990289141 307296 	8999708914 307296 0 0 0 	8290102 307296 0 	373.921 	3 	105
1874500000000 1874600000290 	9200016790 24528804758 313006 	9199703784 313006 0 0 0 	8443769 313006 0 	375.177 	3 	105
1893700000000 1893800000249 	9400017288 25067527168 317989 	9399699299 317989 0 0 0 	8578467 317989 0 	376.341 	3 	105
1912900000000 1913000000110 	9600017508 25606417024 322454 	9599695054 322454 0 0 0 	8701871 322454 0 	377.385 	3 	105
1932100000000 1932200000060 	9800017628 26145474470 326403 	9799691225 326403 0 0 0 	8808773 326403 0 	378.298 	3 	105
1951300000000 1951400000375 	10000018378 26684739878 330074 	9999688304 330074 0 0 0 	8911401 330074 0 	379.132 	3 	105
1970500000000 1970600000320 	10200019018 27224121438 333336 	10199685682 333336 0 0 0 	8999446 333336 0 	379.856 	3 	105
1989700000000 1989800000353 	10400019724 27763773210 336260 	10399683464 336260 0 0 0 	9080484 336260 0 	380.508 	3 	105
2008900000000 2009000000228 	10600020180 28303557570 338987 	10599681193 338987 0 0 0 	9155372 338987 0 	381.058 	3 	105
2028100000000 2028200000091 	10800020362 28843558384 341349 	10799679013 341349 0 0 0 	9221468 341349 0 	381.54 	3 	105
2047300000000 2047400000100 	11000020562 29383679088 343465 	10999677097 343465 0 0 0 	9279293 343465 0 	381.927 	3 	105
2066500000000 2066600000314 	11200021190 29924002177 345419 	11199675771 345419 0 0 0 	9334650 345419 0 	382.267 	3 	105
2085700000000 2085800000330 	11400021850 30464534608 347227 	11399674623 347227 0 0 0 	9383746 347227 0 	382.516 	3 	105
2104900000000 2105000000352 	11600022554 31005213097 348843 	11599673711 348843 0 0 0 	9428126 348843 0 	382.709 	3 	105
2124100000000 2124200000290 	11800023134 31546060038 350266 	11799672868 350266 0 0 0 	9468834 350266 0 	382.83 	3 	105
2143300000000 2143400000026 	12000023186 32087089402 351495 	11999671691 351495 0 0 0 	9501929 351495 0 	382.899 	3 	105
2162500000000 2162600000151 	12200023488 32628315832 352632 	12199670856 352632 0 0 0 	9533176 352632 0 	382.9 	3 	105
2181700000000 2181800000308 	12400024104 33169675942 353687 	12399670417 353687 0 0 0 	9563176 353687 0 	382.87 	3 	105
2200900000000 2201000000208 	12600024520 33711234220 354585 	12599669935 354585 0 0 0 	9586741 354585 0 	382.759 	3 	105
2220100000000 2220200000368 	12800025256 34253053561 365037 	12799660219 365037 0 0 0 	9880856 365037 0 	383.851 	3 	105
2239300000000 2239400000352 	13000025960 34795007012 374705 	12999651255 374705 0 0 0 	10143430 374705 0 	384.874 	3 	105
2258500000000 2258600000178 	13200026316 35337122996 383639 	13199642677 383639 0 0 0 	10388588 383639 0 	385.807 	3 	105
2277700000000 2277800000355 	13400027026 35879354950 391755 	13399635271 391755 0 0 0 	10612006 391755 0 	386.685 	3 	105
2296900000000 2297000000230 	13600027486 36421818156 399054 	13599628432 399054 0 0 0 	10811254 399054 0 	387.498 	3 	105
2316100000000 2316200000320 	13800028126 36964335506 405821 	13799622305 405821 0 0 0 	10996672 405821 0 	388.257 	3 	105
2335300000000 2335400000400 	14000028926 37507089984 412089 	13999616837 412089 0 0 0 	11169737 412089 0 	388.966 	3 	105
2354500000000 2354600000249 	14200029424 38050000212 417834 	14199611590 417834 0 0 0 	11330669 417834 0 	389.591 	3 	105
2373700000000 2373800000088 	14400029600 38592961970 423196 	14399606404 423196 0 0 0 	11477462 423196 0 	390.168 	3 	105
2392900000000 2393000000110 	14600029820 39136179959 428049 	14599601771 428049 0 0 0 	11610174 428049 0 	390.709 	3 	105
2412100000000 2412200000189 	14800030198 39679473338 432453 	14799597745 432453 0 0 0 	11730413 432453 0 	391.203 	3 	105
2431300000000 2431400000375 	15000030948 40222907182 436545 	14999594403 436545 0 0 0 	11841984 436545 0 	391.618 	3 	105
2450500000000 2450600000074 	15200031096 40766505873 440247 	15199590849 440247 0 0 0 	11944647 440247 0 	391.989 	3 	105
2469700000000 2469800000320 	15400031736 41310273677 443576 	15399588160 443576 0 0 0 	12042389 443576 0 	392.329 	3 	105
2488900000000 2489000000353 	15600032442 41854179525 446753 	15599585689 446753 0 0 0 	12127849 446753 0 	392.627 	3 	105
2508100000000 2508200000044 	15800032530 42398214230 449741 	15799582789 449741 0 0 0 	12210616 449741 0 	392.884 	3 	105
2527300000000 2527400000091 	16000032712 42942403406 452489 	15999580223 452489 0 0 0 	12287350 452489 0 	393.077 	3 	105
2546500000000 2546600000307 	16200033326 43486746352 455144 	16199578182 455144 0 0 0 	12359200 455144 0 	393.244 	3 	105
2565700000000 2565800000100 	16400033526 44031209927 457432 	16399576094 457432 0 0 0 	12421102 457432 0 	393.371 	3 	105
2584900000000 2585000000314 	16600034154 44575852785 459500 	16599574654 459500 0 0 0 	12478138 459500 0 	393.473 	3 	105
2604100000000 2604200000173 	16800034500 45120599724 461412 	16799573088 461412 0 0 0 	12530887 461412 0 	393.538 	3 	105
2623300000000 2623400000352 	17000035204 45665483860 463285 	16999571919 463285 0 0 0 	12581792 463285 0 	393.543 	3 	105
2642500000000 2642600000376 	17200035956 46210552347 464819 	17199571137 464819 0 0 0 	12623904 464819 0 	393.525 	3 	105
2661700000000 2661800000290 	17400036536 46755703163 466344 	17399570192 466344 0 0 0 	12665127 466344 0 	393.484 	3 	105
2680900000000 2681000000026 	17600036588 47301001005 467759 	17599568829 467759 0 0 0 	12703811 467759 0 	393.41 	3 	105
2700100000000 2700200000285 	17800037158 47846454834 469012 	17799568146 469012 0 0 0 	12738637 469012 0 	393.313 	3 	105
2719300000000 2719400000308 	18000037774 48391988569 470159 	17999567615 470159 0 0 0 	12770722 470159 0 	393.172 	3 	105
2738500000000 2738600000278 	18200038330 48937676227 471226 	18199567104 471226 0 0 0 	12802056 471226 0 	392.998 	3 	105
2757700000000 2757800000208 	18400038746 49483503391 472229 	18399566517 472229 0 0 0 	12828837 472229 0 	392.805 	3 	105
2776900000000 2777000000120 	18600038986 50029542178 473185 	18599565801 473185 0 0 0 	12855521 473185 0 	392.593 	3 	105
2796100000000 2796200000296 	18800039578 50575672271 474039 	18799565539 474039 0 0 0 	12878866 474039 0 	392.362 	3 	105
2815300000000 2815400000320 	19000040218 51121912721 474838 	18999565380 474838 0 0 0 	12900433 474838 0 	392.089 	3 	105
2834500000000 2834600000350 	19200040918 51668288696 475596 	19199565322 475596 0 0 0 	12920413 475596 0 	391.798 	3 	105
2853700000000 2853800000264 	19400041446 52214722268 476300 	19399565146 476300 0 0 0 	12940230 476300 0 	391.49 	3 	105
2872900000000 2873000000328 	19600042102 52761323789 476862 	19599565240 476862 0 0 0 	12955987 476862 0 	391.165 	3 	105
2892100000000 2892200000140 	19800042382 53308046792 477420 	19799564962 477420 0 0 0 	12972371 477420 0 	390.799 	3 	105
2911300000000 2911400000044 	20000042470 53854896752 477912 	19999564558 477912 0 0 0 	12985841 477912 0 	390.417 	3 	105
2930500000000 2930600000044 	20200042558 54401877558 478396 	20199564162 478396 0 0 0 	12999267 478396 0 	390.02 	3 	105
2949700000000 2949800000032 	20400042622 54949040856 478798 	20399563824 478798 0 0 0 	13010336 478798 0 	389.607 	3 	105
2968900000000 2969000000250 	20600043122 55496236769 479200 	20599563922 479200 0 0 0 	13021472 479200 0 	389.18 	3 	105
2988100000000 2988200000228 	20800043578 56043583620 479577 	20799564001 479577 0 0 0 	13031339 479577 0 	388.713 	3 	105
3007300000000 3007400000112 	21000043802 56591030455 479908 	20999563894 479908 0 0 0 	13040819 479908 0 	388.233 	3 	105
3026500000000 3026600000278 	21200044358 57138606107 480224 	21199564134 480224 0 0 0 	13049765 480224 0 	387.75 	3 	105
3045700000000 3045800000296 	21400044950 57686341043 480498 	21399564452 480498 0 0 0 	13057429 480498 0 	387.254 	3 	105
3064900000000 3065000000254 	21600045458 58234212570 480770 	21599564688 480770 0 0 0 	13064424 480770 0 	386.745 	3 	105
3084100000000 3084200000320 	21800046098 58782151312 484693 	21799561405 484693 0 0 0 	13172361 484693 0 	387.026 	3 	105
3103300000000 3103400000353 	22000046804 59330256139 488278 	21999558526 488278 0 0 0 	13270007 488278 0 	387.279 	3 	105
3122500000000 3122600000044 	22200046892 59878560794 491713 	22199555179 491713 0 0 0 	13363035 491713 0 	387.504 	3 	105
3141700000000 3141800000228 	22400047348 60426856828 494856 	22399552492 494856 0 0 0 	13452722 494856 0 	387.71 	3 	105
3160900000000 3161000000091 	22600047530 60975342519 497822 	22599549708 497822 0 0 0 	13536760 497822 0 	387.889 	3 	105
3180100000000 3180200000307 	22800048144 61523974348 500568 	22799547576 500568 0 0 0 	13613170 500568 0 	388.048 	3 	105
3199300000000 3199400000100 	23000048344 62072675301 503122 	22999545222 503122 0 0 0 	13685671 503122 0 	388.182 	3 	105
3218500000000 3218600000314 	23200048972 62621415358 505617 	23199543355 505617 0 0 0 	13755592 505617 0 	388.297 	3 	105
3237700000000 3237800000173 	23400049318 63170296818 507938 	23399541380 507938 0 0 0 	13819763 507938 0 	388.386 	3 	105
3256900000000 3257000000173 	23600049664 63719295940 510056 	23599539608 510056 0 0 0 	13879583 510056 0 	388.473 	3 	105
3276100000000 3276200000330 	23800050324 64268449928 512096 	23799538228 512096 0 0 0 	13936903 512096 0 	388.543 	3 	105
3295300000000 3295400000352 	24000051028 64817661313 513929 	23999537099 513929 0 0 0 	13988580 513929 0 	388.588 	3 	105
3314500000000 3314600000376 	24200051780 65366979233 515671 	24199536109 515671 0 0 0 	14035782 515671 0 	388.616 	3 	105
3333700000000 3333800000290 	24400052360 65916431852 517334 	24399535026 517334 0 0 0 	14081542 517334 0 	388.628 	3 	105
3352900000000 3353000000026 	24600052412 66466008090 518862 	24599533550 518862 0 0 0 	14123800 518862 0 	388.614 	3 	105
3372100000000 3372200000285 	24800052982 67015644864 520337 	24799532645 520337 0 0 0 	14164078 520337 0 	388.585 	3 	105
3391300000000 3391400000151 	25000053284 67565433594 521705 	24999531579 521705 0 0 0 	14203771 521705 0 	388.54 	3 	105
3410500000000 3410600000308 	25200053900 68115293583 523003 	25199530897 523003 0 0 0 	14239097 523003 0 	388.479 	3 	105
3429700000000 3429800000278 	25400054456 68665279893 524179 	25399530277 524179 0 0 0 	14273095 524179 0 	388.394 	3 	105
3448900000000 3449000000208 	25600054872 69215390004 525238 	25599529634 525238 0 0 0 	14305348 525238 0 	388.294 	3 	105
3468100000000 3468200000120 	25800055112 69765626528 526271 	25799528841 526271 0 0 0 	14334060 526271 0 	388.179 	3 	105
3487300000000 3487400000296 	26000055704 70315919319 527226 	25999528478 527226 0 0 0 	14360777 527226 0 	388.049 	3 	105
3506500000000 3506600000270 	26200056244 70866365729 528152 	26199528092 528152 0 0 0 	14386205 528152 0 	387.905 	3 	105
3525700000000 3525800000320 	26400056884 71416861371 528986 	26399527898 528986 0 0 0 	14409527 528986 0 	387.746 	3 	105
3544900000000 3545000000350 	26600057584 71967498411 529785 	26599527799 529785 0 0 0 	14430676 529785 0 	387.572 	3 	105
3564100000000 3564200000264 	26800058112 72518234390 530590 	26799527522 530590 0 0 0 	14452667 530590 0 	387.385 	3 	105
3583300000000 3583400000328 	27000058768 73069091114 531313 	26999527455 531313 0 0 0 	14472495 531313 0 	387.184 	3 	105
3602500000000 3602600000080 	27200058928 73619990729 531958 	27199526970 531958 0 0 0 	14492015 531958 0 	386.969 	3 	105
3621700000000 3621800000140 	27400059208 74170994437 532532 	27399526676 532532 0 0 0 	14509249 532532 0 	386.741 	3 	105
3640900000000 3641000000044 	27600059296 74722117229 533086 	27599526210 533086 0 0 0 	14524379 533086 0 	386.499 	3 	105
3660100000000 3660200000044 	27800059384 75273325274 533588 	27799525796 533588 0 0 0 	14537703 533588 0 	386.244 	3 	105
3679300000000 3679400000032 	28000059448 75824680597 534079 	27999525369 534079 0 0 0 	14551254 534079 0 	385.976 	3 	105
3698500000000 3698600000250 	28200059948 76376089248 534553 	28199525395 534553 0 0 0 	14564572 534553 0 	385.695 	3 	105
3717700000000 3717800000236 	28400060420 76927602625 534990 	28399525430 534990 0 0 0 	14577601 534990 0 	385.401 	3 	105
3736900000000 3737000000228 	28600060876 77479282603 535377 	28599525499 535377 0 0 0 	14588304 535377 0 	385.094 	3 	105
3756100000000 3756200000112 	28800061100 78030961849 535743 	28799525357 535743 0 0 0 	14598718 535743 0 	384.775 	3 	105
3775300000000 3775400000278 	29000061656 78582702997 536112 	28999525544 536112 0 0 0 	14609451 536112 0 	384.452 	3 	105
3794500000000 3794600000296 	29200062248 79134588573 536422 	29199525826 536422 0 0 0 	14618176 536422 0 	384.117 	3 	105
3813700000000 3813800000254 	29400062756 79686574465 536707 	29399526049 536707 0 0 0 	14626202 536707 0 	383.769 	3 	105
3832900000000 3833000000254 	29600063264 80238648554 536995 	29599526269 536995 0 0 0 	14634951 536995 0 	383.427 	3 	105
3852100000000 3852200000032 	29800063328 80790873357 537260 	29799526068 537260 0 0 0 	14642018 537260 0 	383.073 	3 	105
3871300000000 3871400000320 	30000063968 81343142185 537516 	29999526452 537516 0 0 0 	14648994 537516 0 	382.715 	3 	105
3890500000000 3890600000268 	30200064504 81895481590 537740 	30199526764 537740 0 0 0 	14655571 537740 0 	382.346 	3 	105
3909700000000 3909800000060 	30400064624 82447944327 537969 	30399526655 537969 0 0 0 	14661900 537969 0 	381.965 	3 	105
3928900000000 3929000000230 	30600065084 83000540001 538161 	30599526923 538161 0 0 0 	14667063 538161 0 	381.572 	3 	105
3948100000000 3948200000208 	30800065500 83553239272 538353 	30799527147 538353 0 0 0 	14672144 538353 0 	381.177 	3 	105
3967300000000 3967400000197 	31000065894 84105996766 538545 	30999527349 538545 0 0 0 	14677663 538545 0 	380.77 	3 	105
3986500000000 3986600000174 	31200066242 84658884619 538719 	31199527523 538719 0 0 0 	14682655 538719 0 	380.36 	3 	105
4005700000000 4005800000008 	31400066258 85211869305 538883 	31399527375 538883 0 0 0 	14687455 538883 0 	379.939 	3 	105
4024900000000 4025000000320 	31600066898 85764906727 539046 	31599527852 539046 0 0 0 	14692000 539046 0 	379.507 	3 	105
4044100000000 4044200000167 	31800067232 86318052117 539172 	31799528060 539172 0 0 0 	14695219 539172 0 	379.072 	3 	105
4063300000000 4063400000120 	32000067472 86871256917 539292 	31999528180 539292 0 0 0 	14699213 539292 0 	378.627 	3 	105
4082500000000 4082600000188 	32200067848 87424576755 539414 	32199528434 539414 0 0 0 	14702455 539414 0 	378.179 	3 	105
4101700000000 4101800000096 	32400068040 87977985415 539524 	32399528516 539524 0 0 0 	14705285 539524 0 	377.72 	3 	105
4120900000000 4121000000215 	32600068470 88531426196 539632 	32599528838 539632 0 0 0 	14708251 539632 0 	377.259 	3 	105
4140100000000 4140200000057 	32800068584 89085074871 539754 	32799528830 539754 0 0 0 	14711259 539754 0 	376.788 	3 	105
4159300000000 4159400000056 	33000068696 89638715618 539845 	32999528851 539845 0 0 0 	14714215 539845 0 	376.314 	3 	105
4178500000000 4178600000110 	33200068916 90192462333 539930 	33199528986 539930 0 0 0 	14716524 539930 0 	375.83 	3 	105
4197700000000 4197800000125 	33400069166 90746255044 540021 	33399529145 540021 0 0 0 	14718920 540021 0 	375.344 	3 	105
4216900000000 4217000000031 	33600069228 91300206688 540097 	33599529131 540097 0 0 0 	14721227 540097 0 	374.847 	3 	105
4236100000000 4236200000188 	33800069604 91854285368 540167 	33799529437 540167 0 0 0 	14723232 540167 0 	374.349 	3 	105
4255300000000 4255400000192 	34000069988 92408372861 540243 	33999529745 540243 0 0 0 	14725374 540243 0 	373.84 	3 	105
4274500000000 4274600000302 	34200070592 92962591281 540314 	34199530278 540314 0 0 0 	14727044 540314 0 	373.329 	3 	105
4293700000000 4293800000052 	34400070696 93516837551 540378 	34399530318 540378 0 0 0 	14728789 540378 0 	372.817 	3 	105
4312900000000 4313000000208 	34600071112 94071245957 541608 	34599529504 541608 0 0 0 	14762828 541608 0 	372.836 	3 	105
4332100000000 4332200000120 	34800071352 94625676185 542722 	34799528630 542722 0 0 0 	14792558 542722 0 	372.842 	3 	105
4351300000000 4351400000296 	35000071944 95180166444 543773 	34999528171 543773 0 0 0 	14824390 543773 0 	372.837 	3 	105
4370500000000 4370600000270 	35200072484 95734812392 544782 	35199527702 544782 0 0 0 	14852534 544782 0 	372.821 	3 	105
4389700000000 4389800000270 	35400073024 96289510679 545791 	35399527233 545791 0 0 0 	14880988 545791 0 	372.805 	3 	105
4408900000000 4409000000320 	35600073664 96844281880 546711 	35599526953 546711 0 0 0 	14907456 546711 0 	372.778 	3 	105
4428100000000 4428200000350 	35800074364 97399175173 547602 	35799526762 547602 0 0 0 	14930469 547602 0 	372.739 	3 	105
4447300000000 4447400000264 	36000074892 97954161182 548469 	35999526423 548469 0 0 0 	14954770 548469 0 	372.689 	3 	105
4466500000000 4466600000264 	36200075420 98509134898 549247 	36199526173 549247 0 0 0 	14977009 549247 0 	372.64 	3 	105
4485700000000 4485800000328 	36400076076 99064254241 550005 	36399526071 550005 0 0 0 	14998172 550005 0 	372.58 	3 	105
4504900000000 4505000000080 	36600076236 99619404613 550685 	36599525551 550685 0 0 0 	15017175 550685 0 	372.509 	3 	105
4524100000000 4524200000140 	36800076516 100174642338 551378 	36799525138 551378 0 0 0 	15036539 551378 0 	372.427 	3 	105
4543300000000 4543400000044 	37000076604 100729986363 552015 	36999524589 552015 0 0 0 	15055194 552015 0 	372.334 	3 	105
4562500000000 4562600000044 	37200076692 101285413850 552595 	37199524097 552595 0 0 0 	15070943 552595 0 	372.242 	3 	105
4581700000000 4581800000044 	37400076780 101840950692 553168 	37399523612 553168 0 0 0 	15087902 553168 0 	372.14 	3 	105
4600900000000 4601000000032 	37600076844 102396521600 553709 	37599523135 553709 0 0 0 	15102963 553709 0 	372.026 	3 	105
4620100000000 4620200000250 	37800077344 102952203641 554277 	37799523067 554277 0 0 0 	15118567 554277 0 	371.903 	3 	105
4639300000000 4639400000250 	38000077844 103508020134 554843 	37999523001 554843 0 0 0 	15134030 554843 0 	371.78 	3 	105
4658500000000 4658600000236 	38200078316 104063814736 555299 	38199523017 555299 0 0 0 	15146651 555299 0 	371.647 	3 	105
4677700000000 4677800000228 	38400078772 104619799179 555752 	38399523020 555752 0 0 0 	15159520 555752 0 	371.504 	3 	105
4696900000000 4697000000112 	38600078996 105175814038 556167 	38599522829 556167 0 0 0 	15171381 556167 0 	371.35 	3 	105
4716100000000 4716200000112 	38800079220 105731896999 556587 	38799522633 556587 0 0 0 	15182768 556587 0 	371.198 	3 	105
4735300000000 4735400000278 	39000079776 106288096482 556978 	38999522798 556978 0 0 0 	15193584 556978 0 	371.041 	3 	105
4754500000000 4754600000296 	39200080368 106844357037 557360 	39199523008 557360 0 0 0 	15204217 557360 0 	370.875 	3 	105
4773700000000 4773800000254 	39400080876 107400648033 557705 	39399523171 557705 0 0 0 	15213483 557705 0 	370.698 	3 	105
4792900000000 4793000000032 	39600080940 107957073629 558049 	39599522891 558049 0 0 0 	15223314 558049 0 	370.511 	3 	105
4812100000000 4812200000032 	39800081004 108513511995 558350 	39799522654 558350 0 0 0 	15231831 558350 0 	370.326 	3 	105
4831300000000 4831400000320 	40000081644 109070072381 558660 	39999522984 558660 0 0 0 	15240700 558660 0 	370.137 	3 	105
4850500000000 4850600000268 	40200082180 109626692645 558933 	40199523247 558933 0 0 0 	15248328 558933 0 	369.937 	3 	105
4869700000000 4869800000060 	40400082300 110183364238 559214 	40399523086 559214 0 0 0 	15255992 559214 0 	369.728 	3 	105
4888900000000 4889000000060 	40600082420 110740094858 559463 	40599522957 559463 0 0 0 	15263189 559463 0 	369.521 	3 	105
4908100000000 4908200000230 	40800082880 111296934159 559706 	40799523174 559706 0 0 0 	15269804 559706 0 	369.305 	3 	105
4927300000000 4927400000208 	41000083296 111853885680 559948 	40999523348 559948 0 0 0 	15277088 559948 0 	369.084 	3 	105
4946500000000 4946600000197 	41200083690 112410837027 560173 	41199523517 560173 0 0 0 	15282753 560173 0 	368.854 	3 	105
4965700000000 4965800000174 	41400084038 112967879849 560387 	41399523651 560387 0 0 0 	15288682 560387 0 	368.62 	3 	105
4984900000000 4985000000174 	41600084386 113524998348 560581 	41599523805 560581 0 0 0 	15293666 560581 0 	368.388 	3 	105
5004100000000 5004200000008 	41800084402 114082162684 560781 	41799523621 560781 0 0 0 	15298239 560781 0 	368.147 	3 	105
5023300000000 5023400000320 	42000085042 114639466212 560952 	41999524090 560952 0 0 0 	15302596 560952 0 	367.896 	3 	105
5042500000000 5042600000167 	42200085376 115196775810 561116 	42199524260 561116 0 0 0 	15306323 561116 0 	367.641 	3 	105
5061700000000 5061800000167 	42400085710 115754223973 561255 	42399524455 561255 0 0 0 	15310015 561255 0 	367.389 	3 	105
5080900000000 5081000000120 	42600085950 116311715604 561404 	42599524546 561404 0 0 0 	15313986 561404 0 	367.128 	3 	105
5100100000000 5100200000188 	42800086326 116869311037 561542 	42799524784 561542 0 0 0 	15317789 561542 0 	366.863 	3 	105
5119300000000 5119400000096 	43000086518 117426914914 561703 	42999524815 561703 0 0 0 	15322874 561703 0 	366.589 	3 	105
5138500000000 5138600000096 	43200086710 117984663571 561834 	43199524876 561834 0 0 0 	15325850 561834 0 	366.317 	3 	105
5157700000000 5157800000215 	43400087140 118542437017 561964 	43399525176 561964 0 0 0 	15329710 561964 0 	366.042 	3 	105
5176900000000 5177000000057 	43600087254 119100265966 562076 	43599525178 562076 0 0 0 	15332837 562076 0 	365.758 	3 	105
5196100000000 5196200000056 	43800087366 119658197950 562189 	43799525177 562189 0 0 0 	15335597 562189 0 	365.47 	3 	105
5215300000000 5215400000110 	44000087586 120216208715 562299 	43999525287 562299 0 0 0 	15338946 562299 0 	365.173 	3 	105
5234500000000 5234600000110 	44200087806 120774206489 562394 	44199525412 562394 0 0 0 	15341699 562394 0 	364.879 	3 	105
5253700000000 5253800000125 	44400088056 121332306770 562496 	44399525560 562496 0 0 0 	15344399 562496 0 	364.583 	3 	105
5272900000000 5273000000031 	44600088118 121890506646 562576 	44599525542 562576 0 0 0 	15346965 562576 0 	364.276 	3 	105
5292100000000 5292200000188 	44800088494 122448780784 562648 	44799525846 562648 0 0 0 	15349020 562648 0 	363.967 	3 	105
5311300000000 5311400000188 	45000088870 123007070198 562744 	44999526126 562744 0 0 0 	15351476 562744 0 	363.66 	3 	105
5330500000000 5330600000192 	45200089254 123565447543 562824 	45199526430 562824 0 0 0 	15353849 562824 0 	363.345 	3 	105
5349700000000 5349800000302 	45400089858 124123962343 562890 	45399526968 562890 0 0 0 	15355914 562890 0 	363.026 	3 	105
5368900000000 5369000000052 	45600089962 124682489463 562954 	45599527008 562954 0 0 0 	15357844 562954 0 	362.705 	3 	105
5388100000000 5388200000200 	45800090362 125241111195 563021 	45799527341 563021 0 0 0 	15359622 563021 0 	362.374 	3 	105
5407300000000 5407400000200 	46000090762 125799759850 563094 	45999527668 563094 0 0 0 	15361804 563094 0 	362.047 	3 	105
5426500000000 5426600000251 	46200091264 126358529038 563152 	46199528112 563152 0 0 0 	15363744 563152 0 	361.717 	3 	105
5445700000000 5445800000197 	46400091658 126917323652 563200 	46399528458 563200 0 0 0 	15365466 563200 0 	361.377 	3 	105
5464900000000 5465000000048 	46600091754 127476171510 563266 	46599528488 563266 0 0 0 	15367281 563266 0 	361.035 	3 	105
5484100000000 5484200000048 	46800091850 128035049680 563293 	46799528557 563293 0 0 0 	15368138 563293 0 	360.696 	3 	105
5503300000000 5503400000280 	47000092410 128594056877 563336 	46999529074 563336 0 0 0 	15369173 563336 0 	360.355 	3 	105
5522500000000 5522600000021 	47200092452 129153079896 563377 	47199529075 563377 0 0 0 	15370349 563377 0 	360.004 	3 	105
5541700000000 5541800000072 	47400092596 129712303478 563414 	47399529182 563414 0 0 0 	15371637 563414 0 	359.651 	3 	105
5560900000000 5561000000235 	47600093066 130271521346 563445 	47599529621 563445 0 0 0 	15372632 563445 0 	359.301 	3 	105
5580100000000 5580200000113 	47800093292 130830802926 563484 	47799529808 563484 0 0 0 	15373862 563484 0 	358.949 	3 	105
5599300000000 5599400000069 	48000093430 131390147252 563514 	47999529916 563514 0 0 0 	15374827 563514 0 	358.587 	3 	105
5618500000000 5618600000224 	48200093878 131949550100 563545 	48199530333 563545 0 0 0 	15375853 563545 0 	358.223 	3 	105
5637700000000 5637800000271 	48400094420 132509008631 563591 	48399530829 563591 0 0 0 	15377021 563591 0 	357.856 	3 	105
5656900000000 5657000000271 	48600094962 133068535435 563620 	48599531342 563620 0 0 0 	15377764 563620 0 	357.492 	3 	105
5676100000000 5676200000186 	48800095334 133628126830 563646 	48799531688 563646 0 0 0 	15378436 563646 0 	357.127 	3 	105
5695300000000 5695400000092 	49000095518 134187800958 563673 	48999531845 563673 0 0 0 	15378988 563673 0 	356.752 	3 	105
5714500000000 5714600000031 	49200095580 134747523430 563696 	49199531884 563696 0 0 0 	15379781 563696 0 	356.374 	3 	105
5733700000000 5733800000031 	49400095642 135307287007 563720 	49399531922 563720 0 0 0 	15380407 563720 0 	356 	3 	105
5752900000000 5753000000020 	49600095682 135867156625 563739 	49599531943 563739 0 0 0 	15380960 563739 0 	355.624 	3 	105
5772100000000 5772200000032 	49800095746 136427055248 563759 	49799531987 563759 0 0 0 	15381568 563759 0 	355.245 	3 	105
5791300000000 5791400000040 	50000095826 136987052466 563777 	49999532049 563777 0 0 0 	15382048 563777 0 	354.864 	3 	105
5810500000000 5810600000214 	50200096254 137547118681 563795 	50199532459 563795 0 0 0 	15382405 563795 0 	354.473 	3 	105
5829700000000 5829800000214 	50400096682 138107190453 563813 	50399532869 563813 0 0 0 	15382729 563813 0 	354.087 	3 	105
5848900000000 5849000000047 	50600096776 138667347431 563829 	50599532947 563829 0 0 0 	15382946 563829 0 	353.698 	3 	105
5868100000000 5868200000044 	50800096864 139227582181 563849 	50799533015 563849 0 0 0 	15383602 563849 0 	353.306 	3 	105
5887300000000 5887400000175 	51000097214 139787885392 563865 	50999533349 563865 0 0 0 	15384344 563865 0 	352.912 	3 	105
5906500000000 5906600000175 	51200097564 140348215237 563886 	51199533678 563886 0 0 0 	15384941 563886 0 	352.522 	3 	105
5925700000000 5925800000136 	51400097836 140908605229 563900 	51399533936 563900 0 0 0 	15385608 563900 0 	352.129 	3 	105
5944900000000 5945000000173 	51600098182 141469044823 563916 	51599534266 563916 0 0 0 	15386179 563916 0 	351.734 	3 	105
5964100000000 5964200000084 	51800098350 142029587370 563931 	51799534419 563931 0 0 0 	15386594 563931 0 	351.33 	3 	105
5983300000000 5983400000170 	52000098690 142590175458 563945 	51999534745 563945 0 0 0 	15387094 563945 0 	350.923 	3 	105
6002500000000 6002600000170 	52200099030 143150793126 563957 	52199535073 563957 0 0 0 	15387709 563957 0 	350.521 	3 	105
6021700000000 6021800000212 	52400099454 143711491954 563967 	52399535487 563967 0 0 0 	15388039 563967 0 	350.116 	3 	105
6040900000000 6041000000320 	52600100094 144272250370 564300 	52599535794 564300 0 0 0 	15397472 564300 0 	350.06 	3 	105
6060100000000 6060200000268 	52800100630 144833080307 564624 	52799536006 564624 0 0 0 	15405978 564624 0 	349.996 	3 	105
6079300000000 6079400000268 	53000101166 145393976694 564933 	52999536233 564933 0 0 0 	15414521 564933 0 	349.933 	3 	105
6098500000000 6098600000060 	53200101286 145954944257 565210 	53199536076 565210 0 0 0 	15421847 565210 0 	349.862 	3 	105
6117700000000 6117800000230 	53400101746 146515932816 565511 	53399536235 565511 0 0 0 	15430899 565511 0 	349.783 	3 	105
6136900000000 6137000000230 	53600102206 147076988437 565812 	53599536394 565812 0 0 0 	15439116 565812 0 	349.705 	3 	105
6156100000000 6156200000208 	53800102622 147638136948 566068 	53799536554 566068 0 0 0 	15446596 566068 0 	349.623 	3 	105
6175300000000 6175400000208 	54000103038 148199314137 566280 	53999536758 566280 0 0 0 	15451614 566280 0 	349.542 	3 	105
6194500000000 6194600000197 	54200103432 148760586814 566523 	54199536909 566523 0 0 0 	15458356 566523 0 	349.453 	3 	105
6213700000000 6213800000174 	54400103780 149321894171 566776 	54399537004 566776 0 0 0 	15465628 566776 0 	349.361 	3 	105
6232900000000 6233000000174 	54600104128 149883254856 566994 	54599537134 566994 0 0 0 	15472254 566994 0 	349.269 	3 	105
6252100000000 6252200000008 	54800104144 150444656568 567218 	54799536926 567218 0 0 0 	15478884 567218 0 	349.17 	3 	105
6271300000000 6271400000320 	55000104784 151006121089 567422 	54999537362 567422 0 0 0 	15483764 567422 0 	349.063 	3 	105
6290500000000 6290600000320 	55200105424 151567623199 567613 	55199537811 567613 0 0 0 	15488882 567613 0 	348.956 	3 	105
6309700000000 6309800000167 	55400105758 152129250213 567817 	55399537941 567817 0 0 0 	15495076 567817 0 	348.847 	3 	105
6328900000000 6329000000167 	55600106092 152690899844 567981 	55599538111 567981 0 0 0 	15500311 567981 0 	348.738 	3 	105
6348100000000 6348200000120 	55800106332 153252591342 568144 	55799538188 568144 0 0 0 	15505451 568144 0 	348.621 	3 	105
6367300000000 6367400000188 	56000106708 153814327237 568314 	55999538394 568314 0 0 0 	15511113 568314 0 	348.501 	3 	105
6386500000000 6386600000188 	56200107084 154376158319 568464 	56199538620 568464 0 0 0 	15514900 568464 0 	348.382 	3 	105
6405700000000 6405800000096 	56400107276 154938100580 568612 	56399538664 568612 0 0 0 	15519915 568612 0 	348.256 	3 	105
6424900000000 6425000000215 	56600107706 155500090718 568756 	56599538950 568756 0 0 0 	15523329 568756 0 	348.126 	3 	105
6444100000000 6444200000215 	56800108136 156062102537 568899 	56799539237 568899 0 0 0 	15527366 568899 0 	347.997 	3 	105
6463300000000 6463400000057 	57000108250 156624174093 569018 	56999539232 569018 0 0 0 	15530486 569018 0 	347.861 	3 	105
6482500000000 6482600000057 	57200108364 157186340163 569149 	57199539215 569149 0 0 0 	15533851 569149 0 	347.725 	3 	105
6501700000000 6501800000056 	57400108476 157748523963 569280 	57399539196 569280 0 0 0 	15537565 569280 0 	347.587 	3 	105
6520900000000 6521000000110 	57600108696 158310777045 569382 	57599539314 569382 0 0 0 	15540522 569382 0 	347.44 	3 	105
6540100000000 6540200000110 	57800108916 158873107783 569493 	57799539423 569493 0 0 0 	15543963 569493 0 	347.295 	3 	105
6559300000000 6559400000125 	58000109166 159435450389 569609 	57999539557 569609 0 0 0 	15547427 569609 0 	347.147 	3 	105
6578500000000 6578600000125 	58200109416 159997861224 569712 	58199539704 569712 0 0 0 	15550335 569712 0 	347 	3 	105
6597700000000 6597800000031 	58400109478 160560380325 569808 	58399539670 569808 0 0 0 	15552607 569808 0 	346.845 	3 	105
6616900000000 6617000000188 	58600109854 161122890117 569904 	58599539950 569904 0 0 0 	15555263 569904 0 	346.687 	3 	105
6636100000000 6636200000188 	58800110230 161685453826 569997 	58799540233 569997 0 0 0 	15557919 569997 0 	346.53 	3 	105
6655300000000 6655400000192 	59000110614 162248089142 570082 	58999540532 570082 0 0 0 	15560670 570082 0 	346.366 	3 	105
6674500000000 6674600000302 	59200111218 162810815757 570164 	59199541054 570164 0 0 0 	15562809 570164 0 	346.199 	3 	105
6693700000000 6693800000302 	59400111822 163373562545 570250 	59399541572 570250 0 0 0 	15564952 570250 0 	346.032 	3 	105
6712900000000 6713000000052 	59600111926 163936332670 570330 	59599541596 570330 0 0 0 	15567174 570330 0 	345.863 	3 	105
6732100000000 6732200000052 	59800112030 164499180748 570393 	59799541637 570393 0 0 0 	15568560 570393 0 	345.695 	3 	105
6751300000000 6751400000200 	60000112430 165062098692 570455 	59999541975 570455 0 0 0 	15570101 570455 0 	345.52 	3 	105
6770500000000 6770600000251 	60200112932 165625042574 570520 	60199542412 570520 0 0 0 	15571941 570520 0 	345.341 	3 	105
6789700000000 6789800000251 	60400113434 166187989749 570580 	60399542854 570580 0 0 0 	15573675 570580 0 	345.164 	3 	105
6808900000000 6809000000197 	60600113828 166751011254 570649 	60599543179 570649 0 0 0 	15575732 570649 0 	344.98 	3 	105
6828100000000 6828200000048 	60800113924 167314068871 570702 	60799543222 570702 0 0 0 	15577106 570702 0 	344.792 	3 	105
6847300000000 6847400000048 	61000114020 167877219336 570767 	60999543253 570767 0 0 0 	15579037 570767 0 	344.606 	3 	105
6866500000000 6866600000280 	61200114580 168440344772 570828 	61199543752 570828 0 0 0 	15580555 570828 0 	344.416 	3 	105
6885700000000 6885800000280 	61400115140 169003612573 570892 	61399544248 570892 0 0 0 	15582272 570892 0 	344.229 	3 	105
6904900000000 6905000000021 	61600115182 169566897972 570938 	61599544244 570938 0 0 0 	15583648 570938 0 	344.033 	3 	105
6924100000000 6924200000072 	61800115326 170130278398 570991 	61799544335 570991 0 0 0 	15585438 570991 0 	343.835 	3 	105
6943300000000 6943400000072 	62000115470 170693671272 571032 	61999544438 571032 0 0 0 	15586423 571032 0 	343.638 	3 	105
6962500000000 6962600000113 	62200115696 171257130372 571070 	62199544626 571070 0 0 0 	15587543 571070 0 	343.439 	3 	105
6981700000000 6981800000113 	62400115922 171820683368 571104 	62399544818 571104 0 0 0 	15588698 571104 0 	343.24 	3 	105
7000900000000 7001000000069 	62600116060 172384270645 571140 	62599544920 571140 0 0 0 	15589595 571140 0 	343.035 	3 	105
7020100000000 7020200000224 	62800116508 172947892675 571192 	62799545316 571192 0 0 0 	15591320 571192 0 	342.826 	3 	105
7039300000000 7039400000224 	63000116956 173511614763 571244 	62999545712 571244 0 0 0 	15592714 571244 0 	342.619 	3 	105
7058500000000 7058600000271 	63200117498 174075397982 571291 	63199546207 571291 0 0 0 	15593977 571291 0 	342.409 	3 	105
7077700000000 7077800000186 	63400117870 174639199457 571321 	63399546549 571321 0 0 0 	15594853 571321 0 	342.196 	3 	105
7096900000000 7097000000186 	63600118242 175202996569 571365 	63599546877 571365 0 0 0 	15596160 571365 0 	341.985 	3 	105
7116100000000 7116200000092 	63800118426 175766909896 571400 	63799547026 571400 0 0 0 	15596820 571400 0 	341.766 	3 	105
7135300000000 7135400000092 	64000118610 176330875351 571426 	63999547184 571426 0 0 0 	15597474 571426 0 	341.549 	3 	105
7154500000000 7154600000031 	64200118672 176894849241 571462 	64199547210 571462 0 0 0 	15598568 571462 0 	341.329 	3 	105
7173700000000 7173800000020 	64400118712 177458930125 571490 	64399547222 571490 0 0 0 	15599904 571490 0 	341.106 	3 	105
7192900000000 7193000000020 	64600118752 178023034457 571521 	64599547231 571521 0 0 0 	15601077 571521 0 	340.885 	3 	105
7212100000000 7212200000032 	64800118816 178587166365 571544 	64799547272 571544 0 0 0 	15601825 571544 0 	340.661 	3 	105
7231300000000 7231400000040 	65000118896 179151364120 571563 	64999547333 571563 0 0 0 	15602400 571563 0 	340.434 	3 	105
7250500000000 7250600000040 	65200118976 179715612288 571587 	65199547389 571587 0 0 0 	15603186 571587 0 	340.209 	3 	105
7269700000000 7269800000214 	65400119404 180279918582 571607 	65399547797 571607 0 0 0 	15603798 571607 0 	339.976 	3 	105
7288900000000 7289000000214 	65600119832 180844256914 571630 	65599548202 571630 0 0 0 	15604537 571630 0 	339.745 	3 	105
7308100000000 7308200000047 	65800119926 181408668574 571643 	65799548283 571643 0 0 0 	15604674 571643 0 	339.511 	3 	105
7327300000000 7327400000044 	66000120014 181973150323 571668 	65999548346 571668 0 0 0 	15605491 571668 0 	339.275 	3 	105
7346500000000 7346600000044 	66200120102 182537654001 571690 	66199548412 571690 0 0 0 	15606187 571690 0 	339.04 	3 	105
7365700000000 7365800000175 	66400120452 183102195899 571716 	66399548736 571716 0 0 0 	15606937 571716 0 	338.802 	3 	105
7384900000000 7385000000175 	66600120802 183666792876 571730 	66599549072 571730 0 0 0 	15607278 571730 0 	338.566 	3 	105
7404100000000 7404200000136 	66800121074 184231471998 571748 	66799549326 571748 0 0 0 	15607912 571748 0 	338.328 	3 	105
7423300000000 7423400000173 	67000121420 184796239874 571763 	66999549657 571763 0 0 0 	15608393 571763 0 	338.086 	3 	105
7442500000000 7442600000173 	67200121766 185360932565 571783 	67199549983 571783 0 0 0 	15609262 571783 0 	337.846 	3 	105
7461700000000 7461800000084 	67400121934 185925720472 571804 	67399550130 571804 0 0 0 	15609996 571804 0 	337.599 	3 	105
7480900000000 7481000000170 	67600122274 186490554660 571820 	67599550454 571820 0 0 0 	15610411 571820 0 	337.349 	3 	105
7500100000000 7500200000170 	67800122614 187055470437 571827 	67799550787 571827 0 0 0 	15610562 571827 0 	337.101 	3 	105
7519300000000 7519400000212 	68000123038 187620427299 571845 	67999551193 571845 0 0 0 	15610992 571845 0 	336.85 	3 	105
7538500000000 7538600000212 	68200123462 188185450968 571856 	68199551606 571856 0 0 0 	15611270 571856 0 	336.602 	3 	105
7557700000000 7557800000180 	68400123822 188750484590 571875 	68399551947 571875 0 0 0 	15611797 571875 0 	336.35 	3 	105
7576900000000 7577000000044 	68600123910 189315582273 571892 	68599552018 571892 0 0 0 	15612336 571892 0 	336.095 	3 	105
7596100000000 7596200000044 	68800123998 189880687108 571910 	68799552088 571910 0 0 0 	15612744 571910 0 	335.843 	3 	105
7615300000000 7615400000040 	69000124078 190445916380 571923 	68999552155 571923 0 0 0 	15613243 571923 0 	335.587 	3 	105
7634500000000 7634600000135 	69200124348 191011129692 571937 	69199552411 571937 0 0 0 	15613687 571937 0 	335.329 	3 	105
7653700000000 7653800000135 	69400124618 191576451201 571951 	69399552667 571951 0 0 0 	15614117 571951 0 	335.073 	3 	105
7672900000000 7673000000032 	69600124682 192141801948 571959 	69599552723 571959 0 0 0 	15614336 571959 0 	334.814 	3 	105
7692100000000 7692200000032 	69800124746 192707175662 571967 	69799552779 571967 0 0 0 	15614587 571967 0 	334.557 	3 	105
7711300000000 7711400000227 	70000125200 193272585065 571978 	69999553222 571978 0 0 0 	15615010 571978 0 	334.297 	3 	105
7730500000000 7730600000160 	70200125520 193838046200 571988 	70199553532 571988 0 0 0 	15615410 571988 0 	334.034 	3 	105
7749700000000 7749800000160 	70400125840 194403602546 571994 	70399553846 571994 0 0 0 	15615814 571994 0 	333.773 	3 	105
7768900000000 7769000000062 	70600125964 194969184688 572004 	70599553960 572004 0 0 0 	15615997 572004 0 	333.51 	3 	105
7788100000000 7788200000062 	70800126088 195534859684 572015 	70799554073 572015 0 0 0 	15616246 572015 0 	333.249 	3 	105
7807300000000 7807400000160 	71000126408 196100477702 572026 	70999554382 572026 0 0 0 	15616499 572026 0 	332.984 	3 	105
7826500000000 7826600000159 	71200126726 196666182790 572030 	71199554696 572030 0 0 0 	15616514 572030 0 	332.717 	3 	105
7845700000000 7845800000159 	71400127044 197231987081 572041 	71399555003 572041 0 0 0 	15616828 572041 0 	332.452 	3 	105
7864900000000 7865000000026 	71600127096 197797799284 572051 	71599555045 572051 0 0 0 	15617151 572051 0 	332.184 	3 	105
7884100000000 7884200000242 	71800127580 198363663073 572057 	71799555523 572057 0 0 0 	15617323 572057 0 	331.914 	3 	105
7903300000000 7903400000242 	72000128064 198929530306 572063 	71999556001 572063 0 0 0 	15617561 572063 0 	331.645 	3 	105
7922500000000 7922600000000 	72200128064 199495467808 572072 	72199555992 572072 0 0 0 	15617826 572072 0 	331.374 	3 	105
7941700000000 7941800000000 	72400128064 200061489032 572079 	72399555985 572079 0 0 0 	15618077 572079 0 	331.105 	3 	105
7960900000000 7961000000035 	72600128134 200627506884 572082 	72599556052 572082 0 0 0 	15618150 572082 0 	330.833 	3 	105
7980100000000 7980200000054 	72800128242 201193543623 572085 	72799556157 572085 0 0 0 	15618216 572085 0 	330.558 	3 	105
7999300000000 7999400000054 	73000128350 201759723663 572093 	72999556257 572093 0 0 0 	15618504 572093 0 	330.285 	3 	105
8018500000000 8018600000152 	73200128654 202326175879 605678 	73199522976 605678 0 0 0 	16585642 605678 0 	330.597 	3 	105
8037700000000 8037800000152 	73400128958 202892635764 638353 	73399490605 638353 0 0 0 	17521771 638353 0 	330.907 	3 	105
8056900000000 8057000000152 	73600129262 203459114217 670340 	73599458922 670340 0 0 0 	18447557 670340 0 	331.216 	3 	105
8076100000000 8076200000000 	73800129262 204025656398 701899 	73799427363 701899 0 0 0 	19357180 701899 0 	331.519 	3 	105
8095300000000 8095400000000 	74000129262 204592245973 733014 	73999396248 733014 0 0 0 	20256780 733014 0 	331.822 	3 	105
8114500000000 8114600000000 	74200129262 205158853327 763321 	74199365941 763321 0 0 0 	21128804 763321 0 	332.123 	3 	105
8133700000000 8133800000048 	74400129358 205725546309 793097 	74399336261 793097 0 0 0 	21984275 793097 0 	332.418 	3 	105
8152900000000 8153000000048 	74600129454 206292259456 822405 	74599307049 822405 0 0 0 	22829057 822405 0 	332.712 	3 	105
8172100000000 8172200000048 	74800129550 206859017611 850936 	74799278614 850936 0 0 0 	23642813 850936 0 	333.005 	3 	105
8191300000000 8191400000048 	75000129646 207425840094 879206 	74999250440 879206 0 0 0 	24461956 879206 0 	333.297 	3 	105
8210500000000 8210600000476 	75200130598 207992654745 906535 	75199224063 906535 0 0 0 	25246149 906535 0 	333.584 	3 	105
8229700000000 8229800000476 	75400131550 208559563060 933337 	75399198213 933337 0 0 0 	26025093 933337 0 	333.869 	3 	105
8248900000000 8249000000476 	75600132502 209126464060 959300 	75599173202 959300 0 0 0 	26764348 959300 0 	334.153 	3 	105
8268100000000 8268200000011 	75800132524 209693459001 985083 	75799147441 985083 0 0 0 	27510106 985083 0 	334.432 	3 	105
8287300000000 8287400000011 	76000132546 210260473196 1010313 	75999122233 1010313 0 0 0 	28236972 1010313 0 	334.711 	3 	105
8306500000000 8306600000011 	76200132568 210827488983 1035051 	76199097517 1035051 0 0 0 	28946946 1035051 0 	334.988 	3 	105
8325700000000 8325800000210 	76400132988 211394512403 1059245 	76399073743 1059245 0 0 0 	29636486 1059245 0 	335.259 	3 	105
8344900000000 8345000000210 	76600133408 211961603432 1083171 	76599050237 1083171 0 0 0 	30315648 1083171 0 	335.53 	3 	105
8364100000000 8364200000210 	76800133828 212528754068 1106404 	76799027424 1106404 0 0 0 	30978812 1106404 0 	335.799 	3 	105
8383300000000 8383400000381 	77000134590 213095882487 1129448 	76999005142 1129448 0 0 0 	31642842 1129448 0 	336.063 	3 	105
8402500000000 8402600000381 	77200135352 213663142182 1152165 	77198983187 1152165 0 0 0 	32298579 1152165 0 	336.326 	3 	105
8421700000000 8421800000200 	77400135752 214230186984 1152236 	77398983516 1152236 0 0 0 	32300666 1152236 0 	336.22 	3 	105
8440900000000 8441000000200 	77600136152 214797328714 1152317 	77598983835 1152317 0 0 0 	32302711 1152317 0 	336.116 	3 	105
8460100000000 8460200000251 	77800136654 215364503155 1152375 	77798984279 1152375 0 0 0 	32304240 1152375 0 	336.009 	3 	105
8479300000000 8479400000251 	78000137156 215931779069 1152438 	77998984718 1152438 0 0 0 	32305920 1152438 0 	335.902 	3 	105
8498500000000 8498600000197 	78200137550 216499047803 1152512 	78198985038 1152512 0 0 0 	32307921 1152512 0 	335.789 	3 	105
8517700000000 8517800000197 	78400137944 217066347890 1152591 	78398985353 1152591 0 0 0 	32309986 1152591 0 	335.678 	3 	105
8536900000000 8537000000048 	78600138040 217633717535 1152648 	78598985392 1152648 0 0 0 	32311485 1152648 0 	335.563 	3 	105
8556100000000 8556200000048 	78800138136 218201122627 1152720 	78798985416 1152720 0 0 0 	32313549 1152720 0 	335.449 	3 	105
8575300000000 8575400000280 	79000138696 218768508001 1152776 	78998985920 1152776 0 0 0 	32315164 1152776 0 	335.333 	3 	105
8594500000000 8594600000280 	79200139256 219336007614 1152844 	79198986412 1152844 0 0 0 	32316806 1152844 0 	335.217 	3 	105
8613700000000 8613800000021 	79400139298 219903534795 1152904 	79398986394 1152904 0 0 0 	32318337 1152904 0 	335.096 	3 	105
8632900000000 8633000000021 	79600139340 220471160712 1152975 	79598986365 1152975 0 0 0 	32320471 1152975 0 	334.975 	3 	105
8652100000000 8652200000072 	79800139484 221038781396 1153031 	79798986453 1153031 0 0 0 	32321780 1153031 0 	334.851 	3 	105
8671300000000 8671400000072 	80000139628 221606449814 1153078 	79998986550 1153078 0 0 0 	32323246 1153078 0 	334.728 	3 	105
8690500000000 8690600000113 	80200139854 222174175646 1153127 	80198986727 1153127 0 0 0 	32324681 1153127 0 	334.603 	3 	105
8709700000000 8709800000113 	80400140080 222741937457 1153186 	80398986894 1153186 0 0 0 	32326160 1153186 0 	334.478 	3 	105
8728900000000 8729000000069 	80600140218 223309723565 1153226 	80598986992 1153226 0 0 0 	32327366 1153226 0 	334.348 	3 	105
8748100000000 8748200000069 	80800140356 223877502235 1153276 	80798987080 1153276 0 0 0 	32328751 1153276 0 	334.218 	3 	105
8767300000000 8767400000224 	81000140804 224445311236 1153324 	80998987480 1153324 0 0 0 	32330016 1153324 0 	334.086 	3 	105
8786500000000 8786600000224 	81200141252 225013186341 1153363 	81198987889 1153363 0 0 0 	32330811 1153363 0 	333.954 	3 	105
8805700000000 8805800000271 	81400141794 225581144262 1153407 	81398988387 1153407 0 0 0 	32331876 1153407 0 	333.82 	3 	105
8824900000000 8825000000271 	81600142336 226149187883 1153451 	81598988885 1153451 0 0 0 	32333199 1153451 0 	333.686 	3 	105
8844100000000 8844200000271 	81800142878 226717229576 1153490 	81798989388 1153490 0 0 0 	32334358 1153490 0 	333.554 	3 	105
8863300000000 8863400000186 	82000143250 227285345573 1153529 	81998989721 1153529 0 0 0 	32335439 1153529 0 	333.418 	3 	105
8882500000000 8882600000186 	82200143622 227853472640 1153564 	82198990058 1153564 0 0 0 	32336782 1153564 0 	333.284 	3 	105
8901700000000 8901800000092 	82400143806 228421654107 1153596 	82398990210 1153596 0 0 0 	32337947 1153596 0 	333.144 	3 	105
8920900000000 8921000000092 	82600143990 228989837352 1153620 	82598990370 1153620 0 0 0 	32338672 1153620 0 	333.004 	3 	105
8940100000000 8940200000031 	82800144052 229558082845 1153665 	82798990387 1153665 0 0 0 	32339828 1153665 0 	332.862 	3 	105
8959300000000 8959400000031 	83000144114 230126367324 1153693 	82998990421 1153693 0 0 0 	32340686 1153693 0 	332.721 	3 	105
8978500000000 8978600000020 	83200144154 230694707644 1153735 	83198990419 1153735 0 0 0 	32342003 1153735 0 	332.577 	3 	105
8997700000000 8997800000020 	83400144194 231263053531 1153767 	83398990427 1153767 0 0 0 	32342818 1153767 0 	332.434 	3 	105
9016900000000 9017000000032 	83600144258 231831468463 1153796 	83598990462 1153796 0 0 0 	32343476 1153796 0 	332.289 	3 	105
9036100000000 9036200000032 	83800144322 232399872086 1153820 	83798990502 1153820 0 0 0 	32344398 1153820 0 	332.144 	3 	105
9055300000000 9055400000040 	84000144402 232968348820 1153850 	83998990552 1153850 0 0 0 	32345348 1153850 0 	331.997 	3 	105
9074500000000 9074600000040 	84200144482 233536876375 1153882 	84198990600 1153882 0 0 0 	32346318 1153882 0 	331.85 	3 	105
9093700000000 9093800000214 	84400144910 234105412034 1153909 	84398991001 1153909 0 0 0 	32347290 1153909 0 	331.698 	3 	105
9112900000000 9113000000214 	84600145338 234674028036 1153942 	84598991396 1153942 0 0 0 	32348076 1153942 0 	331.547 	3 	105
9132100000000 9132200000047 	84800145432 235242615690 1153968 	84798991464 1153968 0 0 0 	32348662 1153968 0 	331.393 	3 	105
9151300000000 9151400000047 	85000145526 235811350585 1153989 	84998991537 1153989 0 0 0 	32349308 1153989 0 	331.24 	3 	105
9170500000000 9170600000044 	85200145614 236380065739 1154012 	85198991602 1154012 0 0 0 	32350032 1154012 0 	331.084 	3 	105
9189700000000 9189800000044 	85400145702 236948790158 1154029 	85398991673 1154029 0 0 0 	32350863 1154029 0 	330.929 	3 	105
9208900000000 9209000000175 	85600146052 237517597373 1154043 	85598992009 1154043 0 0 0 	32351262 1154043 0 	330.772 	3 	105
9228100000000 9228200000175 	85800146402 238086392952 1154066 	85798992336 1154066 0 0 0 	32351938 1154066 0 	330.616 	3 	105
9247300000000 9247400000136 	86000146674 238655275283 1154079 	85998992595 1154079 0 0 0 	32352275 1154079 0 	330.457 	3 	105
9266500000000 9266600000136 	86200146946 239224151362 1154108 	86198992838 1154108 0 0 0 	32353115 1154108 0 	330.299 	3 	105
9285700000000 9285800000173 	86400147292 239793124637 1154128 	86398993164 1154128 0 0 0 	32353739 1154128 0 	330.139 	3 	105
9304900000000 9305000000173 	86600147638 240362142933 1154150 	86598993488 1154150 0 0 0 	32354306 1154150 0 	329.979 	3 	105
9324100000000 9324200000084 	86800147806 240931194936 1154159 	86798993647 1154159 0 0 0 	32354543 1154159 0 	329.814 	3 	105
9343300000000 9343400000084 	87000147974 241500195096 1154176 	86998993798 1154176 0 0 0 	32354998 1154176 0 	329.649 	3 	105
9362500000000 9362600000170 	87200148314 242069303591 1154190 	87198994124 1154190 0 0 0 	32355327 1154190 0 	329.483 	3 	105
9381700000000 9381800000170 	87400148654 242638414428 1154211 	87398994443 1154211 0 0 0 	32355809 1154211 0 	329.317 	3 	105
9400900000000 9401000000212 	87600149078 243207696468 1154223 	87598994855 1154223 0 0 0 	32356193 1154223 0 	329.148 	3 	105
9420100000000 9420200000212 	87800149502 243776977026 1154240 	87798995262 1154240 0 0 0 	32356481 1154240 0 	328.98 	3 	105
9439300000000 9439400000180 	88000149862 244346279141 1154254 	87998995608 1154254 0 0 0 	32357162 1154254 0 	328.81 	3 	105
9458500000000 9458600000180 	88200150222 244915597474 1154261 	88198995961 1154261 0 0 0 	32357274 1154261 0 	328.641 	3 	105
9477700000000 9477800000044 	88400150310 245484971310 1154268 	88398996042 1154268 0 0 0 	32357393 1154268 0 	328.47 	3 	105
9496900000000 9497000000044 	88600150398 246054341414 1154273 	88598996125 1154273 0 0 0 	32357596 1154273 0 	328.299 	3 	105
9516100000000 9516200000040 	88800150478 246623759514 1154292 	88798996186 1154292 0 0 0 	32358039 1154292 0 	328.126 	3 	105
9535300000000 9535400000040 	89000150558 247193234601 1154308 	88998996250 1154308 0 0 0 	32358420 1154308 0 	327.954 	3 	105
9554500000000 9554600000135 	89200150828 247762757777 1154319 	89198996509 1154319 0 0 0 	32358762 1154319 0 	327.779 	3 	105
9573700000000 9573800000135 	89400151098 248332305249 1154335 	89398996763 1154335 0 0 0 	32359161 1154335 0 	327.606 	3 	105
9592900000000 9593000000032 	89600151162 248901930038 1154343 	89598996819 1154343 0 0 0 	32359434 1154343 0 	327.43 	3 	105
9612100000000 9612200000032 	89800151226 249471536967 1154351 	89798996875 1154351 0 0 0 	32359591 1154351 0 	327.255 	3 	105
9631300000000 9631400000227 	90000151680 250041209532 1154360 	89998997320 1154360 0 0 0 	32359803 1154360 0 	327.077 	3 	105
9650500000000 9650600000227 	90200152134 250610949728 1154370 	90198997764 1154370 0 0 0 	32360254 1154370 0 	326.9 	3 	105
9669700000000 9669800000160 	90400152454 251180641379 1154386 	90398998068 1154386 0 0 0 	32360639 1154386 0 	326.721 	3 	105
9688900000000 9689000000160 	90600152774 251750393058 1154392 	90598998382 1154392 0 0 0 	32360803 1154392 0 	326.543 	3 	105
9708100000000 9708200000062 	90800152898 252320169990 1154401 	90798998497 1154401 0 0 0 	32361051 1154401 0 	326.363 	3 	105
9727300000000 9727400000062 	91000153022 252890010687 1154405 	90998998617 1154405 0 0 0 	32361124 1154405 0 	326.183 	3 	105
9746500000000 9746600000160 	91200153342 253459907594 1154410 	91198998932 1154410 0 0 0 	32361231 1154410 0 	326.001 	3 	105
9765700000000 9765800000160 	91400153662 254029779678 1154417 	91398999245 1154417 0 0 0 	32361322 1154417 0 	325.82 	3 	105
9784900000000 9785000000159 	91600153980 254599746111 1154425 	91598999555 1154425 0 0 0 	32361480 1154425 0 	325.637 	3 	105
9804100000000 9804200000159 	91800154298 255169765684 1154435 	91798999863 1154435 0 0 0 	32361780 1154435 0 	325.454 	3 	105
9823300000000 9823400000026 	92000154350 255739839648 1154440 	91998999910 1154440 0 0 0 	32361883 1154440 0 	325.269 	3 	105
9842500000000 9842600000026 	92200154402 256309913093 1154445 	92198999957 1154445 0 0 0 	32362024 1154445 0 	325.086 	3 	105
9861700000000 9861800000242 	92400154886 256880041078 1154452 	92399000434 1154452 0 0 0 	32362254 1154452 0 	324.899 	3 	105
9880900000000 9881000000242 	92600155370 257450175732 1154456 	92599000914 1154456 0 0 0 	32362385 1154456 0 	324.714 	3 	105
9900100000000 9900200000000 	92800155370 258020308064 1154465 	92799000905 1154465 0 0 0 	32362637 1154465 0 	324.526 	3 	105
9919300000000 9919400000000 	93000155370 258590530129 1154469 	92999000901 1154469 0 0 0 	32362686 1154469 0 	324.34 	3 	105
9938500000000 9938600000035 	93200155440 259160761586 1154480 	93199000960 1154480 0 0 0 	32363034 1154480 0 	324.15 	3 	105
9957700000000 9957800000035 	93400155510 259731042061 1154487 	93399001023 1154487 0 0 0 	32363245 1154487 0 	323.962 	3 	105
9976900000000 9977000000054 	93600155618 260301302748 1154495 	93599001123 1154495 0 0 0 	32363399 1154495 0 	323.772 	3 	105
9996100000000 9996200000054 	93800155726 260871622219 1154500 	93799001226 1154500 0 0 0 	32363468 1154500 0 	323.582 	3 	105
