1012600000000 1012700000227 	200000454 526754237 1 	200000453 1 0 0 0 	50 1 0 	263 	3 	126
1031800000000 1031900000026 	400000506 1053854553 3 	400000503 3 0 0 0 	95 3 0 	260.476 	3 	126
1051000000000 1051100000152 	600000810 1581469509 17070 	599983740 17070 0 0 0 	459358 17070 0 	310.483 	3 	126
1070200000000 1070300000048 	800000906 2109420339 31332 	799969574 31332 0 0 0 	843546 31332 0 	342.51 	3 	126
1089400000000 1089500000011 	1000000928 2637643198 43250 	999957678 43250 0 0 0 	1160451 43250 0 	364.339 	3 	126
1108600000000 1108700000468 	1200001864 3166155305 53565 	1199948299 53565 0 0 0 	1435705 53565 0 	379.374 	3 	126
1127800000000 1127900000365 	1400002594 3694997872 62114 	1399940480 62114 0 0 0 	1664199 62114 0 	390.218 	3 	126
1147000000000 1147100000069 	1600002732 4224137014 62125 	1599940607 62125 0 0 0 	1664424 62125 0 	373.851 	3 	126
1166200000000 1166300000092 	1800002916 4753564847 62138 	1799940778 62138 0 0 0 	1664718 62138 0 	361.155 	3 	126
1185400000000 1185500000040 	2000002996 5283348320 62148 	1999940848 62148 0 0 0 	1664892 62148 0 	350.983 	3 	126
1204600000000 1204700000044 	2200003084 5813431225 62156 	2199940928 62156 0 0 0 	1665177 62156 0 	342.523 	3 	126
1223800000000 1223900000084 	2400003252 6343803632 62164 	2399941088 62164 0 0 0 	1665411 62164 0 	335.152 	3 	126
1243000000000 1243100000044 	2600003340 6874473802 62169 	2599941171 62169 0 0 0 	1665589 62169 0 	328.698 	3 	126
1262200000000 1262300000227 	2800003794 7405436730 62171 	2799941623 62171 0 0 0 	1665663 62171 0 	322.936 	3 	126
1281400000000 1281500000159 	3000004112 7936693767 62176 	2999941936 62176 0 0 0 	1665772 62176 0 	317.707 	3 	126
1300600000000 1300700000000 	3200004112 8468163564 62179 	3199941933 62179 0 0 0 	1665858 62179 0 	312.992 	3 	126
1319800000000 1319900000152 	3400004416 9000083359 79691 	3399924725 79691 0 0 0 	2142978 79691 0 	320.129 	3 	126
1339000000000 1339100000048 	3600004512 9532256602 95098 	3599909414 95098 0 0 0 	2552381 95098 0 	326.562 	3 	126
1358200000000 1358300000011 	3800004534 10064715571 108559 	3799895975 108559 0 0 0 	2919312 108559 0 	332.373 	3 	126
1377400000000 1377500000381 	4000005296 10597489343 120253 	3999885043 120253 0 0 0 	3235118 120253 0 	337.588 	3 	126
1396600000000 1396700000254 	4200005804 11130432854 130532 	4199875272 130532 0 0 0 	3512425 130532 0 	342.279 	3 	126
1415800000000 1415900000368 	4400006540 11663611416 139485 	4399867055 139485 0 0 0 	3755112 139485 0 	346.51 	3 	126
1435000000000 1435100000120 	4600006780 12197080618 147337 	4599859443 147337 0 0 0 	3971542 147337 0 	350.292 	3 	126
1454200000000 1454300000355 	4800007490 12730797717 154314 	4799853176 154314 0 0 0 	4161257 154314 0 	353.684 	3 	126
1473400000000 1473500000230 	5000007950 13264726910 160346 	4999847604 160346 0 0 0 	4320523 160346 0 	356.763 	3 	126
1492600000000 1492700000400 	5200008750 13798883136 165544 	5199843206 165544 0 0 0 	4463902 165544 0 	359.505 	3 	126
1511800000000 1511900000249 	5400009248 14333319216 170241 	5399839007 170241 0 0 0 	4588180 170241 0 	361.932 	3 	126
1531000000000 1531100000110 	5600009468 14867969637 174209 	5599835259 174209 0 0 0 	4698656 174209 0 	364.091 	3 	126
1550200000000 1550300000060 	5800009588 15402835907 177642 	5799831946 177642 0 0 0 	4790448 177642 0 	365.976 	3 	126
1569400000000 1569500000074 	6000009736 15937940390 180750 	5999828986 180750 0 0 0 	4875568 180750 0 	367.603 	3 	126
1588600000000 1588700000160 	6200010056 16473264289 180753 	6199829303 180753 0 0 0 	4875607 180753 0 	362.884 	3 	126
1607800000000 1607900000159 	6400010374 17008765328 180757 	6399829617 180757 0 0 0 	4875730 180757 0 	358.392 	3 	126
1627000000000 1627100000035 	6600010444 17544515421 180761 	6599829683 180761 0 0 0 	4875820 180761 0 	354.042 	3 	126
1646200000000 1646300000152 	6800010748 18080653572 200431 	6799810317 200431 0 0 0 	5405209 200431 0 	357.168 	3 	126
1665400000000 1665500000048 	7000010844 18616959649 218102 	6999792742 218102 0 0 0 	5879029 218102 0 	360.047 	3 	126
1684600000000 1684700000476 	7200011796 19153492742 233815 	7199777981 233815 0 0 0 	6307238 233815 0 	362.75 	3 	126
1703800000000 1703900000210 	7400012216 19690263099 248043 	7399764173 248043 0 0 0 	6698231 248043 0 	365.238 	3 	126
1723000000000 1723100000381 	7600012978 20227220994 260632 	7599752346 260632 0 0 0 	7041254 260632 0 	367.566 	3 	126
1742200000000 1742300000254 	7800013486 20764402566 272155 	7799741331 272155 0 0 0 	7356017 272155 0 	369.694 	3 	126
1761400000000 1761500000365 	8000014216 21301785829 282488 	7999731728 282488 0 0 0 	7639340 282488 0 	371.693 	3 	126
1780600000000 1780700000352 	8200014920 21839334729 291720 	8199723200 291720 0 0 0 	7891164 291720 0 	373.505 	3 	126
1799800000000 1799900000120 	8400015160 22377059968 300035 	8399715125 300035 0 0 0 	8116564 300035 0 	375.201 	3 	126
1819000000000 1819100000355 	8600015870 22915031416 307510 	8599708360 307510 0 0 0 	8320887 307510 0 	376.737 	3 	126
1838200000000 1838300000230 	8800016330 23453167768 314406 	8799701924 314406 0 0 0 	8510763 314406 0 	378.152 	3 	126
1857400000000 1857500000400 	9000017130 23991599580 320504 	8999696626 320504 0 0 0 	8678816 320504 0 	379.419 	3 	126
1876600000000 1876700000290 	9200017710 24530122795 325832 	9199691878 325832 0 0 0 	8821996 325832 0 	380.59 	3 	126
1895800000000 1895900000088 	9400017886 25068804816 330662 	9399687224 330662 0 0 0 	8952980 330662 0 	381.622 	3 	126
1915000000000 1915100000110 	9600018106 25607704130 335027 	9599683079 335027 0 0 0 	9071899 335027 0 	382.584 	3 	126
1934200000000 1934300000060 	9800018226 26146832522 338941 	9799679285 338941 0 0 0 	9178502 338941 0 	383.415 	3 	126
1953400000000 1953500000375 	10000018976 26686115715 342561 	9999676415 342561 0 0 0 	9276066 342561 0 	384.166 	3 	126
1972600000000 1972700000320 	10200019616 27225542919 345786 	10199673830 345786 0 0 0 	9362046 345786 0 	384.81 	3 	126
1991800000000 1991900000353 	10400020322 27765183246 348708 	10399671614 348708 0 0 0 	9440102 348708 0 	385.382 	3 	126
2011000000000 2011100000228 	10600020778 28305040075 351259 	10599669519 351259 0 0 0 	9511313 351259 0 	385.853 	3 	126
2030200000000 2030300000091 	10800020960 28845103418 353673 	10799667287 353673 0 0 0 	9580081 353673 0 	386.257 	3 	126
2049400000000 2049500000100 	11000021160 29385309105 355841 	10999665319 355841 0 0 0 	9639316 355841 0 	386.566 	3 	126
2068600000000 2068700000314 	11200021788 29925701759 357750 	11199664038 357750 0 0 0 	9689186 357750 0 	386.831 	3 	126
2087800000000 2087900000330 	11400022448 30466278953 359495 	11399662953 359495 0 0 0 	9735665 359495 0 	387.005 	3 	126
2107000000000 2107100000352 	11600023152 31006993769 361117 	11599662035 361117 0 0 0 	9779959 361117 0 	387.124 	3 	126
2126200000000 2126300000290 	11800023732 31547865434 362524 	11799661208 362524 0 0 0 	9818392 362524 0 	387.172 	3 	126
2145400000000 2145500000026 	12000023784 32088957931 363817 	11999659967 363817 0 0 0 	9852778 363817 0 	387.169 	3 	126
2164600000000 2164700000151 	12200024086 32630212798 364933 	12199659153 364933 0 0 0 	9884269 364933 0 	387.1 	3 	126
2183800000000 2183900000308 	12400024702 33171596417 365908 	12399658794 365908 0 0 0 	9911900 365908 0 	387 	3 	126
2203000000000 2203100000208 	12600025118 33713140000 366852 	12599658266 366852 0 0 0 	9939314 366852 0 	386.821 	3 	126
2222200000000 2222300000368 	12800025854 34254971022 376965 	12799648889 376965 0 0 0 	10216962 376965 0 	387.872 	3 	126
2241400000000 2241500000120 	13000026094 34796891213 386380 	12999639714 386380 0 0 0 	10474415 386380 0 	388.821 	3 	126
2260600000000 2260700000178 	13200026450 35338930194 395089 	13199631361 395089 0 0 0 	10715279 395089 0 	389.713 	3 	126
2279800000000 2279900000355 	13400027160 35881182040 403116 	13399624044 403116 0 0 0 	10937472 403116 0 	390.549 	3 	126
2299000000000 2299100000230 	13600027620 36423637466 410380 	13599617240 410380 0 0 0 	11142722 410380 0 	391.32 	3 	126
2318200000000 2318300000320 	13800028260 36966192810 417014 	13799611246 417014 0 0 0 	11325405 417014 0 	392.039 	3 	126
2337400000000 2337500000290 	14000028840 37508884816 423477 	13999605363 423477 0 0 0 	11501648 423477 0 	392.673 	3 	126
2356600000000 2356700000249 	14200029338 38051786143 429026 	14199600312 429026 0 0 0 	11650427 429026 0 	393.258 	3 	126
2375800000000 2375900000088 	14400029514 38594803539 434250 	14399595264 434250 0 0 0 	11795574 434250 0 	393.794 	3 	126
2395000000000 2395100000110 	14600029734 39138046821 439068 	14599590666 439068 0 0 0 	11928397 439068 0 	394.294 	3 	126
2414200000000 2414300000189 	14800030112 39681406876 443562 	14799586550 443562 0 0 0 	12051984 443562 0 	394.749 	3 	126
2433400000000 2433500000375 	15000030862 40224890248 447685 	14999583177 447685 0 0 0 	12166322 447685 0 	395.124 	3 	126
2452600000000 2452700000074 	15200031010 40768511674 451376 	15199579634 451376 0 0 0 	12270568 451376 0 	395.455 	3 	126
2471800000000 2471900000320 	15400031650 41312331321 454852 	15399576798 454852 0 0 0 	12363051 454852 0 	395.755 	3 	126
2491000000000 2491100000353 	15600032356 41856194773 458066 	15599574290 458066 0 0 0 	12453206 458066 0 	396.014 	3 	126
2510200000000 2510300000044 	15800032444 42400232230 461029 	15799571415 461029 0 0 0 	12533446 461029 0 	396.232 	3 	126
2529400000000 2529500000091 	16000032626 42944389371 463737 	15999568889 463737 0 0 0 	12607867 463737 0 	396.387 	3 	126
2548600000000 2548700000307 	16200033240 43488708213 466155 	16199567085 466155 0 0 0 	12673439 466155 0 	396.514 	3 	126
2567800000000 2567900000100 	16400033440 44033233488 468394 	16399565046 468394 0 0 0 	12735689 468394 0 	396.604 	3 	126
2587000000000 2587100000314 	16600034068 44577912396 470506 	16599563562 470506 0 0 0 	12793060 470506 0 	396.668 	3 	126
2606200000000 2606300000330 	16800034728 45122619759 472503 	16799562225 472503 0 0 0 	12849079 472503 0 	396.672 	3 	126
2625400000000 2625500000352 	17000035432 45667541509 474222 	16999561210 474222 0 0 0 	12897350 474222 0 	396.64 	3 	126
2644600000000 2644700000376 	17200036184 46212619435 475798 	17199560386 475798 0 0 0 	12941035 475798 0 	396.586 	3 	126
2663800000000 2663900000290 	17400036764 46757844107 477275 	17399559489 477275 0 0 0 	12981589 477275 0 	396.509 	3 	126
2683000000000 2683100000026 	17600036816 47303179566 478620 	17599558196 478620 0 0 0 	13018070 478620 0 	396.398 	3 	126
2702200000000 2702300000151 	17800037118 47848635458 479877 	17799557241 479877 0 0 0 	13054128 479877 0 	396.242 	3 	126
2721400000000 2721500000308 	18000037734 48394191805 481028 	17999556706 481028 0 0 0 	13085848 481028 0 	396.066 	3 	126
2740600000000 2740700000278 	18200038290 48939904892 482113 	18199556177 482113 0 0 0 	13115447 482113 0 	395.858 	3 	126
2759800000000 2759900000208 	18400038706 49485741617 483081 	18399555625 483081 0 0 0 	13142189 483081 0 	395.631 	3 	126
2779000000000 2779100000120 	18600038946 50031680294 483979 	18599554967 483979 0 0 0 	13166585 483979 0 	395.385 	3 	126
2798200000000 2798300000270 	18800039486 50577814365 484870 	18799554616 484870 0 0 0 	13190138 484870 0 	395.097 	3 	126
2817400000000 2817500000320 	19000040126 51124043388 485613 	18999554513 485613 0 0 0 	13210973 485613 0 	394.791 	3 	126
2836600000000 2836700000350 	19200040826 51670460469 486358 	19199554468 486358 0 0 0 	13231743 486358 0 	394.468 	3 	126
2855800000000 2855900000264 	19400041354 52216977088 486975 	19399554379 486975 0 0 0 	13249227 486975 0 	394.128 	3 	126
2875000000000 2875100000328 	19600042010 52763607752 487591 	19599554419 487591 0 0 0 	13266868 487591 0 	393.771 	3 	126
2894200000000 2894300000140 	19800042290 53310371324 488126 	19799554164 488126 0 0 0 	13281476 488126 0 	393.374 	3 	126
2913400000000 2913500000044 	20000042378 53857273782 488630 	19999553748 488630 0 0 0 	13295512 488630 0 	392.962 	3 	126
2932600000000 2932700000044 	20200042466 54404330976 489105 	20199553361 489105 0 0 0 	13309430 489105 0 	392.534 	3 	126
2951800000000 2951900000032 	20400042530 54951428761 489538 	20399552992 489538 0 0 0 	13321503 489538 0 	392.091 	3 	126
2971000000000 2971100000250 	20600043030 55498640045 489938 	20599553092 489938 0 0 0 	13332138 489938 0 	391.634 	3 	126
2990200000000 2990300000228 	20800043486 56045978874 490309 	20799553177 490309 0 0 0 	13342785 490309 0 	391.138 	3 	126
3009400000000 3009500000112 	21000043710 56593476232 490630 	20999553080 490630 0 0 0 	13351745 490630 0 	390.628 	3 	126
3028600000000 3028700000278 	21200044266 57141042490 490973 	21199553293 490973 0 0 0 	13361374 490973 0 	390.117 	3 	126
3047800000000 3047900000296 	21400044858 57688766939 491266 	21399553592 491266 0 0 0 	13368406 491266 0 	389.593 	3 	126
3067000000000 3067100000032 	21600044922 58236633390 491517 	21599553405 491517 0 0 0 	13375658 491517 0 	389.03 	3 	126
3086200000000 3086300000320 	21800045562 58784603412 495308 	21799550254 495308 0 0 0 	13480455 495308 0 	389.294 	3 	126
3105400000000 3105500000353 	22000046268 59332693157 499032 	21999547236 499032 0 0 0 	13581682 499032 0 	389.529 	3 	126
3124600000000 3124700000044 	22200046356 59880967384 502364 	22199543992 502364 0 0 0 	13674629 502364 0 	389.737 	3 	126
3143800000000 3143900000228 	22400046812 60429338051 505578 	22399541234 505578 0 0 0 	13761671 505578 0 	389.925 	3 	126
3163000000000 3163100000091 	22600046994 60977835040 508528 	22599538466 508528 0 0 0 	13842544 508528 0 	390.086 	3 	126
3182200000000 3182300000307 	22800047608 61526398176 511326 	22799536282 511326 0 0 0 	13922096 511326 0 	390.228 	3 	126
3201400000000 3201500000100 	23000047808 62075108759 513927 	22999533881 513927 0 0 0 	13995492 513927 0 	390.344 	3 	126
3220600000000 3220700000314 	23200048436 62623908600 516408 	23199532028 516408 0 0 0 	14064844 516408 0 	390.441 	3 	126
3239800000000 3239900000173 	23400048782 63172835418 518544 	23399530238 518544 0 0 0 	14124123 518544 0 	390.513 	3 	126
3259000000000 3259100000330 	23600049442 63721829279 520675 	23599528767 520675 0 0 0 	14184452 520675 0 	390.567 	3 	126
3278200000000 3278300000352 	23800050146 64270954357 522684 	23799527462 522684 0 0 0 	14241193 522684 0 	390.596 	3 	126
3297400000000 3297500000376 	24000050898 64820240684 524536 	23999526362 524536 0 0 0 	14293251 524536 0 	390.607 	3 	126
3316600000000 3316700000376 	24200051650 65369612117 526301 	24199525349 526301 0 0 0 	14341919 526301 0 	390.619 	3 	126
3335800000000 3335900000290 	24400052230 65919081375 527888 	24399524342 527888 0 0 0 	14385499 527888 0 	390.614 	3 	126
3355000000000 3355100000026 	24600052282 66468629178 529437 	24599522845 529437 0 0 0 	14432053 529437 0 	390.584 	3 	126
3374200000000 3374300000285 	24800052852 67018282623 530936 	24799521916 530936 0 0 0 	14473150 530936 0 	390.538 	3 	126
3393400000000 3393500000151 	25000053154 67567966971 532309 	24999520845 532309 0 0 0 	14512447 532309 0 	390.477 	3 	126
3412600000000 3412700000308 	25200053770 68117849346 533522 	25199520248 533522 0 0 0 	14546304 533522 0 	390.4 	3 	126
3431800000000 3431900000278 	25400054326 68667901098 534676 	25399519650 534676 0 0 0 	14577999 534676 0 	390.299 	3 	126
3451000000000 3451100000208 	25600054742 69217945246 535739 	25599519003 535739 0 0 0 	14607326 535739 0 	390.183 	3 	126
3470200000000 3470300000120 	25800054982 69768194966 536785 	25799518197 536785 0 0 0 	14637493 536785 0 	390.052 	3 	126
3489400000000 3489500000296 	26000055574 70318480256 537701 	25999517873 537701 0 0 0 	14662626 537701 0 	389.907 	3 	126
3508600000000 3508700000270 	26200056114 70868883607 538600 	26199517514 538600 0 0 0 	14687726 538600 0 	389.747 	3 	126
3527800000000 3527900000320 	26400056754 71419374848 539461 	26399517293 539461 0 0 0 	14712118 539461 0 	389.572 	3 	126
3547000000000 3547100000350 	26600057454 71969993669 540264 	26599517190 540264 0 0 0 	14734927 540264 0 	389.384 	3 	126
3566200000000 3566300000264 	26800057982 72520743695 541010 	26799516972 541010 0 0 0 	14756616 541010 0 	389.181 	3 	126
3585400000000 3585500000328 	27000058638 73071569397 541668 	26999516970 541668 0 0 0 	14776638 541668 0 	388.965 	3 	126
3604600000000 3604700000080 	27200058798 73622509525 542254 	27199516544 542254 0 0 0 	14791504 542254 0 	388.735 	3 	126
3623800000000 3623900000140 	27400059078 74173508305 542834 	27399516244 542834 0 0 0 	14807755 542834 0 	388.491 	3 	126
3643000000000 3643100000044 	27600059166 74724664211 543424 	27599515742 543424 0 0 0 	14824555 543424 0 	388.235 	3 	126
3662200000000 3662300000044 	27800059254 75275878490 543940 	27799515314 543940 0 0 0 	14838148 543940 0 	387.965 	3 	126
3681400000000 3681500000032 	28000059318 75827204040 544444 	27999514874 544444 0 0 0 	14851114 544444 0 	387.682 	3 	126
3700600000000 3700700000250 	28200059818 76378694733 544932 	28199514886 544932 0 0 0 	14864087 544932 0 	387.386 	3 	126
3719800000000 3719900000236 	28400060290 76930221958 545354 	28399514936 545354 0 0 0 	14876533 545354 0 	387.077 	3 	126
3739000000000 3739100000228 	28600060746 77481857476 545770 	28599514976 545770 0 0 0 	14888122 545770 0 	386.756 	3 	126
3758200000000 3758300000112 	28800060970 78033628893 546180 	28799514790 546180 0 0 0 	14899321 546180 0 	386.423 	3 	126
3777400000000 3777500000278 	29000061526 78585494976 546549 	28999514977 546549 0 0 0 	14909819 546549 0 	386.086 	3 	126
3796600000000 3796700000296 	29200062118 79137434576 546906 	29199515212 546906 0 0 0 	14919366 546906 0 	385.736 	3 	126
3815800000000 3815900000254 	29400062626 79689452488 547202 	29399515424 547202 0 0 0 	14928192 547202 0 	385.375 	3 	126
3835000000000 3835100000032 	29600062690 80241592603 547490 	29599515200 547490 0 0 0 	14937166 547490 0 	385.001 	3 	126
3854200000000 3854300000320 	29800063330 80793794644 547772 	29799515558 547772 0 0 0 	14945371 547772 0 	384.625 	3 	126
3873400000000 3873500000268 	30000063866 81346136266 548045 	29999515821 548045 0 0 0 	14953402 548045 0 	384.237 	3 	126
3892600000000 3892700000184 	30200064234 81898523211 548293 	30199515941 548293 0 0 0 	14960483 548293 0 	383.854 	3 	126
3911800000000 3911900000060 	30400064354 82451019364 548543 	30399515811 548543 0 0 0 	14967400 548543 0 	383.46 	3 	126
3931000000000 3931100000230 	30600064814 83003598847 548749 	30599516065 548749 0 0 0 	14973613 548749 0 	383.054 	3 	126
3950200000000 3950300000208 	30800065230 83556272304 548929 	30799516301 548929 0 0 0 	14977976 548929 0 	382.646 	3 	126
3969400000000 3969500000197 	31000065624 84109012513 549106 	30999516518 549106 0 0 0 	14983078 549106 0 	382.226 	3 	126
3988600000000 3988700000174 	31200065972 84661849688 549301 	31199516671 549301 0 0 0 	14989044 549301 0 	381.804 	3 	126
4007800000000 4007900000008 	31400065988 85214862821 549458 	31399516530 549458 0 0 0 	14993502 549458 0 	381.371 	3 	126
4027000000000 4027100000320 	31600066628 85767940557 549606 	31599517022 549606 0 0 0 	14997354 549606 0 	380.926 	3 	126
4046200000000 4046300000167 	31800066962 86321042294 549751 	31799517211 549751 0 0 0 	15000894 549751 0 	380.48 	3 	126
4065400000000 4065500000120 	32000067202 86874263319 549884 	31999517318 549884 0 0 0 	15004721 549884 0 	380.022 	3 	126
4084600000000 4084700000188 	32200067578 87427528086 550007 	32199517571 550007 0 0 0 	15007742 550007 0 	379.562 	3 	126
4103800000000 4103900000096 	32400067770 87980943261 550137 	32399517633 550137 0 0 0 	15011551 550137 0 	379.091 	3 	126
4123000000000 4123100000215 	32600068200 88534425114 550255 	32599517945 550255 0 0 0 	15015226 550255 0 	378.619 	3 	126
4142200000000 4142300000057 	32800068314 89088004739 550363 	32799517951 550363 0 0 0 	15018401 550363 0 	378.135 	3 	126
4161400000000 4161500000056 	33000068426 89641729553 550461 	32999517965 550461 0 0 0 	15021013 550461 0 	377.65 	3 	126
4180600000000 4180700000110 	33200068646 90195470145 550532 	33199518114 550532 0 0 0 	15023348 550532 0 	377.154 	3 	126
4199800000000 4199900000125 	33400068896 90749362743 550620 	33399518276 550620 0 0 0 	15025960 550620 0 	376.657 	3 	126
4219000000000 4219100000031 	33600068958 91303365489 550703 	33599518255 550703 0 0 0 	15027940 550703 0 	376.149 	3 	126
4238200000000 4238300000188 	33800069334 91857426606 550776 	33799518558 550776 0 0 0 	15030586 550776 0 	375.639 	3 	126
4257400000000 4257500000192 	34000069718 92411522814 550848 	33999518870 550848 0 0 0 	15032464 550848 0 	375.119 	3 	126
4276600000000 4276700000302 	34200070322 92965656586 550922 	34199519400 550922 0 0 0 	15034619 550922 0 	374.598 	3 	126
4295800000000 4295900000052 	34400070426 93519963585 550965 	34399519461 550965 0 0 0 	15035690 550965 0 	374.075 	3 	126
4315000000000 4315100000208 	34600070842 94074287042 552169 	34599518673 552169 0 0 0 	15068876 552169 0 	374.086 	3 	126
4334200000000 4334300000120 	34800071082 94628763617 553306 	34799517776 553306 0 0 0 	15101378 553306 0 	374.086 	3 	126
4353400000000 4353500000296 	35000071674 95183300404 554470 	34999517204 554470 0 0 0 	15135385 554470 0 	374.074 	3 	126
4372600000000 4372700000270 	35200072214 95737965996 555509 	35199516705 555509 0 0 0 	15165734 555509 0 	374.05 	3 	126
4391800000000 4391900000270 	35400072754 96292706248 556492 	35399516262 556492 0 0 0 	15195454 556492 0 	374.027 	3 	126
4411000000000 4411100000320 	35600073394 96847497461 557421 	35599515973 557421 0 0 0 	15221724 557421 0 	373.993 	3 	126
4430200000000 4430300000350 	35800074094 97402346374 558296 	35799515798 558296 0 0 0 	15246941 558296 0 	373.947 	3 	126
4449400000000 4449500000264 	36000074622 97957307187 559092 	35999515530 559092 0 0 0 	15270414 559092 0 	373.89 	3 	126
4468600000000 4468700000146 	36200074914 98512329950 559877 	36199515037 559877 0 0 0 	15292547 559877 0 	373.83 	3 	126
4487800000000 4487900000328 	36400075570 99067480761 560621 	36399514949 560621 0 0 0 	15313685 560621 0 	373.762 	3 	126
4507000000000 4507100000080 	36600075730 99622684520 561340 	36599514390 561340 0 0 0 	15335041 561340 0 	373.684 	3 	126
4526200000000 4526300000140 	36800076010 100177971847 561998 	36799514012 561998 0 0 0 	15352783 561998 0 	373.595 	3 	126
4545400000000 4545500000044 	37000076098 100733309251 562633 	36999513465 562633 0 0 0 	15370275 562633 0 	373.496 	3 	126
4564600000000 4564700000044 	37200076186 101288794236 563244 	37199512942 563244 0 0 0 	15387269 563244 0 	373.397 	3 	126
4583800000000 4583900000044 	37400076274 101844304621 563842 	37399512432 563842 0 0 0 	15403262 563842 0 	373.288 	3 	126
4603000000000 4603100000032 	37600076338 102399899328 564389 	37599511949 564389 0 0 0 	15418832 564389 0 	373.168 	3 	126
4622200000000 4622300000250 	37800076838 102955608607 564967 	37799511871 564967 0 0 0 	15434770 564967 0 	373.037 	3 	126
4641400000000 4641500000250 	38000077338 103511311708 565460 	37999511878 565460 0 0 0 	15447637 565460 0 	372.908 	3 	126
4660600000000 4660700000236 	38200077810 104067128933 565926 	38199511884 565926 0 0 0 	15459534 565926 0 	372.768 	3 	126
4679800000000 4679900000228 	38400078266 104623044705 566378 	38399511888 566378 0 0 0 	15472410 566378 0 	372.618 	3 	126
4699000000000 4699100000112 	38600078490 105179012937 566760 	38599511730 566760 0 0 0 	15483018 566760 0 	372.457 	3 	126
4718200000000 4718300000278 	38800079046 105735077892 567168 	38799511878 567168 0 0 0 	15494768 567168 0 	372.293 	3 	126
4737400000000 4737500000278 	39000079602 106291163075 567547 	38999512055 567547 0 0 0 	15505470 567547 0 	372.13 	3 	126
4756600000000 4756700000296 	39200080194 106847354649 567921 	39199512273 567921 0 0 0 	15516457 567921 0 	371.956 	3 	126
4775800000000 4775900000254 	39400080702 107403672697 568262 	39399512440 568262 0 0 0 	15525833 568262 0 	371.773 	3 	126
4795000000000 4795100000032 	39600080766 107960041609 568591 	39599512175 568591 0 0 0 	15535033 568591 0 	371.579 	3 	126
4814200000000 4814300000032 	39800080830 108516465006 568905 	39799511925 568905 0 0 0 	15543664 568905 0 	371.388 	3 	126
4833400000000 4833500000320 	40000081470 109072982505 569186 	39999512284 569186 0 0 0 	15550681 569186 0 	371.192 	3 	126
4852600000000 4852700000268 	40200082006 109629553408 569465 	40199512541 569465 0 0 0 	15558516 569465 0 	370.987 	3 	126
4871800000000 4871900000060 	40400082126 110186277643 569736 	40399512390 569736 0 0 0 	15565802 569736 0 	370.771 	3 	126
4891000000000 4891100000230 	40600082586 110743013303 569993 	40599512593 569993 0 0 0 	15573110 569993 0 	370.546 	3 	126
4910200000000 4910300000230 	40800083046 111299865688 570240 	40799512806 570240 0 0 0 	15580415 570240 0 	370.323 	3 	126
4929400000000 4929500000208 	41000083462 111856795053 570453 	40999513009 570453 0 0 0 	15586350 570453 0 	370.096 	3 	126
4948600000000 4948700000197 	41200083856 112413723277 570669 	41199513187 570669 0 0 0 	15592590 570669 0 	369.859 	3 	126
4967800000000 4967900000174 	41400084204 112970764212 570861 	41399513343 570861 0 0 0 	15598614 570861 0 	369.619 	3 	126
4987000000000 4987100000174 	41600084552 113527871740 571072 	41599513480 571072 0 0 0 	15604244 571072 0 	369.381 	3 	126
5006200000000 5006300000008 	41800084568 114085049274 571269 	41799513299 571269 0 0 0 	15609768 571269 0 	369.134 	3 	126
5025400000000 5025500000320 	42000085208 114642281914 571437 	41999513771 571437 0 0 0 	15614186 571437 0 	368.877 	3 	126
5044600000000 5044700000167 	42200085542 115199651495 571615 	42199513927 571615 0 0 0 	15618792 571615 0 	368.616 	3 	126
5063800000000 5063900000167 	42400085876 115757058953 571772 	42399514104 571772 0 0 0 	15622925 571772 0 	368.359 	3 	126
5083000000000 5083100000120 	42600086116 116314569989 571922 	42599514194 571922 0 0 0 	15626861 571922 0 	368.091 	3 	126
5102200000000 5102300000188 	42800086492 116872115142 572078 	42799514414 572078 0 0 0 	15631288 572078 0 	367.82 	3 	126
5121400000000 5121500000096 	43000086684 117429773378 572221 	42999514463 572221 0 0 0 	15635462 572221 0 	367.54 	3 	126
5140600000000 5140700000215 	43200087114 117987493569 572348 	43199514766 572348 0 0 0 	15638728 572348 0 	367.257 	3 	126
5159800000000 5159900000215 	43400087544 118545242569 572475 	43399515069 572475 0 0 0 	15642159 572475 0 	366.976 	3 	126
5179000000000 5179100000057 	43600087658 119103072653 572579 	43599515079 572579 0 0 0 	15644879 572579 0 	366.686 	3 	126
5198200000000 5198300000056 	43800087770 119661011946 572672 	43799515098 572672 0 0 0 	15647546 572672 0 	366.393 	3 	126
5217400000000 5217500000110 	44000087990 120218978524 572790 	43999515200 572790 0 0 0 	15650782 572790 0 	366.09 	3 	126
5236600000000 5236700000110 	44200088210 120777078563 572885 	44199515325 572885 0 0 0 	15654038 572885 0 	365.791 	3 	126
5255800000000 5255900000125 	44400088460 121335149938 572981 	44399515479 572981 0 0 0 	15656746 572981 0 	365.488 	3 	126
5275000000000 5275100000031 	44600088522 121893353302 573071 	44599515451 573071 0 0 0 	15659244 573071 0 	365.176 	3 	126
5294200000000 5294300000188 	44800088898 122451621006 573150 	44799515748 573150 0 0 0 	15661042 573150 0 	364.861 	3 	126
5313400000000 5313500000192 	45000089282 123009951334 573241 	44999516041 573241 0 0 0 	15663694 573241 0 	364.537 	3 	126
5332600000000 5332700000192 	45200089666 123568344119 573302 	45199516364 573302 0 0 0 	15665352 573302 0 	364.216 	3 	126
5351800000000 5351900000302 	45400090270 124126806687 573367 	45399516903 573367 0 0 0 	15667253 573367 0 	363.892 	3 	126
5371000000000 5371100000052 	45600090374 124685349863 573435 	45599516939 573435 0 0 0 	15669629 573435 0 	363.565 	3 	126
5390200000000 5390300000200 	45800090774 125243964907 573494 	45799517280 573494 0 0 0 	15671212 573494 0 	363.229 	3 	126
5409400000000 5409500000200 	46000091174 125802588702 573570 	45999517604 573570 0 0 0 	15673198 573570 0 	362.896 	3 	126
5428600000000 5428700000251 	46200091676 126361284982 573633 	46199518043 573633 0 0 0 	15675094 573633 0 	362.561 	3 	126
5447800000000 5447900000197 	46400092070 126920109084 573692 	46399518378 573692 0 0 0 	15676793 573692 0 	362.216 	3 	126
5467000000000 5467100000048 	46600092166 127478964570 573744 	46599518422 573744 0 0 0 	15678050 573744 0 	361.869 	3 	126
5486200000000 5486300000048 	46800092262 128037926105 573798 	46799518464 573798 0 0 0 	15679633 573798 0 	361.525 	3 	126
5505400000000 5505500000280 	47000092822 128596954571 573840 	46999518982 573840 0 0 0 	15680868 573840 0 	361.179 	3 	126
5524600000000 5524700000021 	47200092864 129156053507 573875 	47199518989 573875 0 0 0 	15682324 573875 0 	360.823 	3 	126
5543800000000 5543900000072 	47400093008 129715211255 573913 	47399519095 573913 0 0 0 	15683100 573913 0 	360.464 	3 	126
5563000000000 5563100000113 	47600093234 130274435478 573953 	47599519281 573953 0 0 0 	15683951 573953 0 	360.103 	3 	126
5582200000000 5582300000113 	47800093460 130833693609 574002 	47799519458 574002 0 0 0 	15685354 574002 0 	359.746 	3 	126
5601400000000 5601500000069 	48000093598 131393013787 574032 	47999519566 574032 0 0 0 	15686093 574032 0 	359.379 	3 	126
5620600000000 5620700000224 	48200094046 131952435885 574061 	48199519985 574061 0 0 0 	15687053 574061 0 	359.01 	3 	126
5639800000000 5639900000271 	48400094588 132511849452 574096 	48399520492 574096 0 0 0 	15687920 574096 0 	358.638 	3 	126
5659000000000 5659100000271 	48600095130 133071372126 574133 	48599520997 574133 0 0 0 	15689275 574133 0 	358.27 	3 	126
5678200000000 5678300000186 	48800095502 133630954610 574161 	48799521341 574161 0 0 0 	15689896 574161 0 	357.899 	3 	126
5697400000000 5697500000092 	49000095686 134190614350 574193 	48999521493 574193 0 0 0 	15691055 574193 0 	357.52 	3 	126
5716600000000 5716700000031 	49200095748 134750312956 574208 	49199521540 574208 0 0 0 	15691405 574208 0 	357.137 	3 	126
5735800000000 5735900000020 	49400095788 135310053795 574236 	49399521552 574236 0 0 0 	15692136 574236 0 	356.753 	3 	126
5755000000000 5755100000020 	49600095828 135869948549 574254 	49599521574 574254 0 0 0 	15692811 574254 0 	356.372 	3 	126
5774200000000 5774300000032 	49800095892 136429815937 574276 	49799521616 574276 0 0 0 	15693293 574276 0 	355.988 	3 	126
5793400000000 5793500000040 	50000095972 136989797088 574296 	49999521676 574296 0 0 0 	15693681 574296 0 	355.602 	3 	126
5812600000000 5812700000214 	50200096400 137549848874 574319 	50199522081 574319 0 0 0 	15694402 574319 0 	355.207 	3 	126
5831800000000 5831900000214 	50400096828 138109946777 574333 	50399522495 574333 0 0 0 	15694777 574333 0 	354.816 	3 	126
5851000000000 5851100000047 	50600096922 138670111296 574352 	50599522570 574352 0 0 0 	15695134 574352 0 	354.423 	3 	126
5870200000000 5870300000044 	50800097010 139230276235 574365 	50799522645 574365 0 0 0 	15695718 574365 0 	354.027 	3 	126
5889400000000 5889500000175 	51000097360 139790581060 574377 	50999522983 574377 0 0 0 	15696029 574377 0 	353.628 	3 	126
5908600000000 5908700000136 	51200097632 140350942106 574393 	51199523239 574393 0 0 0 	15696608 574393 0 	353.227 	3 	126
5927800000000 5927900000136 	51400097904 140911338786 574411 	51399523493 574411 0 0 0 	15697078 574411 0 	352.83 	3 	126
5947000000000 5947100000173 	51600098250 141471802168 574421 	51599523829 574421 0 0 0 	15697307 574421 0 	352.431 	3 	126
5966200000000 5966300000084 	51800098418 142032374637 574436 	51799523982 574436 0 0 0 	15697642 574436 0 	352.022 	3 	126
5985400000000 5985500000170 	52000098758 142593006256 574455 	51999524303 574455 0 0 0 	15698095 574455 0 	351.611 	3 	126
6004600000000 6004700000170 	52200099098 143153674427 574463 	52199524635 574463 0 0 0 	15698433 574463 0 	351.205 	3 	126
6023800000000 6023900000320 	52400099738 143714424055 574798 	52399524940 574798 0 0 0 	15708025 574798 0 	351.144 	3 	126
6043000000000 6043100000320 	52600100378 144275179928 575115 	52599525263 575115 0 0 0 	15717004 575115 0 	351.084 	3 	126
6062200000000 6062300000268 	52800100914 144836055266 575453 	52799525461 575453 0 0 0 	15727048 575453 0 	351.016 	3 	126
6081400000000 6081500000268 	53000101450 145396947711 575744 	52999525706 575744 0 0 0 	15735408 575744 0 	350.948 	3 	126
6100600000000 6100700000060 	53200101570 145957908568 576009 	53199525561 576009 0 0 0 	15743474 576009 0 	350.873 	3 	126
6119800000000 6119900000230 	53400102030 146518929853 576275 	53399525755 576275 0 0 0 	15750968 576275 0 	350.79 	3 	126
6139000000000 6139100000230 	53600102490 147080002192 576545 	53599525945 576545 0 0 0 	15757757 576545 0 	350.708 	3 	126
6158200000000 6158300000208 	53800102906 147641090175 576812 	53799526094 576812 0 0 0 	15765229 576812 0 	350.622 	3 	126
6177400000000 6177500000197 	54000103300 148202248164 577066 	53999526234 577066 0 0 0 	15772032 577066 0 	350.528 	3 	126
6196600000000 6196700000197 	54200103694 148763482430 577298 	54199526396 577298 0 0 0 	15778282 577298 0 	350.435 	3 	126
6215800000000 6215900000174 	54400104042 149324805009 577514 	54399526528 577514 0 0 0 	15784303 577514 0 	350.338 	3 	126
6235000000000 6235100000174 	54600104390 149886178359 577726 	54599526664 577726 0 0 0 	15790408 577726 0 	350.242 	3 	126
6254200000000 6254300000008 	54800104406 150447622063 577925 	54799526481 577925 0 0 0 	15795869 577925 0 	350.139 	3 	126
6273400000000 6273500000320 	55000105046 151009110822 578100 	54999526946 578100 0 0 0 	15801601 578100 0 	350.028 	3 	126
6292600000000 6292700000320 	55200105686 151570715993 578292 	55199527394 578292 0 0 0 	15807332 578292 0 	349.917 	3 	126
6311800000000 6311900000167 	55400106020 152132277604 578489 	55399527531 578489 0 0 0 	15812802 578489 0 	349.804 	3 	126
6331000000000 6331100000120 	55600106260 152693977962 578658 	55599527602 578658 0 0 0 	15817548 578658 0 	349.682 	3 	126
6350200000000 6350300000120 	55800106500 153255667615 578827 	55799527673 578827 0 0 0 	15822014 578827 0 	349.562 	3 	126
6369400000000 6369500000188 	56000106876 153817382672 578998 	55999527878 578998 0 0 0 	15826780 578998 0 	349.438 	3 	126
6388600000000 6388700000188 	56200107252 154379168343 579153 	56199528099 579153 0 0 0 	15831572 579153 0 	349.315 	3 	126
6407800000000 6407900000096 	56400107444 154941061623 579293 	56399528151 579293 0 0 0 	15835555 579293 0 	349.184 	3 	126
6427000000000 6427100000215 	56600107874 155502992310 579437 	56599528437 579437 0 0 0 	15839581 579437 0 	349.05 	3 	126
6446200000000 6446300000215 	56800108304 156065023175 579558 	56799528746 579558 0 0 0 	15843475 579558 0 	348.918 	3 	126
6465400000000 6465500000057 	57000108418 156627124675 579664 	56999528754 579664 0 0 0 	15846662 579664 0 	348.777 	3 	126
6484600000000 6484700000057 	57200108532 157189306262 579773 	57199528759 579773 0 0 0 	15849180 579773 0 	348.638 	3 	126
6503800000000 6503900000056 	57400108644 157751522754 579897 	57399528747 579897 0 0 0 	15852723 579897 0 	348.495 	3 	126
6523000000000 6523100000110 	57600108864 158313780557 580006 	57599528858 580006 0 0 0 	15855882 580006 0 	348.345 	3 	126
6542200000000 6542300000110 	57800109084 158876040560 580108 	57799528976 580108 0 0 0 	15858765 580108 0 	348.196 	3 	126
6561400000000 6561500000125 	58000109334 159438410680 580208 	57999529126 580208 0 0 0 	15861463 580208 0 	348.044 	3 	126
6580600000000 6580700000031 	58200109396 160000818521 580316 	58199529080 580316 0 0 0 	15864242 580316 0 	347.884 	3 	126
6599800000000 6599900000031 	58400109458 160563238387 580430 	58399529028 580430 0 0 0 	15867648 580430 0 	347.725 	3 	126
6619000000000 6619100000188 	58600109834 161125751897 580526 	58599529308 580526 0 0 0 	15870090 580526 0 	347.564 	3 	126
6638200000000 6638300000188 	58800110210 161688337606 580595 	58799529615 580595 0 0 0 	15872398 580595 0 	347.403 	3 	126
6657400000000 6657500000192 	59000110594 162250962299 580685 	58999529909 580685 0 0 0 	15875239 580685 0 	347.235 	3 	126
6676600000000 6676700000302 	59200111198 162813607417 580765 	59199530433 580765 0 0 0 	15877077 580765 0 	347.064 	3 	126
6695800000000 6695900000302 	59400111802 163376335492 580840 	59399530962 580840 0 0 0 	15879256 580840 0 	346.894 	3 	126
6715000000000 6715100000052 	59600111906 163939044672 580913 	59599530993 580913 0 0 0 	15881632 580913 0 	346.721 	3 	126
6734200000000 6734300000200 	59800112306 164501943926 580989 	59799531317 580989 0 0 0 	15883885 580989 0 	346.541 	3 	126
6753400000000 6753500000200 	60000112706 165064804356 581071 	59999531635 581071 0 0 0 	15886023 581071 0 	346.361 	3 	126
6772600000000 6772700000251 	60200113208 165627757394 581144 	60199532064 581144 0 0 0 	15887874 581144 0 	346.179 	3 	126
6791800000000 6791900000251 	60400113710 166190793949 581201 	60399532509 581201 0 0 0 	15889704 581201 0 	345.999 	3 	126
6811000000000 6811100000197 	60600114104 166753886631 581266 	60599532838 581266 0 0 0 	15891661 581266 0 	345.81 	3 	126
6830200000000 6830300000048 	60800114200 167317042681 581313 	60799532887 581313 0 0 0 	15892958 581313 0 	345.619 	3 	126
6849400000000 6849500000048 	61000114296 167880184116 581363 	60999532933 581363 0 0 0 	15894588 581363 0 	345.429 	3 	126
6868600000000 6868700000280 	61200114856 168443460266 581415 	61199533441 581415 0 0 0 	15895985 581415 0 	345.236 	3 	126
6887800000000 6887900000280 	61400115416 169006670921 581460 	61399533956 581460 0 0 0 	15897295 581460 0 	345.045 	3 	126
6907000000000 6907100000021 	61600115458 169570011013 581513 	61599533945 581513 0 0 0 	15899220 581513 0 	344.846 	3 	126
6926200000000 6926300000072 	61800115602 170133383529 581560 	61799534042 581560 0 0 0 	15900514 581560 0 	344.644 	3 	126
6945400000000 6945500000072 	62000115746 170696829494 581605 	61999534141 581605 0 0 0 	15901936 581605 0 	344.444 	3 	126
6964600000000 6964700000113 	62200115972 171260339969 581654 	62199534318 581654 0 0 0 	15903627 581654 0 	344.24 	3 	126
6983800000000 6983900000069 	62400116110 171823882597 581707 	62399534403 581707 0 0 0 	15905255 581707 0 	344.03 	3 	126
7003000000000 7003100000069 	62600116248 172387455584 581740 	62599534508 581740 0 0 0 	15906335 581740 0 	343.821 	3 	126
7022200000000 7022300000224 	62800116696 172951105865 581788 	62799534908 581788 0 0 0 	15907684 581788 0 	343.608 	3 	126
7041400000000 7041500000224 	63000117144 173514818770 581814 	62999535330 581814 0 0 0 	15908689 581814 0 	343.398 	3 	126
7060600000000 7060700000271 	63200117686 174078593587 581847 	63199535839 581847 0 0 0 	15909771 581847 0 	343.185 	3 	126
7079800000000 7079900000186 	63400118058 174642394950 581882 	63399536176 581882 0 0 0 	15911011 581882 0 	342.968 	3 	126
7099000000000 7099100000186 	63600118430 175206243882 581912 	63599536518 581912 0 0 0 	15911773 581912 0 	342.754 	3 	126
7118200000000 7118300000092 	63800118614 175770112140 581952 	63799536662 581952 0 0 0 	15912931 581952 0 	342.531 	3 	126
7137400000000 7137500000174 	64000118962 176334027375 581983 	63999536979 581983 0 0 0 	15913985 581983 0 	342.308 	3 	126
7156600000000 7156700000031 	64200119024 176897992357 582015 	64199537009 582015 0 0 0 	15914928 582015 0 	342.085 	3 	126
7175800000000 7175900000020 	64400119064 177462036128 582043 	64399537021 582043 0 0 0 	15915800 582043 0 	341.859 	3 	126
7195000000000 7195100000020 	64600119104 178026137933 582068 	64599537036 582068 0 0 0 	15916421 582068 0 	341.634 	3 	126
7214200000000 7214300000032 	64800119168 178590309932 582095 	64799537073 582095 0 0 0 	15917414 582095 0 	341.407 	3 	126
7233400000000 7233500000040 	65000119248 179154505096 582122 	64999537126 582122 0 0 0 	15918233 582122 0 	341.177 	3 	126
7252600000000 7252700000040 	65200119328 179718778978 582149 	65199537179 582149 0 0 0 	15918982 582149 0 	340.948 	3 	126
7271800000000 7271900000214 	65400119756 180283098055 582172 	65399537584 582172 0 0 0 	15919718 582172 0 	340.712 	3 	126
7291000000000 7291100000214 	65600120184 180847421009 582188 	65599537996 582188 0 0 0 	15920408 582188 0 	340.478 	3 	126
7310200000000 7310300000047 	65800120278 181411828051 582212 	65799538066 582212 0 0 0 	15921222 582212 0 	340.241 	3 	126
7329400000000 7329500000044 	66000120366 181976236338 582233 	65999538133 582233 0 0 0 	15921646 582233 0 	340.001 	3 	126
7348600000000 7348700000044 	66200120454 182540739023 582260 	66199538194 582260 0 0 0 	15922571 582260 0 	339.763 	3 	126
7367800000000 7367900000175 	66400120804 183105304946 582275 	66399538529 582275 0 0 0 	15923134 582275 0 	339.522 	3 	126
7387000000000 7387100000136 	66600121076 183669938673 582287 	66599538789 582287 0 0 0 	15923476 582287 0 	339.279 	3 	126
7406200000000 7406300000136 	66800121348 184234580306 582304 	66799539044 582304 0 0 0 	15923932 582304 0 	339.037 	3 	126
7425400000000 7425500000173 	67000121694 184799290934 582319 	66999539375 582319 0 0 0 	15924362 582319 0 	338.792 	3 	126
7444600000000 7444700000173 	67200122040 185364054009 582335 	67199539705 582335 0 0 0 	15924706 582335 0 	338.549 	3 	126
7463800000000 7463900000084 	67400122208 185928873076 582354 	67399539854 582354 0 0 0 	15925207 582354 0 	338.299 	3 	126
7483000000000 7483100000170 	67600122548 186493673836 582372 	67599540176 582372 0 0 0 	15925675 582372 0 	338.046 	3 	126
7502200000000 7502300000170 	67800122888 187058611111 582385 	67799540503 582385 0 0 0 	15926037 582385 0 	337.795 	3 	126
7521400000000 7521500000212 	68000123312 187623564446 582397 	67999540915 582397 0 0 0 	15926380 582397 0 	337.541 	3 	126
7540600000000 7540700000212 	68200123736 188188562352 582404 	68199541332 582404 0 0 0 	15926629 582404 0 	337.289 	3 	126
7559800000000 7559900000180 	68400124096 188753619656 582419 	68399541677 582419 0 0 0 	15927054 582419 0 	337.034 	3 	126
7579000000000 7579100000044 	68600124184 189318704312 582426 	68599541758 582426 0 0 0 	15927180 582426 0 	336.777 	3 	126
7598200000000 7598300000044 	68800124272 189883863937 582437 	68799541835 582437 0 0 0 	15927406 582437 0 	336.521 	3 	126
7617400000000 7617500000040 	69000124352 190449081963 582449 	68999541903 582449 0 0 0 	15927760 582449 0 	336.263 	3 	126
7636600000000 7636700000135 	69200124622 191014284117 582458 	69199542164 582458 0 0 0 	15927946 582458 0 	336.002 	3 	126
7655800000000 7655900000135 	69400124892 191579570761 582470 	69399542422 582470 0 0 0 	15928274 582470 0 	335.742 	3 	126
7675000000000 7675100000032 	69600124956 192144924742 582486 	69599542470 582486 0 0 0 	15928584 582486 0 	335.48 	3 	126
7694200000000 7694300000032 	69800125020 192710301288 582492 	69799542528 582492 0 0 0 	15928708 582492 0 	335.22 	3 	126
7713400000000 7713500000227 	70000125474 193275739595 582498 	69999542976 582498 0 0 0 	15928913 582498 0 	334.958 	3 	126
7732600000000 7732700000160 	70200125794 193841182786 582508 	70199543286 582508 0 0 0 	15929166 582508 0 	334.692 	3 	126
7751800000000 7751900000160 	70400126114 194406662907 582516 	70399543598 582516 0 0 0 	15929436 582516 0 	334.428 	3 	126
7771000000000 7771100000062 	70600126238 194972193740 582522 	70599543716 582522 0 0 0 	15929680 582522 0 	334.162 	3 	126
7790200000000 7790300000160 	70800126558 195537811163 582527 	70799544031 582527 0 0 0 	15929908 582527 0 	333.893 	3 	126
7809400000000 7809500000160 	71000126878 196103505374 582533 	70999544345 582533 0 0 0 	15930065 582533 0 	333.626 	3 	126
7828600000000 7828700000159 	71200127196 196669191620 582543 	71199544653 582543 0 0 0 	15930335 582543 0 	333.356 	3 	126
7847800000000 7847900000159 	71400127514 197234972799 582547 	71399544967 582547 0 0 0 	15930458 582547 0 	333.088 	3 	126
7867000000000 7867100000026 	71600127566 197800808216 582555 	71599545011 582555 0 0 0 	15930649 582555 0 	332.818 	3 	126
7886200000000 7886300000242 	71800128050 198366658749 582558 	71799545492 582558 0 0 0 	15930775 582558 0 	332.544 	3 	126
7905400000000 7905500000242 	72000128534 198932556887 582568 	71999545966 582568 0 0 0 	15930988 582568 0 	332.273 	3 	126
7924600000000 7924700000000 	72200128534 199498471183 582575 	72199545959 582575 0 0 0 	15931237 582575 0 	331.999 	3 	126
7943800000000 7943900000000 	72400128534 200064407316 582578 	72399545956 582578 0 0 0 	15931272 582578 0 	331.727 	3 	126
7963000000000 7963100000035 	72600128604 200630460365 582584 	72599546020 582584 0 0 0 	15931449 582584 0 	331.452 	3 	126
7982200000000 7982300000054 	72800128712 201196534926 582591 	72799546121 582591 0 0 0 	15931612 582591 0 	331.175 	3 	126
8001400000000 8001500000054 	73000128820 201762658462 582595 	72999546225 582595 0 0 0 	15931737 582595 0 	330.9 	3 	126
8020600000000 8020700000152 	73200129124 202329097524 616047 	73199513077 616047 0 0 0 	16898799 616047 0 	331.21 	3 	126
8039800000000 8039900000152 	73400129428 202895546616 648772 	73399480656 648772 0 0 0 	17835673 648772 0 	331.52 	3 	126
8059000000000 8059100000152 	73600129732 203462061721 681021 	73599448711 681021 0 0 0 	18753433 681021 0 	331.829 	3 	126
8078200000000 8078300000000 	73800129732 204028623214 712534 	73799417198 712534 0 0 0 	19653314 712534 0 	332.131 	3 	126
8097400000000 8097500000000 	74000129732 204595244372 743609 	73999386123 743609 0 0 0 	20554458 743609 0 	332.433 	3 	126
8116600000000 8116700000000 	74200129732 205161859411 773992 	74199355740 773992 0 0 0 	21425837 773992 0 	332.734 	3 	126
8135800000000 8135900000048 	74400129828 205728495924 803702 	74399326126 803702 0 0 0 	22277091 803702 0 	333.028 	3 	126
8155000000000 8155100000048 	74600129924 206295208201 832745 	74599297179 832745 0 0 0 	23113415 832745 0 	333.322 	3 	126
8174200000000 8174300000048 	74800130020 206862009733 861138 	74799268882 861138 0 0 0 	23922923 861138 0 	333.614 	3 	126
8193400000000 8193500000476 	75000130972 207428811150 889362 	74999241610 889362 0 0 0 	24734567 889362 0 	333.901 	3 	126
8212600000000 8212700000476 	75200131924 207995621712 916798 	75199215126 916798 0 0 0 	25527465 916798 0 	334.187 	3 	126
8231800000000 8231900000476 	75400132876 208562511357 943786 	75399189090 943786 0 0 0 	26303610 943786 0 	334.471 	3 	126
8251000000000 8251100000476 	75600133828 209129447515 969991 	75599163837 969991 0 0 0 	27062592 969991 0 	334.755 	3 	126
8270200000000 8270300000011 	75800133850 209696334513 995735 	75799138115 995735 0 0 0 	27809763 995735 0 	335.034 	3 	126
8289400000000 8289500000011 	76000133872 210263332801 1021228 	75999112644 1021228 0 0 0 	28548722 1021228 0 	335.311 	3 	126
8308600000000 8308700000011 	76200133894 210830401231 1045825 	76199088069 1045825 0 0 0 	29256248 1045825 0 	335.588 	3 	126
8327800000000 8327900000210 	76400134314 211397529525 1070117 	76399064197 1070117 0 0 0 	29959241 1070117 0 	335.859 	3 	126
8347000000000 8347100000210 	76600134734 211964655651 1093853 	76599040881 1093853 0 0 0 	30637874 1093853 0 	336.129 	3 	126
8366200000000 8366300000210 	76800135154 212531827008 1117257 	76799017897 1117257 0 0 0 	31313054 1117257 0 	336.398 	3 	126
8385400000000 8385500000381 	77000135916 213099005433 1139917 	76998995999 1139917 0 0 0 	31974915 1139917 0 	336.661 	3 	126
8404600000000 8404700000381 	77200136678 213666235489 1162251 	77198974427 1162251 0 0 0 	32619004 1162251 0 	336.923 	3 	126
8423800000000 8423900000200 	77400137078 214233379740 1162330 	77398974748 1162330 0 0 0 	32621050 1162330 0 	336.816 	3 	126
8443000000000 8443100000200 	77600137478 214800538053 1162417 	77598975061 1162417 0 0 0 	32623512 1162417 0 	336.709 	3 	126
8462200000000 8462300000251 	77800137980 215367734757 1162503 	77798975477 1162503 0 0 0 	32625959 1162503 0 	336.6 	3 	126
8481400000000 8481500000251 	78000138482 215934993478 1162566 	77998975916 1162566 0 0 0 	32627650 1162566 0 	336.491 	3 	126
8500600000000 8500700000197 	78200138876 216502266514 1162631 	78198976245 1162631 0 0 0 	32629482 1162631 0 	336.377 	3 	126
8519800000000 8519900000197 	78400139270 217069654753 1162702 	78398976568 1162702 0 0 0 	32631666 1162702 0 	336.263 	3 	126
8539000000000 8539100000048 	78600139366 217637004133 1162758 	78598976608 1162758 0 0 0 	32633113 1162758 0 	336.147 	3 	126
8558200000000 8558300000048 	78800139462 218204450410 1162839 	78798976623 1162839 0 0 0 	32635152 1162839 0 	336.031 	3 	126
8577400000000 8577500000280 	79000140022 218771876233 1162911 	78998977111 1162911 0 0 0 	32637089 1162911 0 	335.913 	3 	126
8596600000000 8596700000280 	79200140582 219339371835 1162975 	79198977607 1162975 0 0 0 	32638954 1162975 0 	335.795 	3 	126
8615800000000 8615900000021 	79400140624 219906881541 1163034 	79398977590 1163034 0 0 0 	32640463 1163034 0 	335.672 	3 	126
8635000000000 8635100000021 	79600140666 220474498785 1163080 	79598977586 1163080 0 0 0 	32642015 1163080 0 	335.549 	3 	126
8654200000000 8654300000072 	79800140810 221042131419 1163146 	79798977664 1163146 0 0 0 	32643711 1163146 0 	335.424 	3 	126
8673400000000 8673500000072 	80000140954 221609815131 1163206 	79998977748 1163206 0 0 0 	32645832 1163206 0 	335.299 	3 	126
8692600000000 8692700000113 	80200141180 222177545049 1163245 	80198977935 1163245 0 0 0 	32647066 1163245 0 	335.172 	3 	126
8711800000000 8711900000113 	80400141406 222745266849 1163288 	80398978118 1163288 0 0 0 	32648298 1163288 0 	335.045 	3 	126
8731000000000 8731100000069 	80600141544 223313053828 1163342 	80598978202 1163342 0 0 0 	32650317 1163342 0 	334.913 	3 	126
8750200000000 8750300000069 	80800141682 223880928922 1163391 	80798978291 1163391 0 0 0 	32651650 1163391 0 	334.781 	3 	126
8769400000000 8769500000224 	81000142130 224448777991 1163440 	80998978690 1163440 0 0 0 	32653056 1163440 0 	334.647 	3 	126
8788600000000 8788700000224 	81200142578 225016718664 1163480 	81198979098 1163480 0 0 0 	32654247 1163480 0 	334.514 	3 	126
8807800000000 8807900000271 	81400143120 225584658968 1163521 	81398979599 1163521 0 0 0 	32655270 1163521 0 	334.378 	3 	126
8827000000000 8827100000271 	81600143662 226152665852 1163568 	81598980094 1163568 0 0 0 	32656559 1163568 0 	334.242 	3 	126
8846200000000 8846300000186 	81800144034 226720715357 1163610 	81798980424 1163610 0 0 0 	32657693 1163610 0 	334.105 	3 	126
8865400000000 8865500000186 	82000144406 227288774860 1163639 	81998980767 1163639 0 0 0 	32658535 1163639 0 	333.968 	3 	126
8884600000000 8884700000092 	82200144590 227856929185 1163666 	82198980924 1163666 0 0 0 	32659358 1163666 0 	333.825 	3 	126
8903800000000 8903900000092 	82400144774 228425073325 1163700 	82398981074 1163700 0 0 0 	32660585 1163700 0 	333.683 	3 	126
8923000000000 8923100000031 	82600144836 228993246400 1163741 	82598981095 1163741 0 0 0 	32661676 1163741 0 	333.538 	3 	126
8942200000000 8942300000031 	82800144898 229561528331 1163772 	82798981126 1163772 0 0 0 	32662713 1163772 0 	333.394 	3 	126
8961400000000 8961500000020 	83000144938 230129852150 1163808 	82998981130 1163808 0 0 0 	32663804 1163808 0 	333.248 	3 	126
8980600000000 8980700000020 	83200144978 230698183661 1163837 	83198981141 1163837 0 0 0 	32665159 1163837 0 	333.102 	3 	126
8999800000000 8999900000032 	83400145042 231266567348 1163864 	83398981178 1163864 0 0 0 	32666144 1163864 0 	332.954 	3 	126
9019000000000 9019100000032 	83600145106 231834942275 1163900 	83598981206 1163900 0 0 0 	32667288 1163900 0 	332.807 	3 	126
9038200000000 9038300000040 	83800145186 232403387696 1163935 	83798981251 1163935 0 0 0 	32668337 1163935 0 	332.657 	3 	126
9057400000000 9057500000040 	84000145266 232971897697 1163977 	83998981289 1163977 0 0 0 	32669667 1163977 0 	332.508 	3 	126
9076600000000 9076700000040 	84200145346 233540401145 1164009 	84198981337 1164009 0 0 0 	32670371 1164009 0 	332.36 	3 	126
9095800000000 9095900000214 	84400145774 234108915325 1164034 	84398981740 1164034 0 0 0 	32671021 1164034 0 	332.206 	3 	126
9115000000000 9115100000214 	84600146202 234677480250 1164058 	84598982144 1164058 0 0 0 	32671635 1164058 0 	332.053 	3 	126
9134200000000 9134300000047 	84800146296 235246117467 1164077 	84798982219 1164077 0 0 0 	32672128 1164077 0 	331.898 	3 	126
9153400000000 9153500000047 	85000146390 235814832250 1164097 	84998982293 1164097 0 0 0 	32672640 1164097 0 	331.743 	3 	126
9172600000000 9172700000044 	85200146478 236383551376 1164121 	85198982357 1164121 0 0 0 	32673616 1164121 0 	331.586 	3 	126
9191800000000 9191900000044 	85400146566 236952335052 1164145 	85398982421 1164145 0 0 0 	32674114 1164145 0 	331.43 	3 	126
9211000000000 9211100000175 	85600146916 237521120710 1164172 	85598982744 1164172 0 0 0 	32674872 1164172 0 	331.271 	3 	126
9230200000000 9230300000175 	85800147266 238089965481 1164192 	85798983074 1164192 0 0 0 	32675487 1164192 0 	331.113 	3 	126
9249400000000 9249500000136 	86000147538 238658881521 1164212 	85998983326 1164212 0 0 0 	32676118 1164212 0 	330.952 	3 	126
9268600000000 9268700000136 	86200147810 239227809950 1164237 	86198983573 1164237 0 0 0 	32676978 1164237 0 	330.793 	3 	126
9287800000000 9287900000173 	86400148156 239796722193 1164249 	86398983907 1164249 0 0 0 	32677140 1164249 0 	330.631 	3 	126
9307000000000 9307100000173 	86600148502 240365707569 1164261 	86598984241 1164261 0 0 0 	32677547 1164261 0 	330.47 	3 	126
9326200000000 9326300000084 	86800148670 240934752266 1164282 	86798984388 1164282 0 0 0 	32678035 1164282 0 	330.303 	3 	126
9345400000000 9345500000084 	87000148838 241503827967 1164301 	86998984537 1164301 0 0 0 	32678760 1164301 0 	330.137 	3 	126
9364600000000 9364700000170 	87200149178 242072996617 1164315 	87198984863 1164315 0 0 0 	32679185 1164315 0 	329.968 	3 	126
9383800000000 9383900000170 	87400149518 242642196217 1164332 	87398985186 1164332 0 0 0 	32679762 1164332 0 	329.8 	3 	126
9403000000000 9403100000212 	87600149942 243211418898 1164345 	87598985597 1164345 0 0 0 	32680164 1164345 0 	329.63 	3 	126
9422200000000 9422300000212 	87800150366 243780632732 1164359 	87798986007 1164359 0 0 0 	32680540 1164359 0 	329.461 	3 	126
9441400000000 9441500000180 	88000150726 244349928131 1164371 	87998986355 1164371 0 0 0 	32680722 1164371 0 	329.29 	3 	126
9460600000000 9460700000180 	88200151086 244919274784 1164382 	88198986704 1164382 0 0 0 	32680938 1164382 0 	329.119 	3 	126
9479800000000 9479900000044 	88400151174 245488618416 1164403 	88398986771 1164403 0 0 0 	32681544 1164403 0 	328.946 	3 	126
9499000000000 9499100000044 	88600151262 246057960145 1164421 	88598986841 1164421 0 0 0 	32682241 1164421 0 	328.774 	3 	126
9518200000000 9518300000040 	88800151342 246627406493 1164433 	88798986909 1164433 0 0 0 	32682833 1164433 0 	328.599 	3 	126
9537400000000 9537500000040 	89000151422 247196907395 1164448 	88998986974 1164448 0 0 0 	32683372 1164448 0 	328.425 	3 	126
9556600000000 9556700000135 	89200151692 247766409307 1164461 	89198987231 1164461 0 0 0 	32683737 1164461 0 	328.249 	3 	126
9575800000000 9575900000135 	89400151962 248335988706 1164469 	89398987493 1164469 0 0 0 	32683984 1164469 0 	328.074 	3 	126
9595000000000 9595100000032 	89600152026 248905554135 1164486 	89598987540 1164486 0 0 0 	32684389 1164486 0 	327.896 	3 	126
9614200000000 9614300000032 	89800152090 249475170949 1164494 	89798987596 1164494 0 0 0 	32684528 1164494 0 	327.72 	3 	126
9633400000000 9633500000227 	90000152544 250044884236 1164509 	89998988035 1164509 0 0 0 	32685037 1164509 0 	327.541 	3 	126
9652600000000 9652700000227 	90200152998 250614555114 1164526 	90198988472 1164526 0 0 0 	32685445 1164526 0 	327.362 	3 	126
9671800000000 9671900000160 	90400153318 251184311789 1164531 	90398988787 1164531 0 0 0 	32685596 1164531 0 	327.182 	3 	126
9691000000000 9691100000160 	90600153638 251754121783 1164542 	90598989096 1164542 0 0 0 	32685781 1164542 0 	327.002 	3 	126
9710200000000 9710300000062 	90800153762 252323926401 1164551 	90798989211 1164551 0 0 0 	32685994 1164551 0 	326.82 	3 	126
9729400000000 9729500000062 	91000153886 252893756157 1164559 	90998989327 1164559 0 0 0 	32686323 1164559 0 	326.639 	3 	126
9748600000000 9748700000160 	91200154206 253463617129 1164571 	91198989635 1164571 0 0 0 	32686685 1164571 0 	326.456 	3 	126
9767800000000 9767900000160 	91400154526 254033533352 1164582 	91398989944 1164582 0 0 0 	32687024 1164582 0 	326.273 	3 	126
9787000000000 9787100000159 	91600154844 254603512578 1164585 	91598990259 1164585 0 0 0 	32687126 1164585 0 	326.088 	3 	126
9806200000000 9806300000159 	91800155162 255173450431 1164588 	91798990574 1164588 0 0 0 	32687268 1164588 0 	325.904 	3 	126
9825400000000 9825500000026 	92000155214 255743504701 1164598 	91998990616 1164598 0 0 0 	32687498 1164598 0 	325.718 	3 	126
9844600000000 9844700000026 	92200155266 256313609237 1164609 	92198990657 1164609 0 0 0 	32687964 1164609 0 	325.533 	3 	126
9863800000000 9863900000242 	92400155750 256883710721 1164618 	92398991132 1164618 0 0 0 	32688235 1164618 0 	325.345 	3 	126
9883000000000 9883100000242 	92600156234 257453866615 1164625 	92598991609 1164625 0 0 0 	32688447 1164625 0 	325.158 	3 	126
9902200000000 9902300000000 	92800156234 258023990202 1164628 	92798991606 1164628 0 0 0 	32688501 1164628 0 	324.969 	3 	126
9921400000000 9921500000000 	93000156234 258594226700 1164633 	92998991601 1164633 0 0 0 	32688605 1164633 0 	324.781 	3 	126
9940600000000 9940700000035 	93200156304 259164496747 1164637 	93198991667 1164637 0 0 0 	32688670 1164637 0 	324.59 	3 	126
9959800000000 9959900000035 	93400156374 259734705877 1164645 	93398991729 1164645 0 0 0 	32688811 1164645 0 	324.401 	3 	126
9979000000000 9979100000054 	93600156482 260305010378 1164649 	93598991833 1164649 0 0 0 	32688957 1164649 0 	324.208 	3 	126
9998200000000 9998300000054 	93800156590 260875362371 1164656 	93798991934 1164656 0 0 0 	32689183 1164656 0 	324.018 	3 	126
