1013700000000 1013800000160 	200000320 526741515 1 	200000319 1 0 0 0 	52 1 0 	262 	3 	137
1032900000000 1033000000026 	400000372 1053932764 3 	400000369 3 0 0 0 	123 3 0 	259.985 	3 	137
1052100000000 1052200000152 	600000676 1581517767 16867 	599983809 16867 0 0 0 	451839 16867 0 	310.017 	3 	137
1071300000000 1071400000048 	800000772 2109453764 30918 	799969854 30918 0 0 0 	824647 30918 0 	342.084 	3 	137
1090500000000 1090600000210 	1000001192 2637724663 42960 	999958232 42960 0 0 0 	1148604 42960 0 	363.508 	3 	137
1109700000000 1109800000468 	1200002128 3166306464 53077 	1199949051 53077 0 0 0 	1416324 53077 0 	378.622 	3 	137
1128900000000 1129000000365 	1400002858 3695218612 61535 	1399941323 61535 0 0 0 	1647460 61535 0 	389.537 	3 	137
1148100000000 1148200000069 	1600002996 4224363354 61549 	1599941447 61549 0 0 0 	1647889 61549 0 	373.304 	3 	137
1167300000000 1167400000092 	1800003180 4753736924 61557 	1799941623 61557 0 0 0 	1648083 61557 0 	360.701 	3 	137
1186500000000 1186600000040 	2000003260 5283517346 61567 	1999941693 61567 0 0 0 	1648337 61567 0 	350.596 	3 	137
1205700000000 1205800000175 	2200003610 5813597596 61574 	2199942036 61574 0 0 0 	1648477 61574 0 	342.048 	3 	137
1224900000000 1225000000084 	2400003778 6343958557 61580 	2399942198 61580 0 0 0 	1648516 61580 0 	334.735 	3 	137
1244100000000 1244200000044 	2600003866 6874619167 61584 	2599942282 61584 0 0 0 	1648729 61584 0 	328.328 	3 	137
1263300000000 1263400000227 	2800004320 7405653762 61589 	2799942731 61589 0 0 0 	1648921 61589 0 	322.604 	3 	137
1282500000000 1282600000159 	3000004638 7936892394 61591 	2999943047 61591 0 0 0 	1648945 61591 0 	317.408 	3 	137
1301700000000 1301800000035 	3200004708 8468357303 61594 	3199943114 61594 0 0 0 	1649008 61594 0 	312.626 	3 	137
1320900000000 1321000000152 	3400005012 9000314204 79328 	3399925684 79328 0 0 0 	2126991 79328 0 	319.768 	3 	137
1340100000000 1340200000048 	3600005108 9532521275 94529 	3599910579 94529 0 0 0 	2532000 94529 0 	326.207 	3 	137
1359300000000 1359400000011 	3800005130 10064965956 108101 	3799897029 108101 0 0 0 	2900740 108101 0 	332.025 	3 	137
1378500000000 1378600000381 	4000005892 10597634656 119710 	3999886182 119710 0 0 0 	3214769 119710 0 	337.247 	3 	137
1397700000000 1397800000254 	4200006400 11130597985 129855 	4199876545 129855 0 0 0 	3487959 129855 0 	341.945 	3 	137
1416900000000 1417000000368 	4400007136 11663808397 138767 	4399868369 138767 0 0 0 	3730101 138767 0 	346.184 	3 	137
1436100000000 1436200000120 	4600007376 12197269174 146589 	4599860787 146589 0 0 0 	3941810 146589 0 	349.973 	3 	137
1455300000000 1455400000355 	4800008086 12731002812 153559 	4799854527 153559 0 0 0 	4127584 153559 0 	353.372 	3 	137
1474500000000 1474600000320 	5000008726 13264986360 159632 	4999849094 159632 0 0 0 	4295371 159632 0 	356.383 	3 	137
1493700000000 1493800000400 	5200009526 13799155520 164956 	5199844570 164956 0 0 0 	4439444 164956 0 	359.134 	3 	137
1512900000000 1513000000249 	5400010024 14333556418 169537 	5399840487 169537 0 0 0 	4562719 169537 0 	361.57 	3 	137
1532100000000 1532200000110 	5600010244 14868223362 173550 	5599836694 173550 0 0 0 	4671192 173550 0 	363.738 	3 	137
1551300000000 1551400000060 	5800010364 15403100157 177096 	5799833268 177096 0 0 0 	4766265 177096 0 	365.631 	3 	137
1570500000000 1570600000074 	6000010512 15938286019 180274 	5999830238 180274 0 0 0 	4852176 180274 0 	367.266 	3 	137
1589700000000 1589800000062 	6200010636 16473645801 180274 	6199830362 180274 0 0 0 	4852176 180274 0 	362.505 	3 	137
1608900000000 1609000000026 	6400010688 17009232187 180275 	6399830413 180275 0 0 0 	4852187 180275 0 	357.974 	3 	137
1628100000000 1628200000035 	6600010758 17545010309 180277 	6599830481 180277 0 0 0 	4852223 180277 0 	353.646 	3 	137
1647300000000 1647400000152 	6800011062 18081155530 199504 	6799811558 199504 0 0 0 	5374883 199504 0 	356.777 	3 	137
1666500000000 1666600000048 	7000011158 18617495288 216889 	6999794269 216889 0 0 0 	5850076 216889 0 	359.661 	3 	137
1685700000000 1685800000476 	7200012110 19154066525 232509 	7199779601 232509 0 0 0 	6273556 232509 0 	362.369 	3 	137
1704900000000 1705000000210 	7400012530 19690838597 246740 	7399765790 246740 0 0 0 	6662007 246740 0 	364.862 	3 	137
1724100000000 1724200000381 	7600013292 20227798565 259063 	7599754229 259063 0 0 0 	6997497 259063 0 	367.195 	3 	137
1743300000000 1743400000254 	7800013800 20764949344 270395 	7799743405 270395 0 0 0 	7305969 270395 0 	369.329 	3 	137
1762500000000 1762600000365 	8000014530 21302351372 280734 	7999733796 280734 0 0 0 	7584847 280734 0 	371.333 	3 	137
1781700000000 1781800000352 	8200015234 21839985471 289997 	8199725237 289997 0 0 0 	7840003 289997 0 	373.151 	3 	137
1800900000000 1801000000120 	8400015474 22377743578 298279 	8399717195 298279 0 0 0 	8065834 298279 0 	374.851 	3 	137
1820100000000 1820200000355 	8600016184 22915727381 305784 	8599710400 305784 0 0 0 	8272893 305784 0 	376.393 	3 	137
1839300000000 1839400000230 	8800016644 23453870638 312644 	8799704000 312644 0 0 0 	8458798 312644 0 	377.814 	3 	137
1858500000000 1858600000400 	9000017444 23992207011 318814 	8999698630 318814 0 0 0 	8632959 318814 0 	379.086 	3 	137
1877700000000 1877800000290 	9200018024 24530753783 324329 	9199693695 324329 0 0 0 	8783749 324329 0 	380.262 	3 	137
1896900000000 1897000000088 	9400018200 25069478656 329273 	9399688927 329273 0 0 0 	8919058 329273 0 	381.299 	3 	137
1916100000000 1916200000110 	9600018420 25608372522 333713 	9599684707 333713 0 0 0 	9041384 333713 0 	382.267 	3 	137
1935300000000 1935400000060 	9800018540 26147517668 337637 	9799680903 337637 0 0 0 	9148207 337637 0 	383.102 	3 	137
1954500000000 1954600000375 	10000019290 26686834126 341222 	9999678068 341222 0 0 0 	9243564 341222 0 	383.859 	3 	137
1973700000000 1973800000320 	10200019930 27226297558 344377 	10199675553 344377 0 0 0 	9331351 344377 0 	384.508 	3 	137
1992900000000 1993000000353 	10400020636 27765989682 347318 	10399673318 347318 0 0 0 	9411131 347318 0 	385.085 	3 	137
2012100000000 2012200000228 	10600021092 28305857966 349861 	10599671231 349861 0 0 0 	9480313 349861 0 	385.56 	3 	137
2031300000000 2031400000091 	10800021274 28845820065 352249 	10799669025 352249 0 0 0 	9546578 352249 0 	385.969 	3 	137
2050500000000 2050600000100 	11000021474 29385976985 354357 	10999667117 354357 0 0 0 	9604252 354357 0 	386.283 	3 	137
2069700000000 2069800000314 	11200022102 29926354229 356176 	11199665926 356176 0 0 0 	9654466 356176 0 	386.553 	3 	137
2088900000000 2089000000330 	11400022762 30466913208 357864 	11399664898 357864 0 0 0 	9700609 357864 0 	386.731 	3 	137
2108100000000 2108200000352 	11600023466 31007604500 359441 	11599664025 359441 0 0 0 	9741922 359441 0 	386.854 	3 	137
2127300000000 2127400000290 	11800024046 31548529061 360845 	11799663201 360845 0 0 0 	9780136 360845 0 	386.907 	3 	137
2146500000000 2146600000026 	12000024098 32089566116 362084 	11999662014 362084 0 0 0 	9813740 362084 0 	386.909 	3 	137
2165700000000 2165800000151 	12200024400 32630800306 363202 	12199661198 363202 0 0 0 	9845233 363202 0 	386.844 	3 	137
2184900000000 2185000000308 	12400025016 33172263591 364216 	12399660800 364216 0 0 0 	9872417 364216 0 	386.748 	3 	137
2204100000000 2204200000208 	12600025432 33713834606 365163 	12599660269 365163 0 0 0 	9897454 365163 0 	386.573 	3 	137
2223300000000 2223400000368 	12800026168 34255594157 375412 	12799650756 375412 0 0 0 	10178146 375412 0 	387.627 	3 	137
2242500000000 2242600000120 	13000026408 34797585116 384824 	12999641584 384824 0 0 0 	10436609 384824 0 	388.578 	3 	137
2261700000000 2261800000178 	13200026764 35339715077 393417 	13199633347 393417 0 0 0 	10673609 393417 0 	389.473 	3 	137
2280900000000 2281000000355 	13400027474 35881982304 401374 	13399626100 401374 0 0 0 	10890908 401374 0 	390.312 	3 	137
2300100000000 2300200000230 	13600027934 36424416176 408587 	13599619347 408587 0 0 0 	11091626 408587 0 	391.086 	3 	137
2319300000000 2319400000320 	13800028574 36966982609 415438 	13799613136 415438 0 0 0 	11280903 415438 0 	391.807 	3 	137
2338500000000 2338600000290 	14000029154 37509711433 421541 	13999607613 421541 0 0 0 	11449516 421541 0 	392.444 	3 	137
2357700000000 2357800000249 	14200029652 38052588963 427246 	14199602406 427246 0 0 0 	11605911 427246 0 	393.031 	3 	137
2376900000000 2377000000088 	14400029828 38595643785 432399 	14399597429 432399 0 0 0 	11751205 432399 0 	393.569 	3 	137
2396100000000 2396200000110 	14600030048 39138834374 437278 	14599592770 437278 0 0 0 	11884939 437278 0 	394.072 	3 	137
2415300000000 2415400000060 	14800030168 39682205336 441495 	14799588673 441495 0 0 0 	11998636 441495 0 	394.495 	3 	137
2434500000000 2434600000375 	15000030918 40225675013 445466 	14999585452 445466 0 0 0 	12106079 445466 0 	394.873 	3 	137
2453700000000 2453800000074 	15200031066 40769337967 449193 	15199581873 449193 0 0 0 	12205779 449193 0 	395.207 	3 	137
2472900000000 2473000000320 	15400031706 41313106361 452616 	15399579090 452616 0 0 0 	12302662 452616 0 	395.51 	3 	137
2492100000000 2492200000353 	15600032412 41857050517 455798 	15599576614 455798 0 0 0 	12392423 455798 0 	395.772 	3 	137
2511300000000 2511400000228 	15800032868 42401046611 458793 	15799574075 458793 0 0 0 	12475784 458793 0 	395.969 	3 	137
2530500000000 2530600000091 	16000033050 42945239403 461440 	15999571610 461440 0 0 0 	12549396 461440 0 	396.127 	3 	137
2549700000000 2549800000307 	16200033664 43489618475 463884 	16199569780 463884 0 0 0 	12617110 463884 0 	396.258 	3 	137
2568900000000 2569000000100 	16400033864 44034142121 466181 	16399567683 466181 0 0 0 	12677723 466181 0 	396.35 	3 	137
2588100000000 2588200000314 	16600034492 44578760154 468251 	16599566241 468251 0 0 0 	12734357 468251 0 	396.417 	3 	137
2607300000000 2607400000330 	16800035152 45123492104 470137 	16799565015 470137 0 0 0 	12787378 470137 0 	396.424 	3 	137
2626500000000 2626600000352 	17000035856 45668371466 471857 	16999563999 471857 0 0 0 	12834278 471857 0 	396.396 	3 	137
2645700000000 2645800000376 	17200036608 46213460200 473526 	17199563082 473526 0 0 0 	12881541 473526 0 	396.344 	3 	137
2664900000000 2665000000290 	17400037188 46758611062 475046 	17399562142 475046 0 0 0 	12925711 475046 0 	396.27 	3 	137
2684100000000 2684200000026 	17600037240 47303902095 476442 	17599560798 476442 0 0 0 	12963979 476442 0 	396.162 	3 	137
2703300000000 2703400000151 	17800037542 47849355143 477765 	17799559777 477765 0 0 0 	13000798 477765 0 	396.009 	3 	137
2722500000000 2722600000308 	18000038158 48394946544 478972 	17999559186 478972 0 0 0 	13033652 478972 0 	395.836 	3 	137
2741700000000 2741800000278 	18200038714 48940682274 480057 	18199558657 480057 0 0 0 	13062303 480057 0 	395.631 	3 	137
2760900000000 2761000000208 	18400039130 49486583205 481034 	18399558096 481034 0 0 0 	13088933 481034 0 	395.406 	3 	137
2780100000000 2780200000120 	18600039370 50032589891 481900 	18599557470 481900 0 0 0 	13114232 481900 0 	395.163 	3 	137
2799300000000 2799400000270 	18800039910 50578663671 482757 	18799557153 482757 0 0 0 	13139152 482757 0 	394.877 	3 	137
2818500000000 2818600000320 	19000040550 51124907081 483536 	18999557014 483536 0 0 0 	13161261 483536 0 	394.574 	3 	137
2837700000000 2837800000350 	19200041250 51671243564 484212 	19199557038 484212 0 0 0 	13180434 484212 0 	394.253 	3 	137
2856900000000 2857000000264 	19400041778 52217770649 484849 	19399556929 484849 0 0 0 	13198627 484849 0 	393.916 	3 	137
2876100000000 2876200000080 	19600041938 52764389105 485425 	19599556513 485425 0 0 0 	13213626 485425 0 	393.538 	3 	137
2895300000000 2895400000140 	19800042218 53311137765 485973 	19799556245 485973 0 0 0 	13228720 485973 0 	393.143 	3 	137
2914500000000 2914600000044 	20000042306 53858049432 486516 	19999555790 486516 0 0 0 	13243964 486516 0 	392.734 	3 	137
2933700000000 2933800000044 	20200042394 54405032877 487014 	20199555380 487014 0 0 0 	13257676 487014 0 	392.309 	3 	137
2952900000000 2953000000032 	20400042458 54952175706 487444 	20399555014 487444 0 0 0 	13269873 487444 0 	391.869 	3 	137
2972100000000 2972200000236 	20600042930 55499412056 487854 	20599555076 487854 0 0 0 	13280935 487854 0 	391.39 	3 	137
2991300000000 2991400000228 	20800043386 56046776655 488213 	20799555173 488213 0 0 0 	13290844 488213 0 	390.897 	3 	137
3010500000000 3010600000112 	21000043610 56594245539 488560 	20999555050 488560 0 0 0 	13300473 488560 0 	390.39 	3 	137
3029700000000 3029800000278 	21200044166 57141852484 488838 	21199555328 488838 0 0 0 	13307665 488838 0 	389.882 	3 	137
3048900000000 3049000000296 	21400044758 57689579639 489129 	21399555629 489129 0 0 0 	13316078 489129 0 	389.36 	3 	137
3068100000000 3068200000032 	21600044822 58237489485 489393 	21599555429 489393 0 0 0 	13323313 489393 0 	388.801 	3 	137
3087300000000 3087400000320 	21800045462 58785504576 493213 	21799552249 493213 0 0 0 	13427311 493213 0 	389.066 	3 	137
3106500000000 3106600000353 	22000046168 59333646086 496813 	21999549355 496813 0 0 0 	13524152 496813 0 	389.303 	3 	137
3125700000000 3125800000044 	22200046256 59881870636 500194 	22199546062 500194 0 0 0 	13620974 500194 0 	389.512 	3 	137
3144900000000 3145000000228 	22400046712 60430270473 503257 	22399543455 503257 0 0 0 	13707958 503257 0 	389.702 	3 	137
3164100000000 3164200000091 	22600046894 60978715086 506239 	22599540655 506239 0 0 0 	13791360 506239 0 	389.865 	3 	137
3183300000000 3183400000307 	22800047508 61527260662 508905 	22799538603 508905 0 0 0 	13864492 508905 0 	390.009 	3 	137
3202500000000 3202600000100 	23000047708 62075925616 511546 	22999536162 511546 0 0 0 	13939153 511546 0 	390.126 	3 	137
3221700000000 3221800000314 	23200048336 62624743231 514009 	23199534327 514009 0 0 0 	14007832 514009 0 	390.226 	3 	137
3240900000000 3241000000173 	23400048682 63173664971 516171 	23399532511 516171 0 0 0 	14064857 516171 0 	390.299 	3 	137
3260100000000 3260200000330 	23600049342 63722663507 518298 	23599531044 518298 0 0 0 	14122260 518298 0 	390.355 	3 	137
3279300000000 3279400000352 	23800050046 64271802691 520293 	23799529753 520293 0 0 0 	14176035 520293 0 	390.385 	3 	137
3298500000000 3298600000376 	24000050798 64821088533 522093 	23999528705 522093 0 0 0 	14226099 522093 0 	390.399 	3 	137
3317700000000 3317800000290 	24200051378 65370458270 523735 	24199527643 523735 0 0 0 	14271016 523735 0 	390.395 	3 	137
3336900000000 3337000000026 	24400051430 65919966808 525274 	24399526156 525274 0 0 0 	14312584 525274 0 	390.367 	3 	137
3356100000000 3356200000026 	24600051482 66469572087 526759 	24599524723 526759 0 0 0 	14354584 526759 0 	390.34 	3 	137
3375300000000 3375400000285 	24800052052 67019285103 528205 	24799523847 528205 0 0 0 	14394844 528205 0 	390.296 	3 	137
3394500000000 3394600000151 	25000052354 67569097020 529525 	24999522829 529525 0 0 0 	14433397 529525 0 	390.237 	3 	137
3413700000000 3413800000308 	25200052970 68119008387 530766 	25199522204 530766 0 0 0 	14468374 530766 0 	390.162 	3 	137
3432900000000 3433000000278 	25400053526 68669013570 531887 	25399521639 531887 0 0 0 	14500919 531887 0 	390.063 	3 	137
3452100000000 3452200000208 	25600053942 69219158743 532930 	25599521012 532930 0 0 0 	14530962 532930 0 	389.949 	3 	137
3471300000000 3471400000120 	25800054182 69769345871 533988 	25799520194 533988 0 0 0 	14560445 533988 0 	389.82 	3 	137
3490500000000 3490600000296 	26000054774 70319635896 534939 	25999519835 534939 0 0 0 	14587676 534939 0 	389.676 	3 	137
3509700000000 3509800000270 	26200055314 70870055574 535832 	26199519482 535832 0 0 0 	14613201 535832 0 	389.518 	3 	137
3528900000000 3529000000320 	26400055954 71420552160 536626 	26399519328 536626 0 0 0 	14636336 536626 0 	389.346 	3 	137
3548100000000 3548200000350 	26600056654 71971214977 537442 	26599519212 537442 0 0 0 	14659152 537442 0 	389.159 	3 	137
3567300000000 3567400000264 	26800057182 72521944554 538161 	26799519021 538161 0 0 0 	14678984 538161 0 	388.958 	3 	137
3586500000000 3586600000328 	27000057838 73072743507 538862 	26999518976 538862 0 0 0 	14698482 538862 0 	388.744 	3 	137
3605700000000 3605800000080 	27200057998 73623730537 539500 	27199518498 539500 0 0 0 	14717541 539500 0 	388.516 	3 	137
3624900000000 3625000000140 	27400058278 74174759272 540053 	27399518225 540053 0 0 0 	14732898 540053 0 	388.274 	3 	137
3644100000000 3644200000044 	27600058366 74725862757 540643 	27599517723 540643 0 0 0 	14749438 540643 0 	388.019 	3 	137
3663300000000 3663400000044 	27800058454 75277144493 541180 	27799517274 541180 0 0 0 	14763410 541180 0 	387.751 	3 	137
3682500000000 3682600000032 	28000058518 75828512234 541662 	27999516856 541662 0 0 0 	14777184 541662 0 	387.47 	3 	137
3701700000000 3701800000250 	28200059018 76379946658 542131 	28199516887 542131 0 0 0 	14789672 542131 0 	387.176 	3 	137
3720900000000 3721000000236 	28400059490 76931439356 542527 	28399516963 542527 0 0 0 	14800915 542527 0 	386.87 	3 	137
3740100000000 3740200000228 	28600059946 77483093946 542922 	28599517024 542922 0 0 0 	14812633 542922 0 	386.55 	3 	137
3759300000000 3759400000112 	28800060170 78034850073 543300 	28799516870 543300 0 0 0 	14824407 543300 0 	386.219 	3 	137
3778500000000 3778600000278 	29000060726 78586717829 543648 	28999517078 543648 0 0 0 	14834057 543648 0 	385.883 	3 	137
3797700000000 3797800000296 	29200061318 79138628085 543976 	29199517342 543976 0 0 0 	14843735 543976 0 	385.536 	3 	137
3816900000000 3817000000254 	29400061826 79690654459 544228 	29399517598 544228 0 0 0 	14851000 544228 0 	385.176 	3 	137
3836100000000 3836200000032 	29600061890 80242795764 544545 	29599517345 544545 0 0 0 	14859880 544545 0 	384.804 	3 	137
3855300000000 3855400000320 	29800062530 80795007563 544824 	29799517706 544824 0 0 0 	14867666 544824 0 	384.43 	3 	137
3874500000000 3874600000268 	30000063066 81347296208 545076 	29999517990 545076 0 0 0 	14874822 545076 0 	384.043 	3 	137
3893700000000 3893800000060 	30200063186 81899729336 545297 	30199517889 545297 0 0 0 	14881411 545297 0 	383.645 	3 	137
3912900000000 3913000000230 	30400063646 82452246525 545532 	30399518114 545532 0 0 0 	14888141 545532 0 	383.235 	3 	137
3932100000000 3932200000230 	30600064106 83004805337 545741 	30599518365 545741 0 0 0 	14893887 545741 0 	382.831 	3 	137
3951300000000 3951400000208 	30800064522 83557518428 545922 	30799518600 545922 0 0 0 	14899535 545922 0 	382.425 	3 	137
3970500000000 3970600000197 	31000064916 84110283951 546100 	30999518816 546100 0 0 0 	14905075 546100 0 	382.007 	3 	137
3989700000000 3989800000174 	31200065264 84663113296 546271 	31199518993 546271 0 0 0 	14910285 546271 0 	381.587 	3 	137
4008900000000 4009000000008 	31400065280 85216061706 546427 	31399518853 546427 0 0 0 	14914509 546427 0 	381.155 	3 	137
4028100000000 4028200000320 	31600065920 85769141761 546577 	31599519343 546577 0 0 0 	14918390 546577 0 	380.713 	3 	137
4047300000000 4047400000167 	31800066254 86322293002 546729 	31799519525 546729 0 0 0 	14923462 546729 0 	380.268 	3 	137
4066500000000 4066600000120 	32000066494 86875524916 546847 	31999519647 546847 0 0 0 	14927233 546847 0 	379.812 	3 	137
4085700000000 4085800000188 	32200066870 87428837075 546979 	32199519891 546979 0 0 0 	14930639 546979 0 	379.354 	3 	137
4104900000000 4105000000096 	32400067062 87982283525 547097 	32399519965 547097 0 0 0 	14934102 547097 0 	378.885 	3 	137
4124100000000 4124200000215 	32600067492 88535803953 547217 	32599520275 547217 0 0 0 	14937798 547217 0 	378.414 	3 	137
4143300000000 4143400000057 	32800067606 89089429248 547323 	32799520283 547323 0 0 0 	14940538 547323 0 	377.933 	3 	137
4162500000000 4162600000056 	33000067718 89643126523 547428 	32999520290 547428 0 0 0 	14943429 547428 0 	377.449 	3 	137
4181700000000 4181800000110 	33200067938 90196915054 547514 	33199520424 547514 0 0 0 	14945527 547514 0 	376.955 	3 	137
4200900000000 4201000000125 	33400068188 90750801063 547585 	33399520603 547585 0 0 0 	14947760 547585 0 	376.459 	3 	137
4220100000000 4220200000031 	33600068250 91304687743 547649 	33599520601 547649 0 0 0 	14949676 547649 0 	375.953 	3 	137
4239300000000 4239400000188 	33800068626 91858708328 547707 	33799520919 547707 0 0 0 	14951227 547707 0 	375.445 	3 	137
4258500000000 4258600000192 	34000069010 92412832892 547782 	33999521228 547782 0 0 0 	14953059 547782 0 	374.927 	3 	137
4277700000000 4277800000302 	34200069614 92967015036 547862 	34199521752 547862 0 0 0 	14955661 547862 0 	374.407 	3 	137
4296900000000 4297000000052 	34400069718 93521284341 547921 	34399521797 547921 0 0 0 	14957431 547921 0 	373.886 	3 	137
4316100000000 4316200000208 	34600070134 94075671555 549115 	34599521019 549115 0 0 0 	14990192 549115 0 	373.898 	3 	137
4335300000000 4335400000120 	34800070374 94630101897 550246 	34799520128 550246 0 0 0 	15022113 550246 0 	373.899 	3 	137
4354500000000 4354600000296 	35000070966 95184675249 551325 	34999519641 551325 0 0 0 	15053162 551325 0 	373.888 	3 	137
4373700000000 4373800000270 	35200071506 95739265317 552305 	35199519201 552305 0 0 0 	15080470 552305 0 	373.865 	3 	137
4392900000000 4393000000270 	35400072046 96293941556 553259 	35399518787 553259 0 0 0 	15108551 553259 0 	373.843 	3 	137
4412100000000 4412200000320 	35600072686 96848700592 554132 	35599518554 554132 0 0 0 	15133686 554132 0 	373.81 	3 	137
4431300000000 4431400000350 	35800073386 97403599213 555034 	35799518352 555034 0 0 0 	15158455 555034 0 	373.765 	3 	137
4450500000000 4450600000264 	36000073914 97958538896 555906 	35999518008 555906 0 0 0 	15182504 555906 0 	373.71 	3 	137
4469700000000 4469800000328 	36200074570 98513594646 556700 	36199517870 556700 0 0 0 	15204994 556700 0 	373.643 	3 	137
4488900000000 4489000000328 	36400075226 99068686873 557426 	36399517800 557426 0 0 0 	15226272 557426 0 	373.577 	3 	137
4508100000000 4508200000080 	36600075386 99623888034 558129 	36599517257 558129 0 0 0 	15246737 558129 0 	373.5 	3 	137
4527300000000 4527400000140 	36800075666 100179182089 558792 	36799516874 558792 0 0 0 	15264695 558792 0 	373.412 	3 	137
4546500000000 4546600000044 	37000075754 100734461666 559462 	36999516292 559462 0 0 0 	15284219 559462 0 	373.313 	3 	137
4565700000000 4565800000044 	37200075842 101289870099 560091 	37199515751 560091 0 0 0 	15301888 560091 0 	373.216 	3 	137
4584900000000 4585000000044 	37400075930 101845375762 560673 	37399515257 560673 0 0 0 	15318188 560673 0 	373.108 	3 	137
4604100000000 4604200000032 	37600075994 102400995642 561200 	37599514794 561200 0 0 0 	15333107 561200 0 	372.989 	3 	137
4623300000000 4623400000250 	37800076494 102956672118 561722 	37799514772 561722 0 0 0 	15347715 561722 0 	372.859 	3 	137
4642500000000 4642600000236 	38000076966 103512399633 562202 	37999514764 562202 0 0 0 	15362087 562202 0 	372.719 	3 	137
4661700000000 4661800000236 	38200077438 104068203071 562694 	38199514744 562694 0 0 0 	15375659 562694 0 	372.58 	3 	137
4680900000000 4681000000228 	38400077894 104624147508 563145 	38399514749 563145 0 0 0 	15389289 563145 0 	372.431 	3 	137
4700100000000 4700200000112 	38600078118 105180148008 563563 	38599514555 563563 0 0 0 	15399776 563563 0 	372.272 	3 	137
4719300000000 4719400000278 	38800078674 105736277768 563966 	38799514708 563966 0 0 0 	15410541 563966 0 	372.108 	3 	137
4738500000000 4738600000278 	39000079230 106292402530 564324 	38999514906 564324 0 0 0 	15420258 564324 0 	371.946 	3 	137
4757700000000 4757800000296 	39200079822 106848672937 564666 	39199515156 564666 0 0 0 	15429059 564666 0 	371.774 	3 	137
4776900000000 4777000000254 	39400080330 107404974915 564980 	39399515350 564980 0 0 0 	15438461 564980 0 	371.592 	3 	137
4796100000000 4796200000032 	39600080394 107961354343 565326 	39599515068 565326 0 0 0 	15447521 565326 0 	371.399 	3 	137
4815300000000 4815400000032 	39800080458 108517787714 565641 	39799514817 565641 0 0 0 	15456808 565641 0 	371.209 	3 	137
4834500000000 4834600000320 	40000081098 109074347940 565955 	39999515143 565955 0 0 0 	15466491 565955 0 	371.014 	3 	137
4853700000000 4853800000268 	40200081634 109630952007 566223 	40199515411 566223 0 0 0 	15474361 566223 0 	370.81 	3 	137
4872900000000 4873000000060 	40400081754 110187601368 566505 	40399515249 566505 0 0 0 	15483337 566505 0 	370.596 	3 	137
4892100000000 4892200000230 	40600082214 110744288573 566752 	40599515462 566752 0 0 0 	15489838 566752 0 	370.371 	3 	137
4911300000000 4911400000230 	40800082674 111301124281 567000 	40799515674 567000 0 0 0 	15496494 567000 0 	370.149 	3 	137
4930500000000 4930600000208 	41000083090 111858021506 567249 	40999515841 567249 0 0 0 	15502933 567249 0 	369.923 	3 	137
4949700000000 4949800000197 	41200083484 112415015083 567460 	41199516024 567460 0 0 0 	15509075 567460 0 	369.688 	3 	137
4968900000000 4969000000174 	41400083832 112972040597 567653 	41399516179 567653 0 0 0 	15514455 567653 0 	369.449 	3 	137
4988100000000 4988200000174 	41600084180 113529133679 567858 	41599516322 567858 0 0 0 	15520304 567858 0 	369.212 	3 	137
5007300000000 5007400000008 	41800084196 114086339865 568019 	41799516177 568019 0 0 0 	15525043 568019 0 	368.966 	3 	137
5026500000000 5026600000320 	42000084836 114643585819 568181 	41999516655 568181 0 0 0 	15529747 568181 0 	368.71 	3 	137
5045700000000 5045800000167 	42200085170 115200992692 568344 	42199516826 568344 0 0 0 	15534395 568344 0 	368.45 	3 	137
5064900000000 5065000000120 	42400085410 115758451127 568499 	42399516911 568499 0 0 0 	15538682 568499 0 	368.181 	3 	137
5084100000000 5084200000120 	42600085650 116315994018 568641 	42599517009 568641 0 0 0 	15542730 568641 0 	367.915 	3 	137
5103300000000 5103400000188 	42800086026 116873514988 568777 	42799517249 568777 0 0 0 	15546803 568777 0 	367.645 	3 	137
5122500000000 5122600000096 	43000086218 117431137414 568924 	42999517294 568924 0 0 0 	15550841 568924 0 	367.366 	3 	137
5141700000000 5141800000215 	43200086648 117988826277 569052 	43199517596 569052 0 0 0 	15554621 569052 0 	367.083 	3 	137
5160900000000 5161000000215 	43400087078 118546553242 569154 	43399517924 569154 0 0 0 	15557600 569154 0 	366.804 	3 	137
5180100000000 5180200000057 	43600087192 119104387423 569260 	43599517932 569260 0 0 0 	15560444 569260 0 	366.515 	3 	137
5199300000000 5199400000056 	43800087304 119662280077 569372 	43799517932 569372 0 0 0 	15563402 569372 0 	366.223 	3 	137
5218500000000 5218600000110 	44000087524 120220214836 569467 	43999518057 569467 0 0 0 	15565856 569467 0 	365.921 	3 	137
5237700000000 5237800000110 	44200087744 120778217939 569572 	44199518172 569572 0 0 0 	15568867 569572 0 	365.622 	3 	137
5256900000000 5257000000125 	44400087994 121336398338 569663 	44399518331 569663 0 0 0 	15571957 569663 0 	365.321 	3 	137
5276100000000 5276200000031 	44600088056 121894645422 569757 	44599518299 569757 0 0 0 	15575057 569757 0 	365.01 	3 	137
5295300000000 5295400000188 	44800088432 122452971617 569843 	44799518589 569843 0 0 0 	15577253 569843 0 	364.696 	3 	137
5314500000000 5314600000192 	45000088816 123011315539 569927 	44999518889 569927 0 0 0 	15579691 569927 0 	364.373 	3 	137
5333700000000 5333800000192 	45200089200 123569687861 569999 	45199519201 569999 0 0 0 	15581744 569999 0 	364.053 	3 	137
5352900000000 5353000000302 	45400089804 124128112746 570080 	45399519724 570080 0 0 0 	15583998 570080 0 	363.73 	3 	137
5372100000000 5372200000052 	45600089908 124686626609 570148 	45599519760 570148 0 0 0 	15585860 570148 0 	363.404 	3 	137
5391300000000 5391400000200 	45800090308 125245258259 570212 	45799520096 570212 0 0 0 	15587513 570212 0 	363.069 	3 	137
5410500000000 5410600000200 	46000090708 125803957300 570274 	45999520434 570274 0 0 0 	15589292 570274 0 	362.737 	3 	137
5429700000000 5429800000251 	46200091210 126362679885 570329 	46199520881 570329 0 0 0 	15591065 570329 0 	362.403 	3 	137
5448900000000 5449000000197 	46400091604 126921503706 570389 	46399521215 570389 0 0 0 	15592971 570389 0 	362.059 	3 	137
5468100000000 5468200000048 	46600091700 127480334932 570445 	46599521255 570445 0 0 0 	15594489 570445 0 	361.713 	3 	137
5487300000000 5487400000280 	46800092260 128039213796 570493 	46799521767 570493 0 0 0 	15595952 570493 0 	361.364 	3 	137
5506500000000 5506600000280 	47000092820 128598199199 570537 	46999522283 570537 0 0 0 	15597368 570537 0 	361.018 	3 	137
5525700000000 5525800000021 	47200092862 129157272757 570579 	47199522283 570579 0 0 0 	15598627 570579 0 	360.663 	3 	137
5544900000000 5545000000072 	47400093006 129716398634 570628 	47399522378 570628 0 0 0 	15599840 570628 0 	360.306 	3 	137
5564100000000 5564200000113 	47600093232 130275623203 570685 	47599522547 570685 0 0 0 	15601349 570685 0 	359.946 	3 	137
5583300000000 5583400000113 	47800093458 130834876148 570725 	47799522733 570725 0 0 0 	15602536 570725 0 	359.589 	3 	137
5602500000000 5602600000069 	48000093596 131394222875 570761 	47999522835 570761 0 0 0 	15603620 570761 0 	359.224 	3 	137
5621700000000 5621800000224 	48200094044 131953679018 570795 	48199523249 570795 0 0 0 	15604345 570795 0 	358.855 	3 	137
5640900000000 5641000000271 	48400094586 132513094382 570821 	48399523765 570821 0 0 0 	15605076 570821 0 	358.484 	3 	137
5660100000000 5660200000271 	48600095128 133072688064 570849 	48599524279 570849 0 0 0 	15605725 570849 0 	358.117 	3 	137
5679300000000 5679400000186 	48800095500 133632290207 570873 	48799524627 570873 0 0 0 	15606409 570873 0 	357.748 	3 	137
5698500000000 5698600000092 	49000095684 134191957527 570902 	48999524782 570902 0 0 0 	15607223 570902 0 	357.369 	3 	137
5717700000000 5717800000031 	49200095746 134751687667 570929 	49199524817 570929 0 0 0 	15607907 570929 0 	356.988 	3 	137
5736900000000 5737000000020 	49400095786 135311478700 570945 	49399524841 570945 0 0 0 	15608471 570945 0 	356.604 	3 	137
5756100000000 5756200000020 	49600095826 135871339632 570978 	49599524848 570978 0 0 0 	15609650 570978 0 	356.224 	3 	137
5775300000000 5775400000032 	49800095890 136431291218 571006 	49799524884 571006 0 0 0 	15610344 571006 0 	355.841 	3 	137
5794500000000 5794600000040 	50000095970 136991316614 571032 	49999524938 571032 0 0 0 	15611421 571032 0 	355.456 	3 	137
5813700000000 5813800000214 	50200096398 137551314649 571050 	50199525348 571050 0 0 0 	15611899 571050 0 	355.062 	3 	137
5832900000000 5833000000214 	50400096826 138111426637 571066 	50399525760 571066 0 0 0 	15612386 571066 0 	354.672 	3 	137
5852100000000 5852200000047 	50600096920 138671526252 571090 	50599525830 571090 0 0 0 	15612901 571090 0 	354.279 	3 	137
5871300000000 5871400000044 	50800097008 139231790445 571103 	50799525905 571103 0 0 0 	15613437 571103 0 	353.884 	3 	137
5890500000000 5890600000175 	51000097358 139792088250 571115 	50999526243 571115 0 0 0 	15613688 571115 0 	353.486 	3 	137
5909700000000 5909800000136 	51200097630 140352396399 571131 	51199526499 571131 0 0 0 	15614024 571131 0 	353.086 	3 	137
5928900000000 5929000000136 	51400097902 140912759164 571139 	51399526763 571139 0 0 0 	15614185 571139 0 	352.69 	3 	137
5948100000000 5948200000173 	51600098248 141473240988 571155 	51599527093 571155 0 0 0 	15614599 571155 0 	352.291 	3 	137
5967300000000 5967400000084 	51800098416 142033753517 571165 	51799527251 571165 0 0 0 	15614943 571165 0 	351.884 	3 	137
5986500000000 5986600000170 	52000098756 142594301299 571178 	51999527578 571178 0 0 0 	15615491 571178 0 	351.474 	3 	137
6005700000000 6005800000170 	52200099096 143154945608 571190 	52199527906 571190 0 0 0 	15615824 571190 0 	351.068 	3 	137
6024900000000 6025000000320 	52400099736 143715694544 571549 	52399528187 571549 0 0 0 	15626485 571549 0 	351.008 	3 	137
6044100000000 6044200000320 	52600100376 144276444325 571844 	52599528532 571844 0 0 0 	15634994 571844 0 	350.948 	3 	137
6063300000000 6063400000268 	52800100912 144837288640 572170 	52799528742 572170 0 0 0 	15643840 572170 0 	350.881 	3 	137
6082500000000 6082600000060 	53000101032 145398198089 572506 	52999528526 572506 0 0 0 	15654099 572506 0 	350.806 	3 	137
6101700000000 6101800000060 	53200101152 145959144047 572787 	53199528365 572787 0 0 0 	15661920 572787 0 	350.731 	3 	137
6120900000000 6121000000230 	53400101612 146520137439 573051 	53399528561 573051 0 0 0 	15669717 573051 0 	350.648 	3 	137
6140100000000 6140200000230 	53600102072 147081195715 573304 	53599528768 573304 0 0 0 	15676937 573304 0 	350.567 	3 	137
6159300000000 6159400000208 	53800102488 147642375841 573562 	53799528926 573562 0 0 0 	15684254 573562 0 	350.481 	3 	137
6178500000000 6178600000197 	54000102882 148203577139 573804 	53999529078 573804 0 0 0 	15691478 573804 0 	350.388 	3 	137
6197700000000 6197800000197 	54200103276 148764805282 574024 	54199529252 574024 0 0 0 	15698722 574024 0 	350.296 	3 	137
6216900000000 6217000000174 	54400103624 149326144800 574271 	54399529353 574271 0 0 0 	15705524 574271 0 	350.2 	3 	137
6236100000000 6236200000174 	54600103972 149887471317 574514 	54599529458 574514 0 0 0 	15712068 574514 0 	350.104 	3 	137
6255300000000 6255400000008 	54800103988 150448907639 574728 	54799529260 574728 0 0 0 	15718528 574728 0 	350.001 	3 	137
6274500000000 6274600000320 	55000104628 151010436350 574921 	54999529707 574921 0 0 0 	15723786 574921 0 	349.891 	3 	137
6293700000000 6293800000320 	55200105268 151571996282 575109 	55199530159 575109 0 0 0 	15728450 575109 0 	349.781 	3 	137
6312900000000 6313000000167 	55400105602 152133608817 575272 	55399530330 575272 0 0 0 	15733421 575272 0 	349.668 	3 	137
6332100000000 6332200000120 	55600105842 152695276505 575432 	55599530410 575432 0 0 0 	15738627 575432 0 	349.547 	3 	137
6351300000000 6351400000120 	55800106082 153257049028 575607 	55799530475 575607 0 0 0 	15743664 575607 0 	349.427 	3 	137
6370500000000 6370600000188 	56000106458 153818815986 575779 	55999530679 575779 0 0 0 	15748513 575779 0 	349.304 	3 	137
6389700000000 6389800000188 	56200106834 154380619440 575937 	56199530897 575937 0 0 0 	15753272 575937 0 	349.181 	3 	137
6408900000000 6409000000096 	56400107026 154942546796 576089 	56399530937 576089 0 0 0 	15757680 576089 0 	349.051 	3 	137
6428100000000 6428200000215 	56600107456 155504470251 576244 	56599531212 576244 0 0 0 	15761997 576244 0 	348.918 	3 	137
6447300000000 6447400000215 	56800107886 156066488545 576400 	56799531486 576400 0 0 0 	15766038 576400 0 	348.786 	3 	137
6466500000000 6466600000057 	57000108000 156628593652 576562 	56999531438 576562 0 0 0 	15770405 576562 0 	348.646 	3 	137
6485700000000 6485800000151 	57200108302 157190675634 576682 	57199531620 576682 0 0 0 	15774609 576682 0 	348.506 	3 	137
6504900000000 6505000000056 	57400108414 157752826576 576818 	57399531596 576818 0 0 0 	15778031 576818 0 	348.364 	3 	137
6524100000000 6524200000110 	57600108634 158315067253 576947 	57599531687 576947 0 0 0 	15782142 576947 0 	348.214 	3 	137
6543300000000 6543400000110 	57800108854 158877340199 577051 	57799531803 577051 0 0 0 	15785382 577051 0 	348.066 	3 	137
6562500000000 6562600000125 	58000109104 159439696398 577144 	57999531960 577144 0 0 0 	15788344 577144 0 	347.914 	3 	137
6581700000000 6581800000031 	58200109166 160002048622 577256 	58199531910 577256 0 0 0 	15791439 577256 0 	347.755 	3 	137
6600900000000 6601000000031 	58400109228 160564539538 577355 	58399531873 577355 0 0 0 	15794268 577355 0 	347.597 	3 	137
6620100000000 6620200000188 	58600109604 161127094384 577452 	58599532152 577452 0 0 0 	15796920 577452 0 	347.435 	3 	137
6639300000000 6639400000188 	58800109980 161689627524 577551 	58799532429 577551 0 0 0 	15799400 577551 0 	347.276 	3 	137
6658500000000 6658600000192 	59000110364 162252325832 577640 	58999532724 577640 0 0 0 	15801807 577640 0 	347.108 	3 	137
6677700000000 6677800000302 	59200110968 162814910432 577723 	59199533245 577723 0 0 0 	15803892 577723 0 	346.937 	3 	137
6696900000000 6697000000302 	59400111572 163377577421 577808 	59399533764 577808 0 0 0 	15805773 577808 0 	346.768 	3 	137
6716100000000 6716200000052 	59600111676 163940410984 577897 	59599533779 577897 0 0 0 	15808043 577897 0 	346.596 	3 	137
6735300000000 6735400000200 	59800112076 164503277124 577962 	59799534114 577962 0 0 0 	15809797 577962 0 	346.416 	3 	137
6754500000000 6754600000200 	60000112476 165066222117 578041 	59999534435 578041 0 0 0 	15811977 578041 0 	346.237 	3 	137
6773700000000 6773800000251 	60200112978 165629139818 578101 	60199534877 578101 0 0 0 	15813708 578101 0 	346.056 	3 	137
6792900000000 6793000000251 	60400113480 166192168103 578162 	60399535318 578162 0 0 0 	15815632 578162 0 	345.875 	3 	137
6812100000000 6812200000197 	60600113874 166755246392 578220 	60599535654 578220 0 0 0 	15817369 578220 0 	345.688 	3 	137
6831300000000 6831400000048 	60800113970 167318366054 578284 	60799535686 578284 0 0 0 	15819283 578284 0 	345.497 	3 	137
6850500000000 6850600000048 	61000114066 167881516277 578352 	60999535714 578352 0 0 0 	15821530 578352 0 	345.307 	3 	137
6869700000000 6869800000280 	61200114626 168444747052 578402 	61199536224 578402 0 0 0 	15822992 578402 0 	345.115 	3 	137
6888900000000 6889000000280 	61400115186 169008006548 578452 	61399536734 578452 0 0 0 	15824462 578452 0 	344.924 	3 	137
6908100000000 6908200000021 	61600115228 169571286409 578505 	61599536723 578505 0 0 0 	15825991 578505 0 	344.726 	3 	137
6927300000000 6927400000072 	61800115372 170134683620 578546 	61799536826 578546 0 0 0 	15826983 578546 0 	344.525 	3 	137
6946500000000 6946600000072 	62000115516 170698111329 578581 	61999536935 578581 0 0 0 	15827846 578581 0 	344.325 	3 	137
6965700000000 6965800000113 	62200115742 171261629654 578625 	62199537117 578625 0 0 0 	15829329 578625 0 	344.122 	3 	137
6984900000000 6985000000069 	62400115880 171825117125 578663 	62399537217 578663 0 0 0 	15830168 578663 0 	343.912 	3 	137
7004100000000 7004200000069 	62600116018 172388676982 578709 	62599537309 578709 0 0 0 	15831564 578709 0 	343.703 	3 	137
7023300000000 7023400000224 	62800116466 172952292367 578756 	62799537710 578756 0 0 0 	15832803 578756 0 	343.492 	3 	137
7042500000000 7042600000224 	63000116914 173516034239 578792 	62999538122 578792 0 0 0 	15834399 578792 0 	343.282 	3 	137
7061700000000 7061800000271 	63200117456 174079772725 578831 	63199538625 578831 0 0 0 	15835429 578831 0 	343.069 	3 	137
7080900000000 7081000000186 	63400117828 174643550820 578863 	63399538965 578863 0 0 0 	15836231 578863 0 	342.853 	3 	137
7100100000000 7100200000186 	63600118200 175207385242 578902 	63599539298 578902 0 0 0 	15837457 578902 0 	342.639 	3 	137
7119300000000 7119400000092 	63800118384 175771287990 578934 	63799539450 578934 0 0 0 	15838859 578934 0 	342.417 	3 	137
7138500000000 7138600000031 	64000118446 176335228517 578969 	63999539477 578969 0 0 0 	15839883 578969 0 	342.193 	3 	137
7157700000000 7157800000031 	64200118508 176899239976 578993 	64199539515 578993 0 0 0 	15840624 578993 0 	341.97 	3 	137
7176900000000 7177000000020 	64400118548 177463300063 579030 	64399539518 579030 0 0 0 	15841557 579030 0 	341.744 	3 	137
7196100000000 7196200000020 	64600118588 178027368754 579055 	64599539533 579055 0 0 0 	15842285 579055 0 	341.52 	3 	137
7215300000000 7215400000032 	64800118652 178591504782 579085 	64799539567 579085 0 0 0 	15843095 579085 0 	341.293 	3 	137
7234500000000 7234600000040 	65000118732 179155718275 579109 	64999539623 579109 0 0 0 	15843666 579109 0 	341.063 	3 	137
7253700000000 7253800000040 	65200118812 179719970263 579134 	65199539678 579134 0 0 0 	15844292 579134 0 	340.835 	3 	137
7272900000000 7273000000214 	65400119240 180284324536 579155 	65399540085 579155 0 0 0 	15844977 579155 0 	340.6 	3 	137
7292100000000 7292200000214 	65600119668 180848686018 579179 	65599540489 579179 0 0 0 	15845855 579179 0 	340.366 	3 	137
7311300000000 7311400000047 	65800119762 181413029447 579199 	65799540563 579199 0 0 0 	15846565 579199 0 	340.13 	3 	137
7330500000000 7330600000044 	66000119850 181977472652 579215 	65999540635 579215 0 0 0 	15846850 579215 0 	339.89 	3 	137
7349700000000 7349800000044 	66200119938 182541964970 579233 	66199540705 579233 0 0 0 	15847411 579233 0 	339.653 	3 	137
7368900000000 7369000000175 	66400120288 183106542825 579252 	66399541036 579252 0 0 0 	15848014 579252 0 	339.413 	3 	137
7388100000000 7388200000136 	66600120560 183671128459 579273 	66599541287 579273 0 0 0 	15848485 579273 0 	339.169 	3 	137
7407300000000 7407400000136 	66800120832 184235755629 579291 	66799541541 579291 0 0 0 	15848951 579291 0 	338.928 	3 	137
7426500000000 7426600000173 	67000121178 184800433282 579306 	66999541872 579306 0 0 0 	15849620 579306 0 	338.684 	3 	137
7445700000000 7445800000173 	67200121524 185365150715 579327 	67199542197 579327 0 0 0 	15850385 579327 0 	338.442 	3 	137
7464900000000 7465000000084 	67400121692 185929953541 579340 	67399542352 579340 0 0 0 	15850922 579340 0 	338.192 	3 	137
7484100000000 7484200000170 	67600122032 186494805537 579349 	67599542683 579349 0 0 0 	15851144 579349 0 	337.939 	3 	137
7503300000000 7503400000170 	67800122372 187059726427 579363 	67799543009 579363 0 0 0 	15851535 579363 0 	337.689 	3 	137
7522500000000 7522600000212 	68000122796 187624631634 579373 	67999543423 579373 0 0 0 	15851817 579373 0 	337.435 	3 	137
7541700000000 7541800000180 	68200123156 188189676614 579383 	68199543773 579383 0 0 0 	15852127 579383 0 	337.179 	3 	137
7560900000000 7561000000180 	68400123516 188754752859 579392 	68399544124 579392 0 0 0 	15852263 579392 0 	336.925 	3 	137
7580100000000 7580200000044 	68600123604 189319821373 579408 	68599544196 579408 0 0 0 	15852837 579408 0 	336.668 	3 	137
7599300000000 7599400000044 	68800123692 189884934631 579420 	68799544272 579420 0 0 0 	15853131 579420 0 	336.413 	3 	137
7618500000000 7618600000040 	69000123772 190450156598 579430 	68999544342 579430 0 0 0 	15853345 579430 0 	336.155 	3 	137
7637700000000 7637800000135 	69200124042 191015463686 579444 	69199544598 579444 0 0 0 	15853795 579444 0 	335.894 	3 	137
7656900000000 7657000000135 	69400124312 191580747096 579456 	69399544856 579456 0 0 0 	15854157 579456 0 	335.635 	3 	137
7676100000000 7676200000032 	69600124376 192146086960 579466 	69599544910 579466 0 0 0 	15854535 579466 0 	335.374 	3 	137
7695300000000 7695400000032 	69800124440 192711488809 579476 	69799544964 579476 0 0 0 	15854909 579476 0 	335.114 	3 	137
7714500000000 7714600000227 	70000124894 193276914470 579485 	69999545409 579485 0 0 0 	15855349 579485 0 	334.852 	3 	137
7733700000000 7733800000160 	70200125214 193842421315 579489 	70199545725 579489 0 0 0 	15855454 579489 0 	334.587 	3 	137
7752900000000 7753000000160 	70400125534 194407869718 579494 	70399546040 579494 0 0 0 	15855584 579494 0 	334.324 	3 	137
7772100000000 7772200000062 	70600125658 194973400794 579500 	70599546158 579500 0 0 0 	15855911 579500 0 	334.058 	3 	137
7791300000000 7791400000160 	70800125978 195539068368 579508 	70799546470 579508 0 0 0 	15856214 579508 0 	333.789 	3 	137
7810500000000 7810600000160 	71000126298 196104758306 579514 	70999546784 579514 0 0 0 	15856384 579514 0 	333.522 	3 	137
7829700000000 7829800000159 	71200126616 196670498115 579521 	71199547095 579521 0 0 0 	15856630 579521 0 	333.253 	3 	137
7848900000000 7849000000159 	71400126934 197236248520 579529 	71399547405 579529 0 0 0 	15856831 579529 0 	332.986 	3 	137
7868100000000 7868200000026 	71600126986 197801997603 579536 	71599547450 579536 0 0 0 	15857073 579536 0 	332.716 	3 	137
7887300000000 7887400000242 	71800127470 198367841100 579539 	71799547931 579539 0 0 0 	15857156 579539 0 	332.443 	3 	137
7906500000000 7906600000242 	72000127954 198933759228 579542 	71999548412 579542 0 0 0 	15857194 579542 0 	332.172 	3 	137
7925700000000 7925800000000 	72200127954 199499680735 579549 	72199548405 579549 0 0 0 	15857393 579549 0 	331.898 	3 	137
7944900000000 7945000000035 	72400128024 200065714830 579558 	72399548466 579558 0 0 0 	15857652 579558 0 	331.622 	3 	137
7964100000000 7964200000035 	72600128094 200631774050 579562 	72599548532 579562 0 0 0 	15857727 579562 0 	331.348 	3 	137
7983300000000 7983400000054 	72800128202 201197832027 579567 	72799548635 579567 0 0 0 	15857764 579567 0 	331.071 	3 	137
8002500000000 8002600000054 	73000128310 201763964371 579571 	72999548739 579571 0 0 0 	15857894 579571 0 	330.796 	3 	137
8021700000000 8021800000152 	73200128614 202330442478 613255 	73199515359 613255 0 0 0 	16826536 613255 0 	331.107 	3 	137
8040900000000 8041000000152 	73400128918 202896915546 646403 	73399482515 646403 0 0 0 	17772887 646403 0 	331.417 	3 	137
8060100000000 8060200000152 	73600129222 203463375609 678254 	73599450968 678254 0 0 0 	18683648 678254 0 	331.725 	3 	137
8079300000000 8079400000000 	73800129222 204029965020 709850 	73799419372 709850 0 0 0 	19587872 709850 0 	332.028 	3 	137
8098500000000 8098600000000 	74000129222 204596523398 740772 	73999388450 740772 0 0 0 	20470343 740772 0 	332.33 	3 	137
8117700000000 8117800000000 	74200129222 205163140298 771146 	74199358076 771146 0 0 0 	21334644 771146 0 	332.63 	3 	137
8136900000000 8137000000048 	74400129318 205729753486 800630 	74399328688 800630 0 0 0 	22180917 800630 0 	332.925 	3 	137
8156100000000 8156200000048 	74600129414 206296533909 829713 	74599299701 829713 0 0 0 	23017546 829713 0 	333.219 	3 	137
8175300000000 8175400000048 	74800129510 206863321412 858058 	74799271452 858058 0 0 0 	23832979 858058 0 	333.512 	3 	137
8194500000000 8194600000476 	75000130462 207430060293 886103 	74999244359 886103 0 0 0 	24639423 886103 0 	333.798 	3 	137
8213700000000 8213800000476 	75200131414 207996882868 913433 	75199217981 913433 0 0 0 	25428538 913433 0 	334.084 	3 	137
8232900000000 8233000000476 	75400132366 208563744326 940293 	75399192073 940293 0 0 0 	26200196 940293 0 	334.369 	3 	137
8252100000000 8252200000476 	75600133318 209130717078 966411 	75599166907 966411 0 0 0 	26957662 966411 0 	334.652 	3 	137
8271300000000 8271400000011 	75800133340 209697657809 991995 	75799141345 991995 0 0 0 	27689587 991995 0 	334.931 	3 	137
8290500000000 8290600000011 	76000133362 210264658165 1016960 	75999116402 1016960 0 0 0 	28400599 1016960 0 	335.209 	3 	137
8309700000000 8309800000011 	76200133384 210831697601 1041695 	76199091689 1041695 0 0 0 	29106073 1041695 0 	335.486 	3 	137
8328900000000 8329000000210 	76400133804 211398706396 1065672 	76399068132 1065672 0 0 0 	29788910 1065672 0 	335.757 	3 	137
8348100000000 8348200000210 	76600134224 211965836393 1089868 	76599044356 1089868 0 0 0 	30483567 1089868 0 	336.027 	3 	137
8367300000000 8367400000210 	76800134644 212532991235 1113193 	76799021451 1113193 0 0 0 	31150141 1113193 0 	336.296 	3 	137
8386500000000 8386600000381 	77000135406 213100203795 1136175 	76998999231 1136175 0 0 0 	31811532 1136175 0 	336.559 	3 	137
8405700000000 8405800000381 	77200136168 213667432788 1158355 	77198977813 1158355 0 0 0 	32443880 1158355 0 	336.821 	3 	137
8424900000000 8425000000200 	77400136568 214234523598 1158436 	77398978132 1158436 0 0 0 	32445912 1158436 0 	336.714 	3 	137
8444100000000 8444200000200 	77600136968 214801692312 1158527 	77598978441 1158527 0 0 0 	32448209 1158527 0 	336.608 	3 	137
8463300000000 8463400000251 	77800137470 215368867805 1158602 	77798978868 1158602 0 0 0 	32450402 1158602 0 	336.499 	3 	137
8482500000000 8482600000251 	78000137972 215936144268 1158669 	77998979303 1158669 0 0 0 	32452203 1158669 0 	336.391 	3 	137
8501700000000 8501800000197 	78200138366 216503409393 1158743 	78198979623 1158743 0 0 0 	32454006 1158743 0 	336.277 	3 	137
8520900000000 8521000000197 	78400138760 217070675997 1158816 	78398979944 1158816 0 0 0 	32456434 1158816 0 	336.164 	3 	137
8540100000000 8540200000048 	78600138856 217638065842 1158874 	78598979982 1158874 0 0 0 	32457981 1158874 0 	336.048 	3 	137
8559300000000 8559400000048 	78800138952 218205507882 1158946 	78798980006 1158946 0 0 0 	32459904 1158946 0 	335.932 	3 	137
8578500000000 8578600000280 	79000139512 218772917329 1159005 	78998980507 1159005 0 0 0 	32462072 1159005 0 	335.814 	3 	137
8597700000000 8597800000280 	79200140072 219340399669 1159084 	79198980988 1159084 0 0 0 	32464248 1159084 0 	335.697 	3 	137
8616900000000 8617000000021 	79400140114 219907876652 1159129 	79398980985 1159129 0 0 0 	32465282 1159129 0 	335.574 	3 	137
8636100000000 8636200000021 	79600140156 220475444116 1159183 	79598980973 1159183 0 0 0 	32467044 1159183 0 	335.451 	3 	137
8655300000000 8655400000072 	79800140300 221043054759 1159229 	79798981071 1159229 0 0 0 	32468336 1159229 0 	335.326 	3 	137
8674500000000 8674600000072 	80000140444 221610732509 1159271 	79998981173 1159271 0 0 0 	32469233 1159271 0 	335.202 	3 	137
8693700000000 8693800000113 	80200140670 222178416675 1159327 	80198981343 1159327 0 0 0 	32470685 1159327 0 	335.075 	3 	137
8712900000000 8713000000113 	80400140896 222746136629 1159376 	80398981520 1159376 0 0 0 	32472303 1159376 0 	334.949 	3 	137
8732100000000 8732200000069 	80600141034 223313937380 1159424 	80598981610 1159424 0 0 0 	32473487 1159424 0 	334.817 	3 	137
8751300000000 8751400000069 	80800141172 223881766320 1159463 	80798981709 1159463 0 0 0 	32474274 1159463 0 	334.685 	3 	137
8770500000000 8770600000224 	81000141620 224449643537 1159499 	80998982121 1159499 0 0 0 	32475388 1159499 0 	334.552 	3 	137
8789700000000 8789800000224 	81200142068 225017558505 1159537 	81198982531 1159537 0 0 0 	32476628 1159537 0 	334.418 	3 	137
8808900000000 8809000000271 	81400142610 225585515748 1159596 	81398983014 1159596 0 0 0 	32478594 1159596 0 	334.283 	3 	137
8828100000000 8828200000271 	81600143152 226153555240 1159635 	81598983517 1159635 0 0 0 	32479930 1159635 0 	334.148 	3 	137
8847300000000 8847400000186 	81800143524 226721641841 1159683 	81798983841 1159683 0 0 0 	32481358 1159683 0 	334.01 	3 	137
8866500000000 8866600000186 	82000143896 227289736276 1159711 	81998984185 1159711 0 0 0 	32482030 1159711 0 	333.874 	3 	137
8885700000000 8885800000092 	82200144080 227857845735 1159754 	82198984326 1159754 0 0 0 	32483538 1159754 0 	333.731 	3 	137
8904900000000 8905000000092 	82400144264 228425988440 1159782 	82398984482 1159782 0 0 0 	32484541 1159782 0 	333.589 	3 	137
8924100000000 8924200000031 	82600144326 228994184989 1159816 	82598984510 1159816 0 0 0 	32485401 1159816 0 	333.445 	3 	137
8943300000000 8943400000031 	82800144388 229562430603 1159852 	82798984536 1159852 0 0 0 	32486695 1159852 0 	333.301 	3 	137
8962500000000 8962600000020 	83000144428 230130696747 1159877 	82998984551 1159877 0 0 0 	32487510 1159877 0 	333.155 	3 	137
8981700000000 8981800000020 	83200144468 230699048691 1159912 	83198984556 1159912 0 0 0 	32488549 1159912 0 	333.01 	3 	137
9000900000000 9001000000032 	83400144532 231267391903 1159932 	83398984600 1159932 0 0 0 	32488985 1159932 0 	332.862 	3 	137
9020100000000 9020200000032 	83600144596 231835790606 1159956 	83598984640 1159956 0 0 0 	32489724 1159956 0 	332.716 	3 	137
9039300000000 9039400000040 	83800144676 232404194416 1159980 	83798984696 1159980 0 0 0 	32490547 1159980 0 	332.566 	3 	137
9058500000000 9058600000040 	84000144756 232972661949 1160009 	83998984747 1160009 0 0 0 	32491603 1160009 0 	332.418 	3 	137
9077700000000 9077800000214 	84200145184 233541241978 1160037 	84198985147 1160037 0 0 0 	32492627 1160037 0 	332.263 	3 	137
9096900000000 9097000000214 	84400145612 234109835277 1160059 	84398985553 1160059 0 0 0 	32493202 1160059 0 	332.109 	3 	137
9116100000000 9116200000047 	84600145706 234678418214 1160087 	84598985619 1160087 0 0 0 	32494141 1160087 0 	331.953 	3 	137
9135300000000 9135400000047 	84800145800 235247050137 1160102 	84798985698 1160102 0 0 0 	32494552 1160102 0 	331.798 	3 	137
9154500000000 9154600000016 	85000145832 235815752199 1160132 	84998985700 1160132 0 0 0 	32495688 1160132 0 	331.642 	3 	137
9173700000000 9173800000044 	85200145920 236384504787 1160154 	85198985766 1160154 0 0 0 	32496283 1160154 0 	331.485 	3 	137
9192900000000 9193000000044 	85400146008 236953324361 1160179 	85398985829 1160179 0 0 0 	32496905 1160179 0 	331.329 	3 	137
9212100000000 9212200000175 	85600146358 237522080063 1160198 	85598986160 1160198 0 0 0 	32497454 1160198 0 	331.171 	3 	137
9231300000000 9231400000175 	85800146708 238090895321 1160222 	85798986486 1160222 0 0 0 	32498134 1160222 0 	331.013 	3 	137
9250500000000 9250600000136 	86000146980 238659741197 1160244 	85998986736 1160244 0 0 0 	32498809 1160244 0 	330.853 	3 	137
9269700000000 9269800000136 	86200147252 239228620146 1160269 	86198986983 1160269 0 0 0 	32499623 1160269 0 	330.694 	3 	137
9288900000000 9289000000173 	86400147598 239797608311 1160290 	86398987308 1160290 0 0 0 	32500294 1160290 0 	330.532 	3 	137
9308100000000 9308200000173 	86600147944 240366637186 1160305 	86598987639 1160305 0 0 0 	32500587 1160305 0 	330.371 	3 	137
9327300000000 9327400000084 	86800148112 240935628915 1160322 	86798987790 1160322 0 0 0 	32501064 1160322 0 	330.204 	3 	137
9346500000000 9346600000084 	87000148280 241504740430 1160342 	86998987938 1160342 0 0 0 	32501433 1160342 0 	330.039 	3 	137
9365700000000 9365800000170 	87200148620 242073867157 1160359 	87198988261 1160359 0 0 0 	32501833 1160359 0 	329.87 	3 	137
9384900000000 9385000000170 	87400148960 242643067509 1160376 	87398988584 1160376 0 0 0 	32502214 1160376 0 	329.703 	3 	137
9404100000000 9404200000212 	87600149384 243212298980 1160388 	87598988996 1160388 0 0 0 	32502687 1160388 0 	329.533 	3 	137
9423300000000 9423400000212 	87800149808 243781577721 1160403 	87798989405 1160403 0 0 0 	32503163 1160403 0 	329.365 	3 	137
9442500000000 9442600000180 	88000150168 244350859353 1160414 	87998989754 1160414 0 0 0 	32503403 1160414 0 	329.193 	3 	137
9461700000000 9461800000180 	88200150528 244920142117 1160433 	88198990095 1160433 0 0 0 	32503957 1160433 0 	329.023 	3 	137
9480900000000 9481000000044 	88400150616 245489491628 1160455 	88398990161 1160455 0 0 0 	32504566 1160455 0 	328.85 	3 	137
9500100000000 9500200000044 	88600150704 246058868846 1160468 	88598990236 1160468 0 0 0 	32504935 1160468 0 	328.678 	3 	137
9519300000000 9519400000040 	88800150784 246628300382 1160478 	88798990306 1160478 0 0 0 	32505094 1160478 0 	328.504 	3 	137
9538500000000 9538600000040 	89000150864 247197795369 1160488 	88998990376 1160488 0 0 0 	32505330 1160488 0 	328.331 	3 	137
9557700000000 9557800000135 	89200151134 247767226296 1160497 	89198990637 1160497 0 0 0 	32505561 1160497 0 	328.155 	3 	137
9576900000000 9577000000135 	89400151404 248336792704 1160513 	89398990891 1160513 0 0 0 	32506068 1160513 0 	327.98 	3 	137
9596100000000 9596200000032 	89600151468 248906382752 1160518 	89598990950 1160518 0 0 0 	32506225 1160518 0 	327.802 	3 	137
9615300000000 9615400000032 	89800151532 249475963557 1160531 	89798991001 1160531 0 0 0 	32506533 1160531 0 	327.626 	3 	137
9634500000000 9634600000227 	90000151986 250045633756 1160545 	89998991441 1160545 0 0 0 	32507026 1160545 0 	327.447 	3 	137
9653700000000 9653800000227 	90200152440 250615334231 1160562 	90198991878 1160562 0 0 0 	32507645 1160562 0 	327.27 	3 	137
9672900000000 9673000000160 	90400152760 251185065417 1160572 	90398992188 1160572 0 0 0 	32507848 1160572 0 	327.089 	3 	137
9692100000000 9692200000160 	90600153080 251754843410 1160580 	90598992500 1160580 0 0 0 	32508018 1160580 0 	326.91 	3 	137
9711300000000 9711400000062 	90800153204 252324692307 1160586 	90798992618 1160586 0 0 0 	32508178 1160586 0 	326.728 	3 	137
9730500000000 9730600000062 	91000153328 252894574429 1160592 	90998992736 1160592 0 0 0 	32508320 1160592 0 	326.547 	3 	137
9749700000000 9749800000160 	91200153648 253464447300 1160603 	91198993045 1160603 0 0 0 	32508639 1160603 0 	326.364 	3 	137
9768900000000 9769000000160 	91400153968 254034395062 1160609 	91398993359 1160609 0 0 0 	32508767 1160609 0 	326.182 	3 	137
9788100000000 9788200000159 	91600154286 254604400460 1160616 	91598993670 1160616 0 0 0 	32508869 1160616 0 	325.997 	3 	137
9807300000000 9807400000159 	91800154604 255174410426 1160623 	91798993981 1160623 0 0 0 	32509107 1160623 0 	325.814 	3 	137
9826500000000 9826600000026 	92000154656 255744465376 1160627 	91998994029 1160627 0 0 0 	32509178 1160627 0 	325.628 	3 	137
9845700000000 9845800000026 	92200154708 256314553829 1160635 	92198994073 1160635 0 0 0 	32509471 1160635 0 	325.443 	3 	137
9864900000000 9865000000242 	92400155192 256884660601 1160640 	92398994552 1160640 0 0 0 	32509575 1160640 0 	325.255 	3 	137
9884100000000 9884200000242 	92600155676 257454905435 1160648 	92598995028 1160648 0 0 0 	32509713 1160648 0 	325.069 	3 	137
9903300000000 9903400000000 	92800155676 258025101311 1160653 	92798995023 1160653 0 0 0 	32509787 1160653 0 	324.88 	3 	137
9922500000000 9922600000000 	93000155676 258595324904 1160657 	92998995019 1160657 0 0 0 	32509927 1160657 0 	324.692 	3 	137
9941700000000 9941800000035 	93200155746 259165558515 1160663 	93198995083 1160663 0 0 0 	32510188 1160663 0 	324.502 	3 	137
9960900000000 9961000000035 	93400155816 259735820161 1160671 	93398995145 1160671 0 0 0 	32510387 1160671 0 	324.312 	3 	137
9980100000000 9980200000054 	93600155924 260306141128 1160675 	93598995249 1160675 0 0 0 	32510457 1160675 0 	324.121 	3 	137
9999300000000 9999400000054 	93800156032 260876524768 1160680 	93798995352 1160680 0 0 0 	32510561 1160680 0 	323.93 	3 	137
