1016700000000 1016800000160 	200000320 526838458 2 	200000318 2 0 0 0 	26 2 0 	262 	3 	167
1035900000000 1036000000242 	400000804 1053978046 3 	400000801 3 0 0 0 	29 3 0 	259.476 	3 	167
1055100000000 1055200000152 	600001108 1581665822 16514 	599984594 16514 0 0 0 	442785 16514 0 	309.535 	3 	167
1074300000000 1074400000476 	800002060 2109632461 30293 	799971767 30293 0 0 0 	809555 30293 0 	341.166 	3 	167
1093500000000 1093600000210 	1000002480 2637962690 41897 	999960583 41897 0 0 0 	1118861 41897 0 	362.678 	3 	167
1112700000000 1112800000468 	1200003416 3166601385 51658 	1199951758 51658 0 0 0 	1379942 51658 0 	377.872 	3 	167
1131900000000 1132000000021 	1400003458 3695497930 51674 	1399951784 51674 0 0 0 	1380416 51674 0 	362.857 	3 	167
1151100000000 1151200000224 	1600003906 4224708225 51684 	1599952222 51684 0 0 0 	1380608 51684 0 	351.439 	3 	167
1170300000000 1170400000031 	1800003968 4754252905 51692 	1799952276 51692 0 0 0 	1380753 51692 0 	342.242 	3 	167
1189500000000 1189600000040 	2000004048 5284016347 51705 	1999952343 51705 0 0 0 	1381115 51705 0 	334.8 	3 	167
1208700000000 1208800000175 	2200004398 5814094925 51707 	2199952691 51707 0 0 0 	1381229 51707 0 	328.31 	3 	167
1227900000000 1228000000170 	2400004738 6344534848 51710 	2399953028 51710 0 0 0 	1381456 51710 0 	322.506 	3 	167
1247100000000 1247200000040 	2600004818 6875258923 51714 	2599953104 51714 0 0 0 	1381510 51714 0 	317.32 	3 	167
1266300000000 1266400000160 	2800005138 7406259336 51716 	2799953422 51716 0 0 0 	1381652 51716 0 	312.606 	3 	167
1285500000000 1285600000159 	3000005456 7937571151 51718 	2999953738 51718 0 0 0 	1381687 51718 0 	308.351 	3 	167
1304700000000 1304800000035 	3200005526 8469174392 51720 	3199953806 51720 0 0 0 	1381696 51720 0 	304.371 	3 	167
1323900000000 1324000000000 	3400005526 9001142460 68908 	3399936618 68908 0 0 0 	1843022 68908 0 	311.541 	3 	167
1343100000000 1343200000476 	3600006478 9533398789 83851 	3599922627 83851 0 0 0 	2242621 83851 0 	318.022 	3 	167
1362300000000 1362400000011 	3800006500 10065920103 96850 	3799909650 96850 0 0 0 	2590769 96850 0 	323.984 	3 	167
1381500000000 1381600000381 	4000007262 10598673656 108234 	3999899028 108234 0 0 0 	2896013 108234 0 	329.36 	3 	167
1400700000000 1400800000254 	4200007770 11131694094 118364 	4199889406 118364 0 0 0 	3165937 118364 0 	334.216 	3 	167
1419900000000 1420000000368 	4400008506 11664976826 127325 	4399881181 127325 0 0 0 	3411331 127325 0 	338.616 	3 	167
1439100000000 1439200000120 	4600008746 12198466968 134906 	4599873840 134906 0 0 0 	3614163 134906 0 	342.57 	3 	167
1458300000000 1458400000355 	4800009456 12732182407 141672 	4799867784 141672 0 0 0 	3799266 141672 0 	346.134 	3 	167
1477500000000 1477600000320 	5000010096 13266135497 147395 	4999862701 147395 0 0 0 	3950994 147395 0 	349.311 	3 	167
1496700000000 1496800000290 	5200010676 13800389156 152640 	5199858036 152640 0 0 0 	4091577 152640 0 	352.151 	3 	167
1515900000000 1516000000088 	5400010852 14334910269 157216 	5399853636 157216 0 0 0 	4214362 157216 0 	354.677 	3 	167
1535100000000 1535200000110 	5600011072 14869563572 161137 	5599849935 161137 0 0 0 	4316033 161137 0 	357.008 	3 	167
1554300000000 1554400000060 	5800011192 15404495761 164605 	5799846587 164605 0 0 0 	4410377 164605 0 	359.061 	3 	167
1573500000000 1573600000074 	6000011340 15939679283 167674 	5999843666 167674 0 0 0 	4493147 167674 0 	360.855 	3 	167
1592700000000 1592800000062 	6200011464 16475046534 167676 	6199843788 167676 0 0 0 	4493192 167676 0 	356.456 	3 	167
1611900000000 1612000000026 	6400011516 17010613825 167678 	6399843838 167678 0 0 0 	4493279 167678 0 	352.255 	3 	167
1631100000000 1631200000035 	6600011586 17546425906 167679 	6599843907 167679 0 0 0 	4493294 167679 0 	348.231 	3 	167
1650300000000 1650400000152 	6800011890 18082651598 186473 	6799825417 186473 0 0 0 	5003803 186473 0 	351.425 	3 	167
1669500000000 1669600000048 	7000011986 18619076825 203634 	6999808352 203634 0 0 0 	5469344 203634 0 	354.377 	3 	167
1688700000000 1688800000476 	7200012938 19155662989 219024 	7199793914 219024 0 0 0 	5884772 219024 0 	357.152 	3 	167
1707900000000 1708000000210 	7400013358 19692440549 232590 	7399780768 232590 0 0 0 	6253713 232590 0 	359.714 	3 	167
1727100000000 1727200000381 	7600014120 20229435351 245062 	7599769058 245062 0 0 0 	6594586 245062 0 	362.117 	3 	167
1746300000000 1746400000254 	7800014628 20766696255 256178 	7799758450 256178 0 0 0 	6900421 256178 0 	364.322 	3 	167
1765500000000 1765600000365 	8000015358 21304113099 266222 	7999749136 266222 0 0 0 	7174520 266222 0 	366.397 	3 	167
1784700000000 1784800000352 	8200016062 21841735239 275086 	8199740976 275086 0 0 0 	7412721 275086 0 	368.286 	3 	167
1803900000000 1804000000120 	8400016302 22379572561 283101 	8399733201 283101 0 0 0 	7631631 283101 0 	370.058 	3 	167
1823100000000 1823200000355 	8600017012 22917548031 290497 	8599726515 290497 0 0 0 	7831800 290497 0 	371.672 	3 	167
1842300000000 1842400000230 	8800017472 23455736903 297071 	8799720401 297071 0 0 0 	8014557 297071 0 	373.164 	3 	167
1861500000000 1861600000400 	9000018272 23994123412 302967 	8999715305 302967 0 0 0 	8174696 302967 0 	374.507 	3 	167
1880700000000 1880800000290 	9200018852 24532744430 308394 	9199710458 308394 0 0 0 	8325248 308394 0 	375.755 	3 	167
1899900000000 1900000000088 	9400019028 25071474239 313199 	9399705829 313199 0 0 0 	8458311 313199 0 	376.863 	3 	167
1919100000000 1919200000110 	9600019248 25610433089 317573 	9599701675 317573 0 0 0 	8577895 317573 0 	377.899 	3 	167
1938300000000 1938400000060 	9800019368 26149572214 321547 	9799697821 321547 0 0 0 	8684862 321547 0 	378.804 	3 	167
1957500000000 1957600000074 	10000019516 26688905498 325064 	9999694452 325064 0 0 0 	8783132 325064 0 	379.581 	3 	167
1976700000000 1976800000320 	10200020156 27228367271 328144 	10199692012 328144 0 0 0 	8868084 328144 0 	380.299 	3 	167
1995900000000 1996000000044 	10400020244 27768077978 330952 	10399689292 330952 0 0 0 	8944341 330952 0 	380.895 	3 	167
2015100000000 2015200000228 	10600020700 28307992052 333517 	10599687183 333517 0 0 0 	9014518 333517 0 	381.438 	3 	167
2034300000000 2034400000307 	10800021314 28848040163 335870 	10799685444 335870 0 0 0 	9076609 335870 0 	381.882 	3 	167
2053500000000 2053600000100 	11000021514 29388241878 337927 	10999683587 337927 0 0 0 	9132410 337927 0 	382.263 	3 	167
2072700000000 2072800000173 	11200021860 29928735749 339808 	11199682052 339808 0 0 0 	9181934 339808 0 	382.55 	3 	167
2091900000000 2092000000330 	11400022520 30469368592 341515 	11399681005 341515 0 0 0 	9229022 341515 0 	382.794 	3 	167
2111100000000 2111200000376 	11600023272 31010071959 343026 	11599680246 343026 0 0 0 	9272123 343026 0 	382.949 	3 	167
2130300000000 2130400000290 	11800023852 31550952288 344414 	11799679438 344414 0 0 0 	9310554 344414 0 	383.066 	3 	167
2149500000000 2149600000285 	12000024422 32092066182 345545 	11999678877 345545 0 0 0 	9341625 345545 0 	383.098 	3 	167
2168700000000 2168800000151 	12200024724 32633309255 346669 	12199678055 346669 0 0 0 	9371233 346669 0 	383.097 	3 	167
2187900000000 2188000000278 	12400025280 33174749747 347726 	12399677554 347726 0 0 0 	9400514 347726 0 	383.014 	3 	167
2207100000000 2207200000365 	12600026010 33716459519 358781 	12599667229 358781 0 0 0 	9705968 358781 0 	384.153 	3 	167
2226300000000 2226400000352 	12800026714 34258313562 368877 	12799657837 368877 0 0 0 	9980948 368877 0 	385.188 	3 	167
2245500000000 2245600000120 	13000026954 34800323733 378135 	12999648819 378135 0 0 0 	10230116 378135 0 	386.165 	3 	167
2264700000000 2264800000178 	13200027310 35342514972 386702 	13199640608 386702 0 0 0 	10466793 386702 0 	387.085 	3 	167
2283900000000 2284000000355 	13400028020 35884786146 394599 	13399633421 394599 0 0 0 	10685005 394599 0 	387.95 	3 	167
2303100000000 2303200000230 	13600028480 36427277990 401956 	13599626524 401956 0 0 0 	10887151 401956 0 	388.749 	3 	167
2322300000000 2322400000400 	13800029280 36969893188 408565 	13799620715 408565 0 0 0 	11070940 408565 0 	389.462 	3 	167
2341500000000 2341600000290 	14000029860 37512666264 414840 	13999615020 414840 0 0 0 	11241161 414840 0 	390.125 	3 	167
2360700000000 2360800000249 	14200030358 38055519810 420365 	14199609993 420365 0 0 0 	11392225 420365 0 	390.737 	3 	167
2379900000000 2380000000088 	14400030534 38598592411 425473 	14399605061 425473 0 0 0 	11533634 425473 0 	391.302 	3 	167
2399100000000 2399200000199 	14600030932 39141810113 430354 	14599600578 430354 0 0 0 	11669604 430354 0 	391.82 	3 	167
2418300000000 2418400000060 	14800031052 39685161794 434718 	14799596334 434718 0 0 0 	11792252 434718 0 	392.268 	3 	167
2437500000000 2437600000375 	15000031802 40228681230 438717 	14999593085 438717 0 0 0 	11900988 438717 0 	392.671 	3 	167
2456700000000 2456800000074 	15200031950 40772322818 442388 	15199589562 442388 0 0 0 	12002529 442388 0 	393.031 	3 	167
2475900000000 2476000000320 	15400032590 41316084180 445750 	15399586840 445750 0 0 0 	12094046 445750 0 	393.359 	3 	167
2495100000000 2495200000044 	15600032678 41860045160 448795 	15599583883 448795 0 0 0 	12180394 448795 0 	393.61 	3 	167
2514300000000 2514400000228 	15800033134 42404093930 451743 	15799581391 451743 0 0 0 	12260311 451743 0 	393.833 	3 	167
2533500000000 2533600000091 	16000033316 42948311456 454330 	15999578986 454330 0 0 0 	12334281 454330 0 	394.016 	3 	167
2552700000000 2552800000307 	16200033930 43492689704 456859 	16199577071 456859 0 0 0 	12403513 456859 0 	394.171 	3 	167
2571900000000 2572000000100 	16400034130 44037262716 459048 	16399575082 459048 0 0 0 	12461956 459048 0 	394.288 	3 	167
2591100000000 2591200000173 	16600034476 44581908372 461171 	16599573305 461171 0 0 0 	12521146 461171 0 	394.344 	3 	167
2610300000000 2610400000330 	16800035136 45126698085 463020 	16799572116 463020 0 0 0 	12573159 463020 0 	394.375 	3 	167
2629500000000 2629600000352 	17000035840 45671624976 464783 	16999571057 464783 0 0 0 	12620275 464783 0 	394.371 	3 	167
2648700000000 2648800000376 	17200036592 46216711450 466440 	17199570152 466440 0 0 0 	12664703 466440 0 	394.343 	3 	167
2667900000000 2668000000290 	17400037172 46761975693 467888 	17399569284 467888 0 0 0 	12704959 467888 0 	394.293 	3 	167
2687100000000 2687200000285 	17600037742 47307320943 469272 	17599568470 469272 0 0 0 	12744652 469272 0 	394.185 	3 	167
2706300000000 2706400000151 	17800038044 47852791406 470531 	17799567513 470531 0 0 0 	12779129 470531 0 	394.055 	3 	167
2725500000000 2725600000308 	18000038660 48398449820 471697 	17999566963 471697 0 0 0 	12810634 471697 0 	393.905 	3 	167
2744700000000 2744800000278 	18200039216 48944151499 472745 	18199566471 472745 0 0 0 	12838757 472745 0 	393.723 	3 	167
2763900000000 2764000000208 	18400039632 49490013884 473649 	18399565983 473649 0 0 0 	12863392 473649 0 	393.522 	3 	167
2783100000000 2783200000296 	18600040224 50036016862 474557 	18599565667 474557 0 0 0 	12890550 474557 0 	393.277 	3 	167
2802300000000 2802400000270 	18800040764 50582167276 475354 	18799565410 475354 0 0 0 	12912987 475354 0 	393.014 	3 	167
2821500000000 2821600000320 	19000041404 51128431234 476117 	18999565287 476117 0 0 0 	12933646 476117 0 	392.733 	3 	167
2840700000000 2840800000350 	19200042104 51674815395 476803 	19199565301 476803 0 0 0 	12952020 476803 0 	392.434 	3 	167
2859900000000 2860000000260 	19400042624 52221304205 477492 	19399565132 477492 0 0 0 	12972582 477492 0 	392.104 	3 	167
2879100000000 2879200000080 	19600042784 52767947696 478091 	19599564693 478091 0 0 0 	12989033 478091 0 	391.748 	3 	167
2898300000000 2898400000140 	19800043064 53314651373 478622 	19799564442 478622 0 0 0 	13002817 478622 0 	391.375 	3 	167
2917500000000 2917600000044 	20000043152 53861498119 479139 	19999564013 479139 0 0 0 	13016475 479139 0 	390.986 	3 	167
2936700000000 2936800000044 	20200043240 54408500408 479592 	20199563648 479592 0 0 0 	13029934 479592 0 	390.582 	3 	167
2955900000000 2956000000250 	20400043740 54955687435 480029 	20399563711 480029 0 0 0 	13041369 480029 0 	390.139 	3 	167
2975100000000 2975200000236 	20600044212 55502944074 480429 	20599563783 480429 0 0 0 	13052694 480429 0 	389.681 	3 	167
2994300000000 2994400000228 	20800044668 56050333809 480810 	20799563858 480810 0 0 0 	13063351 480810 0 	389.208 	3 	167
3013500000000 3013600000112 	21000044892 56597845597 481158 	20999563734 481158 0 0 0 	13073312 481158 0 	388.722 	3 	167
3032700000000 3032800000278 	21200045448 57145534047 481457 	21199563991 481457 0 0 0 	13081312 481457 0 	388.234 	3 	167
3051900000000 3052000000254 	21400045956 57693238947 481743 	21399564213 481743 0 0 0 	13088518 481743 0 	387.707 	3 	167
3071100000000 3071200000032 	21600046020 58241118470 482028 	21599563992 482028 0 0 0 	13095921 482028 0 	387.168 	3 	167
3090300000000 3090400000320 	21800046660 58789141737 485711 	21799560949 485711 0 0 0 	13197228 485711 0 	387.446 	3 	167
3109500000000 3109600000353 	22000047366 59337275251 489286 	21999558080 489286 0 0 0 	13297111 489286 0 	387.696 	3 	167
3128700000000 3128800000044 	22200047454 59885513551 492543 	22199554911 492543 0 0 0 	13386738 492543 0 	387.918 	3 	167
3147900000000 3148000000228 	22400047910 60433895445 495644 	22399552266 495644 0 0 0 	13472814 495644 0 	388.12 	3 	167
3167100000000 3167200000091 	22600048092 60982371887 498602 	22599549490 498602 0 0 0 	13554798 498602 0 	388.296 	3 	167
3186300000000 3186400000307 	22800048706 61531009657 501269 	22799547437 501269 0 0 0 	13629402 501269 0 	388.452 	3 	167
3205500000000 3205600000100 	23000048906 62079695848 503793 	22999545113 503793 0 0 0 	13699857 503793 0 	388.582 	3 	167
3224700000000 3224800000314 	23200049534 62628496755 506119 	23199543415 506119 0 0 0 	13764035 506119 0 	388.694 	3 	167
3243900000000 3244000000173 	23400049880 63177456209 508343 	23399541537 508343 0 0 0 	13827417 508343 0 	388.78 	3 	167
3263100000000 3263200000330 	23600050540 63726510058 510450 	23599540090 510450 0 0 0 	13884781 510450 0 	388.848 	3 	167
3282300000000 3282400000352 	23800051244 64275673458 512420 	23799538824 512420 0 0 0 	13940106 512420 0 	388.891 	3 	167
3301500000000 3301600000376 	24000051996 64824920423 514255 	23999537741 514255 0 0 0 	13991418 514255 0 	388.917 	3 	167
3320700000000 3320800000290 	24200052576 65374299727 515966 	24199536610 515966 0 0 0 	14038610 515966 0 	388.926 	3 	167
3339900000000 3340000000026 	24400052628 65923789709 517554 	24399535074 517554 0 0 0 	14083293 517554 0 	388.91 	3 	167
3359100000000 3359200000285 	24600053198 66473383781 519060 	24599534138 519060 0 0 0 	14126040 519060 0 	388.878 	3 	167
3378300000000 3378400000151 	24800053500 67023124524 520421 	24799533079 520421 0 0 0 	14163992 520421 0 	388.829 	3 	167
3397500000000 3397600000308 	25000054116 67572928610 521722 	24999532394 521722 0 0 0 	14199604 521722 0 	388.766 	3 	167
3416700000000 3416800000278 	25200054672 68122849409 523013 	25199531659 523013 0 0 0 	14233770 523013 0 	388.678 	3 	167
3435900000000 3436000000170 	25400055012 68672846661 524161 	25399530851 524161 0 0 0 	14264722 524161 0 	388.575 	3 	167
3455100000000 3455200000208 	25600055428 69222987377 525195 	25599530233 525195 0 0 0 	14293639 525195 0 	388.473 	3 	167
3474300000000 3474400000120 	25800055668 69773253654 526197 	25799529471 526197 0 0 0 	14321557 526197 0 	388.357 	3 	167
3493500000000 3493600000296 	26000056260 70323575587 527180 	25999529080 527180 0 0 0 	14348469 527180 0 	388.225 	3 	167
3512700000000 3512800000270 	26200056800 70873993021 528077 	26199528723 528077 0 0 0 	14371227 528077 0 	388.079 	3 	167
3531900000000 3532000000320 	26400057440 71424540179 528898 	26399528542 528898 0 0 0 	14392905 528898 0 	387.919 	3 	167
3551100000000 3551200000350 	26600058140 71975154070 529681 	26599528459 529681 0 0 0 	14414295 529681 0 	387.745 	3 	167
3570300000000 3570400000264 	26800058668 72525871463 530383 	26799528285 530383 0 0 0 	14435679 530383 0 	387.556 	3 	167
3589500000000 3589600000328 	27000059324 73076736996 531074 	26999528250 531074 0 0 0 	14455616 531074 0 	387.353 	3 	167
3608700000000 3608800000080 	27200059484 73627704889 531716 	27199527768 531716 0 0 0 	14472736 531716 0 	387.137 	3 	167
3627900000000 3628000000140 	27400059764 74178814038 532366 	27399527398 532366 0 0 0 	14491113 532366 0 	386.907 	3 	167
3647100000000 3647200000044 	27600059852 74730007194 532956 	27599526896 532956 0 0 0 	14506389 532956 0 	386.664 	3 	167
3666300000000 3666400000044 	27800059940 75281238026 533491 	27799526449 533491 0 0 0 	14522006 533491 0 	386.407 	3 	167
3685500000000 3685600000032 	28000060004 75832569210 533979 	27999526025 533979 0 0 0 	14535050 533979 0 	386.138 	3 	167
3704700000000 3704800000250 	28200060504 76384018701 534475 	28199526029 534475 0 0 0 	14548662 534475 0 	385.855 	3 	167
3723900000000 3724000000236 	28400060976 76935635569 534894 	28399526082 534894 0 0 0 	14559704 534894 0 	385.56 	3 	167
3743100000000 3743200000228 	28600061432 77487301562 535307 	28599526125 535307 0 0 0 	14571942 535307 0 	385.252 	3 	167
3762300000000 3762400000112 	28800061656 78039098496 535693 	28799525963 535693 0 0 0 	14582329 535693 0 	384.931 	3 	167
3781500000000 3781600000278 	29000062212 78590929315 536047 	28999526165 536047 0 0 0 	14591677 536047 0 	384.607 	3 	167
3800700000000 3800800000296 	29200062804 79142907990 536375 	29199526429 536375 0 0 0 	14601452 536375 0 	384.27 	3 	167
3819900000000 3820000000254 	29400063312 79694992687 536684 	29399526628 536684 0 0 0 	14610402 536684 0 	383.922 	3 	167
3839100000000 3839200000032 	29600063376 80247164189 537024 	29599526352 537024 0 0 0 	14620728 537024 0 	383.561 	3 	167
3858300000000 3858400000320 	29800064016 80799401589 537271 	29799526745 537271 0 0 0 	14627905 537271 0 	383.197 	3 	167
3877500000000 3877600000268 	30000064552 81351709866 537536 	29999527016 537536 0 0 0 	14634918 537536 0 	382.821 	3 	167
3896700000000 3896800000060 	30200064672 81904108779 537766 	30199526906 537766 0 0 0 	14641724 537766 0 	382.433 	3 	167
3915900000000 3916000000230 	30400065132 82456605842 537995 	30399527137 537995 0 0 0 	14648020 537995 0 	382.034 	3 	167
3935100000000 3935200000208 	30600065548 83009223620 538230 	30599527318 538230 0 0 0 	14654572 538230 0 	381.632 	3 	167
3954300000000 3954400000197 	30800065942 83561940398 538457 	30799527485 538457 0 0 0 	14659721 538457 0 	381.218 	3 	167
3973500000000 3973600000174 	31000066290 84114653638 538655 	30999527635 538655 0 0 0 	14665105 538655 0 	380.802 	3 	167
3992700000000 3992800000008 	31200066306 84667541846 538823 	31199527483 538823 0 0 0 	14669819 538823 0 	380.375 	3 	167
4011900000000 4012000000320 	31400066946 85220518096 538986 	31399527960 538986 0 0 0 	14674083 538986 0 	379.936 	3 	167
4031100000000 4031200000320 	31600067586 85773579185 539143 	31599528443 539143 0 0 0 	14678519 539143 0 	379.504 	3 	167
4050300000000 4050400000167 	31800067920 86326706509 539276 	31799528644 539276 0 0 0 	14682334 539276 0 	379.069 	3 	167
4069500000000 4069600000120 	32000068160 86879923539 539386 	31999528774 539386 0 0 0 	14685295 539386 0 	378.624 	3 	167
4088700000000 4088800000188 	32200068536 87433234590 539500 	32199529036 539500 0 0 0 	14688394 539500 0 	378.176 	3 	167
4107900000000 4108000000096 	32400068728 87986631879 539629 	32399529099 539629 0 0 0 	14692241 539629 0 	377.717 	3 	167
4127100000000 4127200000215 	32600069158 88540103837 539742 	32599529416 539742 0 0 0 	14695508 539742 0 	377.256 	3 	167
4146300000000 4146400000057 	32800069272 89093710920 539840 	32799529432 539840 0 0 0 	14698341 539840 0 	376.785 	3 	167
4165500000000 4165600000056 	33000069384 89647411969 539923 	32999529461 539923 0 0 0 	14700718 539923 0 	376.311 	3 	167
4184700000000 4184800000110 	33200069604 90201217264 540000 	33199529604 540000 0 0 0 	14702417 540000 0 	375.827 	3 	167
4203900000000 4204000000125 	33400069854 90755083916 540091 	33399529763 540091 0 0 0 	14704709 540091 0 	375.341 	3 	167
4223100000000 4223200000031 	33600069916 91309031458 540177 	33599529739 540177 0 0 0 	14706897 540177 0 	374.844 	3 	167
4242300000000 4242400000188 	33800070292 91863074356 540256 	33799530036 540256 0 0 0 	14708919 540256 0 	374.346 	3 	167
4261500000000 4261600000192 	34000070676 92417169458 540314 	33999530362 540314 0 0 0 	14710421 540314 0 	373.837 	3 	167
4280700000000 4280800000302 	34200071280 92971419341 540395 	34199530885 540395 0 0 0 	14712561 540395 0 	373.326 	3 	167
4299900000000 4300000000052 	34400071384 93525689006 540458 	34399530926 540458 0 0 0 	14713956 540458 0 	372.814 	3 	167
4319100000000 4319200000208 	34600071800 94080052546 541630 	34599530170 541630 0 0 0 	14746873 541630 0 	372.833 	3 	167
4338300000000 4338400000120 	34800072040 94634536869 542782 	34799529258 542782 0 0 0 	14779036 542782 0 	372.839 	3 	167
4357500000000 4357600000296 	35000072632 95189073503 543785 	34999528847 543785 0 0 0 	14806416 543785 0 	372.835 	3 	167
4376700000000 4376800000270 	35200073172 95743716111 544834 	35199528338 544834 0 0 0 	14836717 544834 0 	372.818 	3 	167
4395900000000 4396000000320 	35400073812 96298384607 545834 	35399527978 545834 0 0 0 	14865494 545834 0 	372.791 	3 	167
4415100000000 4415200000320 	35600074452 96853225358 546726 	35599527726 546726 0 0 0 	14890783 546726 0 	372.764 	3 	167
4434300000000 4434400000350 	35800075152 97408088889 547522 	35799527630 547522 0 0 0 	14913443 547522 0 	372.725 	3 	167
4453500000000 4453600000264 	36000075680 97963057266 548311 	35999527369 548311 0 0 0 	14936229 548311 0 	372.675 	3 	167
4472700000000 4472800000328 	36200076336 98518101581 549082 	36199527254 549082 0 0 0 	14956288 549082 0 	372.615 	3 	167
4491900000000 4492000000328 	36400076992 99073307505 549815 	36399527177 549815 0 0 0 	14977160 549815 0 	372.555 	3 	167
4511100000000 4511200000080 	36600077152 99628546406 550515 	36599526637 550515 0 0 0 	14998521 550515 0 	372.484 	3 	167
4530300000000 4530400000140 	36800077432 100183888393 551184 	36799526248 551184 0 0 0 	15017854 551184 0 	372.402 	3 	167
4549500000000 4549600000044 	37000077520 100739255332 551818 	36999525702 551818 0 0 0 	15035241 551818 0 	372.309 	3 	167
4568700000000 4568800000044 	37200077608 101294720986 552388 	37199525220 552388 0 0 0 	15051728 552388 0 	372.206 	3 	167
4587900000000 4588000000044 	37400077696 101850329383 552962 	37399524734 552962 0 0 0 	15067196 552962 0 	372.103 	3 	167
4607100000000 4607200000032 	37600077760 102405912909 553512 	37599524248 553512 0 0 0 	15082708 553512 0 	371.99 	3 	167
4626300000000 4626400000250 	37800078260 102961529404 554054 	37799524206 554054 0 0 0 	15098424 554054 0 	371.867 	3 	167
4645500000000 4645600000236 	38000078732 103517324749 554551 	37999524181 554551 0 0 0 	15112217 554551 0 	371.732 	3 	167
4664700000000 4664800000236 	38200079204 104073214046 555017 	38199524187 555017 0 0 0 	15125344 555017 0 	371.6 	3 	167
4683900000000 4684000000228 	38400079660 104629118840 555460 	38399524200 555460 0 0 0 	15137598 555460 0 	371.457 	3 	167
4703100000000 4703200000112 	38600079884 105185106141 555900 	38599523984 555900 0 0 0 	15150393 555900 0 	371.303 	3 	167
4722300000000 4722400000278 	38800080440 105741170442 556305 	38799524135 556305 0 0 0 	15162220 556305 0 	371.145 	3 	167
4741500000000 4741600000278 	39000080996 106297315811 556673 	38999524323 556673 0 0 0 	15172494 556673 0 	370.989 	3 	167
4760700000000 4760800000296 	39200081588 106853547107 557035 	39199524553 557035 0 0 0 	15182189 557035 0 	370.823 	3 	167
4779900000000 4780000000254 	39400082096 107409888266 557365 	39399524731 557365 0 0 0 	15191138 557365 0 	370.646 	3 	167
4799100000000 4799200000032 	39600082160 107966300314 557674 	39599524486 557674 0 0 0 	15200232 557674 0 	370.459 	3 	167
4818300000000 4818400000320 	39800082800 108522794135 557959 	39799524841 557959 0 0 0 	15208688 557959 0 	370.268 	3 	167
4837500000000 4837600000320 	40000083440 109079347695 558226 	39999525214 558226 0 0 0 	15216328 558226 0 	370.08 	3 	167
4856700000000 4856800000268 	40200083976 109635983303 558480 	40199525496 558480 0 0 0 	15223038 558480 0 	369.881 	3 	167
4875900000000 4876000000060 	40400084096 110192667238 558751 	40399525345 558751 0 0 0 	15231541 558751 0 	369.672 	3 	167
4895100000000 4895200000230 	40600084556 110749471824 558990 	40599525566 558990 0 0 0 	15237546 558990 0 	369.453 	3 	167
4914300000000 4914400000230 	40800085016 111306302246 559231 	40799525785 559231 0 0 0 	15244423 559231 0 	369.237 	3 	167
4933500000000 4933600000208 	41000085432 111863225423 559448 	40999525984 559448 0 0 0 	15250137 559448 0 	369.017 	3 	167
4952700000000 4952800000197 	41200085826 112420213736 559657 	41199526169 559657 0 0 0 	15255609 559657 0 	368.787 	3 	167
4971900000000 4972000000174 	41400086174 112977295641 559856 	41399526318 559856 0 0 0 	15260646 559856 0 	368.553 	3 	167
4991100000000 4991200000008 	41600086190 113534461027 560050 	41599526140 560050 0 0 0 	15266347 560050 0 	368.31 	3 	167
5010300000000 5010400000008 	41800086206 114091700420 560250 	41799525956 560250 0 0 0 	15272114 560250 0 	368.069 	3 	167
5029500000000 5029600000320 	42000086846 114648989533 560417 	41999526429 560417 0 0 0 	15276959 560417 0 	367.818 	3 	167
5048700000000 5048800000167 	42200087180 115206337997 560572 	42199526608 560572 0 0 0 	15281327 560572 0 	367.564 	3 	167
5067900000000 5068000000120 	42400087420 115763775411 560733 	42399526687 560733 0 0 0 	15285727 560733 0 	367.3 	3 	167
5087100000000 5087200000120 	42600087660 116321279345 560884 	42599526776 560884 0 0 0 	15290648 560884 0 	367.039 	3 	167
5106300000000 5106400000188 	42800088036 116878828156 561010 	42799527026 561010 0 0 0 	15294297 561010 0 	366.775 	3 	167
5125500000000 5125600000096 	43000088228 117436507271 561140 	42999527088 561140 0 0 0 	15297728 561140 0 	366.501 	3 	167
5144700000000 5144800000215 	43200088658 117994243976 561273 	43199527385 561273 0 0 0 	15301519 561273 0 	366.224 	3 	167
5163900000000 5164000000057 	43400088772 118551974846 561372 	43399527400 561372 0 0 0 	15304649 561372 0 	365.937 	3 	167
5183100000000 5183200000057 	43600088886 119109833460 561477 	43599527409 561477 0 0 0 	15307471 561477 0 	365.654 	3 	167
5202300000000 5202400000056 	43800088998 119667802940 561578 	43799527420 561578 0 0 0 	15310762 561578 0 	365.367 	3 	167
5221500000000 5221600000110 	44000089218 120225783646 561693 	43999527525 561693 0 0 0 	15314131 561693 0 	365.07 	3 	167
5240700000000 5240800000125 	44200089468 120783852226 561800 	44199527668 561800 0 0 0 	15316959 561800 0 	364.771 	3 	167
5259900000000 5260000000125 	44400089718 121342032773 561903 	44399527815 561903 0 0 0 	15319830 561903 0 	364.475 	3 	167
5279100000000 5279200000031 	44600089780 121900262616 562005 	44599527775 562005 0 0 0 	15322649 562005 0 	364.169 	3 	167
5298300000000 5298400000188 	44800090156 122458563911 562099 	44799528057 562099 0 0 0 	15325257 562099 0 	363.86 	3 	167
5317500000000 5317600000192 	45000090540 123016887576 562196 	44999528344 562196 0 0 0 	15328091 562196 0 	363.542 	3 	167
5336700000000 5336800000192 	45200090924 123575321933 562261 	45199528663 562261 0 0 0 	15329787 562261 0 	363.227 	3 	167
5355900000000 5356000000302 	45400091528 124133819610 562322 	45399529206 562322 0 0 0 	15331233 562322 0 	362.909 	3 	167
5375100000000 5375200000052 	45600091632 124692389056 562395 	45599529237 562395 0 0 0 	15333207 562395 0 	362.589 	3 	167
5394300000000 5394400000200 	45800092032 125251044903 562460 	45799529572 562460 0 0 0 	15334971 562460 0 	362.258 	3 	167
5413500000000 5413600000251 	46000092534 125809719493 562532 	45999530002 562532 0 0 0 	15336905 562532 0 	361.926 	3 	167
5432700000000 5432800000251 	46200093036 126368509495 562592 	46199530444 562592 0 0 0 	15338496 562592 0 	361.596 	3 	167
5451900000000 5452000000197 	46400093430 126927341749 562640 	46399530790 562640 0 0 0 	15340008 562640 0 	361.257 	3 	167
5471100000000 5471200000048 	46600093526 127486191440 562678 	46599530848 562678 0 0 0 	15341206 562678 0 	360.916 	3 	167
5490300000000 5490400000280 	46800094086 128045075275 562718 	46799531368 562718 0 0 0 	15342290 562718 0 	360.572 	3 	167
5509500000000 5509600000280 	47000094646 128604056620 562770 	46999531876 562770 0 0 0 	15343817 562770 0 	360.231 	3 	167
5528700000000 5528800000021 	47200094688 129163098894 562813 	47199531875 562813 0 0 0 	15344853 562813 0 	359.881 	3 	167
5547900000000 5548000000072 	47400094832 129722293607 562864 	47399531968 562864 0 0 0 	15346088 562864 0 	359.528 	3 	167
5567100000000 5567200000113 	47600095058 130281536058 562902 	47599532156 562902 0 0 0 	15347268 562902 0 	359.173 	3 	167
5586300000000 5586400000069 	47800095196 130840799959 562941 	47799532255 562941 0 0 0 	15348256 562941 0 	358.808 	3 	167
5605500000000 5605600000069 	48000095334 131400128666 562978 	47999532356 562978 0 0 0 	15349288 562978 0 	358.448 	3 	167
5624700000000 5624800000224 	48200095782 131959527508 563014 	48199532768 563014 0 0 0 	15350198 563014 0 	358.084 	3 	167
5643900000000 5644000000271 	48400096324 132519003313 563040 	48399533284 563040 0 0 0 	15351049 563040 0 	357.718 	3 	167
5663100000000 5663200000186 	48600096696 133078507711 563072 	48599533624 563072 0 0 0 	15351936 563072 0 	357.349 	3 	167
5682300000000 5682400000186 	48800097068 133638119835 563109 	48799533959 563109 0 0 0 	15353098 563109 0 	356.984 	3 	167
5701500000000 5701600000092 	49000097252 134197862667 563131 	48999534121 563131 0 0 0 	15353804 563131 0 	356.61 	3 	167
5720700000000 5720800000031 	49200097314 134757607363 563167 	49199534147 563167 0 0 0 	15354838 563167 0 	356.234 	3 	167
5739900000000 5740000000020 	49400097354 135317388981 563193 	49399534161 563193 0 0 0 	15355589 563193 0 	355.854 	3 	167
5759100000000 5759200000020 	49600097394 135877256330 563211 	49599534183 563211 0 0 0 	15356025 563211 0 	355.479 	3 	167
5778300000000 5778400000032 	49800097458 136437199902 563233 	49799534225 563233 0 0 0 	15356551 563233 0 	355.101 	3 	167
5797500000000 5797600000040 	50000097538 136997199583 563259 	49999534279 563259 0 0 0 	15357301 563259 0 	354.72 	3 	167
5816700000000 5816800000214 	50200097966 137557287544 563276 	50199534690 563276 0 0 0 	15357669 563276 0 	354.331 	3 	167
5835900000000 5836000000047 	50400098060 138117414592 563299 	50399534761 563299 0 0 0 	15358313 563299 0 	353.939 	3 	167
5855100000000 5855200000047 	50600098154 138677526438 563320 	50599534834 563320 0 0 0 	15358839 563320 0 	353.551 	3 	167
5874300000000 5874400000044 	50800098242 139237771458 563336 	50799534906 563336 0 0 0 	15359254 563336 0 	353.16 	3 	167
5893500000000 5893600000175 	51000098592 139798072290 563350 	50999535242 563350 0 0 0 	15359770 563350 0 	352.767 	3 	167
5912700000000 5912800000136 	51200098864 140358440647 563366 	51199535498 563366 0 0 0 	15360332 563366 0 	352.371 	3 	167
5931900000000 5932000000136 	51400099136 140918823865 563377 	51399535759 563377 0 0 0 	15360787 563377 0 	351.979 	3 	167
5951100000000 5951200000173 	51600099482 141479331337 563393 	51599536089 563393 0 0 0 	15361590 563393 0 	351.585 	3 	167
5970300000000 5970400000084 	51800099650 142039810728 563407 	51799536243 563407 0 0 0 	15361927 563407 0 	351.182 	3 	167
5989500000000 5989600000170 	52000099990 142600410387 563423 	51999536567 563423 0 0 0 	15362573 563423 0 	350.776 	3 	167
6008700000000 6008800000212 	52200100414 143160983631 563437 	52199536977 563437 0 0 0 	15362933 563437 0 	350.368 	3 	167
6027900000000 6028000000320 	52400101054 143721678051 563763 	52399537291 563763 0 0 0 	15371647 563763 0 	350.311 	3 	167
6047100000000 6047200000320 	52600101694 144282458693 564106 	52599537588 564106 0 0 0 	15381181 564106 0 	350.254 	3 	167
6066300000000 6066400000268 	52800102230 144843329328 564399 	52799537831 564399 0 0 0 	15389545 564399 0 	350.19 	3 	167
6085500000000 6085600000060 	53000102350 145404244104 564686 	52999537664 564686 0 0 0 	15397290 564686 0 	350.117 	3 	167
6104700000000 6104800000060 	53200102470 145965265835 564976 	53199537494 564976 0 0 0 	15405905 564976 0 	350.046 	3 	167
6123900000000 6124000000230 	53400102930 146526330126 565278 	53399537652 565278 0 0 0 	15414627 565278 0 	349.966 	3 	167
6143100000000 6143200000230 	53600103390 147087367044 565538 	53599537852 565538 0 0 0 	15422029 565538 0 	349.887 	3 	167
6162300000000 6162400000208 	53800103806 147648529896 565792 	53799538014 565792 0 0 0 	15428614 565792 0 	349.804 	3 	167
6181500000000 6181600000197 	54000104200 148209778567 566041 	53999538159 566041 0 0 0 	15435718 566041 0 	349.714 	3 	167
6200700000000 6200800000197 	54200104594 148771052513 566246 	54199538348 566246 0 0 0 	15441281 566246 0 	349.624 	3 	167
6219900000000 6220000000174 	54400104942 149332347035 566463 	54399538479 566463 0 0 0 	15447376 566463 0 	349.531 	3 	167
6239100000000 6239200000008 	54600104958 149893773981 566684 	54599538274 566684 0 0 0 	15453641 566684 0 	349.43 	3 	167
6258300000000 6258400000008 	54800104974 150455227585 566886 	54799538088 566886 0 0 0 	15459956 566886 0 	349.33 	3 	167
6277500000000 6277600000320 	55000105614 151016719765 567074 	54999538540 567074 0 0 0 	15465263 567074 0 	349.223 	3 	167
6296700000000 6296800000320 	55200106254 151578264758 567229 	55199539025 567229 0 0 0 	15469931 567229 0 	349.116 	3 	167
6315900000000 6316000000167 	55400106588 152139877679 567432 	55399539156 567432 0 0 0 	15476325 567432 0 	349.005 	3 	167
6335100000000 6335200000120 	55600106828 152701568673 567581 	55599539247 567581 0 0 0 	15480709 567581 0 	348.887 	3 	167
6354300000000 6354400000120 	55800107068 153263307150 567753 	55799539315 567753 0 0 0 	15485312 567753 0 	348.77 	3 	167
6373500000000 6373600000188 	56000107444 153825052899 567915 	55999539529 567915 0 0 0 	15489502 567915 0 	348.65 	3 	167
6392700000000 6392800000096 	56200107636 154386913289 568072 	56199539564 568072 0 0 0 	15494388 568072 0 	348.521 	3 	167
6411900000000 6412000000096 	56400107828 154948814674 568207 	56399539621 568207 0 0 0 	15498873 568207 0 	348.394 	3 	167
6431100000000 6431200000215 	56600108258 155510748885 568369 	56599539889 568369 0 0 0 	15503747 568369 0 	348.264 	3 	167
6450300000000 6450400000215 	56800108688 156072786759 568492 	56799540196 568492 0 0 0 	15507173 568492 0 	348.134 	3 	167
6469500000000 6469600000057 	57000108802 156634835664 568625 	56999540177 568625 0 0 0 	15511307 568625 0 	347.997 	3 	167
6488700000000 6488800000056 	57200108914 157196940415 568757 	57199540157 568757 0 0 0 	15515320 568757 0 	347.857 	3 	167
6507900000000 6508000000056 	57400109026 157759090069 568853 	57399540173 568853 0 0 0 	15517995 568853 0 	347.718 	3 	167
6527100000000 6527200000110 	57600109246 158321354591 568984 	57599540262 568984 0 0 0 	15521778 568984 0 	347.571 	3 	167
6546300000000 6546400000110 	57800109466 158883703069 569109 	57799540357 569109 0 0 0 	15525671 569109 0 	347.425 	3 	167
6565500000000 6565600000125 	58000109716 159445989571 569216 	57999540500 569216 0 0 0 	15528706 569216 0 	347.276 	3 	167
6584700000000 6584800000031 	58200109778 160008404544 569311 	58199540467 569311 0 0 0 	15531590 569311 0 	347.12 	3 	167
6603900000000 6604000000031 	58400109840 160570880768 569401 	58399540439 569401 0 0 0 	15534077 569401 0 	346.965 	3 	167
6623100000000 6623200000188 	58600110216 161133350603 569495 	58599540721 569495 0 0 0 	15536865 569495 0 	346.806 	3 	167
6642300000000 6642400000192 	58800110600 161695899000 569597 	58799541003 569597 0 0 0 	15540010 569597 0 	346.64 	3 	167
6661500000000 6661600000192 	59000110984 162258568232 569699 	58999541285 569699 0 0 0 	15542968 569699 0 	346.475 	3 	167
6680700000000 6680800000302 	59200111588 162821243452 569776 	59199541812 569776 0 0 0 	15545458 569776 0 	346.307 	3 	167
6699900000000 6700000000302 	59400112192 163384043178 569854 	59399542338 569854 0 0 0 	15547730 569854 0 	346.141 	3 	167
6719100000000 6719200000052 	59600112296 163946826518 569930 	59599542366 569930 0 0 0 	15549826 569930 0 	345.971 	3 	167
6738300000000 6738400000200 	59800112696 164509663921 570025 	59799542671 570025 0 0 0 	15552485 570025 0 	345.794 	3 	167
6757500000000 6757600000200 	60000113096 165072584135 570085 	59999543011 570085 0 0 0 	15553965 570085 0 	345.618 	3 	167
6776700000000 6776800000251 	60200113598 165635567099 570158 	60199543440 570158 0 0 0 	15556090 570158 0 	345.439 	3 	167
6795900000000 6796000000251 	60400114100 166198621320 570223 	60399543877 570223 0 0 0 	15558202 570223 0 	345.262 	3 	167
6815100000000 6815200000197 	60600114494 166761696476 570296 	60599544198 570296 0 0 0 	15560167 570296 0 	345.077 	3 	167
6834300000000 6834400000048 	60800114590 167324812400 570369 	60799544221 570369 0 0 0 	15562212 570369 0 	344.888 	3 	167
6853500000000 6853600000048 	61000114686 167887988258 570428 	60999544258 570428 0 0 0 	15563855 570428 0 	344.702 	3 	167
6872700000000 6872800000280 	61200115246 168451230998 570476 	61199544770 570476 0 0 0 	15565452 570476 0 	344.512 	3 	167
6891900000000 6892000000021 	61400115288 169014559491 570530 	61399544758 570530 0 0 0 	15566999 570530 0 	344.315 	3 	167
6911100000000 6911200000021 	61600115330 169577918858 570585 	61599544745 570585 0 0 0 	15568611 570585 0 	344.119 	3 	167
6930300000000 6930400000072 	61800115474 170141321686 570646 	61799544828 570646 0 0 0 	15570404 570646 0 	343.921 	3 	167
6949500000000 6949600000072 	62000115618 170704737614 570681 	61999544937 570681 0 0 0 	15571295 570681 0 	343.723 	3 	167
6968700000000 6968800000113 	62200115844 171268248100 570733 	62199545111 570733 0 0 0 	15572793 570733 0 	343.523 	3 	167
6987900000000 6988000000069 	62400115982 171831763164 570781 	62399545201 570781 0 0 0 	15574230 570781 0 	343.316 	3 	167
7007100000000 7007200000069 	62600116120 172395344936 570822 	62599545298 570822 0 0 0 	15575158 570822 0 	343.11 	3 	167
7026300000000 7026400000224 	62800116568 172959033685 570864 	62799545704 570864 0 0 0 	15576607 570864 0 	342.901 	3 	167
7045500000000 7045600000271 	63000117110 173522727203 570901 	62999546209 570901 0 0 0 	15577906 570901 0 	342.689 	3 	167
7064700000000 7064800000271 	63200117652 174086485202 570945 	63199546707 570945 0 0 0 	15579226 570945 0 	342.479 	3 	167
7083900000000 7084000000186 	63400118024 174650309493 570976 	63399547048 570976 0 0 0 	15580074 570976 0 	342.265 	3 	167
7103100000000 7103200000186 	63600118396 175214174235 571011 	63599547385 571011 0 0 0 	15581401 571011 0 	342.054 	3 	167
7122300000000 7122400000092 	63800118580 175778096085 571036 	63799547544 571036 0 0 0 	15581974 571036 0 	341.835 	3 	167
7141500000000 7141600000031 	64000118642 176342055234 571067 	63999547575 571067 0 0 0 	15582843 571067 0 	341.613 	3 	167
7160700000000 7160800000031 	64200118704 176905993825 571100 	64199547604 571100 0 0 0 	15583933 571100 0 	341.392 	3 	167
7179900000000 7180000000020 	64400118744 177470041417 571130 	64399547614 571130 0 0 0 	15584669 571130 0 	341.169 	3 	167
7199100000000 7199200000020 	64600118784 178034174782 571162 	64599547622 571162 0 0 0 	15585600 571162 0 	340.948 	3 	167
7218300000000 7218400000032 	64800118848 178598361152 571184 	64799547664 571184 0 0 0 	15586481 571184 0 	340.723 	3 	167
7237500000000 7237600000040 	65000118928 179162560970 571200 	64999547728 571200 0 0 0 	15586943 571200 0 	340.496 	3 	167
7256700000000 7256800000040 	65200119008 179726828942 571227 	65199547781 571227 0 0 0 	15587809 571227 0 	340.271 	3 	167
7275900000000 7276000000214 	65400119436 180291149856 571254 	65399548182 571254 0 0 0 	15588517 571254 0 	340.038 	3 	167
7295100000000 7295200000047 	65600119530 180855593166 571295 	65599548235 571295 0 0 0 	15589923 571295 0 	339.802 	3 	167
7314300000000 7314400000047 	65800119624 181419957979 571316 	65799548308 571316 0 0 0 	15590454 571316 0 	339.568 	3 	167
7333500000000 7333600000044 	66000119712 181984431702 571331 	65999548381 571331 0 0 0 	15590858 571331 0 	339.331 	3 	167
7352700000000 7352800000044 	66200119800 182548965552 571343 	66199548457 571343 0 0 0 	15591034 571343 0 	339.096 	3 	167
7371900000000 7372000000175 	66400120150 183113572044 571362 	66399548788 571362 0 0 0 	15591606 571362 0 	338.858 	3 	167
7391100000000 7391200000136 	66600120422 183678111105 571382 	66599549040 571382 0 0 0 	15592173 571382 0 	338.618 	3 	167
7410300000000 7410400000136 	66800120694 184242774320 571397 	66799549297 571397 0 0 0 	15592770 571397 0 	338.379 	3 	167
7429500000000 7429600000173 	67000121040 184807457578 571416 	66999549624 571416 0 0 0 	15593283 571416 0 	338.137 	3 	167
7448700000000 7448800000084 	67200121208 185372238374 571430 	67199549778 571430 0 0 0 	15593597 571430 0 	337.888 	3 	167
7467900000000 7468000000084 	67400121376 185937040239 571447 	67399549929 571447 0 0 0 	15594144 571447 0 	337.641 	3 	167
7487100000000 7487200000170 	67600121716 186501929803 571462 	67599550254 571462 0 0 0 	15594522 571462 0 	337.39 	3 	167
7506300000000 7506400000170 	67800122056 187066873933 571475 	67799550581 571475 0 0 0 	15594828 571475 0 	337.142 	3 	167
7525500000000 7525600000212 	68000122480 187631831212 571486 	67999550994 571486 0 0 0 	15595031 571486 0 	336.891 	3 	167
7544700000000 7544800000180 	68200122840 188196867481 571503 	68199551337 571503 0 0 0 	15595348 571503 0 	336.637 	3 	167
7563900000000 7564000000180 	68400123200 188761910722 571515 	68399551685 571515 0 0 0 	15595657 571515 0 	336.386 	3 	167
7583100000000 7583200000044 	68600123288 189327043076 571534 	68599551754 571534 0 0 0 	15596057 571534 0 	336.131 	3 	167
7602300000000 7602400000044 	68800123376 189892213125 571543 	68799551833 571543 0 0 0 	15596295 571543 0 	335.878 	3 	167
7621500000000 7621600000040 	69000123456 190457457811 571554 	68999551902 571554 0 0 0 	15596617 571554 0 	335.623 	3 	167
7640700000000 7640800000135 	69200123726 191022675882 571563 	69199552163 571563 0 0 0 	15596837 571563 0 	335.364 	3 	167
7659900000000 7660000000135 	69400123996 191587940956 571573 	69399552423 571573 0 0 0 	15597116 571573 0 	335.108 	3 	167
7679100000000 7679200000032 	69600124060 192153292267 571586 	69599552474 571586 0 0 0 	15597404 571586 0 	334.849 	3 	167
7698300000000 7698400000227 	69800124514 192718689102 571601 	69799552913 571601 0 0 0 	15597714 571601 0 	334.587 	3 	167
7717500000000 7717600000227 	70000124968 193284165247 571606 	69999553362 571606 0 0 0 	15597758 571606 0 	334.327 	3 	167
7736700000000 7736800000160 	70200125288 193849677794 571616 	70199553672 571616 0 0 0 	15598083 571616 0 	334.064 	3 	167
7755900000000 7756000000160 	70400125608 194415194406 571624 	70399553984 571624 0 0 0 	15598506 571624 0 	333.803 	3 	167
7775100000000 7775200000062 	70600125732 194980779027 571630 	70599554102 571630 0 0 0 	15598664 571630 0 	333.54 	3 	167
7794300000000 7794400000160 	70800126052 195546448633 571639 	70799554413 571639 0 0 0 	15598937 571639 0 	333.273 	3 	167
7813500000000 7813600000160 	71000126372 196112084677 571646 	70999554726 571646 0 0 0 	15599141 571646 0 	333.009 	3 	167
7832700000000 7832800000159 	71200126690 196677812169 571656 	71199555034 571656 0 0 0 	15599496 571656 0 	332.742 	3 	167
7851900000000 7852000000026 	71400126742 197243566042 571667 	71399555075 571667 0 0 0 	15599677 571667 0 	332.472 	3 	167
7871100000000 7871200000026 	71600126794 197809390409 571673 	71599555121 571673 0 0 0 	15599807 571673 0 	332.204 	3 	167
7890300000000 7890400000242 	71800127278 198375326447 571680 	71799555598 571680 0 0 0 	15600124 571680 0 	331.934 	3 	167
7909500000000 7909600000242 	72000127762 198941291889 571688 	71999556074 571688 0 0 0 	15600424 571688 0 	331.665 	3 	167
7928700000000 7928800000000 	72200127762 199507231055 571693 	72199556069 571693 0 0 0 	15600545 571693 0 	331.394 	3 	167
7947900000000 7948000000035 	72400127832 200073218646 571704 	72399556128 571704 0 0 0 	15600809 571704 0 	331.12 	3 	167
7967100000000 7967200000035 	72600127902 200639260668 571707 	72599556195 571707 0 0 0 	15600854 571707 0 	330.848 	3 	167
7986300000000 7986400000054 	72800128010 201205364739 571710 	72799556300 571710 0 0 0 	15600993 571710 0 	330.573 	3 	167
8005500000000 8005600000054 	73000128118 201771522377 571717 	72999556401 571717 0 0 0 	15601171 571717 0 	330.3 	3 	167
8024700000000 8024800000152 	73200128422 202337988800 605373 	73199523049 605373 0 0 0 	16562525 605373 0 	330.611 	3 	167
8043900000000 8044000000152 	73400128726 202904502198 638166 	73399490560 638166 0 0 0 	17503528 638166 0 	330.922 	3 	167
8063100000000 8063200000152 	73600129030 203471002922 670366 	73599458664 670366 0 0 0 	18420857 670366 0 	331.231 	3 	167
8082300000000 8082400000000 	73800129030 204037541293 701983 	73799427047 701983 0 0 0 	19324832 701983 0 	331.534 	3 	167
8101500000000 8101600000000 	74000129030 204604164987 732962 	73999396068 732962 0 0 0 	20219345 732962 0 	331.836 	3 	167
8120700000000 8120800000000 	74200129030 205170769861 763318 	74199365712 763318 0 0 0 	21092351 763318 0 	332.137 	3 	167
8139900000000 8140000000048 	74400129126 205737431956 793018 	74399336108 793018 0 0 0 	21944474 793018 0 	332.432 	3 	167
8159100000000 8159200000048 	74600129222 206304130514 821921 	74599307301 821921 0 0 0 	22784310 821921 0 	332.727 	3 	167
8178300000000 8178400000048 	74800129318 206870943076 850498 	74799278820 850498 0 0 0 	23602420 850498 0 	333.02 	3 	167
8197500000000 8197600000476 	75000130270 207437804547 878241 	74999252029 878241 0 0 0 	24403386 878241 0 	333.307 	3 	167
8216700000000 8216800000476 	75200131222 208004599970 905453 	75199225769 905453 0 0 0 	25178370 905453 0 	333.593 	3 	167
8235900000000 8236000000476 	75400132174 208571506373 932084 	75399200090 932084 0 0 0 	25944831 932084 0 	333.878 	3 	167
8255100000000 8255200000011 	75600132196 209138486226 958376 	75599173820 958376 0 0 0 	26697910 958376 0 	334.159 	3 	167
8274300000000 8274400000011 	75800132218 209705429955 984303 	75799147915 984303 0 0 0 	27440228 984303 0 	334.438 	3 	167
8293500000000 8293600000011 	76000132240 210272394666 1009260 	75999122980 1009260 0 0 0 	28155391 1009260 0 	334.716 	3 	167
8312700000000 8312800000011 	76200132262 210839421428 1033939 	76199098323 1033939 0 0 0 	28866652 1033939 0 	334.994 	3 	167
8331900000000 8332000000210 	76400132682 211406523044 1058084 	76399074598 1058084 0 0 0 	29552658 1058084 0 	335.265 	3 	167
8351100000000 8351200000210 	76600133102 211973673755 1081897 	76599051205 1081897 0 0 0 	30234250 1081897 0 	335.536 	3 	167
8370300000000 8370400000210 	76800133522 212540811073 1105162 	76799028360 1105162 0 0 0 	30902878 1105162 0 	335.805 	3 	167
8389500000000 8389600000381 	77000134284 213108037419 1127993 	76999006291 1127993 0 0 0 	31551517 1127993 0 	336.069 	3 	167
8408700000000 8408800000381 	77200135046 213675284528 1150066 	77198984980 1150066 0 0 0 	32186308 1150066 0 	336.331 	3 	167
8427900000000 8428000000200 	77400135446 214242361338 1150144 	77398985302 1150144 0 0 0 	32188439 1150144 0 	336.226 	3 	167
8447100000000 8447200000200 	77600135846 214809494072 1150232 	77598985614 1150232 0 0 0 	32190908 1150232 0 	336.122 	3 	167
8466300000000 8466400000251 	77800136348 215376656659 1150312 	77798986036 1150312 0 0 0 	32193443 1150312 0 	336.014 	3 	167
8485500000000 8485600000251 	78000136850 215943875981 1150385 	77998986465 1150385 0 0 0 	32195351 1150385 0 	335.908 	3 	167
8504700000000 8504800000197 	78200137244 216511214455 1150468 	78198986776 1150468 0 0 0 	32197591 1150468 0 	335.795 	3 	167
8523900000000 8524000000197 	78400137638 217078540201 1150541 	78398987097 1150541 0 0 0 	32199349 1150541 0 	335.683 	3 	167
8543100000000 8543200000048 	78600137734 217645931338 1150614 	78598987120 1150614 0 0 0 	32201312 1150614 0 	335.569 	3 	167
8562300000000 8562400000048 	78800137830 218213342795 1150691 	78798987139 1150691 0 0 0 	32203701 1150691 0 	335.455 	3 	167
8581500000000 8581600000280 	79000138390 218780856601 1150756 	78998987634 1150756 0 0 0 	32205543 1150756 0 	335.339 	3 	167
8600700000000 8600800000280 	79200138950 219348332003 1150815 	79198988135 1150815 0 0 0 	32207148 1150815 0 	335.223 	3 	167
8619900000000 8620000000021 	79400138992 219915879767 1150879 	79398988113 1150879 0 0 0 	32208995 1150879 0 	335.101 	3 	167
8639100000000 8639200000021 	79600139034 220483416490 1150930 	79598988104 1150930 0 0 0 	32210742 1150930 0 	334.98 	3 	167
8658300000000 8658400000072 	79800139178 221051035937 1150995 	79798988183 1150995 0 0 0 	32212550 1150995 0 	334.857 	3 	167
8677500000000 8677600000072 	80000139322 221618660161 1151050 	79998988272 1151050 0 0 0 	32213889 1151050 0 	334.734 	3 	167
8696700000000 8696800000113 	80200139548 222186329539 1151101 	80198988447 1151101 0 0 0 	32215341 1151101 0 	334.608 	3 	167
8715900000000 8716000000113 	80400139774 222754061595 1151146 	80398988628 1151146 0 0 0 	32216845 1151146 0 	334.484 	3 	167
8735100000000 8735200000069 	80600139912 223321839555 1151189 	80598988723 1151189 0 0 0 	32217932 1151189 0 	334.353 	3 	167
8754300000000 8754400000069 	80800140050 223889686533 1151237 	80798988813 1151237 0 0 0 	32219269 1151237 0 	334.223 	3 	167
8773500000000 8773600000224 	81000140498 224457576298 1151292 	80998989206 1151292 0 0 0 	32220772 1151292 0 	334.091 	3 	167
8792700000000 8792800000224 	81200140946 225025463058 1151340 	81198989606 1151340 0 0 0 	32222587 1151340 0 	333.959 	3 	167
8811900000000 8812000000271 	81400141488 225593438751 1151380 	81398990108 1151380 0 0 0 	32223604 1151380 0 	333.825 	3 	167
8831100000000 8831200000271 	81600142030 226161471394 1151417 	81598990613 1151417 0 0 0 	32224609 1151417 0 	333.692 	3 	167
8850300000000 8850400000186 	81800142402 226729522691 1151453 	81798990949 1151453 0 0 0 	32225619 1151453 0 	333.556 	3 	167
8869500000000 8869600000186 	82000142774 227297555469 1151494 	81998991280 1151494 0 0 0 	32226981 1151494 0 	333.42 	3 	167
8888700000000 8888800000092 	82200142958 227865695895 1151541 	82198991417 1151541 0 0 0 	32228325 1151541 0 	333.279 	3 	167
8907900000000 8908000000092 	82400143142 228433740508 1151580 	82398991562 1151580 0 0 0 	32229580 1151580 0 	333.139 	3 	167
8927100000000 8927200000031 	82600143204 229001959408 1151615 	82598991589 1151615 0 0 0 	32230406 1151615 0 	332.996 	3 	167
8946300000000 8946400000031 	82800143266 229570176016 1151656 	82798991610 1151656 0 0 0 	32231531 1151656 0 	332.854 	3 	167
8965500000000 8965600000020 	83000143306 230138437193 1151690 	82998991616 1151690 0 0 0 	32232369 1151690 0 	332.71 	3 	167
8984700000000 8984800000020 	83200143346 230706719988 1151718 	83198991628 1151718 0 0 0 	32233166 1151718 0 	332.566 	3 	167
9003900000000 9004000000032 	83400143410 231275085051 1151754 	83398991656 1151754 0 0 0 	32234343 1151754 0 	332.42 	3 	167
9023100000000 9023200000032 	83600143474 231843443035 1151779 	83598991695 1151779 0 0 0 	32235050 1151779 0 	332.274 	3 	167
9042300000000 9042400000040 	83800143554 232411927038 1151806 	83798991748 1151806 0 0 0 	32235971 1151806 0 	332.126 	3 	167
9061500000000 9061600000040 	84000143634 232980444626 1151835 	83998991799 1151835 0 0 0 	32236819 1151835 0 	331.979 	3 	167
9080700000000 9080800000214 	84200144062 233548951667 1151869 	84198992193 1151869 0 0 0 	32237954 1151869 0 	331.826 	3 	167
9099900000000 9100000000214 	84400144490 234117480444 1151898 	84398992592 1151898 0 0 0 	32238721 1151898 0 	331.674 	3 	167
9119100000000 9119200000047 	84600144584 234686114747 1151923 	84598992661 1151923 0 0 0 	32239024 1151923 0 	331.519 	3 	167
9138300000000 9138400000047 	84800144678 235254777409 1151943 	84798992735 1151943 0 0 0 	32239524 1151943 0 	331.365 	3 	167
9157500000000 9157600000044 	85000144766 235823465492 1151967 	84998992799 1151967 0 0 0 	32240170 1151967 0 	331.209 	3 	167
9176700000000 9176800000044 	85200144854 236392198403 1151989 	85198992865 1151989 0 0 0 	32240788 1151989 0 	331.053 	3 	167
9195900000000 9196000000175 	85400145204 236960957766 1152018 	85398993186 1152018 0 0 0 	32241624 1152018 0 	330.896 	3 	167
9215100000000 9215200000175 	85600145554 237529809374 1152037 	85598993517 1152037 0 0 0 	32242010 1152037 0 	330.738 	3 	167
9234300000000 9234400000136 	85800145826 238098634148 1152057 	85798993769 1152057 0 0 0 	32242568 1152057 0 	330.579 	3 	167
9253500000000 9253600000136 	86000146098 238667533194 1152076 	85998994022 1152076 0 0 0 	32242911 1152076 0 	330.42 	3 	167
9272700000000 9272800000173 	86200146444 239236447484 1152099 	86198994345 1152099 0 0 0 	32243776 1152099 0 	330.259 	3 	167
9291900000000 9292000000173 	86400146790 239805378300 1152118 	86398994672 1152118 0 0 0 	32244230 1152118 0 	330.099 	3 	167
9311100000000 9311200000084 	86600146958 240374357811 1152133 	86598994825 1152133 0 0 0 	32244710 1152133 0 	329.933 	3 	167
9330300000000 9330400000084 	86800147126 240943406221 1152146 	86798994980 1152146 0 0 0 	32245200 1152146 0 	329.767 	3 	167
9349500000000 9349600000170 	87000147466 241512509831 1152165 	86998995301 1152165 0 0 0 	32245778 1152165 0 	329.6 	3 	167
9368700000000 9368800000170 	87200147806 242081663941 1152184 	87198995622 1152184 0 0 0 	32246298 1152184 0 	329.433 	3 	167
9387900000000 9388000000212 	87400148230 242650830082 1152197 	87398996033 1152197 0 0 0 	32246594 1152197 0 	329.264 	3 	167
9407100000000 9407200000212 	87600148654 243220018372 1152217 	87598996437 1152217 0 0 0 	32247377 1152217 0 	329.095 	3 	167
9426300000000 9426400000180 	87800149014 243789293384 1152233 	87798996781 1152233 0 0 0 	32247875 1152233 0 	328.924 	3 	167
9445500000000 9445600000180 	88000149374 244358609595 1152245 	87998997129 1152245 0 0 0 	32248262 1152245 0 	328.755 	3 	167
9464700000000 9464800000180 	88200149734 244927946280 1152259 	88198997475 1152259 0 0 0 	32248915 1152259 0 	328.586 	3 	167
9483900000000 9484000000044 	88400149822 245497327284 1152274 	88398997548 1152274 0 0 0 	32249200 1152274 0 	328.414 	3 	167
9503100000000 9503200000044 	88600149910 246066720995 1152283 	88598997627 1152283 0 0 0 	32249382 1152283 0 	328.244 	3 	167
9522300000000 9522400000040 	88800149990 246636149893 1152295 	88798997695 1152295 0 0 0 	32249651 1152295 0 	328.071 	3 	167
9541500000000 9541600000040 	89000150070 247205613942 1152307 	88998997763 1152307 0 0 0 	32249895 1152307 0 	327.899 	3 	167
9560700000000 9560800000135 	89200150340 247775105651 1152319 	89198998021 1152319 0 0 0 	32250150 1152319 0 	327.725 	3 	167
9579900000000 9580000000135 	89400150610 248344620289 1152333 	89398998277 1152333 0 0 0 	32250522 1152333 0 	327.551 	3 	167
9599100000000 9599200000032 	89600150674 248914205498 1152348 	89598998326 1152348 0 0 0 	32250927 1152348 0 	327.375 	3 	167
9618300000000 9618400000032 	89800150738 249483826323 1152355 	89798998383 1152355 0 0 0 	32251056 1152355 0 	327.2 	3 	167
9637500000000 9637600000227 	90000151192 250053567704 1152366 	89998998826 1152366 0 0 0 	32251461 1152366 0 	327.023 	3 	167
9656700000000 9656800000227 	90200151646 250623322866 1152377 	90198999269 1152377 0 0 0 	32251691 1152377 0 	326.847 	3 	167
9675900000000 9676000000160 	90400151966 251193130297 1152387 	90398999579 1152387 0 0 0 	32251965 1152387 0 	326.668 	3 	167
9695100000000 9695200000160 	90600152286 251762920078 1152396 	90598999890 1152396 0 0 0 	32252209 1152396 0 	326.49 	3 	167
9714300000000 9714400000062 	90800152410 252332727534 1152400 	90799000010 1152400 0 0 0 	32252270 1152400 0 	326.309 	3 	167
9733500000000 9733600000062 	91000152534 252902582825 1152407 	90999000127 1152407 0 0 0 	32252686 1152407 0 	326.13 	3 	167
9752700000000 9752800000160 	91200152854 253472497759 1152415 	91199000439 1152415 0 0 0 	32252816 1152415 0 	325.948 	3 	167
9771900000000 9772000000160 	91400153174 254042415604 1152424 	91399000750 1152424 0 0 0 	32253099 1152424 0 	325.767 	3 	167
9791100000000 9791200000159 	91600153492 254612449626 1152432 	91599001060 1152432 0 0 0 	32253345 1152432 0 	325.584 	3 	167
9810300000000 9810400000159 	91800153810 255182417630 1152443 	91799001367 1152443 0 0 0 	32253767 1152443 0 	325.402 	3 	167
9829500000000 9829600000026 	92000153862 255752465651 1152453 	91999001409 1152453 0 0 0 	32254186 1152453 0 	325.217 	3 	167
9848700000000 9848800000026 	92200153914 256322559014 1152466 	92199001448 1152466 0 0 0 	32254533 1152466 0 	325.034 	3 	167
9867900000000 9868000000242 	92400154398 256892703803 1152472 	92399001926 1152472 0 0 0 	32254618 1152472 0 	324.847 	3 	167
9887100000000 9887200000242 	92600154882 257462841435 1152482 	92599002400 1152482 0 0 0 	32254996 1152482 0 	324.662 	3 	167
9906300000000 9906400000000 	92800154882 258033088224 1152489 	92799002393 1152489 0 0 0 	32255270 1152489 0 	324.475 	3 	167
9925500000000 9925600000000 	93000154882 258603271570 1152491 	92999002391 1152491 0 0 0 	32255308 1152491 0 	324.288 	3 	167
9944700000000 9944800000035 	93200154952 259173540481 1152495 	93199002457 1152495 0 0 0 	32255528 1152495 0 	324.099 	3 	167
9963900000000 9964000000035 	93400155022 259743864411 1152502 	93399002520 1152502 0 0 0 	32255794 1152502 0 	323.911 	3 	167
9983100000000 9983200000054 	93600155130 260314202733 1152514 	93599002616 1152514 0 0 0 	32256120 1152514 0 	323.721 	3 	167
