1017000000000 1017100000062 	200000124 526773337 5 	200000119 5 0 0 0 	329 5 0 	261 	3 	170
1036200000000 1036300000242 	400000608 1053991221 5 	400000603 5 0 0 0 	329 5 0 	258.985 	3 	170
1055400000000 1055500000152 	600000912 1581639776 16325 	599984587 16325 0 0 0 	439251 16325 0 	309.068 	3 	170
1074600000000 1074700000476 	800001864 2109583685 29965 	799971899 29965 0 0 0 	804264 29965 0 	340.741 	3 	170
1093800000000 1093900000210 	1000002284 2637904159 41548 	999960736 41548 0 0 0 	1111887 41548 0 	362.293 	3 	170
1113000000000 1113100000468 	1200003220 3166526478 51417 	1199951803 51417 0 0 0 	1376213 51417 0 	377.524 	3 	170
1132200000000 1132300000021 	1400003262 3695394883 51432 	1399951830 51432 0 0 0 	1376569 51432 0 	362.582 	3 	170
1151400000000 1151500000224 	1600003710 4224580567 51446 	1599952264 51446 0 0 0 	1376822 51446 0 	351.213 	3 	170
1170600000000 1170700000031 	1800003772 4754062763 51460 	1799952312 51460 0 0 0 	1377171 51460 0 	342.052 	3 	170
1189800000000 1189900000214 	2000004200 5283875384 51466 	1999952734 51466 0 0 0 	1377220 51466 0 	334.349 	3 	170
1209000000000 1209100000175 	2200004550 5813957754 51471 	2199953079 51471 0 0 0 	1377371 51471 0 	327.915 	3 	170
1228200000000 1228300000170 	2400004890 6344384817 51477 	2399953413 51477 0 0 0 	1377545 51477 0 	322.157 	3 	170
1247400000000 1247500000040 	2600004970 6875121524 51479 	2599953491 51479 0 0 0 	1377610 51479 0 	317.009 	3 	170
1266600000000 1266700000160 	2800005290 7406171184 51482 	2799953808 51482 0 0 0 	1377715 51482 0 	312.325 	3 	170
1285800000000 1285900000159 	3000005608 7937466472 51483 	2999954125 51483 0 0 0 	1377773 51483 0 	308.096 	3 	170
1305000000000 1305100000035 	3200005678 8469061469 51485 	3199954193 51485 0 0 0 	1377902 51485 0 	304.138 	3 	170
1324200000000 1324300000000 	3400005678 9001006504 68528 	3399937150 68528 0 0 0 	1839714 68528 0 	311.311 	3 	170
1343400000000 1343500000476 	3600006630 9533252705 83607 	3599923023 83607 0 0 0 	2236859 83607 0 	317.795 	3 	170
1362600000000 1362700000086 	3800006802 10065786677 96690 	3799910112 96690 0 0 0 	2583744 96690 0 	323.669 	3 	170
1381800000000 1381900000381 	4000007564 10598538961 108172 	3999899392 108172 0 0 0 	2892334 108172 0 	329.051 	3 	170
1401000000000 1401100000254 	4200008072 11131493866 118209 	4199889863 118209 0 0 0 	3161897 118209 0 	333.913 	3 	170
1420200000000 1420300000368 	4400008808 11664758301 126970 	4399881838 126970 0 0 0 	3396570 126970 0 	338.319 	3 	170
1439400000000 1439500000120 	4600009048 12198231642 134661 	4599874387 134661 0 0 0 	3604406 134661 0 	342.28 	3 	170
1458600000000 1458700000355 	4800009758 12731980053 141163 	4799868595 141163 0 0 0 	3780382 141163 0 	345.85 	3 	170
1477800000000 1477900000320 	5000010398 13265956799 147186 	4999863212 147186 0 0 0 	3941635 147186 0 	349.033 	3 	170
1497000000000 1497100000290 	5200010978 13800166027 152392 	5199858586 152392 0 0 0 	4081560 152392 0 	351.88 	3 	170
1516200000000 1516300000088 	5400011154 14334633569 156831 	5399854323 156831 0 0 0 	4203164 156831 0 	354.412 	3 	170
1535400000000 1535500000029 	5600011212 14869365994 160824 	5599850388 160824 0 0 0 	4309681 160824 0 	356.726 	3 	170
1554600000000 1554700000060 	5800011332 15404283175 164221 	5799847111 164221 0 0 0 	4399491 164221 0 	358.786 	3 	170
1573800000000 1573900000074 	6000011480 15939466937 167249 	5999844231 167249 0 0 0 	4480556 167249 0 	360.587 	3 	170
1593000000000 1593100000062 	6200011604 16474871225 167255 	6199844349 167255 0 0 0 	4480703 167255 0 	356.202 	3 	170
1612200000000 1612300000026 	6400011656 17010487245 167259 	6399844397 167259 0 0 0 	4480827 167259 0 	352.015 	3 	170
1631400000000 1631500000035 	6600011726 17546293296 167259 	6599844467 167259 0 0 0 	4480827 167259 0 	348.003 	3 	170
1650600000000 1650700000152 	6800012030 18082518197 186435 	6799825595 186435 0 0 0 	5001594 186435 0 	351.2 	3 	170
1669800000000 1669900000048 	7000012126 18618914566 203475 	6999808651 203475 0 0 0 	5461388 203475 0 	354.154 	3 	170
1689000000000 1689100000476 	7200013078 19155562579 218927 	7199794151 218927 0 0 0 	5879582 218927 0 	356.932 	3 	170
1708200000000 1708300000210 	7400013498 19692331194 232800 	7399780698 232800 0 0 0 	6256775 232800 0 	359.498 	3 	170
1727400000000 1727500000381 	7600014260 20229376477 245148 	7599769112 245148 0 0 0 	6594217 245148 0 	361.904 	3 	170
1746600000000 1746700000254 	7800014768 20766560891 256403 	7799758365 256403 0 0 0 	6897172 256403 0 	364.112 	3 	170
1765800000000 1765900000365 	8000015498 21303942464 266266 	7999749232 266266 0 0 0 	7165030 266266 0 	366.189 	3 	170
1785000000000 1785100000352 	8200016202 21841572937 275322 	8199740880 275322 0 0 0 	7409662 275322 0 	368.082 	3 	170
1804200000000 1804300000120 	8400016442 22379387408 283438 	8399733004 283438 0 0 0 	7631763 283438 0 	369.856 	3 	170
1823400000000 1823500000355 	8600017152 22917364748 290756 	8599726396 290756 0 0 0 	7829918 290756 0 	371.473 	3 	170
1842600000000 1842700000230 	8800017612 23455596565 297180 	8799720432 297180 0 0 0 	8001884 297180 0 	372.968 	3 	170
1861800000000 1861900000400 	9000018412 23993974198 303207 	8999715205 303207 0 0 0 	8162203 303207 0 	374.314 	3 	170
1881000000000 1881100000290 	9200018992 24532608485 308722 	9199710270 308722 0 0 0 	8314386 308722 0 	375.565 	3 	170
1900200000000 1900300000088 	9400019168 25071378012 313631 	9399705537 313631 0 0 0 	8447421 313631 0 	376.675 	3 	170
1919400000000 1919500000189 	9600019546 25610314783 317937 	9599701609 317937 0 0 0 	8565190 317937 0 	377.667 	3 	170
1938600000000 1938700000060 	9800019666 26149419570 321791 	9799697875 321791 0 0 0 	8670796 321791 0 	378.576 	3 	170
1957800000000 1957900000074 	10000019814 26688774132 325281 	9999694533 325281 0 0 0 	8768450 325281 0 	379.356 	3 	170
1977000000000 1977100000320 	10200020454 27228270687 328377 	10199692077 328377 0 0 0 	8853642 328377 0 	380.078 	3 	170
1996200000000 1996300000044 	10400020542 27767940561 331185 	10399689357 331185 0 0 0 	8930319 331185 0 	380.677 	3 	170
2015400000000 2015500000228 	10600020998 28307802628 333789 	10599687209 333789 0 0 0 	9002011 333789 0 	381.224 	3 	170
2034600000000 2034700000307 	10800021612 28847834360 336147 	10799685465 336147 0 0 0 	9068042 336147 0 	381.672 	3 	170
2053800000000 2053900000100 	11000021812 29388059146 338218 	10999683594 338218 0 0 0 	9125194 338218 0 	382.056 	3 	170
2073000000000 2073100000173 	11200022158 29928452673 340076 	11199682082 340076 0 0 0 	9177147 340076 0 	382.346 	3 	170
2092200000000 2092300000330 	11400022818 30468971830 341817 	11399681001 341817 0 0 0 	9225244 341817 0 	382.594 	3 	170
2111400000000 2111500000376 	11600023570 31009737112 343290 	11599680280 343290 0 0 0 	9268892 343290 0 	382.752 	3 	170
2130600000000 2130700000290 	11800024150 31550706578 344610 	11799679540 344610 0 0 0 	9307100 344610 0 	382.873 	3 	170
2149800000000 2149900000285 	12000024720 32091795119 345812 	11999678908 345812 0 0 0 	9339322 345812 0 	382.908 	3 	170
2169000000000 2169100000151 	12200025022 32633090343 346962 	12199678060 346962 0 0 0 	9371938 346962 0 	382.909 	3 	170
2188200000000 2188300000278 	12400025578 33174532601 347902 	12399677676 347902 0 0 0 	9397622 347902 0 	382.829 	3 	170
2207400000000 2207500000365 	12600026308 33716241304 358736 	12599667572 358736 0 0 0 	9696384 358736 0 	383.97 	3 	170
2226600000000 2226700000352 	12800027012 34258081562 368804 	12799658208 368804 0 0 0 	9976438 368804 0 	385.008 	3 	170
2245800000000 2245900000120 	13000027252 34800001599 378008 	12999649244 378008 0 0 0 	10234301 378008 0 	385.986 	3 	170
2265000000000 2265100000178 	13200027608 35342174077 386421 	13199641187 386421 0 0 0 	10462699 386421 0 	386.908 	3 	170
2284200000000 2284300000355 	13400028318 35884509709 394119 	13399634199 394119 0 0 0 	10672354 394119 0 	387.774 	3 	170
2303400000000 2303500000230 	13600028778 36426917938 401228 	13599627550 401228 0 0 0 	10867243 401228 0 	388.575 	3 	170
2322600000000 2322700000400 	13800029578 36969525690 407952 	13799621626 407952 0 0 0 	11051267 407952 0 	389.291 	3 	170
2341800000000 2341900000290 	14000030158 37512282404 414114 	13999616044 414114 0 0 0 	11222228 414114 0 	389.955 	3 	170
2361000000000 2361100000249 	14200030656 38055206436 419826 	14199610830 419826 0 0 0 	11378057 419826 0 	390.57 	3 	170
2380200000000 2380300000088 	14400030832 38598338395 424908 	14399605924 424908 0 0 0 	11521688 424908 0 	391.136 	3 	170
2399400000000 2399500000189 	14600031210 39141596965 429666 	14599601544 429666 0 0 0 	11652810 429666 0 	391.632 	3 	170
2418600000000 2418700000060 	14800031330 39684919448 434026 	14799597304 434026 0 0 0 	11771327 434026 0 	392.082 	3 	170
2437800000000 2437900000375 	15000032080 40228424560 438038 	14999594042 438038 0 0 0 	11882096 438038 0 	392.488 	3 	170
2457000000000 2457100000074 	15200032228 40772114468 441736 	15199590492 441736 0 0 0 	11981998 441736 0 	392.849 	3 	170
2476200000000 2476300000320 	15400032868 41315965907 445123 	15399587745 445123 0 0 0 	12076969 445123 0 	393.179 	3 	170
2495400000000 2495500000044 	15600032956 41859969203 448268 	15599584688 448268 0 0 0 	12164156 448268 0 	393.433 	3 	170
2514600000000 2514700000228 	15800033412 42404048970 451143 	15799582269 451143 0 0 0 	12243278 451143 0 	393.657 	3 	170
2533800000000 2533900000091 	16000033594 42948295354 453874 	15999579720 453874 0 0 0 	12319203 453874 0 	393.842 	3 	170
2553000000000 2553100000307 	16200034208 43492678208 456288 	16199577920 456288 0 0 0 	12387536 456288 0 	393.999 	3 	170
2572200000000 2572300000100 	16400034408 44037268839 458514 	16399575894 458514 0 0 0 	12450810 458514 0 	394.118 	3 	170
2591400000000 2591500000173 	16600034754 44581973033 460618 	16599574136 460618 0 0 0 	12510431 460618 0 	394.176 	3 	170
2610600000000 2610700000330 	16800035414 45126730384 462526 	16799572888 462526 0 0 0 	12562755 462526 0 	394.21 	3 	170
2629800000000 2629900000352 	17000036118 45671669616 464319 	16999571799 464319 0 0 0 	12612747 464319 0 	394.207 	3 	170
2649000000000 2649100000376 	17200036870 46216716802 465989 	17199570881 465989 0 0 0 	12658898 465989 0 	394.181 	3 	170
2668200000000 2668300000290 	17400037450 46761991368 467507 	17399569943 467507 0 0 0 	12697819 467507 0 	394.133 	3 	170
2687400000000 2687500000285 	17600038020 47307364318 468764 	17599569256 468764 0 0 0 	12732088 468764 0 	394.027 	3 	170
2706600000000 2706700000151 	17800038322 47852903371 470012 	17799568310 470012 0 0 0 	12766282 470012 0 	393.899 	3 	170
2725800000000 2725900000308 	18000038938 48398555685 471150 	17999567788 471150 0 0 0 	12798895 471150 0 	393.751 	3 	170
2745000000000 2745100000278 	18200039494 48944312579 472202 	18199567292 472202 0 0 0 	12827818 472202 0 	393.571 	3 	170
2764200000000 2764300000208 	18400039910 49490264465 473192 	18399566718 473192 0 0 0 	12853464 473192 0 	393.371 	3 	170
2783400000000 2783500000296 	18600040502 50036277906 474032 	18599566470 474032 0 0 0 	12876559 474032 0 	393.128 	3 	170
2802600000000 2802700000270 	18800041042 50582406034 474894 	18799566148 474894 0 0 0 	12901034 474894 0 	392.867 	3 	170
2821800000000 2821900000320 	19000041682 51128711630 475696 	18999565986 475696 0 0 0 	12921985 475696 0 	392.588 	3 	170
2841000000000 2841100000350 	19200042382 51675146566 476410 	19199565972 476410 0 0 0 	12941916 476410 0 	392.291 	3 	170
2860200000000 2860300000328 	19400043038 52221718736 477053 	19399565985 477053 0 0 0 	12959396 477053 0 	391.953 	3 	170
2879400000000 2879500000080 	19600043198 52768389532 477665 	19599565533 477665 0 0 0 	12976124 477665 0 	391.598 	3 	170
2898600000000 2898700000140 	19800043478 53315131035 478203 	19799565275 478203 0 0 0 	12990360 478203 0 	391.227 	3 	170
2917800000000 2917900000044 	20000043566 53862043959 478736 	19999564830 478736 0 0 0 	13006462 478736 0 	390.841 	3 	170
2937000000000 2937100000044 	20200043654 54409132877 479211 	20199564443 479211 0 0 0 	13020274 479211 0 	390.438 	3 	170
2956200000000 2956300000250 	20400044154 54956244419 479654 	20399564500 479654 0 0 0 	13032398 479654 0 	389.996 	3 	170
2975400000000 2975500000236 	20600044626 55503568021 480034 	20599564592 480034 0 0 0 	13042937 480034 0 	389.54 	3 	170
2994600000000 2994700000228 	20800045082 56050950146 480415 	20799564667 480415 0 0 0 	13054071 480415 0 	389.069 	3 	170
3013800000000 3013900000112 	21000045306 56598511797 480762 	20999564544 480762 0 0 0 	13063769 480762 0 	388.584 	3 	170
3033000000000 3033100000278 	21200045862 57146198385 481059 	21199564803 481059 0 0 0 	13071946 481059 0 	388.098 	3 	170
3052200000000 3052300000254 	21400046370 57693937282 481345 	21399565025 481345 0 0 0 	13079912 481345 0 	387.573 	3 	170
3071400000000 3071500000032 	21600046434 58241851562 481611 	21599564823 481611 0 0 0 	13087250 481611 0 	387.035 	3 	170
3090600000000 3090700000320 	21800047074 58789850329 485361 	21799561713 485361 0 0 0 	13192966 485361 0 	387.314 	3 	170
3109800000000 3109900000353 	22000047780 59338004560 488858 	21999558922 488858 0 0 0 	13287487 488858 0 	387.565 	3 	170
3129000000000 3129100000044 	22200047868 59886263631 492169 	22199555699 492169 0 0 0 	13378553 492169 0 	387.788 	3 	170
3148200000000 3148300000228 	22400048324 60434626731 495305 	22399553019 495305 0 0 0 	13465711 495305 0 	387.992 	3 	170
3167400000000 3167500000091 	22600048506 60983142852 498241 	22599550265 498241 0 0 0 	13545543 498241 0 	388.168 	3 	170
3186600000000 3186700000307 	22800049120 61531787265 500950 	22799548170 500950 0 0 0 	13623271 500950 0 	388.326 	3 	170
3205800000000 3205900000100 	23000049320 62080506855 503498 	22999545822 503498 0 0 0 	13694181 503498 0 	388.457 	3 	170
3225000000000 3225100000314 	23200049948 62629384201 505922 	23199544026 505922 0 0 0 	13762730 505922 0 	388.57 	3 	170
3244200000000 3244300000173 	23400050294 63178325260 508159 	23399542135 508159 0 0 0 	13825573 508159 0 	388.657 	3 	170
3263400000000 3263500000330 	23600050954 63727396183 510253 	23599540701 510253 0 0 0 	13885100 510253 0 	388.726 	3 	170
3282600000000 3282700000352 	23800051658 64276555307 512223 	23799539435 512223 0 0 0 	13941166 512223 0 	388.77 	3 	170
3301800000000 3301900000376 	24000052410 64825843695 513993 	23999538417 513993 0 0 0 	13990527 513993 0 	388.796 	3 	170
3321000000000 3321100000290 	24200052990 65375196954 515744 	24199537246 515744 0 0 0 	14037338 515744 0 	388.806 	3 	170
3340200000000 3340300000026 	24400053042 65924646666 517353 	24399535689 517353 0 0 0 	14079479 517353 0 	388.791 	3 	170
3359400000000 3359500000285 	24600053612 66474214161 518825 	24599534787 518825 0 0 0 	14120621 518825 0 	388.76 	3 	170
3378600000000 3378700000151 	24800053914 67023910024 520256 	24799533658 520256 0 0 0 	14160248 520256 0 	388.713 	3 	170
3397800000000 3397900000308 	25000054530 67573717077 521574 	24999532956 521574 0 0 0 	14197188 521574 0 	388.65 	3 	170
3417000000000 3417100000278 	25200055086 68123654631 522802 	25199532284 522802 0 0 0 	14233452 522802 0 	388.563 	3 	170
3436200000000 3436300000208 	25400055502 68673685274 523972 	25399531530 523972 0 0 0 	14266613 523972 0 	388.461 	3 	170
3455400000000 3455500000208 	25600055918 69223831473 525051 	25599530867 525051 0 0 0 	14295529 525051 0 	388.36 	3 	170
3474600000000 3474700000120 	25800056158 69774074015 526119 	25799530039 526119 0 0 0 	14325595 526119 0 	388.245 	3 	170
3493800000000 3493900000296 	26000056750 70324434652 527069 	25999529681 527069 0 0 0 	14352068 527069 0 	388.115 	3 	170
3513000000000 3513100000270 	26200057290 70874894938 527972 	26199529318 527972 0 0 0 	14376942 527972 0 	387.97 	3 	170
3532200000000 3532300000320 	26400057930 71425468974 528740 	26399529190 528740 0 0 0 	14397790 528740 0 	387.81 	3 	170
3551400000000 3551500000350 	26600058630 71976129576 529571 	26599529059 529571 0 0 0 	14419902 529571 0 	387.636 	3 	170
3570600000000 3570700000264 	26800059158 72526895053 530348 	26799528810 530348 0 0 0 	14440663 530348 0 	387.449 	3 	170
3589800000000 3589900000328 	27000059814 73077716529 531074 	26999528740 531074 0 0 0 	14461356 531074 0 	387.247 	3 	170
3609000000000 3609100000080 	27200059974 73628671031 531685 	27199528289 531685 0 0 0 	14478237 531685 0 	387.032 	3 	170
3628200000000 3628300000140 	27400060254 74179706788 532236 	27399528018 532236 0 0 0 	14494069 532236 0 	386.803 	3 	170
3647400000000 3647500000044 	27600060342 74730887644 532761 	27599527581 532761 0 0 0 	14510152 532761 0 	386.56 	3 	170
3666600000000 3666700000044 	27800060430 75282136788 533296 	27799527134 533296 0 0 0 	14525757 533296 0 	386.305 	3 	170
3685800000000 3685900000032 	28000060494 75833451972 533736 	27999526758 533736 0 0 0 	14538745 533736 0 	386.036 	3 	170
3705000000000 3705100000250 	28200060994 76384948513 534209 	28199526785 534209 0 0 0 	14552872 534209 0 	385.754 	3 	170
3724200000000 3724300000236 	28400061466 76936431705 534634 	28399526832 534634 0 0 0 	14565509 534634 0 	385.46 	3 	170
3743400000000 3743500000228 	28600061922 77488074953 535033 	28599526889 535033 0 0 0 	14576757 535033 0 	385.153 	3 	170
3762600000000 3762700000112 	28800062146 78039879226 535439 	28799526707 535439 0 0 0 	14587952 535439 0 	384.833 	3 	170
3781800000000 3781900000278 	29000062702 78591757843 535808 	28999526894 535808 0 0 0 	14597859 535808 0 	384.509 	3 	170
3801000000000 3801100000296 	29200063294 79143714569 536138 	29199527156 536138 0 0 0 	14607071 536138 0 	384.174 	3 	170
3820200000000 3820300000254 	29400063802 79695753745 536455 	29399527347 536455 0 0 0 	14616120 536455 0 	383.826 	3 	170
3839400000000 3839500000032 	29600063866 80247888280 536755 	29599527111 536755 0 0 0 	14624532 536755 0 	383.466 	3 	170
3858600000000 3858700000320 	29800064506 80800114762 537021 	29799527485 537021 0 0 0 	14631950 537021 0 	383.103 	3 	170
3877800000000 3877900000268 	30000065042 81352436991 537240 	29999527802 537240 0 0 0 	14638560 537240 0 	382.727 	3 	170
3897000000000 3897100000060 	30200065162 81904851931 537497 	30199527665 537497 0 0 0 	14645540 537497 0 	382.341 	3 	170
3916200000000 3916300000230 	30400065622 82457304540 537719 	30399527903 537719 0 0 0 	14651802 537719 0 	381.942 	3 	170
3935400000000 3935500000208 	30600066038 83009876412 537948 	30599528090 537948 0 0 0 	14658467 537948 0 	381.541 	3 	170
3954600000000 3954700000197 	30800066432 83562515191 538145 	30799528287 538145 0 0 0 	14664347 538145 0 	381.128 	3 	170
3973800000000 3973900000174 	31000066780 84115259964 538329 	30999528451 538329 0 0 0 	14669921 538329 0 	380.713 	3 	170
3993000000000 3993100000008 	31200066796 84668155886 538504 	31199528292 538504 0 0 0 	14675199 538504 0 	380.286 	3 	170
4012200000000 4012300000320 	31400067436 85221154479 538646 	31399528790 538646 0 0 0 	14678673 538646 0 	379.848 	3 	170
4031400000000 4031500000320 	31600068076 85774243162 538806 	31599529270 538806 0 0 0 	14683311 538806 0 	379.417 	3 	170
4050600000000 4050700000167 	31800068410 86327435065 538930 	31799529480 538930 0 0 0 	14686805 538930 0 	378.983 	3 	170
4069800000000 4069900000120 	32000068650 86880680802 539044 	31999529606 539044 0 0 0 	14690139 539044 0 	378.538 	3 	170
4089000000000 4089100000188 	32200069026 87434027388 539168 	32199529858 539168 0 0 0 	14693696 539168 0 	378.091 	3 	170
4108200000000 4108300000096 	32400069218 87987387849 539270 	32399529948 539270 0 0 0 	14696850 539270 0 	377.633 	3 	170
4127400000000 4127500000215 	32600069648 88540881725 539375 	32599530273 539375 0 0 0 	14699429 539375 0 	377.173 	3 	170
4146600000000 4146700000057 	32800069762 89094486154 539484 	32799530278 539484 0 0 0 	14701967 539484 0 	376.702 	3 	170
4165800000000 4165900000056 	33000069874 89648142270 539592 	32999530282 539592 0 0 0 	14705214 539592 0 	376.229 	3 	170
4185000000000 4185100000110 	33200070094 90201971760 539682 	33199530412 539682 0 0 0 	14708301 539682 0 	375.745 	3 	170
4204200000000 4204300000125 	33400070344 90755836152 539763 	33399530581 539763 0 0 0 	14710778 539763 0 	375.26 	3 	170
4223400000000 4223500000031 	33600070406 91309795772 539844 	33599530562 539844 0 0 0 	14712976 539844 0 	374.764 	3 	170
4242600000000 4242700000188 	33800070782 91863850935 539918 	33799530864 539918 0 0 0 	14714832 539918 0 	374.266 	3 	170
4261800000000 4261900000192 	34000071166 92417934331 539996 	33999531170 539996 0 0 0 	14717105 539996 0 	373.758 	3 	170
4281000000000 4281100000302 	34200071770 92972142155 540063 	34199531707 540063 0 0 0 	14718990 540063 0 	373.248 	3 	170
4300200000000 4300300000052 	34400071874 93526451131 540112 	34399531762 540112 0 0 0 	14720322 540112 0 	372.737 	3 	170
4319400000000 4319500000208 	34600072290 94080890242 541308 	34599530982 541308 0 0 0 	14753865 541308 0 	372.756 	3 	170
4338600000000 4338700000120 	34800072530 94635376338 542455 	34799530075 542455 0 0 0 	14785982 542455 0 	372.763 	3 	170
4357800000000 4357900000296 	35000073122 95189916442 543495 	34999529627 543495 0 0 0 	14815708 543495 0 	372.759 	3 	170
4377000000000 4377100000270 	35200073662 95744525214 544501 	35199529161 544501 0 0 0 	14843454 544501 0 	372.743 	3 	170
4396200000000 4396300000320 	35400074302 96299267600 545430 	35399528872 545430 0 0 0 	14870441 545430 0 	372.716 	3 	170
4415400000000 4415500000320 	35600074942 96854047330 546347 	35599528595 546347 0 0 0 	14897351 546347 0 	372.689 	3 	170
4434600000000 4434700000350 	35800075642 97409010660 547239 	35799528403 547239 0 0 0 	14922715 547239 0 	372.651 	3 	170
4453800000000 4453900000264 	36000076170 97963993757 548077 	35999528093 548077 0 0 0 	14947742 548077 0 	372.602 	3 	170
4473000000000 4473100000328 	36200076826 98519031175 548897 	36199527929 548897 0 0 0 	14970037 548897 0 	372.541 	3 	170
4492200000000 4492300000328 	36400077482 99074151318 549634 	36399527848 549634 0 0 0 	14989904 549634 0 	372.482 	3 	170
4511400000000 4511500000080 	36600077642 99629343714 550331 	36599527311 550331 0 0 0 	15010037 550331 0 	372.411 	3 	170
4530600000000 4530700000140 	36800077922 100184630035 551002 	36799526920 551002 0 0 0 	15030289 551002 0 	372.33 	3 	170
4549800000000 4549900000044 	37000078010 100740045657 551651 	36999526359 551651 0 0 0 	15049866 551651 0 	372.237 	3 	170
4569000000000 4569100000044 	37200078098 101295455773 552269 	37199525829 552269 0 0 0 	15066809 552269 0 	372.134 	3 	170
4588200000000 4588300000044 	37400078186 101851024085 552814 	37399525372 552814 0 0 0 	15082393 552814 0 	372.032 	3 	170
4607400000000 4607500000032 	37600078250 102406713775 553334 	37599524916 553334 0 0 0 	15096978 553334 0 	371.92 	3 	170
4626600000000 4626700000250 	37800078750 102962453360 553839 	37799524911 553839 0 0 0 	15111478 553839 0 	371.797 	3 	170
4645800000000 4645900000236 	38000079222 103518219912 554315 	37999524907 554315 0 0 0 	15124342 554315 0 	371.663 	3 	170
4665000000000 4665100000236 	38200079694 104074021033 554775 	38199524919 554775 0 0 0 	15137541 554775 0 	371.531 	3 	170
4684200000000 4684300000228 	38400080150 104629982059 555241 	38399524909 555241 0 0 0 	15150643 555241 0 	371.388 	3 	170
4703400000000 4703500000112 	38600080374 105186002055 555668 	38599524706 555668 0 0 0 	15162956 555668 0 	371.235 	3 	170
4722600000000 4722700000278 	38800080930 105742034030 556059 	38799524871 556059 0 0 0 	15175452 556059 0 	371.077 	3 	170
4741800000000 4741900000296 	39000081522 106298197414 556441 	38999525081 556441 0 0 0 	15185490 556441 0 	370.91 	3 	170
4761000000000 4761100000296 	39200082114 106854397941 556789 	39199525325 556789 0 0 0 	15195731 556789 0 	370.744 	3 	170
4780200000000 4780300000254 	39400082622 107410710842 557112 	39399525510 557112 0 0 0 	15205003 557112 0 	370.567 	3 	170
4799400000000 4799500000032 	39600082686 107967117199 557441 	39599525245 557441 0 0 0 	15214114 557441 0 	370.381 	3 	170
4818600000000 4818700000320 	39800083326 108523581167 557708 	39799525618 557708 0 0 0 	15221529 557708 0 	370.191 	3 	170
4837800000000 4837900000320 	40000083966 109080176497 557996 	39999525970 557996 0 0 0 	15230281 557996 0 	370.003 	3 	170
4857000000000 4857100000268 	40200084502 109636757871 558275 	40199526227 558275 0 0 0 	15238279 558275 0 	369.804 	3 	170
4876200000000 4876300000060 	40400084622 110193464393 558527 	40399526095 558527 0 0 0 	15245320 558527 0 	369.596 	3 	170
4895400000000 4895500000230 	40600085082 110750304255 558780 	40599526302 558780 0 0 0 	15252665 558780 0 	369.378 	3 	170
4914600000000 4914700000230 	40800085542 111307119785 558985 	40799526557 558985 0 0 0 	15258972 558985 0 	369.162 	3 	170
4933800000000 4933900000208 	41000085958 111863971956 559221 	40999526737 559221 0 0 0 	15266038 559221 0 	368.942 	3 	170
4953000000000 4953100000197 	41200086352 112420971206 559473 	41199526879 559473 0 0 0 	15273101 559473 0 	368.712 	3 	170
4972200000000 4972300000174 	41400086700 112978066162 559661 	41399527039 559661 0 0 0 	15279187 559661 0 	368.479 	3 	170
4991400000000 4991500000008 	41600086716 113535167810 559837 	41599526879 559837 0 0 0 	15284402 559837 0 	368.236 	3 	170
5010600000000 5010700000008 	41800086732 114092375855 560013 	41799526719 560013 0 0 0 	15289163 560013 0 	367.996 	3 	170
5029800000000 5029900000320 	42000087372 114649673043 560171 	41999527201 560171 0 0 0 	15293203 560171 0 	367.746 	3 	170
5049000000000 5049100000167 	42200087706 115207025028 560334 	42199527372 560334 0 0 0 	15298106 560334 0 	367.492 	3 	170
5068200000000 5068300000120 	42400087946 115764441867 560485 	42399527461 560485 0 0 0 	15302055 560485 0 	367.229 	3 	170
5087400000000 5087500000120 	42600088186 116321874213 560630 	42599527556 560630 0 0 0 	15306144 560630 0 	366.968 	3 	170
5106600000000 5106700000188 	42800088562 116879401652 560759 	42799527803 560759 0 0 0 	15309626 560759 0 	366.704 	3 	170
5125800000000 5125900000096 	43000088754 117437024266 560882 	42999527872 560882 0 0 0 	15312895 560882 0 	366.431 	3 	170
5145000000000 5145100000215 	43200089184 117994713301 561008 	43199528176 561008 0 0 0 	15317123 561008 0 	366.154 	3 	170
5164200000000 5164300000057 	43400089298 118552463564 561117 	43399528181 561117 0 0 0 	15319940 561117 0 	365.868 	3 	170
5183400000000 5183500000057 	43600089412 119110295221 561235 	43599528177 561235 0 0 0 	15323233 561235 0 	365.584 	3 	170
5202600000000 5202700000056 	43800089524 119668262273 561365 	43799528159 561365 0 0 0 	15326642 561365 0 	365.298 	3 	170
5221800000000 5221900000110 	44000089744 120226255530 561465 	43999528279 561465 0 0 0 	15329144 561465 0 	365.002 	3 	170
5241000000000 5241100000125 	44200089994 120784380929 561553 	44199528441 561553 0 0 0 	15331586 561553 0 	364.703 	3 	170
5260200000000 5260300000125 	44400090244 121342467353 561642 	44399528602 561642 0 0 0 	15334172 561642 0 	364.407 	3 	170
5279400000000 5279500000031 	44600090306 121900703779 561721 	44599528585 561721 0 0 0 	15336107 561721 0 	364.102 	3 	170
5298600000000 5298700000188 	44800090682 122458923864 561807 	44799528875 561807 0 0 0 	15338717 561807 0 	363.793 	3 	170
5317800000000 5317900000192 	45000091066 123017262808 561883 	44999529183 561883 0 0 0 	15340873 561883 0 	363.476 	3 	170
5337000000000 5337100000192 	45200091450 123575717691 561953 	45199529497 561953 0 0 0 	15343058 561953 0 	363.161 	3 	170
5356200000000 5356300000302 	45400092054 124134253864 562021 	45399530033 562021 0 0 0 	15344797 562021 0 	362.844 	3 	170
5375400000000 5375500000052 	45600092158 124692775151 562079 	45599530079 562079 0 0 0 	15346548 562079 0 	362.524 	3 	170
5394600000000 5394700000200 	45800092558 125251389901 562141 	45799530417 562141 0 0 0 	15347979 562141 0 	362.194 	3 	170
5413800000000 5413900000251 	46000093060 125810040338 562209 	45999530851 562209 0 0 0 	15349897 562209 0 	361.861 	3 	170
5433000000000 5433100000251 	46200093562 126368776402 562263 	46199531299 562263 0 0 0 	15351246 562263 0 	361.532 	3 	170
5452200000000 5452300000197 	46400093956 126927624383 562309 	46399531647 562309 0 0 0 	15352671 562309 0 	361.194 	3 	170
5471400000000 5471500000048 	46600094052 127486494572 562347 	46599531705 562347 0 0 0 	15353952 562347 0 	360.853 	3 	170
5490600000000 5490700000280 	46800094612 128045484112 562396 	46799532216 562396 0 0 0 	15355349 562396 0 	360.509 	3 	170
5509800000000 5509900000280 	47000095172 128604496762 562446 	46999532726 562446 0 0 0 	15356442 562446 0 	360.169 	3 	170
5529000000000 5529100000021 	47200095214 129163579248 562496 	47199532718 562496 0 0 0 	15358023 562496 0 	359.819 	3 	170
5548200000000 5548300000072 	47400095358 129722754990 562537 	47399532821 562537 0 0 0 	15359055 562537 0 	359.467 	3 	170
5567400000000 5567500000113 	47600095584 130281979963 562577 	47599533007 562577 0 0 0 	15360069 562577 0 	359.112 	3 	170
5586600000000 5586700000069 	47800095722 130841251934 562620 	47799533102 562620 0 0 0 	15361401 562620 0 	358.748 	3 	170
5605800000000 5605900000069 	48000095860 131400616113 562652 	47999533208 562652 0 0 0 	15362743 562652 0 	358.387 	3 	170
5625000000000 5625100000224 	48200096308 131960030022 562682 	48199533626 562682 0 0 0 	15363594 562682 0 	358.024 	3 	170
5644200000000 5644300000271 	48400096850 132519499465 562724 	48399534126 562724 0 0 0 	15365499 562724 0 	357.659 	3 	170
5663400000000 5663500000186 	48600097222 133079030761 562745 	48599534477 562745 0 0 0 	15366226 562745 0 	357.29 	3 	170
5682600000000 5682700000186 	48800097594 133638577290 562778 	48799534816 562778 0 0 0 	15367357 562778 0 	356.925 	3 	170
5701800000000 5701900000092 	49000097778 134198219003 562806 	48999534972 562806 0 0 0 	15367972 562806 0 	356.552 	3 	170
5721000000000 5721100000031 	49200097840 134757966826 562840 	49199535000 562840 0 0 0 	15368560 562840 0 	356.175 	3 	170
5740200000000 5740300000020 	49400097880 135317742660 562872 	49399535008 562872 0 0 0 	15369457 562872 0 	355.797 	3 	170
5759400000000 5759500000020 	49600097920 135877552074 562889 	49599535031 562889 0 0 0 	15370204 562889 0 	355.422 	3 	170
5778600000000 5778700000032 	49800097984 136437482623 562913 	49799535071 562913 0 0 0 	15371058 562913 0 	355.044 	3 	170
5797800000000 5797900000040 	50000098064 136997483487 562930 	49999535134 562930 0 0 0 	15371430 562930 0 	354.664 	3 	170
5817000000000 5817100000214 	50200098492 137557503692 562946 	50199535546 562946 0 0 0 	15371933 562946 0 	354.274 	3 	170
5836200000000 5836300000047 	50400098586 138117568439 562969 	50399535617 562969 0 0 0 	15372505 562969 0 	353.883 	3 	170
5855400000000 5855500000047 	50600098680 138677762568 562992 	50599535688 562992 0 0 0 	15373212 562992 0 	353.495 	3 	170
5874600000000 5874700000044 	50800098768 139238031604 563010 	50799535758 563010 0 0 0 	15373847 563010 0 	353.105 	3 	170
5893800000000 5893900000175 	51000099118 139798283997 563026 	50999536092 563026 0 0 0 	15374336 563026 0 	352.712 	3 	170
5913000000000 5913100000136 	51200099390 140358663087 563040 	51199536350 563040 0 0 0 	15374677 563040 0 	352.316 	3 	170
5932200000000 5932300000136 	51400099662 140919104154 563058 	51399536604 563058 0 0 0 	15375217 563058 0 	351.925 	3 	170
5951400000000 5951500000173 	51600100008 141479652602 563073 	51599536935 563073 0 0 0 	15375892 563073 0 	351.531 	3 	170
5970600000000 5970700000084 	51800100176 142040204769 563095 	51799537081 563095 0 0 0 	15376450 563095 0 	351.128 	3 	170
5989800000000 5989900000170 	52000100516 142600778990 563108 	51999537408 563108 0 0 0 	15376811 563108 0 	350.723 	3 	170
6009000000000 6009100000212 	52200100940 143161460446 563127 	52199537813 563127 0 0 0 	15377202 563127 0 	350.315 	3 	170
6028200000000 6028300000320 	52400101580 143722115327 563463 	52399538117 563463 0 0 0 	15386284 563463 0 	350.258 	3 	170
6047400000000 6047500000320 	52600102220 144282886076 563787 	52599538433 563787 0 0 0 	15395804 563787 0 	350.202 	3 	170
6066600000000 6066700000268 	52800102756 144843705870 564111 	52799538645 564111 0 0 0 	15404080 564111 0 	350.137 	3 	170
6085800000000 6085900000060 	53000102876 145404665490 564430 	52999538446 564430 0 0 0 	15413221 564430 0 	350.065 	3 	170
6105000000000 6105100000060 	53200102996 145965609692 564723 	53199538273 564723 0 0 0 	15420979 564723 0 	349.994 	3 	170
6124200000000 6124300000230 	53400103456 146526638199 564971 	53399538485 564971 0 0 0 	15428382 564971 0 	349.914 	3 	170
6143400000000 6143500000230 	53600103916 147087761556 565230 	53599538686 565230 0 0 0 	15436408 565230 0 	349.835 	3 	170
6162600000000 6162700000208 	53800104332 147648934530 565487 	53799538845 565487 0 0 0 	15443732 565487 0 	349.753 	3 	170
6181800000000 6181900000197 	54000104726 148210170239 565720 	53999539006 565720 0 0 0 	15450874 565720 0 	349.663 	3 	170
6201000000000 6201100000197 	54200105120 148771420141 565967 	54199539153 565967 0 0 0 	15457877 565967 0 	349.574 	3 	170
6220200000000 6220300000174 	54400105468 149332807534 566184 	54399539284 566184 0 0 0 	15463962 566184 0 	349.481 	3 	170
6239400000000 6239500000008 	54600105484 149894154414 566387 	54599539097 566387 0 0 0 	15469814 566387 0 	349.38 	3 	170
6258600000000 6258700000008 	54800105500 150455595265 566587 	54799538913 566587 0 0 0 	15475396 566587 0 	349.28 	3 	170
6277800000000 6277900000320 	55000106140 151017155998 566780 	54999539360 566780 0 0 0 	15481181 566780 0 	349.173 	3 	170
6297000000000 6297100000320 	55200106780 151578726215 566954 	55199539826 566954 0 0 0 	15486457 566954 0 	349.066 	3 	170
6316200000000 6316300000167 	55400107114 152140320608 567152 	55399539962 567152 0 0 0 	15491813 567152 0 	348.956 	3 	170
6335400000000 6335500000120 	55600107354 152701994435 567330 	55599540024 567330 0 0 0 	15497203 567330 0 	348.838 	3 	170
6354600000000 6354700000120 	55800107594 153263737577 567490 	55799540104 567490 0 0 0 	15502457 567490 0 	348.721 	3 	170
6373800000000 6373900000188 	56000107970 153825565315 567654 	55999540316 567654 0 0 0 	15507506 567654 0 	348.601 	3 	170
6393000000000 6393100000096 	56200108162 154387407339 567822 	56199540340 567822 0 0 0 	15512138 567822 0 	348.473 	3 	170
6412200000000 6412300000096 	56400108354 154949386958 567986 	56399540368 567986 0 0 0 	15517062 567986 0 	348.346 	3 	170
6431400000000 6431500000215 	56600108784 155511419711 568120 	56599540664 568120 0 0 0 	15520608 568120 0 	348.216 	3 	170
6450600000000 6450700000215 	56800109214 156073380039 568260 	56799540954 568260 0 0 0 	15524059 568260 0 	348.086 	3 	170
6469800000000 6469900000057 	57000109328 156635460901 568395 	56999540933 568395 0 0 0 	15528077 568395 0 	347.949 	3 	170
6489000000000 6489100000056 	57200109440 157197598851 568523 	57199540917 568523 0 0 0 	15531752 568523 0 	347.809 	3 	170
6508200000000 6508300000056 	57400109552 157759714004 568625 	57399540927 568625 0 0 0 	15534700 568625 0 	347.67 	3 	170
6527400000000 6527500000110 	57600109772 158322006915 568738 	57599541034 568738 0 0 0 	15537604 568738 0 	347.524 	3 	170
6546600000000 6546700000110 	57800109992 158884324810 568847 	57799541145 568847 0 0 0 	15540462 568847 0 	347.378 	3 	170
6565800000000 6565900000125 	58000110242 159446667496 568950 	57999541292 568950 0 0 0 	15543357 568950 0 	347.229 	3 	170
6585000000000 6585100000031 	58200110304 160009097474 569038 	58199541266 569038 0 0 0 	15546269 569038 0 	347.073 	3 	170
6604200000000 6604300000031 	58400110366 160571617595 569127 	58399541239 569127 0 0 0 	15548968 569127 0 	346.918 	3 	170
6623400000000 6623500000188 	58600110742 161134108219 569219 	58599541523 569219 0 0 0 	15551360 569219 0 	346.76 	3 	170
6642600000000 6642700000192 	58800111126 161696671689 569316 	58799541810 569316 0 0 0 	15553949 569316 0 	346.594 	3 	170
6661800000000 6661900000192 	59000111510 162259267178 569405 	58999542105 569405 0 0 0 	15556437 569405 0 	346.429 	3 	170
6681000000000 6681100000302 	59200112114 162821997128 569486 	59199542628 569486 0 0 0 	15558916 569486 0 	346.262 	3 	170
6700200000000 6700300000302 	59400112718 163384760754 569579 	59399543139 569579 0 0 0 	15561790 569579 0 	346.095 	3 	170
6719400000000 6719500000052 	59600112822 163947539998 569665 	59599543157 569665 0 0 0 	15564219 569665 0 	345.926 	3 	170
6738600000000 6738700000200 	59800113222 164510388352 569730 	59799543492 569730 0 0 0 	15566098 569730 0 	345.749 	3 	170
6757800000000 6757900000200 	60000113622 165073292601 569799 	59999543823 569799 0 0 0 	15568067 569799 0 	345.573 	3 	170
6777000000000 6777100000251 	60200114124 165636313739 569868 	60199544256 569868 0 0 0 	15569858 569868 0 	345.394 	3 	170
6796200000000 6796300000197 	60400114518 166199365272 569917 	60399544601 569917 0 0 0 	15571214 569917 0 	345.208 	3 	170
6815400000000 6815500000197 	60600114912 166762462670 569970 	60599544942 569970 0 0 0 	15572602 569970 0 	345.023 	3 	170
6834600000000 6834700000048 	60800115008 167325546281 570029 	60799544979 570029 0 0 0 	15574768 570029 0 	344.836 	3 	170
6853800000000 6853900000048 	61000115104 167888769127 570092 	60999545012 570092 0 0 0 	15576410 570092 0 	344.649 	3 	170
6873000000000 6873100000280 	61200115664 168451963962 570138 	61199545526 570138 0 0 0 	15577869 570138 0 	344.46 	3 	170
6892200000000 6892300000021 	61400115706 169015277821 570193 	61399545513 570193 0 0 0 	15579790 570193 0 	344.263 	3 	170
6911400000000 6911500000021 	61600115748 169578641919 570240 	61599545508 570240 0 0 0 	15581201 570240 0 	344.067 	3 	170
6930600000000 6930700000072 	61800115892 170142024079 570301 	61799545591 570301 0 0 0 	15583179 570301 0 	343.869 	3 	170
6949800000000 6949900000072 	62000116036 170705475784 570357 	61999545679 570357 0 0 0 	15584930 570357 0 	343.672 	3 	170
6969000000000 6969100000113 	62200116262 171268996860 570407 	62199545855 570407 0 0 0 	15586299 570407 0 	343.472 	3 	170
6988200000000 6988300000069 	62400116400 171832537989 570447 	62399545953 570447 0 0 0 	15587543 570447 0 	343.265 	3 	170
7007400000000 7007500000069 	62600116538 172396157488 570483 	62599546055 570483 0 0 0 	15588824 570483 0 	343.059 	3 	170
7026600000000 7026700000224 	62800116986 172959787283 570527 	62799546459 570527 0 0 0 	15589894 570527 0 	342.85 	3 	170
7045800000000 7045900000271 	63000117528 173523458339 570568 	62999546960 570568 0 0 0 	15590902 570568 0 	342.638 	3 	170
7065000000000 7065100000271 	63200118070 174087221800 570604 	63199547466 570604 0 0 0 	15591923 570604 0 	342.428 	3 	170
7084200000000 7084300000186 	63400118442 174650995829 570631 	63399547811 570631 0 0 0 	15592708 570631 0 	342.215 	3 	170
7103400000000 7103500000186 	63600118814 175214826734 570662 	63599548152 570662 0 0 0 	15593989 570662 0 	342.004 	3 	170
7122600000000 7122700000092 	63800118998 175778793181 570692 	63799548306 570692 0 0 0 	15595009 570692 0 	341.785 	3 	170
7141800000000 7141900000031 	64000119060 176342751015 570719 	63999548341 570719 0 0 0 	15595776 570719 0 	341.563 	3 	170
7161000000000 7161100000031 	64200119122 176906748916 570741 	64199548381 570741 0 0 0 	15596347 570741 0 	341.343 	3 	170
7180200000000 7180300000020 	64400119162 177470738116 570779 	64399548383 570779 0 0 0 	15597458 570779 0 	341.12 	3 	170
7199400000000 7199500000020 	64600119202 178034893031 570807 	64599548395 570807 0 0 0 	15598227 570807 0 	340.899 	3 	170
7218600000000 7218700000032 	64800119266 178599053210 570832 	64799548434 570832 0 0 0 	15599234 570832 0 	340.675 	3 	170
7237800000000 7237900000040 	65000119346 179163257760 570856 	64999548490 570856 0 0 0 	15599856 570856 0 	340.448 	3 	170
7257000000000 7257100000040 	65200119426 179727539282 570887 	65199548539 570887 0 0 0 	15600623 570887 0 	340.223 	3 	170
7276200000000 7276300000214 	65400119854 180291879425 570915 	65399548939 570915 0 0 0 	15601349 570915 0 	339.99 	3 	170
7295400000000 7295500000047 	65600119948 180856268578 570938 	65599549010 570938 0 0 0 	15601813 570938 0 	339.754 	3 	170
7314600000000 7314700000047 	65800120042 181420751298 570968 	65799549074 570968 0 0 0 	15602954 570968 0 	339.521 	3 	170
7333800000000 7333900000044 	66000120130 181985226794 570988 	65999549142 570988 0 0 0 	15603503 570988 0 	339.284 	3 	170
7353000000000 7353100000044 	66200120218 182549726178 571005 	66199549213 571005 0 0 0 	15603829 571005 0 	339.049 	3 	170
7372200000000 7372300000175 	66400120568 183114295860 571024 	66399549544 571024 0 0 0 	15604250 571024 0 	338.811 	3 	170
7391400000000 7391500000136 	66600120840 183678920611 571047 	66599549793 571047 0 0 0 	15604695 571047 0 	338.571 	3 	170
7410600000000 7410700000136 	66800121112 184243610419 571060 	66799550052 571060 0 0 0 	15605185 571060 0 	338.332 	3 	170
7429800000000 7429900000173 	67000121458 184808308979 571089 	66999550369 571089 0 0 0 	15606016 571089 0 	338.091 	3 	170
7449000000000 7449100000084 	67200121626 185373068428 571110 	67199550516 571110 0 0 0 	15606414 571110 0 	337.842 	3 	170
7468200000000 7468300000084 	67400121794 185937875533 571126 	67399550668 571126 0 0 0 	15606912 571126 0 	337.595 	3 	170
7487400000000 7487500000170 	67600122134 186502717640 571142 	67599550992 571142 0 0 0 	15607415 571142 0 	337.345 	3 	170
7506600000000 7506700000170 	67800122474 187067624354 571154 	67799551320 571154 0 0 0 	15607550 571154 0 	337.097 	3 	170
7525800000000 7525900000212 	68000122898 187632562474 571170 	67999551728 571170 0 0 0 	15607869 571170 0 	336.846 	3 	170
7545000000000 7545100000180 	68200123258 188197564225 571186 	68199552072 571186 0 0 0 	15608290 571186 0 	336.592 	3 	170
7564200000000 7564300000180 	68400123618 188762641134 571200 	68399552418 571200 0 0 0 	15608721 571200 0 	336.341 	3 	170
7583400000000 7583500000044 	68600123706 189327776719 571210 	68599552496 571210 0 0 0 	15608908 571210 0 	336.086 	3 	170
7602600000000 7602700000044 	68800123794 189892929177 571224 	68799552570 571224 0 0 0 	15609441 571224 0 	335.834 	3 	170
7621800000000 7621900000040 	69000123874 190458140262 571238 	68999552636 571238 0 0 0 	15609754 571238 0 	335.578 	3 	170
7641000000000 7641100000135 	69200124144 191023385829 571245 	69199552899 571245 0 0 0 	15609848 571245 0 	335.32 	3 	170
7660200000000 7660300000135 	69400124414 191588669537 571253 	69399553161 571253 0 0 0 	15610509 571253 0 	335.064 	3 	170
7679400000000 7679500000032 	69600124478 192154057708 571264 	69599553214 571264 0 0 0 	15610743 571264 0 	334.805 	3 	170
7698600000000 7698700000227 	69800124932 192719407849 571275 	69799553657 571275 0 0 0 	15610966 571275 0 	334.543 	3 	170
7717800000000 7717900000227 	70000125386 193284853811 571281 	69999554105 571281 0 0 0 	15611107 571281 0 	334.283 	3 	170
7737000000000 7737100000160 	70200125706 193850314843 571289 	70199554417 571289 0 0 0 	15611470 571289 0 	334.021 	3 	170
7756200000000 7756300000160 	70400126026 194415853538 571293 	70399554733 571293 0 0 0 	15611557 571293 0 	333.76 	3 	170
7775400000000 7775500000062 	70600126150 194981446676 571302 	70599554848 571302 0 0 0 	15611797 571302 0 	333.497 	3 	170
7794600000000 7794700000160 	70800126470 195547071899 571306 	70799555164 571306 0 0 0 	15611883 571306 0 	333.231 	3 	170
7813800000000 7813900000160 	71000126790 196112775392 571313 	70999555477 571313 0 0 0 	15612123 571313 0 	332.967 	3 	170
7833000000000 7833100000159 	71200127108 196678526647 571320 	71199555788 571320 0 0 0 	15612270 571320 0 	332.7 	3 	170
7852200000000 7852300000026 	71400127160 197244256532 571330 	71399555830 571330 0 0 0 	15612591 571330 0 	332.43 	3 	170
7871400000000 7871500000026 	71600127212 197810144633 571336 	71599555876 571336 0 0 0 	15612698 571336 0 	332.162 	3 	170
7890600000000 7890700000242 	71800127696 198376047270 571339 	71799556357 571339 0 0 0 	15612712 571339 0 	331.892 	3 	170
7909800000000 7909900000242 	72000128180 198941929430 571343 	71999556837 571343 0 0 0 	15612918 571343 0 	331.624 	3 	170
7929000000000 7929100000000 	72200128180 199507913811 571348 	72199556832 571348 0 0 0 	15613149 571348 0 	331.353 	3 	170
7948200000000 7948300000035 	72400128250 200073918852 571358 	72399556892 571358 0 0 0 	15613316 571358 0 	331.079 	3 	170
7967400000000 7967500000035 	72600128320 200639967256 571358 	72599556962 571358 0 0 0 	15613316 571358 0 	330.807 	3 	170
7986600000000 7986700000054 	72800128428 201206026451 571366 	72799557062 571366 0 0 0 	15613492 571366 0 	330.532 	3 	170
8005800000000 8005900000054 	73000128536 201772205480 571370 	72999557166 571370 0 0 0 	15613684 571370 0 	330.26 	3 	170
8025000000000 8025100000152 	73200128840 202338688613 604560 	73199524280 604560 0 0 0 	16567041 604560 0 	330.571 	3 	170
8044200000000 8044300000152 	73400129144 202905230387 637313 	73399491831 637313 0 0 0 	17508112 637313 0 	330.881 	3 	170
8063400000000 8063500000152 	73600129448 203471724554 669477 	73599459971 669477 0 0 0 	18429954 669477 0 	331.19 	3 	170
8082600000000 8082700000000 	73800129448 204038327535 701204 	73799428244 701204 0 0 0 	19338105 701204 0 	331.494 	3 	170
8101800000000 8101900000000 	74000129448 204604936731 731844 	73999397604 731844 0 0 0 	20218844 731844 0 	331.796 	3 	170
8121000000000 8121100000000 	74200129448 205171614881 762344 	74199367104 762344 0 0 0 	21091397 762344 0 	332.097 	3 	170
8140200000000 8140300000048 	74400129544 205738286142 791885 	74399337659 791885 0 0 0 	21937847 791885 0 	332.392 	3 	170
8159400000000 8159500000048 	74600129640 206305011090 820886 	74599308754 820886 0 0 0 	22773744 820886 0 	332.686 	3 	170
8178600000000 8178700000048 	74800129736 206871756198 849259 	74799280477 849259 0 0 0 	23584850 849259 0 	332.98 	3 	170
8197800000000 8197900000476 	75000130688 207438585632 877480 	74999253208 877480 0 0 0 	24387740 877480 0 	333.267 	3 	170
8217000000000 8217100000476 	75200131640 208005399657 904588 	75199227052 904588 0 0 0 	25159922 904588 0 	333.553 	3 	170
8236200000000 8236300000476 	75400132592 208572272297 931164 	75399201428 931164 0 0 0 	25922013 931164 0 	333.838 	3 	170
8255400000000 8255500000011 	75600132614 209139184114 957456 	75599175158 957456 0 0 0 	26682266 957456 0 	334.119 	3 	170
8274600000000 8274700000011 	75800132636 209706171984 983069 	75799149567 983069 0 0 0 	27415674 983069 0 	334.398 	3 	170
8293800000000 8293900000011 	76000132658 210273193383 1008157 	75999124501 1008157 0 0 0 	28136248 1008157 0 	334.677 	3 	170
8313000000000 8313100000011 	76200132680 210840210037 1032867 	76199099813 1032867 0 0 0 	28847872 1032867 0 	334.954 	3 	170
8332200000000 8332300000210 	76400133100 211407275955 1056850 	76399076250 1056850 0 0 0 	29537448 1056850 0 	335.226 	3 	170
8351400000000 8351500000210 	76600133520 211974400117 1080649 	76599052871 1080649 0 0 0 	30215223 1080649 0 	335.496 	3 	170
8370600000000 8370700000210 	76800133940 212541593332 1104031 	76799029909 1104031 0 0 0 	30887019 1104031 0 	335.766 	3 	170
8389800000000 8389900000381 	77000134702 213108804162 1126656 	76999008046 1126656 0 0 0 	31534366 1126656 0 	336.029 	3 	170
8409000000000 8409100000381 	77200135464 213676086984 1149052 	77198986412 1149052 0 0 0 	32174115 1149052 0 	336.292 	3 	170
8428200000000 8428300000200 	77400135864 214243192593 1149148 	77398986716 1149148 0 0 0 	32176858 1149148 0 	336.187 	3 	170
8447400000000 8447500000200 	77600136264 214810328676 1149224 	77598987040 1149224 0 0 0 	32178590 1149224 0 	336.082 	3 	170
8466600000000 8466700000251 	77800136766 215377522023 1149299 	77798987467 1149299 0 0 0 	32180860 1149299 0 	335.975 	3 	170
8485800000000 8485900000251 	78000137268 215944816792 1149378 	77998987890 1149378 0 0 0 	32182669 1149378 0 	335.869 	3 	170
8505000000000 8505100000197 	78200137662 216512118642 1149452 	78198988210 1149452 0 0 0 	32184879 1149452 0 	335.756 	3 	170
8524200000000 8524300000197 	78400138056 217079477428 1149524 	78398988532 1149524 0 0 0 	32186808 1149524 0 	335.644 	3 	170
8543400000000 8543500000048 	78600138152 217646899921 1149591 	78598988561 1149591 0 0 0 	32188622 1149591 0 	335.53 	3 	170
8562600000000 8562700000048 	78800138248 218214360331 1149658 	78798988590 1149658 0 0 0 	32190351 1149658 0 	335.416 	3 	170
8581800000000 8581900000280 	79000138808 218781882248 1149713 	78998989095 1149713 0 0 0 	32191962 1149713 0 	335.3 	3 	170
8601000000000 8601100000280 	79200139368 219349405601 1149789 	79198989579 1149789 0 0 0 	32193915 1149789 0 	335.184 	3 	170
8620200000000 8620300000021 	79400139410 219916954504 1149858 	79398989552 1149858 0 0 0 	32195921 1149858 0 	335.063 	3 	170
8639400000000 8639500000021 	79600139452 220484566967 1149909 	79598989543 1149909 0 0 0 	32197346 1149909 0 	334.942 	3 	170
8658600000000 8658700000072 	79800139596 221052162872 1149966 	79798989630 1149966 0 0 0 	32198867 1149966 0 	334.819 	3 	170
8677800000000 8677900000072 	80000139740 221619842583 1150033 	79998989707 1150033 0 0 0 	32200811 1150033 0 	334.696 	3 	170
8697000000000 8697100000113 	80200139966 222187587269 1150085 	80198989881 1150085 0 0 0 	32202055 1150085 0 	334.571 	3 	170
8716200000000 8716300000113 	80400140192 222755384857 1150146 	80398990046 1150146 0 0 0 	32203805 1150146 0 	334.446 	3 	170
8735400000000 8735500000069 	80600140330 223323227251 1150192 	80598990138 1150192 0 0 0 	32205195 1150192 0 	334.316 	3 	170
8754600000000 8754700000069 	80800140468 223891026595 1150243 	80798990225 1150243 0 0 0 	32206601 1150243 0 	334.186 	3 	170
8773800000000 8773900000224 	81000140916 224458924996 1150294 	80998990622 1150294 0 0 0 	32208259 1150294 0 	334.054 	3 	170
8793000000000 8793100000224 	81200141364 225026886119 1150350 	81198991014 1150350 0 0 0 	32209910 1150350 0 	333.922 	3 	170
8812200000000 8812300000271 	81400141906 225594848261 1150397 	81398991509 1150397 0 0 0 	32211145 1150397 0 	333.788 	3 	170
8831400000000 8831500000271 	81600142448 226162891799 1150433 	81598992015 1150433 0 0 0 	32212385 1150433 0 	333.655 	3 	170
8850600000000 8850700000186 	81800142820 226730889803 1150466 	81798992354 1150466 0 0 0 	32213630 1150466 0 	333.519 	3 	170
8869800000000 8869900000186 	82000143192 227298962144 1150499 	81998992693 1150499 0 0 0 	32214776 1150499 0 	333.384 	3 	170
8889000000000 8889100000092 	82200143376 227867122970 1150546 	82198992830 1150546 0 0 0 	32216399 1150546 0 	333.243 	3 	170
8908200000000 8908300000092 	82400143560 228435290246 1150588 	82398992972 1150588 0 0 0 	32217759 1150588 0 	333.103 	3 	170
8927400000000 8927500000031 	82600143622 229003450057 1150617 	82598993005 1150617 0 0 0 	32218446 1150617 0 	332.96 	3 	170
8946600000000 8946700000031 	82800143684 229571761313 1150654 	82798993030 1150654 0 0 0 	32219423 1150654 0 	332.818 	3 	170
8965800000000 8965900000020 	83000143724 230140087616 1150683 	82998993041 1150683 0 0 0 	32220123 1150683 0 	332.674 	3 	170
8985000000000 8985100000020 	83200143764 230708426407 1150713 	83198993051 1150713 0 0 0 	32220892 1150713 0 	332.53 	3 	170
9004200000000 9004300000032 	83400143828 231276840959 1150743 	83398993085 1150743 0 0 0 	32221642 1150743 0 	332.384 	3 	170
9023400000000 9023500000032 	83600143892 231845253286 1150772 	83598993120 1150772 0 0 0 	32222507 1150772 0 	332.238 	3 	170
9042600000000 9042700000040 	83800143972 232413691997 1150801 	83798993171 1150801 0 0 0 	32223113 1150801 0 	332.091 	3 	170
9061800000000 9061900000040 	84000144052 232982138536 1150819 	83998993233 1150819 0 0 0 	32223807 1150819 0 	331.943 	3 	170
9081000000000 9081100000214 	84200144480 233550723468 1150848 	84198993632 1150848 0 0 0 	32224533 1150848 0 	331.791 	3 	170
9100200000000 9100300000214 	84400144908 234119277844 1150879 	84398994029 1150879 0 0 0 	32225295 1150879 0 	331.638 	3 	170
9119400000000 9119500000047 	84600145002 234687972803 1150905 	84598994097 1150905 0 0 0 	32225959 1150905 0 	331.484 	3 	170
9138600000000 9138700000047 	84800145096 235256551583 1150925 	84798994171 1150925 0 0 0 	32226413 1150925 0 	331.33 	3 	170
9157800000000 9157900000044 	85000145184 235825258421 1150951 	84998994233 1150951 0 0 0 	32227141 1150951 0 	331.174 	3 	170
9177000000000 9177100000044 	85200145272 236393991965 1150962 	85198994310 1150962 0 0 0 	32227539 1150962 0 	331.019 	3 	170
9196200000000 9196300000175 	85400145622 236962742297 1150981 	85398994641 1150981 0 0 0 	32228068 1150981 0 	330.861 	3 	170
9215400000000 9215500000175 	85600145972 237531589103 1151001 	85598994971 1151001 0 0 0 	32228754 1151001 0 	330.704 	3 	170
9234600000000 9234700000136 	85800146244 238100412570 1151026 	85798995218 1151026 0 0 0 	32229489 1151026 0 	330.544 	3 	170
9253800000000 9253900000136 	86000146516 238669327730 1151039 	85998995477 1151039 0 0 0 	32229895 1151039 0 	330.386 	3 	170
9273000000000 9273100000173 	86200146862 239238214367 1151056 	86198995806 1151056 0 0 0 	32230659 1151056 0 	330.225 	3 	170
9292200000000 9292300000173 	86400147208 239807179368 1151071 	86398996137 1151071 0 0 0 	32231069 1151071 0 	330.065 	3 	170
9311400000000 9311500000084 	86600147376 240376170992 1151087 	86598996289 1151087 0 0 0 	32231458 1151087 0 	329.899 	3 	170
9330600000000 9330700000084 	86800147544 240945227758 1151103 	86798996441 1151103 0 0 0 	32231683 1151103 0 	329.733 	3 	170
9349800000000 9349900000170 	87000147884 241514332566 1151119 	86998996765 1151119 0 0 0 	32232094 1151119 0 	329.566 	3 	170
9369000000000 9369100000170 	87200148224 242083439448 1151141 	87198997083 1151141 0 0 0 	32232808 1151141 0 	329.399 	3 	170
9388200000000 9388300000212 	87400148648 242652630746 1151163 	87398997485 1151163 0 0 0 	32233597 1151163 0 	329.23 	3 	170
9407400000000 9407500000212 	87600149072 243221795779 1151171 	87598997901 1151171 0 0 0 	32233660 1151171 0 	329.062 	3 	170
9426600000000 9426700000180 	87800149432 243791030711 1151181 	87798998251 1151181 0 0 0 	32233952 1151181 0 	328.891 	3 	170
9445800000000 9445900000180 	88000149792 244360297582 1151200 	87998998592 1151200 0 0 0 	32234509 1151200 0 	328.721 	3 	170
9465000000000 9465100000044 	88200149880 244929621196 1151213 	88198998667 1151213 0 0 0 	32234920 1151213 0 	328.549 	3 	170
9484200000000 9484300000044 	88400149968 245498957995 1151222 	88398998746 1151222 0 0 0 	32235116 1151222 0 	328.378 	3 	170
9503400000000 9503500000044 	88600150056 246068374337 1151237 	88598998819 1151237 0 0 0 	32235536 1151237 0 	328.208 	3 	170
9522600000000 9522700000040 	88800150136 246637839812 1151254 	88798998882 1151254 0 0 0 	32235972 1151254 0 	328.035 	3 	170
9541800000000 9541900000040 	89000150216 247207280874 1151272 	88998998944 1151272 0 0 0 	32236534 1151272 0 	327.863 	3 	170
9561000000000 9561100000135 	89200150486 247776790416 1151282 	89198999204 1151282 0 0 0 	32236774 1151282 0 	327.689 	3 	170
9580200000000 9580300000135 	89400150756 248346351600 1151294 	89398999462 1151294 0 0 0 	32237069 1151294 0 	327.515 	3 	170
9599400000000 9599500000032 	89600150820 248915975866 1151304 	89598999516 1151304 0 0 0 	32237198 1151304 0 	327.34 	3 	170
9618600000000 9618700000032 	89800150884 249485610942 1151317 	89798999567 1151317 0 0 0 	32237618 1151317 0 	327.165 	3 	170
9637800000000 9637900000227 	90000151338 250055280218 1151331 	89999000007 1151331 0 0 0 	32237862 1151331 0 	326.987 	3 	170
9657000000000 9657100000227 	90200151792 250625010646 1151339 	90199000453 1151339 0 0 0 	32238142 1151339 0 	326.811 	3 	170
9676200000000 9676300000160 	90400152112 251194715557 1151345 	90399000767 1151345 0 0 0 	32238433 1151345 0 	326.632 	3 	170
9695400000000 9695500000160 	90600152432 251764485327 1151354 	90599001078 1151354 0 0 0 	32238781 1151354 0 	326.455 	3 	170
9714600000000 9714700000062 	90800152556 252334275078 1151363 	90799001193 1151363 0 0 0 	32239176 1151363 0 	326.274 	3 	170
9733800000000 9733900000062 	91000152680 252904136915 1151374 	90999001306 1151374 0 0 0 	32239417 1151374 0 	326.095 	3 	170
9753000000000 9753100000160 	91200153000 253474036551 1151382 	91199001618 1151382 0 0 0 	32239544 1151382 0 	325.913 	3 	170
9772200000000 9772300000160 	91400153320 254043936040 1151390 	91399001930 1151390 0 0 0 	32239994 1151390 0 	325.733 	3 	170
9791400000000 9791500000159 	91600153638 254613896125 1151396 	91599002242 1151396 0 0 0 	32240143 1151396 0 	325.55 	3 	170
9810600000000 9810700000159 	91800153956 255183814067 1151400 	91799002556 1151400 0 0 0 	32240229 1151400 0 	325.367 	3 	170
9829800000000 9829900000026 	92000154008 255753809258 1151412 	91999002596 1151412 0 0 0 	32240442 1151412 0 	325.183 	3 	170
9849000000000 9849100000026 	92200154060 256323885304 1151418 	92199002642 1151418 0 0 0 	32240586 1151418 0 	324.999 	3 	170
9868200000000 9868300000242 	92400154544 256894008046 1151425 	92399003119 1151425 0 0 0 	32240752 1151425 0 	324.813 	3 	170
9887400000000 9887500000242 	92600155028 257464161686 1151432 	92599003596 1151432 0 0 0 	32240929 1151432 0 	324.628 	3 	170
9906600000000 9906700000000 	92800155028 258034378127 1151440 	92799003588 1151440 0 0 0 	32241087 1151440 0 	324.441 	3 	170
9925800000000 9925900000000 	93000155028 258604603485 1151444 	92999003584 1151444 0 0 0 	32241180 1151444 0 	324.254 	3 	170
9945000000000 9945100000035 	93200155098 259174872468 1151451 	93199003647 1151451 0 0 0 	32241445 1151451 0 	324.066 	3 	170
9964200000000 9964300000035 	93400155168 259745129854 1151459 	93399003709 1151459 0 0 0 	32241643 1151459 0 	323.878 	3 	170
9983400000000 9983500000054 	93600155276 260315478799 1151464 	93599003812 1151464 0 0 0 	32241745 1151464 0 	323.687 	3 	170
