1017300000000 1017400000062 	200000124 526843751 0 	200000124 0 0 0 0 	0 0 0 	261 	3 	173
1036500000000 1036600000242 	400000608 1054022363 2 	400000606 2 0 0 0 	52 2 0 	258.985 	3 	173
1055700000000 1055800000152 	600000912 1581667024 16263 	599984649 16263 0 0 0 	436767 16263 0 	309.068 	3 	173
1074900000000 1075000000476 	800001864 2109620184 30207 	799971657 30207 0 0 0 	804686 30207 0 	340.741 	3 	173
1094100000000 1094200000210 	1000002284 2637919244 41817 	999960467 41817 0 0 0 	1117940 41817 0 	362.293 	3 	173
1113300000000 1113400000468 	1200003220 3166523524 51710 	1199951510 51710 0 0 0 	1380671 51710 0 	377.524 	3 	173
1132500000000 1132600000021 	1400003262 3695411631 51728 	1399951534 51728 0 0 0 	1381386 51728 0 	362.582 	3 	173
1151700000000 1151800000224 	1600003710 4224605942 51738 	1599951972 51738 0 0 0 	1381659 51738 0 	351.213 	3 	173
1170900000000 1171000000031 	1800003772 4754170741 51745 	1799952027 51745 0 0 0 	1381817 51745 0 	342.052 	3 	173
1190100000000 1190200000214 	2000004200 5283997818 51751 	1999952449 51751 0 0 0 	1381950 51751 0 	334.349 	3 	173
1209300000000 1209400000175 	2200004550 5814127194 51754 	2199952796 51754 0 0 0 	1382024 51754 0 	327.915 	3 	173
1228500000000 1228600000170 	2400004890 6344563533 51757 	2399953133 51757 0 0 0 	1382112 51757 0 	322.157 	3 	173
1247700000000 1247800000040 	2600004970 6875210939 51761 	2599953209 51761 0 0 0 	1382235 51761 0 	317.009 	3 	173
1266900000000 1267000000160 	2800005290 7406236658 51763 	2799953527 51763 0 0 0 	1382254 51763 0 	312.325 	3 	173
1286100000000 1286200000159 	3000005608 7937597935 51765 	2999953843 51765 0 0 0 	1382277 51765 0 	308.096 	3 	173
1305300000000 1305400000035 	3200005678 8469206253 51769 	3199953909 51769 0 0 0 	1382402 51769 0 	304.138 	3 	173
1324500000000 1324600000000 	3400005678 9001195669 68884 	3399936794 68884 0 0 0 	1838946 68884 0 	311.311 	3 	173
1343700000000 1343800000476 	3600006630 9533403504 83785 	3599922845 83785 0 0 0 	2241516 83785 0 	317.795 	3 	173
1362900000000 1363000000210 	3800007050 10065892222 96734 	3799910316 96734 0 0 0 	2594877 96734 0 	323.668 	3 	173
1382100000000 1382200000381 	4000007812 10598672365 108169 	3999899643 108169 0 0 0 	2905219 108169 0 	329.05 	3 	173
1401300000000 1401400000254 	4200008320 11131660545 118096 	4199890224 118096 0 0 0 	3176541 118096 0 	333.912 	3 	173
1420500000000 1420600000368 	4400009056 11664879886 126835 	4399882221 126835 0 0 0 	3410688 126835 0 	338.318 	3 	173
1439700000000 1439800000120 	4600009296 12198410455 134616 	4599874680 134616 0 0 0 	3618344 134616 0 	342.278 	3 	173
1458900000000 1459000000355 	4800010006 12732138528 141415 	4799868591 141415 0 0 0 	3798553 141415 0 	345.848 	3 	173
1478100000000 1478200000320 	5000010646 13266128021 147310 	4999863336 147310 0 0 0 	3955617 147310 0 	349.032 	3 	173
1497300000000 1497400000290 	5200011226 13800345218 152490 	5199858736 152490 0 0 0 	4096433 152490 0 	351.879 	3 	173
1516500000000 1516600000088 	5400011402 14334817931 157066 	5399854336 157066 0 0 0 	4219501 157066 0 	354.411 	3 	173
1535700000000 1535800000189 	5600011780 14869561381 160990 	5599850790 160990 0 0 0 	4327675 160990 0 	356.675 	3 	173
1554900000000 1555000000060 	5800011900 15404499906 164475 	5799847425 164475 0 0 0 	4420417 164475 0 	358.736 	3 	173
1574100000000 1574200000074 	6000012048 15939686742 167515 	5999844533 167515 0 0 0 	4503941 167515 0 	360.538 	3 	173
1593300000000 1593400000062 	6200012172 16475083978 167519 	6199844653 167519 0 0 0 	4504025 167519 0 	356.156 	3 	173
1612500000000 1612600000026 	6400012224 17010689245 167522 	6399844702 167522 0 0 0 	4504172 167522 0 	351.972 	3 	173
1631700000000 1631800000035 	6600012294 17546572914 167523 	6599844771 167523 0 0 0 	4504209 167523 0 	347.962 	3 	173
1650900000000 1651000000152 	6800012598 18082794448 186540 	6799826058 186540 0 0 0 	5016001 186540 0 	351.159 	3 	173
1670100000000 1670200000048 	7000012694 18619223546 203531 	6999809163 203531 0 0 0 	5470566 203531 0 	354.114 	3 	173
1689300000000 1689400000476 	7200013646 19155781009 218833 	7199794813 218833 0 0 0 	5889316 218833 0 	356.892 	3 	173
1708500000000 1708600000210 	7400014066 19692583387 232403 	7399781663 232403 0 0 0 	6260002 232403 0 	359.459 	3 	173
1727700000000 1727800000381 	7600014828 20229603363 244859 	7599769969 244859 0 0 0 	6598898 244859 0 	361.865 	3 	173
1746900000000 1747000000254 	7800015336 20766807942 255835 	7799759501 255835 0 0 0 	6893391 255835 0 	364.073 	3 	173
1766100000000 1766200000365 	8000016066 21304234204 265984 	7999750082 265984 0 0 0 	7171182 265984 0 	366.151 	3 	173
1785300000000 1785400000352 	8200016770 21841828793 274975 	8199741795 274975 0 0 0 	7415593 274975 0 	368.044 	3 	173
1804500000000 1804600000120 	8400017010 22379644991 283003 	8399734007 283003 0 0 0 	7633513 283003 0 	369.82 	3 	173
1823700000000 1823800000355 	8600017720 22917667606 290279 	8599727441 290279 0 0 0 	7830737 290279 0 	371.437 	3 	173
1842900000000 1843000000230 	8800018180 23455862893 296837 	8799721343 296837 0 0 0 	8012739 296837 0 	372.932 	3 	173
1862100000000 1862200000400 	9000018980 23994257079 302694 	8999716286 302694 0 0 0 	8175820 302694 0 	374.279 	3 	173
1881300000000 1881400000249 	9200019478 24532806733 307997 	9199711481 307997 0 0 0 	8324157 307997 0 	375.483 	3 	173
1900500000000 1900600000088 	9400019654 25071593224 312915 	9399706739 312915 0 0 0 	8456646 312915 0 	376.595 	3 	173
1919700000000 1919800000189 	9600020032 25610533110 317255 	9599702777 317255 0 0 0 	8576257 317255 0 	377.588 	3 	173
1938900000000 1939000000060 	9800020152 26149666250 321155 	9799698997 321155 0 0 0 	8680927 321155 0 	378.498 	3 	173
1958100000000 1958200000074 	10000020300 26689028607 324796 	9999695504 324796 0 0 0 	8782808 324796 0 	379.28 	3 	173
1977300000000 1977400000320 	10200020940 27228542353 327907 	10199693033 327907 0 0 0 	8865365 327907 0 	380.002 	3 	173
1996500000000 1996600000044 	10400021028 27768238224 330750 	10399690278 330750 0 0 0 	8943459 330750 0 	380.603 	3 	173
2015700000000 2015800000228 	10600021484 28308139330 333311 	10599688173 333311 0 0 0 	9014869 333311 0 	381.151 	3 	173
2034900000000 2035000000307 	10800022098 28848197198 335606 	10799686492 335606 0 0 0 	9077345 335606 0 	381.6 	3 	173
2054100000000 2054200000100 	11000022298 29388440265 337658 	10999684640 337658 0 0 0 	9133475 337658 0 	381.985 	3 	173
2073300000000 2073400000173 	11200022644 29928850687 339441 	11199683203 339441 0 0 0 	9182525 339441 0 	382.276 	3 	173
2092500000000 2092600000330 	11400023304 30469418433 341151 	11399682153 341151 0 0 0 	9230083 341151 0 	382.525 	3 	173
2111700000000 2111800000376 	11600024056 31010203914 342629 	11599681427 342629 0 0 0 	9271167 342629 0 	382.684 	3 	173
2130900000000 2131000000290 	11800024636 31551113854 343976 	11799680660 343976 0 0 0 	9307990 343976 0 	382.806 	3 	173
2150100000000 2150200000285 	12000025206 32092185657 345191 	11999680015 345191 0 0 0 	9340723 345191 0 	382.842 	3 	173
2169300000000 2169400000151 	12200025508 32633441148 346258 	12199679250 346258 0 0 0 	9370652 346258 0 	382.845 	3 	173
2188500000000 2188600000278 	12400026064 33174846451 347212 	12399678852 347212 0 0 0 	9396899 347212 0 	382.766 	3 	173
2207700000000 2207800000365 	12600026794 33716542326 358161 	12599668633 358161 0 0 0 	9695478 358161 0 	383.907 	3 	173
2226900000000 2227000000352 	12800027498 34258345825 368030 	12799659468 368030 0 0 0 	9968803 368030 0 	384.946 	3 	173
2246100000000 2246200000120 	13000027738 34800348619 377289 	12999650449 377289 0 0 0 	10224466 377289 0 	385.925 	3 	173
2265300000000 2265400000178 	13200028094 35342442837 385728 	13199642366 385728 0 0 0 	10458457 385728 0 	386.848 	3 	173
2284500000000 2284600000355 	13400028804 35884766126 393484 	13399635320 393484 0 0 0 	10674192 393484 0 	387.714 	3 	173
2303700000000 2303800000230 	13600029264 36427211323 400808 	13599628456 400808 0 0 0 	10878177 400808 0 	388.516 	3 	173
2322900000000 2323000000400 	13800030064 36969834049 407527 	13799622537 407527 0 0 0 	11060188 407527 0 	389.232 	3 	173
2342100000000 2342200000290 	14000030644 37512614865 413616 	13999617028 413616 0 0 0 	11227650 413616 0 	389.897 	3 	173
2361300000000 2361400000249 	14200031142 38055538385 419237 	14199611905 419237 0 0 0 	11380890 419237 0 	390.512 	3 	173
2380500000000 2380600000088 	14400031318 38598580615 424389 	14399606929 424389 0 0 0 	11525314 424389 0 	391.079 	3 	173
2399700000000 2399800000189 	14600031696 39141787546 429155 	14599602541 429155 0 0 0 	11657415 429155 0 	391.576 	3 	173
2418900000000 2419000000060 	14800031816 39685145703 433548 	14799598268 433548 0 0 0 	11781243 433548 0 	392.027 	3 	173
2438100000000 2438200000375 	15000032566 40228661154 437570 	14999594996 437570 0 0 0 	11892115 437570 0 	392.433 	3 	173
2457300000000 2457400000074 	15200032714 40772345669 441223 	15199591491 441223 0 0 0 	11992316 441223 0 	392.795 	3 	173
2476500000000 2476600000320 	15400033354 41316147972 444596 	15399588758 444596 0 0 0 	12084900 444596 0 	393.125 	3 	173
2495700000000 2495800000044 	15600033442 41860093868 447775 	15599585667 447775 0 0 0 	12171947 447775 0 	393.38 	3 	173
2514900000000 2515000000228 	15800033898 42404192028 450678 	15799583220 450678 0 0 0 	12251018 450678 0 	393.605 	3 	173
2534100000000 2534200000091 	16000034080 42948435997 453232 	15999580848 453232 0 0 0 	12321594 453232 0 	393.79 	3 	173
2553300000000 2553400000307 	16200034694 43492833060 455605 	16199579089 455605 0 0 0 	12385704 455605 0 	393.948 	3 	173
2572500000000 2572600000100 	16400034894 44037345870 457894 	16399577000 457894 0 0 0 	12447865 457894 0 	394.068 	3 	173
2591700000000 2591800000173 	16600035240 44581983146 459958 	16599575282 459958 0 0 0 	12501560 459958 0 	394.126 	3 	173
2610900000000 2611000000330 	16800035900 45126745405 461778 	16799574122 461778 0 0 0 	12552115 461778 0 	394.16 	3 	173
2630100000000 2630200000352 	17000036604 45671675767 463567 	16999573037 463567 0 0 0 	12601870 463567 0 	394.158 	3 	173
2649300000000 2649400000376 	17200037356 46216749043 465211 	17199572145 465211 0 0 0 	12647069 465211 0 	394.133 	3 	173
2668500000000 2668600000290 	17400037936 46761992689 466646 	17399571290 466646 0 0 0 	12686800 466646 0 	394.085 	3 	173
2687700000000 2687800000285 	17600038506 47307375134 467999 	17599570507 467999 0 0 0 	12726040 467999 0 	393.98 	3 	173
2706900000000 2707000000151 	17800038808 47852898998 469215 	17799569593 469215 0 0 0 	12760754 469215 0 	393.853 	3 	173
2726100000000 2726200000308 	18000039424 48398557230 470346 	17999569078 470346 0 0 0 	12793421 470346 0 	393.705 	3 	173
2745300000000 2745400000278 	18200039980 48944322260 471372 	18199568608 471372 0 0 0 	12821830 471372 0 	393.525 	3 	173
2764500000000 2764600000208 	18400040396 49490207224 472377 	18399568019 472377 0 0 0 	12850303 472377 0 	393.326 	3 	173
2783700000000 2783800000296 	18600040988 50036179773 473290 	18599567698 473290 0 0 0 	12876313 473290 0 	393.084 	3 	173
2802900000000 2803000000270 	18800041528 50582306092 474097 	18799567431 474097 0 0 0 	12899827 474097 0 	392.823 	3 	173
2822100000000 2822200000320 	19000042168 51128537275 474849 	18999567319 474849 0 0 0 	12921096 474849 0 	392.544 	3 	173
2841300000000 2841400000350 	19200042868 51674958743 475496 	19199567372 475496 0 0 0 	12939156 475496 0 	392.248 	3 	173
2860500000000 2860600000328 	19400043524 52221462907 476131 	19399567393 476131 0 0 0 	12956704 476131 0 	391.91 	3 	173
2879700000000 2879800000080 	19600043684 52768152924 476721 	19599566963 476721 0 0 0 	12972611 476721 0 	391.556 	3 	173
2898900000000 2899000000140 	19800043964 53314940989 477269 	19799566695 477269 0 0 0 	12987374 477269 0 	391.186 	3 	173
2918100000000 2918200000044 	20000044052 53861888304 477794 	19999566258 477794 0 0 0 	13001511 477794 0 	390.8 	3 	173
2937300000000 2937400000044 	20200044140 54408921637 478287 	20199565853 478287 0 0 0 	13015713 478287 0 	390.398 	3 	173
2956500000000 2956600000250 	20400044640 54956099260 478685 	20399565955 478685 0 0 0 	13026918 478685 0 	389.957 	3 	173
2975700000000 2975800000236 	20600045112 55503355737 479100 	20599566012 479100 0 0 0 	13038724 479100 0 	389.501 	3 	173
2994900000000 2995000000228 	20800045568 56050792365 479431 	20799566137 479431 0 0 0 	13048086 479431 0 	389.03 	3 	173
3014100000000 3014200000112 	21000045792 56598313241 479727 	20999566065 479727 0 0 0 	13054974 479727 0 	388.546 	3 	173
3033300000000 3033400000278 	21200046348 57146012827 480029 	21199566319 480029 0 0 0 	13063396 480029 0 	388.06 	3 	173
3052500000000 3052600000254 	21400046856 57693729533 480307 	21399566549 480307 0 0 0 	13070898 480307 0 	387.536 	3 	173
3071700000000 3071800000032 	21600046920 58241610621 480566 	21599566354 480566 0 0 0 	13078113 480566 0 	386.998 	3 	173
3090900000000 3091000000320 	21800047560 58789619206 484318 	21799563242 484318 0 0 0 	13183695 484318 0 	387.278 	3 	173
3110100000000 3110200000353 	22000048266 59337762522 487825 	21999560441 487825 0 0 0 	13281034 487825 0 	387.529 	3 	173
3129300000000 3129400000044 	22200048354 59886008889 491147 	22199557207 491147 0 0 0 	13373255 491147 0 	387.752 	3 	173
3148500000000 3148600000228 	22400048810 60434383196 494245 	22399554565 494245 0 0 0 	13458851 494245 0 	387.956 	3 	173
3167700000000 3167800000091 	22600048992 60982873822 497120 	22599551872 497120 0 0 0 	13537810 497120 0 	388.133 	3 	173
3186900000000 3187000000307 	22800049606 61531496900 499822 	22799549784 499822 0 0 0 	13612229 499822 0 	388.291 	3 	173
3206100000000 3206200000100 	23000049806 62080270184 502362 	22999547444 502362 0 0 0 	13686834 502362 0 	388.422 	3 	173
3225300000000 3225400000314 	23200050434 62629160928 504735 	23199545699 504735 0 0 0 	13751193 504735 0 	388.535 	3 	173
3244500000000 3244600000173 	23400050780 63178055350 506885 	23399543895 506885 0 0 0 	13810396 506885 0 	388.622 	3 	173
3263700000000 3263800000330 	23600051440 63727083996 508931 	23599542509 508931 0 0 0 	13869097 508931 0 	388.692 	3 	173
3282900000000 3283000000352 	23800052144 64276294160 510824 	23799541320 510824 0 0 0 	13919929 510824 0 	388.736 	3 	173
3302100000000 3302200000376 	24000052896 64825598067 512675 	23999540221 512675 0 0 0 	13972055 512675 0 	388.763 	3 	173
3321300000000 3321400000290 	24200053476 65374946194 514439 	24199539037 514439 0 0 0 	14023094 514439 0 	388.773 	3 	173
3340500000000 3340600000026 	24400053528 65924437547 516072 	24399537456 516072 0 0 0 	14069386 516072 0 	388.758 	3 	173
3359700000000 3359800000285 	24600054098 66474040030 517562 	24599536536 517562 0 0 0 	14110538 517562 0 	388.727 	3 	173
3378900000000 3379000000151 	24800054400 67023815684 518965 	24799535435 518965 0 0 0 	14150419 518965 0 	388.68 	3 	173
3398100000000 3398200000308 	25000055016 67573630116 520248 	24999534768 520248 0 0 0 	14187550 520248 0 	388.618 	3 	173
3417300000000 3417400000278 	25200055572 68123549534 521470 	25199534102 521470 0 0 0 	14220379 521470 0 	388.531 	3 	173
3436500000000 3436600000208 	25400055988 68673587445 522619 	25399533369 522619 0 0 0 	14252001 522619 0 	388.429 	3 	173
3455700000000 3455800000240 	25600056468 69223761633 523704 	25599532764 523704 0 0 0 	14282549 523704 0 	388.323 	3 	173
3474900000000 3475000000120 	25800056708 69773992241 524688 	25799532020 524688 0 0 0 	14308680 524688 0 	388.207 	3 	173
3494100000000 3494200000296 	26000057300 70324284837 525664 	25999531636 525664 0 0 0 	14336551 525664 0 	388.077 	3 	173
3513300000000 3513400000270 	26200057840 70874736444 526576 	26199531264 526576 0 0 0 	14361129 526576 0 	387.933 	3 	173
3532500000000 3532600000320 	26400058480 71425260226 527360 	26399531120 527360 0 0 0 	14383769 527360 0 	387.773 	3 	173
3551700000000 3551800000350 	26600059180 71975921776 528129 	26599531051 528129 0 0 0 	14404246 528129 0 	387.6 	3 	173
3570900000000 3571000000264 	26800059708 72526689281 528838 	26799530870 528838 0 0 0 	14422952 528838 0 	387.413 	3 	173
3590100000000 3590200000328 	27000060364 73077561587 529520 	26999530844 529520 0 0 0 	14441785 529520 0 	387.211 	3 	173
3609300000000 3609400000080 	27200060524 73628557654 530121 	27199530403 530121 0 0 0 	14457524 530121 0 	386.996 	3 	173
3628500000000 3628600000140 	27400060804 74179624274 530696 	27399530108 530696 0 0 0 	14472944 530696 0 	386.768 	3 	173
3647700000000 3647800000044 	27600060892 74730808421 531272 	27599529620 531272 0 0 0 	14489225 531272 0 	386.525 	3 	173
3666900000000 3667000000044 	27800060980 75282081207 531770 	27799529210 531770 0 0 0 	14502960 531770 0 	386.27 	3 	173
3686100000000 3686200000032 	28000061044 75833419914 532236 	27999528808 532236 0 0 0 	14516007 532236 0 	386.002 	3 	173
3705300000000 3705400000250 	28200061544 76384895349 532711 	28199528833 532711 0 0 0 	14529327 532711 0 	385.72 	3 	173
3724500000000 3724600000236 	28400062016 76936494093 533132 	28399528884 533132 0 0 0 	14541698 533132 0 	385.426 	3 	173
3743700000000 3743800000228 	28600062472 77488163774 533535 	28599528937 533535 0 0 0 	14552912 533535 0 	385.119 	3 	173
3762900000000 3763000000112 	28800062696 78039892843 533941 	28799528755 533941 0 0 0 	14564159 533941 0 	384.8 	3 	173
3782100000000 3782200000278 	29000063252 78591752053 534296 	28999528956 534296 0 0 0 	14574568 534296 0 	384.477 	3 	173
3801300000000 3801400000296 	29200063844 79143719655 534630 	29199529214 534630 0 0 0 	14582777 534630 0 	384.141 	3 	173
3820500000000 3820600000254 	29400064352 79695757897 534933 	29399529419 534933 0 0 0 	14591139 534933 0 	383.794 	3 	173
3839700000000 3839800000032 	29600064416 80247885961 535231 	29599529185 535231 0 0 0 	14599233 535231 0 	383.434 	3 	173
3858900000000 3859000000320 	29800065056 80800164771 535498 	29799529558 535498 0 0 0 	14606711 535498 0 	383.071 	3 	173
3878100000000 3878200000268 	30000065592 81352553245 535771 	29999529821 535771 0 0 0 	14614390 535771 0 	382.696 	3 	173
3897300000000 3897400000060 	30200065712 81904978511 536031 	30199529681 536031 0 0 0 	14621723 536031 0 	382.309 	3 	173
3916500000000 3916600000230 	30400066172 82457511063 536239 	30399529933 536239 0 0 0 	14627941 536239 0 	381.911 	3 	173
3935700000000 3935800000208 	30600066588 83010155620 536483 	30599530105 536483 0 0 0 	14634713 536483 0 	381.51 	3 	173
3954900000000 3955000000197 	30800066982 83562822220 536707 	30799530275 536707 0 0 0 	14640286 536707 0 	381.098 	3 	173
3974100000000 3974200000174 	31000067330 84115596885 536898 	30999530432 536898 0 0 0 	14645925 536898 0 	380.683 	3 	173
3993300000000 3993400000008 	31200067346 84668541937 537087 	31199530259 537087 0 0 0 	14651778 537087 0 	380.256 	3 	173
4012500000000 4012600000320 	31400067986 85221493313 537265 	31399530721 537265 0 0 0 	14656522 537265 0 	379.818 	3 	173
4031700000000 4031800000081 	31600068148 85774496019 537429 	31599530719 537429 0 0 0 	14661177 537429 0 	379.38 	3 	173
4050900000000 4051000000167 	31800068482 86327628574 537569 	31799530913 537569 0 0 0 	14665407 537569 0 	378.947 	3 	173
4070100000000 4070200000120 	32000068722 86880861585 537708 	31999531014 537708 0 0 0 	14669419 537708 0 	378.502 	3 	173
4089300000000 4089400000188 	32200069098 87434190949 537810 	32199531288 537810 0 0 0 	14672257 537810 0 	378.056 	3 	173
4108500000000 4108600000096 	32400069290 87987688539 537923 	32399531367 537923 0 0 0 	14675352 537923 0 	377.598 	3 	173
4127700000000 4127800000215 	32600069720 88541134702 538015 	32599531705 538015 0 0 0 	14677923 538015 0 	377.138 	3 	173
4146900000000 4147000000057 	32800069834 89094730311 538124 	32799531710 538124 0 0 0 	14680404 538124 0 	376.667 	3 	173
4166100000000 4166200000056 	33000069946 89648424001 538216 	32999531730 538216 0 0 0 	14683256 538216 0 	376.195 	3 	173
4185300000000 4185400000110 	33200070166 90202248153 538298 	33199531868 538298 0 0 0 	14685848 538298 0 	375.712 	3 	173
4204500000000 4204600000125 	33400070416 90756137096 538392 	33399532024 538392 0 0 0 	14689060 538392 0 	375.226 	3 	173
4223700000000 4223800000031 	33600070478 91310128158 538482 	33599531996 538482 0 0 0 	14691732 538482 0 	374.731 	3 	173
4242900000000 4243000000188 	33800070854 91864175666 538549 	33799532305 538549 0 0 0 	14693510 538549 0 	374.233 	3 	173
4262100000000 4262200000192 	34000071238 92418325054 538617 	33999532621 538617 0 0 0 	14695033 538617 0 	373.725 	3 	173
4281300000000 4281400000302 	34200071842 92972514767 538681 	34199533161 538681 0 0 0 	14697048 538681 0 	373.216 	3 	173
4300500000000 4300600000052 	34400071946 93526762937 538738 	34399533208 538738 0 0 0 	14698374 538738 0 	372.705 	3 	173
4319700000000 4319800000030 	34600072006 94081175744 539927 	34599532079 539927 0 0 0 	14731471 539927 0 	372.713 	3 	173
4338900000000 4339000000120 	34800072246 94635665690 541033 	34799531213 541033 0 0 0 	14763495 541033 0 	372.72 	3 	173
4358100000000 4358200000296 	35000072838 95190197275 542105 	34999530733 542105 0 0 0 	14793392 542105 0 	372.716 	3 	173
4377300000000 4377400000270 	35200073378 95744880587 543188 	35199530190 543188 0 0 0 	14823794 543188 0 	372.701 	3 	173
4396500000000 4396600000320 	35400074018 96299640593 544138 	35399529880 544138 0 0 0 	14849798 544138 0 	372.674 	3 	173
4415700000000 4415800000320 	35600074658 96854438166 545030 	35599529628 545030 0 0 0 	14875707 545030 0 	372.647 	3 	173
4434900000000 4435000000350 	35800075358 97409345825 545855 	35799529503 545855 0 0 0 	14899639 545855 0 	372.609 	3 	173
4454100000000 4454200000264 	36000075886 97964363070 546702 	35999529184 546702 0 0 0 	14924203 546702 0 	372.56 	3 	173
4473300000000 4473400000328 	36200076542 98519417526 547439 	36199529103 547439 0 0 0 	14945484 547439 0 	372.5 	3 	173
4492500000000 4492600000328 	36400077198 99074538083 548160 	36399529038 548160 0 0 0 	14964822 548160 0 	372.441 	3 	173
4511700000000 4511800000080 	36600077358 99629693887 548881 	36599528477 548881 0 0 0 	14984091 548881 0 	372.371 	3 	173
4530900000000 4531000000140 	36800077638 100185033926 549585 	36799528053 549585 0 0 0 	15003901 549585 0 	372.29 	3 	173
4550100000000 4550200000044 	37000077726 100740421347 550258 	36999527468 550258 0 0 0 	15022076 550258 0 	372.197 	3 	173
4569300000000 4569400000044 	37200077814 101295845324 550873 	37199526941 550873 0 0 0 	15038046 550873 0 	372.095 	3 	173
4588500000000 4588600000044 	37400077902 101851387999 551471 	37399526431 551471 0 0 0 	15055570 551471 0 	371.993 	3 	173
4607700000000 4607800000032 	37600077966 102406989552 551995 	37599525971 551995 0 0 0 	15069799 551995 0 	371.881 	3 	173
4626900000000 4627000000250 	37800078466 102962677813 552504 	37799525962 552504 0 0 0 	15084102 552504 0 	371.758 	3 	173
4646100000000 4646200000236 	38000078938 103518436167 552998 	37999525940 552998 0 0 0 	15097671 552998 0 	371.624 	3 	173
4665300000000 4665400000236 	38200079410 104074297600 553501 	38199525909 553501 0 0 0 	15112603 553501 0 	371.492 	3 	173
4684500000000 4684600000228 	38400079866 104630237080 553922 	38399525944 553922 0 0 0 	15123846 553922 0 	371.35 	3 	173
4703700000000 4703800000112 	38600080090 105186221621 554337 	38599525753 554337 0 0 0 	15136424 554337 0 	371.197 	3 	173
4722900000000 4723000000278 	38800080646 105742283663 554730 	38799525916 554730 0 0 0 	15148257 554730 0 	371.039 	3 	173
4742100000000 4742200000296 	39000081238 106298486428 555121 	38999526117 555121 0 0 0 	15159364 555121 0 	370.872 	3 	173
4761300000000 4761400000296 	39200081830 106854810420 555460 	39199526370 555460 0 0 0 	15168398 555460 0 	370.706 	3 	173
4780500000000 4780600000254 	39400082338 107411151709 555814 	39399526524 555814 0 0 0 	15178269 555814 0 	370.53 	3 	173
4799700000000 4799800000032 	39600082402 107967498743 556138 	39599526264 556138 0 0 0 	15188197 556138 0 	370.344 	3 	173
4818900000000 4819000000320 	39800083042 108523985362 556443 	39799526599 556443 0 0 0 	15196847 556443 0 	370.154 	3 	173
4838100000000 4838200000320 	40000083682 109080588710 556698 	39999526984 556698 0 0 0 	15204222 556698 0 	369.966 	3 	173
4857300000000 4857400000268 	40200084218 109637177021 556953 	40199527265 556953 0 0 0 	15210741 556953 0 	369.768 	3 	173
4876500000000 4876600000060 	40400084338 110193840593 557212 	40399527126 557212 0 0 0 	15218684 557212 0 	369.56 	3 	173
4895700000000 4895800000230 	40600084798 110750596032 557461 	40599527337 557461 0 0 0 	15225474 557461 0 	369.342 	3 	173
4914900000000 4915000000230 	40800085258 111307483127 557691 	40799527567 557691 0 0 0 	15232155 557691 0 	369.126 	3 	173
4934100000000 4934200000208 	41000085674 111864386554 557926 	40999527748 557926 0 0 0 	15238697 557926 0 	368.907 	3 	173
4953300000000 4953400000197 	41200086068 112421373464 558146 	41199527922 558146 0 0 0 	15244897 558146 0 	368.677 	3 	173
4972500000000 4972600000174 	41400086416 112978481565 558348 	41399528068 558348 0 0 0 	15250304 558348 0 	368.444 	3 	173
4991700000000 4991800000008 	41600086432 113535678990 558511 	41599527921 558511 0 0 0 	15255206 558511 0 	368.201 	3 	173
5010900000000 5011000000008 	41800086448 114092887135 558694 	41799527754 558694 0 0 0 	15260238 558694 0 	367.961 	3 	173
5030100000000 5030200000320 	42000087088 114650214600 558875 	41999528213 558875 0 0 0 	15265681 558875 0 	367.711 	3 	173
5049300000000 5049400000167 	42200087422 115207546305 559032 	42199528390 559032 0 0 0 	15270375 559032 0 	367.458 	3 	173
5068500000000 5068600000120 	42400087662 115764970245 559167 	42399528495 559167 0 0 0 	15273552 559167 0 	367.195 	3 	173
5087700000000 5087800000120 	42600087902 116322481289 559326 	42599528576 559326 0 0 0 	15278035 559326 0 	366.934 	3 	173
5106900000000 5107000000188 	42800088278 116880075050 559483 	42799528795 559483 0 0 0 	15281905 559483 0 	366.671 	3 	173
5126100000000 5126200000096 	43000088470 117437782520 559601 	42999528869 559601 0 0 0 	15285111 559601 0 	366.397 	3 	173
5145300000000 5145400000215 	43200088900 117995504777 559724 	43199529176 559724 0 0 0 	15288460 559724 0 	366.121 	3 	173
5164500000000 5164600000057 	43400089014 118553323353 559851 	43399529163 559851 0 0 0 	15292123 559851 0 	365.835 	3 	173
5183700000000 5183800000057 	43600089128 119111204278 559946 	43599529182 559946 0 0 0 	15294522 559946 0 	365.552 	3 	173
5202900000000 5203000000056 	43800089240 119669108296 560066 	43799529174 560066 0 0 0 	15297929 560066 0 	365.265 	3 	173
5222100000000 5222200000110 	44000089460 120227089171 560169 	43999529291 560169 0 0 0 	15301059 560169 0 	364.97 	3 	173
5241300000000 5241400000125 	44200089710 120785127184 560263 	44199529447 560263 0 0 0 	15304069 560263 0 	364.671 	3 	173
5260500000000 5260600000125 	44400089960 121343234714 560362 	44399529598 560362 0 0 0 	15306816 560362 0 	364.375 	3 	173
5279700000000 5279800000031 	44600090022 121901416679 560445 	44599529577 560445 0 0 0 	15309278 560445 0 	364.07 	3 	173
5298900000000 5299000000188 	44800090398 122459746404 560528 	44799529870 560528 0 0 0 	15311467 560528 0 	363.762 	3 	173
5318100000000 5318200000192 	45000090782 123018069252 560602 	44999530180 560602 0 0 0 	15313846 560602 0 	363.444 	3 	173
5337300000000 5337400000192 	45200091166 123576492829 560673 	45199530493 560673 0 0 0 	15315682 560673 0 	363.13 	3 	173
5356500000000 5356600000302 	45400091770 124134930113 560750 	45399531020 560750 0 0 0 	15317915 560750 0 	362.813 	3 	173
5375700000000 5375800000052 	45600091874 124693456574 560808 	45599531066 560808 0 0 0 	15319524 560808 0 	362.493 	3 	173
5394900000000 5395000000200 	45800092274 125252140891 560873 	45799531401 560873 0 0 0 	15321507 560873 0 	362.163 	3 	173
5414100000000 5414200000251 	46000092776 125810781967 560939 	45999531837 560939 0 0 0 	15323369 560939 0 	361.831 	3 	173
5433300000000 5433400000251 	46200093278 126369540392 560995 	46199532283 560995 0 0 0 	15324777 560995 0 	361.502 	3 	173
5452500000000 5452600000197 	46400093672 126928343569 561053 	46399532619 561053 0 0 0 	15326222 561053 0 	361.164 	3 	173
5471700000000 5471800000048 	46600093768 127487261131 561104 	46599532664 561104 0 0 0 	15327715 561104 0 	360.823 	3 	173
5490900000000 5491000000280 	46800094328 128046151811 561164 	46799533164 561164 0 0 0 	15329404 561164 0 	360.479 	3 	173
5510100000000 5510200000280 	47000094888 128605190181 561211 	46999533677 561211 0 0 0 	15330740 561211 0 	360.139 	3 	173
5529300000000 5529400000021 	47200094930 129164248527 561258 	47199533672 561258 0 0 0 	15332266 561258 0 	359.79 	3 	173
5548500000000 5548600000072 	47400095074 129723354929 561299 	47399533775 561299 0 0 0 	15333722 561299 0 	359.438 	3 	173
5567700000000 5567800000113 	47600095300 130282633315 561338 	47599533962 561338 0 0 0 	15334651 561338 0 	359.083 	3 	173
5586900000000 5587000000069 	47800095438 130841922464 561372 	47799534066 561372 0 0 0 	15335823 561372 0 	358.719 	3 	173
5606100000000 5606200000069 	48000095576 131401277691 561410 	47999534166 561410 0 0 0 	15337020 561410 0 	358.359 	3 	173
5625300000000 5625400000224 	48200096024 131960703151 561457 	48199534567 561457 0 0 0 	15338149 561457 0 	357.996 	3 	173
5644500000000 5644600000271 	48400096566 132520154130 561486 	48399535080 561486 0 0 0 	15339037 561486 0 	357.63 	3 	173
5663700000000 5663800000186 	48600096938 133079718461 561520 	48599535418 561520 0 0 0 	15340046 561520 0 	357.262 	3 	173
5682900000000 5683000000186 	48800097310 133639308980 561549 	48799535761 561549 0 0 0 	15340829 561549 0 	356.898 	3 	173
5702100000000 5702200000092 	49000097494 134199023876 561576 	48999535918 561576 0 0 0 	15341599 561576 0 	356.524 	3 	173
5721300000000 5721400000031 	49200097556 134758734396 561602 	49199535954 561602 0 0 0 	15342392 561602 0 	356.148 	3 	173
5740500000000 5740600000020 	49400097596 135318547379 561626 	49399535970 561626 0 0 0 	15343025 561626 0 	355.769 	3 	173
5759700000000 5759800000032 	49600097660 135878360213 561656 	49599536004 561656 0 0 0 	15343896 561656 0 	355.388 	3 	173
5778900000000 5779000000032 	49800097724 136438272537 561687 	49799536037 561687 0 0 0 	15344725 561687 0 	355.011 	3 	173
5798100000000 5798200000040 	50000097804 136998178793 561712 	49999536092 561712 0 0 0 	15345380 561712 0 	354.631 	3 	173
5817300000000 5817400000214 	50200098232 137558204861 561725 	50199536507 561725 0 0 0 	15345668 561725 0 	354.241 	3 	173
5836500000000 5836600000047 	50400098326 138118294323 561747 	50399536579 561747 0 0 0 	15346298 561747 0 	353.85 	3 	173
5855700000000 5855800000047 	50600098420 138678479828 561769 	50599536651 561769 0 0 0 	15347093 561769 0 	353.462 	3 	173
5874900000000 5875000000044 	50800098508 139238696542 561792 	50799536716 561792 0 0 0 	15347831 561792 0 	353.072 	3 	173
5894100000000 5894200000175 	51000098858 139798964726 561808 	50999537050 561808 0 0 0 	15348229 561808 0 	352.68 	3 	173
5913300000000 5913400000136 	51200099130 140359305391 561821 	51199537309 561821 0 0 0 	15348540 561821 0 	352.284 	3 	173
5932500000000 5932600000136 	51400099402 140919705902 561833 	51399537569 561833 0 0 0 	15348824 561833 0 	351.893 	3 	173
5951700000000 5951800000173 	51600099748 141480241086 561844 	51599537904 561844 0 0 0 	15349449 561844 0 	351.499 	3 	173
5970900000000 5971000000084 	51800099916 142040815924 561858 	51799538058 561858 0 0 0 	15349722 561858 0 	351.097 	3 	173
5990100000000 5990200000170 	52000100256 142601435248 561872 	51999538384 561872 0 0 0 	15350119 561872 0 	350.692 	3 	173
6009300000000 6009400000212 	52200100680 143162139796 561881 	52199538799 561881 0 0 0 	15350485 561881 0 	350.284 	3 	173
6028500000000 6028600000320 	52400101320 143722908122 562261 	52399539059 562261 0 0 0 	15361107 562261 0 	350.227 	3 	173
6047700000000 6047800000320 	52600101960 144283696028 562595 	52599539365 562595 0 0 0 	15369908 562595 0 	350.171 	3 	173
6066900000000 6067000000268 	52800102496 144844609637 562885 	52799539611 562885 0 0 0 	15376747 562885 0 	350.107 	3 	173
6086100000000 6086200000060 	53000102616 145405559278 563192 	52999539424 563192 0 0 0 	15386001 563192 0 	350.035 	3 	173
6105300000000 6105400000060 	53200102736 145966491234 563485 	53199539251 563485 0 0 0 	15393944 563485 0 	349.963 	3 	173
6124500000000 6124600000230 	53400103196 146527512763 563738 	53399539458 563738 0 0 0 	15401057 563738 0 	349.884 	3 	173
6143700000000 6143800000230 	53600103656 147088577148 563983 	53599539673 563983 0 0 0 	15407493 563983 0 	349.805 	3 	173
6162900000000 6163000000208 	53800104072 147649736004 564256 	53799539816 564256 0 0 0 	15415146 564256 0 	349.723 	3 	173
6182100000000 6182200000197 	54000104466 148210928408 564484 	53999539982 564484 0 0 0 	15421577 564484 0 	349.633 	3 	173
6201300000000 6201400000197 	54200104860 148772229819 564698 	54199540162 564698 0 0 0 	15428410 564698 0 	349.544 	3 	173
6220500000000 6220600000174 	54400105208 149333563315 564927 	54399540281 564927 0 0 0 	15434980 564927 0 	349.451 	3 	173
6239700000000 6239800000008 	54600105224 149894992059 565157 	54599540067 565157 0 0 0 	15442074 565157 0 	349.35 	3 	173
6258900000000 6259000000008 	54800105240 150456471093 565390 	54799539850 565390 0 0 0 	15448587 565390 0 	349.251 	3 	173
6278100000000 6278200000320 	55000105880 151017973050 565575 	54999540305 565575 0 0 0 	15453334 565575 0 	349.143 	3 	173
6297300000000 6297400000320 	55200106520 151579500882 565746 	55199540774 565746 0 0 0 	15457576 565746 0 	349.037 	3 	173
6316500000000 6316600000167 	55400106854 152141112503 565928 	55399540926 565928 0 0 0 	15462543 565928 0 	348.927 	3 	173
6335700000000 6335800000120 	55600107094 152702703931 566111 	55599540983 566111 0 0 0 	15467377 566111 0 	348.809 	3 	173
6354900000000 6355000000120 	55800107334 153264426168 566277 	55799541057 566277 0 0 0 	15472257 566277 0 	348.692 	3 	173
6374100000000 6374200000188 	56000107710 153826209808 566434 	55999541276 566434 0 0 0 	15477023 566434 0 	348.572 	3 	173
6393300000000 6393400000096 	56200107902 154388043698 566583 	56199541319 566583 0 0 0 	15480929 566583 0 	348.444 	3 	173
6412500000000 6412600000096 	56400108094 154949982828 566741 	56399541353 566741 0 0 0 	15485346 566741 0 	348.317 	3 	173
6431700000000 6431800000215 	56600108524 155511904054 566881 	56599541643 566881 0 0 0 	15489705 566881 0 	348.187 	3 	173
6450900000000 6451000000215 	56800108954 156073942012 567028 	56799541926 567028 0 0 0 	15494295 567028 0 	348.058 	3 	173
6470100000000 6470200000057 	57000109068 156636061315 567147 	56999541921 567147 0 0 0 	15497413 567147 0 	347.921 	3 	173
6489300000000 6489400000056 	57200109180 157198193004 567274 	57199541906 567274 0 0 0 	15500744 567274 0 	347.781 	3 	173
6508500000000 6508600000056 	57400109292 157760356745 567379 	57399541913 567379 0 0 0 	15503815 567379 0 	347.643 	3 	173
6527700000000 6527800000110 	57600109512 158322673543 567506 	57599542006 567506 0 0 0 	15507597 567506 0 	347.496 	3 	173
6546900000000 6547000000110 	57800109732 158884964708 567629 	57799542103 567629 0 0 0 	15511219 567629 0 	347.351 	3 	173
6566100000000 6566200000125 	58000109982 159447281133 567747 	57999542235 567747 0 0 0 	15514590 567747 0 	347.202 	3 	173
6585300000000 6585400000031 	58200110044 160009710846 567839 	58199542205 567839 0 0 0 	15517389 567839 0 	347.046 	3 	173
6604500000000 6604600000031 	58400110106 160572183047 567948 	58399542158 567948 0 0 0 	15520566 567948 0 	346.891 	3 	173
6623700000000 6623800000188 	58600110482 161134711222 568045 	58599542437 568045 0 0 0 	15523219 568045 0 	346.733 	3 	173
6642900000000 6643000000192 	58800110866 161697322881 568146 	58799542720 568146 0 0 0 	15526631 568146 0 	346.567 	3 	173
6662100000000 6662200000192 	59000111250 162259987427 568229 	58999543021 568229 0 0 0 	15529028 568229 0 	346.403 	3 	173
6681300000000 6681400000302 	59200111854 162822677792 568309 	59199543545 568309 0 0 0 	15531432 568309 0 	346.235 	3 	173
6700500000000 6700600000302 	59400112458 163385441304 568394 	59399544064 568394 0 0 0 	15534513 568394 0 	346.069 	3 	173
6719700000000 6719800000052 	59600112562 163948231966 568475 	59599544087 568475 0 0 0 	15536934 568475 0 	345.899 	3 	173
6738900000000 6739000000200 	59800112962 164511066182 568550 	59799544412 568550 0 0 0 	15538988 568550 0 	345.723 	3 	173
6758100000000 6758200000200 	60000113362 165074078088 568631 	59999544731 568631 0 0 0 	15541069 568631 0 	345.547 	3 	173
6777300000000 6777400000251 	60200113864 165637078192 568703 	60199545161 568703 0 0 0 	15543181 568703 0 	345.368 	3 	173
6796500000000 6796600000197 	60400114258 166200104324 568760 	60399545498 568760 0 0 0 	15544904 568760 0 	345.182 	3 	173
6815700000000 6815800000197 	60600114652 166763156137 568818 	60599545834 568818 0 0 0 	15546701 568818 0 	344.997 	3 	173
6834900000000 6835000000048 	60800114748 167326258654 568877 	60799545871 568877 0 0 0 	15548289 568877 0 	344.81 	3 	173
6854100000000 6854200000048 	61000114844 167889427222 568946 	60999545898 568946 0 0 0 	15550254 568946 0 	344.623 	3 	173
6873300000000 6873400000280 	61200115404 168452666629 569008 	61199546396 569008 0 0 0 	15551934 569008 0 	344.434 	3 	173
6892500000000 6892600000021 	61400115446 169015941618 569064 	61399546382 569064 0 0 0 	15553577 569064 0 	344.237 	3 	173
6911700000000 6911800000021 	61600115488 169579324235 569114 	61599546374 569114 0 0 0 	15555307 569114 0 	344.042 	3 	173
6930900000000 6931000000072 	61800115632 170142730646 569158 	61799546474 569158 0 0 0 	15556582 569158 0 	343.844 	3 	173
6950100000000 6950200000072 	62000115776 170706190341 569206 	61999546570 569206 0 0 0 	15558038 569206 0 	343.647 	3 	173
6969300000000 6969400000113 	62200116002 171269669564 569248 	62199546754 569248 0 0 0 	15559349 569248 0 	343.447 	3 	173
6988500000000 6988600000069 	62400116140 171833238053 569292 	62399546848 569292 0 0 0 	15560663 569292 0 	343.24 	3 	173
7007700000000 7007800000069 	62600116278 172396830705 569335 	62599546943 569335 0 0 0 	15561789 569335 0 	343.034 	3 	173
7026900000000 7027000000224 	62800116726 172960467494 569376 	62799547350 569376 0 0 0 	15563072 569376 0 	342.825 	3 	173
7046100000000 7046200000271 	63000117268 173524143293 569423 	62999547845 569423 0 0 0 	15564434 569423 0 	342.614 	3 	173
7065300000000 7065400000271 	63200117810 174087941801 569459 	63199548351 569459 0 0 0 	15565312 569459 0 	342.404 	3 	173
7084500000000 7084600000186 	63400118182 174651711839 569496 	63399548686 569496 0 0 0 	15566209 569496 0 	342.191 	3 	173
7103700000000 7103800000186 	63600118554 175215568573 569535 	63599549019 569535 0 0 0 	15567019 569535 0 	341.98 	3 	173
7122900000000 7123000000092 	63800118738 175779401656 569567 	63799549171 569567 0 0 0 	15567876 569567 0 	341.761 	3 	173
7142100000000 7142200000031 	64000118800 176343377112 569592 	63999549208 569592 0 0 0 	15568473 569592 0 	341.539 	3 	173
7161300000000 7161400000031 	64200118862 176907384007 569620 	64199549242 569620 0 0 0 	15569517 569620 0 	341.319 	3 	173
7180500000000 7180600000020 	64400118902 177471427156 569648 	64399549254 569648 0 0 0 	15570324 569648 0 	341.097 	3 	173
7199700000000 7199800000032 	64600118966 178035587405 569670 	64599549296 569670 0 0 0 	15570751 569670 0 	340.871 	3 	173
7218900000000 7219000000032 	64800119030 178599736424 569692 	64799549338 569692 0 0 0 	15571333 569692 0 	340.647 	3 	173
7238100000000 7238200000040 	65000119110 179163990946 569715 	64999549395 569715 0 0 0 	15571943 569715 0 	340.42 	3 	173
7257300000000 7257400000040 	65200119190 179728277145 569745 	65199549445 569745 0 0 0 	15573135 569745 0 	340.195 	3 	173
7276500000000 7276600000214 	65400119618 180292621783 569762 	65399549856 569762 0 0 0 	15573774 569762 0 	339.962 	3 	173
7295700000000 7295800000047 	65600119712 180856989439 569781 	65599549931 569781 0 0 0 	15574409 569781 0 	339.727 	3 	173
7314900000000 7315000000047 	65800119806 181421378500 569803 	65799550003 569803 0 0 0 	15575210 569803 0 	339.493 	3 	173
7334100000000 7334200000044 	66000119894 181985837869 569832 	65999550062 569832 0 0 0 	15576055 569832 0 	339.257 	3 	173
7353300000000 7353400000044 	66200119982 182550296976 569855 	66199550127 569855 0 0 0 	15576678 569855 0 	339.022 	3 	173
7372500000000 7372600000175 	66400120332 183114888908 569874 	66399550458 569874 0 0 0 	15577315 569874 0 	338.784 	3 	173
7391700000000 7391800000136 	66600120604 183679552762 569898 	66599550706 569898 0 0 0 	15578095 569898 0 	338.544 	3 	173
7410900000000 7411000000136 	66800120876 184244264336 569917 	66799550959 569917 0 0 0 	15578486 569917 0 	338.305 	3 	173
7430100000000 7430200000173 	67000121222 184808980090 569933 	66999551289 569933 0 0 0 	15578969 569933 0 	338.064 	3 	173
7449300000000 7449400000084 	67200121390 185373743171 569942 	67199551448 569942 0 0 0 	15579231 569942 0 	337.815 	3 	173
7468500000000 7468600000084 	67400121558 185938583343 569963 	67399551595 569963 0 0 0 	15579708 569963 0 	337.568 	3 	173
7487700000000 7487800000170 	67600121898 186503488831 569980 	67599551918 569980 0 0 0 	15580139 569980 0 	337.318 	3 	173
7506900000000 7507000000170 	67800122238 187068371882 569992 	67799552246 569992 0 0 0 	15580609 569992 0 	337.071 	3 	173
7526100000000 7526200000212 	68000122662 187633343589 570006 	67999552656 570006 0 0 0 	15580970 570006 0 	336.82 	3 	173
7545300000000 7545400000180 	68200123022 188198329413 570022 	68199553000 570022 0 0 0 	15581497 570022 0 	336.566 	3 	173
7564500000000 7564600000180 	68400123382 188763425787 570035 	68399553347 570035 0 0 0 	15581932 570035 0 	336.315 	3 	173
7583700000000 7583800000044 	68600123470 189328486761 570051 	68599553419 570051 0 0 0 	15582268 570051 0 	336.06 	3 	173
7602900000000 7603000000057 	68800123584 189893660767 570065 	68799553519 570065 0 0 0 	15582530 570065 0 	335.805 	3 	173
7622100000000 7622200000040 	69000123664 190458883142 570076 	68999553588 570076 0 0 0 	15582913 570076 0 	335.549 	3 	173
7641300000000 7641400000135 	69200123934 191024140054 570083 	69199553851 570083 0 0 0 	15583169 570083 0 	335.291 	3 	173
7660500000000 7660600000135 	69400124204 191589510348 570093 	69399554111 570093 0 0 0 	15583406 570093 0 	335.035 	3 	173
7679700000000 7679800000032 	69600124268 192154854505 570106 	69599554162 570106 0 0 0 	15583746 570106 0 	334.776 	3 	173
7698900000000 7699000000227 	69800124722 192720284355 570115 	69799554607 570115 0 0 0 	15584146 570115 0 	334.515 	3 	173
7718100000000 7718200000227 	70000125176 193285720134 570125 	69999555051 570125 0 0 0 	15584698 570125 0 	334.255 	3 	173
7737300000000 7737400000160 	70200125496 193851191355 570140 	70199555356 570140 0 0 0 	15585218 570140 0 	333.993 	3 	173
7756500000000 7756600000160 	70400125816 194416643498 570147 	70399555669 570147 0 0 0 	15585618 570147 0 	333.732 	3 	173
7775700000000 7775800000062 	70600125940 194982232455 570154 	70599555786 570154 0 0 0 	15585704 570154 0 	333.469 	3 	173
7794900000000 7795000000160 	70800126260 195547882204 570157 	70799556103 570157 0 0 0 	15585737 570157 0 	333.203 	3 	173
7814100000000 7814200000160 	71000126580 196113514782 570166 	70999556414 570166 0 0 0 	15585967 570166 0 	332.939 	3 	173
7833300000000 7833400000159 	71200126898 196679246168 570171 	71199556727 570171 0 0 0 	15586065 570171 0 	332.672 	3 	173
7852500000000 7852600000026 	71400126950 197245023836 570177 	71399556773 570177 0 0 0 	15586313 570177 0 	332.403 	3 	173
7871700000000 7871800000026 	71600127002 197810792038 570182 	71599556820 570182 0 0 0 	15586633 570182 0 	332.135 	3 	173
7890900000000 7891000000242 	71800127486 198376651571 570187 	71799557299 570187 0 0 0 	15586798 570187 0 	331.865 	3 	173
7910100000000 7910200000242 	72000127970 198942517044 570194 	71999557776 570194 0 0 0 	15586952 570194 0 	331.597 	3 	173
7929300000000 7929400000000 	72200127970 199508468686 570199 	72199557771 570199 0 0 0 	15587105 570199 0 	331.326 	3 	173
7948500000000 7948600000035 	72400128040 200074394913 570203 	72399557837 570203 0 0 0 	15587165 570203 0 	331.052 	3 	173
7967700000000 7967800000035 	72600128110 200640450370 570209 	72599557901 570209 0 0 0 	15587247 570209 0 	330.78 	3 	173
7986900000000 7987000000054 	72800128218 201206583482 570216 	72799558002 570216 0 0 0 	15587450 570216 0 	330.506 	3 	173
8006100000000 8006200000054 	73000128326 201772713110 570222 	72999558104 570222 0 0 0 	15587634 570222 0 	330.233 	3 	173
8025300000000 8025400000152 	73200128630 202339167474 603957 	73199524673 603957 0 0 0 	16555817 603957 0 	330.544 	3 	173
8044500000000 8044600000152 	73400128934 202905616307 636671 	73399492263 636671 0 0 0 	17499288 636671 0 	330.855 	3 	173
8063700000000 8063800000152 	73600129238 203472103789 668637 	73599460601 668637 0 0 0 	18419982 668637 0 	331.164 	3 	173
8082900000000 8083000000000 	73800129238 204038677321 699961 	73799429277 699961 0 0 0 	19323104 699961 0 	331.467 	3 	173
8102100000000 8102200000000 	74000129238 204605231090 730962 	73999398276 730962 0 0 0 	20215266 730962 0 	331.769 	3 	173
8121300000000 8121400000000 	74200129238 205171903405 761338 	74199367900 761338 0 0 0 	21087196 761338 0 	332.071 	3 	173
8140500000000 8140600000048 	74400129334 205738553070 790654 	74399338680 790654 0 0 0 	21933672 790654 0 	332.366 	3 	173
8159700000000 8159800000048 	74600129430 206305273779 819726 	74599309704 819726 0 0 0 	22759558 819726 0 	332.66 	3 	173
8178900000000 8179000000048 	74800129526 206872043273 848079 	74799281447 848079 0 0 0 	23571613 848079 0 	332.953 	3 	173
8198100000000 8198200000476 	75000130478 207438892387 875800 	74999254678 875800 0 0 0 	24370087 875800 0 	333.241 	3 	173
8217300000000 8217400000476 	75200131430 208005767030 903019 	75199228411 903019 0 0 0 	25153203 903019 0 	333.527 	3 	173
8236500000000 8236600000476 	75400132382 208572669299 929919 	75399202463 929919 0 0 0 	25920252 929919 0 	333.812 	3 	173
8255700000000 8255800000011 	75600132404 209139601107 956078 	75599176326 956078 0 0 0 	26670363 956078 0 	334.092 	3 	173
8274900000000 8275000000011 	75800132426 209706584661 981745 	75799150681 981745 0 0 0 	27413810 981745 0 	334.372 	3 	173
8294100000000 8294200000011 	76000132448 210273649561 1006794 	75999125654 1006794 0 0 0 	28123777 1006794 0 	334.65 	3 	173
8313300000000 8313400000011 	76200132470 210840679017 1031158 	76199101312 1031158 0 0 0 	28827660 1031158 0 	334.928 	3 	173
8332500000000 8332600000210 	76400132890 211407752570 1055285 	76399077605 1055285 0 0 0 	29514389 1055285 0 	335.199 	3 	173
8351700000000 8351800000210 	76600133310 211974839592 1078988 	76599054322 1078988 0 0 0 	30190198 1078988 0 	335.47 	3 	173
8370900000000 8371000000210 	76800133730 212541982256 1102262 	76799031468 1102262 0 0 0 	30854882 1102262 0 	335.74 	3 	173
8390100000000 8390200000381 	77000134492 213109219674 1124764 	76999009728 1124764 0 0 0 	31508461 1124764 0 	336.003 	3 	173
8409300000000 8409400000381 	77200135254 213676461916 1147020 	77198988234 1147020 0 0 0 	32143781 1147020 0 	336.266 	3 	173
8428500000000 8428600000200 	77400135654 214243527461 1147093 	77398988561 1147093 0 0 0 	32145770 1147093 0 	336.161 	3 	173
8447700000000 8447800000200 	77600136054 214810689124 1147165 	77598988889 1147165 0 0 0 	32148091 1147165 0 	336.056 	3 	173
8466900000000 8467000000251 	77800136556 215377879022 1147246 	77798989310 1147246 0 0 0 	32150635 1147246 0 	335.949 	3 	173
8486100000000 8486200000251 	78000137058 215945086940 1147311 	77998989747 1147311 0 0 0 	32152620 1147311 0 	335.843 	3 	173
8505300000000 8505400000197 	78200137452 216512390276 1147374 	78198990078 1147374 0 0 0 	32154513 1147374 0 	335.731 	3 	173
8524500000000 8524600000197 	78400137846 217079714780 1147435 	78398990411 1147435 0 0 0 	32156270 1147435 0 	335.619 	3 	173
8543700000000 8543800000048 	78600137942 217647084399 1147501 	78598990441 1147501 0 0 0 	32157931 1147501 0 	335.505 	3 	173
8562900000000 8563000000048 	78800138038 218214542148 1147569 	78798990469 1147569 0 0 0 	32159892 1147569 0 	335.391 	3 	173
8582100000000 8582200000280 	79000138598 218781907806 1147617 	78998990981 1147617 0 0 0 	32161103 1147617 0 	335.275 	3 	173
8601300000000 8601400000280 	79200139158 219349411185 1147675 	79198991483 1147675 0 0 0 	32162292 1147675 0 	335.159 	3 	173
8620500000000 8620600000021 	79400139200 219916987446 1147730 	79398991470 1147730 0 0 0 	32163820 1147730 0 	335.038 	3 	173
8639700000000 8639800000021 	79600139242 220484555826 1147795 	79598991447 1147795 0 0 0 	32165549 1147795 0 	334.917 	3 	173
8658900000000 8659000000072 	79800139386 221052222566 1147845 	79798991541 1147845 0 0 0 	32167039 1147845 0 	334.794 	3 	173
8678100000000 8678200000072 	80000139530 221619840790 1147896 	79998991634 1147896 0 0 0 	32168476 1147896 0 	334.671 	3 	173
8697300000000 8697400000113 	80200139756 222187588845 1147950 	80198991806 1147950 0 0 0 	32170131 1147950 0 	334.546 	3 	173
8716500000000 8716600000113 	80400139982 222755342904 1147997 	80398991985 1147997 0 0 0 	32171516 1147997 0 	334.421 	3 	173
8735700000000 8735800000069 	80600140120 223323205586 1148044 	80598992076 1148044 0 0 0 	32172876 1148044 0 	334.291 	3 	173
8754900000000 8755000000069 	80800140258 223891009255 1148090 	80798992168 1148090 0 0 0 	32174004 1148090 0 	334.161 	3 	173
8774100000000 8774200000224 	81000140706 224458949146 1148128 	80998992578 1148128 0 0 0 	32175276 1148128 0 	334.029 	3 	173
8793300000000 8793400000224 	81200141154 225026859338 1148176 	81198992978 1148176 0 0 0 	32176919 1148176 0 	333.898 	3 	173
8812500000000 8812600000271 	81400141696 225594819518 1148214 	81398993482 1148214 0 0 0 	32177827 1148214 0 	333.764 	3 	173
8831700000000 8831800000271 	81600142238 226162824438 1148252 	81598993986 1148252 0 0 0 	32178933 1148252 0 	333.631 	3 	173
8850900000000 8851000000186 	81800142610 226730885505 1148279 	81798994331 1148279 0 0 0 	32179831 1148279 0 	333.495 	3 	173
8870100000000 8870200000186 	82000142982 227299020162 1148320 	81998994662 1148320 0 0 0 	32181025 1148320 0 	333.36 	3 	173
8889300000000 8889400000092 	82200143166 227867240047 1148357 	82198994809 1148357 0 0 0 	32182117 1148357 0 	333.219 	3 	173
8908500000000 8908600000092 	82400143350 228435425721 1148397 	82398994953 1148397 0 0 0 	32183619 1148397 0 	333.079 	3 	173
8927700000000 8927800000031 	82600143412 229003673421 1148428 	82598994984 1148428 0 0 0 	32184483 1148428 0 	332.936 	3 	173
8946900000000 8947000000031 	82800143474 229571915609 1148460 	82798995014 1148460 0 0 0 	32185548 1148460 0 	332.794 	3 	173
8966100000000 8966200000020 	83000143514 230140235385 1148493 	82998995021 1148493 0 0 0 	32186361 1148493 0 	332.65 	3 	173
8985300000000 8985400000020 	83200143554 230708547530 1148533 	83198995021 1148533 0 0 0 	32187396 1148533 0 	332.506 	3 	173
9004500000000 9004600000032 	83400143618 231276919924 1148555 	83398995063 1148555 0 0 0 	32188000 1148555 0 	332.36 	3 	173
9023700000000 9023800000032 	83600143682 231845301100 1148595 	83598995087 1148595 0 0 0 	32189496 1148595 0 	332.215 	3 	173
9042900000000 9043000000040 	83800143762 232413733403 1148625 	83798995137 1148625 0 0 0 	32190197 1148625 0 	332.067 	3 	173
9062100000000 9062200000040 	84000143842 232982291219 1148654 	83998995188 1148654 0 0 0 	32190978 1148654 0 	331.92 	3 	173
9081300000000 9081400000214 	84200144270 233550813383 1148683 	84198995587 1148683 0 0 0 	32191721 1148683 0 	331.767 	3 	173
9100500000000 9100600000214 	84400144698 234119384649 1148707 	84398995991 1148707 0 0 0 	32192335 1148707 0 	331.615 	3 	173
9119700000000 9119800000047 	84600144792 234688026881 1148735 	84598996057 1148735 0 0 0 	32192964 1148735 0 	331.461 	3 	173
9138900000000 9139000000047 	84800144886 235256674379 1148753 	84798996133 1148753 0 0 0 	32193519 1148753 0 	331.307 	3 	173
9158100000000 9158200000044 	85000144974 235825367662 1148780 	84998996194 1148780 0 0 0 	32194213 1148780 0 	331.151 	3 	173
9177300000000 9177400000044 	85200145062 236394175260 1148801 	85198996261 1148801 0 0 0 	32194872 1148801 0 	330.996 	3 	173
9196500000000 9196600000175 	85400145412 236962978125 1148819 	85398996593 1148819 0 0 0 	32195179 1148819 0 	330.838 	3 	173
9215700000000 9215800000175 	85600145762 237531722353 1148841 	85598996921 1148841 0 0 0 	32195877 1148841 0 	330.681 	3 	173
9234900000000 9235000000136 	85800146034 238100594517 1148860 	85798997174 1148860 0 0 0 	32196470 1148860 0 	330.522 	3 	173
9254100000000 9254200000136 	86000146306 238669468145 1148874 	85998997432 1148874 0 0 0 	32197166 1148874 0 	330.363 	3 	173
9273300000000 9273400000173 	86200146652 239238446173 1148889 	86198997763 1148889 0 0 0 	32197581 1148889 0 	330.202 	3 	173
9292500000000 9292600000173 	86400146998 239807417154 1148909 	86398998089 1148909 0 0 0 	32198179 1148909 0 	330.042 	3 	173
9311700000000 9311800000084 	86600147166 240376455174 1148925 	86598998241 1148925 0 0 0 	32198593 1148925 0 	329.876 	3 	173
9330900000000 9331000000084 	86800147334 240945476561 1148937 	86798998397 1148937 0 0 0 	32198926 1148937 0 	329.711 	3 	173
9350100000000 9350200000170 	87000147674 241514540441 1148957 	86998998717 1148957 0 0 0 	32199581 1148957 0 	329.544 	3 	173
9369300000000 9369400000170 	87200148014 242083691909 1148968 	87198999046 1148968 0 0 0 	32199819 1148968 0 	329.377 	3 	173
9388500000000 9388600000212 	87400148438 242652854726 1148985 	87398999453 1148985 0 0 0 	32200321 1148985 0 	329.208 	3 	173
9407700000000 9407800000212 	87600148862 243222053658 1148998 	87598999864 1148998 0 0 0 	32200582 1148998 0 	329.04 	3 	173
9426900000000 9427000000180 	87800149222 243791316248 1149006 	87799000216 1149006 0 0 0 	32200831 1149006 0 	328.869 	3 	173
9446100000000 9446200000180 	88000149582 244360610913 1149024 	87999000558 1149024 0 0 0 	32201295 1149024 0 	328.7 	3 	173
9465300000000 9465400000044 	88200149670 244929939658 1149040 	88199000630 1149040 0 0 0 	32201738 1149040 0 	328.527 	3 	173
9484500000000 9484600000044 	88400149758 245499241924 1149055 	88399000703 1149055 0 0 0 	32202107 1149055 0 	328.356 	3 	173
9503700000000 9503800000040 	88600149838 246068659615 1149071 	88599000767 1149071 0 0 0 	32202813 1149071 0 	328.183 	3 	173
9522900000000 9523000000040 	88800149918 246638103958 1149081 	88799000837 1149081 0 0 0 	32203138 1149081 0 	328.01 	3 	173
9542100000000 9542200000040 	89000149998 247207587407 1149094 	88999000904 1149094 0 0 0 	32203291 1149094 0 	327.838 	3 	173
9561300000000 9561400000135 	89200150268 247777101616 1149103 	89199001165 1149103 0 0 0 	32203486 1149103 0 	327.664 	3 	173
9580500000000 9580600000135 	89400150538 248346695575 1149115 	89399001423 1149115 0 0 0 	32203795 1149115 0 	327.491 	3 	173
9599700000000 9599800000032 	89600150602 248916263885 1149128 	89599001474 1149128 0 0 0 	32204218 1149128 0 	327.315 	3 	173
9618900000000 9619000000032 	89800150666 249485826083 1149136 	89799001530 1149136 0 0 0 	32204413 1149136 0 	327.14 	3 	173
9638100000000 9638200000227 	90000151120 250055478371 1149151 	89999001969 1149151 0 0 0 	32204893 1149151 0 	326.963 	3 	173
9657300000000 9657400000227 	90200151574 250625226484 1149159 	90199002415 1149159 0 0 0 	32205212 1149159 0 	326.787 	3 	173
9676500000000 9676600000160 	90400151894 251194960954 1149170 	90399002724 1149170 0 0 0 	32205497 1149170 0 	326.608 	3 	173
9695700000000 9695800000160 	90600152214 251764718867 1149178 	90599003036 1149178 0 0 0 	32205777 1149178 0 	326.43 	3 	173
9714900000000 9715000000062 	90800152338 252334596542 1149190 	90799003148 1149190 0 0 0 	32206030 1149190 0 	326.25 	3 	173
9734100000000 9734200000062 	91000152462 252904501486 1149198 	90999003264 1149198 0 0 0 	32206190 1149198 0 	326.071 	3 	173
9753300000000 9753400000160 	91200152782 253474424193 1149206 	91199003576 1149206 0 0 0 	32206434 1149206 0 	325.89 	3 	173
9772500000000 9772600000160 	91400153102 254044367982 1149216 	91399003886 1149216 0 0 0 	32206750 1149216 0 	325.709 	3 	173
9791700000000 9791800000159 	91600153420 254614292232 1149223 	91599004197 1149223 0 0 0 	32206967 1149223 0 	325.526 	3 	173
9810900000000 9811000000159 	91800153738 255184316423 1149228 	91799004510 1149228 0 0 0 	32207084 1149228 0 	325.344 	3 	173
9830100000000 9830200000026 	92000153790 255754338055 1149233 	91999004557 1149233 0 0 0 	32207194 1149233 0 	325.159 	3 	173
9849300000000 9849400000026 	92200153842 256324453565 1149239 	92199004603 1149239 0 0 0 	32207352 1149239 0 	324.976 	3 	173
9868500000000 9868600000242 	92400154326 256894599594 1149241 	92399005085 1149241 0 0 0 	32207371 1149241 0 	324.79 	3 	173
9887700000000 9887800000242 	92600154810 257464796868 1149246 	92599005564 1149246 0 0 0 	32207409 1149246 0 	324.605 	3 	173
9906900000000 9907000000000 	92800154810 258035030186 1149251 	92799005559 1149251 0 0 0 	32207528 1149251 0 	324.418 	3 	173
9926100000000 9926200000000 	93000154810 258605269492 1149256 	92999005554 1149256 0 0 0 	32207748 1149256 0 	324.231 	3 	173
9945300000000 9945400000035 	93200154880 259175525544 1149259 	93199005621 1149259 0 0 0 	32207825 1149259 0 	324.042 	3 	173
9964500000000 9964600000035 	93400154950 259745861850 1149265 	93399005685 1149265 0 0 0 	32207941 1149265 0 	323.855 	3 	173
9983700000000 9983800000054 	93600155058 260316232095 1149272 	93599005786 1149272 0 0 0 	32208020 1149272 0 	323.664 	3 	173
