1019100000000 1019200000062 	200000124 526952358 1 	200000123 1 0 0 0 	21 1 0 	261 	3 	191
1038300000000 1038400000000 	400000124 1054191579 2 	400000122 2 0 0 0 	49 2 0 	258.476 	3 	191
1057500000000 1057600000268 	600000660 1581853381 15871 	599984789 15871 0 0 0 	418599 15871 0 	308.286 	3 	191
1076700000000 1076800000476 	800001612 2109946977 29309 	799972303 29309 0 0 0 	776375 29309 0 	340.028 	3 	191
1095900000000 1096000000210 	1000002032 2638308634 40595 	999961437 40595 0 0 0 	1073983 40595 0 	361.648 	3 	191
1115100000000 1115200000254 	1200002540 3167006347 50107 	1199952433 50107 0 0 0 	1332342 50107 0 	376.523 	3 	191
1134300000000 1134400000072 	1400002684 3695895799 50127 	1399952557 50127 0 0 0 	1332930 50127 0 	361.571 	3 	191
1153500000000 1153600000224 	1600003132 4225173007 50137 	1599952995 50137 0 0 0 	1333152 50137 0 	350.383 	3 	191
1172700000000 1172800000031 	1800003194 4754720483 50151 	1799953043 50151 0 0 0 	1333542 50151 0 	341.352 	3 	191
1191900000000 1192000000214 	2000003622 5284573282 50157 	1999953465 50157 0 0 0 	1333698 50157 0 	333.747 	3 	191
1211100000000 1211200000136 	2200003894 5814736341 50166 	2199953728 50166 0 0 0 	1333921 50166 0 	327.259 	3 	191
1230300000000 1230400000170 	2400004234 6345221849 50171 	2399954063 50171 0 0 0 	1334014 50171 0 	321.576 	3 	191
1249500000000 1249600000040 	2600004314 6875972381 50173 	2599954141 50173 0 0 0 	1334056 50173 0 	316.49 	3 	191
1268700000000 1268800000160 	2800004634 7407011658 50176 	2799954458 50176 0 0 0 	1334114 50176 0 	311.857 	3 	191
1287900000000 1288000000026 	3000004686 7938338254 50176 	2999954510 50176 0 0 0 	1334114 50176 0 	307.577 	3 	191
1307100000000 1307200000054 	3200004794 8469956401 50177 	3199954617 50177 0 0 0 	1334139 50177 0 	303.574 	3 	191
1326300000000 1326400000000 	3400004794 9001927926 67144 	3399937650 67144 0 0 0 	1793088 67144 0 	310.756 	3 	191
1345500000000 1345600000476 	3600005746 9534188605 81807 	3599923939 81807 0 0 0 	2184753 81807 0 	317.248 	3 	191
1364700000000 1364800000210 	3800006166 10066690939 94907 	3799911259 94907 0 0 0 	2537564 94907 0 	323.131 	3 	191
1383900000000 1384000000468 	4000007102 10599468205 106157 	3999900945 106157 0 0 0 	2837166 106157 0 	328.452 	3 	191
1403100000000 1403200000254 	4200007610 11132491307 115887 	4199891723 115887 0 0 0 	3096148 115887 0 	333.325 	3 	191
1422300000000 1422400000368 	4400008346 11665776606 124479 	4399883867 124479 0 0 0 	3329615 124479 0 	337.743 	3 	191
1441500000000 1441600000120 	4600008586 12199308334 131931 	4599876655 131931 0 0 0 	3533818 131931 0 	341.716 	3 	191
1460700000000 1460800000355 	4800009296 12733068886 138475 	4799870821 138475 0 0 0 	3712362 138475 0 	345.298 	3 	191
1479900000000 1480000000320 	5000009936 13267026834 144173 	4999865763 144173 0 0 0 	3866907 144173 0 	348.493 	3 	191
1499100000000 1499200000290 	5200010516 13801289757 149188 	5199861328 149188 0 0 0 	4005122 149188 0 	351.352 	3 	191
1518300000000 1518400000088 	5400010692 14335755539 153535 	5399857157 153535 0 0 0 	4121868 153535 0 	353.897 	3 	191
1537500000000 1537600000189 	5600011070 14870470344 157395 	5599853675 157395 0 0 0 	4227625 157395 0 	356.173 	3 	191
1556700000000 1556800000375 	5800011820 15405499580 160955 	5799850865 160955 0 0 0 	4329081 160955 0 	358.173 	3 	191
1575900000000 1576000000074 	6000011968 15940675630 163948 	5999848020 163948 0 0 0 	4408850 163948 0 	359.988 	3 	191
1595100000000 1595200000062 	6200012092 16476082217 163951 	6199848141 163951 0 0 0 	4408934 163951 0 	355.637 	3 	191
1614300000000 1614400000242 	6400012576 17011722331 163952 	6399848624 163952 0 0 0 	4408978 163952 0 	351.422 	3 	191
1633500000000 1633600000054 	6600012684 17547612229 163953 	6599848731 163953 0 0 0 	4408988 163953 0 	347.384 	3 	191
1652700000000 1652800000000 	6800012684 18083874195 182860 	6799829824 182860 0 0 0 	4928090 182860 0 	350.531 	3 	191
1671900000000 1672000000048 	7000012780 18620281620 199698 	6999813082 199698 0 0 0 	5384381 199698 0 	353.493 	3 	191
1691100000000 1691200000011 	7200012802 19156906262 215032 	7199797770 215032 0 0 0 	5808117 215032 0 	356.235 	3 	191
1710300000000 1710400000210 	7400013222 19693719660 228651 	7399784571 228651 0 0 0 	6175682 228651 0 	358.81 	3 	191
1729500000000 1729600000468 	7600014158 20230750371 241139 	7599773019 241139 0 0 0 	6515038 241139 0 	361.18 	3 	191
1748700000000 1748800000254 	7800014666 20767976249 252164 	7799762502 252164 0 0 0 	6814160 252164 0 	363.398 	3 	191
1767900000000 1768000000368 	8000015402 21305407684 262083 	7999753319 262083 0 0 0 	7086307 262083 0 	365.44 	3 	191
1787100000000 1787200000352 	8200016106 21843033846 270913 	8199745193 270913 0 0 0 	7325682 270913 0 	367.343 	3 	191
1806300000000 1806400000178 	8400016462 22380861043 278899 	8399737563 278899 0 0 0 	7544411 278899 0 	369.082 	3 	191
1825500000000 1825600000355 	8600017172 22918891476 286209 	8599730963 286209 0 0 0 	7740451 286209 0 	370.71 	3 	191
1844700000000 1844800000320 	8800017812 23457055008 292609 	8799725203 292609 0 0 0 	7913358 292609 0 	372.17 	3 	191
1863900000000 1864000000400 	9000018612 23995463117 298381 	8999720231 298381 0 0 0 	8074187 298381 0 	373.528 	3 	191
1883100000000 1883200000249 	9200019110 24534103577 303574 	9199715536 303574 0 0 0 	8217950 303574 0 	374.743 	3 	191
1902300000000 1902400000088 	9400019286 25072925005 308299 	9399710987 308299 0 0 0 	8350538 308299 0 	375.867 	3 	191
1921500000000 1921600000189 	9600019664 25611928844 312714 	9599706950 312714 0 0 0 	8469648 312714 0 	376.871 	3 	191
1940700000000 1940800000060 	9800019784 26151070319 316608 	9799703176 316608 0 0 0 	8577369 316608 0 	377.792 	3 	191
1959900000000 1960000000074 	10000019932 26690388374 319994 	9999699938 319994 0 0 0 	8669558 319994 0 	378.585 	3 	191
1979100000000 1979200000320 	10200020572 27229947387 323090 	10199697482 323090 0 0 0 	8752080 323090 0 	379.319 	3 	191
1998300000000 1998400000044 	10400020660 27769613684 325851 	10399694809 325851 0 0 0 	8825030 325851 0 	379.931 	3 	191
2017500000000 2017600000228 	10600021116 28309508271 328417 	10599692699 328417 0 0 0 	8897213 328417 0 	380.49 	3 	191
2036700000000 2036800000307 	10800021730 28849600348 330655 	10799691075 330655 0 0 0 	8958085 330655 0 	380.949 	3 	191
2055900000000 2056000000100 	11000021930 29389860610 332606 	10999689324 332606 0 0 0 	9010085 332606 0 	381.345 	3 	191
2075100000000 2075200000173 	11200022276 29930299214 334483 	11199687793 334483 0 0 0 	9060128 334483 0 	381.646 	3 	191
2094300000000 2094400000330 	11400022936 30470906412 336178 	11399686758 336178 0 0 0 	9106813 336178 0 	381.905 	3 	191
2113500000000 2113600000376 	11600023688 31011608520 337631 	11599686057 337631 0 0 0 	9148712 337631 0 	382.075 	3 	191
2132700000000 2132800000290 	11800024268 31552524176 338961 	11799685307 338961 0 0 0 	9183019 338961 0 	382.207 	3 	191
2151900000000 2152000000285 	12000024838 32093622183 340170 	11999684668 340170 0 0 0 	9215930 340170 0 	382.253 	3 	191
2171100000000 2171200000151 	12200025140 32634952126 341262 	12199683878 341262 0 0 0 	9244716 341262 0 	382.265 	3 	191
2190300000000 2190400000278 	12400025696 33176358240 342275 	12399683421 342275 0 0 0 	9272922 342275 0 	382.195 	3 	191
2209500000000 2209600000368 	12600026432 33718033900 353086 	12599673346 353086 0 0 0 	9568522 353086 0 	383.311 	3 	191
2228700000000 2228800000352 	12800027136 34259894910 363002 	12799664134 363002 0 0 0 	9836451 363002 0 	384.355 	3 	191
2247900000000 2248000000120 	13000027376 34801922024 372125 	12999655251 372125 0 0 0 	10087299 372125 0 	385.341 	3 	191
2267100000000 2267200000178 	13200027732 35344089011 380403 	13199647329 380403 0 0 0 	10312469 380403 0 	386.269 	3 	191
2286300000000 2286400000355 	13400028442 35886449621 388117 	13399640325 388117 0 0 0 	10523602 388117 0 	387.142 	3 	191
2305500000000 2305600000320 	13600029082 36428914504 395329 	13599633753 395329 0 0 0 	10719702 395329 0 	387.917 	3 	191
2324700000000 2324800000400 	13800029882 36971502207 401831 	13799628051 401831 0 0 0 	10896318 401831 0 	388.64 	3 	191
2343900000000 2344000000290 	14000030462 37514297996 407970 	13999622492 407970 0 0 0 	11063794 407970 0 	389.311 	3 	191
2363100000000 2363200000249 	14200030960 38057238179 413571 	14199617389 413571 0 0 0 	11220465 413571 0 	389.933 	3 	191
2382300000000 2382400000088 	14400031136 38600307961 418737 	14399612399 418737 0 0 0 	11364444 418737 0 	390.506 	3 	191
2401500000000 2401600000189 	14600031514 39143581957 423432 	14599608082 423432 0 0 0 	11491336 423432 0 	391.009 	3 	191
2420700000000 2420800000060 	14800031634 39686950759 427658 	14799603976 427658 0 0 0 	11608472 427658 0 	391.466 	3 	191
2439900000000 2440000000375 	15000032384 40230514601 431663 	14999600721 431663 0 0 0 	11719659 431663 0 	391.879 	3 	191
2459100000000 2459200000074 	15200032532 40774167488 435246 	15199597286 435246 0 0 0 	11817111 435246 0 	392.247 	3 	191
2478300000000 2478400000320 	15400033172 41317946570 438594 	15399594578 438594 0 0 0 	11906260 438594 0 	392.584 	3 	191
2497500000000 2497600000044 	15600033260 41861886533 441684 	15599591576 441684 0 0 0 	11989038 441684 0 	392.844 	3 	191
2516700000000 2516800000228 	15800033716 42405962592 444627 	15799589089 444627 0 0 0 	12074071 444627 0 	393.076 	3 	191
2535900000000 2536000000091 	16000033898 42950174338 447215 	15999586683 447215 0 0 0 	12144676 447215 0 	393.267 	3 	191
2555100000000 2555200000307 	16200034512 43494577352 449565 	16199584947 449565 0 0 0 	12209866 449565 0 	393.431 	3 	191
2574300000000 2574400000314 	16400035140 44039077196 451808 	16399583332 451808 0 0 0 	12273000 451808 0 	393.533 	3 	191
2593500000000 2593600000173 	16600035486 44583754205 453899 	16599581587 453899 0 0 0 	12328927 453899 0 	393.598 	3 	191
2612700000000 2612800000330 	16800036146 45128617034 455840 	16799580306 455840 0 0 0 	12382204 455840 0 	393.638 	3 	191
2631900000000 2632000000352 	17000036850 45673567119 457601 	16999579249 457601 0 0 0 	12431210 457601 0 	393.643 	3 	191
2651100000000 2651200000376 	17200037602 46218642326 459189 	17199578413 459189 0 0 0 	12475531 459189 0 	393.624 	3 	191
2670300000000 2670400000026 	17400037654 46763870398 460656 	17399576998 460656 0 0 0 	12514758 460656 0 	393.546 	3 	191
2689500000000 2689600000285 	17600038224 47309190953 462043 	17599576181 462043 0 0 0 	12553801 462043 0 	393.447 	3 	191
2708700000000 2708800000151 	17800038526 47854706641 463358 	17799575168 463358 0 0 0 	12589785 463358 0 	393.326 	3 	191
2727900000000 2728000000308 	18000039142 48400293638 464483 	17999574659 464483 0 0 0 	12621278 464483 0 	393.185 	3 	191
2747100000000 2747200000278 	18200039698 48946082636 465508 	18199574190 465508 0 0 0 	12650386 465508 0 	393.011 	3 	191
2766300000000 2766400000120 	18400039938 49491981189 466431 	18399573507 466431 0 0 0 	12675294 466431 0 	392.794 	3 	191
2785500000000 2785600000296 	18600040530 50038018492 467287 	18599573243 467287 0 0 0 	12700074 467287 0 	392.559 	3 	191
2804700000000 2804800000270 	18800041070 50584201100 468081 	18799572989 468081 0 0 0 	12721681 468081 0 	392.304 	3 	191
2823900000000 2824000000320 	19000041710 51130506608 468841 	18999572869 468841 0 0 0 	12742740 468841 0 	392.032 	3 	191
2843100000000 2843200000350 	19200042410 51676946809 469515 	19199572895 469515 0 0 0 	12761888 469515 0 	391.741 	3 	191
2862300000000 2862400000328 	19400043066 52223459608 470130 	19399572936 470130 0 0 0 	12778325 470130 0 	391.41 	3 	191
2881500000000 2881600000080 	19600043226 52770105485 470693 	19599572533 470693 0 0 0 	12795203 470693 0 	391.062 	3 	191
2900700000000 2900800000140 	19800043506 53316917390 471200 	19799572306 471200 0 0 0 	12808527 471200 0 	390.697 	3 	191
2919900000000 2920000000044 	20000043594 53863796458 471662 	19999571932 471662 0 0 0 	12821393 471662 0 	390.317 	3 	191
2939100000000 2939200000044 	20200043682 54410786511 472105 	20199571577 472105 0 0 0 	12833877 472105 0 	389.921 	3 	191
2958300000000 2958400000250 	20400044182 54957927030 472513 	20399571669 472513 0 0 0 	12844354 472513 0 	389.485 	3 	191
2977500000000 2977600000236 	20600044654 55505175394 472879 	20599571775 472879 0 0 0 	12854373 472879 0 	389.035 	3 	191
2996700000000 2996800000228 	20800045110 56052606519 473235 	20799571875 473235 0 0 0 	12863822 473235 0 	388.57 	3 	191
3015900000000 3016000000112 	21000045334 56600151974 473573 	20999571761 473573 0 0 0 	12872692 473573 0 	388.091 	3 	191
3035100000000 3035200000296 	21200045926 57147794284 473852 	21199572074 473852 0 0 0 	12880718 473852 0 	387.586 	3 	191
3054300000000 3054400000254 	21400046434 57695623599 474116 	21399572318 474116 0 0 0 	12888612 474116 0 	387.068 	3 	191
3073500000000 3073600000032 	21600046498 58243554469 474353 	21599572145 474353 0 0 0 	12895453 474353 0 	386.536 	3 	191
3092700000000 3092800000320 	21800047138 58791624341 478075 	21799569063 478075 0 0 0 	12998244 478075 0 	386.819 	3 	191
3111900000000 3112000000353 	22000047844 59339776167 481540 	21999566304 481540 0 0 0 	13093000 481540 0 	387.074 	3 	191
3131100000000 3131200000044 	22200047932 59888115491 484726 	22199563206 484726 0 0 0 	13180345 484726 0 	387.301 	3 	191
3150300000000 3150400000228 	22400048388 60436477522 487762 	22399560626 487762 0 0 0 	13263098 487762 0 	387.508 	3 	191
3169500000000 3169600000091 	22600048570 60984992609 490594 	22599557976 490594 0 0 0 	13345068 490594 0 	387.688 	3 	191
3188700000000 3188800000307 	22800049184 61533641750 493274 	22799555910 493274 0 0 0 	13417331 493274 0 	387.85 	3 	191
3207900000000 3208000000100 	23000049384 62082402977 495789 	22999553595 495789 0 0 0 	13490666 495789 0 	387.985 	3 	191
3227100000000 3227200000314 	23200050012 62631196529 498103 	23199551909 498103 0 0 0 	13553537 498103 0 	388.101 	3 	191
3246300000000 3246400000173 	23400050358 63180059966 500359 	23399549999 500359 0 0 0 	13616944 500359 0 	388.192 	3 	191
3265500000000 3265600000330 	23600051018 63729090172 502430 	23599548588 502430 0 0 0 	13673093 502430 0 	388.265 	3 	191
3284700000000 3284800000352 	23800051722 64278280668 504324 	23799547398 504324 0 0 0 	13724249 504324 0 	388.312 	3 	191
3303900000000 3304000000376 	24000052474 64827539397 506140 	23999546334 506140 0 0 0 	13774212 506140 0 	388.343 	3 	191
3323100000000 3323200000290 	24200053054 65376913693 507834 	24199545220 507834 0 0 0 	13822301 507834 0 	388.356 	3 	191
3342300000000 3342400000026 	24400053106 65926433501 509387 	24399543719 509387 0 0 0 	13865678 509387 0 	388.345 	3 	191
3361500000000 3361600000285 	24600053676 66476032458 510898 	24599542778 510898 0 0 0 	13909141 510898 0 	388.318 	3 	191
3380700000000 3380800000151 	24800053978 67025706105 512279 	24799541699 512279 0 0 0 	13948734 512279 0 	388.274 	3 	191
3399900000000 3400000000308 	25000054594 67575545758 513597 	24999540997 513597 0 0 0 	13985160 513597 0 	388.215 	3 	191
3419100000000 3419200000278 	25200055150 68125537374 514842 	25199540308 514842 0 0 0 	14019236 514842 0 	388.132 	3 	191
3438300000000 3438400000208 	25400055566 68675570917 515979 	25399539587 515979 0 0 0 	14051949 515979 0 	388.033 	3 	191
3457500000000 3457600000120 	25600055806 69225780481 517065 	25599538741 517065 0 0 0 	14081852 517065 0 	387.919 	3 	191
3476700000000 3476800000296 	25800056398 69776059674 518044 	25799538354 518044 0 0 0 	14108437 518044 0 	387.791 	3 	191
3495900000000 3496000000270 	26000056938 70326405972 519023 	25999537915 519023 0 0 0 	14135727 519023 0 	387.647 	3 	191
3515100000000 3515200000270 	26200057478 70876866942 519919 	26199537559 519919 0 0 0 	14160122 519919 0 	387.506 	3 	191
3534300000000 3534400000320 	26400058118 71427365396 520738 	26399537380 520738 0 0 0 	14183067 520738 0 	387.351 	3 	191
3553500000000 3553600000350 	26600058818 71977987117 521530 	26599537288 521530 0 0 0 	14205351 521530 0 	387.181 	3 	191
3572700000000 3572800000264 	26800059346 72528790081 522259 	26799537087 522259 0 0 0 	14226120 522259 0 	386.997 	3 	191
3591900000000 3592000000328 	27000060002 73079688702 522925 	26999537077 522925 0 0 0 	14245920 522925 0 	386.799 	3 	191
3611100000000 3611200000080 	27200060162 73630633338 523586 	27199536576 523586 0 0 0 	14266522 523586 0 	386.588 	3 	191
3630300000000 3630400000140 	27400060442 74181701412 524201 	27399536241 524201 0 0 0 	14283911 524201 0 	386.362 	3 	191
3649500000000 3649600000044 	27600060530 74732855702 524776 	27599535754 524776 0 0 0 	14300710 524776 0 	386.124 	3 	191
3668700000000 3668800000044 	27800060618 75284106616 525290 	27799535328 525290 0 0 0 	14315539 525290 0 	385.872 	3 	191
3687900000000 3688000000032 	28000060682 75835459559 525760 	27999534922 525760 0 0 0 	14328441 525760 0 	385.607 	3 	191
3707100000000 3707200000250 	28200061182 76386960514 526232 	28199534950 526232 0 0 0 	14340995 526232 0 	385.329 	3 	191
3726300000000 3726400000236 	28400061654 76938535627 526602 	28399535052 526602 0 0 0 	14351266 526602 0 	385.038 	3 	191
3745500000000 3745600000228 	28600062110 77490225337 527011 	28599535099 527011 0 0 0 	14362089 527011 0 	384.734 	3 	191
3764700000000 3764800000112 	28800062334 78041968604 527408 	28799534926 527408 0 0 0 	14372528 527408 0 	384.418 	3 	191
3783900000000 3784000000278 	29000062890 78593856644 527757 	28999535133 527757 0 0 0 	14382079 527757 0 	384.098 	3 	191
3803100000000 3803200000296 	29200063482 79145802820 528094 	29199535388 528094 0 0 0 	14390685 528094 0 	383.766 	3 	191
3822300000000 3822400000254 	29400063990 79697887652 528398 	29399535592 528398 0 0 0 	14399221 528398 0 	383.422 	3 	191
3841500000000 3841600000032 	29600064054 80250025605 528684 	29599535370 528684 0 0 0 	14407698 528684 0 	383.065 	3 	191
3860700000000 3860800000320 	29800064694 80802235096 528972 	29799535722 528972 0 0 0 	14415286 528972 0 	382.705 	3 	191
3879900000000 3880000000268 	30000065230 81354576715 529251 	29999535979 529251 0 0 0 	14422612 529251 0 	382.334 	3 	191
3899100000000 3899200000060 	30200065350 81906937565 529480 	30199535870 529480 0 0 0 	14429664 529480 0 	381.95 	3 	191
3918300000000 3918400000230 	30400065810 82459462940 529683 	30399536127 529683 0 0 0 	14435214 529683 0 	381.555 	3 	191
3937500000000 3937600000208 	30600066226 83012065530 529904 	30599536322 529904 0 0 0 	14441791 529904 0 	381.157 	3 	191
3956700000000 3956800000197 	30800066620 83564782372 530088 	30799536532 530088 0 0 0 	14446840 530088 0 	380.748 	3 	191
3975900000000 3976000000174 	31000066968 84117606734 530290 	30999536678 530290 0 0 0 	14452616 530290 0 	380.336 	3 	191
3995100000000 3995200000008 	31200066984 84670528939 530468 	31199536516 530468 0 0 0 	14457873 530468 0 	379.912 	3 	191
4014300000000 4014400000320 	31400067624 85223475377 530599 	31399537025 530599 0 0 0 	14461035 530599 0 	379.477 	3 	191
4033500000000 4033600000167 	31600067958 85776542132 530758 	31599537200 530758 0 0 0 	14465206 530758 0 	379.04 	3 	191
4052700000000 4052800000120 	31800068198 86329740922 530908 	31799537290 530908 0 0 0 	14469681 530908 0 	378.592 	3 	191
4071900000000 4072000000188 	32000068574 86883023426 531070 	31999537504 531070 0 0 0 	14474312 531070 0 	378.142 	3 	191
4091100000000 4091200000188 	32200068950 87436400767 531197 	32199537753 531197 0 0 0 	14478070 531197 0 	377.698 	3 	191
4110300000000 4110400000096 	32400069142 87989841026 531313 	32399537829 531313 0 0 0 	14481280 531313 0 	377.244 	3 	191
4129500000000 4129600000215 	32600069572 88543393703 531426 	32599538146 531426 0 0 0 	14484396 531426 0 	376.787 	3 	191
4148700000000 4148800000057 	32800069686 89097019426 531534 	32799538152 531534 0 0 0 	14487800 531534 0 	376.319 	3 	191
4167900000000 4168000000056 	33000069798 89650679034 531623 	32999538175 531623 0 0 0 	14490355 531623 0 	375.85 	3 	191
4187100000000 4187200000110 	33200070018 90204464021 531727 	33199538291 531727 0 0 0 	14493174 531727 0 	375.369 	3 	191
4206300000000 4206400000125 	33400070268 90758379054 531802 	33399538466 531802 0 0 0 	14495111 531802 0 	374.887 	3 	191
4225500000000 4225600000031 	33600070330 91312305986 531891 	33599538439 531891 0 0 0 	14497237 531891 0 	374.394 	3 	191
4244700000000 4244800000188 	33800070706 91866379584 531968 	33799538738 531968 0 0 0 	14499811 531968 0 	373.9 	3 	191
4263900000000 4264000000192 	34000071090 92420521178 532029 	33999539061 532029 0 0 0 	14501440 532029 0 	373.395 	3 	191
4283100000000 4283200000302 	34200071694 92974754118 532098 	34199539596 532098 0 0 0 	14503436 532098 0 	372.888 	3 	191
4302300000000 4302400000052 	34400071798 93529033078 532137 	34399539661 532137 0 0 0 	14504593 532137 0 	372.38 	3 	191
4321500000000 4321600000120 	34600072038 94083423401 533352 	34599538686 533352 0 0 0 	14538959 533352 0 	372.389 	3 	191
4340700000000 4340800000120 	34800072278 94637889621 534484 	34799537794 534484 0 0 0 	14570499 534484 0 	372.399 	3 	191
4359900000000 4360000000296 	35000072870 95192494914 535579 	34999537291 535579 0 0 0 	14602336 535579 0 	372.396 	3 	191
4379100000000 4379200000270 	35200073410 95747160343 536625 	35199536785 536625 0 0 0 	14630150 536625 0 	372.383 	3 	191
4398300000000 4398400000320 	35400074050 96301896053 537579 	35399536471 537579 0 0 0 	14657654 537579 0 	372.357 	3 	191
4417500000000 4417600000320 	35600074690 96856678111 538472 	35599536218 538472 0 0 0 	14682578 538472 0 	372.333 	3 	191
4436700000000 4436800000350 	35800075390 97411600935 539318 	35799536072 539318 0 0 0 	14708142 539318 0 	372.297 	3 	191
4455900000000 4456000000264 	36000075918 97966631669 540114 	35999535804 540114 0 0 0 	14731247 540114 0 	372.25 	3 	191
4475100000000 4475200000328 	36200076574 98521759743 540965 	36199535609 540965 0 0 0 	14756552 540965 0 	372.191 	3 	191
4494300000000 4494400000080 	36400076734 99076901883 541689 	36399535045 541689 0 0 0 	14776434 541689 0 	372.122 	3 	191
4513500000000 4513600000080 	36600076894 99632133200 542418 	36599534476 542418 0 0 0 	14796664 542418 0 	372.054 	3 	191
4532700000000 4532800000140 	36800077174 100187426181 543109 	36799534065 543109 0 0 0 	14817508 543109 0 	371.974 	3 	191
4551900000000 4552000000044 	37000077262 100742809844 543736 	36999533526 543736 0 0 0 	14835473 543736 0 	371.884 	3 	191
4571100000000 4571200000044 	37200077350 101298295570 544304 	37199533046 544304 0 0 0 	14851419 544304 0 	371.783 	3 	191
4590300000000 4590400000044 	37400077438 101853829183 544851 	37399532587 544851 0 0 0 	14867519 544851 0 	371.683 	3 	191
4609500000000 4609600000032 	37600077502 102409435003 545390 	37599532112 545390 0 0 0 	14883433 545390 0 	371.573 	3 	191
4628700000000 4628800000250 	37800078002 102965160924 545924 	37799532078 545924 0 0 0 	14898653 545924 0 	371.452 	3 	191
4647900000000 4648000000236 	38000078474 103520972018 546405 	37999532069 546405 0 0 0 	14912733 546405 0 	371.32 	3 	191
4667100000000 4667200000236 	38200078946 104076863944 546852 	38199532094 546852 0 0 0 	14924849 546852 0 	371.19 	3 	191
4686300000000 4686400000228 	38400079402 104632761852 547295 	38399532107 547295 0 0 0 	14938744 547295 0 	371.049 	3 	191
4705500000000 4705600000112 	38600079626 105188827282 547723 	38599531903 547723 0 0 0 	14951017 547723 0 	370.898 	3 	191
4724700000000 4724800000278 	38800080182 105744874121 548152 	38799532030 548152 0 0 0 	14962736 548152 0 	370.742 	3 	191
4743900000000 4744000000296 	39000080774 106301050467 548542 	38999532232 548542 0 0 0 	14974486 548542 0 	370.577 	3 	191
4763100000000 4763200000296 	39200081366 106857254565 548900 	39199532466 548900 0 0 0 	14983958 548900 0 	370.413 	3 	191
4782300000000 4782400000254 	39400081874 107413550387 549282 	39399532592 549282 0 0 0 	14994360 549282 0 	370.239 	3 	191
4801500000000 4801600000032 	39600081938 107969934024 549609 	39599532329 549609 0 0 0 	15003679 549609 0 	370.054 	3 	191
4820700000000 4820800000320 	39800082578 108526430279 549889 	39799532689 549889 0 0 0 	15011883 549889 0 	369.866 	3 	191
4839900000000 4840000000320 	40000083218 109082963224 550190 	39999533028 550190 0 0 0 	15019764 550190 0 	369.68 	3 	191
4859100000000 4859200000268 	40200083754 109639554630 550466 	40199533288 550466 0 0 0 	15027299 550466 0 	369.483 	3 	191
4878300000000 4878400000060 	40400083874 110196248313 550737 	40399533137 550737 0 0 0 	15034679 550737 0 	369.277 	3 	191
4897500000000 4897600000230 	40600084334 110753020781 550988 	40599533346 550988 0 0 0 	15041940 550988 0 	369.06 	3 	191
4916700000000 4916800000208 	40800084750 111309824351 551247 	40799533503 551247 0 0 0 	15048935 551247 0 	368.84 	3 	191
4935900000000 4936000000208 	41000085166 111866765252 551446 	40999533720 551446 0 0 0 	15054922 551446 0 	368.623 	3 	191
4955100000000 4955200000197 	41200085560 112423729149 551676 	41199533884 551676 0 0 0 	15061446 551676 0 	368.395 	3 	191
4974300000000 4974400000174 	41400085908 112980816286 551864 	41399534044 551864 0 0 0 	15067164 551864 0 	368.164 	3 	191
4993500000000 4993600000008 	41600085924 113537965756 552041 	41599533883 552041 0 0 0 	15071832 552041 0 	367.923 	3 	191
5012700000000 5012800000008 	41800085940 114095182446 552230 	41799533710 552230 0 0 0 	15077345 552230 0 	367.684 	3 	191
5031900000000 5032000000320 	42000086580 114652442701 552437 	41999534143 552437 0 0 0 	15083367 552437 0 	367.436 	3 	191
5051100000000 5051200000167 	42200086914 115209794920 552598 	42199534316 552598 0 0 0 	15087882 552598 0 	367.184 	3 	191
5070300000000 5070400000120 	42400087154 115767235386 552716 	42399534438 552716 0 0 0 	15090949 552716 0 	366.923 	3 	191
5089500000000 5089600000188 	42600087530 116324791447 552856 	42599534674 552856 0 0 0 	15095414 552856 0 	366.658 	3 	191
5108700000000 5108800000188 	42800087906 116882323365 553010 	42799534896 553010 0 0 0 	15099777 553010 0 	366.396 	3 	191
5127900000000 5128000000096 	43000088098 117439984664 553128 	42999534970 553128 0 0 0 	15103133 553128 0 	366.124 	3 	191
5147100000000 5147200000215 	43200088528 117997685217 553257 	43199535271 553257 0 0 0 	15106253 553257 0 	365.849 	3 	191
5166300000000 5166400000057 	43400088642 118555496207 553384 	43399535258 553384 0 0 0 	15109973 553384 0 	365.565 	3 	191
5185500000000 5185600000057 	43600088756 119113391229 553490 	43599535266 553490 0 0 0 	15112103 553490 0 	365.284 	3 	191
5204700000000 5204800000056 	43800088868 119671379697 553622 	43799535246 553622 0 0 0 	15115764 553622 0 	364.999 	3 	191
5223900000000 5224000000110 	44000089088 120229368799 553721 	43999535367 553721 0 0 0 	15118600 553721 0 	364.705 	3 	191
5243100000000 5243200000125 	44200089338 120787440557 553827 	44199535511 553827 0 0 0 	15121490 553827 0 	364.408 	3 	191
5262300000000 5262400000125 	44400089588 121345641318 553922 	44399535666 553922 0 0 0 	15124605 553922 0 	364.113 	3 	191
5281500000000 5281600000031 	44600089650 121903847936 554015 	44599535635 554015 0 0 0 	15127148 554015 0 	363.81 	3 	191
5300700000000 5300800000188 	44800090026 122462050717 554104 	44799535922 554104 0 0 0 	15129313 554104 0 	363.503 	3 	191
5319900000000 5320000000192 	45000090410 123020393610 554186 	44999536224 554186 0 0 0 	15131977 554186 0 	363.187 	3 	191
5339100000000 5339200000302 	45200091014 123578818043 554268 	45199536746 554268 0 0 0 	15134765 554268 0 	362.868 	3 	191
5358300000000 5358400000302 	45400091618 124137319260 554329 	45399537289 554329 0 0 0 	15136534 554329 0 	362.553 	3 	191
5377500000000 5377600000052 	45600091722 124695872492 554389 	45599537333 554389 0 0 0 	15138759 554389 0 	362.234 	3 	191
5396700000000 5396800000200 	45800092122 125254445159 554459 	45799537663 554459 0 0 0 	15141000 554459 0 	361.906 	3 	191
5415900000000 5416000000251 	46000092624 125813112888 554516 	45999538108 554516 0 0 0 	15142428 554516 0 	361.576 	3 	191
5435100000000 5435200000251 	46200093126 126371890525 554572 	46199538554 554572 0 0 0 	15144510 554572 0 	361.248 	3 	191
5454300000000 5454400000197 	46400093520 126930690019 554630 	46399538890 554630 0 0 0 	15145752 554630 0 	360.912 	3 	191
5473500000000 5473600000048 	46600093616 127489543393 554684 	46599538932 554684 0 0 0 	15147588 554684 0 	360.573 	3 	191
5492700000000 5492800000280 	46800094176 128048507781 554734 	46799539442 554734 0 0 0 	15148882 554734 0 	360.23 	3 	191
5511900000000 5512000000021 	47000094218 128607618463 554787 	46999539431 554787 0 0 0 	15150390 554787 0 	359.879 	3 	191
5531100000000 5531200000021 	47200094260 129166688089 554833 	47199539427 554833 0 0 0 	15152045 554833 0 	359.531 	3 	191
5550300000000 5550400000072 	47400094404 129725786442 554880 	47399539524 554880 0 0 0 	15153402 554880 0 	359.181 	3 	191
5569500000000 5569600000113 	47600094630 130285049940 554940 	47599539690 554940 0 0 0 	15155012 554940 0 	358.827 	3 	191
5588700000000 5588800000069 	47800094768 130844333794 554983 	47799539785 554983 0 0 0 	15156001 554983 0 	358.465 	3 	191
5607900000000 5608000000069 	48000094906 131403625143 555023 	47999539883 555023 0 0 0 	15157171 555023 0 	358.106 	3 	191
5627100000000 5627200000224 	48200095354 131963015236 555065 	48199540289 555065 0 0 0 	15158768 555065 0 	357.745 	3 	191
5646300000000 5646400000271 	48400095896 132522497746 555100 	48399540796 555100 0 0 0 	15159827 555100 0 	357.381 	3 	191
5665500000000 5665600000186 	48600096268 133082050446 555126 	48599541142 555126 0 0 0 	15160440 555126 0 	357.014 	3 	191
5684700000000 5684800000186 	48800096640 133641641367 555153 	48799541487 555153 0 0 0 	15161134 555153 0 	356.651 	3 	191
5703900000000 5704000000092 	49000096824 134201314049 555179 	48999541645 555179 0 0 0 	15161953 555179 0 	356.279 	3 	191
5723100000000 5723200000031 	49200096886 134761040082 555198 	49199541688 555198 0 0 0 	15162633 555198 0 	355.905 	3 	191
5742300000000 5742400000020 	49400096926 135320838124 555224 	49399541702 555224 0 0 0 	15163226 555224 0 	355.528 	3 	191
5761500000000 5761600000032 	49600096990 135880683995 555245 	49599541745 555245 0 0 0 	15163798 555245 0 	355.148 	3 	191
5780700000000 5780800000032 	49800097054 136440623205 555267 	49799541787 555267 0 0 0 	15164320 555267 0 	354.772 	3 	191
5799900000000 5800000000040 	50000097134 137000649970 555291 	49999541843 555291 0 0 0 	15165039 555291 0 	354.393 	3 	191
5819100000000 5819200000214 	50200097562 137560675230 555311 	50199542251 555311 0 0 0 	15165523 555311 0 	354.006 	3 	191
5838300000000 5838400000047 	50400097656 138120842119 555331 	50399542325 555331 0 0 0 	15166153 555331 0 	353.616 	3 	191
5857500000000 5857600000047 	50600097750 138681060912 555347 	50599542403 555347 0 0 0 	15166594 555347 0 	353.229 	3 	191
5876700000000 5876800000044 	50800097838 139241265303 555363 	50799542475 555363 0 0 0 	15167105 555363 0 	352.841 	3 	191
5895900000000 5896000000175 	51000098188 139801553929 555379 	50999542809 555379 0 0 0 	15167391 555379 0 	352.45 	3 	191
5915100000000 5915200000136 	51200098460 140361898865 555390 	51199543070 555390 0 0 0 	15167790 555390 0 	352.056 	3 	191
5934300000000 5934400000173 	51400098806 140922345792 555407 	51399543399 555407 0 0 0 	15168264 555407 0 	351.66 	3 	191
5953500000000 5953600000173 	51600099152 141482826013 555428 	51599543724 555428 0 0 0 	15168843 555428 0 	351.267 	3 	191
5972700000000 5972800000084 	51800099320 142043361188 555446 	51799543874 555446 0 0 0 	15169423 555446 0 	350.866 	3 	191
5991900000000 5992000000170 	52000099660 142603962990 555461 	51999544199 555461 0 0 0 	15169771 555461 0 	350.462 	3 	191
6011100000000 6011200000212 	52200100084 143164646739 555478 	52199544606 555478 0 0 0 	15170487 555478 0 	350.056 	3 	191
6030300000000 6030400000320 	52400100724 143725401271 555817 	52399544907 555817 0 0 0 	15180016 555817 0 	350 	3 	191
6049500000000 6049600000320 	52600101364 144286135999 556163 	52599545201 556163 0 0 0 	15190423 556163 0 	349.945 	3 	191
6068700000000 6068800000268 	52800101900 144846979412 556461 	52799545439 556461 0 0 0 	15198271 556461 0 	349.882 	3 	191
6087900000000 6088000000060 	53000102020 145407949207 556770 	52999545250 556770 0 0 0 	15206785 556770 0 	349.81 	3 	191
6107100000000 6107200000060 	53200102140 145968950492 557035 	53199545105 557035 0 0 0 	15214536 557035 0 	349.74 	3 	191
6126300000000 6126400000230 	53400102600 146530029005 557314 	53399545286 557314 0 0 0 	15222370 557314 0 	349.662 	3 	191
6145500000000 6145600000208 	53600103016 147091151289 557574 	53599545442 557574 0 0 0 	15230040 557574 0 	349.58 	3 	191
6164700000000 6164800000208 	53800103432 147652286469 557823 	53799545609 557823 0 0 0 	15237223 557823 0 	349.498 	3 	191
6183900000000 6184000000197 	54000103826 148213469278 558073 	53999545753 558073 0 0 0 	15244167 558073 0 	349.409 	3 	191
6203100000000 6203200000197 	54200104220 148774721553 558316 	54199545904 558316 0 0 0 	15250667 558316 0 	349.321 	3 	191
6222300000000 6222400000174 	54400104568 149336062555 558519 	54399546049 558519 0 0 0 	15256535 558519 0 	349.229 	3 	191
6241500000000 6241600000008 	54600104584 149897498707 558731 	54599545853 558731 0 0 0 	15261766 558731 0 	349.13 	3 	191
6260700000000 6260800000008 	54800104600 150459002839 558929 	54799545671 558929 0 0 0 	15267490 558929 0 	349.031 	3 	191
6279900000000 6280000000320 	55000105240 151020480137 559107 	54999546133 559107 0 0 0 	15271975 559107 0 	348.924 	3 	191
6299100000000 6299200000320 	55200105880 151582079235 559289 	55199546591 559289 0 0 0 	15277184 559289 0 	348.819 	3 	191
6318300000000 6318400000167 	55400106214 152143698469 559480 	55399546734 559480 0 0 0 	15283079 559480 0 	348.709 	3 	191
6337500000000 6337600000120 	55600106454 152705392244 559665 	55599546789 559665 0 0 0 	15288320 559665 0 	348.593 	3 	191
6356700000000 6356800000120 	55800106694 153267142564 559855 	55799546839 559855 0 0 0 	15293192 559855 0 	348.477 	3 	191
6375900000000 6376000000188 	56000107070 153828989743 560019 	55999547051 560019 0 0 0 	15297893 560019 0 	348.358 	3 	191
6395100000000 6395200000096 	56200107262 154390857826 560158 	56199547104 560158 0 0 0 	15301916 560158 0 	348.231 	3 	191
6414300000000 6414400000096 	56400107454 154952787795 560298 	56399547156 560298 0 0 0 	15305505 560298 0 	348.105 	3 	191
6433500000000 6433600000215 	56600107884 155514759225 560433 	56599547451 560433 0 0 0 	15310034 560433 0 	347.976 	3 	191
6452700000000 6452800000215 	56800108314 156076819155 560575 	56799547739 560575 0 0 0 	15314099 560575 0 	347.847 	3 	191
6471900000000 6472000000057 	57000108428 156638910775 560735 	56999547693 560735 0 0 0 	15319094 560735 0 	347.712 	3 	191
6491100000000 6491200000056 	57200108540 157201087705 560852 	57199547688 560852 0 0 0 	15322169 560852 0 	347.572 	3 	191
6510300000000 6510400000056 	57400108652 157763294785 560973 	57399547679 560973 0 0 0 	15325429 560973 0 	347.434 	3 	191
6529500000000 6529600000110 	57600108872 158325557991 561099 	57599547773 561099 0 0 0 	15329528 561099 0 	347.289 	3 	191
6548700000000 6548800000125 	57800109122 158887861125 561192 	57799547930 561192 0 0 0 	15332498 561192 0 	347.14 	3 	191
6567900000000 6568000000125 	58000109372 159450183675 561297 	57999548075 561297 0 0 0 	15336067 561297 0 	346.992 	3 	191
6587100000000 6587200000031 	58200109434 160012603431 561387 	58199548047 561387 0 0 0 	15338772 561387 0 	346.837 	3 	191
6606300000000 6606400000031 	58400109496 160575086138 561482 	58399548014 561482 0 0 0 	15341427 561482 0 	346.683 	3 	191
6625500000000 6625600000188 	58600109872 161137582022 561584 	58599548288 561584 0 0 0 	15344307 561584 0 	346.526 	3 	191
6644700000000 6644800000192 	58800110256 161700201996 561691 	58799548565 561691 0 0 0 	15347500 561691 0 	346.361 	3 	191
6663900000000 6664000000192 	59000110640 162262809394 561780 	58999548860 561780 0 0 0 	15350093 561780 0 	346.197 	3 	191
6683100000000 6683200000302 	59200111244 162825523065 561860 	59199549384 561860 0 0 0 	15352586 561860 0 	346.031 	3 	191
6702300000000 6702400000302 	59400111848 163388271164 561932 	59399549916 561932 0 0 0 	15354750 561932 0 	345.865 	3 	191
6721500000000 6721600000052 	59600111952 163951097979 562014 	59599549938 562014 0 0 0 	15356908 562014 0 	345.697 	3 	191
6740700000000 6740800000200 	59800112352 164513965114 562074 	59799550278 562074 0 0 0 	15358522 562074 0 	345.521 	3 	191
6759900000000 6760000000200 	60000112752 165076891853 562147 	59999550605 562147 0 0 0 	15360703 562147 0 	345.346 	3 	191
6779100000000 6779200000251 	60200113254 165639846015 562209 	60199551045 562209 0 0 0 	15362117 562209 0 	345.168 	3 	191
6798300000000 6798400000197 	60400113648 166202888043 562283 	60399551365 562283 0 0 0 	15364122 562283 0 	344.983 	3 	191
6817500000000 6817600000197 	60600114042 166766009304 562343 	60599551699 562343 0 0 0 	15365776 562343 0 	344.799 	3 	191
6836700000000 6836800000048 	60800114138 167329169902 562422 	60799551716 562422 0 0 0 	15367842 562422 0 	344.612 	3 	191
6855900000000 6856000000048 	61000114234 167892342733 562485 	60999551749 562485 0 0 0 	15369779 562485 0 	344.427 	3 	191
6875100000000 6875200000280 	61200114794 168455604782 562536 	61199552258 562536 0 0 0 	15371528 562536 0 	344.238 	3 	191
6894300000000 6894400000021 	61400114836 169018890529 562590 	61399552246 562590 0 0 0 	15373175 562590 0 	344.042 	3 	191
6913500000000 6913600000021 	61600114878 169582227074 562638 	61599552240 562638 0 0 0 	15374490 562638 0 	343.848 	3 	191
6932700000000 6932800000072 	61800115022 170145614615 562691 	61799552331 562691 0 0 0 	15376230 562691 0 	343.65 	3 	191
6951900000000 6952000000113 	62000115248 170709092104 562744 	61999552504 562744 0 0 0 	15377584 562744 0 	343.45 	3 	191
6971100000000 6971200000113 	62200115474 171272546933 562792 	62199552682 562792 0 0 0 	15378923 562792 0 	343.251 	3 	191
6990300000000 6990400000069 	62400115612 171836131182 562843 	62399552769 562843 0 0 0 	15380133 562843 0 	343.045 	3 	191
7009500000000 7009600000069 	62600115750 172399731212 562884 	62599552866 562884 0 0 0 	15381486 562884 0 	342.84 	3 	191
7028700000000 7028800000224 	62800116198 172963364899 562926 	62799553272 562926 0 0 0 	15382878 562926 0 	342.632 	3 	191
7047900000000 7048000000271 	63000116740 173527073030 562958 	62999553782 562958 0 0 0 	15384063 562958 0 	342.421 	3 	191
7067100000000 7067200000271 	63200117282 174090818487 563002 	63199554280 563002 0 0 0 	15385301 563002 0 	342.212 	3 	191
7086300000000 7086400000186 	63400117654 174654611310 563034 	63399554620 563034 0 0 0 	15385987 563034 0 	342 	3 	191
7105500000000 7105600000186 	63600118026 175218449225 563069 	63599554957 563069 0 0 0 	15386822 563069 0 	341.79 	3 	191
7124700000000 7124800000092 	63800118210 175782351430 563095 	63799555115 563095 0 0 0 	15387414 563095 0 	341.572 	3 	191
7143900000000 7144000000031 	64000118272 176346269625 563128 	63999555144 563128 0 0 0 	15388431 563128 0 	341.351 	3 	191
7163100000000 7163200000031 	64200118334 176910262315 563157 	64199555177 563157 0 0 0 	15389120 563157 0 	341.132 	3 	191
7182300000000 7182400000020 	64400118374 177474343043 563175 	64399555199 563175 0 0 0 	15389506 563175 0 	340.91 	3 	191
7201500000000 7201600000032 	64600118438 178038467078 563211 	64599555227 563211 0 0 0 	15390452 563211 0 	340.685 	3 	191
7220700000000 7220800000032 	64800118502 178602721968 563237 	64799555265 563237 0 0 0 	15391121 563237 0 	340.462 	3 	191
7239900000000 7240000000040 	65000118582 179166943562 563261 	64999555321 563261 0 0 0 	15391668 563261 0 	340.236 	3 	191
7259100000000 7259200000040 	65200118662 179731267195 563296 	65199555366 563296 0 0 0 	15392614 563296 0 	340.011 	3 	191
7278300000000 7278400000214 	65400119090 180295540750 563320 	65399555770 563320 0 0 0 	15393346 563320 0 	339.78 	3 	191
7297500000000 7297600000047 	65600119184 180859906159 563345 	65599555839 563345 0 0 0 	15394122 563345 0 	339.545 	3 	191
7316700000000 7316800000047 	65800119278 181424343148 563368 	65799555910 563368 0 0 0 	15394545 563368 0 	339.312 	3 	191
7335900000000 7336000000044 	66000119366 181988833576 563380 	65999555986 563380 0 0 0 	15394842 563380 0 	339.077 	3 	191
7355100000000 7355200000175 	66200119716 182553367165 563396 	66199556320 563396 0 0 0 	15395299 563396 0 	338.838 	3 	191
7374300000000 7374400000175 	66400120066 183117858701 563415 	66399556651 563415 0 0 0 	15395739 563415 0 	338.601 	3 	191
7393500000000 7393600000136 	66600120338 183682509215 563449 	66599556889 563449 0 0 0 	15396811 563449 0 	338.362 	3 	191
7412700000000 7412800000136 	66800120610 184247219635 563458 	66799557152 563458 0 0 0 	15397031 563458 0 	338.124 	3 	191
7431900000000 7432000000173 	67000120956 184811928597 563478 	66999557478 563478 0 0 0 	15397419 563478 0 	337.883 	3 	191
7451100000000 7451200000084 	67200121124 185376712620 563493 	67199557631 563493 0 0 0 	15397897 563493 0 	337.635 	3 	191
7470300000000 7470400000084 	67400121292 185941553993 563513 	67399557779 563513 0 0 0 	15398315 563513 0 	337.389 	3 	191
7489500000000 7489600000170 	67600121632 186506395546 563524 	67599558108 563524 0 0 0 	15398605 563524 0 	337.14 	3 	191
7508700000000 7508800000170 	67800121972 187071279328 563532 	67799558440 563532 0 0 0 	15398933 563532 0 	336.893 	3 	191
7527900000000 7528000000212 	68000122396 187636197490 563548 	67999558848 563548 0 0 0 	15399316 563548 0 	336.643 	3 	191
7547100000000 7547200000180 	68200122756 188201240434 563562 	68199559194 563562 0 0 0 	15399667 563562 0 	336.39 	3 	191
7566300000000 7566400000180 	68400123116 188766313128 563570 	68399559546 563570 0 0 0 	15399978 563570 0 	336.14 	3 	191
7585500000000 7585600000044 	68600123204 189331458844 563578 	68599559626 563578 0 0 0 	15400183 563578 0 	335.886 	3 	191
7604700000000 7604800000040 	68800123284 189896608000 563591 	68799559693 563591 0 0 0 	15400515 563591 0 	335.63 	3 	191
7623900000000 7624000000040 	69000123364 190461857326 563602 	68999559762 563602 0 0 0 	15400915 563602 0 	335.375 	3 	191
7643100000000 7643200000135 	69200123634 191027085100 563615 	69199560019 563615 0 0 0 	15401385 563615 0 	335.118 	3 	191
7662300000000 7662400000135 	69400123904 191592442231 563624 	69399560280 563624 0 0 0 	15401705 563624 0 	334.863 	3 	191
7681500000000 7681600000032 	69600123968 192157810209 563632 	69599560336 563632 0 0 0 	15401965 563632 0 	334.605 	3 	191
7700700000000 7700800000227 	69800124422 192723186323 563639 	69799560783 563639 0 0 0 	15402179 563639 0 	334.344 	3 	191
7719900000000 7720000000227 	70000124876 193288639688 563649 	69999561227 563649 0 0 0 	15402297 563649 0 	334.085 	3 	191
7739100000000 7739200000160 	70200125196 193854111233 563658 	70199561538 563658 0 0 0 	15402534 563658 0 	333.823 	3 	191
7758300000000 7758400000062 	70400125320 194419635953 563667 	70399561653 563667 0 0 0 	15402874 563667 0 	333.559 	3 	191
7777500000000 7777600000062 	70600125444 194985226629 563674 	70599561770 563674 0 0 0 	15403059 563674 0 	333.296 	3 	191
7796700000000 7796800000160 	70800125764 195550841517 563682 	70799562082 563682 0 0 0 	15403324 563682 0 	333.031 	3 	191
7815900000000 7816000000160 	71000126084 196116490808 563691 	70999562393 563691 0 0 0 	15403929 563691 0 	332.768 	3 	191
7835100000000 7835200000159 	71200126402 196682265611 563695 	71199562707 563695 0 0 0 	15404069 563695 0 	332.502 	3 	191
7854300000000 7854400000026 	71400126454 197247998587 563703 	71399562751 563703 0 0 0 	15404361 563703 0 	332.233 	3 	191
7873500000000 7873600000026 	71600126506 197813810717 563715 	71599562791 563715 0 0 0 	15404711 563715 0 	331.966 	3 	191
7892700000000 7892800000242 	71800126990 198379638682 563718 	71799563272 563718 0 0 0 	15404834 563718 0 	331.697 	3 	191
7911900000000 7912000000242 	72000127474 198945510065 563720 	71999563754 563720 0 0 0 	15404855 563720 0 	331.429 	3 	191
7931100000000 7931200000000 	72200127474 199511495144 563723 	72199563751 563723 0 0 0 	15404923 563723 0 	331.159 	3 	191
7950300000000 7950400000035 	72400127544 200077452219 563732 	72399563812 563732 0 0 0 	15405073 563732 0 	330.886 	3 	191
7969500000000 7969600000035 	72600127614 200643515945 563739 	72599563875 563739 0 0 0 	15405280 563739 0 	330.615 	3 	191
7988700000000 7988800000054 	72800127722 201209581756 563742 	72799563980 563742 0 0 0 	15405405 563742 0 	330.341 	3 	191
8007900000000 8008000000152 	73000128026 201775998905 597815 	72999530211 597815 0 0 0 	16385044 597815 0 	330.653 	3 	191
8027100000000 8027200000152 	73200128330 202342414102 631416 	73199496914 631416 0 0 0 	17340892 631416 0 	330.964 	3 	191
8046300000000 8046400000152 	73400128634 202908946973 664541 	73399464093 664541 0 0 0 	18294730 664541 0 	331.274 	3 	191
8065500000000 8065600000152 	73600128938 203475529813 696678 	73599432260 696678 0 0 0 	19221757 696678 0 	331.583 	3 	191
8084700000000 8084800000000 	73800128938 204042074889 728217 	73799400721 728217 0 0 0 	20135459 728217 0 	331.886 	3 	191
8103900000000 8104000000000 	74000128938 204608703942 758905 	73999370033 758905 0 0 0 	21020373 758905 0 	332.188 	3 	191
8123100000000 8123200000000 	74200128938 205175335472 789322 	74199339616 789322 0 0 0 	21893835 789322 0 	332.489 	3 	191
8142300000000 8142400000048 	74400129034 205742035596 818585 	74399310449 818585 0 0 0 	22723298 818585 0 	332.783 	3 	191
8161500000000 8161600000048 	74600129130 206308770717 847790 	74599281340 847790 0 0 0 	23566364 847790 0 	333.077 	3 	191
8180700000000 8180800000048 	74800129226 206875578808 876307 	74799252919 876307 0 0 0 	24391337 876307 0 	333.37 	3 	191
8199900000000 8200000000476 	75000130178 207442478869 904132 	74999226046 904132 0 0 0 	25192478 904132 0 	333.657 	3 	191
8219100000000 8219200000476 	75200131130 208009329224 931460 	75199199670 931460 0 0 0 	25981836 931460 0 	333.943 	3 	191
8238300000000 8238400000476 	75400132082 208576151866 958198 	75399173884 958198 0 0 0 	26753060 958198 0 	334.228 	3 	191
8257500000000 8257600000011 	75600132104 209143134748 983994 	75599148110 983994 0 0 0 	27491819 983994 0 	334.508 	3 	191
8276700000000 8276800000011 	75800132126 209710083102 1009687 	75799122439 1009687 0 0 0 	28233587 1009687 0 	334.787 	3 	191
8295900000000 8296000000011 	76000132148 210277106706 1034713 	75999097435 1034713 0 0 0 	28949311 1034713 0 	335.065 	3 	191
8315100000000 8315200000011 	76200132170 210844189133 1059422 	76199072748 1059422 0 0 0 	29664135 1059422 0 	335.342 	3 	191
8334300000000 8334400000210 	76400132590 211411271993 1083549 	76399049041 1083549 0 0 0 	30357174 1083549 0 	335.613 	3 	191
8353500000000 8353600000210 	76600133010 211978384501 1107033 	76599025977 1107033 0 0 0 	31031146 1107033 0 	335.883 	3 	191
8372700000000 8372800000210 	76800133430 212545536755 1130183 	76799003247 1130183 0 0 0 	31692434 1130183 0 	336.152 	3 	191
8391900000000 8392000000381 	77000134192 213112783108 1152673 	76998981519 1152673 0 0 0 	32345041 1152673 0 	336.415 	3 	191
8411100000000 8411200000381 	77200134954 213680029004 1174856 	77198960098 1174856 0 0 0 	32979972 1174856 0 	336.678 	3 	191
8430300000000 8430400000200 	77400135354 214247049797 1174933 	77398960421 1174933 0 0 0 	32982310 1174933 0 	336.571 	3 	191
8449500000000 8449600000200 	77600135754 214814210361 1175014 	77598960740 1175014 0 0 0 	32984687 1175014 0 	336.466 	3 	191
8468700000000 8468800000251 	77800136256 215381391464 1175090 	77798961166 1175090 0 0 0 	32986740 1175090 0 	336.357 	3 	191
8487900000000 8488000000251 	78000136758 215948658297 1175154 	77998961604 1175154 0 0 0 	32988503 1175154 0 	336.249 	3 	191
8507100000000 8507200000197 	78200137152 216516005263 1175216 	78198961936 1175216 0 0 0 	32990333 1175216 0 	336.136 	3 	191
8526300000000 8526400000197 	78400137546 217083313020 1175289 	78398962257 1175289 0 0 0 	32992006 1175289 0 	336.023 	3 	191
8545500000000 8545600000048 	78600137642 217650692147 1175354 	78598962288 1175354 0 0 0 	32993601 1175354 0 	335.907 	3 	191
8564700000000 8564800000048 	78800137738 218218108869 1175420 	78798962318 1175420 0 0 0 	32995551 1175420 0 	335.792 	3 	191
8583900000000 8584000000280 	79000138298 218785602658 1175478 	78998962820 1175478 0 0 0 	32997256 1175478 0 	335.675 	3 	191
8603100000000 8603200000280 	79200138858 219353177327 1175535 	79198963323 1175535 0 0 0 	32998760 1175535 0 	335.558 	3 	191
8622300000000 8622400000021 	79400138900 219920740526 1175604 	79398963296 1175604 0 0 0 	33000670 1175604 0 	335.435 	3 	191
8641500000000 8641600000021 	79600138942 220488372135 1175662 	79598963280 1175662 0 0 0 	33002188 1175662 0 	335.313 	3 	191
8660700000000 8660800000072 	79800139086 221055973672 1175725 	79798963361 1175725 0 0 0 	33003961 1175725 0 	335.189 	3 	191
8679900000000 8680000000072 	80000139230 221623668375 1175782 	79998963448 1175782 0 0 0 	33005602 1175782 0 	335.065 	3 	191
8699100000000 8699200000113 	80200139456 222191365155 1175847 	80198963609 1175847 0 0 0 	33007752 1175847 0 	334.938 	3 	191
8718300000000 8718400000113 	80400139682 222759077253 1175886 	80398963796 1175886 0 0 0 	33008863 1175886 0 	334.813 	3 	191
8737500000000 8737600000069 	80600139820 223326898608 1175943 	80598963877 1175943 0 0 0 	33010689 1175943 0 	334.681 	3 	191
8756700000000 8756800000069 	80800139958 223894738352 1175989 	80798963969 1175989 0 0 0 	33012288 1175989 0 	334.55 	3 	191
8775900000000 8776000000224 	81000140406 224462577598 1176040 	80998964366 1176040 0 0 0 	33013709 1176040 0 	334.417 	3 	191
8795100000000 8795200000224 	81200140854 225030514567 1176080 	81198964774 1176080 0 0 0 	33014826 1176080 0 	334.284 	3 	191
8814300000000 8814400000271 	81400141396 225598547314 1176116 	81398965280 1176116 0 0 0 	33015828 1176116 0 	334.149 	3 	191
8833500000000 8833600000271 	81600141938 226166558598 1176151 	81598965787 1176151 0 0 0 	33016708 1176151 0 	334.014 	3 	191
8852700000000 8852800000186 	81800142310 226734580126 1176199 	81798966111 1176199 0 0 0 	33018309 1176199 0 	333.877 	3 	191
8871900000000 8872000000186 	82000142682 227302705581 1176236 	81998966446 1176236 0 0 0 	33019118 1176236 0 	333.741 	3 	191
8891100000000 8891200000092 	82200142866 227870857117 1176275 	82198966591 1176275 0 0 0 	33020220 1176275 0 	333.599 	3 	191
8910300000000 8910400000092 	82400143050 228439036953 1176311 	82398966739 1176311 0 0 0 	33021073 1176311 0 	333.457 	3 	191
8929500000000 8929600000031 	82600143112 229007258305 1176349 	82598966763 1176349 0 0 0 	33022316 1176349 0 	333.313 	3 	191
8948700000000 8948800000031 	82800143174 229575555451 1176376 	82798966798 1176376 0 0 0 	33022789 1176376 0 	333.17 	3 	191
8967900000000 8968000000020 	83000143214 230143855725 1176411 	82998966803 1176411 0 0 0 	33023875 1176411 0 	333.025 	3 	191
8987100000000 8987200000020 	83200143254 230712237247 1176439 	83198966815 1176439 0 0 0 	33024661 1176439 0 	332.88 	3 	191
9006300000000 9006400000032 	83400143318 231280588523 1176476 	83398966842 1176476 0 0 0 	33025690 1176476 0 	332.733 	3 	191
9025500000000 9025600000032 	83600143382 231849053377 1176496 	83598966886 1176496 0 0 0 	33026453 1176496 0 	332.586 	3 	191
9044700000000 9044800000040 	83800143462 232417513337 1176528 	83798966934 1176528 0 0 0 	33027226 1176528 0 	332.437 	3 	191
9063900000000 9064000000040 	84000143542 232985973583 1176550 	83998966992 1176550 0 0 0 	33027703 1176550 0 	332.289 	3 	191
9083100000000 9083200000214 	84200143970 233554538705 1176574 	84198967396 1176574 0 0 0 	33028353 1176574 0 	332.135 	3 	191
9102300000000 9102400000214 	84400144398 234123126348 1176598 	84398967800 1176598 0 0 0 	33028875 1176598 0 	331.982 	3 	191
9121500000000 9121600000047 	84600144492 234691751386 1176628 	84598967864 1176628 0 0 0 	33029659 1176628 0 	331.826 	3 	191
9140700000000 9140800000047 	84800144586 235260398503 1176654 	84798967932 1176654 0 0 0 	33030474 1176654 0 	331.671 	3 	191
9159900000000 9160000000044 	85000144674 235829100224 1176674 	84998968000 1176674 0 0 0 	33030962 1176674 0 	331.514 	3 	191
9179100000000 9179200000044 	85200144762 236397848840 1176700 	85198968062 1176700 0 0 0 	33031784 1176700 0 	331.357 	3 	191
9198300000000 9198400000175 	85400145112 236966613270 1176728 	85398968384 1176728 0 0 0 	33032741 1176728 0 	331.198 	3 	191
9217500000000 9217600000175 	85600145462 237535473244 1176749 	85598968713 1176749 0 0 0 	33033132 1176749 0 	331.04 	3 	191
9236700000000 9236800000136 	85800145734 238104325335 1176771 	85798968963 1176771 0 0 0 	33033838 1176771 0 	330.88 	3 	191
9255900000000 9256000000136 	86000146006 238673274039 1176789 	85998969217 1176789 0 0 0 	33034328 1176789 0 	330.72 	3 	191
9275100000000 9275200000173 	86200146352 239242209379 1176808 	86198969544 1176808 0 0 0 	33034985 1176808 0 	330.558 	3 	191
9294300000000 9294400000173 	86400146698 239811232213 1176833 	86398969865 1176833 0 0 0 	33035595 1176833 0 	330.397 	3 	191
9313500000000 9313600000084 	86600146866 240380267842 1176855 	86598970011 1176855 0 0 0 	33036006 1176855 0 	330.23 	3 	191
9332700000000 9332800000084 	86800147034 240949319163 1176876 	86798970158 1176876 0 0 0 	33036676 1176876 0 	330.063 	3 	191
9351900000000 9352000000170 	87000147374 241518353790 1176894 	86998970480 1176894 0 0 0 	33037176 1176894 0 	329.895 	3 	191
9371100000000 9371200000170 	87200147714 242087499059 1176913 	87198970801 1176913 0 0 0 	33037537 1176913 0 	329.727 	3 	191
9390300000000 9390400000212 	87400148138 242656684029 1176934 	87398971204 1176934 0 0 0 	33038255 1176934 0 	329.557 	3 	191
9409500000000 9409600000212 	87600148562 243225900941 1176944 	87598971618 1176944 0 0 0 	33038449 1176944 0 	329.387 	3 	191
9428700000000 9428800000180 	87800148922 243795132732 1176963 	87798971959 1176963 0 0 0 	33039183 1176963 0 	329.216 	3 	191
9447900000000 9448000000180 	88000149282 244364432581 1176984 	87998972298 1176984 0 0 0 	33039986 1176984 0 	329.045 	3 	191
9467100000000 9467200000044 	88200149370 244933801274 1176997 	88198972373 1176997 0 0 0 	33040393 1176997 0 	328.872 	3 	191
9486300000000 9486400000044 	88400149458 245503122683 1177011 	88398972447 1177011 0 0 0 	33040835 1177011 0 	328.699 	3 	191
9505500000000 9505600000040 	88600149538 246072492605 1177021 	88598972517 1177021 0 0 0 	33041001 1177021 0 	328.524 	3 	191
9524700000000 9524800000040 	88800149618 246641944730 1177034 	88798972584 1177034 0 0 0 	33041373 1177034 0 	328.351 	3 	191
9543900000000 9544000000135 	89000149888 247211407042 1177046 	88998972842 1177046 0 0 0 	33041851 1177046 0 	328.174 	3 	191
9563100000000 9563200000135 	89200150158 247780951064 1177055 	89198973103 1177055 0 0 0 	33042002 1177055 0 	327.999 	3 	191
9582300000000 9582400000032 	89400150222 248350505246 1177066 	89398973156 1177066 0 0 0 	33042325 1177066 0 	327.821 	3 	191
9601500000000 9601600000032 	89600150286 248920074353 1177081 	89598973205 1177081 0 0 0 	33042691 1177081 0 	327.644 	3 	191
9620700000000 9620800000227 	89800150740 249489722935 1177093 	89798973647 1177093 0 0 0 	33043055 1177093 0 	327.465 	3 	191
9639900000000 9640000000227 	90000151194 250059376024 1177101 	89998974093 1177101 0 0 0 	33043408 1177101 0 	327.287 	3 	191
9659100000000 9659200000160 	90200151514 250629162433 1177109 	90198974405 1177109 0 0 0 	33043596 1177109 0 	327.106 	3 	191
9678300000000 9678400000160 	90400151834 251198905774 1177115 	90398974719 1177115 0 0 0 	33043823 1177115 0 	326.926 	3 	191
9697500000000 9697600000160 	90600152154 251768702767 1177127 	90598975027 1177127 0 0 0 	33044173 1177127 0 	326.748 	3 	191
9716700000000 9716800000062 	90800152278 252338475124 1177133 	90798975145 1177133 0 0 0 	33044271 1177133 0 	326.566 	3 	191
9735900000000 9736000000062 	91000152402 252908359723 1177141 	90998975261 1177141 0 0 0 	33044531 1177141 0 	326.386 	3 	191
9755100000000 9755200000160 	91200152722 253478212279 1177146 	91198975576 1177146 0 0 0 	33044592 1177146 0 	326.204 	3 	191
9774300000000 9774400000160 	91400153042 254048109381 1177154 	91398975888 1177154 0 0 0 	33044817 1177154 0 	326.022 	3 	191
9793500000000 9793600000159 	91600153360 254618070908 1177160 	91598976200 1177160 0 0 0 	33044992 1177160 0 	325.838 	3 	191
9812700000000 9812800000159 	91800153678 255188115915 1177171 	91798976507 1177171 0 0 0 	33045126 1177171 0 	325.655 	3 	191
9831900000000 9832000000026 	92000153730 255758129891 1177175 	91998976555 1177175 0 0 0 	33045293 1177175 0 	325.469 	3 	191
9851100000000 9851200000026 	92200153782 256328223070 1177181 	92198976601 1177181 0 0 0 	33045535 1177181 0 	325.285 	3 	191
9870300000000 9870400000242 	92400154266 256898357160 1177187 	92398977079 1177187 0 0 0 	33045640 1177187 0 	325.098 	3 	191
9889500000000 9889600000242 	92600154750 257468503534 1177190 	92598977560 1177190 0 0 0 	33045851 1177190 0 	324.912 	3 	191
9908700000000 9908800000000 	92800154750 258038723256 1177193 	92798977557 1177193 0 0 0 	33045924 1177193 0 	324.723 	3 	191
9927900000000 9928000000000 	93000154750 258608918299 1177200 	92998977550 1177200 0 0 0 	33046128 1177200 0 	324.536 	3 	191
9947100000000 9947200000035 	93200154820 259179211639 1177206 	93198977614 1177206 0 0 0 	33046360 1177206 0 	324.346 	3 	191
9966300000000 9966400000035 	93400154890 259749546606 1177213 	93398977677 1177213 0 0 0 	33046594 1177213 0 	324.157 	3 	191
9985500000000 9985600000054 	93600154998 260319896454 1177225 	93598977773 1177225 0 0 0 	33046737 1177225 0 	323.966 	3 	191
