10000100000000 10000200000308 	200000616 570697635 37129 	199963487 37129 0 0 0 	1070393 37129 0 	508 	3 	1
10019300000000 10019400000152 	400000920 1141394828 73400 	399927520 73400 0 0 0 	2118106 73400 0 	505.992 	3 	1
10038500000000 10038600000152 	600001224 1712136288 109051 	599892173 109051 0 0 0 	3147929 109051 0 	505.326 	3 	1
10057700000000 10057800000152 	800001528 2282885869 144452 	799857076 144452 0 0 0 	4165381 144452 0 	504.994 	3 	1
10076900000000 10077000000152 	1000001832 2853689590 179332 	999822500 179332 0 0 0 	5182609 179332 0 	504.795 	3 	1
10096100000000 10096200000000 	1200001832 3424557406 213224 	1199788608 213224 0 0 0 	6173317 213224 0 	503.989 	3 	1
10115300000000 10115400000000 	1400001832 3995356603 246475 	1399755357 246475 0 0 0 	7146398 246475 0 	503.416 	3 	1
10134500000000 10134600000000 	1600001832 4566235109 279560 	1599722272 279560 0 0 0 	8098576 279560 0 	502.986 	3 	1
10153700000000 10153800000000 	1800001832 5137182039 311989 	1799689843 311989 0 0 0 	9033151 311989 0 	502.653 	3 	1
10172900000000 10173000000048 	2000001928 5708095876 343863 	1999658065 343863 0 0 0 	9954476 343863 0 	501.979 	3 	1
10192100000000 10192200000048 	2200002024 6279085145 375061 	2199626963 375061 0 0 0 	10852168 375061 0 	501.43 	3 	1
10211300000000 10211400000048 	2400002120 6850107796 405951 	2399596169 405951 0 0 0 	11746853 405951 0 	500.973 	3 	1
10230500000000 10230600000048 	2600002216 7421099026 436171 	2599566045 436171 0 0 0 	12621197 436171 0 	500.587 	3 	1
10249700000000 10249800000476 	2800003168 7992153088 466120 	2799537048 466120 0 0 0 	13489219 466120 0 	499.963 	3 	1
10268900000000 10269000000476 	3000004120 8563198234 495806 	2999508314 495806 0 0 0 	14343589 495806 0 	499.425 	3 	1
10288100000000 10288200000476 	3200005072 9134296267 524740 	3199480332 524740 0 0 0 	15170077 524740 0 	498.954 	3 	1
10307300000000 10307400000476 	3400006024 9705446504 552802 	3399453222 552802 0 0 0 	15981273 552802 0 	498.539 	3 	1
10326500000000 10326600000011 	3600006046 10276722931 580609 	3599425437 580609 0 0 0 	16780898 580609 0 	498 	3 	1
10345700000000 10345800000011 	3800006068 10847941909 608046 	3799398022 608046 0 0 0 	17572596 608046 0 	497.518 	3 	1
10364900000000 10365000000011 	4000006090 11419178562 634877 	3999371213 634877 0 0 0 	18348806 634877 0 	497.085 	3 	1
10384100000000 10384200000011 	4200006112 11990513749 661236 	4199344876 661236 0 0 0 	19111655 661236 0 	496.694 	3 	1
10403300000000 10403400000210 	4400006532 12561835637 687324 	4399319208 687324 0 0 0 	19869031 687324 0 	496.15 	3 	1
10422500000000 10422600000210 	4600006952 13133228874 713030 	4599293922 713030 0 0 0 	20611876 713030 0 	495.655 	3 	1
10441700000000 10441800000210 	4800007372 13704651620 738513 	4799268859 738513 0 0 0 	21359333 738513 0 	495.201 	3 	1
10460900000000 10461000000210 	5000007792 14276097109 763487 	4999244305 763487 0 0 0 	22084700 763487 0 	494.785 	3 	1
10480100000000 10480200000381 	5200008554 14847522627 788047 	5199220507 788047 0 0 0 	22788815 788047 0 	494.24 	3 	1
10499300000000 10499400000381 	5400009316 15419015633 812330 	5399196986 812330 0 0 0 	23498460 812330 0 	493.737 	3 	1
10518500000000 10518600000381 	5600010078 15990532608 836113 	5599173965 836113 0 0 0 	24189705 836113 0 	493.27 	3 	1
10537700000000 10537800000381 	5800010840 16562112581 859529 	5799151311 859529 0 0 0 	24880643 859529 0 	492.837 	3 	1
10556900000000 10557000000468 	6000011776 17133726445 882710 	5999129066 882710 0 0 0 	25551158 882710 0 	492.327 	3 	1
10576100000000 10576200000468 	6200012712 17705305768 905361 	6199107351 905361 0 0 0 	26209874 905361 0 	491.852 	3 	1
10595300000000 10595400000468 	6400013648 18276958416 927631 	6399086017 927631 0 0 0 	26856294 927631 0 	491.407 	3 	1
10614500000000 10614600000468 	6600014584 18848666972 949541 	6599065043 949541 0 0 0 	27488685 949541 0 	490.99 	3 	1
10633700000000 10633800000254 	6800015092 19420399097 971011 	6799044081 971011 0 0 0 	28104490 971011 0 	490.473 	3 	1
10652900000000 10653000000254 	7000015600 19992123739 992392 	6999023208 992392 0 0 0 	28725776 992392 0 	489.986 	3 	1
10672100000000 10672200000254 	7200016108 20563882879 1013247 	7199002861 1013247 0 0 0 	29322308 1013247 0 	489.527 	3 	1
10691300000000 10691400000254 	7400016616 21135651990 1033757 	7398982859 1033757 0 0 0 	29917526 1033757 0 	489.094 	3 	1
10710500000000 10710600000365 	7600017346 21707483089 1054115 	7598963231 1054115 0 0 0 	30520630 1054115 0 	488.6 	3 	1
10729700000000 10729800000365 	7800018076 22279357440 1073939 	7798944137 1073939 0 0 0 	31096312 1073939 0 	488.133 	3 	1
10748900000000 10749000000365 	8000018806 22851276464 1093577 	7998925229 1093577 0 0 0 	31671077 1093577 0 	487.689 	3 	1
10768100000000 10768200000365 	8200019536 23423169664 1112771 	8198906765 1112771 0 0 0 	32225749 1112771 0 	487.268 	3 	1
10787300000000 10787400000368 	8400020272 23995188183 1131744 	8398888528 1131744 0 0 0 	32778573 1131744 0 	486.791 	3 	1
10806500000000 10806600000368 	8600021008 24567205472 1150445 	8598870563 1150445 0 0 0 	33324733 1150445 0 	486.337 	3 	1
10825700000000 10825800000368 	8800021744 25139161746 1168848 	8798852896 1168848 0 0 0 	33857735 1168848 0 	485.904 	3 	1
10844900000000 10845000000368 	9000022480 25711224342 1187121 	8998835359 1187121 0 0 0 	34394613 1187121 0 	485.491 	3 	1
10864100000000 10864200000352 	9200023184 26283296576 1204869 	9198818315 1204869 0 0 0 	34913346 1204869 0 	485.003 	3 	1
10883300000000 10883400000352 	9400023888 26855444836 1222431 	9398801457 1222431 0 0 0 	35418001 1222431 0 	484.536 	3 	1
10902500000000 10902600000352 	9600024592 27427561086 1239781 	9598784811 1239781 0 0 0 	35914241 1239781 0 	484.09 	3 	1
10921700000000 10921800000352 	9800025296 27999749134 1256782 	9798768514 1256782 0 0 0 	36409235 1256782 0 	483.663 	3 	1
10940900000000 10941000000120 	10000025536 28571963486 1273625 	9998751911 1273625 0 0 0 	36900919 1273625 0 	483.188 	3 	1
10960100000000 10960200000120 	10200025776 29144220697 1289937 	10198735839 1289937 0 0 0 	37372150 1289937 0 	482.732 	3 	1
10979300000000 10979400000120 	10400026016 29716497221 1305936 	10398720080 1305936 0 0 0 	37842105 1305936 0 	482.295 	3 	1
10998500000000 10998600000120 	10600026256 30288871678 1321771 	10598704485 1321771 0 0 0 	38295880 1321771 0 	481.875 	3 	1
11017700000000 11017800000178 	10800026612 30861180500 1337410 	10798689202 1337410 0 0 0 	38749285 1337410 0 	481.41 	3 	1
11036900000000 11037000000178 	11000026968 31433593063 1352754 	10998674214 1352754 0 0 0 	39190810 1352754 0 	480.963 	3 	1
11056100000000 11056200000178 	11200027324 32005975154 1367628 	11198659696 1367628 0 0 0 	39631584 1367628 0 	480.533 	3 	1
11075300000000 11075400000178 	11400027680 32578387644 1382647 	11398645033 1382647 0 0 0 	40072834 1382647 0 	480.118 	3 	1
11094500000000 11094600000355 	11600028390 33150850488 1397268 	11598631122 1397268 0 0 0 	40496568 1397268 0 	479.662 	3 	1
11113700000000 11113800000355 	11800029100 33723362309 1411634 	11798617466 1411634 0 0 0 	40914026 1411634 0 	479.222 	3 	1
11132900000000 11133000000355 	12000029810 34295922784 1425827 	11998603983 1425827 0 0 0 	41323533 1425827 0 	478.797 	3 	1
11152100000000 11152200000355 	12200030520 34868491221 1439660 	12198590860 1439660 0 0 0 	41728489 1439660 0 	478.387 	3 	1
11171300000000 11171400000355 	12400031230 35441108069 1453428 	12398577802 1453428 0 0 0 	42125907 1453428 0 	477.99 	3 	1
11190500000000 11190600000230 	12600031690 36013734630 1466829 	12598564861 1466829 0 0 0 	42523125 1466829 0 	477.537 	3 	1
11209700000000 11209800000230 	12800032150 36586388190 1480083 	12798552067 1480083 0 0 0 	42908557 1480083 0 	477.098 	3 	1
11228900000000 11229000000230 	13000032610 37159038852 1493334 	12998539276 1493334 0 0 0 	43299601 1493334 0 	476.674 	3 	1
11248100000000 11248200000230 	13200033070 37731743049 1506324 	13198526746 1506324 0 0 0 	43678609 1506324 0 	476.263 	3 	1
11267300000000 11267400000320 	13400033710 38304532724 1518914 	13398514796 1518914 0 0 0 	44040631 1518914 0 	475.815 	3 	1
11286500000000 11286600000320 	13600034350 38877331856 1531272 	13598503078 1531272 0 0 0 	44400227 1531272 0 	475.381 	3 	1
11305700000000 11305800000320 	13800034990 39450178464 1543488 	13798491502 1543488 0 0 0 	44756425 1543488 0 	474.96 	3 	1
11324900000000 11325000000320 	14000035630 40023001460 1555626 	13998480004 1555626 0 0 0 	45105714 1555626 0 	474.552 	3 	1
11344100000000 11344200000400 	14200036430 40595889521 1567447 	14198468983 1567447 0 0 0 	45446956 1567447 0 	474.109 	3 	1
11363300000000 11363400000400 	14400037230 41168774181 1579197 	14398458033 1579197 0 0 0 	45784844 1579197 0 	473.678 	3 	1
11382500000000 11382600000400 	14600038030 41741746343 1590665 	14598447365 1590665 0 0 0 	46116398 1590665 0 	473.261 	3 	1
11401700000000 11401800000400 	14800038830 42314758235 1601918 	14798436912 1601918 0 0 0 	46441669 1601918 0 	472.855 	3 	1
11420900000000 11421000000290 	15000039410 42887738677 1613086 	14998426324 1613086 0 0 0 	46767189 1613086 0 	472.415 	3 	1
11440100000000 11440200000290 	15200039990 43460718881 1624000 	15198415990 1624000 0 0 0 	47084097 1624000 0 	471.988 	3 	1
11459300000000 11459400000290 	15400040570 44033782827 1634651 	15398405919 1634651 0 0 0 	47396202 1634651 0 	471.572 	3 	1
11478500000000 11478600000290 	15600041150 44606891884 1645227 	15598395923 1645227 0 0 0 	47700956 1645227 0 	471.168 	3 	1
11497700000000 11497800000249 	15800041648 45180055420 1655558 	15798386090 1655558 0 0 0 	48003230 1655558 0 	470.732 	3 	1
11516900000000 11517000000249 	16000042146 45753173930 1665658 	15998376488 1665658 0 0 0 	48295596 1665658 0 	470.307 	3 	1
11536100000000 11536200000249 	16200042644 46326343374 1675815 	16198366829 1675815 0 0 0 	48587607 1675815 0 	469.893 	3 	1
11555300000000 11555400000249 	16400043142 46899548947 1685834 	16398357308 1685834 0 0 0 	48879805 1685834 0 	469.49 	3 	1
11574500000000 11574600000088 	16600043318 47472788755 1695655 	16598347663 1695655 0 0 0 	49166507 1695655 0 	469.056 	3 	1
11593700000000 11593800000088 	16800043494 48046009801 1705171 	16798338323 1705171 0 0 0 	49439081 1705171 0 	468.633 	3 	1
11612900000000 11613000000088 	17000043670 48619296973 1714508 	16998329162 1714508 0 0 0 	49714399 1714508 0 	468.221 	3 	1
11632100000000 11632200000088 	17200043846 49192635673 1723992 	17198319854 1723992 0 0 0 	49990678 1723992 0 	467.819 	3 	1
11651300000000 11651400000110 	17400044066 49765984627 1733174 	17398310892 1733174 0 0 0 	50256526 1733174 0 	467.4 	3 	1
11670500000000 11670600000110 	17600044286 50339403046 1742241 	17598302045 1742241 0 0 0 	50516956 1742241 0 	466.992 	3 	1
11689700000000 11689800000110 	17800044506 50912819346 1750928 	17798293578 1750928 0 0 0 	50769230 1750928 0 	466.593 	3 	1
11708900000000 11709000000110 	18000044726 51486296610 1759677 	17998285049 1759677 0 0 0 	51023183 1759677 0 	466.204 	3 	1
11728100000000 11728200000189 	18200045104 52059748683 1768317 	18198276787 1768317 0 0 0 	51271614 1768317 0 	465.786 	3 	1
11747300000000 11747400000189 	18400045482 52633299826 1776827 	18398268655 1776827 0 0 0 	51519554 1776827 0 	465.378 	3 	1
11766500000000 11766600000100 	18600045682 53206792630 1781103 	18598264579 1781103 0 0 0 	51643277 1781103 0 	464.619 	3 	1
11785700000000 11785800000314 	18800046310 53780365359 1785297 	18798261013 1785297 0 0 0 	51765585 1785297 0 	463.85 	3 	1
11804900000000 11805000000314 	19000046938 54353934492 1789351 	18998257587 1789351 0 0 0 	51881896 1789351 0 	463.1 	3 	1
11824100000000 11824200000314 	19200047566 54927562318 1793368 	19198254198 1793368 0 0 0 	52000393 1793368 0 	462.368 	3 	1
11843300000000 11843400000314 	19400048194 55501142274 1797178 	19398251016 1797178 0 0 0 	52113124 1797178 0 	461.653 	3 	1
11862500000000 11862600000173 	19600048540 56074838683 1801025 	19598247515 1801025 0 0 0 	52225053 1801025 0 	460.915 	3 	1
11881700000000 11881800000173 	19800048886 56648485373 1804811 	19798244075 1804811 0 0 0 	52335884 1804811 0 	460.193 	3 	1
11900900000000 11901000000173 	20000049232 57222209180 1808627 	19998240605 1808627 0 0 0 	52447803 1808627 0 	459.489 	3 	1
11920100000000 11920200000173 	20200049578 57795978850 1812309 	20198237269 1812309 0 0 0 	52554501 1812309 0 	458.8 	3 	1
11939300000000 11939400000330 	20400050238 58369734023 1815954 	20398234284 1815954 0 0 0 	52660495 1815954 0 	458.101 	3 	1
11958500000000 11958600000330 	20600050898 58943590781 1819507 	20598231391 1819507 0 0 0 	52764673 1819507 0 	457.417 	3 	1
11977700000000 11977800000330 	20800051558 59517402298 1822975 	20798228583 1822975 0 0 0 	52864168 1822975 0 	456.749 	3 	1
11996900000000 11997000000330 	21000052218 60091331159 1826391 	20998225827 1826391 0 0 0 	52966169 1826391 0 	456.095 	3 	1
12016100000000 12016200000352 	21200052922 60665247522 1829701 	21198223221 1829701 0 0 0 	53061002 1829701 0 	455.418 	3 	1
12035300000000 12035400000352 	21400053626 61239187358 1832959 	21398220667 1832959 0 0 0 	53154560 1832959 0 	454.756 	3 	1
12054500000000 12054600000352 	21600054330 61813124728 1836212 	21598218118 1836212 0 0 0 	53249278 1836212 0 	454.107 	3 	1
12073700000000 12073800000376 	21800055082 62387139917 1839481 	21798215601 1839481 0 0 0 	53342077 1839481 0 	453.448 	3 	1
12092900000000 12093000000376 	22000055834 62961171784 1842621 	21998213213 1842621 0 0 0 	53435304 1842621 0 	452.803 	3 	1
12112100000000 12112200000376 	22200056586 63535262408 1845745 	22198210841 1845745 0 0 0 	53528575 1845745 0 	452.171 	3 	1
12131300000000 12131400000376 	22400057338 64109399877 1848789 	22398208549 1848789 0 0 0 	53619222 1848789 0 	451.552 	3 	1
12150500000000 12150600000290 	22600057918 64683510520 1851815 	22598206103 1851815 0 0 0 	53710880 1851815 0 	450.922 	3 	1
12169700000000 12169800000290 	22800058498 65257688377 1854766 	22798203732 1854766 0 0 0 	53798539 1854766 0 	450.305 	3 	1
12188900000000 12189000000290 	23000059078 65831857127 1857558 	22998201520 1857558 0 0 0 	53882587 1857558 0 	449.701 	3 	1
12208100000000 12208200000290 	23200059658 66406018596 1860430 	23198199228 1860430 0 0 0 	53965088 1860430 0 	449.108 	3 	1
12227300000000 12227400000026 	23400059710 66980258436 1863200 	23398196510 1863200 0 0 0 	54044245 1863200 0 	448.493 	3 	1
12246500000000 12246600000026 	23600059762 67554526651 1865806 	23598193956 1865806 0 0 0 	54122496 1865806 0 	447.89 	3 	1
12265700000000 12265800000026 	23800059814 68128816394 1868442 	23798191372 1868442 0 0 0 	54199167 1868442 0 	447.298 	3 	1
12284900000000 12285000000026 	24000059866 68703174549 1871090 	23998188776 1871090 0 0 0 	54275541 1871090 0 	446.718 	3 	1
12304100000000 12304200000285 	24200060436 69277578507 1873691 	24198186745 1873691 0 0 0 	54348959 1873691 0 	446.127 	3 	1
12323300000000 12323400000285 	24400061006 69851924988 1876183 	24398184823 1876183 0 0 0 	54422326 1876183 0 	445.547 	3 	1
12342500000000 12342600000285 	24600061576 70426342815 1878659 	24598182917 1878659 0 0 0 	54494674 1878659 0 	444.979 	3 	1
12361700000000 12361800000285 	24800062146 71000779201 1881041 	24798181105 1881041 0 0 0 	54567680 1881041 0 	444.42 	3 	1
12380900000000 12381000000151 	25000062448 71575202844 1883365 	24998179083 1883365 0 0 0 	54632951 1883365 0 	443.851 	3 	1
12400100000000 12400200000151 	25200062750 72149702432 1885692 	25198177058 1885692 0 0 0 	54704116 1885692 0 	443.292 	3 	1
12419300000000 12419400000308 	25400063366 72724528203 1927577 	25398135789 1927577 0 0 0 	55928841 1927577 0 	443.737 	3 	1
12438500000000 12438600000308 	25600063982 73299416192 1968855 	25598095127 1968855 0 0 0 	57139734 1968855 0 	444.176 	3 	1
12457700000000 12457800000308 	25800064598 73874315710 2009695 	25798054903 2009695 0 0 0 	58332168 2009695 0 	444.609 	3 	1
12476900000000 12477000000308 	26000065214 74449234180 2049316 	25998015898 2049316 0 0 0 	59485640 2049316 0 	445.036 	3 	1
12496100000000 12496200000308 	26200065830 75024180146 2089096 	26197976734 2089096 0 0 0 	60648597 2089096 0 	445.457 	3 	1
12515300000000 12515400000152 	26400066134 75599164418 2128114 	26397938020 2128114 0 0 0 	61786050 2128114 0 	445.85 	3 	1
12534500000000 12534600000152 	26600066438 76174178760 2166667 	26597899771 2166667 0 0 0 	62909425 2166667 0 	446.237 	3 	1
12553700000000 12553800000152 	26800066742 76749205161 2204296 	26797862446 2204296 0 0 0 	64010972 2204296 0 	446.619 	3 	1
12572900000000 12573000000152 	27000067046 77324233304 2241993 	26997825053 2241993 0 0 0 	65110521 2241993 0 	446.996 	3 	1
12592100000000 12592200000152 	27200067350 77899331580 2279047 	27197788303 2279047 0 0 0 	66193000 2279047 0 	447.368 	3 	1
12611300000000 12611400000000 	27400067350 78474447910 2315672 	27397751678 2315672 0 0 0 	67266337 2315672 0 	447.712 	3 	1
12630500000000 12630600000000 	27600067350 79049542330 2352040 	27597715310 2352040 0 0 0 	68326807 2352040 0 	448.051 	3 	1
12649700000000 12649800000000 	27800067350 79624626443 2387655 	27797679695 2387655 0 0 0 	69360754 2387655 0 	448.387 	3 	1
12668900000000 12669000000000 	28000067350 80199836366 2422673 	27997644677 2422673 0 0 0 	70387982 2422673 0 	448.717 	3 	1
12688100000000 12688200000000 	28200067350 80775008469 2457420 	28197609930 2457420 0 0 0 	71395605 2457420 0 	449.044 	3 	1
12707300000000 12707400000048 	28400067446 81350173159 2491585 	28397575861 2491585 0 0 0 	72392849 2491585 0 	449.344 	3 	1
12726500000000 12726600000048 	28600067542 81925363596 2525475 	28597542067 2525475 0 0 0 	73379411 2525475 0 	449.639 	3 	1
12745700000000 12745800000048 	28800067638 82500609944 2558771 	28797508867 2558771 0 0 0 	74360137 2558771 0 	449.931 	3 	1
12764900000000 12765000000048 	29000067734 83075913822 2592174 	28997475560 2592174 0 0 0 	75335598 2592174 0 	450.22 	3 	1
12784100000000 12784200000048 	29200067830 83651271359 2624804 	29197443026 2624804 0 0 0 	76291779 2624804 0 	450.505 	3 	1
12803300000000 12803400000476 	29400068782 84226562042 2657029 	29397411753 2657029 0 0 0 	77230467 2657029 0 	450.763 	3 	1
12822500000000 12822600000476 	29600069734 84801931090 2688931 	29597380803 2688931 0 0 0 	78164934 2688931 0 	451.019 	3 	1
12841700000000 12841800000476 	29800070686 85377279981 2720133 	29797350553 2720133 0 0 0 	79069539 2720133 0 	451.271 	3 	1
12860900000000 12861000000476 	30000071638 85952650855 2751330 	29997320308 2751330 0 0 0 	79974929 2751330 0 	451.52 	3 	1
12880100000000 12880200000476 	30200072590 86528141845 2781973 	30197290617 2781973 0 0 0 	80869179 2781973 0 	451.766 	3 	1
12899300000000 12899400000011 	30400072612 87103636346 2812123 	30397260489 2812123 0 0 0 	81753840 2812123 0 	451.993 	3 	1
12918500000000 12918600000011 	30600072634 87679109957 2842104 	30597230530 2842104 0 0 0 	82634002 2842104 0 	452.216 	3 	1
12937700000000 12937800000011 	30800072656 88254588544 2871436 	30797201220 2871436 0 0 0 	83487653 2871436 0 	452.437 	3 	1
12956900000000 12957000000011 	31000072678 88830125137 2900158 	30997172520 2900158 0 0 0 	84319610 2900158 0 	452.656 	3 	1
12976100000000 12976200000011 	31200072700 89405668998 2928888 	31197143812 2928888 0 0 0 	85156278 2928888 0 	452.872 	3 	1
12995300000000 12995400000210 	31400073120 89981264433 2957326 	31397115794 2957326 0 0 0 	85989236 2957326 0 	453.063 	3 	1
13014500000000 13014600000210 	31600073540 90556862311 2985534 	31597088006 2985534 0 0 0 	86815480 2985534 0 	453.252 	3 	1
13033700000000 13033800000210 	31800073960 91132501702 3013202 	31797060758 3013202 0 0 0 	87628543 3013202 0 	453.438 	3 	1
13052900000000 13053000000210 	32000074380 91708145202 3040227 	31997034153 3040227 0 0 0 	88413909 3040227 0 	453.623 	3 	1
13072100000000 13072200000210 	32200074800 92283860999 3066766 	32197008034 3066766 0 0 0 	89187419 3066766 0 	453.805 	3 	1
13091300000000 13091400000210 	32400075220 92859593512 3093175 	32396982045 3093175 0 0 0 	89954484 3093175 0 	453.985 	3 	1
13110500000000 13110600000381 	32600075982 93435376367 3119453 	32596956529 3119453 0 0 0 	90732672 3119453 0 	454.142 	3 	1
13129700000000 13129800000381 	32800076744 94011118939 3145205 	32796931539 3145205 0 0 0 	91481924 3145205 0 	454.297 	3 	1
13148900000000 13149000000381 	33000077506 94586955805 3170951 	32996906555 3170951 0 0 0 	92234329 3170951 0 	454.449 	3 	1
13168100000000 13168200000381 	33200078268 95162841357 3196306 	33196881962 3196306 0 0 0 	92975764 3196306 0 	454.601 	3 	1
13187300000000 13187400000381 	33400079030 95738683850 3221286 	33396857744 3221286 0 0 0 	93712197 3221286 0 	454.75 	3 	1
13206500000000 13206600000468 	33600079966 96314555321 3245883 	33596834083 3245883 0 0 0 	94422117 3245883 0 	454.882 	3 	1
13225700000000 13225800000468 	33800080902 96890488407 3270177 	33796810725 3270177 0 0 0 	95132949 3270177 0 	455.012 	3 	1
13244900000000 13245000000468 	34000081838 97466420109 3294243 	33996787595 3294243 0 0 0 	95837920 3294243 0 	455.141 	3 	1
13264100000000 13264200000468 	34200082774 98042339917 3317907 	34196764867 3317907 0 0 0 	96520208 3317907 0 	455.268 	3 	1
13283300000000 13283400000468 	34400083710 98618325641 3341325 	34396742385 3341325 0 0 0 	97196030 3341325 0 	455.394 	3 	1
13302500000000 13302600000254 	34600084218 99194304187 3364477 	34596719741 3364477 0 0 0 	97866031 3364477 0 	455.497 	3 	1
13321700000000 13321800000254 	34800084726 99770354707 3387184 	34796697542 3387184 0 0 0 	98527591 3387184 0 	455.6 	3 	1
13340900000000 13341000000254 	35000085234 100346435284 3409862 	34996675372 3409862 0 0 0 	99191679 3409862 0 	455.701 	3 	1
13360100000000 13360200000254 	35200085742 100922524519 3432097 	35196653645 3432097 0 0 0 	99836567 3432097 0 	455.801 	3 	1
13379300000000 13379400000254 	35400086250 101498619861 3453646 	35396632604 3453646 0 0 0 	100469612 3453646 0 	455.9 	3 	1
13398500000000 13398600000365 	35600086980 102074660392 3475225 	35596611755 3475225 0 0 0 	101100387 3475225 0 	455.982 	3 	1
13417700000000 13417800000365 	35800087710 102650790971 3496464 	35796591246 3496464 0 0 0 	101725914 3496464 0 	456.063 	3 	1
13436900000000 13437000000365 	36000088440 103226934598 3517545 	35996570895 3517545 0 0 0 	102342110 3517545 0 	456.143 	3 	1
13456100000000 13456200000365 	36200089170 103803161123 3538348 	36196550822 3538348 0 0 0 	102948581 3538348 0 	456.223 	3 	1
13475300000000 13475400000365 	36400089900 104379401201 3558978 	36396530922 3558978 0 0 0 	103551700 3558978 0 	456.301 	3 	1
13494500000000 13494600000368 	36600090636 104955681386 3578968 	36596511668 3578968 0 0 0 	104137848 3578968 0 	456.364 	3 	1
13513700000000 13513800000368 	36800091372 105531918339 3598749 	36796492623 3598749 0 0 0 	104715732 3598749 0 	456.425 	3 	1
13532900000000 13533000000368 	37000092108 106108208195 3618554 	36996473554 3618554 0 0 0 	105292439 3618554 0 	456.486 	3 	1
13552100000000 13552200000368 	37200092844 106684564407 3638133 	37196454711 3638133 0 0 0 	105867744 3638133 0 	456.547 	3 	1
13571300000000 13571400000368 	37400093580 107260970306 3657310 	37396436270 3657310 0 0 0 	106427255 3657310 0 	456.607 	3 	1
13590500000000 13590600000352 	37600094284 107837329689 3676441 	37596417843 3676441 0 0 0 	106992237 3676441 0 	456.645 	3 	1
13609700000000 13609800000352 	37800094988 108413699703 3695418 	37796399570 3695418 0 0 0 	107546618 3695418 0 	456.684 	3 	1
13628900000000 13629000000352 	38000095692 108990098637 3713807 	37996381885 3713807 0 0 0 	108091049 3713807 0 	456.722 	3 	1
13648100000000 13648200000352 	38200096396 109566579010 3732411 	38196363985 3732411 0 0 0 	108636179 3732411 0 	456.759 	3 	1
13667300000000 13667400000352 	38400097100 110143075935 3750305 	38396346795 3750305 0 0 0 	109171872 3750305 0 	456.796 	3 	1
13686500000000 13686600000120 	38600097340 110719527792 3768363 	38596328977 3768363 0 0 0 	109696768 3768363 0 	456.818 	3 	1
13705700000000 13705800000120 	38800097580 111296065197 3785939 	38796311641 3785939 0 0 0 	110214280 3785939 0 	456.839 	3 	1
13724900000000 13725000000120 	39000097820 111872611949 3803384 	38996294436 3803384 0 0 0 	110727579 3803384 0 	456.86 	3 	1
13744100000000 13744200000120 	39200098060 112449207867 3820506 	39196277554 3820506 0 0 0 	111224964 3820506 0 	456.881 	3 	1
13763300000000 13763400000120 	39400098300 113025811802 3837374 	39396260926 3837374 0 0 0 	111717052 3837374 0 	456.902 	3 	1
13782500000000 13782600000178 	39600098656 113602501147 3854339 	39596244317 3854339 0 0 0 	112214971 3854339 0 	456.907 	3 	1
13801700000000 13801800000178 	39800099012 114179170340 3870732 	39796228280 3870732 0 0 0 	112698942 3870732 0 	456.913 	3 	1
13820900000000 13821000000178 	40000099368 114755839531 3886950 	39996212418 3886950 0 0 0 	113174317 3886950 0 	456.918 	3 	1
13840100000000 13840200000178 	40200099724 115332519046 3903043 	40196196681 3903043 0 0 0 	113646656 3903043 0 	456.924 	3 	1
13859300000000 13859400000178 	40400100080 115909255885 3918900 	40396181180 3918900 0 0 0 	114103432 3918900 0 	456.929 	3 	1
13878500000000 13878600000355 	40600100790 116485961005 3934301 	40596166489 3934301 0 0 0 	114559222 3934301 0 	456.919 	3 	1
13897700000000 13897800000355 	40800101500 117062749926 3949936 	40796151564 3949936 0 0 0 	115018365 3949936 0 	456.91 	3 	1
13916900000000 13917000000355 	41000102210 117639570297 3965017 	40996137193 3965017 0 0 0 	115450744 3965017 0 	456.901 	3 	1
13936100000000 13936200000355 	41200102920 118216420842 3980049 	41196122871 3980049 0 0 0 	115886640 3980049 0 	456.891 	3 	1
13955300000000 13955400000355 	41400103630 118793219371 3994896 	41396108734 3994896 0 0 0 	116321677 3994896 0 	456.882 	3 	1
13974500000000 13974600000230 	41600104090 119370120324 4009542 	41596094548 4009542 0 0 0 	116754705 4009542 0 	456.854 	3 	1
13993700000000 13993800000230 	41800104550 119947067852 4024047 	41796080503 4024047 0 0 0 	117185239 4024047 0 	456.825 	3 	1
14012900000000 14013000000230 	42000105010 120524010432 4038357 	41996066653 4038357 0 0 0 	117605708 4038357 0 	456.797 	3 	1
14032100000000 14032200000230 	42200105470 121100964118 4052540 	42196052930 4052540 0 0 0 	118020509 4052540 0 	456.769 	3 	1
14051300000000 14051400000230 	42400105930 121677948432 4066392 	42396039538 4066392 0 0 0 	118426654 4066392 0 	456.742 	3 	1
14070500000000 14070600000320 	42600106570 122254964281 4080238 	42596026332 4080238 0 0 0 	118832585 4080238 0 	456.7 	3 	1
14089700000000 14089800000320 	42800107210 122832035222 4093691 	42796013519 4093691 0 0 0 	119223357 4093691 0 	456.658 	3 	1
14108900000000 14109000000320 	43000107850 123409025779 4107044 	42996000806 4107044 0 0 0 	119615202 4107044 0 	456.617 	3 	1
14128100000000 14128200000320 	43200108490 123986097986 4120311 	43195988179 4120311 0 0 0 	119998641 4120311 0 	456.577 	3 	1
14147300000000 14147400000320 	43400109130 124563233563 4133290 	43395975840 4133290 0 0 0 	120378067 4133290 0 	456.536 	3 	1
14166500000000 14166600000400 	43600109930 125140311207 4146103 	43595963827 4146103 0 0 0 	120744978 4146103 0 	456.482 	3 	1
14185700000000 14185800000400 	43800110730 125717469750 4159085 	43795951645 4159085 0 0 0 	121128150 4159085 0 	456.428 	3 	1
14204900000000 14205000000400 	44000111530 126294687149 4171855 	43995939675 4171855 0 0 0 	121502068 4171855 0 	456.375 	3 	1
14224100000000 14224200000400 	44200112330 126871860361 4184160 	44195928170 4184160 0 0 0 	121857824 4184160 0 	456.322 	3 	1
14243300000000 14243400000400 	44400113130 127449046192 4196641 	44395916489 4196641 0 0 0 	122221408 4196641 0 	456.27 	3 	1
14262500000000 14262600000290 	44600113710 128026304999 4208858 	44595904852 4208858 0 0 0 	122580843 4208858 0 	456.204 	3 	1
14281700000000 14281800000290 	44800114290 128603507242 4220560 	44795893730 4220560 0 0 0 	122926599 4220560 0 	456.139 	3 	1
14300900000000 14301000000290 	45000114870 129180785789 4232480 	44995882390 4232480 0 0 0 	123272632 4232480 0 	456.074 	3 	1
14320100000000 14320200000290 	45200115450 129758119818 4244199 	45195871251 4244199 0 0 0 	123610851 4244199 0 	456.009 	3 	1
14339300000000 14339400000290 	45400116030 130335453366 4255529 	45395860501 4255529 0 0 0 	123941520 4255529 0 	455.946 	3 	1
14358500000000 14358600000249 	45600116528 130912841417 4266934 	45595849594 4266934 0 0 0 	124277127 4266934 0 	455.869 	3 	1
14377700000000 14377800000249 	45800117026 131490253595 4278213 	45795838813 4278213 0 0 0 	124605094 4278213 0 	455.792 	3 	1
14396900000000 14397000000249 	46000117524 132067651280 4289145 	45995828379 4289145 0 0 0 	124928437 4289145 0 	455.716 	3 	1
14416100000000 14416200000249 	46200118022 132645047236 4300095 	46195817927 4300095 0 0 0 	125254009 4300095 0 	455.641 	3 	1
14435300000000 14435400000249 	46400118520 133222522848 4310878 	46395807642 4310878 0 0 0 	125573223 4310878 0 	455.567 	3 	1
14454500000000 14454600000088 	46600118696 133799961353 4321319 	46595797377 4321319 0 0 0 	125881662 4321319 0 	455.479 	3 	1
14473700000000 14473800000088 	46800118872 134377449280 4331797 	46795787075 4331797 0 0 0 	126188256 4331797 0 	455.392 	3 	1
14492900000000 14493000000088 	47000119048 134954995662 4342287 	46995776761 4342287 0 0 0 	126498746 4342287 0 	455.306 	3 	1
14512100000000 14512200000088 	47200119224 135532576805 4352638 	47195766586 4352638 0 0 0 	126806175 4352638 0 	455.221 	3 	1
14531300000000 14531400000088 	47400119400 136110116521 4362927 	47395756473 4362927 0 0 0 	127111248 4362927 0 	455.136 	3 	1
14550500000000 14550600000110 	47600119620 136687715140 4373100 	47595746520 4373100 0 0 0 	127405192 4373100 0 	455.043 	3 	1
14569700000000 14569800000110 	47800119840 137265413855 4383037 	47795736803 4383037 0 0 0 	127697256 4383037 0 	454.95 	3 	1
14588900000000 14589000000110 	48000120060 137843014857 4392908 	47995727152 4392908 0 0 0 	127988360 4392908 0 	454.859 	3 	1
14608100000000 14608200000110 	48200120280 138420733080 4402469 	48195717811 4402469 0 0 0 	128268687 4402469 0 	454.768 	3 	1
14627300000000 14627400000110 	48400120500 138998477056 4411986 	48395708514 4411986 0 0 0 	128546343 4411986 0 	454.678 	3 	1
14646500000000 14646600000189 	48600120878 139576191763 4421355 	48595699523 4421355 0 0 0 	128831297 4421355 0 	454.576 	3 	1
14665700000000 14665800000189 	48800121256 140153976724 4430554 	48795690702 4430554 0 0 0 	129104262 4430554 0 	454.474 	3 	1
14684900000000 14685000000189 	49000121634 140731735844 4439797 	48995681837 4439797 0 0 0 	129375161 4439797 0 	454.373 	3 	1
14704100000000 14704200000189 	49200122012 141309521714 4448811 	49195673201 4448811 0 0 0 	129635709 4448811 0 	454.273 	3 	1
14723300000000 14723400000189 	49400122390 141887291638 4457787 	49395664603 4457787 0 0 0 	129900055 4457787 0 	454.173 	3 	1
14742500000000 14742600000060 	49600122510 142465097679 4466476 	49595656034 4466476 0 0 0 	130157992 4466476 0 	454.061 	3 	1
14761700000000 14761800000060 	49800122630 143042924548 4474966 	49795647664 4474966 0 0 0 	130403021 4474966 0 	453.95 	3 	1
14780900000000 14781000000060 	50000122750 143620822260 4483517 	49995639233 4483517 0 0 0 	130653094 4483517 0 	453.84 	3 	1
14800100000000 14800200000060 	50200122870 144198715370 4492001 	50195630869 4492001 0 0 0 	130903232 4492001 0 	453.731 	3 	1
14819300000000 14819400000060 	50400122990 144776617032 4500434 	50395622556 4500434 0 0 0 	131148482 4500434 0 	453.623 	3 	1
14838500000000 14838600000375 	50600123740 145354614217 4508745 	50595614995 4508745 0 0 0 	131396559 4508745 0 	453.502 	3 	1
14857700000000 14857800000375 	50800124490 145932579032 4516742 	50795607748 4516742 0 0 0 	131627165 4516742 0 	453.382 	3 	1
