10000600000000 10000700000308 	200000616 570644685 36711 	199963905 36711 0 0 0 	1067434 36711 0 	508 	3 	6
10019800000000 10019900000152 	400000920 1141364381 72802 	399928118 72802 0 0 0 	2111358 72802 0 	505.992 	3 	6
10039000000000 10039100000152 	600001224 1712066963 108398 	599892826 108398 0 0 0 	3146193 108398 0 	505.326 	3 	6
10058200000000 10058300000152 	800001528 2282781362 143396 	799858132 143396 0 0 0 	4164675 143396 0 	504.994 	3 	6
10077400000000 10077500000152 	1000001832 2853566959 178225 	999823607 178225 0 0 0 	5175867 178225 0 	504.795 	3 	6
10096600000000 10096700000000 	1200001832 3424371458 212241 	1199789591 212241 0 0 0 	6156450 212241 0 	503.989 	3 	6
10115800000000 10115900000000 	1400001832 3995165620 245776 	1399756056 245776 0 0 0 	7131469 245776 0 	503.416 	3 	6
10135000000000 10135100000000 	1600001832 4566088036 278478 	1599723354 278478 0 0 0 	8082983 278478 0 	502.986 	3 	6
10154200000000 10154300000000 	1800001832 5137040805 310796 	1799691036 310796 0 0 0 	9023179 310796 0 	502.653 	3 	6
10173400000000 10173500000048 	2000001928 5707978879 342560 	1999659368 342560 0 0 0 	9942763 342560 0 	501.979 	3 	6
10192600000000 10192700000048 	2200002024 6279019590 373566 	2199628458 373566 0 0 0 	10847218 373566 0 	501.43 	3 	6
10211800000000 10211900000048 	2400002120 6850015250 404583 	2399597537 404583 0 0 0 	11745817 404583 0 	500.973 	3 	6
10231000000000 10231100000048 	2600002216 7421091332 434785 	2599567431 434785 0 0 0 	12614581 434785 0 	500.587 	3 	6
10250200000000 10250300000476 	2800003168 7992274986 464678 	2799538490 464678 0 0 0 	13480834 464678 0 	499.963 	3 	6
10269400000000 10269500000476 	3000004120 8563377486 493853 	2999510267 493853 0 0 0 	14324153 493853 0 	499.425 	3 	6
10288600000000 10288700000476 	3200005072 9134518531 522363 	3199482709 522363 0 0 0 	15152293 522363 0 	498.954 	3 	6
10307800000000 10307900000476 	3400006024 9705708045 550801 	3399455223 550801 0 0 0 	15975726 550801 0 	498.539 	3 	6
10327000000000 10327100000011 	3600006046 10276894725 578755 	3599427291 578755 0 0 0 	16784399 578755 0 	498 	3 	6
10346200000000 10346300000011 	3800006068 10848202302 606164 	3799399904 606164 0 0 0 	17573836 606164 0 	497.518 	3 	6
10365400000000 10365500000011 	4000006090 11419501327 633152 	3999372938 633152 0 0 0 	18357487 633152 0 	497.085 	3 	6
10384600000000 10384700000011 	4200006112 11990826704 659872 	4199346240 659872 0 0 0 	19139117 659872 0 	496.694 	3 	6
10403800000000 10403900000210 	4400006532 12562154801 685914 	4399320618 685914 0 0 0 	19892034 685914 0 	496.15 	3 	6
10423000000000 10423100000210 	4600006952 13133529276 711673 	4599295279 711673 0 0 0 	20633939 711673 0 	495.655 	3 	6
10442200000000 10442300000210 	4800007372 13704916562 736924 	4799270448 736924 0 0 0 	21364535 736924 0 	495.201 	3 	6
10461400000000 10461500000210 	5000007792 14276381283 761850 	4999245942 761850 0 0 0 	22090554 761850 0 	494.785 	3 	6
10480600000000 10480700000381 	5200008554 14847855022 786555 	5199221999 786555 0 0 0 	22805203 786555 0 	494.24 	3 	6
10499800000000 10499900000381 	5400009316 15419351447 810885 	5399198431 810885 0 0 0 	23514580 810885 0 	493.737 	3 	6
10519000000000 10519100000381 	5600010078 15990874400 834797 	5599175281 834797 0 0 0 	24211254 834797 0 	493.27 	3 	6
10538200000000 10538300000381 	5800010840 16562431792 858060 	5799152780 858060 0 0 0 	24888286 858060 0 	492.837 	3 	6
10557400000000 10557500000468 	6000011776 17134026406 881351 	5999130425 881351 0 0 0 	25570835 881351 0 	492.327 	3 	6
10576600000000 10576700000468 	6200012712 17705669025 904107 	6199108605 904107 0 0 0 	26233858 904107 0 	491.852 	3 	6
10595800000000 10595900000468 	6400013648 18277309681 926293 	6399087355 926293 0 0 0 	26880491 926293 0 	491.407 	3 	6
10615000000000 10615100000468 	6600014584 18848981519 948367 	6599066217 948367 0 0 0 	27519036 948367 0 	490.99 	3 	6
10634200000000 10634300000254 	6800015092 19420709277 970106 	6799044986 970106 0 0 0 	28140558 970106 0 	490.473 	3 	6
10653400000000 10653500000254 	7000015600 19992527053 991276 	6999024324 991276 0 0 0 	28753781 991276 0 	489.986 	3 	6
10672600000000 10672700000254 	7200016108 20564269199 1012097 	7199004011 1012097 0 0 0 	29359463 1012097 0 	489.527 	3 	6
10691800000000 10691900000254 	7400016616 21136011502 1032588 	7398984028 1032588 0 0 0 	29958950 1032588 0 	489.094 	3 	6
10711000000000 10711100000365 	7600017346 21707848255 1052667 	7598964679 1052667 0 0 0 	30538962 1052667 0 	488.6 	3 	6
10730200000000 10730300000365 	7800018076 22279666447 1072417 	7798945659 1072417 0 0 0 	31115326 1072417 0 	488.133 	3 	6
10749400000000 10749500000365 	8000018806 22851569926 1091912 	7998926894 1091912 0 0 0 	31676708 1091912 0 	487.689 	3 	6
10768600000000 10768700000365 	8200019536 23423520193 1111236 	8198908300 1111236 0 0 0 	32241129 1111236 0 	487.268 	3 	6
10787800000000 10787900000368 	8400020272 23995542148 1130338 	8398889934 1130338 0 0 0 	32793175 1130338 0 	486.791 	3 	6
10807000000000 10807100000368 	8600021008 24567466566 1148979 	8598872029 1148979 0 0 0 	33333168 1148979 0 	486.337 	3 	6
10826200000000 10826300000368 	8800021744 25139472318 1167595 	8798854149 1167595 0 0 0 	33871418 1167595 0 	485.904 	3 	6
10845400000000 10845500000368 	9000022480 25711548018 1185407 	8998837073 1185407 0 0 0 	34388247 1185407 0 	485.491 	3 	6
10864600000000 10864700000352 	9200023184 26283727821 1203085 	9198820099 1203085 0 0 0 	34895587 1203085 0 	485.003 	3 	6
10883800000000 10883900000352 	9400023888 26855863196 1220624 	9398803264 1220624 0 0 0 	35404865 1220624 0 	484.536 	3 	6
10903000000000 10903100000352 	9600024592 27428021529 1237862 	9598786730 1237862 0 0 0 	35900096 1237862 0 	484.09 	3 	6
10922200000000 10922300000352 	9800025296 28000231372 1254760 	9798770536 1254760 0 0 0 	36388933 1254760 0 	483.663 	3 	6
10941400000000 10941500000120 	10000025536 28572476636 1271331 	9998754205 1271331 0 0 0 	36866198 1271331 0 	483.188 	3 	6
10960600000000 10960700000120 	10200025776 29144760379 1287845 	10198737931 1287845 0 0 0 	37343314 1287845 0 	482.732 	3 	6
10979800000000 10979900000120 	10400026016 29717015184 1303895 	10398722121 1303895 0 0 0 	37805857 1303895 0 	482.295 	3 	6
10999000000000 10999100000120 	10600026256 30289364454 1319860 	10598706396 1319860 0 0 0 	38271261 1319860 0 	481.875 	3 	6
11018200000000 11018300000178 	10800026612 30861696240 1335556 	10798691056 1335556 0 0 0 	38725904 1335556 0 	481.41 	3 	6
11037400000000 11037500000178 	11000026968 31434024646 1350738 	10998676230 1350738 0 0 0 	39168247 1350738 0 	480.963 	3 	6
11056600000000 11056700000178 	11200027324 32006478866 1365943 	11198661381 1365943 0 0 0 	39605851 1365943 0 	480.533 	3 	6
11075800000000 11075900000178 	11400027680 32578921588 1380830 	11398646850 1380830 0 0 0 	40043419 1380830 0 	480.118 	3 	6
11095000000000 11095100000355 	11600028390 33151380852 1395389 	11598633001 1395389 0 0 0 	40465932 1395389 0 	479.662 	3 	6
11114200000000 11114300000355 	11800029100 33723871930 1409722 	11798619378 1409722 0 0 0 	40881568 1409722 0 	479.222 	3 	6
11133400000000 11133500000355 	12000029810 34296381193 1423653 	11998606157 1423653 0 0 0 	41283941 1423653 0 	478.797 	3 	6
11152600000000 11152700000355 	12200030520 34868985378 1437869 	12198592651 1437869 0 0 0 	41695763 1437869 0 	478.387 	3 	6
11171800000000 11171900000230 	12400030980 35441559532 1451643 	12398579337 1451643 0 0 0 	42091250 1451643 0 	477.919 	3 	6
11191000000000 11191100000230 	12600031440 36014138791 1465021 	12598566419 1465021 0 0 0 	42477780 1465021 0 	477.466 	3 	6
11210200000000 11210300000230 	12800031900 36586850615 1478208 	12798553692 1478208 0 0 0 	42863024 1478208 0 	477.029 	3 	6
11229400000000 11229500000230 	13000032360 37159521127 1491373 	12998540987 1491373 0 0 0 	43242503 1491373 0 	476.606 	3 	6
11248600000000 11248700000230 	13200032820 37732213005 1504217 	13198528603 1504217 0 0 0 	43614544 1504217 0 	476.196 	3 	6
11267800000000 11267900000320 	13400033460 38304979350 1516978 	13398516482 1516978 0 0 0 	43988960 1516978 0 	475.749 	3 	6
11287000000000 11287100000320 	13600034100 38877753239 1529391 	13598504709 1529391 0 0 0 	44348045 1529391 0 	475.316 	3 	6
11306200000000 11306300000320 	13800034740 39450552170 1541569 	13798493171 1541569 0 0 0 	44704812 1541569 0 	474.897 	3 	6
11325400000000 11325500000320 	14000035380 40023395045 1553568 	13998481812 1553568 0 0 0 	45052740 1553568 0 	474.49 	3 	6
11344600000000 11344700000400 	14200036180 40596237603 1565415 	14198470765 1565415 0 0 0 	45402937 1565415 0 	474.047 	3 	6
11363800000000 11363900000400 	14400036980 41169196755 1577171 	14398459809 1577171 0 0 0 	45746131 1577171 0 	473.618 	3 	6
11383000000000 11383100000400 	14600037780 41742115381 1588665 	14598449115 1588665 0 0 0 	46083206 1588665 0 	473.201 	3 	6
11402200000000 11402300000400 	14800038580 42315094022 1599968 	14798438612 1599968 0 0 0 	46409306 1599968 0 	472.796 	3 	6
11421400000000 11421500000290 	15000039160 42888090560 1611305 	14998427855 1611305 0 0 0 	46740029 1611305 0 	472.357 	3 	6
11440600000000 11440700000290 	15200039740 43461126892 1622305 	15198417435 1622305 0 0 0 	47063115 1622305 0 	471.931 	3 	6
11459800000000 11459900000290 	15400040320 44034152893 1632924 	15398407396 1632924 0 0 0 	47369005 1632924 0 	471.516 	3 	6
11479000000000 11479100000290 	15600040900 44607231009 1643574 	15598397326 1643574 0 0 0 	47676655 1643574 0 	471.113 	3 	6
11498200000000 11498300000249 	15800041398 45180313176 1654078 	15798387320 1654078 0 0 0 	47981481 1654078 0 	470.677 	3 	6
11517400000000 11517500000249 	16000041896 45753476845 1664409 	15998377487 1664409 0 0 0 	48285363 1664409 0 	470.253 	3 	6
11536600000000 11536700000249 	16200042394 46326632779 1674597 	16198367797 1674597 0 0 0 	48585067 1674597 0 	469.84 	3 	6
11555800000000 11555900000249 	16400042892 46899860727 1684651 	16398358241 1684651 0 0 0 	48880282 1684651 0 	469.438 	3 	6
11575000000000 11575100000088 	16600043068 47473074522 1694411 	16598348657 1694411 0 0 0 	49166705 1694411 0 	469.004 	3 	6
11594200000000 11594300000088 	16800043244 48046354267 1703908 	16798339336 1703908 0 0 0 	49439284 1703908 0 	468.582 	3 	6
11613400000000 11613500000088 	17000043420 48619706541 1713401 	16998330019 1713401 0 0 0 	49716057 1713401 0 	468.17 	3 	6
11632600000000 11632700000088 	17200043596 49193042149 1722605 	17198320991 1722605 0 0 0 	49985007 1722605 0 	467.769 	3 	6
11651800000000 11651900000110 	17400043816 49766414555 1731793 	17398312023 1731793 0 0 0 	50251868 1731793 0 	467.351 	3 	6
11671000000000 11671100000110 	17600044036 50339837488 1740849 	17598303187 1740849 0 0 0 	50517202 1740849 0 	466.943 	3 	6
11690200000000 11690300000110 	17800044256 50913277402 1749628 	17798294628 1749628 0 0 0 	50768612 1749628 0 	466.545 	3 	6
11709400000000 11709500000110 	18000044476 51486743462 1758181 	17998286295 1758181 0 0 0 	51016649 1758181 0 	466.157 	3 	6
11728600000000 11728700000189 	18200044854 52060237715 1766842 	18198278012 1766842 0 0 0 	51272876 1766842 0 	465.739 	3 	6
11747800000000 11747900000189 	18400045232 52633739873 1775488 	18398269744 1775488 0 0 0 	51526392 1775488 0 	465.332 	3 	6
11767000000000 11767100000100 	18600045432 53207288265 1779771 	18598265661 1779771 0 0 0 	51651422 1779771 0 	464.573 	3 	6
11786200000000 11786300000314 	18800046060 53780809850 1783892 	18798262168 1783892 0 0 0 	51774852 1783892 0 	463.805 	3 	6
11805400000000 11805500000314 	19000046688 54354349566 1787883 	18998258805 1787883 0 0 0 	51891742 1787883 0 	463.056 	3 	6
11824600000000 11824700000314 	19200047316 54927882775 1791811 	19198255505 1791811 0 0 0 	52003852 1791811 0 	462.325 	3 	6
11843800000000 11843900000314 	19400047944 55501518983 1795693 	19398252251 1795693 0 0 0 	52114349 1795693 0 	461.61 	3 	6
11863000000000 11863100000173 	19600048290 56075168818 1799575 	19598248715 1799575 0 0 0 	52226656 1799575 0 	460.873 	3 	6
11882200000000 11882300000173 	19800048636 56648842019 1803247 	19798245389 1803247 0 0 0 	52331058 1803247 0 	460.152 	3 	6
11901400000000 11901500000173 	20000048982 57222569559 1807080 	19998241902 1807080 0 0 0 	52440887 1807080 0 	459.448 	3 	6
11920600000000 11920700000173 	20200049328 57796343376 1810779 	20198238549 1810779 0 0 0 	52545474 1810779 0 	458.759 	3 	6
11939800000000 11939900000330 	20400049988 58370096450 1814358 	20398235630 1814358 0 0 0 	52650868 1814358 0 	458.061 	3 	6
11959000000000 11959100000330 	20600050648 58943964493 1817970 	20598232678 1817970 0 0 0 	52756575 1817970 0 	457.378 	3 	6
11978200000000 11978300000330 	20800051308 59517806159 1821484 	20798229824 1821484 0 0 0 	52859476 1821484 0 	456.71 	3 	6
11997400000000 11997500000330 	21000051968 60091693439 1824830 	20998227138 1824830 0 0 0 	52957640 1824830 0 	456.057 	3 	6
12016600000000 12016700000352 	21200052672 60665648250 1828176 	21198224496 1828176 0 0 0 	53052566 1828176 0 	455.38 	3 	6
12035800000000 12035900000352 	21400053376 61239600391 1831550 	21398221826 1831550 0 0 0 	53153128 1831550 0 	454.718 	3 	6
12055000000000 12055100000352 	21600054080 61813548635 1834780 	21598219300 1834780 0 0 0 	53249221 1834780 0 	454.07 	3 	6
12074200000000 12074300000376 	21800054832 62387614758 1837960 	21798216872 1837960 0 0 0 	53344685 1837960 0 	453.411 	3 	6
12093400000000 12093500000376 	22000055584 62961616606 1841033 	21998214551 1841033 0 0 0 	53432096 1841033 0 	452.767 	3 	6
12112600000000 12112700000376 	22200056336 63535635516 1844165 	22198212171 1844165 0 0 0 	53521439 1844165 0 	452.135 	3 	6
12131800000000 12131900000376 	22400057088 64109739711 1847132 	22398209956 1847132 0 0 0 	53609163 1847132 0 	451.517 	3 	6
12151000000000 12151100000290 	22600057668 64683859052 1850122 	22598207546 1850122 0 0 0 	53695772 1850122 0 	450.887 	3 	6
12170200000000 12170300000290 	22800058248 65258027701 1853004 	22798205244 1853004 0 0 0 	53776626 1853004 0 	450.271 	3 	6
12189400000000 12189500000290 	23000058828 65832196299 1855809 	22998203019 1855809 0 0 0 	53856758 1855809 0 	449.666 	3 	6
12208600000000 12208700000290 	23200059408 66406363063 1858731 	23198200677 1858731 0 0 0 	53941239 1858731 0 	449.074 	3 	6
12227800000000 12227900000026 	23400059460 66980620672 1861523 	23398197937 1861523 0 0 0 	54020441 1861523 0 	448.459 	3 	6
12247000000000 12247100000026 	23600059512 67554843782 1864229 	23598195283 1864229 0 0 0 	54101396 1864229 0 	447.857 	3 	6
12266200000000 12266300000026 	23800059564 68129145515 1866870 	23798192694 1866870 0 0 0 	54178296 1866870 0 	447.266 	3 	6
12285400000000 12285500000026 	24000059616 68703450942 1869501 	23998190115 1869501 0 0 0 	54255108 1869501 0 	446.686 	3 	6
12304600000000 12304700000285 	24200060186 69277837426 1872212 	24198187974 1872212 0 0 0 	54334919 1872212 0 	446.095 	3 	6
12323800000000 12323900000285 	24400060756 69852224454 1874799 	24398185957 1874799 0 0 0 	54411921 1874799 0 	445.516 	3 	6
12343000000000 12343100000285 	24600061326 70426569327 1877263 	24598184063 1877263 0 0 0 	54483253 1877263 0 	444.947 	3 	6
12362200000000 12362300000285 	24800061896 71001034716 1879708 	24798182188 1879708 0 0 0 	54554470 1879708 0 	444.389 	3 	6
12381400000000 12381500000151 	25000062198 71575542266 1882054 	24998180144 1882054 0 0 0 	54624259 1882054 0 	443.82 	3 	6
12400600000000 12400700000151 	25200062500 72150005601 1884321 	25198178179 1884321 0 0 0 	54689247 1884321 0 	443.261 	3 	6
12419800000000 12419900000308 	25400063116 72724865321 1925868 	25398137248 1925868 0 0 0 	55892577 1925868 0 	443.707 	3 	6
12439000000000 12439100000308 	25600063732 73299688062 1966930 	25598096802 1966930 0 0 0 	57086592 1966930 0 	444.146 	3 	6
12458200000000 12458300000308 	25800064348 73874547889 2007389 	25798056959 2007389 0 0 0 	58264340 2007389 0 	444.579 	3 	6
12477400000000 12477500000308 	26000064964 74449446896 2047401 	25998017563 2047401 0 0 0 	59424622 2047401 0 	445.006 	3 	6
12496600000000 12496700000308 	26200065580 75024383144 2087151 	26197978429 2087151 0 0 0 	60581890 2087151 0 	445.428 	3 	6
12515800000000 12515900000152 	26400065884 75599329357 2126010 	26397939874 2126010 0 0 0 	61713513 2126010 0 	445.82 	3 	6
12535000000000 12535100000152 	26600066188 76174283105 2164485 	26597901703 2164485 0 0 0 	62841102 2164485 0 	446.208 	3 	6
12554200000000 12554300000152 	26800066492 76749308550 2202576 	26797863916 2202576 0 0 0 	63947895 2202576 0 	446.59 	3 	6
12573400000000 12573500000152 	27000066796 77324335025 2239984 	26997826812 2239984 0 0 0 	65044547 2239984 0 	446.967 	3 	6
12592600000000 12592700000152 	27200067100 77899369398 2276931 	27197790169 2276931 0 0 0 	66128900 2276931 0 	447.339 	3 	6
12611800000000 12611900000000 	27400067100 78474356510 2313545 	27397753555 2313545 0 0 0 	67190861 2313545 0 	447.683 	3 	6
12631000000000 12631100000000 	27600067100 79049476100 2349351 	27597717749 2349351 0 0 0 	68232323 2349351 0 	448.023 	3 	6
12650200000000 12650300000000 	27800067100 79624642344 2384896 	27797682204 2384896 0 0 0 	69260739 2384896 0 	448.358 	3 	6
12669400000000 12669500000000 	28000067100 80199828881 2420012 	27997647088 2420012 0 0 0 	70273369 2420012 0 	448.689 	3 	6
12688600000000 12688700000000 	28200067100 80774996495 2454862 	28197612238 2454862 0 0 0 	71294843 2454862 0 	449.016 	3 	6
12707800000000 12707900000048 	28400067196 81350205018 2489519 	28397577677 2489519 0 0 0 	72307808 2489519 0 	449.316 	3 	6
12727000000000 12727100000048 	28600067292 81925450993 2523501 	28597543791 2523501 0 0 0 	73301792 2523501 0 	449.612 	3 	6
12746200000000 12746300000048 	28800067388 82500689744 2556803 	28797510585 2556803 0 0 0 	74280007 2556803 0 	449.904 	3 	6
12765400000000 12765500000048 	29000067484 83075961865 2589678 	28997477806 2589678 0 0 0 	75235451 2589678 0 	450.193 	3 	6
12784600000000 12784700000048 	29200067580 83651266859 2622232 	29197445348 2622232 0 0 0 	76193607 2622232 0 	450.478 	3 	6
12803800000000 12803900000476 	29400068532 84226617995 2654551 	29397413981 2654551 0 0 0 	77137506 2654551 0 	450.736 	3 	6
12823000000000 12823100000476 	29600069484 84801939821 2686422 	29597383062 2686422 0 0 0 	78069740 2686422 0 	450.992 	3 	6
12842200000000 12842300000476 	29800070436 85377369146 2717851 	29797352585 2717851 0 0 0 	78984000 2717851 0 	451.244 	3 	6
12861400000000 12861500000476 	30000071388 85952766171 2748848 	29997322540 2748848 0 0 0 	79888797 2748848 0 	451.494 	3 	6
12880600000000 12880700000476 	30200072340 86528229380 2779305 	30197293035 2779305 0 0 0 	80779412 2779305 0 	451.74 	3 	6
12899800000000 12899900000011 	30400072362 87103726990 2809400 	30397262962 2809400 0 0 0 	81665022 2809400 0 	451.967 	3 	6
12919000000000 12919100000011 	30600072384 87679256079 2839024 	30597233360 2839024 0 0 0 	82528928 2839024 0 	452.19 	3 	6
12938200000000 12938300000011 	30800072406 88254740653 2868257 	30797204149 2868257 0 0 0 	83380358 2868257 0 	452.412 	3 	6
12957400000000 12957500000011 	31000072428 88830319377 2896982 	30997175446 2896982 0 0 0 	84214063 2896982 0 	452.63 	3 	6
12976600000000 12976700000011 	31200072450 89405905802 2925773 	31197146677 2925773 0 0 0 	85056687 2925773 0 	452.846 	3 	6
12995800000000 12995900000210 	31400072870 89981509147 2953922 	31397118948 2953922 0 0 0 	85875082 2953922 0 	453.037 	3 	6
13015000000000 13015100000210 	31600073290 90557218136 2981897 	31597091393 2981897 0 0 0 	86694663 2981897 0 	453.226 	3 	6
13034200000000 13034300000210 	31800073710 91132903349 3009555 	31797064155 3009555 0 0 0 	87497550 3009555 0 	453.413 	3 	6
13053400000000 13053500000210 	32000074130 91708514023 3036393 	31997037737 3036393 0 0 0 	88286430 3036393 0 	453.598 	3 	6
13072600000000 13072700000210 	32200074550 92284235741 3062877 	32197011673 3062877 0 0 0 	89068126 3062877 0 	453.78 	3 	6
13091800000000 13091900000381 	32400075312 92859939025 3089504 	32396985808 3089504 0 0 0 	89842983 3089504 0 	453.939 	3 	6
13111000000000 13111100000381 	32600076074 93435621028 3115627 	32596960447 3115627 0 0 0 	90602362 3115627 0 	454.096 	3 	6
13130200000000 13130300000381 	32800076836 94011340780 3141664 	32796935172 3141664 0 0 0 	91366857 3141664 0 	454.25 	3 	6
13149400000000 13149500000381 	33000077598 94587161622 3167486 	32996910112 3167486 0 0 0 	92126406 3167486 0 	454.404 	3 	6
13168600000000 13168700000381 	33200078360 95162967353 3192547 	33196885813 3192547 0 0 0 	92862001 3192547 0 	454.555 	3 	6
13187800000000 13187900000381 	33400079122 95738834914 3217496 	33396861626 3217496 0 0 0 	93593882 3217496 0 	454.705 	3 	6
13207000000000 13207100000468 	33600080058 96314702782 3242167 	33596837891 3242167 0 0 0 	94310037 3242167 0 	454.837 	3 	6
13226200000000 13226300000468 	33800080994 96890610425 3266730 	33796814264 3266730 0 0 0 	95018691 3266730 0 	454.967 	3 	6
13245400000000 13245500000468 	34000081930 97466549891 3290593 	33996791337 3290593 0 0 0 	95714400 3290593 0 	455.096 	3 	6
13264600000000 13264700000468 	34200082866 98042456141 3314123 	34196768743 3314123 0 0 0 	96403186 3314123 0 	455.224 	3 	6
13283800000000 13283900000468 	34400083802 98618446257 3337404 	34396746398 3337404 0 0 0 	97078952 3337404 0 	455.35 	3 	6
13303000000000 13303100000254 	34600084310 99194471241 3360848 	34596723462 3360848 0 0 0 	97766703 3360848 0 	455.453 	3 	6
13322200000000 13322300000254 	34800084818 99770493570 3383513 	34796701305 3383513 0 0 0 	98435508 3383513 0 	455.556 	3 	6
13341400000000 13341500000254 	35000085326 100346586932 3406031 	34996679295 3406031 0 0 0 	99086325 3406031 0 	455.657 	3 	6
13360600000000 13360700000254 	35200085834 100922716722 3428166 	35196657668 3428166 0 0 0 	99727227 3428166 0 	455.757 	3 	6
13379800000000 13379900000254 	35400086342 101498826597 3450280 	35396636062 3450280 0 0 0 	100373271 3450280 0 	455.856 	3 	6
13399000000000 13399100000365 	35600087072 102074930545 3471989 	35596615083 3471989 0 0 0 	101004172 3471989 0 	455.939 	3 	6
13418200000000 13418300000365 	35800087802 102651071277 3493315 	35796594487 3493315 0 0 0 	101627962 3493315 0 	456.02 	3 	6
13437400000000 13437500000365 	36000088532 103227284179 3514420 	35996574112 3514420 0 0 0 	102245987 3514420 0 	456.101 	3 	6
13456600000000 13456700000365 	36200089262 103803485334 3535214 	36196554048 3535214 0 0 0 	102851558 3535214 0 	456.181 	3 	6
13475800000000 13475900000365 	36400089992 104379691128 3555850 	36396534142 3555850 0 0 0 	103451979 3555850 0 	456.26 	3 	6
13495000000000 13495100000368 	36600090728 104955934693 3576128 	36596514600 3576128 0 0 0 	104043775 3576128 0 	456.322 	3 	6
13514200000000 13514300000368 	36800091464 105532206259 3596114 	36796495350 3596114 0 0 0 	104623227 3596114 0 	456.384 	3 	6
13533400000000 13533500000368 	37000092200 106108504865 3615736 	36996476464 3615736 0 0 0 	105190538 3615736 0 	456.445 	3 	6
13552600000000 13552700000368 	37200092936 106684811640 3635198 	37196457738 3635198 0 0 0 	105758806 3635198 0 	456.506 	3 	6
13571800000000 13571900000368 	37400093672 107261130818 3654244 	37396439428 3654244 0 0 0 	106318904 3654244 0 	456.566 	3 	6
13591000000000 13591100000352 	37600094376 107837551753 3673082 	37596421294 3673082 0 0 0 	106866342 3673082 0 	456.605 	3 	6
13610200000000 13610300000352 	37800095080 108413916105 3691931 	37796403149 3691931 0 0 0 	107409364 3691931 0 	456.643 	3 	6
13629400000000 13629500000352 	38000095784 108990342358 3710333 	37996385451 3710333 0 0 0 	107940517 3710333 0 	456.681 	3 	6
13648600000000 13648700000352 	38200096488 109566781915 3728678 	38196367810 3728678 0 0 0 	108475549 3728678 0 	456.719 	3 	6
13667800000000 13667900000352 	38400097192 110143185722 3746605 	38396350587 3746605 0 0 0 	109003047 3746605 0 	456.756 	3 	6
13687000000000 13687100000120 	38600097432 110719674677 3764337 	38596333095 3764337 0 0 0 	109526005 3764337 0 	456.778 	3 	6
13706200000000 13706300000120 	38800097672 111296156641 3782202 	38796315470 3782202 0 0 0 	110042202 3782202 0 	456.8 	3 	6
13725400000000 13725500000120 	39000097912 111872665234 3799516 	38996298396 3799516 0 0 0 	110548220 3799516 0 	456.821 	3 	6
13744600000000 13744700000120 	39200098152 112449206035 3816661 	39196281491 3816661 0 0 0 	111050978 3816661 0 	456.842 	3 	6
13763800000000 13763900000120 	39400098392 113025735498 3833815 	39396264577 3833815 0 0 0 	111555662 3833815 0 	456.863 	3 	6
13783000000000 13783100000178 	39600098748 113602322708 3850480 	39596248268 3850480 0 0 0 	112044463 3850480 0 	456.869 	3 	6
13802200000000 13802300000178 	39800099104 114178986001 3867136 	39796231968 3867136 0 0 0 	112533790 3867136 0 	456.874 	3 	6
13821400000000 13821500000178 	40000099460 114755650924 3883443 	39996216017 3883443 0 0 0 	113010019 3883443 0 	456.88 	3 	6
13840600000000 13840700000178 	40200099816 115332339806 3899602 	40196200214 3899602 0 0 0 	113482215 3899602 0 	456.886 	3 	6
13859800000000 13859900000178 	40400100172 115909013874 3915295 	40396184877 3915295 0 0 0 	113939568 3915295 0 	456.891 	3 	6
13879000000000 13879100000355 	40600100882 116485714831 3931152 	40596169730 3931152 0 0 0 	114400694 3931152 0 	456.882 	3 	6
13898200000000 13898300000355 	40800101592 117062398561 3946621 	40796154971 3946621 0 0 0 	114849008 3946621 0 	456.873 	3 	6
13917400000000 13917500000355 	41000102302 117639181874 3961849 	40996140453 3961849 0 0 0 	115298219 3961849 0 	456.863 	3 	6
13936600000000 13936700000355 	41200103012 118216029615 3976866 	41196126146 3976866 0 0 0 	115740789 3976866 0 	456.854 	3 	6
13955800000000 13955900000355 	41400103722 118792908300 3991761 	41396111961 3991761 0 0 0 	116181635 3991761 0 	456.845 	3 	6
13975000000000 13975100000230 	41600104182 119369782183 4006305 	41596097877 4006305 0 0 0 	116610543 4006305 0 	456.817 	3 	6
13994200000000 13994300000230 	41800104642 119946729348 4020731 	41796083911 4020731 0 0 0 	117034754 4020731 0 	456.789 	3 	6
14013400000000 14013500000230 	42000105102 120523699793 4035039 	41996070063 4035039 0 0 0 	117460357 4035039 0 	456.761 	3 	6
14032600000000 14032700000230 	42200105562 121100678957 4049280 	42196056282 4049280 0 0 0 	117878757 4049280 0 	456.733 	3 	6
14051800000000 14051900000230 	42400106022 121677589364 4063259 	42396042763 4063259 0 0 0 	118290989 4063259 0 	456.706 	3 	6
14071000000000 14071100000320 	42600106662 122254621485 4077039 	42596029623 4077039 0 0 0 	118691979 4077039 0 	456.664 	3 	6
14090200000000 14090300000320 	42800107302 122831652697 4090656 	42796016646 4090656 0 0 0 	119088519 4090656 0 	456.623 	3 	6
14109400000000 14109500000320 	43000107942 123408653578 4103950 	42996003992 4103950 0 0 0 	119478205 4103950 0 	456.582 	3 	6
14128600000000 14128700000320 	43200108582 123985741593 4117129 	43195991453 4117129 0 0 0 	119862398 4117129 0 	456.541 	3 	6
14147800000000 14147900000320 	43400109222 124562812304 4130232 	43395978990 4130232 0 0 0 	120239316 4130232 0 	456.501 	3 	6
14167000000000 14167100000400 	43600110022 125139961500 4143183 	43595966839 4143183 0 0 0 	120620603 4143183 0 	456.447 	3 	6
14186200000000 14186300000400 	43800110822 125717099508 4155968 	43795954854 4155968 0 0 0 	120995761 4155968 0 	456.394 	3 	6
14205400000000 14205500000400 	44000111622 126294312002 4168854 	43995942768 4168854 0 0 0 	121373295 4168854 0 	456.34 	3 	6
14224600000000 14224700000400 	44200112422 126871519421 4181266 	44195931156 4181266 0 0 0 	121735890 4181266 0 	456.288 	3 	6
14243800000000 14243900000400 	44400113222 127448752354 4193690 	44395919532 4193690 0 0 0 	122102082 4193690 0 	456.236 	3 	6
14263000000000 14263100000290 	44600113802 128025986209 4205871 	44595907931 4205871 0 0 0 	122459714 4205871 0 	456.17 	3 	6
14282200000000 14282300000290 	44800114382 128603287949 4217889 	44795896493 4217889 0 0 0 	122814753 4217889 0 	456.105 	3 	6
14301400000000 14301500000290 	45000114962 129180612090 4229813 	44995885149 4229813 0 0 0 	123161713 4229813 0 	456.04 	3 	6
14320600000000 14320700000290 	45200115542 129757963867 4241375 	45195874167 4241375 0 0 0 	123500216 4241375 0 	455.976 	3 	6
14339800000000 14339900000290 	45400116122 130335302586 4252984 	45395863138 4252984 0 0 0 	123836837 4252984 0 	455.912 	3 	6
14359000000000 14359100000249 	45600116620 130912694759 4264520 	45595852100 4264520 0 0 0 	124170215 4264520 0 	455.835 	3 	6
14378200000000 14378300000249 	45800117118 131490069967 4275593 	45795841525 4275593 0 0 0 	124496442 4275593 0 	455.759 	3 	6
14397400000000 14397500000249 	46000117616 132067525693 4286533 	45995831083 4286533 0 0 0 	124812455 4286533 0 	455.683 	3 	6
14416600000000 14416700000249 	46200118114 132644981658 4297542 	46195820572 4297542 0 0 0 	125135694 4297542 0 	455.608 	3 	6
14435800000000 14435900000249 	46400118612 133222418589 4308475 	46395810137 4308475 0 0 0 	125457458 4308475 0 	455.534 	3 	6
14455000000000 14455100000088 	46600118788 133799855681 4319385 	46595799403 4319385 0 0 0 	125775866 4319385 0 	455.446 	3 	6
14474200000000 14474300000088 	46800118964 134377378154 4329881 	46795789083 4329881 0 0 0 	126084819 4329881 0 	455.36 	3 	6
14493400000000 14493500000088 	47000119140 134954893246 4340221 	46995778919 4340221 0 0 0 	126386280 4340221 0 	455.274 	3 	6
14512600000000 14512700000088 	47200119316 135532455802 4350493 	47195768823 4350493 0 0 0 	126683880 4350493 0 	455.188 	3 	6
14531800000000 14531900000088 	47400119492 136110054949 4360642 	47395758850 4360642 0 0 0 	126983923 4360642 0 	455.104 	3 	6
14551000000000 14551100000110 	47600119712 136687601479 4370645 	47595749067 4370645 0 0 0 	127277748 4370645 0 	455.011 	3 	6
14570200000000 14570300000110 	47800119932 137265242084 4380668 	47795739264 4380668 0 0 0 	127573835 4380668 0 	454.919 	3 	6
14589400000000 14589500000110 	48000120152 137842871808 4390539 	47995729613 4390539 0 0 0 	127867116 4390539 0 	454.827 	3 	6
14608600000000 14608700000110 	48200120372 138420480272 4400045 	48195720327 4400045 0 0 0 	128147411 4400045 0 	454.737 	3 	6
14627800000000 14627900000110 	48400120592 138998218079 4409968 	48395710624 4409968 0 0 0 	128438752 4409968 0 	454.647 	3 	6
14647000000000 14647100000189 	48600120970 139575871806 4419273 	48595701697 4419273 0 0 0 	128710980 4419273 0 	454.544 	3 	6
14666200000000 14666300000189 	48800121348 140153545572 4428428 	48795692920 4428428 0 0 0 	128980791 4428428 0 	454.443 	3 	6
14685400000000 14685500000189 	49000121726 140731295641 4437596 	48995684130 4437596 0 0 0 	129248252 4437596 0 	454.342 	3 	6
14704600000000 14704700000189 	49200122104 141309045284 4446656 	49195675448 4446656 0 0 0 	129513563 4446656 0 	454.242 	3 	6
14723800000000 14723900000189 	49400122482 141886881039 4455635 	49395666847 4455635 0 0 0 	129775407 4455635 0 	454.143 	3 	6
14743000000000 14743100000060 	49600122602 142464723617 4464536 	49595658066 4464536 0 0 0 	130034918 4464536 0 	454.031 	3 	6
14762200000000 14762300000060 	49800122722 143042538114 4473139 	49795649583 4473139 0 0 0 	130283655 4473139 0 	453.92 	3 	6
14781400000000 14781500000060 	50000122842 143620429795 4481759 	49995641083 4481759 0 0 0 	130530591 4481759 0 	453.81 	3 	6
14800600000000 14800700000060 	50200122962 144198250463 4490009 	50195632953 4490009 0 0 0 	130772260 4490009 0 	453.701 	3 	6
14819800000000 14819900000060 	50400123082 144776177301 4498268 	50395624814 4498268 0 0 0 	131012857 4498268 0 	453.593 	3 	6
14839000000000 14839100000375 	50600123832 145354090628 4506472 	50595617360 4506472 0 0 0 	131252570 4506472 0 	453.472 	3 	6
14858200000000 14858300000375 	50800124582 145932065239 4514653 	50795609929 4514653 0 0 0 	131491519 4514653 0 	453.353 	3 	6
