10007500000000 10007600000308 	200000616 570626951 36570 	199964046 36570 0 0 0 	1056406 36570 0 	508 	3 	75
10026700000000 10026800000152 	400000920 1141328586 72495 	399928425 72495 0 0 0 	2099337 72495 0 	505.992 	3 	75
10045900000000 10046000000152 	600001224 1712086483 107960 	599893264 107960 0 0 0 	3119529 107960 0 	505.326 	3 	75
10065100000000 10065200000152 	800001528 2282870606 142782 	799858746 142782 0 0 0 	4131666 142782 0 	504.994 	3 	75
10084300000000 10084400000152 	1000001832 2853694744 177546 	999824286 177546 0 0 0 	5138422 177546 0 	504.795 	3 	75
10103500000000 10103600000000 	1200001832 3424509791 211482 	1199790350 211482 0 0 0 	6112654 211482 0 	503.989 	3 	75
10122700000000 10122800000000 	1400001832 3995317338 244773 	1399757059 244773 0 0 0 	7073772 244773 0 	503.416 	3 	75
10141900000000 10142000000000 	1600001832 4566259679 277319 	1599724513 277319 0 0 0 	8016056 277319 0 	502.986 	3 	75
10161100000000 10161200000000 	1800001832 5137190625 309451 	1799692381 309451 0 0 0 	8939896 309451 0 	502.653 	3 	75
10180300000000 10180400000048 	2000001928 5708147333 341433 	1999660495 341433 0 0 0 	9869088 341433 0 	501.979 	3 	75
10199500000000 10199600000048 	2200002024 6279104607 372320 	2199629704 372320 0 0 0 	10757726 372320 0 	501.43 	3 	75
10218700000000 10218800000048 	2400002120 6850120610 402965 	2399599155 402965 0 0 0 	11644393 402965 0 	500.973 	3 	75
10237900000000 10238000000048 	2600002216 7421204802 433353 	2599568863 433353 0 0 0 	12523604 433353 0 	500.587 	3 	75
10257100000000 10257200000476 	2800003168 7992338693 463024 	2799540144 463024 0 0 0 	13389040 463024 0 	499.963 	3 	75
10276300000000 10276400000476 	3000004120 8563490050 492179 	2999511941 492179 0 0 0 	14228514 492179 0 	499.425 	3 	75
10295500000000 10295600000476 	3200005072 9134619841 521116 	3199483956 521116 0 0 0 	15066518 521116 0 	498.954 	3 	75
10314700000000 10314800000476 	3400006024 9705794044 549163 	3399456861 549163 0 0 0 	15872082 549163 0 	498.539 	3 	75
10333900000000 10334000000011 	3600006046 10276980804 577086 	3599428960 577086 0 0 0 	16674159 577086 0 	498 	3 	75
10353100000000 10353200000011 	3800006068 10848264363 604366 	3799401702 604366 0 0 0 	17470090 604366 0 	497.518 	3 	75
10372300000000 10372400000011 	4000006090 11419602636 631482 	3999374608 631482 0 0 0 	18259731 631482 0 	497.085 	3 	75
10391500000000 10391600000011 	4200006112 11990888751 657643 	4199348469 657643 0 0 0 	19016590 657643 0 	496.694 	3 	75
10410700000000 10410800000210 	4400006532 12562229633 683483 	4399323049 683483 0 0 0 	19768037 683483 0 	496.15 	3 	75
10429900000000 10430000000210 	4600006952 13133605806 709203 	4599297749 709203 0 0 0 	20515459 709203 0 	495.655 	3 	75
10449100000000 10449200000210 	4800007372 13704972698 734314 	4799273058 734314 0 0 0 	21239100 734314 0 	495.201 	3 	75
10468300000000 10468400000210 	5000007792 14276421359 759240 	4999248552 759240 0 0 0 	21959985 759240 0 	494.785 	3 	75
10487500000000 10487600000381 	5200008554 14847929505 783588 	5199224966 783588 0 0 0 	22666008 783588 0 	494.24 	3 	75
10506700000000 10506800000381 	5400009316 15419375335 807521 	5399201795 807521 0 0 0 	23361911 807521 0 	493.737 	3 	75
10525900000000 10526000000381 	5600010078 15990845526 830815 	5599179263 830815 0 0 0 	24037473 830815 0 	493.27 	3 	75
10545100000000 10545200000381 	5800010840 16562393397 853984 	5799156856 853984 0 0 0 	24711099 853984 0 	492.837 	3 	75
10564300000000 10564400000468 	6000011776 17133917495 876658 	5999135118 876658 0 0 0 	25362946 876658 0 	492.327 	3 	75
10583500000000 10583600000468 	6200012712 17705532642 898919 	6199113793 898919 0 0 0 	26005275 898919 0 	491.852 	3 	75
10602700000000 10602800000468 	6400013648 18277216215 921350 	6399092298 921350 0 0 0 	26657580 921350 0 	491.407 	3 	75
10621900000000 10622000000468 	6600014584 18848927386 943179 	6599071405 943179 0 0 0 	27294396 943179 0 	490.99 	3 	75
10641100000000 10641200000254 	6800015092 19420679406 964840 	6799050252 964840 0 0 0 	27923757 964840 0 	490.473 	3 	75
10660300000000 10660400000254 	7000015600 19992441260 985716 	6999029884 985716 0 0 0 	28530549 985716 0 	489.986 	3 	75
10679500000000 10679600000254 	7200016108 20564251134 1006415 	7199009693 1006415 0 0 0 	29126491 1006415 0 	489.527 	3 	75
10698700000000 10698800000254 	7400016616 21136030113 1026771 	7398989845 1026771 0 0 0 	29714682 1026771 0 	489.094 	3 	75
10717900000000 10718000000365 	7600017346 21707933038 1047129 	7598970217 1047129 0 0 0 	30312078 1047129 0 	488.6 	3 	75
10737100000000 10737200000365 	7800018076 22279824529 1066953 	7798951123 1066953 0 0 0 	30889175 1066953 0 	488.133 	3 	75
10756300000000 10756400000365 	8000018806 22851682130 1086089 	7998932717 1086089 0 0 0 	31442643 1086089 0 	487.689 	3 	75
10775500000000 10775600000365 	8200019536 23423638485 1105253 	8198914283 1105253 0 0 0 	31997994 1105253 0 	487.268 	3 	75
10794700000000 10794800000368 	8400020272 23995581394 1124047 	8398896225 1124047 0 0 0 	32546277 1124047 0 	486.791 	3 	75
10813900000000 10814000000368 	8600021008 24567573373 1142594 	8598878414 1142594 0 0 0 	33089644 1142594 0 	486.337 	3 	75
10833100000000 10833200000368 	8800021744 25139639806 1160907 	8798860837 1160907 0 0 0 	33619684 1160907 0 	485.904 	3 	75
10852300000000 10852400000368 	9000022480 25711688429 1178797 	8998843683 1178797 0 0 0 	34142457 1178797 0 	485.491 	3 	75
10871500000000 10871600000352 	9200023184 26283769634 1196390 	9198826794 1196390 0 0 0 	34655110 1196390 0 	485.003 	3 	75
10890700000000 10890800000352 	9400023888 26855868965 1213716 	9398810172 1213716 0 0 0 	35153434 1213716 0 	484.536 	3 	75
10909900000000 10910000000352 	9600024592 27428012501 1230945 	9598793647 1230945 0 0 0 	35655281 1230945 0 	484.09 	3 	75
10929100000000 10929200000352 	9800025296 28000167030 1247654 	9798777642 1247654 0 0 0 	36137133 1247654 0 	483.663 	3 	75
10948300000000 10948400000120 	10000025536 28572417397 1264299 	9998761237 1264299 0 0 0 	36622369 1264299 0 	483.188 	3 	75
10967500000000 10967600000120 	10200025776 29144668547 1280361 	10198745415 1280361 0 0 0 	37095052 1280361 0 	482.732 	3 	75
10986700000000 10986800000120 	10400026016 29716975038 1296405 	10398729611 1296405 0 0 0 	37561497 1296405 0 	482.295 	3 	75
11005900000000 11006000000120 	10600026256 30289371962 1312114 	10598714142 1312114 0 0 0 	38018610 1312114 0 	481.875 	3 	75
11025100000000 11025200000178 	10800026612 30861745045 1327762 	10798698850 1327762 0 0 0 	38479648 1327762 0 	481.41 	3 	75
11044300000000 11044400000178 	11000026968 31434184992 1342993 	10998683975 1342993 0 0 0 	38926661 1342993 0 	480.963 	3 	75
11063500000000 11063600000178 	11200027324 32006634899 1358111 	11198669213 1358111 0 0 0 	39363431 1358111 0 	480.533 	3 	75
11082700000000 11082800000178 	11400027680 32579085197 1372855 	11398654825 1372855 0 0 0 	39789468 1372855 0 	480.118 	3 	75
11101900000000 11102000000355 	11600028390 33151605963 1387221 	11598641169 1387221 0 0 0 	40206951 1387221 0 	479.662 	3 	75
11121100000000 11121200000355 	11800029100 33724111637 1401300 	11798627800 1401300 0 0 0 	40616490 1401300 0 	479.222 	3 	75
11140300000000 11140400000355 	12000029810 34296703433 1415511 	11998614299 1415511 0 0 0 	41029437 1415511 0 	478.797 	3 	75
11159500000000 11159600000355 	12200030520 34869275750 1429303 	12198601217 1429303 0 0 0 	41421273 1429303 0 	478.387 	3 	75
11178700000000 11178800000230 	12400030980 35441912097 1442807 	12398588173 1442807 0 0 0 	41808495 1442807 0 	477.919 	3 	75
11197900000000 11198000000230 	12600031440 36014551014 1456076 	12598575364 1456076 0 0 0 	42197420 1456076 0 	477.466 	3 	75
11217100000000 11217200000230 	12800031900 36587227919 1469240 	12798562660 1469240 0 0 0 	42576354 1469240 0 	477.029 	3 	75
11236300000000 11236400000230 	13000032360 37159931863 1482359 	12998550001 1482359 0 0 0 	42957104 1482359 0 	476.606 	3 	75
11255500000000 11255600000320 	13200033000 37732633350 1495065 	13198537935 1495065 0 0 0 	43321002 1495065 0 	476.145 	3 	75
11274700000000 11274800000320 	13400033640 38305418185 1507735 	13398525905 1507735 0 0 0 	43685452 1507735 0 	475.699 	3 	75
11293900000000 11294000000320 	13600034280 38878217453 1520236 	13598514044 1520236 0 0 0 	44045451 1520236 0 	475.267 	3 	75
11313100000000 11313200000320 	13800034920 39451010911 1532299 	13798502621 1532299 0 0 0 	44398498 1532299 0 	474.848 	3 	75
11332300000000 11332400000400 	14000035720 40023850386 1544201 	13998491519 1544201 0 0 0 	44746896 1544201 0 	474.393 	3 	75
11351500000000 11351600000400 	14200036520 40596680827 1555739 	14198480781 1555739 0 0 0 	45082678 1555739 0 	473.952 	3 	75
11370700000000 11370800000400 	14400037320 41169600563 1567290 	14398470030 1567290 0 0 0 	45413744 1567290 0 	473.525 	3 	75
11389900000000 11390000000400 	14600038120 41742493777 1578792 	14598459328 1578792 0 0 0 	45750202 1578792 0 	473.109 	3 	75
11409100000000 11409200000290 	14800038700 42315433338 1589927 	14798448773 1589927 0 0 0 	46073888 1589927 0 	472.66 	3 	75
11428300000000 11428400000290 	15000039280 42888424860 1601123 	14998438157 1601123 0 0 0 	46397055 1601123 0 	472.223 	3 	75
11447500000000 11447600000290 	15200039860 43461452120 1611858 	15198428002 1611858 0 0 0 	46709111 1611858 0 	471.798 	3 	75
11466700000000 11466800000290 	15400040440 44034570660 1622560 	15398417880 1622560 0 0 0 	47018629 1622560 0 	471.386 	3 	75
11485900000000 11486000000249 	15600040938 44607674795 1633020 	15598407918 1633020 0 0 0 	47327902 1633020 0 	470.94 	3 	75
11505100000000 11505200000249 	15800041436 45180800713 1643091 	15798398345 1643091 0 0 0 	47624925 1643091 0 	470.507 	3 	75
11524300000000 11524400000249 	16000041934 45753894691 1653162 	15998388772 1653162 0 0 0 	47917437 1653162 0 	470.085 	3 	75
11543500000000 11543600000249 	16200042432 46327131839 1663255 	16198379177 1663255 0 0 0 	48209753 1663255 0 	469.675 	3 	75
11562700000000 11562800000088 	16400042608 46900380022 1673247 	16398369361 1673247 0 0 0 	48501714 1673247 0 	469.233 	3 	75
11581900000000 11582000000088 	16600042784 47473652087 1682956 	16598359828 1682956 0 0 0 	48777605 1682956 0 	468.802 	3 	75
11601100000000 11601200000088 	16800042960 48046857160 1692504 	16798350456 1692504 0 0 0 	49058070 1692504 0 	468.383 	3 	75
11620300000000 11620400000088 	17000043136 48620190455 1701737 	16998341399 1701737 0 0 0 	49331772 1701737 0 	467.974 	3 	75
11639500000000 11639600000110 	17200043356 49193469979 1711046 	17198332310 1711046 0 0 0 	49600334 1711046 0 	467.548 	3 	75
11658700000000 11658800000110 	17400043576 49766843399 1720205 	17398323371 1720205 0 0 0 	49868120 1720205 0 	467.133 	3 	75
11677900000000 11678000000110 	17600043796 50340243567 1729297 	17598314499 1729297 0 0 0 	50133104 1729297 0 	466.728 	3 	75
11697100000000 11697200000110 	17800044016 50913655216 1738001 	17798306015 1738001 0 0 0 	50387152 1738001 0 	466.333 	3 	75
11716300000000 11716400000189 	18000044394 51487076153 1746684 	17998297710 1746684 0 0 0 	50636732 1746684 0 	465.909 	3 	75
11735500000000 11735600000189 	18200044772 52060590781 1755276 	18198289496 1755276 0 0 0 	50887752 1755276 0 	465.494 	3 	75
11754700000000 11754800000189 	18400045150 52634137552 1763634 	18398281516 1763634 0 0 0 	51129510 1763634 0 	465.09 	3 	75
11773900000000 11774000000100 	18600045350 53207616376 1767761 	18598277589 1767761 0 0 0 	51250210 1767761 0 	464.335 	3 	75
11793100000000 11793200000314 	18800045978 53781252187 1771940 	18798274038 1771940 0 0 0 	51373213 1771940 0 	463.57 	3 	75
11812300000000 11812400000314 	19000046606 54354814596 1776036 	18998270570 1776036 0 0 0 	51493428 1776036 0 	462.824 	3 	75
11831500000000 11831600000314 	19200047234 54928443855 1779981 	19198267253 1779981 0 0 0 	51608344 1779981 0 	462.096 	3 	75
11850700000000 11850800000314 	19400047862 55502084197 1783871 	19398263991 1783871 0 0 0 	51722067 1783871 0 	461.385 	3 	75
11869900000000 11870000000173 	19600048208 56075814998 1787710 	19598260498 1787710 0 0 0 	51835314 1787710 0 	460.65 	3 	75
11889100000000 11889200000173 	19800048554 56649508041 1791513 	19798257041 1791513 0 0 0 	51944131 1791513 0 	459.932 	3 	75
11908300000000 11908400000173 	20000048900 57223247699 1795254 	19998253646 1795254 0 0 0 	52054346 1795254 0 	459.231 	3 	75
11927500000000 11927600000173 	20200049246 57797017177 1798842 	20198250404 1798842 0 0 0 	52158970 1798842 0 	458.545 	3 	75
11946700000000 11946800000330 	20400049906 58370755278 1802525 	20398247381 1802525 0 0 0 	52266345 1802525 0 	457.849 	3 	75
11965900000000 11966000000330 	20600050566 58944609634 1806149 	20598244417 1806149 0 0 0 	52371536 1806149 0 	457.169 	3 	75
11985100000000 11985200000330 	20800051226 59518415054 1809636 	20798241590 1809636 0 0 0 	52471971 1809636 0 	456.504 	3 	75
12004300000000 12004400000352 	21000051930 60092310590 1812983 	20998238947 1812983 0 0 0 	52570681 1812983 0 	455.815 	3 	75
12023500000000 12023600000352 	21200052634 60666241347 1816415 	21198236219 1816415 0 0 0 	52670935 1816415 0 	455.141 	3 	75
12042700000000 12042800000352 	21400053338 61240183764 1819714 	21398233624 1819714 0 0 0 	52769421 1819714 0 	454.482 	3 	75
12061900000000 12062000000352 	21600054042 61814167259 1822952 	21598231090 1822952 0 0 0 	52866045 1822952 0 	453.837 	3 	75
12081100000000 12081200000376 	21800054794 62388151929 1826130 	21798228664 1826130 0 0 0 	52957953 1826130 0 	453.181 	3 	75
12100300000000 12100400000376 	22000055546 62962176232 1829261 	21998226285 1829261 0 0 0 	53049786 1829261 0 	452.539 	3 	75
12119500000000 12119600000376 	22200056298 63536217038 1832251 	22198224047 1832251 0 0 0 	53137571 1832251 0 	451.91 	3 	75
12138700000000 12138800000376 	22400057050 64110363271 1835309 	22398221741 1835309 0 0 0 	53226572 1835309 0 	451.295 	3 	75
12157900000000 12158000000290 	22600057630 64684566168 1838297 	22598219333 1838297 0 0 0 	53311149 1838297 0 	450.668 	3 	75
12177100000000 12177200000290 	22800058210 65258717037 1841219 	22798216991 1841219 0 0 0 	53396605 1841219 0 	450.054 	3 	75
12196300000000 12196400000290 	23000058790 65832899452 1844068 	22998214722 1844068 0 0 0 	53478327 1844068 0 	449.452 	3 	75
12215500000000 12215600000290 	23200059370 66407068185 1846897 	23198212473 1846897 0 0 0 	53561412 1846897 0 	448.862 	3 	75
12234700000000 12234800000026 	23400059422 66981322922 1849685 	23398209737 1849685 0 0 0 	53640011 1849685 0 	448.25 	3 	75
12253900000000 12254000000026 	23600059474 67555608771 1852474 	23598207000 1852474 0 0 0 	53720145 1852474 0 	447.649 	3 	75
12273100000000 12273200000026 	23800059526 68129893052 1855074 	23798204452 1855074 0 0 0 	53794804 1855074 0 	447.06 	3 	75
12292300000000 12292400000285 	24000060096 68704254869 1857645 	23998202451 1857645 0 0 0 	53869808 1857645 0 	446.461 	3 	75
12311500000000 12311600000285 	24200060666 69278615639 1860241 	24198200425 1860241 0 0 0 	53944517 1860241 0 	445.872 	3 	75
12330700000000 12330800000285 	24400061236 69853005259 1862756 	24398198480 1862756 0 0 0 	54017148 1862756 0 	445.295 	3 	75
12349900000000 12350000000285 	24600061806 70427430788 1865284 	24598196522 1865284 0 0 0 	54090203 1865284 0 	444.729 	3 	75
12369100000000 12369200000151 	24800062108 71001851988 1867688 	24798194420 1867688 0 0 0 	54159257 1867688 0 	444.152 	3 	75
12388300000000 12388400000151 	25000062410 71576320379 1869996 	24998192414 1869996 0 0 0 	54224507 1869996 0 	443.585 	3 	75
12407500000000 12407600000151 	25200062712 72150807835 1872400 	25198190312 1872400 0 0 0 	54296487 1872400 0 	443.029 	3 	75
12426700000000 12426800000308 	25400063328 72725608857 1913609 	25398149719 1913609 0 0 0 	55499124 1913609 0 	443.476 	3 	75
12445900000000 12446000000308 	25600063944 73300556746 1954554 	25598109390 1954554 0 0 0 	56699030 1954554 0 	443.916 	3 	75
12465100000000 12465200000308 	25800064560 73875456794 1994740 	25798069820 1994740 0 0 0 	57860903 1994740 0 	444.351 	3 	75
12484300000000 12484400000308 	26000065176 74450375035 2034579 	25998030597 2034579 0 0 0 	59018876 2034579 0 	444.779 	3 	75
12503500000000 12503600000308 	26200065792 75025314898 2073840 	26197991952 2073840 0 0 0 	60172347 2073840 0 	445.202 	3 	75
12522700000000 12522800000152 	26400066096 75600237546 2112842 	26397953254 2112842 0 0 0 	61310253 2112842 0 	445.596 	3 	75
12541900000000 12542000000152 	26600066400 76175194946 2151236 	26597915164 2151236 0 0 0 	62428318 2151236 0 	445.985 	3 	75
12561100000000 12561200000152 	26800066704 76750214787 2189609 	26797877095 2189609 0 0 0 	63548258 2189609 0 	446.368 	3 	75
12580300000000 12580400000152 	27000067008 77325257486 2226613 	26997840395 2226613 0 0 0 	64626641 2226613 0 	446.747 	3 	75
12599500000000 12599600000152 	27200067312 77900286412 2263529 	27197803783 2263529 0 0 0 	65692327 2263529 0 	447.12 	3 	75
12618700000000 12618800000000 	27400067312 78475353834 2300154 	27397767158 2300154 0 0 0 	66756025 2300154 0 	447.465 	3 	75
12637900000000 12638000000000 	27600067312 79050416321 2336162 	27597731150 2336162 0 0 0 	67805325 2336162 0 	447.806 	3 	75
12657100000000 12657200000000 	27800067312 79625495608 2371752 	27797695560 2371752 0 0 0 	68835484 2371752 0 	448.143 	3 	75
12676300000000 12676400000000 	28000067312 80200651611 2406228 	27997661084 2406228 0 0 0 	69846390 2406228 0 	448.475 	3 	75
12695500000000 12695600000000 	28200067312 80775848497 2440802 	28197626510 2440802 0 0 0 	70855847 2440802 0 	448.803 	3 	75
12714700000000 12714800000048 	28400067408 81351040765 2474714 	28397592694 2474714 0 0 0 	71842991 2474714 0 	449.104 	3 	75
12733900000000 12734000000048 	28600067504 81926268204 2508723 	28597558781 2508723 0 0 0 	72833069 2508723 0 	449.401 	3 	75
12753100000000 12753200000048 	28800067600 82501541886 2541737 	28797525863 2541737 0 0 0 	73790825 2541737 0 	449.695 	3 	75
12772300000000 12772400000048 	29000067696 83076866096 2574594 	28997493102 2574594 0 0 0 	74743022 2574594 0 	449.984 	3 	75
12791500000000 12791600000048 	29200067792 83652257866 2607149 	29197460643 2607149 0 0 0 	75690426 2607149 0 	450.27 	3 	75
12810700000000 12810800000476 	29400068744 84227631524 2639321 	29397429423 2639321 0 0 0 	76623247 2639321 0 	450.53 	3 	75
12829900000000 12830000000476 	29600069696 84803038053 2671006 	29597398690 2671006 0 0 0 	77537013 2671006 0 	450.787 	3 	75
12849100000000 12849200000476 	29800070648 85378514771 2702660 	29797367988 2702660 0 0 0 	78458870 2702660 0 	451.041 	3 	75
12868300000000 12868400000476 	30000071600 85953955750 2733564 	29997338036 2733564 0 0 0 	79363678 2733564 0 	451.291 	3 	75
12887500000000 12887600000476 	30200072552 86529388639 2763889 	30197308663 2763889 0 0 0 	80251278 2763889 0 	451.539 	3 	75
12906700000000 12906800000011 	30400072574 87104832733 2793842 	30397278732 2793842 0 0 0 	81129095 2793842 0 	451.766 	3 	75
12925900000000 12926000000011 	30600072596 87680374288 2823238 	30597249358 2823238 0 0 0 	81985765 2823238 0 	451.991 	3 	75
12945100000000 12945200000011 	30800072618 88255864792 2852603 	30797220015 2852603 0 0 0 	82835441 2852603 0 	452.214 	3 	75
12964300000000 12964400000011 	31000072640 88831420804 2881455 	30997191185 2881455 0 0 0 	83672843 2881455 0 	452.433 	3 	75
12983500000000 12983600000011 	31200072662 89407000419 2909836 	31197162826 2909836 0 0 0 	84496945 2909836 0 	452.65 	3 	75
13002700000000 13002800000210 	31400073082 89982642440 2938096 	31397134986 2938096 0 0 0 	85319900 2938096 0 	452.842 	3 	75
13021900000000 13022000000210 	31600073502 90558292027 2966063 	31597107439 2966063 0 0 0 	86129878 2966063 0 	453.033 	3 	75
13041100000000 13041200000210 	31800073922 91133947211 2993486 	31797080436 2993486 0 0 0 	86933268 2993486 0 	453.22 	3 	75
13060300000000 13060400000210 	32000074342 91709600403 3020618 	31997053724 3020618 0 0 0 	87724220 3020618 0 	453.406 	3 	75
13079500000000 13079600000210 	32200074762 92285381099 3047378 	32197027384 3047378 0 0 0 	88509635 3047378 0 	453.59 	3 	75
13098700000000 13098800000381 	32400075524 92861099487 3073846 	32397001678 3073846 0 0 0 	89282981 3073846 0 	453.749 	3 	75
13117900000000 13118000000381 	32600076286 93436873633 3099869 	32596976417 3099869 0 0 0 	90044645 3099869 0 	453.907 	3 	75
13137100000000 13137200000381 	32800077048 94012598773 3125778 	32796951270 3125778 0 0 0 	90805426 3125778 0 	454.063 	3 	75
13156300000000 13156400000381 	33000077810 94588330863 3151115 	32996926695 3151115 0 0 0 	91547078 3151115 0 	454.217 	3 	75
13175500000000 13175600000381 	33200078572 95164127830 3176167 	33196902405 3176167 0 0 0 	92281898 3176167 0 	454.37 	3 	75
13194700000000 13194800000468 	33400079508 95739976559 3200950 	33396878558 3200950 0 0 0 	93010651 3200950 0 	454.504 	3 	75
13213900000000 13214000000468 	33600080444 96315868498 3225366 	33596855078 3225366 0 0 0 	93729991 3225366 0 	454.637 	3 	75
13233100000000 13233200000468 	33800081380 96891806737 3249703 	33796831677 3249703 0 0 0 	94438341 3249703 0 	454.769 	3 	75
13252300000000 13252400000468 	34000082316 97467757548 3273797 	33996808519 3273797 0 0 0 	95136257 3273797 0 	454.899 	3 	75
13271500000000 13271600000468 	34200083252 98043719785 3297307 	34196785945 3297307 0 0 0 	95819645 3297307 0 	455.027 	3 	75
13290700000000 13290800000254 	34400083760 98619661921 3320473 	34396763287 3320473 0 0 0 	96498534 3320473 0 	455.133 	3 	75
13309900000000 13310000000254 	34600084268 99195741584 3343539 	34596740729 3343539 0 0 0 	97171109 3343539 0 	455.238 	3 	75
13329100000000 13329200000254 	34800084776 99771779762 3366095 	34796718681 3366095 0 0 0 	97838292 3366095 0 	455.342 	3 	75
13348300000000 13348400000254 	35000085284 100347853936 3388257 	34996697027 3388257 0 0 0 	98483535 3388257 0 	455.444 	3 	75
13367500000000 13367600000254 	35200085792 100923937844 3410402 	35196675390 3410402 0 0 0 	99138153 3410402 0 	455.545 	3 	75
13386700000000 13386800000365 	35400086522 101500039614 3432232 	35396654290 3432232 0 0 0 	99782322 3432232 0 	455.63 	3 	75
13405900000000 13406000000365 	35600087252 102076180448 3453590 	35596633662 3453590 0 0 0 	100403620 3453590 0 	455.713 	3 	75
13425100000000 13425200000365 	35800087982 102652346873 3474957 	35796613025 3474957 0 0 0 	101022025 3474957 0 	455.796 	3 	75
13444300000000 13444400000365 	36000088712 103228534054 3496108 	35996592604 3496108 0 0 0 	101641916 3496108 0 	455.878 	3 	75
13463500000000 13463600000365 	36200089442 103804724038 3516889 	36196572553 3516889 0 0 0 	102250108 3516889 0 	455.959 	3 	75
13482700000000 13482800000368 	36400090178 104380952882 3537364 	36396552814 3537364 0 0 0 	102848916 3537364 0 	456.023 	3 	75
13501900000000 13502000000368 	36600090914 104957202538 3557284 	36596533630 3557284 0 0 0 	103428335 3557284 0 	456.087 	3 	75
13521100000000 13521200000368 	36800091650 105533467136 3577080 	36796514570 3577080 0 0 0 	104007433 3577080 0 	456.15 	3 	75
13540300000000 13540400000368 	37000092386 106109732686 3596617 	36996495769 3596617 0 0 0 	104578043 3596617 0 	456.212 	3 	75
13559500000000 13559600000368 	37200093122 106686016143 3616114 	37196477008 3616114 0 0 0 	105147376 3616114 0 	456.274 	3 	75
13578700000000 13578800000352 	37400093826 107262354974 3635199 	37396458627 3635199 0 0 0 	105704176 3635199 0 	456.315 	3 	75
13597900000000 13598000000352 	37600094530 107838700226 3654017 	37596440513 3654017 0 0 0 	106254208 3654017 0 	456.355 	3 	75
13617100000000 13617200000352 	37800095234 108415135991 3672651 	37796422583 3672651 0 0 0 	106798564 3672651 0 	456.395 	3 	75
13636300000000 13636400000352 	38000095938 108991580194 3690765 	37996405173 3690765 0 0 0 	107328469 3690765 0 	456.434 	3 	75
13655500000000 13655600000352 	38200096642 109568009328 3709010 	38196387632 3709010 0 0 0 	107857084 3709010 0 	456.473 	3 	75
13674700000000 13674800000120 	38400096882 110144489725 3726895 	38396369987 3726895 0 0 0 	108383588 3726895 0 	456.497 	3 	75
13693900000000 13694000000120 	38600097122 110720963995 3744647 	38596352475 3744647 0 0 0 	108899323 3744647 0 	456.52 	3 	75
13713100000000 13713200000120 	38800097362 111297459861 3762187 	38796335175 3762187 0 0 0 	109414628 3762187 0 	456.542 	3 	75
13732300000000 13732400000120 	39000097602 111874007928 3779309 	38996318293 3779309 0 0 0 	109920387 3779309 0 	456.565 	3 	75
13751500000000 13751600000120 	39200097842 112450560093 3796187 	39196301655 3796187 0 0 0 	110415280 3796187 0 	456.588 	3 	75
13770700000000 13770800000178 	39400098198 113027210191 3813014 	39396285184 3813014 0 0 0 	110909348 3813014 0 	456.595 	3 	75
13789900000000 13790000000178 	39600098554 113603876532 3829670 	39596268884 3829670 0 0 0 	111399692 3829670 0 	456.602 	3 	75
13809100000000 13809200000178 	39800098910 114180509038 3846113 	39796252797 3846113 0 0 0 	111877722 3846113 0 	456.609 	3 	75
13828300000000 13828400000178 	40000099266 114757157278 3862474 	39996236792 3862474 0 0 0 	112355409 3862474 0 	456.616 	3 	75
13847500000000 13847600000178 	40200099622 115333912187 3878859 	40196220763 3878859 0 0 0 	112839865 3878859 0 	456.623 	3 	75
13866700000000 13866800000178 	40400099978 115910666471 3894357 	40396205621 3894357 0 0 0 	113298082 3894357 0 	456.629 	3 	75
13885900000000 13886000000355 	40600100688 116487452085 3910071 	40596190617 3910071 0 0 0 	113753946 3910071 0 	456.621 	3 	75
13905100000000 13905200000355 	40800101398 117064213035 3925569 	40796175829 3925569 0 0 0 	114204850 3925569 0 	456.613 	3 	75
13924300000000 13924400000355 	41000102108 117641011787 3940827 	40996161281 3940827 0 0 0 	114646454 3940827 0 	456.605 	3 	75
13943500000000 13943600000355 	41200102818 118217811612 3956006 	41196146812 3956006 0 0 0 	115088996 3956006 0 	456.598 	3 	75
13962700000000 13962800000355 	41400103528 118794723860 3971035 	41396132493 3971035 0 0 0 	115524985 3971035 0 	456.59 	3 	75
13981900000000 13982000000230 	41600103988 119371604529 3985661 	41596118327 3985661 0 0 0 	115954694 3985661 0 	456.563 	3 	75
14001100000000 14001200000230 	41800104448 119948494558 4000094 	41796104354 4000094 0 0 0 	116377478 4000094 0 	456.536 	3 	75
14020300000000 14020400000230 	42000104908 120525382764 4014356 	41996090552 4014356 0 0 0 	116795689 4014356 0 	456.509 	3 	75
14039500000000 14039600000230 	42200105368 121102292875 4028429 	42196076939 4028429 0 0 0 	117209373 4028429 0 	456.483 	3 	75
14058700000000 14058800000230 	42400105828 121679286210 4042424 	42396063404 4042424 0 0 0 	117620738 4042424 0 	456.456 	3 	75
14077900000000 14078000000320 	42600106468 122256252987 4056117 	42596050351 4056117 0 0 0 	118024271 4056117 0 	456.416 	3 	75
14097100000000 14097200000320 	42800107108 122833354362 4069508 	42796037600 4069508 0 0 0 	118414353 4069508 0 	456.376 	3 	75
14116300000000 14116400000320 	43000107748 123410349744 4082759 	42996024989 4082759 0 0 0 	118796782 4082759 0 	456.336 	3 	75
14135500000000 14135600000320 	43200108388 123987453223 4096158 	43196012230 4096158 0 0 0 	119181111 4096158 0 	456.297 	3 	75
14154700000000 14154800000320 	43400109028 124564558972 4109160 	43395999868 4109160 0 0 0 	119560896 4109160 0 	456.258 	3 	75
14173900000000 14174000000400 	43600109828 125141633961 4121986 	43595987842 4121986 0 0 0 	119938044 4121986 0 	456.205 	3 	75
14193100000000 14193200000400 	43800110628 125718761774 4134989 	43795975639 4134989 0 0 0 	120320099 4134989 0 	456.153 	3 	75
14212300000000 14212400000400 	44000111428 126295938273 4147520 	43995963908 4147520 0 0 0 	120687070 4147520 0 	456.101 	3 	75
14231500000000 14231600000400 	44200112228 126873088886 4160035 	44195952193 4160035 0 0 0 	121052661 4160035 0 	456.049 	3 	75
14250700000000 14250800000400 	44400113028 127450334857 4172219 	44395940809 4172219 0 0 0 	121407407 4172219 0 	455.998 	3 	75
14269900000000 14270000000290 	44600113608 128027577179 4184256 	44595929352 4184256 0 0 0 	121758069 4184256 0 	455.933 	3 	75
14289100000000 14289200000290 	44800114188 128604869187 4196208 	44795917980 4196208 0 0 0 	122103528 4196208 0 	455.869 	3 	75
14308300000000 14308400000290 	45000114768 129182151316 4208065 	44995906703 4208065 0 0 0 	122452986 4208065 0 	455.806 	3 	75
14327500000000 14327600000290 	45200115348 129759535687 4219606 	45195895742 4219606 0 0 0 	122793030 4219606 0 	455.743 	3 	75
14346700000000 14346800000290 	45400115928 130336832096 4231072 	45395884856 4231072 0 0 0 	123132740 4231072 0 	455.68 	3 	75
14365900000000 14366000000249 	45600116426 130914198414 4242468 	45595873958 4242468 0 0 0 	123462336 4242468 0 	455.604 	3 	75
14385100000000 14385200000249 	45800116924 131491542981 4253513 	45795863411 4253513 0 0 0 	123782250 4253513 0 	455.529 	3 	75
14404300000000 14404400000249 	46000117422 132068946073 4264613 	45995852809 4264613 0 0 0 	124109608 4264613 0 	455.455 	3 	75
14423500000000 14423600000249 	46200117920 132646405711 4275336 	46195842584 4275336 0 0 0 	124419428 4275336 0 	455.381 	3 	75
14442700000000 14442800000249 	46400118418 133223865320 4286030 	46395832388 4286030 0 0 0 	124732740 4286030 0 	455.307 	3 	75
14461900000000 14462000000088 	46600118594 133801360804 4296888 	46595821706 4296888 0 0 0 	125047744 4296888 0 	455.221 	3 	75
14481100000000 14481200000088 	46800118770 134378876879 4307491 	46795811279 4307491 0 0 0 	125358990 4307491 0 	455.135 	3 	75
14500300000000 14500400000088 	47000118946 134956413634 4317954 	46995800992 4317954 0 0 0 	125667111 4317954 0 	455.05 	3 	75
14519500000000 14519600000088 	47200119122 135533971321 4328169 	47195790953 4328169 0 0 0 	125966181 4328169 0 	454.966 	3 	75
14538700000000 14538800000088 	47400119298 136111610099 4338309 	47395780989 4338309 0 0 0 	126262007 4338309 0 	454.882 	3 	75
14557900000000 14558000000110 	47600119518 136689173676 4348210 	47595771308 4348210 0 0 0 	126554686 4348210 0 	454.791 	3 	75
14577100000000 14577200000110 	47800119738 137266764934 4358065 	47795761673 4358065 0 0 0 	126842727 4358065 0 	454.699 	3 	75
14596300000000 14596400000110 	48000119958 137844385302 4367783 	47995752175 4367783 0 0 0 	127128034 4367783 0 	454.609 	3 	75
14615500000000 14615600000110 	48200120178 138422079820 4377205 	48195742973 4377205 0 0 0 	127408527 4377205 0 	454.519 	3 	75
14634700000000 14634800000110 	48400120398 138999811447 4386520 	48395733878 4386520 0 0 0 	127680957 4386520 0 	454.431 	3 	75
14653900000000 14654000000189 	48600120776 139577573614 4395941 	48595724835 4395941 0 0 0 	127955249 4395941 0 	454.329 	3 	75
14673100000000 14673200000189 	48800121154 140155324706 4405085 	48795716069 4405085 0 0 0 	128223278 4405085 0 	454.228 	3 	75
14692300000000 14692400000189 	49000121532 140733083992 4414272 	48995707260 4414272 0 0 0 	128494862 4414272 0 	454.128 	3 	75
14711500000000 14711600000189 	49200121910 141310910304 4423195 	49195698715 4423195 0 0 0 	128756846 4423195 0 	454.029 	3 	75
14730700000000 14730800000189 	49400122288 141888715632 4431943 	49395690345 4431943 0 0 0 	129011036 4431943 0 	453.931 	3 	75
14749900000000 14750000000060 	49600122408 142466587544 4440798 	49595681610 4440798 0 0 0 	129271359 4440798 0 	453.82 	3 	75
14769100000000 14769200000060 	49800122528 143044463689 4449465 	49795673063 4449465 0 0 0 	129520884 4449465 0 	453.71 	3 	75
14788300000000 14788400000060 	50000122648 143622388755 4458114 	49995664534 4458114 0 0 0 	129772886 4458114 0 	453.601 	3 	75
14807500000000 14807600000060 	50200122768 144200299236 4466355 	50195656413 4466355 0 0 0 	130012760 4466355 0 	453.493 	3 	75
14826700000000 14826800000060 	50400122888 144778268684 4474753 	50395648135 4474753 0 0 0 	130257176 4474753 0 	453.386 	3 	75
14845900000000 14846000000375 	50600123638 145356236940 4482933 	50595640705 4482933 0 0 0 	130493287 4482933 0 	453.266 	3 	75
14865100000000 14865200000375 	50800124388 145934244223 4490927 	50795633461 4490927 0 0 0 	130727489 4490927 0 	453.148 	3 	75
