10008400000000 10008500000152 	200000304 570698034 36828 	199963476 36828 0 0 0 	1083987 36828 0 	504 	3 	84
10027600000000 10027700000152 	400000608 1141430252 73195 	399927413 73195 0 0 0 	2139501 73195 0 	504 	3 	84
10046800000000 10046900000152 	600000912 1712204681 108433 	599892479 108433 0 0 0 	3158830 108433 0 	504 	3 	84
10066000000000 10066100000152 	800001216 2282961797 143414 	799857802 143414 0 0 0 	4176796 143414 0 	504 	3 	84
10085200000000 10085300000152 	1000001520 2853731813 177492 	999824028 177492 0 0 0 	5165629 177492 0 	504 	3 	84
10104400000000 10104500000000 	1200001520 3424588842 211543 	1199789977 211543 0 0 0 	6147185 211543 0 	503.329 	3 	84
10123600000000 10123700000000 	1400001520 3995428897 244962 	1399756558 244962 0 0 0 	7120031 244962 0 	502.851 	3 	84
10142800000000 10142900000000 	1600001520 4566310410 277297 	1599724223 277297 0 0 0 	8051241 277297 0 	502.493 	3 	84
10162000000000 10162100000000 	1800001520 5137222667 309447 	1799692073 309447 0 0 0 	8979501 309447 0 	502.214 	3 	84
10181200000000 10181300000048 	2000001616 5708144076 340934 	1999660682 340934 0 0 0 	9892724 340934 0 	501.586 	3 	84
10200400000000 10200500000048 	2200001712 6279140871 372083 	2199629629 372083 0 0 0 	10797390 372083 0 	501.073 	3 	84
10219600000000 10219700000048 	2400001808 6850200311 402846 	2399598962 402846 0 0 0 	11682929 402846 0 	500.646 	3 	84
10238800000000 10238900000048 	2600001904 7421293036 433213 	2599568691 433213 0 0 0 	12563778 433213 0 	500.286 	3 	84
10258000000000 10258100000476 	2800002856 7992363590 462903 	2799539953 462903 0 0 0 	13425971 462903 0 	499.685 	3 	84
10277200000000 10277300000476 	3000003808 8563448062 492207 	2999511601 492207 0 0 0 	14277654 492207 0 	499.165 	3 	84
10296400000000 10296500000476 	3200004760 9134567942 520933 	3199483827 520933 0 0 0 	15104698 520933 0 	498.711 	3 	84
10315600000000 10315700000476 	3400005712 9705762812 549051 	3399456661 549051 0 0 0 	15918178 549051 0 	498.311 	3 	84
10334800000000 10334900000011 	3600005734 10276940302 576809 	3599428925 576809 0 0 0 	16725359 576809 0 	497.785 	3 	84
10354000000000 10354100000011 	3800005756 10848170496 603892 	3799401864 603892 0 0 0 	17506458 603892 0 	497.314 	3 	84
10373200000000 10373300000011 	4000005778 11419446691 630864 	3999374914 630864 0 0 0 	18291994 630864 0 	496.892 	3 	84
10392400000000 10392500000011 	4200005800 11990768315 657112 	4199348688 657112 0 0 0 	19045584 657112 0 	496.51 	3 	84
10411600000000 10411700000210 	4400006220 12562141717 682843 	4399323377 682843 0 0 0 	19791277 682843 0 	495.975 	3 	84
10430800000000 10430900000210 	4600006640 13133594638 708451 	4599298189 708451 0 0 0 	20537197 708451 0 	495.488 	3 	84
10450000000000 10450100000210 	4800007060 13705063533 733979 	4799273081 733979 0 0 0 	21279312 733979 0 	495.042 	3 	84
10469200000000 10469300000210 	5000007480 14276459098 758346 	4999249134 758346 0 0 0 	21983236 758346 0 	494.632 	3 	84
10488400000000 10488500000381 	5200008242 14847894331 782595 	5199225647 782595 0 0 0 	22680867 782595 0 	494.094 	3 	84
10507600000000 10507700000381 	5400009004 15419432790 806722 	5399202282 806722 0 0 0 	23382878 806722 0 	493.596 	3 	84
10526800000000 10526900000381 	5600009766 15990974592 830177 	5599179589 830177 0 0 0 	24065417 830177 0 	493.135 	3 	84
10546000000000 10546100000381 	5800010528 16562489698 853261 	5799157267 853261 0 0 0 	24736402 853261 0 	492.706 	3 	84
10565200000000 10565300000468 	6000011464 17134093315 875875 	5999135589 875875 0 0 0 	25393714 875875 0 	492.201 	3 	84
10584400000000 10584500000468 	6200012400 17705730192 898054 	6199114346 898054 0 0 0 	26039110 898054 0 	491.73 	3 	84
10603600000000 10603700000468 	6400013336 18277385976 920051 	6399093285 920051 0 0 0 	26674675 920051 0 	491.289 	3 	84
10622800000000 10622900000468 	6600014272 18849047033 941957 	6599072315 941957 0 0 0 	27311404 941957 0 	490.875 	3 	84
10642000000000 10642100000254 	6800014780 19420797250 963402 	6799051378 963402 0 0 0 	27929466 963402 0 	490.362 	3 	84
10661200000000 10661300000254 	7000015288 19992544521 984560 	6999030728 984560 0 0 0 	28539735 984560 0 	489.879 	3 	84
10680400000000 10680500000254 	7200015796 20564338456 1005285 	7199010511 1005285 0 0 0 	29140427 1005285 0 	489.423 	3 	84
10699600000000 10699700000254 	7400016304 21136170266 1025932 	7398990372 1025932 0 0 0 	29740574 1025932 0 	488.993 	3 	84
10718800000000 10718900000365 	7600017034 21707979784 1046063 	7598970971 1046063 0 0 0 	30325494 1046063 0 	488.502 	3 	84
10738000000000 10738100000365 	7800017764 22279861911 1065939 	7798951825 1065939 0 0 0 	30902781 1065939 0 	488.037 	3 	84
10757200000000 10757300000365 	8000018494 22851782076 1085482 	7998933012 1085482 0 0 0 	31475187 1085482 0 	487.596 	3 	84
10776400000000 10776500000365 	8200019224 23423721096 1104676 	8198914548 1104676 0 0 0 	32037412 1104676 0 	487.178 	3 	84
10795600000000 10795700000368 	8400019960 23995635117 1123431 	8398896529 1123431 0 0 0 	32581825 1123431 0 	486.703 	3 	84
10814800000000 10814900000368 	8600020696 24567676785 1142029 	8598878667 1142029 0 0 0 	33126277 1142029 0 	486.251 	3 	84
10834000000000 10834100000368 	8800021432 25139775058 1160455 	8798860977 1160455 0 0 0 	33658688 1160455 0 	485.82 	3 	84
10853200000000 10853300000368 	9000022168 25711876452 1178407 	8998843761 1178407 0 0 0 	34178592 1178407 0 	485.41 	3 	84
10872400000000 10872500000352 	9200022872 26283959211 1196019 	9198826853 1196019 0 0 0 	34681802 1196019 0 	484.923 	3 	84
10891600000000 10891700000352 	9400023576 26856179461 1213438 	9398810138 1213438 0 0 0 	35187978 1213438 0 	484.458 	3 	84
10910800000000 10910900000352 	9600024280 27428343681 1230604 	9598793676 1230604 0 0 0 	35682044 1230604 0 	484.014 	3 	84
10930000000000 10930100000352 	9800024984 28000589975 1247513 	9798777471 1247513 0 0 0 	36165836 1247513 0 	483.588 	3 	84
10949200000000 10949300000120 	10000025224 28572851390 1264161 	9998761063 1264161 0 0 0 	36651685 1264161 0 	483.115 	3 	84
10968400000000 10968500000120 	10200025464 29145145784 1280222 	10198745242 1280222 0 0 0 	37117597 1280222 0 	482.661 	3 	84
10987600000000 10987700000120 	10400025704 29717448004 1296096 	10398729608 1296096 0 0 0 	37579953 1296096 0 	482.225 	3 	84
11006800000000 11006900000120 	10600025944 30289752216 1311860 	10598714084 1311860 0 0 0 	38040105 1311860 0 	481.806 	3 	84
11026000000000 11026100000178 	10800026300 30862103893 1327320 	10798698980 1327320 0 0 0 	38486776 1327320 0 	481.343 	3 	84
11045200000000 11045300000178 	11000026656 31434496731 1342410 	10998684246 1342410 0 0 0 	38928900 1342410 0 	480.897 	3 	84
11064400000000 11064500000178 	11200027012 32006924508 1357314 	11198669698 1357314 0 0 0 	39356735 1357314 0 	480.468 	3 	84
11083600000000 11083700000178 	11400027368 32579410764 1372146 	11398655222 1372146 0 0 0 	39784832 1372146 0 	480.055 	3 	84
11102800000000 11102900000355 	11600028078 33151855508 1386723 	11598641355 1386723 0 0 0 	40209293 1386723 0 	479.6 	3 	84
11122000000000 11122100000355 	11800028788 33724319245 1401134 	11798627654 1401134 0 0 0 	40629005 1401134 0 	479.161 	3 	84
11141200000000 11141300000355 	12000029498 34296874759 1415014 	11998614484 1415014 0 0 0 	41033250 1415014 0 	478.737 	3 	84
11160400000000 11160500000355 	12200030208 34869438666 1428961 	12198601247 1428961 0 0 0 	41435706 1428961 0 	478.328 	3 	84
11179600000000 11179700000230 	12400030668 35442033306 1442542 	12398588126 1442542 0 0 0 	41830135 1442542 0 	477.861 	3 	84
11198800000000 11198900000230 	12600031128 36014650362 1455803 	12598575325 1455803 0 0 0 	42214048 1455803 0 	477.41 	3 	84
11218000000000 11218100000230 	12800031588 36587356334 1469159 	12798562429 1469159 0 0 0 	42605307 1469159 0 	476.973 	3 	84
11237200000000 11237300000230 	13000032048 37160046253 1481958 	12998550090 1481958 0 0 0 	42976962 1481958 0 	476.551 	3 	84
11256400000000 11256500000320 	13200032688 37732774205 1494617 	13198538071 1494617 0 0 0 	43351902 1494617 0 	476.091 	3 	84
11275600000000 11275700000320 	13400033328 38305533692 1506987 	13398526341 1506987 0 0 0 	43714152 1506987 0 	475.646 	3 	84
11294800000000 11294900000320 	13600033968 38878346208 1519294 	13598514674 1519294 0 0 0 	44075616 1519294 0 	475.215 	3 	84
11314000000000 11314100000320 	13800034608 39451185950 1531464 	13798503144 1531464 0 0 0 	44434455 1531464 0 	474.797 	3 	84
11333200000000 11333300000400 	14000035408 40024008751 1543315 	13998492093 1543315 0 0 0 	44776835 1543315 0 	474.343 	3 	84
11352400000000 11352500000400 	14200036208 40596828786 1554945 	14198481263 1554945 0 0 0 	45118844 1554945 0 	473.903 	3 	84
11371600000000 11371700000400 	14400037008 41169709387 1566441 	14398470567 1566441 0 0 0 	45454227 1566441 0 	473.476 	3 	84
11390800000000 11390900000400 	14600037808 41742623831 1577891 	14598459917 1577891 0 0 0 	45788811 1577891 0 	473.061 	3 	84
11410000000000 11410100000290 	14800038388 42315650207 1589253 	14798449135 1589253 0 0 0 	46119648 1589253 0 	472.612 	3 	84
11429200000000 11429300000290 	15000038968 42888675710 1600584 	14998438384 1600584 0 0 0 	46446308 1600584 0 	472.176 	3 	84
11448400000000 11448500000290 	15200039548 43461719984 1611435 	15198428113 1611435 0 0 0 	46763706 1611435 0 	471.753 	3 	84
11467600000000 11467700000290 	15400040128 44034757131 1622186 	15398417942 1622186 0 0 0 	47077933 1622186 0 	471.341 	3 	84
11486800000000 11486900000249 	15600040626 44607862172 1632593 	15598408033 1632593 0 0 0 	47377839 1632593 0 	470.896 	3 	84
11506000000000 11506100000249 	15800041124 45180966512 1643052 	15798398072 1643052 0 0 0 	47681756 1643052 0 	470.463 	3 	84
11525200000000 11525300000249 	16000041622 45754117951 1653200 	15998388422 1653200 0 0 0 	47982635 1653200 0 	470.042 	3 	84
11544400000000 11544500000249 	16200042120 46327296774 1663276 	16198378844 1663276 0 0 0 	48274905 1663276 0 	469.632 	3 	84
11563600000000 11563700000088 	16400042296 46900554277 1673238 	16398369058 1673238 0 0 0 	48566777 1673238 0 	469.191 	3 	84
11582800000000 11582900000088 	16600042472 47473833086 1683042 	16598359430 1683042 0 0 0 	48848796 1683042 0 	468.761 	3 	84
11602000000000 11602100000088 	16800042648 48047078463 1692589 	16798350059 1692589 0 0 0 	49125877 1692589 0 	468.342 	3 	84
11621200000000 11621300000088 	17000042824 48620375498 1701935 	16998340889 1701935 0 0 0 	49396538 1701935 0 	467.933 	3 	84
11640400000000 11640500000110 	17200043044 49193732202 1711173 	17198331871 1711173 0 0 0 	49665855 1711173 0 	467.508 	3 	84
11659600000000 11659700000110 	17400043264 49767115635 1720337 	17398322927 1720337 0 0 0 	49933416 1720337 0 	467.094 	3 	84
11678800000000 11678900000110 	17600043484 50340570828 1729203 	17598314281 1729203 0 0 0 	50192389 1729203 0 	466.69 	3 	84
11698000000000 11698100000110 	17800043704 50913974831 1738071 	17798305633 1738071 0 0 0 	50446037 1738071 0 	466.295 	3 	84
11717200000000 11717300000189 	18000044082 51487442656 1746723 	17998297359 1746723 0 0 0 	50700997 1746723 0 	465.871 	3 	84
11736400000000 11736500000189 	18200044460 52060918927 1755313 	18198289147 1755313 0 0 0 	50947831 1755313 0 	465.457 	3 	84
11755600000000 11755700000189 	18400044838 52634430952 1763822 	18398281016 1763822 0 0 0 	51202315 1763822 0 	465.053 	3 	84
11774800000000 11774900000100 	18600045038 53207958524 1767881 	18598277157 1767881 0 0 0 	51318894 1767881 0 	464.299 	3 	84
11794000000000 11794100000314 	18800045666 53781539750 1771990 	18798273676 1771990 0 0 0 	51437414 1771990 0 	463.534 	3 	84
11813200000000 11813300000314 	19000046294 54355153004 1775964 	18998270330 1775964 0 0 0 	51553174 1775964 0 	462.789 	3 	84
11832400000000 11832500000314 	19200046922 54928723564 1779860 	19198267062 1779860 0 0 0 	51665780 1779860 0 	462.061 	3 	84
11851600000000 11851700000314 	19400047550 55502359133 1783752 	19398263798 1783752 0 0 0 	51780491 1783752 0 	461.35 	3 	84
11870800000000 11870900000173 	19600047896 56075959699 1787472 	19598260424 1787472 0 0 0 	51886166 1787472 0 	460.616 	3 	84
11890000000000 11890100000173 	19800048242 56649552857 1791180 	19798257062 1791180 0 0 0 	51992891 1791180 0 	459.898 	3 	84
11909200000000 11909300000173 	20000048588 57223237610 1794825 	19998253763 1794825 0 0 0 	52099267 1794825 0 	459.198 	3 	84
11928400000000 11928500000330 	20200049248 57797034530 1798563 	20198250685 1798563 0 0 0 	52210170 1798563 0 	458.486 	3 	84
11947600000000 11947700000330 	20400049908 58370821458 1802033 	20398247875 1802033 0 0 0 	52311154 1802033 0 	457.791 	3 	84
11966800000000 11966900000330 	20600050568 58944669269 1805567 	20598245001 1805567 0 0 0 	52414903 1805567 0 	457.112 	3 	84
11986000000000 11986100000330 	20800051228 59518543000 1808959 	20798242269 1808959 0 0 0 	52511749 1808959 0 	456.447 	3 	84
12005200000000 12005300000352 	21000051932 60092454949 1812308 	20998239624 1812308 0 0 0 	52604635 1812308 0 	455.759 	3 	84
12024400000000 12024500000352 	21200052636 60666361836 1815530 	21198237106 1815530 0 0 0 	52700038 1815530 0 	455.086 	3 	84
12043600000000 12043700000352 	21400053340 61240358572 1818786 	21398234554 1818786 0 0 0 	52793719 1818786 0 	454.428 	3 	84
12062800000000 12062900000352 	21600054044 61814328069 1822035 	21598232009 1822035 0 0 0 	52888696 1822035 0 	453.783 	3 	84
12082000000000 12082100000376 	21800054796 62388264978 1825292 	21798229504 1825292 0 0 0 	52984925 1825292 0 	453.128 	3 	84
12101200000000 12101300000376 	22000055548 62962360642 1828324 	21998227224 1828324 0 0 0 	53074170 1828324 0 	452.487 	3 	84
12120400000000 12120500000376 	22200056300 63536416995 1831315 	22198224985 1831315 0 0 0 	53162461 1831315 0 	451.859 	3 	84
12139600000000 12139700000376 	22400057052 64110517884 1834375 	22398222677 1834375 0 0 0 	53251827 1834375 0 	451.243 	3 	84
12158800000000 12158900000290 	22600057632 64684673099 1837304 	22598220328 1837304 0 0 0 	53339595 1837304 0 	450.617 	3 	84
12178000000000 12178100000290 	22800058212 65258885546 1840231 	22798217981 1840231 0 0 0 	53425102 1840231 0 	450.004 	3 	84
12197200000000 12197300000290 	23000058792 65833090943 1843160 	22998215632 1843160 0 0 0 	53509652 1843160 0 	449.402 	3 	84
12216400000000 12216500000290 	23200059372 66407282199 1845937 	23198213435 1845937 0 0 0 	53589958 1845937 0 	448.813 	3 	84
12235600000000 12235700000026 	23400059424 66981554001 1848618 	23398210806 1848618 0 0 0 	53667897 1848618 0 	448.201 	3 	84
12254800000000 12254900000026 	23600059476 67555838907 1851350 	23598208126 1851350 0 0 0 	53749381 1851350 0 	447.601 	3 	84
12274000000000 12274100000026 	23800059528 68130199569 1854077 	23798205451 1854077 0 0 0 	53829541 1854077 0 	447.013 	3 	84
12293200000000 12293300000285 	24000060098 68704519637 1856775 	23998203323 1856775 0 0 0 	53909146 1856775 0 	446.414 	3 	84
12312400000000 12312500000285 	24200060668 69278922895 1859367 	24198201301 1859367 0 0 0 	53981824 1859367 0 	445.826 	3 	84
12331600000000 12331700000285 	24400061238 69853260212 1861949 	24398199289 1861949 0 0 0 	54055553 1861949 0 	445.249 	3 	84
12350800000000 12350900000285 	24600061808 70427706864 1864401 	24598197407 1864401 0 0 0 	54126971 1864401 0 	444.684 	3 	84
12370000000000 12370100000151 	24800062110 71002190855 1866808 	24798195302 1866808 0 0 0 	54196665 1866808 0 	444.107 	3 	84
12389200000000 12389300000151 	25000062412 71576658179 1869251 	24998193161 1869251 0 0 0 	54265392 1869251 0 	443.541 	3 	84
12408400000000 12408500000151 	25200062714 72151127262 1871667 	25198191047 1871667 0 0 0 	54336008 1871667 0 	442.985 	3 	84
12427600000000 12427700000308 	25400063330 72725963123 1913083 	25398150247 1913083 0 0 0 	55538109 1913083 0 	443.432 	3 	84
12446800000000 12446900000308 	25600063946 73300839178 1953895 	25598110051 1953895 0 0 0 	56725770 1953895 0 	443.873 	3 	84
12466000000000 12466100000308 	25800064562 73875726839 1994494 	25798070068 1994494 0 0 0 	57914173 1994494 0 	444.307 	3 	84
12485200000000 12485300000308 	26000065178 74450627844 2034275 	25998030903 2034275 0 0 0 	59077684 2034275 0 	444.736 	3 	84
12504400000000 12504500000308 	26200065794 75025583357 2073394 	26197992400 2073394 0 0 0 	60210368 2073394 0 	445.16 	3 	84
12523600000000 12523700000152 	26400066098 75600646650 2112324 	26397953774 2112324 0 0 0 	61342622 2112324 0 	445.554 	3 	84
12542800000000 12542900000152 	26600066402 76175640677 2150789 	26597915613 2150789 0 0 0 	62463607 2150789 0 	445.942 	3 	84
12562000000000 12562100000152 	26800066706 76750674644 2189183 	26797877523 2189183 0 0 0 	63582793 2189183 0 	446.326 	3 	84
12581200000000 12581300000152 	27000067010 77325715005 2226478 	26997840532 2226478 0 0 0 	64667843 2226478 0 	446.705 	3 	84
12600400000000 12600500000152 	27200067314 77900767247 2263353 	27197803961 2263353 0 0 0 	65736662 2263353 0 	447.079 	3 	84
12619600000000 12619700000000 	27400067314 78475913963 2299681 	27397767633 2299681 0 0 0 	66794290 2299681 0 	447.424 	3 	84
12638800000000 12638900000000 	27600067314 79051091337 2335975 	27597731339 2335975 0 0 0 	67855803 2335975 0 	447.765 	3 	84
12658000000000 12658100000000 	27800067314 79626210773 2371393 	27797695921 2371393 0 0 0 	68890711 2371393 0 	448.102 	3 	84
12677200000000 12677300000000 	28000067314 80201426135 2406543 	27997660771 2406543 0 0 0 	69912528 2406543 0 	448.435 	3 	84
12696400000000 12696500000000 	28200067314 80776585712 2441313 	28197626001 2441313 0 0 0 	70919007 2441313 0 	448.763 	3 	84
12715600000000 12715700000048 	28400067410 81351840012 2475518 	28397591892 2475518 0 0 0 	71920459 2475518 0 	449.064 	3 	84
12734800000000 12734900000048 	28600067506 81927084313 2509155 	28597558351 2509155 0 0 0 	72902099 2509155 0 	449.361 	3 	84
12754000000000 12754100000048 	28800067602 82502329426 2542466 	28797525136 2542466 0 0 0 	73871061 2542466 0 	449.655 	3 	84
12773200000000 12773300000048 	29000067698 83077598395 2575199 	28997492499 2575199 0 0 0 	74821949 2575199 0 	449.945 	3 	84
12792400000000 12792500000048 	29200067794 83653006438 2607871 	29197459923 2607871 0 0 0 	75780068 2607871 0 	450.231 	3 	84
12811600000000 12811700000476 	29400068746 84228393451 2639505 	29397429241 2639505 0 0 0 	76709963 2639505 0 	450.491 	3 	84
12830800000000 12830900000476 	29600069698 84803787568 2671030 	29597398668 2671030 0 0 0 	77618170 2671030 0 	450.748 	3 	84
12850000000000 12850100000476 	29800070650 85379206427 2702435 	29797368215 2702435 0 0 0 	78542815 2702435 0 	451.002 	3 	84
12869200000000 12869300000476 	30000071602 85954662258 2733348 	29997338254 2733348 0 0 0 	79443393 2733348 0 	451.253 	3 	84
12888400000000 12888500000476 	30200072554 86530062307 2763728 	30197308826 2763728 0 0 0 	80331899 2763728 0 	451.5 	3 	84
12907600000000 12907700000011 	30400072576 87105582613 2793839 	30397278737 2793839 0 0 0 	81214402 2793839 0 	451.728 	3 	84
12926800000000 12926900000011 	30600072598 87681051305 2823519 	30597249079 2823519 0 0 0 	82082212 2823519 0 	451.954 	3 	84
12946000000000 12946100000011 	30800072620 88256527022 2852981 	30797219639 2852981 0 0 0 	82943040 2852981 0 	452.176 	3 	84
12965200000000 12965300000011 	31000072642 88832053922 2881829 	30997190813 2881829 0 0 0 	83777140 2881829 0 	452.396 	3 	84
12984400000000 12984500000011 	31200072664 89407708270 2910271 	31197162393 2910271 0 0 0 	84610492 2910271 0 	452.613 	3 	84
13003600000000 13003700000210 	31400073084 89983290583 2938253 	31397134831 2938253 0 0 0 	85420903 2938253 0 	452.806 	3 	84
13022800000000 13022900000210 	31600073504 90558916777 2966099 	31597107405 2966099 0 0 0 	86236122 2966099 0 	452.996 	3 	84
13042000000000 13042100000210 	31800073924 91134552683 2993410 	31797080514 2993410 0 0 0 	87033133 2993410 0 	453.184 	3 	84
13061200000000 13061300000210 	32000074344 91710248978 3020263 	31997054081 3020263 0 0 0 	87820029 3020263 0 	453.37 	3 	84
13080400000000 13080500000210 	32200074764 92285935466 3047151 	32197027613 3047151 0 0 0 	88600240 3047151 0 	453.554 	3 	84
13099600000000 13099700000381 	32400075526 92861686649 3073498 	32397002028 3073498 0 0 0 	89382107 3073498 0 	453.713 	3 	84
13118800000000 13118900000381 	32600076288 93437470287 3099446 	32596976842 3099446 0 0 0 	90140133 3099446 0 	453.871 	3 	84
13138000000000 13138100000381 	32800077050 94013248444 3125091 	32796951959 3125091 0 0 0 	90889943 3125091 0 	454.027 	3 	84
13157200000000 13157300000381 	33000077812 94589069201 3150464 	32996927348 3150464 0 0 0 	91624342 3150464 0 	454.182 	3 	84
13176400000000 13176500000381 	33200078574 95164919686 3175423 	33196903151 3175423 0 0 0 	92354581 3175423 0 	454.334 	3 	84
13195600000000 13195700000468 	33400079510 95740764997 3200195 	33396879315 3200195 0 0 0 	93078866 3200195 0 	454.469 	3 	84
13214800000000 13214900000468 	33600080446 96316603026 3224597 	33596855849 3224597 0 0 0 	93793022 3224597 0 	454.602 	3 	84
13234000000000 13234100000468 	33800081382 96892509426 3248943 	33796832439 3248943 0 0 0 	94504165 3248943 0 	454.734 	3 	84
13253200000000 13253300000468 	34000082318 97468487309 3272808 	33996809510 3272808 0 0 0 	95202374 3272808 0 	454.864 	3 	84
13272400000000 13272500000468 	34200083254 98044411072 3296294 	34196786960 3296294 0 0 0 	95890311 3296294 0 	454.993 	3 	84
13291600000000 13291700000254 	34400083762 98620396354 3319461 	34396764301 3319461 0 0 0 	96572365 3319461 0 	455.099 	3 	84
13310800000000 13310900000254 	34600084270 99196403389 3342449 	34596741821 3342449 0 0 0 	97242487 3342449 0 	455.204 	3 	84
13330000000000 13330100000254 	34800084778 99772485054 3365129 	34796719649 3365129 0 0 0 	97901087 3365129 0 	455.308 	3 	84
13349200000000 13349300000254 	35000085286 100348524791 3387463 	34996697823 3387463 0 0 0 	98557005 3387463 0 	455.411 	3 	84
13368400000000 13368500000254 	35200085794 100924610918 3409538 	35196676256 3409538 0 0 0 	99200792 3409538 0 	455.512 	3 	84
13387600000000 13387700000365 	35400086524 101500662304 3431303 	35396655221 3431303 0 0 0 	99834986 3431303 0 	455.597 	3 	84
13406800000000 13406900000365 	35600087254 102076793352 3452915 	35596634339 3452915 0 0 0 	100467266 3452915 0 	455.68 	3 	84
13426000000000 13426100000365 	35800087984 102653003051 3473989 	35796613995 3473989 0 0 0 	101085478 3473989 0 	455.763 	3 	84
13445200000000 13445300000365 	36000088714 103229194825 3495112 	35996593602 3495112 0 0 0 	101699086 3495112 0 	455.845 	3 	84
13464400000000 13464500000365 	36200089444 103805379881 3515783 	36196573661 3515783 0 0 0 	102307921 3515783 0 	455.926 	3 	84
13483600000000 13483700000368 	36400090180 104381567579 3536136 	36396554044 3536136 0 0 0 	102903029 3536136 0 	455.991 	3 	84
13502800000000 13502900000368 	36600090916 104957841724 3556295 	36596534621 3556295 0 0 0 	103495488 3556295 0 	456.055 	3 	84
13522000000000 13522100000368 	36800091652 105534144801 3576227 	36796515425 3576227 0 0 0 	104073022 3576227 0 	456.118 	3 	84
13541200000000 13541300000368 	37000092388 106110474631 3596017 	36996496371 3596017 0 0 0 	104647370 3596017 0 	456.181 	3 	84
13560400000000 13560500000368 	37200093124 106686739219 3615436 	37196477688 3615436 0 0 0 	105209664 3615436 0 	456.243 	3 	84
13579600000000 13579700000352 	37400093828 107263105326 3634675 	37396459153 3634675 0 0 0 	105778346 3634675 0 	456.283 	3 	84
13598800000000 13598900000352 	37600094532 107839480264 3653388 	37596441144 3653388 0 0 0 	106328470 3653388 0 	456.324 	3 	84
13618000000000 13618100000352 	37800095236 108415918249 3672084 	37796423152 3672084 0 0 0 	106877526 3672084 0 	456.364 	3 	84
13637200000000 13637300000352 	38000095940 108992360141 3690548 	37996405392 3690548 0 0 0 	107423575 3690548 0 	456.403 	3 	84
13656400000000 13656500000352 	38200096644 109568791954 3708644 	38196388000 3708644 0 0 0 	107946066 3708644 0 	456.442 	3 	84
13675600000000 13675700000120 	38400096884 110145289841 3726473 	38396370411 3726473 0 0 0 	108469868 3726473 0 	456.466 	3 	84
13694800000000 13694900000120 	38600097124 110721759994 3743993 	38596353131 3743993 0 0 0 	108981946 3743993 0 	456.489 	3 	84
13714000000000 13714100000120 	38800097364 111298293628 3761651 	38796335713 3761651 0 0 0 	109500166 3761651 0 	456.512 	3 	84
13733200000000 13733300000120 	39000097604 111874825993 3779078 	38996318526 3779078 0 0 0 	110013551 3779078 0 	456.535 	3 	84
13752400000000 13752500000120 	39200097844 112451435361 3796257 	39196301587 3796257 0 0 0 	110516754 3796257 0 	456.557 	3 	84
13771600000000 13771700000178 	39400098200 113028040559 3813324 	39396284876 3813324 0 0 0 	111019537 3813324 0 	456.565 	3 	84
13790800000000 13790900000178 	39600098556 113604666760 3829941 	39596268615 3829941 0 0 0 	111503492 3829941 0 	456.572 	3 	84
13810000000000 13810100000178 	39800098912 114181247344 3846266 	39796252646 3846266 0 0 0 	111985994 3846266 0 	456.579 	3 	84
13829200000000 13829300000178 	40000099268 114757981194 3862468 	39996236800 3862468 0 0 0 	112463893 3862468 0 	456.586 	3 	84
13848400000000 13848500000178 	40200099624 115334682226 3878471 	40196221153 3878471 0 0 0 	112927576 3878471 0 	456.593 	3 	84
13867600000000 13867700000355 	40400100334 115911428876 3894062 	40396206272 3894062 0 0 0 	113381722 3894062 0 	456.585 	3 	84
13886800000000 13886900000355 	40600101044 116488192397 3909444 	40596191600 3909444 0 0 0 	113838458 3909444 0 	456.578 	3 	84
13906000000000 13906100000355 	40800101754 117064951624 3924784 	40796176970 3924784 0 0 0 	114288030 3924784 0 	456.57 	3 	84
13925200000000 13925300000355 	41000102464 117641774726 3940028 	40996162436 3940028 0 0 0 	114731716 3940028 0 	456.562 	3 	84
13944400000000 13944500000355 	41200103174 118218664538 3955122 	41196148052 3955122 0 0 0 	115174239 3955122 0 	456.554 	3 	84
13963600000000 13963700000355 	41400103884 118795512353 3969873 	41396134011 3969873 0 0 0 	115610029 3969873 0 	456.547 	3 	84
13982800000000 13982900000230 	41600104344 119372380649 3984506 	41596119838 3984506 0 0 0 	116039405 3984506 0 	456.52 	3 	84
14002000000000 14002100000230 	41800104804 119949302065 3998868 	41796105936 3998868 0 0 0 	116456532 3998868 0 	456.493 	3 	84
14021200000000 14021300000230 	42000105264 120526238467 4013158 	41996092106 4013158 0 0 0 	116869554 4013158 0 	456.467 	3 	84
14040400000000 14040500000230 	42200105724 121103158333 4027506 	42196078218 4027506 0 0 0 	117295847 4027506 0 	456.44 	3 	84
14059600000000 14059700000230 	42400106184 121680141894 4041185 	42396064999 4041185 0 0 0 	117696007 4041185 0 	456.415 	3 	84
14078800000000 14078900000320 	42600106824 122257130193 4054676 	42596052148 4054676 0 0 0 	118097406 4054676 0 	456.374 	3 	84
14098000000000 14098100000320 	42800107464 122834114345 4068175 	42796039289 4068175 0 0 0 	118489322 4068175 0 	456.334 	3 	84
14117200000000 14117300000320 	43000108104 123411132593 4081468 	42996026636 4081468 0 0 0 	118879314 4081468 0 	456.295 	3 	84
14136400000000 14136500000320 	43200108744 123988266637 4094648 	43196014096 4094648 0 0 0 	119275958 4094648 0 	456.256 	3 	84
14155600000000 14155700000320 	43400109384 124565402383 4107722 	43396001662 4107722 0 0 0 	119662470 4107722 0 	456.217 	3 	84
14174800000000 14174900000400 	43600110184 125142511570 4120683 	43595989501 4120683 0 0 0 	120039944 4120683 0 	456.164 	3 	84
14194000000000 14194100000400 	43800110984 125719625384 4133406 	43795977578 4133406 0 0 0 	120406578 4133406 0 	456.112 	3 	84
14213200000000 14213300000400 	44000111784 126296783685 4145901 	43995965883 4145901 0 0 0 	120773683 4145901 0 	456.06 	3 	84
14232400000000 14232500000400 	44200112584 126874011265 4158170 	44195954414 4158170 0 0 0 	121131576 4158170 0 	456.009 	3 	84
14251600000000 14251700000400 	44400113384 127451247636 4170290 	44395943094 4170290 0 0 0 	121488522 4170290 0 	455.958 	3 	84
14270800000000 14270900000290 	44600113964 128028477062 4182337 	44595931627 4182337 0 0 0 	121844143 4182337 0 	455.894 	3 	84
14290000000000 14290100000290 	44800114544 128605705039 4194219 	44795920325 4194219 0 0 0 	122185552 4194219 0 	455.83 	3 	84
14309200000000 14309300000290 	45000115124 129183005853 4206047 	44995909077 4206047 0 0 0 	122531317 4206047 0 	455.766 	3 	84
14328400000000 14328500000290 	45200115704 129760315108 4217628 	45195898076 4217628 0 0 0 	122871796 4217628 0 	455.704 	3 	84
14347600000000 14347700000290 	45400116284 130337672418 4229079 	45395887205 4229079 0 0 0 	123205043 4229079 0 	455.641 	3 	84
14366800000000 14366900000249 	45600116782 130915058745 4240402 	45595876380 4240402 0 0 0 	123538840 4240402 0 	455.566 	3 	84
14386000000000 14386100000249 	45800117280 131492450353 4251599 	45795865681 4251599 0 0 0 	123862012 4251599 0 	455.49 	3 	84
14405200000000 14405300000249 	46000117778 132069853869 4262615 	45995855163 4262615 0 0 0 	124184230 4262615 0 	455.416 	3 	84
14424400000000 14424500000249 	46200118276 132647320754 4273424 	46195844852 4273424 0 0 0 	124502575 4273424 0 	455.342 	3 	84
14443600000000 14443700000249 	46400118774 133224787277 4284069 	46395834705 4284069 0 0 0 	124809864 4284069 0 	455.269 	3 	84
14462800000000 14462900000088 	46600118950 133802312226 4294618 	46595824332 4294618 0 0 0 	125116881 4294618 0 	455.183 	3 	84
14482000000000 14482100000088 	46800119126 134379776856 4305034 	46795814092 4305034 0 0 0 	125423109 4305034 0 	455.097 	3 	84
14501200000000 14501300000088 	47000119302 134957311410 4315390 	46995803912 4315390 0 0 0 	125727612 4315390 0 	455.013 	3 	84
14520400000000 14520500000088 	47200119478 135534900115 4325533 	47195793945 4325533 0 0 0 	126019010 4325533 0 	454.929 	3 	84
14539600000000 14539700000088 	47400119654 136112550938 4335592 	47395784062 4335592 0 0 0 	126315911 4335592 0 	454.845 	3 	84
14558800000000 14558900000110 	47600119874 136690156623 4345526 	47595774348 4345526 0 0 0 	126605778 4345526 0 	454.753 	3 	84
14578000000000 14578100000110 	47800120094 137267774777 4355233 	47795764861 4355233 0 0 0 	126893371 4355233 0 	454.663 	3 	84
14597200000000 14597300000110 	48000120314 137845440257 4365012 	47995755302 4365012 0 0 0 	127184029 4365012 0 	454.572 	3 	84
14616400000000 14616500000110 	48200120534 138423071739 4374436 	48195746098 4374436 0 0 0 	127459440 4374436 0 	454.483 	3 	84
14635600000000 14635700000110 	48400120754 139000849707 4383988 	48395736766 4383988 0 0 0 	127736184 4383988 0 	454.394 	3 	84
14654800000000 14654900000189 	48600121132 139578610545 4393288 	48595727844 4393288 0 0 0 	128005989 4393288 0 	454.293 	3 	84
14674000000000 14674100000189 	48800121510 140156324766 4402597 	48795718913 4402597 0 0 0 	128274821 4402597 0 	454.192 	3 	84
14693200000000 14693300000189 	49000121888 140734107312 4411592 	48995710296 4411592 0 0 0 	128537960 4411592 0 	454.093 	3 	84
14712400000000 14712500000189 	49200122266 141311919895 4420494 	49195701772 4420494 0 0 0 	128800667 4420494 0 	453.994 	3 	84
14731600000000 14731700000189 	49400122644 141889792547 4429438 	49395693206 4429438 0 0 0 	129064319 4429438 0 	453.896 	3 	84
14750800000000 14750900000060 	49600122764 142467609154 4438162 	49595684602 4438162 0 0 0 	129322584 4438162 0 	453.785 	3 	84
14770000000000 14770100000060 	49800122884 143045497824 4446956 	49795675928 4446956 0 0 0 	129581773 4446956 0 	453.675 	3 	84
14789200000000 14789300000060 	50000123004 143623383964 4455424 	49995667580 4455424 0 0 0 	129832550 4455424 0 	453.566 	3 	84
14808400000000 14808500000060 	50200123124 144201279329 4463858 	50195659266 4463858 0 0 0 	130079329 4463858 0 	453.458 	3 	84
14827600000000 14827700000060 	50400123244 144779240983 4472228 	50395651016 4472228 0 0 0 	130321966 4472228 0 	453.351 	3 	84
14846800000000 14846900000375 	50600123994 145357195991 4480413 	50595643581 4480413 0 0 0 	130565466 4480413 0 	453.232 	3 	84
14866000000000 14866100000375 	50800124744 145935181193 4488435 	50795636309 4488435 0 0 0 	130798200 4488435 0 	453.113 	3 	84
