10008900000000 10009000000152 	200000304 570670435 36576 	199963728 36576 0 0 0 	1046617 36576 0 	504 	3 	89
10028100000000 10028200000152 	400000608 1141376987 72665 	399927943 72665 0 0 0 	2085405 72665 0 	504 	3 	89
10047300000000 10047400000152 	600000912 1712114024 108022 	599892890 108022 0 0 0 	3107271 108022 0 	504 	3 	89
10066500000000 10066600000152 	800001216 2282858205 142935 	799858281 142935 0 0 0 	4112062 142935 0 	504 	3 	89
10085700000000 10085800000000 	1000001216 2853618334 177403 	999823813 177403 0 0 0 	5105066 177403 0 	503.195 	3 	89
10104900000000 10105000000000 	1200001216 3424467242 211221 	1199789995 211221 0 0 0 	6087595 211221 0 	502.66 	3 	89
10124100000000 10124200000000 	1400001216 3995340899 244651 	1399756565 244651 0 0 0 	7049270 244651 0 	502.278 	3 	89
10143300000000 10143400000000 	1600001216 4566266264 277339 	1599723877 277339 0 0 0 	7996410 277339 0 	501.992 	3 	89
10162500000000 10162600000000 	1800001216 5137188884 309432 	1799691784 309432 0 0 0 	8921587 309432 0 	501.77 	3 	89
10181700000000 10181800000048 	2000001312 5708140806 341015 	1999660297 341015 0 0 0 	9835626 341015 0 	501.187 	3 	89
10200900000000 10201000000048 	2200001408 6279116574 372286 	2199629122 372286 0 0 0 	10736708 372286 0 	500.711 	3 	89
10220100000000 10220200000048 	2400001504 6850131932 403055 	2399598449 403055 0 0 0 	11628854 403055 0 	500.315 	3 	89
10239300000000 10239400000048 	2600001600 7421276029 433227 	2599568373 433227 0 0 0 	12510075 433227 0 	499.98 	3 	89
10258500000000 10258600000476 	2800002552 7992340336 462787 	2799539765 462787 0 0 0 	13372398 462787 0 	499.402 	3 	89
10277700000000 10277800000476 	3000003504 8563485967 491855 	2999511649 491855 0 0 0 	14221300 491855 0 	498.901 	3 	89
10296900000000 10297000000476 	3200004456 9134653700 520197 	3199484259 520197 0 0 0 	15049534 520197 0 	498.464 	3 	89
10316100000000 10316200000476 	3400005408 9705844894 548434 	3399456974 548434 0 0 0 	15863884 548434 0 	498.079 	3 	89
10335300000000 10335400000011 	3600005430 10277046366 576094 	3599429336 576094 0 0 0 	16669420 576094 0 	497.566 	3 	89
10354500000000 10354600000011 	3800005452 10848290721 603555 	3799401897 603555 0 0 0 	17462503 603555 0 	497.108 	3 	89
10373700000000 10373800000011 	4000005474 11419636754 630427 	3999375047 630427 0 0 0 	18240512 630427 0 	496.696 	3 	89
10392900000000 10393000000011 	4200005496 11991027677 657066 	4199348430 657066 0 0 0 	19016192 657066 0 	496.324 	3 	89
10412100000000 10412200000210 	4400005916 12562385623 683259 	4399322657 683259 0 0 0 	19768175 683259 0 	495.798 	3 	89
10431300000000 10431400000210 	4600006336 13133741092 708831 	4599297505 708831 0 0 0 	20507831 708831 0 	495.318 	3 	89
10450500000000 10450600000210 	4800006756 13705184103 733905 	4799272851 733905 0 0 0 	21244788 733905 0 	494.88 	3 	89
10469700000000 10469800000210 	5000007176 14276602518 758427 	4999248749 758427 0 0 0 	21957519 758427 0 	494.477 	3 	89
10488900000000 10489000000381 	5200007938 14848059196 782871 	5199225067 782871 0 0 0 	22659999 782871 0 	493.945 	3 	89
10508100000000 10508200000381 	5400008700 15419529187 806799 	5399201901 806799 0 0 0 	23346329 806799 0 	493.453 	3 	89
10527300000000 10527400000381 	5600009462 15991126068 830689 	5599178773 830689 0 0 0 	24038383 830689 0 	492.997 	3 	89
10546500000000 10546600000381 	5800010224 16562617301 853867 	5799156357 853867 0 0 0 	24703853 853867 0 	492.573 	3 	89
10565700000000 10565800000468 	6000011160 17134220774 876563 	5999134597 876563 0 0 0 	25368294 876563 0 	492.073 	3 	89
10584900000000 10585000000468 	6200012096 17705808948 899013 	6199113083 899013 0 0 0 	26022378 899013 0 	491.606 	3 	89
10604100000000 10604200000468 	6400013032 18277522215 920983 	6399092049 920983 0 0 0 	26658716 920983 0 	491.169 	3 	89
10623300000000 10623400000468 	6600013968 18849163840 942647 	6599071321 942647 0 0 0 	27288084 942647 0 	490.76 	3 	89
10642500000000 10642600000254 	6800014476 19420943029 964166 	6799050310 964166 0 0 0 	27910614 964166 0 	490.25 	3 	89
10661700000000 10661800000254 	7000014984 19992702935 985074 	6999029910 985074 0 0 0 	28516685 985074 0 	489.77 	3 	89
10680900000000 10681000000254 	7200015492 20564443026 1005682 	7199009810 1005682 0 0 0 	29116623 1005682 0 	489.318 	3 	89
10700100000000 10700200000254 	7400016000 21136214129 1025834 	7398990166 1025834 0 0 0 	29693062 1025834 0 	488.891 	3 	89
10719300000000 10719400000365 	7600016730 21708096676 1045903 	7598970827 1045903 0 0 0 	30279612 1045903 0 	488.403 	3 	89
10738500000000 10738600000365 	7800017460 22279927475 1065579 	7798951881 1065579 0 0 0 	30847791 1065579 0 	487.94 	3 	89
10757700000000 10757800000365 	8000018190 22851883115 1084977 	7998933213 1084977 0 0 0 	31415797 1084977 0 	487.502 	3 	89
10776900000000 10777000000365 	8200018920 23423845103 1104165 	8198914755 1104165 0 0 0 	31968232 1104165 0 	487.086 	3 	89
10796100000000 10796200000368 	8400019656 23995803201 1122957 	8398896699 1122957 0 0 0 	32513125 1122957 0 	486.613 	3 	89
10815300000000 10815400000368 	8600020392 24567802079 1141573 	8598878819 1141573 0 0 0 	33048265 1141573 0 	486.164 	3 	89
10834500000000 10834600000368 	8800021128 25139837737 1159976 	8798861152 1159976 0 0 0 	33575079 1159976 0 	485.735 	3 	89
10853700000000 10853800000368 	9000021864 25711922557 1177995 	8998843869 1177995 0 0 0 	34094139 1177995 0 	485.326 	3 	89
10872900000000 10873000000352 	9200022568 26284070518 1195554 	9198827014 1195554 0 0 0 	34603223 1195554 0 	484.842 	3 	89
10892100000000 10892200000352 	9400023272 26856231258 1212774 	9398810498 1212774 0 0 0 	35106279 1212774 0 	484.379 	3 	89
10911300000000 10911400000352 	9600023976 27428369398 1229999 	9598793977 1229999 0 0 0 	35603021 1229999 0 	483.936 	3 	89
10930500000000 10930600000352 	9800024680 28000567982 1246968 	9798777712 1246968 0 0 0 	36093951 1246968 0 	483.512 	3 	89
10949700000000 10949800000120 	10000024920 28572830151 1263539 	9998761381 1263539 0 0 0 	36574163 1263539 0 	483.041 	3 	89
10968900000000 10969000000120 	10200025160 29145086182 1279672 	10198745488 1279672 0 0 0 	37038509 1279672 0 	482.588 	3 	89
10988100000000 10988200000120 	10400025400 29717428157 1295775 	10398729625 1295775 0 0 0 	37505035 1295775 0 	482.154 	3 	89
11007300000000 11007400000120 	10600025640 30289735462 1311526 	10598714114 1311526 0 0 0 	37967118 1311526 0 	481.737 	3 	89
11026500000000 11026600000178 	10800025996 30862111934 1327089 	10798698907 1327089 0 0 0 	38423116 1327089 0 	481.275 	3 	89
11045700000000 11045800000178 	11000026352 31434531495 1342308 	10998684044 1342308 0 0 0 	38867538 1342308 0 	480.831 	3 	89
11064900000000 11065000000178 	11200026708 32006947660 1357262 	11198669446 1357262 0 0 0 	39304753 1357262 0 	480.403 	3 	89
11084100000000 11084200000178 	11400027064 32579358699 1371991 	11398655073 1371991 0 0 0 	39731444 1371991 0 	479.991 	3 	89
11103300000000 11103400000355 	11600027774 33151808641 1386501 	11598641273 1386501 0 0 0 	40154874 1386501 0 	479.537 	3 	89
11122500000000 11122600000355 	11800028484 33724327999 1400911 	11798627573 1400911 0 0 0 	40574067 1400911 0 	479.099 	3 	89
11141700000000 11141800000355 	12000029194 34296932478 1414995 	11998614199 1414995 0 0 0 	40981665 1414995 0 	478.677 	3 	89
11160900000000 11161000000355 	12200029904 34869491572 1428732 	12198601172 1428732 0 0 0 	41381255 1428732 0 	478.269 	3 	89
11180100000000 11180200000230 	12400030364 35442061053 1442410 	12398587954 1442410 0 0 0 	41776509 1442410 0 	477.803 	3 	89
11199300000000 11199400000230 	12600030824 36014650492 1455648 	12598575176 1455648 0 0 0 	42164038 1455648 0 	477.352 	3 	89
11218500000000 11218600000230 	12800031284 36587338333 1468862 	12798562422 1468862 0 0 0 	42544336 1468862 0 	476.917 	3 	89
11237700000000 11237800000230 	13000031744 37160035280 1481747 	12998549997 1481747 0 0 0 	42918714 1481747 0 	476.496 	3 	89
11256900000000 11257000000320 	13200032384 37732795458 1494531 	13198537853 1494531 0 0 0 	43289193 1494531 0 	476.037 	3 	89
11276100000000 11276200000320 	13400033024 38305506017 1507122 	13398525902 1507122 0 0 0 	43649591 1507122 0 	475.593 	3 	89
11295300000000 11295400000320 	13600033664 38878310888 1519549 	13598514115 1519549 0 0 0 	44011038 1519549 0 	475.162 	3 	89
11314500000000 11314600000320 	13800034304 39451140713 1531656 	13798502648 1531656 0 0 0 	44363486 1531656 0 	474.745 	3 	89
11333700000000 11333800000400 	14000035104 40023996245 1543669 	13998491435 1543669 0 0 0 	44713947 1543669 0 	474.292 	3 	89
11352900000000 11353000000400 	14200035904 40596882087 1555444 	14198480460 1555444 0 0 0 	45056407 1555444 0 	473.853 	3 	89
11372100000000 11372200000400 	14400036704 41169768085 1567151 	14398469553 1567151 0 0 0 	45393328 1567151 0 	473.427 	3 	89
11391300000000 11391400000400 	14600037504 41742713901 1578470 	14598459034 1578470 0 0 0 	45724962 1578470 0 	473.013 	3 	89
11410500000000 11410600000290 	14800038084 42315687803 1589661 	14798448423 1589661 0 0 0 	46048155 1589661 0 	472.565 	3 	89
11429700000000 11429800000290 	15000038664 42888730189 1600519 	14998438145 1600519 0 0 0 	46365976 1600519 0 	472.129 	3 	89
11448900000000 11449000000290 	15200039244 43461781213 1611336 	15198427908 1611336 0 0 0 	46682156 1611336 0 	471.706 	3 	89
11468100000000 11468200000290 	15400039824 44034899396 1621998 	15398417826 1621998 0 0 0 	46994529 1621998 0 	471.295 	3 	89
11487300000000 11487400000249 	15600040322 44607948590 1632469 	15598407853 1632469 0 0 0 	47303620 1632469 0 	470.851 	3 	89
11506500000000 11506600000249 	15800040820 45181086269 1642818 	15798398002 1642818 0 0 0 	47604047 1642818 0 	470.419 	3 	89
11525700000000 11525800000249 	16000041318 45754161326 1652992 	15998388326 1652992 0 0 0 	47895431 1652992 0 	469.998 	3 	89
11544900000000 11545000000249 	16200041816 46327395871 1663145 	16198378671 1663145 0 0 0 	48192624 1663145 0 	469.589 	3 	89
11564100000000 11564200000088 	16400041992 46900624496 1673040 	16398368952 1673040 0 0 0 	48477829 1673040 0 	469.148 	3 	89
11583300000000 11583400000088 	16600042168 47473920099 1682485 	16598359683 1682485 0 0 0 	48754628 1682485 0 	468.719 	3 	89
11602500000000 11602600000088 	16800042344 48047200971 1692109 	16798350235 1692109 0 0 0 	49035771 1692109 0 	468.3 	3 	89
11621700000000 11621800000088 	17000042520 48620445194 1701416 	16998341104 1701416 0 0 0 	49303542 1701416 0 	467.893 	3 	89
11640900000000 11641000000110 	17200042740 49193771514 1710669 	17198332071 1710669 0 0 0 	49569640 1710669 0 	467.468 	3 	89
11660100000000 11660200000110 	17400042960 49767093827 1719769 	17398323191 1719769 0 0 0 	49836334 1719769 0 	467.054 	3 	89
11679300000000 11679400000110 	17600043180 50340457045 1728732 	17598314448 1728732 0 0 0 	50098642 1728732 0 	466.65 	3 	89
11698500000000 11698600000110 	17800043400 50913884484 1737620 	17798305780 1737620 0 0 0 	50354246 1737620 0 	466.256 	3 	89
11717700000000 11717800000189 	18000043778 51487366594 1746299 	17998297479 1746299 0 0 0 	50602765 1746299 0 	465.833 	3 	89
11736900000000 11737000000189 	18200044156 52060793118 1754699 	18198289457 1754699 0 0 0 	50847040 1754699 0 	465.419 	3 	89
11756100000000 11756200000189 	18400044534 52634328334 1763126 	18398281408 1763126 0 0 0 	51091959 1763126 0 	465.016 	3 	89
11775300000000 11775400000100 	18600044734 53207864997 1767261 	18598277473 1767261 0 0 0 	51213589 1767261 0 	464.262 	3 	89
11794500000000 11794600000314 	18800045362 53781410476 1771383 	18798273979 1771383 0 0 0 	51332155 1771383 0 	463.498 	3 	89
11813700000000 11813800000314 	19000045990 54355005495 1775279 	18998270711 1775279 0 0 0 	51445699 1775279 0 	462.753 	3 	89
11832900000000 11833000000314 	19200046618 54928649813 1779131 	19198267487 1779131 0 0 0 	51559467 1779131 0 	462.026 	3 	89
11852100000000 11852200000314 	19400047246 55502266815 1783031 	19398264215 1783031 0 0 0 	51671728 1783031 0 	461.315 	3 	89
11871300000000 11871400000173 	19600047592 56075966396 1786943 	19598260649 1786943 0 0 0 	51783795 1786943 0 	460.581 	3 	89
11890500000000 11890600000173 	19800047938 56649700826 1790783 	19798257155 1790783 0 0 0 	51894147 1790783 0 	459.865 	3 	89
11909700000000 11909800000173 	20000048284 57223447551 1794488 	19998253796 1794488 0 0 0 	52001513 1794488 0 	459.164 	3 	89
11928900000000 11929000000330 	20200048944 57797189471 1798137 	20198250807 1798137 0 0 0 	52105005 1798137 0 	458.453 	3 	89
11948100000000 11948200000330 	20400049604 58371015546 1801747 	20398247857 1801747 0 0 0 	52211422 1801747 0 	457.759 	3 	89
11967300000000 11967400000330 	20600050264 58944850167 1805296 	20598244968 1805296 0 0 0 	52313760 1805296 0 	457.079 	3 	89
11986500000000 11986600000330 	20800050924 59518649327 1808680 	20798242244 1808680 0 0 0 	52413456 1808680 0 	456.415 	3 	89
12005700000000 12005800000352 	21000051628 60092520473 1812097 	20998239531 1812097 0 0 0 	52513054 1812097 0 	455.728 	3 	89
12024900000000 12025000000352 	21200052332 60666510241 1815423 	21198236909 1815423 0 0 0 	52611569 1815423 0 	455.055 	3 	89
12044100000000 12044200000352 	21400053036 61240447843 1818661 	21398234375 1818661 0 0 0 	52708578 1818661 0 	454.397 	3 	89
12063300000000 12063400000352 	21600053740 61814462235 1821840 	21598231900 1821840 0 0 0 	52802287 1821840 0 	453.753 	3 	89
12082500000000 12082600000376 	21800054492 62388444617 1825028 	21798229464 1825028 0 0 0 	52894701 1825028 0 	453.098 	3 	89
12101700000000 12101800000376 	22000055244 62962480222 1828181 	21998227063 1828181 0 0 0 	52986507 1828181 0 	452.457 	3 	89
12120900000000 12121000000376 	22200055996 63536529679 1831276 	22198224720 1831276 0 0 0 	53075462 1831276 0 	451.829 	3 	89
12140100000000 12140200000376 	22400056748 64110580084 1834220 	22398222528 1834220 0 0 0 	53161441 1834220 0 	451.214 	3 	89
12159300000000 12159400000290 	22600057328 64684701761 1837101 	22598220227 1837101 0 0 0 	53246289 1837101 0 	450.589 	3 	89
12178500000000 12178600000290 	22800057908 65258864620 1839898 	22798218010 1839898 0 0 0 	53328399 1839898 0 	449.975 	3 	89
12197700000000 12197800000290 	23000058488 65833071907 1842852 	22998215636 1842852 0 0 0 	53416619 1842852 0 	449.374 	3 	89
12216900000000 12217000000290 	23200059068 66407241778 1845699 	23198213369 1845699 0 0 0 	53497383 1845699 0 	448.785 	3 	89
12236100000000 12236200000026 	23400059120 66981462555 1848407 	23398210713 1848407 0 0 0 	53576469 1848407 0 	448.174 	3 	89
12255300000000 12255400000026 	23600059172 67555769423 1851049 	23598208123 1851049 0 0 0 	53652968 1851049 0 	447.574 	3 	89
12274500000000 12274600000026 	23800059224 68130131847 1853793 	23798205431 1853793 0 0 0 	53733066 1853793 0 	446.986 	3 	89
12293700000000 12293800000285 	24000059794 68704464398 1856358 	23998203436 1856358 0 0 0 	53806625 1856358 0 	446.387 	3 	89
12312900000000 12313000000285 	24200060364 69278826214 1859013 	24198201351 1859013 0 0 0 	53883537 1859013 0 	445.8 	3 	89
12332100000000 12332200000285 	24400060934 69853213709 1861423 	24398199511 1861423 0 0 0 	53952804 1861423 0 	445.224 	3 	89
12351300000000 12351400000285 	24600061504 70427658038 1863939 	24598197565 1863939 0 0 0 	54021869 1863939 0 	444.658 	3 	89
12370500000000 12370600000151 	24800061806 71002084386 1866407 	24798195399 1866407 0 0 0 	54094256 1866407 0 	444.082 	3 	89
12389700000000 12389800000151 	25000062108 71576616123 1868763 	24998193345 1868763 0 0 0 	54163707 1868763 0 	443.516 	3 	89
12408900000000 12409000000151 	25200062410 72151097351 1871192 	25198191218 1871192 0 0 0 	54234058 1871192 0 	442.96 	3 	89
12428100000000 12428200000308 	25400063026 72725953267 1912799 	25398150227 1912799 0 0 0 	55460789 1912799 0 	443.407 	3 	89
12447300000000 12447400000308 	25600063642 73300777858 1953255 	25598110387 1953255 0 0 0 	56640268 1953255 0 	443.848 	3 	89
12466500000000 12466600000308 	25800064258 73875672327 1993719 	25798070539 1993719 0 0 0 	57817468 1993719 0 	444.283 	3 	89
12485700000000 12485800000308 	26000064874 74450640386 2034015 	25998030859 2034015 0 0 0 	58985415 2034015 0 	444.712 	3 	89
12504900000000 12505000000308 	26200065490 75025650867 2073288 	26197992202 2073288 0 0 0 	60135866 2073288 0 	445.136 	3 	89
12524100000000 12524200000152 	26400065794 75600653230 2112415 	26397953379 2112415 0 0 0 	61285468 2112415 0 	445.53 	3 	89
12543300000000 12543400000152 	26600066098 76175644085 2150626 	26597915472 2150626 0 0 0 	62401602 2150626 0 	445.919 	3 	89
12562500000000 12562600000152 	26800066402 76750647458 2188500 	26797877902 2188500 0 0 0 	63511511 2188500 0 	446.303 	3 	89
12581700000000 12581800000152 	27000066706 77325715590 2226165 	26997840541 2226165 0 0 0 	64609915 2226165 0 	446.681 	3 	89
12600900000000 12601000000152 	27200067010 77900780440 2262804 	27197804206 2262804 0 0 0 	65683330 2262804 0 	447.055 	3 	89
12620100000000 12620200000000 	27400067010 78475886730 2299508 	27397767502 2299508 0 0 0 	66746030 2299508 0 	447.401 	3 	89
12639300000000 12639400000000 	27600067010 79051047042 2335670 	27597731340 2335670 0 0 0 	67805633 2335670 0 	447.742 	3 	89
12658500000000 12658600000000 	27800067010 79626159928 2371158 	27797695852 2371158 0 0 0 	68851409 2371158 0 	448.079 	3 	89
12677700000000 12677800000000 	28000067010 80201335215 2406197 	27997660813 2406197 0 0 0 	69871801 2406197 0 	448.412 	3 	89
12696900000000 12697000000000 	28200067010 80776505319 2440801 	28197626209 2440801 0 0 0 	70888529 2440801 0 	448.74 	3 	89
12716100000000 12716200000048 	28400067106 81351777644 2475048 	28397592058 2475048 0 0 0 	71888959 2475048 0 	449.041 	3 	89
12735300000000 12735400000048 	28600067202 81927027442 2508340 	28597558862 2508340 0 0 0 	72852879 2508340 0 	449.339 	3 	89
12754500000000 12754600000048 	28800067298 82502310951 2541719 	28797525579 2541719 0 0 0 	73830817 2541719 0 	449.633 	3 	89
12773700000000 12773800000048 	29000067394 83077621854 2574634 	28997492760 2574634 0 0 0 	74795230 2574634 0 	449.923 	3 	89
12792900000000 12793000000048 	29200067490 83652988230 2607166 	29197460324 2607166 0 0 0 	75752019 2607166 0 	450.209 	3 	89
12812100000000 12812200000476 	29400068442 84228354888 2639001 	29397429441 2639001 0 0 0 	76672465 2639001 0 	450.47 	3 	89
12831300000000 12831400000476 	29600069394 84803746057 2670820 	29597398574 2670820 0 0 0 	77604117 2670820 0 	450.727 	3 	89
12850500000000 12850600000476 	29800070346 85379102887 2702292 	29797368054 2702292 0 0 0 	78518059 2702292 0 	450.981 	3 	89
12869700000000 12869800000476 	30000071298 85954517949 2732767 	29997338531 2732767 0 0 0 	79416314 2732767 0 	451.231 	3 	89
12888900000000 12889000000476 	30200072250 86529991007 2763114 	30197309136 2763114 0 0 0 	80300040 2763114 0 	451.479 	3 	89
12908100000000 12908200000011 	30400072272 87105444210 2793224 	30397279048 2793224 0 0 0 	81171214 2793224 0 	451.707 	3 	89
12927300000000 12927400000011 	30600072294 87680954214 2822959 	30597249335 2822959 0 0 0 	82041216 2822959 0 	451.932 	3 	89
12946500000000 12946600000011 	30800072316 88256484273 2852134 	30797220182 2852134 0 0 0 	82894705 2852134 0 	452.155 	3 	89
12965700000000 12965800000011 	31000072338 88832040417 2881436 	30997190902 2881436 0 0 0 	83748846 2881436 0 	452.375 	3 	89
12984900000000 12985000000011 	31200072360 89407552232 2909999 	31197162361 2909999 0 0 0 	84579744 2909999 0 	452.592 	3 	89
13004100000000 13004200000210 	31400072780 89983168038 2938164 	31397134616 2938164 0 0 0 	85399368 2938164 0 	452.785 	3 	89
13023300000000 13023400000210 	31600073200 90558838209 2966090 	31597107110 2966090 0 0 0 	86219315 2966090 0 	452.975 	3 	89
13042500000000 13042600000210 	31800073620 91134496661 2993424 	31797080196 2993424 0 0 0 	87018632 2993424 0 	453.163 	3 	89
13061700000000 13061800000210 	32000074040 91710148795 3020101 	31997053939 3020101 0 0 0 	87791266 3020101 0 	453.349 	3 	89
13080900000000 13081000000210 	32200074460 92285828482 3046861 	32197027599 3046861 0 0 0 	88572635 3046861 0 	453.533 	3 	89
13100100000000 13100200000381 	32400075222 92861566874 3073248 	32397001974 3073248 0 0 0 	89343238 3073248 0 	453.693 	3 	89
13119300000000 13119400000381 	32600075984 93437366923 3099181 	32596976803 3099181 0 0 0 	90102826 3099181 0 	453.851 	3 	89
13138500000000 13138600000381 	32800076746 94013152948 3124930 	32796951816 3124930 0 0 0 	90849988 3124930 0 	454.008 	3 	89
13157700000000 13157800000381 	33000077508 94588969619 3150349 	32996927159 3150349 0 0 0 	91596276 3150349 0 	454.162 	3 	89
13176900000000 13177000000381 	33200078270 95164811466 3175242 	33196903028 3175242 0 0 0 	92327331 3175242 0 	454.315 	3 	89
13196100000000 13196200000468 	33400079206 95740676415 3200008 	33396879198 3200008 0 0 0 	93048783 3200008 0 	454.45 	3 	89
13215300000000 13215400000468 	33600080142 96316580982 3224667 	33596855475 3224667 0 0 0 	93773491 3224667 0 	454.583 	3 	89
13234500000000 13234600000468 	33800081078 96892510040 3248957 	33796832121 3248957 0 0 0 	94491807 3248957 0 	454.715 	3 	89
13253700000000 13253800000468 	34000082014 97468461679 3272961 	33996809053 3272961 0 0 0 	95193808 3272961 0 	454.845 	3 	89
13272900000000 13273000000468 	34200082950 98044448054 3296350 	34196786600 3296350 0 0 0 	95874234 3296350 0 	454.974 	3 	89
13292100000000 13292200000254 	34400083458 98620398666 3319596 	34396763862 3319596 0 0 0 	96557011 3319596 0 	455.08 	3 	89
13311300000000 13311400000254 	34600083966 99196452697 3342365 	34596741601 3342365 0 0 0 	97228232 3342365 0 	455.185 	3 	89
13330500000000 13330600000254 	34800084474 99772547958 3365097 	34796719377 3365097 0 0 0 	97891827 3365097 0 	455.289 	3 	89
13349700000000 13349800000254 	35000084982 100348627327 3387623 	34996697359 3387623 0 0 0 	98543713 3387623 0 	455.392 	3 	89
13368900000000 13369000000254 	35200085490 100924683202 3410177 	35196675313 3410177 0 0 0 	99206770 3410177 0 	455.493 	3 	89
13388100000000 13388200000365 	35400086220 101500825230 3432175 	35396654045 3432175 0 0 0 	99852482 3432175 0 	455.578 	3 	89
13407300000000 13407400000365 	35600086950 102076979639 3453759 	35596633191 3453759 0 0 0 	100478497 3453759 0 	455.662 	3 	89
13426500000000 13426600000365 	35800087680 102653144851 3474950 	35796612730 3474950 0 0 0 	101099584 3474950 0 	455.745 	3 	89
13445700000000 13445800000365 	36000088410 103229300835 3496062 	35996592348 3496062 0 0 0 	101717333 3496062 0 	455.827 	3 	89
13464900000000 13465000000365 	36200089140 103805493387 3516756 	36196572384 3516756 0 0 0 	102324464 3516756 0 	455.908 	3 	89
13484100000000 13484200000368 	36400089876 104381750523 3537279 	36396552597 3537279 0 0 0 	102930213 3537279 0 	455.973 	3 	89
13503300000000 13503400000368 	36600090612 104958040314 3557325 	36596533287 3557325 0 0 0 	103513376 3557325 0 	456.037 	3 	89
13522500000000 13522600000368 	36800091348 105534349426 3577279 	36796514069 3577279 0 0 0 	104097325 3577279 0 	456.1 	3 	89
13541700000000 13541800000368 	37000092084 106110662839 3596893 	36996495191 3596893 0 0 0 	104670618 3596893 0 	456.163 	3 	89
13560900000000 13561000000368 	37200092820 106687035831 3616222 	37196476598 3616222 0 0 0 	105237956 3616222 0 	456.225 	3 	89
13580100000000 13580200000352 	37400093524 107263434862 3635417 	37396458107 3635417 0 0 0 	105800594 3635417 0 	456.266 	3 	89
13599300000000 13599400000352 	37600094228 107839822565 3654129 	37596440099 3654129 0 0 0 	106346665 3654129 0 	456.306 	3 	89
13618500000000 13618600000352 	37800094932 108416240678 3672643 	37796422289 3672643 0 0 0 	106885426 3672643 0 	456.346 	3 	89
13637700000000 13637800000352 	38000095636 108992652219 3691203 	37996404433 3691203 0 0 0 	107425484 3691203 0 	456.386 	3 	89
13656900000000 13657000000352 	38200096340 109569130561 3709301 	38196387039 3709301 0 0 0 	107957378 3709301 0 	456.425 	3 	89
13676100000000 13676200000120 	38400096580 110145585656 3727075 	38396369505 3727075 0 0 0 	108474466 3727075 0 	456.449 	3 	89
13695300000000 13695400000120 	38600096820 110722061948 3744560 	38596352260 3744560 0 0 0 	108978469 3744560 0 	456.472 	3 	89
13714500000000 13714600000120 	38800097060 111298682382 3762235 	38796334825 3762235 0 0 0 	109503988 3762235 0 	456.495 	3 	89
13733700000000 13733800000120 	39000097300 111875167045 3779509 	38996317791 3779509 0 0 0 	110007589 3779509 0 	456.518 	3 	89
13752900000000 13753000000120 	39200097540 112451697004 3796606 	39196300934 3796606 0 0 0 	110508551 3796606 0 	456.541 	3 	89
13772100000000 13772200000178 	39400097896 113028298287 3813281 	39396284615 3813281 0 0 0 	110996023 3813281 0 	456.548 	3 	89
13791300000000 13791400000178 	39600098252 113604937896 3829697 	39596268555 3829697 0 0 0 	111478336 3829697 0 	456.555 	3 	89
13810500000000 13810600000178 	39800098608 114181701341 3846377 	39796252231 3846377 0 0 0 	111965951 3846377 0 	456.563 	3 	89
13829700000000 13829800000178 	40000098964 114758359377 3862454 	39996236510 3862454 0 0 0 	112438190 3862454 0 	456.57 	3 	89
13848900000000 13849000000178 	40200099320 115335062638 3878465 	40196220855 3878465 0 0 0 	112904336 3878465 0 	456.577 	3 	89
13868100000000 13868200000355 	40400100030 115911742189 3894053 	40396205977 3894053 0 0 0 	113361056 3894053 0 	456.569 	3 	89
13887300000000 13887400000355 	40600100740 116488519485 3909776 	40596190964 3909776 0 0 0 	113820596 3909776 0 	456.561 	3 	89
13906500000000 13906600000355 	40800101450 117065246682 3925109 	40796176341 3925109 0 0 0 	114273655 3925109 0 	456.554 	3 	89
13925700000000 13925800000355 	41000102160 117642063637 3940302 	40996161858 3940302 0 0 0 	114718729 3940302 0 	456.546 	3 	89
13944900000000 13945000000355 	41200102870 118218892262 3955313 	41196147557 3955313 0 0 0 	115155053 3955313 0 	456.538 	3 	89
13964100000000 13964200000355 	41400103580 118795755565 3970136 	41396133444 3970136 0 0 0 	115591770 3970136 0 	456.531 	3 	89
13983300000000 13983400000230 	41600104040 119372604817 3984719 	41596119321 3984719 0 0 0 	116017745 3984719 0 	456.504 	3 	89
14002500000000 14002600000230 	41800104500 119949543312 3999093 	41796105407 3999093 0 0 0 	116443655 3999093 0 	456.477 	3 	89
14021700000000 14021800000230 	42000104960 120526460563 4013425 	41996091535 4013425 0 0 0 	116859853 4013425 0 	456.451 	3 	89
14040900000000 14041000000230 	42200105420 121103434483 4027469 	42196077951 4027469 0 0 0 	117267411 4027469 0 	456.425 	3 	89
14060100000000 14060200000230 	42400105880 121680420861 4041132 	42396064748 4041132 0 0 0 	117666425 4041132 0 	456.399 	3 	89
14079300000000 14079400000320 	42600106520 122257426698 4054747 	42596051773 4054747 0 0 0 	118068221 4054747 0 	456.359 	3 	89
14098500000000 14098600000320 	42800107160 122834458924 4068245 	42796038915 4068245 0 0 0 	118464433 4068245 0 	456.319 	3 	89
14117700000000 14117800000320 	43000107800 123411473964 4081937 	42996025863 4081937 0 0 0 	118873509 4081937 0 	456.28 	3 	89
14136900000000 14137000000320 	43200108440 123988568972 4095035 	43196013405 4095035 0 0 0 	119252425 4095035 0 	456.241 	3 	89
14156100000000 14156200000320 	43400109080 124565654592 4108043 	43396001037 4108043 0 0 0 	119636516 4108043 0 	456.202 	3 	89
14175300000000 14175400000400 	43600109880 125142748009 4120972 	43595988908 4120972 0 0 0 	120013645 4120972 0 	456.149 	3 	89
14194500000000 14194600000400 	43800110680 125719895607 4133849 	43795976831 4133849 0 0 0 	120385099 4133849 0 	456.097 	3 	89
14213700000000 14213800000400 	44000111480 126297058860 4146633 	43995964847 4146633 0 0 0 	120757790 4146633 0 	456.045 	3 	89
14232900000000 14233000000400 	44200112280 126874221762 4158939 	44195953341 4158939 0 0 0 	121120444 4158939 0 	455.994 	3 	89
14252100000000 14252200000400 	44400113080 127451419796 4171285 	44395941795 4171285 0 0 0 	121483935 4171285 0 	455.943 	3 	89
14271300000000 14271400000290 	44600113660 128028638439 4183532 	44595930128 4183532 0 0 0 	121841289 4183532 0 	455.879 	3 	89
14290500000000 14290600000290 	44800114240 128605839312 4195511 	44795918729 4195511 0 0 0 	122190165 4195511 0 	455.815 	3 	89
14309700000000 14309800000290 	45000114820 129183104770 4207358 	44995907462 4207358 0 0 0 	122529581 4207358 0 	455.752 	3 	89
14328900000000 14329000000290 	45200115400 129760371982 4219077 	45195896323 4219077 0 0 0 	122874878 4219077 0 	455.689 	3 	89
14348100000000 14348200000290 	45400115980 130337707726 4230290 	45395885690 4230290 0 0 0 	123199278 4230290 0 	455.627 	3 	89
14367300000000 14367400000249 	45600116478 130915104215 4241662 	45595874816 4241662 0 0 0 	123533067 4241662 0 	455.551 	3 	89
14386500000000 14386600000249 	45800116976 131492528231 4252965 	45795864011 4252965 0 0 0 	123858404 4252965 0 	455.476 	3 	89
14405700000000 14405800000249 	46000117474 132069923985 4263922 	45995853552 4263922 0 0 0 	124175241 4263922 0 	455.402 	3 	89
14424900000000 14425000000249 	46200117972 132647312465 4274790 	46195843182 4274790 0 0 0 	124498457 4274790 0 	455.328 	3 	89
14444100000000 14444200000249 	46400118470 133224747922 4285459 	46395833011 4285459 0 0 0 	124811024 4285459 0 	455.255 	3 	89
14463300000000 14463400000088 	46600118646 133802176208 4296128 	46595822518 4296128 0 0 0 	125120729 4296128 0 	455.169 	3 	89
14482500000000 14482600000088 	46800118822 134379731108 4306671 	46795812151 4306671 0 0 0 	125429770 4306671 0 	455.083 	3 	89
14501700000000 14501800000088 	47000118998 134957264633 4317009 	46995801989 4317009 0 0 0 	125727428 4317009 0 	454.999 	3 	89
14520900000000 14521000000088 	47200119174 135534786335 4327174 	47195792000 4327174 0 0 0 	126026988 4327174 0 	454.915 	3 	89
14540100000000 14540200000088 	47400119350 136112389562 4337325 	47395782025 4337325 0 0 0 	126325816 4337325 0 	454.831 	3 	89
14559300000000 14559400000110 	47600119570 136689956602 4347150 	47595772420 4347150 0 0 0 	126610981 4347150 0 	454.74 	3 	89
14578500000000 14578600000110 	47800119790 137267601771 4356941 	47795762849 4356941 0 0 0 	126896035 4356941 0 	454.649 	3 	89
14597700000000 14597800000110 	48000120010 137845250957 4366754 	47995753256 4366754 0 0 0 	127185856 4366754 0 	454.559 	3 	89
14616900000000 14617000000110 	48200120230 138422945697 4376258 	48195743972 4376258 0 0 0 	127466611 4376258 0 	454.469 	3 	89
14636100000000 14636200000110 	48400120450 139000662510 4385714 	48395734736 4385714 0 0 0 	127746770 4385714 0 	454.381 	3 	89
14655300000000 14655400000189 	48600120828 139578375363 4395081 	48595725747 4395081 0 0 0 	128020258 4395081 0 	454.279 	3 	89
14674500000000 14674600000189 	48800121206 140156110069 4404329 	48795716877 4404329 0 0 0 	128290848 4404329 0 	454.179 	3 	89
14693700000000 14693800000189 	49000121584 140733954644 4413530 	48995708054 4413530 0 0 0 	128561086 4413530 0 	454.079 	3 	89
14712900000000 14713000000189 	49200121962 141311757531 4422470 	49195699492 4422470 0 0 0 	128823977 4422470 0 	453.98 	3 	89
14732100000000 14732200000189 	49400122340 141889616175 4431312 	49395691028 4431312 0 0 0 	129079187 4431312 0 	453.882 	3 	89
14751300000000 14751400000060 	49600122460 142467479536 4440072 	49595682388 4440072 0 0 0 	129336158 4440072 0 	453.772 	3 	89
14770500000000 14770600000060 	49800122580 143045321282 4448816 	49795673764 4448816 0 0 0 	129594374 4448816 0 	453.662 	3 	89
14789700000000 14789800000060 	50000122700 143623236227 4457384 	49995665316 4457384 0 0 0 	129845232 4457384 0 	453.553 	3 	89
14808900000000 14809000000060 	50200122820 144201189306 4465818 	50195657002 4465818 0 0 0 	130093479 4465818 0 	453.445 	3 	89
14828100000000 14828200000060 	50400122940 144779160615 4474097 	50395648843 4474097 0 0 0 	130338321 4474097 0 	453.338 	3 	89
14847300000000 14847400000375 	50600123690 145357164649 4482375 	50595641315 4482375 0 0 0 	130583485 4482375 0 	453.219 	3 	89
14866500000000 14866600000375 	50800124440 145935128932 4490465 	50795633975 4490465 0 0 0 	130822594 4490465 0 	453.101 	3 	89
