10009700000000 10009800000152 	200000304 570696244 36357 	199963947 36357 0 0 0 	1049611 36357 0 	504 	3 	97
10028900000000 10029000000152 	400000608 1141426268 72405 	399928203 72405 0 0 0 	2097916 72405 0 	504 	3 	97
10048100000000 10048200000152 	600000912 1712172954 107825 	599893087 107825 0 0 0 	3120094 107825 0 	504 	3 	97
10067300000000 10067400000152 	800001216 2282993804 142711 	799858505 142711 0 0 0 	4127716 142711 0 	504 	3 	97
10086500000000 10086600000000 	1000001216 2853796694 177026 	999824190 177026 0 0 0 	5122317 177026 0 	503.195 	3 	97
10105700000000 10105800000000 	1200001216 3424628814 211044 	1199790172 211044 0 0 0 	6108073 211044 0 	502.66 	3 	97
10124900000000 10125000000000 	1400001216 3995502282 244263 	1399756953 244263 0 0 0 	7069920 244263 0 	502.278 	3 	97
10144100000000 10144200000000 	1600001216 4566413536 276601 	1599724615 276601 0 0 0 	8008480 276601 0 	501.992 	3 	97
10163300000000 10163400000048 	1800001312 5137372529 308735 	1799692577 308735 0 0 0 	8941334 308735 0 	501.319 	3 	97
10182500000000 10182600000048 	2000001408 5708309376 340191 	1999661217 340191 0 0 0 	9848138 340191 0 	500.782 	3 	97
10201700000000 10201800000048 	2200001504 6279290381 371091 	2199630413 371091 0 0 0 	10747414 371091 0 	500.344 	3 	97
10220900000000 10221000000048 	2400001600 6850362736 401878 	2399599722 401878 0 0 0 	11633279 401878 0 	499.979 	3 	97
10240100000000 10240200000048 	2600001696 7421408135 431595 	2599570101 431595 0 0 0 	12496322 431595 0 	499.67 	3 	97
10259300000000 10259400000476 	2800002648 7992561891 461387 	2799541261 461387 0 0 0 	13369185 461387 0 	499.115 	3 	97
10278500000000 10278600000476 	3000003600 8563724793 490623 	2999512977 490623 0 0 0 	14224074 490623 0 	498.634 	3 	97
10297700000000 10297800000476 	3200004552 9134910475 519223 	3199485329 519223 0 0 0 	15046845 519223 0 	498.214 	3 	97
10316900000000 10317000000476 	3400005504 9706066091 547137 	3399458367 547137 0 0 0 	15848950 547137 0 	497.844 	3 	97
10336100000000 10336200000011 	3600005526 10277287320 574924 	3599430602 574924 0 0 0 	16641867 574924 0 	497.344 	3 	97
10355300000000 10355400000011 	3800005548 10848516360 602235 	3799403313 602235 0 0 0 	17427265 602235 0 	496.898 	3 	97
10374500000000 10374600000011 	4000005570 11419746504 628890 	3999376680 628890 0 0 0 	18193293 628890 0 	496.497 	3 	97
10393700000000 10393800000011 	4200005592 11991061157 655052 	4199350540 655052 0 0 0 	18951676 655052 0 	496.135 	3 	97
10412900000000 10413000000210 	4400006012 12562391678 681029 	4399324983 681029 0 0 0 	19701068 681029 0 	495.618 	3 	97
10432100000000 10432200000210 	4600006432 13133809194 706887 	4599299545 706887 0 0 0 	20453949 706887 0 	495.146 	3 	97
10451300000000 10451400000210 	4800006852 13705258548 731823 	4799275029 731823 0 0 0 	21178587 731823 0 	494.715 	3 	97
10470500000000 10470600000210 	5000007272 14276607043 756492 	4999250780 756492 0 0 0 	21896615 756492 0 	494.319 	3 	97
10489700000000 10489800000381 	5200008034 14848038900 780878 	5199227156 780878 0 0 0 	22599637 780878 0 	493.793 	3 	97
10508900000000 10509000000381 	5400008796 15419518199 804895 	5399203901 804895 0 0 0 	23293505 804895 0 	493.307 	3 	97
10528100000000 10528200000381 	5600009558 15991026694 828541 	5599181017 828541 0 0 0 	23982156 828541 0 	492.857 	3 	97
10547300000000 10547400000381 	5800010320 16562575483 851733 	5799158587 851733 0 0 0 	24652292 851733 0 	492.438 	3 	97
10566500000000 10566600000468 	6000011256 17134151007 874833 	5999136423 874833 0 0 0 	25320954 874833 0 	491.943 	3 	97
10585700000000 10585800000468 	6200012192 17705773415 897216 	6199114976 897216 0 0 0 	25971072 897216 0 	491.481 	3 	97
10604900000000 10605000000468 	6400013128 18277367950 919588 	6399093540 919588 0 0 0 	26618293 919588 0 	491.048 	3 	97
10624100000000 10624200000468 	6600014064 18849032522 941350 	6599072714 941350 0 0 0 	27251323 941350 0 	490.642 	3 	97
10643300000000 10643400000254 	6800014572 19420750944 962682 	6799051890 962682 0 0 0 	27882228 962682 0 	490.136 	3 	97
10662500000000 10662600000254 	7000015080 19992457443 983626 	6999031454 983626 0 0 0 	28482251 983626 0 	489.66 	3 	97
10681700000000 10681800000254 	7200015588 20564240178 1004547 	7199011041 1004547 0 0 0 	29082147 1004547 0 	489.211 	3 	97
10700900000000 10701000000254 	7400016096 21136033455 1024683 	7398991413 1024683 0 0 0 	29675211 1024683 0 	488.787 	3 	97
10720100000000 10720200000365 	7600016826 21707865087 1044891 	7598971935 1044891 0 0 0 	30262099 1044891 0 	488.301 	3 	97
10739300000000 10739400000365 	7800017556 22279783488 1064649 	7798952907 1064649 0 0 0 	30833979 1064649 0 	487.842 	3 	97
10758500000000 10758600000365 	8000018286 22851757654 1084127 	7998934159 1084127 0 0 0 	31392720 1084127 0 	487.406 	3 	97
10777700000000 10777800000365 	8200019016 23423718029 1103466 	8198915550 1103466 0 0 0 	31957290 1103466 0 	486.992 	3 	97
10796900000000 10797000000368 	8400019752 23995717047 1122210 	8398897542 1122210 0 0 0 	32500474 1122210 0 	486.522 	3 	97
10816100000000 10816200000368 	8600020488 24567731649 1140938 	8598879550 1140938 0 0 0 	33046935 1140938 0 	486.075 	3 	97
10835300000000 10835400000368 	8800021224 25139810608 1159134 	8798862090 1159134 0 0 0 	33574126 1159134 0 	485.649 	3 	97
10854500000000 10854600000368 	9000021960 25711869804 1177093 	8998844867 1177093 0 0 0 	34095156 1177093 0 	485.242 	3 	97
10873700000000 10873800000352 	9200022664 26284028620 1194836 	9198827828 1194836 0 0 0 	34609056 1194836 0 	484.76 	3 	97
10892900000000 10893000000352 	9400023368 26856189185 1211960 	9398811408 1211960 0 0 0 	35099926 1211960 0 	484.299 	3 	97
10912100000000 10912200000352 	9600024072 27428382416 1229241 	9598794831 1229241 0 0 0 	35599077 1229241 0 	483.858 	3 	97
10931300000000 10931400000352 	9800024776 28000572017 1246029 	9798778747 1246029 0 0 0 	36087491 1246029 0 	483.435 	3 	97
10950500000000 10950600000120 	10000025016 28572830818 1262627 	9998762389 1262627 0 0 0 	36569227 1262627 0 	482.965 	3 	97
10969700000000 10969800000120 	10200025256 29145084548 1278846 	10198746410 1278846 0 0 0 	37028907 1278846 0 	482.514 	3 	97
10988900000000 10989000000120 	10400025496 29717378987 1294837 	10398730659 1294837 0 0 0 	37491755 1294837 0 	482.082 	3 	97
11008100000000 11008200000120 	10600025736 30289700653 1310437 	10598715299 1310437 0 0 0 	37943816 1310437 0 	481.666 	3 	97
11027300000000 11027400000178 	10800026092 30862047091 1326046 	10798700046 1326046 0 0 0 	38394498 1326046 0 	481.206 	3 	97
11046500000000 11046600000178 	11000026448 31434483531 1341203 	10998685245 1341203 0 0 0 	38829722 1341203 0 	480.763 	3 	97
11065700000000 11065800000178 	11200026804 32006850262 1356198 	11198670606 1356198 0 0 0 	39263291 1356198 0 	480.337 	3 	97
11084900000000 11085000000178 	11400027160 32579232641 1370840 	11398656320 1370840 0 0 0 	39688294 1370840 0 	479.926 	3 	97
11104100000000 11104200000355 	11600027870 33151707398 1385411 	11598642459 1385411 0 0 0 	40119689 1385411 0 	479.473 	3 	97
11123300000000 11123400000355 	11800028580 33724237084 1399687 	11798628893 1399687 0 0 0 	40533153 1399687 0 	479.036 	3 	97
11142500000000 11142600000355 	12000029290 34296762659 1413856 	11998615434 1413856 0 0 0 	40946480 1413856 0 	478.615 	3 	97
11161700000000 11161800000355 	12200030000 34869348164 1427666 	12198602334 1427666 0 0 0 	41347826 1427666 0 	478.208 	3 	97
11180900000000 11181000000230 	12400030460 35441984137 1441100 	12398589360 1441100 0 0 0 	41731105 1441100 0 	477.743 	3 	97
11200100000000 11200200000230 	12600030920 36014656940 1454607 	12598576313 1454607 0 0 0 	42128498 1454607 0 	477.294 	3 	97
11219300000000 11219400000230 	12800031380 36587343406 1467905 	12798563475 1467905 0 0 0 	42516956 1467905 0 	476.86 	3 	97
11238500000000 11238600000230 	13000031840 37160034419 1480969 	12998550871 1480969 0 0 0 	42894112 1480969 0 	476.439 	3 	97
11257700000000 11257800000320 	13200032480 37732789232 1493638 	13198538842 1493638 0 0 0 	43263143 1493638 0 	475.981 	3 	97
11276900000000 11277000000320 	13400033120 38305570737 1506308 	13398526812 1506308 0 0 0 	43630207 1506308 0 	475.538 	3 	97
11296100000000 11296200000320 	13600033760 38878373855 1518839 	13598514921 1518839 0 0 0 	43996854 1518839 0 	475.109 	3 	97
11315300000000 11315400000320 	13800034400 39451174825 1530822 	13798503578 1530822 0 0 0 	44343644 1530822 0 	474.692 	3 	97
11334500000000 11334600000400 	14000035200 40024040859 1542600 	13998492600 1542600 0 0 0 	44682750 1542600 0 	474.24 	3 	97
11353700000000 11353800000400 	14200036000 40596928785 1554176 	14198481824 1554176 0 0 0 	45018716 1554176 0 	473.802 	3 	97
11372900000000 11373000000400 	14400036800 41169855910 1565809 	14398470991 1565809 0 0 0 	45359599 1565809 0 	473.376 	3 	97
11392100000000 11392200000400 	14600037600 41742805791 1577272 	14598460328 1577272 0 0 0 	45690890 1577272 0 	472.963 	3 	97
11411300000000 11411400000290 	14800038180 42315820573 1588284 	14798449896 1588284 0 0 0 	46009618 1588284 0 	472.516 	3 	97
11430500000000 11430600000290 	15000038760 42888864829 1599477 	14998439283 1599477 0 0 0 	46337087 1599477 0 	472.081 	3 	97
11449700000000 11449800000290 	15200039340 43461857958 1610309 	15198429031 1610309 0 0 0 	46655543 1610309 0 	471.659 	3 	97
11468900000000 11469000000290 	15400039920 44034917119 1620904 	15398419016 1620904 0 0 0 	46962819 1620904 0 	471.248 	3 	97
11488100000000 11488200000249 	15600040418 44607983047 1631190 	15598409228 1631190 0 0 0 	47256908 1631190 0 	470.805 	3 	97
11507300000000 11507400000249 	15800040916 45181170443 1641517 	15798399399 1641517 0 0 0 	47562641 1641517 0 	470.374 	3 	97
11526500000000 11526600000249 	16000041414 45754381835 1651636 	15998389778 1651636 0 0 0 	47856318 1651636 0 	469.954 	3 	97
11545700000000 11545800000249 	16200041912 46327516210 1661582 	16198380330 1661582 0 0 0 	48144347 1661582 0 	469.545 	3 	97
11564900000000 11565000000088 	16400042088 46900727418 1671280 	16398370808 1671280 0 0 0 	48427437 1671280 0 	469.105 	3 	97
11584100000000 11584200000088 	16600042264 47473987248 1680885 	16598361379 1680885 0 0 0 	48706289 1680885 0 	468.676 	3 	97
11603300000000 11603400000088 	16800042440 48047283108 1690429 	16798352011 1690429 0 0 0 	48979350 1690429 0 	468.258 	3 	97
11622500000000 11622600000088 	17000042616 48620589476 1699817 	16998342799 1699817 0 0 0 	49252599 1699817 0 	467.851 	3 	97
11641700000000 11641800000110 	17200042836 49193917478 1709103 	17198333733 1709103 0 0 0 	49525106 1709103 0 	467.427 	3 	97
11660900000000 11661000000110 	17400043056 49767269903 1718309 	17398324747 1718309 0 0 0 	49793627 1718309 0 	467.014 	3 	97
11680100000000 11680200000110 	17600043276 50340677715 1727202 	17598316074 1727202 0 0 0 	50047086 1727202 0 	466.61 	3 	97
11699300000000 11699400000110 	17800043496 50914113106 1735807 	17798307689 1735807 0 0 0 	50300710 1735807 0 	466.217 	3 	97
11718500000000 11718600000189 	18000043874 51487546461 1744547 	17998299327 1744547 0 0 0 	50555818 1744547 0 	465.794 	3 	97
11737700000000 11737800000189 	18200044252 52061042719 1753080 	18198291172 1753080 0 0 0 	50806216 1753080 0 	465.381 	3 	97
11756900000000 11757000000189 	18400044630 52634527141 1761554 	18398283076 1761554 0 0 0 	51052461 1761554 0 	464.978 	3 	97
11776100000000 11776200000100 	18600044830 53208088354 1765659 	18598279171 1765659 0 0 0 	51171198 1765659 0 	464.224 	3 	97
11795300000000 11795400000314 	18800045458 53781661261 1769761 	18798275697 1769761 0 0 0 	51291457 1769761 0 	463.461 	3 	97
11814500000000 11814600000314 	19000046086 54355297832 1773815 	18998272271 1773815 0 0 0 	51409136 1773815 0 	462.717 	3 	97
11833700000000 11833800000314 	19200046714 54928955729 1777909 	19198268805 1777909 0 0 0 	51528735 1777909 0 	461.99 	3 	97
11852900000000 11853000000314 	19400047342 55502631732 1781788 	19398265554 1781788 0 0 0 	51641234 1781788 0 	461.28 	3 	97
11872100000000 11872200000173 	19600047688 56076281891 1785682 	19598262006 1785682 0 0 0 	51753819 1785682 0 	460.547 	3 	97
11891300000000 11891400000173 	19800048034 56649979069 1789505 	19798258529 1789505 0 0 0 	51864733 1789505 0 	459.83 	3 	97
11910500000000 11910600000173 	20000048380 57223707424 1793248 	19998255132 1793248 0 0 0 	51973174 1793248 0 	459.13 	3 	97
11929700000000 11929800000330 	20200049040 57797440157 1796788 	20198252252 1796788 0 0 0 	52077770 1796788 0 	458.42 	3 	97
11948900000000 11949000000330 	20400049700 58371224280 1800491 	20398249209 1800491 0 0 0 	52186759 1800491 0 	457.726 	3 	97
11968100000000 11968200000330 	20600050360 58945052898 1803903 	20598246457 1803903 0 0 0 	52287862 1803903 0 	457.047 	3 	97
11987300000000 11987400000330 	20800051020 59518910472 1807347 	20798243673 1807347 0 0 0 	52390071 1807347 0 	456.383 	3 	97
12006500000000 12006600000352 	21000051724 60092756741 1810574 	20998241150 1810574 0 0 0 	52486574 1810574 0 	455.696 	3 	97
12025700000000 12025800000352 	21200052428 60666604244 1813859 	21198238569 1813859 0 0 0 	52583460 1813859 0 	455.024 	3 	97
12044900000000 12045000000352 	21400053132 61240549487 1817146 	21398235986 1817146 0 0 0 	52678494 1817146 0 	454.366 	3 	97
12064100000000 12064200000352 	21600053836 61814471348 1820391 	21598233445 1820391 0 0 0 	52775088 1820391 0 	453.722 	3 	97
12083300000000 12083400000376 	21800054588 62388435460 1823689 	21798230899 1823689 0 0 0 	52870416 1823689 0 	453.068 	3 	97
12102500000000 12102600000376 	22000055340 62962554583 1826864 	21998228476 1826864 0 0 0 	52962388 1826864 0 	452.427 	3 	97
12121700000000 12121800000376 	22200056092 63536551929 1829958 	22198226134 1829958 0 0 0 	53053236 1829958 0 	451.8 	3 	97
12140900000000 12141000000376 	22400056844 64110592855 1833014 	22398223830 1833014 0 0 0 	53142469 1833014 0 	451.185 	3 	97
12160100000000 12160200000290 	22600057424 64684685719 1836072 	22598221352 1836072 0 0 0 	53230416 1836072 0 	450.56 	3 	97
12179300000000 12179400000290 	22800058004 65258874652 1838907 	22798219097 1838907 0 0 0 	53312276 1838907 0 	449.947 	3 	97
12198500000000 12198600000290 	23000058584 65832990214 1841791 	22998216793 1841791 0 0 0 	53395493 1841791 0 	449.346 	3 	97
12217700000000 12217800000290 	23200059164 66407209393 1844599 	23198214565 1844599 0 0 0 	53477349 1844599 0 	448.757 	3 	97
12236900000000 12237000000026 	23400059216 66981429174 1847396 	23398211820 1847396 0 0 0 	53555913 1847396 0 	448.146 	3 	97
12256100000000 12256200000026 	23600059268 67555717211 1850144 	23598209124 1850144 0 0 0 	53637068 1850144 0 	447.547 	3 	97
12275300000000 12275400000026 	23800059320 68130017176 1852889 	23798206431 1852889 0 0 0 	53718162 1852889 0 	446.959 	3 	97
12294500000000 12294600000285 	24000059890 68704345005 1855458 	23998204432 1855458 0 0 0 	53790769 1855458 0 	446.361 	3 	97
12313700000000 12313800000285 	24200060460 69278713819 1857937 	24198202523 1857937 0 0 0 	53864925 1857937 0 	445.774 	3 	97
12332900000000 12333000000285 	24400061030 69853075419 1860386 	24398200644 1860386 0 0 0 	53935830 1860386 0 	445.197 	3 	97
12352100000000 12352200000285 	24600061600 70427465421 1862920 	24598198680 1862920 0 0 0 	54009852 1862920 0 	444.632 	3 	97
12371300000000 12371400000151 	24800061902 71001943664 1865332 	24798196570 1865332 0 0 0 	54080145 1865332 0 	444.056 	3 	97
12390500000000 12390600000151 	25000062204 71576453477 1867765 	24998194439 1867765 0 0 0 	54150771 1867765 0 	443.49 	3 	97
12409700000000 12409800000151 	25200062506 72150998000 1870197 	25198192309 1870197 0 0 0 	54223141 1870197 0 	442.935 	3 	97
12428900000000 12429000000308 	25400063122 72725844677 1911624 	25398151498 1911624 0 0 0 	55430660 1911624 0 	443.382 	3 	97
12448100000000 12448200000308 	25600063738 73300746984 1952434 	25598111304 1952434 0 0 0 	56616463 1952434 0 	443.823 	3 	97
12467300000000 12467400000308 	25800064354 73875615657 1992820 	25798071534 1992820 0 0 0 	57799816 1992820 0 	444.258 	3 	97
12486500000000 12486600000308 	26000064970 74450505792 2032675 	25998032295 2032675 0 0 0 	58949108 2032675 0 	444.688 	3 	97
12505700000000 12505800000308 	26200065586 75025495411 2071718 	26197993868 2071718 0 0 0 	60085245 2071718 0 	445.111 	3 	97
12524900000000 12525000000152 	26400065890 75600435384 2110664 	26397955226 2110664 0 0 0 	61219884 2110664 0 	445.506 	3 	97
12544100000000 12544200000152 	26600066194 76175427616 2149093 	26597917101 2149093 0 0 0 	62337797 2149093 0 	445.895 	3 	97
12563300000000 12563400000152 	26800066498 76750431597 2186833 	26797879665 2186833 0 0 0 	63439021 2186833 0 	446.279 	3 	97
12582500000000 12582600000152 	27000066802 77325507030 2224189 	26997842613 2224189 0 0 0 	64530857 2224189 0 	446.657 	3 	97
12601700000000 12601800000152 	27200067106 77900570529 2260986 	27197806120 2260986 0 0 0 	65605909 2260986 0 	447.031 	3 	97
12620900000000 12621000000000 	27400067106 78475707123 2297305 	27397769801 2297305 0 0 0 	66658834 2297305 0 	447.377 	3 	97
12640100000000 12640200000000 	27600067106 79050773785 2333278 	27597733828 2333278 0 0 0 	67707661 2333278 0 	447.719 	3 	97
12659300000000 12659400000000 	27800067106 79625919246 2368532 	27797698574 2368532 0 0 0 	68735395 2368532 0 	448.056 	3 	97
12678500000000 12678600000000 	28000067106 80201053551 2403822 	27997663284 2403822 0 0 0 	69766708 2403822 0 	448.389 	3 	97
12697700000000 12697800000000 	28200067106 80776249166 2438596 	28197628510 2438596 0 0 0 	70768483 2438596 0 	448.717 	3 	97
12716900000000 12717000000048 	28400067202 81351461299 2472720 	28397594482 2472720 0 0 0 	71765772 2472720 0 	449.019 	3 	97
12736100000000 12736200000048 	28600067298 81926744136 2506801 	28597560497 2506801 0 0 0 	72765477 2506801 0 	449.316 	3 	97
12755300000000 12755400000048 	28800067394 82502004294 2539954 	28797527440 2539954 0 0 0 	73729109 2539954 0 	449.61 	3 	97
12774500000000 12774600000048 	29000067490 83077274868 2572900 	28997494590 2572900 0 0 0 	74691805 2572900 0 	449.9 	3 	97
12793700000000 12793800000048 	29200067586 83652611592 2605220 	29197462366 2605220 0 0 0 	75629774 2605220 0 	450.187 	3 	97
12812900000000 12813000000476 	29400068538 84227923122 2636888 	29397431650 2636888 0 0 0 	76555669 2636888 0 	450.447 	3 	97
12832100000000 12832200000476 	29600069490 84803239493 2668241 	29597401249 2668241 0 0 0 	77470474 2668241 0 	450.704 	3 	97
12851300000000 12851400000476 	29800070442 85378669815 2699581 	29797370861 2699581 0 0 0 	78379823 2699581 0 	450.958 	3 	97
12870500000000 12870600000476 	30000071394 85954095010 2730260 	29997341134 2730260 0 0 0 	79278350 2730260 0 	451.209 	3 	97
12889700000000 12889800000476 	30200072346 86529502803 2760731 	30197311615 2760731 0 0 0 	80171866 2760731 0 	451.457 	3 	97
12908900000000 12909000000011 	30400072368 87105027874 2790874 	30397281494 2790874 0 0 0 	81054532 2790874 0 	451.685 	3 	97
12928100000000 12928200000011 	30600072390 87680524679 2820192 	30597252198 2820192 0 0 0 	81914336 2820192 0 	451.911 	3 	97
12947300000000 12947400000011 	30800072412 88256023300 2849437 	30797222975 2849437 0 0 0 	82760906 2849437 0 	452.134 	3 	97
12966500000000 12966600000011 	31000072434 88831547779 2878481 	30997193953 2878481 0 0 0 	83604676 2878481 0 	452.354 	3 	97
12985700000000 12985800000011 	31200072456 89407135795 2906867 	31197165589 2906867 0 0 0 	84425499 2906867 0 	452.571 	3 	97
13004900000000 13005000000210 	31400072876 89982691965 2934776 	31397138100 2934776 0 0 0 	85231353 2934776 0 	452.764 	3 	97
13024100000000 13024200000210 	31600073296 90558333126 2962188 	31597111108 2962188 0 0 0 	86041783 2962188 0 	452.954 	3 	97
13043300000000 13043400000210 	31800073716 91133973566 2989632 	31797084084 2989632 0 0 0 	86841154 2989632 0 	453.143 	3 	97
13062500000000 13062600000210 	32000074136 91709688574 3017001 	31997057135 3017001 0 0 0 	87633228 3017001 0 	453.329 	3 	97
13081700000000 13081800000210 	32200074556 92285383508 3043594 	32197030962 3043594 0 0 0 	88406788 3043594 0 	453.513 	3 	97
13100900000000 13101000000381 	32400075318 92861110060 3069804 	32397005514 3069804 0 0 0 	89176421 3069804 0 	453.673 	3 	97
13120100000000 13120200000381 	32600076080 93436834618 3095682 	32596980398 3095682 0 0 0 	89930737 3095682 0 	453.831 	3 	97
13139300000000 13139400000381 	32800076842 94012604235 3121258 	32796955584 3121258 0 0 0 	90676154 3121258 0 	453.987 	3 	97
13158500000000 13158600000381 	33000077604 94588480174 3147008 	32996930596 3147008 0 0 0 	91425803 3147008 0 	454.142 	3 	97
13177700000000 13177800000381 	33200078366 95164291564 3172066 	33196906300 3172066 0 0 0 	92159009 3172066 0 	454.295 	3 	97
13196900000000 13197000000468 	33400079302 95740105933 3197032 	33396882270 3197032 0 0 0 	92888445 3197032 0 	454.43 	3 	97
13216100000000 13216200000468 	33600080238 96315984988 3221124 	33596859114 3221124 0 0 0 	93593408 3221124 0 	454.563 	3 	97
13235300000000 13235400000468 	33800081174 96891896837 3245228 	33796835946 3245228 0 0 0 	94297082 3245228 0 	454.695 	3 	97
13254500000000 13254600000468 	34000082110 97467843877 3268838 	33996813272 3268838 0 0 0 	94983389 3268838 0 	454.825 	3 	97
13273700000000 13273800000468 	34200083046 98043808011 3292100 	34196790946 3292100 0 0 0 	95668278 3292100 0 	454.954 	3 	97
13292900000000 13293000000254 	34400083554 98619714075 3315214 	34396768340 3315214 0 0 0 	96330484 3315214 0 	455.061 	3 	97
13312100000000 13312200000254 	34600084062 99195744222 3338033 	34596746029 3338033 0 0 0 	97000106 3338033 0 	455.166 	3 	97
13331300000000 13331400000254 	34800084570 99771752484 3360611 	34796723959 3360611 0 0 0 	97659571 3360611 0 	455.27 	3 	97
13350500000000 13350600000254 	35000085078 100347856626 3382806 	34996702272 3382806 0 0 0 	98310460 3382806 0 	455.373 	3 	97
13369700000000 13369800000254 	35200085586 100923911461 3404818 	35196680768 3404818 0 0 0 	98946520 3404818 0 	455.474 	3 	97
13388900000000 13389000000365 	35400086316 101500015157 3426635 	35396659681 3426635 0 0 0 	99583018 3426635 0 	455.559 	3 	97
13408100000000 13408200000365 	35600087046 102076187497 3448190 	35596638856 3448190 0 0 0 	100213848 3448190 0 	455.643 	3 	97
13427300000000 13427400000365 	35800087776 102652328254 3469401 	35796618375 3469401 0 0 0 	100836076 3469401 0 	455.726 	3 	97
13446500000000 13446600000365 	36000088506 103228461401 3490455 	35996598051 3490455 0 0 0 	101454336 3490455 0 	455.808 	3 	97
13465700000000 13465800000365 	36200089236 103804700692 3511265 	36196577971 3511265 0 0 0 	102063026 3511265 0 	455.889 	3 	97
13484900000000 13485000000368 	36400089972 104380985337 3531643 	36396558329 3531643 0 0 0 	102656422 3531643 0 	455.954 	3 	97
13504100000000 13504200000368 	36600090708 104957250041 3551645 	36596539063 3551645 0 0 0 	103237745 3551645 0 	456.018 	3 	97
13523300000000 13523400000368 	36800091444 105533488230 3571697 	36796519747 3571697 0 0 0 	103825048 3571697 0 	456.082 	3 	97
13542500000000 13542600000368 	37000092180 106109821996 3591266 	36996500914 3591266 0 0 0 	104396493 3591266 0 	456.145 	3 	97
13561700000000 13561800000368 	37200092916 106686173928 3610586 	37196482330 3610586 0 0 0 	104961654 3610586 0 	456.207 	3 	97
13580900000000 13581000000352 	37400093620 107262539165 3629923 	37396463697 3629923 0 0 0 	105529519 3629923 0 	456.248 	3 	97
13600100000000 13600200000352 	37600094324 107838942650 3648814 	37596445510 3648814 0 0 0 	106079139 3648814 0 	456.288 	3 	97
13619300000000 13619400000352 	37800095028 108415402332 3667556 	37796427472 3667556 0 0 0 	106627388 3667556 0 	456.328 	3 	97
13638500000000 13638600000352 	38000095732 108991864126 3686198 	37996409534 3686198 0 0 0 	107179312 3686198 0 	456.368 	3 	97
13657700000000 13657800000352 	38200096436 109568277778 3703987 	38196392449 3703987 0 0 0 	107703236 3703987 0 	456.407 	3 	97
13676900000000 13677000000120 	38400096676 110144816144 3721935 	38396374741 3721935 0 0 0 	108231503 3721935 0 	456.431 	3 	97
13696100000000 13696200000120 	38600096916 110721330065 3739914 	38596357002 3739914 0 0 0 	108759697 3739914 0 	456.455 	3 	97
13715300000000 13715400000120 	38800097156 111297879744 3757455 	38796339701 3757455 0 0 0 	109274847 3757455 0 	456.478 	3 	97
13734500000000 13734600000120 	39000097396 111874430039 3774658 	38996322738 3774658 0 0 0 	109777486 3774658 0 	456.501 	3 	97
13753700000000 13753800000120 	39200097636 112451012108 3791717 	39196305919 3791717 0 0 0 	110278988 3791717 0 	456.523 	3 	97
13772900000000 13773000000178 	39400097992 113027575344 3808560 	39396289432 3808560 0 0 0 	110778659 3808560 0 	456.531 	3 	97
13792100000000 13792200000178 	39600098348 113604267198 3825264 	39596273084 3825264 0 0 0 	111260606 3825264 0 	456.538 	3 	97
13811300000000 13811400000178 	39800098704 114180918745 3841643 	39796257061 3841643 0 0 0 	111741089 3841643 0 	456.546 	3 	97
13830500000000 13830600000178 	40000099060 114757562466 3857916 	39996241144 3857916 0 0 0 	112215491 3857916 0 	456.553 	3 	97
13849700000000 13849800000178 	40200099416 115334280358 3873802 	40196225614 3873802 0 0 0 	112673138 3873802 0 	456.56 	3 	97
13868900000000 13869000000355 	40400100126 115911032288 3889776 	40396210350 3889776 0 0 0 	113138548 3889776 0 	456.552 	3 	97
13888100000000 13888200000355 	40600100836 116487734647 3905220 	40596195616 3905220 0 0 0 	113588271 3905220 0 	456.545 	3 	97
13907300000000 13907400000355 	40800101546 117064513303 3920483 	40796181063 3920483 0 0 0 	114029365 3920483 0 	456.537 	3 	97
13926500000000 13926600000355 	41000102256 117641330883 3935858 	40996166398 3935858 0 0 0 	114478546 3935858 0 	456.53 	3 	97
13945700000000 13945800000355 	41200102966 118218215763 3950970 	41196151996 3950970 0 0 0 	114923963 3950970 0 	456.522 	3 	97
13964900000000 13965000000230 	41400103426 118795063452 3965690 	41396137736 3965690 0 0 0 	115351418 3965690 0 	456.495 	3 	97
13984100000000 13984200000230 	41600103886 119371976122 3980383 	41596123503 3980383 0 0 0 	115780241 3980383 0 	456.468 	3 	97
14003300000000 14003400000230 	41800104346 119948882520 3994853 	41796109493 3994853 0 0 0 	116204022 3994853 0 	456.442 	3 	97
14022500000000 14022600000230 	42000104806 120525826267 4009078 	41996095728 4009078 0 0 0 	116620751 4009078 0 	456.416 	3 	97
14041700000000 14041800000230 	42200105266 121102821928 4023071 	42196082195 4023071 0 0 0 	117029370 4023071 0 	456.39 	3 	97
14060900000000 14061000000230 	42400105726 121679850989 4036857 	42396068869 4036857 0 0 0 	117432849 4036857 0 	456.364 	3 	97
14080100000000 14080200000320 	42600106366 122256847048 4050527 	42596055839 4050527 0 0 0 	117838138 4050527 0 	456.324 	3 	97
14099300000000 14099400000320 	42800107006 122833835596 4063926 	42796043080 4063926 0 0 0 	118224431 4063926 0 	456.284 	3 	97
14118500000000 14118600000320 	43000107646 123410909857 4077396 	42996030250 4077396 0 0 0 	118624292 4077396 0 	456.245 	3 	97
14137700000000 14137800000320 	43200108286 123988026408 4090550 	43196017736 4090550 0 0 0 	119007354 4090550 0 	456.206 	3 	97
14156900000000 14157000000320 	43400108926 124565157527 4103610 	43396005316 4103610 0 0 0 	119385770 4103610 0 	456.168 	3 	97
14176100000000 14176200000400 	43600109726 125142280055 4116562 	43595993164 4116562 0 0 0 	119764295 4116562 0 	456.115 	3 	97
14195300000000 14195400000400 	43800110526 125719439668 4129219 	43795981307 4129219 0 0 0 	120137270 4129219 0 	456.063 	3 	97
14214500000000 14214600000400 	44000111326 126296585021 4141790 	43995969536 4141790 0 0 0 	120510174 4141790 0 	456.012 	3 	97
14233700000000 14233800000400 	44200112126 126873784540 4154001 	44195958125 4154001 0 0 0 	120867463 4154001 0 	455.961 	3 	97
14252900000000 14253000000400 	44400112926 127451036036 4166071 	44395946855 4166071 0 0 0 	121224044 4166071 0 	455.91 	3 	97
14272100000000 14272200000290 	44600113506 128028260234 4178114 	44595935392 4178114 0 0 0 	121571604 4178114 0 	455.846 	3 	97
14291300000000 14291400000290 	44800114086 128605590532 4190228 	44795923858 4190228 0 0 0 	121925251 4190228 0 	455.782 	3 	97
14310500000000 14310600000290 	45000114666 129182822712 4201873 	44995912793 4201873 0 0 0 	122269828 4201873 0 	455.719 	3 	97
14329700000000 14329800000290 	45200115246 129760129515 4213427 	45195901819 4213427 0 0 0 	122607701 4213427 0 	455.656 	3 	97
14348900000000 14349000000290 	45400115826 130337494262 4224892 	45395890934 4224892 0 0 0 	122947717 4224892 0 	455.594 	3 	97
14368100000000 14368200000249 	45600116324 130914907246 4236302 	45595880022 4236302 0 0 0 	123284145 4236302 0 	455.519 	3 	97
14387300000000 14387400000249 	45800116822 131492331700 4247604 	45795869218 4247604 0 0 0 	123613277 4247604 0 	455.444 	3 	97
14406500000000 14406600000249 	46000117320 132069721002 4258629 	45995858691 4258629 0 0 0 	123930455 4258629 0 	455.37 	3 	97
14425700000000 14425800000249 	46200117818 132647128790 4269545 	46195848273 4269545 0 0 0 	124250256 4269545 0 	455.296 	3 	97
14444900000000 14445000000249 	46400118316 133224626365 4280354 	46395837962 4280354 0 0 0 	124564284 4280354 0 	455.223 	3 	97
14464100000000 14464200000088 	46600118492 133802138590 4291021 	46595827471 4291021 0 0 0 	124874814 4291021 0 	455.137 	3 	97
14483300000000 14483400000088 	46800118668 134379714111 4301411 	46795817257 4301411 0 0 0 	125178255 4301411 0 	455.052 	3 	97
14502500000000 14502600000088 	47000118844 134957189476 4311700 	46995807144 4311700 0 0 0 	125482671 4311700 0 	454.967 	3 	97
14521700000000 14521800000088 	47200119020 135534769457 4321993 	47195797027 4321993 0 0 0 	125780340 4321993 0 	454.883 	3 	97
14540900000000 14541000000088 	47400119196 136112347322 4332109 	47395787087 4332109 0 0 0 	126077173 4332109 0 	454.8 	3 	97
14560100000000 14560200000110 	47600119416 136689953151 4342152 	47595777264 4342152 0 0 0 	126374137 4342152 0 	454.709 	3 	97
14579300000000 14579400000110 	47800119636 137267614529 4352116 	47795767520 4352116 0 0 0 	126665166 4352116 0 	454.618 	3 	97
14598500000000 14598600000110 	48000119856 137845276703 4361753 	47995758103 4361753 0 0 0 	126951841 4361753 0 	454.528 	3 	97
14617700000000 14617800000110 	48200120076 138422968671 4371303 	48195748773 4371303 0 0 0 	127233602 4371303 0 	454.439 	3 	97
14636900000000 14637000000110 	48400120296 139000708032 4380820 	48395739476 4380820 0 0 0 	127518766 4380820 0 	454.35 	3 	97
14656100000000 14656200000189 	48600120674 139578432035 4390174 	48595730500 4390174 0 0 0 	127792164 4390174 0 	454.249 	3 	97
14675300000000 14675400000189 	48800121052 140156125014 4399467 	48795721585 4399467 0 0 0 	128064028 4399467 0 	454.149 	3 	97
14694500000000 14694600000189 	49000121430 140733868236 4408562 	48995712868 4408562 0 0 0 	128327571 4408562 0 	454.049 	3 	97
14713700000000 14713800000189 	49200121808 141311650714 4417487 	49195704321 4417487 0 0 0 	128587030 4417487 0 	453.95 	3 	97
14732900000000 14733000000189 	49400122186 141889447006 4426405 	49395695781 4426405 0 0 0 	128846214 4426405 0 	453.853 	3 	97
14752100000000 14752200000060 	49600122306 142467321680 4435103 	49595687203 4435103 0 0 0 	129101358 4435103 0 	453.742 	3 	97
14771300000000 14771400000060 	49800122426 143045239191 4443695 	49795678731 4443695 0 0 0 	129354942 4443695 0 	453.633 	3 	97
14790500000000 14790600000060 	50000122546 143623139657 4452353 	49995670193 4452353 0 0 0 	129605049 4452353 0 	453.524 	3 	97
14809700000000 14809800000060 	50200122666 144201030586 4460888 	50195661778 4460888 0 0 0 	129855975 4460888 0 	453.416 	3 	97
14828900000000 14829000000060 	50400122786 144778936637 4469125 	50395653661 4469125 0 0 0 	130099391 4469125 0 	453.309 	3 	97
14848100000000 14848200000375 	50600123536 145356920725 4477286 	50595646250 4477286 0 0 0 	130339626 4477286 0 	453.19 	3 	97
14867300000000 14867400000375 	50800124286 145934884848 4485334 	50795638952 4485334 0 0 0 	130570269 4485334 0 	453.072 	3 	97
