10012400000000 10012500000152 	200000304 570719050 36567 	199963737 36567 0 0 0 	1065913 36567 0 	504 	3 	124
10031600000000 10031700000152 	400000608 1141444503 72321 	399928287 72321 0 0 0 	2094586 72321 0 	504 	3 	124
10050800000000 10050900000152 	600000912 1712151993 107578 	599893334 107578 0 0 0 	3104369 107578 0 	504 	3 	124
10070000000000 10070100000152 	800001216 2282903302 142207 	799859009 142207 0 0 0 	4111333 142207 0 	504 	3 	124
10089200000000 10089300000000 	1000001216 2853732562 176448 	999824768 176448 0 0 0 	5114033 176448 0 	503.195 	3 	124
10108400000000 10108500000000 	1200001216 3424601377 210464 	1199790752 210464 0 0 0 	6104355 210464 0 	502.66 	3 	124
10127600000000 10127700000000 	1400001216 3995487229 243382 	1399757834 243382 0 0 0 	7050318 243382 0 	502.278 	3 	124
10146800000000 10146900000000 	1600001216 4566398821 276114 	1599725102 276114 0 0 0 	8000970 276114 0 	501.992 	3 	124
10166000000000 10166100000048 	1800001312 5137310668 308136 	1799693176 308136 0 0 0 	8926900 308136 0 	501.319 	3 	124
10185200000000 10185300000048 	2000001408 5708292380 339738 	1999661670 339738 0 0 0 	9836831 339738 0 	500.782 	3 	124
10204400000000 10204500000048 	2200001504 6279240443 370722 	2199630782 370722 0 0 0 	10734489 370722 0 	500.344 	3 	124
10223600000000 10223700000048 	2400001600 6850276170 401055 	2399600545 401055 0 0 0 	11610775 401055 0 	499.979 	3 	124
10242800000000 10242900000476 	2600002552 7421343778 430945 	2599571607 430945 0 0 0 	12479007 430945 0 	499.356 	3 	124
10262000000000 10262100000476 	2800003504 7992453301 460540 	2799542964 460540 0 0 0 	13341620 460540 0 	498.823 	3 	124
10281200000000 10281300000476 	3000004456 8563516372 489868 	2999514588 489868 0 0 0 	14189209 489868 0 	498.362 	3 	124
10300400000000 10300500000476 	3200005408 9134701563 518765 	3199486643 518765 0 0 0 	15026937 518765 0 	497.96 	3 	124
10319600000000 10319700000011 	3400005430 9705888292 546766 	3399458664 546766 0 0 0 	15836182 546766 0 	497.424 	3 	124
10338800000000 10338900000011 	3600005452 10277150679 574514 	3599430938 574514 0 0 0 	16640057 574514 0 	496.948 	3 	124
10358000000000 10358100000011 	3800005474 10848437544 601973 	3799403501 601973 0 0 0 	17434295 601973 0 	496.523 	3 	124
10377200000000 10377300000011 	4000005496 11419690522 628638 	3999376858 628638 0 0 0 	18213402 628638 0 	496.142 	3 	124
10396400000000 10396500000210 	4200005916 11991015624 655030 	4199350886 655030 0 0 0 	18974132 655030 0 	495.6 	3 	124
10415600000000 10415700000210 	4400006336 12562322121 681195 	4399325141 681195 0 0 0 	19726143 681195 0 	495.108 	3 	124
10434800000000 10434900000210 	4600006756 13133734828 706654 	4599300102 706654 0 0 0 	20461945 706654 0 	494.659 	3 	124
10454000000000 10454100000210 	4800007176 13705189318 731878 	4799275298 731878 0 0 0 	21193140 731878 0 	494.249 	3 	124
10473200000000 10473300000210 	5000007596 14276650069 756621 	4999250975 756621 0 0 0 	21909569 756621 0 	493.873 	3 	124
10492400000000 10492500000381 	5200008358 14848144316 780985 	5199227373 780985 0 0 0 	22607797 780985 0 	493.365 	3 	124
10511600000000 10511700000381 	5400009120 15419654581 805007 	5399204113 805007 0 0 0 	23300971 805007 0 	492.895 	3 	124
10530800000000 10530900000381 	5600009882 15991179603 828728 	5599181154 828728 0 0 0 	23989569 828728 0 	492.461 	3 	124
10550000000000 10550100000381 	5800010644 16562748168 852034 	5799158610 852034 0 0 0 	24653933 852034 0 	492.056 	3 	124
10569200000000 10569300000468 	6000011580 17134372406 874814 	5999136766 874814 0 0 0 	25308963 874814 0 	491.574 	3 	124
10588400000000 10588500000468 	6200012516 17705970434 897181 	6199115335 897181 0 0 0 	25963735 897181 0 	491.124 	3 	124
10607600000000 10607700000468 	6400013452 18277602356 919314 	6399094138 919314 0 0 0 	26598762 919314 0 	490.703 	3 	124
10626800000000 10626900000468 	6600014388 18849304313 941434 	6599072954 941434 0 0 0 	27241660 941434 0 	490.309 	3 	124
10646000000000 10646100000254 	6800014896 19421065240 962915 	6799051981 962915 0 0 0 	27858208 962915 0 	489.813 	3 	124
10665200000000 10665300000254 	7000015404 19992784256 983574 	6999031830 983574 0 0 0 	28461153 983574 0 	489.346 	3 	124
10684400000000 10684500000254 	7200015912 20564600793 1004184 	7199011728 1004184 0 0 0 	29051536 1004184 0 	488.907 	3 	124
10703600000000 10703700000254 	7400016420 21136472355 1024828 	7398991592 1024828 0 0 0 	29647328 1024828 0 	488.492 	3 	124
10722800000000 10722900000365 	7600017150 21708291636 1044932 	7598972218 1044932 0 0 0 	30227637 1044932 0 	488.015 	3 	124
10742000000000 10742100000365 	7800017880 22280181239 1064523 	7798953357 1064523 0 0 0 	30801173 1064523 0 	487.563 	3 	124
10761200000000 10761300000365 	8000018610 22852103106 1084015 	7998934595 1084015 0 0 0 	31369825 1084015 0 	487.135 	3 	124
10780400000000 10780500000365 	8200019340 23424007873 1103135 	8198916205 1103135 0 0 0 	31914285 1103135 0 	486.728 	3 	124
10799600000000 10799700000368 	8400020076 23996008363 1121827 	8398898249 1121827 0 0 0 	32457343 1121827 0 	486.265 	3 	124
10818800000000 10818900000368 	8600020812 24568059647 1140302 	8598880510 1140302 0 0 0 	33001065 1140302 0 	485.824 	3 	124
10838000000000 10838100000368 	8800021548 25140090377 1158366 	8798863182 1158366 0 0 0 	33522266 1158366 0 	485.404 	3 	124
10857200000000 10857300000368 	9000022284 25712117682 1176384 	8998845900 1176384 0 0 0 	34043135 1176384 0 	485.003 	3 	124
10876400000000 10876500000352 	9200022988 26284278865 1193940 	9198829048 1193940 0 0 0 	34553339 1193940 0 	484.526 	3 	124
10895600000000 10895700000352 	9400023692 26856431741 1211115 	9398812577 1211115 0 0 0 	35051296 1211115 0 	484.071 	3 	124
10914800000000 10914900000352 	9600024396 27428601684 1227972 	9598796424 1227972 0 0 0 	35537703 1227972 0 	483.635 	3 	124
10934000000000 10934100000352 	9800025100 28000769086 1244501 	9798780599 1244501 0 0 0 	36016193 1244501 0 	483.217 	3 	124
10953200000000 10953300000120 	10000025340 28572983236 1261062 	9998764278 1261062 0 0 0 	36502868 1261062 0 	482.752 	3 	124
10972400000000 10972500000120 	10200025580 29145318592 1277311 	10198748269 1277311 0 0 0 	36977490 1277311 0 	482.306 	3 	124
10991600000000 10991700000120 	10400025820 29717616462 1293228 	10398732592 1293228 0 0 0 	37435562 1293228 0 	481.878 	3 	124
11010800000000 11010900000120 	10600026060 30289980067 1309004 	10598717056 1309004 0 0 0 	37892374 1309004 0 	481.466 	3 	124
11030000000000 11030100000178 	10800026416 30862368066 1324576 	10798701840 1324576 0 0 0 	38347226 1324576 0 	481.01 	3 	124
11049200000000 11049300000178 	11000026772 31434768411 1339743 	10998687029 1339743 0 0 0 	38795253 1339743 0 	480.571 	3 	124
11068400000000 11068500000178 	11200027128 32007193041 1354490 	11198672638 1354490 0 0 0 	39225553 1354490 0 	480.148 	3 	124
11087600000000 11087700000178 	11400027484 32579654439 1369326 	11398658158 1369326 0 0 0 	39655167 1369326 0 	479.741 	3 	124
11106800000000 11106900000355 	11600028194 33152144710 1383825 	11598644369 1383825 0 0 0 	40075931 1383825 0 	479.292 	3 	124
11126000000000 11126100000355 	11800028904 33724659674 1398021 	11798630883 1398021 0 0 0 	40496792 1398021 0 	478.859 	3 	124
11145200000000 11145300000355 	12000029614 34297256327 1412036 	11998617578 1412036 0 0 0 	40898023 1412036 0 	478.44 	3 	124
11164400000000 11164500000355 	12200030324 34869881077 1425908 	12198604416 1425908 0 0 0 	41298011 1425908 0 	478.037 	3 	124
11183600000000 11183700000230 	12400030784 35442440416 1439332 	12398591452 1439332 0 0 0 	41689076 1439332 0 	477.575 	3 	124
11202800000000 11202900000230 	12600031244 36015081185 1452729 	12598578515 1452729 0 0 0 	42077527 1452729 0 	477.129 	3 	124
11222000000000 11222100000230 	12800031704 36587793702 1466185 	12798565519 1466185 0 0 0 	42474228 1466185 0 	476.697 	3 	124
11241200000000 11241300000230 	13000032164 37160494181 1479028 	12998553136 1479028 0 0 0 	42853365 1479028 0 	476.28 	3 	124
11260400000000 11260500000320 	13200032804 37733226810 1491725 	13198541079 1491725 0 0 0 	43228596 1491725 0 	475.825 	3 	124
11279600000000 11279700000320 	13400033444 38306021534 1504142 	13398529302 1504142 0 0 0 	43588526 1504142 0 	475.384 	3 	124
11298800000000 11298900000320 	13600034084 38878834157 1516440 	13598517644 1516440 0 0 0 	43943901 1516440 0 	474.957 	3 	124
11318000000000 11318100000320 	13800034724 39451663606 1528602 	13798506122 1528602 0 0 0 	44294905 1528602 0 	474.543 	3 	124
11337200000000 11337300000400 	14000035524 40024543320 1540646 	13998494878 1540646 0 0 0 	44646602 1540646 0 	474.093 	3 	124
11356400000000 11356500000400 	14200036324 40597459116 1552530 	14198483794 1552530 0 0 0 	44994169 1552530 0 	473.657 	3 	124
11375600000000 11375700000400 	14400037124 41170404450 1564046 	14398473078 1564046 0 0 0 	45331492 1564046 0 	473.234 	3 	124
11394800000000 11394900000400 	14600037924 41743322108 1575307 	14598462617 1575307 0 0 0 	45664497 1575307 0 	472.823 	3 	124
11414000000000 11414100000290 	14800038504 42316325905 1586433 	14798452071 1586433 0 0 0 	45980643 1586433 0 	472.378 	3 	124
11433200000000 11433300000290 	15000039084 42889366087 1597471 	14998441613 1597471 0 0 0 	46309468 1597471 0 	471.945 	3 	124
11452400000000 11452500000290 	15200039664 43462392809 1608217 	15198431447 1608217 0 0 0 	46624983 1608217 0 	471.525 	3 	124
11471600000000 11471700000290 	15400040244 44035406250 1618865 	15398421379 1618865 0 0 0 	46931677 1618865 0 	471.116 	3 	124
11490800000000 11490900000249 	15600040742 44608498461 1629191 	15598411551 1629191 0 0 0 	47231942 1629191 0 	470.675 	3 	124
11510000000000 11510100000249 	15800041240 45181657663 1639518 	15798401722 1639518 0 0 0 	47529183 1639518 0 	470.245 	3 	124
11529200000000 11529300000249 	16000041738 45754829075 1649575 	15998392163 1649575 0 0 0 	47821096 1649575 0 	469.827 	3 	124
11548400000000 11548500000249 	16200042236 46328035093 1659758 	16198382478 1659758 0 0 0 	48114955 1659758 0 	469.421 	3 	124
11567600000000 11567700000088 	16400042412 46901298337 1669699 	16398372713 1669699 0 0 0 	48400345 1669699 0 	468.982 	3 	124
11586800000000 11586900000088 	16600042588 47474495945 1679413 	16598363175 1679413 0 0 0 	48682766 1679413 0 	468.555 	3 	124
11606000000000 11606100000088 	16800042764 48047789956 1688859 	16798353905 1688859 0 0 0 	48959668 1688859 0 	468.139 	3 	124
11625200000000 11625300000088 	17000042940 48621170907 1698354 	16998344586 1698354 0 0 0 	49235982 1698354 0 	467.733 	3 	124
11644400000000 11644500000110 	17200043160 49194515438 1707500 	17198335660 1707500 0 0 0 	49501717 1707500 0 	467.311 	3 	124
11663600000000 11663700000110 	17400043380 49767922834 1716500 	17398326880 1716500 0 0 0 	49767370 1716500 0 	466.899 	3 	124
11682800000000 11682900000110 	17600043600 50341314588 1725532 	17598318068 1725532 0 0 0 	50028963 1725532 0 	466.497 	3 	124
11702000000000 11702100000110 	17800043820 50914741563 1734219 	17798309601 1734219 0 0 0 	50282796 1734219 0 	466.105 	3 	124
11721200000000 11721300000189 	18000044198 51488254525 1742737 	17998301461 1742737 0 0 0 	50527871 1742737 0 	465.684 	3 	124
11740400000000 11740500000189 	18200044576 52061745066 1751340 	18198293236 1751340 0 0 0 	50777691 1751340 0 	465.272 	3 	124
11759600000000 11759700000189 	18400044954 52635288723 1759807 	18398285147 1759807 0 0 0 	51023719 1759807 0 	464.87 	3 	124
11778800000000 11778900000100 	18600045154 53208882397 1763938 	18598281216 1763938 0 0 0 	51145166 1763938 0 	464.118 	3 	124
11798000000000 11798100000314 	18800045782 53782463271 1768007 	18798277775 1768007 0 0 0 	51265261 1768007 0 	463.357 	3 	124
11817200000000 11817300000314 	19000046410 54356049935 1771953 	18998274457 1771953 0 0 0 	51381573 1771953 0 	462.614 	3 	124
11836400000000 11836500000314 	19200047038 54929662700 1775871 	19198271167 1775871 0 0 0 	51498222 1775871 0 	461.888 	3 	124
11855600000000 11855700000173 	19400047384 55503288487 1779742 	19398267642 1779742 0 0 0 	51613796 1779742 0 	461.139 	3 	124
11874800000000 11874900000173 	19600047730 56076938993 1783455 	19598264275 1783455 0 0 0 	51721605 1783455 0 	460.407 	3 	124
11894000000000 11894100000173 	19800048076 56650610181 1787156 	19798260920 1787156 0 0 0 	51826161 1787156 0 	459.692 	3 	124
11913200000000 11913300000173 	20000048422 57224316475 1790813 	19998257609 1790813 0 0 0 	51929609 1790813 0 	458.994 	3 	124
11932400000000 11932500000330 	20200049082 57798118393 1794404 	20198254678 1794404 0 0 0 	52034194 1794404 0 	458.286 	3 	124
11951600000000 11951700000330 	20400049742 58371950208 1797965 	20398251777 1797965 0 0 0 	52139305 1797965 0 	457.593 	3 	124
11970800000000 11970900000330 	20600050402 58945745963 1801376 	20598249026 1801376 0 0 0 	52234715 1801376 0 	456.916 	3 	124
11990000000000 11990100000330 	20800051062 59519674567 1804874 	20798246188 1804874 0 0 0 	52334739 1804874 0 	456.254 	3 	124
12009200000000 12009300000352 	21000051766 60093596741 1808247 	20998243519 1808247 0 0 0 	52431491 1808247 0 	455.568 	3 	124
12028400000000 12028500000352 	21200052470 60667504167 1811560 	21198240910 1811560 0 0 0 	52528896 1811560 0 	454.898 	3 	124
12047600000000 12047700000352 	21400053174 61241473052 1814857 	21398238317 1814857 0 0 0 	52621378 1814857 0 	454.242 	3 	124
12066800000000 12066900000352 	21600053878 61815518168 1818046 	21598235832 1818046 0 0 0 	52712389 1818046 0 	453.6 	3 	124
12086000000000 12086100000376 	21800054630 62389521933 1821111 	21798233519 1821111 0 0 0 	52801031 1821111 0 	452.947 	3 	124
12105200000000 12105300000376 	22000055382 62963549739 1824194 	21998231188 1824194 0 0 0 	52892155 1824194 0 	452.307 	3 	124
12124400000000 12124500000376 	22200056134 63537634413 1827286 	22198228848 1827286 0 0 0 	52981791 1827286 0 	451.681 	3 	124
12143600000000 12143700000376 	22400056886 64111784616 1830292 	22398226594 1830292 0 0 0 	53068675 1830292 0 	451.068 	3 	124
12162800000000 12162900000290 	22600057466 64685924879 1833258 	22598224208 1833258 0 0 0 	53154502 1833258 0 	450.444 	3 	124
12182000000000 12182100000290 	22800058046 65260116423 1836183 	22798221863 1836183 0 0 0 	53239182 1836183 0 	449.832 	3 	124
12201200000000 12201300000290 	23000058626 65834243781 1838997 	22998219629 1838997 0 0 0 	53321022 1838997 0 	449.233 	3 	124
12220400000000 12220500000026 	23200058678 66408487773 1841682 	23198216996 1841682 0 0 0 	53399956 1841682 0 	448.611 	3 	124
12239600000000 12239700000026 	23400058730 66982712239 1844417 	23398214313 1844417 0 0 0 	53479478 1844417 0 	448.002 	3 	124
12258800000000 12258900000026 	23600058782 67557028313 1847058 	23598211724 1847058 0 0 0 	53558724 1847058 0 	447.404 	3 	124
12278000000000 12278100000026 	23800058834 68131314713 1849770 	23798209064 1849770 0 0 0 	53640122 1849770 0 	446.818 	3 	124
12297200000000 12297300000285 	24000059404 68705632664 1852418 	23998206986 1852418 0 0 0 	53717196 1852418 0 	446.221 	3 	124
12316400000000 12316500000285 	24200059974 69280073733 1855010 	24198204964 1855010 0 0 0 	53792665 1855010 0 	445.635 	3 	124
12335600000000 12335700000285 	24400060544 69854499916 1857533 	24398203011 1857533 0 0 0 	53866112 1857533 0 	445.061 	3 	124
12354800000000 12354900000285 	24600061114 70428954285 1860028 	24598201086 1860028 0 0 0 	53938872 1860028 0 	444.497 	3 	124
12374000000000 12374100000151 	24800061416 71003381055 1862481 	24798198935 1862481 0 0 0 	54009893 1862481 0 	443.922 	3 	124
12393200000000 12393300000151 	25000061718 71577884991 1864869 	24998196849 1864869 0 0 0 	54077600 1864869 0 	443.358 	3 	124
12412400000000 12412500000151 	25200062020 72152444624 1867214 	25198194806 1867214 0 0 0 	54145976 1867214 0 	442.804 	3 	124
12431600000000 12431700000308 	25400062636 72727290590 1908788 	25398153848 1908788 0 0 0 	55360057 1908788 0 	443.252 	3 	124
12450800000000 12450900000308 	25600063252 73302166555 1949331 	25598113921 1949331 0 0 0 	56538469 1949331 0 	443.694 	3 	124
12470000000000 12470100000308 	25800063868 73877133556 1989647 	25798074221 1989647 0 0 0 	57717412 1989647 0 	444.13 	3 	124
12489200000000 12489300000308 	26000064484 74452086050 2029843 	25998034641 2029843 0 0 0 	58882920 2029843 0 	444.559 	3 	124
12508400000000 12508500000308 	26200065100 75027038550 2069228 	26197995872 2069228 0 0 0 	60029273 2069228 0 	444.984 	3 	124
12527600000000 12527700000152 	26400065404 75602032787 2107526 	26397957878 2107526 0 0 0 	61151914 2107526 0 	445.379 	3 	124
12546800000000 12546900000152 	26600065708 76177007428 2145906 	26597919802 2145906 0 0 0 	62266673 2145906 0 	445.769 	3 	124
12566000000000 12566100000152 	26800066012 76752039057 2183405 	26797882607 2183405 0 0 0 	63361983 2183405 0 	446.153 	3 	124
12585200000000 12585300000152 	27000066316 77327081327 2220726 	26997845590 2220726 0 0 0 	64453076 2220726 0 	446.533 	3 	124
12604400000000 12604500000152 	27200066620 77902113018 2257520 	27197809100 2257520 0 0 0 	65524151 2257520 0 	446.908 	3 	124
12623600000000 12623700000000 	27400066620 78477287750 2293643 	27397772977 2293643 0 0 0 	66580837 2293643 0 	447.254 	3 	124
12642800000000 12642900000000 	27600066620 79052454776 2329851 	27597736769 2329851 0 0 0 	67649023 2329851 0 	447.596 	3 	124
12662000000000 12662100000000 	27800066620 79627590444 2365648 	27797700972 2365648 0 0 0 	68694611 2365648 0 	447.934 	3 	124
12681200000000 12681300000000 	28000066620 80202732464 2400164 	27997666456 2400164 0 0 0 	69703527 2400164 0 	448.268 	3 	124
12700400000000 12700500000000 	28200066620 80777878404 2434773 	28197631847 2434773 0 0 0 	70721023 2434773 0 	448.597 	3 	124
12719600000000 12719700000048 	28400066716 81353105464 2468834 	28397597882 2468834 0 0 0 	71720368 2468834 0 	448.899 	3 	124
12738800000000 12738900000048 	28600066812 81928348042 2502347 	28597564465 2502347 0 0 0 	72706174 2502347 0 	449.197 	3 	124
12758000000000 12758100000048 	28800066908 82503665709 2535805 	28797531103 2535805 0 0 0 	73684745 2535805 0 	449.492 	3 	124
12777200000000 12777300000048 	29000067004 83078976505 2568869 	28997498135 2568869 0 0 0 	74652334 2568869 0 	449.783 	3 	124
12796400000000 12796500000048 	29200067100 83654294649 2601152 	29197465948 2601152 0 0 0 	75594392 2601152 0 	450.07 	3 	124
12815600000000 12815700000476 	29400068052 84229655621 2632750 	29397435302 2632750 0 0 0 	76516864 2632750 0 	450.331 	3 	124
12834800000000 12834900000476 	29600069004 84805078048 2664229 	29597404775 2664229 0 0 0 	77441502 2664229 0 	450.589 	3 	124
12854000000000 12854100000476 	29800069956 85380471367 2695244 	29797374712 2695244 0 0 0 	78349802 2695244 0 	450.843 	3 	124
12873200000000 12873300000476 	30000070908 85955931547 2725794 	29997345114 2725794 0 0 0 	79235653 2725794 0 	451.095 	3 	124
12892400000000 12892500000476 	30200071860 86531380866 2756203 	30197315657 2756203 0 0 0 	80120426 2756203 0 	451.344 	3 	124
12911600000000 12911700000011 	30400071882 87106880625 2785915 	30397285967 2785915 0 0 0 	80981423 2785915 0 	451.572 	3 	124
12930800000000 12930900000011 	30600071904 87682386870 2815441 	30597256463 2815441 0 0 0 	81851403 2815441 0 	451.798 	3 	124
12950000000000 12950100000011 	30800071926 88257917289 2844454 	30797227472 2844454 0 0 0 	82698631 2844454 0 	452.022 	3 	124
12969200000000 12969300000011 	31000071948 88833469343 2873185 	30997198763 2873185 0 0 0 	83528477 2873185 0 	452.242 	3 	124
12988400000000 12988500000011 	31200071970 89409099291 2901772 	31197170198 2901772 0 0 0 	84357592 2901772 0 	452.46 	3 	124
13007600000000 13007700000210 	31400072390 89984670605 2929782 	31397142608 2929782 0 0 0 	85179451 2929782 0 	452.654 	3 	124
13026800000000 13026900000210 	31600072810 90560314161 2957270 	31597115540 2957270 0 0 0 	85978515 2957270 0 	452.845 	3 	124
13046000000000 13046100000210 	31800073230 91135983548 2984338 	31797088892 2984338 0 0 0 	86770385 2984338 0 	453.034 	3 	124
13065200000000 13065300000210 	32000073650 91711657076 3011396 	31997062254 3011396 0 0 0 	87553336 3011396 0 	453.22 	3 	124
13084400000000 13084500000210 	32200074070 92287367619 3037983 	32197036087 3037983 0 0 0 	88328310 3037983 0 	453.405 	3 	124
13103600000000 13103700000381 	32400074832 92863080342 3064482 	32397010350 3064482 0 0 0 	89099123 3064482 0 	453.566 	3 	124
13122800000000 13122900000381 	32600075594 93438912328 3090358 	32596985236 3090358 0 0 0 	89857693 3090358 0 	453.724 	3 	124
13142000000000 13142100000381 	32800076356 94014732007 3116320 	32796960036 3116320 0 0 0 	90619130 3116320 0 	453.881 	3 	124
13161200000000 13161300000381 	33000077118 94590544962 3141466 	32996935652 3141466 0 0 0 	91353245 3141466 0 	454.036 	3 	124
13180400000000 13180500000381 	33200077880 95166419017 3166334 	33196911546 3166334 0 0 0 	92079508 3166334 0 	454.19 	3 	124
13199600000000 13199700000468 	33400078816 95742301830 3191141 	33396887675 3191141 0 0 0 	92804840 3191141 0 	454.325 	3 	124
13218800000000 13218900000468 	33600079752 96318213154 3215451 	33596864301 3215451 0 0 0 	93518417 3215451 0 	454.459 	3 	124
13238000000000 13238100000468 	33800080688 96894120204 3239502 	33796841186 3239502 0 0 0 	94219260 3239502 0 	454.592 	3 	124
13257200000000 13257300000468 	34000081624 97470069689 3263373 	33996818251 3263373 0 0 0 	94916188 3263373 0 	454.723 	3 	124
13276400000000 13276500000468 	34200082560 98046033499 3286666 	34196795894 3286666 0 0 0 	95596226 3286666 0 	454.852 	3 	124
13295600000000 13295700000254 	34400083068 98622044985 3309773 	34396773295 3309773 0 0 0 	96272073 3309773 0 	454.959 	3 	124
13314800000000 13314900000254 	34600083576 99198048763 3332569 	34596751007 3332569 0 0 0 	96941679 3332569 0 	455.065 	3 	124
13334000000000 13334100000254 	34800084084 99774083660 3355265 	34796728819 3355265 0 0 0 	97610425 3355265 0 	455.169 	3 	124
13353200000000 13353300000254 	35000084592 100350134106 3377457 	34996707135 3377457 0 0 0 	98252785 3377457 0 	455.273 	3 	124
13372400000000 13372500000254 	35200085100 100926204122 3399458 	35196685642 3399458 0 0 0 	98895791 3399458 0 	455.375 	3 	124
13391600000000 13391700000365 	35400085830 101502294069 3421219 	35396664611 3421219 0 0 0 	99537583 3421219 0 	455.46 	3 	124
13410800000000 13410900000365 	35600086560 102078474605 3442754 	35596643806 3442754 0 0 0 	100164388 3442754 0 	455.545 	3 	124
13430000000000 13430100000365 	35800087290 102654636773 3463679 	35796623611 3463679 0 0 0 	100779976 3463679 0 	455.628 	3 	124
13449200000000 13449300000365 	36000088020 103230779849 3484320 	35996603700 3484320 0 0 0 	101380988 3484320 0 	455.711 	3 	124
13468400000000 13468500000365 	36200088750 103806978306 3504764 	36196583986 3504764 0 0 0 	101973642 3504764 0 	455.793 	3 	124
13487600000000 13487700000368 	36400089486 104383202928 3525244 	36396564242 3525244 0 0 0 	102575381 3525244 0 	455.858 	3 	124
13506800000000 13506900000368 	36600090222 104959515391 3545619 	36596544603 3545619 0 0 0 	103176250 3545619 0 	455.923 	3 	124
13526000000000 13526100000368 	36800090958 105535769763 3565385 	36796525573 3565385 0 0 0 	103755168 3565385 0 	455.987 	3 	124
13545200000000 13545300000368 	37000091694 106112026245 3584905 	36996506789 3584905 0 0 0 	104326994 3584905 0 	456.05 	3 	124
13564400000000 13564500000368 	37200092430 106688331001 3604105 	37196488325 3604105 0 0 0 	104887061 3604105 0 	456.112 	3 	124
13583600000000 13583700000352 	37400093134 107264698332 3623217 	37396469917 3623217 0 0 0 	105447820 3623217 0 	456.154 	3 	124
13602800000000 13602900000352 	37600093838 107841045287 3642226 	37596451612 3642226 0 0 0 	106002343 3642226 0 	456.195 	3 	124
13622000000000 13622100000352 	37800094542 108417407438 3660700 	37796433842 3660700 0 0 0 	106540316 3660700 0 	456.236 	3 	124
13641200000000 13641300000352 	38000095246 108993841487 3679136 	37996416110 3679136 0 0 0 	107083004 3679136 0 	456.276 	3 	124
13660400000000 13660500000352 	38200095950 109570316637 3697341 	38196398609 3697341 0 0 0 	107615625 3697341 0 	456.316 	3 	124
13679600000000 13679700000120 	38400096190 110146802595 3715447 	38396380743 3715447 0 0 0 	108143321 3715447 0 	456.34 	3 	124
13698800000000 13698900000120 	38600096430 110723287745 3733317 	38596363113 3733317 0 0 0 	108663029 3733317 0 	456.364 	3 	124
13718000000000 13718100000120 	38800096670 111299754009 3750679 	38796345991 3750679 0 0 0 	109171336 3750679 0 	456.387 	3 	124
13737200000000 13737300000120 	39000096910 111876337170 3767904 	38996329006 3767904 0 0 0 	109677419 3767904 0 	456.411 	3 	124
13756400000000 13756500000120 	39200097150 112452921620 3784814 	39196312336 3784814 0 0 0 	110172010 3784814 0 	456.434 	3 	124
13775600000000 13775700000178 	39400097506 113029570090 3801620 	39396295886 3801620 0 0 0 	110663776 3801620 0 	456.442 	3 	124
13794800000000 13794900000178 	39600097862 113606201061 3818021 	39596279841 3818021 0 0 0 	111147629 3818021 0 	456.45 	3 	124
13814000000000 13814100000178 	39800098218 114182871002 3834303 	39796263915 3834303 0 0 0 	111616753 3834303 0 	456.457 	3 	124
13833200000000 13833300000178 	40000098574 114759544645 3850617 	39996247957 3850617 0 0 0 	112096599 3850617 0 	456.465 	3 	124
13852400000000 13852500000178 	40200098930 115336233096 3866475 	40196232455 3866475 0 0 0 	112562136 3866475 0 	456.473 	3 	124
13871600000000 13871700000355 	40400099640 115912915008 3882329 	40396217311 3882329 0 0 0 	113028941 3882329 0 	456.465 	3 	124
13890800000000 13890900000355 	40600100350 116489649366 3897749 	40596202601 3897749 0 0 0 	113481987 3897749 0 	456.458 	3 	124
13910000000000 13910100000355 	40800101060 117066416407 3913137 	40796187923 3913137 0 0 0 	113931069 3913137 0 	456.451 	3 	124
13929200000000 13929300000355 	41000101770 117643206912 3928239 	40996173531 3928239 0 0 0 	114373619 3928239 0 	456.444 	3 	124
13948400000000 13948500000355 	41200102480 118220056997 3943233 	41196159247 3943233 0 0 0 	114816510 3943233 0 	456.437 	3 	124
13967600000000 13967700000230 	41400102940 118796909889 3958092 	41396144848 3958092 0 0 0 	115250367 3958092 0 	456.41 	3 	124
13986800000000 13986900000230 	41600103400 119373815715 3972548 	41596130852 3972548 0 0 0 	115675061 3972548 0 	456.384 	3 	124
14006000000000 14006100000230 	41800103860 119950718420 3986866 	41796116994 3986866 0 0 0 	116093981 3986866 0 	456.358 	3 	124
14025200000000 14025300000230 	42000104320 120527627119 4000971 	41996103349 4000971 0 0 0 	116508698 4000971 0 	456.332 	3 	124
14044400000000 14044500000230 	42200104780 121104572137 4015034 	42196089746 4015034 0 0 0 	116922691 4015034 0 	456.306 	3 	124
14063600000000 14063700000320 	42400105420 121681551674 4029113 	42396076307 4029113 0 0 0 	117335591 4029113 0 	456.267 	3 	124
14082800000000 14082900000320 	42600106060 122258603530 4042614 	42596063446 4042614 0 0 0 	117729932 4042614 0 	456.227 	3 	124
14102000000000 14102100000320 	42800106700 122835705641 4056311 	42796050389 4056311 0 0 0 	118129389 4056311 0 	456.188 	3 	124
14121200000000 14121300000320 	43000107340 123412810409 4069593 	42996037747 4069593 0 0 0 	118520621 4069593 0 	456.149 	3 	124
14140400000000 14140500000320 	43200107980 123989888447 4082699 	43196025281 4082699 0 0 0 	118901382 4082699 0 	456.111 	3 	124
14159600000000 14159700000400 	43400108780 124567021298 4095752 	43396013028 4095752 0 0 0 	119281945 4095752 0 	456.058 	3 	124
14178800000000 14178900000400 	43600109580 125144082877 4108533 	43596001047 4108533 0 0 0 	119657295 4108533 0 	456.006 	3 	124
14198000000000 14198100000400 	43800110380 125721233930 4121218 	43795989162 4121218 0 0 0 	120025335 4121218 0 	455.955 	3 	124
14217200000000 14217300000400 	44000111180 126298425709 4133929 	43995977251 4133929 0 0 0 	120398659 4133929 0 	455.904 	3 	124
14236400000000 14236500000400 	44200111980 126875640350 4145936 	44195966044 4145936 0 0 0 	120748270 4145936 0 	455.853 	3 	124
14255600000000 14255700000290 	44400112560 127452875170 4158156 	44395954404 4158156 0 0 0 	121107471 4158156 0 	455.789 	3 	124
14274800000000 14274900000290 	44600113140 128030192915 4170221 	44595942919 4170221 0 0 0 	121454543 4170221 0 	455.725 	3 	124
14294000000000 14294100000290 	44800113720 128607501152 4182209 	44795931511 4182209 0 0 0 	121808426 4182209 0 	455.662 	3 	124
14313200000000 14313300000290 	45000114300 129184846952 4194059 	44995920241 4194059 0 0 0 	122155356 4194059 0 	455.599 	3 	124
14332400000000 14332500000290 	45200114880 129762192835 4205787 	45195909093 4205787 0 0 0 	122499909 4205787 0 	455.537 	3 	124
14351600000000 14351700000290 	45400115460 130339566802 4217332 	45395898128 4217332 0 0 0 	122835550 4217332 0 	455.476 	3 	124
14370800000000 14370900000249 	45600115958 130916917837 4228589 	45595887369 4228589 0 0 0 	123161332 4228589 0 	455.401 	3 	124
14390000000000 14390100000249 	45800116456 131494298206 4239585 	45795876871 4239585 0 0 0 	123489497 4239585 0 	455.327 	3 	124
14409200000000 14409300000249 	46000116954 132071701477 4250766 	45995866188 4250766 0 0 0 	123815151 4250766 0 	455.253 	3 	124
14428400000000 14428500000249 	46200117452 132649139953 4261740 	46195855712 4261740 0 0 0 	124135538 4261740 0 	455.18 	3 	124
14447600000000 14447700000249 	46400117950 133226605814 4272508 	46395845442 4272508 0 0 0 	124449254 4272508 0 	455.108 	3 	124
14466800000000 14466900000088 	46600118126 133804101224 4282993 	46595835133 4282993 0 0 0 	124758027 4282993 0 	455.022 	3 	124
14486000000000 14486100000088 	46800118302 134381660361 4293354 	46795824948 4293354 0 0 0 	125060855 4293354 0 	454.937 	3 	124
14505200000000 14505300000088 	47000118478 134959171131 4303670 	46995814808 4303670 0 0 0 	125359560 4303670 0 	454.853 	3 	124
14524400000000 14524500000088 	47200118654 135536747168 4313997 	47195804657 4313997 0 0 0 	125661672 4313997 0 	454.77 	3 	124
14543600000000 14543700000088 	47400118830 136114330554 4324076 	47395794754 4324076 0 0 0 	125958871 4324076 0 	454.687 	3 	124
14562800000000 14562900000110 	47600119050 136691941193 4333824 	47595785226 4333824 0 0 0 	126245873 4333824 0 	454.596 	3 	124
14582000000000 14582100000110 	47800119270 137269551353 4343622 	47795775648 4343622 0 0 0 	126532222 4343622 0 	454.506 	3 	124
14601200000000 14601300000110 	48000119490 137847205676 4353230 	47995766260 4353230 0 0 0 	126815205 4353230 0 	454.417 	3 	124
14620400000000 14620500000110 	48200119710 138424885321 4362795 	48195756915 4362795 0 0 0 	127098764 4362795 0 	454.328 	3 	124
14639600000000 14639700000110 	48400119930 139002552679 4372044 	48395747886 4372044 0 0 0 	127370868 4372044 0 	454.24 	3 	124
14658800000000 14658900000189 	48600120308 139580311022 4381440 	48595738868 4381440 0 0 0 	127643463 4381440 0 	454.139 	3 	124
14678000000000 14678100000189 	48800120686 140158077660 4390655 	48795730031 4390655 0 0 0 	127913837 4390655 0 	454.039 	3 	124
14697200000000 14697300000189 	49000121064 140735872398 4399651 	48995721413 4399651 0 0 0 	128173198 4399651 0 	453.94 	3 	124
14716400000000 14716500000189 	49200121442 141313697825 4408638 	49195712804 4408638 0 0 0 	128433376 4408638 0 	453.842 	3 	124
14735600000000 14735700000189 	49400121820 141891598812 4417439 	49395704381 4417439 0 0 0 	128690983 4417439 0 	453.745 	3 	124
14754800000000 14754900000060 	49600121940 142469448824 4426173 	49595695767 4426173 0 0 0 	128948360 4426173 0 	453.635 	3 	124
14774000000000 14774100000060 	49800122060 143047340509 4434981 	49795687079 4434981 0 0 0 	129205873 4434981 0 	453.526 	3 	124
14793200000000 14793300000060 	50000122180 143625263688 4443576 	49995678604 4443576 0 0 0 	129460223 4443576 0 	453.417 	3 	124
14812400000000 14812500000060 	50200122300 144203226582 4451951 	50195670349 4451951 0 0 0 	129703752 4451951 0 	453.31 	3 	124
14831600000000 14831700000060 	50400122420 144781175071 4460193 	50395662227 4460193 0 0 0 	129947865 4460193 0 	453.204 	3 	124
14850800000000 14850900000375 	50600123170 145359180543 4468431 	50595654739 4468431 0 0 0 	130194555 4468431 0 	453.085 	3 	124
14870000000000 14870100000375 	50800123920 145937269904 4476446 	50795647474 4476446 0 0 0 	130427854 4476446 0 	452.967 	3 	124
