10014800000000 10014900000152 	200000304 570640253 36444 	199963860 36444 0 0 0 	1057530 36444 0 	504 	3 	148
10034000000000 10034100000152 	400000608 1141388483 72050 	399928558 72050 0 0 0 	2084737 72050 0 	504 	3 	148
10053200000000 10053300000152 	600000912 1712075067 107509 	599893403 107509 0 0 0 	3108292 107509 0 	504 	3 	148
10072400000000 10072500000152 	800001216 2282879658 142168 	799859048 142168 0 0 0 	4114829 142168 0 	504 	3 	148
10091600000000 10091700000000 	1000001216 2853684996 176285 	999824931 176285 0 0 0 	5102475 176285 0 	503.195 	3 	148
10110800000000 10110900000000 	1200001216 3424536899 209917 	1199791299 209917 0 0 0 	6077350 209917 0 	502.66 	3 	148
10130000000000 10130100000000 	1400001216 3995409228 242717 	1399758499 242717 0 0 0 	7039935 242717 0 	502.278 	3 	148
10149200000000 10149300000000 	1600001216 4566306167 274980 	1599726236 274980 0 0 0 	7983733 274980 0 	501.992 	3 	148
10168400000000 10168500000048 	1800001312 5137210231 306599 	1799694713 306599 0 0 0 	8893283 306599 0 	501.319 	3 	148
10187600000000 10187700000048 	2000001408 5708169623 338012 	1999663396 338012 0 0 0 	9802196 338012 0 	500.782 	3 	148
10206800000000 10206900000048 	2200001504 6279182065 368949 	2199632555 368949 0 0 0 	10692052 368949 0 	500.344 	3 	148
10226000000000 10226100000048 	2400001600 6850222234 399122 	2399602478 399122 0 0 0 	11565358 399122 0 	499.979 	3 	148
10245200000000 10245300000476 	2600002552 7421232939 429099 	2599573453 429099 0 0 0 	12432730 429099 0 	499.356 	3 	148
10264400000000 10264500000476 	2800003504 7992248146 458490 	2799545014 458490 0 0 0 	13283891 458490 0 	498.823 	3 	148
10283600000000 10283700000476 	3000004456 8563369808 487306 	2999517150 487306 0 0 0 	14106692 487306 0 	498.362 	3 	148
10302800000000 10302900000476 	3200005408 9134501467 515966 	3199489442 515966 0 0 0 	14937151 515966 0 	497.96 	3 	148
10322000000000 10322100000011 	3400005430 9705671537 544091 	3399461339 544091 0 0 0 	15753717 544091 0 	497.424 	3 	148
10341200000000 10341300000011 	3600005452 10276922164 572039 	3599433413 572039 0 0 0 	16558559 572039 0 	496.948 	3 	148
10360400000000 10360500000011 	3800005474 10848151116 599346 	3799406128 599346 0 0 0 	17345315 599346 0 	496.523 	3 	148
10379600000000 10379700000011 	4000005496 11419460740 625952 	3999379544 625952 0 0 0 	18109572 625952 0 	496.142 	3 	148
10398800000000 10398900000210 	4200005916 11990778502 652110 	4199353806 652110 0 0 0 	18865814 652110 0 	495.6 	3 	148
10418000000000 10418100000210 	4400006336 12562128288 677837 	4399328499 677837 0 0 0 	19604255 677837 0 	495.108 	3 	148
10437200000000 10437300000210 	4600006756 13133522991 703040 	4599303716 703040 0 0 0 	20329364 703040 0 	494.659 	3 	148
10456400000000 10456500000210 	4800007176 13704981163 728195 	4799278981 728195 0 0 0 	21056606 728195 0 	494.249 	3 	148
10475600000000 10475700000381 	5000007938 14276413029 752693 	4999255245 752693 0 0 0 	21764632 752693 0 	493.705 	3 	148
10494800000000 10494900000381 	5200008700 14847926861 776867 	5199231833 776867 0 0 0 	22460570 776867 0 	493.204 	3 	148
10514000000000 10514100000381 	5400009462 15419475469 800967 	5399208495 800967 0 0 0 	23158247 800967 0 	492.741 	3 	148
10533200000000 10533300000381 	5600010224 15991032219 824381 	5599185843 824381 0 0 0 	23839129 824381 0 	492.312 	3 	148
10552400000000 10552500000468 	5800011160 16562674822 847612 	5799163548 847612 0 0 0 	24514339 847612 0 	491.804 	3 	148
10571600000000 10571700000468 	6000012096 17134314260 870161 	5999141935 870161 0 0 0 	25168776 870161 0 	491.331 	3 	148
10590800000000 10590900000468 	6200013032 17705929052 892423 	6199120609 892423 0 0 0 	25817181 892423 0 	490.89 	3 	148
10610000000000 10610100000468 	6400013968 18277625216 914406 	6399099562 914406 0 0 0 	26459028 914406 0 	490.476 	3 	148
10629200000000 10629300000254 	6600014476 18849360730 935956 	6599078520 935956 0 0 0 	27085330 935956 0 	489.96 	3 	148
10648400000000 10648500000254 	6800014984 19421135369 957401 	6799057583 957401 0 0 0 	27714361 957401 0 	489.476 	3 	148
10667600000000 10667700000254 	7000015492 19992952939 978543 	6999036949 978543 0 0 0 	28329592 978543 0 	489.019 	3 	148
10686800000000 10686900000254 	7200016000 20564728968 999320 	7199016680 999320 0 0 0 	28929864 999320 0 	488.589 	3 	148
10706000000000 10706100000254 	7400016508 21136589360 1019911 	7398996597 1019911 0 0 0 	29523610 1019911 0 	488.183 	3 	148
10725200000000 10725300000365 	7600017238 21708511309 1039862 	7598977376 1039862 0 0 0 	30100946 1039862 0 	487.715 	3 	148
10744400000000 10744500000365 	7800017968 22280424220 1059744 	7798958224 1059744 0 0 0 	30680006 1059744 0 	487.272 	3 	148
10763600000000 10763700000365 	8000018698 22852362770 1079198 	7998939500 1079198 0 0 0 	31238076 1079198 0 	486.851 	3 	148
10782800000000 10782900000365 	8200019428 23424379942 1098388 	8198921040 1098388 0 0 0 	31795827 1098388 0 	486.452 	3 	148
10802000000000 10802100000368 	8400020164 23996342768 1117061 	8398903103 1117061 0 0 0 	32333316 1117061 0 	485.996 	3 	148
10821200000000 10821300000368 	8600020900 24568386554 1135588 	8598885312 1135588 0 0 0 	32874859 1135588 0 	485.561 	3 	148
10840400000000 10840500000368 	8800021636 25140417523 1153698 	8798867938 1153698 0 0 0 	33397211 1153698 0 	485.148 	3 	148
10859600000000 10859700000368 	9000022372 25712502312 1171541 	8998850831 1171541 0 0 0 	33917345 1171541 0 	484.753 	3 	148
10878800000000 10878900000352 	9200023076 26284624799 1189055 	9198834021 1189055 0 0 0 	34423254 1189055 0 	484.282 	3 	148
10898000000000 10898100000352 	9400023780 26856758256 1206177 	9398817603 1206177 0 0 0 	34922262 1206177 0 	483.832 	3 	148
10917200000000 10917300000352 	9600024484 27428932298 1223202 	9598801282 1223202 0 0 0 	35419665 1223202 0 	483.402 	3 	148
10936400000000 10936500000352 	9800025188 28001160709 1239684 	9798785504 1239684 0 0 0 	35896805 1239684 0 	482.989 	3 	148
10955600000000 10955700000120 	10000025428 28573393129 1255989 	9998769439 1255989 0 0 0 	36379279 1255989 0 	482.529 	3 	148
10974800000000 10974900000120 	10200025668 29145674781 1272170 	10198753498 1272170 0 0 0 	36848637 1272170 0 	482.088 	3 	148
10994000000000 10994100000120 	10400025908 29718022678 1288116 	10398737792 1288116 0 0 0 	37303554 1288116 0 	481.664 	3 	148
11013200000000 11013300000120 	10600026148 30290354956 1303744 	10598722404 1303744 0 0 0 	37763502 1303744 0 	481.257 	3 	148
11032400000000 11032500000178 	10800026504 30862681281 1318975 	10798707529 1318975 0 0 0 	38208164 1318975 0 	480.805 	3 	148
11051600000000 11051700000178 	11000026860 31435053579 1334063 	10998692797 1334063 0 0 0 	38642589 1334063 0 	480.37 	3 	148
11070800000000 11070900000178 	11200027216 32007503793 1348945 	11198678271 1348945 0 0 0 	39073331 1348945 0 	479.951 	3 	148
11090000000000 11090100000178 	11400027572 32579974859 1363691 	11398663881 1363691 0 0 0 	39504287 1363691 0 	479.548 	3 	148
11109200000000 11109300000355 	11600028282 33152455708 1378110 	11598650172 1378110 0 0 0 	39930213 1378110 0 	479.102 	3 	148
11128400000000 11128500000355 	11800028992 33724964045 1392426 	11798636566 1392426 0 0 0 	40341665 1392426 0 	478.673 	3 	148
11147600000000 11147700000355 	12000029702 34297522701 1406754 	11998622948 1406754 0 0 0 	40757884 1406754 0 	478.258 	3 	148
11166800000000 11166900000355 	12200030412 34870121847 1420571 	12198609841 1420571 0 0 0 	41158164 1420571 0 	477.858 	3 	148
11186000000000 11186100000230 	12400030872 35442730247 1434291 	12398596581 1434291 0 0 0 	41555501 1434291 0 	477.399 	3 	148
11205200000000 11205300000230 	12600031332 36015389764 1447649 	12598583683 1447649 0 0 0 	41942166 1447649 0 	476.956 	3 	148
11224400000000 11224500000230 	12800031792 36588076291 1460574 	12798571218 1460574 0 0 0 	42315917 1460574 0 	476.527 	3 	148
11243600000000 11243700000230 	13000032252 37160817077 1473574 	12998558678 1473574 0 0 0 	42693973 1473574 0 	476.113 	3 	148
11262800000000 11262900000320 	13200032892 37733589284 1486208 	13198546684 1486208 0 0 0 	43065346 1486208 0 	475.66 	3 	148
11282000000000 11282100000320 	13400033532 38306363907 1498925 	13398534607 1498925 0 0 0 	43431223 1498925 0 	475.223 	3 	148
11301200000000 11301300000320 	13600034172 38879136297 1511049 	13598523123 1511049 0 0 0 	43781754 1511049 0 	474.798 	3 	148
11320400000000 11320500000320 	13800034812 39451933515 1523249 	13798511563 1523249 0 0 0 	44136663 1523249 0 	474.387 	3 	148
11339600000000 11339700000400 	14000035612 40024797184 1535253 	13998500359 1535253 0 0 0 	44478720 1535253 0 	473.94 	3 	148
11358800000000 11358900000400 	14200036412 40597695758 1546720 	14198489692 1546720 0 0 0 	44813560 1546720 0 	473.506 	3 	148
11378000000000 11378100000400 	14400037212 41170628871 1558451 	14398478761 1558451 0 0 0 	45151623 1558451 0 	473.085 	3 	148
11397200000000 11397300000400 	14600038012 41743553117 1569755 	14598468257 1569755 0 0 0 	45477871 1569755 0 	472.677 	3 	148
11416400000000 11416500000290 	14800038592 42316488414 1580888 	14798457704 1580888 0 0 0 	45804219 1580888 0 	472.234 	3 	148
11435600000000 11435700000290 	15000039172 42889525157 1591875 	14998447297 1591875 0 0 0 	46116812 1591875 0 	471.803 	3 	148
11454800000000 11454900000290 	15200039752 43462562328 1602869 	15198436883 1602869 0 0 0 	46435253 1602869 0 	471.385 	3 	148
11474000000000 11474100000290 	15400040332 44035649166 1613482 	15398426850 1613482 0 0 0 	46747582 1613482 0 	470.979 	3 	148
11493200000000 11493300000249 	15600040830 44608766987 1624025 	15598416805 1624025 0 0 0 	47056036 1624025 0 	470.539 	3 	148
11512400000000 11512500000249 	15800041328 45181901386 1634451 	15798406877 1634451 0 0 0 	47358273 1634451 0 	470.112 	3 	148
11531600000000 11531700000249 	16000041826 45755030209 1644509 	15998397317 1644509 0 0 0 	47651239 1644509 0 	469.695 	3 	148
11550800000000 11550900000249 	16200042324 46328243906 1654502 	16198387822 1654502 0 0 0 	47940757 1654502 0 	469.29 	3 	148
11570000000000 11570100000088 	16400042500 46901484965 1664146 	16398378354 1664146 0 0 0 	48225084 1664146 0 	468.854 	3 	148
11589200000000 11589300000088 	16600042676 47474798120 1673774 	16598368902 1673774 0 0 0 	48505641 1673774 0 	468.429 	3 	148
11608400000000 11608500000088 	16800042852 48048049120 1683114 	16798359738 1683114 0 0 0 	48780015 1683114 0 	468.014 	3 	148
11627600000000 11627700000088 	17000043028 48621366436 1692672 	16998350356 1692672 0 0 0 	49053585 1692672 0 	467.61 	3 	148
11646800000000 11646900000110 	17200043248 49194724464 1701829 	17198341419 1701829 0 0 0 	49322529 1701829 0 	467.19 	3 	148
11666000000000 11666100000110 	17400043468 49768082862 1710829 	17398332639 1710829 0 0 0 	49587695 1710829 0 	466.779 	3 	148
11685200000000 11685300000110 	17600043688 50341467397 1719829 	17598323859 1719829 0 0 0 	49849749 1719829 0 	466.379 	3 	148
11704400000000 11704500000110 	17800043908 50914868319 1728535 	17798315373 1728535 0 0 0 	50104505 1728535 0 	465.988 	3 	148
11723600000000 11723700000189 	18000044286 51488292173 1737322 	17998306964 1737322 0 0 0 	50361632 1737322 0 	465.568 	3 	148
11742800000000 11742900000189 	18200044664 52061769371 1745987 	18198298677 1745987 0 0 0 	50616415 1745987 0 	465.158 	3 	148
11762000000000 11762100000189 	18400045042 52635333573 1754418 	18398290624 1754418 0 0 0 	50860206 1754418 0 	464.758 	3 	148
11781200000000 11781300000100 	18600045242 53208864051 1758527 	18598286715 1758527 0 0 0 	50978411 1758527 0 	464.008 	3 	148
11800400000000 11800500000314 	18800045870 53782416435 1762518 	18798283352 1762518 0 0 0 	51095874 1762518 0 	463.248 	3 	148
11819600000000 11819700000314 	19000046498 54355960999 1766451 	18998280047 1766451 0 0 0 	51211439 1766451 0 	462.506 	3 	148
11838800000000 11838900000314 	19200047126 54929600652 1770368 	19198276758 1770368 0 0 0 	51320065 1770368 0 	461.782 	3 	148
11858000000000 11858100000173 	19400047472 55503297865 1774161 	19398273311 1774161 0 0 0 	51431552 1774161 0 	461.034 	3 	148
11877200000000 11877300000173 	19600047818 56076957743 1777909 	19598269909 1777909 0 0 0 	51539885 1777909 0 	460.304 	3 	148
11896400000000 11896500000173 	19800048164 56650694401 1781748 	19798266416 1781748 0 0 0 	51650574 1781748 0 	459.59 	3 	148
11915600000000 11915700000173 	20000048510 57224397860 1785425 	19998263085 1785425 0 0 0 	51758788 1785425 0 	458.894 	3 	148
11934800000000 11934900000330 	20200049170 57798160651 1789139 	20198260031 1789139 0 0 0 	51868559 1789139 0 	458.186 	3 	148
11954000000000 11954100000330 	20400049830 58371950359 1792638 	20398257192 1792638 0 0 0 	51971297 1792638 0 	457.495 	3 	148
11973200000000 11973300000330 	20600050490 58945827471 1796011 	20598254479 1796011 0 0 0 	52071717 1796011 0 	456.819 	3 	148
11992400000000 11992500000330 	20800051150 59519692195 1799368 	20798251782 1799368 0 0 0 	52169988 1799368 0 	456.158 	3 	148
12011600000000 12011700000352 	21000051854 60093560427 1802804 	20998249050 1802804 0 0 0 	52265993 1802804 0 	455.474 	3 	148
12030800000000 12030900000352 	21200052558 60667507283 1806068 	21198246490 1806068 0 0 0 	52357490 1806068 0 	454.804 	3 	148
12050000000000 12050100000352 	21400053262 61241446927 1809356 	21398243906 1809356 0 0 0 	52453655 1809356 0 	454.149 	3 	148
12069200000000 12069300000352 	21600053966 61815435998 1812540 	21598241426 1812540 0 0 0 	52543151 1812540 0 	453.508 	3 	148
12088400000000 12088500000376 	21800054718 62389472704 1815671 	21798239047 1815671 0 0 0 	52635288 1815671 0 	452.857 	3 	148
12107600000000 12107700000376 	22000055470 62963511225 1818887 	21998236583 1818887 0 0 0 	52728686 1818887 0 	452.218 	3 	148
12126800000000 12126900000376 	22200056222 63537618175 1821936 	22198234286 1821936 0 0 0 	52816666 1821936 0 	451.593 	3 	148
12146000000000 12146100000376 	22400056974 64111774319 1824959 	22398232015 1824959 0 0 0 	52905773 1824959 0 	450.981 	3 	148
12165200000000 12165300000290 	22600057554 64685903349 1827890 	22598229664 1827890 0 0 0 	52992393 1827890 0 	450.358 	3 	148
12184400000000 12184500000290 	22800058134 65260072777 1830804 	22798227330 1830804 0 0 0 	53076405 1830804 0 	449.747 	3 	148
12203600000000 12203700000290 	23000058714 65834313218 1833627 	22998225087 1833627 0 0 0 	53157337 1833627 0 	449.149 	3 	148
12222800000000 12222900000026 	23200058766 66408477015 1836476 	23198222290 1836476 0 0 0 	53240057 1836476 0 	448.528 	3 	148
12242000000000 12242100000026 	23400058818 66982686594 1839210 	23398219608 1839210 0 0 0 	53318030 1839210 0 	447.919 	3 	148
12261200000000 12261300000026 	23600058870 67556984480 1841937 	23598216933 1841937 0 0 0 	53400055 1841937 0 	447.323 	3 	148
12280400000000 12280500000026 	23800058922 68131305900 1844629 	23798214293 1844629 0 0 0 	53478060 1844629 0 	446.738 	3 	148
12299600000000 12299700000285 	24000059492 68705634712 1847184 	23998212308 1847184 0 0 0 	53553878 1847184 0 	446.141 	3 	148
12318800000000 12318900000285 	24200060062 69280007500 1849720 	24198210342 1849720 0 0 0 	53626030 1849720 0 	445.557 	3 	148
12338000000000 12338100000285 	24400060632 69854413742 1852221 	24398208411 1852221 0 0 0 	53699062 1852221 0 	444.983 	3 	148
12357200000000 12357300000285 	24600061202 70428811122 1854693 	24598206509 1854693 0 0 0 	53772128 1854693 0 	444.42 	3 	148
12376400000000 12376500000151 	24800061504 71003332918 1857269 	24798204235 1857269 0 0 0 	53847485 1857269 0 	443.846 	3 	148
12395600000000 12395700000151 	25000061806 71577809532 1859669 	24998202137 1859669 0 0 0 	53917043 1859669 0 	443.283 	3 	148
12414800000000 12414900000308 	25200062422 72152614675 1901317 	25198161105 1901317 0 0 0 	55120895 1901317 0 	443.731 	3 	148
12434000000000 12434100000308 	25400063038 72727468165 1942719 	25398120319 1942719 0 0 0 	56330358 1942719 0 	444.174 	3 	148
12453200000000 12453300000308 	25600063654 73302318332 1983464 	25598080190 1983464 0 0 0 	57520025 1983464 0 	444.61 	3 	148
12472400000000 12472500000308 	25800064270 73877267829 2024180 	25798040090 2024180 0 0 0 	58709705 2024180 0 	445.041 	3 	148
12491600000000 12491700000308 	26000064886 74452150112 2063715 	25998001171 2063715 0 0 0 	59855199 2063715 0 	445.465 	3 	148
12510800000000 12510900000152 	26200065190 75027077433 2102923 	26197962267 2102923 0 0 0 	60995485 2102923 0 	445.861 	3 	148
12530000000000 12530100000152 	26400065494 75602008232 2141560 	26397923934 2141560 0 0 0 	62122364 2141560 0 	446.251 	3 	148
12549200000000 12549300000152 	26600065798 76176988990 2179167 	26597886631 2179167 0 0 0 	63207137 2179167 0 	446.635 	3 	148
12568400000000 12568500000152 	26800066102 76752048881 2216868 	26797849234 2216868 0 0 0 	64307491 2216868 0 	447.015 	3 	148
12587600000000 12587700000152 	27000066406 77327085966 2254298 	26997812108 2254298 0 0 0 	65394629 2254298 0 	447.39 	3 	148
12606800000000 12606900000152 	27200066710 77902166104 2291026 	27197775684 2291026 0 0 0 	66463279 2291026 0 	447.76 	3 	148
12626000000000 12626100000000 	27400066710 78477280406 2327146 	27397739564 2327146 0 0 0 	67517997 2327146 0 	448.101 	3 	148
12645200000000 12645300000000 	27600066710 79052383517 2362833 	27597703877 2362833 0 0 0 	68553635 2362833 0 	448.439 	3 	148
12664400000000 12664500000000 	27800066710 79627548328 2398261 	27797668449 2398261 0 0 0 	69582118 2398261 0 	448.772 	3 	148
12683600000000 12683700000000 	28000066710 80202760619 2433228 	27997633482 2433228 0 0 0 	70611913 2433228 0 	449.1 	3 	148
12702800000000 12702900000000 	28200066710 80777927689 2468043 	28197598667 2468043 0 0 0 	71626313 2468043 0 	449.425 	3 	148
12722000000000 12722100000048 	28400066806 81353167452 2501890 	28397564916 2501890 0 0 0 	72616311 2501890 0 	449.722 	3 	148
12741200000000 12741300000048 	28600066902 81928414567 2535577 	28597531325 2535577 0 0 0 	73596722 2535577 0 	450.016 	3 	148
12760400000000 12760500000048 	28800066998 82503694653 2568737 	28797498261 2568737 0 0 0 	74564797 2568737 0 	450.306 	3 	148
12779600000000 12779700000048 	29000067094 83078977970 2601267 	28997465827 2601267 0 0 0 	75513372 2601267 0 	450.592 	3 	148
12798800000000 12798900000048 	29200067190 83654225438 2633743 	29197433447 2633743 0 0 0 	76454569 2633743 0 	450.875 	3 	148
12818000000000 12818100000476 	29400068142 84229578588 2665277 	29397402865 2665277 0 0 0 	77363024 2665277 0 	451.131 	3 	148
12837200000000 12837300000476 	29600069094 84804968195 2696879 	29597372215 2696879 0 0 0 	78289383 2696879 0 	451.384 	3 	148
12856400000000 12856500000476 	29800070046 85380402172 2727868 	29797342178 2727868 0 0 0 	79189668 2727868 0 	451.635 	3 	148
12875600000000 12875700000476 	30000070998 85955832260 2758581 	29997312417 2758581 0 0 0 	80083452 2758581 0 	451.882 	3 	148
12894800000000 12894900000476 	30200071950 86531278749 2788866 	30197283084 2788866 0 0 0 	80958480 2788866 0 	452.126 	3 	148
12914000000000 12914100000011 	30400071972 87106814731 2818749 	30397253223 2818749 0 0 0 	81832701 2818749 0 	452.35 	3 	148
12933200000000 12933300000011 	30600071994 87682319854 2847963 	30597224031 2847963 0 0 0 	82683398 2847963 0 	452.572 	3 	148
12952400000000 12952500000011 	30800072016 88257919228 2877498 	30797194518 2877498 0 0 0 	83543299 2877498 0 	452.791 	3 	148
12971600000000 12971700000011 	31000072038 88833516014 2906473 	30997165565 2906473 0 0 0 	84397118 2906473 0 	453.008 	3 	148
12990800000000 12990900000011 	31200072060 89409164316 2934757 	31197137303 2934757 0 0 0 	85221356 2934757 0 	453.221 	3 	148
13010000000000 13010100000210 	31400072480 89984803939 2962771 	31397109709 2962771 0 0 0 	86046013 2962771 0 	453.411 	3 	148
13029200000000 13029300000210 	31600072900 90560557538 2990456 	31597082444 2990456 0 0 0 	86854566 2990456 0 	453.598 	3 	148
13048400000000 13048500000210 	31800073320 91136234445 3017681 	31797055639 3017681 0 0 0 	87649193 3017681 0 	453.782 	3 	148
13067600000000 13067700000210 	32000073740 91711934643 3044538 	31997029202 3044538 0 0 0 	88431109 3044538 0 	453.965 	3 	148
13086800000000 13086900000210 	32200074160 92287647590 3071461 	32197002699 3071461 0 0 0 	89221250 3071461 0 	454.146 	3 	148
13106000000000 13106100000381 	32400074922 92863362053 3097572 	32396977350 3097572 0 0 0 	89983406 3097572 0 	454.302 	3 	148
13125200000000 13125300000381 	32600075684 93439144364 3123428 	32596952256 3123428 0 0 0 	90737472 3123428 0 	454.457 	3 	148
13144400000000 13144500000381 	32800076446 94014937288 3148852 	32796927594 3148852 0 0 0 	91477405 3148852 0 	454.61 	3 	148
13163600000000 13163700000381 	33000077208 94590775714 3174315 	32996902893 3174315 0 0 0 	92213022 3174315 0 	454.761 	3 	148
13182800000000 13182900000381 	33200077970 95166608144 3199359 	33196878611 3199359 0 0 0 	92941883 3199359 0 	454.911 	3 	148
13202000000000 13202100000468 	33400078906 95742488314 3223899 	33396855007 3223899 0 0 0 	93664628 3223899 0 	455.042 	3 	148
13221200000000 13221300000468 	33600079842 96318384660 3248011 	33596831831 3248011 0 0 0 	94370841 3248011 0 	455.172 	3 	148
13240400000000 13240500000468 	33800080778 96894325377 3272146 	33796808632 3272146 0 0 0 	95079845 3272146 0 	455.301 	3 	148
13259600000000 13259700000468 	34000081714 97470305959 3295911 	33996785803 3295911 0 0 0 	95771654 3295911 0 	455.428 	3 	148
13278800000000 13278900000468 	34200082650 98046246286 3319430 	34196763220 3319430 0 0 0 	96458668 3319430 0 	455.554 	3 	148
13298000000000 13298100000254 	34400083158 98622264370 3342599 	34396740559 3342599 0 0 0 	97130687 3342599 0 	455.657 	3 	148
13317200000000 13317300000254 	34600083666 99198306388 3365633 	34596718033 3365633 0 0 0 	97802693 3365633 0 	455.759 	3 	148
13336400000000 13336500000254 	34800084174 99774381849 3388098 	34796696076 3388098 0 0 0 	98454515 3388098 0 	455.86 	3 	148
13355600000000 13355700000254 	35000084682 100350471368 3410415 	34996674267 3410415 0 0 0 	99105111 3410415 0 	455.96 	3 	148
13374800000000 13374900000254 	35200085190 100926548941 3432459 	35196652731 3432459 0 0 0 	99753652 3432459 0 	456.058 	3 	148
13394000000000 13394100000365 	35400085920 101502690526 3454013 	35396631907 3454013 0 0 0 	100380438 3454013 0 	456.14 	3 	148
13413200000000 13413300000365 	35600086650 102078827458 3475369 	35596611281 3475369 0 0 0 	101009253 3475369 0 	456.221 	3 	148
13432400000000 13432500000365 	35800087380 102654972764 3496409 	35796590971 3496409 0 0 0 	101622923 3496409 0 	456.301 	3 	148
13451600000000 13451700000365 	36000088110 103231204035 3517340 	35996570770 3517340 0 0 0 	102238094 3517340 0 	456.38 	3 	148
13470800000000 13470900000365 	36200088840 103807392412 3537817 	36196551023 3537817 0 0 0 	102838144 3537817 0 	456.458 	3 	148
13490000000000 13490100000368 	36400089576 104383618603 3558245 	36396531331 3558245 0 0 0 	103436037 3558245 0 	456.52 	3 	148
13509200000000 13509300000368 	36600090312 104959950227 3578449 	36596511863 3578449 0 0 0 	104033799 3578449 0 	456.581 	3 	148
13528400000000 13528500000368 	36800091048 105536292546 3598307 	36796492741 3598307 0 0 0 	104615687 3598307 0 	456.642 	3 	148
13547600000000 13547700000368 	37000091784 106112623702 3618011 	36996473773 3618011 0 0 0 	105192587 3618011 0 	456.702 	3 	148
13566800000000 13566900000368 	37200092520 106688932522 3637411 	37196455109 3637411 0 0 0 	105759773 3637411 0 	456.761 	3 	148
13586000000000 13586100000352 	37400093224 107265269846 3656472 	37396436752 3656472 0 0 0 	106316209 3656472 0 	456.799 	3 	148
13605200000000 13605300000352 	37600093928 107841683259 3675434 	37596418494 3675434 0 0 0 	106864645 3675434 0 	456.837 	3 	148
13624400000000 13624500000352 	37800094632 108418110395 3694075 	37796400557 3694075 0 0 0 	107407649 3694075 0 	456.874 	3 	148
13643600000000 13643700000352 	38000095336 108994556498 3712588 	37996382748 3712588 0 0 0 	107943700 3712588 0 	456.911 	3 	148
13662800000000 13662900000352 	38200096040 109571050547 3730714 	38196365326 3730714 0 0 0 	108474045 3730714 0 	456.948 	3 	148
13682000000000 13682100000120 	38400096280 110147542138 3748341 	38396347939 3748341 0 0 0 	108988176 3748341 0 	456.969 	3 	148
13701200000000 13701300000120 	38600096520 110724045569 3765698 	38596330822 3765698 0 0 0 	109502941 3765698 0 	456.989 	3 	148
13720400000000 13720500000120 	38800096760 111300572425 3783110 	38796313650 3783110 0 0 0 	110013827 3783110 0 	457.01 	3 	148
13739600000000 13739700000120 	39000097000 111877119210 3800302 	38996296698 3800302 0 0 0 	110511640 3800302 0 	457.03 	3 	148
13758800000000 13758900000120 	39200097240 112453751117 3817107 	39196280133 3817107 0 0 0 	110999613 3817107 0 	457.05 	3 	148
13778000000000 13778100000178 	39400097596 113030352017 3833932 	39396263664 3833932 0 0 0 	111493342 3833932 0 	457.055 	3 	148
13797200000000 13797300000178 	39600097952 113607034458 3850474 	39596247478 3850474 0 0 0 	111981113 3850474 0 	457.06 	3 	148
13816400000000 13816500000178 	39800098308 114183710711 3866948 	39796231360 3866948 0 0 0 	112458951 3866948 0 	457.064 	3 	148
13835600000000 13835700000178 	40000098664 114760437547 3883009 	39996215655 3883009 0 0 0 	112930483 3883009 0 	457.069 	3 	148
13854800000000 13854900000178 	40200099020 115337140970 3898767 	40196200253 3898767 0 0 0 	113393718 3898767 0 	457.074 	3 	148
13874000000000 13874100000355 	40400099730 115913841160 3914557 	40396185173 3914557 0 0 0 	113855239 3914557 0 	457.063 	3 	148
13893200000000 13893300000355 	40600100440 116490644426 3930097 	40596170343 3930097 0 0 0 	114305005 3930097 0 	457.053 	3 	148
13912400000000 13912500000355 	40800101150 117067393683 3945599 	40796155551 3945599 0 0 0 	114762717 3945599 0 	457.043 	3 	148
13931600000000 13931700000355 	41000101860 117644175810 3960827 	40996141033 3960827 0 0 0 	115210275 3960827 0 	457.033 	3 	148
13950800000000 13950900000355 	41200102570 118220931794 3975787 	41196126783 3975787 0 0 0 	115647275 3975787 0 	457.023 	3 	148
13970000000000 13970100000230 	41400103030 118797783171 3990436 	41396112594 3990436 0 0 0 	116077386 3990436 0 	456.994 	3 	148
13989200000000 13989300000230 	41600103490 119374724575 4005067 	41596098423 4005067 0 0 0 	116503839 4005067 0 	456.964 	3 	148
14008400000000 14008500000230 	41800103950 119951559792 4019562 	41796084388 4019562 0 0 0 	116925766 4019562 0 	456.936 	3 	148
14027600000000 14027700000230 	42000104410 120528447769 4033531 	41996070879 4033531 0 0 0 	117334072 4033531 0 	456.907 	3 	148
14046800000000 14046900000230 	42200104870 121105346654 4047669 	42196057201 4047669 0 0 0 	117750179 4047669 0 	456.879 	3 	148
14066000000000 14066100000320 	42400105510 121682327414 4061595 	42396043915 4061595 0 0 0 	118159940 4061595 0 	456.836 	3 	148
14085200000000 14085300000320 	42600106150 122259313160 4075089 	42596031061 4075089 0 0 0 	118556729 4075089 0 	456.794 	3 	148
14104400000000 14104500000320 	42800106790 122836368945 4088673 	42796018117 4088673 0 0 0 	118953308 4088673 0 	456.752 	3 	148
14123600000000 14123700000320 	43000107430 123413396490 4101936 	42996005494 4101936 0 0 0 	119346975 4101936 0 	456.71 	3 	148
14142800000000 14142900000320 	43200108070 123990471240 4115181 	43195992889 4115181 0 0 0 	119730815 4115181 0 	456.669 	3 	148
14162000000000 14162100000400 	43400108870 124567576697 4128199 	43395980671 4128199 0 0 0 	120115128 4128199 0 	456.614 	3 	148
14181200000000 14181300000400 	43600109670 125144715254 4141031 	43595968639 4141031 0 0 0 	120491495 4141031 0 	456.559 	3 	148
14200400000000 14200500000400 	43800110470 125721876351 4153794 	43795956676 4153794 0 0 0 	120862494 4153794 0 	456.505 	3 	148
14219600000000 14219700000400 	44000111270 126299072855 4166532 	43995944738 4166532 0 0 0 	121236110 4166532 0 	456.451 	3 	148
14238800000000 14238900000400 	44200112070 126876289845 4178890 	44195933180 4178890 0 0 0 	121599888 4178890 0 	456.398 	3 	148
14258000000000 14258100000290 	44400112650 127453575462 4191240 	44395921410 4191240 0 0 0 	121958202 4191240 0 	456.331 	3 	148
14277200000000 14277300000290 	44600113230 128030889450 4203287 	44595909943 4203287 0 0 0 	122305920 4203287 0 	456.265 	3 	148
14296400000000 14296500000290 	44800113810 128608190667 4215379 	44795898431 4215379 0 0 0 	122658439 4215379 0 	456.199 	3 	148
14315600000000 14315700000290 	45000114390 129185482357 4227083 	44995887307 4227083 0 0 0 	122998156 4227083 0 	456.134 	3 	148
14334800000000 14334900000290 	45200114970 129762821465 4238588 	45195876382 4238588 0 0 0 	123331416 4238588 0 	456.07 	3 	148
14354000000000 14354100000249 	45400115468 130340200896 4249821 	45395865647 4249821 0 0 0 	123661096 4249821 0 	455.991 	3 	148
14373200000000 14373300000249 	45600115966 130917616679 4260989 	45595854977 4260989 0 0 0 	123989610 4260989 0 	455.914 	3 	148
14392400000000 14392500000249 	45800116464 131495041071 4271916 	45795844548 4271916 0 0 0 	124307632 4271916 0 	455.837 	3 	148
14411600000000 14411700000249 	46000116962 132072442786 4282945 	45995834017 4282945 0 0 0 	124629419 4282945 0 	455.761 	3 	148
14430800000000 14430900000249 	46200117460 132649945263 4293771 	46195823689 4293771 0 0 0 	124946290 4293771 0 	455.686 	3 	148
14450000000000 14450100000088 	46400117636 133227436148 4304491 	46395813145 4304491 0 0 0 	125257166 4304491 0 	455.597 	3 	148
14469200000000 14469300000088 	46600117812 133804890155 4315027 	46595802785 4315027 0 0 0 	125566530 4315027 0 	455.51 	3 	148
14488400000000 14488500000088 	46800117988 134382428620 4325530 	46795792458 4325530 0 0 0 	125872398 4325530 0 	455.422 	3 	148
14507600000000 14507700000088 	47000118164 134959942912 4335778 	46995782386 4335778 0 0 0 	126171810 4335778 0 	455.336 	3 	148
14526800000000 14526900000088 	47200118340 135537527213 4346026 	47195772314 4346026 0 0 0 	126470574 4346026 0 	455.251 	3 	148
14546000000000 14546100000088 	47400118516 136115054676 4356172 	47395762344 4356172 0 0 0 	126764345 4356172 0 	455.166 	3 	148
14565200000000 14565300000110 	47600118736 136692626846 4366265 	47595752471 4366265 0 0 0 	127053721 4366265 0 	455.073 	3 	148
14584400000000 14584500000110 	47800118956 137270233040 4376025 	47795742931 4376025 0 0 0 	127339128 4376025 0 	454.98 	3 	148
14603600000000 14603700000110 	48000119176 137847925280 4385625 	47995733551 4385625 0 0 0 	127621046 4385625 0 	454.888 	3 	148
14622800000000 14622900000110 	48200119396 138425643091 4395150 	48195724246 4395150 0 0 0 	127898002 4395150 0 	454.798 	3 	148
14642000000000 14642100000110 	48400119616 139003351957 4404728 	48395714888 4404728 0 0 0 	128177732 4404728 0 	454.708 	3 	148
14661200000000 14661300000189 	48600119994 139581156880 4414014 	48595705980 4414014 0 0 0 	128448806 4414014 0 	454.605 	3 	148
14680400000000 14680500000189 	48800120372 140158930756 4423247 	48795697125 4423247 0 0 0 	128713616 4423247 0 	454.503 	3 	148
14699600000000 14699700000189 	49000120750 140736725703 4432398 	48995688352 4432398 0 0 0 	128977679 4432398 0 	454.402 	3 	148
14718800000000 14718900000189 	49200121128 141314492108 4441360 	49195679768 4441360 0 0 0 	129241915 4441360 0 	454.301 	3 	148
14738000000000 14738100000189 	49400121506 141892343882 4450035 	49395671471 4450035 0 0 0 	129499592 4450035 0 	454.202 	3 	148
14757200000000 14757300000060 	49600121626 142470205687 4458769 	49595662857 4458769 0 0 0 	129754467 4458769 0 	454.09 	3 	148
14776400000000 14776500000060 	49800121746 143048102673 4467234 	49795654512 4467234 0 0 0 	130008173 4467234 0 	453.979 	3 	148
14795600000000 14795700000060 	50000121866 143625985592 4475652 	49995646214 4475652 0 0 0 	130260324 4475652 0 	453.868 	3 	148
14814800000000 14814900000060 	50200121986 144203965728 4484125 	50195637861 4484125 0 0 0 	130510327 4484125 0 	453.759 	3 	148
14834000000000 14834100000060 	50400122106 144781943504 4492494 	50395629612 4492494 0 0 0 	130754737 4492494 0 	453.651 	3 	148
14853200000000 14853300000375 	50600122856 145359922364 4500683 	50595622173 4500683 0 0 0 	130998390 4500683 0 	453.53 	3 	148
14872400000000 14872500000375 	50800123606 145937910574 4508584 	50795615022 4508584 0 0 0 	131230052 4508584 0 	453.41 	3 	148
