10015300000000 10015400000152 	200000304 570596010 36306 	199963998 36306 0 0 0 	1054756 36306 0 	504 	3 	153
10034500000000 10034600000152 	400000608 1141303620 72228 	399928380 72228 0 0 0 	2105763 72228 0 	504 	3 	153
10053700000000 10053800000152 	600000912 1712044276 107146 	599893766 107146 0 0 0 	3110523 107146 0 	504 	3 	153
10072900000000 10073000000152 	800001216 2282801968 141899 	799859317 141899 0 0 0 	4113443 141899 0 	504 	3 	153
10092100000000 10092200000000 	1000001216 2853611892 175840 	999825376 175840 0 0 0 	5092813 175840 0 	503.195 	3 	153
10111300000000 10111400000000 	1200001216 3424452682 209483 	1199791733 209483 0 0 0 	6065475 209483 0 	502.66 	3 	153
10130500000000 10130600000000 	1400001216 3995371711 242280 	1399758936 242280 0 0 0 	7009228 242280 0 	502.278 	3 	153
10149700000000 10149800000000 	1600001216 4566301592 274574 	1599726642 274574 0 0 0 	7951370 274574 0 	501.992 	3 	153
10168900000000 10169000000048 	1800001312 5137184134 306281 	1799695031 306281 0 0 0 	8874989 306281 0 	501.319 	3 	153
10188100000000 10188200000048 	2000001408 5708156514 337712 	1999663696 337712 0 0 0 	9789103 337712 0 	500.782 	3 	153
10207300000000 10207400000048 	2200001504 6279139403 368542 	2199632962 368542 0 0 0 	10685871 368542 0 	500.344 	3 	153
10226500000000 10226600000048 	2400001600 6850141413 399019 	2399602581 399019 0 0 0 	11573182 399019 0 	499.979 	3 	153
10245700000000 10245800000476 	2600002552 7421265548 429025 	2599573527 429025 0 0 0 	12446574 429025 0 	499.356 	3 	153
10264900000000 10265000000476 	2800003504 7992399104 458830 	2799544674 458830 0 0 0 	13310806 458830 0 	498.823 	3 	153
10284100000000 10284200000476 	3000004456 8563514630 487895 	2999516561 487895 0 0 0 	14151530 487895 0 	498.362 	3 	153
10303300000000 10303400000476 	3200005408 9134689479 516292 	3199489116 516292 0 0 0 	14980687 516292 0 	497.96 	3 	153
10322500000000 10322600000011 	3400005430 9705817524 544349 	3399461081 544349 0 0 0 	15787725 544349 0 	497.424 	3 	153
10341700000000 10341800000011 	3600005452 10277094454 571963 	3599433489 571963 0 0 0 	16596731 571963 0 	496.948 	3 	153
10360900000000 10361000000011 	3800005474 10848390702 599408 	3799406066 599408 0 0 0 	17391668 599408 0 	496.523 	3 	153
10380100000000 10380200000011 	4000005496 11419662596 626162 	3999379334 626162 0 0 0 	18162682 626162 0 	496.142 	3 	153
10399300000000 10399400000210 	4200005916 11990963353 652510 	4199353406 652510 0 0 0 	18920293 652510 0 	495.6 	3 	153
10418500000000 10418600000210 	4400006336 12562328907 678584 	4399327752 678584 0 0 0 	19675403 678584 0 	495.108 	3 	153
10437700000000 10437800000210 	4600006756 13133670208 703973 	4599302783 703973 0 0 0 	20412708 703973 0 	494.659 	3 	153
10456900000000 10457000000210 	4800007176 13705075809 729163 	4799278013 729163 0 0 0 	21141980 729163 0 	494.249 	3 	153
10476100000000 10476200000381 	5000007938 14276460558 753593 	4999254345 753593 0 0 0 	21841159 753593 0 	493.705 	3 	153
10495300000000 10495400000381 	5200008700 14847956155 777786 	5199230914 777786 0 0 0 	22528763 777786 0 	493.204 	3 	153
10514500000000 10514600000381 	5400009462 15419461953 801587 	5399207875 801587 0 0 0 	23219900 801587 0 	492.741 	3 	153
10533700000000 10533800000381 	5600010224 15991017940 825072 	5599185152 825072 0 0 0 	23900972 825072 0 	492.312 	3 	153
10552900000000 10553000000468 	5800011160 16562610789 848268 	5799162892 848268 0 0 0 	24578246 848268 0 	491.804 	3 	153
10572100000000 10572200000468 	6000012096 17134209876 870759 	5999141337 870759 0 0 0 	25227142 870759 0 	491.331 	3 	153
10591300000000 10591400000468 	6200013032 17705865631 893213 	6199119819 893213 0 0 0 	25878898 893213 0 	490.89 	3 	153
10610500000000 10610600000468 	6400013968 18277517064 915225 	6399098743 915225 0 0 0 	26515741 915225 0 	490.476 	3 	153
10629700000000 10629800000254 	6600014476 18849177966 936889 	6599077587 936889 0 0 0 	27144549 936889 0 	489.96 	3 	153
10648900000000 10649000000254 	6800014984 19420932407 958276 	6799056708 958276 0 0 0 	27760312 958276 0 	489.476 	3 	153
10668100000000 10668200000254 	7000015492 19992673091 978966 	6999036526 978966 0 0 0 	28360595 978966 0 	489.019 	3 	153
10687300000000 10687400000254 	7200016000 20564407690 999599 	7199016401 999599 0 0 0 	28960547 999599 0 	488.589 	3 	153
10706500000000 10706600000365 	7400016730 21136213885 1019774 	7398996956 1019774 0 0 0 	29542003 1019774 0 	488.097 	3 	153
10725700000000 10725800000365 	7600017460 21708098461 1039846 	7598977614 1039846 0 0 0 	30122679 1039846 0 	487.631 	3 	153
10744900000000 10745000000365 	7800018190 22279968292 1059461 	7798958729 1059461 0 0 0 	30690963 1059461 0 	487.19 	3 	153
10764100000000 10764200000365 	8000018920 22851900468 1078607 	7998940313 1078607 0 0 0 	31249637 1078607 0 	486.771 	3 	153
10783300000000 10783400000365 	8200019650 23423891162 1097469 	8198922181 1097469 0 0 0 	31795667 1097469 0 	486.374 	3 	153
10802500000000 10802600000368 	8400020386 23995891105 1116102 	8398904284 1116102 0 0 0 	32335627 1116102 0 	485.92 	3 	153
10821700000000 10821800000368 	8600021122 24567884134 1134502 	8598886620 1134502 0 0 0 	32871629 1134502 0 	485.488 	3 	153
10840900000000 10841000000368 	8800021858 25139978569 1152688 	8798869170 1152688 0 0 0 	33397663 1152688 0 	485.076 	3 	153
10860100000000 10860200000368 	9000022594 25712077699 1170601 	8998851993 1170601 0 0 0 	33913084 1170601 0 	484.683 	3 	153
10879300000000 10879400000352 	9200023298 26284197192 1188194 	9198835104 1188194 0 0 0 	34422045 1188194 0 	484.214 	3 	153
10898500000000 10898600000352 	9400024002 26856374399 1205323 	9398818679 1205323 0 0 0 	34912602 1205323 0 	483.765 	3 	153
10917700000000 10917800000352 	9600024706 27428552865 1222150 	9598802556 1222150 0 0 0 	35401327 1222150 0 	483.336 	3 	153
10936900000000 10937000000352 	9800025410 28000728646 1238789 	9798786621 1238789 0 0 0 	35880383 1238789 0 	482.925 	3 	153
10956100000000 10956200000120 	10000025650 28572901671 1255196 	9998770454 1255196 0 0 0 	36354892 1255196 0 	482.467 	3 	153
10975300000000 10975400000120 	10200025890 29145205575 1271159 	10198754731 1271159 0 0 0 	36817733 1271159 0 	482.026 	3 	153
10994500000000 10994600000120 	10400026130 29717538096 1287080 	10398739050 1287080 0 0 0 	37282620 1287080 0 	481.604 	3 	153
11013700000000 11013800000120 	10600026370 30289886665 1302800 	10598723570 1302800 0 0 0 	37732364 1302800 0 	481.198 	3 	153
11032900000000 11033000000178 	10800026726 30862201594 1317928 	10798708798 1317928 0 0 0 	38169841 1317928 0 	480.747 	3 	153
11052100000000 11052200000178 	11000027082 31434643540 1332999 	10998694083 1332999 0 0 0 	38602344 1332999 0 	480.314 	3 	153
11071300000000 11071400000178 	11200027438 32007001424 1347828 	11198679610 1347828 0 0 0 	39029506 1347828 0 	479.896 	3 	153
11090500000000 11090600000178 	11400027794 32579464333 1362283 	11398665511 1362283 0 0 0 	39448331 1362283 0 	479.494 	3 	153
11109700000000 11109800000355 	11600028504 33151924163 1376557 	11598651947 1376557 0 0 0 	39865114 1376557 0 	479.049 	3 	153
11128900000000 11129000000355 	11800029214 33724419401 1390669 	11798638545 1390669 0 0 0 	40273828 1390669 0 	478.62 	3 	153
11148100000000 11148200000355 	12000029924 34296962292 1404797 	11998625127 1404797 0 0 0 	40682551 1404797 0 	478.207 	3 	153
11167300000000 11167400000355 	12200030634 34869513955 1418690 	12198611944 1418690 0 0 0 	41088426 1418690 0 	477.807 	3 	153
11186500000000 11186600000230 	12400031094 35442127175 1432268 	12398598826 1432268 0 0 0 	41487608 1432268 0 	477.35 	3 	153
11205700000000 11205800000230 	12600031554 36014738549 1445474 	12598586080 1445474 0 0 0 	41879116 1445474 0 	476.907 	3 	153
11224900000000 11225000000230 	12800032014 36587406972 1458479 	12798573535 1458479 0 0 0 	42250777 1458479 0 	476.48 	3 	153
11244100000000 11244200000230 	13000032474 37160122170 1471329 	12998561145 1471329 0 0 0 	42625592 1471329 0 	476.066 	3 	153
11263300000000 11263400000320 	13200033114 37732842944 1484061 	13198549053 1484061 0 0 0 	42996350 1484061 0 	475.614 	3 	153
11282500000000 11282600000320 	13400033754 38305598936 1496538 	13398537216 1496538 0 0 0 	43363660 1496538 0 	475.177 	3 	153
11301700000000 11301800000320 	13600034394 38878401490 1508728 	13598525666 1508728 0 0 0 	43719959 1508728 0 	474.754 	3 	153
11320900000000 11321000000320 	13800035034 39451174824 1520846 	13798514188 1520846 0 0 0 	44074479 1520846 0 	474.343 	3 	153
11340100000000 11340200000400 	14000035834 40024046728 1532791 	13998503043 1532791 0 0 0 	44421338 1532791 0 	473.897 	3 	153
11359300000000 11359400000400 	14200036634 40596863551 1544362 	14198492272 1544362 0 0 0 	44759533 1544362 0 	473.464 	3 	153
11378500000000 11378600000400 	14400037434 41169772520 1555960 	14398481474 1555960 0 0 0 	45100823 1555960 0 	473.044 	3 	153
11397700000000 11397800000400 	14600038234 41742746284 1567275 	14598470959 1567275 0 0 0 	45430481 1567275 0 	472.635 	3 	153
11416900000000 11417000000290 	14800038814 42315667332 1578538 	14798460276 1578538 0 0 0 	45762209 1578538 0 	472.193 	3 	153
11436100000000 11436200000290 	15000039394 42888640236 1589415 	14998449979 1589415 0 0 0 	46074815 1589415 0 	471.764 	3 	153
11455300000000 11455400000290 	15200039974 43461676692 1600470 	15198439504 1600470 0 0 0 	46401575 1600470 0 	471.346 	3 	153
11474500000000 11474600000290 	15400040554 44034873425 1611015 	15398429539 1611015 0 0 0 	46709603 1611015 0 	470.94 	3 	153
11493700000000 11493800000249 	15600041052 44608006254 1621583 	15598419469 1621583 0 0 0 	47018478 1621583 0 	470.501 	3 	153
11512900000000 11513000000249 	15800041550 45181173415 1631984 	15798409566 1631984 0 0 0 	47318987 1631984 0 	470.074 	3 	153
11532100000000 11532200000249 	16000042048 45754347915 1642218 	15998399830 1642218 0 0 0 	47612322 1642218 0 	469.658 	3 	153
11551300000000 11551400000249 	16200042546 46327531954 1652206 	16198390340 1652206 0 0 0 	47904339 1652206 0 	469.254 	3 	153
11570500000000 11570600000088 	16400042722 46900758175 1662017 	16398380705 1662017 0 0 0 	48190514 1662017 0 	468.818 	3 	153
11589700000000 11589800000088 	16600042898 47474022778 1671574 	16598371324 1671574 0 0 0 	48470655 1671574 0 	468.393 	3 	153
11608900000000 11609000000088 	16800043074 48047268567 1681195 	16798361879 1681195 0 0 0 	48749585 1681195 0 	467.979 	3 	153
11628100000000 11628200000088 	17000043250 48620574466 1690552 	16998352698 1690552 0 0 0 	49021438 1690552 0 	467.576 	3 	153
11647300000000 11647400000110 	17200043470 49193935165 1699670 	17198343800 1699670 0 0 0 	49289454 1699670 0 	467.155 	3 	153
11666500000000 11666600000110 	17400043690 49767419716 1708795 	17398334895 1708795 0 0 0 	49551904 1708795 0 	466.746 	3 	153
11685700000000 11685800000110 	17600043910 50340832422 1717653 	17598326257 1717653 0 0 0 	49812209 1717653 0 	466.346 	3 	153
11704900000000 11705000000110 	17800044130 50914310755 1726304 	17798317826 1726304 0 0 0 	50060865 1726304 0 	465.956 	3 	153
11724100000000 11724200000189 	18000044508 51487739520 1734953 	17998309555 1734953 0 0 0 	50307916 1734953 0 	465.536 	3 	153
11743300000000 11743400000189 	18200044886 52061240331 1743265 	18198301621 1743265 0 0 0 	50553525 1743265 0 	465.126 	3 	153
11762500000000 11762600000100 	18400045086 52634778976 1747392 	18398297694 1747392 0 0 0 	50677120 1747392 0 	464.363 	3 	153
11781700000000 11781800000100 	18600045286 53208340844 1751559 	18598293727 1751559 0 0 0 	50796816 1751559 0 	463.618 	3 	153
11800900000000 11801000000314 	18800045914 53781899185 1755592 	18798290322 1755592 0 0 0 	50910710 1755592 0 	462.863 	3 	153
11820100000000 11820200000314 	19000046542 54355516894 1759593 	18998286949 1759593 0 0 0 	51030552 1759593 0 	462.127 	3 	153
11839300000000 11839400000314 	19200047170 54929160844 1763611 	19198283559 1763611 0 0 0 	51149744 1763611 0 	461.408 	3 	153
11858500000000 11858600000173 	19400047516 55502837608 1767407 	19398280109 1767407 0 0 0 	51259254 1767407 0 	460.665 	3 	153
11877700000000 11877800000173 	19600047862 56076414546 1771256 	19598276606 1771256 0 0 0 	51374704 1771256 0 	459.94 	3 	153
11896900000000 11897000000173 	19800048208 56650125110 1774979 	19798273229 1774979 0 0 0 	51483515 1774979 0 	459.231 	3 	153
11916100000000 11916200000173 	20000048554 57223882442 1778633 	19998269921 1778633 0 0 0 	51589018 1778633 0 	458.539 	3 	153
11935300000000 11935400000330 	20200049214 57797650200 1782286 	20198266928 1782286 0 0 0 	51696929 1782286 0 	457.836 	3 	153
11954500000000 11954600000330 	20400049874 58371487591 1785816 	20398264058 1785816 0 0 0 	51800076 1785816 0 	457.15 	3 	153
11973700000000 11973800000330 	20600050534 58945377341 1789269 	20598261265 1789269 0 0 0 	51898986 1789269 0 	456.478 	3 	153
11992900000000 11993000000330 	20800051194 59519261658 1792673 	20798258521 1792673 0 0 0 	51996927 1792673 0 	455.821 	3 	153
12012100000000 12012200000352 	21000051898 60093168866 1795969 	20998255929 1795969 0 0 0 	52092815 1795969 0 	455.141 	3 	153
12031300000000 12031400000352 	21200052602 60667055277 1799210 	21198253392 1799210 0 0 0 	52186598 1799210 0 	454.476 	3 	153
12050500000000 12050600000352 	21400053306 61240983833 1802440 	21398250866 1802440 0 0 0 	52281374 1802440 0 	453.825 	3 	153
12069700000000 12069800000352 	21600054010 61814951636 1805602 	21598248408 1805602 0 0 0 	52370264 1805602 0 	453.188 	3 	153
12088900000000 12089000000376 	21800054762 62388959562 1808750 	21798246012 1808750 0 0 0 	52462038 1808750 0 	452.54 	3 	153
12108100000000 12108200000376 	22000055514 62962989722 1811810 	21998243704 1811810 0 0 0 	52549079 1811810 0 	451.905 	3 	153
12127300000000 12127400000376 	22200056266 63537000710 1814752 	22198241514 1814752 0 0 0 	52630899 1814752 0 	451.284 	3 	153
12146500000000 12146600000290 	22400056846 64111035116 1817757 	22398239089 1817757 0 0 0 	52717359 1817757 0 	450.652 	3 	153
12165700000000 12165800000290 	22600057426 64685221760 1820653 	22598236773 1820653 0 0 0 	52801246 1820653 0 	450.032 	3 	153
12184900000000 12185000000290 	22800058006 65259430649 1823489 	22798234517 1823489 0 0 0 	52883306 1823489 0 	449.425 	3 	153
12204100000000 12204200000290 	23000058586 65833694127 1826400 	22998232186 1826400 0 0 0 	52967525 1826400 0 	448.831 	3 	153
12223300000000 12223400000026 	23200058638 66407883274 1829091 	23198229547 1829091 0 0 0 	53047875 1829091 0 	448.213 	3 	153
12242500000000 12242600000026 	23400058690 66982104662 1831824 	23398226866 1831824 0 0 0 	53127138 1831824 0 	447.608 	3 	153
12261700000000 12261800000026 	23600058742 67556359277 1834495 	23598224247 1834495 0 0 0 	53203102 1834495 0 	447.015 	3 	153
12280900000000 12281000000026 	23800058794 68130713895 1837090 	23798221704 1837090 0 0 0 	53283516 1837090 0 	446.433 	3 	153
12300100000000 12300200000285 	24000059364 68705069527 1839705 	23998219659 1839705 0 0 0 	53356886 1839705 0 	445.84 	3 	153
12319300000000 12319400000285 	24200059934 69279461759 1842363 	24198217571 1842363 0 0 0 	53435550 1842363 0 	445.259 	3 	153
12338500000000 12338600000285 	24400060504 69853829841 1844856 	24398215648 1844856 0 0 0 	53509390 1844856 0 	444.688 	3 	153
12357700000000 12357800000285 	24600061074 70428217696 1847278 	24598213796 1847278 0 0 0 	53580430 1847278 0 	444.129 	3 	153
12376900000000 12377000000151 	24800061376 71002670954 1849745 	24798211631 1849745 0 0 0 	53650014 1849745 0 	443.558 	3 	153
12396100000000 12396200000151 	25000061678 71577134146 1852182 	24998209496 1852182 0 0 0 	53720854 1852182 0 	442.997 	3 	153
12415300000000 12415400000308 	25200062294 72151919421 1894050 	25198168244 1894050 0 0 0 	54938957 1894050 0 	443.448 	3 	153
12434500000000 12434600000308 	25400062910 72726851969 1935727 	25398127183 1935727 0 0 0 	56161792 1935727 0 	443.892 	3 	153
12453700000000 12453800000308 	25600063526 73301735804 1976604 	25598086922 1976604 0 0 0 	57339537 1976604 0 	444.33 	3 	153
12472900000000 12473000000308 	25800064142 73876651848 2017068 	25798047074 2017068 0 0 0 	58522191 2017068 0 	444.762 	3 	153
12492100000000 12492200000308 	26000064758 74451589051 2056563 	25998008195 2056563 0 0 0 	59669257 2056563 0 	445.188 	3 	153
12511300000000 12511400000152 	26200065062 75026542261 2096097 	26197968965 2096097 0 0 0 	60819302 2096097 0 	445.585 	3 	153
12530500000000 12530600000152 	26400065366 75601517671 2134576 	26397930790 2134576 0 0 0 	61938528 2134576 0 	445.977 	3 	153
12549700000000 12549800000152 	26600065670 76176494019 2172819 	26597892851 2172819 0 0 0 	63058572 2172819 0 	446.363 	3 	153
12568900000000 12569000000152 	26800065974 76751548090 2210663 	26797855311 2210663 0 0 0 	64163323 2210663 0 	446.744 	3 	153
12588100000000 12588200000152 	27000066278 77326604366 2248041 	26997818237 2248041 0 0 0 	65242536 2248041 0 	447.121 	3 	153
12607300000000 12607400000000 	27200066278 77901724222 2284803 	27197781475 2284803 0 0 0 	66316411 2284803 0 	447.469 	3 	153
12626500000000 12626600000000 	27400066278 78476814158 2320955 	27397745323 2320955 0 0 0 	67378596 2320955 0 	447.812 	3 	153
12645700000000 12645800000000 	27600066278 79051949743 2356687 	27597709591 2356687 0 0 0 	68425636 2356687 0 	448.151 	3 	153
12664900000000 12665000000000 	27800066278 79627105916 2392028 	27797674250 2392028 0 0 0 	69451020 2392028 0 	448.486 	3 	153
12684100000000 12684200000000 	28000066278 80202321976 2427111 	27997639167 2427111 0 0 0 	70476169 2427111 0 	448.816 	3 	153
12703300000000 12703400000000 	28200066278 80777560287 2461591 	28197604687 2461591 0 0 0 	71488780 2461591 0 	449.142 	3 	153
12722500000000 12722600000048 	28400066374 81352755809 2495431 	28397570943 2495431 0 0 0 	72482276 2495431 0 	449.441 	3 	153
12741700000000 12741800000048 	28600066470 81928011724 2528862 	28597537608 2528862 0 0 0 	73459661 2528862 0 	449.736 	3 	153
12760900000000 12761000000048 	28800066566 82503346330 2561901 	28797504665 2561901 0 0 0 	74423003 2561901 0 	450.028 	3 	153
12780100000000 12780200000048 	29000066662 83078603437 2594371 	28997472291 2594371 0 0 0 	75360542 2594371 0 	450.316 	3 	153
12799300000000 12799400000048 	29200066758 83653950675 2626752 	29197440006 2626752 0 0 0 	76312354 2626752 0 	450.6 	3 	153
12818500000000 12818600000476 	29400067710 84229360377 2658738 	29397408972 2658738 0 0 0 	77248454 2658738 0 	450.858 	3 	153
12837700000000 12837800000476 	29600068662 84804728926 2690336 	29597378326 2690336 0 0 0 	78171614 2690336 0 	451.113 	3 	153
12856900000000 12857000000476 	29800069614 85380079502 2721240 	29797348374 2721240 0 0 0 	79075649 2721240 0 	451.365 	3 	153
12876100000000 12876200000476 	30000070566 85955544106 2751486 	29997319080 2751486 0 0 0 	79963056 2751486 0 	451.613 	3 	153
12895300000000 12895400000476 	30200071518 86530985171 2781467 	30197290051 2781467 0 0 0 	80834782 2781467 0 	451.859 	3 	153
12914500000000 12914600000011 	30400071540 87106436420 2811245 	30397260295 2811245 0 0 0 	81711974 2811245 0 	452.085 	3 	153
12933700000000 12933800000011 	30600071562 87681900685 2840618 	30597230944 2840618 0 0 0 	82564741 2840618 0 	452.308 	3 	153
12952900000000 12953000000011 	30800071584 88257482104 2869872 	30797201712 2869872 0 0 0 	83410123 2869872 0 	452.528 	3 	153
12972100000000 12972200000011 	31000071606 88833049064 2898273 	30997173333 2898273 0 0 0 	84231264 2898273 0 	452.746 	3 	153
12991300000000 12991400000011 	31200071628 89408589747 2926742 	31197144886 2926742 0 0 0 	85063380 2926742 0 	452.962 	3 	153
13010500000000 13010600000210 	31400072048 89984265947 2954658 	31397117390 2954658 0 0 0 	85885568 2954658 0 	453.152 	3 	153
13029700000000 13029800000210 	31600072468 90559929094 2982488 	31597089980 2982488 0 0 0 	86697836 2982488 0 	453.341 	3 	153
13048900000000 13049000000210 	31800072888 91135552840 3009997 	31797062891 3009997 0 0 0 	87505660 3009997 0 	453.527 	3 	153
13068100000000 13068200000210 	32000073308 91711217733 3036976 	31997036332 3036976 0 0 0 	88292662 3036976 0 	453.711 	3 	153
13087300000000 13087400000210 	32200073728 92286896183 3063454 	32197010274 3063454 0 0 0 	89069611 3063454 0 	453.893 	3 	153
13106500000000 13106600000381 	32400074490 92862635712 3089611 	32396984879 3089611 0 0 0 	89832559 3089611 0 	454.051 	3 	153
13125700000000 13125800000381 	32600075252 93438406003 3115726 	32596959526 3115726 0 0 0 	90600112 3115726 0 	454.207 	3 	153
13144900000000 13145000000381 	32800076014 94014186978 3141049 	32796934965 3141049 0 0 0 	91338103 3141049 0 	454.361 	3 	153
13164100000000 13164200000381 	33000076776 94589961256 3166327 	32996910449 3166327 0 0 0 	92079205 3166327 0 	454.514 	3 	153
13183300000000 13183400000381 	33200077538 95165753402 3191238 	33196886300 3191238 0 0 0 	92805796 3191238 0 	454.664 	3 	153
13202500000000 13202600000468 	33400078474 95741613633 3216153 	33396862321 3216153 0 0 0 	93531341 3216153 0 	454.797 	3 	153
13221700000000 13221800000468 	33600079410 96317450087 3240380 	33596839030 3240380 0 0 0 	94243193 3240380 0 	454.929 	3 	153
13240900000000 13241000000468 	33800080346 96893363065 3264497 	33796815849 3264497 0 0 0 	94947738 3264497 0 	455.059 	3 	153
13260100000000 13260200000468 	34000081282 97469315377 3288264 	33996793018 3288264 0 0 0 	95639313 3288264 0 	455.187 	3 	153
13279300000000 13279400000468 	34200082218 98045233143 3311630 	34196770588 3311630 0 0 0 	96325784 3311630 0 	455.314 	3 	153
13298500000000 13298600000254 	34400082726 98621247254 3334969 	34396747757 3334969 0 0 0 	97007794 3334969 0 	455.419 	3 	153
13317700000000 13317800000254 	34600083234 99197274602 3357905 	34596725329 3357905 0 0 0 	97675762 3357905 0 	455.522 	3 	153
13336900000000 13337000000254 	34800083742 99773278299 3380288 	34796703454 3380288 0 0 0 	98335446 3380288 0 	455.624 	3 	153
13356100000000 13356200000254 	35000084250 100349365168 3402447 	34996681803 3402447 0 0 0 	98981578 3402447 0 	455.725 	3 	153
13375300000000 13375400000254 	35200084758 100925457198 3424512 	35196660246 3424512 0 0 0 	99632468 3424512 0 	455.825 	3 	153
13394500000000 13394600000365 	35400085488 101501563573 3446316 	35396639172 3446316 0 0 0 	100271777 3446316 0 	455.908 	3 	153
13413700000000 13413800000365 	35600086218 102077720005 3467836 	35596618382 3467836 0 0 0 	100904342 3467836 0 	455.99 	3 	153
13432900000000 13433000000365 	35800086948 102653905037 3488983 	35796597965 3488983 0 0 0 	101529189 3488983 0 	456.071 	3 	153
13452100000000 13452200000365 	36000087678 103230113228 3510023 	35996577655 3510023 0 0 0 	102143765 3510023 0 	456.152 	3 	153
13471300000000 13471400000365 	36200088408 103806281199 3530363 	36196558045 3530363 0 0 0 	102735012 3530363 0 	456.231 	3 	153
13490500000000 13490600000368 	36400089144 104382514451 3550881 	36396538263 3550881 0 0 0 	103334030 3550881 0 	456.294 	3 	153
13509700000000 13509800000368 	36600089880 104958771171 3570801 	36596519079 3570801 0 0 0 	103918247 3570801 0 	456.356 	3 	153
13528900000000 13529000000368 	36800090616 105535087780 3590529 	36796500087 3590529 0 0 0 	104487543 3590529 0 	456.418 	3 	153
13548100000000 13548200000368 	37000091352 106111388919 3610132 	36996481220 3610132 0 0 0 	105059764 3610132 0 	456.479 	3 	153
13567300000000 13567400000368 	37200092088 106687688206 3629441 	37196462647 3629441 0 0 0 	105628049 3629441 0 	456.54 	3 	153
13586500000000 13586600000352 	37400092792 107263982459 3648529 	37396444263 3648529 0 0 0 	106181694 3648529 0 	456.579 	3 	153
13605700000000 13605800000352 	37600093496 107840354057 3667342 	37596426154 3667342 0 0 0 	106727734 3667342 0 	456.618 	3 	153
13624900000000 13625000000352 	37800094200 108416780203 3685738 	37796408462 3685738 0 0 0 	107264504 3685738 0 	456.656 	3 	153
13644100000000 13644200000352 	38000094904 108993192911 3704035 	37996390869 3704035 0 0 0 	107791666 3704035 0 	456.694 	3 	153
13663300000000 13663400000352 	38200095608 109569678722 3722076 	38196373532 3722076 0 0 0 	108316650 3722076 0 	456.732 	3 	153
13682500000000 13682600000120 	38400095848 110146095512 3740064 	38396355784 3740064 0 0 0 	108843001 3740064 0 	456.754 	3 	153
13701700000000 13701800000120 	38600096088 110722530570 3757531 	38596338557 3757531 0 0 0 	109356338 3757531 0 	456.776 	3 	153
13720900000000 13721000000120 	38800096328 111299091150 3774930 	38796321398 3774930 0 0 0 	109862784 3774930 0 	456.797 	3 	153
13740100000000 13740200000120 	39000096568 111875661560 3792343 	38996304225 3792343 0 0 0 	110374199 3792343 0 	456.819 	3 	153
13759300000000 13759400000120 	39200096808 112452258492 3809267 	39196287541 3809267 0 0 0 	110872970 3809267 0 	456.84 	3 	153
13778500000000 13778600000178 	39400097164 113028907042 3825725 	39396271439 3825725 0 0 0 	111353377 3825725 0 	456.846 	3 	153
13797700000000 13797800000178 	39600097520 113605546366 3842175 	39596255345 3842175 0 0 0 	111834736 3842175 0 	456.851 	3 	153
13816900000000 13817000000178 	39800097876 114182201481 3858459 	39796239417 3858459 0 0 0 	112312124 3858459 0 	456.857 	3 	153
13836100000000 13836200000178 	40000098232 114758921031 3874396 	39996223836 3874396 0 0 0 	112774248 3874396 0 	456.863 	3 	153
13855300000000 13855400000178 	40200098588 115335672531 3890318 	40196208270 3890318 0 0 0 	113242869 3890318 0 	456.869 	3 	153
13874500000000 13874600000355 	40400099298 115912392783 3906101 	40396193197 3906101 0 0 0 	113708047 3906101 0 	456.859 	3 	153
13893700000000 13893800000355 	40600100008 116489165975 3921627 	40596178381 3921627 0 0 0 	114161421 3921627 0 	456.85 	3 	153
13912900000000 13913000000355 	40800100718 117065926329 3936879 	40796163839 3936879 0 0 0 	114607151 3936879 0 	456.841 	3 	153
13932100000000 13932200000355 	41000101428 117642782847 3951959 	40996149469 3951959 0 0 0 	115048536 3951959 0 	456.832 	3 	153
13951300000000 13951400000355 	41200102138 118219652507 3967180 	41196134958 3967180 0 0 0 	115492445 3967180 0 	456.823 	3 	153
13970500000000 13970600000230 	41400102598 118796557359 3982035 	41396120563 3982035 0 0 0 	115928669 3982035 0 	456.794 	3 	153
13989700000000 13989800000230 	41600103058 119373400908 3996551 	41596106507 3996551 0 0 0 	116354085 3996551 0 	456.766 	3 	153
14008900000000 14009000000230 	41800103518 119950297379 4010896 	41796092622 4010896 0 0 0 	116774217 4010896 0 	456.738 	3 	153
14028100000000 14028200000230 	42000103978 120527218011 4025162 	41996078816 4025162 0 0 0 	117196874 4025162 0 	456.711 	3 	153
14047300000000 14047400000230 	42200104438 121104147091 4039008 	42196065430 4039008 0 0 0 	117600336 4039008 0 	456.683 	3 	153
14066500000000 14066600000320 	42400105078 121681130956 4052856 	42396052222 4052856 0 0 0 	118010578 4052856 0 	456.642 	3 	153
14085700000000 14085800000320 	42600105718 122258160028 4066496 	42596039222 4066496 0 0 0 	118406378 4066496 0 	456.6 	3 	153
14104900000000 14105000000320 	42800106358 122835158518 4079976 	42796026382 4079976 0 0 0 	118799176 4079976 0 	456.559 	3 	153
14124100000000 14124200000320 	43000106998 123412197610 4093322 	42996013676 4093322 0 0 0 	119189095 4093322 0 	456.519 	3 	153
14143300000000 14143400000320 	43200107638 123989213424 4106652 	43196000986 4106652 0 0 0 	119577904 4106652 0 	456.478 	3 	153
14162500000000 14162600000400 	43400108438 124566308755 4119581 	43395988857 4119581 0 0 0 	119956325 4119581 0 	456.424 	3 	153
14181700000000 14181800000400 	43600109238 125143461388 4132369 	43595976869 4132369 0 0 0 	120328154 4132369 0 	456.37 	3 	153
14200900000000 14201000000400 	43800110038 125720643117 4145017 	43795965021 4145017 0 0 0 	120703169 4145017 0 	456.317 	3 	153
14220100000000 14220200000400 	44000110838 126297860326 4157460 	43995953378 4157460 0 0 0 	121063221 4157460 0 	456.264 	3 	153
14239300000000 14239400000400 	44200111638 126875062252 4169733 	44195941905 4169733 0 0 0 	121422450 4169733 0 	456.212 	3 	153
14258500000000 14258600000290 	44400112218 127452285111 4181994 	44395930224 4181994 0 0 0 	121781678 4181994 0 	456.146 	3 	153
14277700000000 14277800000290 	44600112798 128029563084 4193968 	44595918830 4193968 0 0 0 	122127407 4193968 0 	456.081 	3 	153
14296900000000 14297000000290 	44800113378 128606818883 4205646 	44795907732 4205646 0 0 0 	122471730 4205646 0 	456.016 	3 	153
14316100000000 14316200000290 	45000113958 129184103310 4217359 	44995896599 4217359 0 0 0 	122811344 4217359 0 	455.952 	3 	153
14335300000000 14335400000290 	45200114538 129761450471 4228772 	45195885766 4228772 0 0 0 	123147533 4228772 0 	455.888 	3 	153
14354500000000 14354600000249 	45400115036 130338768728 4240331 	45395874705 4240331 0 0 0 	123485067 4240331 0 	455.811 	3 	153
14373700000000 14373800000249 	45600115534 130916105634 4251544 	45595863990 4251544 0 0 0 	123812548 4251544 0 	455.734 	3 	153
14392900000000 14393000000249 	45800116032 131493472130 4262600 	45795853432 4262600 0 0 0 	124133852 4262600 0 	455.658 	3 	153
14412100000000 14412200000249 	46000116530 132070978718 4273722 	45995842808 4273722 0 0 0 	124454866 4273722 0 	455.583 	3 	153
14431300000000 14431400000249 	46200117028 132648468527 4284666 	46195832362 4284666 0 0 0 	124772693 4284666 0 	455.509 	3 	153
14450500000000 14450600000088 	46400117204 133225940597 4295112 	46395822092 4295112 0 0 0 	125076342 4295112 0 	455.421 	3 	153
14469700000000 14469800000088 	46600117380 133803425020 4305637 	46595811743 4305637 0 0 0 	125381531 4305637 0 	455.334 	3 	153
14488900000000 14489000000088 	46800117556 134380932171 4316149 	46795801407 4316149 0 0 0 	125691803 4316149 0 	455.247 	3 	153
14508100000000 14508200000088 	47000117732 134958517330 4326361 	46995791371 4326361 0 0 0 	125994765 4326361 0 	455.162 	3 	153
14527300000000 14527400000088 	47200117908 135536092618 4336378 	47195781530 4336378 0 0 0 	126286610 4336378 0 	455.077 	3 	153
14546500000000 14546600000110 	47400118128 136113648876 4346348 	47395771780 4346348 0 0 0 	126579202 4346348 0 	454.984 	3 	153
14565700000000 14565800000110 	47600118348 136691270729 4356064 	47595762284 4356064 0 0 0 	126862836 4356064 0 	454.892 	3 	153
14584900000000 14585000000110 	47800118568 137268922219 4365905 	47795752663 4365905 0 0 0 	127148045 4365905 0 	454.8 	3 	153
14604100000000 14604200000110 	48000118788 137846652602 4375569 	47995743219 4375569 0 0 0 	127431321 4375569 0 	454.709 	3 	153
14623300000000 14623400000110 	48200119008 138424334843 4385124 	48195733884 4385124 0 0 0 	127710693 4385124 0 	454.619 	3 	153
14642500000000 14642600000110 	48400119228 139002063558 4394524 	48395724704 4394524 0 0 0 	127980290 4394524 0 	454.53 	3 	153
14661700000000 14661800000189 	48600119606 139579835437 4403672 	48595715934 4403672 0 0 0 	128249851 4403672 0 	454.428 	3 	153
14680900000000 14681000000189 	48800119984 140157603967 4412899 	48795707085 4412899 0 0 0 	128522939 4412899 0 	454.327 	3 	153
14700100000000 14700200000189 	49000120362 140735455846 4422070 	48995698292 4422070 0 0 0 	128791540 4422070 0 	454.226 	3 	153
14719300000000 14719400000189 	49200120740 141313344630 4431044 	49195689696 4431044 0 0 0 	129054275 4431044 0 	454.127 	3 	153
14738500000000 14738600000189 	49400121118 141891192363 4439873 	49395681245 4439873 0 0 0 	129312149 4439873 0 	454.028 	3 	153
14757700000000 14757800000060 	49600121238 142469030446 4448582 	49595672656 4448582 0 0 0 	129566662 4448582 0 	453.917 	3 	153
14776900000000 14777000000060 	49800121358 143046912678 4457249 	49795664109 4457249 0 0 0 	129820814 4457249 0 	453.806 	3 	153
14796100000000 14796200000060 	50000121478 143624830483 4465858 	49995655620 4465858 0 0 0 	130069686 4465858 0 	453.697 	3 	153
14815300000000 14815400000060 	50200121598 144202727229 4474431 	50195647167 4474431 0 0 0 	130324076 4474431 0 	453.589 	3 	153
14834500000000 14834600000060 	50400121718 144780654689 4482712 	50395639006 4482712 0 0 0 	130565940 4482712 0 	453.481 	3 	153
14853700000000 14853800000375 	50600122468 145358621338 4490881 	50595631587 4490881 0 0 0 	130803659 4490881 0 	453.361 	3 	153
14872900000000 14873000000375 	50800123218 145936535373 4498754 	50795624464 4498754 0 0 0 	131032328 4498754 0 	453.242 	3 	153
