10015400000000 10015500000152 	200000304 570654613 36056 	199964248 36056 0 0 0 	1046431 36056 0 	504 	3 	154
10034600000000 10034700000152 	400000608 1141444012 71756 	399928852 71756 0 0 0 	2079629 71756 0 	504 	3 	154
10053800000000 10053900000152 	600000912 1712224158 106778 	599894134 106778 0 0 0 	3094995 106778 0 	504 	3 	154
10073000000000 10073100000152 	800001216 2283041040 141333 	799859883 141333 0 0 0 	4091261 141333 0 	504 	3 	154
10092200000000 10092300000000 	1000001216 2853876568 175250 	999825966 175250 0 0 0 	5075299 175250 0 	503.195 	3 	154
10111400000000 10111500000000 	1200001216 3424744211 208728 	1199792488 208728 0 0 0 	6050744 208728 0 	502.66 	3 	154
10130600000000 10130700000000 	1400001216 3995670675 242033 	1399759183 242033 0 0 0 	7011941 242033 0 	502.278 	3 	154
10149800000000 10149900000000 	1600001216 4566615095 274665 	1599726551 274665 0 0 0 	7953203 274665 0 	501.992 	3 	154
10169000000000 10169100000048 	1800001312 5137603534 306663 	1799694649 306663 0 0 0 	8875051 306663 0 	501.319 	3 	154
10188200000000 10188300000048 	2000001408 5708598754 337809 	1999663599 337809 0 0 0 	9777270 337809 0 	500.782 	3 	154
10207400000000 10207500000048 	2200001504 6279563243 368616 	2199632888 368616 0 0 0 	10660156 368616 0 	500.344 	3 	154
10226600000000 10226700000048 	2400001600 6850590343 399137 	2399602463 399137 0 0 0 	11545742 399137 0 	499.979 	3 	154
10245800000000 10245900000476 	2600002552 7421697180 428956 	2599573596 428956 0 0 0 	12402473 428956 0 	499.356 	3 	154
10265000000000 10265100000476 	2800003504 7992860283 458519 	2799544985 458519 0 0 0 	13264106 458519 0 	498.823 	3 	154
10284200000000 10284300000476 	3000004456 8563994949 487708 	2999516748 487708 0 0 0 	14113159 487708 0 	498.362 	3 	154
10303400000000 10303500000476 	3200005408 9135152045 516222 	3199489186 516222 0 0 0 	14940446 516222 0 	497.96 	3 	154
10322600000000 10322700000011 	3400005430 9706405617 544281 	3399461149 544281 0 0 0 	15749484 544281 0 	497.424 	3 	154
10341800000000 10341900000011 	3600005452 10277639476 571628 	3599433824 571628 0 0 0 	16538722 571628 0 	496.948 	3 	154
10361000000000 10361100000011 	3800005474 10848914519 598756 	3799406718 598756 0 0 0 	17320816 598756 0 	496.523 	3 	154
10380200000000 10380300000011 	4000005496 11420246000 625158 	3999380338 625158 0 0 0 	18080730 625158 0 	496.142 	3 	154
10399400000000 10399500000210 	4200005916 11991567737 651729 	4199354187 651729 0 0 0 	18841447 651729 0 	495.6 	3 	154
10418600000000 10418700000210 	4400006336 12562896888 677742 	4399328594 677742 0 0 0 	19594219 677742 0 	495.108 	3 	154
10437800000000 10437900000210 	4600006756 13134293748 703341 	4599303415 703341 0 0 0 	20341481 703341 0 	494.659 	3 	154
10457000000000 10457100000210 	4800007176 13705678149 728592 	4799278584 728592 0 0 0 	21075489 728592 0 	494.249 	3 	154
10476200000000 10476300000381 	5000007938 14277146671 753271 	4999254667 753271 0 0 0 	21786544 753271 0 	493.705 	3 	154
10495400000000 10495500000381 	5200008700 14848662831 777889 	5199230811 777889 0 0 0 	22505539 777889 0 	493.204 	3 	154
10514600000000 10514700000381 	5400009462 15420180838 801710 	5399207752 801710 0 0 0 	23199079 801710 0 	492.741 	3 	154
10533800000000 10533900000381 	5600010224 15991687648 825132 	5599185092 825132 0 0 0 	23878840 825132 0 	492.312 	3 	154
10553000000000 10553100000468 	5800011160 16563257751 848175 	5799162985 848175 0 0 0 	24548616 848175 0 	491.804 	3 	154
10572200000000 10572300000468 	6000012096 17134860793 870942 	5999141154 870942 0 0 0 	25204543 870942 0 	491.331 	3 	154
10591400000000 10591500000468 	6200013032 17706473277 893276 	6199119756 893276 0 0 0 	25848051 893276 0 	490.89 	3 	154
10610600000000 10610700000468 	6400013968 18278112013 915215 	6399098753 915215 0 0 0 	26478974 915215 0 	490.476 	3 	154
10629800000000 10629900000254 	6600014476 18849841706 936915 	6599077561 936915 0 0 0 	27109828 936915 0 	489.96 	3 	154
10649000000000 10649100000254 	6800014984 19421570676 958157 	6799056827 958157 0 0 0 	27722153 958157 0 	489.476 	3 	154
10668200000000 10668300000254 	7000015492 19993356742 978991 	6999036501 978991 0 0 0 	28321318 978991 0 	489.019 	3 	154
10687400000000 10687500000254 	7200016000 20565230725 999532 	7199016468 999532 0 0 0 	28921118 999532 0 	488.589 	3 	154
10706600000000 10706700000365 	7400016730 21137046814 1019780 	7398996950 1019780 0 0 0 	29510501 1019780 0 	488.097 	3 	154
10725800000000 10725900000365 	7600017460 21708960812 1039891 	7598977569 1039891 0 0 0 	30093803 1039891 0 	487.631 	3 	154
10745000000000 10745100000365 	7800018190 22280856479 1059726 	7798958464 1059726 0 0 0 	30670848 1059726 0 	487.19 	3 	154
10764200000000 10764300000365 	8000018920 22852771717 1078843 	7998940077 1078843 0 0 0 	31220137 1078843 0 	486.771 	3 	154
10783400000000 10783500000365 	8200019650 23424742625 1097938 	8198921712 1097938 0 0 0 	31768405 1097938 0 	486.374 	3 	154
10802600000000 10802700000368 	8400020386 23996786113 1116786 	8398903600 1116786 0 0 0 	32314213 1116786 0 	485.92 	3 	154
10821800000000 10821900000368 	8600021122 24568855904 1135296 	8598885826 1135296 0 0 0 	32850556 1135296 0 	485.488 	3 	154
10841000000000 10841100000368 	8800021858 25140911663 1153222 	8798868636 1153222 0 0 0 	33366030 1153222 0 	485.076 	3 	154
10860200000000 10860300000368 	9000022594 25712962266 1171162 	8998851432 1171162 0 0 0 	33877313 1171162 0 	484.683 	3 	154
10879400000000 10879500000352 	9200023298 26285139101 1188826 	9198834472 1188826 0 0 0 	34392703 1188826 0 	484.214 	3 	154
10898600000000 10898700000352 	9400024002 26857299683 1206281 	9398817721 1206281 0 0 0 	34894996 1206281 0 	483.765 	3 	154
10917800000000 10917900000352 	9600024706 27429476204 1223215 	9598801491 1223215 0 0 0 	35382540 1223215 0 	483.336 	3 	154
10937000000000 10937100000352 	9800025410 28001610047 1239876 	9798785534 1239876 0 0 0 	35860173 1239876 0 	482.925 	3 	154
10956200000000 10956300000120 	10000025650 28573861235 1256090 	9998769560 1256090 0 0 0 	36335810 1256090 0 	482.467 	3 	154
10975400000000 10975500000120 	10200025890 29146104331 1272135 	10198753755 1272135 0 0 0 	36797628 1272135 0 	482.026 	3 	154
10994600000000 10994700000120 	10400026130 29718435533 1288067 	10398738063 1288067 0 0 0 	37264220 1288067 0 	481.604 	3 	154
11013800000000 11013900000120 	10600026370 30290835467 1303655 	10598722715 1303655 0 0 0 	37715509 1303655 0 	481.198 	3 	154
11033000000000 11033100000178 	10800026726 30863158814 1319037 	10798707689 1319037 0 0 0 	38162885 1319037 0 	480.747 	3 	154
11052200000000 11052300000178 	11000027082 31435538295 1334111 	10998692971 1334111 0 0 0 	38599400 1334111 0 	480.314 	3 	154
11071400000000 11071500000178 	11200027438 32007984471 1348951 	11198678487 1348951 0 0 0 	39031225 1348951 0 	479.896 	3 	154
11090600000000 11090700000178 	11400027794 32580482069 1363528 	11398664266 1363528 0 0 0 	39455524 1363528 0 	479.494 	3 	154
11109800000000 11109900000355 	11600028504 33153003192 1377996 	11598650508 1377996 0 0 0 	39879712 1377996 0 	479.049 	3 	154
11129000000000 11129100000355 	11800029214 33725536314 1392402 	11798636812 1392402 0 0 0 	40299776 1392402 0 	478.62 	3 	154
11148200000000 11148300000355 	12000029924 34298082513 1406522 	11998623402 1406522 0 0 0 	40710221 1406522 0 	478.207 	3 	154
11167400000000 11167500000355 	12200030634 34870692238 1420268 	12198610366 1420268 0 0 0 	41109017 1420268 0 	477.807 	3 	154
11186600000000 11186700000230 	12400031094 35443344469 1433774 	12398597320 1433774 0 0 0 	41500587 1433774 0 	477.35 	3 	154
11205800000000 11205900000230 	12600031554 36015937325 1447081 	12598584473 1447081 0 0 0 	41889973 1447081 0 	476.907 	3 	154
11225000000000 11225100000230 	12800032014 36588640873 1460196 	12798571818 1460196 0 0 0 	42271446 1460196 0 	476.48 	3 	154
11244200000000 11244300000230 	13000032474 37161369897 1472898 	12998559576 1472898 0 0 0 	42638059 1472898 0 	476.066 	3 	154
11263400000000 11263500000320 	13200033114 37734122443 1485460 	13198547654 1485460 0 0 0 	42999317 1485460 0 	475.614 	3 	154
11282600000000 11282700000320 	13400033754 38306900388 1498177 	13398535577 1498177 0 0 0 	43364330 1498177 0 	475.177 	3 	154
11301800000000 11301900000320 	13600034394 38879699998 1510564 	13598523830 1510564 0 0 0 	43722895 1510564 0 	474.754 	3 	154
11321000000000 11321100000320 	13800035034 39452507269 1522594 	13798512440 1522594 0 0 0 	44074119 1522594 0 	474.343 	3 	154
11340200000000 11340300000400 	14000035834 40025348087 1534531 	13998501303 1534531 0 0 0 	44421484 1534531 0 	473.897 	3 	154
11359400000000 11359500000400 	14200036634 40598253519 1545941 	14198490693 1545941 0 0 0 	44758427 1545941 0 	473.464 	3 	154
11378600000000 11378700000400 	14400037434 41171197468 1557353 	14398480081 1557353 0 0 0 	45087570 1557353 0 	473.044 	3 	154
11397800000000 11397900000400 	14600038234 41744150492 1568842 	14598469392 1568842 0 0 0 	45417811 1568842 0 	472.635 	3 	154
11417000000000 11417100000290 	14800038814 42317113995 1579948 	14798458866 1579948 0 0 0 	45742515 1579948 0 	472.193 	3 	154
11436200000000 11436300000290 	15000039394 42890164310 1591043 	14998448351 1591043 0 0 0 	46064341 1591043 0 	471.764 	3 	154
11455400000000 11455500000290 	15200039974 43463249150 1601922 	15198438052 1601922 0 0 0 	46378624 1601922 0 	471.346 	3 	154
11474600000000 11474700000290 	15400040554 44036352176 1612404 	15398428150 1612404 0 0 0 	46686715 1612404 0 	470.94 	3 	154
11493800000000 11493900000249 	15600041052 44609487036 1622744 	15598418308 1622744 0 0 0 	46986351 1622744 0 	470.501 	3 	154
11513000000000 11513100000249 	15800041550 45182630061 1633124 	15798408426 1633124 0 0 0 	47284513 1633124 0 	470.074 	3 	154
11532200000000 11532300000249 	16000042048 45755840387 1643433 	15998398615 1643433 0 0 0 	47584934 1643433 0 	469.658 	3 	154
11551400000000 11551500000249 	16200042546 46329129223 1653256 	16198389290 1653256 0 0 0 	47870734 1653256 0 	469.254 	3 	154
11570600000000 11570700000088 	16400042722 46902355165 1663118 	16398379604 1663118 0 0 0 	48160497 1663118 0 	468.818 	3 	154
11589800000000 11589900000088 	16600042898 47475646620 1672797 	16598370101 1672797 0 0 0 	48441607 1672797 0 	468.393 	3 	154
11609000000000 11609100000088 	16800043074 48048959655 1682387 	16798360687 1682387 0 0 0 	48723469 1682387 0 	467.979 	3 	154
11628200000000 11628300000088 	17000043250 48622274563 1691632 	16998351618 1691632 0 0 0 	48992084 1691632 0 	467.576 	3 	154
11647400000000 11647500000110 	17200043470 49195573141 1700842 	17198342628 1700842 0 0 0 	49262375 1700842 0 	467.155 	3 	154
11666600000000 11666700000110 	17400043690 49768915138 1709923 	17398333767 1709923 0 0 0 	49527364 1709923 0 	466.746 	3 	154
11685800000000 11685900000110 	17600043910 50342284658 1718839 	17598325071 1718839 0 0 0 	49784455 1718839 0 	466.346 	3 	154
11705000000000 11705100000110 	17800044130 50915743083 1727672 	17798316458 1727672 0 0 0 	50035709 1727672 0 	465.956 	3 	154
11724200000000 11724300000189 	18000044508 51489241639 1736304 	17998308204 1736304 0 0 0 	50287503 1736304 0 	465.536 	3 	154
11743400000000 11743500000189 	18200044886 52062745856 1744871 	18198300015 1744871 0 0 0 	50534949 1744871 0 	465.126 	3 	154
11762600000000 11762700000100 	18400045086 52636215034 1749114 	18398295972 1749114 0 0 0 	50658089 1749114 0 	464.363 	3 	154
11781800000000 11781900000100 	18600045286 53209764955 1753185 	18598292101 1753185 0 0 0 	50775126 1753185 0 	463.618 	3 	154
11801000000000 11801100000314 	18800045914 53783339029 1757230 	18798288684 1757230 0 0 0 	50893817 1757230 0 	462.863 	3 	154
11820200000000 11820300000314 	19000046542 54356861072 1761230 	18998285312 1761230 0 0 0 	51009542 1761230 0 	462.127 	3 	154
11839400000000 11839500000314 	19200047170 54930500888 1765218 	19198281952 1765218 0 0 0 	51127528 1765218 0 	461.408 	3 	154
11858600000000 11858700000173 	19400047516 55504172790 1769088 	19398278428 1769088 0 0 0 	51241558 1769088 0 	460.665 	3 	154
11877800000000 11877900000173 	19600047862 56077829863 1772939 	19598274923 1772939 0 0 0 	51354044 1772939 0 	459.94 	3 	154
11897000000000 11897100000173 	19800048208 56651538019 1776724 	19798271484 1776724 0 0 0 	51464408 1776724 0 	459.231 	3 	154
11916200000000 11916300000173 	20000048554 57225253357 1780392 	19998268162 1780392 0 0 0 	51573362 1780392 0 	458.539 	3 	154
11935400000000 11935500000330 	20200049214 57798982946 1783917 	20198265297 1783917 0 0 0 	51672578 1783917 0 	457.836 	3 	154
11954600000000 11954700000330 	20400049874 58372738271 1787495 	20398262379 1787495 0 0 0 	51778657 1787495 0 	457.15 	3 	154
11973800000000 11973900000330 	20600050534 58946549364 1790964 	20598259570 1790964 0 0 0 	51877574 1790964 0 	456.478 	3 	154
11993000000000 11993100000330 	20800051194 59520491183 1794445 	20798256749 1794445 0 0 0 	51978319 1794445 0 	455.821 	3 	154
12012200000000 12012300000352 	21000051898 60094387642 1797740 	20998254158 1797740 0 0 0 	52072505 1797740 0 	455.141 	3 	154
12031400000000 12031500000352 	21200052602 60668377046 1801049 	21198251553 1801049 0 0 0 	52170313 1801049 0 	454.476 	3 	154
12050600000000 12050700000352 	21400053306 61242326525 1804295 	21398249011 1804295 0 0 0 	52265095 1804295 0 	453.825 	3 	154
12069800000000 12069900000352 	21600054010 61816356085 1807556 	21598246454 1807556 0 0 0 	52360544 1807556 0 	453.188 	3 	154
12089000000000 12089100000376 	21800054762 62390392351 1810640 	21798244122 1810640 0 0 0 	52452721 1810640 0 	452.54 	3 	154
12108200000000 12108300000376 	22000055514 62964458429 1813815 	21998241699 1813815 0 0 0 	52542374 1813815 0 	451.905 	3 	154
12127400000000 12127500000376 	22200056266 63538575266 1816810 	22198239456 1816810 0 0 0 	52626797 1816810 0 	451.284 	3 	154
12146600000000 12146700000290 	22400056846 64112664250 1819682 	22398237164 1819682 0 0 0 	52710071 1819682 0 	450.652 	3 	154
12165800000000 12165900000290 	22600057426 64686811651 1822639 	22598234787 1822639 0 0 0 	52795544 1822639 0 	450.032 	3 	154
12185000000000 12185100000290 	22800058006 65260898340 1825523 	22798232483 1825523 0 0 0 	52877843 1825523 0 	449.425 	3 	154
12204200000000 12204300000290 	23000058586 65835102730 1828331 	22998230255 1828331 0 0 0 	52957564 1828331 0 	448.831 	3 	154
12223400000000 12223500000026 	23200058638 66409250781 1831096 	23198227542 1831096 0 0 0 	53036230 1831096 0 	448.213 	3 	154
12242600000000 12242700000026 	23400058690 66983533630 1833969 	23398224721 1833969 0 0 0 	53119036 1833969 0 	447.608 	3 	154
12261800000000 12261900000026 	23600058742 67557741741 1836675 	23598222067 1836675 0 0 0 	53198784 1836675 0 	447.015 	3 	154
12281000000000 12281100000026 	23800058794 68132027271 1839342 	23798219452 1839342 0 0 0 	53276658 1839342 0 	446.433 	3 	154
12300200000000 12300300000285 	24000059364 68706404651 1841947 	23998217417 1841947 0 0 0 	53351862 1841947 0 	445.84 	3 	154
12319400000000 12319500000285 	24200059934 69280760449 1844533 	24198215401 1844533 0 0 0 	53428345 1844533 0 	445.259 	3 	154
12338600000000 12338700000285 	24400060504 69855186627 1847002 	24398213502 1847002 0 0 0 	53500658 1847002 0 	444.688 	3 	154
12357800000000 12357900000285 	24600061074 70429646628 1849425 	24598211649 1849425 0 0 0 	53571333 1849425 0 	444.129 	3 	154
12377000000000 12377100000151 	24800061376 71004079115 1851824 	24798209552 1851824 0 0 0 	53640149 1851824 0 	443.558 	3 	154
12396200000000 12396300000151 	25000061678 71578497717 1854099 	24998207579 1854099 0 0 0 	53707400 1854099 0 	442.997 	3 	154
12415400000000 12415500000308 	25200062294 72153356599 1895513 	25198166781 1895513 0 0 0 	54916750 1895513 0 	443.448 	3 	154
12434600000000 12434700000308 	25400062910 72728203319 1936584 	25398126326 1936584 0 0 0 	56117743 1936584 0 	443.892 	3 	154
12453800000000 12453900000308 	25600063526 73303114149 1977293 	25598086233 1977293 0 0 0 	57304362 1977293 0 	444.33 	3 	154
12473000000000 12473100000308 	25800064142 73877998687 2017073 	25798047069 2017073 0 0 0 	58462272 2017073 0 	444.762 	3 	154
12492200000000 12492300000308 	26000064758 74452978537 2056702 	25998008056 2056702 0 0 0 	59623538 2056702 0 	445.188 	3 	154
12511400000000 12511500000152 	26200065062 75027956576 2095988 	26197969074 2095988 0 0 0 	60776703 2095988 0 	445.585 	3 	154
12530600000000 12530700000152 	26400065366 75602938694 2134364 	26397931002 2134364 0 0 0 	61898326 2134364 0 	445.977 	3 	154
12549800000000 12549900000152 	26600065670 76177891000 2172760 	26597892910 2172760 0 0 0 	63011225 2172760 0 	446.363 	3 	154
12569000000000 12569100000152 	26800065974 76752977436 2210583 	26797855391 2210583 0 0 0 	64115348 2210583 0 	446.744 	3 	154
12588200000000 12588300000152 	27000066278 77328026118 2247892 	26997818386 2247892 0 0 0 	65214451 2247892 0 	447.121 	3 	154
12607400000000 12607500000000 	27200066278 77903148360 2284710 	27197781568 2284710 0 0 0 	66297365 2284710 0 	447.469 	3 	154
12626600000000 12626700000000 	27400066278 78478262539 2321142 	27397745136 2321142 0 0 0 	67365946 2321142 0 	447.812 	3 	154
12645800000000 12645900000000 	27600066278 79053391688 2356777 	27597709501 2356777 0 0 0 	68393484 2356777 0 	448.151 	3 	154
12665000000000 12665100000000 	27800066278 79628557394 2392238 	27797674040 2392238 0 0 0 	69435652 2392238 0 	448.486 	3 	154
12684200000000 12684300000000 	28000066278 80203790323 2427082 	27997639196 2427082 0 0 0 	70445625 2427082 0 	448.816 	3 	154
12703400000000 12703500000000 	28200066278 80779007683 2461325 	28197604953 2461325 0 0 0 	71443383 2461325 0 	449.142 	3 	154
12722600000000 12722700000048 	28400066374 81354247376 2495046 	28397571328 2495046 0 0 0 	72430859 2495046 0 	449.441 	3 	154
12741800000000 12741900000048 	28600066470 81929473581 2528564 	28597537906 2528564 0 0 0 	73402206 2528564 0 	449.736 	3 	154
12761000000000 12761100000048 	28800066566 82504721290 2561748 	28797504818 2561748 0 0 0 	74365537 2561748 0 	450.028 	3 	154
12780200000000 12780300000048 	29000066662 83080008550 2594340 	28997472322 2594340 0 0 0 	75311656 2594340 0 	450.316 	3 	154
12799400000000 12799500000048 	29200066758 83655346695 2626649 	29197440109 2626649 0 0 0 	76259671 2626649 0 	450.6 	3 	154
12818600000000 12818700000476 	29400067710 84230706903 2658280 	29397409430 2658280 0 0 0 	77180412 2658280 0 	450.858 	3 	154
12837800000000 12837900000476 	29600068662 84806072509 2689605 	29597379057 2689605 0 0 0 	78091429 2689605 0 	451.113 	3 	154
12857000000000 12857100000476 	29800069614 85381453805 2720702 	29797348912 2720702 0 0 0 	78996962 2720702 0 	451.365 	3 	154
12876200000000 12876300000476 	30000070566 85956872149 2751212 	29997319354 2751212 0 0 0 	79893875 2751212 0 	451.613 	3 	154
12895400000000 12895500000476 	30200071518 86532265828 2781304 	30197290214 2781304 0 0 0 	80765368 2781304 0 	451.859 	3 	154
12914600000000 12914700000011 	30400071540 87107754976 2811568 	30397259972 2811568 0 0 0 	81648008 2811568 0 	452.085 	3 	154
12933800000000 12933900000011 	30600071562 87683290031 2840990 	30597230572 2840990 0 0 0 	82505093 2840990 0 	452.308 	3 	154
12953000000000 12953100000011 	30800071584 88258822373 2870128 	30797201456 2870128 0 0 0 	83346554 2870128 0 	452.528 	3 	154
12972200000000 12972300000011 	31000071606 88834420862 2898809 	30997172797 2898809 0 0 0 	84186441 2898809 0 	452.746 	3 	154
12991400000000 12991500000011 	31200071628 89409946848 2927231 	31197144397 2927231 0 0 0 	85025071 2927231 0 	452.962 	3 	154
13010600000000 13010700000210 	31400072048 89985589283 2955348 	31397116700 2955348 0 0 0 	85840393 2955348 0 	453.152 	3 	154
13029800000000 13029900000210 	31600072468 90561232967 2982864 	31597089604 2982864 0 0 0 	86640995 2982864 0 	453.341 	3 	154
13049000000000 13049100000210 	31800072888 91136884109 3009869 	31797063019 3009869 0 0 0 	87427392 3009869 0 	453.527 	3 	154
13068200000000 13068300000210 	32000073308 91712561221 3036437 	31997036871 3036437 0 0 0 	88204511 3036437 0 	453.711 	3 	154
13087400000000 13087500000210 	32200073728 92288304960 3062936 	32197010792 3062936 0 0 0 	88976778 3062936 0 	453.893 	3 	154
13106600000000 13106700000381 	32400074490 92864035457 3089159 	32396985331 3089159 0 0 0 	89739067 3089159 0 	454.051 	3 	154
13125800000000 13125900000381 	32600075252 93439832019 3115163 	32596960089 3115163 0 0 0 	90493787 3115163 0 	454.207 	3 	154
13145000000000 13145100000381 	32800076014 94015651642 3140615 	32796935399 3140615 0 0 0 	91234366 3140615 0 	454.361 	3 	154
13164200000000 13164300000381 	33000076776 94591505975 3165981 	32996910795 3165981 0 0 0 	91984329 3165981 0 	454.514 	3 	154
13183400000000 13183500000381 	33200077538 95167356762 3190935 	33196886603 3190935 0 0 0 	92715498 3190935 0 	454.664 	3 	154
13202600000000 13202700000468 	33400078474 95743259445 3215659 	33396862815 3215659 0 0 0 	93438860 3215659 0 	454.797 	3 	154
13221800000000 13221900000468 	33600079410 96319133384 3239804 	33596839606 3239804 0 0 0 	94143931 3239804 0 	454.929 	3 	154
13241000000000 13241100000468 	33800080346 96895075908 3264043 	33796816303 3264043 0 0 0 	94850403 3264043 0 	455.059 	3 	154
13260200000000 13260300000468 	34000081282 97471011488 3287868 	33996793414 3287868 0 0 0 	95549283 3287868 0 	455.187 	3 	154
13279400000000 13279500000468 	34200082218 98046972252 3311377 	34196770841 3311377 0 0 0 	96236331 3311377 0 	455.314 	3 	154
13298600000000 13298700000254 	34400082726 98622881620 3334584 	34396748142 3334584 0 0 0 	96915292 3334584 0 	455.419 	3 	154
13317800000000 13317900000254 	34600083234 99198895779 3357286 	34596725948 3357286 0 0 0 	97575549 3357286 0 	455.522 	3 	154
13337000000000 13337100000254 	34800083742 99774939561 3379737 	34796704005 3379737 0 0 0 	98232530 3379737 0 	455.624 	3 	154
13356200000000 13356300000254 	35000084250 100350997115 3402009 	34996682241 3402009 0 0 0 	98884173 3402009 0 	455.725 	3 	154
13375400000000 13375500000254 	35200084758 100927099144 3423990 	35196660768 3423990 0 0 0 	99524572 3423990 0 	455.825 	3 	154
13394600000000 13394700000365 	35400085488 101503164016 3445349 	35396640139 3445349 0 0 0 	100148759 3445349 0 	455.908 	3 	154
13413800000000 13413900000365 	35600086218 102079303063 3466772 	35596619446 3466772 0 0 0 	100773659 3466772 0 	455.99 	3 	154
13433000000000 13433100000365 	35800086948 102655424085 3487742 	35796599206 3487742 0 0 0 	101384715 3487742 0 	456.071 	3 	154
13452200000000 13452300000365 	36000087678 103231588095 3508951 	35996578727 3508951 0 0 0 	102004493 3508951 0 	456.152 	3 	154
13471400000000 13471500000365 	36200088408 103807825784 3529590 	36196558818 3529590 0 0 0 	102606752 3529590 0 	456.231 	3 	154
13490600000000 13490700000368 	36400089144 104384025870 3549927 	36396539217 3549927 0 0 0 	103200834 3549927 0 	456.294 	3 	154
13509800000000 13509900000368 	36600089880 104960367747 3570196 	36596519684 3570196 0 0 0 	103797657 3570196 0 	456.356 	3 	154
13529000000000 13529100000368 	36800090616 105536649396 3590021 	36796500595 3590021 0 0 0 	104377522 3590021 0 	456.418 	3 	154
13548200000000 13548300000368 	37000091352 106112949826 3609386 	36996481966 3609386 0 0 0 	104936300 3609386 0 	456.479 	3 	154
13567400000000 13567500000368 	37200092088 106689323969 3628747 	37196463341 3628747 0 0 0 	105503874 3628747 0 	456.54 	3 	154
13586600000000 13586700000352 	37400092792 107265692987 3647499 	37396445293 3647499 0 0 0 	106051357 3647499 0 	456.579 	3 	154
13605800000000 13605900000352 	37600093496 107841995935 3666507 	37596426989 3666507 0 0 0 	106599185 3666507 0 	456.618 	3 	154
13625000000000 13625100000352 	37800094200 108418425803 3685203 	37796408997 3685203 0 0 0 	107142910 3685203 0 	456.656 	3 	154
13644200000000 13644300000352 	38000094904 108994804609 3703587 	37996391317 3703587 0 0 0 	107680436 3703587 0 	456.694 	3 	154
13663400000000 13663500000352 	38200095608 109571301820 3721732 	38196373876 3721732 0 0 0 	108209409 3721732 0 	456.732 	3 	154
13682600000000 13682700000120 	38400095848 110147781926 3739597 	38396356251 3739597 0 0 0 	108735114 3739597 0 	456.754 	3 	154
13701800000000 13701900000120 	38600096088 110724284082 3757105 	38596338983 3757105 0 0 0 	109251369 3757105 0 	456.776 	3 	154
13721000000000 13721100000120 	38800096328 111300844240 3774508 	38796321820 3774508 0 0 0 	109765327 3774508 0 	456.797 	3 	154
13740200000000 13740300000120 	39000096568 111877386134 3791692 	38996304876 3791692 0 0 0 	110271142 3791692 0 	456.819 	3 	154
13759400000000 13759500000120 	39200096808 112454024603 3808697 	39196288111 3808697 0 0 0 	110774326 3808697 0 	456.84 	3 	154
13778600000000 13778700000178 	39400097164 113030568619 3825536 	39396271628 3825536 0 0 0 	111265914 3825536 0 	456.846 	3 	154
13797800000000 13797900000178 	39600097520 113607234261 3842094 	39596255426 3842094 0 0 0 	111758577 3842094 0 	456.851 	3 	154
13817000000000 13817100000178 	39800097876 114183839605 3858589 	39796239287 3858589 0 0 0 	112242546 3858589 0 	456.857 	3 	154
13836200000000 13836300000178 	40000098232 114760509005 3874545 	39996223687 3874545 0 0 0 	112710766 3874545 0 	456.863 	3 	154
13855400000000 13855500000178 	40200098588 115337198939 3890419 	40196208169 3890419 0 0 0 	113174611 3890419 0 	456.869 	3 	154
13874600000000 13874700000355 	40400099298 115913943385 3905945 	40396193353 3905945 0 0 0 	113631117 3905945 0 	456.859 	3 	154
13893800000000 13893900000355 	40600100008 116490780165 3921352 	40596178656 3921352 0 0 0 	114085579 3921352 0 	456.85 	3 	154
13913000000000 13913100000355 	40800100718 117067583518 3936714 	40796164004 3936714 0 0 0 	114541797 3936714 0 	456.841 	3 	154
13932200000000 13932300000355 	41000101428 117644431854 3952016 	40996149412 3952016 0 0 0 	114992101 3952016 0 	456.832 	3 	154
13951400000000 13951500000355 	41200102138 118221242338 3966941 	41196135197 3966941 0 0 0 	115435498 3966941 0 	456.823 	3 	154
13970600000000 13970700000230 	41400102598 118798042467 3981900 	41396120698 3981900 0 0 0 	115877928 3981900 0 	456.794 	3 	154
13989800000000 13989900000230 	41600103058 119374921027 3996482 	41596106576 3996482 0 0 0 	116308465 3996482 0 	456.766 	3 	154
14009000000000 14009100000230 	41800103518 119951890033 4010789 	41796092729 4010789 0 0 0 	116729173 4010789 0 	456.738 	3 	154
14028200000000 14028300000230 	42000103978 120528829020 4024793 	41996079185 4024793 0 0 0 	117138712 4024793 0 	456.711 	3 	154
14047400000000 14047500000230 	42200104438 121105813950 4038926 	42196065512 4038926 0 0 0 	117556448 4038926 0 	456.683 	3 	154
14066600000000 14066700000320 	42400105078 121682871208 4052820 	42396052258 4052820 0 0 0 	117964842 4052820 0 	456.642 	3 	154
14085800000000 14085900000320 	42600105718 122259863558 4066507 	42596039211 4066507 0 0 0 	118361236 4066507 0 	456.6 	3 	154
14105000000000 14105100000320 	42800106358 122836933214 4080151 	42796026207 4080151 0 0 0 	118755336 4080151 0 	456.559 	3 	154
14124200000000 14124300000320 	43000106998 123414027392 4093595 	42996013403 4093595 0 0 0 	119144518 4093595 0 	456.519 	3 	154
14143400000000 14143500000320 	43200107638 123991145578 4106823 	43196000815 4106823 0 0 0 	119533249 4106823 0 	456.478 	3 	154
14162600000000 14162700000400 	43400108438 124568177912 4119702 	43395988736 4119702 0 0 0 	119911239 4119702 0 	456.424 	3 	154
14181800000000 14181900000400 	43600109238 125145271576 4132579 	43595976659 4132579 0 0 0 	120290486 4132579 0 	456.37 	3 	154
14201000000000 14201100000400 	43800110038 125722457671 4145416 	43795964622 4145416 0 0 0 	120666981 4145416 0 	456.317 	3 	154
14220200000000 14220300000400 	44000110838 126299638933 4157967 	43995952871 4157967 0 0 0 	121031872 4157967 0 	456.264 	3 	154
14239400000000 14239500000400 	44200111638 126876839444 4170317 	44195941321 4170317 0 0 0 	121387307 4170317 0 	456.212 	3 	154
14258600000000 14258700000290 	44400112218 127454094744 4182463 	44395929755 4182463 0 0 0 	121741969 4182463 0 	456.146 	3 	154
14277800000000 14277900000290 	44600112798 128031348567 4194516 	44595918282 4194516 0 0 0 	122091427 4194516 0 	456.081 	3 	154
14297000000000 14297100000290 	44800113378 128608675988 4206391 	44795906987 4206391 0 0 0 	122442078 4206391 0 	456.016 	3 	154
14316200000000 14316300000290 	45000113958 129185991148 4218123 	44995895835 4218123 0 0 0 	122781816 4218123 0 	455.952 	3 	154
14335400000000 14335500000290 	45200114538 129763309591 4229543 	45195884995 4229543 0 0 0 	123116081 4229543 0 	455.888 	3 	154
14354600000000 14354700000249 	45400115036 130340715741 4241013 	45395874023 4241013 0 0 0 	123448052 4241013 0 	455.811 	3 	154
14373800000000 14373900000249 	45600115534 130918106326 4252452 	45595863082 4252452 0 0 0 	123784610 4252452 0 	455.734 	3 	154
14393000000000 14393100000249 	45800116032 131495512235 4263514 	45795852518 4263514 0 0 0 	124109374 4263514 0 	455.658 	3 	154
14412200000000 14412300000249 	46000116530 132072936125 4274283 	45995842247 4274283 0 0 0 	124421384 4274283 0 	455.583 	3 	154
14431400000000 14431500000249 	46200117028 132650324317 4285201 	46195831827 4285201 0 0 0 	124736334 4285201 0 	455.509 	3 	154
14450600000000 14450700000088 	46400117204 133227834079 4295924 	46395821280 4295924 0 0 0 	125052364 4295924 0 	455.421 	3 	154
14469800000000 14469900000088 	46600117380 133805308912 4306721 	46595810659 4306721 0 0 0 	125370754 4306721 0 	455.334 	3 	154
14489000000000 14489100000088 	46800117556 134382831796 4317105 	46795800451 4317105 0 0 0 	125675940 4317105 0 	455.247 	3 	154
14508200000000 14508300000088 	47000117732 134960384727 4327245 	46995790487 4327245 0 0 0 	125974875 4327245 0 	455.162 	3 	154
14527400000000 14527500000088 	47200117908 135537990416 4337762 	47195780146 4337762 0 0 0 	126284924 4337762 0 	455.077 	3 	154
14546600000000 14546700000110 	47400118128 136115532470 4347816 	47395770312 4347816 0 0 0 	126575704 4347816 0 	454.984 	3 	154
14565800000000 14565900000110 	47600118348 136693136298 4357879 	47595760469 4357879 0 0 0 	126872552 4357879 0 	454.892 	3 	154
14585000000000 14585100000110 	47800118568 137270772935 4367767 	47795750801 4367767 0 0 0 	127157249 4367767 0 	454.8 	3 	154
14604200000000 14604300000110 	48000118788 137848396668 4377391 	47995741397 4377391 0 0 0 	127440236 4377391 0 	454.709 	3 	154
14623400000000 14623500000110 	48200119008 138426057778 4386927 	48195732081 4386927 0 0 0 	127721460 4386927 0 	454.619 	3 	154
14642600000000 14642700000110 	48400119228 139003763114 4396499 	48395722729 4396499 0 0 0 	128003513 4396499 0 	454.53 	3 	154
14661800000000 14661900000189 	48600119606 139581537291 4405645 	48595713961 4405645 0 0 0 	128269747 4405645 0 	454.428 	3 	154
14681000000000 14681100000189 	48800119984 140159309113 4414912 	48795705072 4414912 0 0 0 	128542623 4414912 0 	454.327 	3 	154
14700200000000 14700300000189 	49000120362 140737101294 4424085 	48995696277 4424085 0 0 0 	128812113 4424085 0 	454.226 	3 	154
14719400000000 14719500000189 	49200120740 141314871969 4432921 	49195687819 4432921 0 0 0 	129072209 4432921 0 	454.127 	3 	154
14738600000000 14738700000189 	49400121118 141892708657 4441831 	49395679287 4441831 0 0 0 	129330965 4441831 0 	454.028 	3 	154
14757800000000 14757900000060 	49600121238 142470564554 4450656 	49595670582 4450656 0 0 0 	129587947 4450656 0 	453.917 	3 	154
14777000000000 14777100000060 	49800121358 143048443032 4459221 	49795662137 4459221 0 0 0 	129840002 4459221 0 	453.806 	3 	154
14796200000000 14796300000060 	50000121478 143626329279 4467787 	49995653691 4467787 0 0 0 	130093355 4467787 0 	453.697 	3 	154
14815400000000 14815500000060 	50200121598 144204217983 4476234 	50195645364 4476234 0 0 0 	130340589 4476234 0 	453.589 	3 	154
14834600000000 14834700000060 	50400121718 144782155736 4484430 	50395637288 4484430 0 0 0 	130581480 4484430 0 	453.481 	3 	154
14853800000000 14853900000375 	50600122468 145360094122 4492664 	50595629804 4492664 0 0 0 	130820481 4492664 0 	453.361 	3 	154
14873000000000 14873100000375 	50800123218 145938085685 4500820 	50795622398 4500820 0 0 0 	131063902 4500820 0 	453.242 	3 	154
