10017200000000 10017300000152 	200000304 570721751 36165 	199964139 36165 0 0 0 	1052849 36165 0 	504 	3 	172
10036400000000 10036500000152 	400000608 1141490490 71875 	399928733 71875 0 0 0 	2088268 71875 0 	504 	3 	172
10055600000000 10055700000152 	600000912 1712221657 107341 	599893571 107341 0 0 0 	3115136 107341 0 	504 	3 	172
10074800000000 10074900000152 	800001216 2283040782 141852 	799859364 141852 0 0 0 	4106754 141852 0 	504 	3 	172
10094000000000 10094100000000 	1000001216 2853903196 175805 	999825411 175805 0 0 0 	5082020 175805 0 	503.195 	3 	172
10113200000000 10113300000000 	1200001216 3424774910 209373 	1199791843 209373 0 0 0 	6056987 209373 0 	502.66 	3 	172
10132400000000 10132500000000 	1400001216 3995661238 242417 	1399758799 242417 0 0 0 	7013487 242417 0 	502.278 	3 	172
10151600000000 10151700000000 	1600001216 4566612121 274734 	1599726482 274734 0 0 0 	7946194 274734 0 	501.992 	3 	172
10170800000000 10170900000048 	1800001312 5137579627 306323 	1799694989 306323 0 0 0 	8865475 306323 0 	501.319 	3 	172
10190000000000 10190100000048 	2000001408 5708585983 337729 	1999663679 337729 0 0 0 	9779391 337729 0 	500.782 	3 	172
10209200000000 10209300000048 	2200001504 6279550238 368313 	2199633191 368313 0 0 0 	10673502 368313 0 	500.344 	3 	172
10228400000000 10228500000048 	2400001600 6850633631 398704 	2399602896 398704 0 0 0 	11565425 398704 0 	499.979 	3 	172
10247600000000 10247700000476 	2600002552 7421726088 428750 	2599573802 428750 0 0 0 	12437589 428750 0 	499.356 	3 	172
10266800000000 10266900000476 	2800003504 7992843333 457991 	2799545513 457991 0 0 0 	13294355 457991 0 	498.823 	3 	172
10286000000000 10286100000476 	3000004456 8563942467 487279 	2999517177 487279 0 0 0 	14135030 487279 0 	498.362 	3 	172
10305200000000 10305300000476 	3200005408 9135097090 515704 	3199489704 515704 0 0 0 	14966783 515704 0 	497.96 	3 	172
10324400000000 10324500000011 	3400005430 9706356546 543658 	3399461772 543658 0 0 0 	15777922 543658 0 	497.424 	3 	172
10343600000000 10343700000011 	3600005452 10277596947 571315 	3599434137 571315 0 0 0 	16580847 571315 0 	496.948 	3 	172
10362800000000 10362900000011 	3800005474 10848861618 598251 	3799407223 598251 0 0 0 	17365797 598251 0 	496.523 	3 	172
10382000000000 10382100000011 	4000005496 11420127921 624990 	3999380506 624990 0 0 0 	18138759 624990 0 	496.142 	3 	172
10401200000000 10401300000210 	4200005916 11991366563 651046 	4199354870 651046 0 0 0 	18893813 651046 0 	495.6 	3 	172
10420400000000 10420500000210 	4400006336 12562735608 676774 	4399329562 676774 0 0 0 	19646460 676774 0 	495.108 	3 	172
10439600000000 10439700000210 	4600006756 13134142237 702049 	4599304707 702049 0 0 0 	20376570 702049 0 	494.659 	3 	172
10458800000000 10458900000210 	4800007176 13705574548 726901 	4799280275 726901 0 0 0 	21098479 726901 0 	494.249 	3 	172
10478000000000 10478100000381 	5000007938 14277019301 751581 	4999256357 751581 0 0 0 	21812018 751581 0 	493.705 	3 	172
10497200000000 10497300000381 	5200008700 14848535422 775770 	5199232930 775770 0 0 0 	22519927 775770 0 	493.204 	3 	172
10516400000000 10516500000381 	5400009462 15420057973 799569 	5399209893 799569 0 0 0 	23204496 799569 0 	492.741 	3 	172
10535600000000 10535700000381 	5600010224 15991581481 822877 	5599187347 822877 0 0 0 	23883595 822877 0 	492.312 	3 	172
10554800000000 10554900000468 	5800011160 16563211887 845931 	5799165229 845931 0 0 0 	24551989 845931 0 	491.804 	3 	172
10574000000000 10574100000468 	6000012096 17134790499 868778 	5999143318 868778 0 0 0 	25216041 868778 0 	491.331 	3 	172
10593200000000 10593300000468 	6200013032 17706490157 891230 	6199121802 891230 0 0 0 	25867449 891230 0 	490.89 	3 	172
10612400000000 10612500000468 	6400013968 18278184773 913334 	6399100634 913334 0 0 0 	26507072 913334 0 	490.476 	3 	172
10631600000000 10631700000254 	6600014476 18849870617 934559 	6599079917 934559 0 0 0 	27117388 934559 0 	489.96 	3 	172
10650800000000 10650900000254 	6800014984 19421684453 955950 	6799059034 955950 0 0 0 	27740371 955950 0 	489.476 	3 	172
10670000000000 10670100000254 	7000015492 19993468133 976713 	6999038779 976713 0 0 0 	28345639 976713 0 	489.019 	3 	172
10689200000000 10689300000254 	7200016000 20565268447 997464 	7199018536 997464 0 0 0 	28949059 997464 0 	488.589 	3 	172
10708400000000 10708500000365 	7400016730 21137073675 1017779 	7398998951 1017779 0 0 0 	29536793 1017779 0 	488.097 	3 	172
10727600000000 10727700000365 	7600017460 21708941501 1037483 	7598979977 1037483 0 0 0 	30112482 1037483 0 	487.631 	3 	172
10746800000000 10746900000365 	7800018190 22280820343 1056932 	7798961258 1056932 0 0 0 	30677091 1056932 0 	487.19 	3 	172
10766000000000 10766100000365 	8000018920 22852755816 1076417 	7998942503 1076417 0 0 0 	31240939 1076417 0 	486.771 	3 	172
10785200000000 10785300000368 	8200019656 23424731056 1095373 	8198924283 1095373 0 0 0 	31791710 1095373 0 	486.296 	3 	172
10804400000000 10804500000368 	8400020392 23996712191 1114133 	8398906259 1114133 0 0 0 	32339203 1114133 0 	485.844 	3 	172
10823600000000 10823700000368 	8600021128 24568720607 1132507 	8598888621 1132507 0 0 0 	32878943 1132507 0 	485.413 	3 	172
10842800000000 10842900000368 	8800021864 25140785560 1150637 	8798871227 1150637 0 0 0 	33405782 1150637 0 	485.003 	3 	172
10862000000000 10862100000352 	9000022568 25712869989 1168434 	8998854134 1168434 0 0 0 	33918625 1168434 0 	484.516 	3 	172
10881200000000 10881300000352 	9200023272 26284958902 1185891 	9198837381 1185891 0 0 0 	34422827 1185891 0 	484.05 	3 	172
10900400000000 10900500000352 	9400023976 26857190096 1203351 	9398820625 1203351 0 0 0 	34934254 1203351 0 	483.606 	3 	172
10919600000000 10919700000352 	9600024680 27429411696 1220394 	9598804286 1220394 0 0 0 	35424326 1220394 0 	483.18 	3 	172
10938800000000 10938900000352 	9800025384 28001620941 1237375 	9798788009 1237375 0 0 0 	35915844 1237375 0 	482.773 	3 	172
10958000000000 10958100000120 	10000025624 28573862897 1253675 	9998771949 1253675 0 0 0 	36388214 1253675 0 	482.317 	3 	172
10977200000000 10977300000120 	10200025864 29146186605 1269851 	10198756013 1269851 0 0 0 	36852368 1269851 0 	481.881 	3 	172
10996400000000 10996500000120 	10400026104 29718529290 1285659 	10398740445 1285659 0 0 0 	37313081 1285659 0 	481.461 	3 	172
11015600000000 11015700000120 	10600026344 30290876563 1301257 	10598725087 1301257 0 0 0 	37763551 1301257 0 	481.058 	3 	172
11034800000000 11034900000178 	10800026700 30863266843 1316554 	10798710146 1316554 0 0 0 	38205227 1316554 0 	480.61 	3 	172
11054000000000 11054100000178 	11000027056 31435644907 1331564 	10998695492 1331564 0 0 0 	38637207 1331564 0 	480.179 	3 	172
11073200000000 11073300000178 	11200027412 32008073994 1346572 	11198680840 1346572 0 0 0 	39073229 1346572 0 	479.764 	3 	172
11092400000000 11092500000178 	11400027768 32580567014 1361224 	11398666544 1361224 0 0 0 	39503198 1361224 0 	479.365 	3 	172
11111600000000 11111700000355 	11600028478 33153014823 1375537 	11598652941 1375537 0 0 0 	39924138 1375537 0 	478.923 	3 	172
11130800000000 11130900000355 	11800029188 33725483964 1389705 	11798639483 1389705 0 0 0 	40333756 1389705 0 	478.496 	3 	172
11150000000000 11150100000355 	12000029898 34298045966 1403500 	11998626398 1403500 0 0 0 	40733754 1403500 0 	478.085 	3 	172
11169200000000 11169300000355 	12200030608 34870655703 1417099 	12198613509 1417099 0 0 0 	41130403 1417099 0 	477.687 	3 	172
11188400000000 11188500000230 	12400031068 35443345054 1430893 	12398600175 1430893 0 0 0 	41536219 1430893 0 	477.232 	3 	172
11207600000000 11207700000230 	12600031528 36015923977 1443976 	12598587552 1443976 0 0 0 	41908423 1443976 0 	476.792 	3 	172
11226800000000 11226900000230 	12800031988 36588638630 1457086 	12798574902 1457086 0 0 0 	42283712 1457086 0 	476.366 	3 	172
11246000000000 11246100000230 	13000032448 37161332903 1469981 	12998562467 1469981 0 0 0 	42648391 1469981 0 	475.954 	3 	172
11265200000000 11265300000320 	13200033088 37734091423 1482878 	13198550210 1482878 0 0 0 	43031714 1482878 0 	475.505 	3 	172
11284400000000 11284500000320 	13400033728 38306887769 1495245 	13398538483 1495245 0 0 0 	43387721 1495245 0 	475.069 	3 	172
11303600000000 11303700000320 	13600034368 38879715332 1507581 	13598526787 1507581 0 0 0 	43746560 1507581 0 	474.648 	3 	172
11322800000000 11322900000320 	13800035008 39452526478 1519685 	13798515323 1519685 0 0 0 	44096585 1519685 0 	474.239 	3 	172
11342000000000 11342100000400 	14000035808 40025358917 1531571 	13998504237 1531571 0 0 0 	44436476 1531571 0 	473.794 	3 	172
11361200000000 11361300000400 	14200036608 40598222295 1543168 	14198493440 1543168 0 0 0 	44772753 1543168 0 	473.363 	3 	172
11380400000000 11380500000400 	14400037408 41171142846 1554637 	14398482771 1554637 0 0 0 	45101854 1554637 0 	472.944 	3 	172
11399600000000 11399700000400 	14600038208 41744197423 1565960 	14598472248 1565960 0 0 0 	45430636 1565960 0 	472.537 	3 	172
11418800000000 11418900000290 	14800038788 42317209395 1577161 	14798461627 1577161 0 0 0 	45753403 1577161 0 	472.097 	3 	172
11438000000000 11438100000290 	15000039368 42890177376 1588259 	14998451109 1588259 0 0 0 	46073822 1588259 0 	471.668 	3 	172
11457200000000 11457300000290 	15200039948 43463236088 1599110 	15198440838 1599110 0 0 0 	46390292 1599110 0 	471.252 	3 	172
11476400000000 11476500000290 	15400040528 44036322511 1609584 	15398430944 1609584 0 0 0 	46695272 1609584 0 	470.848 	3 	172
11495600000000 11495700000249 	15600041026 44609438947 1619961 	15598421065 1619961 0 0 0 	47000244 1619961 0 	470.41 	3 	172
11514800000000 11514900000249 	15800041524 45182610163 1630161 	15798411363 1630161 0 0 0 	47298735 1630161 0 	469.984 	3 	172
11534000000000 11534100000249 	16000042022 45755856621 1640426 	15998401596 1640426 0 0 0 	47598719 1640426 0 	469.57 	3 	172
11553200000000 11553300000249 	16200042520 46329050104 1650541 	16198391979 1650541 0 0 0 	47895381 1650541 0 	469.167 	3 	172
11572400000000 11572500000088 	16400042696 46902287457 1660492 	16398382204 1660492 0 0 0 	48187379 1660492 0 	468.732 	3 	172
11591600000000 11591700000088 	16600042872 47475540921 1669919 	16598372953 1669919 0 0 0 	48463715 1669919 0 	468.308 	3 	172
11610800000000 11610900000088 	16800043048 48048819673 1679433 	16798363615 1679433 0 0 0 	48734153 1679433 0 	467.896 	3 	172
11630000000000 11630100000088 	17000043224 48622149100 1688888 	16998354336 1688888 0 0 0 	49007714 1688888 0 	467.493 	3 	172
11649200000000 11649300000110 	17200043444 49195478027 1697965 	17198345479 1697965 0 0 0 	49269484 1697965 0 	467.074 	3 	172
11668400000000 11668500000110 	17400043664 49768888362 1707063 	17398336601 1707063 0 0 0 	49530791 1707063 0 	466.665 	3 	172
11687600000000 11687700000110 	17600043884 50342276297 1715928 	17598327956 1715928 0 0 0 	49791269 1715928 0 	466.267 	3 	172
11706800000000 11706900000110 	17800044104 50915703674 1724587 	17798319517 1724587 0 0 0 	50044704 1724587 0 	465.877 	3 	172
11726000000000 11726100000189 	18000044482 51489221120 1733371 	17998311111 1733371 0 0 0 	50299731 1733371 0 	465.459 	3 	172
11745200000000 11745300000189 	18200044860 52062695648 1741944 	18198302916 1741944 0 0 0 	50550998 1741944 0 	465.05 	3 	172
11764400000000 11764500000100 	18400045060 52636191984 1746135 	18398298925 1746135 0 0 0 	50674124 1746135 0 	464.288 	3 	172
11783600000000 11783700000314 	18600045688 53209676951 1750266 	18598295422 1750266 0 0 0 	50797353 1750266 0 	463.515 	3 	172
11802800000000 11802900000314 	18800046316 53783248422 1754159 	18798292157 1754159 0 0 0 	50911499 1754159 0 	462.762 	3 	172
11822000000000 11822100000314 	19000046944 54356836956 1758140 	18998288804 1758140 0 0 0 	51029017 1758140 0 	462.027 	3 	172
11841200000000 11841300000314 	19200047572 54930434254 1761964 	19198285608 1761964 0 0 0 	51142328 1761964 0 	461.309 	3 	172
11860400000000 11860500000173 	19400047918 55504089621 1765875 	19398282043 1765875 0 0 0 	51256654 1765875 0 	460.568 	3 	172
11879600000000 11879700000173 	19600048264 56077729893 1769685 	19598278579 1769685 0 0 0 	51366534 1769685 0 	459.844 	3 	172
11898800000000 11898900000173 	19800048610 56651426003 1773534 	19798275076 1773534 0 0 0 	51475886 1773534 0 	459.137 	3 	172
11918000000000 11918100000173 	20000048956 57225168653 1777351 	19998271605 1777351 0 0 0 	51583621 1777351 0 	458.446 	3 	172
11937200000000 11937300000330 	20200049616 57798910619 1780950 	20198268666 1780950 0 0 0 	51687545 1780950 0 	457.744 	3 	172
11956400000000 11956500000330 	20400050276 58372755349 1784531 	20398265745 1784531 0 0 0 	51792677 1784531 0 	457.059 	3 	172
11975600000000 11975700000330 	20600050936 58946649031 1787902 	20598263034 1787902 0 0 0 	51892529 1787902 0 	456.388 	3 	172
11994800000000 11994900000330 	20800051596 59520542636 1791256 	20798260340 1791256 0 0 0 	51989936 1791256 0 	455.733 	3 	172
12014000000000 12014100000352 	21000052300 60094381855 1794564 	20998257736 1794564 0 0 0 	52084462 1794564 0 	455.054 	3 	172
12033200000000 12033300000352 	21200053004 60668275742 1797941 	21198255063 1797941 0 0 0 	52183172 1797941 0 	454.39 	3 	172
12052400000000 12052500000352 	21400053708 61242227040 1801160 	21398252548 1801160 0 0 0 	52276352 1801160 0 	453.74 	3 	172
12071600000000 12071700000352 	21600054412 61816279347 1804386 	21598250026 1804386 0 0 0 	52371489 1804386 0 	453.103 	3 	172
12090800000000 12090900000376 	21800055164 62390283208 1807521 	21798247643 1807521 0 0 0 	52463937 1807521 0 	452.456 	3 	172
12110000000000 12110100000376 	22000055916 62964312546 1810564 	21998245352 1810564 0 0 0 	52551938 1810564 0 	451.823 	3 	172
12129200000000 12129300000376 	22200056668 63538397070 1813558 	22198243110 1813558 0 0 0 	52639660 1813558 0 	451.203 	3 	172
12148400000000 12148500000290 	22400057248 64112550552 1816520 	22398240728 1816520 0 0 0 	52723671 1816520 0 	450.571 	3 	172
12167600000000 12167700000290 	22600057828 64686718481 1819381 	22598238447 1819381 0 0 0 	52806603 1819381 0 	449.953 	3 	172
12186800000000 12186900000290 	22800058408 65260891154 1822185 	22798236223 1822185 0 0 0 	52886113 1822185 0 	449.347 	3 	172
12206000000000 12206100000290 	23000058988 65835141106 1824999 	22998233989 1824999 0 0 0 	52969210 1824999 0 	448.753 	3 	172
12225200000000 12225300000026 	23200059040 66409364592 1827773 	23198231267 1827773 0 0 0 	53051290 1827773 0 	448.137 	3 	172
12244400000000 12244500000026 	23400059092 66983574217 1830601 	23398228491 1830601 0 0 0 	53131063 1830601 0 	447.532 	3 	172
12263600000000 12263700000026 	23600059144 67557782176 1833355 	23598225789 1833355 0 0 0 	53211032 1833355 0 	446.94 	3 	172
12282800000000 12282900000026 	23800059196 68132119366 1836011 	23798223185 1836011 0 0 0 	53288669 1836011 0 	446.359 	3 	172
12302000000000 12302100000285 	24000059766 68706523161 1838645 	23998221121 1838645 0 0 0 	53366949 1838645 0 	445.767 	3 	172
12321200000000 12321300000285 	24200060336 69280886467 1841200 	24198219136 1841200 0 0 0 	53439898 1841200 0 	445.186 	3 	172
12340400000000 12340500000285 	24400060906 69855354255 1843662 	24398217244 1843662 0 0 0 	53510162 1843662 0 	444.617 	3 	172
12359600000000 12359700000285 	24600061476 70429784763 1846124 	24598215352 1846124 0 0 0 	53584986 1846124 0 	444.057 	3 	172
12378800000000 12378900000151 	24800061778 71004229079 1848561 	24798213217 1848561 0 0 0 	53655160 1848561 0 	443.487 	3 	172
12398000000000 12398100000151 	25000062080 71578750107 1850944 	24998211136 1850944 0 0 0 	53722534 1850944 0 	442.928 	3 	172
12417200000000 12417300000308 	25200062696 72153577732 1892789 	25198169907 1892789 0 0 0 	54949209 1892789 0 	443.378 	3 	172
12436400000000 12436500000308 	25400063312 72728397413 1934063 	25398129249 1934063 0 0 0 	56151356 1934063 0 	443.823 	3 	172
12455600000000 12455700000308 	25600063928 73303231541 1974845 	25598089083 1974845 0 0 0 	57338827 1974845 0 	444.261 	3 	172
12474800000000 12474900000308 	25800064544 73878182269 2015089 	25798049455 2015089 0 0 0 	58516610 2015089 0 	444.694 	3 	172
12494000000000 12494100000308 	26000065160 74453117591 2054823 	25998010337 2054823 0 0 0 	59674869 2054823 0 	445.121 	3 	172
12513200000000 12513300000152 	26200065464 75028071671 2094148 	26197971316 2094148 0 0 0 	60823840 2094148 0 	445.518 	3 	172
12532400000000 12532500000152 	26400065768 75603055396 2132802 	26397932966 2132802 0 0 0 	61948175 2132802 0 	445.91 	3 	172
12551600000000 12551700000152 	26600066072 76178055704 2170443 	26597895629 2170443 0 0 0 	63056761 2170443 0 	446.297 	3 	172
12570800000000 12570900000152 	26800066376 76753071966 2208160 	26797858216 2208160 0 0 0 	64160066 2208160 0 	446.678 	3 	172
12590000000000 12590100000152 	27000066680 77328186508 2245062 	26997821618 2245062 0 0 0 	65235197 2245062 0 	447.055 	3 	172
12609200000000 12609300000000 	27200066680 77903249427 2281874 	27197784806 2281874 0 0 0 	66308136 2281874 0 	447.403 	3 	172
12628400000000 12628500000000 	27400066680 78478419468 2318042 	27397748638 2318042 0 0 0 	67375334 2318042 0 	447.747 	3 	172
12647600000000 12647700000000 	27600066680 79053537702 2353868 	27597712812 2353868 0 0 0 	68422925 2353868 0 	448.086 	3 	172
12666800000000 12666900000000 	27800066680 79628655724 2389093 	27797677587 2389093 0 0 0 	69454072 2389093 0 	448.421 	3 	172
12686000000000 12686100000000 	28000066680 80203848647 2424149 	27997642531 2424149 0 0 0 	70473580 2424149 0 	448.752 	3 	172
12705200000000 12705300000048 	28200066776 80779037893 2458679 	28197608097 2458679 0 0 0 	71480132 2458679 0 	449.055 	3 	172
12724400000000 12724500000048 	28400066872 81354247866 2492558 	28397574314 2492558 0 0 0 	72473166 2492558 0 	449.355 	3 	172
12743600000000 12743700000048 	28600066968 81929454099 2526061 	28597540907 2526061 0 0 0 	73447809 2526061 0 	449.651 	3 	172
12762800000000 12762900000048 	28800067064 82504709771 2559030 	28797508034 2559030 0 0 0 	74414909 2559030 0 	449.943 	3 	172
12782000000000 12782100000048 	29000067160 83079992932 2591280 	28997475880 2591280 0 0 0 	75355803 2591280 0 	450.231 	3 	172
12801200000000 12801300000476 	29200068112 83655335890 2623566 	29197444546 2623566 0 0 0 	76294711 2623566 0 	450.493 	3 	172
12820400000000 12820500000476 	29400069064 84230694109 2655587 	29397413477 2655587 0 0 0 	77230714 2655587 0 	450.752 	3 	172
12839600000000 12839700000476 	29600070016 84806022379 2686843 	29597383173 2686843 0 0 0 	78145049 2686843 0 	451.007 	3 	172
12858800000000 12858900000476 	29800070968 85381411180 2717716 	29797353252 2717716 0 0 0 	79036989 2717716 0 	451.259 	3 	172
12878000000000 12878100000476 	30000071920 85956835029 2748466 	29997323454 2748466 0 0 0 	79939127 2748466 0 	451.509 	3 	172
12897200000000 12897300000476 	30200072872 86532288674 2778544 	30197294328 2778544 0 0 0 	80815328 2778544 0 	451.755 	3 	172
12916400000000 12916500000011 	30400072894 87107782320 2808345 	30397264549 2808345 0 0 0 	81684404 2808345 0 	451.981 	3 	172
12935600000000 12935700000011 	30600072916 87683291386 2837720 	30597235196 2837720 0 0 0 	82552715 2837720 0 	452.205 	3 	172
12954800000000 12954900000011 	30800072938 88258828914 2867009 	30797205929 2867009 0 0 0 	83406946 2867009 0 	452.426 	3 	172
12974000000000 12974100000011 	31000072960 88834418177 2895604 	30997177356 2895604 0 0 0 	84243251 2895604 0 	452.645 	3 	172
12993200000000 12993300000011 	31200072982 89410064586 2923910 	31197149072 2923910 0 0 0 	85073425 2923910 0 	452.86 	3 	172
13012400000000 13012500000210 	31400073402 89985652965 2951803 	31397121599 2951803 0 0 0 	85892786 2951803 0 	453.052 	3 	172
13031600000000 13031700000210 	31600073822 90561322303 2979445 	31597094377 2979445 0 0 0 	86697318 2979445 0 	453.241 	3 	172
13050800000000 13050900000210 	31800074242 91136993141 3006929 	31797067313 3006929 0 0 0 	87498707 3006929 0 	453.427 	3 	172
13070000000000 13070100000210 	32000074662 91712740402 3033616 	31997041046 3033616 0 0 0 	88274151 3033616 0 	453.612 	3 	172
13089200000000 13089300000210 	32200075082 92288411776 3060093 	32197014989 3060093 0 0 0 	89049957 3060093 0 	453.794 	3 	172
13108400000000 13108500000381 	32400075844 92864181126 3086538 	32396989306 3086538 0 0 0 	89820069 3086538 0 	453.953 	3 	172
13127600000000 13127700000381 	32600076606 93439930205 3112961 	32596963645 3112961 0 0 0 	90587580 3112961 0 	454.11 	3 	172
13146800000000 13146900000381 	32800077368 94015759442 3138526 	32796938842 3138526 0 0 0 	91341251 3138526 0 	454.264 	3 	172
13166000000000 13166100000381 	33000078130 94591555273 3164019 	32996914111 3164019 0 0 0 	92084732 3164019 0 	454.417 	3 	172
13185200000000 13185300000381 	33200078892 95167431941 3188823 	33196890069 3188823 0 0 0 	92805843 3188823 0 	454.569 	3 	172
13204400000000 13204500000468 	33400079828 95743283920 3213564 	33396866264 3213564 0 0 0 	93530303 3213564 0 	454.702 	3 	172
13223600000000 13223700000468 	33600080764 96319184802 3237880 	33596842884 3237880 0 0 0 	94241289 3237880 0 	454.834 	3 	172
13242800000000 13242900000468 	33800081700 96895155762 3261824 	33796819876 3261824 0 0 0 	94936913 3261824 0 	454.965 	3 	172
13262000000000 13262100000468 	34000082636 97471098313 3285889 	33996796747 3285889 0 0 0 	95640426 3285889 0 	455.094 	3 	172
13281200000000 13281300000468 	34200083572 98047098435 3309118 	34196774454 3309118 0 0 0 	96324951 3309118 0 	455.221 	3 	172
13300400000000 13300500000254 	34400084080 98623108620 3332274 	34396751806 3332274 0 0 0 	96996963 3332274 0 	455.326 	3 	172
13319600000000 13319700000254 	34600084588 99199131910 3355105 	34596729483 3355105 0 0 0 	97664815 3355105 0 	455.43 	3 	172
13338800000000 13338900000254 	34800085096 99775115696 3378061 	34796707035 3378061 0 0 0 	98332607 3378061 0 	455.532 	3 	172
13358000000000 13358100000254 	35000085604 100351228062 3400173 	34996685431 3400173 0 0 0 	98973822 3400173 0 	455.634 	3 	172
13377200000000 13377300000254 	35200086112 100927304782 3422024 	35196664088 3422024 0 0 0 	99608308 3422024 0 	455.734 	3 	172
13396400000000 13396500000365 	35400086842 101503450596 3443717 	35396643125 3443717 0 0 0 	100241325 3443717 0 	455.818 	3 	172
13415600000000 13415700000365 	35600087572 102079566848 3465006 	35596622566 3465006 0 0 0 	100867416 3465006 0 	455.9 	3 	172
13434800000000 13434900000365 	35800088302 102655733481 3486125 	35796602177 3486125 0 0 0 	101479222 3486125 0 	455.982 	3 	172
13454000000000 13454100000365 	36000089032 103231972462 3507005 	35996582027 3507005 0 0 0 	102086442 3507005 0 	456.063 	3 	172
13473200000000 13473300000365 	36200089762 103808221381 3527328 	36196562434 3527328 0 0 0 	102682282 3527328 0 	456.143 	3 	172
13492400000000 13492500000368 	36400090498 104384524556 3547706 	36396542792 3547706 0 0 0 	103283130 3547706 0 	456.206 	3 	172
13511600000000 13511700000368 	36600091234 104960808019 3567786 	36596523448 3567786 0 0 0 	103869711 3567786 0 	456.269 	3 	172
13530800000000 13530900000368 	36800091970 105537094082 3587442 	36796504528 3587442 0 0 0 	104447997 3587442 0 	456.331 	3 	172
13550000000000 13550100000368 	37000092706 106113417451 3607161 	36996485545 3607161 0 0 0 	105024177 3607161 0 	456.393 	3 	172
13569200000000 13569300000368 	37200093442 106689776528 3626484 	37196466958 3626484 0 0 0 	105590651 3626484 0 	456.453 	3 	172
13588400000000 13588500000352 	37400094146 107266147657 3645458 	37396448688 3645458 0 0 0 	106141104 3645458 0 	456.493 	3 	172
13607600000000 13607700000352 	37600094850 107842600321 3664113 	37596430737 3664113 0 0 0 	106687008 3664113 0 	456.532 	3 	172
13626800000000 13626900000352 	37800095554 108419031557 3682609 	37796412945 3682609 0 0 0 	107231008 3682609 0 	456.571 	3 	172
13646000000000 13646100000352 	38000096258 108995433292 3700894 	37996395364 3700894 0 0 0 	107768175 3700894 0 	456.61 	3 	172
13665200000000 13665300000352 	38200096962 109571865130 3719004 	38196377958 3719004 0 0 0 	108297389 3719004 0 	456.648 	3 	172
13684400000000 13684500000120 	38400097202 110148377711 3736853 	38396360349 3736853 0 0 0 	108814845 3736853 0 	456.67 	3 	172
13703600000000 13703700000120 	38600097442 110724885848 3754445 	38596342997 3754445 0 0 0 	109324319 3754445 0 	456.693 	3 	172
13722800000000 13722900000120 	38800097682 111301387490 3771595 	38796326087 3771595 0 0 0 	109827523 3771595 0 	456.715 	3 	172
13742000000000 13742100000120 	39000097922 111877922253 3788496 	38996309426 3788496 0 0 0 	110320687 3788496 0 	456.736 	3 	172
13761200000000 13761300000120 	39200098162 112454504429 3805463 	39196292699 3805463 0 0 0 	110808678 3805463 0 	456.758 	3 	172
13780400000000 13780500000178 	39400098518 113031203152 3822070 	39396276448 3822070 0 0 0 	111292198 3822070 0 	456.764 	3 	172
13799600000000 13799700000178 	39600098874 113607823132 3838664 	39596260210 3838664 0 0 0 	111772663 3838664 0 	456.77 	3 	172
13818800000000 13818900000178 	39800099230 114184575465 3854925 	39796244305 3854925 0 0 0 	112248291 3854925 0 	456.777 	3 	172
13838000000000 13838100000178 	40000099586 114761226712 3870841 	39996228745 3870841 0 0 0 	112716697 3870841 0 	456.783 	3 	172
13857200000000 13857300000178 	40200099942 115338003057 3886892 	40196213050 3886892 0 0 0 	113184035 3886892 0 	456.789 	3 	172
13876400000000 13876500000355 	40400100652 115914710846 3902686 	40396197966 3902686 0 0 0 	113644731 3902686 0 	456.78 	3 	172
13895600000000 13895700000355 	40600101362 116491526976 3918259 	40596183103 3918259 0 0 0 	114096576 3918259 0 	456.771 	3 	172
13914800000000 13914900000355 	40800102072 117068301971 3933524 	40796168548 3933524 0 0 0 	114545036 3933524 0 	456.762 	3 	172
13934000000000 13934100000355 	41000102782 117645101492 3948664 	40996154118 3948664 0 0 0 	114988888 3948664 0 	456.754 	3 	172
13953200000000 13953300000355 	41200103492 118221943674 3963698 	41196139794 3963698 0 0 0 	115428456 3963698 0 	456.745 	3 	172
13972400000000 13972500000230 	41400103952 118798728538 3978469 	41396125483 3978469 0 0 0 	115863048 3978469 0 	456.717 	3 	172
13991600000000 13991700000230 	41600104412 119375643903 3992887 	41596111525 3992887 0 0 0 	116288661 3992887 0 	456.689 	3 	172
14010800000000 14010900000230 	41800104872 119952572081 4007288 	41796097584 4007288 0 0 0 	116707033 4007288 0 	456.662 	3 	172
14030000000000 14030100000230 	42000105332 120529475215 4021273 	41996084059 4021273 0 0 0 	117111744 4021273 0 	456.634 	3 	172
14049200000000 14049300000230 	42200105792 121106465282 4035264 	42196070528 4035264 0 0 0 	117524049 4035264 0 	456.607 	3 	172
14068400000000 14068500000320 	42400106432 121683425285 4048934 	42396057498 4048934 0 0 0 	117924400 4048934 0 	456.566 	3 	172
14087600000000 14087700000320 	42600107072 122260403430 4062678 	42596044394 4062678 0 0 0 	118324442 4062678 0 	456.525 	3 	172
14106800000000 14106900000320 	42800107712 122837525714 4075877 	42796031835 4075877 0 0 0 	118711505 4075877 0 	456.484 	3 	172
14126000000000 14126100000320 	43000108352 123414568049 4089094 	42996019258 4089094 0 0 0 	119098730 4089094 0 	456.444 	3 	172
14145200000000 14145300000320 	43200108992 123991651570 4102207 	43196006785 4102207 0 0 0 	119481244 4102207 0 	456.404 	3 	172
14164400000000 14164500000400 	43400109792 124568749914 4115086 	43395994706 4115086 0 0 0 	119855874 4115086 0 	456.35 	3 	172
14183600000000 14183700000400 	43600110592 125145849012 4127951 	43595982641 4127951 0 0 0 	120236232 4127951 0 	456.297 	3 	172
14202800000000 14202900000400 	43800111392 125722937971 4140595 	43795970797 4140595 0 0 0 	120604557 4140595 0 	456.244 	3 	172
14222000000000 14222100000400 	44000112192 126300096629 4153078 	43995959114 4153078 0 0 0 	120971996 4153078 0 	456.192 	3 	172
14241200000000 14241300000400 	44200112992 126877279380 4165428 	44195947564 4165428 0 0 0 	121338311 4165428 0 	456.14 	3 	172
14260400000000 14260500000290 	44400113572 127454446763 4177681 	44395935891 4177681 0 0 0 	121699184 4177681 0 	456.074 	3 	172
14279600000000 14279700000290 	44600114152 128031687262 4189635 	44595924517 4189635 0 0 0 	122046392 4189635 0 	456.009 	3 	172
14298800000000 14298900000290 	44800114732 128608916369 4201429 	44795913303 4201429 0 0 0 	122393526 4201429 0 	455.944 	3 	172
14318000000000 14318100000290 	45000115312 129186195918 4213044 	44995902268 4213044 0 0 0 	122737133 4213044 0 	455.881 	3 	172
14337200000000 14337300000290 	45200115892 129763523711 4224373 	45195891519 4224373 0 0 0 	123068226 4224373 0 	455.817 	3 	172
14356400000000 14356500000249 	45400116390 130340814869 4235709 	45395880681 4235709 0 0 0 	123401648 4235709 0 	455.74 	3 	172
14375600000000 14375700000249 	45600116888 130918222060 4247119 	45595869769 4247119 0 0 0 	123729882 4247119 0 	455.664 	3 	172
14394800000000 14394900000249 	45800117386 131495637911 4258122 	45795859264 4258122 0 0 0 	124055007 4258122 0 	455.589 	3 	172
14414000000000 14414100000249 	46000117884 132073074334 4268957 	45995848927 4268957 0 0 0 	124372466 4268957 0 	455.514 	3 	172
14433200000000 14433300000249 	46200118382 132650495124 4279611 	46195838771 4279611 0 0 0 	124685057 4279611 0 	455.44 	3 	172
14452400000000 14452500000088 	46400118558 133228025572 4290309 	46395828249 4290309 0 0 0 	124995946 4290309 0 	455.352 	3 	172
14471600000000 14471700000088 	46600118734 133805541088 4300976 	46595817758 4300976 0 0 0 	125306780 4300976 0 	455.265 	3 	172
14490800000000 14490900000088 	46800118910 134382965462 4311436 	46795807474 4311436 0 0 0 	125614099 4311436 0 	455.179 	3 	172
14510000000000 14510100000088 	47000119086 134960506434 4321655 	46995797431 4321655 0 0 0 	125910279 4321655 0 	455.094 	3 	172
14529200000000 14529300000088 	47200119262 135538075013 4331858 	47195787404 4331858 0 0 0 	126208301 4331858 0 	455.01 	3 	172
14548400000000 14548500000110 	47400119482 136115671810 4341811 	47395777671 4341811 0 0 0 	126496877 4341811 0 	454.917 	3 	172
14567600000000 14567700000110 	47600119702 136693322458 4351603 	47595768099 4351603 0 0 0 	126784432 4351603 0 	454.825 	3 	172
14586800000000 14586900000110 	47800119922 137271003942 4361167 	47795758755 4361167 0 0 0 	127060594 4361167 0 	454.733 	3 	172
14606000000000 14606100000110 	48000120142 137848666894 4370787 	47995749355 4370787 0 0 0 	127342445 4370787 0 	454.643 	3 	172
14625200000000 14625300000110 	48200120362 138426408019 4380211 	48195740151 4380211 0 0 0 	127613393 4380211 0 	454.553 	3 	172
14644400000000 14644500000189 	48400120740 139004163413 4389528 	48395731212 4389528 0 0 0 	127890368 4389528 0 	454.451 	3 	172
14663600000000 14663700000189 	48600121118 139581920112 4398936 	48595722182 4398936 0 0 0 	128170752 4398936 0 	454.349 	3 	172
14682800000000 14682900000189 	48800121496 140159748492 4408080 	48795713416 4408080 0 0 0 	128440244 4408080 0 	454.248 	3 	172
14702000000000 14702100000189 	49000121874 140737538587 4417094 	48995704780 4417094 0 0 0 	128701023 4417094 0 	454.148 	3 	172
14721200000000 14721300000189 	49200122252 141315345256 4426093 	49195696159 4426093 0 0 0 	128968583 4426093 0 	454.049 	3 	172
14740400000000 14740500000060 	49400122372 141893191601 4435158 	49395687214 4435158 0 0 0 	129234866 4435158 0 	453.937 	3 	172
14759600000000 14759700000060 	49600122492 142471016822 4443751 	49595678741 4443751 0 0 0 	129484011 4443751 0 	453.826 	3 	172
14778800000000 14778900000060 	49800122612 143048906495 4452407 	49795670205 4452407 0 0 0 	129738411 4452407 0 	453.716 	3 	172
14798000000000 14798100000060 	50000122732 143626857939 4460926 	49995661806 4460926 0 0 0 	129989976 4460926 0 	453.607 	3 	172
14817200000000 14817300000060 	50200122852 144204817745 4469221 	50195653631 4469221 0 0 0 	130232227 4469221 0 	453.499 	3 	172
14836400000000 14836500000060 	50400122972 144782752663 4477588 	50395645384 4477588 0 0 0 	130480641 4477588 0 	453.392 	3 	172
14855600000000 14855700000375 	50600123722 145360732550 4485789 	50595637933 4485789 0 0 0 	130718261 4485789 0 	453.272 	3 	172
14874800000000 14874900000375 	50800124472 145938731963 4493985 	50795630487 4493985 0 0 0 	130954857 4493985 0 	453.154 	3 	172
