10017300000000 10017400000152 	200000304 570683771 36592 	199963712 36592 0 0 0 	1058062 36592 0 	504 	3 	173
10036500000000 10036600000152 	400000608 1141382241 72530 	399928078 72530 0 0 0 	2108125 72530 0 	504 	3 	173
10055700000000 10055800000152 	600000912 1712161994 107842 	599893070 107842 0 0 0 	3129985 107842 0 	504 	3 	173
10074900000000 10075000000152 	800001216 2282903497 142169 	799859047 142169 0 0 0 	4124393 142169 0 	504 	3 	173
10094100000000 10094200000000 	1000001216 2853731621 176337 	999824879 176337 0 0 0 	5118632 176337 0 	503.195 	3 	173
10113300000000 10113400000000 	1200001216 3424609322 210326 	1199790890 210326 0 0 0 	6102374 210326 0 	502.66 	3 	173
10132500000000 10132600000000 	1400001216 3995519268 243185 	1399758031 243185 0 0 0 	7050554 243185 0 	502.278 	3 	173
10151700000000 10151800000000 	1600001216 4566481630 275527 	1599725689 275527 0 0 0 	7984481 275527 0 	501.992 	3 	173
10170900000000 10171000000048 	1800001312 5137402787 307675 	1799693637 307675 0 0 0 	8910530 307675 0 	501.319 	3 	173
10190100000000 10190200000048 	2000001408 5708430409 339264 	1999662144 339264 0 0 0 	9824740 339264 0 	500.782 	3 	173
10209300000000 10209400000048 	2200001504 6279410870 369890 	2199631614 369890 0 0 0 	10706757 369890 0 	500.344 	3 	173
10228500000000 10228600000048 	2400001600 6850424687 400262 	2399601338 400262 0 0 0 	11583004 400262 0 	499.979 	3 	173
10247700000000 10247800000476 	2600002552 7421478913 430130 	2599572422 430130 0 0 0 	12454449 430130 0 	499.356 	3 	173
10266900000000 10267000000476 	2800003504 7992535184 459588 	2799543916 459588 0 0 0 	13311341 459588 0 	498.823 	3 	173
10286100000000 10286200000476 	3000004456 8563672129 488749 	2999515707 488749 0 0 0 	14152621 488749 0 	498.362 	3 	173
10305300000000 10305400000476 	3200005408 9134800309 517455 	3199487953 517455 0 0 0 	14984919 517455 0 	497.96 	3 	173
10324500000000 10324600000011 	3400005430 9705986287 545417 	3399460013 545417 0 0 0 	15793580 545417 0 	497.424 	3 	173
10343700000000 10343800000011 	3600005452 10277224324 573065 	3599432387 573065 0 0 0 	16590332 573065 0 	496.948 	3 	173
10362900000000 10363000000011 	3800005474 10848504629 600023 	3799405451 600023 0 0 0 	17367168 600023 0 	496.523 	3 	173
10382100000000 10382200000011 	4000005496 11419793751 626826 	3999378670 626826 0 0 0 	18144227 626826 0 	496.142 	3 	173
10401300000000 10401400000210 	4200005916 11991109585 652998 	4199352918 652998 0 0 0 	18911197 652998 0 	495.6 	3 	173
10420500000000 10420600000210 	4400006336 12562444858 678665 	4399327671 678665 0 0 0 	19652209 678665 0 	495.108 	3 	173
10439700000000 10439800000210 	4600006756 13133796765 704141 	4599302615 704141 0 0 0 	20393572 704141 0 	494.659 	3 	173
10458900000000 10459000000210 	4800007176 13705160084 729010 	4799278166 729010 0 0 0 	21118027 729010 0 	494.249 	3 	173
10478100000000 10478200000381 	5000007938 14276645871 753826 	4999254112 753826 0 0 0 	21837884 753826 0 	493.705 	3 	173
10497300000000 10497400000381 	5200008700 14848124140 778041 	5199230659 778041 0 0 0 	22541101 778041 0 	493.204 	3 	173
10516500000000 10516600000381 	5400009462 15419619987 801983 	5399207479 801983 0 0 0 	23228052 801983 0 	492.741 	3 	173
10535700000000 10535800000381 	5600010224 15991255857 825386 	5599184838 825386 0 0 0 	23909080 825386 0 	492.312 	3 	173
10554900000000 10555000000468 	5800011160 16562880146 848346 	5799162814 848346 0 0 0 	24582464 848346 0 	491.804 	3 	173
10574100000000 10574200000468 	6000012096 17134514620 870979 	5999141117 870979 0 0 0 	25240740 870979 0 	491.331 	3 	173
10593300000000 10593400000468 	6200013032 17706102789 893426 	6199119606 893426 0 0 0 	25883105 893426 0 	490.89 	3 	173
10612500000000 10612600000468 	6400013968 18277764689 915772 	6399098196 915772 0 0 0 	26538463 915772 0 	490.476 	3 	173
10631700000000 10631800000254 	6600014476 18849444693 937455 	6599077021 937455 0 0 0 	27163026 937455 0 	489.96 	3 	173
10650900000000 10651000000254 	6800014984 19421189422 958908 	6799056076 958908 0 0 0 	27780728 958908 0 	489.476 	3 	173
10670100000000 10670200000254 	7000015492 19992954795 979673 	6999035819 979673 0 0 0 	28384409 979673 0 	489.019 	3 	173
10689300000000 10689400000254 	7200016000 20564796981 1000249 	7199015751 1000249 0 0 0 	28984237 1000249 0 	488.589 	3 	173
10708500000000 10708600000365 	7400016730 21136695686 1020297 	7398996433 1020297 0 0 0 	29567247 1020297 0 	488.097 	3 	173
10727700000000 10727800000365 	7600017460 21708606812 1040382 	7598977078 1040382 0 0 0 	30147528 1040382 0 	487.631 	3 	173
10746900000000 10747000000365 	7800018190 22280527497 1060203 	7798957987 1060203 0 0 0 	30723973 1060203 0 	487.19 	3 	173
10766100000000 10766200000365 	8000018920 22852495703 1079673 	7998939247 1079673 0 0 0 	31291540 1079673 0 	486.771 	3 	173
10785300000000 10785400000368 	8200019656 23424443363 1098650 	8198921006 1098650 0 0 0 	31845582 1098650 0 	486.296 	3 	173
10804500000000 10804600000368 	8400020392 23996404991 1117080 	8398903312 1117080 0 0 0 	32376785 1117080 0 	485.844 	3 	173
10823700000000 10823800000368 	8600021128 24568434574 1135562 	8598885566 1135562 0 0 0 	32914071 1135562 0 	485.413 	3 	173
10842900000000 10843000000368 	8800021864 25140548858 1153858 	8798868006 1153858 0 0 0 	33451929 1153858 0 	485.003 	3 	173
10862100000000 10862200000352 	9000022568 25712645515 1171496 	8998851072 1171496 0 0 0 	33956826 1171496 0 	484.516 	3 	173
10881300000000 10881400000352 	9200023272 26284779611 1188935 	9198834337 1188935 0 0 0 	34466607 1188935 0 	484.05 	3 	173
10900500000000 10900600000352 	9400023976 26856890492 1205956 	9398818020 1205956 0 0 0 	34955833 1205956 0 	483.606 	3 	173
10919700000000 10919800000352 	9600024680 27429051096 1222807 	9598801873 1222807 0 0 0 	35432575 1222807 0 	483.18 	3 	173
10938900000000 10939000000183 	9800025046 28001328140 1239768 	9798785278 1239768 0 0 0 	35928795 1239768 0 	482.713 	3 	173
10958100000000 10958200000120 	10000025286 28573564358 1256216 	9998769070 1256216 0 0 0 	36401416 1256216 0 	482.258 	3 	173
10977300000000 10977400000120 	10200025526 29145848216 1272350 	10198753176 1272350 0 0 0 	36865416 1272350 0 	481.823 	3 	173
10996500000000 10996600000120 	10400025766 29718146321 1288144 	10398737622 1288144 0 0 0 	37321011 1288144 0 	481.405 	3 	173
11015700000000 11015800000120 	10600026006 30290564132 1303707 	10598722299 1303707 0 0 0 	37772889 1303707 0 	481.003 	3 	173
11034900000000 11035000000178 	10800026362 30862951148 1319065 	10798707297 1319065 0 0 0 	38222319 1319065 0 	480.556 	3 	173
11054100000000 11054200000178 	11000026718 31435359112 1334463 	10998692255 1334463 0 0 0 	38668607 1334463 0 	480.126 	3 	173
11073300000000 11073400000178 	11200027074 32007811505 1349407 	11198677667 1349407 0 0 0 	39102334 1349407 0 	479.712 	3 	173
11092500000000 11092600000178 	11400027430 32580302637 1364041 	11398663389 1364041 0 0 0 	39529973 1364041 0 	479.314 	3 	173
11111700000000 11111800000355 	11600028140 33152811786 1378664 	11598649476 1378664 0 0 0 	39952784 1378664 0 	478.872 	3 	173
11130900000000 11131000000355 	11800028850 33725399831 1392961 	11798635889 1392961 0 0 0 	40366396 1392961 0 	478.447 	3 	173
11150100000000 11150200000355 	12000029560 34297935990 1406968 	11998622592 1406968 0 0 0 	40772493 1406968 0 	478.036 	3 	173
11169300000000 11169400000355 	12200030270 34870556945 1420600 	12198609670 1420600 0 0 0 	41171451 1420600 0 	477.64 	3 	173
11188500000000 11188600000230 	12400030730 35443187818 1434009 	12398596721 1434009 0 0 0 	41560355 1434009 0 	477.185 	3 	173
11207700000000 11207800000230 	12600031190 36015899152 1447531 	12598583659 1447531 0 0 0 	41949417 1447531 0 	476.746 	3 	173
11226900000000 11227000000230 	12800031650 36588542362 1460640 	12798571010 1460640 0 0 0 	42332682 1460640 0 	476.321 	3 	173
11246100000000 11246200000230 	13000032110 37161227667 1473616 	12998558494 1473616 0 0 0 	42709412 1473616 0 	475.91 	3 	173
11265300000000 11265400000320 	13200032750 37733999557 1486474 	13198546276 1486474 0 0 0 	43078795 1486474 0 	475.461 	3 	173
11284500000000 11284600000320 	13400033390 38306734020 1498829 	13398534561 1498829 0 0 0 	43436524 1498829 0 	475.027 	3 	173
11303700000000 11303800000320 	13600034030 38879507073 1511143 	13598522887 1511143 0 0 0 	43791052 1511143 0 	474.605 	3 	173
11322900000000 11323000000320 	13800034670 39452433252 1523140 	13798511530 1523140 0 0 0 	44142779 1523140 0 	474.197 	3 	173
11342100000000 11342200000400 	14000035470 40025307756 1535028 	13998500442 1535028 0 0 0 	44492689 1535028 0 	473.753 	3 	173
11361300000000 11361400000400 	14200036270 40598189139 1546907 	14198489363 1546907 0 0 0 	44842234 1546907 0 	473.323 	3 	173
11380500000000 11380600000400 	14400037070 41171120922 1558536 	14398478534 1558536 0 0 0 	45175320 1558536 0 	472.905 	3 	173
11399700000000 11399800000400 	14600037870 41744078264 1569740 	14598468130 1569740 0 0 0 	45499570 1569740 0 	472.499 	3 	173
11418900000000 11419000000290 	14800038450 42317088463 1581030 	14798457420 1581030 0 0 0 	45826361 1581030 0 	472.058 	3 	173
11438100000000 11438200000290 	15000039030 42890134026 1592154 	14998446876 1592154 0 0 0 	46153784 1592154 0 	471.631 	3 	173
11457300000000 11457400000290 	15200039610 43463201773 1603143 	15198436467 1603143 0 0 0 	46473708 1603143 0 	471.215 	3 	173
11476500000000 11476600000290 	15400040190 44036260326 1613793 	15398426397 1613793 0 0 0 	46780345 1613793 0 	470.811 	3 	173
11495700000000 11495800000249 	15600040688 44609324302 1624028 	15598416660 1624028 0 0 0 	47077570 1624028 0 	470.374 	3 	173
11514900000000 11515000000249 	15800041186 45182538179 1634520 	15798406666 1634520 0 0 0 	47380246 1634520 0 	469.949 	3 	173
11534100000000 11534200000249 	16000041684 45755668373 1644584 	15998397100 1644584 0 0 0 	47671651 1644584 0 	469.535 	3 	173
11553300000000 11553400000249 	16200042182 46328857151 1654651 	16198387531 1654651 0 0 0 	47961022 1654651 0 	469.132 	3 	173
11572500000000 11572600000088 	16400042358 46902112574 1664501 	16398377857 1664501 0 0 0 	48245554 1664501 0 	468.698 	3 	173
11591700000000 11591800000088 	16600042534 47475382955 1674097 	16598368437 1674097 0 0 0 	48522179 1674097 0 	468.275 	3 	173
11610900000000 11611000000088 	16800042710 48048614188 1683424 	16798359286 1683424 0 0 0 	48797776 1683424 0 	467.863 	3 	173
11630100000000 11630200000088 	17000042886 48621955422 1692733 	16998350153 1692733 0 0 0 	49068413 1692733 0 	467.461 	3 	173
11649300000000 11649400000110 	17200043106 49195294281 1701886 	17198341220 1701886 0 0 0 	49337252 1701886 0 	467.042 	3 	173
11668500000000 11668600000110 	17400043326 49768700756 1710859 	17398332467 1710859 0 0 0 	49597246 1710859 0 	466.634 	3 	173
11687700000000 11687800000110 	17600043546 50342081744 1719784 	17598323762 1719784 0 0 0 	49852025 1719784 0 	466.235 	3 	173
11706900000000 11707000000110 	17800043766 50915538458 1728616 	17798315150 1728616 0 0 0 	50110490 1728616 0 	465.846 	3 	173
11726100000000 11726200000189 	18000044144 51488999657 1737121 	17998307023 1737121 0 0 0 	50354887 1737121 0 	465.428 	3 	173
11745300000000 11745400000189 	18200044522 52062487644 1745554 	18198298968 1745554 0 0 0 	50602349 1745554 0 	465.02 	3 	173
11764500000000 11764600000100 	18400044722 52635947987 1749805 	18398294917 1749805 0 0 0 	50724837 1749805 0 	464.258 	3 	173
11783700000000 11783800000314 	18600045350 53209481425 1753973 	18598291377 1753973 0 0 0 	50844550 1753973 0 	463.486 	3 	173
11802900000000 11803000000314 	18800045978 53783034353 1758025 	18798287953 1758025 0 0 0 	50965445 1758025 0 	462.733 	3 	173
11822100000000 11822200000314 	19000046606 54356638828 1761947 	18998284659 1761947 0 0 0 	51082017 1761947 0 	461.998 	3 	173
11841300000000 11841400000314 	19200047234 54930240950 1765845 	19198281389 1765845 0 0 0 	51194830 1765845 0 	461.281 	3 	173
11860500000000 11860600000173 	19400047580 55503951268 1769720 	19398277860 1769720 0 0 0 	51308788 1769720 0 	460.54 	3 	173
11879700000000 11879800000173 	19600047926 56077638725 1773542 	19598274384 1773542 0 0 0 	51418578 1773542 0 	459.817 	3 	173
11898900000000 11899000000173 	19800048272 56651367116 1777293 	19798270979 1777293 0 0 0 	51526603 1777293 0 	459.11 	3 	173
11918100000000 11918200000173 	20000048618 57225083171 1780921 	19998267697 1780921 0 0 0 	51632377 1780921 0 	458.419 	3 	173
11937300000000 11937400000330 	20200049278 57798846583 1784504 	20198264774 1784504 0 0 0 	51736927 1784504 0 	457.718 	3 	173
11956500000000 11956600000330 	20400049938 58372625129 1787960 	20398261978 1787960 0 0 0 	51837537 1787960 0 	457.033 	3 	173
11975700000000 11975800000330 	20600050598 58946435654 1791423 	20598259175 1791423 0 0 0 	51940877 1791423 0 	456.363 	3 	173
11994900000000 11995000000330 	20800051258 59520263781 1794889 	20798256369 1794889 0 0 0 	52040718 1794889 0 	455.707 	3 	173
12014100000000 12014200000352 	21000051962 60094196761 1798170 	20998253792 1798170 0 0 0 	52136642 1798170 0 	455.029 	3 	173
12033300000000 12033400000352 	21200052666 60668109427 1801440 	21198251226 1801440 0 0 0 	52235290 1801440 0 	454.365 	3 	173
12052500000000 12052600000352 	21400053370 61242035729 1804688 	21398248682 1804688 0 0 0 	52332506 1804688 0 	453.715 	3 	173
12071700000000 12071800000352 	21600054074 61816104033 1807867 	21598246207 1807867 0 0 0 	52427119 1807867 0 	453.079 	3 	173
12090900000000 12091000000376 	21800054826 62390178942 1810989 	21798243837 1810989 0 0 0 	52520129 1810989 0 	452.433 	3 	173
12110100000000 12110200000376 	22000055578 62964226759 1814077 	21998241501 1814077 0 0 0 	52607284 1814077 0 	451.799 	3 	173
12129300000000 12129400000376 	22200056330 63538294954 1817216 	22198239114 1817216 0 0 0 	52700529 1817216 0 	451.179 	3 	173
12148500000000 12148600000290 	22400056910 64112379281 1820214 	22398236696 1820214 0 0 0 	52788243 1820214 0 	450.548 	3 	173
12167700000000 12167800000290 	22600057490 64686573795 1823137 	22598234353 1823137 0 0 0 	52874294 1823137 0 	449.93 	3 	173
12186900000000 12187000000290 	22800058070 65260773706 1826060 	22798232010 1826060 0 0 0 	52959651 1826060 0 	449.324 	3 	173
12206100000000 12206200000290 	23000058650 65834898138 1828872 	22998229778 1828872 0 0 0 	53041899 1828872 0 	448.731 	3 	173
12225300000000 12225400000026 	23200058702 66409181448 1831651 	23198227051 1831651 0 0 0 	53122804 1831651 0 	448.115 	3 	173
12244500000000 12244600000026 	23400058754 66983419786 1834351 	23398224403 1834351 0 0 0 	53202274 1834351 0 	447.511 	3 	173
12263700000000 12263800000026 	23600058806 67557723372 1837005 	23598221801 1837005 0 0 0 	53276505 1837005 0 	446.918 	3 	173
12282900000000 12283000000026 	23800058858 68132026270 1839632 	23798219226 1839632 0 0 0 	53355166 1839632 0 	446.338 	3 	173
12302100000000 12302200000285 	24000059428 68706377085 1842226 	23998217202 1842226 0 0 0 	53429776 1842226 0 	445.746 	3 	173
12321300000000 12321400000285 	24200059998 69280723249 1844877 	24198215121 1844877 0 0 0 	53508161 1844877 0 	445.165 	3 	173
12340500000000 12340600000285 	24400060568 69855141722 1847329 	24398213239 1847329 0 0 0 	53581230 1847329 0 	444.596 	3 	173
12359700000000 12359800000285 	24600061138 70429589367 1849805 	24598211333 1849805 0 0 0 	53654477 1849805 0 	444.037 	3 	173
12378900000000 12379000000151 	24800061440 71004003422 1852202 	24798209238 1852202 0 0 0 	53723121 1852202 0 	443.467 	3 	173
12398100000000 12398200000151 	25000061742 71578462847 1854581 	24998207161 1854581 0 0 0 	53791459 1854581 0 	442.908 	3 	173
12417300000000 12417400000308 	25200062358 72153297789 1896622 	25198165736 1896622 0 0 0 	55021841 1896622 0 	443.359 	3 	173
12436500000000 12436600000308 	25400062974 72728163983 1937842 	25398125132 1937842 0 0 0 	56218373 1937842 0 	443.803 	3 	173
12455700000000 12455800000308 	25600063590 73303089992 1979039 	25598084551 1979039 0 0 0 	57420505 1979039 0 	444.242 	3 	173
12474900000000 12475000000308 	25800064206 73877986102 2019170 	25798045036 2019170 0 0 0 	58588708 2019170 0 	444.675 	3 	173
12494100000000 12494200000308 	26000064822 74452946421 2058855 	25998005967 2058855 0 0 0 	59759575 2058855 0 	445.101 	3 	173
12513300000000 12513400000152 	26200065126 75027895088 2098181 	26197966945 2098181 0 0 0 	60907916 2098181 0 	445.499 	3 	173
12532500000000 12532600000152 	26400065430 75602898655 2136801 	26397928629 2136801 0 0 0 	62041197 2136801 0 	445.891 	3 	173
12551700000000 12551800000152 	26600065734 76177891740 2175076 	26597890658 2175076 0 0 0 	63152462 2175076 0 	446.278 	3 	173
12570900000000 12571000000152 	26800066038 76752883360 2212873 	26797853165 2212873 0 0 0 	64252609 2212873 0 	446.659 	3 	173
12590100000000 12590200000152 	27000066342 77327900647 2250299 	26997816043 2250299 0 0 0 	65346921 2250299 0 	447.036 	3 	173
12609300000000 12609400000000 	27200066342 77903007048 2287253 	27197779089 2287253 0 0 0 	66416035 2287253 0 	447.385 	3 	173
12628500000000 12628600000000 	27400066342 78478137324 2323559 	27397742783 2323559 0 0 0 	67473564 2323559 0 	447.729 	3 	173
12647700000000 12647800000000 	27600066342 79053266124 2359164 	27597707178 2359164 0 0 0 	68516128 2359164 0 	448.068 	3 	173
12666900000000 12667000000000 	27800066342 79628412427 2394673 	27797671669 2394673 0 0 0 	69548760 2394673 0 	448.403 	3 	173
12686100000000 12686200000000 	28000066342 80203610540 2429542 	27997636800 2429542 0 0 0 	70570836 2429542 0 	448.734 	3 	173
12705300000000 12705400000048 	28200066438 80778809641 2463743 	28197602695 2463743 0 0 0 	71579238 2463743 0 	449.037 	3 	173
12724500000000 12724600000048 	28400066534 81354072144 2497279 	28397569255 2497279 0 0 0 	72561663 2497279 0 	449.337 	3 	173
12743700000000 12743800000048 	28600066630 81929379911 2530698 	28597535932 2530698 0 0 0 	73540730 2530698 0 	449.633 	3 	173
12762900000000 12763000000048 	28800066726 82504681732 2563880 	28797502846 2563880 0 0 0 	74505985 2563880 0 	449.925 	3 	173
12782100000000 12782200000048 	29000066822 83079963724 2596665 	28997470157 2596665 0 0 0 	75466823 2596665 0 	450.213 	3 	173
12801300000000 12801400000476 	29200067774 83655329682 2629456 	29197438318 2629456 0 0 0 	76422471 2629456 0 	450.475 	3 	173
12820500000000 12820600000476 	29400068726 84230690686 2661496 	29397407230 2661496 0 0 0 	77358015 2661496 0 	450.734 	3 	173
12839700000000 12839800000476 	29600069678 84806076015 2692875 	29597376803 2692875 0 0 0 	78270050 2692875 0 	450.99 	3 	173
12858900000000 12859000000476 	29800070630 85381492113 2724107 	29797346523 2724107 0 0 0 	79181544 2724107 0 	451.242 	3 	173
12878100000000 12878200000476 	30000071582 85956913720 2754757 	29997316825 2754757 0 0 0 	80075901 2754757 0 	451.491 	3 	173
12897300000000 12897400000476 	30200072534 86532411325 2784885 	30197287649 2784885 0 0 0 	80958970 2784885 0 	451.738 	3 	173
12916500000000 12916600000011 	30400072556 87107852235 2814881 	30397257675 2814881 0 0 0 	81834426 2814881 0 	451.964 	3 	173
12935700000000 12935800000011 	30600072578 87683406067 2844344 	30597228234 2844344 0 0 0 	82693727 2844344 0 	452.188 	3 	173
12954900000000 12955000000011 	30800072600 88258952886 2873454 	30797199146 2873454 0 0 0 	83543134 2873454 0 	452.409 	3 	173
12974100000000 12974200000011 	31000072622 88834534004 2902244 	30997170378 2902244 0 0 0 	84384938 2902244 0 	452.628 	3 	173
12993300000000 12993400000011 	31200072644 89410180383 2930662 	31197141982 2930662 0 0 0 	85211276 2930662 0 	452.844 	3 	173
13012500000000 13012600000210 	31400073064 89985770227 2958843 	31397114221 2958843 0 0 0 	86034399 2958843 0 	453.035 	3 	173
13031700000000 13031800000210 	31600073484 90561366207 2986281 	31597087203 2986281 0 0 0 	86842636 2986281 0 	453.224 	3 	173
13050900000000 13051000000210 	31800073904 91137018410 3013508 	31797060396 3013508 0 0 0 	87635929 3013508 0 	453.411 	3 	173
13070100000000 13070200000210 	32000074324 91712696861 3040390 	31997033934 3040390 0 0 0 	88424757 3040390 0 	453.596 	3 	173
13089300000000 13089400000210 	32200074744 92288421449 3067002 	32197007742 3067002 0 0 0 	89195811 3067002 0 	453.778 	3 	173
13108500000000 13108600000381 	32400075506 92864072449 3093231 	32396982275 3093231 0 0 0 	89955288 3093231 0 	453.937 	3 	173
13127700000000 13127800000381 	32600076268 93439811215 3119254 	32596957014 3119254 0 0 0 	90712033 3119254 0 	454.093 	3 	173
13146900000000 13147000000381 	32800077030 94015563048 3144701 	32796932329 3144701 0 0 0 	91450834 3144701 0 	454.248 	3 	173
13166100000000 13166200000381 	33000077792 94591426941 3169843 	32996907949 3169843 0 0 0 	92183679 3169843 0 	454.402 	3 	173
13185300000000 13185400000381 	33200078554 95167280223 3194967 	33196883587 3194967 0 0 0 	92915548 3194967 0 	454.553 	3 	173
13204500000000 13204600000468 	33400079490 95743139102 3219604 	33396859886 3219604 0 0 0 	93641790 3219604 0 	454.687 	3 	173
13223700000000 13223800000468 	33600080426 96319056634 3243988 	33596836438 3243988 0 0 0 	94351758 3243988 0 	454.819 	3 	173
13242900000000 13243000000468 	33800081362 96894991354 3267794 	33796813568 3267794 0 0 0 	95047438 3267794 0 	454.949 	3 	173
13262100000000 13262200000468 	34000082298 97470989423 3291501 	33996790797 3291501 0 0 0 	95741267 3291501 0 	455.078 	3 	173
13281300000000 13281400000468 	34200083234 98047051541 3315226 	34196768008 3315226 0 0 0 	96435365 3315226 0 	455.206 	3 	173
13300500000000 13300600000254 	34400083742 98623039878 3338372 	34396745370 3338372 0 0 0 	97110731 3338372 0 	455.311 	3 	173
13319700000000 13319800000254 	34600084250 99199117299 3361311 	34596722939 3361311 0 0 0 	97779365 3361311 0 	455.415 	3 	173
13338900000000 13339000000254 	34800084758 99775102645 3383564 	34796701194 3383564 0 0 0 	98430247 3383564 0 	455.517 	3 	173
13358100000000 13358200000254 	35000085266 100351195208 3405796 	34996679470 3405796 0 0 0 	99081094 3405796 0 	455.619 	3 	173
13377300000000 13377400000254 	35200085774 100927320164 3427733 	35196658041 3427733 0 0 0 	99725991 3427733 0 	455.719 	3 	173
13396500000000 13396600000365 	35400086504 101503404446 3449335 	35396637169 3449335 0 0 0 	100362311 3449335 0 	455.803 	3 	173
13415700000000 13415800000365 	35600087234 102079488171 3470786 	35596616448 3470786 0 0 0 	100989896 3470786 0 	455.885 	3 	173
13434900000000 13435000000365 	35800087964 102655648198 3491782 	35796596182 3491782 0 0 0 	101596611 3491782 0 	455.967 	3 	173
13454100000000 13454200000365 	36000088694 103231836866 3512849 	35996575845 3512849 0 0 0 	102210096 3512849 0 	456.048 	3 	173
13473300000000 13473400000365 	36200089424 103808051955 3533570 	36196555854 3533570 0 0 0 	102815051 3533570 0 	456.128 	3 	173
13492500000000 13492600000368 	36400090160 104384344224 3553892 	36396536268 3553892 0 0 0 	103410879 3553892 0 	456.192 	3 	173
13511700000000 13511800000368 	36600090896 104960625084 3574066 	36596516830 3574066 0 0 0 	104006498 3574066 0 	456.254 	3 	173
13530900000000 13531000000368 	36800091632 105536877972 3593916 	36796497716 3593916 0 0 0 	104582853 3593916 0 	456.317 	3 	173
13550100000000 13550200000368 	37000092368 106113194676 3613382 	36996478986 3613382 0 0 0 	105148503 3613382 0 	456.378 	3 	173
13569300000000 13569400000368 	37200093104 106689481245 3632427 	37196460677 3632427 0 0 0 	105701168 3632427 0 	456.439 	3 	173
13588500000000 13588600000352 	37400093808 107265828164 3651454 	37396442354 3651454 0 0 0 	106263428 3651454 0 	456.479 	3 	173
13607700000000 13607800000352 	37600094512 107842230157 3670127 	37596424385 3670127 0 0 0 	106808610 3670127 0 	456.518 	3 	173
13626900000000 13627000000352 	37800095216 108418642574 3688925 	37796406291 3688925 0 0 0 	107356773 3688925 0 	456.557 	3 	173
13646100000000 13646200000352 	38000095920 108995100889 3707031 	37996388889 3707031 0 0 0 	107886030 3707031 0 	456.596 	3 	173
13665300000000 13665400000352 	38200096624 109571519926 3725255 	38196371369 3725255 0 0 0 	108420488 3725255 0 	456.634 	3 	173
13684500000000 13684600000120 	38400096864 110148035101 3743072 	38396353792 3743072 0 0 0 	108937388 3743072 0 	456.657 	3 	173
13703700000000 13703800000120 	38600097104 110724555713 3760540 	38596336564 3760540 0 0 0 	109451285 3760540 0 	456.679 	3 	173
13722900000000 13723000000120 	38800097344 111301071072 3778080 	38796319264 3778080 0 0 0 	109971841 3778080 0 	456.701 	3 	173
13742100000000 13742200000120 	39000097584 111877660724 3795376 	38996302208 3795376 0 0 0 	110482347 3795376 0 	456.723 	3 	173
13761300000000 13761400000120 	39200097824 112454246564 3812451 	39196285373 3812451 0 0 0 	110978030 3812451 0 	456.744 	3 	173
13780500000000 13780600000178 	39400098180 113030876311 3829006 	39396269174 3829006 0 0 0 	111462699 3829006 0 	456.751 	3 	173
13799700000000 13799800000178 	39600098536 113607551973 3845780 	39596252756 3845780 0 0 0 	111954041 3845780 0 	456.757 	3 	173
13818900000000 13819000000178 	39800098892 114184231935 3862166 	39796236726 3862166 0 0 0 	112430994 3862166 0 	456.763 	3 	173
13838100000000 13838200000178 	40000099248 114760932784 3878101 	39996221147 3878101 0 0 0 	112903889 3878101 0 	456.769 	3 	173
13857300000000 13857400000178 	40200099604 115337628782 3893830 	40196205774 3893830 0 0 0 	113358822 3893830 0 	456.776 	3 	173
13876500000000 13876600000355 	40400100314 115914380911 3909531 	40396190783 3909531 0 0 0 	113819508 3909531 0 	456.767 	3 	173
13895700000000 13895800000355 	40600101024 116491148544 3925141 	40596175883 3925141 0 0 0 	114276600 3925141 0 	456.758 	3 	173
13914900000000 13915000000355 	40800101734 117067933903 3940607 	40796161127 3940607 0 0 0 	114733692 3940607 0 	456.749 	3 	173
13934100000000 13934200000355 	41000102444 117644737792 3955750 	40996146694 3955750 0 0 0 	115180525 3955750 0 	456.741 	3 	173
13953300000000 13953400000355 	41200103154 118221561705 3970788 	41196132366 3970788 0 0 0 	115623355 3970788 0 	456.732 	3 	173
13972500000000 13972600000230 	41400103614 118798443105 3985506 	41396118108 3985506 0 0 0 	116056573 3985506 0 	456.704 	3 	173
13991700000000 13991800000230 	41600104074 119375332385 4000195 	41596103879 4000195 0 0 0 	116484970 4000195 0 	456.676 	3 	173
14010900000000 14011000000230 	41800104534 119952303804 4014620 	41796089914 4014620 0 0 0 	116913895 4014620 0 	456.649 	3 	173
14030100000000 14030200000230 	42000104994 120529253034 4028871 	41996076123 4028871 0 0 0 	117335289 4028871 0 	456.622 	3 	173
14049300000000 14049400000230 	42200105454 121106189934 4042700 	42196062754 4042700 0 0 0 	117736003 4042700 0 	456.595 	3 	173
14068500000000 14068600000320 	42400106094 121683208916 4056466 	42396049628 4056466 0 0 0 	118139626 4056466 0 	456.553 	3 	173
14087700000000 14087800000320 	42600106734 122260194443 4069946 	42596036788 4069946 0 0 0 	118532215 4069946 0 	456.513 	3 	173
14106900000000 14107000000320 	42800107374 122837194798 4083244 	42796024130 4083244 0 0 0 	118915830 4083244 0 	456.472 	3 	173
14126100000000 14126200000320 	43000108014 123414289994 4096490 	42996011524 4096490 0 0 0 	119300561 4096490 0 	456.432 	3 	173
14145300000000 14145400000320 	43200108654 123991360544 4109680 	43195998974 4109680 0 0 0 	119682190 4109680 0 	456.392 	3 	173
14164500000000 14164600000400 	43400109454 124568489448 4122768 	43395986686 4122768 0 0 0 	120060663 4122768 0 	456.338 	3 	173
14183700000000 14183800000400 	43600110254 125145614573 4135671 	43595974583 4135671 0 0 0 	120433301 4135671 0 	456.285 	3 	173
14202900000000 14203000000400 	43800111054 125722834534 4148321 	43795962733 4148321 0 0 0 	120798242 4148321 0 	456.232 	3 	173
14222100000000 14222200000400 	44000111854 126299981217 4160853 	43995951001 4160853 0 0 0 	121162602 4160853 0 	456.18 	3 	173
14241300000000 14241400000400 	44200112654 126877243129 4173208 	44195939446 4173208 0 0 0 	121521656 4173208 0 	456.128 	3 	173
14260500000000 14260600000290 	44400113234 127454529319 4185372 	44395927862 4185372 0 0 0 	121878315 4185372 0 	456.062 	3 	173
14279700000000 14279800000290 	44600113814 128031759512 4197306 	44595916508 4197306 0 0 0 	122230151 4197306 0 	455.997 	3 	173
14298900000000 14299000000290 	44800114394 128609041970 4209054 	44795905340 4209054 0 0 0 	122577280 4209054 0 	455.933 	3 	173
14318100000000 14318200000290 	45000114974 129186320827 4220590 	44995894384 4220590 0 0 0 	122912091 4220590 0 	455.869 	3 	173
14337300000000 14337400000290 	45200115554 129763676322 4231986 	45195883568 4231986 0 0 0 	123246000 4231986 0 	455.806 	3 	173
14356500000000 14356600000249 	45400116052 130341016130 4243365 	45395872687 4243365 0 0 0 	123578935 4243365 0 	455.729 	3 	173
14375700000000 14375800000249 	45600116550 130918397644 4254465 	45595862085 4254465 0 0 0 	123904473 4254465 0 	455.653 	3 	173
14394900000000 14395000000249 	45800117048 131495782877 4265552 	45795851496 4265552 0 0 0 	124232580 4265552 0 	455.577 	3 	173
14414100000000 14414200000249 	46000117546 132073256024 4276663 	45995840883 4276663 0 0 0 	124557826 4276663 0 	455.502 	3 	173
14433300000000 14433400000249 	46200118044 132650697224 4287483 	46195830561 4287483 0 0 0 	124880439 4287483 0 	455.428 	3 	173
14452500000000 14452600000088 	46400118220 133228187208 4298106 	46395820114 4298106 0 0 0 	125189733 4298106 0 	455.341 	3 	173
14471700000000 14471800000088 	46600118396 133805711700 4308545 	46595809851 4308545 0 0 0 	125493958 4308545 0 	455.254 	3 	173
14490900000000 14491000000088 	46800118572 134383240641 4318940 	46795799632 4318940 0 0 0 	125800803 4318940 0 	455.168 	3 	173
14510100000000 14510200000088 	47000118748 134960809442 4329514 	46995789234 4329514 0 0 0 	126108894 4329514 0 	455.083 	3 	173
14529300000000 14529400000088 	47200118924 135538332052 4339527 	47195779397 4339527 0 0 0 	126402094 4339527 0 	454.999 	3 	173
14548500000000 14548600000110 	47400119144 136115999584 4349545 	47395769599 4349545 0 0 0 	126690481 4349545 0 	454.906 	3 	173
14567700000000 14567800000110 	47600119364 136693635273 4359578 	47595759786 4359578 0 0 0 	126986515 4359578 0 	454.814 	3 	173
14586900000000 14587000000110 	47800119584 137271328274 4369531 	47795750053 4369531 0 0 0 	127277945 4369531 0 	454.722 	3 	173
14606100000000 14606200000110 	48000119804 137848968107 4379172 	47995740632 4379172 0 0 0 	127557243 4379172 0 	454.632 	3 	173
14625300000000 14625400000110 	48200120024 138426714099 4388835 	48195731189 4388835 0 0 0 	127836738 4388835 0 	454.542 	3 	173
14644500000000 14644600000189 	48400120402 139004439664 4398339 	48395722063 4398339 0 0 0 	128112199 4398339 0 	454.44 	3 	173
14663700000000 14663800000189 	48600120780 139582180681 4407560 	48595713220 4407560 0 0 0 	128384360 4407560 0 	454.338 	3 	173
14682900000000 14683000000189 	48800121158 140159947364 4416776 	48795704382 4416776 0 0 0 	128650157 4416776 0 	454.237 	3 	173
14702100000000 14702200000189 	49000121536 140737736530 4425880 	48995695656 4425880 0 0 0 	128920042 4425880 0 	454.137 	3 	173
14721300000000 14721400000189 	49200121914 141315568848 4434636 	49195687278 4434636 0 0 0 	129175272 4434636 0 	454.038 	3 	173
14740500000000 14740600000060 	49400122034 141893387628 4443423 	49395678611 4443423 0 0 0 	129431388 4443423 0 	453.926 	3 	173
14759700000000 14759800000060 	49600122154 142471231434 4452140 	49595670014 4452140 0 0 0 	129685971 4452140 0 	453.816 	3 	173
14778900000000 14779000000060 	49800122274 143049096779 4460730 	49795661544 4460730 0 0 0 	129937762 4460730 0 	453.706 	3 	173
14798100000000 14798200000060 	50000122394 143626981004 4468993 	49995653401 4468993 0 0 0 	130179667 4468993 0 	453.597 	3 	173
14817300000000 14817400000060 	50200122514 144204898727 4477404 	50195645110 4477404 0 0 0 	130421122 4477404 0 	453.489 	3 	173
14836500000000 14836600000060 	50400122634 144782806925 4485662 	50395636972 4485662 0 0 0 	130665113 4485662 0 	453.382 	3 	173
14855700000000 14855800000375 	50600123384 145360791702 4493739 	50595629645 4493739 0 0 0 	130901354 4493739 0 	453.262 	3 	173
14874900000000 14875000000375 	50800124134 145938822832 4502017 	50795622117 4502017 0 0 0 	131142273 4502017 0 	453.143 	3 	173
