10018400000000 10018500000152 	200000304 570658264 36248 	199964056 36248 0 0 0 	1054096 36248 0 	504 	3 	184
10037600000000 10037700000152 	400000608 1141339509 71840 	399928768 71840 0 0 0 	2083048 71840 0 	504 	3 	184
10056800000000 10056900000152 	600000912 1712078449 107277 	599893635 107277 0 0 0 	3106932 107277 0 	504 	3 	184
10076000000000 10076100000152 	800001216 2282781638 141987 	799859229 141987 0 0 0 	4109900 141987 0 	504 	3 	184
10095200000000 10095300000000 	1000001216 2853623216 175971 	999825245 175971 0 0 0 	5092793 175971 0 	503.195 	3 	184
10114400000000 10114500000000 	1200001216 3424479256 209419 	1199791797 209419 0 0 0 	6065264 209419 0 	502.66 	3 	184
10133600000000 10133700000000 	1400001216 3995363669 242333 	1399758883 242333 0 0 0 	7013306 242333 0 	502.278 	3 	184
10152800000000 10152900000000 	1600001216 4566360835 274795 	1599726421 274795 0 0 0 	7954014 274795 0 	501.992 	3 	184
10172000000000 10172100000048 	1800001312 5137319749 306815 	1799694497 306815 0 0 0 	8879064 306815 0 	501.319 	3 	184
10191200000000 10191300000048 	2000001408 5708293453 338148 	1999663260 338148 0 0 0 	9786394 338148 0 	500.782 	3 	184
10210400000000 10210500000048 	2200001504 6279270565 368666 	2199632838 368666 0 0 0 	10668536 368666 0 	500.344 	3 	184
10229600000000 10229700000048 	2400001600 6850246455 398868 	2399602732 398868 0 0 0 	11541209 398868 0 	499.979 	3 	184
10248800000000 10248900000476 	2600002552 7421332408 428809 	2599573743 428809 0 0 0 	12411261 428809 0 	499.356 	3 	184
10268000000000 10268100000476 	2800003504 7992451849 458301 	2799545203 458301 0 0 0 	13269934 458301 0 	498.823 	3 	184
10287200000000 10287300000476 	3000004456 8563586883 486892 	2999517564 486892 0 0 0 	14098065 486892 0 	498.362 	3 	184
10306400000000 10306500000476 	3200005408 9134777774 515386 	3199490022 515386 0 0 0 	14920266 515386 0 	497.96 	3 	184
10325600000000 10325700000011 	3400005430 9705952572 543405 	3399462025 543405 0 0 0 	15732107 543405 0 	497.424 	3 	184
10344800000000 10344900000011 	3600005452 10277185067 570951 	3599434501 570951 0 0 0 	16525689 570951 0 	496.948 	3 	184
10364000000000 10364100000011 	3800005474 10848426489 597688 	3799407786 597688 0 0 0 	17298979 597688 0 	496.523 	3 	184
10383200000000 10383300000011 	4000005496 11419651717 624267 	3999381229 624267 0 0 0 	18069917 624267 0 	496.142 	3 	184
10402400000000 10402500000210 	4200005916 11990982655 650760 	4199355156 650760 0 0 0 	18834148 650760 0 	495.6 	3 	184
10421600000000 10421700000210 	4400006336 12562384571 676388 	4399329948 676388 0 0 0 	19576861 676388 0 	495.108 	3 	184
10440800000000 10440900000210 	4600006756 13133767944 701661 	4599305095 701661 0 0 0 	20317520 701661 0 	494.659 	3 	184
10460000000000 10460100000210 	4800007176 13705219930 726699 	4799280477 726699 0 0 0 	21043216 726699 0 	494.249 	3 	184
10479200000000 10479300000381 	5000007938 14276736226 751293 	4999256645 751293 0 0 0 	21752216 751293 0 	493.705 	3 	184
10498400000000 10498500000381 	5200008700 14848253186 775377 	5199233323 775377 0 0 0 	22455643 775377 0 	493.204 	3 	184
10517600000000 10517700000381 	5400009462 15419805929 799124 	5399210338 799124 0 0 0 	23141009 799124 0 	492.741 	3 	184
10536800000000 10536900000381 	5600010224 15991332896 822437 	5599187787 822437 0 0 0 	23818756 822437 0 	492.312 	3 	184
10556000000000 10556100000468 	5800011160 16562880438 845539 	5799165621 845539 0 0 0 	24484994 845539 0 	491.804 	3 	184
10575200000000 10575300000468 	6000012096 17134502811 868474 	5999143622 868474 0 0 0 	25151285 868474 0 	491.331 	3 	184
10594400000000 10594500000468 	6200013032 17706174991 890946 	6199122086 890946 0 0 0 	25795858 890946 0 	490.89 	3 	184
10613600000000 10613700000468 	6400013968 18277886514 912940 	6399101028 912940 0 0 0 	26431139 912940 0 	490.476 	3 	184
10632800000000 10632900000254 	6600014476 18849583997 934500 	6599079976 934500 0 0 0 	27056059 934500 0 	489.96 	3 	184
10652000000000 10652100000254 	6800014984 19421296091 955531 	6799059453 955531 0 0 0 	27671223 955531 0 	489.476 	3 	184
10671200000000 10671300000254 	7000015492 19993114346 976131 	6999039361 976131 0 0 0 	28268513 976131 0 	489.019 	3 	184
10690400000000 10690500000254 	7200016000 20564957664 996496 	7199019504 996496 0 0 0 	28852008 996496 0 	488.589 	3 	184
10709600000000 10709700000365 	7400016730 21136798529 1016914 	7398999816 1016914 0 0 0 	29439541 1016914 0 	488.097 	3 	184
10728800000000 10728900000365 	7600017460 21708671247 1036787 	7598980673 1036787 0 0 0 	30016469 1036787 0 	487.631 	3 	184
10748000000000 10748100000365 	7800018190 22280603041 1056394 	7798961796 1056394 0 0 0 	30589944 1056394 0 	487.19 	3 	184
10767200000000 10767300000365 	8000018920 22852531614 1075639 	7998943281 1075639 0 0 0 	31147686 1075639 0 	486.771 	3 	184
10786400000000 10786500000368 	8200019656 23424496970 1094796 	8198924860 1094796 0 0 0 	31699678 1094796 0 	486.296 	3 	184
10805600000000 10805700000368 	8400020392 23996500749 1113626 	8398906766 1113626 0 0 0 	32244677 1113626 0 	485.844 	3 	184
10824800000000 10824900000368 	8600021128 24568511515 1131895 	8598889233 1131895 0 0 0 	32776366 1131895 0 	485.413 	3 	184
10844000000000 10844100000368 	8800021864 25140574307 1150045 	8798871819 1150045 0 0 0 	33302309 1150045 0 	485.003 	3 	184
10863200000000 10863300000352 	9000022568 25712641593 1167729 	8998854839 1167729 0 0 0 	33817923 1167729 0 	484.516 	3 	184
10882400000000 10882500000352 	9200023272 26284738176 1185336 	9198837936 1185336 0 0 0 	34334128 1185336 0 	484.05 	3 	184
10901600000000 10901700000352 	9400023976 26856826663 1202315 	9398821661 1202315 0 0 0 	34815180 1202315 0 	483.606 	3 	184
10920800000000 10920900000352 	9600024680 27429043732 1219134 	9598805546 1219134 0 0 0 	35301771 1219134 0 	483.18 	3 	184
10940000000000 10940100000120 	9800024920 28001265101 1235680 	9798789240 1235680 0 0 0 	35789452 1235680 0 	482.706 	3 	184
10959200000000 10959300000120 	10000025160 28573539723 1252081 	9998773079 1252081 0 0 0 	36266227 1252081 0 	482.252 	3 	184
10978400000000 10978500000120 	10200025400 29145788952 1268243 	10198757157 1268243 0 0 0 	36737312 1268243 0 	481.817 	3 	184
10997600000000 10997700000120 	10400025640 29718145284 1284176 	10398741464 1284176 0 0 0 	37196479 1284176 0 	481.399 	3 	184
11016800000000 11016900000178 	10600025996 30290474561 1299788 	10598726208 1299788 0 0 0 	37653484 1299788 0 	480.935 	3 	184
11036000000000 11036100000178 	10800026352 30862842924 1315374 	10798710978 1315374 0 0 0 	38105702 1315374 0 	480.49 	3 	184
11055200000000 11055300000178 	11000026708 31435260194 1330611 	10998696097 1330611 0 0 0 	38552263 1330611 0 	480.061 	3 	184
11074400000000 11074500000178 	11200027064 32007722812 1345526 	11198681538 1345526 0 0 0 	38992695 1345526 0 	479.648 	3 	184
11093600000000 11093700000178 	11400027420 32580193407 1360108 	11398667312 1360108 0 0 0 	39414089 1360108 0 	479.251 	3 	184
11112800000000 11112900000355 	11600028130 33152723170 1374573 	11598653557 1374573 0 0 0 	39837426 1374573 0 	478.811 	3 	184
11132000000000 11132100000355 	11800028840 33725256414 1388704 	11798640136 1388704 0 0 0 	40247797 1388704 0 	478.387 	3 	184
11151200000000 11151300000355 	12000029550 34297764101 1402605 	11998626945 1402605 0 0 0 	40648794 1402605 0 	477.977 	3 	184
11170400000000 11170500000355 	12200030260 34870424987 1416084 	12198614176 1416084 0 0 0 	41038919 1416084 0 	477.582 	3 	184
11189600000000 11189700000230 	12400030720 35443078503 1429640 	12398601080 1429640 0 0 0 	41432369 1429640 0 	477.128 	3 	184
11208800000000 11208900000230 	12600031180 36015716501 1443050 	12598588130 1443050 0 0 0 	41817714 1443050 0 	476.69 	3 	184
11228000000000 11228100000230 	12800031640 36588398155 1456271 	12798575369 1456271 0 0 0 	42196824 1456271 0 	476.266 	3 	184
11247200000000 11247300000230 	13000032100 37161153530 1468864 	12998563236 1468864 0 0 0 	42558560 1468864 0 	475.856 	3 	184
11266400000000 11266500000320 	13200032740 37733889128 1481415 	13198551325 1481415 0 0 0 	42920265 1481415 0 	475.408 	3 	184
11285600000000 11285700000320 	13400033380 38306624805 1493944 	13398539436 1493944 0 0 0 	43280853 1493944 0 	474.974 	3 	184
11304800000000 11304900000320 	13600034020 38879413102 1506157 	13598527863 1506157 0 0 0 	43636701 1506157 0 	474.554 	3 	184
11324000000000 11324100000320 	13800034660 39452245483 1518122 	13798516538 1518122 0 0 0 	43984196 1518122 0 	474.147 	3 	184
11343200000000 11343300000400 	14000035460 40025091697 1529994 	13998505466 1529994 0 0 0 	44324049 1529994 0 	473.704 	3 	184
11362400000000 11362500000400 	14200036260 40597989306 1541660 	14198494600 1541660 0 0 0 	44668636 1541660 0 	473.274 	3 	184
11381600000000 11381700000400 	14400037060 41170940061 1553278 	14398483782 1553278 0 0 0 	45010762 1553278 0 	472.856 	3 	184
11400800000000 11400900000400 	14600037860 41743915818 1564557 	14598473303 1564557 0 0 0 	45342232 1564557 0 	472.451 	3 	184
11420000000000 11420100000290 	14800038440 42316905220 1575755 	14798462685 1575755 0 0 0 	45662665 1575755 0 	472.012 	3 	184
11439200000000 11439300000290 	15000039020 42889924029 1586748 	14998452272 1586748 0 0 0 	45983061 1586748 0 	471.585 	3 	184
11458400000000 11458500000290 	15200039600 43462958731 1597337 	15198442263 1597337 0 0 0 	46294811 1597337 0 	471.17 	3 	184
11477600000000 11477700000290 	15400040180 44036086905 1608002 	15398432178 1608002 0 0 0 	46603321 1608002 0 	470.766 	3 	184
11496800000000 11496900000249 	15600040678 44609155639 1618434 	15598422244 1618434 0 0 0 	46903845 1618434 0 	470.33 	3 	184
11516000000000 11516100000249 	15800041176 45182255017 1628656 	15798412520 1628656 0 0 0 	47196019 1628656 0 	469.905 	3 	184
11535200000000 11535300000249 	16000041674 45755395940 1638763 	15998402911 1638763 0 0 0 	47487599 1638763 0 	469.492 	3 	184
11554400000000 11554500000249 	16200042172 46328577989 1648673 	16198393499 1648673 0 0 0 	47774979 1648673 0 	469.09 	3 	184
11573600000000 11573700000088 	16400042348 46901850764 1658563 	16398383785 1658563 0 0 0 	48061031 1658563 0 	468.656 	3 	184
11592800000000 11592900000088 	16600042524 47475168194 1668188 	16598374336 1668188 0 0 0 	48340753 1668188 0 	468.234 	3 	184
11612000000000 11612100000088 	16800042700 48048429989 1677764 	16798364936 1677764 0 0 0 	48621154 1677764 0 	467.822 	3 	184
11631200000000 11631300000088 	17000042876 48621765866 1687202 	16998355674 1687202 0 0 0 	48897587 1687202 0 	467.421 	3 	184
11650400000000 11650500000110 	17200043096 49195142472 1696129 	17198346967 1696129 0 0 0 	49158141 1696129 0 	467.003 	3 	184
11669600000000 11669700000110 	17400043316 49768518765 1705112 	17398338204 1705112 0 0 0 	49421338 1705112 0 	466.595 	3 	184
11688800000000 11688900000110 	17600043536 50341957966 1714065 	17598329471 1714065 0 0 0 	49683475 1714065 0 	466.197 	3 	184
11708000000000 11708100000110 	17800043756 50915416291 1722741 	17798321015 1722741 0 0 0 	49935694 1722741 0 	465.809 	3 	184
11727200000000 11727300000189 	18000044134 51488924082 1731246 	17998312888 1731246 0 0 0 	50184056 1731246 0 	465.391 	3 	184
11746400000000 11746500000189 	18200044512 52062438811 1739686 	18198304826 1739686 0 0 0 	50428473 1739686 0 	464.983 	3 	184
11765600000000 11765700000100 	18400044712 52635888560 1743912 	18398300800 1743912 0 0 0 	50549375 1743912 0 	464.222 	3 	184
11784800000000 11784900000314 	18600045340 53209468281 1748166 	18598297174 1748166 0 0 0 	50674992 1748166 0 	463.45 	3 	184
11804000000000 11804100000314 	18800045968 53782995906 1752106 	18798293862 1752106 0 0 0 	50788711 1752106 0 	462.698 	3 	184
11823200000000 11823300000314 	19000046596 54356540759 1756207 	18998290389 1756207 0 0 0 	50908361 1756207 0 	461.964 	3 	184
11842400000000 11842500000314 	19200047224 54930179381 1760133 	19198287091 1760133 0 0 0 	51025144 1760133 0 	461.247 	3 	184
11861600000000 11861700000173 	19400047570 55503829383 1763983 	19398283587 1763983 0 0 0 	51136618 1763983 0 	460.506 	3 	184
11880800000000 11880900000173 	19600047916 56077526444 1767650 	19598280266 1767650 0 0 0 	51244465 1767650 0 	459.783 	3 	184
11900000000000 11900100000173 	19800048262 56651229625 1771414 	19798276848 1771414 0 0 0 	51356536 1771414 0 	459.077 	3 	184
11919200000000 11919300000173 	20000048608 57224954104 1775057 	19998273551 1775057 0 0 0 	51464612 1775057 0 	458.386 	3 	184
11938400000000 11938500000330 	20200049268 57798740433 1778655 	20198270613 1778655 0 0 0 	51568161 1778655 0 	457.686 	3 	184
11957600000000 11957700000330 	20400049928 58372542201 1782228 	20398267700 1782228 0 0 0 	51670743 1782228 0 	457.001 	3 	184
11976800000000 11976900000330 	20600050588 58946367364 1785761 	20598264827 1785761 0 0 0 	51773766 1785761 0 	456.331 	3 	184
11996000000000 11996100000330 	20800051248 59520258589 1789073 	20798262175 1789073 0 0 0 	51871533 1789073 0 	455.676 	3 	184
12015200000000 12015300000352 	21000051952 60094201648 1792400 	20998259552 1792400 0 0 0 	51967177 1792400 0 	454.998 	3 	184
12034400000000 12034500000352 	21200052656 60668135640 1795725 	21198256931 1795725 0 0 0 	52061741 1795725 0 	454.335 	3 	184
12053600000000 12053700000352 	21400053360 61242131503 1799048 	21398254312 1799048 0 0 0 	52160904 1799048 0 	453.685 	3 	184
12072800000000 12072900000352 	21600054064 61816117054 1802246 	21598251818 1802246 0 0 0 	52255482 1802246 0 	453.05 	3 	184
12092000000000 12092100000376 	21800054816 62390183130 1805358 	21798249458 1805358 0 0 0 	52344228 1805358 0 	452.403 	3 	184
12111200000000 12111300000376 	22000055568 62964256178 1808532 	21998247036 1808532 0 0 0 	52437617 1808532 0 	451.771 	3 	184
12130400000000 12130500000376 	22200056320 63538345057 1811479 	22198244841 1811479 0 0 0 	52524794 1811479 0 	451.151 	3 	184
12149600000000 12149700000290 	22400056900 64112383689 1814517 	22398242383 1814517 0 0 0 	52613455 1814517 0 	450.52 	3 	184
12168800000000 12168900000290 	22600057480 64686487431 1817489 	22598239991 1817489 0 0 0 	52698127 1817489 0 	449.902 	3 	184
12188000000000 12188100000290 	22800058060 65260672765 1820391 	22798237669 1820391 0 0 0 	52783074 1820391 0 	449.297 	3 	184
12207200000000 12207300000290 	23000058640 65834880866 1823229 	22998235411 1823229 0 0 0 	52864583 1823229 0 	448.704 	3 	184
12226400000000 12226500000026 	23200058692 66409126481 1826036 	23198232656 1826036 0 0 0 	52946075 1826036 0 	448.088 	3 	184
12245600000000 12245700000026 	23400058744 66983360831 1828840 	23398229904 1828840 0 0 0 	53027325 1828840 0 	447.484 	3 	184
12264800000000 12264900000026 	23600058796 67557625993 1831591 	23598227205 1831591 0 0 0 	53108813 1831591 0 	446.892 	3 	184
12284000000000 12284100000026 	23800058848 68132008782 1834241 	23798224607 1834241 0 0 0 	53186904 1834241 0 	446.312 	3 	184
12303200000000 12303300000285 	24000059418 68706396861 1836833 	23998222585 1836833 0 0 0 	53263413 1836833 0 	445.72 	3 	184
12322400000000 12322500000285 	24200059988 69280843978 1839397 	24198220591 1839397 0 0 0 	53334444 1839397 0 	445.14 	3 	184
12341600000000 12341700000285 	24400060558 69855271526 1841919 	24398218639 1841919 0 0 0 	53408099 1841919 0 	444.571 	3 	184
12360800000000 12360900000285 	24600061128 70429689877 1844415 	24598216713 1844415 0 0 0 	53480589 1844415 0 	444.012 	3 	184
12380000000000 12380100000151 	24800061430 71004133600 1846867 	24798214563 1846867 0 0 0 	53552622 1846867 0 	443.443 	3 	184
12399200000000 12399300000151 	25000061732 71578602836 1849271 	24998212461 1849271 0 0 0 	53621418 1849271 0 	442.883 	3 	184
12418400000000 12418500000308 	25200062348 72153401152 1891073 	25198171275 1891073 0 0 0 	54840679 1891073 0 	443.334 	3 	184
12437600000000 12437700000308 	25400062964 72728290421 1931986 	25398130978 1931986 0 0 0 	56032066 1931986 0 	443.779 	3 	184
12456800000000 12456900000308 	25600063580 73303211206 1972887 	25598090693 1972887 0 0 0 	57224913 1972887 0 	444.218 	3 	184
12476000000000 12476100000308 	25800064196 73878136350 2013049 	25798051147 2013049 0 0 0 	58383858 2013049 0 	444.651 	3 	184
12495200000000 12495300000308 	26000064812 74453127118 2052442 	25998012370 2052442 0 0 0 	59546255 2052442 0 	445.078 	3 	184
12514400000000 12514500000152 	26200065116 75028065393 2091417 	26197973699 2091417 0 0 0 	60680565 2091417 0 	445.475 	3 	184
12533600000000 12533700000152 	26400065420 75603075388 2129998 	26397935422 2129998 0 0 0 	61804632 2129998 0 	445.867 	3 	184
12552800000000 12552900000152 	26600065724 76178070011 2168062 	26597897662 2168062 0 0 0 	62919980 2168062 0 	446.254 	3 	184
12572000000000 12572100000152 	26800066028 76753144529 2205856 	26797860172 2205856 0 0 0 	64020081 2205856 0 	446.636 	3 	184
12591200000000 12591300000152 	27000066332 77328193592 2243096 	26997823236 2243096 0 0 0 	65108461 2243096 0 	447.013 	3 	184
12610400000000 12610500000000 	27200066332 77903286212 2279754 	27197786578 2279754 0 0 0 	66184773 2279754 0 	447.362 	3 	184
12629600000000 12629700000000 	27400066332 78478409702 2316027 	27397750305 2316027 0 0 0 	67233734 2316027 0 	447.706 	3 	184
12648800000000 12648900000000 	27600066332 79053539981 2351736 	27597714596 2351736 0 0 0 	68274851 2351736 0 	448.045 	3 	184
12668000000000 12668100000000 	27800066332 79628708247 2386699 	27797679633 2386699 0 0 0 	69293678 2386699 0 	448.381 	3 	184
12687200000000 12687300000000 	28000066332 80203935520 2421994 	27997644338 2421994 0 0 0 	70328089 2421994 0 	448.711 	3 	184
12706400000000 12706500000048 	28200066428 80779176902 2456467 	28197609961 2456467 0 0 0 	71335747 2456467 0 	449.015 	3 	184
12725600000000 12725700000048 	28400066524 81354445723 2489912 	28397576612 2489912 0 0 0 	72317064 2489912 0 	449.315 	3 	184
12744800000000 12744900000048 	28600066620 81929667751 2523153 	28597543467 2523153 0 0 0 	73287495 2523153 0 	449.611 	3 	184
12764000000000 12764100000048 	28800066716 82504965414 2556407 	28797510309 2556407 0 0 0 	74259613 2556407 0 	449.903 	3 	184
12783200000000 12783300000048 	29000066812 83080257879 2589377 	28997477435 2589377 0 0 0 	75227572 2589377 0 	450.192 	3 	184
12802400000000 12802500000476 	29200067764 83655586033 2621540 	29197446224 2621540 0 0 0 	76169440 2621540 0 	450.454 	3 	184
12821600000000 12821700000476 	29400068716 84230942392 2653277 	29397415439 2653277 0 0 0 	77089472 2653277 0 	450.713 	3 	184
12840800000000 12840900000476 	29600069668 84806306787 2684586 	29597385082 2684586 0 0 0 	78007203 2684586 0 	450.968 	3 	184
12860000000000 12860100000476 	29800070620 85381720248 2715556 	29797355064 2715556 0 0 0 	78915111 2715556 0 	451.221 	3 	184
12879200000000 12879300000476 	30000071572 85957124534 2746041 	29997325531 2746041 0 0 0 	79794533 2746041 0 	451.47 	3 	184
12898400000000 12898500000011 	30200071594 86532593595 2776241 	30197295353 2776241 0 0 0 	80673088 2776241 0 	451.7 	3 	184
12917600000000 12917700000011 	30400071616 87108140827 2805865 	30397265751 2805865 0 0 0 	81542715 2805865 0 	451.927 	3 	184
12936800000000 12936900000011 	30600071638 87683631716 2835414 	30597236224 2835414 0 0 0 	82404101 2835414 0 	452.151 	3 	184
12956000000000 12956100000011 	30800071660 88259159951 2864081 	30797207579 2864081 0 0 0 	83245156 2864081 0 	452.372 	3 	184
12975200000000 12975300000011 	31000071682 88834711508 2892925 	30997178757 2892925 0 0 0 	84086565 2892925 0 	452.591 	3 	184
12994400000000 12994500000011 	31200071704 89410288043 2921107 	31197150597 2921107 0 0 0 	84915495 2921107 0 	452.807 	3 	184
13013600000000 13013700000210 	31400072124 89985917254 2948994 	31397123130 2948994 0 0 0 	85727626 2948994 0 	452.998 	3 	184
13032800000000 13032900000210 	31600072544 90561588262 2976448 	31597096096 2976448 0 0 0 	86530894 2976448 0 	453.188 	3 	184
13052000000000 13052100000210 	31800072964 91137276293 3003700 	31797069264 3003700 0 0 0 	87329376 3003700 0 	453.375 	3 	184
13071200000000 13071300000210 	32000073384 91712980395 3030509 	31997042875 3030509 0 0 0 	88105301 3030509 0 	453.56 	3 	184
13090400000000 13090500000210 	32200073804 92288703121 3056986 	32197016818 3056986 0 0 0 	88869893 3056986 0 	453.742 	3 	184
13109600000000 13109700000381 	32400074566 92864469542 3082946 	32396991620 3082946 0 0 0 	89628393 3082946 0 	453.901 	3 	184
13128800000000 13128900000381 	32600075328 93440249782 3108727 	32596966601 3108727 0 0 0 	90373425 3108727 0 	454.058 	3 	184
13148000000000 13148100000381 	32800076090 94016026913 3134239 	32796941851 3134239 0 0 0 	91115625 3134239 0 	454.213 	3 	184
13167200000000 13167300000381 	33000076852 94591787675 3159325 	32996917527 3159325 0 0 0 	91845958 3159325 0 	454.367 	3 	184
13186400000000 13186500000381 	33200077614 95167613073 3184423 	33196893191 3184423 0 0 0 	92573556 3184423 0 	454.518 	3 	184
13205600000000 13205700000468 	33400078550 95743459465 3208783 	33396869767 3208783 0 0 0 	93276716 3208783 0 	454.652 	3 	184
13224800000000 13224900000468 	33600079486 96319394607 3233112 	33596846374 3233112 0 0 0 	93986960 3233112 0 	454.784 	3 	184
13244000000000 13244100000468 	33800080422 96895274668 3256893 	33796823529 3256893 0 0 0 	94671240 3256893 0 	454.915 	3 	184
13263200000000 13263300000468 	34000081358 97471202723 3280706 	33996800652 3280706 0 0 0 	95376469 3280706 0 	455.044 	3 	184
13282400000000 13282500000468 	34200082294 98047148044 3304186 	34196778108 3304186 0 0 0 	96068345 3304186 0 	455.172 	3 	184
13301600000000 13301700000254 	34400082802 98623170782 3327313 	34396755489 3327313 0 0 0 	96745142 3327313 0 	455.277 	3 	184
13320800000000 13320900000254 	34600083310 99199237573 3350008 	34596733302 3350008 0 0 0 	97412264 3350008 0 	455.381 	3 	184
13340000000000 13340100000254 	34800083818 99775278439 3372511 	34796711307 3372511 0 0 0 	98064644 3372511 0 	455.484 	3 	184
13359200000000 13359300000254 	35000084326 100351315251 3394418 	34996689908 3394418 0 0 0 	98700138 3394418 0 	455.586 	3 	184
13378400000000 13378500000254 	35200084834 100927369533 3416401 	35196668433 3416401 0 0 0 	99337371 3416401 0 	455.686 	3 	184
13397600000000 13397700000365 	35400085564 101503499565 3437929 	35396647635 3437929 0 0 0 	99966047 3437929 0 	455.77 	3 	184
13416800000000 13416900000365 	35600086294 102079680897 3459276 	35596627018 3459276 0 0 0 	100586829 3459276 0 	455.853 	3 	184
13436000000000 13436100000365 	35800087024 102655867265 3480255 	35796606769 3480255 0 0 0 	101199287 3480255 0 	455.935 	3 	184
13455200000000 13455300000365 	36000087754 103232031007 3501246 	35996586508 3501246 0 0 0 	101822281 3501246 0 	456.016 	3 	184
13474400000000 13474500000365 	36200088484 103808248247 3521846 	36196566638 3521846 0 0 0 	102426787 3521846 0 	456.096 	3 	184
13493600000000 13493700000368 	36400089220 104384496943 3542005 	36396547215 3542005 0 0 0 	103014413 3542005 0 	456.16 	3 	184
13512800000000 13512900000368 	36600089956 104960727391 3561957 	36596527999 3561957 0 0 0 	103593769 3561957 0 	456.223 	3 	184
13532000000000 13532100000368 	36800090692 105536990216 3581516 	36796509176 3581516 0 0 0 	104170267 3581516 0 	456.285 	3 	184
13551200000000 13551300000368 	37000091428 106113333425 3601028 	36996490400 3601028 0 0 0 	104739360 3601028 0 	456.347 	3 	184
13570400000000 13570500000368 	37200092164 106689765225 3620165 	37196471999 3620165 0 0 0 	105303217 3620165 0 	456.408 	3 	184
13589600000000 13589700000352 	37400092868 107266120790 3638872 	37396453996 3638872 0 0 0 	105853568 3638872 0 	456.448 	3 	184
13608800000000 13608900000352 	37600093572 107842563355 3657718 	37596435854 3657718 0 0 0 	106401072 3657718 0 	456.487 	3 	184
13628000000000 13628100000352 	37800094276 108419031989 3676199 	37796418077 3676199 0 0 0 	106943263 3676199 0 	456.526 	3 	184
13647200000000 13647300000352 	38000094980 108995490937 3694592 	37996400388 3694592 0 0 0 	107485505 3694592 0 	456.565 	3 	184
13666400000000 13666500000352 	38200095684 109572007195 3712707 	38196382977 3712707 0 0 0 	108011098 3712707 0 	456.603 	3 	184
13685600000000 13685700000120 	38400095924 110148457428 3730515 	38396365409 3730515 0 0 0 	108532770 3730515 0 	456.626 	3 	184
13704800000000 13704900000120 	38600096164 110724977780 3748232 	38596347932 3748232 0 0 0 	109052169 3748232 0 	456.649 	3 	184
13724000000000 13724100000120 	38800096404 111301548553 3765711 	38796330693 3765711 0 0 0 	109562932 3765711 0 	456.671 	3 	184
13743200000000 13743300000120 	39000096644 111878141171 3782696 	38996313948 3782696 0 0 0 	110066155 3782696 0 	456.693 	3 	184
13762400000000 13762500000120 	39200096884 112454734602 3799691 	39196297193 3799691 0 0 0 	110561498 3799691 0 	456.715 	3 	184
13781600000000 13781700000178 	39400097240 113031403336 3816583 	39396280657 3816583 0 0 0 	111051803 3816583 0 	456.721 	3 	184
13800800000000 13800900000178 	39600097596 113608023032 3833053 	39596264543 3833053 0 0 0 	111534110 3833053 0 	456.728 	3 	184
13820000000000 13820100000178 	39800097952 114184663330 3849398 	39796248554 3849398 0 0 0 	112007454 3849398 0 	456.734 	3 	184
13839200000000 13839300000178 	40000098308 114761383523 3865618 	39996232690 3865618 0 0 0 	112483669 3865618 0 	456.74 	3 	184
13858400000000 13858500000178 	40200098664 115338120177 3881580 	40196217084 3881580 0 0 0 	112944029 3881580 0 	456.746 	3 	184
13877600000000 13877700000355 	40400099374 115914851505 3897155 	40396202219 3897155 0 0 0 	113403039 3897155 0 	456.738 	3 	184
13896800000000 13896900000355 	40600100084 116491585661 3912550 	40596187534 3912550 0 0 0 	113860956 3912550 0 	456.729 	3 	184
13916000000000 13916100000355 	40800100794 117068388164 3927585 	40796173209 3927585 0 0 0 	114300704 3927585 0 	456.721 	3 	184
13935200000000 13935300000355 	41000101504 117645183028 3942385 	40996159119 3942385 0 0 0 	114735028 3942385 0 	456.712 	3 	184
13954400000000 13954500000355 	41200102214 118221993100 3957172 	41196145042 3957172 0 0 0 	115168806 3957172 0 	456.704 	3 	184
13973600000000 13973700000230 	41400102674 118798860189 3971851 	41396130823 3971851 0 0 0 	115599861 3971851 0 	456.676 	3 	184
13992800000000 13992900000230 	41600103134 119375691693 3986483 	41596116651 3986483 0 0 0 	116024001 3986483 0 	456.648 	3 	184
14012000000000 14012100000230 	41800103594 119952611701 4000752 	41796102842 4000752 0 0 0 	116437839 4000752 0 	456.621 	3 	184
14031200000000 14031300000230 	42000104054 120529482953 4014974 	41996089080 4014974 0 0 0 	116859271 4014974 0 	456.594 	3 	184
14050400000000 14050500000230 	42200104514 121106454745 4028869 	42196075645 4028869 0 0 0 	117264107 4028869 0 	456.567 	3 	184
14069600000000 14069700000320 	42400105154 121683456709 4042492 	42396062662 4042492 0 0 0 	117666346 4042492 0 	456.526 	3 	184
14088800000000 14088900000320 	42600105794 122260456148 4056155 	42596049639 4056155 0 0 0 	118063635 4056155 0 	456.485 	3 	184
14108000000000 14108100000320 	42800106434 122837530123 4069741 	42796036693 4069741 0 0 0 	118468277 4069741 0 	456.445 	3 	184
14127200000000 14127300000320 	43000107074 123414622209 4083123 	42996023951 4083123 0 0 0 	118864026 4083123 0 	456.405 	3 	184
14146400000000 14146500000320 	43200107714 123991687446 4096310 	43196011404 4096310 0 0 0 	119250919 4096310 0 	456.365 	3 	184
14165600000000 14165700000400 	43400108514 124568764629 4109111 	43395999403 4109111 0 0 0 	119626373 4109111 0 	456.311 	3 	184
14184800000000 14184900000400 	43600109314 125145855422 4121787 	43595987527 4121787 0 0 0 	119997297 4121787 0 	456.258 	3 	184
14204000000000 14204100000400 	43800110114 125723029457 4134473 	43795975641 4134473 0 0 0 	120360242 4134473 0 	456.205 	3 	184
14223200000000 14223300000400 	44000110914 126300246259 4146826 	43995964088 4146826 0 0 0 	120724189 4146826 0 	456.153 	3 	184
14242400000000 14242500000400 	44200111714 126877451634 4159143 	44195952571 4159143 0 0 0 	121086541 4159143 0 	456.102 	3 	184
14261600000000 14261700000290 	44400112294 127454676141 4171357 	44395940937 4171357 0 0 0 	121449680 4171357 0 	456.036 	3 	184
14280800000000 14280900000290 	44600112874 128031928006 4183515 	44595929359 4183515 0 0 0 	121806950 4183515 0 	455.971 	3 	184
14300000000000 14300100000290 	44800113454 128609222321 4195408 	44795918046 4195408 0 0 0 	122152779 4195408 0 	455.907 	3 	184
14319200000000 14319300000290 	45000114034 129186426445 4207198 	44995906836 4207198 0 0 0 	122496827 4207198 0 	455.843 	3 	184
14338400000000 14338500000290 	45200114614 129763760347 4218549 	45195896065 4218549 0 0 0 	122830335 4218549 0 	455.78 	3 	184
14357600000000 14357700000249 	45400115112 130341146430 4229980 	45395885132 4229980 0 0 0 	123167017 4229980 0 	455.703 	3 	184
14376800000000 14376900000249 	45600115610 130918538017 4241380 	45595874230 4241380 0 0 0 	123500535 4241380 0 	455.627 	3 	184
14396000000000 14396100000249 	45800116108 131495922246 4252530 	45795863578 4252530 0 0 0 	123830780 4252530 0 	455.552 	3 	184
14415200000000 14415300000249 	46000116606 132073338558 4263442 	45995853164 4263442 0 0 0 	124146214 4263442 0 	455.477 	3 	184
14434400000000 14434500000249 	46200117104 132650802617 4274385 	46195842719 4274385 0 0 0 	124462165 4274385 0 	455.403 	3 	184
14453600000000 14453700000088 	46400117280 133228273839 4285165 	46395832115 4285165 0 0 0 	124775706 4285165 0 	455.316 	3 	184
14472800000000 14472900000088 	46600117456 133805783951 4295546 	46595821910 4295546 0 0 0 	125079766 4295546 0 	455.229 	3 	184
14492000000000 14492100000088 	46800117632 134383231260 4305737 	46795811895 4305737 0 0 0 	125377510 4305737 0 	455.143 	3 	184
14511200000000 14511300000088 	47000117808 134960814091 4316106 	46995801702 4316106 0 0 0 	125680150 4316106 0 	455.058 	3 	184
14530400000000 14530500000088 	47200117984 135538376505 4326273 	47195791711 4326273 0 0 0 	125978245 4326273 0 	454.974 	3 	184
14549600000000 14549700000110 	47400118204 136115974478 4336257 	47395781947 4336257 0 0 0 	126273656 4336257 0 	454.881 	3 	184
14568800000000 14568900000110 	47600118424 136693597851 4346157 	47595772267 4346157 0 0 0 	126560694 4346157 0 	454.789 	3 	184
14588000000000 14588100000110 	47800118644 137271192258 4355830 	47795762814 4355830 0 0 0 	126845932 4355830 0 	454.698 	3 	184
14607200000000 14607300000110 	48000118864 137848841554 4365426 	47995753438 4365426 0 0 0 	127127498 4365426 0 	454.608 	3 	184
14626400000000 14626500000110 	48200119084 138426536236 4374880 	48195744204 4374880 0 0 0 	127407706 4374880 0 	454.518 	3 	184
14645600000000 14645700000189 	48400119462 139004275079 4384360 	48395735102 4384360 0 0 0 	127687763 4384360 0 	454.416 	3 	184
14664800000000 14664900000189 	48600119840 139582047391 4393837 	48595726003 4393837 0 0 0 	127967391 4393837 0 	454.314 	3 	184
14684000000000 14684100000189 	48800120218 140159807723 4402715 	48795717503 4402715 0 0 0 	128230642 4402715 0 	454.214 	3 	184
14703200000000 14703300000189 	49000120596 140737606855 4411657 	48995708939 4411657 0 0 0 	128493648 4411657 0 	454.114 	3 	184
14722400000000 14722500000189 	49200120974 141315418201 4420521 	49195700453 4420521 0 0 0 	128755319 4420521 0 	454.015 	3 	184
14741600000000 14741700000060 	49400121094 141893191345 4429351 	49395691743 4429351 0 0 0 	129013544 4429351 0 	453.903 	3 	184
14760800000000 14760900000060 	49600121214 142471049943 4438285 	49595682929 4438285 0 0 0 	129275810 4438285 0 	453.792 	3 	184
14780000000000 14780100000060 	49800121334 143048953268 4447001 	49795674333 4447001 0 0 0 	129530319 4447001 0 	453.683 	3 	184
14799200000000 14799300000060 	50000121454 143626840111 4455586 	49995665868 4455586 0 0 0 	129782352 4455586 0 	453.574 	3 	184
14818400000000 14818500000060 	50200121574 144204733604 4463966 	50195657608 4463966 0 0 0 	130026267 4463966 0 	453.466 	3 	184
14837600000000 14837700000375 	50400122324 144782703781 4472116 	50395650208 4472116 0 0 0 	130263894 4472116 0 	453.345 	3 	184
14856800000000 14856900000375 	50600123074 145360664683 4480339 	50595642735 4480339 0 0 0 	130502820 4480339 0 	453.226 	3 	184
14876000000000 14876100000375 	50800123824 145938622356 4488349 	50795635475 4488349 0 0 0 	130735705 4488349 0 	453.107 	3 	184
