10019000000000 10019100000152 	200000304 570703811 36470 	199963834 36470 0 0 0 	1060399 36470 0 	504 	3 	190
10038200000000 10038300000152 	400000608 1141377973 72126 	399928482 72126 0 0 0 	2102505 72126 0 	504 	3 	190
10057400000000 10057500000152 	600000912 1712184654 106995 	599893917 106995 0 0 0 	3113652 106995 0 	504 	3 	190
10076600000000 10076700000152 	800001216 2282958473 141417 	799859799 141417 0 0 0 	4112077 141417 0 	504 	3 	190
10095800000000 10095900000000 	1000001216 2853809789 175393 	999825823 175393 0 0 0 	5098927 175393 0 	503.195 	3 	190
10115000000000 10115100000000 	1200001216 3424632423 209390 	1199791826 209390 0 0 0 	6080645 209390 0 	502.66 	3 	190
10134200000000 10134300000000 	1400001216 3995544599 242235 	1399758981 242235 0 0 0 	7034378 242235 0 	502.278 	3 	190
10153400000000 10153500000000 	1600001216 4566490802 274734 	1599726482 274734 0 0 0 	7971775 274734 0 	501.992 	3 	190
10172600000000 10172700000048 	1800001312 5137420371 306515 	1799694797 306515 0 0 0 	8897914 306515 0 	501.319 	3 	190
10191800000000 10191900000048 	2000001408 5708446477 337928 	1999663480 337928 0 0 0 	9807405 337928 0 	500.782 	3 	190
10211000000000 10211100000048 	2200001504 6279509790 368930 	2199632574 368930 0 0 0 	10706059 368930 0 	500.344 	3 	190
10230200000000 10230300000048 	2400001600 6850549803 399387 	2399602213 399387 0 0 0 	11591999 399387 0 	499.979 	3 	190
10249400000000 10249500000476 	2600002552 7421592283 429080 	2599573472 429080 0 0 0 	12453545 429080 0 	499.356 	3 	190
10268600000000 10268700000476 	2800003504 7992713548 458813 	2799544691 458813 0 0 0 	13316382 458813 0 	498.823 	3 	190
10287800000000 10287900000476 	3000004456 8563868655 487555 	2999516901 487555 0 0 0 	14150132 487555 0 	498.362 	3 	190
10307000000000 10307100000476 	3200005408 9135002451 516093 	3199489315 516093 0 0 0 	14979655 516093 0 	497.96 	3 	190
10326200000000 10326300000011 	3400005430 9706241465 544159 	3399461271 544159 0 0 0 	15788619 544159 0 	497.424 	3 	190
10345400000000 10345500000011 	3600005452 10277526789 571957 	3599433495 571957 0 0 0 	16594834 571957 0 	496.948 	3 	190
10364600000000 10364700000011 	3800005474 10848806944 598934 	3799406540 598934 0 0 0 	17375547 598934 0 	496.523 	3 	190
10383800000000 10383900000011 	4000005496 11420047416 625394 	3999380102 625394 0 0 0 	18145126 625394 0 	496.142 	3 	190
10403000000000 10403100000210 	4200005916 11991358992 651687 	4199354229 651687 0 0 0 	18909848 651687 0 	495.6 	3 	190
10422200000000 10422300000210 	4400006336 12562766749 677791 	4399328545 677791 0 0 0 	19661838 677791 0 	495.108 	3 	190
10441400000000 10441500000210 	4600006756 13134126753 703081 	4599303675 703081 0 0 0 	20390600 703081 0 	494.659 	3 	190
10460600000000 10460700000210 	4800007176 13705566861 728033 	4799279143 728033 0 0 0 	21105290 728033 0 	494.249 	3 	190
10479800000000 10479900000381 	5000007938 14277045032 752498 	4999255440 752498 0 0 0 	21815212 752498 0 	493.705 	3 	190
10499000000000 10499100000381 	5200008700 14848538975 776753 	5199231947 776753 0 0 0 	22517582 776753 0 	493.204 	3 	190
10518200000000 10518300000381 	5400009462 15420021769 800521 	5399208941 800521 0 0 0 	23205076 800521 0 	492.741 	3 	190
10537400000000 10537500000381 	5600010224 15991582870 823656 	5599186568 823656 0 0 0 	23872505 823656 0 	492.312 	3 	190
10556600000000 10556700000468 	5800011160 16563153796 846487 	5799164673 846487 0 0 0 	24528080 846487 0 	491.804 	3 	190
10575800000000 10575900000468 	6000012096 17134806560 869039 	5999143057 869039 0 0 0 	25183124 869039 0 	491.331 	3 	190
10595000000000 10595100000468 	6200013032 17706426338 891342 	6199121690 891342 0 0 0 	25824127 891342 0 	490.89 	3 	190
10614200000000 10614300000468 	6400013968 18278113355 913484 	6399100484 913484 0 0 0 	26460720 913484 0 	490.476 	3 	190
10633400000000 10633500000254 	6600014476 18849787649 935030 	6599079446 935030 0 0 0 	27085056 935030 0 	489.96 	3 	190
10652600000000 10652700000254 	6800014984 19421472008 956260 	6799058724 956260 0 0 0 	27702966 956260 0 	489.476 	3 	190
10671800000000 10671900000254 	7000015492 19993190825 977229 	6999038263 977229 0 0 0 	28307566 977229 0 	489.019 	3 	190
10691000000000 10691100000254 	7200016000 20565008010 997681 	7199018319 997681 0 0 0 	28899284 997681 0 	488.589 	3 	190
10710200000000 10710300000365 	7400016730 21136887256 1017938 	7398998792 1017938 0 0 0 	29488026 1017938 0 	488.097 	3 	190
10729400000000 10729500000365 	7600017460 21708726781 1037915 	7598979545 1037915 0 0 0 	30066975 1037915 0 	487.631 	3 	190
10748600000000 10748700000365 	7800018190 22280627256 1057698 	7798960492 1057698 0 0 0 	30637404 1057698 0 	487.19 	3 	190
10767800000000 10767900000365 	8000018920 22852564338 1077014 	7998941906 1077014 0 0 0 	31192458 1077014 0 	486.771 	3 	190
10787000000000 10787100000368 	8200019656 23424501694 1095882 	8198923774 1095882 0 0 0 	31736036 1095882 0 	486.296 	3 	190
10806200000000 10806300000368 	8400020392 23996561493 1114895 	8398905497 1114895 0 0 0 	32285886 1114895 0 	485.844 	3 	190
10825400000000 10825500000368 	8600021128 24568629113 1133201 	8598887927 1133201 0 0 0 	32819690 1133201 0 	485.413 	3 	190
10844600000000 10844700000368 	8800021864 25140710652 1151214 	8798870650 1151214 0 0 0 	33338663 1151214 0 	485.003 	3 	190
10863800000000 10863900000352 	9000022568 25712811569 1169009 	8998853559 1169009 0 0 0 	33853933 1169009 0 	484.516 	3 	190
10883000000000 10883100000352 	9200023272 26284948556 1186718 	9198836554 1186718 0 0 0 	34371246 1186718 0 	484.05 	3 	190
10902200000000 10902300000352 	9400023976 26857134536 1203870 	9398820106 1203870 0 0 0 	34876500 1203870 0 	483.606 	3 	190
10921400000000 10921500000352 	9600024680 27429278266 1220628 	9598804052 1220628 0 0 0 	35356966 1220628 0 	483.18 	3 	190
10940600000000 10940700000120 	9800024920 28001432966 1237231 	9798787689 1237231 0 0 0 	35835411 1237231 0 	482.706 	3 	190
10959800000000 10959900000120 	10000025160 28573679364 1253570 	9998771590 1253570 0 0 0 	36303210 1253570 0 	482.252 	3 	190
10979000000000 10979100000120 	10200025400 29145960006 1269840 	10198755560 1269840 0 0 0 	36778710 1269840 0 	481.817 	3 	190
10998200000000 10998300000120 	10400025640 29718261283 1285833 	10398739807 1285833 0 0 0 	37237003 1285833 0 	481.399 	3 	190
11017400000000 11017500000178 	10600025996 30290575753 1301512 	10598724484 1301512 0 0 0 	37687078 1301512 0 	480.935 	3 	190
11036600000000 11036700000178 	10800026352 30862947533 1316800 	10798709552 1316800 0 0 0 	38130833 1316800 0 	480.49 	3 	190
11055800000000 11055900000178 	11000026708 31435340378 1331927 	10998694781 1331927 0 0 0 	38564681 1331927 0 	480.061 	3 	190
11075000000000 11075100000178 	11200027064 32007769157 1346832 	11198680232 1346832 0 0 0 	38993502 1346832 0 	479.648 	3 	190
11094200000000 11094300000355 	11400027774 32580260990 1361495 	11398666279 1361495 0 0 0 	39418913 1361495 0 	479.193 	3 	190
11113400000000 11113500000355 	11600028484 33152740477 1376043 	11598652441 1376043 0 0 0 	39841676 1376043 0 	478.754 	3 	190
11132600000000 11132700000355 	11800029194 33725223134 1390175 	11798639019 1390175 0 0 0 	40254017 1390175 0 	478.331 	3 	190
11151800000000 11151900000355 	12000029904 34297860259 1404096 	11998625808 1404096 0 0 0 	40655660 1404096 0 	477.922 	3 	190
11171000000000 11171100000355 	12200030614 34870466847 1418039 	12198612575 1418039 0 0 0 	41059301 1418039 0 	477.528 	3 	190
11190200000000 11190300000230 	12400031074 35443082125 1431533 	12398599541 1431533 0 0 0 	41449459 1431533 0 	477.075 	3 	190
11209400000000 11209500000230 	12600031534 36015787635 1444842 	12598586692 1444842 0 0 0 	41836066 1444842 0 	476.638 	3 	190
11228600000000 11228700000230 	12800031994 36588428408 1457814 	12798574180 1457814 0 0 0 	42213954 1457814 0 	476.215 	3 	190
11247800000000 11247900000230 	13000032454 37161109751 1470773 	12998561681 1470773 0 0 0 	42584207 1470773 0 	475.806 	3 	190
11267000000000 11267100000320 	13200033094 37733882647 1483460 	13198549634 1483460 0 0 0 	42953462 1483460 0 	475.359 	3 	190
11286200000000 11286300000320 	13400033734 38306732772 1496010 	13398537724 1496010 0 0 0 	43320810 1496010 0 	474.926 	3 	190
11305400000000 11305500000320 	13600034374 38879514932 1508292 	13598526082 1508292 0 0 0 	43678281 1508292 0 	474.506 	3 	190
11324600000000 11324700000320 	13800035014 39452350025 1520232 	13798514782 1520232 0 0 0 	44025333 1520232 0 	474.1 	3 	190
11343800000000 11343900000400 	14000035814 40025233071 1531908 	13998503906 1531908 0 0 0 	44359843 1531908 0 	473.657 	3 	190
11363000000000 11363100000400 	14200036614 40598197002 1543594 	14198493020 1543594 0 0 0 	44697448 1543594 0 	473.228 	3 	190
11382200000000 11382300000400 	14400037414 41171145391 1555238 	14398482176 1555238 0 0 0 	45031514 1555238 0 	472.812 	3 	190
11401400000000 11401500000400 	14600038214 41744141683 1566462 	14598471752 1566462 0 0 0 	45360633 1566462 0 	472.407 	3 	190
11420600000000 11420700000290 	14800038794 42317138492 1577656 	14798461138 1577656 0 0 0 	45686991 1577656 0 	471.968 	3 	190
11439800000000 11439900000290 	15000039374 42890195924 1588680 	14998450694 1588680 0 0 0 	46009663 1588680 0 	471.542 	3 	190
11459000000000 11459100000290 	15200039954 43463263572 1599477 	15198440477 1599477 0 0 0 	46323557 1599477 0 	471.128 	3 	190
11478200000000 11478300000290 	15400040534 44036419192 1609991 	15398430543 1609991 0 0 0 	46631659 1609991 0 	470.725 	3 	190
11497400000000 11497500000249 	15600041032 44609562067 1620366 	15598420666 1620366 0 0 0 	46933114 1620366 0 	470.289 	3 	190
11516600000000 11516700000249 	15800041530 45182707837 1630636 	15798410894 1630636 0 0 0 	47228022 1630636 0 	469.865 	3 	190
11535800000000 11535900000249 	16000042028 45755891216 1640712 	15998401316 1640712 0 0 0 	47518872 1640712 0 	469.453 	3 	190
11555000000000 11555100000249 	16200042526 46329139332 1650731 	16198391795 1650731 0 0 0 	47811783 1650731 0 	469.051 	3 	190
11574200000000 11574300000088 	16400042702 46902351019 1660541 	16398382161 1660541 0 0 0 	48095603 1660541 0 	468.618 	3 	190
11593400000000 11593500000088 	16600042878 47475587746 1670038 	16598372840 1670038 0 0 0 	48373415 1670038 0 	468.196 	3 	190
11612600000000 11612700000088 	16800043054 48048939136 1679369 	16798363685 1679369 0 0 0 	48642430 1679369 0 	467.785 	3 	190
11631800000000 11631900000088 	17000043230 48622293090 1688634 	16998354596 1688634 0 0 0 	48912739 1688634 0 	467.384 	3 	190
11651000000000 11651100000110 	17200043450 49195647926 1697784 	17198345666 1697784 0 0 0 	49181899 1697784 0 	466.966 	3 	190
11670200000000 11670300000110 	17400043670 49769039059 1706793 	17398336877 1706793 0 0 0 	49444215 1706793 0 	466.559 	3 	190
11689400000000 11689500000110 	17600043890 50342450510 1715726 	17598328164 1715726 0 0 0 	49709443 1715726 0 	466.161 	3 	190
11708600000000 11708700000110 	17800044110 50915849936 1724509 	17798319601 1724509 0 0 0 	49962291 1724509 0 	465.773 	3 	190
11727800000000 11727900000189 	18000044488 51489317385 1732930 	17998311558 1732930 0 0 0 	50205322 1732930 0 	465.356 	3 	190
11747000000000 11747100000189 	18200044866 52062857751 1741486 	18198303380 1741486 0 0 0 	50450809 1741486 0 	464.949 	3 	190
11766200000000 11766300000100 	18400045066 52636333205 1745681 	18398299385 1745681 0 0 0 	50571897 1745681 0 	464.188 	3 	190
11785400000000 11785500000314 	18600045694 53209865273 1749762 	18598295932 1749762 0 0 0 	50692487 1749762 0 	463.417 	3 	190
11804600000000 11804700000314 	18800046322 53783420788 1753715 	18798292607 1753715 0 0 0 	50808892 1753715 0 	462.665 	3 	190
11823800000000 11823900000314 	19000046950 54357003823 1757677 	18998289273 1757677 0 0 0 	50923856 1757677 0 	461.931 	3 	190
11843000000000 11843100000314 	19200047578 54930694443 1761581 	19198285997 1761581 0 0 0 	51037877 1761581 0 	461.215 	3 	190
11862200000000 11862300000173 	19400047924 55504389328 1765436 	19398282488 1765436 0 0 0 	51153024 1765436 0 	460.475 	3 	190
11881400000000 11881500000173 	19600048270 56078050736 1769201 	19598279069 1769201 0 0 0 	51263656 1769201 0 	459.752 	3 	190
11900600000000 11900700000173 	19800048616 56651729359 1772950 	19798275666 1772950 0 0 0 	51371894 1772950 0 	459.046 	3 	190
11919800000000 11919900000173 	20000048962 57225496968 1776590 	19998272372 1776590 0 0 0 	51478607 1776590 0 	458.356 	3 	190
11939000000000 11939100000330 	20200049622 57799313627 1780226 	20198269396 1780226 0 0 0 	51583318 1780226 0 	457.656 	3 	190
11958200000000 11958300000330 	20400050282 58373095320 1783832 	20398266450 1783832 0 0 0 	51690926 1783832 0 	456.971 	3 	190
11977400000000 11977500000330 	20600050942 58946925573 1787329 	20598263613 1787329 0 0 0 	51788434 1787329 0 	456.302 	3 	190
11996600000000 11996700000330 	20800051602 59520871661 1790783 	20798260819 1790783 0 0 0 	51888477 1790783 0 	455.648 	3 	190
12015800000000 12015900000352 	21000052306 60094751853 1794056 	20998258250 1794056 0 0 0 	51980583 1794056 0 	454.97 	3 	190
12035000000000 12035100000352 	21200053010 60668692902 1797371 	21198255639 1797371 0 0 0 	52074444 1797371 0 	454.307 	3 	190
12054200000000 12054300000352 	21400053714 61242648088 1800569 	21398253145 1800569 0 0 0 	52164646 1800569 0 	453.658 	3 	190
12073400000000 12073500000352 	21600054418 61816633315 1803731 	21598250687 1803731 0 0 0 	52258832 1803731 0 	453.022 	3 	190
12092600000000 12092700000376 	21800055170 62390659834 1806889 	21798248281 1806889 0 0 0 	52353294 1806889 0 	452.376 	3 	190
12111800000000 12111900000376 	22000055922 62964692035 1809941 	21998245981 1809941 0 0 0 	52442795 1809941 0 	451.744 	3 	190
12131000000000 12131100000376 	22200056674 63538743313 1812946 	22198243728 1812946 0 0 0 	52530068 1812946 0 	451.124 	3 	190
12150200000000 12150300000290 	22400057254 64112826625 1815909 	22398241345 1815909 0 0 0 	52619785 1815909 0 	450.494 	3 	190
12169400000000 12169500000290 	22600057834 64686964395 1818766 	22598239068 1818766 0 0 0 	52702952 1818766 0 	449.876 	3 	190
12188600000000 12188700000290 	22800058414 65261145483 1821695 	22798236719 1821695 0 0 0 	52789230 1821695 0 	449.271 	3 	190
12207800000000 12207900000290 	23000058994 65835375557 1824624 	22998234370 1824624 0 0 0 	52874956 1824624 0 	448.678 	3 	190
12227000000000 12227100000026 	23200059046 66409574645 1827339 	23198231707 1827339 0 0 0 	52955174 1827339 0 	448.063 	3 	190
12246200000000 12246300000026 	23400059098 66983830290 1830046 	23398229052 1830046 0 0 0 	53033698 1830046 0 	447.459 	3 	190
12265400000000 12265500000026 	23600059150 67558141076 1832775 	23598226375 1832775 0 0 0 	53114109 1832775 0 	446.868 	3 	190
12284600000000 12284700000026 	23800059202 68132400681 1835321 	23798223881 1835321 0 0 0 	53187059 1835321 0 	446.288 	3 	190
12303800000000 12303900000285 	24000059772 68706718832 1837908 	23998221864 1837908 0 0 0 	53261959 1837908 0 	445.696 	3 	190
12323000000000 12323100000285 	24200060342 69281132346 1840444 	24198219898 1840444 0 0 0 	53334565 1840444 0 	445.116 	3 	190
12342200000000 12342300000285 	24400060912 69855559020 1843011 	24398217901 1843011 0 0 0 	53408656 1843011 0 	444.547 	3 	190
12361400000000 12361500000285 	24600061482 70429994954 1845375 	24598216107 1845375 0 0 0 	53477881 1845375 0 	443.989 	3 	190
12380600000000 12380700000151 	24800061784 71004461385 1847789 	24798213995 1847789 0 0 0 	53548905 1847789 0 	443.42 	3 	190
12399800000000 12399900000151 	25000062086 71578917265 1850276 	24998211810 1850276 0 0 0 	53621377 1850276 0 	442.861 	3 	190
12419000000000 12419100000308 	25200062702 72153768256 1892200 	25198170502 1892200 0 0 0 	54856396 1892200 0 	443.312 	3 	190
12438200000000 12438300000308 	25400063318 72728676239 1933279 	25398130039 1933279 0 0 0 	56052353 1933279 0 	443.757 	3 	190
12457400000000 12457500000308 	25600063934 73303583526 1974032 	25598089902 1974032 0 0 0 	57238952 1974032 0 	444.196 	3 	190
12476600000000 12476700000308 	25800064550 73878442858 2013898 	25798050652 2013898 0 0 0 	58402934 2013898 0 	444.629 	3 	190
12495800000000 12495900000308 	26000065166 74453394348 2053583 	25998011583 2053583 0 0 0 	59561865 2053583 0 	445.056 	3 	190
12515000000000 12515100000152 	26200065470 75028335473 2092532 	26197972938 2092532 0 0 0 	60707244 2092532 0 	445.453 	3 	190
12534200000000 12534300000152 	26400065774 75603361683 2131180 	26397934594 2131180 0 0 0 	61842977 2131180 0 	445.846 	3 	190
12553400000000 12553500000152 	26600066078 76178382838 2169245 	26597896833 2169245 0 0 0 	62948538 2169245 0 	446.233 	3 	190
12572600000000 12572700000152 	26800066382 76753400912 2206651 	26797859731 2206651 0 0 0 	64032164 2206651 0 	446.615 	3 	190
12591800000000 12591900000152 	27000066686 77328443512 2244064 	26997822622 2244064 0 0 0 	65112296 2244064 0 	446.992 	3 	190
12611000000000 12611100000000 	27200066686 77903522590 2280592 	27197786094 2280592 0 0 0 	66181712 2280592 0 	447.341 	3 	190
12630200000000 12630300000000 	27400066686 78478605083 2316847 	27397749839 2316847 0 0 0 	67246531 2316847 0 	447.685 	3 	190
12649400000000 12649500000000 	27600066686 79053736990 2352443 	27597714243 2352443 0 0 0 	68286489 2352443 0 	448.024 	3 	190
12668600000000 12668700000000 	27800066686 79628883284 2387556 	27797679130 2387556 0 0 0 	69314902 2387556 0 	448.36 	3 	190
12687800000000 12687900000000 	28000066686 80204086260 2422584 	27997644102 2422584 0 0 0 	70339188 2422584 0 	448.691 	3 	190
12707000000000 12707100000048 	28200066782 80779300146 2456901 	28197609881 2456901 0 0 0 	71345519 2456901 0 	448.995 	3 	190
12726200000000 12726300000048 	28400066878 81354537590 2490683 	28397576195 2490683 0 0 0 	72331932 2490683 0 	449.294 	3 	190
12745400000000 12745500000048 	28600066974 81929802114 2524005 	28597542969 2524005 0 0 0 	73307562 2524005 0 	449.59 	3 	190
12764600000000 12764700000048 	28800067070 82505134218 2556908 	28797510162 2556908 0 0 0 	74264192 2556908 0 	449.883 	3 	190
12783800000000 12783900000048 	29000067166 83080432718 2589564 	28997477602 2589564 0 0 0 	75215003 2589564 0 	450.171 	3 	190
12803000000000 12803100000476 	29200068118 83655842958 2621764 	29197446354 2621764 0 0 0 	76150322 2621764 0 	450.434 	3 	190
12822200000000 12822300000476 	29400069070 84231187843 2653394 	29397415676 2653394 0 0 0 	77078203 2653394 0 	450.693 	3 	190
12841400000000 12841500000476 	29600070022 84806551323 2684655 	29597385367 2684655 0 0 0 	77996889 2684655 0 	450.949 	3 	190
12860600000000 12860700000476 	29800070974 85381911841 2715708 	29797355266 2715708 0 0 0 	78910584 2715708 0 	451.201 	3 	190
12879800000000 12879900000476 	30000071926 85957321503 2746375 	29997325551 2746375 0 0 0 	79814506 2746375 0 	451.451 	3 	190
12899000000000 12899100000011 	30200071948 86532783252 2776658 	30197295290 2776658 0 0 0 	80703878 2776658 0 	451.68 	3 	190
12918200000000 12918300000011 	30400071970 87108249808 2806400 	30397265570 2806400 0 0 0 	81575650 2806400 0 	451.907 	3 	190
12937400000000 12937500000011 	30600071992 87683804222 2836002 	30597235990 2836002 0 0 0 	82442095 2836002 0 	452.132 	3 	190
12956600000000 12956700000011 	30800072014 88259339869 2865062 	30797206952 2865062 0 0 0 	83282317 2865062 0 	452.353 	3 	190
12975800000000 12975900000011 	31000072036 88834902441 2893718 	30997178318 2893718 0 0 0 	84124823 2893718 0 	452.572 	3 	190
12995000000000 12995100000210 	31200072456 89410520869 2922223 	31197150233 2922223 0 0 0 	84952042 2922223 0 	452.766 	3 	190
13014200000000 13014300000210 	31400072876 89986151317 2950191 	31397122685 2950191 0 0 0 	85763848 2950191 0 	452.958 	3 	190
13033400000000 13033500000210 	31600073296 90561820321 2977935 	31597095361 2977935 0 0 0 	86576103 2977935 0 	453.147 	3 	190
13052600000000 13052700000210 	31800073716 91137477577 3005176 	31797068540 3005176 0 0 0 	87364215 3005176 0 	453.334 	3 	190
13071800000000 13071900000210 	32000074136 91713099434 3032058 	31997042078 3032058 0 0 0 	88152823 3032058 0 	453.519 	3 	190
13091000000000 13091100000210 	32200074556 92288852502 3058518 	32197016038 3058518 0 0 0 	88919179 3058518 0 	453.702 	3 	190
13110200000000 13110300000381 	32400075318 92864615609 3084789 	32396990529 3084789 0 0 0 	89688463 3084789 0 	453.861 	3 	190
13129400000000 13129500000381 	32600076080 93440407901 3110884 	32596965196 3110884 0 0 0 	90452773 3110884 0 	454.018 	3 	190
13148600000000 13148700000381 	32800076842 94016244147 3136160 	32796940682 3136160 0 0 0 	91189094 3136160 0 	454.174 	3 	190
13167800000000 13167900000381 	33000077604 94592046683 3161459 	32996916145 3161459 0 0 0 	91925092 3161459 0 	454.327 	3 	190
13187000000000 13187100000381 	33200078366 95167911343 3186673 	33196891693 3186673 0 0 0 	92656376 3186673 0 	454.479 	3 	190
13206200000000 13206300000468 	33400079302 95743773380 3211096 	33396868206 3211096 0 0 0 	93366430 3211096 0 	454.613 	3 	190
13225400000000 13225500000468 	33600080238 96319607974 3235112 	33596845126 3235112 0 0 0 	94060033 3235112 0 	454.746 	3 	190
13244600000000 13244700000468 	33800081174 96895510583 3259009 	33796822165 3259009 0 0 0 	94758283 3259009 0 	454.877 	3 	190
13263800000000 13263900000468 	34000082110 97471369775 3282629 	33996799481 3282629 0 0 0 	95447826 3282629 0 	455.006 	3 	190
13283000000000 13283100000468 	34200083046 98047354081 3305785 	34196777261 3305785 0 0 0 	96125832 3305785 0 	455.134 	3 	190
13302200000000 13302300000254 	34400083554 98623318068 3328764 	34396754790 3328764 0 0 0 	96793726 3328764 0 	455.239 	3 	190
13321400000000 13321500000254 	34600084062 99199261791 3351520 	34596732542 3351520 0 0 0 	97460911 3351520 0 	455.344 	3 	190
13340600000000 13340700000254 	34800084570 99775270089 3373845 	34796710725 3373845 0 0 0 	98108054 3373845 0 	455.447 	3 	190
13359800000000 13359900000254 	35000085078 100351385441 3396374 	34996688704 3396374 0 0 0 	98767142 3396374 0 	455.548 	3 	190
13379000000000 13379100000254 	35200085586 100927489300 3418082 	35196667504 3418082 0 0 0 	99393014 3418082 0 	455.649 	3 	190
13398200000000 13398300000365 	35400086316 101503597724 3439535 	35396646781 3439535 0 0 0 	100025818 3439535 0 	455.733 	3 	190
13417400000000 13417500000365 	35600087046 102079776263 3460924 	35596626122 3460924 0 0 0 	100650117 3460924 0 	455.816 	3 	190
13436600000000 13436700000365 	35800087776 102655974085 3481999 	35796605777 3481999 0 0 0 	101253339 3481999 0 	455.898 	3 	190
13455800000000 13455900000365 	36000088506 103232147004 3502876 	35996585630 3502876 0 0 0 	101861591 3502876 0 	455.98 	3 	190
13475000000000 13475100000365 	36200089236 103808301989 3523467 	36196565769 3523467 0 0 0 	102459173 3523467 0 	456.06 	3 	190
13494200000000 13494300000368 	36400089972 104384478481 3543873 	36396546099 3543873 0 0 0 	103051598 3543873 0 	456.124 	3 	190
13513400000000 13513500000368 	36600090708 104960758901 3563883 	36596526825 3563883 0 0 0 	103634034 3563883 0 	456.187 	3 	190
13532600000000 13532700000368 	36800091444 105537052488 3583750 	36796507694 3583750 0 0 0 	104217940 3583750 0 	456.25 	3 	190
13551800000000 13551900000368 	37000092180 106113272359 3603406 	36996488774 3603406 0 0 0 	104796127 3603406 0 	456.312 	3 	190
13571000000000 13571100000368 	37200092916 106689618985 3622638 	37196470278 3622638 0 0 0 	105361839 3622638 0 	456.373 	3 	190
13590200000000 13590300000352 	37400093620 107265995586 3641623 	37396451997 3641623 0 0 0 	105922878 3641623 0 	456.413 	3 	190
13609400000000 13609500000352 	37600094324 107842348584 3660121 	37596434203 3660121 0 0 0 	106465293 3660121 0 	456.453 	3 	190
13628600000000 13628700000352 	37800095028 108418796699 3678548 	37796416480 3678548 0 0 0 	107000189 3678548 0 	456.492 	3 	190
13647800000000 13647900000352 	38000095732 108995277446 3696921 	37996398811 3696921 0 0 0 	107530241 3696921 0 	456.531 	3 	190
13667000000000 13667100000352 	38200096436 109571794925 3714995 	38196381441 3714995 0 0 0 	108059282 3714995 0 	456.569 	3 	190
13686200000000 13686300000120 	38400096676 110148327081 3732866 	38396363810 3732866 0 0 0 	108581632 3732866 0 	456.592 	3 	190
13705400000000 13705500000120 	38600096916 110724893291 3750470 	38596346446 3750470 0 0 0 	109095888 3750470 0 	456.615 	3 	190
13724600000000 13724700000120 	38800097156 111301449024 3767916 	38796329240 3767916 0 0 0 	109607351 3767916 0 	456.637 	3 	190
13743800000000 13743900000120 	39000097396 111878003066 3785202 	38996312194 3785202 0 0 0 	110112461 3785202 0 	456.659 	3 	190
13763000000000 13763100000120 	39200097636 112454601872 3802111 	39196295525 3802111 0 0 0 	110606580 3802111 0 	456.681 	3 	190
13782200000000 13782300000178 	39400097992 113031254708 3818758 	39396279234 3818758 0 0 0 	111093717 3818758 0 	456.688 	3 	190
13801400000000 13801500000178 	39600098348 113607909687 3835271 	39596263077 3835271 0 0 0 	111576456 3835271 0 	456.695 	3 	190
13820600000000 13820700000178 	39800098704 114184562334 3851602 	39796247102 3851602 0 0 0 	112055131 3851602 0 	456.701 	3 	190
13839800000000 13839900000178 	40000099060 114761304237 3867729 	39996231331 3867729 0 0 0 	112529559 3867729 0 	456.708 	3 	190
13859000000000 13859100000178 	40200099416 115338047946 3883794 	40196215622 3883794 0 0 0 	113003544 3883794 0 	456.714 	3 	190
13878200000000 13878300000355 	40400100126 115914802197 3899605 	40396200521 3899605 0 0 0 	113463895 3899605 0 	456.706 	3 	190
13897400000000 13897500000355 	40600100836 116491588666 3915048 	40596185788 3915048 0 0 0 	113913332 3915048 0 	456.697 	3 	190
13916600000000 13916700000355 	40800101546 117068365987 3930442 	40796171104 3930442 0 0 0 	114362794 3930442 0 	456.689 	3 	190
13935800000000 13935900000355 	41000102256 117645223513 3945522 	40996156734 3945522 0 0 0 	114802008 3945522 0 	456.68 	3 	190
13955000000000 13955100000355 	41200102966 118222019042 3960666 	41196142300 3960666 0 0 0 	115247418 3960666 0 	456.672 	3 	190
13974200000000 13974300000230 	41400103426 118798899307 3975432 	41396127994 3975432 0 0 0 	115679706 3975432 0 	456.645 	3 	190
13993400000000 13993500000230 	41600103886 119375754469 3990047 	41596113839 3990047 0 0 0 	116109263 3990047 0 	456.617 	3 	190
14012600000000 14012700000230 	41800104346 119952734401 4004450 	41796099896 4004450 0 0 0 	116530670 4004450 0 	456.59 	3 	190
14031800000000 14031900000230 	42000104806 120529669055 4018506 	41996086300 4018506 0 0 0 	116941109 4018506 0 	456.563 	3 	190
14051000000000 14051100000230 	42200105266 121106674863 4032385 	42196072881 4032385 0 0 0 	117343841 4032385 0 	456.536 	3 	190
14070200000000 14070300000320 	42400105906 121683725217 4046206 	42396059700 4046206 0 0 0 	117749802 4046206 0 	456.495 	3 	190
14089400000000 14089500000320 	42600106546 122260755847 4059860 	42596046686 4059860 0 0 0 	118146511 4059860 0 	456.455 	3 	190
14108600000000 14108700000320 	42800107186 122837822160 4073404 	42796033782 4073404 0 0 0 	118544120 4073404 0 	456.414 	3 	190
14127800000000 14127900000320 	43000107826 123414812930 4086810 	42996021016 4086810 0 0 0 	118939001 4086810 0 	456.374 	3 	190
14147000000000 14147100000320 	43200108466 123991934640 4099880 	43196008586 4099880 0 0 0 	119319976 4099880 0 	456.335 	3 	190
14166200000000 14166300000400 	43400109266 124569048494 4112728 	43395996538 4112728 0 0 0 	119694738 4112728 0 	456.281 	3 	190
14185400000000 14185500000400 	43600110066 125146192592 4125653 	43595984413 4125653 0 0 0 	120074842 4125653 0 	456.228 	3 	190
14204600000000 14204700000400 	43800110866 125723361471 4138102 	43795972764 4138102 0 0 0 	120439332 4138102 0 	456.176 	3 	190
14223800000000 14223900000400 	44000111666 126300540214 4150695 	43995960971 4150695 0 0 0 	120808309 4150695 0 	456.124 	3 	190
14243000000000 14243100000400 	44200112466 126877652799 4162845 	44195949621 4162845 0 0 0 	121160534 4162845 0 	456.072 	3 	190
14262200000000 14262300000290 	44400113046 127454875293 4174903 	44395938143 4174903 0 0 0 	121516549 4174903 0 	456.007 	3 	190
14281400000000 14281500000290 	44600113626 128032124130 4186941 	44595926685 4186941 0 0 0 	121870598 4186941 0 	455.942 	3 	190
14300600000000 14300700000290 	44800114206 128609454703 4198892 	44795915314 4198892 0 0 0 	122225670 4198892 0 	455.878 	3 	190
14319800000000 14319900000290 	45000114786 129186760134 4210650 	44995904136 4210650 0 0 0 	122572905 4210650 0 	455.814 	3 	190
14339000000000 14339100000290 	45200115366 129764080125 4222211 	45195893155 4222211 0 0 0 	122907220 4222211 0 	455.751 	3 	190
14358200000000 14358300000249 	45400115864 130341403654 4233584 	45395882280 4233584 0 0 0 	123237178 4233584 0 	455.674 	3 	190
14377400000000 14377500000249 	45600116362 130918772301 4244819 	45595871543 4244819 0 0 0 	123562253 4244819 0 	455.599 	3 	190
14396600000000 14396700000249 	45800116860 131496153225 4255895 	45795860965 4255895 0 0 0 	123886042 4255895 0 	455.523 	3 	190
14415800000000 14415900000249 	46000117358 132073599491 4266922 	45995850436 4266922 0 0 0 	124209208 4266922 0 	455.449 	3 	190
14435000000000 14435100000249 	46200117856 132651000873 4277885 	46195839971 4277885 0 0 0 	124538772 4277885 0 	455.375 	3 	190
14454200000000 14454300000088 	46400118032 133228479636 4288487 	46395829545 4288487 0 0 0 	124852032 4288487 0 	455.288 	3 	190
14473400000000 14473500000088 	46600118208 133805989782 4299037 	46595819171 4299037 0 0 0 	125161135 4299037 0 	455.201 	3 	190
14492600000000 14492700000088 	46800118384 134383507597 4309377 	46795809007 4309377 0 0 0 	125463210 4309377 0 	455.116 	3 	190
14511800000000 14511900000088 	47000118560 134961076965 4319729 	46995798831 4319729 0 0 0 	125764774 4319729 0 	455.031 	3 	190
14531000000000 14531100000088 	47200118736 135538701311 4329762 	47195788974 4329762 0 0 0 	126060357 4329762 0 	454.947 	3 	190
14550200000000 14550300000110 	47400118956 136116290658 4339721 	47395779235 4339721 0 0 0 	126357018 4339721 0 	454.854 	3 	190
14569400000000 14569500000110 	47600119176 136693873748 4349590 	47595769586 4349590 0 0 0 	126646400 4349590 0 	454.762 	3 	190
14588600000000 14588700000110 	47800119396 137271560392 4359259 	47795760137 4359259 0 0 0 	126923516 4359259 0 	454.671 	3 	190
14607800000000 14607900000110 	48000119616 137849172551 4368914 	47995750702 4368914 0 0 0 	127211581 4368914 0 	454.581 	3 	190
14627000000000 14627100000110 	48200119836 138426864745 4378511 	48195741325 4378511 0 0 0 	127491246 4378511 0 	454.492 	3 	190
14646200000000 14646300000189 	48400120214 139004603488 4387833 	48395732381 4387833 0 0 0 	127762429 4387833 0 	454.389 	3 	190
14665400000000 14665500000189 	48600120592 139582333344 4397032 	48595723560 4397032 0 0 0 	128026898 4397032 0 	454.288 	3 	190
14684600000000 14684700000189 	48800120970 140160106074 4406100 	48795714870 4406100 0 0 0 	128295624 4406100 0 	454.187 	3 	190
14703800000000 14703900000189 	49000121348 140737913195 4415245 	48995706103 4415245 0 0 0 	128566725 4415245 0 	454.087 	3 	190
14723000000000 14723100000189 	49200121726 141315712557 4424274 	49195697452 4424274 0 0 0 	128831454 4424274 0 	453.989 	3 	190
14742200000000 14742300000060 	49400121846 141893582244 4433225 	49395688621 4433225 0 0 0 	129092389 4433225 0 	453.877 	3 	190
14761400000000 14761500000060 	49600121966 142471457289 4442066 	49595679900 4442066 0 0 0 	129348690 4442066 0 	453.766 	3 	190
14780600000000 14780700000060 	49800122086 143049386625 4450641 	49795671445 4450641 0 0 0 	129596995 4450641 0 	453.657 	3 	190
14799800000000 14799900000060 	50000122206 143627306822 4459209 	49995662997 4459209 0 0 0 	129845042 4459209 0 	453.548 	3 	190
14819000000000 14819100000060 	50200122326 144205230962 4467613 	50195654713 4467613 0 0 0 	130088759 4467613 0 	453.44 	3 	190
14838200000000 14838300000375 	50400123076 144783208842 4476057 	50395647019 4476057 0 0 0 	130337683 4476057 0 	453.32 	3 	190
14857400000000 14857500000375 	50600123826 145361206590 4484076 	50595639750 4484076 0 0 0 	130572227 4484076 0 	453.2 	3 	190
14876600000000 14876700000375 	50800124576 145939209105 4492189 	50795632387 4492189 0 0 0 	130808786 4492189 0 	453.082 	3 	190
