14800900000000 14801000000060 	200000120 577907750 8552 	199991568 8552 0 0 0 	247916 8552 0 	428 	3 	9
14826500000000 14826600000060 	400000240 1155883314 16863 	399983377 16863 0 0 0 	491627 16863 0 	428 	3 	9
14852100000000 14852200000375 	600000990 1733881138 24992 	599975998 24992 0 0 0 	727245 24992 0 	426.995 	3 	9
14877700000000 14877800000375 	800001740 2311878663 33059 	799968681 33059 0 0 0 	961778 33059 0 	426.495 	3 	9
14903300000000 14903400000375 	1000002490 2889898889 40872 	999961618 40872 0 0 0 	1191356 40872 0 	426.195 	3 	9
14928900000000 14929000000375 	1200003240 3467994052 48668 	1199954572 48668 0 0 0 	1417504 48668 0 	425.995 	3 	9
14954500000000 14954600000074 	1400003388 4046074183 56478 	1399946910 56478 0 0 0 	1647426 56478 0 	425.42 	3 	9
14980100000000 14980200000074 	1600003536 4624129192 63938 	1599939598 63938 0 0 0 	1865560 63938 0 	424.989 	3 	9
15005700000000 15005800000074 	1800003684 5202294231 71471 	1799932213 71471 0 0 0 	2084236 71471 0 	424.655 	3 	9
15031300000000 15031400000026 	2000003736 5780445373 78791 	1999924945 78791 0 0 0 	2298165 78791 0 	424.194 	3 	9
15056900000000 15057000000320 	2200004376 6358595638 86046 	2199918330 86046 0 0 0 	2511329 86046 0 	423.809 	3 	9
15082500000000 15082600000320 	2400005016 6936875037 93000 	2399912016 93000 0 0 0 	2719106 93000 0 	423.489 	3 	9
15108100000000 15108200000320 	2600005656 7515200797 100022 	2599905634 100022 0 0 0 	2927123 100022 0 	423.219 	3 	9
15133700000000 15133800000353 	2800006362 8093588778 106784 	2799899578 106784 0 0 0 	3124686 106784 0 	422.769 	3 	9
15159300000000 15159400000353 	3000007068 8671874220 113359 	2999893709 113359 0 0 0 	3322401 113359 0 	422.379 	3 	9
15184900000000 15185000000353 	3200007774 9250249162 119871 	3199887903 119871 0 0 0 	3515580 119871 0 	422.039 	3 	9
15210500000000 15210600000353 	3400008480 9828720039 126369 	3399882111 126369 0 0 0 	3708982 126369 0 	421.739 	3 	9
15236100000000 15236200000044 	3600008568 10407175549 132689 	3599875879 132689 0 0 0 	3893791 132689 0 	421.301 	3 	9
15261700000000 15261800000044 	3800008656 10985598267 138905 	3799869751 138905 0 0 0 	4075718 138905 0 	420.911 	3 	9
15287300000000 15287400000044 	4000008744 11564139765 144985 	3999863759 144985 0 0 0 	4252405 144985 0 	420.56 	3 	9
15312900000000 15313000000044 	4200008832 12142664155 150843 	4199857989 150843 0 0 0 	4423389 150843 0 	420.243 	3 	9
15338500000000 15338600000228 	4400009288 12721224516 156735 	4399852553 156735 0 0 0 	4596160 156735 0 	419.861 	3 	9
15364100000000 15364200000228 	4600009744 13299822315 162457 	4599847287 162457 0 0 0 	4766009 162457 0 	419.513 	3 	9
15389700000000 15389800000228 	4800010200 13878460875 168147 	4799842053 168147 0 0 0 	4932876 168147 0 	419.194 	3 	9
15415300000000 15415400000228 	5000010656 14457131242 173761 	4999836895 173761 0 0 0 	5098754 173761 0 	418.902 	3 	9
15440900000000 15441000000091 	5200010838 15035812440 179316 	5199831522 179316 0 0 0 	5264456 179316 0 	418.512 	3 	9
15466500000000 15466600000091 	5400011020 15614534171 184750 	5399826270 184750 0 0 0 	5424825 184750 0 	418.152 	3 	9
15492100000000 15492200000091 	5600011202 16193266236 190237 	5599820965 190237 0 0 0 	5589259 190237 0 	417.818 	3 	9
15517700000000 15517800000308 	5800011818 16772410757 235163 	5799776655 235163 0 0 0 	6910832 235163 0 	420.391 	3 	9
15543300000000 15543400000308 	6000012434 17351564456 279699 	5999732735 279699 0 0 0 	8228517 279699 0 	422.822 	3 	9
15568900000000 15569000000308 	6200013050 17930703384 323290 	6199689760 323290 0 0 0 	9514993 323290 0 	425.121 	3 	9
15594500000000 15594600000308 	6400013666 18509918203 365725 	6399647941 365725 0 0 0 	10770082 365725 0 	427.3 	3 	9
15620100000000 15620200000308 	6600014282 19089097988 408446 	6599605836 408446 0 0 0 	12027431 408446 0 	429.367 	3 	9
15645700000000 15645800000152 	6800014586 19668351149 450135 	6799564451 450135 0 0 0 	13254209 450135 0 	431.245 	3 	9
15671300000000 15671400000152 	7000014890 20247617894 491242 	6999523648 491242 0 0 0 	14459056 491242 0 	433.031 	3 	9
15696900000000 15697000000152 	7200015194 20826928980 532085 	7199483109 532085 0 0 0 	15654555 532085 0 	434.732 	3 	9
15722500000000 15722600000152 	7400015498 21406187740 572187 	7399443311 572187 0 0 0 	16830255 572187 0 	436.352 	3 	9
15748100000000 15748200000152 	7600015802 21985544059 611512 	7599404290 611512 0 0 0 	17993442 611512 0 	437.899 	3 	9
15773700000000 15773800000000 	7800015802 22564930225 650351 	7799365451 650351 0 0 0 	19141126 650351 0 	439.298 	3 	9
15799300000000 15799400000000 	8000015802 23144400658 688955 	7999326847 688955 0 0 0 	20274142 688955 0 	440.635 	3 	9
15824900000000 15825000000000 	8200015802 23723789558 726541 	8199289261 726541 0 0 0 	21376311 726541 0 	441.915 	3 	9
15850500000000 15850600000000 	8400015802 24303247980 764046 	8399251756 764046 0 0 0 	22486744 764046 0 	443.141 	3 	9
15876100000000 15876200000000 	8600015802 24882721231 801014 	8599214788 801014 0 0 0 	23582981 801014 0 	444.316 	3 	9
15901700000000 15901800000048 	8800015898 25462220004 837310 	8799178588 837310 0 0 0 	24643538 837310 0 	445.371 	3 	9
15927300000000 15927400000048 	9000015994 26041731486 873315 	8999142679 873315 0 0 0 	25690601 873315 0 	446.383 	3 	9
15952900000000 15953000000048 	9200016090 26621307803 909014 	9199107076 909014 0 0 0 	26733125 909014 0 	447.356 	3 	9
15978500000000 15978600000048 	9400016186 27200926966 944194 	9399071992 944194 0 0 0 	27755101 944194 0 	448.291 	3 	9
16004100000000 16004200000476 	9600017138 27780544471 978529 	9599038609 978529 0 0 0 	28754761 978529 0 	449.123 	3 	9
16029700000000 16029800000476 	9800018090 28360190848 1012503 	9799005587 1012503 0 0 0 	29753484 1012503 0 	449.923 	3 	9
16055300000000 16055400000476 	10000019042 28939929439 1045960 	9998973082 1045960 0 0 0 	30735948 1045960 0 	450.694 	3 	9
16080900000000 16081000000476 	10200019994 29519667609 1079301 	10198940693 1079301 0 0 0 	31714193 1079301 0 	451.437 	3 	9
16106500000000 16106600000476 	10400020946 30099354031 1112060 	10398908886 1112060 0 0 0 	32672986 1112060 0 	452.154 	3 	9
16132100000000 16132200000011 	10600020968 30679093662 1143910 	10598877058 1143910 0 0 0 	33614243 1143910 0 	452.798 	3 	9
16157700000000 16157800000011 	10800020990 31258886405 1175426 	10798845564 1175426 0 0 0 	34542001 1175426 0 	453.419 	3 	9
