14801100000000 14801200000060 	200000120 577848540 8373 	199991747 8373 0 0 0 	245817 8373 0 	428 	3 	11
14826700000000 14826800000060 	400000240 1155817988 16771 	399983469 16771 0 0 0 	490233 16771 0 	428 	3 	11
14852300000000 14852400000375 	600000990 1733855360 24989 	599976001 24989 0 0 0 	730572 24989 0 	426.995 	3 	11
14877900000000 14878000000375 	800001740 2311870456 33038 	799968702 33038 0 0 0 	967714 33038 0 	426.495 	3 	11
14903500000000 14903600000375 	1000002490 2889924003 40936 	999961554 40936 0 0 0 	1199586 40936 0 	426.195 	3 	11
14929100000000 14929200000375 	1200003240 3467971334 48826 	1199954414 48826 0 0 0 	1427745 48826 0 	425.995 	3 	11
14954700000000 14954800000074 	1400003388 4046085120 56518 	1399946870 56518 0 0 0 	1653230 56518 0 	425.42 	3 	11
14980300000000 14980400000074 	1600003536 4624195258 64052 	1599939484 64052 0 0 0 	1872243 64052 0 	424.989 	3 	11
15005900000000 15006000000074 	1800003684 5202353668 71399 	1799932285 71399 0 0 0 	2086777 71399 0 	424.655 	3 	11
15031500000000 15031600000320 	2000004324 5780552916 78669 	1999925655 78669 0 0 0 	2296921 78669 0 	424.185 	3 	11
15057100000000 15057200000320 	2200004964 6358769606 85933 	2199919031 85933 0 0 0 	2508409 85933 0 	423.801 	3 	11
15082700000000 15082800000320 	2400005604 6937033776 92936 	2399912668 92936 0 0 0 	2715669 92936 0 	423.482 	3 	11
15108300000000 15108400000320 	2600006244 7515252165 99988 	2599906256 99988 0 0 0 	2923553 99988 0 	423.212 	3 	11
15133900000000 15134000000353 	2800006950 8093520317 106806 	2799900144 106806 0 0 0 	3121552 106806 0 	422.762 	3 	11
15159500000000 15159600000353 	3000007656 8671871327 113440 	2999894216 113440 0 0 0 	3315520 113440 0 	422.373 	3 	11
15185100000000 15185200000353 	3200008362 9250284573 119979 	3199888383 119979 0 0 0 	3508524 119979 0 	422.033 	3 	11
15210700000000 15210800000353 	3400009068 9828680000 126482 	3399882586 126482 0 0 0 	3697249 126482 0 	421.734 	3 	11
15236300000000 15236400000044 	3600009156 10407099116 132752 	3599876404 132752 0 0 0 	3883436 132752 0 	421.296 	3 	11
15261900000000 15262000000044 	3800009244 10985572609 138838 	3799870406 138838 0 0 0 	4062012 138838 0 	420.906 	3 	11
15287500000000 15287600000044 	4000009332 11564109057 145191 	3999864141 145191 0 0 0 	4250106 145191 0 	420.555 	3 	11
15313100000000 15313200000044 	4200009420 12142657932 151238 	4199858182 151238 0 0 0 	4429463 151238 0 	420.238 	3 	11
15338700000000 15338800000228 	4400009876 12721255920 157232 	4399852644 157232 0 0 0 	4607996 157232 0 	419.857 	3 	11
15364300000000 15364400000228 	4600010332 13299880848 162887 	4599847445 162887 0 0 0 	4772707 162887 0 	419.509 	3 	11
15389900000000 15390000000228 	4800010788 13878492778 168589 	4799842199 168589 0 0 0 	4937614 168589 0 	419.191 	3 	11
15415500000000 15415600000228 	5000011244 14457100858 174163 	4999837081 174163 0 0 0 	5099862 174163 0 	418.898 	3 	11
15441100000000 15441200000091 	5200011426 15035792786 179787 	5199831639 179787 0 0 0 	5262883 179787 0 	418.509 	3 	11
15466700000000 15466800000091 	5400011608 15614529314 185238 	5399826370 185238 0 0 0 	5417387 185238 0 	418.149 	3 	11
15492300000000 15492400000091 	5600011790 16193359290 190572 	5599821218 190572 0 0 0 	5575752 190572 0 	417.815 	3 	11
15517900000000 15518000000308 	5800012406 16772439599 235102 	5799777304 235102 0 0 0 	6888340 235102 0 	420.388 	3 	11
15543500000000 15543600000308 	6000013022 17351564259 279471 	5999733551 279471 0 0 0 	8185088 279471 0 	422.819 	3 	11
15569100000000 15569200000308 	6200013638 17930726262 323201 	6199690437 323201 0 0 0 	9476875 323201 0 	425.118 	3 	11
15594700000000 15594800000308 	6400014254 18509997862 366018 	6399648236 366018 0 0 0 	10738139 366018 0 	427.297 	3 	11
15620300000000 15620400000308 	6600014870 19089229767 408323 	6599606547 408323 0 0 0 	11973616 408323 0 	429.364 	3 	11
15645900000000 15646000000152 	6800015174 19668428925 450242 	6799564932 450242 0 0 0 	13199653 450242 0 	431.242 	3 	11
15671500000000 15671600000152 	7000015478 20247677339 491304 	6999524174 491304 0 0 0 	14412588 491304 0 	433.028 	3 	11
15697100000000 15697200000152 	7200015782 20826954399 531893 	7199483889 531893 0 0 0 	15596925 531893 0 	434.729 	3 	11
15722700000000 15722800000152 	7400016086 21406248657 572099 	7399443987 572099 0 0 0 	16785032 572099 0 	436.35 	3 	11
15748300000000 15748400000152 	7600016390 21985623116 611703 	7599404687 611703 0 0 0 	17935151 611703 0 	437.897 	3 	11
15773900000000 15774000000000 	7800016390 22565006507 650674 	7799365716 650674 0 0 0 	19085857 650674 0 	439.296 	3 	11
15799500000000 15799600000000 	8000016390 23144431380 689524 	7999326866 689524 0 0 0 	20231582 689524 0 	440.633 	3 	11
15825100000000 15825200000000 	8200016390 23723799384 727608 	8199288782 727608 0 0 0 	21349687 727608 0 	441.913 	3 	11
15850700000000 15850800000000 	8400016390 24303223928 764819 	8399251571 764819 0 0 0 	22441397 764819 0 	443.138 	3 	11
15876300000000 15876400000000 	8600016390 24882723641 801553 	8599214837 801553 0 0 0 	23528095 801553 0 	444.314 	3 	11
15901900000000 15902000000048 	8800016486 25462246790 838005 	8799178481 838005 0 0 0 	24597096 838005 0 	445.368 	3 	11
15927500000000 15927600000048 	9000016582 26041717089 873888 	8999142694 873888 0 0 0 	25653907 873888 0 	446.381 	3 	11
15953100000000 15953200000048 	9200016678 26621295082 909272 	9199107406 909272 0 0 0 	26699687 909272 0 	447.354 	3 	11
15978700000000 15978800000048 	9400016774 27200920487 944139 	9399072635 944139 0 0 0 	27729150 944139 0 	448.289 	3 	11
16004300000000 16004400000476 	9600017726 27780554107 978721 	9599039005 978721 0 0 0 	28747585 978721 0 	449.121 	3 	11
16029900000000 16030000000476 	9800018678 28360189822 1012782 	9799005896 1012782 0 0 0 	29745157 1012782 0 	449.921 	3 	11
16055500000000 16055600000476 	10000019630 28939831332 1046199 	9998973431 1046199 0 0 0 	30740868 1046199 0 	450.692 	3 	11
16081100000000 16081200000476 	10200020582 29519574649 1079767 	10198940815 1079767 0 0 0 	31733310 1079767 0 	451.435 	3 	11
16106700000000 16106800000476 	10400021534 30099299676 1112328 	10398909206 1112328 0 0 0 	32689158 1112328 0 	452.152 	3 	11
16132300000000 16132400000011 	10600021556 30679077672 1144733 	10598876823 1144733 0 0 0 	33653485 1144733 0 	452.796 	3 	11
16157900000000 16158000000011 	10800021578 31258840259 1176425 	10798845153 1176425 0 0 0 	34593953 1176425 0 	453.417 	3 	11
