14803300000000 14803400000060 	200000120 577904699 8501 	199991619 8501 0 0 0 	244073 8501 0 	428 	3 	33
14828900000000 14829000000060 	400000240 1155810750 16738 	399983502 16738 0 0 0 	487489 16738 0 	428 	3 	33
14854500000000 14854600000375 	600000990 1733787986 24981 	599976009 24981 0 0 0 	726593 24981 0 	426.995 	3 	33
14880100000000 14880200000375 	800001740 2311788650 33075 	799968665 33075 0 0 0 	962721 33075 0 	426.495 	3 	33
14905700000000 14905800000375 	1000002490 2889810221 40996 	999961494 40996 0 0 0 	1199190 40996 0 	426.195 	3 	33
14931300000000 14931400000375 	1200003240 3467799939 48600 	1199954640 48600 0 0 0 	1422947 48600 0 	425.995 	3 	33
14956900000000 14957000000074 	1400003388 4045886193 56104 	1399947284 56104 0 0 0 	1643203 56104 0 	425.42 	3 	33
14982500000000 14982600000074 	1600003536 4624042651 63647 	1599939889 63647 0 0 0 	1860624 63647 0 	424.989 	3 	33
15008100000000 15008200000074 	1800003684 5202215814 71007 	1799932677 71007 0 0 0 	2082422 71007 0 	424.655 	3 	33
15033700000000 15033800000320 	2000004324 5780333732 78358 	1999925966 78358 0 0 0 	2294383 78358 0 	424.185 	3 	33
15059300000000 15059400000320 	2200004964 6358587299 85477 	2199919487 85477 0 0 0 	2507341 85477 0 	423.801 	3 	33
15084900000000 15085000000320 	2400005604 6936884845 92621 	2399912983 92621 0 0 0 	2716403 92621 0 	423.482 	3 	33
15110500000000 15110600000320 	2600006244 7515187204 99546 	2599906698 99546 0 0 0 	2921140 99546 0 	423.212 	3 	33
15136100000000 15136200000353 	2800006950 8093503973 106212 	2799900738 106212 0 0 0 	3116582 106212 0 	422.762 	3 	33
15161700000000 15161800000353 	3000007656 8671890986 113008 	2999894648 113008 0 0 0 	3318915 113008 0 	422.373 	3 	33
15187300000000 15187400000353 	3200008362 9250250702 119615 	3199888747 119615 0 0 0 	3516347 119615 0 	422.033 	3 	33
15212900000000 15213000000353 	3400009068 9828740565 126161 	3399882907 126161 0 0 0 	3709071 126161 0 	421.734 	3 	33
15238500000000 15238600000044 	3600009156 10407205656 132398 	3599876758 132398 0 0 0 	3890258 132398 0 	421.296 	3 	33
15264100000000 15264200000044 	3800009244 10985709274 138699 	3799870545 138699 0 0 0 	4076546 138699 0 	420.906 	3 	33
15289700000000 15289800000044 	4000009332 11564254354 144816 	3999864516 144816 0 0 0 	4254084 144816 0 	420.555 	3 	33
15315300000000 15315400000044 	4200009420 12142766550 150795 	4199858625 150795 0 0 0 	4427822 150795 0 	420.238 	3 	33
15340900000000 15341000000228 	4400009876 12721304915 156702 	4399853174 156702 0 0 0 	4600397 156702 0 	419.857 	3 	33
15366500000000 15366600000228 	4600010332 13299965826 162431 	4599847901 162431 0 0 0 	4769133 162431 0 	419.509 	3 	33
15392100000000 15392200000228 	4800010788 13878605066 168159 	4799842629 168159 0 0 0 	4938899 168159 0 	419.191 	3 	33
15417700000000 15417800000228 	5000011244 14457229596 173622 	4999837622 173622 0 0 0 	5104656 173622 0 	418.898 	3 	33
15443300000000 15443400000091 	5200011426 15035875970 179185 	5199832241 179185 0 0 0 	5267037 179185 0 	418.509 	3 	33
15468900000000 15469000000091 	5400011608 15614650320 184525 	5399827083 184525 0 0 0 	5424797 184525 0 	418.149 	3 	33
15494500000000 15494600000091 	5600011790 16193365473 189801 	5599821989 189801 0 0 0 	5577206 189801 0 	417.815 	3 	33
15520100000000 15520200000308 	5800012406 16772474763 234614 	5799777792 234614 0 0 0 	6892298 234614 0 	420.388 	3 	33
15545700000000 15545800000308 	6000013022 17351640240 278822 	5999734200 278822 0 0 0 	8185620 278822 0 	422.819 	3 	33
15571300000000 15571400000308 	6200013638 17930826645 322158 	6199691480 322158 0 0 0 	9461879 322158 0 	425.118 	3 	33
15596900000000 15597000000308 	6400014254 18510085164 365468 	6399648786 365468 0 0 0 	10732876 365468 0 	427.297 	3 	33
15622500000000 15622600000308 	6600014870 19089279029 407625 	6599607245 407625 0 0 0 	11969630 407625 0 	429.364 	3 	33
15648100000000 15648200000152 	6800015174 19668548192 449622 	6799565552 449622 0 0 0 	13200085 449622 0 	431.242 	3 	33
15673700000000 15673800000152 	7000015478 20247822863 490476 	6999525002 490476 0 0 0 	14391525 490476 0 	433.028 	3 	33
15699300000000 15699400000152 	7200015782 20827141482 530793 	7199484989 530793 0 0 0 	15574348 530793 0 	434.729 	3 	33
15724900000000 15725000000152 	7400016086 21406476810 570830 	7399445256 570830 0 0 0 	16747307 570830 0 	436.35 	3 	33
15750500000000 15750600000152 	7600016390 21985799694 610432 	7599405958 610432 0 0 0 	17918058 610432 0 	437.897 	3 	33
15776100000000 15776200000000 	7800016390 22565221519 649435 	7799366955 649435 0 0 0 	19069920 649435 0 	439.296 	3 	33
15801700000000 15801800000000 	8000016390 23144573654 687519 	7999328871 687519 0 0 0 	20200052 687519 0 	440.633 	3 	33
15827300000000 15827400000000 	8200016390 23723997665 725613 	8199290777 725613 0 0 0 	21327593 725613 0 	441.913 	3 	33
15852900000000 15853000000000 	8400016390 24303512786 762865 	8399253525 762865 0 0 0 	22427252 762865 0 	443.138 	3 	33
15878500000000 15878600000000 	8600016390 24883033789 800113 	8599216277 800113 0 0 0 	23517562 800113 0 	444.314 	3 	33
15904100000000 15904200000048 	8800016486 25462530660 836095 	8799180391 836095 0 0 0 	24580669 836095 0 	445.368 	3 	33
15929700000000 15929800000048 	9000016582 26042104965 872044 	8999144538 872044 0 0 0 	25647212 872044 0 	446.381 	3 	33
15955300000000 15955400000048 	9200016678 26621677541 907351 	9199109327 907351 0 0 0 	26686755 907351 0 	447.354 	3 	33
15980900000000 15981000000048 	9400016774 27201293403 942441 	9399074333 942441 0 0 0 	27716793 942441 0 	448.289 	3 	33
16006500000000 16006600000476 	9600017726 27780940175 977174 	9599040552 977174 0 0 0 	28740751 977174 0 	449.121 	3 	33
16032100000000 16032200000476 	9800018678 28360565139 1010962 	9799007716 1010962 0 0 0 	29730962 1010962 0 	449.921 	3 	33
16057700000000 16057800000476 	10000019630 28940225017 1044588 	9998975042 1044588 0 0 0 	30720549 1044588 0 	450.692 	3 	33
16083300000000 16083400000476 	10200020582 29519880403 1077682 	10198942900 1077682 0 0 0 	31691429 1077682 0 	451.435 	3 	33
16108900000000 16109000000476 	10400021534 30099595893 1110391 	10398911143 1110391 0 0 0 	32652462 1110391 0 	452.152 	3 	33
16134500000000 16134600000011 	10600021556 30679328767 1142480 	10598879076 1142480 0 0 0 	33589119 1142480 0 	452.796 	3 	33
16160100000000 16160200000011 	10800021578 31259095878 1173836 	10798847742 1173836 0 0 0 	34508039 1173836 0 	453.417 	3 	33
