14803500000000 14803600000060 	200000120 577879124 8406 	199991714 8406 0 0 0 	245239 8406 0 	428 	3 	35
14829100000000 14829200000060 	400000240 1155831750 16715 	399983525 16715 0 0 0 	487954 16715 0 	428 	3 	35
14854700000000 14854800000375 	600000990 1733821127 24814 	599976176 24814 0 0 0 	726493 24814 0 	426.995 	3 	35
14880300000000 14880400000375 	800001740 2311795850 32777 	799968963 32777 0 0 0 	961056 32777 0 	426.495 	3 	35
14905900000000 14906000000375 	1000002490 2889858732 40487 	999962003 40487 0 0 0 	1189833 40487 0 	426.195 	3 	35
14931500000000 14931600000375 	1200003240 3467951510 48246 	1199954994 48246 0 0 0 	1417520 48246 0 	425.995 	3 	35
14957100000000 14957200000074 	1400003388 4046047998 55761 	1399947627 55761 0 0 0 	1634230 55761 0 	425.42 	3 	35
14982700000000 14982800000074 	1600003536 4624195837 63301 	1599940235 63301 0 0 0 	1853133 63301 0 	424.989 	3 	35
15008300000000 15008400000074 	1800003684 5202369444 70493 	1799933191 70493 0 0 0 	2061456 70493 0 	424.655 	3 	35
15033900000000 15034000000320 	2000004324 5780609048 77636 	1999926688 77636 0 0 0 	2272141 77636 0 	424.185 	3 	35
15059500000000 15059600000320 	2200004964 6358811133 84743 	2199920221 84743 0 0 0 	2480914 84743 0 	423.801 	3 	35
15085100000000 15085200000320 	2400005604 6937059041 91895 	2399913709 91895 0 0 0 	2692307 91895 0 	423.482 	3 	35
15110700000000 15110800000320 	2600006244 7515351503 98776 	2599907468 98776 0 0 0 	2889533 98776 0 	423.212 	3 	35
15136300000000 15136400000353 	2800006950 8093666400 105447 	2799901503 105447 0 0 0 	3085097 105447 0 	422.762 	3 	35
15161900000000 15162000000353 	3000007656 8672067058 112091 	2999895565 112091 0 0 0 	3279823 112091 0 	422.373 	3 	35
15187500000000 15187600000353 	3200008362 9250480532 118729 	3199889633 118729 0 0 0 	3478566 118729 0 	422.033 	3 	35
15213100000000 15213200000353 	3400009068 9828948944 125260 	3399883808 125260 0 0 0 	3673602 125260 0 	421.734 	3 	35
15238700000000 15238800000044 	3600009156 10407453771 131497 	3599877659 131497 0 0 0 	3857172 131497 0 	421.296 	3 	35
15264300000000 15264400000044 	3800009244 10985869879 137667 	3799871577 137667 0 0 0 	4034889 137667 0 	420.906 	3 	35
15289900000000 15290000000044 	4000009332 11564377656 143838 	3999865494 143838 0 0 0 	4215047 143838 0 	420.555 	3 	35
15315500000000 15315600000044 	4200009420 12142937043 149773 	4199859647 149773 0 0 0 	4386156 149773 0 	420.238 	3 	35
15341100000000 15341200000228 	4400009876 12721514909 155593 	4399854283 155593 0 0 0 	4559568 155593 0 	419.857 	3 	35
15366700000000 15366800000228 	4600010332 13300147859 161434 	4599848898 161434 0 0 0 	4732370 161434 0 	419.509 	3 	35
15392300000000 15392400000228 	4800010788 13878741132 167133 	4799843655 167133 0 0 0 	4902370 167133 0 	419.191 	3 	35
15417900000000 15418000000228 	5000011244 14457430500 172756 	4999838488 172756 0 0 0 	5063756 172756 0 	418.898 	3 	35
15443500000000 15443600000091 	5200011426 15036135584 178390 	5199833036 178390 0 0 0 	5229278 178390 0 	418.509 	3 	35
15469100000000 15469200000091 	5400011608 15614854311 183772 	5399827836 183772 0 0 0 	5385886 183772 0 	418.149 	3 	35
15494700000000 15494800000091 	5600011790 16193626734 189139 	5599822651 189139 0 0 0 	5542057 189139 0 	417.815 	3 	35
15520300000000 15520400000308 	5800012406 16772664312 233484 	5799778922 233484 0 0 0 	6852620 233484 0 	420.388 	3 	35
15545900000000 15546000000308 	6000013022 17351786813 277629 	5999735393 277629 0 0 0 	8149081 277629 0 	422.819 	3 	35
15571500000000 15571600000308 	6200013638 17930988988 320866 	6199692772 320866 0 0 0 	9432252 320866 0 	425.118 	3 	35
15597100000000 15597200000308 	6400014254 18510218686 363502 	6399650752 363502 0 0 0 	10682380 363502 0 	427.297 	3 	35
15622700000000 15622800000308 	6600014870 19089472008 405903 	6599608967 405903 0 0 0 	11925532 405903 0 	429.364 	3 	35
15648300000000 15648400000152 	6800015174 19668720997 447683 	6799567491 447683 0 0 0 	13154387 447683 0 	431.242 	3 	35
15673900000000 15674000000152 	7000015478 20248022236 489091 	6999526387 489091 0 0 0 	14379795 489091 0 	433.028 	3 	35
15699500000000 15699600000152 	7200015782 20827306688 529609 	7199486173 529609 0 0 0 	15578875 529609 0 	434.729 	3 	35
15725100000000 15725200000152 	7400016086 21406645378 570025 	7399446061 570025 0 0 0 	16767795 570025 0 	436.35 	3 	35
15750700000000 15750800000152 	7600016390 21986029184 609451 	7599406939 609451 0 0 0 	17931398 609451 0 	437.897 	3 	35
15776300000000 15776400000000 	7800016390 22565365920 648005 	7799368385 648005 0 0 0 	19065880 648005 0 	439.296 	3 	35
15801900000000 15802000000000 	8000016390 23144760677 686569 	7999329821 686569 0 0 0 	20205172 686569 0 	440.633 	3 	35
15827500000000 15827600000000 	8200016390 23724209680 724671 	8199291719 724671 0 0 0 	21327398 724671 0 	441.913 	3 	35
15853100000000 15853200000000 	8400016390 24303677178 762280 	8399254110 762280 0 0 0 	22432419 762280 0 	443.138 	3 	35
15878700000000 15878800000000 	8600016390 24883232127 798757 	8599217633 798757 0 0 0 	23505755 798757 0 	444.314 	3 	35
15904300000000 15904400000048 	8800016486 25462699655 835438 	8799181048 835438 0 0 0 	24586680 835438 0 	445.368 	3 	35
15929900000000 15930000000048 	9000016582 26042229396 871243 	8999145339 871243 0 0 0 	25636987 871243 0 	446.381 	3 	35
15955500000000 15955600000048 	9200016678 26621788275 906249 	9199110429 906249 0 0 0 	26664312 906249 0 	447.354 	3 	35
15981100000000 15981200000048 	9400016774 27201413794 941299 	9399075475 941299 0 0 0 	27699278 941299 0 	448.289 	3 	35
16006700000000 16006800000476 	9600017726 27781000800 975986 	9599041740 975986 0 0 0 	28719399 975986 0 	449.121 	3 	35
16032300000000 16032400000476 	9800018678 28360621547 1009766 	9799008912 1009766 0 0 0 	29708899 1009766 0 	449.921 	3 	35
16057900000000 16058000000476 	10000019630 28940277845 1043267 	9998976363 1043267 0 0 0 	30700313 1043267 0 	450.692 	3 	35
16083500000000 16083600000476 	10200020582 29520042465 1076175 	10198944407 1076175 0 0 0 	31667081 1076175 0 	451.435 	3 	35
16109100000000 16109200000476 	10400021534 30099722204 1108614 	10398912920 1108614 0 0 0 	32615337 1108614 0 	452.152 	3 	35
16134700000000 16134800000011 	10600021556 30679490548 1140691 	10598880865 1140691 0 0 0 	33557908 1140691 0 	452.796 	3 	35
16160300000000 16160400000011 	10800021578 31259304847 1172186 	10798849392 1172186 0 0 0 	34487778 1172186 0 	453.417 	3 	35
