14803700000000 14803800000060 	200000120 577870932 8473 	199991647 8473 0 0 0 	248073 8473 0 	428 	3 	37
14829300000000 14829400000060 	400000240 1155892102 16722 	399983518 16722 0 0 0 	490961 16722 0 	428 	3 	37
14854900000000 14855000000375 	600000990 1733881100 24881 	599976109 24881 0 0 0 	725594 24881 0 	426.995 	3 	37
14880500000000 14880600000375 	800001740 2311830217 33061 	799968679 33061 0 0 0 	967765 33061 0 	426.495 	3 	37
14906100000000 14906200000375 	1000002490 2889858133 41114 	999961376 41114 0 0 0 	1202669 41114 0 	426.195 	3 	37
14931700000000 14931800000375 	1200003240 3467901833 49005 	1199954235 49005 0 0 0 	1429364 49005 0 	425.995 	3 	37
14957300000000 14957400000074 	1400003388 4046019619 56525 	1399946863 56525 0 0 0 	1649967 56525 0 	425.42 	3 	37
14982900000000 14983000000074 	1600003536 4624154310 63891 	1599939645 63891 0 0 0 	1865311 63891 0 	424.989 	3 	37
15008500000000 15008600000074 	1800003684 5202334047 71268 	1799932416 71268 0 0 0 	2079244 71268 0 	424.655 	3 	37
15034100000000 15034200000320 	2000004324 5780516379 78701 	1999925623 78701 0 0 0 	2294559 78701 0 	424.185 	3 	37
15059700000000 15059800000320 	2200004964 6358765731 85862 	2199919102 85862 0 0 0 	2507871 85862 0 	423.801 	3 	37
15085300000000 15085400000320 	2400005604 6937040162 93045 	2399912559 93045 0 0 0 	2717578 93045 0 	423.482 	3 	37
15110900000000 15111000000320 	2600006244 7515343616 100088 	2599906156 100088 0 0 0 	2922272 100088 0 	423.212 	3 	37
15136500000000 15136600000353 	2800006950 8093698942 106774 	2799900176 106774 0 0 0 	3115681 106774 0 	422.762 	3 	37
15162100000000 15162200000353 	3000007656 8672048194 113430 	2999894226 113430 0 0 0 	3312680 113430 0 	422.373 	3 	37
15187700000000 15187800000353 	3200008362 9250455477 119923 	3199888439 119923 0 0 0 	3500234 119923 0 	422.033 	3 	37
15213300000000 15213400000353 	3400009068 9828946204 126463 	3399882605 126463 0 0 0 	3693913 126463 0 	421.734 	3 	37
15238900000000 15239000000044 	3600009156 10407341640 132768 	3599876388 132768 0 0 0 	3876372 132768 0 	421.296 	3 	37
15264500000000 15264600000044 	3800009244 10985910192 139046 	3799870198 139046 0 0 0 	4061241 139046 0 	420.906 	3 	37
15290100000000 15290200000044 	4000009332 11564377472 145118 	3999864214 145118 0 0 0 	4235972 145118 0 	420.555 	3 	37
15315700000000 15315800000044 	4200009420 12142877145 151165 	4199858255 151165 0 0 0 	4417616 151165 0 	420.238 	3 	37
15341300000000 15341400000228 	4400009876 12721448080 157131 	4399852745 157131 0 0 0 	4593362 157131 0 	419.857 	3 	37
15366900000000 15367000000228 	4600010332 13300059143 163057 	4599847275 163057 0 0 0 	4765678 163057 0 	419.509 	3 	37
15392500000000 15392600000228 	4800010788 13878698351 168755 	4799842033 168755 0 0 0 	4930058 168755 0 	419.191 	3 	37
15418100000000 15418200000228 	5000011244 14457373519 174496 	4999836748 174496 0 0 0 	5096326 174496 0 	418.898 	3 	37
15443700000000 15443800000091 	5200011426 15036145373 180031 	5199831395 180031 0 0 0 	5257591 180031 0 	418.509 	3 	37
15469300000000 15469400000091 	5400011608 15614867085 185359 	5399826249 185359 0 0 0 	5414366 185359 0 	418.149 	3 	37
15494900000000 15495000000091 	5600011790 16193669084 190606 	5599821184 190606 0 0 0 	5570655 190606 0 	417.815 	3 	37
15520500000000 15520600000308 	5800012406 16772778688 235134 	5799777272 235134 0 0 0 	6879326 235134 0 	420.388 	3 	37
15546100000000 15546200000308 	6000013022 17351934267 279411 	5999733611 279411 0 0 0 	8183357 279411 0 	422.819 	3 	37
15571700000000 15571800000308 	6200013638 17931111204 323063 	6199690575 323063 0 0 0 	9455162 323063 0 	425.118 	3 	37
15597300000000 15597400000308 	6400014254 18510312657 365771 	6399648483 365771 0 0 0 	10714698 365771 0 	427.297 	3 	37
15622900000000 15623000000308 	6600014870 19089513646 408536 	6599606334 408536 0 0 0 	11968969 408536 0 	429.364 	3 	37
15648500000000 15648600000152 	6800015174 19668798526 450564 	6799564610 450564 0 0 0 	13206359 450564 0 	431.242 	3 	37
15674100000000 15674200000152 	7000015478 20248088598 491788 	6999523690 491788 0 0 0 	14408285 491788 0 	433.028 	3 	37
15699700000000 15699800000152 	7200015782 20827417967 532476 	7199483306 532476 0 0 0 	15600143 532476 0 	434.729 	3 	37
15725300000000 15725400000152 	7400016086 21406732519 572479 	7399443607 572479 0 0 0 	16773280 572479 0 	436.35 	3 	37
15750900000000 15751000000152 	7600016390 21986034732 611725 	7599404665 611725 0 0 0 	17928992 611725 0 	437.897 	3 	37
15776500000000 15776600000000 	7800016390 22565457510 650959 	7799365431 650959 0 0 0 	19083738 650959 0 	439.296 	3 	37
15802100000000 15802200000000 	8000016390 23144910944 689341 	7999327049 689341 0 0 0 	20212310 689341 0 	440.633 	3 	37
15827700000000 15827800000000 	8200016390 23724378858 727295 	8199289095 727295 0 0 0 	21324839 727295 0 	441.913 	3 	37
15853300000000 15853400000000 	8400016390 24303894893 764646 	8399251744 764646 0 0 0 	22421485 764646 0 	443.138 	3 	37
15878900000000 15879000000000 	8600016390 24883349504 801573 	8599214817 801573 0 0 0 	23505250 801573 0 	444.314 	3 	37
15904500000000 15904600000048 	8800016486 25462897500 837986 	8799178500 837986 0 0 0 	24576477 837986 0 	445.368 	3 	37
15930100000000 15930200000048 	9000016582 26042478062 873754 	8999142828 873754 0 0 0 	25616422 873754 0 	446.381 	3 	37
15955700000000 15955800000048 	9200016678 26622018832 909100 	9199107578 909100 0 0 0 	26657565 909100 0 	447.354 	3 	37
15981300000000 15981400000048 	9400016774 27201590008 944194 	9399072580 944194 0 0 0 	27683755 944194 0 	448.289 	3 	37
16006900000000 16007000000476 	9600017726 27781192022 978690 	9599039036 978690 0 0 0 	28692549 978690 0 	449.121 	3 	37
16032500000000 16032600000476 	9800018678 28360860866 1012507 	9799006171 1012507 0 0 0 	29688356 1012507 0 	449.921 	3 	37
16058100000000 16058200000476 	10000019630 28940556629 1045902 	9998973728 1045902 0 0 0 	30662397 1045902 0 	450.692 	3 	37
16083700000000 16083800000476 	10200020582 29520284496 1078904 	10198941678 1078904 0 0 0 	31636737 1078904 0 	451.435 	3 	37
16109300000000 16109400000476 	10400021534 30099997722 1111348 	10398910186 1111348 0 0 0 	32593348 1111348 0 	452.152 	3 	37
16134900000000 16135000000011 	10600021556 30679742893 1143635 	10598877921 1143635 0 0 0 	33543550 1143635 0 	452.796 	3 	37
16160500000000 16160600000011 	10800021578 31259565365 1175439 	10798846139 1175439 0 0 0 	34473824 1175439 0 	453.417 	3 	37
