14804200000000 14804300000060 	200000120 577921301 8474 	199991646 8474 0 0 0 	249345 8474 0 	428 	3 	42
14829800000000 14829900000060 	400000240 1155856353 16682 	399983558 16682 0 0 0 	493766 16682 0 	428 	3 	42
14855400000000 14855500000375 	600000990 1733814347 25051 	599975939 25051 0 0 0 	742793 25051 0 	426.995 	3 	42
14881000000000 14881100000375 	800001740 2311777315 33215 	799968525 33215 0 0 0 	985633 33215 0 	426.495 	3 	42
14906600000000 14906700000375 	1000002490 2889838283 41228 	999961262 41228 0 0 0 	1224071 41228 0 	426.195 	3 	42
14932200000000 14932300000375 	1200003240 3467960973 49047 	1199954193 49047 0 0 0 	1457305 49047 0 	425.995 	3 	42
14957800000000 14957900000074 	1400003388 4046033125 56685 	1399946703 56685 0 0 0 	1681693 56685 0 	425.42 	3 	42
14983400000000 14983500000074 	1600003536 4624180606 64205 	1599939331 64205 0 0 0 	1901071 64205 0 	424.989 	3 	42
15009000000000 15009100000074 	1800003684 5202296176 71507 	1799932177 71507 0 0 0 	2117625 71507 0 	424.655 	3 	42
15034600000000 15034700000320 	2000004324 5780459350 78713 	1999925611 78713 0 0 0 	2329124 78713 0 	424.185 	3 	42
15060200000000 15060300000320 	2200004964 6358706975 85750 	2199919214 85750 0 0 0 	2538428 85750 0 	423.801 	3 	42
15085800000000 15085900000320 	2400005604 6936943168 92691 	2399912913 92691 0 0 0 	2741462 92691 0 	423.482 	3 	42
15111400000000 15111500000320 	2600006244 7515210605 99467 	2599906777 99467 0 0 0 	2938601 99467 0 	423.212 	3 	42
15137000000000 15137100000353 	2800006950 8093487712 106253 	2799900697 106253 0 0 0 	3137291 106253 0 	422.762 	3 	42
15162600000000 15162700000353 	3000007656 8671877307 112854 	2999894802 112854 0 0 0 	3326752 112854 0 	422.373 	3 	42
15188200000000 15188300000353 	3200008362 9250286352 119411 	3199888951 119411 0 0 0 	3520690 119411 0 	422.033 	3 	42
15213800000000 15213900000353 	3400009068 9828678225 125771 	3399883297 125771 0 0 0 	3707608 125771 0 	421.734 	3 	42
15239400000000 15239500000044 	3600009156 10407138887 132104 	3599877052 132104 0 0 0 	3892219 132104 0 	421.296 	3 	42
15265000000000 15265100000044 	3800009244 10985683762 138237 	3799871007 138237 0 0 0 	4069255 138237 0 	420.906 	3 	42
15290600000000 15290700000044 	4000009332 11564140173 144323 	3999865009 144323 0 0 0 	4248843 144323 0 	420.555 	3 	42
15316200000000 15316300000044 	4200009420 12142641110 150403 	4199859017 150403 0 0 0 	4425748 150403 0 	420.238 	3 	42
15341800000000 15341900000228 	4400009876 12721241880 156256 	4399853620 156256 0 0 0 	4599188 156256 0 	419.857 	3 	42
15367400000000 15367500000228 	4600010332 13299866157 162022 	4599848310 162022 0 0 0 	4767417 162022 0 	419.509 	3 	42
15393000000000 15393100000228 	4800010788 13878455715 167507 	4799843281 167507 0 0 0 	4923163 167507 0 	419.191 	3 	42
15418600000000 15418700000228 	5000011244 14457176902 173202 	4999838042 173202 0 0 0 	5094202 173202 0 	418.898 	3 	42
15444200000000 15444300000091 	5200011426 15035904546 178720 	5199832706 178720 0 0 0 	5257040 178720 0 	418.509 	3 	42
15469800000000 15469900000091 	5400011608 15614663396 184150 	5399827458 184150 0 0 0 	5416497 184150 0 	418.149 	3 	42
15495400000000 15495500000091 	5600011790 16193427997 189452 	5599822338 189452 0 0 0 	5571200 189452 0 	417.815 	3 	42
15521000000000 15521100000308 	5800012406 16772550919 234098 	5799778308 234098 0 0 0 	6883749 234098 0 	420.388 	3 	42
15546600000000 15546700000308 	6000013022 17351695082 278212 	5999734810 278212 0 0 0 	8175614 278212 0 	422.819 	3 	42
15572200000000 15572300000308 	6200013638 17930835901 321757 	6199691881 321757 0 0 0 	9452962 321757 0 	425.118 	3 	42
15597800000000 15597900000308 	6400014254 18509994999 364584 	6399649670 364584 0 0 0 	10707267 364584 0 	427.297 	3 	42
15623400000000 15623500000308 	6600014870 19089175083 406934 	6599607936 406934 0 0 0 	11948590 406934 0 	429.364 	3 	42
15649000000000 15649100000152 	6800015174 19668399182 448843 	6799566331 448843 0 0 0 	13196016 448843 0 	431.242 	3 	42
15674600000000 15674700000152 	7000015478 20247678382 490040 	6999525438 490040 0 0 0 	14407682 490040 0 	433.028 	3 	42
15700200000000 15700300000152 	7200015782 20826995404 530661 	7199485121 530661 0 0 0 	15602792 530661 0 	434.729 	3 	42
15725800000000 15725900000152 	7400016086 21406319750 570851 	7399445235 570851 0 0 0 	16785343 570851 0 	436.35 	3 	42
15751400000000 15751500000152 	7600016390 21985686639 610659 	7599405731 610659 0 0 0 	17951226 610659 0 	437.897 	3 	42
15777000000000 15777100000000 	7800016390 22565090643 649614 	7799366776 649614 0 0 0 	19081981 649614 0 	439.296 	3 	42
15802600000000 15802700000000 	8000016390 23144505261 688245 	7999328145 688245 0 0 0 	20216064 688245 0 	440.633 	3 	42
15828200000000 15828300000000 	8200016390 23723932794 726073 	8199290317 726073 0 0 0 	21318522 726073 0 	441.913 	3 	42
15853800000000 15853900000000 	8400016390 24303392963 763599 	8399252791 763599 0 0 0 	22416386 763599 0 	443.138 	3 	42
15879400000000 15879500000000 	8600016390 24882852402 800692 	8599215698 800692 0 0 0 	23503492 800692 0 	444.314 	3 	42
15905000000000 15905100000048 	8800016486 25462344766 837097 	8799179389 837097 0 0 0 	24578318 837097 0 	445.368 	3 	42
15930600000000 15930700000048 	9000016582 26041921903 873051 	8999143531 873051 0 0 0 	25636962 873051 0 	446.381 	3 	42
15956200000000 15956300000048 	9200016678 26621485398 908212 	9199108466 908212 0 0 0 	26676928 908212 0 	447.354 	3 	42
15981800000000 15981900000048 	9400016774 27201143415 943455 	9399073319 943455 0 0 0 	27713404 943455 0 	448.289 	3 	42
16007400000000 16007500000476 	9600017726 27780730886 977970 	9599039756 977970 0 0 0 	28726197 977970 0 	449.121 	3 	42
16033000000000 16033100000476 	9800018678 28360379134 1011589 	9799007089 1011589 0 0 0 	29718339 1011589 0 	449.921 	3 	42
16058600000000 16058700000476 	10000019630 28940045487 1045035 	9998974595 1045035 0 0 0 	30705391 1045035 0 	450.692 	3 	42
16084200000000 16084300000476 	10200020582 29519768421 1078059 	10198942523 1078059 0 0 0 	31683967 1078059 0 	451.435 	3 	42
16109800000000 16109900000476 	10400021534 30099479581 1110412 	10398911122 1110412 0 0 0 	32635546 1110412 0 	452.152 	3 	42
16135400000000 16135500000011 	10600021556 30679204190 1142821 	10598878735 1142821 0 0 0 	33585722 1142821 0 	452.796 	3 	42
16161000000000 16161100000011 	10800021578 31258948211 1174784 	10798846794 1174784 0 0 0 	34519074 1174784 0 	453.417 	3 	42
