14806700000000 14806800000060 	200000120 577928201 8528 	199991592 8528 0 0 0 	251075 8528 0 	428 	3 	67
14832300000000 14832400000060 	400000240 1155903868 16960 	399983280 16960 0 0 0 	498075 16960 0 	428 	3 	67
14857900000000 14858000000375 	600000990 1733856342 25279 	599975711 25279 0 0 0 	742033 25279 0 	426.995 	3 	67
14883500000000 14883600000375 	800001740 2311828252 33344 	799968396 33344 0 0 0 	974162 33344 0 	426.495 	3 	67
14909100000000 14909200000375 	1000002490 2889834748 41254 	999961236 41254 0 0 0 	1209439 41254 0 	426.195 	3 	67
14934700000000 14934800000074 	1200002638 3467933237 49018 	1199953620 49018 0 0 0 	1439789 49018 0 	425.49 	3 	67
14960300000000 14960400000074 	1400002786 4046050067 56627 	1399946159 56627 0 0 0 	1662832 56627 0 	424.988 	3 	67
14985900000000 14986000000074 	1600002934 4624204785 64060 	1599938874 64060 0 0 0 	1883064 64060 0 	424.612 	3 	67
15011500000000 15011600000074 	1800003082 5202359347 71487 	1799931595 71487 0 0 0 	2101881 71487 0 	424.32 	3 	67
15037100000000 15037200000320 	2000003722 5780578765 78670 	1999925052 78670 0 0 0 	2313555 78670 0 	423.884 	3 	67
15062700000000 15062800000320 	2200004362 6358812992 85780 	2199918582 85780 0 0 0 	2520502 85780 0 	423.528 	3 	67
15088300000000 15088400000320 	2400005002 6936975069 92598 	2399912404 92598 0 0 0 	2719160 92598 0 	423.232 	3 	67
15113900000000 15114000000320 	2600005642 7515274974 99641 	2599906001 99641 0 0 0 	2926851 99641 0 	422.982 	3 	67
15139500000000 15139600000353 	2800006348 8093662768 106432 	2799899916 106432 0 0 0 	3128332 106432 0 	422.549 	3 	67
15165100000000 15165200000353 	3000007054 8672065154 113058 	2999893996 113058 0 0 0 	3323502 113058 0 	422.174 	3 	67
15190700000000 15190800000353 	3200007760 9250393015 119545 	3199888215 119545 0 0 0 	3514539 119545 0 	421.847 	3 	67
15216300000000 15216400000353 	3400008466 9828887307 125967 	3399882499 125967 0 0 0 	3703653 125967 0 	421.559 	3 	67
15241900000000 15242000000044 	3600008554 10407271848 132333 	3599876221 132333 0 0 0 	3892576 132333 0 	421.132 	3 	67
15267500000000 15267600000044 	3800008642 10985781584 138563 	3799870079 138563 0 0 0 	4077507 138563 0 	420.75 	3 	67
15293100000000 15293200000044 	4000008730 11564228145 144736 	3999863994 144736 0 0 0 	4257724 144736 0 	420.407 	3 	67
15318700000000 15318800000044 	4200008818 12142813529 150647 	4199858171 150647 0 0 0 	4434531 150647 0 	420.098 	3 	67
15344300000000 15344400000228 	4400009274 12721412773 156422 	4399852852 156422 0 0 0 	4607119 156422 0 	419.723 	3 	67
15369900000000 15370000000228 	4600009730 13300000369 162288 	4599847442 162288 0 0 0 	4780312 162288 0 	419.381 	3 	67
15395500000000 15395600000228 	4800010186 13878681128 168096 	4799842090 168096 0 0 0 	4948889 168096 0 	419.068 	3 	67
15421100000000 15421200000091 	5000010368 14457360412 173599 	4999836769 173599 0 0 0 	5109825 173599 0 	418.656 	3 	67
15446700000000 15446800000091 	5200010550 15036022435 179224 	5199831326 179224 0 0 0 	5278634 179224 0 	418.276 	3 	67
15472300000000 15472400000091 	5400010732 15614795702 184666 	5399826066 184666 0 0 0 	5438442 184666 0 	417.925 	3 	67
15497900000000 15498000000091 	5600010914 16193609477 189990 	5599820924 189990 0 0 0 	5594069 189990 0 	417.6 	3 	67
15523500000000 15523600000308 	5800011530 16772731743 234871 	5799776659 234871 0 0 0 	6903588 234871 0 	420.178 	3 	67
15549100000000 15549200000308 	6000012146 17351820162 278667 	5999733479 278667 0 0 0 	8182768 278667 0 	422.613 	3 	67
15574700000000 15574800000308 	6200012762 17930969593 322476 	6199690286 322476 0 0 0 	9466836 322476 0 	424.917 	3 	67
15600300000000 15600400000308 	6400013378 18510210075 365440 	6399647938 365440 0 0 0 	10735049 365440 0 	427.1 	3 	67
15625900000000 15626000000308 	6600013994 19089385574 407399 	6599606595 407399 0 0 0 	11968289 407399 0 	429.171 	3 	67
15651500000000 15651600000152 	6800014298 19668654244 449135 	6799565163 449135 0 0 0 	13195759 449135 0 	431.054 	3 	67
15677100000000 15677200000152 	7000014602 20247866960 490124 	6999524478 490124 0 0 0 	14395510 490124 0 	432.843 	3 	67
15702700000000 15702800000152 	7200014906 20827180737 530816 	7199484090 530816 0 0 0 	15579614 530816 0 	434.548 	3 	67
15728300000000 15728400000152 	7400015210 21406490499 570692 	7399444518 570692 0 0 0 	16747096 570692 0 	436.172 	3 	67
15753900000000 15754000000152 	7600015514 21985784176 610039 	7599405475 610039 0 0 0 	17916194 610039 0 	437.722 	3 	67
15779500000000 15779600000000 	7800015514 22565116837 649022 	7799366492 649022 0 0 0 	19064399 649022 0 	439.125 	3 	67
15805100000000 15805200000000 	8000015514 23144490031 687353 	7999328161 687353 0 0 0 	20199573 687353 0 	440.465 	3 	67
15830700000000 15830800000000 	8200015514 23723918475 725331 	8199290183 725331 0 0 0 	21318516 725331 0 	441.748 	3 	67
15856300000000 15856400000000 	8400015514 24303399948 762918 	8399252596 762918 0 0 0 	22422574 762918 0 	442.977 	3 	67
15881900000000 15882000000048 	8600015610 24882919091 799939 	8599215671 799939 0 0 0 	23509870 799939 0 	444.081 	3 	67
15907500000000 15907600000048 	8800015706 25462410088 836078 	8799179628 836078 0 0 0 	24573475 836078 0 	445.14 	3 	67
15933100000000 15933200000048 	9000015802 26041959185 871728 	8999144074 871728 0 0 0 	25614355 871728 0 	446.157 	3 	67
15958700000000 15958800000048 	9200015898 26621507537 907054 	9199108844 907054 0 0 0 	26647457 907054 0 	447.134 	3 	67
15984300000000 15984400000048 	9400015994 27201110921 941723 	9399074271 941723 0 0 0 	27680075 941723 0 	448.073 	3 	67
16009900000000 16010000000476 	9600016946 27780793698 976138 	9599040808 976138 0 0 0 	28696316 976138 0 	448.908 	3 	67
16035500000000 16035600000476 	9800017898 28360412187 1010006 	9799007892 1010006 0 0 0 	29688769 1010006 0 	449.712 	3 	67
16061100000000 16061200000476 	10000018850 28940039203 1043357 	9998975493 1043357 0 0 0 	30658689 1043357 0 	450.486 	3 	67
16086700000000 16086800000476 	10200019802 29519708560 1076478 	10198943324 1076478 0 0 0 	31628596 1076478 0 	451.233 	3 	67
16112300000000 16112400000476 	10400020754 30099464005 1109141 	10398911613 1109141 0 0 0 	32589335 1109141 0 	451.953 	3 	67
16137900000000 16138000000011 	10600020776 30679191439 1141335 	10598879441 1141335 0 0 0 	33529955 1141335 0 	452.6 	3 	67
16163500000000 16163600000011 	10800020798 31258933004 1172761 	10798848037 1172761 0 0 0 	34454364 1172761 0 	453.225 	3 	67
