14807500000000 14807600000060 	200000120 577910481 8241 	199991879 8241 0 0 0 	239874 8241 0 	428 	3 	75
14833100000000 14833200000060 	400000240 1155807861 16513 	399983727 16513 0 0 0 	479892 16513 0 	428 	3 	75
14858700000000 14858800000375 	600000990 1733744707 24672 	599976318 24672 0 0 0 	720877 24672 0 	426.995 	3 	75
14884300000000 14884400000375 	800001740 2311733864 32524 	799969216 32524 0 0 0 	953088 32524 0 	426.495 	3 	75
14909900000000 14910000000375 	1000002490 2889828527 40386 	999962104 40386 0 0 0 	1185044 40386 0 	426.195 	3 	75
14935500000000 14935600000074 	1200002638 3467935332 47999 	1199954639 47999 0 0 0 	1408041 47999 0 	425.49 	3 	75
14961100000000 14961200000074 	1400002786 4046043780 55590 	1399947196 55590 0 0 0 	1629591 55590 0 	424.988 	3 	75
14986700000000 14986800000074 	1600002934 4624193686 63031 	1599939903 63031 0 0 0 	1846287 63031 0 	424.612 	3 	75
15012300000000 15012400000074 	1800003082 5202402355 70350 	1799932732 70350 0 0 0 	2065383 70350 0 	424.32 	3 	75
15037900000000 15038000000320 	2000003722 5780613852 77459 	1999926263 77459 0 0 0 	2276972 77459 0 	423.884 	3 	75
15063500000000 15063600000320 	2200004362 6358897999 84602 	2199919760 84602 0 0 0 	2480268 84602 0 	423.528 	3 	75
15089100000000 15089200000320 	2400005002 6937166409 91547 	2399913455 91547 0 0 0 	2683266 91547 0 	423.232 	3 	75
15114700000000 15114800000320 	2600005642 7515473563 98417 	2599907225 98417 0 0 0 	2885636 98417 0 	422.982 	3 	75
15140300000000 15140400000353 	2800006348 8093822915 105084 	2799901264 105084 0 0 0 	3081286 105084 0 	422.549 	3 	75
15165900000000 15166000000353 	3000007054 8672150414 111840 	2999895214 111840 0 0 0 	3282831 111840 0 	422.174 	3 	75
15191500000000 15191600000353 	3200007760 9250568405 118443 	3199889317 118443 0 0 0 	3474461 118443 0 	421.847 	3 	75
15217100000000 15217200000353 	3400008466 9828989737 124824 	3399883642 124824 0 0 0 	3661499 124824 0 	421.559 	3 	75
15242700000000 15242800000044 	3600008554 10407472767 131170 	3599877384 131170 0 0 0 	3848953 131170 0 	421.132 	3 	75
15268300000000 15268400000044 	3800008642 10985946547 137435 	3799871207 137435 0 0 0 	4029864 137435 0 	420.75 	3 	75
15293900000000 15294000000044 	4000008730 11564435535 143490 	3999865240 143490 0 0 0 	4206298 143490 0 	420.407 	3 	75
15319500000000 15319600000044 	4200008818 12143012878 149460 	4199859358 149460 0 0 0 	4376767 149460 0 	420.098 	3 	75
15345100000000 15345200000228 	4400009274 12721652092 155255 	4399854019 155255 0 0 0 	4553046 155255 0 	419.723 	3 	75
15370700000000 15370800000228 	4600009730 13300261705 161191 	4599848539 161191 0 0 0 	4729666 161191 0 	419.381 	3 	75
15396300000000 15396400000228 	4800010186 13878909993 166872 	4799843314 166872 0 0 0 	4897624 166872 0 	419.068 	3 	75
15421900000000 15422000000091 	5000010368 14457623868 172492 	4999837876 172492 0 0 0 	5061623 172492 0 	418.656 	3 	75
15447500000000 15447600000091 	5200010550 15036340048 178009 	5199832541 178009 0 0 0 	5222753 178009 0 	418.276 	3 	75
15473100000000 15473200000091 	5400010732 15615072024 183472 	5399827260 183472 0 0 0 	5384931 183472 0 	417.925 	3 	75
15498700000000 15498800000091 	5600010914 16193850751 188753 	5599822161 188753 0 0 0 	5540487 188753 0 	417.6 	3 	75
15524300000000 15524400000308 	5800011530 16772954614 232956 	5799778574 232956 0 0 0 	6830247 232956 0 	420.178 	3 	75
15549900000000 15550000000308 	6000012146 17352118251 276736 	5999735410 276736 0 0 0 	8120730 276736 0 	422.613 	3 	75
15575500000000 15575600000308 	6200012762 17931270468 320028 	6199692734 320028 0 0 0 	9391567 320028 0 	424.917 	3 	75
15601100000000 15601200000308 	6400013378 18510477170 362543 	6399650835 362543 0 0 0 	10636783 362543 0 	427.1 	3 	75
15626700000000 15626800000308 	6600013994 19089700048 404637 	6599609357 404637 0 0 0 	11864814 404637 0 	429.171 	3 	75
15652300000000 15652400000152 	6800014298 19668921677 446337 	6799567961 446337 0 0 0 	13085306 446337 0 	431.054 	3 	75
15677900000000 15678000000152 	7000014602 20248150175 487508 	6999527094 487508 0 0 0 	14297570 487508 0 	432.843 	3 	75
15703500000000 15703600000152 	7200014906 20827412826 528152 	7199486754 528152 0 0 0 	15480014 528152 0 	434.548 	3 	75
15729100000000 15729200000152 	7400015210 21406697884 567858 	7399447352 567858 0 0 0 	16657194 567858 0 	436.172 	3 	75
15754700000000 15754800000152 	7600015514 21986009742 607263 	7599408251 607263 0 0 0 	17811718 607263 0 	437.722 	3 	75
15780300000000 15780400000000 	7800015514 22565379189 646174 	7799369340 646174 0 0 0 	18944485 646174 0 	439.125 	3 	75
15805900000000 15806000000000 	8000015514 23144829083 684386 	7999331128 684386 0 0 0 	20067691 684386 0 	440.465 	3 	75
15831500000000 15831600000000 	8200015514 23724251510 722361 	8199293153 722361 0 0 0 	21180527 722361 0 	441.748 	3 	75
15857100000000 15857200000000 	8400015514 24303721456 759580 	8399255934 759580 0 0 0 	22268007 759580 0 	442.977 	3 	75
15882700000000 15882800000048 	8600015610 24883266893 796842 	8599218768 796842 0 0 0 	23365339 796842 0 	444.081 	3 	75
15908300000000 15908400000048 	8800015706 25462809626 833221 	8799182485 833221 0 0 0 	24435269 833221 0 	445.14 	3 	75
15933900000000 15934000000048 	9000015802 26042365109 869030 	8999146772 869030 0 0 0 	25495819 869030 0 	446.157 	3 	75
15959500000000 15959600000048 	9200015898 26621968171 904509 	9199111389 904509 0 0 0 	26543383 904509 0 	447.134 	3 	75
15985100000000 15985200000048 	9400015994 27201602447 939265 	9399076729 939265 0 0 0 	27568869 939265 0 	448.073 	3 	75
16010700000000 16010800000476 	9600016946 27781203767 973633 	9599043313 973633 0 0 0 	28565287 973633 0 	448.908 	3 	75
16036300000000 16036400000476 	9800017898 28360799553 1007796 	9799010102 1007796 0 0 0 	29570195 1007796 0 	449.712 	3 	75
16061900000000 16062000000476 	10000018850 28940443594 1041503 	9998977347 1041503 0 0 0 	30568508 1041503 0 	450.486 	3 	75
16087500000000 16087600000476 	10200019802 29520135750 1074357 	10198945445 1074357 0 0 0 	31537724 1074357 0 	451.233 	3 	75
16113100000000 16113200000476 	10400020754 30099830746 1106843 	10398913911 1106843 0 0 0 	32490615 1106843 0 	451.953 	3 	75
16138700000000 16138800000011 	10600020776 30679555363 1138856 	10598881920 1138856 0 0 0 	33423353 1138856 0 	452.6 	3 	75
16164300000000 16164400000011 	10800020798 31259304210 1170391 	10798850407 1170391 0 0 0 	34345052 1170391 0 	453.225 	3 	75
