14810200000000 14810300000060 	200000120 577951627 8391 	199991729 8391 0 0 0 	246501 8391 0 	428 	3 	102
14835800000000 14835900000060 	400000240 1155929833 16725 	399983515 16725 0 0 0 	493330 16725 0 	428 	3 	102
14861400000000 14861500000375 	600000990 1733874893 24716 	599976274 24716 0 0 0 	727827 24716 0 	426.995 	3 	102
14887000000000 14887100000375 	800001740 2311837933 32666 	799969074 32666 0 0 0 	963115 32666 0 	426.495 	3 	102
14912600000000 14912700000375 	1000002490 2889822264 40515 	999961975 40515 0 0 0 	1192703 40515 0 	426.195 	3 	102
14938200000000 14938300000074 	1200002638 3467901036 48390 	1199954248 48390 0 0 0 	1425824 48390 0 	425.49 	3 	102
14963800000000 14963900000074 	1400002786 4046017148 55952 	1399946834 55952 0 0 0 	1647297 55952 0 	424.988 	3 	102
14989400000000 14989500000074 	1600002934 4624162801 63303 	1599939631 63303 0 0 0 	1855914 63303 0 	424.612 	3 	102
15015000000000 15015100000074 	1800003082 5202357818 70780 	1799932302 70780 0 0 0 	2076636 70780 0 	424.32 	3 	102
15040600000000 15040700000320 	2000003722 5780551785 77892 	1999925830 77892 0 0 0 	2284570 77892 0 	423.884 	3 	102
15066200000000 15066300000320 	2200004362 6358832749 84948 	2199919414 84948 0 0 0 	2489181 84948 0 	423.528 	3 	102
15091800000000 15091900000320 	2400005002 6937062712 91903 	2399913099 91903 0 0 0 	2692798 91903 0 	423.232 	3 	102
15117400000000 15117500000320 	2600005642 7515321951 98932 	2599906710 98932 0 0 0 	2900395 98932 0 	422.982 	3 	102
15143000000000 15143100000353 	2800006348 8093696403 105650 	2799900698 105650 0 0 0 	3097400 105650 0 	422.549 	3 	102
15168600000000 15168700000353 	3000007054 8672102454 112313 	2999894741 112313 0 0 0 	3295426 112313 0 	422.174 	3 	102
15194200000000 15194300000353 	3200007760 9250480783 118789 	3199888971 118789 0 0 0 	3487589 118789 0 	421.847 	3 	102
15219800000000 15219900000353 	3400008466 9828885109 125142 	3399883324 125142 0 0 0 	3673203 125142 0 	421.559 	3 	102
15245400000000 15245500000044 	3600008554 10407354051 131484 	3599877070 131484 0 0 0 	3863087 131484 0 	421.132 	3 	102
15271000000000 15271100000044 	3800008642 10985853491 137568 	3799871074 137568 0 0 0 	4043940 137568 0 	420.75 	3 	102
15296600000000 15296700000044 	4000008730 11564411044 143959 	3999864771 143959 0 0 0 	4227942 143959 0 	420.407 	3 	102
15322200000000 15322300000306 	4200009342 12142957806 149856 	4199859486 149856 0 0 0 	4402848 149856 0 	420.032 	3 	102
15347800000000 15347900000228 	4400009798 12721578625 155797 	4399854001 155797 0 0 0 	4574622 155797 0 	419.66 	3 	102
15373400000000 15373500000228 	4600010254 13300176317 161527 	4599848727 161527 0 0 0 	4742955 161527 0 	419.321 	3 	102
15399000000000 15399100000228 	4800010710 13878815983 167298 	4799843412 167298 0 0 0 	4910644 167298 0 	419.011 	3 	102
15424600000000 15424700000091 	5000010892 14457423938 172749 	4999838143 172749 0 0 0 	5073921 172749 0 	418.601 	3 	102
15450200000000 15450300000091 	5200011074 15036195799 178238 	5199832836 178238 0 0 0 	5230546 178238 0 	418.223 	3 	102
15475800000000 15475900000091 	5400011256 15614947967 183660 	5399827596 183660 0 0 0 	5388865 183660 0 	417.874 	3 	102
15501400000000 15501500000091 	5600011438 16193739476 188994 	5599822444 188994 0 0 0 	5542445 188994 0 	417.551 	3 	102
15527000000000 15527100000308 	5800012054 16772890813 233647 	5799778407 233647 0 0 0 	6851031 233647 0 	420.13 	3 	102
15552600000000 15552700000308 	6000012670 17352024549 277511 	5999735159 277511 0 0 0 	8140836 277511 0 	422.567 	3 	102
15578200000000 15578300000308 	6200013286 17931214000 320863 	6199692423 320863 0 0 0 	9415545 320863 0 	424.872 	3 	102
15603800000000 15603900000308 	6400013902 18510432639 363520 	6399650382 363520 0 0 0 	10662668 363520 0 	427.055 	3 	102
15629400000000 15629500000308 	6600014518 19089653400 404966 	6599609552 404966 0 0 0 	11875070 404966 0 	429.127 	3 	102
15655000000000 15655100000152 	6800014822 19668849987 446584 	6799568238 446584 0 0 0 	13099563 446584 0 	431.011 	3 	102
15680600000000 15680700000152 	7000015126 20248134704 487530 	6999527596 487530 0 0 0 	14293928 487530 0 	432.801 	3 	102
15706200000000 15706300000152 	7200015430 20827424579 528085 	7199487345 528085 0 0 0 	15487171 528085 0 	434.506 	3 	102
15731800000000 15731900000152 	7400015734 21406810431 568025 	7399447709 568025 0 0 0 	16658568 568025 0 	436.132 	3 	102
15757400000000 15757500000152 	7600016038 21986187611 607095 	7599408943 607095 0 0 0 	17812226 607095 0 	437.683 	3 	102
15783000000000 15783100000000 	7800016038 22565565748 645931 	7799370107 645931 0 0 0 	18966006 645931 0 	439.086 	3 	102
15808600000000 15808700000000 	8000016038 23144961917 684240 	7999331798 684240 0 0 0 	20090880 684240 0 	440.427 	3 	102
15834200000000 15834300000000 	8200016038 23724358345 722049 	8199293989 722049 0 0 0 	21200541 722049 0 	441.711 	3 	102
15859800000000 15859900000000 	8400016038 24303843439 759488 	8399256550 759488 0 0 0 	22298736 759488 0 	442.94 	3 	102
15885400000000 15885500000048 	8600016134 24883267612 796605 	8599219529 796605 0 0 0 	23390096 796605 0 	444.045 	3 	102
15911000000000 15911100000048 	8800016230 25462758959 832512 	8799183718 832512 0 0 0 	24447092 832512 0 	445.105 	3 	102
15936600000000 15936700000048 	9000016326 26042351839 868088 	8999148238 868088 0 0 0 	25501646 868088 0 	446.122 	3 	102
15962200000000 15962300000048 	9200016422 26621939555 903548 	9199112874 903548 0 0 0 	26545963 903548 0 	447.099 	3 	102
15987800000000 15987900000048 	9400016518 27201508340 938317 	9399078201 938317 0 0 0 	27569195 938317 0 	448.039 	3 	102
16013400000000 16013500000476 	9600017470 27781104592 972774 	9599044696 972774 0 0 0 	28576407 972774 0 	448.875 	3 	102
16039000000000 16039100000476 	9800018422 28360734921 1006318 	9799012104 1006318 0 0 0 	29563461 1006318 0 	449.679 	3 	102
16064600000000 16064700000476 	10000019374 28940472838 1039613 	9998979761 1039613 0 0 0 	30530756 1039613 0 	450.454 	3 	102
16090200000000 16090300000476 	10200020326 29520133338 1072934 	10198947392 1072934 0 0 0 	31505680 1072934 0 	451.201 	3 	102
16115800000000 16115900000476 	10400021278 30099861153 1105583 	10398915695 1105583 0 0 0 	32464800 1105583 0 	451.922 	3 	102
16141400000000 16141500000011 	10600021300 30679675587 1137509 	10598883791 1137509 0 0 0 	33402802 1137509 0 	452.569 	3 	102
16167000000000 16167100000011 	10800021322 31259458900 1169228 	10798852094 1169228 0 0 0 	34331886 1169228 0 	453.195 	3 	102
