14810300000000 14810400000060 	200000120 577937514 8243 	199991877 8243 0 0 0 	241284 8243 0 	428 	3 	103
14835900000000 14836000000060 	400000240 1155911805 16322 	399983918 16322 0 0 0 	479693 16322 0 	428 	3 	103
14861500000000 14861600000375 	600000990 1733867723 24306 	599976684 24306 0 0 0 	714460 24306 0 	426.995 	3 	103
14887100000000 14887200000375 	800001740 2311851304 32255 	799969485 32255 0 0 0 	947857 32255 0 	426.495 	3 	103
14912700000000 14912800000375 	1000002490 2889898988 40102 	999962388 40102 0 0 0 	1177389 40102 0 	426.195 	3 	103
14938300000000 14938400000074 	1200002638 3468010462 47716 	1199954922 47716 0 0 0 	1399087 47716 0 	425.49 	3 	103
14963900000000 14964000000074 	1400002786 4046167262 55187 	1399947599 55187 0 0 0 	1622114 55187 0 	424.988 	3 	103
14989500000000 14989600000074 	1600002934 4624374097 62739 	1599940195 62739 0 0 0 	1847654 62739 0 	424.612 	3 	103
15015100000000 15015200000074 	1800003082 5202623705 70059 	1799933023 70059 0 0 0 	2058463 70059 0 	424.32 	3 	103
15040700000000 15040800000320 	2000003722 5780840560 77261 	1999926461 77261 0 0 0 	2268415 77261 0 	423.884 	3 	103
15066300000000 15066400000320 	2200004362 6359093006 84382 	2199919980 84382 0 0 0 	2477546 84382 0 	423.528 	3 	103
15091900000000 15092000000320 	2400005002 6937376816 91295 	2399913707 91295 0 0 0 	2681181 91295 0 	423.232 	3 	103
15117500000000 15117600000320 	2600005642 7515734098 98175 	2599907467 98175 0 0 0 	2884263 98175 0 	422.982 	3 	103
15143100000000 15143200000353 	2800006348 8094068982 105005 	2799901343 105005 0 0 0 	3088304 105005 0 	422.549 	3 	103
15168700000000 15168800000353 	3000007054 8672419642 111715 	2999895339 111715 0 0 0 	3282354 111715 0 	422.174 	3 	103
15194300000000 15194400000353 	3200007760 9250856845 118064 	3199889696 118064 0 0 0 	3467470 118064 0 	421.847 	3 	103
15219900000000 15220000000353 	3400008466 9829220061 124420 	3399884046 124420 0 0 0 	3655569 124420 0 	421.559 	3 	103
15245500000000 15245600000044 	3600008554 10407659632 130825 	3599877729 130825 0 0 0 	3843428 130825 0 	421.132 	3 	103
15271100000000 15271200000044 	3800008642 10986179933 137089 	3799871553 137089 0 0 0 	4029938 137089 0 	420.75 	3 	103
15296700000000 15296800000044 	4000008730 11564665410 143133 	3999865597 143133 0 0 0 	4205013 143133 0 	420.407 	3 	103
15322300000000 15322400000228 	4200009186 12143202935 149042 	4199860144 149042 0 0 0 	4378473 149042 0 	419.999 	3 	103
15347900000000 15348000000228 	4400009642 12721807326 154904 	4399854738 154904 0 0 0 	4551225 154904 0 	419.629 	3 	103
15373500000000 15373600000228 	4600010098 13300446616 160621 	4599849477 160621 0 0 0 	4719949 160621 0 	419.291 	3 	103
15399100000000 15399200000228 	4800010554 13879020952 166264 	4799844290 166264 0 0 0 	4886083 166264 0 	418.982 	3 	103
15424700000000 15424800000091 	5000010736 14457690439 171695 	4999839041 171695 0 0 0 	5043920 171695 0 	418.574 	3 	103
15450300000000 15450400000091 	5200010918 15036361918 177062 	5199833856 177062 0 0 0 	5200717 177062 0 	418.197 	3 	103
15475900000000 15476000000091 	5400011100 15615045474 182313 	5399828787 182313 0 0 0 	5354724 182313 0 	417.849 	3 	103
15501500000000 15501600000091 	5600011282 16193785473 187683 	5599823599 187683 0 0 0 	5515674 187683 0 	417.527 	3 	103
15527100000000 15527200000308 	5800011898 16772887465 232273 	5799779625 232273 0 0 0 	6838782 232273 0 	420.107 	3 	103
15552700000000 15552800000308 	6000012514 17352031940 276334 	5999736180 276334 0 0 0 	8128923 276334 0 	422.544 	3 	103
15578300000000 15578400000308 	6200013130 17931218093 319851 	6199693279 319851 0 0 0 	9399977 319851 0 	424.849 	3 	103
15603900000000 15604000000308 	6400013746 18510423690 362437 	6399651309 362437 0 0 0 	10642881 362437 0 	427.033 	3 	103
15629500000000 15629600000308 	6600014362 19089648729 404512 	6599609850 404512 0 0 0 	11873694 404512 0 	429.106 	3 	103
15655100000000 15655200000152 	6800014666 19668886217 446147 	6799568519 446147 0 0 0 	13090087 446147 0 	430.989 	3 	103
15680700000000 15680800000152 	7000014970 20248250586 487040 	6999527930 487040 0 0 0 	14292317 487040 0 	432.781 	3 	103
15706300000000 15706400000152 	7200015274 20827500200 527195 	7199488079 527195 0 0 0 	15461872 527195 0 	434.486 	3 	103
15731900000000 15732000000152 	7400015578 21406811523 567064 	7399448514 567064 0 0 0 	16629202 567064 0 	436.112 	3 	103
15757500000000 15757600000152 	7600015882 21986123694 606320 	7599409562 606320 0 0 0 	17780747 606320 0 	437.663 	3 	103
15783100000000 15783200000000 	7800015882 22565535936 645025 	7799370857 645025 0 0 0 	18917929 645025 0 	439.067 	3 	103
15808700000000 15808800000000 	8000015882 23144900009 683077 	7999332805 683077 0 0 0 	20040056 683077 0 	440.409 	3 	103
15834300000000 15834400000000 	8200015882 23724372541 721120 	8199294762 721120 0 0 0 	21161884 721120 0 	441.693 	3 	103
15859900000000 15860000000000 	8400015882 24303823095 758222 	8399257660 758222 0 0 0 	22253506 758222 0 	442.922 	3 	103
15885500000000 15885600000048 	8600015978 24883315784 794826 	8599221152 794826 0 0 0 	23326455 794826 0 	444.027 	3 	103
15911100000000 15911200000048 	8800016074 25462808841 831133 	8799184941 831133 0 0 0 	24400689 831133 0 	445.087 	3 	103
15936700000000 15936800000048 	9000016170 26042383249 866823 	8999149347 866823 0 0 0 	25455940 866823 0 	446.105 	3 	103
15962300000000 15962400000048 	9200016266 26622017041 902405 	9199113861 902405 0 0 0 	26496928 902405 0 	447.083 	3 	103
15987900000000 15988000000048 	9400016362 27201614041 937545 	9399078817 937545 0 0 0 	27525685 937545 0 	448.023 	3 	103
16013500000000 16013600000476 	9600017314 27781271739 971760 	9599045554 971760 0 0 0 	28539031 971760 0 	448.859 	3 	103
16039100000000 16039200000476 	9800018266 28360921302 1005698 	9799012568 1005698 0 0 0 	29520567 1005698 0 	449.663 	3 	103
16064700000000 16064800000476 	10000019218 28940565269 1039211 	9998980007 1039211 0 0 0 	30503259 1039211 0 	450.438 	3 	103
16090300000000 16090400000476 	10200020170 29520248955 1072353 	10198947817 1072353 0 0 0 	31471183 1072353 0 	451.186 	3 	103
16115900000000 16116000000476 	10400021122 30099955923 1104895 	10398916227 1104895 0 0 0 	32425470 1104895 0 	451.907 	3 	103
16141500000000 16141600000011 	10600021144 30679701762 1137027 	10598884117 1137027 0 0 0 	33373867 1137027 0 	452.554 	3 	103
16167100000000 16167200000011 	10800021166 31259534230 1168867 	10798852299 1168867 0 0 0 	34318199 1168867 0 	453.18 	3 	103
