14811000000000 14811100000060 	200000120 577922768 8307 	199991813 8307 0 0 0 	242031 8307 0 	428 	3 	110
14836600000000 14836700000060 	400000240 1155920484 16567 	399983673 16567 0 0 0 	485980 16567 0 	428 	3 	110
14862200000000 14862300000375 	600000990 1733904132 24654 	599976336 24654 0 0 0 	718881 24654 0 	426.995 	3 	110
14887800000000 14887900000375 	800001740 2311885063 32613 	799969127 32613 0 0 0 	954156 32613 0 	426.495 	3 	110
14913400000000 14913500000375 	1000002490 2889943048 40471 	999962019 40471 0 0 0 	1183750 40471 0 	426.195 	3 	110
14939000000000 14939100000074 	1200002638 3468022310 48237 	1199954401 48237 0 0 0 	1409171 48237 0 	425.49 	3 	110
14964600000000 14964700000074 	1400002786 4046150738 55777 	1399947009 55777 0 0 0 	1631072 55777 0 	424.988 	3 	110
14990200000000 14990300000074 	1600002934 4624299479 63119 	1599939815 63119 0 0 0 	1847699 63119 0 	424.612 	3 	110
15015800000000 15015900000074 	1800003082 5202465657 70447 	1799932635 70447 0 0 0 	2066646 70447 0 	424.32 	3 	110
15041400000000 15041500000320 	2000003722 5780676725 77639 	1999926083 77639 0 0 0 	2277980 77639 0 	423.884 	3 	110
15067000000000 15067100000320 	2200004362 6358881490 84732 	2199919630 84732 0 0 0 	2482580 84732 0 	423.528 	3 	110
15092600000000 15092700000320 	2400005002 6937105235 91809 	2399913193 91809 0 0 0 	2691747 91809 0 	423.232 	3 	110
15118200000000 15118300000320 	2600005642 7515426112 98602 	2599907040 98602 0 0 0 	2888312 98602 0 	422.982 	3 	110
15143800000000 15143900000353 	2800006348 8093804237 105156 	2799901192 105156 0 0 0 	3076505 105156 0 	422.549 	3 	110
15169400000000 15169500000353 	3000007054 8672222106 111739 	2999895315 111739 0 0 0 	3268424 111739 0 	422.174 	3 	110
15195000000000 15195100000353 	3200007760 9250708622 118308 	3199889452 118308 0 0 0 	3462808 118308 0 	421.847 	3 	110
15220600000000 15220700000353 	3400008466 9829144569 124819 	3399883647 124819 0 0 0 	3650748 124819 0 	421.559 	3 	110
15246200000000 15246300000044 	3600008554 10407623693 131198 	3599877356 131198 0 0 0 	3835922 131198 0 	421.132 	3 	110
15271800000000 15271900000044 	3800008642 10986133269 137344 	3799871298 137344 0 0 0 	4018724 137344 0 	420.75 	3 	110
15297400000000 15297500000044 	4000008730 11564666176 143370 	3999865360 143370 0 0 0 	4195838 143370 0 	420.407 	3 	110
15323000000000 15323100000228 	4200009186 12143236372 149302 	4199859884 149302 0 0 0 	4372222 149302 0 	419.999 	3 	110
15348600000000 15348700000228 	4400009642 12721783917 155155 	4399854487 155155 0 0 0 	4545879 155155 0 	419.629 	3 	110
15374200000000 15374300000228 	4600010098 13300479119 160912 	4599849186 160912 0 0 0 	4713978 160912 0 	419.291 	3 	110
15399800000000 15399900000228 	4800010554 13879112777 166603 	4799843951 166603 0 0 0 	4878604 166603 0 	418.982 	3 	110
15425400000000 15425500000091 	5000010736 14457817367 172110 	4999838626 172110 0 0 0 	5040925 172110 0 	418.574 	3 	110
15451000000000 15451100000091 	5200010918 15036477710 177586 	5199833332 177586 0 0 0 	5198919 177586 0 	418.197 	3 	110
15476600000000 15476700000091 	5400011100 15615245631 183033 	5399828067 183033 0 0 0 	5359987 183033 0 	417.849 	3 	110
15502200000000 15502300000091 	5600011282 16194013971 188331 	5599822951 188331 0 0 0 	5517633 188331 0 	417.527 	3 	110
15527800000000 15527900000308 	5800011898 16773137687 233044 	5799778854 233044 0 0 0 	6829650 233044 0 	420.107 	3 	110
15553400000000 15553500000308 	6000012514 17352323049 276877 	5999735637 276877 0 0 0 	8118760 276877 0 	422.544 	3 	110
15579000000000 15579100000308 	6200013130 17931526570 320086 	6199693044 320086 0 0 0 	9393354 320086 0 	424.849 	3 	110
15604600000000 15604700000308 	6400013746 18510668844 362749 	6399650997 362749 0 0 0 	10653967 362749 0 	427.033 	3 	110
15630200000000 15630300000308 	6600014362 19089928291 404766 	6599609596 404766 0 0 0 	11897141 404766 0 	429.106 	3 	110
15655800000000 15655900000152 	6800014666 19669191484 446130 	6799568536 446130 0 0 0 	13114656 446130 0 	430.989 	3 	110
15681400000000 15681500000152 	7000014970 20248511921 486748 	6999528222 486748 0 0 0 	14307957 486748 0 	432.781 	3 	110
15707000000000 15707100000152 	7200015274 20827823696 526953 	7199488321 526953 0 0 0 	15485266 526953 0 	434.486 	3 	110
15732600000000 15732700000152 	7400015578 21407117329 566930 	7399448648 566930 0 0 0 	16655496 566930 0 	436.112 	3 	110
15758200000000 15758300000152 	7600015882 21986478757 606267 	7599409615 606267 0 0 0 	17819210 606267 0 	437.663 	3 	110
15783800000000 15783900000000 	7800015882 22565794014 645042 	7799370840 645042 0 0 0 	18959434 645042 0 	439.067 	3 	110
15809400000000 15809500000000 	8000015882 23145192834 683340 	7999332542 683340 0 0 0 	20091406 683340 0 	440.409 	3 	110
15835000000000 15835100000000 	8200015882 23724571615 720976 	8199294906 720976 0 0 0 	21192475 720976 0 	441.693 	3 	110
15860600000000 15860700000000 	8400015882 24303949170 758195 	8399257687 758195 0 0 0 	22281604 758195 0 	442.922 	3 	110
15886200000000 15886300000048 	8600015978 24883426827 794881 	8599221097 794881 0 0 0 	23365231 794881 0 	444.027 	3 	110
15911800000000 15911900000048 	8800016074 25462987898 830888 	8799185186 830888 0 0 0 	24422320 830888 0 	445.087 	3 	110
15937400000000 15937500000048 	9000016170 26042468084 866454 	8999149716 866454 0 0 0 	25470336 866454 0 	446.105 	3 	110
15963000000000 15963100000048 	9200016266 26622024916 901681 	9199114585 901681 0 0 0 	26496632 901681 0 	447.083 	3 	110
15988600000000 15988700000048 	9400016362 27201651524 936657 	9399079705 936657 0 0 0 	27522493 936657 0 	448.023 	3 	110
16014200000000 16014300000476 	9600017314 27781257635 971323 	9599045991 971323 0 0 0 	28532310 971323 0 	448.859 	3 	110
16039800000000 16039900000476 	9800018266 28360876688 1005192 	9799013074 1005192 0 0 0 	29534542 1005192 0 	449.663 	3 	110
16065400000000 16065500000476 	10000019218 28940607553 1038641 	9998980577 1038641 0 0 0 	30522648 1038641 0 	450.438 	3 	110
16091000000000 16091100000476 	10200020170 29520283864 1071483 	10198948687 1071483 0 0 0 	31489884 1071483 0 	451.186 	3 	110
16116600000000 16116700000476 	10400021122 30099977570 1103918 	10398917204 1103918 0 0 0 	32442542 1103918 0 	451.907 	3 	110
16142200000000 16142300000011 	10600021144 30679770367 1136064 	10598885080 1136064 0 0 0 	33381833 1136064 0 	452.554 	3 	110
16167800000000 16167900000011 	10800021166 31259552366 1167709 	10798853457 1167709 0 0 0 	34322117 1167709 0 	453.18 	3 	110
