14812700000000 14812800000060 	200000120 577936040 8423 	199991697 8423 0 0 0 	247640 8423 0 	428 	3 	127
14838300000000 14838400000375 	400000870 1155880888 16800 	399984070 16800 0 0 0 	493692 16800 0 	426.495 	3 	127
14863900000000 14864000000375 	600001620 1733824051 24810 	599976810 24810 0 0 0 	728912 24810 0 	425.995 	3 	127
14889500000000 14889600000375 	800002370 2311826115 32752 	799969618 32752 0 0 0 	956518 32752 0 	425.746 	3 	127
14915100000000 14915200000375 	1000003120 2889829845 40643 	999962477 40643 0 0 0 	1186172 40643 0 	425.597 	3 	127
14940700000000 14940800000074 	1200003268 3467909413 48388 	1199954880 48388 0 0 0 	1414337 48388 0 	424.993 	3 	127
14966300000000 14966400000074 	1400003416 4046020335 55812 	1399947604 55812 0 0 0 	1628001 55812 0 	424.563 	3 	127
14991900000000 14992000000074 	1600003564 4624121260 63247 	1599940317 63247 0 0 0 	1847414 63247 0 	424.241 	3 	127
15017500000000 15017600000074 	1800003712 5202317876 70633 	1799933079 70633 0 0 0 	2063735 70633 0 	423.991 	3 	127
15043100000000 15043200000320 	2000004352 5780534638 77967 	1999926385 77967 0 0 0 	2280106 77967 0 	423.588 	3 	127
15068700000000 15068800000320 	2200004992 6358803364 84956 	2199920036 84956 0 0 0 	2486729 84956 0 	423.259 	3 	127
15094300000000 15094400000320 	2400005632 6937099558 91852 	2399913780 91852 0 0 0 	2686933 91852 0 	422.986 	3 	127
15119900000000 15120000000320 	2600006272 7515373407 98835 	2599907437 98835 0 0 0 	2891832 98835 0 	422.755 	3 	127
15145500000000 15145600000353 	2800006978 8093717129 105446 	2799901532 105446 0 0 0 	3081242 105446 0 	422.338 	3 	127
15171100000000 15171200000353 	3000007684 8672062173 111864 	2999895820 111864 0 0 0 	3268785 111864 0 	421.978 	3 	127
15196700000000 15196800000353 	3200008390 9250422870 118339 	3199890051 118339 0 0 0 	3459009 118339 0 	421.664 	3 	127
15222300000000 15222400000353 	3400009096 9828869209 124587 	3399884509 124587 0 0 0 	3642446 124587 0 	421.386 	3 	127
15247900000000 15248000000044 	3600009184 10407322027 130912 	3599878272 130912 0 0 0 	3826707 130912 0 	420.969 	3 	127
15273500000000 15273600000044 	3800009272 10985845557 137171 	3799872101 137171 0 0 0 	4010917 137171 0 	420.596 	3 	127
15299100000000 15299200000044 	4000009360 11564371111 143197 	3999866163 143197 0 0 0 	4189535 143197 0 	420.262 	3 	127
15324700000000 15324800000228 	4200009816 12142945332 149131 	4199860685 149131 0 0 0 	4365538 149131 0 	419.861 	3 	127
15350300000000 15350400000228 	4400010272 12721556673 154911 	4399855361 154911 0 0 0 	4533896 154911 0 	419.497 	3 	127
15375900000000 15376000000228 	4600010728 13300198128 160616 	4599850112 160616 0 0 0 	4699093 160616 0 	419.165 	3 	127
15401500000000 15401600000228 	4800011184 13878817405 166203 	4799844981 166203 0 0 0 	4865256 166203 0 	418.862 	3 	127
15427100000000 15427200000091 	5000011366 14457491675 171788 	4999839578 171788 0 0 0 	5031154 171788 0 	418.458 	3 	127
15452700000000 15452800000091 	5200011548 15036198080 177280 	5199834268 177280 0 0 0 	5188659 177280 0 	418.086 	3 	127
15478300000000 15478400000091 	5400011730 15614919386 182824 	5399828906 182824 0 0 0 	5353940 182824 0 	417.743 	3 	127
15503900000000 15504000000091 	5600011912 16193711104 188200 	5599823712 188200 0 0 0 	5512147 188200 0 	417.424 	3 	127
15529500000000 15529600000308 	5800012528 16772770955 232550 	5799779978 232550 0 0 0 	6809073 232550 0 	420.006 	3 	127
15555100000000 15555200000308 	6000013144 17351920123 276587 	5999736557 276587 0 0 0 	8096784 276587 0 	422.445 	3 	127
15580700000000 15580800000308 	6200013760 17931122063 319420 	6199694340 319420 0 0 0 	9361319 319420 0 	424.753 	3 	127
15606300000000 15606400000308 	6400014376 18510291703 361890 	6399652486 361890 0 0 0 	10604264 361890 0 	426.939 	3 	127
15631900000000 15632000000308 	6600014992 19089518128 404089 	6599610903 404089 0 0 0 	11839764 404089 0 	429.014 	3 	127
15657500000000 15657600000152 	6800015296 19668779014 445970 	6799569326 445970 0 0 0 	13067383 445970 0 	430.899 	3 	127
15683100000000 15683200000152 	7000015600 20248043979 487237 	6999528363 487237 0 0 0 	14273937 487237 0 	432.692 	3 	127
15708700000000 15708800000152 	7200015904 20827324437 527603 	7199488301 527603 0 0 0 	15460696 527603 0 	434.4 	3 	127
15734300000000 15734400000152 	7400016208 21406686869 567431 	7399448777 567431 0 0 0 	16640287 567431 0 	436.027 	3 	127
15759900000000 15760000000000 	7600016208 21986046893 606801 	7599409407 606801 0 0 0 	17788167 606801 0 	437.5 	3 	127
15785500000000 15785600000000 	7800016208 22565497617 645508 	7799370700 645508 0 0 0 	18936639 645508 0 	438.907 	3 	127
15811100000000 15811200000000 	8000016208 23144937626 683695 	7999332513 683695 0 0 0 	20052076 683695 0 	440.252 	3 	127
15836700000000 15836800000000 	8200016208 23724420407 721471 	8199294737 721471 0 0 0 	21161373 721471 0 	441.539 	3 	127
15862300000000 15862400000000 	8400016208 24303875018 758907 	8399257301 758907 0 0 0 	22259525 758907 0 	442.771 	3 	127
15887900000000 15888000000048 	8600016304 24883331468 795806 	8599220498 795806 0 0 0 	23343600 795806 0 	443.879 	3 	127
15913500000000 15913600000048 	8800016400 25462855845 832190 	8799184210 832190 0 0 0 	24413565 832190 0 	444.942 	3 	127
15939100000000 15939200000048 	9000016496 26042392259 867972 	8999148524 867972 0 0 0 	25464953 867972 0 	445.962 	3 	127
15964700000000 15964800000048 	9200016592 26621973970 903336 	9199113256 903336 0 0 0 	26509281 903336 0 	446.942 	3 	127
15990300000000 15990400000048 	9400016688 27201533852 937798 	9399078890 937798 0 0 0 	27516482 937798 0 	447.885 	3 	127
16015900000000 16016000000476 	9600017640 27781150858 971918 	9599045722 971918 0 0 0 	28521254 971918 0 	448.723 	3 	127
16041500000000 16041600000476 	9800018592 28360812375 1005627 	9799012965 1005627 0 0 0 	29516621 1005627 0 	449.53 	3 	127
16067100000000 16067200000476 	10000019544 28940484302 1038951 	9998980593 1038951 0 0 0 	30496196 1038951 0 	450.307 	3 	127
16092700000000 16092800000476 	10200020496 29520212490 1071800 	10198948696 1071800 0 0 0 	31463728 1071800 0 	451.057 	3 	127
16118300000000 16118400000476 	10400021448 30099908275 1104043 	10398917405 1104043 0 0 0 	32414877 1104043 0 	451.78 	3 	127
16143900000000 16144000000011 	10600021470 30679629536 1135955 	10598885515 1135955 0 0 0 	33353965 1135955 0 	452.429 	3 	127
16169500000000 16169600000011 	10800021492 31259362601 1167523 	10798853969 1167523 0 0 0 	34287480 1167523 0 	453.057 	3 	127
