14812800000000 14812900000060 	200000120 577982332 8504 	199991616 8504 0 0 0 	252515 8504 0 	428 	3 	128
14838400000000 14838500000375 	400000870 1156002177 16804 	399984066 16804 0 0 0 	497496 16804 0 	426.495 	3 	128
14864000000000 14864100000375 	600001620 1734028675 24991 	599976629 24991 0 0 0 	738162 24991 0 	425.995 	3 	128
14889600000000 14889700000375 	800002370 2312018085 32896 	799969474 32896 0 0 0 	969283 32896 0 	425.746 	3 	128
14915200000000 14915300000375 	1000003120 2890100697 40731 	999962389 40731 0 0 0 	1204860 40731 0 	425.597 	3 	128
14940800000000 14940900000074 	1200003268 3468235864 48592 	1199954676 48592 0 0 0 	1437616 48592 0 	424.993 	3 	128
14966400000000 14966500000074 	1400003416 4046344716 56179 	1399947237 56179 0 0 0 	1656903 56179 0 	424.563 	3 	128
14992000000000 14992100000074 	1600003564 4624494150 63612 	1599939952 63612 0 0 0 	1879053 63612 0 	424.241 	3 	128
15017600000000 15017700000074 	1800003712 5202644613 70988 	1799932724 70988 0 0 0 	2094992 70988 0 	423.991 	3 	128
15043200000000 15043300000320 	2000004352 5780900958 77995 	1999926357 77995 0 0 0 	2297938 77995 0 	423.588 	3 	128
15068800000000 15068900000320 	2200004992 6359119483 85113 	2199919879 85113 0 0 0 	2505756 85113 0 	423.259 	3 	128
15094400000000 15094500000320 	2400005632 6937422877 92011 	2399913621 92011 0 0 0 	2706484 92011 0 	422.986 	3 	128
15120000000000 15120100000320 	2600006272 7515712152 98851 	2599907421 98851 0 0 0 	2907961 98851 0 	422.755 	3 	128
15145600000000 15145700000353 	2800006978 8094072628 105605 	2799901373 105605 0 0 0 	3105433 105605 0 	422.338 	3 	128
15171200000000 15171300000353 	3000007684 8672453739 112207 	2999895477 112207 0 0 0 	3299403 112207 0 	421.978 	3 	128
15196800000000 15196900000353 	3200008390 9250899003 118835 	3199889555 118835 0 0 0 	3494940 118835 0 	421.664 	3 	128
15222400000000 15222500000353 	3400009096 9829317069 125271 	3399883825 125271 0 0 0 	3687081 125271 0 	421.386 	3 	128
15248000000000 15248100000044 	3600009184 10407741358 131473 	3599877711 131473 0 0 0 	3870729 131473 0 	420.969 	3 	128
15273600000000 15273700000044 	3800009272 10986212528 137709 	3799871563 137709 0 0 0 	4056767 137709 0 	420.596 	3 	128
15299200000000 15299300000044 	4000009360 11564728428 143777 	3999865583 143777 0 0 0 	4234067 143777 0 	420.262 	3 	128
15324800000000 15324900000228 	4200009816 12143300402 149759 	4199860057 149759 0 0 0 	4406596 149759 0 	419.861 	3 	128
15350400000000 15350500000228 	4400010272 12721941467 155736 	4399854536 155736 0 0 0 	4580160 155736 0 	419.497 	3 	128
15376000000000 15376100000228 	4600010728 13300609897 161502 	4599849226 161502 0 0 0 	4753252 161502 0 	419.165 	3 	128
15401600000000 15401700000228 	4800011184 13879278128 167281 	4799843903 167281 0 0 0 	4924534 167281 0 	418.862 	3 	128
15427200000000 15427300000091 	5000011366 14457948049 172875 	4999838491 172875 0 0 0 	5089940 172875 0 	418.458 	3 	128
15452800000000 15452900000091 	5200011548 15036668523 178215 	5199833333 178215 0 0 0 	5247014 178215 0 	418.086 	3 	128
15478400000000 15478500000091 	5400011730 15615408363 183700 	5399828030 183700 0 0 0 	5412335 183700 0 	417.743 	3 	128
15504000000000 15504100000091 	5600011912 16194182648 188971 	5599822941 188971 0 0 0 	5567080 188971 0 	417.424 	3 	128
15529600000000 15529700000308 	5800012528 16773301428 232826 	5799779702 232826 0 0 0 	6843447 232826 0 	420.006 	3 	128
15555200000000 15555300000308 	6000013144 17352450163 276318 	5999736826 276318 0 0 0 	8118828 276318 0 	422.445 	3 	128
15580800000000 15580900000308 	6200013760 17931609819 319331 	6199694429 319331 0 0 0 	9385388 319331 0 	424.753 	3 	128
15606400000000 15606500000308 	6400014376 18510822824 361904 	6399652472 361904 0 0 0 	10638515 361904 0 	426.939 	3 	128
15632000000000 15632100000308 	6600014992 19090043009 404027 	6599610965 404027 0 0 0 	11871630 404027 0 	429.014 	3 	128
15657600000000 15657700000152 	6800015296 19669270098 445579 	6799569717 445579 0 0 0 	13093258 445579 0 	430.899 	3 	128
15683200000000 15683300000152 	7000015600 20248511266 486495 	6999529105 486495 0 0 0 	14303225 486495 0 	432.692 	3 	128
15708800000000 15708900000152 	7200015904 20827794125 527170 	7199488734 527170 0 0 0 	15508804 527170 0 	434.4 	3 	128
15734400000000 15734500000152 	7400016208 21407153185 567279 	7399448929 567279 0 0 0 	16691476 567279 0 	436.027 	3 	128
15760000000000 15760100000000 	7600016208 21986474138 606449 	7599409759 606449 0 0 0 	17842882 606449 0 	437.5 	3 	128
15785600000000 15785700000000 	7800016208 22565867256 645013 	7799371195 645013 0 0 0 	18966457 645013 0 	438.907 	3 	128
15811200000000 15811300000000 	8000016208 23145277094 683266 	7999332942 683266 0 0 0 	20091741 683266 0 	440.252 	3 	128
15836800000000 15836900000000 	8200016208 23724739809 720700 	8199295508 720700 0 0 0 	21189693 720700 0 	441.539 	3 	128
15862400000000 15862500000000 	8400016208 24304225870 757837 	8399258371 757837 0 0 0 	22289347 757837 0 	442.771 	3 	128
15888000000000 15888100000048 	8600016304 24883732373 794267 	8599222037 794267 0 0 0 	23358871 794267 0 	443.879 	3 	128
15913600000000 15913700000048 	8800016400 25463263805 830709 	8799185691 830709 0 0 0 	24426338 830709 0 	444.942 	3 	128
15939200000000 15939300000048 	9000016496 26042779143 866437 	8999150059 866437 0 0 0 	25473694 866437 0 	445.962 	3 	128
15964800000000 15964900000048 	9200016592 26622358515 901508 	9199115084 901508 0 0 0 	26500391 901508 0 	446.942 	3 	128
15990400000000 15990500000048 	9400016688 27201961032 936106 	9399080582 936106 0 0 0 	27513226 936106 0 	447.885 	3 	128
16016000000000 16016100000476 	9600017640 27781600407 970627 	9599047013 970627 0 0 0 	28522154 970627 0 	448.723 	3 	128
16041600000000 16041700000476 	9800018592 28361238155 1004543 	9799014049 1004543 0 0 0 	29522770 1004543 0 	449.53 	3 	128
16067200000000 16067300000476 	10000019544 28940888433 1037911 	9998981633 1037911 0 0 0 	30503262 1037911 0 	450.307 	3 	128
16092800000000 16092900000476 	10200020496 29520637413 1071019 	10198949477 1071019 0 0 0 	31475820 1071019 0 	451.057 	3 	128
16118400000000 16118500000476 	10400021448 30100345177 1103508 	10398917940 1103508 0 0 0 	32425543 1103508 0 	451.78 	3 	128
16144000000000 16144100000011 	10600021470 30680077388 1135044 	10598886426 1135044 0 0 0 	33352716 1135044 0 	452.429 	3 	128
16169600000000 16169700000011 	10800021492 31259897544 1166631 	10798854861 1166631 0 0 0 	34284465 1166631 0 	453.057 	3 	128
