14815500000000 14815600000060 	200000120 577914143 8322 	199991798 8322 0 0 0 	243049 8322 0 	428 	3 	155
14841100000000 14841200000375 	400000870 1155874765 16545 	399984325 16545 0 0 0 	485548 16545 0 	426.495 	3 	155
14866700000000 14866800000375 	600001620 1733890665 24709 	599976911 24709 0 0 0 	732572 24709 0 	425.995 	3 	155
14892300000000 14892400000375 	800002370 2311905245 32761 	799969609 32761 0 0 0 	968258 32761 0 	425.746 	3 	155
14917900000000 14918000000375 	1000003120 2889904983 40478 	999962642 40478 0 0 0 	1192460 40478 0 	425.597 	3 	155
14943500000000 14943600000074 	1200003268 3467956972 48013 	1199955255 48013 0 0 0 	1412164 48013 0 	424.993 	3 	155
14969100000000 14969200000074 	1400003416 4046129165 55677 	1399947739 55677 0 0 0 	1635245 55677 0 	424.563 	3 	155
14994700000000 14994800000074 	1600003564 4624298335 63045 	1599940519 63045 0 0 0 	1851054 63045 0 	424.241 	3 	155
15020300000000 15020400000074 	1800003712 5202417754 70513 	1799933199 70513 0 0 0 	2069632 70513 0 	423.991 	3 	155
15045900000000 15046000000320 	2000004352 5780674360 77732 	1999926620 77732 0 0 0 	2277003 77732 0 	423.588 	3 	155
15071500000000 15071600000320 	2200004992 6358887884 84757 	2199920235 84757 0 0 0 	2481408 84757 0 	423.259 	3 	155
15097100000000 15097200000320 	2400005632 6937141835 91709 	2399913923 91709 0 0 0 	2687571 91709 0 	422.986 	3 	155
15122700000000 15122800000320 	2600006272 7515490286 98486 	2599907786 98486 0 0 0 	2891228 98486 0 	422.755 	3 	155
15148300000000 15148400000353 	2800006978 8093821551 105276 	2799901702 105276 0 0 0 	3093409 105276 0 	422.338 	3 	155
15173900000000 15174000000353 	3000007684 8672211045 111739 	2999895945 111739 0 0 0 	3281812 111739 0 	421.978 	3 	155
15199500000000 15199600000353 	3200008390 9250624799 118315 	3199890075 118315 0 0 0 	3474871 118315 0 	421.664 	3 	155
15225100000000 15225200000353 	3400009096 9829076647 124660 	3399884436 124660 0 0 0 	3664897 124660 0 	421.386 	3 	155
15250700000000 15250800000044 	3600009184 10407535540 130760 	3599878424 130760 0 0 0 	3844898 130760 0 	420.969 	3 	155
15276300000000 15276400000044 	3800009272 10986043076 136742 	3799872530 136742 0 0 0 	4020414 136742 0 	420.596 	3 	155
15301900000000 15302000000044 	4000009360 11564512614 142711 	3999866649 142711 0 0 0 	4199683 142711 0 	420.262 	3 	155
15327500000000 15327600000228 	4200009816 12143076690 148632 	4199861184 148632 0 0 0 	4372522 148632 0 	419.861 	3 	155
15353100000000 15353200000228 	4400010272 12721646287 154410 	4399855862 154410 0 0 0 	4538948 154410 0 	419.497 	3 	155
15378700000000 15378800000228 	4600010728 13300309415 160063 	4599850665 160063 0 0 0 	4702172 160063 0 	419.165 	3 	155
15404300000000 15404400000228 	4800011184 13878915642 165630 	4799845554 165630 0 0 0 	4864397 165630 0 	418.862 	3 	155
15429900000000 15430000000091 	5000011366 14457535075 171257 	4999840109 171257 0 0 0 	5031364 171257 0 	418.458 	3 	155
15455500000000 15455600000091 	5200011548 15036208418 176620 	5199834928 176620 0 0 0 	5188872 176620 0 	418.086 	3 	155
15481100000000 15481200000091 	5400011730 15614975924 181935 	5399829795 181935 0 0 0 	5344576 181935 0 	417.743 	3 	155
15506700000000 15506800000091 	5600011912 16193758398 187246 	5599824666 187246 0 0 0 	5499564 187246 0 	417.424 	3 	155
15532300000000 15532400000308 	5800012528 16772827292 231641 	5799780887 231641 0 0 0 	6796914 231641 0 	420.006 	3 	155
15557900000000 15558000000308 	6000013144 17351979021 275627 	5999737517 275627 0 0 0 	8094598 275627 0 	422.445 	3 	155
15583500000000 15583600000308 	6200013760 17931180454 318656 	6199695104 318656 0 0 0 	9362923 318656 0 	424.753 	3 	155
15609100000000 15609200000308 	6400014376 18510411332 361029 	6399653347 361029 0 0 0 	10610210 361029 0 	426.939 	3 	155
15634700000000 15634800000308 	6600014992 19089644846 403150 	6599611842 403150 0 0 0 	11857732 403150 0 	429.014 	3 	155
15660300000000 15660400000152 	6800015296 19668925945 444783 	6799570513 444783 0 0 0 	13074477 444783 0 	430.899 	3 	155
15685900000000 15686000000152 	7000015600 20248192815 485790 	6999529810 485790 0 0 0 	14276428 485790 0 	432.692 	3 	155
15711500000000 15711600000152 	7200015904 20827541258 526066 	7199489838 526066 0 0 0 	15452320 526066 0 	434.4 	3 	155
15737100000000 15737200000152 	7400016208 21406859867 565867 	7399450341 565867 0 0 0 	16625218 565867 0 	436.027 	3 	155
15762700000000 15762800000000 	7600016208 21986185946 604918 	7599411290 604918 0 0 0 	17768905 604918 0 	437.5 	3 	155
15788300000000 15788400000000 	7800016208 22565516041 643328 	7799372880 643328 0 0 0 	18902518 643328 0 	438.907 	3 	155
15813900000000 15814000000000 	8000016208 23145001656 681271 	7999334937 681271 0 0 0 	20013577 681271 0 	440.252 	3 	155
15839500000000 15839600000000 	8200016208 23724428475 718679 	8199297529 718679 0 0 0 	21111498 718679 0 	441.539 	3 	155
15865100000000 15865200000000 	8400016208 24303875907 755424 	8399260784 755424 0 0 0 	22195781 755424 0 	442.771 	3 	155
15890700000000 15890800000048 	8600016304 24883375967 792064 	8599224240 792064 0 0 0 	23277310 792064 0 	443.879 	3 	155
15916300000000 15916400000048 	8800016400 25462808955 828238 	8799188162 828238 0 0 0 	24347792 828238 0 	444.942 	3 	155
15941900000000 15942000000048 	9000016496 26042344373 864047 	8999152449 864047 0 0 0 	25390552 864047 0 	445.962 	3 	155
15967500000000 15967600000048 	9200016592 26621961599 899766 	9199116826 899766 0 0 0 	26434993 899766 0 	446.942 	3 	155
15993100000000 15993200000048 	9400016688 27201546663 934339 	9399082349 934339 0 0 0 	27449025 934339 0 	447.885 	3 	155
16018700000000 16018800000476 	9600017640 27781174662 968544 	9599049096 968544 0 0 0 	28452074 968544 0 	448.723 	3 	155
16044300000000 16044400000476 	9800018592 28360804058 1002389 	9799016203 1002389 0 0 0 	29444761 1002389 0 	449.53 	3 	155
16069900000000 16070000000476 	10000019544 28940484308 1035525 	9998984019 1035525 0 0 0 	30428512 1035525 0 	450.307 	3 	155
16095500000000 16095600000476 	10200020496 29520201635 1068456 	10198952040 1068456 0 0 0 	31399043 1068456 0 	451.057 	3 	155
16121100000000 16121200000476 	10400021448 30099975766 1100925 	10398920523 1100925 0 0 0 	32357811 1100925 0 	451.78 	3 	155
16146700000000 16146800000011 	10600021470 30679742626 1133013 	10598888457 1133013 0 0 0 	33297164 1133013 0 	452.429 	3 	155
16172300000000 16172400000011 	10800021492 31259513977 1164659 	10798856833 1164659 0 0 0 	34228338 1164659 0 	453.057 	3 	155
