14815900000000 14816000000060 	200000120 577938325 8436 	199991684 8436 0 0 0 	245498 8436 0 	428 	3 	159
14841500000000 14841600000375 	400000870 1155888868 16513 	399984357 16513 0 0 0 	476644 16513 0 	426.495 	3 	159
14867100000000 14867200000375 	600001620 1733894784 24647 	599976973 24647 0 0 0 	716191 24647 0 	425.995 	3 	159
14892700000000 14892800000375 	800002370 2311904903 32810 	799969560 32810 0 0 0 	957547 32810 0 	425.746 	3 	159
14918300000000 14918400000375 	1000003120 2889969985 40648 	999962472 40648 0 0 0 	1186894 40648 0 	425.597 	3 	159
14943900000000 14944000000074 	1200003268 3468074705 48434 	1199954834 48434 0 0 0 	1416805 48434 0 	424.993 	3 	159
14969500000000 14969600000074 	1400003416 4046170129 56042 	1399947374 56042 0 0 0 	1642257 56042 0 	424.563 	3 	159
14995100000000 14995200000074 	1600003564 4624335044 63533 	1599940031 63533 0 0 0 	1861740 63533 0 	424.241 	3 	159
15020700000000 15020800000074 	1800003712 5202502320 70770 	1799932942 70770 0 0 0 	2075679 70770 0 	423.991 	3 	159
15046300000000 15046400000320 	2000004352 5780719651 78059 	1999926293 78059 0 0 0 	2289025 78059 0 	423.588 	3 	159
15071900000000 15072000000320 	2200004992 6358989318 85068 	2199919924 85068 0 0 0 	2490133 85068 0 	423.259 	3 	159
15097500000000 15097600000320 	2400005632 6937295455 92131 	2399913501 92131 0 0 0 	2694217 92131 0 	422.986 	3 	159
15123100000000 15123200000320 	2600006272 7515626815 98948 	2599907324 98948 0 0 0 	2894092 98948 0 	422.755 	3 	159
15148700000000 15148800000353 	2800006978 8094009275 105631 	2799901347 105631 0 0 0 	3087807 105631 0 	422.338 	3 	159
15174300000000 15174400000353 	3000007684 8672342131 112198 	2999895486 112198 0 0 0 	3277390 112198 0 	421.978 	3 	159
15199900000000 15200000000353 	3200008390 9250734203 118560 	3199889830 118560 0 0 0 	3462202 118560 0 	421.664 	3 	159
15225500000000 15225600000044 	3400008478 9829165332 124850 	3399883628 124850 0 0 0 	3645229 124850 0 	421.205 	3 	159
15251100000000 15251200000044 	3600008566 10407670151 131070 	3599877496 131070 0 0 0 	3826117 131070 0 	420.798 	3 	159
15276700000000 15276800000044 	3800008654 10986163035 137312 	3799871342 137312 0 0 0 	4008498 137312 0 	420.435 	3 	159
15302300000000 15302400000044 	4000008742 11564652325 143387 	3999865355 143387 0 0 0 	4186984 143387 0 	420.108 	3 	159
15327900000000 15328000000228 	4200009198 12143197786 149402 	4199859796 149402 0 0 0 	4365984 149402 0 	419.715 	3 	159
15353500000000 15353600000228 	4400009654 12721776533 155294 	4399854360 155294 0 0 0 	4537862 155294 0 	419.358 	3 	159
15379100000000 15379200000228 	4600010110 13300397918 161063 	4599849047 161063 0 0 0 	4704988 161063 0 	419.033 	3 	159
15404700000000 15404800000228 	4800010566 13879035629 166890 	4799843676 166890 0 0 0 	4875315 166890 0 	418.735 	3 	159
15430300000000 15430400000091 	5000010748 14457718507 172459 	4999838289 172459 0 0 0 	5038711 172459 0 	418.337 	3 	159
15455900000000 15456000000091 	5200010930 15036382303 177966 	5199832964 177966 0 0 0 	5201818 177966 0 	417.97 	3 	159
15481500000000 15481600000091 	5400011112 15615156001 183337 	5399827775 183337 0 0 0 	5360709 183337 0 	417.63 	3 	159
15507100000000 15507200000091 	5600011294 16193990888 188743 	5599822551 188743 0 0 0 	5517262 188743 0 	417.316 	3 	159
15532700000000 15532800000308 	5800011910 16773162661 232936 	5799778974 232936 0 0 0 	6821653 232936 0 	419.901 	3 	159
15558300000000 15558400000308 	6000012526 17352286038 276649 	5999735877 276649 0 0 0 	8097543 276649 0 	422.342 	3 	159
15583900000000 15584000000308 	6200013142 17931466780 319916 	6199693226 319916 0 0 0 	9361866 319916 0 	424.652 	3 	159
15609500000000 15609600000308 	6400013758 18510656147 362481 	6399651277 362481 0 0 0 	10609811 362481 0 	426.84 	3 	159
15635100000000 15635200000308 	6600014374 19089872504 404754 	6599609620 404754 0 0 0 	11848604 404754 0 	428.917 	3 	159
15660700000000 15660800000152 	6800014678 19669159334 445880 	6799568798 445880 0 0 0 	13056740 445880 0 	430.805 	3 	159
15686300000000 15686400000152 	7000014982 20248462767 486847 	6999528135 486847 0 0 0 	14261278 486847 0 	432.6 	3 	159
15711900000000 15712000000152 	7200015286 20827774910 527232 	7199488054 527232 0 0 0 	15450773 527232 0 	434.309 	3 	159
15737500000000 15737600000152 	7400015590 21407078732 566879 	7399448711 566879 0 0 0 	16621027 566879 0 	435.938 	3 	159
15763100000000 15763200000000 	7600015590 21986434956 606337 	7599409253 606337 0 0 0 	17774445 606337 0 	437.413 	3 	159
15788700000000 15788800000000 	7800015590 22565846187 645060 	7799370530 645060 0 0 0 	18918763 645060 0 	438.821 	3 	159
15814300000000 15814400000000 	8000015590 23145280432 683257 	7999332333 683257 0 0 0 	20044644 683257 0 	440.168 	3 	159
15839900000000 15840000000000 	8200015590 23724707560 720906 	8199294684 720906 0 0 0 	21155510 720906 0 	441.456 	3 	159
15865500000000 15865600000000 	8400015590 24304151145 757888 	8399257702 757888 0 0 0 	22243815 757888 0 	442.69 	3 	159
15891100000000 15891200000048 	8600015686 24883684226 794677 	8599221009 794677 0 0 0 	23319526 794677 0 	443.799 	3 	159
15916700000000 15916800000048 	8800015782 25463226177 830635 	8799185147 830635 0 0 0 	24381655 830635 0 	444.863 	3 	159
15942300000000 15942400000048 	9000015878 26042724676 866188 	8999149690 866188 0 0 0 	25422604 866188 0 	445.885 	3 	159
15967900000000 15968000000048 	9200015974 26622329974 901513 	9199114461 901513 0 0 0 	26462402 901513 0 	446.867 	3 	159
15993500000000 15993600000048 	9400016070 27201969587 936052 	9399080018 936052 0 0 0 	27479795 936052 0 	447.81 	3 	159
16019100000000 16019200000476 	9600017022 27781612609 970182 	9599046840 970182 0 0 0 	28483907 970182 0 	448.65 	3 	159
16044700000000 16044800000476 	9800017974 28361228895 1004022 	9799013952 1004022 0 0 0 	29485039 1004022 0 	449.458 	3 	159
16070300000000 16070400000476 	10000018926 28940879336 1037256 	9998981670 1037256 0 0 0 	30465303 1037256 0 	450.237 	3 	159
16095900000000 16096000000476 	10200019878 29520613132 1070003 	10198949875 1070003 0 0 0 	31426885 1070003 0 	450.987 	3 	159
16121500000000 16121600000476 	10400020830 30100334805 1102459 	10398918371 1102459 0 0 0 	32382885 1102459 0 	451.711 	3 	159
16147100000000 16147200000011 	10600020852 30680102747 1134566 	10598886286 1134566 0 0 0 	33330707 1134566 0 	452.362 	3 	159
16172700000000 16172800000011 	10800020874 31259873208 1166221 	10798854653 1166221 0 0 0 	34256020 1166221 0 	452.991 	3 	159
