14816300000000 14816400000060 	200000120 577912752 8461 	199991659 8461 0 0 0 	247301 8461 0 	428 	3 	163
14841900000000 14842000000375 	400000870 1155890349 16635 	399984235 16635 0 0 0 	491061 16635 0 	426.495 	3 	163
14867500000000 14867600000375 	600001620 1733868794 24630 	599976990 24630 0 0 0 	727013 24630 0 	425.995 	3 	163
14893100000000 14893200000375 	800002370 2311990077 32472 	799969898 32472 0 0 0 	953572 32472 0 	425.746 	3 	163
14918700000000 14918800000375 	1000003120 2890042140 40417 	999962703 40417 0 0 0 	1186038 40417 0 	425.597 	3 	163
14944300000000 14944400000074 	1200003268 3468126690 48245 	1199955023 48245 0 0 0 	1413703 48245 0 	424.993 	3 	163
14969900000000 14970000000074 	1400003416 4046221671 55795 	1399947621 55795 0 0 0 	1634316 55795 0 	424.563 	3 	163
14995500000000 14995600000074 	1600003564 4624397974 63268 	1599940296 63268 0 0 0 	1855464 63268 0 	424.241 	3 	163
15021100000000 15021200000074 	1800003712 5202619182 70527 	1799933185 70527 0 0 0 	2067610 70527 0 	423.991 	3 	163
15046700000000 15046800000320 	2000004352 5780868474 77676 	1999926676 77676 0 0 0 	2281539 77676 0 	423.588 	3 	163
15072300000000 15072400000320 	2200004992 6359109253 84769 	2199920223 84769 0 0 0 	2489509 84769 0 	423.259 	3 	163
15097900000000 15098000000320 	2400005632 6937374033 91851 	2399913781 91851 0 0 0 	2699442 91851 0 	422.986 	3 	163
15123500000000 15123600000320 	2600006272 7515666489 98682 	2599907590 98682 0 0 0 	2896513 98682 0 	422.755 	3 	163
15149100000000 15149200000353 	2800006978 8094046874 105594 	2799901384 105594 0 0 0 	3099119 105594 0 	422.338 	3 	163
15174700000000 15174800000353 	3000007684 8672348427 112210 	2999895474 112210 0 0 0 	3293435 112210 0 	421.978 	3 	163
15200300000000 15200400000353 	3200008390 9250751242 118705 	3199889685 118705 0 0 0 	3483759 118705 0 	421.664 	3 	163
15225900000000 15226000000044 	3400008478 9829178547 125031 	3399883447 125031 0 0 0 	3667595 125031 0 	421.205 	3 	163
15251500000000 15251600000044 	3600008566 10407672863 131282 	3599877284 131282 0 0 0 	3848000 131282 0 	420.798 	3 	163
15277100000000 15277200000044 	3800008654 10986219175 137515 	3799871139 137515 0 0 0 	4032337 137515 0 	420.435 	3 	163
15302700000000 15302800000044 	4000008742 11564770563 143479 	3999865263 143479 0 0 0 	4207805 143479 0 	420.108 	3 	163
15328300000000 15328400000228 	4200009198 12143361565 149429 	4199859769 149429 0 0 0 	4384853 149429 0 	419.715 	3 	163
15353900000000 15354000000228 	4400009654 12721926296 155261 	4399854393 155261 0 0 0 	4555920 155261 0 	419.358 	3 	163
15379500000000 15379600000228 	4600010110 13300578825 161080 	4599849030 161080 0 0 0 	4726053 161080 0 	419.033 	3 	163
15405100000000 15405200000228 	4800010566 13879226529 166827 	4799843739 166827 0 0 0 	4893621 166827 0 	418.735 	3 	163
15430700000000 15430800000091 	5000010748 14457874252 172305 	4999838443 172305 0 0 0 	5053954 172305 0 	418.337 	3 	163
15456300000000 15456400000091 	5200010930 15036531862 177716 	5199833214 177716 0 0 0 	5215423 177716 0 	417.97 	3 	163
15481900000000 15482000000091 	5400011112 15615301975 183100 	5399828012 183100 0 0 0 	5373664 183100 0 	417.63 	3 	163
15507500000000 15507600000091 	5600011294 16194087074 188597 	5599822697 188597 0 0 0 	5532394 188597 0 	417.316 	3 	163
15533100000000 15533200000308 	5800011910 16773208896 232899 	5799779011 232899 0 0 0 	6823352 232899 0 	419.901 	3 	163
15558700000000 15558800000308 	6000012526 17352332053 276927 	5999735599 276927 0 0 0 	8117090 276927 0 	422.342 	3 	163
15584300000000 15584400000308 	6200013142 17931471414 320512 	6199692630 320512 0 0 0 	9398598 320512 0 	424.652 	3 	163
15609900000000 15610000000308 	6400013758 18510668934 363419 	6399650339 363419 0 0 0 	10665176 363419 0 	426.84 	3 	163
15635500000000 15635600000308 	6600014374 19089977753 405704 	6599608670 405704 0 0 0 	11910011 405704 0 	428.917 	3 	163
15661100000000 15661200000152 	6800014678 19669265227 447221 	6799567457 447221 0 0 0 	13128897 447221 0 	430.805 	3 	163
15686700000000 15686800000152 	7000014982 20248531820 488007 	6999526975 488007 0 0 0 	14330732 488007 0 	432.6 	3 	163
15712300000000 15712400000152 	7200015286 20827796797 528320 	7199486966 528320 0 0 0 	15505489 528320 0 	434.309 	3 	163
15737900000000 15738000000152 	7400015590 21407101619 567930 	7399447660 567930 0 0 0 	16672277 567930 0 	435.938 	3 	163
15763500000000 15763600000000 	7600015590 21986481779 606891 	7599408699 606891 0 0 0 	17811139 606891 0 	437.413 	3 	163
15789100000000 15789200000000 	7800015590 22565862505 645650 	7799369940 645650 0 0 0 	18941749 645650 0 	438.821 	3 	163
15814700000000 15814800000000 	8000015590 23145249333 683560 	7999332030 683560 0 0 0 	20054643 683560 0 	440.168 	3 	163
15840300000000 15840400000000 	8200015590 23724711244 721311 	8199294279 721311 0 0 0 	21161444 721311 0 	441.456 	3 	163
15865900000000 15866000000000 	8400015590 24304201239 758443 	8399257147 758443 0 0 0 	22251972 758443 0 	442.69 	3 	163
15891500000000 15891600000048 	8600015686 24883689325 794892 	8599220794 794892 0 0 0 	23320825 794892 0 	443.799 	3 	163
15917100000000 15917200000048 	8800015782 25463168632 831464 	8799184318 831464 0 0 0 	24401044 831464 0 	444.863 	3 	163
15942700000000 15942800000048 	9000015878 26042753756 867286 	8999148592 867286 0 0 0 	25457417 867286 0 	445.885 	3 	163
15968300000000 15968400000048 	9200015974 26622312248 902244 	9199113730 902244 0 0 0 	26484493 902244 0 	446.867 	3 	163
15993900000000 15994000000048 	9400016070 27201936280 937009 	9399079061 937009 0 0 0 	27504025 937009 0 	447.81 	3 	163
16019500000000 16019600000476 	9600017022 27781554153 971465 	9599045557 971465 0 0 0 	28510505 971465 0 	448.65 	3 	163
16045100000000 16045200000476 	9800017974 28361192163 1005312 	9799012662 1005312 0 0 0 	29507828 1005312 0 	449.458 	3 	163
16070700000000 16070800000476 	10000018926 28940850190 1038758 	9998980168 1038758 0 0 0 	30487233 1038758 0 	450.237 	3 	163
16096300000000 16096400000476 	10200019878 29520565001 1071671 	10198948207 1071671 0 0 0 	31454289 1071671 0 	450.987 	3 	163
16121900000000 16122000000476 	10400020830 30100266469 1104031 	10398916799 1104031 0 0 0 	32407036 1104031 0 	451.711 	3 	163
16147500000000 16147600000011 	10600020852 30679968454 1136307 	10598884545 1136307 0 0 0 	33360746 1136307 0 	452.362 	3 	163
16173100000000 16173200000011 	10800020874 31259779743 1167748 	10798853126 1167748 0 0 0 	34285949 1167748 0 	452.991 	3 	163
