14816500000000 14816600000060 	200000120 577952080 8424 	199991696 8424 0 0 0 	244317 8424 0 	428 	3 	165
14842100000000 14842200000375 	400000870 1155917279 16704 	399984166 16704 0 0 0 	489813 16704 0 	426.495 	3 	165
14867700000000 14867800000375 	600001620 1733925727 24849 	599976771 24849 0 0 0 	727915 24849 0 	425.995 	3 	165
14893300000000 14893400000375 	800002370 2312010549 32655 	799969715 32655 0 0 0 	956012 32655 0 	425.746 	3 	165
14918900000000 14919000000375 	1000003120 2890099097 40461 	999962659 40461 0 0 0 	1186689 40461 0 	425.597 	3 	165
14944500000000 14944600000074 	1200003268 3468162041 48264 	1199955004 48264 0 0 0 	1416985 48264 0 	424.993 	3 	165
14970100000000 14970200000074 	1400003416 4046300288 55703 	1399947713 55703 0 0 0 	1640041 55703 0 	424.563 	3 	165
14995700000000 14995800000074 	1600003564 4624442815 63111 	1599940453 63111 0 0 0 	1851956 63111 0 	424.241 	3 	165
15021300000000 15021400000074 	1800003712 5202606169 70409 	1799933303 70409 0 0 0 	2066399 70409 0 	423.991 	3 	165
15046900000000 15047000000320 	2000004352 5780794263 77585 	1999926767 77585 0 0 0 	2275331 77585 0 	423.588 	3 	165
15072500000000 15072600000320 	2200004992 6358992767 84702 	2199920290 84702 0 0 0 	2484912 84702 0 	423.259 	3 	165
15098100000000 15098200000320 	2400005632 6937276126 91543 	2399914089 91543 0 0 0 	2688684 91543 0 	422.986 	3 	165
15123700000000 15123800000320 	2600006272 7515584416 98332 	2599907940 98332 0 0 0 	2882928 98332 0 	422.755 	3 	165
15149300000000 15149400000353 	2800006978 8093884080 105144 	2799901834 105144 0 0 0 	3081645 105144 0 	422.338 	3 	165
15174900000000 15175000000353 	3000007684 8672235772 111754 	2999895930 111754 0 0 0 	3278903 111754 0 	421.978 	3 	165
15200500000000 15200600000353 	3200008390 9250660077 118261 	3199890129 118261 0 0 0 	3470900 118261 0 	421.664 	3 	165
15226100000000 15226200000044 	3400008478 9829103628 124578 	3399883900 124578 0 0 0 	3660144 124578 0 	421.205 	3 	165
15251700000000 15251800000044 	3600008566 10407559756 130947 	3599877619 130947 0 0 0 	3845573 130947 0 	420.798 	3 	165
15277300000000 15277400000044 	3800008654 10986065741 137215 	3799871439 137215 0 0 0 	4030534 137215 0 	420.435 	3 	165
15302900000000 15303000000044 	4000008742 11564609278 143362 	3999865380 143362 0 0 0 	4209767 143362 0 	420.108 	3 	165
15328500000000 15328600000228 	4200009198 12143208071 149327 	4199859871 149327 0 0 0 	4381592 149327 0 	419.715 	3 	165
15354100000000 15354200000228 	4400009654 12721783695 155259 	4399854395 155259 0 0 0 	4552601 155259 0 	419.358 	3 	165
15379700000000 15379800000228 	4600010110 13300404585 161061 	4599849049 161061 0 0 0 	4726172 161061 0 	419.033 	3 	165
15405300000000 15405400000228 	4800010566 13879057510 166570 	4799843996 166570 0 0 0 	4889153 166570 0 	418.735 	3 	165
15430900000000 15431000000091 	5000010748 14457793707 172112 	4999838636 172112 0 0 0 	5053571 172112 0 	418.337 	3 	165
15456500000000 15456600000091 	5200010930 15036472851 177642 	5199833288 177642 0 0 0 	5214092 177642 0 	417.97 	3 	165
15482100000000 15482200000091 	5400011112 15615193290 183026 	5399828086 183026 0 0 0 	5369955 183026 0 	417.63 	3 	165
15507700000000 15507800000091 	5600011294 16193972940 188354 	5599822940 188354 0 0 0 	5522725 188354 0 	417.316 	3 	165
15533300000000 15533400000308 	5800011910 16773059577 233060 	5799778850 233060 0 0 0 	6827965 233060 0 	419.901 	3 	165
15558900000000 15559000000308 	6000012526 17352203803 276605 	5999735921 276605 0 0 0 	8110623 276605 0 	422.342 	3 	165
15584500000000 15584600000308 	6200013142 17931363425 319529 	6199693613 319529 0 0 0 	9380748 319529 0 	424.652 	3 	165
15610100000000 15610200000308 	6400013758 18510594282 361954 	6399651804 361954 0 0 0 	10628483 361954 0 	426.84 	3 	165
15635700000000 15635800000308 	6600014374 19089821186 403875 	6599610499 403875 0 0 0 	11860580 403875 0 	428.917 	3 	165
15661300000000 15661400000152 	6800014678 19669072234 445098 	6799569580 445098 0 0 0 	13070224 445098 0 	430.805 	3 	165
15686900000000 15687000000152 	7000014982 20248359871 486468 	6999528514 486468 0 0 0 	14284291 486468 0 	432.6 	3 	165
15712500000000 15712600000152 	7200015286 20827670926 526532 	7199488754 526532 0 0 0 	15452274 526532 0 	434.309 	3 	165
15738100000000 15738200000152 	7400015590 21407000072 566046 	7399449544 566046 0 0 0 	16622002 566046 0 	435.938 	3 	165
15763700000000 15763800000000 	7600015590 21986360213 605113 	7599410477 605113 0 0 0 	17769066 605113 0 	437.413 	3 	165
15789300000000 15789400000000 	7800015590 22565740904 643983 	7799371607 643983 0 0 0 	18910016 643983 0 	438.821 	3 	165
15814900000000 15815000000000 	8000015590 23145174114 681852 	7999333738 681852 0 0 0 	20028422 681852 0 	440.168 	3 	165
15840500000000 15840600000000 	8200015590 23724599812 719333 	8199296257 719333 0 0 0 	21131449 719333 0 	441.456 	3 	165
15866100000000 15866200000000 	8400015590 24304100008 756560 	8399259030 756560 0 0 0 	22225871 756560 0 	442.69 	3 	165
15891700000000 15891800000048 	8600015686 24883547172 793059 	8599222627 793059 0 0 0 	23292599 793059 0 	443.799 	3 	165
15917300000000 15917400000048 	8800015782 25463042338 829107 	8799186675 829107 0 0 0 	24347973 829107 0 	444.863 	3 	165
15942900000000 15943000000048 	9000015878 26042573308 864920 	8999150958 864920 0 0 0 	25396916 864920 0 	445.885 	3 	165
15968500000000 15968600000048 	9200015974 26622201185 900232 	9199115742 900232 0 0 0 	26436699 900232 0 	446.867 	3 	165
15994100000000 15994200000048 	9400016070 27201777992 934852 	9399081218 934852 0 0 0 	27466771 934852 0 	447.81 	3 	165
16019700000000 16019800000476 	9600017022 27781405144 968958 	9599048064 968958 0 0 0 	28472184 968958 0 	448.65 	3 	165
16045300000000 16045400000476 	9800017974 28361077902 1002941 	9799015033 1002941 0 0 0 	29464380 1002941 0 	449.458 	3 	165
16070900000000 16071000000476 	10000018926 28940752700 1036186 	9998982740 1036186 0 0 0 	30432754 1036186 0 	450.237 	3 	165
16096500000000 16096600000476 	10200019878 29520501356 1068889 	10198950989 1068889 0 0 0 	31400069 1068889 0 	450.987 	3 	165
16122100000000 16122200000476 	10400020830 30100289981 1100741 	10398920089 1100741 0 0 0 	32330635 1100741 0 	451.711 	3 	165
16147700000000 16147800000011 	10600020852 30680049349 1132727 	10598888125 1132727 0 0 0 	33275940 1132727 0 	452.362 	3 	165
16173300000000 16173400000011 	10800020874 31259850596 1164304 	10798856570 1164304 0 0 0 	34204127 1164304 0 	452.991 	3 	165
