14817000000000 14817100000060 	200000120 577891346 8456 	199991664 8456 0 0 0 	248777 8456 0 	428 	3 	170
14842600000000 14842700000375 	400000870 1155845760 16604 	399984266 16604 0 0 0 	488932 16604 0 	426.495 	3 	170
14868200000000 14868300000375 	600001620 1733822640 24729 	599976891 24729 0 0 0 	729541 24729 0 	425.995 	3 	170
14893800000000 14893900000375 	800002370 2311821992 32654 	799969716 32654 0 0 0 	963842 32654 0 	425.746 	3 	170
14919400000000 14919500000375 	1000003120 2889889738 40414 	999962706 40414 0 0 0 	1195573 40414 0 	425.597 	3 	170
14945000000000 14945100000074 	1200003268 3467978683 48092 	1199955176 48092 0 0 0 	1418482 48092 0 	424.993 	3 	170
14970600000000 14970700000074 	1400003416 4046103531 55647 	1399947769 55647 0 0 0 	1639807 55647 0 	424.563 	3 	170
14996200000000 14996300000074 	1600003564 4624249787 63024 	1599940540 63024 0 0 0 	1859451 63024 0 	424.241 	3 	170
15021800000000 15021900000074 	1800003712 5202434110 70274 	1799933438 70274 0 0 0 	2071797 70274 0 	423.991 	3 	170
15047400000000 15047500000320 	2000004352 5780614012 77417 	1999926935 77417 0 0 0 	2282804 77417 0 	423.588 	3 	170
15073000000000 15073100000320 	2200004992 6358850192 84511 	2199920481 84511 0 0 0 	2492142 84511 0 	423.259 	3 	170
15098600000000 15098700000320 	2400005632 6937121539 91309 	2399914323 91309 0 0 0 	2690159 91309 0 	422.986 	3 	170
15124200000000 15124300000320 	2600006272 7515394637 98024 	2599908248 98024 0 0 0 	2888100 98024 0 	422.755 	3 	170
15149800000000 15149900000353 	2800006978 8093732450 104755 	2799902223 104755 0 0 0 	3085552 104755 0 	422.338 	3 	170
15175400000000 15175500000353 	3000007684 8672076721 111449 	2999896235 111449 0 0 0 	3282086 111449 0 	421.978 	3 	170
15201000000000 15201100000353 	3200008390 9250517543 117882 	3199890508 117882 0 0 0 	3474479 117882 0 	421.664 	3 	170
15226600000000 15226700000044 	3400008478 9828987851 124299 	3399884179 124299 0 0 0 	3663820 124299 0 	421.205 	3 	170
15252200000000 15252300000044 	3600008566 10407453600 130578 	3599877988 130578 0 0 0 	3846257 130578 0 	420.798 	3 	170
15277800000000 15277900000044 	3800008654 10985916699 136782 	3799871872 136782 0 0 0 	4024990 136782 0 	420.435 	3 	170
15303400000000 15303500000044 	4000008742 11564452370 142865 	3999865877 142865 0 0 0 	4202581 142865 0 	420.108 	3 	170
15329000000000 15329100000228 	4200009198 12143006278 148908 	4199860290 148908 0 0 0 	4383719 148908 0 	419.715 	3 	170
15354600000000 15354700000228 	4400009654 12721608125 154799 	4399854855 154799 0 0 0 	4559052 154799 0 	419.358 	3 	170
15380200000000 15380300000228 	4600010110 13300249564 160552 	4599849558 160552 0 0 0 	4728628 160552 0 	419.033 	3 	170
15405800000000 15405900000228 	4800010566 13878916213 166279 	4799844287 166279 0 0 0 	4894363 166279 0 	418.735 	3 	170
15431400000000 15431500000091 	5000010748 14457656045 171783 	4999838965 171783 0 0 0 	5058130 171783 0 	418.337 	3 	170
15457000000000 15457100000091 	5200010930 15036329860 177188 	5199833742 177188 0 0 0 	5219320 177188 0 	417.97 	3 	170
15482600000000 15482700000091 	5400011112 15615074634 182585 	5399828527 182585 0 0 0 	5377631 182585 0 	417.63 	3 	170
15508200000000 15508300000091 	5600011294 16193817874 187809 	5599823485 187809 0 0 0 	5533062 187809 0 	417.316 	3 	170
15533800000000 15533900000308 	5800011910 16772918823 232319 	5799779591 232319 0 0 0 	6839366 232319 0 	419.901 	3 	170
15559400000000 15559500000308 	6000012526 17352092035 275720 	5999736806 275720 0 0 0 	8112125 275720 0 	422.342 	3 	170
15585000000000 15585100000308 	6200013142 17931266158 318819 	6199694323 318819 0 0 0 	9379862 318819 0 	424.652 	3 	170
15610600000000 15610700000308 	6400013758 18510466576 361565 	6399652193 361565 0 0 0 	10628215 361565 0 	426.84 	3 	170
15636200000000 15636300000308 	6600014374 19089685426 403334 	6599611040 403334 0 0 0 	11862687 403334 0 	428.917 	3 	170
15661800000000 15661900000152 	6800014678 19668913189 444757 	6799569921 444757 0 0 0 	13080786 444757 0 	430.805 	3 	170
15687400000000 15687500000152 	7000014982 20248219537 485704 	6999529278 485704 0 0 0 	14278227 485704 0 	432.6 	3 	170
15713000000000 15713100000152 	7200015286 20827583513 526052 	7199489234 526052 0 0 0 	15467453 526052 0 	434.309 	3 	170
15738600000000 15738700000152 	7400015590 21406946535 566064 	7399449526 566064 0 0 0 	16649005 566064 0 	435.938 	3 	170
15764200000000 15764300000000 	7600015590 21986309527 605415 	7599410175 605415 0 0 0 	17803725 605415 0 	437.413 	3 	170
15789800000000 15789900000000 	7800015590 22565676030 644151 	7799371439 644151 0 0 0 	18942857 644151 0 	438.821 	3 	170
15815400000000 15815500000000 	8000015590 23145085389 682696 	7999332894 682696 0 0 0 	20071337 682696 0 	440.168 	3 	170
15841000000000 15841100000000 	8200015590 23724567696 720348 	8199295242 720348 0 0 0 	21181826 720348 0 	441.456 	3 	170
15866600000000 15866700000000 	8400015590 24304083794 757486 	8399258104 757486 0 0 0 	22271586 757486 0 	442.69 	3 	170
15892200000000 15892300000048 	8600015686 24883584253 794368 	8599221318 794368 0 0 0 	23362504 794368 0 	443.799 	3 	170
15917800000000 15917900000048 	8800015782 25463135711 830515 	8799185267 830515 0 0 0 	24427385 830515 0 	444.863 	3 	170
15943400000000 15943500000048 	9000015878 26042639938 866119 	8999149759 866119 0 0 0 	25477857 866119 0 	445.885 	3 	170
15969000000000 15969100000048 	9200015974 26622204286 901389 	9199114585 901389 0 0 0 	26510065 901389 0 	446.867 	3 	170
15994600000000 15994700000048 	9400016070 27201780847 935798 	9399080272 935798 0 0 0 	27525917 935798 0 	447.81 	3 	170
16020200000000 16020300000476 	9600017022 27781407480 969952 	9599047070 969952 0 0 0 	28530938 969952 0 	448.65 	3 	170
16045800000000 16045900000476 	9800017974 28361041126 1003644 	9799014330 1003644 0 0 0 	29517059 1003644 0 	449.458 	3 	170
16071400000000 16071500000476 	10000018926 28940743177 1037062 	9998981864 1037062 0 0 0 	30500302 1037062 0 	450.237 	3 	170
16097000000000 16097100000476 	10200019878 29520477004 1069990 	10198949888 1069990 0 0 0 	31465285 1069990 0 	450.987 	3 	170
16122600000000 16122700000011 	10400019900 30100221947 1102364 	10398917536 1102364 0 0 0 	32413469 1102364 0 	451.663 	3 	170
16148200000000 16148300000011 	10600019922 30679946335 1134380 	10598885542 1134380 0 0 0 	33355602 1134380 0 	452.314 	3 	170
16173800000000 16173900000011 	10800019944 31259788891 1165907 	10798854037 1165907 0 0 0 	34282530 1165907 0 	452.943 	3 	170
