14817600000000 14817700000060 	200000120 577938222 8500 	199991620 8500 0 0 0 	246251 8500 0 	428 	3 	176
14843200000000 14843300000375 	400000870 1155923816 16743 	399984127 16743 0 0 0 	488196 16743 0 	426.495 	3 	176
14868800000000 14868900000375 	600001620 1733880526 24844 	599976776 24844 0 0 0 	724333 24844 0 	425.995 	3 	176
14894400000000 14894500000375 	800002370 2311974109 32913 	799969457 32913 0 0 0 	961346 32913 0 	425.746 	3 	176
14920000000000 14920100000375 	1000003120 2890109224 40725 	999962395 40725 0 0 0 	1193507 40725 0 	425.597 	3 	176
14945600000000 14945700000074 	1200003268 3468244234 48400 	1199954868 48400 0 0 0 	1418741 48400 0 	424.993 	3 	176
14971200000000 14971300000074 	1400003416 4046348581 55987 	1399947429 55987 0 0 0 	1641263 55987 0 	424.563 	3 	176
14996800000000 14996900000074 	1600003564 4624491409 63402 	1599940162 63402 0 0 0 	1859555 63402 0 	424.241 	3 	176
15022400000000 15022500000074 	1800003712 5202653396 70724 	1799932988 70724 0 0 0 	2076820 70724 0 	423.991 	3 	176
15048000000000 15048100000320 	2000004352 5780883554 77864 	1999926488 77864 0 0 0 	2289682 77864 0 	423.588 	3 	176
15073600000000 15073700000320 	2200004992 6359127564 85033 	2199919959 85033 0 0 0 	2500747 85033 0 	423.259 	3 	176
15099200000000 15099300000320 	2400005632 6937414419 91947 	2399913685 91947 0 0 0 	2704414 91947 0 	422.986 	3 	176
15124800000000 15124900000320 	2600006272 7515710200 98697 	2599907575 98697 0 0 0 	2899657 98697 0 	422.755 	3 	176
15150400000000 15150500000353 	2800006978 8094055069 105425 	2799901553 105425 0 0 0 	3094772 105425 0 	422.338 	3 	176
15176000000000 15176100000353 	3000007684 8672448833 112177 	2999895507 112177 0 0 0 	3295131 112177 0 	421.978 	3 	176
15201600000000 15201700000353 	3200008390 9250811763 118694 	3199889696 118694 0 0 0 	3485067 118694 0 	421.664 	3 	176
15227200000000 15227300000044 	3400008478 9829212914 124895 	3399883583 124895 0 0 0 	3668065 124895 0 	421.205 	3 	176
15252800000000 15252900000044 	3600008566 10407647624 131065 	3599877501 131065 0 0 0 	3851874 131065 0 	420.798 	3 	176
15278400000000 15278500000044 	3800008654 10986185334 137289 	3799871365 137289 0 0 0 	4035148 137289 0 	420.435 	3 	176
15304000000000 15304100000044 	4000008742 11564676447 143333 	3999865409 143333 0 0 0 	4208350 143333 0 	420.108 	3 	176
15329600000000 15329700000228 	4200009198 12143278313 149388 	4199859810 149388 0 0 0 	4387314 149388 0 	419.715 	3 	176
15355200000000 15355300000228 	4400009654 12721905436 155357 	4399854297 155357 0 0 0 	4562022 155357 0 	419.358 	3 	176
15380800000000 15380900000228 	4600010110 13300552611 161149 	4599848961 161149 0 0 0 	4731098 161149 0 	419.033 	3 	176
15406400000000 15406500000228 	4800010566 13879250076 166866 	4799843700 166866 0 0 0 	4899122 166866 0 	418.735 	3 	176
15432000000000 15432100000091 	5000010748 14457874126 172463 	4999838285 172463 0 0 0 	5060908 172463 0 	418.337 	3 	176
15457600000000 15457700000091 	5200010930 15036628751 177987 	5199832943 177987 0 0 0 	5227811 177987 0 	417.97 	3 	176
15483200000000 15483300000091 	5400011112 15615432629 183394 	5399827718 183394 0 0 0 	5389734 183394 0 	417.63 	3 	176
15508800000000 15508900000091 	5600011294 16194281619 188631 	5599822663 188631 0 0 0 	5543593 188631 0 	417.316 	3 	176
15534400000000 15534500000308 	5800011910 16773414934 232565 	5799779345 232565 0 0 0 	6835850 232565 0 	419.901 	3 	176
15560000000000 15560100000308 	6000012526 17352562260 276193 	5999736333 276193 0 0 0 	8120610 276193 0 	422.342 	3 	176
15585600000000 15585700000308 	6200013142 17931738660 319216 	6199693926 319216 0 0 0 	9370045 319216 0 	424.652 	3 	176
15611200000000 15611300000308 	6400013758 18510937489 361929 	6399651829 361929 0 0 0 	10617025 361929 0 	426.84 	3 	176
15636800000000 15636900000308 	6600014374 19090166301 403783 	6599610591 403783 0 0 0 	11848387 403783 0 	428.917 	3 	176
15662400000000 15662500000152 	6800014678 19669414560 445319 	6799569359 445319 0 0 0 	13069696 445319 0 	430.805 	3 	176
15688000000000 15688100000152 	7000014982 20248704083 486440 	6999528542 486440 0 0 0 	14283242 486440 0 	432.6 	3 	176
15713600000000 15713700000152 	7200015286 20828005093 526408 	7199488878 526408 0 0 0 	15469892 526408 0 	434.309 	3 	176
15739200000000 15739300000152 	7400015590 21407332896 565833 	7399449757 565833 0 0 0 	16635931 565833 0 	435.938 	3 	176
15764800000000 15764900000000 	7600015590 21986676835 605114 	7599410476 605114 0 0 0 	17785922 605114 0 	437.413 	3 	176
15790400000000 15790500000000 	7800015590 22566052323 644045 	7799371545 644045 0 0 0 	18933900 644045 0 	438.821 	3 	176
15816000000000 15816100000000 	8000015590 23145492760 682367 	7999333223 682367 0 0 0 	20049516 682367 0 	440.168 	3 	176
15841600000000 15841700000000 	8200015590 23724959872 719693 	8199295897 719693 0 0 0 	21153025 719693 0 	441.456 	3 	176
15867200000000 15867300000000 	8400015590 24304455255 756876 	8399258714 756876 0 0 0 	22251029 756876 0 	442.69 	3 	176
15892800000000 15892900000048 	8600015686 24883973811 793678 	8599222008 793678 0 0 0 	23331399 793678 0 	443.799 	3 	176
15918400000000 15918500000048 	8800015782 25463456970 829769 	8799186013 829769 0 0 0 	24401366 829769 0 	444.863 	3 	176
15944000000000 15944100000048 	9000015878 26043015849 865338 	8999150540 865338 0 0 0 	25438354 865338 0 	445.885 	3 	176
15969600000000 15969700000048 	9200015974 26622563181 900347 	9199115627 900347 0 0 0 	26467139 900347 0 	446.867 	3 	176
15995200000000 15995300000048 	9400016070 27202149709 935149 	9399080921 935149 0 0 0 	27491677 935149 0 	447.81 	3 	176
16020800000000 16020900000476 	9600017022 27781739280 969259 	9599047763 969259 0 0 0 	28507985 969259 0 	448.65 	3 	176
16046400000000 16046500000476 	9800017974 28361393344 1002783 	9799015191 1002783 0 0 0 	29496258 1002783 0 	449.458 	3 	176
16072000000000 16072100000476 	10000018926 28941093205 1035977 	9998982949 1035977 0 0 0 	30477908 1035977 0 	450.237 	3 	176
16097600000000 16097700000476 	10200019878 29520811879 1068847 	10198951031 1068847 0 0 0 	31447162 1068847 0 	450.987 	3 	176
16123200000000 16123300000011 	10400019900 30100529222 1101264 	10398918636 1101264 0 0 0 	32410302 1101264 0 	451.663 	3 	176
16148800000000 16148900000011 	10600019922 30680313162 1133203 	10598886719 1133203 0 0 0 	33348664 1133203 0 	452.314 	3 	176
16174400000000 16174500000011 	10800019944 31260074875 1164872 	10798855072 1164872 0 0 0 	34285732 1164872 0 	452.943 	3 	176
