14818200000000 14818300000060 	200000120 577917677 8180 	199991940 8180 0 0 0 	238870 8180 0 	428 	3 	182
14843800000000 14843900000375 	400000870 1155885622 16569 	399984301 16569 0 0 0 	484205 16569 0 	426.495 	3 	182
14869400000000 14869500000375 	600001620 1733811421 24716 	599976904 24716 0 0 0 	722871 24716 0 	425.995 	3 	182
14895000000000 14895100000375 	800002370 2311826693 32581 	799969789 32581 0 0 0 	957157 32581 0 	425.746 	3 	182
14920600000000 14920700000375 	1000003120 2889901881 40362 	999962758 40362 0 0 0 	1185694 40362 0 	425.597 	3 	182
14946200000000 14946300000074 	1200003268 3467937200 48106 	1199955162 48106 0 0 0 	1414326 48106 0 	424.993 	3 	182
14971800000000 14971900000074 	1400003416 4045997610 55622 	1399947794 55622 0 0 0 	1633805 55622 0 	424.563 	3 	182
14997400000000 14997500000074 	1600003564 4624218460 63108 	1599940456 63108 0 0 0 	1852438 63108 0 	424.241 	3 	182
15023000000000 15023100000074 	1800003712 5202427630 70287 	1799933425 70287 0 0 0 	2062572 70287 0 	423.991 	3 	182
15048600000000 15048700000320 	2000004352 5780684761 77560 	1999926792 77560 0 0 0 	2270528 77560 0 	423.588 	3 	182
15074200000000 15074300000320 	2200004992 6359006004 84704 	2199920288 84704 0 0 0 	2478392 84704 0 	423.259 	3 	182
15099800000000 15099900000320 	2400005632 6937228182 91530 	2399914102 91530 0 0 0 	2674436 91530 0 	422.986 	3 	182
15125400000000 15125500000320 	2600006272 7515520588 98486 	2599907786 98486 0 0 0 	2884131 98486 0 	422.755 	3 	182
15151000000000 15151100000353 	2800006978 8093841009 105217 	2799901761 105217 0 0 0 	3083898 105217 0 	422.338 	3 	182
15176600000000 15176700000353 	3000007684 8672194316 111803 	2999895881 111803 0 0 0 	3279104 111803 0 	421.978 	3 	182
15202200000000 15202300000353 	3200008390 9250593135 118322 	3199890068 118322 0 0 0 	3470049 118322 0 	421.664 	3 	182
15227800000000 15227900000044 	3400008478 9829012474 124597 	3399883881 124597 0 0 0 	3656680 124597 0 	421.205 	3 	182
15253400000000 15253500000044 	3600008566 10407479911 130861 	3599877705 130861 0 0 0 	3838879 130861 0 	420.798 	3 	182
15279000000000 15279100000044 	3800008654 10985954723 136927 	3799871727 136927 0 0 0 	4018703 136927 0 	420.435 	3 	182
15304600000000 15304700000044 	4000008742 11564456598 142993 	3999865749 142993 0 0 0 	4196442 142993 0 	420.108 	3 	182
15330200000000 15330300000228 	4200009198 12143028305 148902 	4199860296 148902 0 0 0 	4369267 148902 0 	419.715 	3 	182
15355800000000 15355900000228 	4400009654 12721607407 154838 	4399854816 154838 0 0 0 	4547442 154838 0 	419.358 	3 	182
15381400000000 15381500000228 	4600010110 13300205066 160676 	4599849434 160676 0 0 0 	4719051 160676 0 	419.033 	3 	182
15407000000000 15407100000228 	4800010566 13878848494 166241 	4799844325 166241 0 0 0 	4883940 166241 0 	418.735 	3 	182
15432600000000 15432700000091 	5000010748 14457543126 171777 	4999838971 171777 0 0 0 	5047327 171777 0 	418.337 	3 	182
15458200000000 15458300000091 	5200010930 15036222484 177195 	5199833735 177195 0 0 0 	5207998 177195 0 	417.97 	3 	182
15483800000000 15483900000091 	5400011112 15614958015 182524 	5399828588 182524 0 0 0 	5362762 182524 0 	417.63 	3 	182
15509400000000 15509500000091 	5600011294 16193731534 188010 	5599823284 188010 0 0 0 	5524983 188010 0 	417.316 	3 	182
15535000000000 15535100000308 	5800011910 16772869276 232426 	5799779484 232426 0 0 0 	6817664 232426 0 	419.901 	3 	182
15560600000000 15560700000308 	6000012526 17352005484 276289 	5999736237 276289 0 0 0 	8102580 276289 0 	422.342 	3 	182
15586200000000 15586300000308 	6200013142 17931215946 319112 	6199694030 319112 0 0 0 	9353979 319112 0 	424.652 	3 	182
15611800000000 15611900000308 	6400013758 18510423483 361693 	6399652065 361693 0 0 0 	10608450 361693 0 	426.84 	3 	182
15637400000000 15637500000396 	6600014550 19089676920 403581 	6599610969 403581 0 0 0 	11824734 403581 0 	428.835 	3 	182
15663000000000 15663100000152 	6800014854 19668928443 445157 	6799569697 445157 0 0 0 	13043956 445157 0 	430.724 	3 	182
15688600000000 15688700000152 	7000015158 20248244609 485961 	6999529197 485961 0 0 0 	14232665 485961 0 	432.521 	3 	182
15714200000000 15714300000152 	7200015462 20827549619 526026 	7199489436 526026 0 0 0 	15401324 526026 0 	434.231 	3 	182
15739800000000 15739900000152 	7400015766 21406874701 565441 	7399450325 565441 0 0 0 	16554272 565441 0 	435.862 	3 	182
15765400000000 15765500000000 	7600015766 21986214463 604664 	7599411102 604664 0 0 0 	17698365 604664 0 	437.338 	3 	182
15791000000000 15791100000000 	7800015766 22565632364 642927 	7799372839 642927 0 0 0 	18817658 642927 0 	438.748 	3 	182
15816600000000 15816700000000 	8000015766 23145032032 680817 	7999334949 680817 0 0 0 	19934757 680817 0 	440.096 	3 	182
15842200000000 15842300000000 	8200015766 23724499602 718562 	8199297204 718562 0 0 0 	21045578 718562 0 	441.386 	3 	182
15867800000000 15867900000000 	8400015766 24303967433 755805 	8399259961 755805 0 0 0 	22142883 755805 0 	442.621 	3 	182
15893400000000 15893500000048 	8600015862 24883457950 792226 	8599223636 792226 0 0 0 	23220582 792226 0 	443.732 	3 	182
15919000000000 15919100000048 	8800015958 25462963304 828464 	8799187494 828464 0 0 0 	24284033 828464 0 	444.797 	3 	182
15944600000000 15944700000048 	9000016054 26042535645 864135 	8999151919 864135 0 0 0 	25331698 864135 0 	445.82 	3 	182
15970200000000 15970300000048 	9200016150 26622088972 899161 	9199116989 899161 0 0 0 	26360812 899161 0 	446.802 	3 	182
15995800000000 15995900000048 	9400016246 27201713339 933689 	9399082557 933689 0 0 0 	27371929 933689 0 	447.747 	3 	182
16021400000000 16021500000476 	9600017198 27781336594 967801 	9599049397 967801 0 0 0 	28373071 967801 0 	448.588 	3 	182
16047000000000 16047100000476 	9800018150 28360963794 1001468 	9799016682 1001468 0 0 0 	29357385 1001468 0 	449.397 	3 	182
16072600000000 16072700000476 	10000019102 28940677296 1034996 	9998984106 1034996 0 0 0 	30344988 1034996 0 	450.177 	3 	182
16098200000000 16098300000476 	10200020054 29520412343 1067840 	10198952214 1067840 0 0 0 	31309568 1067840 0 	450.928 	3 	182
16123800000000 16123900000011 	10400020076 30100057383 1100255 	10398919821 1100255 0 0 0 	32256149 1100255 0 	451.605 	3 	182
16149400000000 16149500000011 	10600020098 30679802871 1131988 	10598888110 1131988 0 0 0 	33199650 1131988 0 	452.257 	3 	182
16175000000000 16175100000011 	10800020120 31259611640 1163777 	10798856343 1163777 0 0 0 	34136764 1163777 0 	452.887 	3 	182
