14818500000000 14818600000060 	200000120 577946104 8274 	199991846 8274 0 0 0 	243094 8274 0 	428 	3 	185
14844100000000 14844200000375 	400000870 1155958095 16389 	399984481 16389 0 0 0 	479254 16389 0 	426.495 	3 	185
14869700000000 14869800000375 	600001620 1733937332 24431 	599977189 24431 0 0 0 	716747 24431 0 	425.995 	3 	185
14895300000000 14895400000375 	800002370 2311995401 32232 	799970138 32232 0 0 0 	950493 32232 0 	425.746 	3 	185
14920900000000 14921000000375 	1000003120 2890068608 40049 	999963071 40049 0 0 0 	1180480 40049 0 	425.597 	3 	185
14946500000000 14946600000074 	1200003268 3468160893 47831 	1199955437 47831 0 0 0 	1406694 47831 0 	424.993 	3 	185
14972100000000 14972200000074 	1400003416 4046297531 55446 	1399947970 55446 0 0 0 	1629501 55446 0 	424.563 	3 	185
14997700000000 14997800000074 	1600003564 4624454294 62928 	1599940636 62928 0 0 0 	1853281 62928 0 	424.241 	3 	185
15023300000000 15023400000074 	1800003712 5202599927 70150 	1799933562 70150 0 0 0 	2062207 70150 0 	423.991 	3 	185
15048900000000 15049000000320 	2000004352 5780792145 77440 	1999926912 77440 0 0 0 	2274925 77440 0 	423.588 	3 	185
15074500000000 15074600000320 	2200004992 6359072933 84675 	2199920317 84675 0 0 0 	2484640 84675 0 	423.259 	3 	185
15100100000000 15100200000320 	2400005632 6937380546 91566 	2399914066 91566 0 0 0 	2679606 91566 0 	422.986 	3 	185
15125700000000 15125800000320 	2600006272 7515666721 98360 	2599907912 98360 0 0 0 	2876906 98360 0 	422.755 	3 	185
15151300000000 15151400000353 	2800006978 8094043699 105142 	2799901836 105142 0 0 0 	3078177 105142 0 	422.338 	3 	185
15176900000000 15177000000353 	3000007684 8672423758 111710 	2999895974 111710 0 0 0 	3270355 111710 0 	421.978 	3 	185
15202500000000 15202600000353 	3200008390 9250823608 118242 	3199890148 118242 0 0 0 	3463685 118242 0 	421.664 	3 	185
15228100000000 15228200000044 	3400008478 9829274953 124728 	3399883750 124728 0 0 0 	3653406 124728 0 	421.205 	3 	185
15253700000000 15253800000044 	3600008566 10407767466 130935 	3599877631 130935 0 0 0 	3837884 130935 0 	420.798 	3 	185
15279300000000 15279400000044 	3800008654 10986261312 137202 	3799871452 137202 0 0 0 	4022838 137202 0 	420.435 	3 	185
15304900000000 15305000000044 	4000008742 11564759299 143098 	3999865644 143098 0 0 0 	4195302 143098 0 	420.108 	3 	185
15330500000000 15330600000228 	4200009198 12143329398 149111 	4199860087 149111 0 0 0 	4372037 149111 0 	419.715 	3 	185
15356100000000 15356200000228 	4400009654 12721963433 154994 	4399854660 154994 0 0 0 	4544612 154994 0 	419.358 	3 	185
15381700000000 15381800000228 	4600010110 13300539659 160625 	4599849485 160625 0 0 0 	4712807 160625 0 	419.033 	3 	185
15407300000000 15407400000228 	4800010566 13879181392 166275 	4799844291 166275 0 0 0 	4878209 166275 0 	418.735 	3 	185
15432900000000 15433000000091 	5000010748 14457853381 171890 	4999838858 171890 0 0 0 	5041803 171890 0 	418.337 	3 	185
15458500000000 15458600000091 	5200010930 15036547712 177270 	5199833660 177270 0 0 0 	5196030 177270 0 	417.97 	3 	185
15484100000000 15484200000091 	5400011112 15615301201 182674 	5399828438 182674 0 0 0 	5354606 182674 0 	417.63 	3 	185
15509700000000 15509800000091 	5600011294 16194044089 187877 	5599823417 187877 0 0 0 	5509866 187877 0 	417.316 	3 	185
15535300000000 15535400000308 	5800011910 16773116188 232385 	5799779525 232385 0 0 0 	6813334 232385 0 	419.901 	3 	185
15560900000000 15561000000308 	6000012526 17352258127 276310 	5999736216 276310 0 0 0 	8109213 276310 0 	422.342 	3 	185
15586500000000 15586600000308 	6200013142 17931455115 319204 	6199693938 319204 0 0 0 	9365525 319204 0 	424.652 	3 	185
15612100000000 15612200000308 	6400013758 18510622991 361630 	6399652128 361630 0 0 0 	10606593 361630 0 	426.84 	3 	185
15637700000000 15637800000152 	6600014062 19089889395 403534 	6599610528 403534 0 0 0 	11838598 403534 0 	428.83 	3 	185
15663300000000 15663400000152 	6800014366 19669191825 445173 	6799569193 445173 0 0 0 	13069900 445173 0 	430.719 	3 	185
15688900000000 15689000000152 	7000014670 20248399898 485997 	6999528673 485997 0 0 0 	14264848 485997 0 	432.516 	3 	185
15714500000000 15714600000152 	7200014974 20827722663 526749 	7199488225 526749 0 0 0 	15459478 526749 0 	434.227 	3 	185
15740100000000 15740200000152 	7400015278 21407129310 566344 	7399448934 566344 0 0 0 	16628250 566344 0 	435.858 	3 	185
15765700000000 15765800000000 	7600015278 21986442094 605513 	7599409765 605513 0 0 0 	17782287 605513 0 	437.334 	3 	185
15791300000000 15791400000000 	7800015278 22565819297 644046 	7799371232 644046 0 0 0 	18920643 644046 0 	438.744 	3 	185
15816900000000 15817000000000 	8000015278 23145164539 682016 	7999333262 682016 0 0 0 	20037186 682016 0 	440.092 	3 	185
15842500000000 15842600000000 	8200015278 23724592647 719698 	8199295580 719698 0 0 0 	21136127 719698 0 	441.382 	3 	185
15868100000000 15868200000000 	8400015278 24304084485 756799 	8399258479 756799 0 0 0 	22230524 756799 0 	442.617 	3 	185
15893700000000 15893800000048 	8600015374 24883594244 793492 	8599221882 793492 0 0 0 	23314374 793492 0 	443.728 	3 	185
15919300000000 15919400000048 	8800015470 25463139924 829488 	8799185982 829488 0 0 0 	24376280 829488 0 	444.793 	3 	185
15944900000000 15945000000048 	9000015566 26042696858 865254 	8999150312 865254 0 0 0 	25418797 865254 0 	445.816 	3 	185
15970500000000 15970600000048 	9200015662 26622274259 900504 	9199115158 900504 0 0 0 	26451489 900504 0 	446.799 	3 	185
15996100000000 15996200000048 	9400015758 27201878425 935173 	9399080585 935173 0 0 0 	27473863 935173 0 	447.744 	3 	185
16021700000000 16021800000476 	9600016710 27781524716 969053 	9599047657 969053 0 0 0 	28481734 969053 0 	448.584 	3 	185
16047300000000 16047400000476 	9800017662 28361113349 1002922 	9799014740 1002922 0 0 0 	29471371 1002922 0 	449.394 	3 	185
16072900000000 16073000000476 	10000018614 28940766202 1036205 	9998982409 1036205 0 0 0 	30446243 1036205 0 	450.173 	3 	185
16098500000000 16098600000476 	10200019566 29520475568 1068902 	10198950664 1068902 0 0 0 	31407748 1068902 0 	450.925 	3 	185
16124100000000 16124200000011 	10400019588 30100253623 1101499 	10398918089 1101499 0 0 0 	32360046 1101499 0 	451.601 	3 	185
16149700000000 16149800000011 	10600019610 30680062413 1133396 	10598886214 1133396 0 0 0 	33292543 1133396 0 	452.254 	3 	185
16175300000000 16175400000011 	10800019632 31259833170 1165079 	10798854553 1165079 0 0 0 	34228354 1165079 0 	452.884 	3 	185
