14819300000000 14819400000060 	200000120 577901662 8433 	199991687 8433 0 0 0 	245250 8433 0 	428 	3 	193
14844900000000 14845000000375 	400000870 1155837713 16709 	399984161 16709 0 0 0 	486132 16709 0 	426.495 	3 	193
14870500000000 14870600000375 	600001620 1733861609 24804 	599976816 24804 0 0 0 	722741 24804 0 	425.995 	3 	193
14896100000000 14896200000375 	800002370 2311909015 32622 	799969748 32622 0 0 0 	950103 32622 0 	425.746 	3 	193
14921700000000 14921800000375 	1000003120 2889920966 40462 	999962658 40462 0 0 0 	1176730 40462 0 	425.597 	3 	193
14947300000000 14947400000074 	1200003268 3468020973 48275 	1199954993 48275 0 0 0 	1406937 48275 0 	424.993 	3 	193
14972900000000 14973000000074 	1400003416 4046150605 55810 	1399947606 55810 0 0 0 	1626941 55810 0 	424.563 	3 	193
14998500000000 14998600000074 	1600003564 4624286364 63285 	1599940279 63285 0 0 0 	1847950 63285 0 	424.241 	3 	193
15024100000000 15024200000074 	1800003712 5202475666 70446 	1799933266 70446 0 0 0 	2058291 70446 0 	423.991 	3 	193
15049700000000 15049800000320 	2000004352 5780661417 77494 	1999926858 77494 0 0 0 	2263492 77494 0 	423.588 	3 	193
15075300000000 15075400000320 	2200004992 6358886729 84525 	2199920467 84525 0 0 0 	2470966 84525 0 	423.259 	3 	193
15100900000000 15101000000320 	2400005632 6937191478 91388 	2399914244 91388 0 0 0 	2670664 91388 0 	422.986 	3 	193
15126500000000 15126600000320 	2600006272 7515475044 98177 	2599908095 98177 0 0 0 	2866950 98177 0 	422.755 	3 	193
15152100000000 15152200000353 	2800006978 8093824066 104822 	2799902156 104822 0 0 0 	3062953 104822 0 	422.338 	3 	193
15177700000000 15177800000353 	3000007684 8672168377 111462 	2999896222 111462 0 0 0 	3251952 111462 0 	421.978 	3 	193
15203300000000 15203400000353 	3200008390 9250570989 117826 	3199890564 117826 0 0 0 	3431585 117826 0 	421.664 	3 	193
15228900000000 15229000000044 	3400008478 9828969634 124121 	3399884357 124121 0 0 0 	3616025 124121 0 	421.205 	3 	193
15254500000000 15254600000044 	3600008566 10407451463 130320 	3599878246 130320 0 0 0 	3797245 130320 0 	420.798 	3 	193
15280100000000 15280200000044 	3800008654 10985965529 136443 	3799872211 136443 0 0 0 	3976633 136443 0 	420.435 	3 	193
15305700000000 15305800000044 	4000008742 11564512237 142489 	3999866253 142489 0 0 0 	4154926 142489 0 	420.108 	3 	193
15331300000000 15331400000228 	4200009198 12143103490 148370 	4199860828 148370 0 0 0 	4333948 148370 0 	419.715 	3 	193
15356900000000 15357000000228 	4400009654 12721722229 154251 	4399855403 154251 0 0 0 	4509557 154251 0 	419.358 	3 	193
15382500000000 15382600000228 	4600010110 13300401476 160239 	4599849871 160239 0 0 0 	4687779 160239 0 	419.033 	3 	193
15408100000000 15408200000228 	4800010566 13879050676 165757 	4799844809 165757 0 0 0 	4847977 165757 0 	418.735 	3 	193
15433700000000 15433800000091 	5000010748 14457724039 171272 	4999839476 171272 0 0 0 	5010341 171272 0 	418.337 	3 	193
15459300000000 15459400000091 	5200010930 15036388687 176775 	5199834155 176775 0 0 0 	5173629 176775 0 	417.97 	3 	193
15484900000000 15485000000091 	5400011112 15615099683 182154 	5399828958 182154 0 0 0 	5330409 182154 0 	417.63 	3 	193
15510500000000 15510600000091 	5600011294 16193882219 187376 	5599823918 187376 0 0 0 	5483456 187376 0 	417.316 	3 	193
15536100000000 15536200000308 	5800011910 16773016383 231524 	5799780386 231524 0 0 0 	6788223 231524 0 	419.901 	3 	193
15561700000000 15561800000308 	6000012526 17352153329 275231 	5999737295 275231 0 0 0 	8066029 275231 0 	422.342 	3 	193
15587300000000 15587400000308 	6200013142 17931310904 318241 	6199694901 318241 0 0 0 	9327219 318241 0 	424.652 	3 	193
15612900000000 15613000000308 	6400013758 18510601617 360966 	6399652792 360966 0 0 0 	10582689 360966 0 	426.84 	3 	193
15638500000000 15638600000152 	6600014062 19089877466 402658 	6599611404 402658 0 0 0 	11812252 402658 0 	428.83 	3 	193
15664100000000 15664200000152 	6800014366 19669094168 444002 	6799570364 444002 0 0 0 	13021910 444002 0 	430.719 	3 	193
15689700000000 15689800000152 	7000014670 20248329075 484829 	6999529841 484829 0 0 0 	14211680 484829 0 	432.516 	3 	193
15715300000000 15715400000152 	7200014974 20827744651 525319 	7199489655 525319 0 0 0 	15405666 525319 0 	434.227 	3 	193
15740900000000 15741000000152 	7400015278 21407133718 565034 	7399450244 565034 0 0 0 	16576750 565034 0 	435.858 	3 	193
15766500000000 15766600000000 	7600015278 21986513542 604044 	7599411234 604044 0 0 0 	17728761 604044 0 	437.334 	3 	193
15792100000000 15792200000000 	7800015278 22565917171 642816 	7799372462 642816 0 0 0 	18864680 642816 0 	438.744 	3 	193
15817700000000 15817800000000 	8000015278 23145301099 680815 	7999334463 680815 0 0 0 	19983808 680815 0 	440.092 	3 	193
15843300000000 15843400000000 	8200015278 23724715455 718290 	8199296988 718290 0 0 0 	21086927 718290 0 	441.382 	3 	193
15868900000000 15869000000000 	8400015278 24304197588 755529 	8399259749 755529 0 0 0 	22177294 755529 0 	442.617 	3 	193
15894500000000 15894600000048 	8600015374 24883762788 792279 	8599223095 792279 0 0 0 	23256091 792279 0 	443.728 	3 	193
15920100000000 15920200000048 	8800015470 25463355572 828453 	8799187017 828453 0 0 0 	24312771 828453 0 	444.793 	3 	193
15945700000000 15945800000048 	9000015566 26042926989 863983 	8999151583 863983 0 0 0 	25359115 863983 0 	445.816 	3 	193
15971300000000 15971400000048 	9200015662 26622532508 899110 	9199116552 899110 0 0 0 	26388295 899110 0 	446.799 	3 	193
15996900000000 15997000000048 	9400015758 27202136210 933516 	9399082242 933516 0 0 0 	27398138 933516 0 	447.744 	3 	193
16022500000000 16022600000476 	9600016710 27781727066 967721 	9599048989 967721 0 0 0 	28409687 967721 0 	448.584 	3 	193
16048100000000 16048200000476 	9800017662 28361399341 1001139 	9799016523 1001139 0 0 0 	29393450 1001139 0 	449.394 	3 	193
16073700000000 16073800000476 	10000018614 28941115650 1034555 	9998984059 1034555 0 0 0 	30379915 1034555 0 	450.173 	3 	193
16099300000000 16099400000476 	10200019566 29520811014 1066984 	10198952582 1066984 0 0 0 	31333919 1066984 0 	450.925 	3 	193
16124900000000 16125000000011 	10400019588 30100563416 1099627 	10398919961 1099627 0 0 0 	32285285 1099627 0 	451.601 	3 	193
16150500000000 16150600000011 	10600019610 30680280405 1131635 	10598887975 1131635 0 0 0 	33225684 1131635 0 	452.254 	3 	193
16176100000000 16176200000011 	10800019632 31260087631 1163395 	10798856237 1163395 0 0 0 	34162526 1163395 0 	452.884 	3 	193
