14819500000000 14819600000060 	200000120 577897749 8476 	199991644 8476 0 0 0 	248723 8476 0 	428 	3 	195
14845100000000 14845200000375 	400000870 1155840858 16532 	399984338 16532 0 0 0 	489310 16532 0 	426.495 	3 	195
14870700000000 14870800000375 	600001620 1733812549 24531 	599977089 24531 0 0 0 	724356 24531 0 	425.995 	3 	195
14896300000000 14896400000375 	800002370 2311826436 32323 	799970047 32323 0 0 0 	951905 32323 0 	425.746 	3 	195
14921900000000 14922000000375 	1000003120 2889912102 40094 	999963026 40094 0 0 0 	1176316 40094 0 	425.597 	3 	195
14947500000000 14947600000074 	1200003268 3468049908 47789 	1199955479 47789 0 0 0 	1403338 47789 0 	424.993 	3 	195
14973100000000 14973200000074 	1400003416 4046203337 55222 	1399948194 55222 0 0 0 	1617944 55222 0 	424.563 	3 	195
14998700000000 14998800000074 	1600003564 4624349662 62629 	1599940935 62629 0 0 0 	1834290 62629 0 	424.241 	3 	195
15024300000000 15024400000074 	1800003712 5202504792 70021 	1799933691 70021 0 0 0 	2050698 70021 0 	423.991 	3 	195
15049900000000 15050000000320 	2000004352 5780728313 77204 	1999927148 77204 0 0 0 	2259528 77204 0 	423.588 	3 	195
15075500000000 15075600000320 	2200004992 6359001550 84113 	2199920879 84113 0 0 0 	2462246 84113 0 	423.259 	3 	195
15101100000000 15101200000320 	2400005632 6937307198 90951 	2399914681 90951 0 0 0 	2663107 90951 0 	422.986 	3 	195
15126700000000 15126800000320 	2600006272 7515638137 97837 	2599908435 97837 0 0 0 	2869314 97837 0 	422.755 	3 	195
15152300000000 15152400000353 	2800006978 8093987655 104516 	2799902462 104516 0 0 0 	3062478 104516 0 	422.338 	3 	195
15177900000000 15178000000353 	3000007684 8672366901 111107 	2999896577 111107 0 0 0 	3255641 111107 0 	421.978 	3 	195
15203500000000 15203600000353 	3200008390 9250772768 117619 	3199890771 117619 0 0 0 	3450930 117619 0 	421.664 	3 	195
15229100000000 15229200000044 	3400008478 9829212876 123850 	3399884628 123850 0 0 0 	3633538 123850 0 	421.205 	3 	195
15254700000000 15254800000044 	3600008566 10407695171 130195 	3599878371 130195 0 0 0 	3820557 130195 0 	420.798 	3 	195
15280300000000 15280400000044 	3800008654 10986232010 136444 	3799872210 136444 0 0 0 	4003771 136444 0 	420.435 	3 	195
15305900000000 15306000000044 	4000008742 11564774801 142539 	3999866203 142539 0 0 0 	4178672 142539 0 	420.108 	3 	195
15331500000000 15331600000228 	4200009198 12143324779 148464 	4199860734 148464 0 0 0 	4351072 148464 0 	419.715 	3 	195
15357100000000 15357200000228 	4400009654 12721886474 154265 	4399855389 154265 0 0 0 	4522665 154265 0 	419.358 	3 	195
15382700000000 15382800000228 	4600010110 13300522945 159996 	4599850114 159996 0 0 0 	4691347 159996 0 	419.033 	3 	195
15408300000000 15408400000228 	4800010566 13879187095 165651 	4799844915 165651 0 0 0 	4858846 165651 0 	418.735 	3 	195
15433900000000 15434000000091 	5000010748 14457820917 171147 	4999839601 171147 0 0 0 	5019510 171147 0 	418.337 	3 	195
15459500000000 15459600000091 	5200010930 15036567980 176549 	5199834381 176549 0 0 0 	5180699 176549 0 	417.97 	3 	195
15485100000000 15485200000091 	5400011112 15615342872 181865 	5399829247 181865 0 0 0 	5337858 181865 0 	417.63 	3 	195
15510700000000 15510800000091 	5600011294 16194098149 187291 	5599824003 187291 0 0 0 	5497444 187291 0 	417.316 	3 	195
15536300000000 15536400000308 	5800011910 16773182586 231213 	5799780697 231213 0 0 0 	6798125 231213 0 	419.901 	3 	195
15561900000000 15562000000308 	6000012526 17352337623 274823 	5999737703 274823 0 0 0 	8069757 274823 0 	422.342 	3 	195
15587500000000 15587600000308 	6200013142 17931496378 317685 	6199695457 317685 0 0 0 	9334201 317685 0 	424.652 	3 	195
15613100000000 15613200000308 	6400013758 18510726857 360117 	6399653641 360117 0 0 0 	10586626 360117 0 	426.84 	3 	195
15638700000000 15638800000152 	6600014062 19089905031 401567 	6599612495 401567 0 0 0 	11801995 401567 0 	428.83 	3 	195
15664300000000 15664400000152 	6800014366 19669130177 442902 	6799571464 442902 0 0 0 	13013838 442902 0 	430.719 	3 	195
15689900000000 15690000000152 	7000014670 20248384344 483504 	6999531166 483504 0 0 0 	14210603 483504 0 	432.516 	3 	195
15715500000000 15715600000152 	7200014974 20827651106 523918 	7199491056 523918 0 0 0 	15399490 523918 0 	434.227 	3 	195
15741100000000 15741200000152 	7400015278 21406977262 563908 	7399451370 563908 0 0 0 	16581380 563908 0 	435.858 	3 	195
15766700000000 15766800000000 	7600015278 21986354782 603081 	7599412197 603081 0 0 0 	17735623 603081 0 	437.334 	3 	195
15792300000000 15792400000000 	7800015278 22565754687 641598 	7799373680 641598 0 0 0 	18863442 641598 0 	438.744 	3 	195
15817900000000 15818000000000 	8000015278 23145133430 679623 	7999335655 679623 0 0 0 	19977268 679623 0 	440.092 	3 	195
15843500000000 15843600000000 	8200015278 23724604529 717497 	8199297781 717497 0 0 0 	21092407 717497 0 	441.382 	3 	195
15869100000000 15869200000000 	8400015278 24304034976 754512 	8399260766 754512 0 0 0 	22181793 754512 0 	442.617 	3 	195
15894700000000 15894800000048 	8600015374 24883589860 791184 	8599224190 791184 0 0 0 	23252642 791184 0 	443.728 	3 	195
15920300000000 15920400000048 	8800015470 25463112079 827271 	8799188199 827271 0 0 0 	24304833 827271 0 	444.793 	3 	195
15945900000000 15946000000048 	9000015566 26042644473 862852 	8999152714 862852 0 0 0 	25344679 862852 0 	445.816 	3 	195
15971500000000 15971600000048 	9200015662 26622243399 897961 	9199117701 897961 0 0 0 	26374165 897961 0 	446.799 	3 	195
15997100000000 15997200000048 	9400015758 27201850989 932533 	9399083225 932533 0 0 0 	27383763 932533 0 	447.744 	3 	195
16022700000000 16022800000476 	9600016710 27781507325 966314 	9599050396 966314 0 0 0 	28382881 966314 0 	448.584 	3 	195
16048300000000 16048400000476 	9800017662 28361173524 1000390 	9799017272 1000390 0 0 0 	29390154 1000390 0 	449.394 	3 	195
16073900000000 16074000000476 	10000018614 28940862162 1033305 	9998985309 1033305 0 0 0 	30359839 1033305 0 	450.173 	3 	195
16099500000000 16099600000476 	10200019566 29520578995 1066334 	10198953232 1066334 0 0 0 	31320624 1066334 0 	450.925 	3 	195
16125100000000 16125200000011 	10400019588 30100296627 1098687 	10398920901 1098687 0 0 0 	32273479 1098687 0 	451.601 	3 	195
16150700000000 16150800000011 	10600019610 30680032711 1130242 	10598889368 1130242 0 0 0 	33202256 1130242 0 	452.254 	3 	195
16176300000000 16176400000011 	10800019632 31259864157 1161484 	10798858148 1161484 0 0 0 	34126302 1161484 0 	452.884 	3 	195
