14821100000000 14821200000060 	200000120 577948810 8477 	199991643 8477 0 0 0 	246200 8477 0 	428 	3 	211
14846700000000 14846800000375 	400000870 1155970836 16662 	399984208 16662 0 0 0 	485430 16662 0 	426.495 	3 	211
14872300000000 14872400000375 	600001620 1733997793 24812 	599976808 24812 0 0 0 	726257 24812 0 	425.995 	3 	211
14897900000000 14898000000375 	800002370 2312048761 32790 	799969580 32790 0 0 0 	962879 32790 0 	425.746 	3 	211
14923500000000 14923600000375 	1000003120 2890092401 40679 	999962441 40679 0 0 0 	1194834 40679 0 	425.597 	3 	211
14949100000000 14949200000074 	1200003268 3468111077 48168 	1199955100 48168 0 0 0 	1415289 48168 0 	424.993 	3 	211
14974700000000 14974800000074 	1400003416 4046238215 55656 	1399947760 55656 0 0 0 	1635647 55656 0 	424.563 	3 	211
15000300000000 15000400000074 	1600003564 4624376175 63061 	1599940503 63061 0 0 0 	1851791 63061 0 	424.241 	3 	211
15025900000000 15026000000074 	1800003712 5202590624 70390 	1799933322 70390 0 0 0 	2067204 70390 0 	423.991 	3 	211
15051500000000 15051600000320 	2000004352 5780781659 77564 	1999926788 77564 0 0 0 	2281450 77564 0 	423.588 	3 	211
15077100000000 15077200000320 	2200004992 6359083413 84798 	2199920194 84798 0 0 0 	2494821 84798 0 	423.259 	3 	211
15102700000000 15102800000320 	2400005632 6937321175 91764 	2399913868 91764 0 0 0 	2699956 91764 0 	422.986 	3 	211
15128300000000 15128400000353 	2600006338 7515643112 98691 	2599907647 98691 0 0 0 	2902234 98691 0 	422.519 	3 	211
15153900000000 15154000000353 	2800007044 8093976063 105420 	2799901624 105420 0 0 0 	3099987 105420 0 	422.12 	3 	211
15179500000000 15179600000353 	3000007750 8672320343 111865 	2999895885 111865 0 0 0 	3286854 111865 0 	421.775 	3 	211
15205100000000 15205200000353 	3200008456 9250762124 118393 	3199890063 118393 0 0 0 	3479912 118393 0 	421.473 	3 	211
15230700000000 15230800000044 	3400008544 9829270054 124712 	3399883832 124712 0 0 0 	3665791 124712 0 	421.026 	3 	211
15256300000000 15256400000044 	3600008632 10407671772 130907 	3599877725 130907 0 0 0 	3846368 130907 0 	420.63 	3 	211
15281900000000 15282000000044 	3800008720 10986156187 137049 	3799871671 137049 0 0 0 	4027883 137049 0 	420.275 	3 	211
15307500000000 15307600000044 	4000008808 11564694630 143183 	3999865625 143183 0 0 0 	4207915 143183 0 	419.957 	3 	211
15333100000000 15333200000228 	4200009264 12143278693 149105 	4199860159 149105 0 0 0 	4381344 149105 0 	419.571 	3 	211
15358700000000 15358800000228 	4400009720 12721932677 154898 	4399854822 154898 0 0 0 	4550042 154898 0 	419.221 	3 	211
15384300000000 15384400000228 	4600010176 13300455656 160754 	4599849422 160754 0 0 0 	4723338 160754 0 	418.902 	3 	211
15409900000000 15410000000228 	4800010632 13879115412 166502 	4799844130 166502 0 0 0 	4893936 166502 0 	418.61 	3 	211
15435500000000 15435600000091 	5000010814 14457846808 172147 	4999838667 172147 0 0 0 	5058986 172147 0 	418.217 	3 	211
15461100000000 15461200000091 	5200010996 15036556364 177570 	5199833426 177570 0 0 0 	5214072 177570 0 	417.854 	3 	211
15486700000000 15486800000091 	5400011178 15615313610 182971 	5399828207 182971 0 0 0 	5375939 182971 0 	417.52 	3 	211
15512300000000 15512400000091 	5600011360 16194107151 188239 	5599823121 188239 0 0 0 	5530238 188239 0 	417.209 	3 	211
15537900000000 15538000000308 	5800011976 16773204542 232463 	5799779513 232463 0 0 0 	6834783 232463 0 	419.796 	3 	211
15563500000000 15563600000308 	6000012592 17352387663 276458 	5999736134 276458 0 0 0 	8135208 276458 0 	422.24 	3 	211
15589100000000 15589200000308 	6200013208 17931587915 319252 	6199693956 319252 0 0 0 	9388633 319252 0 	424.552 	3 	211
15614700000000 15614800000308 	6400013824 18510788826 362037 	6399651787 362037 0 0 0 	10642953 362037 0 	426.743 	3 	211
15640300000000 15640400000152 	6600014128 19090057033 403820 	6599610308 403820 0 0 0 	11870754 403820 0 	428.734 	3 	211
15665900000000 15666000000152 	6800014432 19669297510 445114 	6799569318 445114 0 0 0 	13089645 445114 0 	430.626 	3 	211
15691500000000 15691600000152 	7000014736 20248597907 485912 	6999528824 485912 0 0 0 	14284013 485912 0 	432.424 	3 	211
15717100000000 15717200000152 	7200015040 20827912250 526473 	7199488567 526473 0 0 0 	15478318 526473 0 	434.137 	3 	211
15742700000000 15742800000152 	7400015344 21407268954 566141 	7399449203 566141 0 0 0 	16643709 566141 0 	435.77 	3 	211
15768300000000 15768400000000 	7600015344 21986613716 605330 	7599410014 605330 0 0 0 	17789887 605330 0 	437.248 	3 	211
15793900000000 15794000000000 	7800015344 22565982595 643807 	7799371537 643807 0 0 0 	18916052 643807 0 	438.659 	3 	211
15819500000000 15819600000000 	8000015344 23145342952 681825 	7999333519 681825 0 0 0 	20041771 681825 0 	440.009 	3 	211
15845100000000 15845200000000 	8200015344 23724810954 719450 	8199295894 719450 0 0 0 	21145587 719450 0 	441.3 	3 	211
15870700000000 15870800000000 	8400015344 24304284872 756462 	8399258882 756462 0 0 0 	22226249 756462 0 	442.537 	3 	211
15896300000000 15896400000048 	8600015440 24883795663 792686 	8599222754 792686 0 0 0 	23284602 792686 0 	443.649 	3 	211
15921900000000 15922000000048 	8800015536 25463280699 828531 	8799187005 828531 0 0 0 	24332076 828531 0 	444.716 	3 	211
15947500000000 15947600000048 	9000015632 26042846660 863716 	8999151916 863716 0 0 0 	25372559 863716 0 	445.74 	3 	211
15973100000000 15973200000048 	9200015728 26622435098 898853 	9199116875 898853 0 0 0 	26398802 898853 0 	446.724 	3 	211
15998700000000 15998800000048 	9400015824 27201982401 933065 	9399082759 933065 0 0 0 	27396275 933065 0 	447.671 	3 	211
16024300000000 16024400000476 	9600016776 27781687899 967571 	9599049205 967571 0 0 0 	28412833 967571 0 	448.513 	3 	211
16049900000000 16050000000476 	9800017728 28361351176 1001170 	9799016558 1001170 0 0 0 	29387028 1001170 0 	449.323 	3 	211
16075500000000 16075600000476 	10000018680 28941073375 1034477 	9998984203 1034477 0 0 0 	30377228 1034477 0 	450.104 	3 	211
16101100000000 16101200000476 	10200019632 29520768415 1067038 	10198952594 1067038 0 0 0 	31327295 1067038 0 	450.857 	3 	211
16126700000000 16126800000011 	10400019654 30100522908 1099278 	10398920376 1099278 0 0 0 	32274845 1099278 0 	451.534 	3 	211
16152300000000 16152400000011 	10600019676 30680242829 1131088 	10598888588 1131088 0 0 0 	33213322 1131088 0 	452.188 	3 	211
16177900000000 16178000000011 	10800019698 31260017449 1162475 	10798857223 1162475 0 0 0 	34125413 1162475 0 	452.819 	3 	211
