14822000000000 14822100000060 	200000120 577944219 8234 	199991886 8234 0 0 0 	245794 8234 0 	428 	3 	220
14847600000000 14847700000375 	400000870 1155962099 16289 	399984581 16289 0 0 0 	478735 16289 0 	426.495 	3 	220
14873200000000 14873300000375 	600001620 1733976157 24474 	599977146 24474 0 0 0 	715185 24474 0 	425.995 	3 	220
14898800000000 14898900000375 	800002370 2312005621 32456 	799969914 32456 0 0 0 	947710 32456 0 	425.746 	3 	220
14924400000000 14924500000375 	1000003120 2890047194 40178 	999962942 40178 0 0 0 	1180621 40178 0 	425.597 	3 	220
14950000000000 14950100000074 	1200003268 3468203367 47981 	1199955287 47981 0 0 0 	1411368 47981 0 	424.993 	3 	220
14975600000000 14975700000074 	1400003416 4046332858 55626 	1399947790 55626 0 0 0 	1635946 55626 0 	424.563 	3 	220
15001200000000 15001300000074 	1600003564 4624451307 63054 	1599940510 63054 0 0 0 	1854486 63054 0 	424.241 	3 	220
15026800000000 15026900000074 	1800003712 5202624285 70437 	1799933275 70437 0 0 0 	2075497 70437 0 	423.991 	3 	220
15052400000000 15052500000320 	2000004352 5780817401 77682 	1999926670 77682 0 0 0 	2287323 77682 0 	423.588 	3 	220
15078000000000 15078100000320 	2200004992 6359109196 84824 	2199920168 84824 0 0 0 	2493554 84824 0 	423.259 	3 	220
15103600000000 15103700000320 	2400005632 6937382146 91804 	2399913828 91804 0 0 0 	2697712 91804 0 	422.986 	3 	220
15129200000000 15129300000353 	2600006338 7515701108 98616 	2599907722 98616 0 0 0 	2897555 98616 0 	422.519 	3 	220
15154800000000 15154900000353 	2800007044 8094064786 105242 	2799901802 105242 0 0 0 	3090228 105242 0 	422.12 	3 	220
15180400000000 15180500000353 	3000007750 8672457092 111782 	2999895968 111782 0 0 0 	3278265 111782 0 	421.775 	3 	220
15206000000000 15206100000353 	3200008456 9250845837 118300 	3199890156 118300 0 0 0 	3466671 118300 0 	421.473 	3 	220
15231600000000 15231700000044 	3400008544 9829342617 124672 	3399883872 124672 0 0 0 	3653747 124672 0 	421.026 	3 	220
15257200000000 15257300000044 	3600008632 10407821727 130963 	3599877669 130963 0 0 0 	3835507 130963 0 	420.63 	3 	220
15282800000000 15282900000044 	3800008720 10986300667 137087 	3799871633 137087 0 0 0 	4016626 137087 0 	420.275 	3 	220
15308400000000 15308500000044 	4000008808 11564788602 143217 	3999865591 143217 0 0 0 	4198367 143217 0 	419.957 	3 	220
15334000000000 15334100000228 	4200009264 12143341369 149217 	4199860047 149217 0 0 0 	4374209 149217 0 	419.571 	3 	220
15359600000000 15359700000228 	4400009720 12721932503 154979 	4399854741 154979 0 0 0 	4545825 154979 0 	419.221 	3 	220
15385200000000 15385300000228 	4600010176 13300562321 160758 	4599849418 160758 0 0 0 	4717605 160758 0 	418.902 	3 	220
15410800000000 15410900000228 	4800010632 13879221675 166566 	4799844066 166566 0 0 0 	4889806 166566 0 	418.61 	3 	220
15436400000000 15436500000091 	5000010814 14457873922 172118 	4999838696 172118 0 0 0 	5051911 172118 0 	418.217 	3 	220
15462000000000 15462100000091 	5200010996 15036536375 177541 	5199833455 177541 0 0 0 	5208215 177541 0 	417.854 	3 	220
15487600000000 15487700000091 	5400011178 15615278975 182858 	5399828320 182858 0 0 0 	5364283 182858 0 	417.52 	3 	220
15513200000000 15513300000091 	5600011360 16194096251 188133 	5599823227 188133 0 0 0 	5517647 188133 0 	417.209 	3 	220
15538800000000 15538900000308 	5800011976 16773229531 231862 	5799780114 231862 0 0 0 	6801978 231862 0 	419.796 	3 	220
15564400000000 15564500000308 	6000012592 17352353478 275533 	5999737059 275533 0 0 0 	8073955 275533 0 	422.24 	3 	220
15590000000000 15590100000308 	6200013208 17931509080 318494 	6199694714 318494 0 0 0 	9344765 318494 0 	424.552 	3 	220
15615600000000 15615700000308 	6400013824 18510748073 360894 	6399652930 360894 0 0 0 	10585736 360894 0 	426.743 	3 	220
15641200000000 15641300000152 	6600014128 19089961654 402341 	6599611787 402341 0 0 0 	11809365 402341 0 	428.734 	3 	220
15666800000000 15666900000152 	6800014432 19669263191 443987 	6799570445 443987 0 0 0 	13046435 443987 0 	430.626 	3 	220
15692400000000 15692500000152 	7000014736 20248570376 484504 	6999530232 484504 0 0 0 	14228013 484504 0 	432.424 	3 	220
15718000000000 15718100000152 	7200015040 20827884631 524978 	7199490062 524978 0 0 0 	15420213 524978 0 	434.137 	3 	220
15743600000000 15743700000152 	7400015344 21407247097 564909 	7399450435 564909 0 0 0 	16591886 564909 0 	435.77 	3 	220
15769200000000 15769300000000 	7600015344 21986638195 604065 	7599411279 604065 0 0 0 	17748828 604065 0 	437.248 	3 	220
15794800000000 15794900000000 	7800015344 22565944535 642977 	7799372367 642977 0 0 0 	18886678 642977 0 	438.659 	3 	220
15820400000000 15820500000000 	8000015344 23145373868 681252 	7999334092 681252 0 0 0 	20010496 681252 0 	440.009 	3 	220
15846000000000 15846100000000 	8200015344 23724810539 718599 	8199296745 718599 0 0 0 	21119177 718599 0 	441.3 	3 	220
15871600000000 15871700000000 	8400015344 24304284626 755451 	8399259893 755451 0 0 0 	22201561 755451 0 	442.537 	3 	220
15897200000000 15897300000048 	8600015440 24883872631 791890 	8599223550 791890 0 0 0 	23272788 791890 0 	443.649 	3 	220
15922800000000 15922900000048 	8800015536 25463377492 827943 	8799187593 827943 0 0 0 	24326748 827943 0 	444.716 	3 	220
15948400000000 15948500000048 	9000015632 26042935619 863684 	8999151948 863684 0 0 0 	25366282 863684 0 	445.74 	3 	220
15974000000000 15974100000048 	9200015728 26622515535 898636 	9199117092 898636 0 0 0 	26382529 898636 0 	446.724 	3 	220
15999600000000 15999700000048 	9400015824 27202163721 933317 	9399082507 933317 0 0 0 	27403968 933317 0 	447.671 	3 	220
16025200000000 16025300000476 	9600016776 27781786558 967180 	9599049596 967180 0 0 0 	28395181 967180 0 	448.513 	3 	220
16050800000000 16050900000476 	9800017728 28361427871 1000681 	9799017047 1000681 0 0 0 	29388564 1000681 0 	449.323 	3 	220
16076400000000 16076500000476 	10000018680 28941123678 1033961 	9998984719 1033961 0 0 0 	30357955 1033961 0 	450.104 	3 	220
16102000000000 16102100000476 	10200019632 29520861634 1066470 	10198953162 1066470 0 0 0 	31303916 1066470 0 	450.857 	3 	220
16127600000000 16127700000011 	10400019654 30100642281 1098714 	10398920940 1098714 0 0 0 	32250702 1098714 0 	451.534 	3 	220
16153200000000 16153300000011 	10600019676 30680424997 1130627 	10598889049 1130627 0 0 0 	33191832 1130627 0 	452.188 	3 	220
16178800000000 16178900000011 	10800019698 31260218169 1161987 	10798857711 1161987 0 0 0 	34109366 1161987 0 	452.819 	3 	220
