14822800000000 14822900000060 	200000120 577927997 8503 	199991617 8503 0 0 0 	250895 8503 0 	428 	3 	228
14848400000000 14848500000375 	400000870 1155973048 16790 	399984080 16790 0 0 0 	495616 16790 0 	426.495 	3 	228
14874000000000 14874100000375 	600001620 1734019261 24937 	599976683 24937 0 0 0 	734376 24937 0 	425.995 	3 	228
14899600000000 14899700000375 	800002370 2312071150 32804 	799969566 32804 0 0 0 	965747 32804 0 	425.746 	3 	228
14925200000000 14925300000375 	1000003120 2890138480 40620 	999962500 40620 0 0 0 	1193806 40620 0 	425.597 	3 	228
14950800000000 14950900000074 	1200003268 3468229629 48304 	1199954964 48304 0 0 0 	1417223 48304 0 	424.993 	3 	228
14976400000000 14976500000074 	1400003416 4046367033 55682 	1399947734 55682 0 0 0 	1632502 55682 0 	424.563 	3 	228
15002000000000 15002100000074 	1600003564 4624593244 63103 	1599940461 63103 0 0 0 	1849574 63103 0 	424.241 	3 	228
15027600000000 15027700000074 	1800003712 5202806454 70408 	1799933304 70408 0 0 0 	2065083 70408 0 	423.991 	3 	228
15053200000000 15053300000320 	2000004352 5780939519 77569 	1999926783 77569 0 0 0 	2278917 77569 0 	423.588 	3 	228
15078800000000 15078900000320 	2200004992 6359258051 84592 	2199920400 84592 0 0 0 	2482207 84592 0 	423.259 	3 	228
15104400000000 15104500000320 	2400005632 6937538977 91487 	2399914145 91487 0 0 0 	2682926 91487 0 	422.986 	3 	228
15130000000000 15130100000353 	2600006338 7515880021 98296 	2599908042 98296 0 0 0 	2881696 98296 0 	422.519 	3 	228
15155600000000 15155700000353 	2800007044 8094201858 104978 	2799902066 104978 0 0 0 	3077918 104978 0 	422.12 	3 	228
15181200000000 15181300000353 	3000007750 8672504839 111436 	2999896314 111436 0 0 0 	3266539 111436 0 	421.775 	3 	228
15206800000000 15206900000353 	3200008456 9250895991 117928 	3199890528 117928 0 0 0 	3456400 117928 0 	421.473 	3 	228
15232400000000 15232500000044 	3400008544 9829352989 124401 	3399884143 124401 0 0 0 	3647557 124401 0 	421.026 	3 	228
15258000000000 15258100000044 	3600008632 10407878858 130811 	3599877821 130811 0 0 0 	3832594 130811 0 	420.63 	3 	228
15283600000000 15283700000044 	3800008720 10986362827 136881 	3799871839 136881 0 0 0 	4008880 136881 0 	420.275 	3 	228
15309200000000 15309300000044 	4000008808 11564916496 143012 	3999865796 143012 0 0 0 	4192465 143012 0 	419.957 	3 	228
15334800000000 15334900000228 	4200009264 12143513449 148968 	4199860296 148968 0 0 0 	4366640 148968 0 	419.571 	3 	228
15360400000000 15360500000228 	4400009720 12722062702 154837 	4399854883 154837 0 0 0 	4535901 154837 0 	419.221 	3 	228
15386000000000 15386100000228 	4600010176 13300718814 160498 	4599849678 160498 0 0 0 	4702573 160498 0 	418.902 	3 	228
15411600000000 15411700000228 	4800010632 13879399250 166139 	4799844493 166139 0 0 0 	4868240 166139 0 	418.61 	3 	228
15437200000000 15437300000091 	5000010814 14458106126 171606 	4999839208 171606 0 0 0 	5030604 171606 0 	418.217 	3 	228
15462800000000 15462900000091 	5200010996 15036825307 176942 	5199834054 176942 0 0 0 	5189685 176942 0 	417.854 	3 	228
15488400000000 15488500000091 	5400011178 15615488759 182316 	5399828862 182316 0 0 0 	5347561 182316 0 	417.52 	3 	228
15514000000000 15514100000091 	5600011360 16194277937 187581 	5599823779 187581 0 0 0 	5504805 187581 0 	417.209 	3 	228
15539600000000 15539700000308 	5800011976 16773400891 231693 	5799780283 231693 0 0 0 	6810601 231693 0 	419.796 	3 	228
15565200000000 15565300000308 	6000012592 17352534582 275431 	5999737161 275431 0 0 0 	8091040 275431 0 	422.24 	3 	228
15590800000000 15590900000308 	6200013208 17931698640 318243 	6199694965 318243 0 0 0 	9337512 318243 0 	424.552 	3 	228
15616400000000 15616500000308 	6400013824 18510901756 360481 	6399653343 360481 0 0 0 	10586272 360481 0 	426.743 	3 	228
15642000000000 15642100000152 	6600014128 19090119660 402049 	6599612079 402049 0 0 0 	11806646 402049 0 	428.734 	3 	228
15667600000000 15667700000152 	6800014432 19669438537 443187 	6799571245 443187 0 0 0 	13008861 443187 0 	430.626 	3 	228
15693200000000 15693300000152 	7000014736 20248693862 483826 	6999530910 483826 0 0 0 	14202325 483826 0 	432.424 	3 	228
15718800000000 15718900000152 	7200015040 20827973971 523735 	7199491305 523735 0 0 0 	15371825 523735 0 	434.137 	3 	228
15744400000000 15744500000152 	7400015344 21407299768 563339 	7399452005 563339 0 0 0 	16532233 563339 0 	435.77 	3 	228
15770000000000 15770100000000 	7600015344 21986654963 602481 	7599412863 602481 0 0 0 	17677441 602481 0 	437.248 	3 	228
15795600000000 15795700000000 	7800015344 22566096402 641235 	7799374109 641235 0 0 0 	18811337 641235 0 	438.659 	3 	228
15821200000000 15821300000000 	8000015344 23145518721 679370 	7999335974 679370 0 0 0 	19920753 679370 0 	440.009 	3 	228
15846800000000 15846900000000 	8200015344 23724961671 717010 	8199298334 717010 0 0 0 	21033379 717010 0 	441.3 	3 	228
15872400000000 15872500000000 	8400015344 24304440415 753873 	8399261471 753873 0 0 0 	22115735 753873 0 	442.537 	3 	228
15898000000000 15898100000048 	8600015440 24883908469 790346 	8599225094 790346 0 0 0 	23177574 790346 0 	443.649 	3 	228
15923600000000 15923700000048 	8800015536 25463425781 825830 	8799189706 825830 0 0 0 	24218601 825830 0 	444.716 	3 	228
15949200000000 15949300000048 	9000015632 26043030984 861400 	8999154232 861400 0 0 0 	25273061 861400 0 	445.74 	3 	228
15974800000000 15974900000048 	9200015728 26622605277 896649 	9199119079 896649 0 0 0 	26305477 896649 0 	446.724 	3 	228
16000400000000 16000500000048 	9400015824 27202175816 931634 	9399084190 931634 0 0 0 	27332433 931634 0 	447.671 	3 	228
16026000000000 16026100000476 	9600016776 27781789555 965807 	9599050969 965807 0 0 0 	28335058 965807 0 	448.513 	3 	228
16051600000000 16051700000476 	9800017728 28361453691 999765 	9799017963 999765 0 0 0 	29340394 999765 0 	449.323 	3 	228
16077200000000 16077300000476 	10000018680 28941185668 1033058 	9998985622 1033058 0 0 0 	30315536 1033058 0 	450.104 	3 	228
16102800000000 16102900000476 	10200019632 29520921633 1065884 	10198953748 1065884 0 0 0 	31280246 1065884 0 	450.857 	3 	228
16128400000000 16128500000011 	10400019654 30100627263 1098070 	10398921584 1098070 0 0 0 	32222490 1098070 0 	451.534 	3 	228
16154000000000 16154100000011 	10600019676 30680381916 1130160 	10598889516 1130160 0 0 0 	33170377 1130160 0 	452.188 	3 	228
16179600000000 16179700000011 	10800019698 31260228540 1161689 	10798858009 1161689 0 0 0 	34097398 1161689 0 	452.819 	3 	228
