14823100000000 14823200000060 	200000120 577928311 8223 	199991897 8223 0 0 0 	239053 8223 0 	428 	3 	231
14848700000000 14848800000375 	400000870 1155884030 16422 	399984448 16422 0 0 0 	475343 16422 0 	426.495 	3 	231
14874300000000 14874400000375 	600001620 1733900448 24459 	599977161 24459 0 0 0 	710128 24459 0 	425.995 	3 	231
14899900000000 14900000000375 	800002370 2311927189 32235 	799970135 32235 0 0 0 	933979 32235 0 	425.746 	3 	231
14925500000000 14925600000375 	1000003120 2890035461 40090 	999963030 40090 0 0 0 	1164851 40090 0 	425.597 	3 	231
14951100000000 14951200000074 	1200003268 3468184084 47773 	1199955495 47773 0 0 0 	1391216 47773 0 	424.993 	3 	231
14976700000000 14976800000074 	1400003416 4046339297 55338 	1399948078 55338 0 0 0 	1614362 55338 0 	424.563 	3 	231
15002300000000 15002400000074 	1600003564 4624530704 62766 	1599940798 62766 0 0 0 	1833886 62766 0 	424.241 	3 	231
15027900000000 15028000000074 	1800003712 5202765782 69987 	1799933725 69987 0 0 0 	2046329 69987 0 	423.991 	3 	231
15053500000000 15053600000320 	2000004352 5781008354 77184 	1999927168 77184 0 0 0 	2255728 77184 0 	423.588 	3 	231
15079100000000 15079200000320 	2200004992 6359251181 84010 	2199920982 84010 0 0 0 	2453689 84010 0 	423.259 	3 	231
15104700000000 15104800000320 	2400005632 6937544935 90849 	2399914783 90849 0 0 0 	2651277 90849 0 	422.986 	3 	231
15130300000000 15130400000353 	2600006338 7515882499 97609 	2599908729 97609 0 0 0 	2847541 97609 0 	422.519 	3 	231
15155900000000 15156000000353 	2800007044 8094241407 104348 	2799902696 104348 0 0 0 	3042871 104348 0 	422.12 	3 	231
15181500000000 15181600000353 	3000007750 8672675694 110921 	2999896829 110921 0 0 0 	3241932 110921 0 	421.775 	3 	231
15207100000000 15207200000353 	3200008456 9251061873 117335 	3199891121 117335 0 0 0 	3426640 117335 0 	421.473 	3 	231
15232700000000 15232800000044 	3400008544 9829499259 123750 	3399884794 123750 0 0 0 	3612304 123750 0 	421.026 	3 	231
15258300000000 15258400000044 	3600008632 10407982388 130053 	3599878579 130053 0 0 0 	3800315 130053 0 	420.63 	3 	231
15283900000000 15284000000044 	3800008720 10986464734 136189 	3799872531 136189 0 0 0 	3982816 136189 0 	420.275 	3 	231
15309500000000 15309600000044 	4000008808 11565028565 142312 	3999866496 142312 0 0 0 	4162650 142312 0 	419.957 	3 	231
15335100000000 15335200000228 	4200009264 12143556896 148289 	4199860975 148289 0 0 0 	4337360 148289 0 	419.571 	3 	231
15360700000000 15360800000228 	4400009720 12722161292 154029 	4399855691 154029 0 0 0 	4506917 154029 0 	419.221 	3 	231
15386300000000 15386400000228 	4600010176 13300798118 159756 	4599850420 159756 0 0 0 	4677530 159756 0 	418.902 	3 	231
15411900000000 15412000000228 	4800010632 13879478195 165388 	4799845244 165388 0 0 0 	4843856 165388 0 	418.61 	3 	231
15437500000000 15437600000091 	5000010814 14458156595 171028 	4999839786 171028 0 0 0 	5011729 171028 0 	418.217 	3 	231
15463100000000 15463200000091 	5200010996 15036874802 176591 	5199834405 176591 0 0 0 	5173607 176591 0 	417.854 	3 	231
15488700000000 15488800000091 	5400011178 15615627750 182000 	5399829178 182000 0 0 0 	5331992 182000 0 	417.52 	3 	231
15514300000000 15514400000091 	5600011360 16194353553 187250 	5599824110 187250 0 0 0 	5486761 187250 0 	417.209 	3 	231
15539900000000 15540000000308 	5800011976 16773476018 231253 	5799780723 231253 0 0 0 	6778260 231253 0 	419.796 	3 	231
15565500000000 15565600000308 	6000012592 17352668499 274953 	5999737639 274953 0 0 0 	8064441 274953 0 	422.24 	3 	231
15591100000000 15591200000308 	6200013208 17931801376 317469 	6199695739 317469 0 0 0 	9316383 317469 0 	424.552 	3 	231
15616700000000 15616800000308 	6400013824 18511047074 359648 	6399654176 359648 0 0 0 	10553031 359648 0 	426.743 	3 	231
15642300000000 15642400000152 	6600014128 19090299798 401829 	6599612299 401829 0 0 0 	11791548 401829 0 	428.734 	3 	231
15667900000000 15668000000152 	6800014432 19669585203 442907 	6799571525 442907 0 0 0 	12998646 442907 0 	430.626 	3 	231
15693500000000 15693600000152 	7000014736 20248830682 483713 	6999531023 483713 0 0 0 	14193597 483713 0 	432.424 	3 	231
15719100000000 15719200000152 	7200015040 20828096182 523971 	7199491069 523971 0 0 0 	15381236 523971 0 	434.137 	3 	231
15744700000000 15744800000152 	7400015344 21407451634 563703 	7399451641 563703 0 0 0 	16548083 563703 0 	435.77 	3 	231
15770300000000 15770400000000 	7600015344 21986817455 602884 	7599412460 602884 0 0 0 	17689801 602884 0 	437.248 	3 	231
15795900000000 15796000000000 	7800015344 22566244313 641301 	7799374043 641301 0 0 0 	18816734 641301 0 	438.659 	3 	231
15821500000000 15821600000000 	8000015344 23145625642 679376 	7999335968 679376 0 0 0 	19933829 679376 0 	440.009 	3 	231
15847100000000 15847200000000 	8200015344 23725072070 717158 	8199298186 717158 0 0 0 	21045323 717158 0 	441.3 	3 	231
15872700000000 15872800000000 	8400015344 24304543872 754120 	8399261224 754120 0 0 0 	22135502 754120 0 	442.537 	3 	231
15898300000000 15898400000048 	8600015440 24884035113 790737 	8599224703 790737 0 0 0 	23212446 790737 0 	443.649 	3 	231
15923900000000 15924000000048 	8800015536 25463538477 826807 	8799188729 826807 0 0 0 	24267802 826807 0 	444.716 	3 	231
15949500000000 15949600000048 	9000015632 26043122760 862296 	8999153336 862296 0 0 0 	25305399 862296 0 	445.74 	3 	231
15975100000000 15975200000048 	9200015728 26622743006 896855 	9199118873 896855 0 0 0 	26320950 896855 0 	446.724 	3 	231
16000700000000 16000800000048 	9400015824 27202352750 931290 	9399084534 931290 0 0 0 	27331532 931290 0 	447.671 	3 	231
16026300000000 16026400000476 	9600016776 27781976096 964999 	9599051777 964999 0 0 0 	28315854 964999 0 	448.513 	3 	231
16051900000000 16052000000476 	9800017728 28361674160 998778 	9799018950 998778 0 0 0 	29308390 998778 0 	449.323 	3 	231
16077500000000 16077600000476 	10000018680 28941349983 1031729 	9998986951 1031729 0 0 0 	30274572 1031729 0 	450.104 	3 	231
16103100000000 16103200000476 	10200019632 29521013555 1064230 	10198955402 1064230 0 0 0 	31230575 1064230 0 	450.857 	3 	231
16128700000000 16128800000011 	10400019654 30100724189 1096343 	10398923311 1096343 0 0 0 	32179373 1096343 0 	451.534 	3 	231
16154300000000 16154400000011 	10600019676 30680506590 1128173 	10598891503 1128173 0 0 0 	33120968 1128173 0 	452.188 	3 	231
16179900000000 16180000000011 	10800019698 31260274642 1159412 	10798860286 1159412 0 0 0 	34037687 1159412 0 	452.819 	3 	231
