14823300000000 14823400000060 	200000120 577949215 8147 	199991973 8147 0 0 0 	243004 8147 0 	428 	3 	233
14848900000000 14849000000375 	400000870 1155920855 16425 	399984445 16425 0 0 0 	490497 16425 0 	426.495 	3 	233
14874500000000 14874600000375 	600001620 1733902057 24436 	599977184 24436 0 0 0 	726137 24436 0 	425.995 	3 	233
14900100000000 14900200000375 	800002370 2311945171 32284 	799970086 32284 0 0 0 	955697 32284 0 	425.746 	3 	233
14925700000000 14925800000375 	1000003120 2890057881 40217 	999962903 40217 0 0 0 	1190409 40217 0 	425.597 	3 	233
14951300000000 14951400000074 	1200003268 3468081473 47872 	1199955396 47872 0 0 0 	1411873 47872 0 	424.993 	3 	233
14976900000000 14977000000074 	1400003416 4046212715 55351 	1399948065 55351 0 0 0 	1624609 55351 0 	424.563 	3 	233
15002500000000 15002600000074 	1600003564 4624360112 62734 	1599940830 62734 0 0 0 	1842908 62734 0 	424.241 	3 	233
15028100000000 15028200000074 	1800003712 5202520780 69988 	1799933724 69988 0 0 0 	2048690 69988 0 	423.991 	3 	233
15053700000000 15053800000320 	2000004352 5780775165 77166 	1999927186 77166 0 0 0 	2259067 77166 0 	423.588 	3 	233
15079300000000 15079400000320 	2200004992 6359011720 84171 	2199920821 84171 0 0 0 	2464319 84171 0 	423.259 	3 	233
15104900000000 15105000000320 	2400005632 6937262860 91095 	2399914537 91095 0 0 0 	2666735 91095 0 	422.986 	3 	233
15130500000000 15130600000353 	2600006338 7515593901 97842 	2599908496 97842 0 0 0 	2865369 97842 0 	422.519 	3 	233
15156100000000 15156200000353 	2800007044 8093953607 104567 	2799902477 104567 0 0 0 	3062741 104567 0 	422.12 	3 	233
15181700000000 15181800000353 	3000007750 8672317536 111226 	2999896524 111226 0 0 0 	3257094 111226 0 	421.775 	3 	233
15207300000000 15207400000353 	3200008456 9250762889 117724 	3199890732 117724 0 0 0 	3447344 117724 0 	421.473 	3 	233
15232900000000 15233000000044 	3400008544 9829155379 124124 	3399884420 124124 0 0 0 	3632212 124124 0 	421.026 	3 	233
15258500000000 15258600000044 	3600008632 10407582984 130293 	3599878339 130293 0 0 0 	3813290 130293 0 	420.63 	3 	233
15284100000000 15284200000044 	3800008720 10986051162 136523 	3799872197 136523 0 0 0 	3997355 136523 0 	420.275 	3 	233
15309700000000 15309800000044 	4000008808 11564607641 142520 	3999866288 142520 0 0 0 	4175709 142520 0 	419.957 	3 	233
15335300000000 15335400000228 	4200009264 12143235763 148565 	4199860699 148565 0 0 0 	4356166 148565 0 	419.571 	3 	233
15360900000000 15361000000228 	4400009720 12721877813 154423 	4399855297 154423 0 0 0 	4528530 154423 0 	419.221 	3 	233
15386500000000 15386600000228 	4600010176 13300520020 160134 	4599850042 160134 0 0 0 	4699513 160134 0 	418.902 	3 	233
15412100000000 15412200000228 	4800010632 13879139657 165812 	4799844820 165812 0 0 0 	4867575 165812 0 	418.61 	3 	233
15437700000000 15437800000091 	5000010814 14457809376 171350 	4999839464 171350 0 0 0 	5032795 171350 0 	418.217 	3 	233
15463300000000 15463400000091 	5200010996 15036550217 176750 	5199834246 176750 0 0 0 	5189980 176750 0 	417.854 	3 	233
15488900000000 15489000000091 	5400011178 15615297923 182074 	5399829104 182074 0 0 0 	5348154 182074 0 	417.52 	3 	233
15514500000000 15514600000091 	5600011360 16194131364 187298 	5599824062 187298 0 0 0 	5499677 187298 0 	417.209 	3 	233
15540100000000 15540200000308 	5800011976 16773237021 231365 	5799780611 231365 0 0 0 	6791430 231365 0 	419.796 	3 	233
15565700000000 15565800000308 	6000012592 17352391648 274833 	5999737759 274833 0 0 0 	8067532 274833 0 	422.24 	3 	233
15591300000000 15591400000308 	6200013208 17931574690 317897 	6199695311 317897 0 0 0 	9317871 317897 0 	424.552 	3 	233
15616900000000 15617000000308 	6400013824 18510813778 360595 	6399653229 360595 0 0 0 	10582342 360595 0 	426.743 	3 	233
15642500000000 15642600000152 	6600014128 19089988694 402650 	6599611478 402650 0 0 0 	11820877 402650 0 	428.734 	3 	233
15668100000000 15668200000152 	6800014432 19669255729 443794 	6799570638 443794 0 0 0 	13041131 443794 0 	430.626 	3 	233
15693700000000 15693800000152 	7000014736 20248568024 484624 	6999530112 484624 0 0 0 	14234251 484624 0 	432.424 	3 	233
15719300000000 15719400000152 	7200015040 20827921452 524891 	7199490149 524891 0 0 0 	15415497 524891 0 	434.137 	3 	233
15744900000000 15745000000152 	7400015344 21407235263 564581 	7399450763 564581 0 0 0 	16590121 564581 0 	435.77 	3 	233
15770500000000 15770600000000 	7600015344 21986600994 603365 	7599411979 603365 0 0 0 	17727590 603365 0 	437.248 	3 	233
15796100000000 15796200000000 	7800015344 22565997918 642207 	7799373137 642207 0 0 0 	18866663 642207 0 	438.659 	3 	233
15821700000000 15821800000000 	8000015344 23145407610 680176 	7999335168 680176 0 0 0 	19977877 680176 0 	440.009 	3 	233
15847300000000 15847400000000 	8200015344 23724862422 717804 	8199297540 717804 0 0 0 	21086597 717804 0 	441.3 	3 	233
15872900000000 15873000000000 	8400015344 24304373367 754987 	8399260357 754987 0 0 0 	22181594 754987 0 	442.537 	3 	233
15898500000000 15898600000048 	8600015440 24883815768 791461 	8599223979 791461 0 0 0 	23248733 791461 0 	443.649 	3 	233
15924100000000 15924200000048 	8800015536 25463356264 827280 	8799188256 827280 0 0 0 	24298678 827280 0 	444.716 	3 	233
15949700000000 15949800000048 	9000015632 26042857609 862862 	8999152770 862862 0 0 0 	25345059 862862 0 	445.74 	3 	233
15975300000000 15975400000048 	9200015728 26622420341 897578 	9199118150 897578 0 0 0 	26363989 897578 0 	446.724 	3 	233
16000900000000 16001000000048 	9400015824 27202025127 932234 	9399083590 932234 0 0 0 	27376372 932234 0 	447.671 	3 	233
16026500000000 16026600000476 	9600016776 27781678919 966166 	9599050610 966166 0 0 0 	28376140 966166 0 	448.513 	3 	233
16052100000000 16052200000476 	9800017728 28361337098 999614 	9799018114 999614 0 0 0 	29357878 999614 0 	449.323 	3 	233
16077700000000 16077800000476 	10000018680 28941012543 1032656 	9998986024 1032656 0 0 0 	30331149 1032656 0 	450.104 	3 	233
16103300000000 16103400000476 	10200019632 29520735955 1065187 	10198954445 1065187 0 0 0 	31290370 1065187 0 	450.857 	3 	233
16128900000000 16129000000011 	10400019654 30100518475 1097322 	10398922332 1097322 0 0 0 	32225724 1097322 0 	451.534 	3 	233
16154500000000 16154600000011 	10600019676 30680298702 1129057 	10598890619 1129057 0 0 0 	33151561 1129057 0 	452.188 	3 	233
16180100000000 16180200000011 	10800019698 31260165003 1160383 	10798859315 1160383 0 0 0 	34077589 1160383 0 	452.819 	3 	233
