14823600000000 14823700000060 	200000120 577922032 8483 	199991637 8483 0 0 0 	249820 8483 0 	428 	3 	236
14849200000000 14849300000375 	400000870 1155850920 16530 	399984340 16530 0 0 0 	486172 16530 0 	426.495 	3 	236
14874800000000 14874900000375 	600001620 1733850333 24726 	599976894 24726 0 0 0 	722768 24726 0 	425.995 	3 	236
14900400000000 14900500000375 	800002370 2311892399 32658 	799969712 32658 0 0 0 	951105 32658 0 	425.746 	3 	236
14926000000000 14926100000375 	1000003120 2889915595 40623 	999962497 40623 0 0 0 	1183578 40623 0 	425.597 	3 	236
14951600000000 14951700000074 	1200003268 3468056426 48076 	1199955192 48076 0 0 0 	1403043 48076 0 	424.993 	3 	236
14977200000000 14977300000074 	1400003416 4046158441 55655 	1399947761 55655 0 0 0 	1625780 55655 0 	424.563 	3 	236
15002800000000 15002900000074 	1600003564 4624352163 63138 	1599940426 63138 0 0 0 	1845974 63138 0 	424.241 	3 	236
15028400000000 15028500000074 	1800003712 5202568442 70556 	1799933156 70556 0 0 0 	2059909 70556 0 	423.991 	3 	236
15054000000000 15054100000320 	2000004352 5780765916 77625 	1999926727 77625 0 0 0 	2267000 77625 0 	423.588 	3 	236
15079600000000 15079700000320 	2200004992 6359085239 84696 	2199920296 84696 0 0 0 	2470488 84696 0 	423.259 	3 	236
15105200000000 15105300000320 	2400005632 6937393818 91647 	2399913985 91647 0 0 0 	2677293 91647 0 	422.986 	3 	236
15130800000000 15130900000353 	2600006338 7515704218 98358 	2599907980 98358 0 0 0 	2876692 98358 0 	422.519 	3 	236
15156400000000 15156500000353 	2800007044 8094074805 105151 	2799901893 105151 0 0 0 	3070828 105151 0 	422.12 	3 	236
15182000000000 15182100000353 	3000007750 8672478173 111681 	2999896069 111681 0 0 0 	3261921 111681 0 	421.775 	3 	236
15207600000000 15207700000353 	3200008456 9250862033 118103 	3199890353 118103 0 0 0 	3448093 118103 0 	421.473 	3 	236
15233200000000 15233300000044 	3400008544 9829344533 124508 	3399884036 124508 0 0 0 	3637476 124508 0 	421.026 	3 	236
15258800000000 15258900000044 	3600008632 10407722875 130778 	3599877854 130778 0 0 0 	3818343 130778 0 	420.63 	3 	236
15284400000000 15284500000044 	3800008720 10986254108 137001 	3799871719 137001 0 0 0 	4001050 137001 0 	420.275 	3 	236
15310000000000 15310100000044 	4000008808 11564759186 143050 	3999865758 143050 0 0 0 	4181752 143050 0 	419.957 	3 	236
15335600000000 15335700000228 	4200009264 12143347761 149084 	4199860180 149084 0 0 0 	4355562 149084 0 	419.571 	3 	236
15361200000000 15361300000228 	4400009720 12721942272 154813 	4399854907 154813 0 0 0 	4525627 154813 0 	419.221 	3 	236
15386800000000 15386900000228 	4600010176 13300550705 160480 	4599849696 160480 0 0 0 	4692650 160480 0 	418.902 	3 	236
15412400000000 15412500000228 	4800010632 13879164997 166158 	4799844474 166158 0 0 0 	4858452 166158 0 	418.61 	3 	236
15438000000000 15438100000091 	5000010814 14457841017 171660 	4999839154 171660 0 0 0 	5018982 171660 0 	418.217 	3 	236
15463600000000 15463700000091 	5200010996 15036587644 177298 	5199833698 177298 0 0 0 	5183805 177298 0 	417.854 	3 	236
15489200000000 15489300000091 	5400011178 15615370931 182713 	5399828465 182713 0 0 0 	5340718 182713 0 	417.52 	3 	236
15514800000000 15514900000091 	5600011360 16194122065 188070 	5599823290 188070 0 0 0 	5496389 188070 0 	417.209 	3 	236
15540400000000 15540500000308 	5800011976 16773199121 232386 	5799779590 232386 0 0 0 	6795440 232386 0 	419.796 	3 	236
15566000000000 15566100000308 	6000012592 17352347033 276097 	5999736495 276097 0 0 0 	8075197 276097 0 	422.24 	3 	236
15591600000000 15591700000308 	6200013208 17931485539 318854 	6199694354 318854 0 0 0 	9339805 318854 0 	424.552 	3 	236
15617200000000 15617300000308 	6400013824 18510688891 361313 	6399652511 361313 0 0 0 	10583922 361313 0 	426.743 	3 	236
15642800000000 15642900000152 	6600014128 19089886769 403369 	6599610759 403369 0 0 0 	11830440 403369 0 	428.734 	3 	236
15668400000000 15668500000152 	6800014432 19669177079 444699 	6799569733 444699 0 0 0 	13047177 444699 0 	430.626 	3 	236
15694000000000 15694100000152 	7000014736 20248449949 485619 	6999529117 485619 0 0 0 	14233546 485619 0 	432.424 	3 	236
15719600000000 15719700000152 	7200015040 20827784155 525909 	7199489131 525909 0 0 0 	15416694 525909 0 	434.137 	3 	236
15745200000000 15745300000152 	7400015344 21407104763 565737 	7399449607 565737 0 0 0 	16576811 565737 0 	435.77 	3 	236
15770800000000 15770900000000 	7600015344 21986483005 604419 	7599410925 604419 0 0 0 	17719532 604419 0 	437.248 	3 	236
15796400000000 15796500000000 	7800015344 22565863209 642837 	7799372507 642837 0 0 0 	18853150 642837 0 	438.659 	3 	236
15822000000000 15822100000000 	8000015344 23145261391 681082 	7999334262 681082 0 0 0 	19978436 681082 0 	440.009 	3 	236
15847600000000 15847700000000 	8200015344 23724714622 718525 	8199296819 718525 0 0 0 	21075402 718525 0 	441.3 	3 	236
15873200000000 15873300000000 	8400015344 24304217460 755514 	8399259830 755514 0 0 0 	22153358 755514 0 	442.537 	3 	236
15898800000000 15898900000048 	8600015440 24883701607 792207 	8599223233 792207 0 0 0 	23236419 792207 0 	443.649 	3 	236
15924400000000 15924500000048 	8800015536 25463217716 828148 	8799187388 828148 0 0 0 	24290368 828148 0 	444.716 	3 	236
15950000000000 15950100000048 	9000015632 26042792782 863701 	8999151931 863701 0 0 0 	25336322 863701 0 	445.74 	3 	236
15975600000000 15975700000048 	9200015728 26622346498 898947 	9199116781 898947 0 0 0 	26372456 898947 0 	446.724 	3 	236
16001200000000 16001300000476 	9400016680 27201956622 933599 	9399083081 933599 0 0 0 	27390454 933599 0 	447.601 	3 	236
16026800000000 16026900000476 	9600017632 27781535938 967408 	9599050224 967408 0 0 0 	28376890 967408 0 	448.444 	3 	236
16052400000000 16052500000476 	9800018584 28361202308 1000767 	9799017817 1000767 0 0 0 	29359609 1000767 0 	449.256 	3 	236
16078000000000 16078100000476 	10000019536 28940876210 1034043 	9998985493 1034043 0 0 0 	30344536 1034043 0 	450.038 	3 	236
16103600000000 16103700000476 	10200020488 29520628933 1066581 	10198953907 1066581 0 0 0 	31299784 1066581 0 	450.791 	3 	236
16129200000000 16129300000011 	10400020510 30100354634 1098627 	10398921883 1098627 0 0 0 	32240723 1098627 0 	451.47 	3 	236
16154800000000 16154900000011 	10600020532 30680175916 1130767 	10598889765 1130767 0 0 0 	33188608 1130767 0 	452.125 	3 	236
16180400000000 16180500000011 	10800020554 31260003473 1162223 	10798858331 1162223 0 0 0 	34110001 1162223 0 	452.757 	3 	236
