20000800000000 20000900000048 	200000096 583813871 36984 	199963112 36984 0 0 0 	1091604 36984 0 	496 	3 	8
20026400000000 20026500000476 	400001048 1167712050 73299 	399927749 73299 0 0 0 	2159903 73299 0 	493.992 	3 	8
20052000000000 20052100000476 	600002000 1751688880 109501 	599892499 109501 0 0 0 	3232361 109501 0 	493.326 	3 	8
20077600000000 20077700000476 	800002952 2335628557 145479 	799857473 145479 0 0 0 	4298599 145479 0 	492.994 	3 	8
20103200000000 20103300000476 	1000003904 2919527311 180672 	999823232 180672 0 0 0 	5339715 180672 0 	492.795 	3 	8
20128800000000 20128900000476 	1200004856 3503539675 215784 	1199789072 215784 0 0 0 	6378387 215784 0 	492.662 	3 	8
20154400000000 20154500000011 	1400004878 4087507882 250330 	1399754548 250330 0 0 0 	7397667 250330 0 	492.136 	3 	8
20180000000000 20180100000011 	1600004900 4671485533 284411 	1599720489 284411 0 0 0 	8406137 284411 0 	491.742 	3 	8
20205600000000 20205700000011 	1800004922 5255562899 318333 	1799686589 318333 0 0 0 	9404625 318333 0 	491.435 	3 	8
20231200000000 20231300000011 	2000004944 5839679694 351951 	1999652993 351951 0 0 0 	10401182 351951 0 	491.191 	3 	8
20256800000000 20256900000011 	2200004966 6423758769 385452 	2199619514 385452 0 0 0 	11395411 385452 0 	490.991 	3 	8
20282400000000 20282500000011 	2400004988 7007849152 418518 	2399586470 418518 0 0 0 	12382593 418518 0 	490.824 	3 	8
20308000000000 20308100000210 	2600005408 7592046730 450875 	2599554533 450875 0 0 0 	13345978 450875 0 	490.371 	3 	8
20333600000000 20333700000210 	2800005828 8176190609 482947 	2799522881 482947 0 0 0 	14299575 482947 0 	489.984 	3 	8
20359200000000 20359300000210 	3000006248 8760429487 514505 	2999491743 514505 0 0 0 	15238866 514505 0 	489.648 	3 	8
20384800000000 20384900000210 	3200006668 9344609320 545980 	3199460688 545980 0 0 0 	16178668 545980 0 	489.355 	3 	8
20410400000000 20410500000210 	3400007088 9928800784 577239 	3399429849 577239 0 0 0 	17107411 577239 0 	489.097 	3 	8
20436000000000 20436100000210 	3600007508 10513034343 608124 	3599399384 608124 0 0 0 	18012659 608124 0 	488.867 	3 	8
20461600000000 20461700000381 	3800008270 11097295400 638744 	3799369526 638744 0 0 0 	18919965 638744 0 	488.447 	3 	8
20487200000000 20487300000381 	4000009032 11681599611 668778 	3999340254 668778 0 0 0 	19813706 668778 0 	488.069 	3 	8
20512800000000 20512900000381 	4200009794 12265918054 698582 	4199311212 698582 0 0 0 	20696071 698582 0 	487.728 	3 	8
20538400000000 20538500000381 	4400010556 12850207178 727956 	4399282600 727956 0 0 0 	21565954 727956 0 	487.418 	3 	8
20564000000000 20564100000381 	4600011318 13434535746 757260 	4599254058 757260 0 0 0 	22437164 757260 0 	487.135 	3 	8
20589600000000 20589700000381 	4800012080 14018951602 786487 	4799225593 786487 0 0 0 	23301189 786487 0 	486.876 	3 	8
20615200000000 20615300000468 	5000013016 14603377700 815174 	4999197842 815174 0 0 0 	24156107 815174 0 	486.515 	3 	8
20640800000000 20640900000468 	5200013952 15187791702 843376 	5199170576 843376 0 0 0 	24993694 843376 0 	486.182 	3 	8
20666400000000 20666500000468 	5400014888 15772193065 871221 	5399143667 871221 0 0 0 	25817468 871221 0 	485.874 	3 	8
20692000000000 20692100000468 	5600015824 16356652494 898687 	5599117137 898687 0 0 0 	26632831 898687 0 	485.588 	3 	8
20717600000000 20717700000468 	5800016760 16941112940 925717 	5799091043 925717 0 0 0 	27435126 925717 0 	485.323 	3 	8
20743200000000 20743300000468 	6000017696 17525656536 953001 	5999064695 953001 0 0 0 	28240904 953001 0 	485.075 	3 	8
20768800000000 20768900000254 	6200018204 18110175935 979526 	6199038678 979526 0 0 0 	29023690 979526 0 	484.71 	3 	8
20794400000000 20794500000254 	6400018712 18694726643 1006262 	6399012450 1006262 0 0 0 	29815415 1006262 0 	484.368 	3 	8
20820000000000 20820100000254 	6600019220 19279318067 1032511 	6598986709 1032511 0 0 0 	30590014 1032511 0 	484.047 	3 	8
20845600000000 20845700000254 	6800019728 19863977973 1058414 	6798961314 1058414 0 0 0 	31364913 1058414 0 	483.745 	3 	8
20871200000000 20871300000254 	7000020236 20448561665 1083883 	6998936353 1083883 0 0 0 	32114953 1083883 0 	483.461 	3 	8
20896800000000 20896900000254 	7200020744 21033180771 1109259 	7198911485 1109259 0 0 0 	32865352 1109259 0 	483.193 	3 	8
20922400000000 20922500000365 	7400021474 21617811219 1134428 	7398887046 1134428 0 0 0 	33604220 1134428 0 	482.855 	3 	8
20948000000000 20948100000365 	7600022204 22202510206 1159038 	7598863166 1159038 0 0 0 	34336123 1159038 0 	482.536 	3 	8
20973600000000 20973700000365 	7800022934 22787195541 1183541 	7798839393 1183541 0 0 0 	35066991 1183541 0 	482.233 	3 	8
20999200000000 20999300000365 	8000023664 23371898838 1207656 	7998816008 1207656 0 0 0 	35781752 1207656 0 	481.946 	3 	8
21024800000000 21024900000365 	8200024394 23956612592 1231711 	8198792683 1231711 0 0 0 	36505077 1231711 0 	481.673 	3 	8
21050400000000 21050500000365 	8400025124 24541351109 1255649 	8398769475 1255649 0 0 0 	37213458 1255649 0 	481.413 	3 	8
21076000000000 21076100000368 	8600025860 25126143009 1279282 	8598746578 1279282 0 0 0 	37918963 1279282 0 	481.092 	3 	8
21101600000000 21101700000368 	8800026596 25710965940 1302657 	8798723939 1302657 0 0 0 	38610500 1302657 0 	480.787 	3 	8
21127200000000 21127300000368 	9000027332 26295764396 1325757 	8998701575 1325757 0 0 0 	39298482 1325757 0 	480.495 	3 	8
21152800000000 21152900000368 	9200028068 26880592292 1348424 	9198679644 1348424 0 0 0 	39970935 1348424 0 	480.216 	3 	8
21178400000000 21178500000368 	9400028804 27465416795 1370825 	9398657979 1370825 0 0 0 	40629447 1370825 0 	479.95 	3 	8
21204000000000 21204100000368 	9600029540 28050296259 1393233 	9598636307 1393233 0 0 0 	41289645 1393233 0 	479.694 	3 	8
21229600000000 21229700000352 	9800030244 28635201610 1415168 	9798615076 1415168 0 0 0 	41944374 1415168 0 	479.363 	3 	8
21255200000000 21255300000352 	10000030948 29220172947 1437150 	9998593798 1437150 0 0 0 	42600937 1437150 0 	479.046 	3 	8
21280800000000 21280900000352 	10200031652 29805090995 1458458 	10198573194 1458458 0 0 0 	43227374 1458458 0 	478.742 	3 	8
21306400000000 21306500000352 	10400032356 30390074449 1479747 	10398552609 1479747 0 0 0 	43844490 1479747 0 	478.45 	3 	8
21332000000000 21332100000352 	10600033060 30975033571 1501156 	10598531904 1501156 0 0 0 	44482084 1501156 0 	478.169 	3 	8
21357600000000 21357700000352 	10800033764 31560028964 1521973 	10798511791 1521973 0 0 0 	45102200 1521973 0 	477.898 	3 	8
21383200000000 21383300000120 	11000034004 32145011135 1542640 	10998491364 1542640 0 0 0 	45719445 1542640 0 	477.58 	3 	8
21408800000000 21408900000120 	11200034244 32730047297 1563088 	11198471156 1563088 0 0 0 	46327057 1563088 0 	477.274 	3 	8
21434400000000 21434500000120 	11400034484 33315185966 1583110 	11398451374 1583110 0 0 0 	46931116 1583110 0 	476.978 	3 	8
21460000000000 21460100000120 	11600034724 33900262285 1603137 	11598431587 1603137 0 0 0 	47527741 1603137 0 	476.693 	3 	8
21485600000000 21485700000120 	11800034964 34485359791 1622693 	11798412271 1622693 0 0 0 	48106126 1622693 0 	476.418 	3 	8
21511200000000 21511300000120 	12000035204 35070516719 1642143 	11998393061 1642143 0 0 0 	48685754 1642143 0 	476.153 	3 	8
21536800000000 21536900000178 	12200035560 35655626689 1661441 	12198374119 1661441 0 0 0 	49261539 1661441 0 	475.844 	3 	8
21562400000000 21562500000178 	12400035916 36240782801 1680733 	12398355183 1680733 0 0 0 	49822623 1680733 0 	475.545 	3 	8
21588000000000 21588100000178 	12600036272 36825991839 1699842 	12598336430 1699842 0 0 0 	50385215 1699842 0 	475.256 	3 	8
21613600000000 21613700000178 	12800036628 37411179071 1718576 	12798318052 1718576 0 0 0 	50941562 1718576 0 	474.976 	3 	8
21639200000000 21639300000178 	13000036984 37996336471 1737266 	12998299718 1737266 0 0 0 	51491884 1737266 0 	474.706 	3 	8
21664800000000 21664900000178 	13200037340 38581613411 1755606 	13198281734 1755606 0 0 0 	52034208 1755606 0 	474.443 	3 	8
21690400000000 21690500000355 	13400038050 39166816808 1773683 	13398264367 1773683 0 0 0 	52569644 1773683 0 	474.141 	3 	8
21716000000000 21716100000355 	13600038760 39752111530 1791637 	13598247123 1791637 0 0 0 	53107992 1791637 0 	473.848 	3 	8
21741600000000 21741700000355 	13800039470 40337450089 1809503 	13798229967 1809503 0 0 0 	53643404 1809503 0 	473.564 	3 	8
21767200000000 21767300000355 	14000040180 40922819925 1827071 	13998213109 1827071 0 0 0 	54164353 1827071 0 	473.288 	3 	8
21792800000000 21792900000355 	14200040890 41508190178 1844683 	14198196207 1844683 0 0 0 	54689049 1844683 0 	473.02 	3 	8
21818400000000 21818500000355 	14400041600 42093598350 1861916 	14398179684 1861916 0 0 0 	55210898 1861916 0 	472.76 	3 	8
21844000000000 21844100000230 	14600042060 42678962361 1879068 	14598162992 1879068 0 0 0 	55721867 1879068 0 	472.448 	3 	8
21869600000000 21869700000230 	14800042520 43264427303 1896050 	14798146470 1896050 0 0 0 	56228916 1896050 0 	472.144 	3 	8
21895200000000 21895300000230 	15000042980 43849880366 1912517 	14998130463 1912517 0 0 0 	56719765 1912517 0 	471.849 	3 	8
21920800000000 21920900000230 	15200043440 44435355832 1928772 	15198114668 1928772 0 0 0 	57202137 1928772 0 	471.562 	3 	8
21946400000000 21946500000230 	15400043900 45020821452 1945129 	15398098771 1945129 0 0 0 	57682674 1945129 0 	471.283 	3 	8
21972000000000 21972100000320 	15600044540 45606371396 1961094 	15598083446 1961094 0 0 0 	58158065 1961094 0 	470.97 	3 	8
21997600000000 21997700000320 	15800045180 46191912081 1976949 	15798068231 1976949 0 0 0 	58629295 1976949 0 	470.664 	3 	8
22023200000000 22023300000320 	16000045820 46777465413 1992503 	15998053317 1992503 0 0 0 	59085687 1992503 0 	470.367 	3 	8
22048800000000 22048900000320 	16200046460 47363062546 2008163 	16198038297 2008163 0 0 0 	59552272 2008163 0 	470.077 	3 	8
22074400000000 22074500000320 	16400047100 47948683422 2023642 	16398023458 2023642 0 0 0 	60010395 2023642 0 	469.795 	3 	8
22100000000000 22100100000320 	16600047740 48534297645 2038888 	16598008852 2038888 0 0 0 	60460918 2038888 0 	469.519 	3 	8
22125600000000 22125700000400 	16800048540 49119917368 2054039 	16797994501 2054039 0 0 0 	60908531 2054039 0 	469.212 	3 	8
22151200000000 22151300000400 	17000049340 49705564748 2069138 	16997980202 2069138 0 0 0 	61362111 2069138 0 	468.911 	3 	8
22176800000000 22176900000400 	17200050140 50291253936 2083716 	17197966424 2083716 0 0 0 	61798635 2083716 0 	468.619 	3 	8
22202400000000 22202500000400 	17400050940 50876950082 2098429 	17397952511 2098429 0 0 0 	62233773 2098429 0 	468.333 	3 	8
22228000000000 22228100000400 	17600051740 51462628203 2112544 	17597939196 2112544 0 0 0 	62650501 2112544 0 	468.054 	3 	8
22253600000000 22253700000400 	17800052540 52048390772 2126928 	17797925612 2126928 0 0 0 	63081853 2126928 0 	467.782 	3 	8
22279200000000 22279300000290 	18000053120 52634136853 2141065 	17997912055 2141065 0 0 0 	63504586 2141065 0 	467.479 	3 	8
22304800000000 22304900000290 	18200053700 53219960609 2154815 	18197898885 2154815 0 0 0 	63913144 2154815 0 	467.183 	3 	8
22330400000000 22330500000290 	18400054280 53805836171 2168679 	18397885601 2168679 0 0 0 	64322706 2168679 0 	466.894 	3 	8
22356000000000 22356100000290 	18600054860 54391635982 2182457 	18597872403 2182457 0 0 0 	64732284 2182457 0 	466.611 	3 	8
22381600000000 22381700000290 	18800055440 54977461054 2195967 	18797859473 2195967 0 0 0 	65140585 2195967 0 	466.335 	3 	8
22407200000000 22407300000290 	19000056020 55563349720 2209392 	18997846628 2209392 0 0 0 	65535701 2209392 0 	466.065 	3 	8
22432800000000 22432900000249 	19200056518 56149217747 2222598 	19197833920 2222598 0 0 0 	65922064 2222598 0 	465.766 	3 	8
22458400000000 22458500000249 	19400057016 56735091362 2235802 	19397821214 2235802 0 0 0 	66316535 2235802 0 	465.473 	3 	8
22484000000000 22484100000249 	19600057514 57321011624 2248753 	19597808761 2248753 0 0 0 	66698122 2248753 0 	465.187 	3 	8
22509600000000 22509700000249 	19800058012 57906923984 2261690 	19797796322 2261690 0 0 0 	67082158 2261690 0 	464.907 	3 	8
22535200000000 22535300000249 	20000058510 58492890521 2274289 	19997784221 2274289 0 0 0 	67457599 2274289 0 	464.633 	3 	8
22560800000000 22560900000249 	20200059008 59078845505 2286950 	20197772058 2286950 0 0 0 	67836109 2286950 0 	464.364 	3 	8
22586400000000 22586500000088 	20400059184 59664869306 2299349 	20397759835 2299349 0 0 0 	68208428 2299349 0 	464.068 	3 	8
22612000000000 22612100000088 	20600059360 60250883825 2311646 	20597747714 2311646 0 0 0 	68575922 2311646 0 	463.778 	3 	8
22637600000000 22637700000088 	20800059536 60836951052 2323864 	20797735672 2323864 0 0 0 	68938676 2323864 0 	463.494 	3 	8
22663200000000 22663300000088 	21000059712 61422967863 2335924 	20997723788 2335924 0 0 0 	69293407 2335924 0 	463.216 	3 	8
22688800000000 22688900000088 	21200059888 62009027012 2347729 	21197712159 2347729 0 0 0 	69642452 2347729 0 	462.943 	3 	8
22714400000000 22714500000088 	21400060064 62595139065 2359466 	21397700598 2359466 0 0 0 	69995315 2359466 0 	462.676 	3 	8
22740000000000 22740100000110 	21600060284 63181273941 2371159 	21597689125 2371159 0 0 0 	70343134 2371159 0 	462.393 	3 	8
22765600000000 22765700000110 	21800060504 63767438122 2382740 	21797677764 2382740 0 0 0 	70686025 2382740 0 	462.116 	3 	8
22791200000000 22791300000110 	22000060724 64353522021 2394112 	21997666612 2394112 0 0 0 	71025243 2394112 0 	461.844 	3 	8
22816800000000 22816900000110 	22200060944 64939699309 2405637 	22197655307 2405637 0 0 0 	71365551 2405637 0 	461.577 	3 	8
22842400000000 22842500000110 	22400061164 65525916892 2416704 	22397644460 2416704 0 0 0 	71691574 2416704 0 	461.316 	3 	8
22868000000000 22868100000110 	22600061384 66112137313 2427837 	22597633547 2427837 0 0 0 	72023806 2427837 0 	461.059 	3 	8
22893600000000 22893700000189 	22800061762 66698397028 2438658 	22797623104 2438658 0 0 0 	72347495 2438658 0 	460.777 	3 	8
22919200000000 22919300000189 	23000062140 67284668104 2449454 	22997612686 2449454 0 0 0 	72666384 2449454 0 	460.5 	3 	8
22944800000000 22944900000189 	23200062518 67870948985 2460138 	23197602380 2460138 0 0 0 	72981711 2460138 0 	460.229 	3 	8
22970400000000 22970500000189 	23400062896 68457301194 2470717 	23397592179 2470717 0 0 0 	73300889 2470717 0 	459.962 	3 	8
22996000000000 22996100000189 	23600063274 69043608445 2481202 	23597582072 2481202 0 0 0 	73609020 2481202 0 	459.7 	3 	8
23021600000000 23021700000189 	23800063652 69629967297 2491444 	23797572208 2491444 0 0 0 	73916974 2491444 0 	459.443 	3 	8
23047200000000 23047300000060 	24000063772 70216344274 2501419 	23997562353 2501419 0 0 0 	74213100 2501419 0 	459.162 	3 	8
23072800000000 23072900000060 	24200063892 70802793499 2511558 	24197552334 2511558 0 0 0 	74519617 2511558 0 	458.886 	3 	8
23098400000000 23098500000060 	24400064012 71389129193 2521559 	24397542453 2521559 0 0 0 	74817695 2521559 0 	458.615 	3 	8
23124000000000 23124100000060 	24600064132 71975521828 2531591 	24597532541 2531591 0 0 0 	75115867 2531591 0 	458.348 	3 	8
23149600000000 23149700000060 	24800064252 72561985635 2541442 	24797522810 2541442 0 0 0 	75408499 2541442 0 	458.086 	3 	8
23175200000000 23175300000060 	25000064372 73148500882 2551105 	24997513267 2551105 0 0 0 	75696029 2551105 0 	457.829 	3 	8
23200800000000 23200900000375 	25200065122 73735038755 2560688 	25197504434 2560688 0 0 0 	75980361 2560688 0 	457.548 	3 	8
23226400000000 23226500000375 	25400065872 74321545900 2570257 	25397495615 2570257 0 0 0 	76264910 2570257 0 	457.272 	3 	8
23252000000000 23252100000375 	25600066622 74908093655 2579625 	25597486997 2579625 0 0 0 	76545191 2579625 0 	457.001 	3 	8
23277600000000 23277700000375 	25800067372 75494670375 2589002 	25797478370 2589002 0 0 0 	76825316 2589002 0 	456.735 	3 	8
23303200000000 23303300000375 	26000068122 76081221970 2598087 	25997470035 2598087 0 0 0 	77097414 2598087 0 	456.473 	3 	8
23328800000000 23328900000375 	26200068872 76667786828 2606965 	26197461907 2606965 0 0 0 	77363596 2606965 0 	456.215 	3 	8
23354400000000 23354500000074 	26400069020 77254371604 2616149 	26397452871 2616149 0 0 0 	77639122 2616149 0 	455.935 	3 	8
23380000000000 23380100000074 	26600069168 77840956649 2624976 	26597444192 2624976 0 0 0 	77903565 2624976 0 	455.659 	3 	8
23405600000000 23405700000074 	26800069316 78427652491 2633761 	26797435555 2633761 0 0 0 	78163332 2633761 0 	455.388 	3 	8
23431200000000 23431300000074 	27000069464 79014338733 2642491 	26997426973 2642491 0 0 0 	78426341 2642491 0 	455.121 	3 	8
23456800000000 23456900000074 	27200069612 79601063569 2651228 	27197418384 2651228 0 0 0 	78684853 2651228 0 	454.859 	3 	8
23482400000000 23482500000074 	27400069760 80187775808 2659670 	27397410090 2659670 0 0 0 	78934058 2659670 0 	454.6 	3 	8
23508000000000 23508100000320 	27600070400 80774493390 2668018 	27597402382 2668018 0 0 0 	79181490 2668018 0 	454.329 	3 	8
23533600000000 23533700000320 	27800071040 81361243221 2676430 	27797394610 2676430 0 0 0 	79426773 2676430 0 	454.062 	3 	8
23559200000000 23559300000320 	28000071680 81948018966 2684660 	27997387020 2684660 0 0 0 	79669354 2684660 0 	453.799 	3 	8
23584800000000 23584900000320 	28200072320 82534745315 2692835 	28197379485 2692835 0 0 0 	79913882 2692835 0 	453.54 	3 	8
23610400000000 23610500000320 	28400072960 83121526824 2700842 	28397372118 2700842 0 0 0 	80155019 2700842 0 	453.286 	3 	8
23636000000000 23636100000320 	28600073600 83708338417 2708885 	28597364715 2708885 0 0 0 	80394783 2708885 0 	453.034 	3 	8
23661600000000 23661700000353 	28800074306 84295235027 2716781 	28797357525 2716781 0 0 0 	80630392 2716781 0 	452.763 	3 	8
23687200000000 23687300000353 	29000075012 84882102126 2724585 	28997350427 2724585 0 0 0 	80859777 2724585 0 	452.495 	3 	8
23712800000000 23712900000353 	29200075718 85468996931 2732418 	29197343300 2732418 0 0 0 	81093349 2732418 0 	452.231 	3 	8
23738400000000 23738500000353 	29400076424 86055915347 2739938 	29397336486 2739938 0 0 0 	81319472 2739938 0 	451.972 	3 	8
23764000000000 23764100000353 	29600077130 86642853024 2747531 	29597329599 2747531 0 0 0 	81541794 2747531 0 	451.716 	3 	8
23789600000000 23789700000044 	29800077218 87229831444 2755049 	29797322169 2755049 0 0 0 	81766434 2755049 0 	451.44 	3 	8
23815200000000 23815300000044 	30000077306 87816778201 2762328 	29997314978 2762328 0 0 0 	81984899 2762328 0 	451.168 	3 	8
23840800000000 23840900000044 	30200077394 88403791434 2769665 	30197307729 2769665 0 0 0 	82200978 2769665 0 	450.9 	3 	8
