20003000000000 20003100000476 	200000952 583921355 37259 	199963693 37259 0 0 0 	1102131 37259 0 	492 	3 	30
20028600000000 20028700000476 	400001904 1167868076 73682 	399928222 73682 0 0 0 	2183492 73682 0 	492 	3 	30
20054200000000 20054300000476 	600002856 1751809915 109948 	599892908 109948 0 0 0 	3260714 109948 0 	492 	3 	30
20079800000000 20079900000476 	800003808 2335823516 145765 	799858043 145765 0 0 0 	4321375 145765 0 	492 	3 	30
20105400000000 20105500000476 	1000004760 2919760000 180937 	999823823 180937 0 0 0 	5364478 180937 0 	492 	3 	30
20131000000000 20131100000476 	1200005712 3503707818 216000 	1199789712 216000 0 0 0 	6409611 216000 0 	492 	3 	30
20156600000000 20156700000011 	1400005734 4087755838 250604 	1399755130 250604 0 0 0 	7426416 250604 0 	491.569 	3 	30
20182200000000 20182300000011 	1600005756 4671747444 285197 	1599720559 285197 0 0 0 	8453785 285197 0 	491.247 	3 	30
20207800000000 20207900000011 	1800005778 5255846124 319195 	1799686583 319195 0 0 0 	9458315 319195 0 	490.996 	3 	30
20233400000000 20233500000011 	2000005800 5839853481 352862 	1999652938 352862 0 0 0 	10448129 352862 0 	490.796 	3 	30
20259000000000 20259100000011 	2200005822 6424010380 386206 	2199619616 386206 0 0 0 	11443163 386206 0 	490.632 	3 	30
20284600000000 20284700000011 	2400005844 7008101974 418981 	2399586863 418981 0 0 0 	12422293 418981 0 	490.495 	3 	30
20310200000000 20310300000210 	2600006264 7592205785 451264 	2599555000 451264 0 0 0 	13379767 451264 0 	490.068 	3 	30
20335800000000 20335900000210 	2800006684 8176334241 482904 	2799523780 482904 0 0 0 	14316178 482904 0 	489.703 	3 	30
20361400000000 20361500000210 	3000007104 8760539319 514872 	2999492232 514872 0 0 0 	15251739 514872 0 	489.386 	3 	30
20387000000000 20387100000210 	3200007524 9344737335 546262 	3199461262 546262 0 0 0 	16181441 546262 0 	489.11 	3 	30
20412600000000 20412700000210 	3400007944 9928937068 577210 	3399430734 577210 0 0 0 	17093112 577210 0 	488.866 	3 	30
20438200000000 20438300000210 	3600008364 10513192025 608054 	3599400310 608054 0 0 0 	18011217 608054 0 	488.65 	3 	30
20463800000000 20463900000381 	3800009126 11097432340 638168 	3799370958 638168 0 0 0 	18905552 638168 0 	488.241 	3 	30
20489400000000 20489500000381 	4000009888 11681780038 668357 	3999341531 668357 0 0 0 	19794368 668357 0 	487.874 	3 	30
20515000000000 20515100000381 	4200010650 12266030584 698198 	4199312452 698198 0 0 0 	20673823 698198 0 	487.542 	3 	30
20540600000000 20540700000381 	4400011412 12850399545 727651 	4399283761 727651 0 0 0 	21537644 727651 0 	487.241 	3 	30
20566200000000 20566300000381 	4600012174 13434760554 756789 	4599255385 756789 0 0 0 	22408549 756789 0 	486.966 	3 	30
20591800000000 20591900000381 	4800012936 14019151344 785575 	4799227361 785575 0 0 0 	23255949 785575 0 	486.715 	3 	30
20617400000000 20617500000468 	5000013872 14603580931 814265 	4999199607 814265 0 0 0 	24102755 814265 0 	486.36 	3 	30
20643000000000 20643100000468 	5200014808 15187980616 842591 	5199172217 842591 0 0 0 	24948670 842591 0 	486.033 	3 	30
20668600000000 20668700000468 	5400015744 15772381039 870462 	5399145282 870462 0 0 0 	25782848 870462 0 	485.731 	3 	30
20694200000000 20694300000468 	5600016680 16356847486 897844 	5599118836 897844 0 0 0 	26589329 897844 0 	485.45 	3 	30
20719800000000 20719900000468 	5800017616 16941350064 924801 	5799092815 924801 0 0 0 	27401915 924801 0 	485.19 	3 	30
20745400000000 20745500000468 	6000018552 17525830021 951662 	5999066890 951662 0 0 0 	28188047 951662 0 	484.946 	3 	30
20771000000000 20771100000254 	6200019060 18110399323 978295 	6199040765 978295 0 0 0 	28976990 978295 0 	484.585 	3 	30
20796600000000 20796700000254 	6400019568 18694950939 1004753 	6399014815 1004753 0 0 0 	29762015 1004753 0 	484.247 	3 	30
20822200000000 20822300000254 	6600020076 19279515876 1030782 	6598989294 1030782 0 0 0 	30529775 1030782 0 	483.93 	3 	30
20847800000000 20847900000254 	6800020584 19864077975 1056497 	6798964087 1056497 0 0 0 	31295733 1056497 0 	483.632 	3 	30
20873400000000 20873500000254 	7000021092 20448735039 1082286 	6998938806 1082286 0 0 0 	32057579 1082286 0 	483.352 	3 	30
20899000000000 20899100000254 	7200021600 21033352396 1107429 	7198914171 1107429 0 0 0 	32800599 1107429 0 	483.087 	3 	30
20924600000000 20924700000365 	7400022330 21617995951 1132447 	7398889883 1132447 0 0 0 	33541268 1132447 0 	482.752 	3 	30
20950200000000 20950300000365 	7600023060 22202696638 1157179 	7598865881 1157179 0 0 0 	34275627 1157179 0 	482.435 	3 	30
20975800000000 20975900000365 	7800023790 22787391750 1181781 	7798842009 1181781 0 0 0 	35012778 1181781 0 	482.135 	3 	30
21001400000000 21001500000365 	8000024520 23372125360 1205983 	7998818537 1205983 0 0 0 	35738434 1205983 0 	481.85 	3 	30
21027000000000 21027100000365 	8200025250 23956828711 1229698 	8198795552 1229698 0 0 0 	36440240 1229698 0 	481.58 	3 	30
21052600000000 21052700000365 	8400025980 24541595327 1253238 	8398772742 1253238 0 0 0 	37135760 1253238 0 	481.322 	3 	30
21078200000000 21078300000368 	8600026716 25126395071 1276726 	8598749990 1276726 0 0 0 	37823599 1276726 0 	481.004 	3 	30
21103800000000 21103900000368 	8800027452 25711181146 1300063 	8798727389 1300063 0 0 0 	38514380 1300063 0 	480.7 	3 	30
21129400000000 21129500000368 	9000028188 26296043052 1322915 	8998705273 1322915 0 0 0 	39192496 1322915 0 	480.411 	3 	30
21155000000000 21155100000368 	9200028924 26880833591 1345408 	9198683516 1345408 0 0 0 	39856178 1345408 0 	480.134 	3 	30
21180600000000 21180700000368 	9400029660 27465735153 1367964 	9398661696 1367964 0 0 0 	40519441 1367964 0 	479.869 	3 	30
21206200000000 21206300000368 	9600030396 28050611813 1390072 	9598640324 1390072 0 0 0 	41188556 1390072 0 	479.616 	3 	30
21231800000000 21231900000352 	9800031100 28635544904 1412209 	9798618891 1412209 0 0 0 	41840892 1412209 0 	479.287 	3 	30
21257400000000 21257500000352 	10000031804 29220446818 1433929 	9998597875 1433929 0 0 0 	42484059 1433929 0 	478.971 	3 	30
21283000000000 21283100000352 	10200032508 29805363600 1455246 	10198577262 1455246 0 0 0 	43105668 1455246 0 	478.668 	3 	30
21308600000000 21308700000352 	10400033212 30390343610 1476551 	10398556661 1476551 0 0 0 	43740355 1476551 0 	478.377 	3 	30
21334200000000 21334300000352 	10600033916 30975346050 1497526 	10598536390 1497526 0 0 0 	44364813 1497526 0 	478.098 	3 	30
21359800000000 21359900000352 	10800034620 31560308297 1518384 	10798516236 1518384 0 0 0 	44982328 1518384 0 	477.829 	3 	30
21385400000000 21385500000120 	11000034860 32145393367 1539087 	10998495773 1539087 0 0 0 	45606934 1539087 0 	477.512 	3 	30
21411000000000 21411100000120 	11200035100 32730414921 1559547 	11198475553 1559547 0 0 0 	46212195 1559547 0 	477.207 	3 	30
21436600000000 21436700000120 	11400035340 33315477766 1579604 	11398455736 1579604 0 0 0 	46808484 1579604 0 	476.913 	3 	30
21462200000000 21462300000120 	11600035580 33900585524 1599426 	11598436154 1599426 0 0 0 	47401167 1599426 0 	476.629 	3 	30
21487800000000 21487900000120 	11800035820 34485776303 1619305 	11798416515 1619305 0 0 0 	47998272 1619305 0 	476.355 	3 	30
21513400000000 21513500000120 	12000036060 35070873094 1638810 	11998397250 1638810 0 0 0 	48580814 1638810 0 	476.091 	3 	30
21539000000000 21539100000178 	12200036416 35656012716 1658038 	12198378378 1658038 0 0 0 	49148423 1658038 0 	475.783 	3 	30
21564600000000 21564700000178 	12400036772 36241137348 1676991 	12398359781 1676991 0 0 0 	49716295 1676991 0 	475.485 	3 	30
21590200000000 21590300000178 	12600037128 36826367414 1696044 	12598341084 1696044 0 0 0 	50283499 1696044 0 	475.197 	3 	30
21615800000000 21615900000178 	12800037484 37411640075 1714561 	12798322923 1714561 0 0 0 	50827378 1714561 0 	474.919 	3 	30
21641400000000 21641500000178 	13000037840 37996903546 1732941 	12998304899 1732941 0 0 0 	51375869 1732941 0 	474.649 	3 	30
21667000000000 21667100000178 	13200038196 38582131542 1751077 	13198287119 1751077 0 0 0 	51919462 1751077 0 	474.388 	3 	30
21692600000000 21692700000355 	13400038906 39167372054 1769285 	13398269621 1769285 0 0 0 	52457344 1769285 0 	474.086 	3 	30
21718200000000 21718300000355 	13600039616 39752653828 1787277 	13598252339 1787277 0 0 0 	52991807 1787277 0 	473.794 	3 	30
21743800000000 21743900000355 	13800040326 40337927322 1804885 	13798235441 1804885 0 0 0 	53510056 1804885 0 	473.51 	3 	30
21769400000000 21769500000355 	14000041036 40923198922 1822381 	13998218655 1822381 0 0 0 	54027560 1822381 0 	473.235 	3 	30
21795000000000 21795100000355 	14200041746 41508568366 1839644 	14198202102 1839644 0 0 0 	54545001 1839644 0 	472.968 	3 	30
21820600000000 21820700000230 	14400042206 42093906497 1856883 	14398185323 1856883 0 0 0 	55054566 1856883 0 	472.649 	3 	30
21846200000000 21846300000230 	14600042666 42679363231 1873773 	14598168893 1873773 0 0 0 	55557157 1873773 0 	472.338 	3 	30
21871800000000 21871900000230 	14800043126 43264791338 1890703 	14798152423 1890703 0 0 0 	56053572 1890703 0 	472.036 	3 	30
21897400000000 21897500000230 	15000043586 43850222086 1907376 	14998136210 1907376 0 0 0 	56550201 1907376 0 	471.743 	3 	30
21923000000000 21923100000230 	15200044046 44435732401 1923586 	15198120460 1923586 0 0 0 	57037105 1923586 0 	471.457 	3 	30
21948600000000 21948700000230 	15400044506 45021256738 1939877 	15398104629 1939877 0 0 0 	57521594 1939877 0 	471.18 	3 	30
21974200000000 21974300000320 	15600045146 45606777498 1956096 	15598089050 1956096 0 0 0 	58009706 1956096 0 	470.868 	3 	30
21999800000000 21999900000320 	15800045786 46192308731 1971923 	15798073863 1971923 0 0 0 	58477204 1971923 0 	470.564 	3 	30
22025400000000 22025500000320 	16000046426 46777902088 1987620 	15998058806 1987620 0 0 0 	58947213 1987620 0 	470.267 	3 	30
22051000000000 22051100000320 	16200047066 47363518573 2003078 	16198043988 2003078 0 0 0 	59410387 2003078 0 	469.979 	3 	30
22076600000000 22076700000320 	16400047706 47949114713 2018423 	16398029283 2018423 0 0 0 	59863048 2018423 0 	469.698 	3 	30
22102200000000 22102300000320 	16600048346 48534694644 2033707 	16598014639 2033707 0 0 0 	60319246 2033707 0 	469.424 	3 	30
22127800000000 22127900000400 	16800049146 49120354046 2048955 	16798000191 2048955 0 0 0 	60768493 2048955 0 	469.118 	3 	30
22153400000000 22153500000400 	17000049946 49705977381 2063895 	16997986051 2063895 0 0 0 	61217811 2063895 0 	468.819 	3 	30
22179000000000 22179100000400 	17200050746 50291648289 2078547 	17197972199 2078547 0 0 0 	61643233 2078547 0 	468.527 	3 	30
22204600000000 22204700000400 	17400051546 50877385402 2093156 	17397958390 2093156 0 0 0 	62073170 2093156 0 	468.243 	3 	30
22230200000000 22230300000400 	17600052346 51463073957 2107504 	17597944842 2107504 0 0 0 	62501873 2107504 0 	467.965 	3 	30
22255800000000 22255900000400 	17800053146 52048775683 2121780 	17797931366 2121780 0 0 0 	62924321 2121780 0 	467.694 	3 	30
22281400000000 22281500000290 	18000053726 52634560947 2135953 	17997917773 2135953 0 0 0 	63345676 2135953 0 	467.392 	3 	30
22307000000000 22307100000290 	18200054306 53220346635 2149910 	18197904396 2149910 0 0 0 	63760632 2149910 0 	467.097 	3 	30
22332600000000 22332700000290 	18400054886 53806157496 2163558 	18397891328 2163558 0 0 0 	64161972 2163558 0 	466.809 	3 	30
22358200000000 22358300000290 	18600055466 54391987023 2177395 	18597878071 2177395 0 0 0 	64571729 2177395 0 	466.527 	3 	30
22383800000000 22383900000290 	18800056046 54977876353 2191028 	18797865018 2191028 0 0 0 	64973325 2191028 0 	466.252 	3 	30
22409400000000 22409500000290 	19000056626 55563691307 2204284 	18997852342 2204284 0 0 0 	65364400 2204284 0 	465.983 	3 	30
22435000000000 22435100000249 	19200057124 56149536244 2217551 	19197839573 2217551 0 0 0 	65755195 2217551 0 	465.685 	3 	30
22460600000000 22460700000249 	19400057622 56735442400 2230678 	19397826944 2230678 0 0 0 	66146911 2230678 0 	465.393 	3 	30
22486200000000 22486300000249 	19600058120 57321363143 2243655 	19597814465 2243655 0 0 0 	66536820 2243655 0 	465.108 	3 	30
22511800000000 22511900000249 	19800058618 57907291175 2256369 	19797802249 2256369 0 0 0 	66914751 2256369 0 	464.828 	3 	30
22537400000000 22537500000249 	20000059116 58493217716 2269185 	19997789931 2269185 0 0 0 	67297493 2269185 0 	464.555 	3 	30
22563000000000 22563100000249 	20200059614 59079109202 2282029 	20197777585 2282029 0 0 0 	67678441 2282029 0 	464.287 	3 	30
22588600000000 22588700000088 	20400059790 59665155479 2294362 	20397765428 2294362 0 0 0 	68046409 2294362 0 	463.992 	3 	30
22614200000000 22614300000088 	20600059966 60251148133 2306619 	20597753347 2306619 0 0 0 	68410332 2306619 0 	463.703 	3 	30
22639800000000 22639900000088 	20800060142 60837218158 2318807 	20797741335 2318807 0 0 0 	68773757 2318807 0 	463.42 	3 	30
22665400000000 22665500000088 	21000060318 61423313351 2330707 	20997729611 2330707 0 0 0 	69126456 2330707 0 	463.143 	3 	30
22691000000000 22691100000088 	21200060494 62009419037 2342581 	21197717913 2342581 0 0 0 	69477752 2342581 0 	462.871 	3 	30
22716600000000 22716700000088 	21400060670 62595526536 2354367 	21397706303 2354367 0 0 0 	69826896 2354367 0 	462.604 	3 	30
22742200000000 22742300000110 	21600060890 63181642423 2365859 	21597695031 2365859 0 0 0 	70170974 2365859 0 	462.322 	3 	30
22767800000000 22767900000110 	21800061110 63767842260 2377226 	21797683884 2377226 0 0 0 	70513182 2377226 0 	462.046 	3 	30
22793400000000 22793500000110 	22000061330 64354011656 2388613 	21997672717 2388613 0 0 0 	70859441 2388613 0 	461.774 	3 	30
22819000000000 22819100000110 	22200061550 64940214979 2399806 	22197661744 2399806 0 0 0 	71193708 2399806 0 	461.508 	3 	30
22844600000000 22844700000110 	22400061770 65526371958 2410944 	22397650826 2410944 0 0 0 	71523100 2410944 0 	461.247 	3 	30
22870200000000 22870300000110 	22600061990 66112530225 2421984 	22597640006 2421984 0 0 0 	71848726 2421984 0 	460.991 	3 	30
22895800000000 22895900000189 	22800062368 66698774253 2432859 	22797629509 2432859 0 0 0 	72171117 2432859 0 	460.71 	3 	30
22921400000000 22921500000189 	23000062746 67285109098 2443635 	22997619111 2443635 0 0 0 	72490841 2443635 0 	460.434 	3 	30
22947000000000 22947100000189 	23200063124 67871384931 2454376 	23197608748 2454376 0 0 0 	72815131 2454376 0 	460.163 	3 	30
22972600000000 22972700000189 	23400063502 68457706760 2464933 	23397598569 2464933 0 0 0 	73129712 2464933 0 	459.897 	3 	30
22998200000000 22998300000189 	23600063880 69044029298 2475417 	23597588463 2475417 0 0 0 	73437374 2475417 0 	459.636 	3 	30
23023800000000 23023900000189 	23800064258 69630348978 2485803 	23797578455 2485803 0 0 0 	73748442 2485803 0 	459.379 	3 	30
23049400000000 23049500000060 	24000064378 70216704605 2496037 	23997568341 2496037 0 0 0 	74053261 2496037 0 	459.099 	3 	30
23075000000000 23075100000060 	24200064498 70803153082 2506184 	24197558314 2506184 0 0 0 	74359909 2506184 0 	458.823 	3 	30
23100600000000 23100700000060 	24400064618 71389564781 2516122 	24397548496 2516122 0 0 0 	74656627 2516122 0 	458.553 	3 	30
23126200000000 23126300000060 	24600064738 71975924008 2526031 	24597538707 2526031 0 0 0 	74946629 2526031 0 	458.287 	3 	30
23151800000000 23151900000060 	24800064858 72562384813 2535629 	24797529229 2535629 0 0 0 	75233916 2535629 0 	458.025 	3 	30
23177400000000 23177500000060 	25000064978 73148901224 2545151 	24997519827 2545151 0 0 0 	75518837 2545151 0 	457.769 	3 	30
23203000000000 23203100000375 	25200065728 73735399004 2554555 	25197511173 2554555 0 0 0 	75796136 2554555 0 	457.489 	3 	30
23228600000000 23228700000375 	25400066478 74321908481 2563942 	25397502536 2563942 0 0 0 	76073466 2563942 0 	457.213 	3 	30
23254200000000 23254300000375 	25600067228 74908393619 2573321 	25597493907 2573321 0 0 0 	76351131 2573321 0 	456.943 	3 	30
23279800000000 23279900000375 	25800067978 75494998394 2582456 	25797485522 2582456 0 0 0 	76622152 2582456 0 	456.677 	3 	30
23305400000000 23305500000375 	26000068728 76081555231 2591564 	25997477164 2591564 0 0 0 	76890666 2591564 0 	456.415 	3 	30
23331000000000 23331100000375 	26200069478 76668145026 2600556 	26197468922 2600556 0 0 0 	77153789 2600556 0 	456.158 	3 	30
23356600000000 23356700000074 	26400069626 77254725418 2609461 	26397460165 2609461 0 0 0 	77417405 2609461 0 	455.878 	3 	30
23382200000000 23382300000074 	26600069774 77841383022 2618401 	26597451373 2618401 0 0 0 	77682644 2618401 0 	455.603 	3 	30
23407800000000 23407900000074 	26800069922 78428051090 2627082 	26797442840 2627082 0 0 0 	77934629 2627082 0 	455.333 	3 	30
23433400000000 23433500000074 	27000070070 79014759377 2635752 	26997434318 2635752 0 0 0 	78193935 2635752 0 	455.066 	3 	30
23459000000000 23459100000074 	27200070218 79601443011 2644168 	27197426050 2644168 0 0 0 	78441936 2644168 0 	454.804 	3 	30
23484600000000 23484700000074 	27400070366 80188145587 2652702 	27397417664 2652702 0 0 0 	78698711 2652702 0 	454.546 	3 	30
23510200000000 23510300000320 	27600071006 80774867132 2661187 	27597409819 2661187 0 0 0 	78950401 2661187 0 	454.276 	3 	30
23535800000000 23535900000320 	27800071646 81361676811 2669419 	27797402227 2669419 0 0 0 	79203638 2669419 0 	454.009 	3 	30
23561400000000 23561500000320 	28000072286 81948423137 2677691 	27997394595 2677691 0 0 0 	79455924 2677691 0 	453.747 	3 	30
23587000000000 23587100000320 	28200072926 82535269106 2685831 	28197387095 2685831 0 0 0 	79699524 2685831 0 	453.488 	3 	30
23612600000000 23612700000320 	28400073566 83122084471 2693934 	28397379632 2693934 0 0 0 	79940016 2693934 0 	453.234 	3 	30
23638200000000 23638300000353 	28600074272 83708937008 2701838 	28597372434 2701838 0 0 0 	80178900 2701838 0 	452.958 	3 	30
23663800000000 23663900000353 	28800074978 84295774226 2709744 	28797365234 2709744 0 0 0 	80419263 2709744 0 	452.687 	3 	30
23689400000000 23689500000353 	29000075684 84882622712 2717419 	28997358265 2717419 0 0 0 	80645832 2717419 0 	452.42 	3 	30
23715000000000 23715100000353 	29200076390 85469464915 2725096 	29197351294 2725096 0 0 0 	80873805 2725096 0 	452.157 	3 	30
23740600000000 23740700000353 	29400077096 86056368350 2732879 	29397344217 2732879 0 0 0 	81104119 2732879 0 	451.898 	3 	30
23766200000000 23766300000353 	29600077802 86643284460 2740382 	29597337420 2740382 0 0 0 	81328622 2740382 0 	451.643 	3 	30
23791800000000 23791900000044 	29800077890 87230222389 2747813 	29797330077 2747813 0 0 0 	81553790 2747813 0 	451.367 	3 	30
23817400000000 23817500000044 	30000077978 87817203677 2755120 	29997322858 2755120 0 0 0 	81772536 2755120 0 	451.096 	3 	30
23843000000000 23843100000044 	30200078066 88404210432 2762447 	30197315619 2762447 0 0 0 	81989345 2762447 0 	450.828 	3 	30
