20003100000000 20003200000476 	200000952 583849286 36626 	199964326 36626 0 0 0 	1094201 36626 0 	492 	3 	31
20028700000000 20028800000476 	400001904 1167712832 73311 	399928593 73311 0 0 0 	2170519 73311 0 	492 	3 	31
20054300000000 20054400000476 	600002856 1751618623 109458 	599893398 109458 0 0 0 	3242714 109458 0 	492 	3 	31
20079900000000 20080000000476 	800003808 2335534947 144877 	799858931 144877 0 0 0 	4299091 144877 0 	492 	3 	31
20105500000000 20105600000476 	1000004760 2919495600 180130 	999824630 180130 0 0 0 	5345027 180130 0 	492 	3 	31
20131100000000 20131200000476 	1200005712 3503501555 215046 	1199790666 215046 0 0 0 	6381234 215046 0 	492 	3 	31
20156700000000 20156800000011 	1400005734 4087469182 249400 	1399756334 249400 0 0 0 	7399525 249400 0 	491.569 	3 	31
20182300000000 20182400000011 	1600005756 4671514393 283389 	1599722367 283389 0 0 0 	8411163 283389 0 	491.247 	3 	31
20207900000000 20208000000011 	1800005778 5255582794 317313 	1799688465 317313 0 0 0 	9412886 317313 0 	490.996 	3 	31
20233500000000 20233600000011 	2000005800 5839665309 350943 	1999654857 350943 0 0 0 	10406745 350943 0 	490.796 	3 	31
20259100000000 20259200000011 	2200005822 6423731128 383974 	2199621848 383974 0 0 0 	11386677 383974 0 	490.632 	3 	31
20284700000000 20284800000011 	2400005844 7007849573 416703 	2399589141 416703 0 0 0 	12354123 416703 0 	490.495 	3 	31
20310300000000 20310400000210 	2600006264 7592032493 449048 	2599557216 449048 0 0 0 	13322170 449048 0 	490.068 	3 	31
20335900000000 20336000000210 	2800006684 8176208899 481256 	2799525428 481256 0 0 0 	14286805 481256 0 	489.703 	3 	31
20361500000000 20361600000210 	3000007104 8760438435 513281 	2999493823 513281 0 0 0 	15232104 513281 0 	489.386 	3 	31
20387100000000 20387200000210 	3200007524 9344694320 544881 	3199462643 544881 0 0 0 	16166554 544881 0 	489.11 	3 	31
20412700000000 20412800000210 	3400007944 9928893787 575855 	3399432089 575855 0 0 0 	17079070 575855 0 	488.866 	3 	31
20438300000000 20438400000210 	3600008364 10513107752 606354 	3599402010 606354 0 0 0 	17983336 606354 0 	488.65 	3 	31
20463900000000 20464000000381 	3800009126 11097400652 636704 	3799372422 636704 0 0 0 	18884966 636704 0 	488.241 	3 	31
20489500000000 20489600000381 	4000009888 11681601170 666582 	3999343306 666582 0 0 0 	19770269 666582 0 	487.874 	3 	31
20515100000000 20515200000381 	4200010650 12265890476 696234 	4199314416 696234 0 0 0 	20652854 696234 0 	487.542 	3 	31
20540700000000 20540800000381 	4400011412 12850183656 725931 	4399285481 725931 0 0 0 	21531870 725931 0 	487.241 	3 	31
20566300000000 20566400000381 	4600012174 13434545284 755126 	4599257048 755126 0 0 0 	22400524 755126 0 	486.966 	3 	31
20591900000000 20592000000381 	4800012936 14018936636 783908 	4799229028 783908 0 0 0 	23252222 783908 0 	486.715 	3 	31
20617500000000 20617600000468 	5000013872 14603327128 812377 	4999201495 812377 0 0 0 	24094143 812377 0 	486.36 	3 	31
20643100000000 20643200000468 	5200014808 15187709002 840626 	5199174182 840626 0 0 0 	24939268 840626 0 	486.033 	3 	31
20668700000000 20668800000468 	5400015744 15772137146 868722 	5399147022 868722 0 0 0 	25775723 868722 0 	485.731 	3 	31
20694300000000 20694400000468 	5600016680 16356589820 896387 	5599120293 896387 0 0 0 	26593360 896387 0 	485.45 	3 	31
20719900000000 20720000000468 	5800017616 16941083401 923738 	5799093878 923738 0 0 0 	27410285 923738 0 	485.19 	3 	31
20745500000000 20745600000468 	6000018552 17525586077 950557 	5999067995 950557 0 0 0 	28209350 950557 0 	484.946 	3 	31
20771100000000 20771200000254 	6200019060 18110127568 977212 	6199041848 977212 0 0 0 	28998631 977212 0 	484.585 	3 	31
20796700000000 20796800000254 	6400019568 18694697524 1003536 	6399016032 1003536 0 0 0 	29781168 1003536 0 	484.247 	3 	31
20822300000000 20822400000254 	6600020076 19279270662 1029634 	6598990442 1029634 0 0 0 	30555376 1029634 0 	483.93 	3 	31
20847900000000 20848000000254 	6800020584 19863902998 1055282 	6798965302 1055282 0 0 0 	31317561 1055282 0 	483.632 	3 	31
20873500000000 20873600000254 	7000021092 20448487050 1080979 	6998940113 1080979 0 0 0 	32079461 1080979 0 	483.352 	3 	31
20899100000000 20899200000254 	7200021600 21033187359 1106085 	7198915515 1106085 0 0 0 	32820798 1106085 0 	483.087 	3 	31
20924700000000 20924800000365 	7400022330 21617850352 1131063 	7398891267 1131063 0 0 0 	33550242 1131063 0 	482.752 	3 	31
20950300000000 20950400000365 	7600023060 22202485570 1155984 	7598867076 1155984 0 0 0 	34292874 1155984 0 	482.435 	3 	31
20975900000000 20976000000365 	7800023790 22787184653 1180623 	7798843167 1180623 0 0 0 	35026644 1180623 0 	482.135 	3 	31
21001500000000 21001600000365 	8000024520 23371897256 1204620 	7998819900 1204620 0 0 0 	35734508 1204620 0 	481.85 	3 	31
21027100000000 21027200000365 	8200025250 23956625881 1228718 	8198796532 1228718 0 0 0 	36445321 1228718 0 	481.58 	3 	31
21052700000000 21052800000365 	8400025980 24541334925 1252209 	8398773771 1252209 0 0 0 	37135641 1252209 0 	481.322 	3 	31
21078300000000 21078400000368 	8600026716 25126092111 1275708 	8598751008 1275708 0 0 0 	37829324 1275708 0 	481.004 	3 	31
21103900000000 21104000000368 	8800027452 25710915583 1298777 	8798728675 1298777 0 0 0 	38516305 1298777 0 	480.7 	3 	31
21129500000000 21129600000368 	9000028188 26295756077 1321986 	8998706202 1321986 0 0 0 	39206953 1321986 0 	480.411 	3 	31
21155100000000 21155200000368 	9200028924 26880605389 1344518 	9198684406 1344518 0 0 0 	39878592 1344518 0 	480.134 	3 	31
21180700000000 21180800000368 	9400029660 27465440771 1366968 	9398662692 1366968 0 0 0 	40548881 1366968 0 	479.869 	3 	31
21206300000000 21206400000368 	9600030396 28050296591 1389397 	9598640999 1389397 0 0 0 	41214695 1389397 0 	479.616 	3 	31
21231900000000 21232000000352 	9800031100 28635183958 1411278 	9798619822 1411278 0 0 0 	41862700 1411278 0 	479.287 	3 	31
21257500000000 21257600000352 	10000031804 29220097362 1432798 	9998599006 1432798 0 0 0 	42498371 1432798 0 	478.971 	3 	31
21283100000000 21283200000352 	10200032508 29805077166 1454217 	10198578291 1454217 0 0 0 	43133040 1454217 0 	478.668 	3 	31
21308700000000 21308800000352 	10400033212 30390024553 1475432 	10398557780 1475432 0 0 0 	43760328 1475432 0 	478.377 	3 	31
21334300000000 21334400000352 	10600033916 30975047178 1496449 	10598537467 1496449 0 0 0 	44382573 1496449 0 	478.098 	3 	31
21359900000000 21360000000352 	10800034620 31560082313 1517512 	10798517108 1517512 0 0 0 	45007407 1517512 0 	477.829 	3 	31
21385500000000 21385600000120 	11000034860 32145099605 1538256 	10998496604 1538256 0 0 0 	45618726 1538256 0 	477.512 	3 	31
21411100000000 21411200000120 	11200035100 32730174802 1558571 	11198476529 1558571 0 0 0 	46222517 1558571 0 	477.207 	3 	31
21436700000000 21436800000120 	11400035340 33315285466 1578852 	11398456488 1578852 0 0 0 	46828956 1578852 0 	476.913 	3 	31
21462300000000 21462400000120 	11600035580 33900387038 1599009 	11598436571 1599009 0 0 0 	47427417 1599009 0 	476.629 	3 	31
21487900000000 21488000000120 	11800035820 34485558147 1618806 	11798417014 1618806 0 0 0 	48016882 1618806 0 	476.355 	3 	31
21513500000000 21513600000120 	12000036060 35070769844 1638353 	11998397707 1638353 0 0 0 	48601072 1638353 0 	476.091 	3 	31
21539100000000 21539200000178 	12200036416 35655918793 1657729 	12198378687 1657729 0 0 0 	49184450 1657729 0 	475.783 	3 	31
21564700000000 21564800000178 	12400036772 36241117889 1676815 	12398359957 1676815 0 0 0 	49745028 1676815 0 	475.485 	3 	31
21590300000000 21590400000178 	12600037128 36826334366 1695717 	12598341411 1695717 0 0 0 	50308841 1695717 0 	475.197 	3 	31
21615900000000 21616000000178 	12800037484 37411494276 1714256 	12798323228 1714256 0 0 0 	50861690 1714256 0 	474.919 	3 	31
21641500000000 21641600000178 	13000037840 37996725877 1732692 	12998305148 1732692 0 0 0 	51403832 1732692 0 	474.649 	3 	31
21667100000000 21667200000178 	13200038196 38582002315 1750960 	13198287236 1750960 0 0 0 	51947271 1750960 0 	474.388 	3 	31
21692700000000 21692800000355 	13400038906 39167275808 1768968 	13398269938 1768968 0 0 0 	52486000 1768968 0 	474.086 	3 	31
21718300000000 21718400000355 	13600039616 39752540200 1787046 	13598252570 1787046 0 0 0 	53026865 1787046 0 	473.794 	3 	31
21743900000000 21744000000355 	13800040326 40337825157 1804694 	13798235632 1804694 0 0 0 	53547665 1804694 0 	473.51 	3 	31
21769500000000 21769600000355 	14000041036 40923174347 1822419 	13998218617 1822419 0 0 0 	54075013 1822419 0 	473.235 	3 	31
21795100000000 21795200000355 	14200041746 41508520151 1839730 	14198202016 1839730 0 0 0 	54589203 1839730 0 	472.968 	3 	31
21820700000000 21820800000230 	14400042206 42093844292 1857029 	14398185177 1857029 0 0 0 	55106793 1857029 0 	472.649 	3 	31
21846300000000 21846400000230 	14600042666 42679275207 1874252 	14598168414 1874252 0 0 0 	55620139 1874252 0 	472.338 	3 	31
21871900000000 21872000000230 	14800043126 43264660626 1891333 	14798151793 1891333 0 0 0 	56131212 1891333 0 	472.036 	3 	31
21897500000000 21897600000230 	15000043586 43850125636 1907937 	14998135649 1907937 0 0 0 	56623667 1907937 0 	471.743 	3 	31
21923100000000 21923200000230 	15200044046 44435581320 1924420 	15198119626 1924420 0 0 0 	57113532 1924420 0 	471.457 	3 	31
21948700000000 21948800000230 	15400044506 45021048420 1940757 	15398103749 1940757 0 0 0 	57598037 1940757 0 	471.18 	3 	31
21974300000000 21974400000320 	15600045146 45606554026 1956853 	15598088293 1956853 0 0 0 	58078088 1956853 0 	470.868 	3 	31
21999900000000 22000000000320 	15800045786 46192070598 1972498 	15798073288 1972498 0 0 0 	58545037 1972498 0 	470.564 	3 	31
22025500000000 22025600000320 	16000046426 46777615270 1988194 	15998058232 1988194 0 0 0 	59013022 1988194 0 	470.267 	3 	31
22051100000000 22051200000320 	16200047066 47363221264 2003695 	16198043371 2003695 0 0 0 	59471910 2003695 0 	469.979 	3 	31
22076700000000 22076800000320 	16400047706 47948804994 2019278 	16398028428 2019278 0 0 0 	59934449 2019278 0 	469.698 	3 	31
22102300000000 22102400000320 	16600048346 48534401206 2034300 	16598014046 2034300 0 0 0 	60378533 2034300 0 	469.424 	3 	31
22127900000000 22128000000400 	16800049146 49120005800 2049375 	16797999771 2049375 0 0 0 	60832556 2049375 0 	469.118 	3 	31
22153500000000 22153600000400 	17000049946 49705714583 2064487 	16997985459 2064487 0 0 0 	61279111 2064487 0 	468.819 	3 	31
22179100000000 22179200000400 	17200050746 50291420260 2079457 	17197971289 2079457 0 0 0 	61728309 2079457 0 	468.527 	3 	31
22204700000000 22204800000400 	17400051546 50877082591 2094072 	17397957474 2094072 0 0 0 	62163322 2094072 0 	468.243 	3 	31
22230300000000 22230400000400 	17600052346 51462823458 2108554 	17597943792 2108554 0 0 0 	62599228 2108554 0 	467.965 	3 	31
22255900000000 22256000000400 	17800053146 52048588884 2123137 	17797930009 2123137 0 0 0 	63028961 2123137 0 	467.694 	3 	31
22281500000000 22281600000290 	18000053726 52634382950 2137424 	17997916302 2137424 0 0 0 	63452588 2137424 0 	467.392 	3 	31
22307100000000 22307200000290 	18200054306 53220148276 2151330 	18197902976 2151330 0 0 0 	63868260 2151330 0 	467.097 	3 	31
22332700000000 22332800000290 	18400054886 53805870935 2165044 	18397889842 2165044 0 0 0 	64277498 2165044 0 	466.809 	3 	31
22358300000000 22358400000290 	18600055466 54391700521 2178907 	18597876559 2178907 0 0 0 	64692295 2178907 0 	466.527 	3 	31
22383900000000 22384000000290 	18800056046 54977532683 2192637 	18797863409 2192637 0 0 0 	65096198 2192637 0 	466.252 	3 	31
22409500000000 22409600000290 	19000056626 55563425503 2206127 	18997850499 2206127 0 0 0 	65494461 2206127 0 	465.983 	3 	31
22435100000000 22435200000249 	19200057124 56149331403 2219335 	19197837789 2219335 0 0 0 	65888289 2219335 0 	465.685 	3 	31
22460700000000 22460800000249 	19400057622 56735249611 2232456 	19397825166 2232456 0 0 0 	66275459 2232456 0 	465.393 	3 	31
22486300000000 22486400000249 	19600058120 57321156012 2245227 	19597812893 2245227 0 0 0 	66656074 2245227 0 	465.108 	3 	31
22511900000000 22512000000249 	19800058618 57907109117 2258037 	19797800581 2258037 0 0 0 	67033435 2258037 0 	464.828 	3 	31
22537500000000 22537600000249 	20000059116 58493067978 2270540 	19997788576 2270540 0 0 0 	67404315 2270540 0 	464.555 	3 	31
22563100000000 22563200000249 	20200059614 59079039847 2283118 	20197776496 2283118 0 0 0 	67774330 2283118 0 	464.287 	3 	31
22588700000000 22588800000088 	20400059790 59665036638 2295524 	20397764266 2295524 0 0 0 	68142176 2295524 0 	463.992 	3 	31
22614300000000 22614400000088 	20600059966 60251128996 2307887 	20597752079 2307887 0 0 0 	68512740 2307887 0 	463.703 	3 	31
22639900000000 22640000000088 	20800060142 60837141011 2319985 	20797740157 2319985 0 0 0 	68869533 2319985 0 	463.42 	3 	31
22665500000000 22665600000088 	21000060318 61423221669 2332240 	20997728078 2332240 0 0 0 	69234548 2332240 0 	463.143 	3 	31
22691100000000 22691200000088 	21200060494 62009311738 2344084 	21197716410 2344084 0 0 0 	69585818 2344084 0 	462.871 	3 	31
22716700000000 22716800000088 	21400060670 62595354148 2355847 	21397704823 2355847 0 0 0 	69933934 2355847 0 	462.604 	3 	31
22742300000000 22742400000110 	21600060890 63181488025 2367481 	21597693409 2367481 0 0 0 	70278257 2367481 0 	462.322 	3 	31
22767900000000 22768000000110 	21800061110 63767664964 2379003 	21797682107 2379003 0 0 0 	70626693 2379003 0 	462.046 	3 	31
22793500000000 22793600000110 	22000061330 64353829280 2390303 	21997671027 2390303 0 0 0 	70963332 2390303 0 	461.774 	3 	31
22819100000000 22819200000110 	22200061550 64939992348 2401493 	22197660057 2401493 0 0 0 	71295727 2401493 0 	461.508 	3 	31
22844700000000 22844800000110 	22400061770 65526190180 2412822 	22397648948 2412822 0 0 0 	71628934 2412822 0 	461.247 	3 	31
22870300000000 22870400000110 	22600061990 66112377009 2423910 	22597638080 2423910 0 0 0 	71955202 2423910 0 	460.991 	3 	31
22895900000000 22896000000189 	22800062368 66698568458 2434704 	22797627664 2434704 0 0 0 	72281170 2434704 0 	460.71 	3 	31
22921500000000 22921600000189 	23000062746 67284872235 2445479 	22997617267 2445479 0 0 0 	72602140 2445479 0 	460.434 	3 	31
22947100000000 22947200000189 	23200063124 67871160442 2456278 	23197606846 2456278 0 0 0 	72923139 2456278 0 	460.163 	3 	31
22972700000000 22972800000189 	23400063502 68457503009 2466826 	23397596676 2466826 0 0 0 	73243394 2466826 0 	459.897 	3 	31
22998300000000 22998400000189 	23600063880 69043832845 2477233 	23597586647 2477233 0 0 0 	73556515 2477233 0 	459.636 	3 	31
23023900000000 23024000000189 	23800064258 69630204654 2487479 	23797576779 2487479 0 0 0 	73862329 2487479 0 	459.379 	3 	31
23049500000000 23049600000060 	24000064378 70216636250 2497844 	23997566534 2497844 0 0 0 	74172522 2497844 0 	459.099 	3 	31
23075100000000 23075200000060 	24200064498 70803044126 2508115 	24197556383 2508115 0 0 0 	74482958 2508115 0 	458.823 	3 	31
23100700000000 23100800000060 	24400064618 71389432822 2518093 	24397546525 2518093 0 0 0 	74778205 2518093 0 	458.553 	3 	31
23126300000000 23126400000060 	24600064738 71975815963 2527942 	24597536796 2527942 0 0 0 	75074766 2527942 0 	458.287 	3 	31
23151900000000 23152000000060 	24800064858 72562261402 2537743 	24797527115 2537743 0 0 0 	75372154 2537743 0 	458.025 	3 	31
23177500000000 23177600000060 	25000064978 73148755162 2547337 	24997517641 2547337 0 0 0 	75653914 2547337 0 	457.769 	3 	31
23203100000000 23203200000375 	25200065728 73735246149 2556752 	25197508976 2556752 0 0 0 	75938347 2556752 0 	457.489 	3 	31
23228700000000 23228800000375 	25400066478 74321746809 2566192 	25397500286 2566192 0 0 0 	76214114 2566192 0 	457.213 	3 	31
23254300000000 23254400000375 	25600067228 74908239902 2575574 	25597491654 2575574 0 0 0 	76489286 2575574 0 	456.943 	3 	31
23279900000000 23280000000375 	25800067978 75494790982 2584891 	25797483087 2584891 0 0 0 	76765553 2584891 0 	456.677 	3 	31
23305500000000 23305600000375 	26000068728 76081314023 2593910 	25997474818 2593910 0 0 0 	77034939 2593910 0 	456.415 	3 	31
23331100000000 23331200000375 	26200069478 76667917073 2603010 	26197466468 2603010 0 0 0 	77303409 2603010 0 	456.158 	3 	31
23356700000000 23356800000074 	26400069626 77254499368 2611949 	26397457677 2611949 0 0 0 	77567486 2611949 0 	455.878 	3 	31
23382300000000 23382400000074 	26600069774 77841091987 2620703 	26597449071 2620703 0 0 0 	77828308 2620703 0 	455.603 	3 	31
23407900000000 23408000000074 	26800069922 78427725700 2629509 	26797440413 2629509 0 0 0 	78093306 2629509 0 	455.333 	3 	31
23433500000000 23433600000074 	27000070070 79014339982 2638168 	26997431902 2638168 0 0 0 	78345881 2638168 0 	455.066 	3 	31
23459100000000 23459200000074 	27200070218 79600990617 2646769 	27197423449 2646769 0 0 0 	78605650 2646769 0 	454.804 	3 	31
23484700000000 23484800000074 	27400070366 80187679937 2655353 	27397415013 2655353 0 0 0 	78863438 2655353 0 	454.546 	3 	31
23510300000000 23510400000320 	27600071006 80774413511 2663823 	27597407183 2663823 0 0 0 	79111331 2663823 0 	454.276 	3 	31
23535900000000 23536000000320 	27800071646 81361230247 2672052 	27797399594 2672052 0 0 0 	79355943 2672052 0 	454.009 	3 	31
23561500000000 23561600000320 	28000072286 81947987644 2680308 	27997391978 2680308 0 0 0 	79594989 2680308 0 	453.747 	3 	31
23587100000000 23587200000320 	28200072926 82534859791 2688374 	28197384552 2688374 0 0 0 	79833728 2688374 0 	453.488 	3 	31
23612700000000 23612800000320 	28400073566 83121626361 2696528 	28397377038 2696528 0 0 0 	80075935 2696528 0 	453.234 	3 	31
23638300000000 23638400000353 	28600074272 83708488255 2704708 	28597369564 2704708 0 0 0 	80321286 2704708 0 	452.958 	3 	31
23663900000000 23664000000353 	28800074978 84295329752 2712734 	28797362244 2712734 0 0 0 	80559573 2712734 0 	452.687 	3 	31
23689500000000 23689600000353 	29000075684 84882157010 2720638 	28997355046 2720638 0 0 0 	80794493 2720638 0 	452.42 	3 	31
23715100000000 23715200000353 	29200076390 85469084982 2728495 	29197347895 2728495 0 0 0 	81026821 2728495 0 	452.157 	3 	31
23740700000000 23740800000353 	29400077096 86055971660 2736121 	29397340975 2736121 0 0 0 	81251385 2736121 0 	451.898 	3 	31
23766300000000 23766400000353 	29600077802 86642918344 2743872 	29597333930 2743872 0 0 0 	81483643 2743872 0 	451.643 	3 	31
23791900000000 23792000000044 	29800077890 87229880669 2751452 	29797326438 2751452 0 0 0 	81703203 2751452 0 	451.367 	3 	31
23817500000000 23817600000044 	30000077978 87816816990 2758836 	29997319142 2758836 0 0 0 	81920160 2758836 0 	451.096 	3 	31
23843100000000 23843200000044 	30200078066 88403828344 2766185 	30197311881 2766185 0 0 0 	82142631 2766185 0 	450.828 	3 	31
