20003200000000 20003300000476 	200000952 583858852 36810 	199964142 36810 0 0 0 	1084287 36810 0 	492 	3 	32
20028800000000 20028900000476 	400001904 1167766144 73542 	399928362 73542 0 0 0 	2185383 73542 0 	492 	3 	32
20054400000000 20054500000476 	600002856 1751664675 109652 	599893204 109652 0 0 0 	3257094 109652 0 	492 	3 	32
20080000000000 20080100000476 	800003808 2335632707 145157 	799858651 145157 0 0 0 	4312166 145157 0 	492 	3 	32
20105600000000 20105700000476 	1000004760 2919563951 180782 	999823978 180782 0 0 0 	5367667 180782 0 	492 	3 	32
20131200000000 20131300000476 	1200005712 3503587728 215761 	1199789951 215761 0 0 0 	6412630 215761 0 	492 	3 	32
20156800000000 20156900000011 	1400005734 4087666610 250248 	1399755486 250248 0 0 0 	7426992 250248 0 	491.569 	3 	32
20182400000000 20182500000011 	1600005756 4671731373 284433 	1599721323 284433 0 0 0 	8435111 284433 0 	491.247 	3 	32
20208000000000 20208100000011 	1800005778 5255818228 317938 	1799687840 317938 0 0 0 	9432130 317938 0 	490.996 	3 	32
20233600000000 20233700000011 	2000005800 5839943574 351369 	1999654431 351369 0 0 0 	10421943 351369 0 	490.796 	3 	32
20259200000000 20259300000011 	2200005822 6424064310 384504 	2199621318 384504 0 0 0 	11404253 384504 0 	490.632 	3 	32
20284800000000 20284900000011 	2400005844 7008164348 417294 	2399588550 417294 0 0 0 	12377892 417294 0 	490.495 	3 	32
20310400000000 20310500000210 	2600006264 7592319589 449592 	2599556672 449592 0 0 0 	13336799 449592 0 	490.068 	3 	32
20336000000000 20336100000210 	2800006684 8176478792 481596 	2799525088 481596 0 0 0 	14283120 481596 0 	489.703 	3 	32
20361600000000 20361700000210 	3000007104 8760639671 513494 	2999493610 513494 0 0 0 	15240066 513494 0 	489.386 	3 	32
20387200000000 20387300000210 	3200007524 9344861699 544788 	3199462736 544788 0 0 0 	16167704 544788 0 	489.11 	3 	32
20412800000000 20412900000210 	3400007944 9929057640 575712 	3399432232 575712 0 0 0 	17080546 575712 0 	488.866 	3 	32
20438400000000 20438500000210 	3600008364 10513301692 606233 	3599402131 606233 0 0 0 	17988572 606233 0 	488.65 	3 	32
20464000000000 20464100000381 	3800009126 11097599531 636501 	3799372625 636501 0 0 0 	18889887 636501 0 	488.241 	3 	32
20489600000000 20489700000381 	4000009888 11681854500 666368 	3999343520 666368 0 0 0 	19777767 666368 0 	487.874 	3 	32
20515200000000 20515300000381 	4200010650 12266147254 695987 	4199314663 695987 0 0 0 	20658743 695987 0 	487.542 	3 	32
20540800000000 20540900000381 	4400011412 12850487120 725387 	4399286025 725387 0 0 0 	21525431 725387 0 	487.241 	3 	32
20566400000000 20566500000381 	4600012174 13434878971 754886 	4599257288 754886 0 0 0 	22395315 754886 0 	486.966 	3 	32
20592000000000 20592100000381 	4800012936 14019278605 783823 	4799229113 783823 0 0 0 	23254062 783823 0 	486.715 	3 	32
20617600000000 20617700000468 	5000013872 14603688649 812223 	4999201649 812223 0 0 0 	24101870 812223 0 	486.36 	3 	32
20643200000000 20643300000468 	5200014808 15188106682 840383 	5199174425 840383 0 0 0 	24935209 840383 0 	486.033 	3 	32
20668800000000 20668900000468 	5400015744 15772556118 868202 	5399147542 868202 0 0 0 	25768168 868202 0 	485.731 	3 	32
20694400000000 20694500000468 	5600016680 16357017013 895869 	5599120811 895869 0 0 0 	26583800 895869 0 	485.45 	3 	32
20720000000000 20720100000468 	5800017616 16941499513 923091 	5799094525 923091 0 0 0 	27389862 923091 0 	485.19 	3 	32
20745600000000 20745700000468 	6000018552 17526024255 950082 	5999068470 950082 0 0 0 	28194725 950082 0 	484.946 	3 	32
20771200000000 20771300000254 	6200019060 18110531139 976723 	6199042337 976723 0 0 0 	28987150 976723 0 	484.585 	3 	32
20796800000000 20796900000254 	6400019568 18695060090 1003401 	6399016167 1003401 0 0 0 	29769585 1003401 0 	484.247 	3 	32
20822400000000 20822500000254 	6600020076 19279602096 1029497 	6598990579 1029497 0 0 0 	30540989 1029497 0 	483.93 	3 	32
20848000000000 20848100000254 	6800020584 19864133324 1055477 	6798965107 1055477 0 0 0 	31317316 1055477 0 	483.632 	3 	32
20873600000000 20873700000254 	7000021092 20448785559 1081362 	6998939730 1081362 0 0 0 	32088414 1081362 0 	483.352 	3 	32
20899200000000 20899300000254 	7200021600 21033451909 1106656 	7198914944 1106656 0 0 0 	32841662 1106656 0 	483.087 	3 	32
20924800000000 20924900000365 	7400022330 21618173649 1131859 	7398890471 1131859 0 0 0 	33587884 1131859 0 	482.752 	3 	32
20950400000000 20950500000365 	7600023060 22202820264 1156467 	7598866593 1156467 0 0 0 	34320489 1156467 0 	482.435 	3 	32
20976000000000 20976100000365 	7800023790 22787515626 1181156 	7798842634 1181156 0 0 0 	35056481 1181156 0 	482.135 	3 	32
21001600000000 21001700000365 	8000024520 23372221929 1205355 	7998819165 1205355 0 0 0 	35774755 1205355 0 	481.85 	3 	32
21027200000000 21027300000365 	8200025250 23957002337 1229458 	8198795792 1229458 0 0 0 	36494310 1229458 0 	481.58 	3 	32
21052800000000 21052900000365 	8400025980 24541698224 1252998 	8398772982 1252998 0 0 0 	37189889 1252998 0 	481.322 	3 	32
21078400000000 21078500000368 	8600026716 25126492678 1276500 	8598750216 1276500 0 0 0 	37883124 1276500 0 	481.004 	3 	32
21104000000000 21104100000368 	8800027452 25711352436 1299663 	8798727789 1299663 0 0 0 	38562950 1299663 0 	480.7 	3 	32
21129600000000 21129700000368 	9000028188 26296145222 1322537 	8998705651 1322537 0 0 0 	39238955 1322537 0 	480.411 	3 	32
21155200000000 21155300000368 	9200028924 26881013732 1345316 	9198683608 1345316 0 0 0 	39915169 1345316 0 	480.134 	3 	32
21180800000000 21180900000368 	9400029660 27465910547 1367769 	9398661891 1367769 0 0 0 	40580650 1367769 0 	479.869 	3 	32
21206400000000 21206500000368 	9600030396 28050778129 1390112 	9598640284 1390112 0 0 0 	41249383 1390112 0 	479.616 	3 	32
21232000000000 21232100000352 	9800031100 28635678789 1411970 	9798619130 1411970 0 0 0 	41906758 1411970 0 	479.287 	3 	32
21257600000000 21257700000352 	10000031804 29220622974 1433718 	9998598086 1433718 0 0 0 	42547469 1433718 0 	478.971 	3 	32
21283200000000 21283300000352 	10200032508 29805549206 1455358 	10198577150 1455358 0 0 0 	43194536 1455358 0 	478.668 	3 	32
21308800000000 21308900000352 	10400033212 30390536223 1476861 	10398556351 1476861 0 0 0 	43838152 1476861 0 	478.377 	3 	32
21334400000000 21334500000352 	10600033916 30975505604 1497743 	10598536173 1497743 0 0 0 	44457334 1497743 0 	478.098 	3 	32
21360000000000 21360100000352 	10800034620 31560562288 1518702 	10798515918 1518702 0 0 0 	45084878 1518702 0 	477.829 	3 	32
21385600000000 21385700000120 	11000034860 32145618804 1539549 	10998495311 1539549 0 0 0 	45706098 1539549 0 	477.512 	3 	32
21411200000000 21411300000120 	11200035100 32730637587 1560081 	11198475019 1560081 0 0 0 	46318450 1560081 0 	477.207 	3 	32
21436800000000 21436900000120 	11400035340 33315704662 1580260 	11398455080 1580260 0 0 0 	46914824 1580260 0 	476.913 	3 	32
21462400000000 21462500000120 	11600035580 33900805402 1600251 	11598435329 1600251 0 0 0 	47509559 1600251 0 	476.629 	3 	32
21488000000000 21488100000120 	11800035820 34485921113 1619846 	11798415974 1619846 0 0 0 	48092214 1619846 0 	476.355 	3 	32
21513600000000 21513700000120 	12000036060 35071090582 1639156 	11998396904 1639156 0 0 0 	48663648 1639156 0 	476.091 	3 	32
21539200000000 21539300000178 	12200036416 35656196234 1658307 	12198378109 1658307 0 0 0 	49231609 1658307 0 	475.783 	3 	32
21564800000000 21564900000178 	12400036772 36241381650 1677559 	12398359213 1677559 0 0 0 	49804775 1677559 0 	475.485 	3 	32
21590400000000 21590500000178 	12600037128 36826641194 1696624 	12598340504 1696624 0 0 0 	50366783 1696624 0 	475.197 	3 	32
21616000000000 21616100000178 	12800037484 37411854026 1715381 	12798322103 1715381 0 0 0 	50926039 1715381 0 	474.919 	3 	32
21641600000000 21641700000178 	13000037840 37997098334 1733689 	12998304151 1733689 0 0 0 	51465841 1733689 0 	474.649 	3 	32
21667200000000 21667300000178 	13200038196 38582388493 1752107 	13198286089 1752107 0 0 0 	52003027 1752107 0 	474.388 	3 	32
21692800000000 21692900000355 	13400038906 39167663733 1770189 	13398268717 1770189 0 0 0 	52538372 1770189 0 	474.086 	3 	32
21718400000000 21718500000355 	13600039616 39752917477 1788074 	13598251542 1788074 0 0 0 	53064607 1788074 0 	473.794 	3 	32
21744000000000 21744100000355 	13800040326 40338264767 1805949 	13798234377 1805949 0 0 0 	53597991 1805949 0 	473.51 	3 	32
21769600000000 21769700000355 	14000041036 40923574705 1823365 	13998217671 1823365 0 0 0 	54118029 1823365 0 	473.235 	3 	32
21795200000000 21795300000355 	14200041746 41508962460 1840669 	14198201077 1840669 0 0 0 	54632622 1840669 0 	472.968 	3 	32
21820800000000 21820900000230 	14400042206 42094337874 1857859 	14398184347 1857859 0 0 0 	55141782 1857859 0 	472.649 	3 	32
21846400000000 21846500000230 	14600042666 42679757146 1874940 	14598167726 1874940 0 0 0 	55645883 1874940 0 	472.338 	3 	32
21872000000000 21872100000230 	14800043126 43265162182 1891820 	14798151306 1891820 0 0 0 	56150068 1891820 0 	472.036 	3 	32
21897600000000 21897700000230 	15000043586 43850602530 1908215 	14998135371 1908215 0 0 0 	56637299 1908215 0 	471.743 	3 	32
21923200000000 21923300000230 	15200044046 44436061726 1924471 	15198119575 1924471 0 0 0 	57117498 1924471 0 	471.457 	3 	32
21948800000000 21948900000230 	15400044506 45021548175 1940937 	15398103569 1940937 0 0 0 	57603078 1940937 0 	471.18 	3 	32
21974400000000 21974500000320 	15600045146 45606969723 1957185 	15598087961 1957185 0 0 0 	58090889 1957185 0 	470.868 	3 	32
22000000000000 22000100000320 	15800045786 46192495170 1973197 	15798072589 1973197 0 0 0 	58566907 1973197 0 	470.564 	3 	32
22025600000000 22025700000320 	16000046426 46778061923 1988964 	15998057462 1988964 0 0 0 	59033355 1988964 0 	470.267 	3 	32
22051200000000 22051300000320 	16200047066 47363660118 2004503 	16198042563 2004503 0 0 0 	59495302 2004503 0 	469.979 	3 	32
22076800000000 22076900000320 	16400047706 47949240137 2019751 	16398027955 2019751 0 0 0 	59948047 2019751 0 	469.698 	3 	32
22102400000000 22102500000320 	16600048346 48534856038 2034842 	16598013504 2034842 0 0 0 	60396901 2034842 0 	469.424 	3 	32
22128000000000 22128100000400 	16800049146 49120515492 2049990 	16797999156 2049990 0 0 0 	60838834 2049990 0 	469.118 	3 	32
22153600000000 22153700000400 	17000049946 49706128287 2064832 	16997985114 2064832 0 0 0 	61280009 2064832 0 	468.819 	3 	32
22179200000000 22179300000400 	17200050746 50291759815 2079704 	17197971042 2079704 0 0 0 	61721142 2079704 0 	468.527 	3 	32
22204800000000 22204900000400 	17400051546 50877484436 2094195 	17397957351 2094195 0 0 0 	62154801 2094195 0 	468.243 	3 	32
22230400000000 22230500000400 	17600052346 51463200036 2108535 	17597943811 2108535 0 0 0 	62580120 2108535 0 	467.965 	3 	32
22256000000000 22256100000400 	17800053146 52048966425 2122871 	17797930275 2122871 0 0 0 	63005723 2122871 0 	467.694 	3 	32
22281600000000 22281700000290 	18000053726 52634724572 2136976 	17997916750 2136976 0 0 0 	63418091 2136976 0 	467.392 	3 	32
22307200000000 22307300000290 	18200054306 53220493825 2150920 	18197903386 2150920 0 0 0 	63827331 2150920 0 	467.097 	3 	32
22332800000000 22332900000290 	18400054886 53806288417 2164758 	18397890128 2164758 0 0 0 	64240239 2164758 0 	466.809 	3 	32
22358400000000 22358500000290 	18600055466 54392141659 2178425 	18597877041 2178425 0 0 0 	64647445 2178425 0 	466.527 	3 	32
22384000000000 22384100000290 	18800056046 54977989785 2191914 	18797864132 2191914 0 0 0 	65048771 2191914 0 	466.252 	3 	32
22409600000000 22409700000290 	19000056626 55563862546 2205515 	18997851111 2205515 0 0 0 	65456237 2205515 0 	465.983 	3 	32
22435200000000 22435300000249 	19200057124 56149713489 2218781 	19197838343 2218781 0 0 0 	65854229 2218781 0 	465.685 	3 	32
22460800000000 22460900000249 	19400057622 56735581298 2231911 	19397825711 2231911 0 0 0 	66240469 2231911 0 	465.393 	3 	32
22486400000000 22486500000249 	19600058120 57321535245 2244782 	19597813338 2244782 0 0 0 	66624707 2244782 0 	465.108 	3 	32
22512000000000 22512100000249 	19800058618 57907440673 2257782 	19797800836 2257782 0 0 0 	67011096 2257782 0 	464.828 	3 	32
22537600000000 22537700000249 	20000059116 58493412365 2270357 	19997788759 2270357 0 0 0 	67387235 2270357 0 	464.555 	3 	32
22563200000000 22563300000249 	20200059614 59079331830 2282917 	20197776697 2282917 0 0 0 	67761303 2282917 0 	464.287 	3 	32
22588800000000 22588900000088 	20400059790 59665332169 2295327 	20397764463 2295327 0 0 0 	68127682 2295327 0 	463.992 	3 	32
22614400000000 22614500000088 	20600059966 60251347040 2307767 	20597752199 2307767 0 0 0 	68499288 2307767 0 	463.703 	3 	32
22640000000000 22640100000088 	20800060142 60837343913 2320043 	20797740099 2320043 0 0 0 	68869594 2320043 0 	463.42 	3 	32
22665600000000 22665700000088 	21000060318 61423375770 2332181 	20997728137 2332181 0 0 0 	69226353 2332181 0 	463.143 	3 	32
22691200000000 22691300000088 	21200060494 62009486725 2344004 	21197716490 2344004 0 0 0 	69578528 2344004 0 	462.871 	3 	32
22716800000000 22716900000088 	21400060670 62595605296 2355927 	21397704743 2355927 0 0 0 	69931419 2355927 0 	462.604 	3 	32
22742400000000 22742500000110 	21600060890 63181778117 2367789 	21597693101 2367789 0 0 0 	70288276 2367789 0 	462.322 	3 	32
22768000000000 22768100000110 	21800061110 63767905155 2379303 	21797681807 2379303 0 0 0 	70635159 2379303 0 	462.046 	3 	32
22793600000000 22793700000110 	22000061330 64354052887 2390739 	21997670591 2390739 0 0 0 	70981547 2390739 0 	461.774 	3 	32
22819200000000 22819300000110 	22200061550 64940254562 2402006 	22197659544 2402006 0 0 0 	71320147 2402006 0 	461.508 	3 	32
22844800000000 22844900000110 	22400061770 65526467917 2413240 	22397648530 2413240 0 0 0 	71653413 2413240 0 	461.247 	3 	32
22870400000000 22870500000110 	22600061990 66112701713 2424348 	22597637642 2424348 0 0 0 	71983503 2424348 0 	460.991 	3 	32
22896000000000 22896100000189 	22800062368 66698938481 2435414 	22797626954 2435414 0 0 0 	72306979 2435414 0 	460.71 	3 	32
22921600000000 22921700000189 	23000062746 67285208549 2446291 	22997616455 2446291 0 0 0 	72631190 2446291 0 	460.434 	3 	32
22947200000000 22947300000189 	23200063124 67871519256 2457021 	23197606103 2457021 0 0 0 	72951724 2457021 0 	460.163 	3 	32
22972800000000 22972900000189 	23400063502 68457795567 2467631 	23397595871 2467631 0 0 0 	73262624 2467631 0 	459.897 	3 	32
22998400000000 22998500000189 	23600063880 69044089635 2478068 	23597585812 2478068 0 0 0 	73577136 2478068 0 	459.636 	3 	32
23024000000000 23024100000189 	23800064258 69630453550 2488326 	23797575932 2488326 0 0 0 	73875789 2488326 0 	459.379 	3 	32
23049600000000 23049700000060 	24000064378 70216841449 2498673 	23997565705 2498673 0 0 0 	74183853 2498673 0 	459.099 	3 	32
23075200000000 23075300000060 	24200064498 70803239155 2508754 	24197555744 2508754 0 0 0 	74484671 2508754 0 	458.823 	3 	32
23100800000000 23100900000060 	24400064618 71389624375 2518922 	24397545696 2518922 0 0 0 	74789967 2518922 0 	458.553 	3 	32
23126400000000 23126500000060 	24600064738 71976058564 2528784 	24597535954 2528784 0 0 0 	75080938 2528784 0 	458.287 	3 	32
23152000000000 23152100000060 	24800064858 72562560776 2538663 	24797526195 2538663 0 0 0 	75378397 2538663 0 	458.025 	3 	32
23177600000000 23177700000060 	25000064978 73149065471 2548468 	24997516510 2548468 0 0 0 	75670188 2548468 0 	457.769 	3 	32
23203200000000 23203300000375 	25200065728 73735597283 2558140 	25197507588 2558140 0 0 0 	75957563 2558140 0 	457.489 	3 	32
23228800000000 23228900000375 	25400066478 74322111620 2567682 	25397498796 2567682 0 0 0 	76241352 2567682 0 	457.213 	3 	32
23254400000000 23254500000375 	25600067228 74908604557 2576983 	25597490245 2576983 0 0 0 	76520024 2576983 0 	456.943 	3 	32
23280000000000 23280100000375 	25800067978 75495118646 2586321 	25797481657 2586321 0 0 0 	76802146 2586321 0 	456.677 	3 	32
23305600000000 23305700000375 	26000068728 76081696095 2595514 	25997473214 2595514 0 0 0 	77074656 2595514 0 	456.415 	3 	32
23331200000000 23331300000375 	26200069478 76668318101 2604603 	26197464875 2604603 0 0 0 	77343983 2604603 0 	456.158 	3 	32
23356800000000 23356900000074 	26400069626 77255013435 2613506 	26397456120 2613506 0 0 0 	77607702 2613506 0 	455.878 	3 	32
23382400000000 23382500000074 	26600069774 77841645875 2622356 	26597447418 2622356 0 0 0 	77868218 2622356 0 	455.603 	3 	32
23408000000000 23408100000074 	26800069922 78428354289 2631089 	26797438833 2631089 0 0 0 	78134740 2631089 0 	455.333 	3 	32
23433600000000 23433700000074 	27000070070 79014995795 2639873 	26997430197 2639873 0 0 0 	78395180 2639873 0 	455.066 	3 	32
23459200000000 23459300000074 	27200070218 79601677023 2648428 	27197421790 2648428 0 0 0 	78648427 2648428 0 	454.804 	3 	32
23484800000000 23484900000074 	27400070366 80188335376 2656952 	27397413414 2656952 0 0 0 	78905076 2656952 0 	454.546 	3 	32
23510400000000 23510500000320 	27600071006 80775017651 2665280 	27597405726 2665280 0 0 0 	79151025 2665280 0 	454.276 	3 	32
23536000000000 23536100000320 	27800071646 81361775890 2673569 	27797398077 2673569 0 0 0 	79397300 2673569 0 	454.009 	3 	32
23561600000000 23561700000320 	28000072286 81948540588 2681747 	27997390539 2681747 0 0 0 	79640299 2681747 0 	453.747 	3 	32
23587200000000 23587300000320 	28200072926 82535268814 2690004 	28197382922 2690004 0 0 0 	79883795 2690004 0 	453.488 	3 	32
23612800000000 23612900000320 	28400073566 83122075340 2698132 	28397375434 2698132 0 0 0 	80129497 2698132 0 	453.234 	3 	32
23638400000000 23638500000353 	28600074272 83708948147 2706095 	28597368177 2706095 0 0 0 	80369843 2706095 0 	452.958 	3 	32
23664000000000 23664100000353 	28800074978 84295814256 2713988 	28797360990 2713988 0 0 0 	80599094 2713988 0 	452.687 	3 	32
23689600000000 23689700000353 	29000075684 84882723026 2721999 	28997353685 2721999 0 0 0 	80837956 2721999 0 	452.42 	3 	32
23715200000000 23715300000353 	29200076390 85469585182 2729835 	29197346555 2729835 0 0 0 	81076186 2729835 0 	452.157 	3 	32
23740800000000 23740900000353 	29400077096 86056528412 2737532 	29397339564 2737532 0 0 0 	81306838 2737532 0 	451.898 	3 	32
23766400000000 23766500000353 	29600077802 86643468482 2745109 	29597332693 2745109 0 0 0 	81530029 2745109 0 	451.643 	3 	32
23792000000000 23792100000044 	29800077890 87230394954 2752518 	29797325372 2752518 0 0 0 	81749568 2752518 0 	451.367 	3 	32
23817600000000 23817700000044 	30000077978 87817389088 2759969 	29997318009 2759969 0 0 0 	81973218 2759969 0 	451.096 	3 	32
23843200000000 23843300000044 	30200078066 88404412906 2767351 	30197310715 2767351 0 0 0 	82193856 2767351 0 	450.828 	3 	32
