20003400000000 20003500000476 	200000952 583852758 36901 	199964051 36901 0 0 0 	1091493 36901 0 	492 	3 	34
20029000000000 20029100000476 	400001904 1167801795 73566 	399928338 73566 0 0 0 	2172483 73566 0 	492 	3 	34
20054600000000 20054700000476 	600002856 1751705756 109416 	599893440 109416 0 0 0 	3235563 109416 0 	492 	3 	34
20080200000000 20080300000476 	800003808 2335624759 145177 	799858631 145177 0 0 0 	4296727 145177 0 	492 	3 	34
20105800000000 20105900000476 	1000004760 2919593134 180542 	999824218 180542 0 0 0 	5340584 180542 0 	492 	3 	34
20131400000000 20131500000476 	1200005712 3503609435 215576 	1199790136 215576 0 0 0 	6376150 215576 0 	492 	3 	34
20157000000000 20157100000011 	1400005734 4087611249 250315 	1399755419 250315 0 0 0 	7404107 250315 0 	491.569 	3 	34
20182600000000 20182700000011 	1600005756 4671623943 284895 	1599720861 284895 0 0 0 	8420671 284895 0 	491.247 	3 	34
20208200000000 20208300000011 	1800005778 5255608229 318718 	1799687060 318718 0 0 0 	9433623 318718 0 	490.996 	3 	34
20233800000000 20233900000011 	2000005800 5839669626 352231 	1999653569 352231 0 0 0 	10428133 352231 0 	490.796 	3 	34
20259400000000 20259500000011 	2200005822 6423755921 384946 	2199620876 384946 0 0 0 	11409812 384946 0 	490.632 	3 	34
20285000000000 20285100000011 	2400005844 7007879273 417525 	2399588319 417525 0 0 0 	12369905 417525 0 	490.495 	3 	34
20310600000000 20310700000210 	2600006264 7591990743 449880 	2599556384 449880 0 0 0 	13332549 449880 0 	490.068 	3 	34
20336200000000 20336300000210 	2800006684 8176130833 481833 	2799524851 481833 0 0 0 	14279633 481833 0 	489.703 	3 	34
20361800000000 20361900000210 	3000007104 8760293810 513618 	2999493486 513618 0 0 0 	15227445 513618 0 	489.386 	3 	34
20387400000000 20387500000210 	3200007524 9344552946 545137 	3199462387 545137 0 0 0 	16161842 545137 0 	489.11 	3 	34
20413000000000 20413100000210 	3400007944 9928812458 575838 	3399432106 575838 0 0 0 	17068764 575838 0 	488.866 	3 	34
20438600000000 20438700000210 	3600008364 10513082424 606559 	3599401805 606559 0 0 0 	17977294 606559 0 	488.65 	3 	34
20464200000000 20464300000381 	3800009126 11097353984 637214 	3799371912 637214 0 0 0 	18888806 637214 0 	488.241 	3 	34
20489800000000 20489900000381 	4000009888 11681652509 667261 	3999342627 667261 0 0 0 	19781190 667261 0 	487.874 	3 	34
20515400000000 20515500000381 	4200010650 12265956676 697182 	4199313468 697182 0 0 0 	20670341 697182 0 	487.542 	3 	34
20541000000000 20541100000381 	4400011412 12850324137 726728 	4399284684 726728 0 0 0 	21549521 726728 0 	487.241 	3 	34
20566600000000 20566700000381 	4600012174 13434679055 755604 	4599256570 755604 0 0 0 	22398573 755604 0 	486.966 	3 	34
20592200000000 20592300000381 	4800012936 14019050662 784274 	4799228662 784274 0 0 0 	23244176 784274 0 	486.715 	3 	34
20617800000000 20617900000468 	5000013872 14603425613 812868 	4999201004 812868 0 0 0 	24085190 812868 0 	486.36 	3 	34
20643400000000 20643500000468 	5200014808 15187847322 840926 	5199173882 840926 0 0 0 	24914449 840926 0 	486.033 	3 	34
20669000000000 20669100000468 	5400015744 15772270499 868835 	5399146909 868835 0 0 0 	25735004 868835 0 	485.731 	3 	34
20694600000000 20694700000468 	5600016680 16356705836 896149 	5599120531 896149 0 0 0 	26544267 896149 0 	485.45 	3 	34
20720200000000 20720300000468 	5800017616 16941207188 923410 	5799094206 923410 0 0 0 	27352392 923410 0 	485.19 	3 	34
20745800000000 20745900000468 	6000018552 17525654640 950383 	5999068169 950383 0 0 0 	28145679 950383 0 	484.946 	3 	34
20771400000000 20771500000254 	6200019060 18110158610 977470 	6199041590 977470 0 0 0 	28956459 977470 0 	484.585 	3 	34
20797000000000 20797100000254 	6400019568 18694745891 1004185 	6399015383 1004185 0 0 0 	29753279 1004185 0 	484.247 	3 	34
20822600000000 20822700000254 	6600020076 19279296891 1030203 	6598989873 1030203 0 0 0 	30521490 1030203 0 	483.93 	3 	34
20848200000000 20848300000254 	6800020584 19863856021 1056066 	6798964518 1056066 0 0 0 	31285224 1056066 0 	483.632 	3 	34
20873800000000 20873900000254 	7000021092 20448426276 1081701 	6998939391 1081701 0 0 0 	32051017 1081701 0 	483.352 	3 	34
20899400000000 20899500000254 	7200021600 21033065706 1107052 	7198914548 1107052 0 0 0 	32800295 1107052 0 	483.087 	3 	34
20925000000000 20925100000365 	7400022330 21617713609 1132153 	7398890177 1132153 0 0 0 	33536747 1132153 0 	482.752 	3 	34
20950600000000 20950700000365 	7600023060 22202438128 1156992 	7598866068 1156992 0 0 0 	34263381 1156992 0 	482.435 	3 	34
20976200000000 20976300000365 	7800023790 22787098364 1181550 	7798842240 1181550 0 0 0 	34993400 1181550 0 	482.135 	3 	34
21001800000000 21001900000365 	8000024520 23371812958 1205725 	7998818795 1205725 0 0 0 	35705804 1205725 0 	481.85 	3 	34
21027400000000 21027500000365 	8200025250 23956495846 1229804 	8198795446 1229804 0 0 0 	36417437 1229804 0 	481.58 	3 	34
21053000000000 21053100000365 	8400025980 24541202468 1253724 	8398772256 1253724 0 0 0 	37131362 1253724 0 	481.322 	3 	34
21078600000000 21078700000368 	8600026716 25125926205 1277107 	8598749609 1277107 0 0 0 	37815766 1277107 0 	481.004 	3 	34
21104200000000 21104300000368 	8800027452 25710785333 1300561 	8798726891 1300561 0 0 0 	38516238 1300561 0 	480.7 	3 	34
21129800000000 21129900000368 	9000028188 26295577388 1323566 	8998704622 1323566 0 0 0 	39194389 1323566 0 	480.411 	3 	34
21155400000000 21155500000368 	9200028924 26880404163 1346317 	9198682607 1346317 0 0 0 	39870834 1346317 0 	480.134 	3 	34
21181000000000 21181100000368 	9400029660 27465277728 1368934 	9398660726 1368934 0 0 0 	40540132 1368934 0 	479.869 	3 	34
21206600000000 21206700000368 	9600030396 28050126051 1391096 	9598639300 1391096 0 0 0 	41201359 1391096 0 	479.616 	3 	34
21232200000000 21232300000352 	9800031100 28635017031 1413099 	9798618001 1413099 0 0 0 	41853403 1413099 0 	479.287 	3 	34
21257800000000 21257900000352 	10000031804 29219915958 1435125 	9998596679 1435125 0 0 0 	42514436 1435125 0 	478.971 	3 	34
21283400000000 21283500000352 	10200032508 29804853489 1456546 	10198575962 1456546 0 0 0 	43146994 1456546 0 	478.668 	3 	34
21309000000000 21309100000352 	10400033212 30389755610 1477605 	10398555607 1477605 0 0 0 	43769992 1477605 0 	478.377 	3 	34
21334600000000 21334700000352 	10600033916 30974761023 1498760 	10598535156 1498760 0 0 0 	44399567 1498760 0 	478.098 	3 	34
21360200000000 21360300000352 	10800034620 31559746674 1519539 	10798515081 1519539 0 0 0 	45018459 1519539 0 	477.829 	3 	34
21385800000000 21385900000120 	11000034860 32144763285 1540185 	10998494675 1540185 0 0 0 	45632257 1540185 0 	477.512 	3 	34
21411400000000 21411500000120 	11200035100 32729801197 1560581 	11198474519 1560581 0 0 0 	46238720 1560581 0 	477.207 	3 	34
21437000000000 21437100000120 	11400035340 33314864879 1580723 	11398454617 1580723 0 0 0 	46840579 1580723 0 	476.913 	3 	34
21462600000000 21462700000120 	11600035580 33899934533 1600553 	11598435027 1600553 0 0 0 	47428552 1600553 0 	476.629 	3 	34
21488200000000 21488300000120 	11800035820 34485111340 1620337 	11798415483 1620337 0 0 0 	48021055 1620337 0 	476.355 	3 	34
21513800000000 21513900000120 	12000036060 35070200935 1639819 	11998396241 1639819 0 0 0 	48596890 1639819 0 	476.091 	3 	34
21539400000000 21539500000178 	12200036416 35655336963 1659173 	12198377243 1659173 0 0 0 	49174159 1659173 0 	475.783 	3 	34
21565000000000 21565100000178 	12400036772 36240551735 1678314 	12398358458 1678314 0 0 0 	49740637 1678314 0 	475.485 	3 	34
21590600000000 21590700000178 	12600037128 36825772699 1697289 	12598339839 1697289 0 0 0 	50304078 1697289 0 	475.197 	3 	34
21616200000000 21616300000178 	12800037484 37411010182 1716039 	12798321445 1716039 0 0 0 	50865647 1716039 0 	474.919 	3 	34
21641800000000 21641900000178 	13000037840 37996230108 1734517 	12998303323 1734517 0 0 0 	51413169 1734517 0 	474.649 	3 	34
21667400000000 21667500000178 	13200038196 38581524276 1752706 	13198285490 1752706 0 0 0 	51949317 1752706 0 	474.388 	3 	34
21693000000000 21693100000355 	13400038906 39166810742 1770980 	13398267926 1770980 0 0 0 	52487794 1770980 0 	474.086 	3 	34
21718600000000 21718700000355 	13600039616 39752119216 1789267 	13598250349 1789267 0 0 0 	53031780 1789267 0 	473.794 	3 	34
21744200000000 21744300000355 	13800040326 40337426764 1807215 	13798233111 1807215 0 0 0 	53573394 1807215 0 	473.51 	3 	34
21769800000000 21769900000355 	14000041036 40922783402 1824816 	13998216220 1824816 0 0 0 	54093989 1824816 0 	473.235 	3 	34
21795400000000 21795500000355 	14200041746 41508138374 1842041 	14198199705 1842041 0 0 0 	54599806 1842041 0 	472.968 	3 	34
21821000000000 21821100000230 	14400042206 42093549428 1859339 	14398182867 1859339 0 0 0 	55112497 1859339 0 	472.649 	3 	34
21846600000000 21846700000230 	14600042666 42678958412 1876278 	14598166388 1876278 0 0 0 	55614954 1876278 0 	472.338 	3 	34
21872200000000 21872300000230 	14800043126 43264374891 1893168 	14798149958 1893168 0 0 0 	56119007 1893168 0 	472.036 	3 	34
21897800000000 21897900000230 	15000043586 43849863490 1909949 	14998133637 1909949 0 0 0 	56617807 1909949 0 	471.743 	3 	34
21923400000000 21923500000230 	15200044046 44435278689 1926275 	15198117771 1926275 0 0 0 	57100025 1926275 0 	471.457 	3 	34
21949000000000 21949100000230 	15400044506 45020699850 1942154 	15398102352 1942154 0 0 0 	57570314 1942154 0 	471.18 	3 	34
21974600000000 21974700000320 	15600045146 45606184957 1958366 	15598086780 1958366 0 0 0 	58051780 1958366 0 	470.868 	3 	34
22000200000000 22000300000320 	15800045786 46191671871 1974284 	15798071502 1974284 0 0 0 	58525435 1974284 0 	470.564 	3 	34
22025800000000 22025900000320 	16000046426 46777215960 1990061 	15998056365 1990061 0 0 0 	58994308 1990061 0 	470.267 	3 	34
22051400000000 22051500000320 	16200047066 47362803754 2005381 	16198041685 2005381 0 0 0 	59454727 2005381 0 	469.979 	3 	34
22077000000000 22077100000320 	16400047706 47948400992 2020986 	16398026720 2020986 0 0 0 	59916125 2020986 0 	469.698 	3 	34
22102600000000 22102700000320 	16600048346 48534071457 2036291 	16598012055 2036291 0 0 0 	60369961 2036291 0 	469.424 	3 	34
22128200000000 22128300000400 	16800049146 49119763080 2051485 	16797997661 2051485 0 0 0 	60821284 2051485 0 	469.118 	3 	34
22153800000000 22153900000400 	17000049946 49705358167 2066312 	16997983634 2066312 0 0 0 	61265137 2066312 0 	468.819 	3 	34
22179400000000 22179500000400 	17200050746 50291025519 2081217 	17197969529 2081217 0 0 0 	61701274 2081217 0 	468.527 	3 	34
22205000000000 22205100000400 	17400051546 50876735078 2095615 	17397955931 2095615 0 0 0 	62124411 2095615 0 	468.243 	3 	34
22230600000000 22230700000400 	17600052346 51462475201 2110015 	17597942331 2110015 0 0 0 	62545186 2110015 0 	467.965 	3 	34
22256200000000 22256300000400 	17800053146 52048200211 2124254 	17797928892 2124254 0 0 0 	62965549 2124254 0 	467.694 	3 	34
22281800000000 22281900000290 	18000053726 52633930934 2138506 	17997915220 2138506 0 0 0 	63390378 2138506 0 	467.392 	3 	34
22307400000000 22307500000290 	18200054306 53219755199 2152422 	18197901884 2152422 0 0 0 	63798837 2152422 0 	467.097 	3 	34
22333000000000 22333100000290 	18400054886 53805483783 2166307 	18397888579 2166307 0 0 0 	64213878 2166307 0 	466.809 	3 	34
22358600000000 22358700000290 	18600055466 54391337155 2179996 	18597875470 2179996 0 0 0 	64621402 2179996 0 	466.527 	3 	34
22384200000000 22384300000290 	18800056046 54977230453 2193424 	18797862622 2193424 0 0 0 	65021240 2193424 0 	466.252 	3 	34
22409800000000 22409900000290 	19000056626 55563073794 2206913 	18997849713 2206913 0 0 0 	65424068 2206913 0 	465.983 	3 	34
22435400000000 22435500000249 	19200057124 56148950091 2220082 	19197837042 2220082 0 0 0 	65821186 2220082 0 	465.685 	3 	34
22461000000000 22461100000249 	19400057622 56734834601 2232956 	19397824666 2232956 0 0 0 	66198625 2232956 0 	465.393 	3 	34
22486600000000 22486700000249 	19600058120 57320711720 2245855 	19597812265 2245855 0 0 0 	66582337 2245855 0 	465.108 	3 	34
22512200000000 22512300000249 	19800058618 57906658111 2258772 	19797799846 2258772 0 0 0 	66968480 2258772 0 	464.828 	3 	34
22537800000000 22537900000249 	20000059116 58492659441 2271418 	19997787698 2271418 0 0 0 	67343649 2271418 0 	464.555 	3 	34
22563400000000 22563500000249 	20200059614 59078634164 2283890 	20197775724 2283890 0 0 0 	67713009 2283890 0 	464.287 	3 	34
22589000000000 22589100000088 	20400059790 59664622318 2296266 	20397763524 2296266 0 0 0 	68078103 2296266 0 	463.992 	3 	34
22614600000000 22614700000088 	20600059966 60250681894 2308345 	20597751621 2308345 0 0 0 	68439504 2308345 0 	463.703 	3 	34
22640200000000 22640300000088 	20800060142 60836742467 2320515 	20797739627 2320515 0 0 0 	68800582 2320515 0 	463.42 	3 	34
22665800000000 22665900000088 	21000060318 61422804879 2332293 	20997728025 2332293 0 0 0 	69151124 2332293 0 	463.143 	3 	34
22691400000000 22691500000088 	21200060494 62008927591 2344218 	21197716276 2344218 0 0 0 	69507581 2344218 0 	462.871 	3 	34
22717000000000 22717100000088 	21400060670 62595033947 2355974 	21397704696 2355974 0 0 0 	69860662 2355974 0 	462.604 	3 	34
22742600000000 22742700000110 	21600060890 63181174455 2367781 	21597693109 2367781 0 0 0 	70210498 2367781 0 	462.322 	3 	34
22768200000000 22768300000110 	21800061110 63767294721 2379273 	21797681837 2379273 0 0 0 	70555000 2379273 0 	462.046 	3 	34
22793800000000 22793900000110 	22000061330 64353431668 2390895 	21997670435 2390895 0 0 0 	70898081 2390895 0 	461.774 	3 	34
22819400000000 22819500000110 	22200061550 64939616251 2402098 	22197659452 2402098 0 0 0 	71230100 2402098 0 	461.508 	3 	34
22845000000000 22845100000110 	22400061770 65525815690 2413354 	22397648416 2413354 0 0 0 	71565971 2413354 0 	461.247 	3 	34
22870600000000 22870700000110 	22600061990 66112070551 2424607 	22597637383 2424607 0 0 0 	71900442 2424607 0 	460.991 	3 	34
22896200000000 22896300000189 	22800062368 66698343372 2435478 	22797626890 2435478 0 0 0 	72224369 2435478 0 	460.71 	3 	34
22921800000000 22921900000189 	23000062746 67284613119 2446258 	22997616488 2446258 0 0 0 	72545508 2446258 0 	460.434 	3 	34
22947400000000 22947500000189 	23200063124 67870938072 2456800 	23197606324 2456800 0 0 0 	72857585 2456800 0 	460.163 	3 	34
22973000000000 22973100000189 	23400063502 68457227926 2467398 	23397596104 2467398 0 0 0 	73173311 2467398 0 	459.897 	3 	34
22998600000000 22998700000189 	23600063880 69043523639 2477712 	23597586168 2477712 0 0 0 	73488073 2477712 0 	459.636 	3 	34
23024200000000 23024300000189 	23800064258 69629849271 2488097 	23797576161 2488097 0 0 0 	73801429 2488097 0 	459.379 	3 	34
23049800000000 23049900000060 	24000064378 70216245314 2498130 	23997566248 2498130 0 0 0 	74097744 2498130 0 	459.099 	3 	34
23075400000000 23075500000060 	24200064498 70802700363 2508362 	24197556136 2508362 0 0 0 	74402919 2508362 0 	458.823 	3 	34
23101000000000 23101100000060 	24400064618 71389044648 2518465 	24397546153 2518465 0 0 0 	74699940 2518465 0 	458.553 	3 	34
23126600000000 23126700000060 	24600064738 71975485541 2528576 	24597536162 2528576 0 0 0 	74996669 2528576 0 	458.287 	3 	34
23152200000000 23152300000060 	24800064858 72561930979 2538413 	24797526445 2538413 0 0 0 	75292290 2538413 0 	458.025 	3 	34
23177800000000 23177900000060 	25000064978 73148385154 2547939 	24997517039 2547939 0 0 0 	75572005 2547939 0 	457.769 	3 	34
23203400000000 23203500000375 	25200065728 73734913197 2557667 	25197508061 2557667 0 0 0 	75852908 2557667 0 	457.489 	3 	34
23229000000000 23229100000375 	25400066478 74321420939 2567136 	25397499342 2567136 0 0 0 	76131726 2567136 0 	457.213 	3 	34
23254600000000 23254700000375 	25600067228 74907972288 2576456 	25597490772 2576456 0 0 0 	76407583 2576456 0 	456.943 	3 	34
23280200000000 23280300000375 	25800067978 75494448793 2585597 	25797482381 2585597 0 0 0 	76680711 2585597 0 	456.677 	3 	34
23305800000000 23305900000375 	26000068728 76081062872 2594745 	25997473983 2594745 0 0 0 	76950263 2594745 0 	456.415 	3 	34
23331400000000 23331500000375 	26200069478 76667644585 2603867 	26197465611 2603867 0 0 0 	77220346 2603867 0 	456.158 	3 	34
23357000000000 23357100000074 	26400069626 77254259171 2612755 	26397456871 2612755 0 0 0 	77485888 2612755 0 	455.878 	3 	34
23382600000000 23382700000074 	26600069774 77840845127 2621585 	26597448189 2621585 0 0 0 	77745380 2621585 0 	455.603 	3 	34
23408200000000 23408300000074 	26800069922 78427493383 2630435 	26797439487 2630435 0 0 0 	78007863 2630435 0 	455.333 	3 	34
23433800000000 23433900000074 	27000070070 79014161479 2639244 	26997430826 2639244 0 0 0 	78271072 2639244 0 	455.066 	3 	34
23459400000000 23459500000074 	27200070218 79600880555 2647923 	27197422295 2647923 0 0 0 	78524145 2647923 0 	454.804 	3 	34
23485000000000 23485100000074 	27400070366 80187659413 2656340 	27397414026 2656340 0 0 0 	78772918 2656340 0 	454.546 	3 	34
23510600000000 23510700000320 	27600071006 80774388903 2664728 	27597406278 2664728 0 0 0 	79019666 2664728 0 	454.276 	3 	34
23536200000000 23536300000320 	27800071646 81361211314 2673093 	27797398553 2673093 0 0 0 	79268889 2673093 0 	454.009 	3 	34
23561800000000 23561900000320 	28000072286 81947950349 2681390 	27997390896 2681390 0 0 0 	79519043 2681390 0 	453.747 	3 	34
23587400000000 23587500000320 	28200072926 82534758358 2689392 	28197383534 2689392 0 0 0 	79756944 2689392 0 	453.488 	3 	34
23613000000000 23613100000320 	28400073566 83121579275 2697373 	28397376193 2697373 0 0 0 	79994524 2697373 0 	453.234 	3 	34
23638600000000 23638700000353 	28600074272 83708355374 2705282 	28597368990 2705282 0 0 0 	80234476 2705282 0 	452.958 	3 	34
23664200000000 23664300000353 	28800074978 84295151795 2713131 	28797361847 2713131 0 0 0 	80465345 2713131 0 	452.687 	3 	34
23689800000000 23689900000353 	29000075684 84882055134 2721044 	28997354640 2721044 0 0 0 	80695561 2721044 0 	452.42 	3 	34
23715400000000 23715500000353 	29200076390 85468920707 2728674 	29197347716 2728674 0 0 0 	80925111 2728674 0 	452.157 	3 	34
23741000000000 23741100000353 	29400077096 86055764647 2736163 	29397340933 2736163 0 0 0 	81147384 2736163 0 	451.898 	3 	34
23766600000000 23766700000353 	29600077802 86642705197 2743752 	29597334050 2743752 0 0 0 	81371854 2743752 0 	451.643 	3 	34
23792200000000 23792300000044 	29800077890 87229680255 2751389 	29797326501 2751389 0 0 0 	81596481 2751389 0 	451.367 	3 	34
23817800000000 23817900000044 	30000077978 87816632731 2758831 	29997319147 2758831 0 0 0 	81817353 2758831 0 	451.096 	3 	34
23843400000000 23843500000044 	30200078066 88403626809 2766195 	30197311871 2766195 0 0 0 	82036369 2766195 0 	450.828 	3 	34
