20003500000000 20003600000476 	200000952 583920885 36931 	199964021 36931 0 0 0 	1092454 36931 0 	492 	3 	35
20029100000000 20029200000476 	400001904 1167814961 73635 	399928269 73635 0 0 0 	2188446 73635 0 	492 	3 	35
20054700000000 20054800000476 	600002856 1751732730 110013 	599892843 110013 0 0 0 	3263735 110013 0 	492 	3 	35
20080300000000 20080400000476 	800003808 2335660322 145477 	799858331 145477 0 0 0 	4305490 145477 0 	492 	3 	35
20105900000000 20106000000476 	1000004760 2919652516 181007 	999823753 181007 0 0 0 	5354544 181007 0 	492 	3 	35
20131500000000 20131600000476 	1200005712 3503687389 216074 	1199789638 216074 0 0 0 	6393677 216074 0 	492 	3 	35
20157100000000 20157200000011 	1400005734 4087696537 250519 	1399755215 250519 0 0 0 	7418671 250519 0 	491.569 	3 	35
20182700000000 20182800000011 	1600005756 4671685899 284566 	1599721190 284566 0 0 0 	8430445 284566 0 	491.247 	3 	35
20208300000000 20208400000011 	1800005778 5255690112 318151 	1799687627 318151 0 0 0 	9425852 318151 0 	490.996 	3 	35
20233900000000 20234000000011 	2000005800 5839766456 351743 	1999654057 351743 0 0 0 	10423850 351743 0 	490.796 	3 	35
20259500000000 20259600000011 	2200005822 6423842278 384833 	2199620989 384833 0 0 0 	11404226 384833 0 	490.632 	3 	35
20285100000000 20285200000011 	2400005844 7008028185 417608 	2399588236 417608 0 0 0 	12369413 417608 0 	490.495 	3 	35
20310700000000 20310800000210 	2600006264 7592091863 450326 	2599555938 450326 0 0 0 	13346213 450326 0 	490.068 	3 	35
20336300000000 20336400000210 	2800006684 8176245535 482404 	2799524280 482404 0 0 0 	14300628 482404 0 	489.703 	3 	35
20361900000000 20362000000210 	3000007104 8760454516 514217 	2999492887 514217 0 0 0 	15244532 514217 0 	489.386 	3 	35
20387500000000 20387600000210 	3200007524 9344724829 545781 	3199461743 545781 0 0 0 	16180155 545781 0 	489.11 	3 	35
20413100000000 20413200000210 	3400007944 9928964553 576977 	3399430967 576977 0 0 0 	17110758 576977 0 	488.866 	3 	35
20438700000000 20438800000210 	3600008364 10513164913 607821 	3599400543 607821 0 0 0 	18020248 607821 0 	488.65 	3 	35
20464300000000 20464400000381 	3800009126 11097418451 638370 	3799370756 638370 0 0 0 	18924612 638370 0 	488.241 	3 	35
20489900000000 20490000000381 	4000009888 11681694366 668424 	3999341464 668424 0 0 0 	19818792 668424 0 	487.874 	3 	35
20515500000000 20515600000381 	4200010650 12266014435 698226 	4199312424 698226 0 0 0 	20702743 698226 0 	487.542 	3 	35
20541100000000 20541200000381 	4400011412 12850393642 727743 	4399283669 727743 0 0 0 	21570165 727743 0 	487.241 	3 	35
20566700000000 20566800000381 	4600012174 13434697472 756757 	4599255417 756757 0 0 0 	22428991 756757 0 	486.966 	3 	35
20592300000000 20592400000381 	4800012936 14019110578 785267 	4799227669 785267 0 0 0 	23278270 785267 0 	486.715 	3 	35
20617900000000 20618000000468 	5000013872 14603574507 813846 	4999200026 813846 0 0 0 	24135550 813846 0 	486.36 	3 	35
20643500000000 20643600000468 	5200014808 15187982107 841990 	5199172818 841990 0 0 0 	24966205 841990 0 	486.033 	3 	35
20669100000000 20669200000468 	5400015744 15772420878 869994 	5399145750 869994 0 0 0 	25795953 869994 0 	485.731 	3 	35
20694700000000 20694800000468 	5600016680 16356860283 897516 	5599119164 897516 0 0 0 	26607293 897516 0 	485.45 	3 	35
20720300000000 20720400000468 	5800017616 16941378864 924738 	5799092878 924738 0 0 0 	27420334 924738 0 	485.19 	3 	35
20745900000000 20746000000468 	6000018552 17525867956 952197 	5999066355 952197 0 0 0 	28234793 952197 0 	484.946 	3 	35
20771500000000 20771600000254 	6200019060 18110414539 978918 	6199040142 978918 0 0 0 	29023699 978918 0 	484.585 	3 	35
20797100000000 20797200000254 	6400019568 18694972077 1005498 	6399014070 1005498 0 0 0 	29812523 1005498 0 	484.247 	3 	35
20822700000000 20822800000254 	6600020076 19279538748 1031928 	6598988148 1031928 0 0 0 	30591721 1031928 0 	483.93 	3 	35
20848300000000 20848400000254 	6800020584 19864178412 1058076 	6798962508 1058076 0 0 0 	31368311 1058076 0 	483.632 	3 	35
20873900000000 20874000000254 	7000021092 20448748126 1083625 	6998937467 1083625 0 0 0 	32131099 1083625 0 	483.352 	3 	35
20899500000000 20899600000254 	7200021600 21033380337 1108869 	7198912731 1108869 0 0 0 	32877376 1108869 0 	483.087 	3 	35
20925100000000 20925200000365 	7400022330 21618027669 1133870 	7398888460 1133870 0 0 0 	33617390 1133870 0 	482.752 	3 	35
20950700000000 20950800000365 	7600023060 22202685786 1158482 	7598864578 1158482 0 0 0 	34347914 1158482 0 	482.435 	3 	35
20976300000000 20976400000365 	7800023790 22787384678 1182945 	7798840845 1182945 0 0 0 	35079642 1182945 0 	482.135 	3 	35
21001900000000 21002000000365 	8000024520 23372097153 1207516 	7998817004 1207516 0 0 0 	35805398 1207516 0 	481.85 	3 	35
21027500000000 21027600000365 	8200025250 23956845265 1231531 	8198793719 1231531 0 0 0 	36514949 1231531 0 	481.58 	3 	35
21053100000000 21053200000365 	8400025980 24541561050 1254990 	8398770990 1254990 0 0 0 	37212049 1254990 0 	481.322 	3 	35
21078700000000 21078800000368 	8600026716 25126376415 1278750 	8598747966 1278750 0 0 0 	37919866 1278750 0 	481.004 	3 	35
21104300000000 21104400000368 	8800027452 25711148931 1302001 	8798725451 1302001 0 0 0 	38611880 1302001 0 	480.7 	3 	35
21129900000000 21130000000368 	9000028188 26295919300 1324982 	8998703206 1324982 0 0 0 	39289455 1324982 0 	480.411 	3 	35
21155500000000 21155600000368 	9200028924 26880730223 1347653 	9198681271 1347653 0 0 0 	39955313 1347653 0 	480.134 	3 	35
21181100000000 21181200000368 	9400029660 27465628250 1370265 	9398659395 1370265 0 0 0 	40634917 1370265 0 	479.869 	3 	35
21206700000000 21206800000368 	9600030396 28050532722 1392473 	9598637923 1392473 0 0 0 	41301991 1392473 0 	479.616 	3 	35
21232300000000 21232400000352 	9800031100 28635401420 1414770 	9798616330 1414770 0 0 0 	41973750 1414770 0 	479.287 	3 	35
21257900000000 21258000000352 	10000031804 29220354008 1436559 	9998595245 1436559 0 0 0 	42622646 1436559 0 	478.971 	3 	35
21283500000000 21283600000352 	10200032508 29805263410 1457891 	10198574617 1457891 0 0 0 	43252198 1457891 0 	478.668 	3 	35
21309100000000 21309200000352 	10400033212 30390168712 1479102 	10398554110 1479102 0 0 0 	43885081 1479102 0 	478.377 	3 	35
21334700000000 21334800000352 	10600033916 30975188919 1500060 	10598533856 1500060 0 0 0 	44509009 1500060 0 	478.098 	3 	35
21360300000000 21360400000352 	10800034620 31560210849 1520941 	10798513679 1520941 0 0 0 	45130279 1520941 0 	477.829 	3 	35
21385900000000 21386000000120 	11000034860 32145260389 1541403 	10998493457 1541403 0 0 0 	45736009 1541403 0 	477.512 	3 	35
21411500000000 21411600000120 	11200035100 32730260258 1561955 	11198473145 1561955 0 0 0 	46352065 1561955 0 	477.207 	3 	35
21437100000000 21437200000120 	11400035340 33315313483 1582106 	11398453234 1582106 0 0 0 	46948087 1582106 0 	476.913 	3 	35
21462700000000 21462800000120 	11600035580 33900389915 1602035 	11598433545 1602035 0 0 0 	47544596 1602035 0 	476.629 	3 	35
21488300000000 21488400000120 	11800035820 34485569304 1621672 	11798414148 1621672 0 0 0 	48124544 1621672 0 	476.355 	3 	35
21513900000000 21514000000120 	12000036060 35070715535 1641140 	11998394920 1641140 0 0 0 	48695443 1641140 0 	476.091 	3 	35
21539500000000 21539600000178 	12200036416 35655859160 1660341 	12198376075 1660341 0 0 0 	49270290 1660341 0 	475.783 	3 	35
21565100000000 21565200000178 	12400036772 36241050480 1679650 	12398357122 1679650 0 0 0 	49834547 1679650 0 	475.485 	3 	35
21590700000000 21590800000178 	12600037128 36826215079 1698871 	12598338257 1698871 0 0 0 	50402083 1698871 0 	475.197 	3 	35
21616300000000 21616400000178 	12800037484 37411445026 1717419 	12798320065 1717419 0 0 0 	50946415 1717419 0 	474.919 	3 	35
21641900000000 21642000000178 	13000037840 37996685824 1735867 	12998301973 1735867 0 0 0 	51493600 1735867 0 	474.649 	3 	35
21667500000000 21667600000178 	13200038196 38581901056 1754065 	13198284131 1754065 0 0 0 	52035434 1754065 0 	474.388 	3 	35
21693100000000 21693200000355 	13400038906 39167215206 1772138 	13398266768 1772138 0 0 0 	52567857 1772138 0 	474.086 	3 	35
21718700000000 21718800000355 	13600039616 39752534207 1790168 	13598249448 1790168 0 0 0 	53112701 1790168 0 	473.794 	3 	35
21744300000000 21744400000355 	13800040326 40337898433 1807956 	13798232370 1807956 0 0 0 	53642959 1807956 0 	473.51 	3 	35
21769900000000 21770000000355 	14000041036 40923187275 1825463 	13998215573 1825463 0 0 0 	54163022 1825463 0 	473.235 	3 	35
21795500000000 21795600000355 	14200041746 41508558175 1842974 	14198198772 1842974 0 0 0 	54676465 1842974 0 	472.968 	3 	35
21821100000000 21821200000230 	14400042206 42093930741 1860073 	14398182133 1860073 0 0 0 	55184798 1860073 0 	472.649 	3 	35
21846700000000 21846800000230 	14600042666 42679337455 1877106 	14598165560 1877106 0 0 0 	55684164 1877106 0 	472.338 	3 	35
21872300000000 21872400000230 	14800043126 43264756035 1893905 	14798149221 1893905 0 0 0 	56185907 1893905 0 	472.036 	3 	35
21897900000000 21898000000230 	15000043586 43850183867 1910582 	14998133004 1910582 0 0 0 	56694039 1910582 0 	471.743 	3 	35
21923500000000 21923600000230 	15200044046 44435664665 1927073 	15198116973 1927073 0 0 0 	57189570 1927073 0 	471.457 	3 	35
21949100000000 21949200000230 	15400044506 45021143214 1943464 	15398101042 1943464 0 0 0 	57681339 1943464 0 	471.18 	3 	35
21974700000000 21974800000320 	15600045146 45606624966 1959136 	15598086010 1959136 0 0 0 	58147555 1959136 0 	470.868 	3 	35
22000300000000 22000400000320 	15800045786 46192158023 1975175 	15798070611 1975175 0 0 0 	58629517 1975175 0 	470.564 	3 	35
22025900000000 22026000000320 	16000046426 46777708885 1990818 	15998055608 1990818 0 0 0 	59090815 1990818 0 	470.267 	3 	35
22051500000000 22051600000320 	16200047066 47363302597 2006348 	16198040718 2006348 0 0 0 	59557223 2006348 0 	469.979 	3 	35
22077100000000 22077200000320 	16400047706 47948875202 2021830 	16398025876 2021830 0 0 0 	60018550 2021830 0 	469.698 	3 	35
22102700000000 22102800000320 	16600048346 48534503455 2037196 	16598011150 2037196 0 0 0 	60466525 2037196 0 	469.424 	3 	35
22128300000000 22128400000400 	16800049146 49120199371 2052582 	16797996564 2052582 0 0 0 	60924463 2052582 0 	469.118 	3 	35
22153900000000 22154000000400 	17000049946 49705844000 2067480 	16997982466 2067480 0 0 0 	61361810 2067480 0 	468.819 	3 	35
22179500000000 22179600000400 	17200050746 50291473183 2082274 	17197968472 2082274 0 0 0 	61806425 2082274 0 	468.527 	3 	35
22205100000000 22205200000400 	17400051546 50877172101 2096844 	17397954702 2096844 0 0 0 	62242394 2096844 0 	468.243 	3 	35
22230700000000 22230800000400 	17600052346 51462897707 2111296 	17597941050 2111296 0 0 0 	62674362 2111296 0 	467.965 	3 	35
22256300000000 22256400000400 	17800053146 52048617490 2125438 	17797927708 2125438 0 0 0 	63094423 2125438 0 	467.694 	3 	35
22281900000000 22282000000290 	18000053726 52634358816 2139754 	17997913972 2139754 0 0 0 	63519455 2139754 0 	467.392 	3 	35
22307500000000 22307600000290 	18200054306 53220170432 2153613 	18197900693 2153613 0 0 0 	63929581 2153613 0 	467.097 	3 	35
22333100000000 22333200000290 	18400054886 53805923895 2167370 	18397887516 2167370 0 0 0 	64335328 2167370 0 	466.809 	3 	35
22358700000000 22358800000290 	18600055466 54391732981 2181162 	18597874304 2181162 0 0 0 	64739588 2181162 0 	466.527 	3 	35
22384300000000 22384400000290 	18800056046 54977589227 2194546 	18797861500 2194546 0 0 0 	65138434 2194546 0 	466.252 	3 	35
22409900000000 22410000000290 	19000056626 55563422796 2207818 	18997848808 2207818 0 0 0 	65535136 2207818 0 	465.983 	3 	35
22435500000000 22435600000249 	19200057124 56149325037 2221047 	19197836077 2221047 0 0 0 	65929981 2221047 0 	465.685 	3 	35
22461100000000 22461200000249 	19400057622 56735246197 2234169 	19397823453 2234169 0 0 0 	66314846 2234169 0 	465.393 	3 	35
22486700000000 22486800000249 	19600058120 57321200237 2246993 	19597811127 2246993 0 0 0 	66697114 2246993 0 	465.108 	3 	35
22512300000000 22512400000249 	19800058618 57907110691 2259736 	19797798882 2259736 0 0 0 	67068920 2259736 0 	464.828 	3 	35
22537900000000 22538000000249 	20000059116 58493046633 2272457 	19997786659 2272457 0 0 0 	67447254 2272457 0 	464.555 	3 	35
22563500000000 22563600000249 	20200059614 59079026604 2285097 	20197774517 2285097 0 0 0 	67824680 2285097 0 	464.287 	3 	35
22589100000000 22589200000088 	20400059790 59665015072 2297571 	20397762219 2297571 0 0 0 	68198377 2297571 0 	463.992 	3 	35
22614700000000 22614800000088 	20600059966 60251053548 2309753 	20597750213 2309753 0 0 0 	68563522 2309753 0 	463.703 	3 	35
22640300000000 22640400000088 	20800060142 60837122503 2321969 	20797738173 2321969 0 0 0 	68926676 2321969 0 	463.42 	3 	35
22665900000000 22666000000088 	21000060318 61423213764 2334014 	20997726304 2334014 0 0 0 	69285784 2334014 0 	463.143 	3 	35
22691500000000 22691600000088 	21200060494 62009283238 2346027 	21197714467 2346027 0 0 0 	69638107 2346027 0 	462.871 	3 	35
22717100000000 22717200000088 	21400060670 62595328451 2357970 	21397702700 2357970 0 0 0 	69989007 2357970 0 	462.604 	3 	35
22742700000000 22742800000110 	21600060890 63181415590 2369546 	21597691344 2369546 0 0 0 	70336535 2369546 0 	462.322 	3 	35
22768300000000 22768400000110 	21800061110 63767540770 2380912 	21797680198 2380912 0 0 0 	70677314 2380912 0 	462.046 	3 	35
22793900000000 22794000000110 	22000061330 64353748526 2392302 	21997669028 2392302 0 0 0 	71015436 2392302 0 	461.774 	3 	35
22819500000000 22819600000110 	22200061550 64939968125 2403653 	22197657897 2403653 0 0 0 	71353406 2403653 0 	461.508 	3 	35
22845100000000 22845200000110 	22400061770 65526204676 2414776 	22397646994 2414776 0 0 0 	71683979 2414776 0 	461.247 	3 	35
22870700000000 22870800000110 	22600061990 66112414399 2425799 	22597636191 2425799 0 0 0 	72008048 2425799 0 	460.991 	3 	35
22896300000000 22896400000189 	22800062368 66698646465 2436695 	22797625673 2436695 0 0 0 	72333369 2436695 0 	460.71 	3 	35
22921900000000 22922000000189 	23000062746 67284940281 2447505 	22997615241 2447505 0 0 0 	72660465 2447505 0 	460.434 	3 	35
22947500000000 22947600000189 	23200063124 67871243186 2458313 	23197604811 2458313 0 0 0 	72983314 2458313 0 	460.163 	3 	35
22973100000000 22973200000189 	23400063502 68457510038 2469031 	23397594471 2469031 0 0 0 	73298987 2469031 0 	459.897 	3 	35
22998700000000 22998800000189 	23600063880 69043823584 2479354 	23597584526 2479354 0 0 0 	73605584 2479354 0 	459.636 	3 	35
23024300000000 23024400000189 	23800064258 69630129957 2489715 	23797574543 2489715 0 0 0 	73910494 2489715 0 	459.379 	3 	35
23049900000000 23050000000060 	24000064378 70216485587 2499964 	23997564414 2499964 0 0 0 	74216305 2499964 0 	459.099 	3 	35
23075500000000 23075600000060 	24200064498 70802899310 2509932 	24197554566 2509932 0 0 0 	74509129 2509932 0 	458.823 	3 	35
23101100000000 23101200000060 	24400064618 71389320863 2519761 	24397544857 2519761 0 0 0 	74798017 2519761 0 	458.553 	3 	35
23126700000000 23126800000060 	24600064738 71975784917 2529837 	24597534901 2529837 0 0 0 	75098040 2529837 0 	458.287 	3 	35
23152300000000 23152400000060 	24800064858 72562258147 2539864 	24797524994 2539864 0 0 0 	75392523 2539864 0 	458.025 	3 	35
23177900000000 23178000000060 	25000064978 73148720922 2549719 	24997515259 2549719 0 0 0 	75691354 2549719 0 	457.769 	3 	35
23203500000000 23203600000375 	25200065728 73735208336 2559248 	25197506480 2559248 0 0 0 	75971513 2559248 0 	457.489 	3 	35
23229100000000 23229200000375 	25400066478 74321712512 2568665 	25397497813 2568665 0 0 0 	76254471 2568665 0 	457.213 	3 	35
23254700000000 23254800000375 	25600067228 74908256489 2577944 	25597489284 2577944 0 0 0 	76532031 2577944 0 	456.943 	3 	35
23280300000000 23280400000375 	25800067978 75494829049 2587275 	25797480703 2587275 0 0 0 	76810978 2587275 0 	456.677 	3 	35
23305900000000 23306000000375 	26000068728 76081486711 2596387 	25997472341 2596387 0 0 0 	77081418 2596387 0 	456.415 	3 	35
23331500000000 23331600000375 	26200069478 76668120318 2605527 	26197463951 2605527 0 0 0 	77347067 2605527 0 	456.158 	3 	35
23357100000000 23357200000074 	26400069626 77254739163 2614595 	26397455031 2614595 0 0 0 	77618612 2614595 0 	455.878 	3 	35
23382700000000 23382800000074 	26600069774 77841376579 2623464 	26597446310 2623464 0 0 0 	77883371 2623464 0 	455.603 	3 	35
23408300000000 23408400000074 	26800069922 78428052592 2632133 	26797437789 2632133 0 0 0 	78134989 2632133 0 	455.333 	3 	35
23433900000000 23434000000074 	27000070070 79014702647 2640875 	26997429195 2640875 0 0 0 	78396062 2640875 0 	455.066 	3 	35
23459500000000 23459600000074 	27200070218 79601351301 2649574 	27197420644 2649574 0 0 0 	78652020 2649574 0 	454.804 	3 	35
23485100000000 23485200000074 	27400070366 80188079891 2658006 	27397412360 2658006 0 0 0 	78903792 2658006 0 	454.546 	3 	35
23510700000000 23510800000320 	27600071006 80774785570 2666485 	27597404521 2666485 0 0 0 	79157417 2666485 0 	454.276 	3 	35
23536300000000 23536400000320 	27800071646 81361517100 2674920 	27797396726 2674920 0 0 0 	79407987 2674920 0 	454.009 	3 	35
23561900000000 23562000000320 	28000072286 81948312157 2683124 	27997389162 2683124 0 0 0 	79653810 2683124 0 	453.747 	3 	35
23587500000000 23587600000320 	28200072926 82535149782 2691470 	28197381456 2691470 0 0 0 	79905825 2691470 0 	453.488 	3 	35
23613100000000 23613200000320 	28400073566 83121950611 2699434 	28397374132 2699434 0 0 0 	80146055 2699434 0 	453.234 	3 	35
23638700000000 23638800000353 	28600074272 83708775786 2707319 	28597366953 2707319 0 0 0 	80380969 2707319 0 	452.958 	3 	35
23664300000000 23664400000353 	28800074978 84295597545 2715209 	28797359769 2715209 0 0 0 	80617736 2715209 0 	452.687 	3 	35
23689900000000 23690000000353 	29000075684 84882458293 2722915 	28997352769 2722915 0 0 0 	80848921 2722915 0 	452.42 	3 	35
23715500000000 23715600000353 	29200076390 85469356937 2730473 	29197345917 2730473 0 0 0 	81075711 2730473 0 	452.157 	3 	35
23741100000000 23741200000353 	29400077096 86056276716 2738147 	29397338949 2738147 0 0 0 	81302999 2738147 0 	451.898 	3 	35
23766700000000 23766800000353 	29600077802 86643242833 2745678 	29597332124 2745678 0 0 0 	81531378 2745678 0 	451.643 	3 	35
23792300000000 23792400000044 	29800077890 87230216687 2753050 	29797324840 2753050 0 0 0 	81747491 2753050 0 	451.367 	3 	35
23817900000000 23818000000044 	30000077978 87817168922 2760429 	29997317549 2760429 0 0 0 	81965440 2760429 0 	451.096 	3 	35
23843500000000 23843600000044 	30200078066 88404140322 2767749 	30197310317 2767749 0 0 0 	82179807 2767749 0 	450.828 	3 	35
