20004600000000 20004700000476 	200000952 583878676 36909 	199964043 36909 0 0 0 	1089185 36909 0 	492 	3 	46
20030200000000 20030300000476 	400001904 1167797390 73674 	399928230 73674 0 0 0 	2178044 73674 0 	492 	3 	46
20055800000000 20055900000476 	600002856 1751759173 110004 	599892852 110004 0 0 0 	3253245 110004 0 	492 	3 	46
20081400000000 20081500000476 	800003808 2335735463 145672 	799858136 145672 0 0 0 	4293286 145672 0 	492 	3 	46
20107000000000 20107100000476 	1000004760 2919701188 180860 	999823900 180860 0 0 0 	5333113 180860 0 	492 	3 	46
20132600000000 20132700000476 	1200005712 3503726847 216034 	1199789678 216034 0 0 0 	6375180 216034 0 	492 	3 	46
20158200000000 20158300000011 	1400005734 4087716499 250220 	1399755514 250220 0 0 0 	7389605 250220 0 	491.569 	3 	46
20183800000000 20183900000011 	1600005756 4671716520 284762 	1599720994 284762 0 0 0 	8410969 284762 0 	491.247 	3 	46
20209400000000 20209500000011 	1800005778 5255785671 318854 	1799686924 318854 0 0 0 	9417560 318854 0 	490.996 	3 	46
20235000000000 20235100000011 	2000005800 5839822983 352368 	1999653432 352368 0 0 0 	10405366 352368 0 	490.796 	3 	46
20260600000000 20260700000011 	2200005822 6423908657 385302 	2199620520 385302 0 0 0 	11382162 385302 0 	490.632 	3 	46
20286200000000 20286300000011 	2400005844 7008046066 418217 	2399587627 418217 0 0 0 	12362889 418217 0 	490.495 	3 	46
20311800000000 20311900000210 	2600006264 7592218993 450590 	2599555674 450590 0 0 0 	13327047 450590 0 	490.068 	3 	46
20337400000000 20337500000210 	2800006684 8176328802 482467 	2799524217 482467 0 0 0 	14270339 482467 0 	489.703 	3 	46
20363000000000 20363100000210 	3000007104 8760473866 514378 	2999492726 514378 0 0 0 	15218930 514378 0 	489.386 	3 	46
20388600000000 20388700000210 	3200007524 9344699763 545751 	3199461773 545751 0 0 0 	16154252 545751 0 	489.11 	3 	46
20414200000000 20414300000210 	3400007944 9928884887 576670 	3399431274 576670 0 0 0 	17073027 576670 0 	488.866 	3 	46
20439800000000 20439900000210 	3600008364 10513142989 607568 	3599400796 607568 0 0 0 	17981405 607568 0 	488.65 	3 	46
20465400000000 20465500000381 	3800009126 11097368485 637824 	3799371302 637824 0 0 0 	18873786 637824 0 	488.241 	3 	46
20491000000000 20491100000381 	4000009888 11681603294 667913 	3999341975 667913 0 0 0 	19762056 667913 0 	487.874 	3 	46
20516600000000 20516700000381 	4200010650 12265889379 697520 	4199313130 697520 0 0 0 	20646460 697520 0 	487.542 	3 	46
20542200000000 20542300000381 	4400011412 12850237492 727299 	4399284113 727299 0 0 0 	21535668 727299 0 	487.241 	3 	46
20567800000000 20567900000381 	4600012174 13434614872 756337 	4599255837 756337 0 0 0 	22396823 756337 0 	486.966 	3 	46
20593400000000 20593500000381 	4800012936 14019051676 785272 	4799227664 785272 0 0 0 	23254247 785272 0 	486.715 	3 	46
20619000000000 20619100000468 	5000013872 14603454374 813691 	4999200181 813691 0 0 0 	24101850 813691 0 	486.36 	3 	46
20644600000000 20644700000468 	5200014808 15187903173 842044 	5199172764 842044 0 0 0 	24951174 842044 0 	486.033 	3 	46
20670200000000 20670300000468 	5400015744 15772401123 869805 	5399145939 869805 0 0 0 	25765061 869805 0 	485.731 	3 	46
20695800000000 20695900000468 	5600016680 16356854407 897513 	5599119167 897513 0 0 0 	26581895 897513 0 	485.45 	3 	46
20721400000000 20721500000468 	5800017616 16941306538 924574 	5799093042 924574 0 0 0 	27383921 924574 0 	485.19 	3 	46
20747000000000 20747100000468 	6000018552 17525824144 951502 	5999067050 951502 0 0 0 	28184050 951502 0 	484.946 	3 	46
20772600000000 20772700000254 	6200019060 18110293425 978158 	6199040902 978158 0 0 0 	28972556 978158 0 	484.585 	3 	46
20798200000000 20798300000254 	6400019568 18694819832 1004809 	6399014759 1004809 0 0 0 	29759062 1004809 0 	484.247 	3 	46
20823800000000 20823900000254 	6600020076 19279421322 1031016 	6598989060 1031016 0 0 0 	30536330 1031016 0 	483.93 	3 	46
20849400000000 20849500000254 	6800020584 19864021641 1056672 	6798963912 1056672 0 0 0 	31299403 1056672 0 	483.632 	3 	46
20875000000000 20875100000254 	7000021092 20448599545 1081754 	6998939338 1081754 0 0 0 	32040379 1081754 0 	483.352 	3 	46
20900600000000 20900700000254 	7200021600 21033211698 1107155 	7198914445 1107155 0 0 0 	32796791 1107155 0 	483.087 	3 	46
20926200000000 20926300000365 	7400022330 21617871745 1132250 	7398890080 1132250 0 0 0 	33537073 1132250 0 	482.752 	3 	46
20951800000000 20951900000365 	7600023060 22202539923 1156893 	7598866167 1156893 0 0 0 	34266574 1156893 0 	482.435 	3 	46
20977400000000 20977500000365 	7800023790 22787228553 1181173 	7798842617 1181173 0 0 0 	34985437 1181173 0 	482.135 	3 	46
21003000000000 21003100000365 	8000024520 23371968413 1205501 	7998819019 1205501 0 0 0 	35707607 1205501 0 	481.85 	3 	46
21028600000000 21028700000365 	8200025250 23956749359 1229309 	8198795941 1229309 0 0 0 	36407662 1229309 0 	481.58 	3 	46
21054200000000 21054300000365 	8400025980 24541579893 1253277 	8398772703 1253277 0 0 0 	37116385 1253277 0 	481.322 	3 	46
21079800000000 21079900000368 	8600026716 25126341604 1276584 	8598750132 1276584 0 0 0 	37807467 1276584 0 	481.004 	3 	46
21105400000000 21105500000368 	8800027452 25711138858 1299592 	8798727860 1299592 0 0 0 	38500677 1299592 0 	480.7 	3 	46
21131000000000 21131100000368 	9000028188 26295994379 1322581 	8998705607 1322581 0 0 0 	39176808 1322581 0 	480.411 	3 	46
21156600000000 21156700000368 	9200028924 26880828963 1345512 	9198683412 1345512 0 0 0 	39851134 1345512 0 	480.134 	3 	46
21182200000000 21182300000368 	9400029660 27465689252 1368003 	9398661657 1368003 0 0 0 	40520927 1368003 0 	479.869 	3 	46
21207800000000 21207900000368 	9600030396 28050604912 1390234 	9598640162 1390234 0 0 0 	41180309 1390234 0 	479.616 	3 	46
21233400000000 21233500000352 	9800031100 28635482223 1412372 	9798618728 1412372 0 0 0 	41839689 1412372 0 	479.287 	3 	46
21259000000000 21259100000352 	10000031804 29220438398 1433841 	9998597963 1433841 0 0 0 	42477281 1433841 0 	478.971 	3 	46
21284600000000 21284700000352 	10200032508 29805426273 1455698 	10198576810 1455698 0 0 0 	43127523 1455698 0 	478.668 	3 	46
21310200000000 21310300000352 	10400033212 30390370284 1476819 	10398556393 1476819 0 0 0 	43759142 1476819 0 	478.377 	3 	46
21335800000000 21335900000352 	10600033916 30975360607 1497686 	10598536230 1497686 0 0 0 	44371409 1497686 0 	478.098 	3 	46
21361400000000 21361500000352 	10800034620 31560348230 1518432 	10798516188 1518432 0 0 0 	44984097 1518432 0 	477.829 	3 	46
21387000000000 21387100000120 	11000034860 32145409992 1538899 	10998495961 1538899 0 0 0 	45595843 1538899 0 	477.512 	3 	46
21412600000000 21412700000120 	11200035100 32730454987 1559185 	11198475915 1559185 0 0 0 	46199894 1559185 0 	477.207 	3 	46
21438200000000 21438300000120 	11400035340 33315552615 1579164 	11398456176 1579164 0 0 0 	46797418 1579164 0 	476.913 	3 	46
21463800000000 21463900000120 	11600035580 33900656171 1599023 	11598436557 1599023 0 0 0 	47386107 1599023 0 	476.629 	3 	46
21489400000000 21489500000120 	11800035820 34485783916 1618734 	11798417086 1618734 0 0 0 	47976336 1618734 0 	476.355 	3 	46
21515000000000 21515100000120 	12000036060 35070930267 1637995 	11998398065 1637995 0 0 0 	48544881 1637995 0 	476.091 	3 	46
21540600000000 21540700000178 	12200036416 35656069903 1657280 	12198379136 1657280 0 0 0 	49115847 1657280 0 	475.783 	3 	46
21566200000000 21566300000178 	12400036772 36241272424 1676496 	12398360276 1676496 0 0 0 	49688192 1676496 0 	475.485 	3 	46
21591800000000 21591900000178 	12600037128 36826391725 1695339 	12598341789 1695339 0 0 0 	50246099 1695339 0 	475.197 	3 	46
21617400000000 21617500000178 	12800037484 37411588211 1714154 	12798323330 1714154 0 0 0 	50804038 1714154 0 	474.919 	3 	46
21643000000000 21643100000178 	13000037840 37996761753 1732725 	12998305115 1732725 0 0 0 	51355597 1732725 0 	474.649 	3 	46
21668600000000 21668700000355 	13200038550 38582062259 1750929 	13198287621 1750929 0 0 0 	51893593 1750929 0 	474.338 	3 	46
21694200000000 21694300000355 	13400039260 39167396934 1769031 	13398270229 1769031 0 0 0 	52427503 1769031 0 	474.038 	3 	46
21719800000000 21719900000355 	13600039970 39752680145 1787078 	13598252892 1787078 0 0 0 	52966079 1787078 0 	473.746 	3 	46
21745400000000 21745500000355 	13800040680 40337910212 1804686 	13798235994 1804686 0 0 0 	53490602 1804686 0 	473.464 	3 	46
21771000000000 21771100000355 	14000041390 40923229944 1822171 	13998219219 1822171 0 0 0 	54009111 1822171 0 	473.189 	3 	46
21796600000000 21796700000355 	14200042100 41508575169 1839511 	14198202589 1839511 0 0 0 	54524003 1839511 0 	472.923 	3 	46
21822200000000 21822300000230 	14400042560 42093950342 1856470 	14398186090 1856470 0 0 0 	55028301 1856470 0 	472.604 	3 	46
21847800000000 21847900000230 	14600043020 42679321905 1873450 	14598169570 1873450 0 0 0 	55535355 1873450 0 	472.294 	3 	46
21873400000000 21873500000230 	14800043480 43264776228 1890170 	14798153310 1890170 0 0 0 	56032653 1890170 0 	471.993 	3 	46
21899000000000 21899100000230 	15000043940 43850272662 1906737 	14998137203 1906737 0 0 0 	56524631 1906737 0 	471.7 	3 	46
21924600000000 21924700000230 	15200044400 44435768245 1923314 	15198121086 1923314 0 0 0 	57021823 1923314 0 	471.415 	3 	46
21950200000000 21950300000230 	15400044860 45021276073 1939769 	15398105091 1939769 0 0 0 	57513582 1939769 0 	471.138 	3 	46
21975800000000 21975900000320 	15600045500 45606784712 1955903 	15598089597 1955903 0 0 0 	57991644 1955903 0 	470.827 	3 	46
22001400000000 22001500000320 	15800046140 46192270805 1971773 	15798074367 1971773 0 0 0 	58459888 1971773 0 	470.523 	3 	46
22027000000000 22027100000320 	16000046780 46777805943 1987622 	15998059158 1987622 0 0 0 	58926612 1987622 0 	470.228 	3 	46
22052600000000 22052700000320 	16200047420 47363338894 2003198 	16198044222 2003198 0 0 0 	59383264 2003198 0 	469.94 	3 	46
22078200000000 22078300000320 	16400048060 47948931382 2018441 	16398029619 2018441 0 0 0 	59841584 2018441 0 	469.659 	3 	46
22103800000000 22103900000320 	16600048700 48534543803 2033703 	16598014997 2033703 0 0 0 	60297247 2033703 0 	469.386 	3 	46
22129400000000 22129500000400 	16800049500 49120124296 2048797 	16798000703 2048797 0 0 0 	60748682 2048797 0 	469.08 	3 	46
22155000000000 22155100000400 	17000050300 49705804930 2063642 	16997986658 2063642 0 0 0 	61183103 2063642 0 	468.781 	3 	46
22180600000000 22180700000400 	17200051100 50291486481 2078467 	17197972633 2078467 0 0 0 	61628464 2078467 0 	468.49 	3 	46
22206200000000 22206300000400 	17400051900 50877172286 2093249 	17397958651 2093249 0 0 0 	62060457 2093249 0 	468.206 	3 	46
22231800000000 22231900000400 	17600052700 51462807487 2107658 	17597945042 2107658 0 0 0 	62485800 2107658 0 	467.929 	3 	46
22257400000000 22257500000400 	17800053500 52048521249 2122009 	17797931491 2122009 0 0 0 	62910666 2122009 0 	467.658 	3 	46
22283000000000 22283100000290 	18000054080 52634232245 2136143 	17997917937 2136143 0 0 0 	63325996 2136143 0 	467.357 	3 	46
22308600000000 22308700000290 	18200054660 53220008915 2150176 	18197904484 2150176 0 0 0 	63739596 2150176 0 	467.062 	3 	46
22334200000000 22334300000290 	18400055240 53805831017 2163919 	18397891321 2163919 0 0 0 	64145584 2163919 0 	466.775 	3 	46
22359800000000 22359900000290 	18600055820 54391638938 2177708 	18597878112 2177708 0 0 0 	64554390 2177708 0 	466.493 	3 	46
22385400000000 22385500000290 	18800056400 54977541618 2191263 	18797865137 2191263 0 0 0 	64955919 2191263 0 	466.219 	3 	46
22411000000000 22411100000290 	19000056980 55563385390 2204684 	18997852296 2204684 0 0 0 	65354826 2204684 0 	465.95 	3 	46
22436600000000 22436700000249 	19200057478 56149249680 2217943 	19197839535 2217943 0 0 0 	65752263 2217943 0 	465.652 	3 	46
22462200000000 22462300000249 	19400057976 56735088551 2231052 	19397826924 2231052 0 0 0 	66141690 2231052 0 	465.361 	3 	46
22487800000000 22487900000249 	19600058474 57321049441 2244085 	19597814389 2244085 0 0 0 	66531100 2244085 0 	465.076 	3 	46
22513400000000 22513500000249 	19800058972 57907005667 2256882 	19797802090 2256882 0 0 0 	66907978 2256882 0 	464.797 	3 	46
22539000000000 22539100000249 	20000059470 58492985048 2269547 	19997789923 2269547 0 0 0 	67290092 2269547 0 	464.524 	3 	46
22564600000000 22564700000249 	20200059968 59078950664 2282336 	20197777632 2282336 0 0 0 	67672995 2282336 0 	464.257 	3 	46
22590200000000 22590300000088 	20400060144 59664972977 2294664 	20397765480 2294664 0 0 0 	68039900 2294664 0 	463.962 	3 	46
22615800000000 22615900000088 	20600060320 60250942897 2306790 	20597753530 2306790 0 0 0 	68401708 2306790 0 	463.673 	3 	46
22641400000000 22641500000088 	20800060496 60836957018 2319086 	20797741410 2319086 0 0 0 	68769687 2319086 0 	463.39 	3 	46
22667000000000 22667100000088 	21000060672 61422971933 2331135 	20997729537 2331135 0 0 0 	69133093 2331135 0 	463.113 	3 	46
22692600000000 22692700000088 	21200060848 62009087343 2343114 	21197717734 2343114 0 0 0 	69492342 2343114 0 	462.842 	3 	46
22718200000000 22718300000088 	21400061024 62595140706 2354815 	21397706209 2354815 0 0 0 	69838789 2354815 0 	462.576 	3 	46
22743800000000 22743900000110 	21600061244 63181270029 2366421 	21597694823 2366421 0 0 0 	70186006 2366421 0 	462.294 	3 	46
22769400000000 22769500000110 	21800061464 63767415161 2377901 	21797683563 2377901 0 0 0 	70526910 2377901 0 	462.018 	3 	46
22795000000000 22795100000110 	22000061684 64353563053 2389309 	21997672375 2389309 0 0 0 	70858511 2389309 0 	461.747 	3 	46
22820600000000 22820700000110 	22200061904 64939746712 2400562 	22197661342 2400562 0 0 0 	71195525 2400562 0 	461.481 	3 	46
22846200000000 22846300000110 	22400062124 65525974810 2411752 	22397650372 2411752 0 0 0 	71529942 2411752 0 	461.22 	3 	46
22871800000000 22871900000110 	22600062344 66112180239 2422955 	22597639389 2422955 0 0 0 	71868220 2422955 0 	460.964 	3 	46
22897400000000 22897500000189 	22800062722 66698424988 2433771 	22797628951 2433771 0 0 0 	72188945 2433771 0 	460.683 	3 	46
22923000000000 22923100000189 	23000063100 67284687774 2444474 	22997618626 2444474 0 0 0 	72500363 2444474 0 	460.407 	3 	46
22948600000000 22948700000189 	23200063478 67870993896 2455369 	23197608109 2455369 0 0 0 	72822192 2455369 0 	460.137 	3 	46
22974200000000 22974300000189 	23400063856 68457343602 2466077 	23397597779 2466077 0 0 0 	73139137 2466077 0 	459.871 	3 	46
22999800000000 22999900000189 	23600064234 69043631213 2476351 	23597587883 2476351 0 0 0 	73442605 2476351 0 	459.61 	3 	46
23025400000000 23025500000189 	23800064612 69629983276 2486592 	23797578020 2486592 0 0 0 	73753607 2486592 0 	459.354 	3 	46
23051000000000 23051100000060 	24000064732 70216375726 2496962 	23997567770 2496962 0 0 0 	74065875 2496962 0 	459.074 	3 	46
23076600000000 23076700000060 	24200064852 70802779139 2507017 	24197557835 2507017 0 0 0 	74369558 2507017 0 	458.798 	3 	46
23102200000000 23102300000060 	24400064972 71389242192 2516886 	24397548086 2516886 0 0 0 	74664809 2516886 0 	458.528 	3 	46
23127800000000 23127900000060 	24600065092 71975642070 2526878 	24597538214 2526878 0 0 0 	74965185 2526878 0 	458.262 	3 	46
23153400000000 23153500000060 	24800065212 72562080524 2536529 	24797528683 2536529 0 0 0 	75253675 2536529 0 	458.001 	3 	46
23179000000000 23179100000060 	25000065332 73148556817 2546079 	24997519253 2546079 0 0 0 	75535417 2546079 0 	457.744 	3 	46
23204600000000 23204700000375 	25200066082 73735068131 2555501 	25197510581 2555501 0 0 0 	75814284 2555501 0 	457.465 	3 	46
23230200000000 23230300000375 	25400066832 74321632317 2564946 	25397501886 2564946 0 0 0 	76093599 2564946 0 	457.19 	3 	46
23255800000000 23255900000375 	25600067582 74908168772 2574384 	25597493198 2574384 0 0 0 	76372511 2574384 0 	456.919 	3 	46
23281400000000 23281500000375 	25800068332 75494712951 2583858 	25797484474 2583858 0 0 0 	76651529 2583858 0 	456.653 	3 	46
23307000000000 23307100000375 	26000069082 76081322173 2593023 	25997476059 2593023 0 0 0 	76923398 2593023 0 	456.392 	3 	46
23332600000000 23332700000375 	26200069832 76667966578 2602170 	26197467662 2602170 0 0 0 	77197372 2602170 0 	456.135 	3 	46
23358200000000 23358300000074 	26400069980 77254522514 2611299 	26397458681 2611299 0 0 0 	77468864 2611299 0 	455.855 	3 	46
23383800000000 23383900000074 	26600070128 77841163879 2620177 	26597449951 2620177 0 0 0 	77733964 2620177 0 	455.581 	3 	46
23409400000000 23409500000074 	26800070276 78427823841 2628859 	26797441417 2628859 0 0 0 	77991612 2628859 0 	455.31 	3 	46
23435000000000 23435100000074 	27000070424 79014516484 2637399 	26997433025 2637399 0 0 0 	78243383 2637399 0 	455.044 	3 	46
23460600000000 23460700000074 	27200070572 79601214474 2645975 	27197424597 2645975 0 0 0 	78496432 2645975 0 	454.782 	3 	46
23486200000000 23486300000074 	27400070720 80187928231 2654431 	27397416289 2654431 0 0 0 	78748643 2654431 0 	454.525 	3 	46
23511800000000 23511900000320 	27600071360 80774714178 2663019 	27597408341 2663019 0 0 0 	79001346 2663019 0 	454.254 	3 	46
23537400000000 23537500000320 	27800072000 81361485368 2671302 	27797400698 2671302 0 0 0 	79248742 2671302 0 	453.988 	3 	46
23563000000000 23563100000320 	28000072640 81948273518 2679526 	27997393114 2679526 0 0 0 	79493006 2679526 0 	453.725 	3 	46
23588600000000 23588700000320 	28200073280 82535050590 2687738 	28197385542 2687738 0 0 0 	79743247 2687738 0 	453.467 	3 	46
23614200000000 23614300000320 	28400073920 83121920976 2695973 	28397377947 2695973 0 0 0 	79990541 2695973 0 	453.213 	3 	46
23639800000000 23639900000353 	28600074626 83708785932 2704053 	28597370573 2704053 0 0 0 	80234751 2704053 0 	452.938 	3 	46
23665400000000 23665500000353 	28800075332 84295661403 2711932 	28797363400 2711932 0 0 0 	80471273 2711932 0 	452.667 	3 	46
23691000000000 23691100000353 	29000076038 84882545574 2719717 	28997356321 2719717 0 0 0 	80708264 2719717 0 	452.4 	3 	46
23716600000000 23716700000353 	29200076744 85469430240 2727460 	29197349284 2727460 0 0 0 	80934537 2727460 0 	452.137 	3 	46
23742200000000 23742300000353 	29400077450 86056374771 2735232 	29397342218 2735232 0 0 0 	81163591 2735232 0 	451.878 	3 	46
23767800000000 23767900000353 	29600078156 86643320452 2742843 	29597335313 2742843 0 0 0 	81393371 2742843 0 	451.623 	3 	46
23793400000000 23793500000044 	29800078244 87230334335 2750194 	29797328050 2750194 0 0 0 	81611552 2750194 0 	451.348 	3 	46
23819000000000 23819100000044 	30000078332 87817278864 2757693 	29997320639 2757693 0 0 0 	81830097 2757693 0 	451.076 	3 	46
23844600000000 23844700000044 	30200078420 88404237672 2764879 	30197313541 2764879 0 0 0 	82043170 2764879 0 	450.809 	3 	46
