20005300000000 20005400000476 	200000952 583917265 36910 	199964042 36910 0 0 0 	1092177 36910 0 	492 	3 	53
20030900000000 20031000000476 	400001904 1167825155 73295 	399928609 73295 0 0 0 	2175205 73295 0 	492 	3 	53
20056500000000 20056600000476 	600002856 1751751353 109049 	599893807 109049 0 0 0 	3234221 109049 0 	492 	3 	53
20082100000000 20082200000476 	800003808 2335678316 144686 	799859122 144686 0 0 0 	4288567 144686 0 	492 	3 	53
20107700000000 20107800000476 	1000004760 2919626798 180031 	999824729 180031 0 0 0 	5332096 180031 0 	492 	3 	53
20133300000000 20133400000476 	1200005712 3503622362 214980 	1199790732 214980 0 0 0 	6362190 214980 0 	492 	3 	53
20158900000000 20159000000011 	1400005734 4087628216 249417 	1399756317 249417 0 0 0 	7380775 249417 0 	491.569 	3 	53
20184500000000 20184600000011 	1600005756 4671710453 283730 	1599722026 283730 0 0 0 	8392821 283730 0 	491.247 	3 	53
20210100000000 20210200000011 	1800005778 5255808431 317972 	1799687806 317972 0 0 0 	9398446 317972 0 	490.996 	3 	53
20235700000000 20235800000011 	2000005800 5839825927 351074 	1999654726 351074 0 0 0 	10379079 351074 0 	490.796 	3 	53
20261300000000 20261400000011 	2200005822 6423909658 384312 	2199621510 384312 0 0 0 	11356190 384312 0 	490.632 	3 	53
20286900000000 20287000000011 	2400005844 7008021616 416876 	2399588968 416876 0 0 0 	12320148 416876 0 	490.495 	3 	53
20312500000000 20312600000210 	2600006264 7592153463 449217 	2599557047 449217 0 0 0 	13276529 449217 0 	490.068 	3 	53
20338100000000 20338200000210 	2800006684 8176290817 481150 	2799525534 481150 0 0 0 	14222111 481150 0 	489.703 	3 	53
20363700000000 20363800000210 	3000007104 8760418219 512586 	2999494518 512586 0 0 0 	15157625 512586 0 	489.386 	3 	53
20389300000000 20389400000210 	3200007524 9344625639 544130 	3199463394 544130 0 0 0 	16091142 544130 0 	489.11 	3 	53
20414900000000 20415000000210 	3400007944 9928855707 574792 	3399433152 574792 0 0 0 	16996913 574792 0 	488.866 	3 	53
20440500000000 20440600000210 	3600008364 10513089253 605432 	3599402932 605432 0 0 0 	17906985 605432 0 	488.65 	3 	53
20466100000000 20466200000381 	3800009126 11097379201 635384 	3799373742 635384 0 0 0 	18792902 635384 0 	488.241 	3 	53
20491700000000 20491800000381 	4000009888 11681639466 665333 	3999344555 665333 0 0 0 	19677548 665333 0 	487.874 	3 	53
20517300000000 20517400000381 	4200010650 12265923404 695348 	4199315302 695348 0 0 0 	20563295 695348 0 	487.542 	3 	53
20542900000000 20543000000381 	4400011412 12850287553 724985 	4399286427 724985 0 0 0 	21449893 724985 0 	487.241 	3 	53
20568500000000 20568600000381 	4600012174 13434682246 754092 	4599258082 754092 0 0 0 	22311143 754092 0 	486.966 	3 	53
20594100000000 20594200000381 	4800012936 14019053191 782867 	4799230069 782867 0 0 0 	23164823 782867 0 	486.715 	3 	53
20619700000000 20619800000468 	5000013872 14603366543 811244 	4999202628 811244 0 0 0 	24005505 811244 0 	486.36 	3 	53
20645300000000 20645400000468 	5200014808 15187802907 839336 	5199175472 839336 0 0 0 	24837625 839336 0 	486.033 	3 	53
20670900000000 20671000000468 	5400015744 15772271440 867001 	5399148743 867001 0 0 0 	25652925 867001 0 	485.731 	3 	53
20696500000000 20696600000468 	5600016680 16356674075 894441 	5599122239 894441 0 0 0 	26466830 894441 0 	485.45 	3 	53
20722100000000 20722200000468 	5800017616 16941168640 921585 	5799096031 921585 0 0 0 	27267628 921585 0 	485.19 	3 	53
20747700000000 20747800000468 	6000018552 17525651959 948594 	5999069958 948594 0 0 0 	28062543 948594 0 	484.946 	3 	53
20773300000000 20773400000254 	6200019060 18110258084 975160 	6199043900 975160 0 0 0 	28855337 975160 0 	484.585 	3 	53
20798900000000 20799000000254 	6400019568 18694815728 1001472 	6399018096 1001472 0 0 0 	29644825 1001472 0 	484.247 	3 	53
20824500000000 20824600000254 	6600020076 19279305296 1027335 	6598992741 1027335 0 0 0 	30411063 1027335 0 	483.93 	3 	53
20850100000000 20850200000254 	6800020584 19863900703 1053257 	6798967327 1053257 0 0 0 	31183288 1053257 0 	483.632 	3 	53
20875700000000 20875800000254 	7000021092 20448495312 1078878 	6998942214 1078878 0 0 0 	31934635 1078878 0 	483.352 	3 	53
20901300000000 20901400000254 	7200021600 21033122570 1104378 	7198917222 1104378 0 0 0 	32682867 1104378 0 	483.087 	3 	53
20926900000000 20927000000365 	7400022330 21617751637 1129354 	7398892976 1129354 0 0 0 	33421863 1129354 0 	482.752 	3 	53
20952500000000 20952600000365 	7600023060 22202422348 1154305 	7598868755 1154305 0 0 0 	34163490 1154305 0 	482.435 	3 	53
20978100000000 20978200000365 	7800023790 22787119494 1178742 	7798845048 1178742 0 0 0 	34890962 1178742 0 	482.135 	3 	53
21003700000000 21003800000365 	8000024520 23371797208 1203006 	7998821514 1203006 0 0 0 	35615262 1203006 0 	481.85 	3 	53
21029300000000 21029400000365 	8200025250 23956613759 1227038 	8198798212 1227038 0 0 0 	36325650 1227038 0 	481.58 	3 	53
21054900000000 21055000000365 	8400025980 24541426513 1250819 	8398775161 1250819 0 0 0 	37030447 1250819 0 	481.322 	3 	53
21080500000000 21080600000368 	8600026716 25126206368 1274253 	8598752463 1274253 0 0 0 	37726306 1274253 0 	481.004 	3 	53
21106100000000 21106200000368 	8800027452 25710973463 1297230 	8798730222 1297230 0 0 0 	38401600 1297230 0 	480.7 	3 	53
21131700000000 21131800000368 	9000028188 26295800868 1319931 	8998708257 1319931 0 0 0 	39072348 1319931 0 	480.411 	3 	53
21157300000000 21157400000368 	9200028924 26880640079 1342485 	9198686439 1342485 0 0 0 	39734445 1342485 0 	480.134 	3 	53
21182900000000 21183000000368 	9400029660 27465451847 1364939 	9398664721 1364939 0 0 0 	40404478 1364939 0 	479.869 	3 	53
21208500000000 21208600000368 	9600030396 28050312326 1387154 	9598643242 1387154 0 0 0 	41065528 1387154 0 	479.616 	3 	53
21234100000000 21234200000352 	9800031100 28635241971 1408953 	9798622147 1408953 0 0 0 	41706616 1408953 0 	479.287 	3 	53
21259700000000 21259800000352 	10000031804 29220162006 1430845 	9998600959 1430845 0 0 0 	42353573 1430845 0 	478.971 	3 	53
21285300000000 21285400000352 	10200032508 29805116456 1452386 	10198580122 1452386 0 0 0 	42993615 1452386 0 	478.668 	3 	53
21310900000000 21311000000352 	10400033212 30390127187 1473792 	10398559420 1473792 0 0 0 	43620672 1473792 0 	478.377 	3 	53
21336500000000 21336600000352 	10600033916 30975124482 1494875 	10598539041 1494875 0 0 0 	44246842 1494875 0 	478.098 	3 	53
21362100000000 21362200000352 	10800034620 31560126598 1515781 	10798518839 1515781 0 0 0 	44869380 1515781 0 	477.829 	3 	53
21387700000000 21387800000120 	11000034860 32145133164 1536588 	10998498272 1536588 0 0 0 	45498787 1536588 0 	477.512 	3 	53
21413300000000 21413400000120 	11200035100 32730265372 1556983 	11198478117 1556983 0 0 0 	46106935 1556983 0 	477.207 	3 	53
21438900000000 21439000000120 	11400035340 33315336766 1577194 	11398458146 1577194 0 0 0 	46708052 1577194 0 	476.913 	3 	53
21464500000000 21464600000120 	11600035580 33900476356 1597164 	11598438416 1597164 0 0 0 	47302778 1597164 0 	476.629 	3 	53
21490100000000 21490200000120 	11800035820 34485574589 1616921 	11798418899 1616921 0 0 0 	47891223 1616921 0 	476.355 	3 	53
21515700000000 21515800000120 	12000036060 35070656125 1636417 	11998399643 1636417 0 0 0 	48463258 1636417 0 	476.091 	3 	53
21541300000000 21541400000178 	12200036416 35655798366 1655688 	12198380728 1655688 0 0 0 	49037720 1655688 0 	475.783 	3 	53
21566900000000 21567000000178 	12400036772 36240942557 1674987 	12398361785 1674987 0 0 0 	49612833 1674987 0 	475.485 	3 	53
21592500000000 21592600000178 	12600037128 36826120466 1693808 	12598343320 1693808 0 0 0 	50165961 1693808 0 	475.197 	3 	53
21618100000000 21618200000178 	12800037484 37411305242 1712596 	12798324888 1712596 0 0 0 	50726235 1712596 0 	474.919 	3 	53
21643700000000 21643800000178 	13000037840 37996545969 1731284 	12998306556 1731284 0 0 0 	51278916 1731284 0 	474.649 	3 	53
21669300000000 21669400000355 	13200038550 38581770612 1749681 	13198288869 1749681 0 0 0 	51826639 1749681 0 	474.338 	3 	53
21694900000000 21695000000355 	13400039260 39167057284 1767514 	13398271746 1767514 0 0 0 	52358270 1767514 0 	474.038 	3 	53
21720500000000 21720600000355 	13600039970 39752336105 1785614 	13598254356 1785614 0 0 0 	52898442 1785614 0 	473.746 	3 	53
21746100000000 21746200000355 	13800040680 40337637826 1803223 	13798237457 1803223 0 0 0 	53418307 1803223 0 	473.464 	3 	53
21771700000000 21771800000355 	14000041390 40922992480 1820553 	13998220837 1820553 0 0 0 	53928216 1820553 0 	473.189 	3 	53
21797300000000 21797400000355 	14200042100 41508349643 1838160 	14198203940 1838160 0 0 0 	54455118 1838160 0 	472.923 	3 	53
21822900000000 21823000000230 	14400042560 42093684474 1855296 	14398187264 1855296 0 0 0 	54965597 1855296 0 	472.604 	3 	53
21848500000000 21848600000230 	14600043020 42679111590 1872426 	14598170594 1872426 0 0 0 	55472687 1872426 0 	472.294 	3 	53
21874100000000 21874200000230 	14800043480 43264544210 1889337 	14798154143 1889337 0 0 0 	55974754 1889337 0 	471.993 	3 	53
21899700000000 21899800000230 	15000043940 43850003816 1905632 	14998138308 1905632 0 0 0 	56463670 1905632 0 	471.7 	3 	53
21925300000000 21925400000230 	15200044400 44435509867 1922015 	15198122385 1922015 0 0 0 	56943422 1922015 0 	471.415 	3 	53
21950900000000 21951000000230 	15400044860 45021017500 1938267 	15398106593 1938267 0 0 0 	57434741 1938267 0 	471.138 	3 	53
21976500000000 21976600000320 	15600045500 45606456432 1954295 	15598091205 1954295 0 0 0 	57913989 1954295 0 	470.827 	3 	53
22002100000000 22002200000320 	15800046140 46191980489 1970171 	15798075969 1970171 0 0 0 	58385023 1970171 0 	470.523 	3 	53
22027700000000 22027800000320 	16000046780 46777565277 1985989 	15998060791 1985989 0 0 0 	58855788 1985989 0 	470.228 	3 	53
22053300000000 22053400000320 	16200047420 47363151794 2001559 	16198045861 2001559 0 0 0 	59321083 2001559 0 	469.94 	3 	53
22078900000000 22079000000320 	16400048060 47948668043 2016968 	16398031092 2016968 0 0 0 	59776052 2016968 0 	469.659 	3 	53
22104500000000 22104600000320 	16600048700 48534294513 2032231 	16598016469 2032231 0 0 0 	60232300 2032231 0 	469.386 	3 	53
22130100000000 22130200000400 	16800049500 49119918744 2047276 	16798002224 2047276 0 0 0 	60679181 2047276 0 	469.08 	3 	53
22155700000000 22155800000400 	17000050300 49705598616 2062052 	16997988248 2062052 0 0 0 	61120727 2062052 0 	468.781 	3 	53
22181300000000 22181400000400 	17200051100 50291338899 2076712 	17197974388 2076712 0 0 0 	61561145 2076712 0 	468.49 	3 	53
22206900000000 22207000000400 	17400051900 50877077006 2091298 	17397960602 2091298 0 0 0 	61989112 2091298 0 	468.206 	3 	53
22232500000000 22232600000400 	17600052700 51462762989 2105654 	17597947046 2105654 0 0 0 	62415355 2105654 0 	467.929 	3 	53
22258100000000 22258200000400 	17800053500 52048541606 2120008 	17797933492 2120008 0 0 0 	62845812 2120008 0 	467.658 	3 	53
22283700000000 22283800000290 	18000054080 52634281385 2134373 	17997919707 2134373 0 0 0 	63271583 2134373 0 	467.357 	3 	53
22309300000000 22309400000290 	18200054660 53220093667 2148477 	18197906183 2148477 0 0 0 	63685508 2148477 0 	467.062 	3 	53
22334900000000 22335000000290 	18400055240 53805974426 2162228 	18397893012 2162228 0 0 0 	64092368 2162228 0 	466.775 	3 	53
22360500000000 22360600000290 	18600055820 54391799582 2175916 	18597879904 2175916 0 0 0 	64502280 2175916 0 	466.493 	3 	53
22386100000000 22386200000290 	18800056400 54977612287 2189431 	18797866969 2189431 0 0 0 	64900890 2189431 0 	466.219 	3 	53
22411700000000 22411800000290 	19000056980 55563516658 2202585 	18997854395 2202585 0 0 0 	65291392 2202585 0 	465.95 	3 	53
22437300000000 22437400000249 	19200057478 56149344677 2215683 	19197841795 2215683 0 0 0 	65679679 2215683 0 	465.652 	3 	53
22462900000000 22463000000249 	19400057976 56735266466 2228788 	19397829188 2228788 0 0 0 	66071857 2228788 0 	465.361 	3 	53
22488500000000 22488600000249 	19600058474 57321170566 2241717 	19597816757 2241717 0 0 0 	66453111 2241717 0 	465.076 	3 	53
22514100000000 22514200000249 	19800058972 57907148474 2254598 	19797804374 2254598 0 0 0 	66839605 2254598 0 	464.797 	3 	53
22539700000000 22539800000249 	20000059470 58493048744 2267447 	19997792023 2267447 0 0 0 	67223675 2267447 0 	464.524 	3 	53
22565300000000 22565400000249 	20200059968 59078987671 2280177 	20197779791 2280177 0 0 0 	67597398 2280177 0 	464.257 	3 	53
22590900000000 22591000000088 	20400060144 59664985791 2292561 	20397767583 2292561 0 0 0 	67963516 2292561 0 	463.962 	3 	53
22616500000000 22616600000088 	20600060320 60251018297 2304731 	20597755589 2304731 0 0 0 	68325791 2304731 0 	463.673 	3 	53
22642100000000 22642200000088 	20800060496 60837067698 2316909 	20797743587 2316909 0 0 0 	68689451 2316909 0 	463.39 	3 	53
22667700000000 22667800000088 	21000060672 61423139371 2329173 	20997731499 2329173 0 0 0 	69048584 2329173 0 	463.113 	3 	53
22693300000000 22693400000088 	21200060848 62009214372 2341114 	21197719734 2341114 0 0 0 	69403515 2341114 0 	462.842 	3 	53
22718900000000 22719000000088 	21400061024 62595292441 2352782 	21397708242 2352782 0 0 0 	69749672 2352782 0 	462.576 	3 	53
22744500000000 22744600000110 	21600061244 63181378772 2364476 	21597696768 2364476 0 0 0 	70098704 2364476 0 	462.294 	3 	53
22770100000000 22770200000110 	21800061464 63767570421 2376061 	21797685403 2376061 0 0 0 	70445744 2376061 0 	462.018 	3 	53
22795700000000 22795800000110 	22000061684 64353661525 2387195 	21997674489 2387195 0 0 0 	70778681 2387195 0 	461.747 	3 	53
22821300000000 22821400000110 	22200061904 64939844837 2398441 	22197663463 2398441 0 0 0 	71109357 2398441 0 	461.481 	3 	53
22846900000000 22847000000110 	22400062124 65526045678 2409601 	22397652523 2409601 0 0 0 	71439702 2409601 0 	461.22 	3 	53
22872500000000 22872600000110 	22600062344 66112263995 2420499 	22597641845 2420499 0 0 0 	71763591 2420499 0 	460.964 	3 	53
22898100000000 22898200000189 	22800062722 66698493711 2431344 	22797631378 2431344 0 0 0 	72082194 2431344 0 	460.683 	3 	53
22923700000000 22923800000189 	23000063100 67284758282 2442198 	22997620902 2442198 0 0 0 	72411224 2442198 0 	460.407 	3 	53
22949300000000 22949400000189 	23200063478 67871083671 2452901 	23197610577 2452901 0 0 0 	72726278 2452901 0 	460.137 	3 	53
22974900000000 22975000000189 	23400063856 68457391559 2463492 	23397600364 2463492 0 0 0 	73036887 2463492 0 	459.871 	3 	53
23000500000000 23000600000189 	23600064234 69043723719 2473619 	23597590615 2473619 0 0 0 	73336547 2473619 0 	459.61 	3 	53
23026100000000 23026200000189 	23800064612 69630043161 2483994 	23797580618 2483994 0 0 0 	73642386 2483994 0 	459.354 	3 	53
23051700000000 23051800000060 	24000064732 70216397729 2494132 	23997570600 2494132 0 0 0 	73944518 2494132 0 	459.074 	3 	53
23077300000000 23077400000060 	24200064852 70802747539 2504275 	24197560577 2504275 0 0 0 	74243770 2504275 0 	458.798 	3 	53
23102900000000 23103000000060 	24400064972 71389169397 2514191 	24397550781 2514191 0 0 0 	74541116 2514191 0 	458.528 	3 	53
23128500000000 23128600000060 	24600065092 71975588105 2524173 	24597540919 2524173 0 0 0 	74841184 2524173 0 	458.262 	3 	53
23154100000000 23154200000060 	24800065212 72562073549 2533934 	24797531278 2533934 0 0 0 	75125584 2533934 0 	458.001 	3 	53
23179700000000 23179800000060 	25000065332 73148553157 2543517 	24997521815 2543517 0 0 0 	75414207 2543517 0 	457.744 	3 	53
23205300000000 23205400000375 	25200066082 73735047120 2553134 	25197512948 2553134 0 0 0 	75694046 2553134 0 	457.465 	3 	53
23230900000000 23231000000375 	25400066832 74321557194 2562729 	25397504103 2562729 0 0 0 	75982724 2562729 0 	457.19 	3 	53
23256500000000 23256600000375 	25600067582 74908140722 2572000 	25597495582 2572000 0 0 0 	76256914 2572000 0 	456.919 	3 	53
23282100000000 23282200000375 	25800068332 75494724967 2581510 	25797486822 2581510 0 0 0 	76537566 2581510 0 	456.653 	3 	53
23307700000000 23307800000375 	26000069082 76081289207 2590749 	25997478333 2590749 0 0 0 	76811804 2590749 0 	456.392 	3 	53
23333300000000 23333400000375 	26200069832 76667871136 2599808 	26197470024 2599808 0 0 0 	77078208 2599808 0 	456.135 	3 	53
23358900000000 23359000000074 	26400069980 77254485797 2608620 	26397461360 2608620 0 0 0 	77339677 2608620 0 	455.855 	3 	53
23384500000000 23384600000074 	26600070128 77841117050 2617503 	26597452625 2617503 0 0 0 	77604633 2617503 0 	455.581 	3 	53
23410100000000 23410200000074 	26800070276 78427711884 2626330 	26797443946 2626330 0 0 0 	77866043 2626330 0 	455.31 	3 	53
23435700000000 23435800000074 	27000070424 79014394037 2635024 	26997435400 2635024 0 0 0 	78124526 2635024 0 	455.044 	3 	53
23461300000000 23461400000074 	27200070572 79601132985 2643539 	27197427033 2643539 0 0 0 	78377374 2643539 0 	454.782 	3 	53
23486900000000 23487000000320 	27400071212 80187834013 2651933 	27397419279 2651933 0 0 0 	78628434 2651933 0 	454.508 	3 	53
23512500000000 23512600000320 	27600071852 80774475579 2660325 	27597411527 2660325 0 0 0 	78878414 2660325 0 	454.237 	3 	53
23538100000000 23538200000320 	27800072492 81361192792 2668630 	27797403862 2668630 0 0 0 	79127646 2668630 0 	453.971 	3 	53
23563700000000 23563800000320 	28000073132 81947979006 2676885 	27997396247 2676885 0 0 0 	79371015 2676885 0 	453.709 	3 	53
23589300000000 23589400000320 	28200073772 82534808022 2685159 	28197388613 2685159 0 0 0 	79619357 2685159 0 	453.451 	3 	53
23614900000000 23615000000320 	28400074412 83121579930 2693332 	28397381080 2693332 0 0 0 	79861242 2693332 0 	453.196 	3 	53
23640500000000 23640600000353 	28600075118 83708445084 2701163 	28597373955 2701163 0 0 0 	80095212 2701163 0 	452.922 	3 	53
23666100000000 23666200000353 	28800075824 84295337006 2709052 	28797366772 2709052 0 0 0 	80330948 2709052 0 	452.651 	3 	53
23691700000000 23691800000353 	29000076530 84882210665 2716883 	28997359647 2716883 0 0 0 	80560756 2716883 0 	452.384 	3 	53
23717300000000 23717400000353 	29200077236 85469142999 2724640 	29197352596 2724640 0 0 0 	80791413 2724640 0 	452.121 	3 	53
23742900000000 23743000000353 	29400077942 86055978875 2732328 	29397345614 2732328 0 0 0 	81021293 2732328 0 	451.862 	3 	53
23768500000000 23768600000353 	29600078648 86642948286 2739894 	29597338754 2739894 0 0 0 	81248142 2739894 0 	451.607 	3 	53
23794100000000 23794200000044 	29800078736 87229912160 2747382 	29797331354 2747382 0 0 0 	81474436 2747382 0 	451.332 	3 	53
23819700000000 23819800000044 	30000078824 87816905428 2754968 	29997323856 2754968 0 0 0 	81695795 2754968 0 	451.061 	3 	53
23845300000000 23845400000044 	30200078912 88403828708 2762353 	30197316559 2762353 0 0 0 	81916824 2762353 0 	450.794 	3 	53
