20006200000000 20006300000476 	200000952 583905131 36742 	199964210 36742 0 0 0 	1094309 36742 0 	492 	3 	62
20031800000000 20031900000476 	400001904 1167834886 73326 	399928578 73326 0 0 0 	2179359 73326 0 	492 	3 	62
20057400000000 20057500000476 	600002856 1751731535 109045 	599893811 109045 0 0 0 	3232724 109045 0 	492 	3 	62
20083000000000 20083100000476 	800003808 2335659473 144720 	799859088 144720 0 0 0 	4281164 144720 0 	492 	3 	62
20108600000000 20108700000476 	1000004760 2919636479 180050 	999824710 180050 0 0 0 	5331800 180050 0 	492 	3 	62
20134200000000 20134300000476 	1200005712 3503608843 215159 	1199790553 215159 0 0 0 	6372727 215159 0 	492 	3 	62
20159800000000 20159900000011 	1400005734 4087535605 249472 	1399756262 249472 0 0 0 	7381647 249472 0 	491.569 	3 	62
20185400000000 20185500000011 	1600005756 4671594191 283798 	1599721958 283798 0 0 0 	8396366 283798 0 	491.247 	3 	62
20211000000000 20211100000011 	1800005778 5255634239 317508 	1799688270 317508 0 0 0 	9394979 317508 0 	490.996 	3 	62
20236600000000 20236700000011 	2000005800 5839752830 350820 	1999654980 350820 0 0 0 	10372583 350820 0 	490.796 	3 	62
20262200000000 20262300000011 	2200005822 6423824641 384201 	2199621621 384201 0 0 0 	11358567 384201 0 	490.632 	3 	62
20287800000000 20287900000011 	2400005844 7007945785 417122 	2399588722 417122 0 0 0 	12339720 417122 0 	490.495 	3 	62
20313400000000 20313500000210 	2600006264 7592090401 449421 	2599556843 449421 0 0 0 	13288435 449421 0 	490.068 	3 	62
20339000000000 20339100000210 	2800006684 8176203935 481457 	2799525227 481457 0 0 0 	14236713 481457 0 	489.703 	3 	62
20364600000000 20364700000210 	3000007104 8760313600 513110 	2999493994 513110 0 0 0 	15181623 513110 0 	489.386 	3 	62
20390200000000 20390300000210 	3200007524 9344488191 544610 	3199462914 544610 0 0 0 	16117058 544610 0 	489.11 	3 	62
20415800000000 20415900000210 	3400007944 9928737017 575760 	3399432184 575760 0 0 0 	17041425 575760 0 	488.866 	3 	62
20441400000000 20441500000210 	3600008364 10512973718 606171 	3599402193 606171 0 0 0 	17950277 606171 0 	488.65 	3 	62
20467000000000 20467100000381 	3800009126 11097235128 636609 	3799372517 636609 0 0 0 	18853856 636609 0 	488.241 	3 	62
20492600000000 20492700000381 	4000009888 11681510866 666718 	3999343170 666718 0 0 0 	19748755 666718 0 	487.874 	3 	62
20518200000000 20518300000381 	4200010650 12265845599 696624 	4199314026 696624 0 0 0 	20631808 696624 0 	487.542 	3 	62
20543800000000 20543900000381 	4400011412 12850190957 725936 	4399285476 725936 0 0 0 	21502187 725936 0 	487.241 	3 	62
20569400000000 20569500000381 	4600012174 13434514720 754992 	4599257182 754992 0 0 0 	22357871 754992 0 	486.966 	3 	62
20595000000000 20595100000381 	4800012936 14018850721 783723 	4799229213 783723 0 0 0 	23204363 783723 0 	486.715 	3 	62
20620600000000 20620700000468 	5000013872 14603271720 812003 	4999201869 812003 0 0 0 	24039699 812003 0 	486.36 	3 	62
20646200000000 20646300000468 	5200014808 15187702427 840144 	5199174664 840144 0 0 0 	24871303 840144 0 	486.033 	3 	62
20671800000000 20671900000468 	5400015744 15772149971 867951 	5399147793 867951 0 0 0 	25693362 867951 0 	485.731 	3 	62
20697400000000 20697500000468 	5600016680 16356601853 895343 	5599121337 895343 0 0 0 	26503558 895343 0 	485.45 	3 	62
20723000000000 20723100000468 	5800017616 16941149892 922768 	5799094848 922768 0 0 0 	27314206 922768 0 	485.19 	3 	62
20748600000000 20748700000468 	6000018552 17525594526 949776 	5999068776 949776 0 0 0 	28117247 949776 0 	484.946 	3 	62
20774200000000 20774300000254 	6200019060 18110104163 976384 	6199042676 976384 0 0 0 	28905263 976384 0 	484.585 	3 	62
20799800000000 20799900000254 	6400019568 18694608775 1002651 	6399016917 1002651 0 0 0 	29684159 1002651 0 	484.247 	3 	62
20825400000000 20825500000254 	6600020076 19279196977 1029116 	6598990960 1029116 0 0 0 	30462774 1029116 0 	483.93 	3 	62
20851000000000 20851100000254 	6800020584 19863767671 1054806 	6798965778 1054806 0 0 0 	31231254 1054806 0 	483.632 	3 	62
20876600000000 20876700000254 	7000021092 20448394248 1080493 	6998940599 1080493 0 0 0 	31991901 1080493 0 	483.352 	3 	62
20902200000000 20902300000254 	7200021600 21033051957 1105738 	7198915862 1105738 0 0 0 	32730793 1105738 0 	483.087 	3 	62
20927800000000 20927900000365 	7400022330 21617655927 1131099 	7398891231 1131099 0 0 0 	33483119 1131099 0 	482.752 	3 	62
20953400000000 20953500000365 	7600023060 22202351457 1156037 	7598867023 1156037 0 0 0 	34221767 1156037 0 	482.435 	3 	62
20979000000000 20979100000365 	7800023790 22787031951 1180624 	7798843166 1180624 0 0 0 	34951925 1180624 0 	482.135 	3 	62
21004600000000 21004700000365 	8000024520 23371740117 1204854 	7998819666 1204854 0 0 0 	35669077 1204854 0 	481.85 	3 	62
21030200000000 21030300000365 	8200025250 23956422469 1228673 	8198796577 1228673 0 0 0 	36382159 1228673 0 	481.58 	3 	62
21055800000000 21055900000365 	8400025980 24541161948 1252085 	8398773895 1252085 0 0 0 	37075845 1252085 0 	481.322 	3 	62
21081400000000 21081500000368 	8600026716 25125939442 1275432 	8598751284 1275432 0 0 0 	37770275 1275432 0 	481.004 	3 	62
21107000000000 21107100000368 	8800027452 25710825996 1298472 	8798728980 1298472 0 0 0 	38458869 1298472 0 	480.7 	3 	62
21132600000000 21132700000368 	9000028188 26295696787 1321413 	8998706775 1321413 0 0 0 	39144466 1321413 0 	480.411 	3 	62
21158200000000 21158300000368 	9200028924 26880481520 1344117 	9198684807 1344117 0 0 0 	39814001 1344117 0 	480.134 	3 	62
21183800000000 21183900000368 	9400029660 27465336205 1366425 	9398663235 1366425 0 0 0 	40477535 1366425 0 	479.869 	3 	62
21209400000000 21209500000368 	9600030396 28050243467 1388673 	9598641723 1388673 0 0 0 	41136409 1388673 0 	479.616 	3 	62
21235000000000 21235100000352 	9800031100 28635116687 1410660 	9798620440 1410660 0 0 0 	41781393 1410660 0 	479.287 	3 	62
21260600000000 21260700000352 	10000031804 29220022175 1432310 	9998599494 1432310 0 0 0 	42424490 1432310 0 	478.971 	3 	62
21286200000000 21286300000352 	10200032508 29804905291 1453700 	10198578808 1453700 0 0 0 	43052856 1453700 0 	478.668 	3 	62
21311800000000 21311900000352 	10400033212 30389855456 1474949 	10398558263 1474949 0 0 0 	43687347 1474949 0 	478.377 	3 	62
21337400000000 21337500000352 	10600033916 30974898735 1496405 	10598537511 1496405 0 0 0 	44324380 1496405 0 	478.098 	3 	62
21363000000000 21363100000352 	10800034620 31559957140 1517373 	10798517247 1517373 0 0 0 	44935878 1517373 0 	477.829 	3 	62
21388600000000 21388700000120 	11000034860 32144952081 1537716 	10998497144 1537716 0 0 0 	45537609 1537716 0 	477.512 	3 	62
21414200000000 21414300000120 	11200035100 32730057749 1557944 	11198477156 1557944 0 0 0 	46140196 1557944 0 	477.207 	3 	62
21439800000000 21439900000120 	11400035340 33315093301 1578093 	11398457247 1578093 0 0 0 	46746276 1578093 0 	476.913 	3 	62
21465400000000 21465500000120 	11600035580 33900182803 1598009 	11598437571 1598009 0 0 0 	47343433 1598009 0 	476.629 	3 	62
21491000000000 21491100000120 	11800035820 34485330934 1617870 	11798417950 1617870 0 0 0 	47934442 1617870 0 	476.355 	3 	62
21516600000000 21516700000178 	12000036176 35070534631 1637277 	11998398899 1637277 0 0 0 	48509573 1637277 0 	476.037 	3 	62
21542200000000 21542300000178 	12200036532 35655657291 1656547 	12198379985 1656547 0 0 0 	49085316 1656547 0 	475.73 	3 	62
21567800000000 21567900000178 	12400036888 36240793301 1675533 	12398361355 1675533 0 0 0 	49650900 1675533 0 	475.433 	3 	62
21593400000000 21593500000178 	12600037244 36825955518 1694456 	12598342788 1694456 0 0 0 	50216095 1694456 0 	475.146 	3 	62
21619000000000 21619100000178 	12800037600 37411180390 1713344 	12798324256 1713344 0 0 0 	50776749 1713344 0 	474.868 	3 	62
21644600000000 21644700000178 	13000037956 37996443440 1731893 	12998306063 1731893 0 0 0 	51331436 1731893 0 	474.6 	3 	62
21670200000000 21670300000355 	13200038666 38581652251 1750005 	13198288661 1750005 0 0 0 	51869942 1750005 0 	474.29 	3 	62
21695800000000 21695900000355 	13400039376 39166931709 1768047 	13398271329 1768047 0 0 0 	52410820 1768047 0 	473.99 	3 	62
21721400000000 21721500000355 	13600040086 39752210037 1785896 	13598254190 1785896 0 0 0 	52946318 1785896 0 	473.699 	3 	62
21747000000000 21747100000355 	13800040796 40337526879 1803346 	13798237450 1803346 0 0 0 	53469618 1803346 0 	473.417 	3 	62
21772600000000 21772700000355 	14000041506 40922911084 1820877 	13998220629 1820877 0 0 0 	53991890 1820877 0 	473.144 	3 	62
21798200000000 21798300000355 	14200042216 41508353288 1838167 	14198204049 1838167 0 0 0 	54504882 1838167 0 	472.878 	3 	62
21823800000000 21823900000230 	14400042676 42093730431 1855241 	14398187435 1855241 0 0 0 	55011095 1855241 0 	472.56 	3 	62
21849400000000 21849500000230 	14600043136 42679112721 1872115 	14598171021 1872115 0 0 0 	55509284 1872115 0 	472.251 	3 	62
21875000000000 21875100000230 	14800043596 43264570415 1889125 	14798154471 1889125 0 0 0 	56012136 1889125 0 	471.95 	3 	62
21900600000000 21900700000230 	15000044056 43850023720 1905757 	14998138299 1905757 0 0 0 	56506293 1905757 0 	471.658 	3 	62
21926200000000 21926300000230 	15200044516 44435448186 1921951 	15198122565 1921951 0 0 0 	56993672 1921951 0 	471.374 	3 	62
21951800000000 21951900000230 	15400044976 45020918861 1938221 	15398106755 1938221 0 0 0 	57476472 1938221 0 	471.097 	3 	62
21977400000000 21977500000320 	15600045616 45606459844 1954373 	15598091243 1954373 0 0 0 	57959176 1954373 0 	470.786 	3 	62
22003000000000 22003100000320 	15800046256 46191976067 1970196 	15798076060 1970196 0 0 0 	58432804 1970196 0 	470.483 	3 	62
22028600000000 22028700000320 	16000046896 46777562807 1985981 	15998060915 1985981 0 0 0 	58904837 1985981 0 	470.188 	3 	62
22054200000000 22054300000320 	16200047536 47363163606 2001474 	16198046062 2001474 0 0 0 	59368594 2001474 0 	469.901 	3 	62
22079800000000 22079900000320 	16400048176 47948762419 2016943 	16398031233 2016943 0 0 0 	59818468 2016943 0 	469.621 	3 	62
22105400000000 22105500000320 	16600048816 48534357131 2032200 	16598016616 2032200 0 0 0 	60268991 2032200 0 	469.348 	3 	62
22131000000000 22131100000400 	16800049616 49119947621 2047293 	16798002323 2047293 0 0 0 	60706894 2047293 0 	469.043 	3 	62
22156600000000 22156700000400 	17000050416 49705633109 2062286 	16997988130 2062286 0 0 0 	61151562 2062286 0 	468.745 	3 	62
22182200000000 22182300000400 	17200051216 50291379806 2077153 	17197974063 2077153 0 0 0 	61595687 2077153 0 	468.454 	3 	62
22207800000000 22207900000400 	17400052016 50877098705 2091747 	17397960269 2091747 0 0 0 	62025276 2091747 0 	468.17 	3 	62
22233400000000 22233500000400 	17600052816 51462800493 2105996 	17597946820 2105996 0 0 0 	62442990 2105996 0 	467.894 	3 	62
22259000000000 22259100000400 	17800053616 52048566926 2120258 	17797933358 2120258 0 0 0 	62871734 2120258 0 	467.623 	3 	62
22284600000000 22284700000290 	18000054196 52634297164 2134196 	17997920000 2134196 0 0 0 	63284610 2134196 0 	467.322 	3 	62
22310200000000 22310300000290 	18200054776 53220102075 2148402 	18197906374 2148402 0 0 0 	63700959 2148402 0 	467.028 	3 	62
22335800000000 22335900000290 	18400055356 53805904669 2162162 	18397893194 2162162 0 0 0 	64114021 2162162 0 	466.741 	3 	62
22361400000000 22361500000290 	18600055936 54391674898 2175839 	18597880097 2175839 0 0 0 	64526677 2175839 0 	466.46 	3 	62
22387000000000 22387100000290 	18800056516 54977539732 2189382 	18797867134 2189382 0 0 0 	64929763 2189382 0 	466.186 	3 	62
22412600000000 22412700000290 	19000057096 55563336371 2202603 	18997854493 2202603 0 0 0 	65323875 2202603 0 	465.917 	3 	62
22438200000000 22438300000249 	19200057594 56149216658 2215990 	19197841604 2215990 0 0 0 	65723353 2215990 0 	465.62 	3 	62
22463800000000 22463900000249 	19400058092 56735128863 2229149 	19397828943 2229149 0 0 0 	66111099 2229149 0 	465.329 	3 	62
22489400000000 22489500000249 	19600058590 57321056143 2242022 	19597816568 2242022 0 0 0 	66497288 2242022 0 	465.045 	3 	62
22515000000000 22515100000249 	19800059088 57906957527 2254714 	19797804374 2254714 0 0 0 	66870667 2254714 0 	464.766 	3 	62
22540600000000 22540700000249 	20000059586 58492907599 2267387 	19997792199 2267387 0 0 0 	67243215 2267387 0 	464.493 	3 	62
22566200000000 22566300000249 	20200060084 59078873120 2279642 	20197780442 2279642 0 0 0 	67613809 2279642 0 	464.226 	3 	62
22591800000000 22591900000088 	20400060260 59664827124 2291932 	20397768328 2291932 0 0 0 	67975139 2291932 0 	463.932 	3 	62
22617400000000 22617500000088 	20600060436 60250819287 2304255 	20597756181 2304255 0 0 0 	68340472 2304255 0 	463.644 	3 	62
22643000000000 22643100000088 	20800060612 60836864465 2316559 	20797744053 2316559 0 0 0 	68708198 2316559 0 	463.361 	3 	62
22668600000000 22668700000088 	21000060788 61422913736 2328592 	20997732196 2328592 0 0 0 	69068690 2328592 0 	463.084 	3 	62
22694200000000 22694300000088 	21200060964 62008998573 2340396 	21197720568 2340396 0 0 0 	69419083 2340396 0 	462.813 	3 	62
22719800000000 22719900000088 	21400061140 62595104373 2352137 	21397709003 2352137 0 0 0 	69765659 2352137 0 	462.547 	3 	62
22745400000000 22745500000110 	21600061360 63181201312 2363680 	21597697680 2363680 0 0 0 	70112591 2363680 0 	462.266 	3 	62
22771000000000 22771100000110 	21800061580 63767323891 2375116 	21797686464 2375116 0 0 0 	70448415 2375116 0 	461.99 	3 	62
22796600000000 22796700000110 	22000061800 64353501145 2386352 	21997675448 2386352 0 0 0 	70784409 2386352 0 	461.719 	3 	62
22822200000000 22822300000110 	22200062020 64939680721 2397673 	22197664347 2397673 0 0 0 	71124019 2397673 0 	461.453 	3 	62
22847800000000 22847900000110 	22400062240 65525883819 2408889 	22397653351 2408889 0 0 0 	71464596 2408889 0 	461.193 	3 	62
22873400000000 22873500000110 	22600062460 66112156861 2420025 	22597642435 2420025 0 0 0 	71788905 2420025 0 	460.937 	3 	62
22899000000000 22899100000189 	22800062838 66698427664 2430876 	22797631962 2430876 0 0 0 	72117007 2430876 0 	460.657 	3 	62
22924600000000 22924700000189 	23000063216 67284669793 2441512 	22997621704 2441512 0 0 0 	72436758 2441512 0 	460.381 	3 	62
22950200000000 22950300000189 	23200063594 67870978837 2452181 	23197611413 2452181 0 0 0 	72744698 2452181 0 	460.111 	3 	62
22975800000000 22975900000189 	23400063972 68457275448 2462678 	23397601294 2462678 0 0 0 	73057385 2462678 0 	459.845 	3 	62
23001400000000 23001500000189 	23600064350 69043642377 2473201 	23597591149 2473201 0 0 0 	73369075 2473201 0 	459.585 	3 	62
23027000000000 23027100000189 	23800064728 69629999987 2483461 	23797581267 2483461 0 0 0 	73673111 2483461 0 	459.329 	3 	62
23052600000000 23052700000060 	24000064848 70216360477 2493635 	23997571213 2493635 0 0 0 	73978269 2493635 0 	459.049 	3 	62
23078200000000 23078300000060 	24200064968 70802742993 2503711 	24197561257 2503711 0 0 0 	74274014 2503711 0 	458.774 	3 	62
23103800000000 23103900000060 	24400065088 71389146342 2513729 	24397551359 2513729 0 0 0 	74573024 2513729 0 	458.503 	3 	62
23129400000000 23129500000060 	24600065208 71975540372 2523676 	24597541532 2523676 0 0 0 	74871020 2523676 0 	458.238 	3 	62
23155000000000 23155100000060 	24800065328 72562025918 2533298 	24797532030 2533298 0 0 0 	75159223 2533298 0 	457.977 	3 	62
23180600000000 23180700000060 	25000065448 73148514183 2543329 	24997522119 2543329 0 0 0 	75456824 2543329 0 	457.721 	3 	62
23206200000000 23206300000375 	25200066198 73735003792 2552999 	25197513199 2552999 0 0 0 	75739467 2552999 0 	457.441 	3 	62
23231800000000 23231900000375 	25400066948 74321493930 2562302 	25397504646 2562302 0 0 0 	76017727 2562302 0 	457.166 	3 	62
23257400000000 23257500000375 	25600067698 74908019213 2571750 	25597495948 2571750 0 0 0 	76296161 2571750 0 	456.896 	3 	62
23283000000000 23283100000375 	25800068448 75494571360 2581043 	25797487405 2581043 0 0 0 	76573371 2581043 0 	456.63 	3 	62
23308600000000 23308700000375 	26000069198 76081162659 2590231 	25997478967 2590231 0 0 0 	76846086 2590231 0 	456.369 	3 	62
23334200000000 23334300000375 	26200069948 76667717804 2599330 	26197470618 2599330 0 0 0 	77119999 2599330 0 	456.112 	3 	62
23359800000000 23359900000074 	26400070096 77254329470 2608179 	26397461917 2608179 0 0 0 	77385018 2608179 0 	455.833 	3 	62
23385400000000 23385500000074 	26600070244 77840990422 2617149 	26597453095 2617149 0 0 0 	77653093 2617149 0 	455.558 	3 	62
23411000000000 23411100000074 	26800070392 78427677043 2626085 	26797444307 2626085 0 0 0 	77919427 2626085 0 	455.288 	3 	62
23436600000000 23436700000074 	27000070540 79014359405 2634746 	26997435794 2634746 0 0 0 	78178626 2634746 0 	455.022 	3 	62
23462200000000 23462300000074 	27200070688 79601101720 2643228 	27197427460 2643228 0 0 0 	78433723 2643228 0 	454.761 	3 	62
23487800000000 23487900000320 	27400071328 80187776835 2651593 	27397419735 2651593 0 0 0 	78680864 2651593 0 	454.486 	3 	62
23513400000000 23513500000320 	27600071968 80774508257 2660035 	27597411933 2660035 0 0 0 	78934047 2660035 0 	454.216 	3 	62
23539000000000 23539100000320 	27800072608 81361272408 2668256 	27797404352 2668256 0 0 0 	79174447 2668256 0 	453.95 	3 	62
23564600000000 23564700000320 	28000073248 81948099955 2676375 	27997396873 2676375 0 0 0 	79417272 2676375 0 	453.688 	3 	62
23590200000000 23590300000320 	28200073888 82534903440 2684585 	28197389303 2684585 0 0 0 	79661733 2684585 0 	453.43 	3 	62
23615800000000 23615900000320 	28400074528 83121673610 2692492 	28397382036 2692492 0 0 0 	79893350 2692492 0 	453.176 	3 	62
23641400000000 23641500000353 	28600075234 83708496676 2700414 	28597374820 2700414 0 0 0 	80129806 2700414 0 	452.901 	3 	62
23667000000000 23667100000353 	28800075940 84295286707 2708332 	28797367608 2708332 0 0 0 	80363331 2708332 0 	452.631 	3 	62
23692600000000 23692700000353 	29000076646 84882145266 2716163 	28997360483 2716163 0 0 0 	80594507 2716163 0 	452.364 	3 	62
23718200000000 23718300000353 	29200077352 85469030453 2723863 	29197353489 2723863 0 0 0 	80827461 2723863 0 	452.101 	3 	62
23743800000000 23743900000353 	29400078058 86055979610 2731508 	29397346550 2731508 0 0 0 	81057017 2731508 0 	451.843 	3 	62
23769400000000 23769500000353 	29600078764 86642893472 2739012 	29597339752 2739012 0 0 0 	81282462 2739012 0 	451.588 	3 	62
23795000000000 23795100000044 	29800078852 87229780297 2746440 	29797332412 2746440 0 0 0 	81505752 2746440 0 	451.313 	3 	62
23820600000000 23820700000044 	30000078940 87816728659 2753991 	29997324949 2753991 0 0 0 	81729114 2753991 0 	451.042 	3 	62
23846200000000 23846300000044 	30200079028 88403648922 2761429 	30197317599 2761429 0 0 0 	81950427 2761429 0 	450.775 	3 	62
