20006800000000 20006900000476 	200000952 583904957 36759 	199964193 36759 0 0 0 	1087404 36759 0 	492 	3 	68
20032400000000 20032500000476 	400001904 1167827721 72792 	399929112 72792 0 0 0 	2151447 72792 0 	492 	3 	68
20058000000000 20058100000476 	600002856 1751795790 108862 	599893994 108862 0 0 0 	3223652 108862 0 	492 	3 	68
20083600000000 20083700000476 	800003808 2335777667 144916 	799858892 144916 0 0 0 	4285860 144916 0 	492 	3 	68
20109200000000 20109300000476 	1000004760 2919708735 180029 	999824731 180029 0 0 0 	5326480 180029 0 	492 	3 	68
20134800000000 20134900000476 	1200005712 3503717323 214880 	1199790832 214880 0 0 0 	6361426 214880 0 	492 	3 	68
20160400000000 20160500000011 	1400005734 4087722933 249422 	1399756312 249422 0 0 0 	7386296 249422 0 	491.569 	3 	68
20186000000000 20186100000011 	1600005756 4671704781 283292 	1599722464 283292 0 0 0 	8383637 283292 0 	491.247 	3 	68
20211600000000 20211700000011 	1800005778 5255777009 317293 	1799688485 317293 0 0 0 	9382597 317293 0 	490.996 	3 	68
20237200000000 20237300000011 	2000005800 5839866233 350606 	1999655194 350606 0 0 0 	10376424 350606 0 	490.796 	3 	68
20262800000000 20262900000011 	2200005822 6424008077 383647 	2199622175 383647 0 0 0 	11353902 383647 0 	490.632 	3 	68
20288400000000 20288500000011 	2400005844 7008126764 416538 	2399589306 416538 0 0 0 	12335631 416538 0 	490.495 	3 	68
20314000000000 20314100000210 	2600006264 7592215242 449066 	2599557198 449066 0 0 0 	13297834 449066 0 	490.068 	3 	68
20339600000000 20339700000210 	2800006684 8176382717 481431 	2799525253 481431 0 0 0 	14256555 481431 0 	489.703 	3 	68
20365200000000 20365300000210 	3000007104 8760571121 513105 	2999493999 513105 0 0 0 	15197695 513105 0 	489.386 	3 	68
20390800000000 20390900000210 	3200007524 9344748501 544191 	3199463333 544191 0 0 0 	16112880 544191 0 	489.11 	3 	68
20416400000000 20416500000210 	3400007944 9928984408 575248 	3399432696 575248 0 0 0 	17030852 575248 0 	488.866 	3 	68
20442000000000 20442100000210 	3600008364 10513225088 606160 	3599402204 606160 0 0 0 	17950117 606160 0 	488.65 	3 	68
20467600000000 20467700000381 	3800009126 11097457954 636410 	3799372716 636410 0 0 0 	18855855 636410 0 	488.241 	3 	68
20493200000000 20493300000381 	4000009888 11681769414 666386 	3999343502 666386 0 0 0 	19744456 666386 0 	487.874 	3 	68
20518800000000 20518900000381 	4200010650 12266087461 696362 	4199314288 696362 0 0 0 	20627182 696362 0 	487.542 	3 	68
20544400000000 20544500000381 	4400011412 12850399134 725657 	4399285755 725657 0 0 0 	21496878 725657 0 	487.241 	3 	68
20570000000000 20570100000381 	4600012174 13434711565 754618 	4599257556 754618 0 0 0 	22364203 754618 0 	486.966 	3 	68
20595600000000 20595700000381 	4800012936 14019107116 783249 	4799229687 783249 0 0 0 	23206369 783249 0 	486.715 	3 	68
20621200000000 20621300000468 	5000013872 14603554810 811668 	4999202204 811668 0 0 0 	24047684 811668 0 	486.36 	3 	68
20646800000000 20646900000468 	5200014808 15188001115 839784 	5199175024 839784 0 0 0 	24880841 839784 0 	486.033 	3 	68
20672400000000 20672500000468 	5400015744 15772439318 867506 	5399148238 867506 0 0 0 	25699257 867506 0 	485.731 	3 	68
20698000000000 20698100000468 	5600016680 16356919595 895205 	5599121475 895205 0 0 0 	26519901 895205 0 	485.45 	3 	68
20723600000000 20723700000468 	5800017616 16941413031 922714 	5799094902 922714 0 0 0 	27330539 922714 0 	485.19 	3 	68
20749200000000 20749300000468 	6000018552 17525992181 949777 	5999068775 949777 0 0 0 	28131238 949777 0 	484.946 	3 	68
20774800000000 20774900000254 	6200019060 18110495909 976361 	6199042699 976361 0 0 0 	28915403 976361 0 	484.585 	3 	68
20800400000000 20800500000254 	6400019568 18695055324 1002884 	6399016684 1002884 0 0 0 	29701269 1002884 0 	484.247 	3 	68
20826000000000 20826100000254 	6600020076 19279603979 1029095 	6598990981 1029095 0 0 0 	30476512 1029095 0 	483.93 	3 	68
20851600000000 20851700000254 	6800020584 19864240664 1055126 	6798965458 1055126 0 0 0 	31243547 1055126 0 	483.632 	3 	68
20877200000000 20877300000254 	7000021092 20448868204 1080751 	6998940341 1080751 0 0 0 	32005320 1080751 0 	483.352 	3 	68
20902800000000 20902900000254 	7200021600 21033587274 1106093 	7198915507 1106093 0 0 0 	32755662 1106093 0 	483.087 	3 	68
20928400000000 20928500000365 	7400022330 21618220610 1130975 	7398891355 1130975 0 0 0 	33491987 1130975 0 	482.752 	3 	68
20954000000000 20954100000365 	7600023060 22202878281 1155631 	7598867429 1155631 0 0 0 	34221286 1155631 0 	482.435 	3 	68
20979600000000 20979700000365 	7800023790 22787619372 1179885 	7798843905 1179885 0 0 0 	34948512 1179885 0 	482.135 	3 	68
21005200000000 21005300000365 	8000024520 23372276162 1203902 	7998820618 1203902 0 0 0 	35666782 1203902 0 	481.85 	3 	68
21030800000000 21030900000365 	8200025250 23957009252 1227682 	8198797568 1227682 0 0 0 	36369938 1227682 0 	481.58 	3 	68
21056400000000 21056500000365 	8400025980 24541781249 1251445 	8398774535 1251445 0 0 0 	37069393 1251445 0 	481.322 	3 	68
21082000000000 21082100000368 	8600026716 25126583211 1274711 	8598752005 1274711 0 0 0 	37757318 1274711 0 	481.004 	3 	68
21107600000000 21107700000368 	8800027452 25711366397 1297866 	8798729586 1297866 0 0 0 	38442643 1297866 0 	480.7 	3 	68
21133200000000 21133300000368 	9000028188 26296145552 1320780 	8998707408 1320780 0 0 0 	39121805 1320780 0 	480.411 	3 	68
21158800000000 21158900000368 	9200028924 26880993547 1343662 	9198685262 1343662 0 0 0 	39795753 1343662 0 	480.134 	3 	68
21184400000000 21184500000368 	9400029660 27465882852 1366152 	9398663508 1366152 0 0 0 	40465060 1366152 0 	479.869 	3 	68
21210000000000 21210100000368 	9600030396 28050755274 1388334 	9598642062 1388334 0 0 0 	41118640 1388334 0 	479.616 	3 	68
21235600000000 21235700000352 	9800031100 28635684154 1410330 	9798620770 1410330 0 0 0 	41776236 1410330 0 	479.287 	3 	68
21261200000000 21261300000352 	10000031804 29220600649 1432074 	9998599730 1432074 0 0 0 	42419672 1432074 0 	478.971 	3 	68
21286800000000 21286900000352 	10200032508 29805550655 1453705 	10198578803 1453705 0 0 0 	43057705 1453705 0 	478.668 	3 	68
21312400000000 21312500000352 	10400033212 30390535284 1474925 	10398558287 1474925 0 0 0 	43679204 1474925 0 	478.377 	3 	68
21338000000000 21338100000352 	10600033916 30975497167 1495981 	10598537935 1495981 0 0 0 	44295566 1495981 0 	478.098 	3 	68
21363600000000 21363700000352 	10800034620 31560504634 1516660 	10798517960 1516660 0 0 0 	44907849 1516660 0 	477.829 	3 	68
21389200000000 21389300000120 	11000034860 32145518123 1537367 	10998497493 1537367 0 0 0 	45524277 1537367 0 	477.512 	3 	68
21414800000000 21414900000120 	11200035100 32730602024 1557848 	11198477252 1557848 0 0 0 	46129422 1557848 0 	477.207 	3 	68
21440400000000 21440500000120 	11400035340 33315700378 1578013 	11398457327 1578013 0 0 0 	46728107 1578013 0 	476.913 	3 	68
21466000000000 21466100000120 	11600035580 33900818309 1597840 	11598437740 1597840 0 0 0 	47321128 1597840 0 	476.629 	3 	68
21491600000000 21491700000120 	11800035820 34486011877 1617545 	11798418275 1617545 0 0 0 	47914149 1617545 0 	476.355 	3 	68
21517200000000 21517300000178 	12000036176 35071116586 1636904 	11998399272 1636904 0 0 0 	48489553 1636904 0 	476.037 	3 	68
21542800000000 21542900000178 	12200036532 35656298461 1656036 	12198380496 1656036 0 0 0 	49056656 1656036 0 	475.73 	3 	68
21568400000000 21568500000178 	12400036888 36241498418 1675198 	12398361690 1675198 0 0 0 	49620246 1675198 0 	475.433 	3 	68
21594000000000 21594100000178 	12600037244 36826698940 1693919 	12598343325 1693919 0 0 0 	50179614 1693919 0 	475.146 	3 	68
21619600000000 21619700000178 	12800037600 37411878094 1712525 	12798325075 1712525 0 0 0 	50735442 1712525 0 	474.868 	3 	68
21645200000000 21645300000178 	13000037956 37997122085 1731170 	12998306786 1731170 0 0 0 	51291866 1731170 0 	474.6 	3 	68
21670800000000 21670900000355 	13200038666 38582392145 1749450 	13198289216 1749450 0 0 0 	51842450 1749450 0 	474.29 	3 	68
21696400000000 21696500000355 	13400039376 39167706469 1767393 	13398271983 1767393 0 0 0 	52373416 1767393 0 	473.99 	3 	68
21722000000000 21722100000355 	13600040086 39753016328 1785227 	13598254859 1785227 0 0 0 	52900980 1785227 0 	473.699 	3 	68
21747600000000 21747700000355 	13800040796 40338304615 1802930 	13798237866 1802930 0 0 0 	53425263 1802930 0 	473.417 	3 	68
21773200000000 21773300000355 	14000041506 40923666558 1820602 	13998220904 1820602 0 0 0 	53945300 1820602 0 	473.144 	3 	68
21798800000000 21798900000355 	14200042216 41509045691 1838057 	14198204159 1838057 0 0 0 	54464764 1838057 0 	472.878 	3 	68
21824400000000 21824500000230 	14400042676 42094474256 1855160 	14398187516 1855160 0 0 0 	54976452 1855160 0 	472.56 	3 	68
21850000000000 21850100000230 	14600043136 42679844169 1872134 	14598171002 1872134 0 0 0 	55485756 1872134 0 	472.251 	3 	68
21875600000000 21875700000230 	14800043596 43265342828 1889032 	14798154564 1889032 0 0 0 	55987138 1889032 0 	471.95 	3 	68
21901200000000 21901300000230 	15000044056 43850829719 1905704 	14998138352 1905704 0 0 0 	56485439 1905704 0 	471.658 	3 	68
21926800000000 21926900000230 	15200044516 44436332311 1922231 	15198122285 1922231 0 0 0 	56966954 1922231 0 	471.374 	3 	68
21952400000000 21952500000230 	15400044976 45021791877 1938712 	15398106264 1938712 0 0 0 	57458210 1938712 0 	471.097 	3 	68
21978000000000 21978100000320 	15600045616 45607332897 1954902 	15598090714 1954902 0 0 0 	57944463 1954902 0 	470.786 	3 	68
22003600000000 22003700000320 	15800046256 46192815138 1970692 	15798075564 1970692 0 0 0 	58410761 1970692 0 	470.483 	3 	68
22029200000000 22029300000320 	16000046896 46778362444 1986283 	15998060613 1986283 0 0 0 	58877542 1986283 0 	470.188 	3 	68
22054800000000 22054900000320 	16200047536 47363947539 2001903 	16198045633 2001903 0 0 0 	59338083 2001903 0 	469.901 	3 	68
22080400000000 22080500000320 	16400048176 47949480405 2017170 	16398031006 2017170 0 0 0 	59796139 2017170 0 	469.621 	3 	68
22106000000000 22106100000320 	16600048816 48535139573 2032294 	16598016522 2032294 0 0 0 	60249429 2032294 0 	469.348 	3 	68
22131600000000 22131700000400 	16800049616 49120770552 2047250 	16798002366 2047250 0 0 0 	60689592 2047250 0 	469.043 	3 	68
22157200000000 22157300000400 	17000050416 49706475608 2062248 	16997988168 2062248 0 0 0 	61137281 2062248 0 	468.745 	3 	68
22182800000000 22182900000400 	17200051216 50292143404 2077095 	17197974121 2077095 0 0 0 	61576991 2077095 0 	468.454 	3 	68
22208400000000 22208500000400 	17400052016 50877816086 2091576 	17397960440 2091576 0 0 0 	62008741 2091576 0 	468.17 	3 	68
22234000000000 22234100000400 	17600052816 51463586623 2106113 	17597946703 2106113 0 0 0 	62439831 2106113 0 	467.894 	3 	68
22259600000000 22259700000400 	17800053616 52049343682 2120130 	17797933486 2120130 0 0 0 	62851672 2120130 0 	467.623 	3 	68
22285200000000 22285300000290 	18000054196 52635102121 2134038 	17997920158 2134038 0 0 0 	63263313 2134038 0 	467.322 	3 	68
22310800000000 22310900000290 	18200054776 53220855803 2148016 	18197906760 2148016 0 0 0 	63675476 2148016 0 	467.028 	3 	68
22336400000000 22336500000290 	18400055356 53806662271 2161922 	18397893434 2161922 0 0 0 	64086591 2161922 0 	466.741 	3 	68
22362000000000 22362100000290 	18600055936 54392482778 2175775 	18597880161 2175775 0 0 0 	64501645 2175775 0 	466.46 	3 	68
22387600000000 22387700000290 	18800056516 54978342135 2189359 	18797867157 2189359 0 0 0 	64901283 2189359 0 	466.186 	3 	68
22413200000000 22413300000290 	19000057096 55564155137 2202728 	18997854368 2202728 0 0 0 	65297871 2202728 0 	465.917 	3 	68
22438800000000 22438900000249 	19200057594 56150066528 2215965 	19197841629 2215965 0 0 0 	65684513 2215965 0 	465.62 	3 	68
22464400000000 22464500000249 	19400058092 56735993227 2229229 	19397828863 2229229 0 0 0 	66077829 2229229 0 	465.329 	3 	68
22490000000000 22490100000249 	19600058590 57321967137 2242214 	19597816376 2242214 0 0 0 	66458002 2242214 0 	465.045 	3 	68
22515600000000 22515700000249 	19800059088 57907899000 2254993 	19797804095 2254993 0 0 0 	66835763 2254993 0 	464.766 	3 	68
22541200000000 22541300000249 	20000059586 58493820778 2267987 	19997791599 2267987 0 0 0 	67223878 2267987 0 	464.493 	3 	68
22566800000000 22566900000249 	20200060084 59079787942 2280466 	20197779618 2280466 0 0 0 	67595923 2280466 0 	464.226 	3 	68
22592400000000 22592500000088 	20400060260 59665820313 2292808 	20397767452 2292808 0 0 0 	67965687 2292808 0 	463.932 	3 	68
22618000000000 22618100000088 	20600060436 60251839087 2305177 	20597755259 2305177 0 0 0 	68332281 2305177 0 	463.644 	3 	68
22643600000000 22643700000088 	20800060612 60837902524 2317283 	20797743329 2317283 0 0 0 	68689403 2317283 0 	463.361 	3 	68
22669200000000 22669300000088 	21000060788 61423987034 2329293 	20997731495 2329293 0 0 0 	69054863 2329293 0 	463.084 	3 	68
22694800000000 22694900000088 	21200060964 62010040008 2340999 	21197719965 2340999 0 0 0 	69407129 2340999 0 	462.813 	3 	68
22720400000000 22720500000088 	21400061140 62596149592 2352660 	21397708480 2352660 0 0 0 	69755688 2352660 0 	462.547 	3 	68
22746000000000 22746100000110 	21600061360 63182303215 2364318 	21597697042 2364318 0 0 0 	70108713 2364318 0 	462.266 	3 	68
22771600000000 22771700000110 	21800061580 63768472054 2375782 	21797685798 2375782 0 0 0 	70449027 2375782 0 	461.99 	3 	68
22797200000000 22797300000110 	22000061800 64354584410 2387112 	21997674688 2387112 0 0 0 	70789173 2387112 0 	461.719 	3 	68
22822800000000 22822900000110 	22200062020 64940728880 2398603 	22197663417 2398603 0 0 0 	71124779 2398603 0 	461.453 	3 	68
22848400000000 22848500000110 	22400062240 65526920702 2409629 	22397652611 2409629 0 0 0 	71452378 2409629 0 	461.193 	3 	68
22874000000000 22874100000110 	22600062460 66113124350 2420522 	22597641938 2420522 0 0 0 	71776667 2420522 0 	460.937 	3 	68
22899600000000 22899700000189 	22800062838 66699387712 2431487 	22797631351 2431487 0 0 0 	72102931 2431487 0 	460.657 	3 	68
22925200000000 22925300000189 	23000063216 67285694816 2442302 	22997620914 2442302 0 0 0 	72429631 2442302 0 	460.381 	3 	68
22950800000000 22950900000189 	23200063594 67871978055 2453078 	23197610516 2453078 0 0 0 	72751035 2453078 0 	460.111 	3 	68
22976400000000 22976500000189 	23400063972 68458353917 2463723 	23397600249 2463723 0 0 0 	73062517 2463723 0 	459.845 	3 	68
23002000000000 23002100000189 	23600064350 69044693814 2474153 	23597590197 2474153 0 0 0 	73368320 2474153 0 	459.585 	3 	68
23027600000000 23027700000189 	23800064728 69631006493 2484398 	23797580330 2484398 0 0 0 	73672894 2484398 0 	459.329 	3 	68
23053200000000 23053300000060 	24000064848 70217333544 2494554 	23997570294 2494554 0 0 0 	73976187 2494554 0 	459.049 	3 	68
23078800000000 23078900000060 	24200064968 70803732210 2504721 	24197560247 2504721 0 0 0 	74279584 2504721 0 	458.774 	3 	68
23104400000000 23104500000060 	24400065088 71390131036 2514556 	24397550532 2514556 0 0 0 	74572259 2514556 0 	458.503 	3 	68
23130000000000 23130100000060 	24600065208 71976582581 2524589 	24597540619 2524589 0 0 0 	74871663 2524589 0 	458.238 	3 	68
23155600000000 23155700000060 	24800065328 72563033173 2534365 	24797530963 2534365 0 0 0 	75160122 2534365 0 	457.977 	3 	68
23181200000000 23181300000060 	25000065448 73149489009 2544072 	24997521376 2544072 0 0 0 	75446954 2544072 0 	457.721 	3 	68
23206800000000 23206900000375 	25200066198 73736007302 2553606 	25197512592 2553606 0 0 0 	75732979 2553606 0 	457.441 	3 	68
23232400000000 23232500000375 	25400066948 74322517600 2562903 	25397504045 2562903 0 0 0 	76012747 2562903 0 	457.166 	3 	68
23258000000000 23258100000375 	25600067698 74909078855 2572348 	25597495350 2572348 0 0 0 	76296734 2572348 0 	456.896 	3 	68
23283600000000 23283700000375 	25800068448 75495628993 2581637 	25797486811 2581637 0 0 0 	76575956 2581637 0 	456.63 	3 	68
23309200000000 23309300000375 	26000069198 76082221743 2590820 	25997478378 2590820 0 0 0 	76851592 2590820 0 	456.369 	3 	68
23334800000000 23334900000112 	26200069422 76668826120 2599891 	26197469531 2599891 0 0 0 	77119892 2599891 0 	456.109 	3 	68
23360400000000 23360500000074 	26400069570 77255453908 2608823 	26397460747 2608823 0 0 0 	77387010 2608823 0 	455.83 	3 	68
23386000000000 23386100000074 	26600069718 77842123317 2617737 	26597451981 2617737 0 0 0 	77649961 2617737 0 	455.556 	3 	68
23411600000000 23411700000074 	26800069866 78428773266 2626443 	26797443423 2626443 0 0 0 	77909931 2626443 0 	455.286 	3 	68
23437200000000 23437300000074 	27000070014 79015502638 2635022 	26997434992 2635022 0 0 0 	78165761 2635022 0 	455.02 	3 	68
23462800000000 23462900000074 	27200070162 79602195015 2643586 	27197426576 2643586 0 0 0 	78421406 2643586 0 	454.758 	3 	68
23488400000000 23488500000320 	27400070802 80188918342 2652044 	27397418758 2652044 0 0 0 	78672987 2652044 0 	454.484 	3 	68
23514000000000 23514100000320 	27600071442 80775625110 2660423 	27597411019 2660423 0 0 0 	78919738 2660423 0 	454.213 	3 	68
23539600000000 23539700000320 	27800072082 81362454980 2668890 	27797403192 2668890 0 0 0 	79172992 2668890 0 	453.947 	3 	68
23565200000000 23565300000320 	28000072722 81949234989 2677163 	27997395559 2677163 0 0 0 	79422909 2677163 0 	453.685 	3 	68
23590800000000 23590900000320 	28200073362 82536077123 2685144 	28197388218 2685144 0 0 0 	79663717 2685144 0 	453.427 	3 	68
23616400000000 23616500000320 	28400074002 83122976973 2693227 	28397380775 2693227 0 0 0 	79905911 2693227 0 	453.173 	3 	68
23642000000000 23642100000353 	28600074708 83709815505 2701029 	28597373679 2701029 0 0 0 	80139396 2701029 0 	452.899 	3 	68
23667600000000 23667700000353 	28800075414 84296640068 2708811 	28797366603 2708811 0 0 0 	80369067 2708811 0 	452.628 	3 	68
23693200000000 23693300000353 	29000076120 84883462155 2716625 	28997359495 2716625 0 0 0 	80602706 2716625 0 	452.362 	3 	68
23718800000000 23718900000353 	29200076826 85470282392 2724411 	29197352415 2724411 0 0 0 	80833327 2724411 0 	452.099 	3 	68
23744400000000 23744500000353 	29400077532 86057132448 2732002 	29397345530 2732002 0 0 0 	81057362 2732002 0 	451.84 	3 	68
23770000000000 23770100000353 	29600078238 86644083789 2739705 	29597338533 2739705 0 0 0 	81286534 2739705 0 	451.585 	3 	68
23795600000000 23795700000044 	29800078326 87231032966 2747180 	29797331146 2747180 0 0 0 	81512566 2747180 0 	451.31 	3 	68
23821200000000 23821300000044 	30000078414 87818022414 2754549 	29997323865 2754549 0 0 0 	81729194 2754549 0 	451.039 	3 	68
