20007000000000 20007100000476 	200000952 583893015 36915 	199964037 36915 0 0 0 	1100404 36915 0 	492 	3 	70
20032600000000 20032700000476 	400001904 1167780255 73552 	399928352 73552 0 0 0 	2183936 73552 0 	492 	3 	70
20058200000000 20058300000476 	600002856 1751658394 109339 	599893517 109339 0 0 0 	3241731 109339 0 	492 	3 	70
20083800000000 20083900000476 	800003808 2335642392 145309 	799858499 145309 0 0 0 	4310380 145309 0 	492 	3 	70
20109400000000 20109500000476 	1000004760 2919578973 180646 	999824114 180646 0 0 0 	5369655 180646 0 	492 	3 	70
20135000000000 20135100000476 	1200005712 3503557418 215374 	1199790338 215374 0 0 0 	6400329 215374 0 	492 	3 	70
20160600000000 20160700000011 	1400005734 4087548068 250060 	1399755674 250060 0 0 0 	7435017 250060 0 	491.569 	3 	70
20186200000000 20186300000011 	1600005756 4671595034 284458 	1599721298 284458 0 0 0 	8444989 284458 0 	491.247 	3 	70
20211800000000 20211900000011 	1800005778 5255665302 318281 	1799687497 318281 0 0 0 	9439896 318281 0 	490.996 	3 	70
20237400000000 20237500000011 	2000005800 5839715194 351531 	1999654269 351531 0 0 0 	10419736 351531 0 	490.796 	3 	70
20263000000000 20263100000011 	2200005822 6423870612 384747 	2199621075 384747 0 0 0 	11418626 384747 0 	490.632 	3 	70
20288600000000 20288700000011 	2400005844 7008025460 417618 	2399588226 417618 0 0 0 	12396040 417618 0 	490.495 	3 	70
20314200000000 20314300000210 	2600006264 7592214236 449848 	2599556416 449848 0 0 0 	13355658 449848 0 	490.068 	3 	70
20339800000000 20339900000210 	2800006684 8176412968 481736 	2799524948 481736 0 0 0 	14299316 481736 0 	489.703 	3 	70
20365400000000 20365500000210 	3000007104 8760556127 513035 	2999494069 513035 0 0 0 	15231403 513035 0 	489.386 	3 	70
20391000000000 20391100000210 	3200007524 9344799692 544198 	3199463326 544198 0 0 0 	16152775 544198 0 	489.11 	3 	70
20416600000000 20416700000210 	3400007944 9928996695 575258 	3399432686 575258 0 0 0 	17070108 575258 0 	488.866 	3 	70
20442200000000 20442300000210 	3600008364 10513276718 606395 	3599401969 606395 0 0 0 	17987055 606395 0 	488.65 	3 	70
20467800000000 20467900000381 	3800009126 11097582087 636883 	3799372243 636883 0 0 0 	18885614 636883 0 	488.241 	3 	70
20493400000000 20493500000381 	4000009888 11681865137 666800 	3999343088 666800 0 0 0 	19769404 666800 0 	487.874 	3 	70
20519000000000 20519100000381 	4200010650 12266171072 696602 	4199314048 696602 0 0 0 	20655606 696602 0 	487.542 	3 	70
20544600000000 20544700000381 	4400011412 12850544613 726067 	4399285345 726067 0 0 0 	21528296 726067 0 	487.241 	3 	70
20570200000000 20570300000381 	4600012174 13434921075 755307 	4599256867 755307 0 0 0 	22388746 755307 0 	486.966 	3 	70
20595800000000 20595900000381 	4800012936 14019248051 784111 	4799228825 784111 0 0 0 	23244400 784111 0 	486.715 	3 	70
20621400000000 20621500000468 	5000013872 14603691343 812745 	4999201127 812745 0 0 0 	24089094 812745 0 	486.36 	3 	70
20647000000000 20647100000468 	5200014808 15188157282 841036 	5199173772 841036 0 0 0 	24925344 841036 0 	486.033 	3 	70
20672600000000 20672700000468 	5400015744 15772575912 868640 	5399147104 868640 0 0 0 	25739605 868640 0 	485.731 	3 	70
20698200000000 20698300000468 	5600016680 16357066823 896018 	5599120662 896018 0 0 0 	26547928 896018 0 	485.45 	3 	70
20723800000000 20723900000468 	5800017616 16941557991 923471 	5799094145 923471 0 0 0 	27358830 923471 0 	485.19 	3 	70
20749400000000 20749500000468 	6000018552 17526054967 950633 	5999067919 950633 0 0 0 	28167389 950633 0 	484.946 	3 	70
20775000000000 20775100000254 	6200019060 18110567011 977311 	6199041749 977311 0 0 0 	28957377 977311 0 	484.585 	3 	70
20800600000000 20800700000254 	6400019568 18695054123 1003695 	6399015873 1003695 0 0 0 	29743291 1003695 0 	484.247 	3 	70
20826200000000 20826300000254 	6600020076 19279664759 1029875 	6598990201 1029875 0 0 0 	30521936 1029875 0 	483.93 	3 	70
20851800000000 20851900000254 	6800020584 19864335638 1055789 	6798964795 1055789 0 0 0 	31297764 1055789 0 	483.632 	3 	70
20877400000000 20877500000254 	7000021092 20448913520 1081245 	6998939847 1081245 0 0 0 	32058877 1081245 0 	483.352 	3 	70
20903000000000 20903100000254 	7200021600 21033545093 1106748 	7198914852 1106748 0 0 0 	32822035 1106748 0 	483.087 	3 	70
20928600000000 20928700000365 	7400022330 21618117604 1131765 	7398890565 1131765 0 0 0 	33562148 1131765 0 	482.752 	3 	70
20954200000000 20954300000365 	7600023060 22202794217 1156428 	7598866632 1156428 0 0 0 	34295375 1156428 0 	482.435 	3 	70
20979800000000 20979900000365 	7800023790 22787471635 1181201 	7798842589 1181201 0 0 0 	35029803 1181201 0 	482.135 	3 	70
21005400000000 21005500000365 	8000024520 23372164045 1205505 	7998819015 1205505 0 0 0 	35755170 1205505 0 	481.85 	3 	70
21031000000000 21031100000365 	8200025250 23956895592 1229576 	8198795674 1229576 0 0 0 	36464037 1229576 0 	481.58 	3 	70
21056600000000 21056700000365 	8400025980 24541677438 1253236 	8398772744 1253236 0 0 0 	37170247 1253236 0 	481.322 	3 	70
21082200000000 21082300000368 	8600026716 25126461519 1276767 	8598749949 1276767 0 0 0 	37873898 1276767 0 	481.004 	3 	70
21107800000000 21107900000368 	8800027452 25711250414 1299846 	8798727606 1299846 0 0 0 	38559036 1299846 0 	480.7 	3 	70
21133400000000 21133500000368 	9000028188 26296012725 1322634 	8998705554 1322634 0 0 0 	39245502 1322634 0 	480.411 	3 	70
21159000000000 21159100000368 	9200028924 26880895599 1345373 	9198683551 1345373 0 0 0 	39913821 1345373 0 	480.134 	3 	70
21184600000000 21184700000368 	9400029660 27465705259 1367553 	9398662107 1367553 0 0 0 	40570316 1367553 0 	479.869 	3 	70
21210200000000 21210300000368 	9600030396 28050578918 1389675 	9598640721 1389675 0 0 0 	41230988 1389675 0 	479.616 	3 	70
21235800000000 21235900000352 	9800031100 28635480477 1411391 	9798619709 1411391 0 0 0 	41875634 1411391 0 	479.287 	3 	70
21261400000000 21261500000352 	10000031804 29220380455 1433328 	9998598476 1433328 0 0 0 	42526790 1433328 0 	478.971 	3 	70
21287000000000 21287100000352 	10200032508 29805378494 1454765 	10198577743 1454765 0 0 0 	43160260 1454765 0 	478.668 	3 	70
21312600000000 21312700000352 	10400033212 30390348373 1476109 	10398557103 1476109 0 0 0 	43795142 1476109 0 	478.377 	3 	70
21338200000000 21338300000352 	10600033916 30975352261 1497092 	10598536824 1497092 0 0 0 	44414900 1497092 0 	478.098 	3 	70
21363800000000 21363900000352 	10800034620 31560413301 1517831 	10798516789 1517831 0 0 0 	45033621 1517831 0 	477.829 	3 	70
21389400000000 21389500000120 	11000034860 32145408358 1538530 	10998496330 1538530 0 0 0 	45652576 1538530 0 	477.512 	3 	70
21415000000000 21415100000120 	11200035100 32730429057 1558780 	11198476320 1558780 0 0 0 	46244858 1558780 0 	477.207 	3 	70
21440600000000 21440700000120 	11400035340 33315470820 1579045 	11398456295 1579045 0 0 0 	46846168 1579045 0 	476.913 	3 	70
21466200000000 21466300000120 	11600035580 33900555859 1598932 	11598436648 1598932 0 0 0 	47437646 1598932 0 	476.629 	3 	70
21491800000000 21491900000120 	11800035820 34485603760 1618578 	11798417242 1618578 0 0 0 	48017538 1618578 0 	476.355 	3 	70
21517400000000 21517500000178 	12000036176 35070769784 1638258 	11998397918 1638258 0 0 0 	48597304 1638258 0 	476.037 	3 	70
21543000000000 21543100000178 	12200036532 35655906894 1657466 	12198379066 1657466 0 0 0 	49163933 1657466 0 	475.73 	3 	70
21568600000000 21568700000178 	12400036888 36240982169 1676542 	12398360346 1676542 0 0 0 	49728063 1676542 0 	475.433 	3 	70
21594200000000 21594300000178 	12600037244 36826170042 1695282 	12598341962 1695282 0 0 0 	50281427 1695282 0 	475.146 	3 	70
21619800000000 21619900000178 	12800037600 37411342796 1714184 	12798323416 1714184 0 0 0 	50832032 1714184 0 	474.868 	3 	70
21645400000000 21645500000178 	13000037956 37996492458 1732655 	12998305301 1732655 0 0 0 	51388557 1732655 0 	474.6 	3 	70
21671000000000 21671100000355 	13200038666 38581710669 1751146 	13198287520 1751146 0 0 0 	51930183 1751146 0 	474.29 	3 	70
21696600000000 21696700000355 	13400039376 39167050549 1769190 	13398270186 1769190 0 0 0 	52472317 1769190 0 	473.99 	3 	70
21722200000000 21722300000355 	13600040086 39752341025 1787158 	13598252928 1787158 0 0 0 	53009935 1787158 0 	473.699 	3 	70
21747800000000 21747900000355 	13800040796 40337683523 1805057 	13798235739 1805057 0 0 0 	53545080 1805057 0 	473.417 	3 	70
21773400000000 21773500000355 	14000041506 40923021039 1822578 	13998218928 1822578 0 0 0 	54071859 1822578 0 	473.144 	3 	70
21799000000000 21799100000355 	14200042216 41508400521 1839669 	14198202547 1839669 0 0 0 	54577058 1839669 0 	472.878 	3 	70
21824600000000 21824700000230 	14400042676 42093787240 1856817 	14398185859 1856817 0 0 0 	55084069 1856817 0 	472.56 	3 	70
21850200000000 21850300000230 	14600043136 42679166436 1873678 	14598169458 1873678 0 0 0 	55586183 1873678 0 	472.251 	3 	70
21875800000000 21875900000230 	14800043596 43264574115 1890594 	14798153002 1890594 0 0 0 	56088513 1890594 0 	471.95 	3 	70
21901400000000 21901500000230 	15000044056 43849961254 1907070 	14998136986 1907070 0 0 0 	56578790 1907070 0 	471.658 	3 	70
21927000000000 21927100000230 	15200044516 44435420065 1923456 	15198121060 1923456 0 0 0 	57061445 1923456 0 	471.374 	3 	70
21952600000000 21952700000230 	15400044976 45020947674 1939831 	15398105145 1939831 0 0 0 	57550666 1939831 0 	471.097 	3 	70
21978200000000 21978300000320 	15600045616 45606440570 1956074 	15598089542 1956074 0 0 0 	58031512 1956074 0 	470.786 	3 	70
22003800000000 22003900000320 	15800046256 46191950080 1972026 	15798074230 1972026 0 0 0 	58504818 1972026 0 	470.483 	3 	70
22029400000000 22029500000320 	16000046896 46777459909 1987825 	15998059071 1987825 0 0 0 	58970887 1987825 0 	470.188 	3 	70
22055000000000 22055100000320 	16200047536 47363053096 2003442 	16198044094 2003442 0 0 0 	59439498 2003442 0 	469.901 	3 	70
22080600000000 22080700000320 	16400048176 47948657567 2018879 	16398029297 2018879 0 0 0 	59902816 2018879 0 	469.621 	3 	70
22106200000000 22106300000320 	16600048816 48534301313 2034192 	16598014624 2034192 0 0 0 	60352654 2034192 0 	469.348 	3 	70
22131800000000 22131900000400 	16800049616 49119961840 2049191 	16798000425 2049191 0 0 0 	60797053 2049191 0 	469.043 	3 	70
22157400000000 22157500000400 	17000050416 49705668843 2064082 	16997986334 2064082 0 0 0 	61237108 2064082 0 	468.745 	3 	70
22183000000000 22183100000400 	17200051216 50291348005 2078837 	17197972379 2078837 0 0 0 	61675537 2078837 0 	468.454 	3 	70
22208600000000 22208700000400 	17400052016 50877112552 2093358 	17397958658 2093358 0 0 0 	62110918 2093358 0 	468.17 	3 	70
22234200000000 22234300000400 	17600052816 51462777491 2107635 	17597945181 2107635 0 0 0 	62534079 2107635 0 	467.894 	3 	70
22259800000000 22259900000400 	17800053616 52048482702 2121858 	17797931758 2121858 0 0 0 	62957089 2121858 0 	467.623 	3 	70
22285400000000 22285500000290 	18000054196 52634213563 2135837 	17997918359 2135837 0 0 0 	63367332 2135837 0 	467.322 	3 	70
22311000000000 22311100000290 	18200054776 53220021652 2149873 	18197904903 2149873 0 0 0 	63781426 2149873 0 	467.028 	3 	70
22336600000000 22336700000290 	18400055356 53805845826 2163821 	18397891535 2163821 0 0 0 	64196731 2163821 0 	466.741 	3 	70
22362200000000 22362300000290 	18600055936 54391711060 2177636 	18597878300 2177636 0 0 0 	64606886 2177636 0 	466.46 	3 	70
22387800000000 22387900000290 	18800056516 54977558354 2191339 	18797865177 2191339 0 0 0 	65015102 2191339 0 	466.186 	3 	70
22413400000000 22413500000290 	19000057096 55563399851 2204518 	18997852578 2204518 0 0 0 	65410618 2204518 0 	465.917 	3 	70
22439000000000 22439100000249 	19200057594 56149225615 2217807 	19197839787 2217807 0 0 0 	65799408 2217807 0 	465.62 	3 	70
22464600000000 22464700000249 	19400058092 56735122772 2230820 	19397827272 2230820 0 0 0 	66186986 2230820 0 	465.329 	3 	70
22490200000000 22490300000249 	19600058590 57321062033 2244023 	19597814567 2244023 0 0 0 	66582557 2244023 0 	465.045 	3 	70
22515800000000 22515900000249 	19800059088 57907010009 2256913 	19797802175 2256913 0 0 0 	66963447 2256913 0 	464.766 	3 	70
22541400000000 22541500000249 	20000059586 58492970739 2269600 	19997789986 2269600 0 0 0 	67347056 2269600 0 	464.493 	3 	70
22567000000000 22567100000249 	20200060084 59079041261 2282338 	20197777746 2282338 0 0 0 	67734701 2282338 0 	464.226 	3 	70
22592600000000 22592700000088 	20400060260 59664978334 2294750 	20397765510 2294750 0 0 0 	68098383 2294750 0 	463.932 	3 	70
22618200000000 22618300000088 	20600060436 60251014866 2306961 	20597753475 2306961 0 0 0 	68464497 2306961 0 	463.644 	3 	70
22643800000000 22643900000088 	20800060612 60837039090 2319067 	20797741545 2319067 0 0 0 	68819587 2319067 0 	463.361 	3 	70
22669400000000 22669500000088 	21000060788 61423093898 2331085 	20997729703 2331085 0 0 0 	69180190 2331085 0 	463.084 	3 	70
22695000000000 22695100000088 	21200060964 62009164917 2342941 	21197718023 2342941 0 0 0 	69531334 2342941 0 	462.813 	3 	70
22720600000000 22720700000088 	21400061140 62595311219 2354726 	21397706414 2354726 0 0 0 	69879589 2354726 0 	462.547 	3 	70
22746200000000 22746300000110 	21600061360 63181447753 2366388 	21597694972 2366388 0 0 0 	70224541 2366388 0 	462.266 	3 	70
22771800000000 22771900000110 	21800061580 63767576878 2377931 	21797683649 2377931 0 0 0 	70569592 2377931 0 	461.99 	3 	70
22797400000000 22797500000110 	22000061800 64353762353 2389411 	21997672389 2389411 0 0 0 	70903677 2389411 0 	461.719 	3 	70
22823000000000 22823100000110 	22200062020 64939917378 2400528 	22197661492 2400528 0 0 0 	71238168 2400528 0 	461.453 	3 	70
22848600000000 22848700000110 	22400062240 65526120860 2411805 	22397650435 2411805 0 0 0 	71572990 2411805 0 	461.193 	3 	70
22874200000000 22874300000110 	22600062460 66112313425 2422674 	22597639786 2422674 0 0 0 	71900643 2422674 0 	460.937 	3 	70
22899800000000 22899900000189 	22800062838 66698559571 2433684 	22797629154 2433684 0 0 0 	72229991 2433684 0 	460.657 	3 	70
22925400000000 22925500000189 	23000063216 67284814635 2444361 	22997618855 2444361 0 0 0 	72548841 2444361 0 	460.381 	3 	70
22951000000000 22951100000189 	23200063594 67871094354 2454941 	23197608653 2454941 0 0 0 	72863952 2454941 0 	460.111 	3 	70
22976600000000 22976700000189 	23400063972 68457468712 2465575 	23397598397 2465575 0 0 0 	73179237 2465575 0 	459.845 	3 	70
23002200000000 23002300000189 	23600064350 69043715503 2476082 	23597588268 2476082 0 0 0 	73496470 2476082 0 	459.585 	3 	70
23027800000000 23027900000189 	23800064728 69630108727 2486375 	23797578353 2486375 0 0 0 	73802808 2486375 0 	459.329 	3 	70
23053400000000 23053500000060 	24000064848 70216474173 2496454 	23997568394 2496454 0 0 0 	74105071 2496454 0 	459.049 	3 	70
23079000000000 23079100000060 	24200064968 70802857210 2506436 	24197558532 2506436 0 0 0 	74401246 2506436 0 	458.774 	3 	70
23104600000000 23104700000060 	24400065088 71389309366 2516403 	24397548685 2516403 0 0 0 	74696560 2516403 0 	458.503 	3 	70
23130200000000 23130300000060 	24600065208 71975775944 2526497 	24597538711 2526497 0 0 0 	74995798 2526497 0 	458.238 	3 	70
23155800000000 23155900000060 	24800065328 72562255222 2536310 	24797529018 2536310 0 0 0 	75284451 2536310 0 	457.977 	3 	70
23181400000000 23181500000060 	25000065448 73148708320 2546204 	24997519244 2546204 0 0 0 	75578710 2546204 0 	457.721 	3 	70
23207000000000 23207100000375 	25200066198 73735190774 2555631 	25197510567 2555631 0 0 0 	75858372 2555631 0 	457.441 	3 	70
23232600000000 23232700000375 	25400066948 74321729329 2565244 	25397501704 2565244 0 0 0 	76145306 2565244 0 	457.166 	3 	70
23258200000000 23258300000375 	25600067698 74908241886 2574682 	25597493016 2574682 0 0 0 	76428147 2574682 0 	456.896 	3 	70
23283800000000 23283900000375 	25800068448 75494790713 2583820 	25797484628 2583820 0 0 0 	76695532 2583820 0 	456.63 	3 	70
23309400000000 23309500000375 	26000069198 76081337745 2592902 	25997476296 2592902 0 0 0 	76964672 2592902 0 	456.369 	3 	70
23335000000000 23335100000074 	26200069346 76667972541 2601990 	26197467356 2601990 0 0 0 	77238273 2601990 0 	456.086 	3 	70
23360600000000 23360700000074 	26400069494 77254560477 2610994 	26397458500 2610994 0 0 0 	77507771 2610994 0 	455.807 	3 	70
23386200000000 23386300000074 	26600069642 77841187536 2620015 	26597449627 2620015 0 0 0 	77775583 2620015 0 	455.532 	3 	70
23411800000000 23411900000074 	26800069790 78427846578 2628752 	26797441038 2628752 0 0 0 	78030619 2628752 0 	455.262 	3 	70
23437400000000 23437500000074 	27000069938 79014543054 2637488 	26997432450 2637488 0 0 0 	78293029 2637488 0 	454.997 	3 	70
23463000000000 23463100000074 	27200070086 79601279562 2646235 	27197423851 2646235 0 0 0 	78551182 2646235 0 	454.735 	3 	70
23488600000000 23488700000320 	27400070726 80187969523 2654883 	27397415843 2654883 0 0 0 	78807373 2654883 0 	454.461 	3 	70
23514200000000 23514300000320 	27600071366 80774702875 2663447 	27597407919 2663447 0 0 0 	79065842 2663447 0 	454.191 	3 	70
23539800000000 23539900000320 	27800072006 81361413532 2671754 	27797400252 2671754 0 0 0 	79311846 2671754 0 	453.925 	3 	70
23565400000000 23565500000320 	28000072646 81948189736 2679987 	27997392659 2679987 0 0 0 	79563791 2679987 0 	453.663 	3 	70
23591000000000 23591100000320 	28200073286 82534990698 2688157 	28197385129 2688157 0 0 0 	79804736 2688157 0 	453.406 	3 	70
23616600000000 23616700000320 	28400073926 83121798228 2696184 	28397377742 2696184 0 0 0 	80042488 2696184 0 	453.152 	3 	70
23642200000000 23642300000353 	28600074632 83708720021 2704224 	28597370408 2704224 0 0 0 	80279667 2704224 0 	452.877 	3 	70
23667800000000 23667900000353 	28800075338 84295554268 2711861 	28797363477 2711861 0 0 0 	80504204 2711861 0 	452.607 	3 	70
23693400000000 23693500000353 	29000076044 84882379202 2719607 	28997356437 2719607 0 0 0 	80734160 2719607 0 	452.34 	3 	70
23719000000000 23719100000353 	29200076750 85469311582 2727333 	29197349417 2727333 0 0 0 	80963402 2727333 0 	452.078 	3 	70
23744600000000 23744700000353 	29400077456 86056262185 2734915 	29397342541 2734915 0 0 0 	81189452 2734915 0 	451.819 	3 	70
23770200000000 23770300000353 	29600078162 86643216773 2742326 	29597335836 2742326 0 0 0 	81412744 2742326 0 	451.565 	3 	70
23795800000000 23795900000044 	29800078250 87230141217 2749584 	29797328666 2749584 0 0 0 	81628068 2749584 0 	451.29 	3 	70
23821400000000 23821500000044 	30000078338 87817109083 2756956 	29997321382 2756956 0 0 0 	81849915 2756956 0 	451.019 	3 	70
23847000000000 23847100000044 	30200078426 88404166032 2764349 	30197314077 2764349 0 0 0 	82072383 2764349 0 	450.752 	3 	70
