20007100000000 20007200000476 	200000952 583884574 36870 	199964082 36870 0 0 0 	1092944 36870 0 	492 	3 	71
20032700000000 20032800000476 	400001904 1167819681 73494 	399928410 73494 0 0 0 	2185807 73494 0 	492 	3 	71
20058300000000 20058400000476 	600002856 1751752456 109595 	599893261 109595 0 0 0 	3250815 109595 0 	492 	3 	71
20083900000000 20084000000476 	800003808 2335704758 145359 	799858449 145359 0 0 0 	4305016 145359 0 	492 	3 	71
20109500000000 20109600000476 	1000004760 2919681309 180822 	999823938 180822 0 0 0 	5349638 180822 0 	492 	3 	71
20135100000000 20135200000476 	1200005712 3503684207 215729 	1199789983 215729 0 0 0 	6384155 215729 0 	492 	3 	71
20160700000000 20160800000011 	1400005734 4087638364 250268 	1399755466 250268 0 0 0 	7406231 250268 0 	491.569 	3 	71
20186300000000 20186400000011 	1600005756 4671684099 284283 	1599721473 284283 0 0 0 	8414569 284283 0 	491.247 	3 	71
20211900000000 20212000000011 	1800005778 5255770301 318094 	1799687684 318094 0 0 0 	9428550 318094 0 	490.996 	3 	71
20237500000000 20237600000011 	2000005800 5839845610 351604 	1999654196 351604 0 0 0 	10427742 351604 0 	490.796 	3 	71
20263100000000 20263200000011 	2200005822 6423982561 384568 	2199621254 384568 0 0 0 	11410617 384568 0 	490.632 	3 	71
20288700000000 20288800000011 	2400005844 7008123718 417299 	2399588545 417299 0 0 0 	12388685 417299 0 	490.495 	3 	71
20314300000000 20314400000210 	2600006264 7592240797 449612 	2599556652 449612 0 0 0 	13340987 449612 0 	490.068 	3 	71
20339900000000 20340000000210 	2800006684 8176445950 481700 	2799524984 481700 0 0 0 	14291230 481700 0 	489.703 	3 	71
20365500000000 20365600000210 	3000007104 8760564204 513319 	2999493785 513319 0 0 0 	15227322 513319 0 	489.386 	3 	71
20391100000000 20391200000210 	3200007524 9344774926 544803 	3199462721 544803 0 0 0 	16159023 544803 0 	489.11 	3 	71
20416700000000 20416800000210 	3400007944 9929011517 576086 	3399431858 576086 0 0 0 	17095539 576086 0 	488.866 	3 	71
20442300000000 20442400000210 	3600008364 10513289546 606575 	3599401789 606575 0 0 0 	18007164 606575 0 	488.65 	3 	71
20467900000000 20468000000381 	3800009126 11097504185 636870 	3799372256 636870 0 0 0 	18909243 636870 0 	488.241 	3 	71
20493500000000 20493600000381 	4000009888 11681808134 667206 	3999342682 667206 0 0 0 	19805100 667206 0 	487.874 	3 	71
20519100000000 20519200000381 	4200010650 12266091501 696802 	4199313848 696802 0 0 0 	20680355 696802 0 	487.542 	3 	71
20544700000000 20544800000381 	4400011412 12850456327 726055 	4399285357 726055 0 0 0 	21552094 726055 0 	487.241 	3 	71
20570300000000 20570400000381 	4600012174 13434779991 755161 	4599257013 755161 0 0 0 	22415678 755161 0 	486.966 	3 	71
20595900000000 20596000000381 	4800012936 14019159121 784010 	4799228926 784010 0 0 0 	23273719 784010 0 	486.715 	3 	71
20621500000000 20621600000468 	5000013872 14603575826 812249 	4999201623 812249 0 0 0 	24102381 812249 0 	486.36 	3 	71
20647100000000 20647200000468 	5200014808 15187946984 840257 	5199174551 840257 0 0 0 	24934484 840257 0 	486.033 	3 	71
20672700000000 20672800000468 	5400015744 15772368134 868171 	5399147573 868171 0 0 0 	25760319 868171 0 	485.731 	3 	71
20698300000000 20698400000468 	5600016680 16356805881 895469 	5599121211 895469 0 0 0 	26569997 895469 0 	485.45 	3 	71
20723900000000 20724000000468 	5800017616 16941301485 922773 	5799094843 922773 0 0 0 	27384419 922773 0 	485.19 	3 	71
20749500000000 20749600000468 	6000018552 17525804102 949736 	5999068816 949736 0 0 0 	28182205 949736 0 	484.946 	3 	71
20775100000000 20775200000254 	6200019060 18110320552 976385 	6199042675 976385 0 0 0 	28965848 976385 0 	484.585 	3 	71
20800700000000 20800800000254 	6400019568 18694916374 1002877 	6399016691 1002877 0 0 0 	29754465 1002877 0 	484.247 	3 	71
20826300000000 20826400000254 	6600020076 19279586170 1028916 	6598991160 1028916 0 0 0 	30518959 1028916 0 	483.93 	3 	71
20851900000000 20852000000254 	6800020584 19864162051 1054672 	6798965912 1054672 0 0 0 	31286863 1054672 0 	483.632 	3 	71
20877500000000 20877600000254 	7000021092 20448791669 1080524 	6998940568 1080524 0 0 0 	32056890 1080524 0 	483.352 	3 	71
20903100000000 20903200000254 	7200021600 21033393806 1105562 	7198916038 1105562 0 0 0 	32796267 1105562 0 	483.087 	3 	71
20928700000000 20928800000365 	7400022330 21617977348 1130558 	7398891772 1130558 0 0 0 	33537589 1130558 0 	482.752 	3 	71
20954300000000 20954400000365 	7600023060 22202647895 1155334 	7598867726 1155334 0 0 0 	34261758 1155334 0 	482.435 	3 	71
20979900000000 20980000000365 	7800023790 22787336372 1179790 	7798844000 1179790 0 0 0 	34997786 1179790 0 	482.135 	3 	71
21005500000000 21005600000365 	8000024520 23372117634 1204131 	7998820389 1204131 0 0 0 	35723495 1204131 0 	481.85 	3 	71
21031100000000 21031200000365 	8200025250 23956830901 1227942 	8198797308 1227942 0 0 0 	36435481 1227942 0 	481.58 	3 	71
21056700000000 21056800000365 	8400025980 24541610488 1251597 	8398774383 1251597 0 0 0 	37137841 1251597 0 	481.322 	3 	71
21082300000000 21082400000368 	8600026716 25126363828 1274871 	8598751845 1274871 0 0 0 	37831780 1274871 0 	481.004 	3 	71
21107900000000 21108000000368 	8800027452 25711217303 1298185 	8798729267 1298185 0 0 0 	38527503 1298185 0 	480.7 	3 	71
21133500000000 21133600000368 	9000028188 26296081436 1321117 	8998707071 1321117 0 0 0 	39208436 1321117 0 	480.411 	3 	71
21159100000000 21159200000368 	9200028924 26880918984 1344025 	9198684899 1344025 0 0 0 	39889912 1344025 0 	480.134 	3 	71
21184700000000 21184800000368 	9400029660 27465775294 1366392 	9398663268 1366392 0 0 0 	40553317 1366392 0 	479.869 	3 	71
21210300000000 21210400000368 	9600030396 28050691377 1388464 	9598641932 1388464 0 0 0 	41207780 1388464 0 	479.616 	3 	71
21235900000000 21236000000352 	9800031100 28635607872 1410539 	9798620561 1410539 0 0 0 	41871329 1410539 0 	479.287 	3 	71
21261500000000 21261600000352 	10000031804 29220606846 1432228 	9998599576 1432228 0 0 0 	42516578 1432228 0 	478.971 	3 	71
21287100000000 21287200000352 	10200032508 29805582238 1453690 	10198578818 1453690 0 0 0 	43159708 1453690 0 	478.668 	3 	71
21312700000000 21312800000352 	10400033212 30390548085 1474844 	10398558368 1474844 0 0 0 	43786154 1474844 0 	478.377 	3 	71
21338300000000 21338400000352 	10600033916 30975536690 1495836 	10598538080 1495836 0 0 0 	44408081 1495836 0 	478.098 	3 	71
21363900000000 21364000000352 	10800034620 31560512577 1516860 	10798517760 1516860 0 0 0 	45040306 1516860 0 	477.829 	3 	71
21389500000000 21389600000120 	11000034860 32145559394 1537424 	10998497436 1537424 0 0 0 	45650942 1537424 0 	477.512 	3 	71
21415100000000 21415200000120 	11200035100 32730617156 1557659 	11198477441 1557659 0 0 0 	46248874 1557659 0 	477.207 	3 	71
21440700000000 21440800000120 	11400035340 33315701295 1577859 	11398457481 1577859 0 0 0 	46848958 1577859 0 	476.913 	3 	71
21466300000000 21466400000120 	11600035580 33900753431 1597886 	11598437694 1597886 0 0 0 	47449747 1597886 0 	476.629 	3 	71
21491900000000 21492000000120 	11800035820 34485907930 1617566 	11798418254 1617566 0 0 0 	48032779 1617566 0 	476.355 	3 	71
21517500000000 21517600000178 	12000036176 35071012547 1636794 	11998399382 1636794 0 0 0 	48604997 1636794 0 	476.037 	3 	71
21543100000000 21543200000178 	12200036532 35656149152 1656089 	12198380443 1656089 0 0 0 	49173982 1656089 0 	475.73 	3 	71
21568700000000 21568800000178 	12400036888 36241305122 1675295 	12398361593 1675295 0 0 0 	49749073 1675295 0 	475.433 	3 	71
21594300000000 21594400000178 	12600037244 36826477622 1694108 	12598343136 1694108 0 0 0 	50308464 1694108 0 	475.146 	3 	71
21619900000000 21620000000178 	12800037600 37411757263 1712787 	12798324813 1712787 0 0 0 	50859800 1712787 0 	474.868 	3 	71
21645500000000 21645600000178 	13000037956 37997022144 1731223 	12998306733 1731223 0 0 0 	51401814 1731223 0 	474.6 	3 	71
21671100000000 21671200000355 	13200038666 38582232251 1749375 	13198289291 1749375 0 0 0 	51934330 1749375 0 	474.29 	3 	71
21696700000000 21696800000355 	13400039376 39167505395 1767251 	13398272125 1767251 0 0 0 	52467773 1767251 0 	473.99 	3 	71
21722300000000 21722400000355 	13600040086 39752749553 1784946 	13598255140 1784946 0 0 0 	52999434 1784946 0 	473.699 	3 	71
21747900000000 21748000000355 	13800040796 40338042071 1802531 	13798238265 1802531 0 0 0 	53520141 1802531 0 	473.417 	3 	71
21773500000000 21773600000355 	14000041506 40923420254 1819851 	13998221655 1819851 0 0 0 	54035367 1819851 0 	473.144 	3 	71
21799100000000 21799200000355 	14200042216 41508777322 1836980 	14198205236 1836980 0 0 0 	54547088 1836980 0 	472.878 	3 	71
21824700000000 21824800000230 	14400042676 42094227805 1854197 	14398188479 1854197 0 0 0 	55060387 1854197 0 	472.56 	3 	71
21850300000000 21850400000230 	14600043136 42679608262 1871251 	14598171885 1871251 0 0 0 	55563016 1871251 0 	472.251 	3 	71
21875900000000 21876000000230 	14800043596 43264987776 1888256 	14798155340 1888256 0 0 0 	56076984 1888256 0 	471.95 	3 	71
21901500000000 21901600000230 	15000044056 43850494128 1905149 	14998138907 1905149 0 0 0 	56574022 1905149 0 	471.658 	3 	71
21927100000000 21927200000230 	15200044516 44435907595 1921446 	15198123070 1921446 0 0 0 	57054026 1921446 0 	471.374 	3 	71
21952700000000 21952800000230 	15400044976 45021392971 1937865 	15398107111 1937865 0 0 0 	57550024 1937865 0 	471.097 	3 	71
21978300000000 21978400000320 	15600045616 45606925050 1954111 	15598091505 1954111 0 0 0 	58031339 1954111 0 	470.786 	3 	71
22003900000000 22004000000320 	15800046256 46192431276 1969986 	15798076270 1969986 0 0 0 	58499326 1969986 0 	470.483 	3 	71
22029500000000 22029600000320 	16000046896 46777973119 1985765 	15998061131 1985765 0 0 0 	58970740 1985765 0 	470.188 	3 	71
22055100000000 22055200000320 	16200047536 47363512563 2001355 	16198046181 2001355 0 0 0 	59436014 2001355 0 	469.901 	3 	71
22080700000000 22080800000320 	16400048176 47949043261 2016795 	16398031381 2016795 0 0 0 	59895984 2016795 0 	469.621 	3 	71
22106300000000 22106400000320 	16600048816 48534642113 2031853 	16598016963 2031853 0 0 0 	60341428 2031853 0 	469.348 	3 	71
22131900000000 22132000000400 	16800049616 49120272683 2046931 	16798002685 2046931 0 0 0 	60792595 2046931 0 	469.043 	3 	71
22157500000000 22157600000400 	17000050416 49705935271 2061828 	16997988588 2061828 0 0 0 	61239171 2061828 0 	468.745 	3 	71
22183100000000 22183200000400 	17200051216 50291668239 2076819 	17197974397 2076819 0 0 0 	61687576 2076819 0 	468.454 	3 	71
22208700000000 22208800000400 	17400052016 50877348754 2091424 	17397960592 2091424 0 0 0 	62121519 2091424 0 	468.17 	3 	71
22234300000000 22234400000400 	17600052816 51463099711 2105874 	17597946942 2105874 0 0 0 	62551081 2105874 0 	467.894 	3 	71
22259900000000 22260000000400 	17800053616 52048830384 2120206 	17797933410 2120206 0 0 0 	62979389 2120206 0 	467.623 	3 	71
22285500000000 22285600000290 	18000054196 52634578510 2134333 	17997919863 2134333 0 0 0 	63397251 2134333 0 	467.322 	3 	71
22311100000000 22311200000290 	18200054776 53220380316 2148091 	18197906685 2148091 0 0 0 	63809704 2148091 0 	467.028 	3 	71
22336700000000 22336800000290 	18400055356 53806201745 2161789 	18397893567 2161789 0 0 0 	64214888 2161789 0 	466.741 	3 	71
22362300000000 22362400000290 	18600055936 54391986557 2175388 	18597880548 2175388 0 0 0 	64620207 2175388 0 	466.46 	3 	71
22387900000000 22388000000290 	18800056516 54977828792 2188967 	18797867549 2188967 0 0 0 	65029122 2188967 0 	466.186 	3 	71
22413500000000 22413600000290 	19000057096 55563672102 2202366 	18997854730 2202366 0 0 0 	65429838 2202366 0 	465.917 	3 	71
22439100000000 22439200000249 	19200057594 56149584190 2215574 	19197842020 2215574 0 0 0 	65826573 2215574 0 	465.62 	3 	71
22464700000000 22464800000249 	19400058092 56735507273 2228701 	19397829391 2228701 0 0 0 	66210385 2228701 0 	465.329 	3 	71
22490300000000 22490400000249 	19600058590 57321478352 2241425 	19597817165 2241425 0 0 0 	66585861 2241425 0 	465.045 	3 	71
22515900000000 22516000000249 	19800059088 57907434410 2254175 	19797804913 2254175 0 0 0 	66962271 2254175 0 	464.766 	3 	71
22541500000000 22541600000249 	20000059586 58493381129 2266821 	19997792765 2266821 0 0 0 	67336467 2266821 0 	464.493 	3 	71
22567100000000 22567200000249 	20200060084 59079317526 2279155 	20197780929 2279155 0 0 0 	67700872 2279155 0 	464.226 	3 	71
22592700000000 22592800000088 	20400060260 59665385062 2291625 	20397768635 2291625 0 0 0 	68075209 2291625 0 	463.932 	3 	71
22618300000000 22618400000088 	20600060436 60251359353 2303916 	20597756520 2303916 0 0 0 	68446789 2303916 0 	463.644 	3 	71
22643900000000 22644000000088 	20800060612 60837371360 2316070 	20797744542 2316070 0 0 0 	68808511 2316070 0 	463.361 	3 	71
22669500000000 22669600000088 	21000060788 61423440751 2328067 	20997732721 2328067 0 0 0 	69164461 2328067 0 	463.084 	3 	71
22695100000000 22695200000088 	21200060964 62009562904 2339882 	21197721082 2339882 0 0 0 	69517430 2339882 0 	462.813 	3 	71
22720700000000 22720800000088 	21400061140 62595712055 2351681 	21397709459 2351681 0 0 0 	69870023 2351681 0 	462.547 	3 	71
22746300000000 22746400000110 	21600061360 63181829634 2363360 	21597698000 2363360 0 0 0 	70215374 2363360 0 	462.266 	3 	71
22771900000000 22772000000110 	21800061580 63767984312 2374946 	21797686634 2374946 0 0 0 	70558248 2374946 0 	461.99 	3 	71
22797500000000 22797600000110 	22000061800 64354151348 2386256 	21997675544 2386256 0 0 0 	70892257 2386256 0 	461.719 	3 	71
22823100000000 22823200000110 	22200062020 64940388901 2397439 	22197664581 2397439 0 0 0 	71225915 2397439 0 	461.453 	3 	71
22848700000000 22848800000110 	22400062240 65526521550 2408738 	22397653502 2408738 0 0 0 	71559676 2408738 0 	461.193 	3 	71
22874300000000 22874400000110 	22600062460 66112754756 2419536 	22597642924 2419536 0 0 0 	71878249 2419536 0 	460.937 	3 	71
22899900000000 22900000000189 	22800062838 66699001540 2430257 	22797632581 2430257 0 0 0 	72195472 2430257 0 	460.657 	3 	71
22925500000000 22925600000189 	23000063216 67285295614 2440973 	22997622243 2440973 0 0 0 	72514574 2440973 0 	460.381 	3 	71
22951100000000 22951200000189 	23200063594 67871601929 2451684 	23197611910 2451684 0 0 0 	72825503 2451684 0 	460.111 	3 	71
22976700000000 22976800000189 	23400063972 68457993146 2462189 	23397601783 2462189 0 0 0 	73141063 2462189 0 	459.845 	3 	71
23002300000000 23002400000189 	23600064350 69044368212 2472788 	23597591562 2472788 0 0 0 	73452537 2472788 0 	459.585 	3 	71
23027900000000 23028000000189 	23800064728 69630743812 2483154 	23797581574 2483154 0 0 0 	73764246 2483154 0 	459.329 	3 	71
23053500000000 23053600000060 	24000064848 70217070618 2493282 	23997571566 2493282 0 0 0 	74063082 2493282 0 	459.049 	3 	71
23079100000000 23079200000060 	24200064968 70803515773 2503375 	24197561593 2503375 0 0 0 	74364301 2503375 0 	458.774 	3 	71
23104700000000 23104800000060 	24400065088 71389959795 2513376 	24397551712 2513376 0 0 0 	74660418 2513376 0 	458.503 	3 	71
23130300000000 23130400000060 	24600065208 71976429301 2523427 	24597541781 2523427 0 0 0 	74961646 2523427 0 	458.238 	3 	71
23155900000000 23156000000060 	24800065328 72562914610 2533139 	24797532189 2533139 0 0 0 	75252393 2533139 0 	457.977 	3 	71
23181500000000 23181600000060 	25000065448 73149358709 2542905 	24997522543 2542905 0 0 0 	75540171 2542905 0 	457.721 	3 	71
23207100000000 23207200000375 	25200066198 73735874332 2552419 	25197513779 2552419 0 0 0 	75830264 2552419 0 	457.441 	3 	71
23232700000000 23232800000375 	25400066948 74322398983 2561931 	25397505017 2561931 0 0 0 	76112966 2561931 0 	457.166 	3 	71
23258300000000 23258400000375 	25600067698 74908936536 2571282 	25597496416 2571282 0 0 0 	76394093 2571282 0 	456.896 	3 	71
23283900000000 23284000000375 	25800068448 75495556601 2580613 	25797487835 2580613 0 0 0 	76669655 2580613 0 	456.63 	3 	71
23309500000000 23309600000375 	26000069198 76082130924 2589948 	25997479250 2589948 0 0 0 	76947377 2589948 0 	456.369 	3 	71
23335100000000 23335200000074 	26200069346 76668777797 2598961 	26197470385 2598961 0 0 0 	77216347 2598961 0 	456.086 	3 	71
23360700000000 23360800000074 	26400069494 77255455491 2607921 	26397461573 2607921 0 0 0 	77481827 2607921 0 	455.807 	3 	71
23386300000000 23386400000074 	26600069642 77842073131 2616751 	26597452891 2616751 0 0 0 	77743408 2616751 0 	455.532 	3 	71
23411900000000 23412000000074 	26800069790 78428747729 2625551 	26797444239 2625551 0 0 0 	78003792 2625551 0 	455.262 	3 	71
23437500000000 23437600000074 	27000069938 79015420619 2634294 	26997435644 2634294 0 0 0 	78262183 2634294 0 	454.997 	3 	71
23463100000000 23463200000074 	27200070086 79602126211 2642894 	27197427192 2642894 0 0 0 	78514529 2642894 0 	454.735 	3 	71
23488700000000 23488800000320 	27400070726 80188885878 2651225 	27397419501 2651225 0 0 0 	78762478 2651225 0 	454.461 	3 	71
23514300000000 23514400000320 	27600071366 80775642598 2659529 	27597411837 2659529 0 0 0 	79009829 2659529 0 	454.191 	3 	71
23539900000000 23540000000320 	27800072006 81362393933 2668013 	27797403993 2668013 0 0 0 	79267840 2668013 0 	453.925 	3 	71
23565500000000 23565600000320 	28000072646 81949157604 2676272 	27997396374 2676272 0 0 0 	79518241 2676272 0 	453.663 	3 	71
23591100000000 23591200000320 	28200073286 82535921500 2684317 	28197388969 2684317 0 0 0 	79760721 2684317 0 	453.406 	3 	71
23616700000000 23616800000320 	28400073926 83122771029 2692388 	28397381538 2692388 0 0 0 	80000161 2692388 0 	453.152 	3 	71
23642300000000 23642400000353 	28600074632 83709564522 2700260 	28597374372 2700260 0 0 0 	80231985 2700260 0 	452.877 	3 	71
23667900000000 23668000000353 	28800075338 84296339416 2708068 	28797367270 2708068 0 0 0 	80465285 2708068 0 	452.607 	3 	71
23693500000000 23693600000353 	29000076044 84883263040 2715906 	28997360138 2715906 0 0 0 	80696276 2715906 0 	452.34 	3 	71
23719100000000 23719200000353 	29200076750 85470150361 2723549 	29197353201 2723549 0 0 0 	80924677 2723549 0 	452.078 	3 	71
23744700000000 23744800000353 	29400077456 86057085881 2731157 	29397346299 2731157 0 0 0 	81148837 2731157 0 	451.819 	3 	71
23770300000000 23770400000353 	29600078162 86644041870 2738681 	29597339481 2738681 0 0 0 	81371129 2738681 0 	451.565 	3 	71
23795900000000 23796000000044 	29800078250 87230977938 2746105 	29797332145 2746105 0 0 0 	81591571 2746105 0 	451.29 	3 	71
23821500000000 23821600000044 	30000078338 87817971050 2753634 	29997324704 2753634 0 0 0 	81811697 2753634 0 	451.019 	3 	71
23847100000000 23847200000044 	30200078426 88404958747 2760997 	30197317429 2760997 0 0 0 	82031325 2760997 0 	450.752 	3 	71
