20007800000000 20007900000476 	200000952 583867741 36874 	199964078 36874 0 0 0 	1089319 36874 0 	492 	3 	78
20033400000000 20033500000476 	400001904 1167742541 73207 	399928697 73207 0 0 0 	2162597 73207 0 	492 	3 	78
20059000000000 20059100000476 	600002856 1751675638 109348 	599893508 109348 0 0 0 	3237001 109348 0 	492 	3 	78
20084600000000 20084700000476 	800003808 2335587221 144824 	799858984 144824 0 0 0 	4283688 144824 0 	492 	3 	78
20110200000000 20110300000476 	1000004760 2919574087 180268 	999824492 180268 0 0 0 	5341348 180268 0 	492 	3 	78
20135800000000 20135900000476 	1200005712 3503552481 215019 	1199790693 215019 0 0 0 	6375362 215019 0 	492 	3 	78
20161400000000 20161500000011 	1400005734 4087617908 249557 	1399756177 249557 0 0 0 	7402530 249557 0 	491.569 	3 	78
20187000000000 20187100000011 	1600005756 4671628634 283380 	1599722376 283380 0 0 0 	8394277 283380 0 	491.247 	3 	78
20212600000000 20212700000011 	1800005778 5255757198 317498 	1799688280 317498 0 0 0 	9408814 317498 0 	490.996 	3 	78
20238200000000 20238300000011 	2000005800 5839847255 351170 	1999654630 351170 0 0 0 	10399248 351170 0 	490.796 	3 	78
20263800000000 20263900000011 	2200005822 6423926049 384224 	2199621598 384224 0 0 0 	11389582 384224 0 	490.632 	3 	78
20289400000000 20289500000011 	2400005844 7008036176 416699 	2399589145 416699 0 0 0 	12349286 416699 0 	490.495 	3 	78
20315000000000 20315100000210 	2600006264 7592146392 449262 	2599557002 449262 0 0 0 	13318207 449262 0 	490.068 	3 	78
20340600000000 20340700000210 	2800006684 8176334774 481013 	2799525671 481013 0 0 0 	14257312 481013 0 	489.703 	3 	78
20366200000000 20366300000210 	3000007104 8760538727 512506 	2999494598 512506 0 0 0 	15190469 512506 0 	489.386 	3 	78
20391800000000 20391900000210 	3200007524 9344767933 544171 	3199463353 544171 0 0 0 	16131020 544171 0 	489.11 	3 	78
20417400000000 20417500000210 	3400007944 9928978308 575092 	3399432852 575092 0 0 0 	17043878 575092 0 	488.866 	3 	78
20443000000000 20443100000210 	3600008364 10513211542 605926 	3599402438 605926 0 0 0 	17967270 605926 0 	488.65 	3 	78
20468600000000 20468700000381 	3800009126 11097520422 636349 	3799372777 636349 0 0 0 	18867629 636349 0 	488.241 	3 	78
20494200000000 20494300000381 	4000009888 11681818903 666346 	3999343542 666346 0 0 0 	19760488 666346 0 	487.874 	3 	78
20519800000000 20519900000381 	4200010650 12266140261 696021 	4199314629 696021 0 0 0 	20635852 696021 0 	487.542 	3 	78
20545400000000 20545500000381 	4400011412 12850471472 725306 	4399286106 725306 0 0 0 	21507886 725306 0 	487.241 	3 	78
20571000000000 20571100000381 	4600012174 13434823346 754272 	4599257902 754272 0 0 0 	22364586 754272 0 	486.966 	3 	78
20596600000000 20596700000381 	4800012936 14019203666 783002 	4799229934 783002 0 0 0 	23215995 783002 0 	486.715 	3 	78
20622200000000 20622300000468 	5000013872 14603634382 811165 	4999202707 811165 0 0 0 	24048199 811165 0 	486.36 	3 	78
20647800000000 20647900000468 	5200014808 15188057240 839232 	5199175576 839232 0 0 0 	24877077 839232 0 	486.033 	3 	78
20673400000000 20673500000468 	5400015744 15772511987 867026 	5399148718 867026 0 0 0 	25691564 867026 0 	485.731 	3 	78
20699000000000 20699100000468 	5600016680 16357023950 894254 	5599122426 894254 0 0 0 	26492096 894254 0 	485.45 	3 	78
20724600000000 20724700000468 	5800017616 16941547313 921472 	5799096144 921472 0 0 0 	27299266 921472 0 	485.19 	3 	78
20750200000000 20750300000468 	6000018552 17526036236 948352 	5999070200 948352 0 0 0 	28094350 948352 0 	484.946 	3 	78
20775800000000 20775900000254 	6200019060 18110546350 975007 	6199044053 975007 0 0 0 	28888485 975007 0 	484.585 	3 	78
20801400000000 20801500000254 	6400019568 18695092934 1001392 	6399018176 1001392 0 0 0 	29675437 1001392 0 	484.247 	3 	78
20827000000000 20827100000254 	6600020076 19279621273 1027751 	6598992325 1027751 0 0 0 	30458430 1027751 0 	483.93 	3 	78
20852600000000 20852700000254 	6800020584 19864204435 1053544 	6798967040 1053544 0 0 0 	31225098 1053544 0 	483.632 	3 	78
20878200000000 20878300000254 	7000021092 20448786059 1078916 	6998942176 1078916 0 0 0 	31976188 1078916 0 	483.352 	3 	78
20903800000000 20903900000254 	7200021600 21033438554 1104213 	7198917387 1104213 0 0 0 	32726022 1104213 0 	483.087 	3 	78
20929400000000 20929500000365 	7400022330 21618097157 1129127 	7398893203 1129127 0 0 0 	33468589 1129127 0 	482.752 	3 	78
20955000000000 20955100000365 	7600023060 22202816137 1153806 	7598869254 1153806 0 0 0 	34207280 1153806 0 	482.435 	3 	78
20980600000000 20980700000365 	7800023790 22787521076 1178152 	7798845638 1178152 0 0 0 	34926286 1178152 0 	482.135 	3 	78
21006200000000 21006300000365 	8000024520 23372221139 1202388 	7998822132 1202388 0 0 0 	35638955 1202388 0 	481.85 	3 	78
21031800000000 21031900000365 	8200025250 23956972099 1226494 	8198798756 1226494 0 0 0 	36360444 1226494 0 	481.58 	3 	78
21057400000000 21057500000365 	8400025980 24541720824 1250376 	8398775604 1250376 0 0 0 	37067320 1250376 0 	481.322 	3 	78
21083000000000 21083100000368 	8600026716 25126461164 1273638 	8598753078 1273638 0 0 0 	37758903 1273638 0 	481.004 	3 	78
21108600000000 21108700000368 	8800027452 25711234976 1296728 	8798730724 1296728 0 0 0 	38439219 1296728 0 	480.7 	3 	78
21134200000000 21134300000368 	9000028188 26296086044 1319575 	8998708613 1319575 0 0 0 	39115684 1319575 0 	480.411 	3 	78
21159800000000 21159900000368 	9200028924 26880909644 1342261 	9198686663 1342261 0 0 0 	39789027 1342261 0 	480.134 	3 	78
21185400000000 21185500000368 	9400029660 27465760732 1364586 	9398665074 1364586 0 0 0 	40451625 1364586 0 	479.869 	3 	78
21211000000000 21211100000368 	9600030396 28050650987 1386843 	9598643553 1386843 0 0 0 	41105809 1386843 0 	479.616 	3 	78
21236600000000 21236700000352 	9800031100 28635543527 1408787 	9798622313 1408787 0 0 0 	41756322 1408787 0 	479.287 	3 	78
21262200000000 21262300000352 	10000031804 29220438867 1430565 	9998601239 1430565 0 0 0 	42405963 1430565 0 	478.971 	3 	78
21287800000000 21287900000352 	10200032508 29805412935 1451835 	10198580673 1451835 0 0 0 	43041553 1451835 0 	478.668 	3 	78
21313400000000 21313500000352 	10400033212 30390390144 1473055 	10398560157 1473055 0 0 0 	43677324 1473055 0 	478.377 	3 	78
21339000000000 21339100000352 	10600033916 30975403290 1493899 	10598540017 1493899 0 0 0 	44298916 1493899 0 	478.098 	3 	78
21364600000000 21364700000352 	10800034620 31560388154 1514643 	10798519977 1514643 0 0 0 	44915052 1514643 0 	477.829 	3 	78
21390200000000 21390300000120 	11000034860 32145428373 1535067 	10998499793 1535067 0 0 0 	45511436 1535067 0 	477.512 	3 	78
21415800000000 21415900000120 	11200035100 32730453983 1555283 	11198479817 1555283 0 0 0 	46112789 1555283 0 	477.207 	3 	78
21441400000000 21441500000120 	11400035340 33315552969 1575461 	11398459879 1575461 0 0 0 	46708096 1575461 0 	476.913 	3 	78
21467000000000 21467100000120 	11600035580 33900665308 1595339 	11598440241 1595339 0 0 0 	47301011 1595339 0 	476.629 	3 	78
21492600000000 21492700000120 	11800035820 34485770374 1615175 	11798420645 1615175 0 0 0 	47896485 1615175 0 	476.355 	3 	78
21518200000000 21518300000178 	12000036176 35070966388 1634634 	11998401542 1634634 0 0 0 	48478653 1634634 0 	476.037 	3 	78
21543800000000 21543900000178 	12200036532 35656095165 1653900 	12198382632 1653900 0 0 0 	49050904 1653900 0 	475.73 	3 	78
21569400000000 21569500000178 	12400036888 36241278113 1673038 	12398363850 1673038 0 0 0 	49620888 1673038 0 	475.433 	3 	78
21595000000000 21595100000178 	12600037244 36826502842 1691829 	12598345415 1691829 0 0 0 	50181188 1691829 0 	475.146 	3 	78
21620600000000 21620700000178 	12800037600 37411698516 1710473 	12798327127 1710473 0 0 0 	50723167 1710473 0 	474.868 	3 	78
21646200000000 21646300000178 	13000037956 37996943630 1729114 	12998308842 1729114 0 0 0 	51274340 1729114 0 	474.6 	3 	78
21671800000000 21671900000355 	13200038666 38582158572 1747319 	13198291347 1747319 0 0 0 	51814484 1747319 0 	474.29 	3 	78
21697400000000 21697500000355 	13400039376 39167423817 1765281 	13398274095 1765281 0 0 0 	52349311 1765281 0 	473.99 	3 	78
21723000000000 21723100000355 	13600040086 39752729090 1782827 	13598257259 1782827 0 0 0 	52873192 1782827 0 	473.699 	3 	78
21748600000000 21748700000355 	13800040796 40338000026 1800536 	13798240260 1800536 0 0 0 	53395579 1800536 0 	473.417 	3 	78
21774200000000 21774300000355 	14000041506 40923365026 1818027 	13998223479 1818027 0 0 0 	53907369 1818027 0 	473.144 	3 	78
21799800000000 21799900000355 	14200042216 41508703193 1835265 	14198206951 1835265 0 0 0 	54420953 1835265 0 	472.878 	3 	78
21825400000000 21825500000230 	14400042676 42094048266 1852281 	14398190395 1852281 0 0 0 	54927399 1852281 0 	472.56 	3 	78
21851000000000 21851100000230 	14600043136 42679487453 1869230 	14598173906 1869230 0 0 0 	55432080 1869230 0 	472.251 	3 	78
21876600000000 21876700000230 	14800043596 43264922438 1886081 	14798157515 1886081 0 0 0 	55936915 1886081 0 	471.95 	3 	78
21902200000000 21902300000230 	15000044056 43850352776 1902810 	14998141246 1902810 0 0 0 	56433143 1902810 0 	471.658 	3 	78
21927800000000 21927900000230 	15200044516 44435802924 1919185 	15198125331 1919185 0 0 0 	56915341 1919185 0 	471.374 	3 	78
21953400000000 21953500000230 	15400044976 45021342355 1935483 	15398109493 1935483 0 0 0 	57403414 1935483 0 	471.097 	3 	78
21979000000000 21979100000320 	15600045616 45606873277 1951631 	15598093985 1951631 0 0 0 	57880105 1951631 0 	470.786 	3 	78
22004600000000 22004700000320 	15800046256 46192462333 1967562 	15798078694 1967562 0 0 0 	58348293 1967562 0 	470.483 	3 	78
22030200000000 22030300000320 	16000046896 46778053008 1983418 	15998063478 1983418 0 0 0 	58824448 1983418 0 	470.188 	3 	78
22055800000000 22055900000320 	16200047536 47363660374 1998961 	16198048575 1998961 0 0 0 	59288061 1998961 0 	469.901 	3 	78
22081400000000 22081500000320 	16400048176 47949277365 2014495 	16398033681 2014495 0 0 0 	59750348 2014495 0 	469.621 	3 	78
22107000000000 22107100000320 	16600048816 48534870204 2029738 	16598019078 2029738 0 0 0 	60209900 2029738 0 	469.348 	3 	78
22132600000000 22132700000400 	16800049616 49120509049 2044712 	16798004904 2044712 0 0 0 	60645703 2044712 0 	469.043 	3 	78
22158200000000 22158300000400 	17000050416 49706152962 2059816 	16997990600 2059816 0 0 0 	61091205 2059816 0 	468.745 	3 	78
22183800000000 22183900000400 	17200051216 50291855286 2074677 	17197976539 2074677 0 0 0 	61534995 2074677 0 	468.454 	3 	78
22209400000000 22209500000400 	17400052016 50877518620 2089203 	17397962813 2089203 0 0 0 	61967019 2089203 0 	468.17 	3 	78
22235000000000 22235100000400 	17600052816 51463274533 2103770 	17597949046 2103770 0 0 0 	62402651 2103770 0 	467.894 	3 	78
22260600000000 22260700000400 	17800053616 52049047725 2118102 	17797935514 2118102 0 0 0 	62835750 2118102 0 	467.623 	3 	78
22286200000000 22286300000290 	18000054196 52634781947 2132169 	17997922027 2132169 0 0 0 	63250516 2132169 0 	467.322 	3 	78
22311800000000 22311900000290 	18200054776 53220579652 2146118 	18197908658 2146118 0 0 0 	63668177 2146118 0 	467.028 	3 	78
22337400000000 22337500000290 	18400055356 53806434163 2160054 	18397895302 2160054 0 0 0 	64082700 2160054 0 	466.741 	3 	78
22363000000000 22363100000290 	18600055936 54392256735 2173785 	18597882151 2173785 0 0 0 	64494776 2173785 0 	466.46 	3 	78
22388600000000 22388700000290 	18800056516 54978039620 2187258 	18797869258 2187258 0 0 0 	64894311 2187258 0 	466.186 	3 	78
22414200000000 22414300000290 	19000057096 55563932931 2200758 	18997856338 2200758 0 0 0 	65295272 2200758 0 	465.917 	3 	78
22439800000000 22439900000249 	19200057594 56149831805 2213907 	19197843687 2213907 0 0 0 	65692502 2213907 0 	465.62 	3 	78
22465400000000 22465500000249 	19400058092 56735739149 2226933 	19397831159 2226933 0 0 0 	66085222 2226933 0 	465.329 	3 	78
22491000000000 22491100000249 	19600058590 57321605909 2239873 	19597818717 2239873 0 0 0 	66469704 2239873 0 	465.045 	3 	78
22516600000000 22516700000249 	19800059088 57907477324 2252525 	19797806563 2252525 0 0 0 	66841595 2252525 0 	464.766 	3 	78
22542200000000 22542300000249 	20000059586 58493499179 2265351 	19997794235 2265351 0 0 0 	67218725 2265351 0 	464.493 	3 	78
22567800000000 22567900000249 	20200060084 59079443237 2278058 	20197782026 2278058 0 0 0 	67596276 2278058 0 	464.226 	3 	78
22593400000000 22593500000088 	20400060260 59665353777 2290396 	20397769864 2290396 0 0 0 	67964021 2290396 0 	463.932 	3 	78
22619000000000 22619100000088 	20600060436 60251373134 2302498 	20597757938 2302498 0 0 0 	68328256 2302498 0 	463.644 	3 	78
22644600000000 22644700000088 	20800060612 60837345743 2314636 	20797745976 2314636 0 0 0 	68686322 2314636 0 	463.361 	3 	78
22670200000000 22670300000088 	21000060788 61423414549 2326514 	20997734274 2326514 0 0 0 	69048441 2326514 0 	463.084 	3 	78
22695800000000 22695900000088 	21200060964 62009543768 2338352 	21197722612 2338352 0 0 0 	69398047 2338352 0 	462.813 	3 	78
22721400000000 22721500000088 	21400061140 62595712691 2350181 	21397710959 2350181 0 0 0 	69749104 2350181 0 	462.547 	3 	78
22747000000000 22747100000110 	21600061360 63181785453 2361833 	21597699527 2361833 0 0 0 	70095925 2361833 0 	462.266 	3 	78
22772600000000 22772700000110 	21800061580 63767982490 2373275 	21797688305 2373275 0 0 0 	70436077 2373275 0 	461.99 	3 	78
22798200000000 22798300000110 	22000061800 64354147803 2384625 	21997677175 2384625 0 0 0 	70772161 2384625 0 	461.719 	3 	78
22823800000000 22823900000110 	22200062020 64940317353 2395795 	22197666225 2395795 0 0 0 	71104492 2395795 0 	461.453 	3 	78
22849400000000 22849500000110 	22400062240 65526555318 2406758 	22397655482 2406758 0 0 0 	71433432 2406758 0 	461.193 	3 	78
22875000000000 22875100000110 	22600062460 66112791321 2417792 	22597644668 2417792 0 0 0 	71762750 2417792 0 	460.937 	3 	78
22900600000000 22900700000189 	22800062838 66699116950 2428685 	22797634153 2428685 0 0 0 	72083693 2428685 0 	460.657 	3 	78
22926200000000 22926300000189 	23000063216 67285439413 2439627 	22997623589 2439627 0 0 0 	72407710 2439627 0 	460.381 	3 	78
22951800000000 22951900000189 	23200063594 67871792453 2450325 	23197613269 2450325 0 0 0 	72730146 2450325 0 	460.111 	3 	78
22977400000000 22977500000189 	23400063972 68458170159 2460849 	23397603123 2460849 0 0 0 	73045227 2460849 0 	459.845 	3 	78
23003000000000 23003100000189 	23600064350 69044541543 2471458 	23597592892 2471458 0 0 0 	73362384 2471458 0 	459.585 	3 	78
23028600000000 23028700000189 	23800064728 69630901630 2481936 	23797582792 2481936 0 0 0 	73681184 2481936 0 	459.329 	3 	78
23054200000000 23054300000060 	24000064848 70217284364 2492106 	23997572742 2492106 0 0 0 	73981111 2492106 0 	459.049 	3 	78
23079800000000 23079900000060 	24200064968 70803674896 2502082 	24197562886 2502082 0 0 0 	74276074 2502082 0 	458.774 	3 	78
23105400000000 23105500000060 	24400065088 71390063190 2512196 	24397552892 2512196 0 0 0 	74580972 2512196 0 	458.503 	3 	78
23131000000000 23131100000060 	24600065208 71976448839 2522183 	24597543025 2522183 0 0 0 	74875680 2522183 0 	458.238 	3 	78
23156600000000 23156700000060 	24800065328 72562936760 2531982 	24797533346 2531982 0 0 0 	75168982 2531982 0 	457.977 	3 	78
23182200000000 23182300000060 	25000065448 73149424804 2541644 	24997523804 2541644 0 0 0 	75458046 2541644 0 	457.721 	3 	78
23207800000000 23207900000375 	25200066198 73735908052 2551205 	25197514993 2551205 0 0 0 	75746372 2551205 0 	457.441 	3 	78
23233400000000 23233500000375 	25400066948 74322468227 2560590 	25397506358 2560590 0 0 0 	76027305 2560590 0 	457.166 	3 	78
23259000000000 23259100000375 	25600067698 74909010806 2570031 	25597497667 2570031 0 0 0 	76307821 2570031 0 	456.896 	3 	78
23284600000000 23284700000375 	25800068448 75495526459 2579448 	25797489000 2579448 0 0 0 	76589102 2579448 0 	456.63 	3 	78
23310200000000 23310300000375 	26000069198 76082109127 2588645 	25997480553 2588645 0 0 0 	76861127 2588645 0 	456.369 	3 	78
23335800000000 23335900000074 	26200069346 76668689581 2597710 	26197471636 2597710 0 0 0 	77133439 2597710 0 	456.086 	3 	78
23361400000000 23361500000074 	26400069494 77255283874 2606638 	26397462856 2606638 0 0 0 	77404925 2606638 0 	455.807 	3 	78
23387000000000 23387100000074 	26600069642 77841885810 2615639 	26597454003 2615639 0 0 0 	77671507 2615639 0 	455.532 	3 	78
23412600000000 23412700000074 	26800069790 78428521761 2624313 	26797445477 2624313 0 0 0 	77932219 2624313 0 	455.262 	3 	78
23438200000000 23438300000074 	27000069938 79015231193 2633011 	26997436927 2633011 0 0 0 	78190272 2633011 0 	454.997 	3 	78
23463800000000 23463900000074 	27200070086 79601948258 2641632 	27197428454 2641632 0 0 0 	78448484 2641632 0 	454.735 	3 	78
23489400000000 23489500000320 	27400070726 80188602627 2650191 	27397420535 2650191 0 0 0 	78709360 2650191 0 	454.461 	3 	78
23515000000000 23515100000320 	27600071366 80775307893 2658367 	27597412999 2658367 0 0 0 	78953158 2658367 0 	454.191 	3 	78
23540600000000 23540700000320 	27800072006 81362032204 2666658 	27797405348 2666658 0 0 0 	79194192 2666658 0 	453.925 	3 	78
23566200000000 23566300000320 	28000072646 81948817273 2675054 	27997397592 2675054 0 0 0 	79443236 2675054 0 	453.663 	3 	78
23591800000000 23591900000320 	28200073286 82535576135 2683241 	28197390045 2683241 0 0 0 	79685359 2683241 0 	453.406 	3 	78
23617400000000 23617500000320 	28400073926 83122412446 2691264 	28397382662 2691264 0 0 0 	79924615 2691264 0 	453.152 	3 	78
23643000000000 23643100000353 	28600074632 83709251623 2699230 	28597375402 2699230 0 0 0 	80163712 2699230 0 	452.877 	3 	78
23668600000000 23668700000353 	28800075338 84296135047 2707272 	28797368066 2707272 0 0 0 	80401137 2707272 0 	452.607 	3 	78
23694200000000 23694300000353 	29000076044 84883036706 2715055 	28997360989 2715055 0 0 0 	80631003 2715055 0 	452.34 	3 	78
23719800000000 23719900000353 	29200076750 85469875188 2722619 	29197354131 2722619 0 0 0 	80852181 2722619 0 	452.078 	3 	78
23745400000000 23745500000353 	29400077456 86056717812 2730294 	29397347162 2730294 0 0 0 	81080507 2730294 0 	451.819 	3 	78
23771000000000 23771100000353 	29600078162 86643571744 2737836 	29597340326 2737836 0 0 0 	81300390 2737836 0 	451.565 	3 	78
23796600000000 23796700000044 	29800078250 87230526715 2745288 	29797332962 2745288 0 0 0 	81525559 2745288 0 	451.29 	3 	78
23822200000000 23822300000044 	30000078338 87817561042 2752577 	29997325761 2752577 0 0 0 	81740501 2752577 0 	451.019 	3 	78
23847800000000 23847900000044 	30200078426 88404615696 2759883 	30197318543 2759883 0 0 0 	81958741 2759883 0 	450.752 	3 	78
