20007900000000 20008000000476 	200000952 583854078 36793 	199964159 36793 0 0 0 	1084557 36793 0 	492 	3 	79
20033500000000 20033600000476 	400001904 1167773480 73550 	399928354 73550 0 0 0 	2164767 73550 0 	492 	3 	79
20059100000000 20059200000476 	600002856 1751665315 109501 	599893355 109501 0 0 0 	3234416 109501 0 	492 	3 	79
20084700000000 20084800000476 	800003808 2335640048 145113 	799858695 145113 0 0 0 	4292045 145113 0 	492 	3 	79
20110300000000 20110400000476 	1000004760 2919614224 180170 	999824590 180170 0 0 0 	5324242 180170 0 	492 	3 	79
20135900000000 20136000000476 	1200005712 3503597012 214799 	1199790913 214799 0 0 0 	6343882 214799 0 	492 	3 	79
20161500000000 20161600000011 	1400005734 4087581467 249323 	1399756411 249323 0 0 0 	7357661 249323 0 	491.569 	3 	79
20187100000000 20187200000011 	1600005756 4671550546 283737 	1599722019 283737 0 0 0 	8365378 283737 0 	491.247 	3 	79
20212700000000 20212800000011 	1800005778 5255661830 317412 	1799688366 317412 0 0 0 	9371398 317412 0 	490.996 	3 	79
20238300000000 20238400000011 	2000005800 5839728693 350756 	1999655044 350756 0 0 0 	10357344 350756 0 	490.796 	3 	79
20263900000000 20264000000011 	2200005822 6423781834 383675 	2199622147 383675 0 0 0 	11334864 383675 0 	490.632 	3 	79
20289500000000 20289600000011 	2400005844 7007893830 416238 	2399589606 416238 0 0 0 	12293179 416238 0 	490.495 	3 	79
20315100000000 20315200000210 	2600006264 7592047418 448457 	2599557807 448457 0 0 0 	13256135 448457 0 	490.068 	3 	79
20340700000000 20340800000210 	2800006684 8176169620 480273 	2799526411 480273 0 0 0 	14198643 480273 0 	489.703 	3 	79
20366300000000 20366400000210 	3000007104 8760327082 511943 	2999495161 511943 0 0 0 	15131605 511943 0 	489.386 	3 	79
20391900000000 20392000000210 	3200007524 9344527023 542946 	3199464578 542946 0 0 0 	16046663 542946 0 	489.11 	3 	79
20417500000000 20417600000210 	3400007944 9928774594 574066 	3399433878 574066 0 0 0 	16972981 574066 0 	488.866 	3 	79
20443100000000 20443200000210 	3600008364 10512986394 604757 	3599403607 604757 0 0 0 	17875622 604757 0 	488.65 	3 	79
20468700000000 20468800000381 	3800009126 11097234764 635152 	3799373974 635152 0 0 0 	18777429 635152 0 	488.241 	3 	79
20494300000000 20494400000381 	4000009888 11681488532 665480 	3999344408 665480 0 0 0 	19674264 665480 0 	487.874 	3 	79
20519900000000 20520000000381 	4200010650 12265825455 694981 	4199315669 694981 0 0 0 	20546335 694981 0 	487.542 	3 	79
20545500000000 20545600000381 	4400011412 12850157356 724131 	4399287281 724131 0 0 0 	21410582 724131 0 	487.241 	3 	79
20571100000000 20571200000381 	4600012174 13434507745 753076 	4599259098 753076 0 0 0 	22262855 753076 0 	486.966 	3 	79
20596700000000 20596800000381 	4800012936 14018857371 782064 	4799230872 782064 0 0 0 	23124630 782064 0 	486.715 	3 	79
20622300000000 20622400000468 	5000013872 14603254504 810735 	4999203137 810735 0 0 0 	23981153 810735 0 	486.36 	3 	79
20647900000000 20648000000468 	5200014808 15187728675 839074 	5199175734 839074 0 0 0 	24826201 839074 0 	486.033 	3 	79
20673500000000 20673600000468 	5400015744 15772174891 866810 	5399148934 866810 0 0 0 	25656215 866810 0 	485.731 	3 	79
20699100000000 20699200000468 	5600016680 16356617985 894184 	5599122496 894184 0 0 0 	26465060 894184 0 	485.45 	3 	79
20724700000000 20724800000468 	5800017616 16941067448 921504 	5799096112 921504 0 0 0 	27275739 921504 0 	485.19 	3 	79
20750300000000 20750400000468 	6000018552 17525557935 948468 	5999070084 948468 0 0 0 	28074035 948468 0 	484.946 	3 	79
20775900000000 20776000000254 	6200019060 18110059808 975313 	6199043747 975313 0 0 0 	28868569 975313 0 	484.585 	3 	79
20801500000000 20801600000254 	6400019568 18694648735 1001547 	6399018021 1001547 0 0 0 	29649623 1001547 0 	484.247 	3 	79
20827100000000 20827200000254 	6600020076 19279204558 1027574 	6598992502 1027574 0 0 0 	30422909 1027574 0 	483.93 	3 	79
20852700000000 20852800000254 	6800020584 19863746497 1053406 	6798967178 1053406 0 0 0 	31189569 1053406 0 	483.632 	3 	79
20878300000000 20878400000254 	7000021092 20448367638 1079106 	6998941986 1079106 0 0 0 	31951021 1079106 0 	483.352 	3 	79
20903900000000 20904000000254 	7200021600 21032979370 1104320 	7198917280 1104320 0 0 0 	32696654 1104320 0 	483.087 	3 	79
20929500000000 20929600000365 	7400022330 21617589284 1129226 	7398893104 1129226 0 0 0 	33437355 1129226 0 	482.752 	3 	79
20955100000000 20955200000365 	7600023060 22202306179 1153899 	7598869161 1153899 0 0 0 	34172045 1153899 0 	482.435 	3 	79
20980700000000 20980800000365 	7800023790 22787068007 1178510 	7798845280 1178510 0 0 0 	34906639 1178510 0 	482.135 	3 	79
21006300000000 21006400000365 	8000024520 23371789039 1202750 	7998821770 1202750 0 0 0 	35625230 1202750 0 	481.85 	3 	79
21031900000000 21032000000365 	8200025250 23956544819 1226847 	8198798403 1226847 0 0 0 	36341198 1226847 0 	481.58 	3 	79
21057500000000 21057600000365 	8400025980 24541336130 1250459 	8398775521 1250459 0 0 0 	37045262 1250459 0 	481.322 	3 	79
21083100000000 21083200000368 	8600026716 25126158556 1273949 	8598752767 1273949 0 0 0 	37736051 1273949 0 	481.004 	3 	79
21108700000000 21108800000368 	8800027452 25710970282 1297166 	8798730286 1297166 0 0 0 	38426502 1297166 0 	480.7 	3 	79
21134300000000 21134400000368 	9000028188 26295777105 1320309 	8998707879 1320309 0 0 0 	39109023 1320309 0 	480.411 	3 	79
21159900000000 21160000000368 	9200028924 26880680272 1342781 	9198686143 1342781 0 0 0 	39773059 1342781 0 	480.134 	3 	79
21185500000000 21185600000368 	9400029660 27465521747 1365359 	9398664301 1365359 0 0 0 	40445713 1365359 0 	479.869 	3 	79
21211100000000 21211200000368 	9600030396 28050408669 1387593 	9598642803 1387593 0 0 0 	41112202 1387593 0 	479.616 	3 	79
21236700000000 21236800000352 	9800031100 28635296702 1409477 	9798621623 1409477 0 0 0 	41762186 1409477 0 	479.287 	3 	79
21262300000000 21262400000352 	10000031804 29220213491 1431275 	9998600529 1431275 0 0 0 	42407493 1431275 0 	478.971 	3 	79
21287900000000 21288000000352 	10200032508 29805152589 1452397 	10198580111 1452397 0 0 0 	43035261 1452397 0 	478.668 	3 	79
21313500000000 21313600000352 	10400033212 30390101084 1473694 	10398559518 1473694 0 0 0 	43665916 1473694 0 	478.377 	3 	79
21339100000000 21339200000352 	10600033916 30975135805 1494629 	10598539287 1494629 0 0 0 	44293764 1494629 0 	478.098 	3 	79
21364700000000 21364800000352 	10800034620 31560148953 1515317 	10798519303 1515317 0 0 0 	44899359 1515317 0 	477.829 	3 	79
21390300000000 21390400000120 	11000034860 32145173106 1535710 	10998499150 1535710 0 0 0 	45499289 1535710 0 	477.512 	3 	79
21415900000000 21416000000120 	11200035100 32730177461 1556247 	11198478853 1556247 0 0 0 	46108931 1556247 0 	477.207 	3 	79
21441500000000 21441600000120 	11400035340 33315222975 1576325 	11398459015 1576325 0 0 0 	46700859 1576325 0 	476.913 	3 	79
21467100000000 21467200000120 	11600035580 33900302937 1596185 	11598439395 1596185 0 0 0 	47290377 1596185 0 	476.629 	3 	79
21492700000000 21492800000120 	11800035820 34485481240 1615804 	11798420016 1615804 0 0 0 	47871935 1615804 0 	476.355 	3 	79
21518300000000 21518400000178 	12000036176 35070625450 1635367 	11998400809 1635367 0 0 0 	48453955 1635367 0 	476.037 	3 	79
21543900000000 21544000000178 	12200036532 35655783410 1654660 	12198381872 1654660 0 0 0 	49031748 1654660 0 	475.73 	3 	79
21569500000000 21569600000178 	12400036888 36240981647 1673600 	12398363288 1673600 0 0 0 	49597155 1673600 0 	475.433 	3 	79
21595100000000 21595200000178 	12600037244 36826167870 1692416 	12598344828 1692416 0 0 0 	50148828 1692416 0 	475.146 	3 	79
21620700000000 21620800000178 	12800037600 37411361025 1711231 	12798326369 1711231 0 0 0 	50711258 1711231 0 	474.868 	3 	79
21646300000000 21646400000178 	13000037956 37996626058 1729747 	12998308209 1729747 0 0 0 	51270767 1729747 0 	474.6 	3 	79
21671900000000 21672000000355 	13200038666 38581862461 1748140 	13198290526 1748140 0 0 0 	51821410 1748140 0 	474.29 	3 	79
21697500000000 21697600000355 	13400039376 39167137665 1766316 	13398273060 1766316 0 0 0 	52362135 1766316 0 	473.99 	3 	79
21723100000000 21723200000355 	13600040086 39752430548 1784225 	13598255861 1784225 0 0 0 	52892154 1784225 0 	473.699 	3 	79
21748700000000 21748800000355 	13800040796 40337697978 1802010 	13798238786 1802010 0 0 0 	53422939 1802010 0 	473.417 	3 	79
21774300000000 21774400000355 	14000041506 40923025076 1819521 	13998221985 1819521 0 0 0 	53944271 1819521 0 	473.144 	3 	79
21799900000000 21800000000355 	14200042216 41508331778 1836782 	14198205434 1836782 0 0 0 	54458049 1836782 0 	472.878 	3 	79
21825500000000 21825600000230 	14400042676 42093739375 1853970 	14398188706 1853970 0 0 0 	54968946 1853970 0 	472.56 	3 	79
21851100000000 21851200000230 	14600043136 42679141074 1870901 	14598172235 1870901 0 0 0 	55465350 1870901 0 	472.251 	3 	79
21876700000000 21876800000230 	14800043596 43264604334 1887888 	14798155708 1887888 0 0 0 	55972016 1887888 0 	471.95 	3 	79
21902300000000 21902400000230 	15000044056 43850086371 1904361 	14998139695 1904361 0 0 0 	56463691 1904361 0 	471.658 	3 	79
21927900000000 21928000000230 	15200044516 44435563592 1920774 	15198123742 1920774 0 0 0 	56954408 1920774 0 	471.374 	3 	79
21953500000000 21953600000230 	15400044976 45021043816 1936996 	15398107980 1936996 0 0 0 	57443206 1936996 0 	471.097 	3 	79
21979100000000 21979200000320 	15600045616 45606571008 1953148 	15598092468 1953148 0 0 0 	57915393 1953148 0 	470.786 	3 	79
22004700000000 22004800000320 	15800046256 46192121214 1968808 	15798077448 1968808 0 0 0 	58381092 1968808 0 	470.483 	3 	79
22030300000000 22030400000320 	16000046896 46777721217 1984271 	15998062625 1984271 0 0 0 	58839023 1984271 0 	470.188 	3 	79
22055900000000 22056000000320 	16200047536 47363312332 1999759 	16198047777 1999759 0 0 0 	59297628 1999759 0 	469.901 	3 	79
22081500000000 22081600000320 	16400048176 47948934379 2014992 	16398033184 2014992 0 0 0 	59750880 2014992 0 	469.621 	3 	79
22107100000000 22107200000320 	16600048816 48534568142 2030376 	16598018440 2030376 0 0 0 	60210201 2030376 0 	469.348 	3 	79
22132700000000 22132800000400 	16800049616 49120208060 2045304 	16798004312 2045304 0 0 0 	60651885 2045304 0 	469.043 	3 	79
22158300000000 22158400000400 	17000050416 49705872018 2060308 	16997990108 2060308 0 0 0 	61097590 2060308 0 	468.745 	3 	79
22183900000000 22184000000400 	17200051216 50291561919 2074908 	17197976308 2074908 0 0 0 	61533114 2074908 0 	468.454 	3 	79
22209500000000 22209600000400 	17400052016 50877246338 2089636 	17397962380 2089636 0 0 0 	61968397 2089636 0 	468.17 	3 	79
22235100000000 22235200000400 	17600052816 51462991209 2104115 	17597948701 2104115 0 0 0 	62400354 2104115 0 	467.894 	3 	79
22260700000000 22260800000400 	17800053616 52048732172 2118268 	17797935348 2118268 0 0 0 	62819647 2118268 0 	467.623 	3 	79
22286300000000 22286400000290 	18000054196 52634552033 2132435 	17997921761 2132435 0 0 0 	63241888 2132435 0 	467.322 	3 	79
22311900000000 22312000000290 	18200054776 53220327730 2146439 	18197908337 2146439 0 0 0 	63654640 2146439 0 	467.028 	3 	79
22337500000000 22337600000290 	18400055356 53806203790 2160342 	18397895014 2160342 0 0 0 	64066411 2160342 0 	466.741 	3 	79
22363100000000 22363200000290 	18600055936 54391956946 2174117 	18597881819 2174117 0 0 0 	64479080 2174117 0 	466.46 	3 	79
22388700000000 22388800000290 	18800056516 54977787984 2187579 	18797868937 2187579 0 0 0 	64876733 2187579 0 	466.186 	3 	79
22414300000000 22414400000290 	19000057096 55563619343 2200839 	18997856257 2200839 0 0 0 	65267303 2200839 0 	465.917 	3 	79
22439900000000 22440000000249 	19200057594 56149484051 2213919 	19197843675 2213919 0 0 0 	65655942 2213919 0 	465.62 	3 	79
22465500000000 22465600000249 	19400058092 56735452912 2227033 	19397831059 2227033 0 0 0 	66040343 2227033 0 	465.329 	3 	79
22491100000000 22491200000249 	19600058590 57321367505 2239829 	19597818761 2239829 0 0 0 	66424447 2239829 0 	465.045 	3 	79
22516700000000 22516800000249 	19800059088 57907370692 2252821 	19797806267 2252821 0 0 0 	66819812 2252821 0 	464.766 	3 	79
22542300000000 22542400000249 	20000059586 58493380234 2265321 	19997794265 2265321 0 0 0 	67193239 2265321 0 	464.493 	3 	79
22567900000000 22568000000249 	20200060084 59079340826 2277984 	20197782100 2277984 0 0 0 	67565664 2277984 0 	464.226 	3 	79
22593500000000 22593600000088 	20400060260 59665386824 2290223 	20397770037 2290223 0 0 0 	67927015 2290223 0 	463.932 	3 	79
22619100000000 22619200000088 	20600060436 60251390199 2302451 	20597757985 2302451 0 0 0 	68290145 2302451 0 	463.644 	3 	79
22644700000000 22644800000088 	20800060612 60837378681 2314433 	20797746179 2314433 0 0 0 	68643626 2314433 0 	463.361 	3 	79
22670300000000 22670400000088 	21000060788 61423456330 2326258 	20997734530 2326258 0 0 0 	68999013 2326258 0 	463.084 	3 	79
22695900000000 22696000000088 	21200060964 62009534433 2338262 	21197722702 2338262 0 0 0 	69354559 2338262 0 	462.813 	3 	79
22721500000000 22721600000088 	21400061140 62595655816 2349985 	21397711155 2349985 0 0 0 	69703980 2349985 0 	462.547 	3 	79
22747100000000 22747200000110 	21600061360 63181734790 2361579 	21597699781 2361579 0 0 0 	70045752 2361579 0 	462.266 	3 	79
22772700000000 22772800000110 	21800061580 63767911925 2373191 	21797688389 2373191 0 0 0 	70391842 2373191 0 	461.99 	3 	79
22798300000000 22798400000110 	22000061800 64354057728 2384677 	21997677123 2384677 0 0 0 	70728380 2384677 0 	461.719 	3 	79
22823900000000 22824000000110 	22200062020 64940286144 2396221 	22197665799 2396221 0 0 0 	71067937 2396221 0 	461.453 	3 	79
22849500000000 22849600000110 	22400062240 65526449560 2407365 	22397654875 2407365 0 0 0 	71401321 2407365 0 	461.193 	3 	79
22875100000000 22875200000110 	22600062460 66112665086 2418379 	22597644081 2418379 0 0 0 	71730665 2418379 0 	460.937 	3 	79
22900700000000 22900800000189 	22800062838 66698942251 2429096 	22797633742 2429096 0 0 0 	72054549 2429096 0 	460.657 	3 	79
22926300000000 22926400000189 	23000063216 67285226093 2439794 	22997623422 2439794 0 0 0 	72371599 2439794 0 	460.381 	3 	79
22951900000000 22952000000189 	23200063594 67871546875 2450555 	23197613039 2450555 0 0 0 	72693432 2450555 0 	460.111 	3 	79
22977500000000 22977600000189 	23400063972 68457904111 2461063 	23397602909 2461063 0 0 0 	73007638 2461063 0 	459.845 	3 	79
23003100000000 23003200000189 	23600064350 69044259287 2471519 	23597592831 2471519 0 0 0 	73316835 2471519 0 	459.585 	3 	79
23028700000000 23028800000189 	23800064728 69630625871 2481827 	23797582901 2481827 0 0 0 	73621281 2481827 0 	459.329 	3 	79
23054300000000 23054400000060 	24000064848 70216990546 2492053 	23997572795 2492053 0 0 0 	73925054 2492053 0 	459.049 	3 	79
23079900000000 23080000000060 	24200064968 70803384247 2502132 	24197562836 2502132 0 0 0 	74223626 2502132 0 	458.774 	3 	79
23105500000000 23105600000060 	24400065088 71389755167 2512262 	24397552826 2512262 0 0 0 	74526027 2512262 0 	458.503 	3 	79
23131100000000 23131200000060 	24600065208 71976184053 2522199 	24597543009 2522199 0 0 0 	74818369 2522199 0 	458.238 	3 	79
23156700000000 23156800000060 	24800065328 72562606343 2532036 	24797533292 2532036 0 0 0 	75106564 2532036 0 	457.977 	3 	79
23182300000000 23182400000060 	25000065448 73149024928 2541589 	24997523859 2541589 0 0 0 	75393936 2541589 0 	457.721 	3 	79
23207900000000 23208000000375 	25200066198 73735505748 2550977 	25197515221 2550977 0 0 0 	75675624 2550977 0 	457.441 	3 	79
23233500000000 23233600000375 	25400066948 74322095311 2560513 	25397506435 2560513 0 0 0 	75958052 2560513 0 	457.166 	3 	79
23259100000000 23259200000375 	25600067698 74908607549 2569844 	25597497854 2569844 0 0 0 	76234973 2569844 0 	456.896 	3 	79
23284700000000 23284800000375 	25800068448 75495175844 2579147 	25797489301 2579147 0 0 0 	76507784 2579147 0 	456.63 	3 	79
23310300000000 23310400000375 	26000069198 76081748449 2588391 	25997480807 2588391 0 0 0 	76782218 2588391 0 	456.369 	3 	79
23335900000000 23336000000074 	26200069346 76668364746 2597317 	26197472029 2597317 0 0 0 	77048667 2597317 0 	456.086 	3 	79
23361500000000 23361600000074 	26400069494 77254914337 2606273 	26397463221 2606273 0 0 0 	77320867 2606273 0 	455.807 	3 	79
23387100000000 23387200000074 	26600069642 77841557869 2615178 	26597454464 2615178 0 0 0 	77590289 2615178 0 	455.532 	3 	79
23412700000000 23412800000074 	26800069790 78428242760 2623795 	26797445995 2623795 0 0 0 	77849465 2623795 0 	455.262 	3 	79
23438300000000 23438400000074 	27000069938 79014954835 2632632 	26997437306 2632632 0 0 0 	78118297 2632632 0 	454.997 	3 	79
23463900000000 23464000000074 	27200070086 79601683785 2641142 	27197428944 2641142 0 0 0 	78369644 2641142 0 	454.735 	3 	79
23489500000000 23489600000320 	27400070726 80188372356 2649468 	27397421258 2649468 0 0 0 	78614937 2649468 0 	454.461 	3 	79
23515100000000 23515200000320 	27600071366 80775063577 2657749 	27597413617 2657749 0 0 0 	78864339 2657749 0 	454.191 	3 	79
23540700000000 23540800000320 	27800072006 81361867900 2666095 	27797405911 2666095 0 0 0 	79115872 2666095 0 	453.925 	3 	79
23566300000000 23566400000320 	28000072646 81948735050 2674302 	27997398344 2674302 0 0 0 	79361940 2674302 0 	453.663 	3 	79
23591900000000 23592000000320 	28200073286 82535536396 2682406 	28197390880 2682406 0 0 0 	79601690 2682406 0 	453.406 	3 	79
23617500000000 23617600000320 	28400073926 83122366861 2690626 	28397383300 2690626 0 0 0 	79844202 2690626 0 	453.152 	3 	79
23643100000000 23643200000353 	28600074632 83709169248 2698562 	28597376070 2698562 0 0 0 	80078646 2698562 0 	452.877 	3 	79
23668700000000 23668800000353 	28800075338 84296024417 2706567 	28797368771 2706567 0 0 0 	80314509 2706567 0 	452.607 	3 	79
23694300000000 23694400000353 	29000076044 84882882007 2714257 	28997361787 2714257 0 0 0 	80545582 2714257 0 	452.34 	3 	79
23719900000000 23720000000353 	29200076750 85469787851 2721928 	29197354822 2721928 0 0 0 	80779144 2721928 0 	452.078 	3 	79
23745500000000 23745600000353 	29400077456 86056726557 2729650 	29397347806 2729650 0 0 0 	81009980 2729650 0 	451.819 	3 	79
23771100000000 23771200000353 	29600078162 86643715580 2737074 	29597341088 2737074 0 0 0 	81230918 2737074 0 	451.565 	3 	79
23796700000000 23796800000044 	29800078250 87230629220 2744436 	29797333814 2744436 0 0 0 	81449294 2744436 0 	451.29 	3 	79
23822300000000 23822400000044 	30000078338 87817568955 2751826 	29997326512 2751826 0 0 0 	81667029 2751826 0 	451.019 	3 	79
23847900000000 23848000000044 	30200078426 88404584719 2759283 	30197319143 2759283 0 0 0 	81885047 2759283 0 	450.752 	3 	79
