20008500000000 20008600000476 	200000952 583936709 36817 	199964135 36817 0 0 0 	1088664 36817 0 	492 	3 	85
20034100000000 20034200000476 	400001904 1167843976 73227 	399928677 73227 0 0 0 	2170410 73227 0 	492 	3 	85
20059700000000 20059800000476 	600002856 1751789435 109169 	599893687 109169 0 0 0 	3238431 109169 0 	492 	3 	85
20085300000000 20085400000476 	800003808 2335750904 144818 	799858990 144818 0 0 0 	4298153 144818 0 	492 	3 	85
20110900000000 20111000000476 	1000004760 2919723574 179954 	999824806 179954 0 0 0 	5337835 179954 0 	492 	3 	85
20136500000000 20136600000476 	1200005712 3503732648 214962 	1199790750 214962 0 0 0 	6381823 214962 0 	492 	3 	85
20162100000000 20162200000011 	1400005734 4087779880 249518 	1399756216 249518 0 0 0 	7403053 249518 0 	491.569 	3 	85
20187700000000 20187800000011 	1600005756 4671863790 283904 	1599721852 283904 0 0 0 	8421512 283904 0 	491.247 	3 	85
20213300000000 20213400000011 	1800005778 5255919817 317639 	1799688139 317639 0 0 0 	9419098 317639 0 	490.996 	3 	85
20238900000000 20239000000011 	2000005800 5839949023 350857 	1999654943 350857 0 0 0 	10407921 350857 0 	490.796 	3 	85
20264500000000 20264600000011 	2200005822 6424066662 383916 	2199621906 383916 0 0 0 	11391088 383916 0 	490.632 	3 	85
20290100000000 20290200000011 	2400005844 7008135279 416490 	2399589354 416490 0 0 0 	12363022 416490 0 	490.495 	3 	85
20315700000000 20315800000210 	2600006264 7592305245 449014 	2599557250 449014 0 0 0 	13318243 449014 0 	490.068 	3 	85
20341300000000 20341400000210 	2800006684 8176510391 480931 	2799525753 480931 0 0 0 	14263589 480931 0 	489.703 	3 	85
20366900000000 20367000000210 	3000007104 8760687411 512777 	2999494327 512777 0 0 0 	15209254 512777 0 	489.386 	3 	85
20392500000000 20392600000210 	3200007524 9344896564 543989 	3199463535 543989 0 0 0 	16122654 543989 0 	489.11 	3 	85
20418100000000 20418200000210 	3400007944 9929138291 574927 	3399433017 574927 0 0 0 	17036895 574927 0 	488.866 	3 	85
20443700000000 20443800000210 	3600008364 10513425487 605443 	3599402921 605443 0 0 0 	17937923 605443 0 	488.65 	3 	85
20469300000000 20469400000381 	3800009126 11097721407 635908 	3799373218 635908 0 0 0 	18832006 635908 0 	488.241 	3 	85
20494900000000 20495000000381 	4000009888 11682041243 666035 	3999343853 666035 0 0 0 	19727033 666035 0 	487.874 	3 	85
20520500000000 20520600000381 	4200010650 12266377983 695928 	4199314722 695928 0 0 0 	20617370 695928 0 	487.542 	3 	85
20546100000000 20546200000381 	4400011412 12850676146 725562 	4399285850 725562 0 0 0 	21500310 725562 0 	487.241 	3 	85
20571700000000 20571800000381 	4600012174 13435058838 754907 	4599257267 754907 0 0 0 	22373450 754907 0 	486.966 	3 	85
20597300000000 20597400000381 	4800012936 14019474830 783760 	4799229176 783760 0 0 0 	23223996 783760 0 	486.715 	3 	85
20622900000000 20623000000468 	5000013872 14603847851 812209 	4999201663 812209 0 0 0 	24069059 812209 0 	486.36 	3 	85
20648500000000 20648600000468 	5200014808 15188235277 840412 	5199174396 840412 0 0 0 	24903087 840412 0 	486.033 	3 	85
20674100000000 20674200000468 	5400015744 15772649744 868347 	5399147397 868347 0 0 0 	25735572 868347 0 	485.731 	3 	85
20699700000000 20699800000468 	5600016680 16357086690 895688 	5599120992 895688 0 0 0 	26541363 895688 0 	485.45 	3 	85
20725300000000 20725400000468 	5800017616 16941590111 922942 	5799094674 922942 0 0 0 	27348897 922942 0 	485.19 	3 	85
20750900000000 20751000000468 	6000018552 17526134330 949941 	5999068611 949941 0 0 0 	28146424 949941 0 	484.946 	3 	85
20776500000000 20776600000254 	6200019060 18110658095 976918 	6199042142 976918 0 0 0 	28954594 976918 0 	484.585 	3 	85
20802100000000 20802200000254 	6400019568 18695181201 1003412 	6399016156 1003412 0 0 0 	29731407 1003412 0 	484.247 	3 	85
20827700000000 20827800000254 	6600020076 19279795603 1029665 	6598990411 1029665 0 0 0 	30511930 1029665 0 	483.93 	3 	85
20853300000000 20853400000254 	6800020584 19864358785 1055619 	6798964965 1055619 0 0 0 	31287227 1055619 0 	483.632 	3 	85
20878900000000 20879000000254 	7000021092 20448941293 1081276 	6998939816 1081276 0 0 0 	32037766 1081276 0 	483.352 	3 	85
20904500000000 20904600000254 	7200021600 21033577975 1106416 	7198915184 1106416 0 0 0 	32783014 1106416 0 	483.087 	3 	85
20930100000000 20930200000365 	7400022330 21618224661 1131335 	7398890995 1131335 0 0 0 	33527187 1131335 0 	482.752 	3 	85
20955700000000 20955800000365 	7600023060 22202877908 1155966 	7598867094 1155966 0 0 0 	34250216 1155966 0 	482.435 	3 	85
20981300000000 20981400000365 	7800023790 22787504885 1180137 	7798843653 1180137 0 0 0 	34964769 1180137 0 	482.135 	3 	85
21006900000000 21007000000365 	8000024520 23372208713 1204387 	7998820133 1204387 0 0 0 	35682169 1204387 0 	481.85 	3 	85
21032500000000 21032600000365 	8200025250 23956951905 1228010 	8198797240 1228010 0 0 0 	36390255 1228010 0 	481.58 	3 	85
21058100000000 21058200000365 	8400025980 24541798894 1251457 	8398774523 1251457 0 0 0 	37089763 1251457 0 	481.322 	3 	85
21083700000000 21083800000368 	8600026716 25126583305 1274761 	8598751955 1274761 0 0 0 	37784904 1274761 0 	481.004 	3 	85
21109300000000 21109400000368 	8800027452 25711381188 1298100 	8798729352 1298100 0 0 0 	38478191 1298100 0 	480.7 	3 	85
21134900000000 21135000000368 	9000028188 26296175841 1320707 	8998707481 1320707 0 0 0 	39143626 1320707 0 	480.411 	3 	85
21160500000000 21160600000368 	9200028924 26881021187 1343399 	9198685525 1343399 0 0 0 	39816116 1343399 0 	480.134 	3 	85
21186100000000 21186200000368 	9400029660 27465902950 1365738 	9398663922 1365738 0 0 0 	40468871 1365738 0 	479.869 	3 	85
21211700000000 21211800000368 	9600030396 28050757865 1387777 	9598642619 1387777 0 0 0 	41125934 1387777 0 	479.616 	3 	85
21237300000000 21237400000352 	9800031100 28635620984 1409602 	9798621498 1409602 0 0 0 	41774889 1409602 0 	479.287 	3 	85
21262900000000 21263000000352 	10000031804 29220564675 1431040 	9998600764 1431040 0 0 0 	42418002 1431040 0 	478.971 	3 	85
21288500000000 21288600000352 	10200032508 29805519612 1452678 	10198579830 1452678 0 0 0 	43059525 1452678 0 	478.668 	3 	85
21314100000000 21314200000352 	10400033212 30390388003 1473802 	10398559410 1473802 0 0 0 	43685255 1473802 0 	478.377 	3 	85
21339700000000 21339800000352 	10600033916 30975390229 1494767 	10598539149 1494767 0 0 0 	44305140 1494767 0 	478.098 	3 	85
21365300000000 21365400000120 	10800034156 31560384380 1515770 	10798518386 1515770 0 0 0 	44930421 1515770 0 	477.77 	3 	85
21390900000000 21391000000120 	11000034396 32145369037 1536385 	10998498011 1536385 0 0 0 	45540172 1536385 0 	477.454 	3 	85
21416500000000 21416600000120 	11200034636 32730370577 1556896 	11198477740 1556896 0 0 0 	46135824 1556896 0 	477.15 	3 	85
21442100000000 21442200000120 	11400034876 33315400758 1576919 	11398457957 1576919 0 0 0 	46724918 1576919 0 	476.857 	3 	85
21467700000000 21467800000120 	11600035116 33900476471 1596937 	11598438179 1596937 0 0 0 	47314400 1596937 0 	476.574 	3 	85
21493300000000 21493400000120 	11800035356 34485537259 1616488 	11798418868 1616488 0 0 0 	47895180 1616488 0 	476.301 	3 	85
21518900000000 21519000000178 	12000035712 35070635713 1635858 	11998399854 1635858 0 0 0 	48467284 1635858 0 	475.984 	3 	85
21544500000000 21544600000178 	12200036068 35655758839 1655021 	12198381047 1655021 0 0 0 	49041153 1655021 0 	475.678 	3 	85
21570100000000 21570200000178 	12400036424 36241005690 1674098 	12398362326 1674098 0 0 0 	49601889 1674098 0 	475.382 	3 	85
21595700000000 21595800000178 	12600036780 36826170496 1692993 	12598343787 1692993 0 0 0 	50156422 1692993 0 	475.096 	3 	85
21621300000000 21621400000178 	12800037136 37411385202 1711921 	12798325215 1711921 0 0 0 	50724047 1711921 0 	474.819 	3 	85
21646900000000 21647000000178 	13000037492 37996614254 1730404 	12998307088 1730404 0 0 0 	51271446 1730404 0 	474.551 	3 	85
21672500000000 21672600000355 	13200038202 38581805168 1748460 	13198289742 1748460 0 0 0 	51801820 1748460 0 	474.242 	3 	85
21698100000000 21698200000355 	13400038912 39167091778 1766625 	13398272287 1766625 0 0 0 	52344001 1766625 0 	473.943 	3 	85
21723700000000 21723800000355 	13600039622 39752350167 1784375 	13598255247 1784375 0 0 0 	52872748 1784375 0 	473.653 	3 	85
21749300000000 21749400000355 	13800040332 40337686496 1802180 	13798238152 1802180 0 0 0 	53401294 1802180 0 	473.372 	3 	85
21774900000000 21775000000355 	14000041042 40923018007 1819780 	13998221262 1819780 0 0 0 	53926174 1819780 0 	473.099 	3 	85
21800500000000 21800600000355 	14200041752 41508368464 1837088 	14198204664 1837088 0 0 0 	54440711 1837088 0 	472.834 	3 	85
21826100000000 21826200000230 	14400042212 42093779508 1854171 	14398188041 1854171 0 0 0 	54945879 1854171 0 	472.516 	3 	85
21851700000000 21851800000230 	14600042672 42679195772 1871105 	14598171567 1871105 0 0 0 	55445180 1871105 0 	472.208 	3 	85
21877300000000 21877400000230 	14800043132 43264721398 1887776 	14798155356 1887776 0 0 0 	55947770 1887776 0 	471.908 	3 	85
21902900000000 21903000000230 	15000043592 43850115623 1904200 	14998139392 1904200 0 0 0 	56434783 1904200 0 	471.616 	3 	85
21928500000000 21928600000230 	15200044052 44435624981 1920846 	15198123206 1920846 0 0 0 	56926058 1920846 0 	471.333 	3 	85
21954100000000 21954200000230 	15400044512 45021060545 1937088 	15398107424 1937088 0 0 0 	57404122 1937088 0 	471.057 	3 	85
21979700000000 21979800000320 	15600045152 45606558256 1952809 	15598092343 1952809 0 0 0 	57871756 1952809 0 	470.746 	3 	85
22005300000000 22005400000320 	15800045792 46192087936 1968794 	15798076998 1968794 0 0 0 	58344699 1968794 0 	470.444 	3 	85
22030900000000 22031000000320 	16000046432 46777667892 1984571 	15998061861 1984571 0 0 0 	58815109 1984571 0 	470.15 	3 	85
22056500000000 22056600000320 	16200047072 47363199571 2000085 	16198046987 2000085 0 0 0 	59275594 2000085 0 	469.863 	3 	85
22082100000000 22082200000320 	16400047712 47948765809 2015291 	16398032421 2015291 0 0 0 	59726988 2015291 0 	469.583 	3 	85
22107700000000 22107800000320 	16600048352 48534353272 2030479 	16598017873 2030479 0 0 0 	60178689 2030479 0 	469.311 	3 	85
22133300000000 22133400000400 	16800049152 49119933704 2045418 	16798003734 2045418 0 0 0 	60623575 2045418 0 	469.006 	3 	85
22158900000000 22159000000400 	17000049952 49705569766 2060372 	16997989580 2060372 0 0 0 	61061802 2060372 0 	468.708 	3 	85
22184500000000 22184600000400 	17200050752 50291207254 2075095 	17197975657 2075095 0 0 0 	61495716 2075095 0 	468.418 	3 	85
22210100000000 22210200000400 	17400051552 50876902861 2089736 	17397961816 2089736 0 0 0 	61932131 2089736 0 	468.135 	3 	85
22235700000000 22235800000400 	17600052352 51462588555 2104169 	17597948183 2104169 0 0 0 	62359242 2104169 0 	467.859 	3 	85
22261300000000 22261400000400 	17800053152 52048334497 2118427 	17797934725 2118427 0 0 0 	62779348 2118427 0 	467.589 	3 	85
22286900000000 22287000000290 	18000053732 52634069941 2132249 	17997921483 2132249 0 0 0 	63190617 2132249 0 	467.288 	3 	85
22312500000000 22312600000290 	18200054312 53219824823 2146143 	18197908169 2146143 0 0 0 	63606498 2146143 0 	466.995 	3 	85
22338100000000 22338200000290 	18400054892 53805565542 2160058 	18397894834 2160058 0 0 0 	64018276 2160058 0 	466.708 	3 	85
22363700000000 22363800000290 	18600055472 54391402146 2173645 	18597881827 2173645 0 0 0 	64423265 2173645 0 	466.427 	3 	85
22389300000000 22389400000290 	18800056052 54977227016 2187197 	18797868855 2187197 0 0 0 	64824106 2187197 0 	466.153 	3 	85
22414900000000 22415000000290 	19000056632 55563136719 2200427 	18997856205 2200427 0 0 0 	65219896 2200427 0 	465.885 	3 	85
22440500000000 22440600000249 	19200057130 56149016833 2213493 	19197843637 2213493 0 0 0 	65606875 2213493 0 	465.588 	3 	85
22466100000000 22466200000249 	19400057628 56734971033 2226505 	19397831123 2226505 0 0 0 	65991714 2226505 0 	465.298 	3 	85
22491700000000 22491800000249 	19600058126 57320906713 2239328 	19597818798 2239328 0 0 0 	66376298 2239328 0 	465.014 	3 	85
22517300000000 22517400000249 	19800058624 57906806387 2252064 	19797806560 2252064 0 0 0 	66753584 2252064 0 	464.735 	3 	85
22542900000000 22543000000249 	20000059122 58492791068 2264809 	19997794313 2264809 0 0 0 	67138603 2264809 0 	464.463 	3 	85
22568500000000 22568600000249 	20200059620 59078808587 2277431 	20197782189 2277431 0 0 0 	67513786 2277431 0 	464.197 	3 	85
22594100000000 22594200000088 	20400059796 59664817655 2289639 	20397770157 2289639 0 0 0 	67876089 2289639 0 	463.902 	3 	85
22619700000000 22619800000088 	20600059972 60250820647 2301768 	20597758204 2301768 0 0 0 	68233366 2301768 0 	463.614 	3 	85
22645300000000 22645400000088 	20800060148 60836884344 2314001 	20797746147 2314001 0 0 0 	68597287 2314001 0 	463.332 	3 	85
22670900000000 22671000000088 	21000060324 61422965618 2325915 	20997734409 2325915 0 0 0 	68945683 2325915 0 	463.056 	3 	85
22696500000000 22696600000088 	21200060500 62009106047 2337847 	21197722653 2337847 0 0 0 	69302922 2337847 0 	462.785 	3 	85
22722100000000 22722200000088 	21400060676 62595187258 2349457 	21397711219 2349457 0 0 0 	69646444 2349457 0 	462.519 	3 	85
22747700000000 22747800000110 	21600060896 63181320371 2361123 	21597699773 2361123 0 0 0 	69999864 2361123 0 	462.238 	3 	85
22773300000000 22773400000110 	21800061116 63767471641 2372610 	21797688506 2372610 0 0 0 	70343616 2372610 0 	461.962 	3 	85
22798900000000 22799000000110 	22000061336 64353673818 2384077 	21997677259 2384077 0 0 0 	70685234 2384077 0 	461.692 	3 	85
22824500000000 22824600000110 	22200061556 64939889712 2395580 	22197665976 2395580 0 0 0 	71025493 2395580 0 	461.427 	3 	85
22850100000000 22850200000110 	22400061776 65526098525 2406660 	22397655116 2406660 0 0 0 	71356194 2406660 0 	461.166 	3 	85
22875700000000 22875800000110 	22600061996 66112280861 2417690 	22597644306 2417690 0 0 0 	71684772 2417690 0 	460.911 	3 	85
22901300000000 22901400000189 	22800062374 66698520567 2428535 	22797633839 2428535 0 0 0 	72007747 2428535 0 	460.631 	3 	85
22926900000000 22927000000189 	23000062752 67284740694 2439308 	22997623444 2439308 0 0 0 	72324363 2439308 0 	460.355 	3 	85
22952500000000 22952600000189 	23200063130 67871040698 2449785 	23197613345 2449785 0 0 0 	72640789 2449785 0 	460.085 	3 	85
22978100000000 22978200000189 	23400063508 68457396794 2460307 	23397603201 2460307 0 0 0 	72955748 2460307 0 	459.82 	3 	85
23003700000000 23003800000189 	23600063886 69043687676 2470670 	23597593216 2470670 0 0 0 	73266983 2470670 0 	459.56 	3 	85
23029300000000 23029400000189 	23800064264 69630000078 2480959 	23797583305 2480959 0 0 0 	73573920 2480959 0 	459.304 	3 	85
23054900000000 23055000000060 	24000064384 70216353002 2491261 	23997573123 2491261 0 0 0 	73880396 2491261 0 	459.024 	3 	85
23080500000000 23080600000060 	24200064504 70802754317 2501453 	24197563051 2501453 0 0 0 	74180873 2501453 0 	458.749 	3 	85
23106100000000 23106200000060 	24400064624 71389223330 2511591 	24397553033 2511591 0 0 0 	74487158 2511591 0 	458.479 	3 	85
23131700000000 23131800000060 	24600064744 71975668062 2521610 	24597543134 2521610 0 0 0 	74789639 2521610 0 	458.214 	3 	85
23157300000000 23157400000060 	24800064864 72562097228 2531410 	24797533454 2531410 0 0 0 	75084113 2531410 0 	457.953 	3 	85
23182900000000 23183000000060 	25000064984 73148535482 2541144 	24997523840 2541144 0 0 0 	75374752 2541144 0 	457.697 	3 	85
23208500000000 23208600000375 	25200065734 73735034935 2550842 	25197514892 2550842 0 0 0 	75667070 2550842 0 	457.418 	3 	85
23234100000000 23234200000375 	25400066484 74321529726 2560282 	25397506202 2560282 0 0 0 	75948973 2560282 0 	457.143 	3 	85
23259700000000 23259800000375 	25600067234 74908065060 2569630 	25597497604 2569630 0 0 0 	76225333 2569630 0 	456.873 	3 	85
23285300000000 23285400000375 	25800067984 75494602284 2578989 	25797488995 2578989 0 0 0 	76502153 2578989 0 	456.608 	3 	85
23310900000000 23311000000375 	26000068734 76081247802 2588153 	25997480581 2588153 0 0 0 	76771922 2588153 0 	456.347 	3 	85
23336500000000 23336600000074 	26200068882 76667788475 2597162 	26197471720 2597162 0 0 0 	77038413 2597162 0 	456.063 	3 	85
23362100000000 23362200000074 	26400069030 77254365648 2606125 	26397462905 2606125 0 0 0 	77300709 2606125 0 	455.785 	3 	85
23387700000000 23387800000074 	26600069178 77841074641 2615127 	26597454051 2615127 0 0 0 	77567980 2615127 0 	455.51 	3 	85
23413300000000 23413400000074 	26800069326 78427713560 2623912 	26797445414 2623912 0 0 0 	77827700 2623912 0 	455.241 	3 	85
23438900000000 23439000000074 	27000069474 79014431893 2632494 	26997436980 2632494 0 0 0 	78084312 2632494 0 	454.975 	3 	85
23464500000000 23464600000074 	27200069622 79601121146 2641100 	27197428522 2641100 0 0 0 	78341644 2641100 0 	454.714 	3 	85
23490100000000 23490200000320 	27400070262 80187811661 2649636 	27397420626 2649636 0 0 0 	78598268 2649636 0 	454.44 	3 	85
23515700000000 23515800000320 	27600070902 80774562606 2657938 	27597412964 2657938 0 0 0 	78845203 2657938 0 	454.17 	3 	85
23541300000000 23541400000320 	27800071542 81361352901 2666139 	27797405403 2666139 0 0 0 	79087039 2666139 0 	453.904 	3 	85
23566900000000 23567000000320 	28000072182 81948149585 2674190 	27997397992 2674190 0 0 0 	79330751 2674190 0 	453.643 	3 	85
23592500000000 23592600000320 	28200072822 82534943683 2682348 	28197390474 2682348 0 0 0 	79571065 2682348 0 	453.385 	3 	85
23618100000000 23618200000320 	28400073462 83121739443 2690344 	28397383118 2690344 0 0 0 	79813408 2690344 0 	453.131 	3 	85
23643700000000 23643800000353 	28600074168 83708602648 2698221 	28597375947 2698221 0 0 0 	80052854 2698221 0 	452.857 	3 	85
23669300000000 23669400000353 	28800074874 84295454414 2706035 	28797368839 2706035 0 0 0 	80284990 2706035 0 	452.587 	3 	85
23694900000000 23695000000353 	29000075580 84882382097 2713873 	28997361707 2713873 0 0 0 	80515300 2713873 0 	452.321 	3 	85
23720500000000 23720600000353 	29200076286 85469308175 2721563 	29197354723 2721563 0 0 0 	80745415 2721563 0 	452.058 	3 	85
23746100000000 23746200000353 	29400076992 86056238029 2729121 	29397347871 2729121 0 0 0 	80968917 2729121 0 	451.8 	3 	85
23771700000000 23771800000353 	29600077698 86643190955 2736662 	29597341036 2736662 0 0 0 	81193212 2736662 0 	451.545 	3 	85
23797300000000 23797400000044 	29800077786 87230161169 2744185 	29797333601 2744185 0 0 0 	81419949 2744185 0 	451.271 	3 	85
23822900000000 23823000000044 	30000077874 87817155461 2751529 	29997326345 2751529 0 0 0 	81633309 2751529 0 	451 	3 	85
23848500000000 23848600000044 	30200077962 88404194552 2758849 	30197319113 2758849 0 0 0 	81856416 2758849 0 	450.733 	3 	85
