20009500000000 20009600000476 	200000952 583940940 36874 	199964078 36874 0 0 0 	1099974 36874 0 	492 	3 	95
20035100000000 20035200000476 	400001904 1167927114 73094 	399928810 73094 0 0 0 	2185897 73094 0 	492 	3 	95
20060700000000 20060800000476 	600002856 1751886812 108863 	599893993 108863 0 0 0 	3243177 108863 0 	492 	3 	95
20086300000000 20086400000476 	800003808 2335868009 144924 	799858884 144924 0 0 0 	4304681 144924 0 	492 	3 	95
20111900000000 20112000000476 	1000004760 2919809717 180072 	999824688 180072 0 0 0 	5350672 180072 0 	492 	3 	95
20137500000000 20137600000476 	1200005712 3503776290 214933 	1199790779 214933 0 0 0 	6381758 214933 0 	492 	3 	95
20163100000000 20163200000011 	1400005734 4087837815 249410 	1399756324 249410 0 0 0 	7402009 249410 0 	491.569 	3 	95
20188700000000 20188800000011 	1600005756 4671891629 283688 	1599722068 283688 0 0 0 	8414946 283688 0 	491.247 	3 	95
20214300000000 20214400000011 	1800005778 5255906027 317518 	1799688260 317518 0 0 0 	9410392 317518 0 	490.996 	3 	95
20239900000000 20240000000011 	2000005800 5839981382 350887 	1999654913 350887 0 0 0 	10398301 350887 0 	490.796 	3 	95
20265500000000 20265600000011 	2200005822 6424130161 383841 	2199621981 383841 0 0 0 	11375901 383841 0 	490.632 	3 	95
20291100000000 20291200000011 	2400005844 7008256015 416696 	2399589148 416696 0 0 0 	12353750 416696 0 	490.495 	3 	95
20316700000000 20316800000210 	2600006264 7592408705 449092 	2599557172 449092 0 0 0 	13318101 449092 0 	490.068 	3 	95
20342300000000 20342400000210 	2800006684 8176615909 481448 	2799525236 481448 0 0 0 	14276018 481448 0 	489.703 	3 	95
20367900000000 20368000000210 	3000007104 8760818774 513189 	2999493915 513189 0 0 0 	15209536 513189 0 	489.386 	3 	95
20393500000000 20393600000210 	3200007524 9345003568 544276 	3199463248 544276 0 0 0 	16132529 544276 0 	489.11 	3 	95
20419100000000 20419200000210 	3400007944 9929241650 575387 	3399432557 575387 0 0 0 	17049194 575387 0 	488.866 	3 	95
20444700000000 20444800000210 	3600008364 10513516161 606218 	3599402146 606218 0 0 0 	17964119 606218 0 	488.65 	3 	95
20470300000000 20470400000381 	3800009126 11097747690 636536 	3799372590 636536 0 0 0 	18858737 636536 0 	488.241 	3 	95
20495900000000 20496000000381 	4000009888 11682044978 666555 	3999343333 666555 0 0 0 	19759708 666555 0 	487.874 	3 	95
20521500000000 20521600000381 	4200010650 12266386726 696430 	4199314220 696430 0 0 0 	20649392 696430 0 	487.542 	3 	95
20547100000000 20547200000381 	4400011412 12850691040 725682 	4399285730 725682 0 0 0 	21521660 725682 0 	487.241 	3 	95
20572700000000 20572800000381 	4600012174 13434984845 754613 	4599257561 754613 0 0 0 	22389732 754613 0 	486.966 	3 	95
20598300000000 20598400000381 	4800012936 14019331235 783080 	4799229856 783080 0 0 0 	23240401 783080 0 	486.715 	3 	95
20623900000000 20624000000468 	5000013872 14603695850 811293 	4999202579 811293 0 0 0 	24069366 811293 0 	486.36 	3 	95
20649500000000 20649600000468 	5200014808 15188156529 839392 	5199175416 839392 0 0 0 	24902902 839392 0 	486.033 	3 	95
20675100000000 20675200000468 	5400015744 15772619287 867199 	5399148545 867199 0 0 0 	25735574 867199 0 	485.731 	3 	95
20700700000000 20700800000468 	5600016680 16357161356 895058 	5599121622 895058 0 0 0 	26563748 895058 0 	485.45 	3 	95
20726300000000 20726400000468 	5800017616 16941654095 922411 	5799095205 922411 0 0 0 	27382063 922411 0 	485.19 	3 	95
20751900000000 20752000000468 	6000018552 17526187025 949222 	5999069330 949222 0 0 0 	28183329 949222 0 	484.946 	3 	95
20777500000000 20777600000254 	6200019060 18110675193 975841 	6199043219 975841 0 0 0 	28977452 975841 0 	484.585 	3 	95
20803100000000 20803200000254 	6400019568 18695245987 1002258 	6399017310 1002258 0 0 0 	29760956 1002258 0 	484.247 	3 	95
20828700000000 20828800000254 	6600020076 19279825581 1028384 	6598991692 1028384 0 0 0 	30541176 1028384 0 	483.93 	3 	95
20854300000000 20854400000254 	6800020584 19864428047 1054249 	6798966335 1054249 0 0 0 	31305935 1054249 0 	483.632 	3 	95
20879900000000 20880000000254 	7000021092 20449021678 1079880 	6998941212 1079880 0 0 0 	32074346 1079880 0 	483.352 	3 	95
20905500000000 20905600000254 	7200021600 21033681359 1105240 	7198916360 1105240 0 0 0 	32826675 1105240 0 	483.087 	3 	95
20931100000000 20931200000365 	7400022330 21618382753 1130632 	7398891698 1130632 0 0 0 	33583419 1130632 0 	482.752 	3 	95
20956700000000 20956800000365 	7600023060 22203145267 1155183 	7598867877 1155183 0 0 0 	34308180 1155183 0 	482.435 	3 	95
20982300000000 20982400000365 	7800023790 22787794328 1179405 	7798844385 1179405 0 0 0 	35027880 1179405 0 	482.135 	3 	95
21007900000000 21008000000365 	8000024520 23372516658 1203501 	7998821019 1203501 0 0 0 	35734487 1203501 0 	481.85 	3 	95
21033500000000 21033600000365 	8200025250 23957246701 1227270 	8198797980 1227270 0 0 0 	36441485 1227270 0 	481.58 	3 	95
21059100000000 21059200000365 	8400025980 24541982254 1250785 	8398775195 1250785 0 0 0 	37133864 1250785 0 	481.322 	3 	95
21084700000000 21084800000368 	8600026716 25126788379 1274176 	8598752540 1274176 0 0 0 	37828961 1274176 0 	481.004 	3 	95
21110300000000 21110400000368 	8800027452 25711594757 1297317 	8798730135 1297317 0 0 0 	38511649 1297317 0 	480.7 	3 	95
21135900000000 21136000000368 	9000028188 26296396831 1320122 	8998708066 1320122 0 0 0 	39190629 1320122 0 	480.411 	3 	95
21161500000000 21161600000368 	9200028924 26881261412 1342881 	9198686043 1342881 0 0 0 	39864188 1342881 0 	480.134 	3 	95
21187100000000 21187200000368 	9400029660 27466091208 1365273 	9398664387 1365273 0 0 0 	40525049 1365273 0 	479.869 	3 	95
21212700000000 21212800000368 	9600030396 28051016776 1387832 	9598642564 1387832 0 0 0 	41196538 1387832 0 	479.616 	3 	95
21238300000000 21238400000352 	9800031100 28635920272 1409937 	9798621163 1409937 0 0 0 	41855440 1409937 0 	479.287 	3 	95
21263900000000 21264000000352 	10000031804 29220853745 1431718 	9998600086 1431718 0 0 0 	42502912 1431718 0 	478.971 	3 	95
21289500000000 21289600000352 	10200032508 29805783595 1452977 	10198579531 1452977 0 0 0 	43131224 1452977 0 	478.668 	3 	95
21315100000000 21315200000352 	10400033212 30390733444 1474136 	10398559076 1474136 0 0 0 	43757793 1474136 0 	478.377 	3 	95
21340700000000 21340800000352 	10600033916 30975731242 1495220 	10598538696 1495220 0 0 0 	44385422 1495220 0 	478.098 	3 	95
21366300000000 21366400000120 	10800034156 31560738903 1516008 	10798518148 1516008 0 0 0 	45001577 1516008 0 	477.77 	3 	95
21391900000000 21392000000120 	11000034396 32145736349 1536652 	10998497744 1536652 0 0 0 	45609108 1536652 0 	477.454 	3 	95
21417500000000 21417600000120 	11200034636 32730812628 1557093 	11198477543 1557093 0 0 0 	46219520 1557093 0 	477.15 	3 	95
21443100000000 21443200000120 	11400034876 33315902932 1577275 	11398457601 1577275 0 0 0 	46814020 1577275 0 	476.857 	3 	95
21468700000000 21468800000120 	11600035116 33900990912 1597341 	11598437775 1597341 0 0 0 	47417193 1597341 0 	476.574 	3 	95
21494300000000 21494400000120 	11800035356 34486126089 1617053 	11798418303 1617053 0 0 0 	48005923 1617053 0 	476.301 	3 	95
21519900000000 21520000000178 	12000035712 35071250202 1636352 	11998399360 1636352 0 0 0 	48578372 1636352 0 	475.984 	3 	95
21545500000000 21545600000178 	12200036068 35656410747 1655575 	12198380493 1655575 0 0 0 	49145305 1655575 0 	475.678 	3 	95
21571100000000 21571200000178 	12400036424 36241512361 1674545 	12398361879 1674545 0 0 0 	49715071 1674545 0 	475.382 	3 	95
21596700000000 21596800000178 	12600036780 36826685218 1693409 	12598343371 1693409 0 0 0 	50269766 1693409 0 	475.096 	3 	95
21622300000000 21622400000178 	12800037136 37411915968 1712137 	12798324999 1712137 0 0 0 	50822250 1712137 0 	474.819 	3 	95
21647900000000 21648000000178 	13000037492 37997105728 1730356 	12998307136 1730356 0 0 0 	51364669 1730356 0 	474.551 	3 	95
21673500000000 21673600000355 	13200038202 38582379899 1748370 	13198289832 1748370 0 0 0 	51901562 1748370 0 	474.242 	3 	95
21699100000000 21699200000355 	13400038912 39167692431 1766474 	13398272438 1766474 0 0 0 	52435669 1766474 0 	473.943 	3 	95
21724700000000 21724800000355 	13600039622 39752987396 1784371 	13598255251 1784371 0 0 0 	52969848 1784371 0 	473.653 	3 	95
21750300000000 21750400000355 	13800040332 40338282646 1801953 	13798238379 1801953 0 0 0 	53490987 1801953 0 	473.372 	3 	95
21775900000000 21776000000355 	14000041042 40923593070 1819615 	13998221427 1819615 0 0 0 	54025762 1819615 0 	473.099 	3 	95
21801500000000 21801600000355 	14200041752 41509000707 1836857 	14198204895 1836857 0 0 0 	54537646 1836857 0 	472.834 	3 	95
21827100000000 21827200000230 	14400042212 42094398657 1853831 	14398188381 1853831 0 0 0 	55042916 1853831 0 	472.516 	3 	95
21852700000000 21852800000230 	14600042672 42679803782 1870665 	14598172007 1870665 0 0 0 	55546969 1870665 0 	472.208 	3 	95
21878300000000 21878400000230 	14800043132 43265229632 1887676 	14798155456 1887676 0 0 0 	56057271 1887676 0 	471.908 	3 	95
21903900000000 21904000000230 	15000043592 43850660297 1904437 	14998139155 1904437 0 0 0 	56553273 1904437 0 	471.616 	3 	95
21929500000000 21929600000230 	15200044052 44436162190 1920994 	15198123058 1920994 0 0 0 	57047073 1920994 0 	471.333 	3 	95
21955100000000 21955200000230 	15400044512 45021649720 1937564 	15398106948 1937564 0 0 0 	57540849 1937564 0 	471.057 	3 	95
21980700000000 21980800000320 	15600045152 45607139304 1953653 	15598091499 1953653 0 0 0 	58018013 1953653 0 	470.746 	3 	95
22006300000000 22006400000320 	15800045792 46192702496 1969605 	15798076187 1969605 0 0 0 	58496025 1969605 0 	470.444 	3 	95
22031900000000 22032000000320 	16000046432 46778288260 1985647 	15998060785 1985647 0 0 0 	58970758 1985647 0 	470.15 	3 	95
22057500000000 22057600000320 	16200047072 47363889929 2001172 	16198045900 2001172 0 0 0 	59437062 2001172 0 	469.863 	3 	95
22083100000000 22083200000320 	16400047712 47949497086 2016572 	16398031140 2016572 0 0 0 	59895122 2016572 0 	469.583 	3 	95
22108700000000 22108800000320 	16600048352 48535164895 2031534 	16598016818 2031534 0 0 0 	60337723 2031534 0 	469.311 	3 	95
22134300000000 22134400000400 	16800049152 49120783829 2046552 	16798002600 2046552 0 0 0 	60783955 2046552 0 	469.006 	3 	95
22159900000000 22160000000400 	17000049952 49706491381 2061218 	16997988734 2061218 0 0 0 	61226031 2061218 0 	468.708 	3 	95
22185500000000 22185600000400 	17200050752 50292155993 2075938 	17197974814 2075938 0 0 0 	61664009 2075938 0 	468.418 	3 	95
22211100000000 22211200000400 	17400051552 50877851288 2090379 	17397961173 2090379 0 0 0 	62095473 2090379 0 	468.135 	3 	95
22236700000000 22236800000400 	17600052352 51463572087 2104689 	17597947663 2104689 0 0 0 	62519367 2104689 0 	467.859 	3 	95
22262300000000 22262400000400 	17800053152 52049379805 2118768 	17797934384 2118768 0 0 0 	62941093 2118768 0 	467.589 	3 	95
22287900000000 22288000000290 	18000053732 52635150820 2132656 	17997921076 2132656 0 0 0 	63355712 2132656 0 	467.288 	3 	95
22313500000000 22313600000290 	18200054312 53220957375 2146736 	18197907576 2146736 0 0 0 	63776413 2146736 0 	466.995 	3 	95
22339100000000 22339200000290 	18400054892 53806753475 2160542 	18397894350 2160542 0 0 0 	64200053 2160542 0 	466.708 	3 	95
22364700000000 22364800000290 	18600055472 54392586461 2174054 	18597881418 2174054 0 0 0 	64607930 2174054 0 	466.427 	3 	95
22390300000000 22390400000290 	18800056052 54978405471 2187484 	18797868568 2187484 0 0 0 	65004566 2187484 0 	466.153 	3 	95
22415900000000 22416000000290 	19000056632 55564298942 2200723 	18997855909 2200723 0 0 0 	65391833 2200723 0 	465.885 	3 	95
22441500000000 22441600000249 	19200057130 56150153080 2213785 	19197843345 2213785 0 0 0 	65778061 2213785 0 	465.588 	3 	95
22467100000000 22467200000249 	19400057628 56736073196 2226931 	19397830697 2226931 0 0 0 	66170614 2226931 0 	465.298 	3 	95
22492700000000 22492800000249 	19600058126 57322017181 2240039 	19597818087 2240039 0 0 0 	66555699 2240039 0 	465.014 	3 	95
22518300000000 22518400000249 	19800058624 57907916345 2252838 	19797805786 2252838 0 0 0 	66936226 2252838 0 	464.735 	3 	95
22543900000000 22544000000249 	20000059122 58493817941 2265532 	19997793590 2265532 0 0 0 	67309580 2265532 0 	464.463 	3 	95
22569500000000 22569600000249 	20200059620 59079815643 2277966 	20197781654 2277966 0 0 0 	67677776 2277966 0 	464.197 	3 	95
22595100000000 22595200000088 	20400059796 59665778429 2290143 	20397769653 2290143 0 0 0 	68040102 2290143 0 	463.902 	3 	95
22620700000000 22620800000088 	20600059972 60251795997 2302371 	20597757601 2302371 0 0 0 	68407675 2302371 0 	463.614 	3 	95
22646300000000 22646400000088 	20800060148 60837908229 2314503 	20797745645 2314503 0 0 0 	68762705 2314503 0 	463.332 	3 	95
22671900000000 22672000000088 	21000060324 61423922648 2326577 	20997733747 2326577 0 0 0 	69122332 2326577 0 	463.056 	3 	95
22697500000000 22697600000088 	21200060500 62010032477 2338677 	21197721823 2338677 0 0 0 	69481694 2338677 0 	462.785 	3 	95
22723100000000 22723200000088 	21400060676 62596118841 2350291 	21397710385 2350291 0 0 0 	69825710 2350291 0 	462.519 	3 	95
22748700000000 22748800000110 	21600060896 63182259550 2361683 	21597699213 2361683 0 0 0 	70165262 2361683 0 	462.238 	3 	95
22774300000000 22774400000110 	21800061116 63768439396 2373221 	21797687895 2373221 0 0 0 	70511365 2373221 0 	461.962 	3 	95
22799900000000 22800000000110 	22000061336 64354676599 2384413 	21997676923 2384413 0 0 0 	70838118 2384413 0 	461.692 	3 	95
22825500000000 22825600000110 	22200061556 64940907246 2395643 	22197665913 2395643 0 0 0 	71165781 2395643 0 	461.427 	3 	95
22851100000000 22851200000110 	22400061776 65527123030 2406673 	22397655103 2406673 0 0 0 	71497920 2406673 0 	461.166 	3 	95
22876700000000 22876800000110 	22600061996 66113390049 2417783 	22597644213 2417783 0 0 0 	71830622 2417783 0 	460.911 	3 	95
22902300000000 22902400000189 	22800062374 66699597870 2428609 	22797633765 2428609 0 0 0 	72152766 2428609 0 	460.631 	3 	95
22927900000000 22928000000189 	23000062752 67285868021 2439287 	22997623465 2439287 0 0 0 	72476206 2439287 0 	460.355 	3 	95
22953500000000 22953600000189 	23200063130 67872121464 2449927 	23197613203 2449927 0 0 0 	72791678 2449927 0 	460.085 	3 	95
22979100000000 22979200000189 	23400063508 68458420889 2460656 	23397602852 2460656 0 0 0 	73103808 2460656 0 	459.82 	3 	95
23004700000000 23004800000189 	23600063886 69044753220 2471188 	23597592698 2471188 0 0 0 	73416242 2471188 0 	459.56 	3 	95
23030300000000 23030400000189 	23800064264 69631118367 2481721 	23797582543 2481721 0 0 0 	73726856 2481721 0 	459.304 	3 	95
23055900000000 23056000000060 	24000064384 70217529818 2491934 	23997572450 2491934 0 0 0 	74038829 2491934 0 	459.024 	3 	95
23081500000000 23081600000060 	24200064504 70803916008 2502075 	24197562429 2502075 0 0 0 	74347780 2502075 0 	458.749 	3 	95
23107100000000 23107200000060 	24400064624 71390385173 2512175 	24397552449 2512175 0 0 0 	74650925 2512175 0 	458.479 	3 	95
23132700000000 23132800000060 	24600064744 71976863622 2521939 	24597542805 2521939 0 0 0 	74943777 2521939 0 	458.214 	3 	95
23158300000000 23158400000060 	24800064864 72563338340 2531750 	24797533114 2531750 0 0 0 	75234278 2531750 0 	457.953 	3 	95
23183900000000 23184000000375 	25000065614 73149822565 2541348 	24997524266 2541348 0 0 0 	75520050 2541348 0 	457.669 	3 	95
23209500000000 23209600000375 	25200066364 73736315146 2550838 	25197515526 2550838 0 0 0 	75805197 2550838 0 	457.39 	3 	95
23235100000000 23235200000375 	25400067114 74322838800 2560358 	25397506756 2560358 0 0 0 	76083278 2560358 0 	457.116 	3 	95
23260700000000 23260800000375 	25600067864 74909377813 2569727 	25597498137 2569727 0 0 0 	76365428 2569727 0 	456.846 	3 	95
23286300000000 23286400000375 	25800068614 75495913831 2578975 	25797489639 2578975 0 0 0 	76644607 2578975 0 	456.581 	3 	95
23311900000000 23312000000375 	26000069364 76082618729 2588124 	25997481240 2588124 0 0 0 	76919691 2588124 0 	456.32 	3 	95
23337500000000 23337600000074 	26200069512 76669174268 2597137 	26197472375 2597137 0 0 0 	77187029 2597137 0 	456.037 	3 	95
23363100000000 23363200000074 	26400069660 77255815801 2605932 	26397463728 2605932 0 0 0 	77448485 2605932 0 	455.759 	3 	95
23388700000000 23388800000074 	26600069808 77842420105 2614751 	26597455057 2614751 0 0 0 	77713963 2614751 0 	455.485 	3 	95
23414300000000 23414400000074 	26800069956 78429095690 2623486 	26797446470 2623486 0 0 0 	77975178 2623486 0 	455.215 	3 	95
23439900000000 23440000000074 	27000070104 79015765863 2632232 	26997437872 2632232 0 0 0 	78234596 2632232 0 	454.95 	3 	95
23465500000000 23465600000074 	27200070252 79602417727 2640573 	27197429679 2640573 0 0 0 	78484381 2640573 0 	454.689 	3 	95
23491100000000 23491200000320 	27400070892 80189084781 2649145 	27397421747 2649145 0 0 0 	78740592 2649145 0 	454.415 	3 	95
23516700000000 23516800000320 	27600071532 80775811306 2657417 	27597414115 2657417 0 0 0 	78987495 2657417 0 	454.145 	3 	95
23542300000000 23542400000320 	27800072172 81362580781 2665592 	27797406580 2665592 0 0 0 	79228361 2665592 0 	453.88 	3 	95
23567900000000 23568000000320 	28000072812 81949330274 2673928 	27997398884 2673928 0 0 0 	79480693 2673928 0 	453.618 	3 	95
23593500000000 23593600000320 	28200073452 82536144847 2682092 	28197391360 2682092 0 0 0 	79725313 2682092 0 	453.361 	3 	95
23619100000000 23619200000320 	28400074092 83122915309 2690010 	28397384082 2690010 0 0 0 	79961106 2690010 0 	453.108 	3 	95
23644700000000 23644800000353 	28600074798 83709727390 2698193 	28597376605 2698193 0 0 0 	80204009 2698193 0 	452.833 	3 	95
23670300000000 23670400000353 	28800075504 84296533242 2706096 	28797369408 2706096 0 0 0 	80440332 2706096 0 	452.563 	3 	95
23695900000000 23696000000353 	29000076210 84883421822 2713839 	28997362371 2713839 0 0 0 	80672714 2713839 0 	452.297 	3 	95
23721500000000 23721600000353 	29200076916 85470342075 2721666 	29197355250 2721666 0 0 0 	80910768 2721666 0 	452.035 	3 	95
23747100000000 23747200000353 	29400077622 86057282094 2729389 	29397348233 2729389 0 0 0 	81139999 2729389 0 	451.777 	3 	95
23772700000000 23772800000353 	29600078328 86644217961 2736984 	29597341344 2736984 0 0 0 	81369956 2736984 0 	451.523 	3 	95
23798300000000 23798400000044 	29800078416 87231176484 2744509 	29797333907 2744509 0 0 0 	81596239 2744509 0 	451.248 	3 	95
23823900000000 23824000000044 	30000078504 87818136251 2751896 	29997326608 2751896 0 0 0 	81812787 2751896 0 	450.978 	3 	95
23849500000000 23849600000044 	30200078592 88405132087 2759032 	30197319560 2759032 0 0 0 	82023144 2759032 0 	450.711 	3 	95
