20009600000000 20009700000476 	200000952 583898301 36742 	199964210 36742 0 0 0 	1081178 36742 0 	492 	3 	96
20035200000000 20035300000476 	400001904 1167796444 72847 	399929057 72847 0 0 0 	2161461 72847 0 	492 	3 	96
20060800000000 20060900000476 	600002856 1751697467 108801 	599894055 108801 0 0 0 	3230735 108801 0 	492 	3 	96
20086400000000 20086500000476 	800003808 2335659973 144737 	799859071 144737 0 0 0 	4292633 144737 0 	492 	3 	96
20112000000000 20112100000476 	1000004760 2919661980 180020 	999824740 180020 0 0 0 	5336321 180020 0 	492 	3 	96
20137600000000 20137700000476 	1200005712 3503668140 214969 	1199790743 214969 0 0 0 	6365366 214969 0 	492 	3 	96
20163200000000 20163300000011 	1400005734 4087738004 249441 	1399756293 249441 0 0 0 	7385220 249441 0 	491.569 	3 	96
20188800000000 20188900000011 	1600005756 4671794651 283356 	1599722400 283356 0 0 0 	8381620 283356 0 	491.247 	3 	96
20214400000000 20214500000011 	1800005778 5255824468 317122 	1799688656 317122 0 0 0 	9382511 317122 0 	490.996 	3 	96
20240000000000 20240100000011 	2000005800 5839930525 350431 	1999655369 350431 0 0 0 	10369725 350431 0 	490.796 	3 	96
20265600000000 20265700000011 	2200005822 6423997411 383085 	2199622737 383085 0 0 0 	11335454 383085 0 	490.632 	3 	96
20291200000000 20291300000011 	2400005844 7008166449 415634 	2399590210 415634 0 0 0 	12300151 415634 0 	490.495 	3 	96
20316800000000 20316900000210 	2600006264 7592312739 448097 	2599558167 448097 0 0 0 	13256821 448097 0 	490.068 	3 	96
20342400000000 20342500000210 	2800006684 8176507359 480064 	2799526620 480064 0 0 0 	14204146 480064 0 	489.703 	3 	96
20368000000000 20368100000210 	3000007104 8760667027 511692 	2999495412 511692 0 0 0 	15142493 511692 0 	489.386 	3 	96
20393600000000 20393700000210 	3200007524 9344876184 542907 	3199464617 542907 0 0 0 	16061902 542907 0 	489.11 	3 	96
20419200000000 20419300000210 	3400007944 9929058311 573875 	3399434069 573875 0 0 0 	16982814 573875 0 	488.866 	3 	96
20444800000000 20444900000210 	3600008364 10513343563 604432 	3599403932 604432 0 0 0 	17883412 604432 0 	488.65 	3 	96
20470400000000 20470500000381 	3800009126 11097599198 634605 	3799374521 634605 0 0 0 	18771353 634605 0 	488.241 	3 	96
20496000000000 20496100000381 	4000009888 11681880225 664587 	3999345301 664587 0 0 0 	19657472 664587 0 	487.874 	3 	96
20521600000000 20521700000381 	4200010650 12266179095 694194 	4199316456 694194 0 0 0 	20529211 694194 0 	487.542 	3 	96
20547200000000 20547300000381 	4400011412 12850534440 723543 	4399287869 723543 0 0 0 	21401140 723543 0 	487.241 	3 	96
20572800000000 20572900000381 	4600012174 13434861938 752371 	4599259803 752371 0 0 0 	22244226 752371 0 	486.966 	3 	96
20598400000000 20598500000381 	4800012936 14019210197 780952 	4799231984 780952 0 0 0 	23092429 780952 0 	486.715 	3 	96
20624000000000 20624100000468 	5000013872 14603644857 809408 	4999204464 809408 0 0 0 	23938594 809408 0 	486.36 	3 	96
20649600000000 20649700000468 	5200014808 15188045592 837551 	5199177257 837551 0 0 0 	24767148 837551 0 	486.033 	3 	96
20675200000000 20675300000468 	5400015744 15772466362 865256 	5399150488 865256 0 0 0 	25595449 865256 0 	485.731 	3 	96
20700800000000 20700900000468 	5600016680 16356947775 892669 	5599124011 892669 0 0 0 	26408773 892669 0 	485.45 	3 	96
20726400000000 20726500000468 	5800017616 16941425249 919891 	5799097725 919891 0 0 0 	27220291 919891 0 	485.19 	3 	96
20752000000000 20752100000468 	6000018552 17525937000 946618 	5999071934 946618 0 0 0 	28020077 946618 0 	484.946 	3 	96
20777600000000 20777700000254 	6200019060 18110433419 973212 	6199045848 973212 0 0 0 	28807187 973212 0 	484.585 	3 	96
20803200000000 20803300000254 	6400019568 18695039564 999652 	6399019916 999652 0 0 0 	29590207 999652 0 	484.247 	3 	96
20828800000000 20828900000254 	6600020076 19279581733 1025782 	6598994294 1025782 0 0 0 	30368268 1025782 0 	483.93 	3 	96
20854400000000 20854500000254 	6800020584 19864200212 1051505 	6798969079 1051505 0 0 0 	31134341 1051505 0 	483.632 	3 	96
20880000000000 20880100000254 	7000021092 20448793137 1076837 	6998944255 1076837 0 0 0 	31884645 1076837 0 	483.352 	3 	96
20905600000000 20905700000254 	7200021600 21033463615 1102274 	7198919326 1102274 0 0 0 	32637142 1102274 0 	483.087 	3 	96
20931200000000 20931300000365 	7400022330 21618083462 1127237 	7398895093 1127237 0 0 0 	33375593 1127237 0 	482.752 	3 	96
20956800000000 20956900000365 	7600023060 22202771357 1152111 	7598870949 1152111 0 0 0 	34114552 1152111 0 	482.435 	3 	96
20982400000000 20982500000365 	7800023790 22787424872 1176548 	7798847242 1176548 0 0 0 	34844451 1176548 0 	482.135 	3 	96
21008000000000 21008100000365 	8000024520 23372107867 1200942 	7998823578 1200942 0 0 0 	35571394 1200942 0 	481.85 	3 	96
21033600000000 21033700000365 	8200025250 23956809920 1224841 	8198800409 1224841 0 0 0 	36283224 1224841 0 	481.58 	3 	96
21059200000000 21059300000365 	8400025980 24541655572 1248493 	8398777487 1248493 0 0 0 	36979160 1248493 0 	481.322 	3 	96
21084800000000 21084900000368 	8600026716 25126450893 1271688 	8598755028 1271688 0 0 0 	37663978 1271688 0 	481.004 	3 	96
21110400000000 21110500000368 	8800027452 25711180877 1294840 	8798732612 1294840 0 0 0 	38349415 1294840 0 	480.7 	3 	96
21136000000000 21136100000368 	9000028188 26295905682 1317465 	8998710723 1317465 0 0 0 	39023445 1317465 0 	480.411 	3 	96
21161600000000 21161700000368 	9200028924 26880759100 1340149 	9198688775 1340149 0 0 0 	39694133 1340149 0 	480.134 	3 	96
21187200000000 21187300000368 	9400029660 27465659037 1362629 	9398667031 1362629 0 0 0 	40364659 1362629 0 	479.869 	3 	96
21212800000000 21212900000368 	9600030396 28050524346 1384826 	9598645570 1384826 0 0 0 	41025797 1384826 0 	479.616 	3 	96
21238400000000 21238500000352 	9800031100 28635389154 1406730 	9798624370 1406730 0 0 0 	41678462 1406730 0 	479.287 	3 	96
21264000000000 21264100000352 	10000031804 29220309144 1428400 	9998603404 1428400 0 0 0 	42322053 1428400 0 	478.971 	3 	96
21289600000000 21289700000352 	10200032508 29805242647 1449893 	10198582615 1449893 0 0 0 	42968007 1449893 0 	478.668 	3 	96
21315200000000 21315300000352 	10400033212 30390164238 1471117 	10398562095 1471117 0 0 0 	43604008 1471117 0 	478.377 	3 	96
21340800000000 21340900000352 	10600033916 30975182193 1491997 	10598541919 1491997 0 0 0 	44219429 1491997 0 	478.098 	3 	96
21366400000000 21366500000120 	10800034156 31560266866 1512740 	10798521416 1512740 0 0 0 	44832535 1512740 0 	477.77 	3 	96
21392000000000 21392100000120 	11000034396 32145319389 1533068 	10998501328 1533068 0 0 0 	45437774 1533068 0 	477.454 	3 	96
21417600000000 21417700000120 	11200034636 32730359840 1553237 	11198481399 1553237 0 0 0 	46035987 1553237 0 	477.15 	3 	96
21443200000000 21443300000120 	11400034876 33315415409 1573210 	11398461666 1573210 0 0 0 	46618802 1573210 0 	476.857 	3 	96
21468800000000 21468900000120 	11600035116 33900485696 1593151 	11598441965 1593151 0 0 0 	47214136 1593151 0 	476.574 	3 	96
21494400000000 21494500000120 	11800035356 34485533642 1612938 	11798422418 1612938 0 0 0 	47800907 1612938 0 	476.301 	3 	96
21520000000000 21520100000178 	12000035712 35070630108 1632185 	11998403527 1632185 0 0 0 	48365181 1632185 0 	475.984 	3 	96
21545600000000 21545700000178 	12200036068 35655745383 1651785 	12198384283 1651785 0 0 0 	48957156 1651785 0 	475.678 	3 	96
21571200000000 21571300000178 	12400036424 36240950487 1671006 	12398365418 1671006 0 0 0 	49534912 1671006 0 	475.382 	3 	96
21596800000000 21596900000178 	12600036780 36826130360 1689820 	12598346960 1689820 0 0 0 	50084835 1689820 0 	475.096 	3 	96
21622400000000 21622500000178 	12800037136 37411390301 1708270 	12798328866 1708270 0 0 0 	50637870 1708270 0 	474.819 	3 	96
21648000000000 21648100000178 	13000037492 37996614634 1726609 	12998310883 1726609 0 0 0 	51177330 1726609 0 	474.551 	3 	96
21673600000000 21673700000355 	13200038202 38581857376 1744906 	13198293296 1744906 0 0 0 	51723131 1744906 0 	474.242 	3 	96
21699200000000 21699300000355 	13400038912 39167161217 1762941 	13398275971 1762941 0 0 0 	52254618 1762941 0 	473.943 	3 	96
21724800000000 21724900000355 	13600039622 39752474992 1780696 	13598258926 1780696 0 0 0 	52788282 1780696 0 	473.653 	3 	96
21750400000000 21750500000355 	13800040332 40337827239 1798499 	13798241833 1798499 0 0 0 	53317832 1798499 0 	473.372 	3 	96
21776000000000 21776100000355 	14000041042 40923166716 1815955 	13998225087 1815955 0 0 0 	53833959 1815955 0 	473.099 	3 	96
21801600000000 21801700000355 	14200041752 41508528956 1833371 	14198208381 1833371 0 0 0 	54343034 1833371 0 	472.834 	3 	96
21827200000000 21827300000230 	14400042212 42093930269 1850468 	14398191744 1850468 0 0 0 	54852430 1850468 0 	472.516 	3 	96
21852800000000 21852900000230 	14600042672 42679332016 1867423 	14598175249 1867423 0 0 0 	55358360 1867423 0 	472.208 	3 	96
21878400000000 21878500000230 	14800043132 43264730834 1884031 	14798159101 1884031 0 0 0 	55850824 1884031 0 	471.908 	3 	96
21904000000000 21904100000230 	15000043592 43850156956 1900540 	14998143052 1900540 0 0 0 	56344261 1900540 0 	471.616 	3 	96
21929600000000 21929700000230 	15200044052 44435609522 1917038 	15198127014 1917038 0 0 0 	56833731 1917038 0 	471.333 	3 	96
21955200000000 21955300000230 	15400044512 45021176455 1933271 	15398111241 1933271 0 0 0 	57318621 1933271 0 	471.057 	3 	96
21980800000000 21980900000320 	15600045152 45606691792 1949406 	15598095746 1949406 0 0 0 	57798220 1949406 0 	470.746 	3 	96
22006400000000 22006500000320 	15800045792 46192251267 1965502 	15798080290 1965502 0 0 0 	58280334 1965502 0 	470.444 	3 	96
22032000000000 22032100000320 	16000046432 46777819250 1981302 	15998065130 1981302 0 0 0 	58748334 1981302 0 	470.15 	3 	96
22057600000000 22057700000320 	16200047072 47363482266 1997204 	16198049868 1997204 0 0 0 	59219750 1997204 0 	469.863 	3 	96
22083200000000 22083300000320 	16400047712 47949091841 2012588 	16398035124 2012588 0 0 0 	59677792 2012588 0 	469.583 	3 	96
22108800000000 22108900000320 	16600048352 48534743715 2027820 	16598020532 2027820 0 0 0 	60122117 2027820 0 	469.311 	3 	96
22134400000000 22134500000400 	16800049152 49120386193 2042879 	16798006273 2042879 0 0 0 	60568044 2042879 0 	469.006 	3 	96
22160000000000 22160100000400 	17000049952 49706014509 2057495 	16997992457 2057495 0 0 0 	61001489 2057495 0 	468.708 	3 	96
22185600000000 22185700000400 	17200050752 50291732642 2072111 	17197978641 2072111 0 0 0 	61438709 2072111 0 	468.418 	3 	96
22211200000000 22211300000400 	17400051552 50877444849 2086492 	17397965060 2086492 0 0 0 	61866549 2086492 0 	468.135 	3 	96
22236800000000 22236900000400 	17600052352 51463185291 2101083 	17597951269 2101083 0 0 0 	62301748 2101083 0 	467.859 	3 	96
22262400000000 22262500000400 	17800053152 52048894607 2115459 	17797937693 2115459 0 0 0 	62731164 2115459 0 	467.589 	3 	96
22288000000000 22288100000290 	18000053732 52634658930 2129525 	17997924207 2129525 0 0 0 	63147184 2129525 0 	467.288 	3 	96
22313600000000 22313700000290 	18200054312 53220374096 2143331 	18197910981 2143331 0 0 0 	63558568 2143331 0 	466.995 	3 	96
22339200000000 22339300000290 	18400054892 53806132005 2157095 	18397897797 2157095 0 0 0 	63971012 2157095 0 	466.708 	3 	96
22364800000000 22364900000290 	18600055472 54391966792 2170756 	18597884716 2170756 0 0 0 	64378935 2170756 0 	466.427 	3 	96
22390400000000 22390500000290 	18800056052 54977818209 2184418 	18797871634 2184418 0 0 0 	64781973 2184418 0 	466.153 	3 	96
22416000000000 22416100000290 	19000056632 55563635676 2197760 	18997858872 2197760 0 0 0 	65179949 2197760 0 	465.885 	3 	96
22441600000000 22441700000249 	19200057130 56149423408 2210855 	19197846275 2210855 0 0 0 	65570657 2210855 0 	465.588 	3 	96
22467200000000 22467300000249 	19400057628 56735309867 2223955 	19397833673 2223955 0 0 0 	65955119 2223955 0 	465.298 	3 	96
22492800000000 22492900000249 	19600058126 57321201124 2236845 	19597821281 2236845 0 0 0 	66333272 2236845 0 	465.014 	3 	96
22518400000000 22518500000249 	19800058624 57907179351 2249662 	19797808962 2249662 0 0 0 	66715881 2249662 0 	464.735 	3 	96
22544000000000 22544100000249 	20000059122 58493182823 2262366 	19997796756 2262366 0 0 0 	67100980 2262366 0 	464.463 	3 	96
22569600000000 22569700000249 	20200059620 59079212414 2274843 	20197784777 2274843 0 0 0 	67474663 2274843 0 	464.197 	3 	96
22595200000000 22595300000088 	20400059796 59665257367 2287275 	20397772521 2287275 0 0 0 	67849477 2287275 0 	463.902 	3 	96
22620800000000 22620900000088 	20600059972 60251216534 2299638 	20597760334 2299638 0 0 0 	68221454 2299638 0 	463.614 	3 	96
22646400000000 22646500000088 	20800060148 60837266665 2311773 	20797748375 2311773 0 0 0 	68588952 2311773 0 	463.332 	3 	96
22672000000000 22672100000088 	21000060324 61423395647 2323953 	20997736371 2323953 0 0 0 	68955332 2323953 0 	463.056 	3 	96
22697600000000 22697700000088 	21200060500 62009520669 2335908 	21197724592 2335908 0 0 0 	69312616 2335908 0 	462.785 	3 	96
22723200000000 22723300000088 	21400060676 62595626689 2347517 	21397713159 2347517 0 0 0 	69660001 2347517 0 	462.519 	3 	96
22748800000000 22748900000110 	21600060896 63181736011 2359105 	21597701791 2359105 0 0 0 	70004056 2359105 0 	462.238 	3 	96
22774400000000 22774500000110 	21800061116 63767857532 2370569 	21797690547 2370569 0 0 0 	70342950 2370569 0 	461.962 	3 	96
22800000000000 22800100000110 	22000061336 64353993250 2382046 	21997679290 2382046 0 0 0 	70680626 2382046 0 	461.692 	3 	96
22825600000000 22825700000110 	22200061556 64940157135 2393236 	22197668320 2393236 0 0 0 	71012322 2393236 0 	461.427 	3 	96
22851200000000 22851300000110 	22400061776 65526413044 2404430 	22397657346 2404430 0 0 0 	71347816 2404430 0 	461.166 	3 	96
22876800000000 22876900000110 	22600061996 66112607594 2415430 	22597646566 2415430 0 0 0 	71674267 2415430 0 	460.911 	3 	96
22902400000000 22902500000189 	22800062374 66698890697 2426267 	22797636107 2426267 0 0 0 	71994126 2426267 0 	460.631 	3 	96
22928000000000 22928100000189 	23000062752 67285128369 2437128 	22997625624 2437128 0 0 0 	72317460 2437128 0 	460.355 	3 	96
22953600000000 22953700000189 	23200063130 67871368412 2447875 	23197615255 2447875 0 0 0 	72637144 2447875 0 	460.085 	3 	96
22979200000000 22979300000189 	23400063508 68457709075 2458330 	23397605178 2458330 0 0 0 	72949478 2458330 0 	459.82 	3 	96
23004800000000 23004900000189 	23600063886 69044009547 2468614 	23597595272 2468614 0 0 0 	73257622 2468614 0 	459.56 	3 	96
23030400000000 23030500000189 	23800064264 69630378571 2478965 	23797585299 2478965 0 0 0 	73571311 2478965 0 	459.304 	3 	96
23056000000000 23056100000060 	24000064384 70216698650 2489037 	23997575347 2489037 0 0 0 	73874098 2489037 0 	459.024 	3 	96
23081600000000 23081700000060 	24200064504 70803131744 2499145 	24197565359 2499145 0 0 0 	74179096 2499145 0 	458.749 	3 	96
23107200000000 23107300000060 	24400064624 71389584250 2509017 	24397555607 2509017 0 0 0 	74473143 2509017 0 	458.479 	3 	96
23132800000000 23132900000060 	24600064744 71976050556 2519164 	24597545580 2519164 0 0 0 	74776689 2519164 0 	458.214 	3 	96
23158400000000 23158500000060 	24800064864 72562534984 2528933 	24797535931 2528933 0 0 0 	75065617 2528933 0 	457.953 	3 	96
23184000000000 23184100000375 	25000065614 73149006456 2538606 	24997527008 2538606 0 0 0 	75352546 2538606 0 	457.669 	3 	96
23209600000000 23209700000375 	25200066364 73735542197 2548304 	25197518060 2548304 0 0 0 	75636926 2548304 0 	457.39 	3 	96
23235200000000 23235300000375 	25400067114 74322042334 2557783 	25397509331 2557783 0 0 0 	75920099 2557783 0 	457.116 	3 	96
23260800000000 23260900000375 	25600067864 74908582415 2567008 	25597500856 2567008 0 0 0 	76195882 2567008 0 	456.846 	3 	96
23286400000000 23286500000375 	25800068614 75495197300 2576214 	25797492400 2576214 0 0 0 	76471458 2576214 0 	456.581 	3 	96
23312000000000 23312100000375 	26000069364 76081772797 2585460 	25997483904 2585460 0 0 0 	76746103 2585460 0 	456.32 	3 	96
23337600000000 23337700000074 	26200069512 76668449064 2594547 	26197474965 2594547 0 0 0 	77011999 2594547 0 	456.037 	3 	96
23363200000000 23363300000074 	26400069660 77255017374 2603296 	26397466364 2603296 0 0 0 	77273579 2603296 0 	455.759 	3 	96
23388800000000 23388900000074 	26600069808 77841647483 2612213 	26597457595 2612213 0 0 0 	77535483 2612213 0 	455.485 	3 	96
23414400000000 23414500000074 	26800069956 78428304410 2621041 	26797448915 2621041 0 0 0 	77799788 2621041 0 	455.215 	3 	96
23440000000000 23440100000074 	27000070104 79015019302 2629724 	26997440380 2629724 0 0 0 	78058302 2629724 0 	454.95 	3 	96
23465600000000 23465700000074 	27200070252 79601716767 2638299 	27197431953 2638299 0 0 0 	78306461 2638299 0 	454.689 	3 	96
23491200000000 23491300000320 	27400070892 80188429481 2646703 	27397424189 2646703 0 0 0 	78559761 2646703 0 	454.415 	3 	96
23516800000000 23516900000320 	27600071532 80775162984 2654995 	27597416537 2654995 0 0 0 	78807505 2654995 0 	454.145 	3 	96
23542400000000 23542500000320 	27800072172 81361898021 2663192 	27797408980 2663192 0 0 0 	79048387 2663192 0 	453.88 	3 	96
23568000000000 23568100000320 	28000072812 81948670626 2671418 	27997401394 2671418 0 0 0 	79291834 2671418 0 	453.618 	3 	96
23593600000000 23593700000320 	28200073452 82535417590 2679496 	28197393956 2679496 0 0 0 	79534937 2679496 0 	453.361 	3 	96
23619200000000 23619300000320 	28400074092 83122212520 2687618 	28397386474 2687618 0 0 0 	79778927 2687618 0 	453.108 	3 	96
23644800000000 23644900000353 	28600074798 83709057032 2695641 	28597379157 2695641 0 0 0 	80019428 2695641 0 	452.833 	3 	96
23670400000000 23670500000353 	28800075504 84295960198 2703655 	28797371849 2703655 0 0 0 	80256194 2703655 0 	452.563 	3 	96
23696000000000 23696100000353 	29000076210 84882849090 2711498 	28997364712 2711498 0 0 0 	80491004 2711498 0 	452.297 	3 	96
23721600000000 23721700000353 	29200076916 85469804956 2719475 	29197357441 2719475 0 0 0 	80727934 2719475 0 	452.035 	3 	96
23747200000000 23747300000353 	29400077622 86056753413 2727172 	29397350450 2727172 0 0 0 	80957066 2727172 0 	451.777 	3 	96
23772800000000 23772900000353 	29600078328 86643702181 2734652 	29597343676 2734652 0 0 0 	81181732 2734652 0 	451.523 	3 	96
23798400000000 23798500000044 	29800078416 87230594544 2742147 	29797336269 2742147 0 0 0 	81400079 2742147 0 	451.248 	3 	96
23824000000000 23824100000044 	30000078504 87817529910 2749600 	29997328904 2749600 0 0 0 	81621357 2749600 0 	450.978 	3 	96
23849600000000 23849700000044 	30200078592 88404551414 2756888 	30197321704 2756888 0 0 0 	81840476 2756888 0 	450.711 	3 	96
