20010000000000 20010100000476 	200000952 583971686 36798 	199964154 36798 0 0 0 	1101356 36798 0 	492 	3 	100
20035600000000 20035700000476 	400001904 1167864464 73059 	399928845 73059 0 0 0 	2180112 73059 0 	492 	3 	100
20061200000000 20061300000476 	600002856 1751830890 109057 	599893799 109057 0 0 0 	3253605 109057 0 	492 	3 	100
20086800000000 20086900000476 	800003808 2335821566 144931 	799858877 144931 0 0 0 	4318587 144931 0 	492 	3 	100
20112400000000 20112500000476 	1000004760 2919795300 180258 	999824502 180258 0 0 0 	5352143 180258 0 	492 	3 	100
20138000000000 20138100000476 	1200005712 3503782022 215336 	1199790376 215336 0 0 0 	6386944 215336 0 	492 	3 	100
20163600000000 20163700000011 	1400005734 4087742963 249800 	1399755934 249800 0 0 0 	7403878 249800 0 	491.569 	3 	100
20189200000000 20189300000011 	1600005756 4671740326 284396 	1599721360 284396 0 0 0 	8427211 284396 0 	491.247 	3 	100
20214800000000 20214900000011 	1800005778 5255777188 318033 	1799687745 318033 0 0 0 	9419289 318033 0 	490.996 	3 	100
20240400000000 20240500000011 	2000005800 5839833068 351407 	1999654393 351407 0 0 0 	10402848 351407 0 	490.796 	3 	100
20266000000000 20266100000011 	2200005822 6423909313 384541 	2199621281 384541 0 0 0 	11392730 384541 0 	490.632 	3 	100
20291600000000 20291700000011 	2400005844 7007983952 417060 	2399588784 417060 0 0 0 	12351838 417060 0 	490.495 	3 	100
20317200000000 20317300000210 	2600006264 7592082176 449156 	2599557108 449156 0 0 0 	13302577 449156 0 	490.068 	3 	100
20342800000000 20342900000210 	2800006684 8176263981 481135 	2799525549 481135 0 0 0 	14245737 481135 0 	489.703 	3 	100
20368400000000 20368500000210 	3000007104 8760403179 512650 	2999494454 512650 0 0 0 	15174355 512650 0 	489.386 	3 	100
20394000000000 20394100000210 	3200007524 9344633320 543650 	3199463874 543650 0 0 0 	16080519 543650 0 	489.11 	3 	100
20419600000000 20419700000210 	3400007944 9928868173 574695 	3399433249 574695 0 0 0 	17010442 574695 0 	488.866 	3 	100
20445200000000 20445300000210 	3600008364 10513063764 605491 	3599402873 605491 0 0 0 	17924716 605491 0 	488.65 	3 	100
20470800000000 20470900000381 	3800009126 11097342619 635789 	3799373337 635789 0 0 0 	18825533 635789 0 	488.241 	3 	100
20496400000000 20496500000381 	4000009888 11681679403 666102 	3999343786 666102 0 0 0 	19721471 666102 0 	487.874 	3 	100
20522000000000 20522100000381 	4200010650 12265982813 696184 	4199314466 696184 0 0 0 	20611835 696184 0 	487.542 	3 	100
20547600000000 20547700000381 	4400011412 12850348191 725314 	4399286098 725314 0 0 0 	21475869 725314 0 	487.241 	3 	100
20573200000000 20573300000381 	4600012174 13434739671 754373 	4599257801 754373 0 0 0 	22341591 754373 0 	486.966 	3 	100
20598800000000 20598900000381 	4800012936 14019113670 782925 	4799230011 782925 0 0 0 	23190134 782925 0 	486.715 	3 	100
20624400000000 20624500000468 	5000013872 14603540633 811298 	4999202574 811298 0 0 0 	24029922 811298 0 	486.36 	3 	100
20650000000000 20650100000468 	5200014808 15187937288 839410 	5199175398 839410 0 0 0 	24877215 839410 0 	486.033 	3 	100
20675600000000 20675700000468 	5400015744 15772377166 867228 	5399148516 867228 0 0 0 	25698223 867228 0 	485.731 	3 	100
20701200000000 20701300000468 	5600016680 16356856840 894462 	5599122218 894462 0 0 0 	26500594 894462 0 	485.45 	3 	100
20726800000000 20726900000468 	5800017616 16941385219 922064 	5799095552 922064 0 0 0 	27317084 922064 0 	485.19 	3 	100
20752400000000 20752500000468 	6000018552 17525901357 948773 	5999069779 948773 0 0 0 	28109259 948773 0 	484.946 	3 	100
20778000000000 20778100000254 	6200019060 18110408906 975942 	6199043118 975942 0 0 0 	28915531 975942 0 	484.585 	3 	100
20803600000000 20803700000254 	6400019568 18695015570 1002429 	6399017139 1002429 0 0 0 	29697835 1002429 0 	484.247 	3 	100
20829200000000 20829300000254 	6600020076 19279583181 1028379 	6598991697 1028379 0 0 0 	30466678 1028379 0 	483.93 	3 	100
20854800000000 20854900000254 	6800020584 19864192198 1054306 	6798966278 1054306 0 0 0 	31243238 1054306 0 	483.632 	3 	100
20880400000000 20880500000254 	7000021092 20448826117 1079806 	6998941286 1079806 0 0 0 	32009136 1079806 0 	483.352 	3 	100
20906000000000 20906100000254 	7200021600 21033439675 1104746 	7198916854 1104746 0 0 0 	32744863 1104746 0 	483.087 	3 	100
20931600000000 20931700000365 	7400022330 21618085812 1129586 	7398892744 1129586 0 0 0 	33476339 1129586 0 	482.752 	3 	100
20957200000000 20957300000365 	7600023060 22202756701 1154062 	7598868998 1154062 0 0 0 	34204161 1154062 0 	482.435 	3 	100
20982800000000 20982900000365 	7800023790 22787496027 1178507 	7798845283 1178507 0 0 0 	34924173 1178507 0 	482.135 	3 	100
21008400000000 21008500000365 	8000024520 23372218961 1202667 	7998821853 1202667 0 0 0 	35642261 1202667 0 	481.85 	3 	100
21034000000000 21034100000365 	8200025250 23956982893 1226633 	8198798617 1226633 0 0 0 	36363880 1226633 0 	481.58 	3 	100
21059600000000 21059700000365 	8400025980 24541682070 1250332 	8398775648 1250332 0 0 0 	37072639 1250332 0 	481.322 	3 	100
21085200000000 21085300000368 	8600026716 25126459956 1273607 	8598753109 1273607 0 0 0 	37764061 1273607 0 	481.004 	3 	100
21110800000000 21110900000368 	8800027452 25711265218 1296642 	8798730810 1296642 0 0 0 	38449378 1296642 0 	480.7 	3 	100
21136400000000 21136500000368 	9000028188 26296057560 1319364 	8998708824 1319364 0 0 0 	39124373 1319364 0 	480.411 	3 	100
21162000000000 21162100000368 	9200028924 26880908250 1341982 	9198686942 1341982 0 0 0 	39797423 1341982 0 	480.134 	3 	100
21187600000000 21187700000368 	9400029660 27465802427 1364407 	9398665253 1364407 0 0 0 	40459167 1364407 0 	479.869 	3 	100
21213200000000 21213300000368 	9600030396 28050716035 1386845 	9598643551 1386845 0 0 0 	41125755 1386845 0 	479.616 	3 	100
21238800000000 21238900000352 	9800031100 28635632385 1408999 	9798622101 1408999 0 0 0 	41790818 1408999 0 	479.287 	3 	100
21264400000000 21264500000352 	10000031804 29220580698 1430873 	9998600931 1430873 0 0 0 	42442695 1430873 0 	478.971 	3 	100
21290000000000 21290100000352 	10200032508 29805555516 1452500 	10198580008 1452500 0 0 0 	43079683 1452500 0 	478.668 	3 	100
21315600000000 21315700000352 	10400033212 30390549788 1473825 	10398559387 1473825 0 0 0 	43705198 1473825 0 	478.377 	3 	100
21341200000000 21341300000352 	10600033916 30975625045 1495046 	10598538870 1495046 0 0 0 	44327906 1495046 0 	478.098 	3 	100
21366800000000 21366900000120 	10800034156 31560593341 1515709 	10798518447 1515709 0 0 0 	44938364 1515709 0 	477.77 	3 	100
21392400000000 21392500000120 	11000034396 32145612557 1535999 	10998498397 1535999 0 0 0 	45524735 1535999 0 	477.454 	3 	100
21418000000000 21418100000120 	11200034636 32730671442 1556131 	11198478505 1556131 0 0 0 	46125650 1556131 0 	477.15 	3 	100
21443600000000 21443700000120 	11400034876 33315764043 1576224 	11398458652 1576224 0 0 0 	46724231 1576224 0 	476.857 	3 	100
21469200000000 21469300000120 	11600035116 33900850252 1596067 	11598439049 1596067 0 0 0 	47315557 1596067 0 	476.574 	3 	100
21494800000000 21494900000120 	11800035356 34486031985 1615761 	11798419595 1615761 0 0 0 	47900225 1615761 0 	476.301 	3 	100
21520400000000 21520500000178 	12000035712 35071160700 1635601 	11998400111 1635601 0 0 0 	48493377 1635601 0 	475.984 	3 	100
21546000000000 21546100000178 	12200036068 35656295990 1654819 	12198381249 1654819 0 0 0 	49057257 1654819 0 	475.678 	3 	100
21571600000000 21571700000178 	12400036424 36241495878 1673998 	12398362426 1673998 0 0 0 	49629533 1673998 0 	475.382 	3 	100
21597200000000 21597300000178 	12600036780 36826694624 1692786 	12598343994 1692786 0 0 0 	50184356 1692786 0 	475.096 	3 	100
21622800000000 21622900000178 	12800037136 37411869587 1711758 	12798325378 1711758 0 0 0 	50743669 1711758 0 	474.819 	3 	100
21648400000000 21648500000178 	13000037492 37997092346 1730244 	12998307248 1730244 0 0 0 	51291814 1730244 0 	474.551 	3 	100
21674000000000 21674100000355 	13200038202 38582437006 1748621 	13198289581 1748621 0 0 0 	51835650 1748621 0 	474.242 	3 	100
21699600000000 21699700000355 	13400038912 39167761192 1766898 	13398272014 1766898 0 0 0 	52378024 1766898 0 	473.943 	3 	100
21725200000000 21725300000355 	13600039622 39753043600 1784691 	13598254931 1784691 0 0 0 	52905907 1784691 0 	473.653 	3 	100
21750800000000 21750900000355 	13800040332 40338362867 1802170 	13798238162 1802170 0 0 0 	53424939 1802170 0 	473.372 	3 	100
21776400000000 21776500000355 	14000041042 40923754749 1819580 	13998221462 1819580 0 0 0 	53942964 1819580 0 	473.099 	3 	100
21802000000000 21802100000355 	14200041752 41509127016 1836748 	14198205004 1836748 0 0 0 	54451587 1836748 0 	472.834 	3 	100
21827600000000 21827700000230 	14400042212 42094576364 1853894 	14398188318 1853894 0 0 0 	54958394 1853894 0 	472.516 	3 	100
21853200000000 21853300000230 	14600042672 42679954410 1870760 	14598171912 1870760 0 0 0 	55459717 1870760 0 	472.208 	3 	100
21878800000000 21878900000230 	14800043132 43265343378 1887374 	14798155758 1887374 0 0 0 	55946788 1887374 0 	471.908 	3 	100
21904400000000 21904500000230 	15000043592 43850707583 1903955 	14998139637 1903955 0 0 0 	56436580 1903955 0 	471.616 	3 	100
21930000000000 21930100000230 	15200044052 44436104805 1920490 	15198123562 1920490 0 0 0 	56921466 1920490 0 	471.333 	3 	100
21955600000000 21955700000230 	15400044512 45021642955 1936453 	15398108059 1936453 0 0 0 	57395224 1936453 0 	471.057 	3 	100
21981200000000 21981300000320 	15600045152 45607107338 1952590 	15598092562 1952590 0 0 0 	57877989 1952590 0 	470.746 	3 	100
22006800000000 22006900000320 	15800045792 46192591036 1968413 	15798077379 1968413 0 0 0 	58353277 1968413 0 	470.444 	3 	100
22032400000000 22032500000320 	16000046432 46778169589 1984250 	15998062182 1984250 0 0 0 	58820322 1984250 0 	470.15 	3 	100
22058000000000 22058100000320 	16200047072 47363738092 1999719 	16198047353 1999719 0 0 0 	59277237 1999719 0 	469.863 	3 	100
22083600000000 22083700000320 	16400047712 47949306339 2015033 	16398032679 2015033 0 0 0 	59737757 2015033 0 	469.583 	3 	100
22109200000000 22109300000320 	16600048352 48534918247 2030090 	16598018262 2030090 0 0 0 	60178501 2030090 0 	469.311 	3 	100
22134800000000 22134900000400 	16800049152 49120608133 2045053 	16798004099 2045053 0 0 0 	60624046 2045053 0 	469.006 	3 	100
22160400000000 22160500000400 	17000049952 49706312109 2059894 	16997990058 2059894 0 0 0 	61069555 2059894 0 	468.708 	3 	100
22186000000000 22186100000400 	17200050752 50292026057 2074552 	17197976200 2074552 0 0 0 	61509662 2074552 0 	468.418 	3 	100
22211600000000 22211700000400 	17400051552 50877686095 2089481 	17397962071 2089481 0 0 0 	61953322 2089481 0 	468.135 	3 	100
22237200000000 22237300000400 	17600052352 51463452562 2103763 	17597948589 2103763 0 0 0 	62382404 2103763 0 	467.859 	3 	100
22262800000000 22262900000400 	17800053152 52049273034 2117991 	17797935161 2117991 0 0 0 	62805084 2117991 0 	467.589 	3 	100
22288400000000 22288500000290 	18000053732 52634992253 2132037 	17997921695 2132037 0 0 0 	63223435 2132037 0 	467.288 	3 	100
22314000000000 22314100000290 	18200054312 53220823516 2145967 	18197908345 2145967 0 0 0 	63639023 2145967 0 	466.995 	3 	100
22339600000000 22339700000290 	18400054892 53806640499 2159601 	18397895291 2159601 0 0 0 	64050390 2159601 0 	466.708 	3 	100
22365200000000 22365300000290 	18600055472 54392471591 2173466 	18597882006 2173466 0 0 0 	64462194 2173466 0 	466.427 	3 	100
22390800000000 22390900000290 	18800056052 54978329016 2186967 	18797869085 2186967 0 0 0 	64862725 2186967 0 	466.153 	3 	100
22416400000000 22416500000290 	19000056632 55564163928 2200243 	18997856389 2200243 0 0 0 	65260199 2200243 0 	465.885 	3 	100
22442000000000 22442100000249 	19200057130 56150005527 2213293 	19197843837 2213293 0 0 0 	65640556 2213293 0 	465.588 	3 	100
22467600000000 22467700000249 	19400057628 56735890381 2226424 	19397831204 2226424 0 0 0 	66035606 2226424 0 	465.298 	3 	100
22493200000000 22493300000249 	19600058126 57321816489 2239504 	19597818622 2239504 0 0 0 	66428246 2239504 0 	465.014 	3 	100
22518800000000 22518900000249 	19800058624 57907756161 2252441 	19797806183 2252441 0 0 0 	66816204 2252441 0 	464.735 	3 	100
22544400000000 22544500000249 	20000059122 58493698309 2265130 	19997793992 2265130 0 0 0 	67194518 2265130 0 	464.463 	3 	100
22570000000000 22570100000249 	20200059620 59079668961 2277512 	20197782108 2277512 0 0 0 	67560513 2277512 0 	464.197 	3 	100
22595600000000 22595700000088 	20400059796 59665664707 2289833 	20397769963 2289833 0 0 0 	67925100 2289833 0 	463.902 	3 	100
22621200000000 22621300000088 	20600059972 60251684372 2302217 	20597757755 2302217 0 0 0 	68293488 2302217 0 	463.614 	3 	100
22646800000000 22646900000088 	20800060148 60837747621 2314389 	20797745759 2314389 0 0 0 	68652608 2314389 0 	463.332 	3 	100
22672400000000 22672500000088 	21000060324 61423833657 2326418 	20997733906 2326418 0 0 0 	69008881 2326418 0 	463.056 	3 	100
22698000000000 22698100000088 	21200060500 62009882647 2338289 	21197722211 2338289 0 0 0 	69358672 2338289 0 	462.785 	3 	100
22723600000000 22723700000088 	21400060676 62595962203 2350109 	21397710567 2350109 0 0 0 	69709609 2350109 0 	462.519 	3 	100
22749200000000 22749300000110 	21600060896 63182085310 2361695 	21597699201 2361695 0 0 0 	70054990 2361695 0 	462.238 	3 	100
22774800000000 22774900000110 	21800061116 63768264787 2373086 	21797688030 2373086 0 0 0 	70395330 2373086 0 	461.962 	3 	100
22800400000000 22800500000110 	22000061336 64354477462 2384454 	21997676882 2384454 0 0 0 	70732673 2384454 0 	461.692 	3 	100
22826000000000 22826100000110 	22200061556 64940664868 2395705 	22197665851 2395705 0 0 0 	71066654 2395705 0 	461.427 	3 	100
22851600000000 22851700000110 	22400061776 65526903487 2406850 	22397654926 2406850 0 0 0 	71401154 2406850 0 	461.166 	3 	100
22877200000000 22877300000110 	22600061996 66113152030 2417937 	22597644059 2417937 0 0 0 	71732895 2417937 0 	460.911 	3 	100
22902800000000 22902900000189 	22800062374 66699377801 2428864 	22797633510 2428864 0 0 0 	72059395 2428864 0 	460.631 	3 	100
22928400000000 22928500000189 	23000062752 67285705669 2439699 	22997623053 2439699 0 0 0 	72377037 2439699 0 	460.355 	3 	100
22954000000000 22954100000189 	23200063130 67872037949 2450489 	23197612641 2450489 0 0 0 	72700068 2450489 0 	460.085 	3 	100
22979600000000 22979700000189 	23400063508 68458337717 2461097 	23397602411 2461097 0 0 0 	73012972 2461097 0 	459.82 	3 	100
23005200000000 23005300000189 	23600063886 69044728498 2471460 	23597592426 2471460 0 0 0 	73320161 2471460 0 	459.56 	3 	100
23030800000000 23030900000189 	23800064264 69631109673 2481833 	23797582431 2481833 0 0 0 	73628433 2481833 0 	459.304 	3 	100
23056400000000 23056500000060 	24000064384 70217511597 2492185 	23997572199 2492185 0 0 0 	73938529 2492185 0 	459.024 	3 	100
23082000000000 23082100000060 	24200064504 70803931937 2502305 	24197562199 2502305 0 0 0 	74237062 2502305 0 	458.749 	3 	100
23107600000000 23107700000060 	24400064624 71390350206 2512305 	24397552319 2512305 0 0 0 	74533580 2512305 0 	458.479 	3 	100
23133200000000 23133300000060 	24600064744 71976780293 2522204 	24597542540 2522204 0 0 0 	74824513 2522204 0 	458.214 	3 	100
23158800000000 23158900000060 	24800064864 72563248107 2532083 	24797532781 2532083 0 0 0 	75119702 2532083 0 	457.953 	3 	100
23184400000000 23184500000375 	25000065614 73149729917 2541830 	24997523784 2541830 0 0 0 	75407192 2541830 0 	457.669 	3 	100
23210000000000 23210100000375 	25200066364 73736237322 2551453 	25197514911 2551453 0 0 0 	75691501 2551453 0 	457.39 	3 	100
23235600000000 23235700000375 	25400067114 74322780354 2561066 	25397506048 2561066 0 0 0 	75978683 2561066 0 	457.116 	3 	100
23261200000000 23261300000375 	25600067864 74909222015 2570383 	25597497481 2570383 0 0 0 	76258111 2570383 0 	456.846 	3 	100
23286800000000 23286900000375 	25800068614 75495812733 2579563 	25797489051 2579563 0 0 0 	76524605 2579563 0 	456.581 	3 	100
23312400000000 23312500000375 	26000069364 76082382675 2588865 	25997480499 2588865 0 0 0 	76801043 2588865 0 	456.32 	3 	100
23338000000000 23338100000074 	26200069512 76668995706 2598102 	26197471410 2598102 0 0 0 	77073417 2598102 0 	456.037 	3 	100
23363600000000 23363700000074 	26400069660 77255602204 2607142 	26397462518 2607142 0 0 0 	77343153 2607142 0 	455.759 	3 	100
23389200000000 23389300000074 	26600069808 77842195708 2616033 	26597453775 2616033 0 0 0 	77611004 2616033 0 	455.485 	3 	100
23414800000000 23414900000074 	26800069956 78428808149 2624768 	26797445188 2624768 0 0 0 	77873635 2624768 0 	455.215 	3 	100
23440400000000 23440500000074 	27000070104 79015450061 2633471 	26997436633 2633471 0 0 0 	78131498 2633471 0 	454.95 	3 	100
23466000000000 23466100000074 	27200070252 79602177310 2641964 	27197428288 2641964 0 0 0 	78382114 2641964 0 	454.689 	3 	100
23491600000000 23491700000320 	27400070892 80188917091 2650334 	27397420558 2650334 0 0 0 	78633696 2650334 0 	454.415 	3 	100
23517200000000 23517300000320 	27600071532 80775631427 2658792 	27597412740 2658792 0 0 0 	78884622 2658792 0 	454.145 	3 	100
23542800000000 23542900000320 	27800072172 81362407281 2666966 	27797405206 2666966 0 0 0 	79129641 2666966 0 	453.88 	3 	100
23568400000000 23568500000320 	28000072812 81949179570 2675145 	27997397667 2675145 0 0 0 	79371921 2675145 0 	453.618 	3 	100
23594000000000 23594100000320 	28200073452 82535934448 2683324 	28197390128 2683324 0 0 0 	79614121 2683324 0 	453.361 	3 	100
23619600000000 23619700000320 	28400074092 83122716558 2691481 	28397382611 2691481 0 0 0 	79857837 2691481 0 	453.108 	3 	100
23645200000000 23645300000353 	28600074798 83709517016 2699392 	28597375406 2699392 0 0 0 	80094604 2699392 0 	452.833 	3 	100
23670800000000 23670900000353 	28800075504 84296372739 2707372 	28797368132 2707372 0 0 0 	80333428 2707372 0 	452.563 	3 	100
23696400000000 23696500000353 	29000076210 84883231218 2715191 	28997361019 2715191 0 0 0 	80567018 2715191 0 	452.297 	3 	100
23722000000000 23722100000353 	29200076916 85470178993 2723279 	29197353637 2723279 0 0 0 	80809587 2723279 0 	452.035 	3 	100
23747600000000 23747700000353 	29400077622 86057069231 2730908 	29397346714 2730908 0 0 0 	81039167 2730908 0 	451.777 	3 	100
23773200000000 23773300000353 	29600078328 86644070832 2738496 	29597339832 2738496 0 0 0 	81266349 2738496 0 	451.523 	3 	100
23798800000000 23798900000044 	29800078416 87231043042 2745888 	29797332528 2745888 0 0 0 	81489481 2745888 0 	451.248 	3 	100
23824400000000 23824500000044 	30000078504 87818074849 2753323 	29997325181 2753323 0 0 0 	81710041 2753323 0 	450.978 	3 	100
23850000000000 23850100000044 	30200078592 88405090907 2760586 	30197318006 2760586 0 0 0 	81926047 2760586 0 	450.711 	3 	100
