20011600000000 20011700000476 	200000952 583897537 36839 	199964113 36839 0 0 0 	1094396 36839 0 	492 	3 	116
20037200000000 20037300000476 	400001904 1167877060 73137 	399928767 73137 0 0 0 	2166671 73137 0 	492 	3 	116
20062800000000 20062900000476 	600002856 1751890225 109197 	599893659 109197 0 0 0 	3225680 109197 0 	492 	3 	116
20088400000000 20088500000476 	800003808 2335896779 144717 	799859091 144717 0 0 0 	4282044 144717 0 	492 	3 	116
20114000000000 20114100000476 	1000004760 2919932491 180078 	999824682 180078 0 0 0 	5327220 180078 0 	492 	3 	116
20139600000000 20139700000476 	1200005712 3503918895 214987 	1199790725 214987 0 0 0 	6365163 214987 0 	492 	3 	116
20165200000000 20165300000011 	1400005734 4087972547 249246 	1399756488 249246 0 0 0 	7379809 249246 0 	491.569 	3 	116
20190800000000 20190900000011 	1600005756 4671995039 283301 	1599722455 283301 0 0 0 	8386133 283301 0 	491.247 	3 	116
20216400000000 20216500000011 	1800005778 5256113339 316812 	1799688966 316812 0 0 0 	9385579 316812 0 	490.996 	3 	116
20242000000000 20242100000011 	2000005800 5840182691 350165 	1999655635 350165 0 0 0 	10376273 350165 0 	490.796 	3 	116
20267600000000 20267700000011 	2200005822 6424245213 383037 	2199622785 383037 0 0 0 	11351928 383037 0 	490.632 	3 	116
20293200000000 20293300000011 	2400005844 7008373066 415923 	2399589921 415923 0 0 0 	12327481 415923 0 	490.495 	3 	116
20318800000000 20318900000210 	2600006264 7592558439 448158 	2599558106 448158 0 0 0 	13289633 448158 0 	490.068 	3 	116
20344400000000 20344500000210 	2800006684 8176715962 480112 	2799526572 480112 0 0 0 	14235577 480112 0 	489.703 	3 	116
20370000000000 20370100000210 	3000007104 8760877290 511385 	2999495719 511385 0 0 0 	15168531 511385 0 	489.386 	3 	116
20395600000000 20395700000210 	3200007524 9345073941 542546 	3199464978 542546 0 0 0 	16085646 542546 0 	489.11 	3 	116
20421200000000 20421300000210 	3400007944 9929292849 573352 	3399434592 573352 0 0 0 	17001683 573352 0 	488.866 	3 	116
20446800000000 20446900000210 	3600008364 10513563976 604002 	3599404362 604002 0 0 0 	17906621 604002 0 	488.65 	3 	116
20472400000000 20472500000381 	3800009126 11097808389 634251 	3799374875 634251 0 0 0 	18801038 634251 0 	488.241 	3 	116
20498000000000 20498100000381 	4000009888 11682175761 664113 	3999345775 664113 0 0 0 	19688014 664113 0 	487.874 	3 	116
20523600000000 20523700000381 	4200010650 12266481526 693647 	4199317003 693647 0 0 0 	20561669 693647 0 	487.542 	3 	116
20549200000000 20549300000381 	4400011412 12850769952 723240 	4399288172 723240 0 0 0 	21443317 723240 0 	487.241 	3 	116
20574800000000 20574900000381 	4600012174 13435207052 752538 	4599259636 752538 0 0 0 	22315847 752538 0 	486.966 	3 	116
20600400000000 20600500000381 	4800012936 14019561913 781378 	4799231558 781378 0 0 0 	23179128 781378 0 	486.715 	3 	116
20626000000000 20626100000468 	5000013872 14603966899 809933 	4999203939 809933 0 0 0 	24022843 809933 0 	486.36 	3 	116
20651600000000 20651700000468 	5200014808 15188327039 838349 	5199176459 838349 0 0 0 	24856300 838349 0 	486.033 	3 	116
20677200000000 20677300000468 	5400015744 15772791004 866077 	5399149667 866077 0 0 0 	25678416 866077 0 	485.731 	3 	116
20702800000000 20702900000468 	5600016680 16357279233 893436 	5599123244 893436 0 0 0 	26497091 893436 0 	485.45 	3 	116
20728400000000 20728500000468 	5800017616 16941798463 920943 	5799096673 920943 0 0 0 	27314860 920943 0 	485.19 	3 	116
20754000000000 20754100000468 	6000018552 17526350502 948062 	5999070490 948062 0 0 0 	28126162 948062 0 	484.946 	3 	116
20779600000000 20779700000254 	6200019060 18110899105 974697 	6199044363 974697 0 0 0 	28923229 974697 0 	484.585 	3 	116
20805200000000 20805300000254 	6400019568 18695473137 1000938 	6399018630 1000938 0 0 0 	29696907 1000938 0 	484.247 	3 	116
20830800000000 20830900000254 	6600020076 19280085233 1026976 	6598993100 1026976 0 0 0 	30473832 1026976 0 	483.93 	3 	116
20856400000000 20856500000254 	6800020584 19864671720 1052924 	6798967660 1052924 0 0 0 	31242629 1052924 0 	483.632 	3 	116
20882000000000 20882100000254 	7000021092 20449322077 1078230 	6998942862 1078230 0 0 0 	32000012 1078230 0 	483.352 	3 	116
20907600000000 20907700000254 	7200021600 21034015724 1103463 	7198918137 1103463 0 0 0 	32748620 1103463 0 	483.087 	3 	116
20933200000000 20933300000365 	7400022330 21618681486 1128520 	7398893810 1128520 0 0 0 	33480653 1128520 0 	482.752 	3 	116
20958800000000 20958900000365 	7600023060 22203375011 1153211 	7598869849 1153211 0 0 0 	34210477 1153211 0 	482.435 	3 	116
20984400000000 20984500000365 	7800023790 22788041980 1177356 	7798846434 1177356 0 0 0 	34935962 1177356 0 	482.135 	3 	116
21010000000000 21010100000365 	8000024520 23372782031 1201414 	7998823106 1201414 0 0 0 	35650907 1201414 0 	481.85 	3 	116
21035600000000 21035700000365 	8200025250 23957460549 1225237 	8198800013 1225237 0 0 0 	36357596 1225237 0 	481.58 	3 	116
21061200000000 21061300000365 	8400025980 24542235434 1248853 	8398777127 1248853 0 0 0 	37062096 1248853 0 	481.322 	3 	116
21086800000000 21086900000368 	8600026716 25126987890 1272233 	8598754483 1272233 0 0 0 	37751328 1272233 0 	481.004 	3 	116
21112400000000 21112500000368 	8800027452 25711822191 1295525 	8798731927 1295525 0 0 0 	38439050 1295525 0 	480.7 	3 	116
21138000000000 21138100000368 	9000028188 26296633251 1318377 	8998709811 1318377 0 0 0 	39116795 1318377 0 	480.411 	3 	116
21163600000000 21163700000368 	9200028924 26881501150 1341301 	9198687623 1341301 0 0 0 	39801034 1341301 0 	480.134 	3 	116
21189200000000 21189300000368 	9400029660 27466339194 1363834 	9398665826 1363834 0 0 0 	40473450 1363834 0 	479.869 	3 	116
21214800000000 21214900000352 	9600030364 28051224887 1386012 	9598644352 1386012 0 0 0 	41130704 1386012 0 	479.528 	3 	116
21240400000000 21240500000352 	9800031068 28636154885 1408028 	9798623040 1408028 0 0 0 	41781415 1408028 0 	479.2 	3 	116
21266000000000 21266100000352 	10000031772 29221091700 1429777 	9998601995 1429777 0 0 0 	42431160 1429777 0 	478.887 	3 	116
21291600000000 21291700000352 	10200032476 29806002652 1451097 	10198581379 1451097 0 0 0 	43070883 1451097 0 	478.585 	3 	116
21317200000000 21317300000352 	10400033180 30390909463 1472411 	10398560769 1472411 0 0 0 	43696765 1472411 0 	478.296 	3 	116
21342800000000 21342900000352 	10600033884 30975877144 1493296 	10598540588 1493296 0 0 0 	44314951 1493296 0 	478.018 	3 	116
21368400000000 21368500000120 	10800034124 31560940928 1514143 	10798519981 1514143 0 0 0 	44937695 1514143 0 	477.692 	3 	116
21394000000000 21394100000120 	11000034364 32145970607 1534666 	10998499698 1534666 0 0 0 	45542244 1534666 0 	477.378 	3 	116
21419600000000 21419700000120 	11200034604 32731003867 1555183 	11198479421 1555183 0 0 0 	46143889 1555183 0 	477.075 	3 	116
21445200000000 21445300000120 	11400034844 33316021772 1575269 	11398459575 1575269 0 0 0 	46739900 1575269 0 	476.783 	3 	116
21470800000000 21470900000120 	11600035084 33901105104 1595251 	11598439833 1595251 0 0 0 	47338324 1595251 0 	476.502 	3 	116
21496400000000 21496500000120 	11800035324 34486205437 1615021 	11798420303 1615021 0 0 0 	47912985 1615021 0 	476.231 	3 	116
21522000000000 21522100000178 	12000035680 35071367177 1634282 	11998401398 1634282 0 0 0 	48491191 1634282 0 	475.915 	3 	116
21547600000000 21547700000178 	12200036036 35656551208 1653655 	12198382381 1653655 0 0 0 	49063919 1653655 0 	475.61 	3 	116
21573200000000 21573300000178 	12400036392 36241755703 1672755 	12398363637 1672755 0 0 0 	49626754 1672755 0 	475.315 	3 	116
21598800000000 21598900000178 	12600036748 36826965575 1691571 	12598345177 1691571 0 0 0 	50183785 1691571 0 	475.03 	3 	116
21624400000000 21624500000178 	12800037104 37412168905 1710304 	12798326800 1710304 0 0 0 	50745329 1710304 0 	474.754 	3 	116
21650000000000 21650100000178 	13000037460 37997422661 1728823 	12998308637 1728823 0 0 0 	51298498 1728823 0 	474.487 	3 	116
21675600000000 21675700000355 	13200038170 38582659960 1746891 	13198291279 1746891 0 0 0 	51837856 1746891 0 	474.179 	3 	116
21701200000000 21701300000355 	13400038880 39167991372 1764883 	13398273997 1764883 0 0 0 	52375984 1764883 0 	473.881 	3 	116
21726800000000 21726900000355 	13600039590 39753298156 1782620 	13598256970 1782620 0 0 0 	52903435 1782620 0 	473.592 	3 	116
21752400000000 21752500000355 	13800040300 40338639699 1800512 	13798239788 1800512 0 0 0 	53431121 1800512 0 	473.312 	3 	116
21778000000000 21778100000355 	14000041010 40923972411 1818159 	13998222851 1818159 0 0 0 	53958135 1818159 0 	473.04 	3 	116
21803600000000 21803700000355 	14200041720 41509368797 1835568 	14198206152 1835568 0 0 0 	54487196 1835568 0 	472.776 	3 	116
21829200000000 21829300000230 	14400042180 42094743379 1852567 	14398189613 1852567 0 0 0 	54992417 1852567 0 	472.459 	3 	116
21854800000000 21854900000230 	14600042640 42680122576 1869321 	14598173319 1869321 0 0 0 	55486402 1869321 0 	472.151 	3 	116
21880400000000 21880500000230 	14800043100 43265557848 1886027 	14798157073 1886027 0 0 0 	55988332 1886027 0 	471.852 	3 	116
21906000000000 21906100000230 	15000043560 43850990124 1902453 	14998141107 1902453 0 0 0 	56480901 1902453 0 	471.562 	3 	116
21931600000000 21931700000230 	15200044020 44436416673 1918757 	15198125263 1918757 0 0 0 	56962574 1918757 0 	471.279 	3 	116
21957200000000 21957300000230 	15400044480 45021949864 1934940 	15398109540 1934940 0 0 0 	57448299 1934940 0 	471.004 	3 	116
21982800000000 21982900000320 	15600045120 45607468476 1950897 	15598094223 1950897 0 0 0 	57929059 1950897 0 	470.694 	3 	116
22008400000000 22008500000320 	15800045760 46192992679 1966590 	15798079170 1966590 0 0 0 	58401636 1966590 0 	470.392 	3 	116
22034000000000 22034100000320 	16000046400 46778519051 1982404 	15998063996 1982404 0 0 0 	58866699 1982404 0 	470.099 	3 	116
22059600000000 22059700000320 	16200047040 47364082924 1997802 	16198049238 1997802 0 0 0 	59317618 1997802 0 	469.813 	3 	116
22085200000000 22085300000320 	16400047680 47949747479 2012873 	16398034807 2012873 0 0 0 	59764692 2012873 0 	469.534 	3 	116
22110800000000 22110900000320 	16600048320 48535312762 2027890 	16598020430 2027890 0 0 0 	60201877 2027890 0 	469.262 	3 	116
22136400000000 22136500000400 	16800049120 49120985340 2042904 	16798006216 2042904 0 0 0 	60644241 2042904 0 	468.958 	3 	116
22162000000000 22162100000400 	17000049920 49706684165 2057837 	16997992083 2057837 0 0 0 	61086746 2057837 0 	468.661 	3 	116
22187600000000 22187700000400 	17200050720 50292356572 2072516 	17197978204 2072516 0 0 0 	61522912 2072516 0 	468.371 	3 	116
22213200000000 22213300000400 	17400051520 50878015668 2087178 	17397964342 2087178 0 0 0 	61960715 2087178 0 	468.089 	3 	116
22238800000000 22238900000400 	17600052320 51463736098 2101613 	17597950707 2101613 0 0 0 	62391024 2101613 0 	467.813 	3 	116
22264400000000 22264500000400 	17800053120 52049474628 2115689 	17797937431 2115689 0 0 0 	62811645 2115689 0 	467.544 	3 	116
22290000000000 22290100000290 	18000053700 52635221115 2129636 	17997924064 2129636 0 0 0 	63225017 2129636 0 	467.244 	3 	116
22315600000000 22315700000290 	18200054280 53220992633 2143223 	18197911057 2143223 0 0 0 	63629479 2143223 0 	466.95 	3 	116
22341200000000 22341300000290 	18400054860 53806764200 2157123 	18397897737 2157123 0 0 0 	64043693 2157123 0 	466.664 	3 	116
22366800000000 22366900000290 	18600055440 54392607349 2170716 	18597884724 2170716 0 0 0 	64445382 2170716 0 	466.384 	3 	116
22392400000000 22392500000290 	18800056020 54978448054 2184121 	18797871899 2184121 0 0 0 	64841559 2184121 0 	466.111 	3 	116
22418000000000 22418100000290 	19000056600 55564318521 2197301 	18997859299 2197301 0 0 0 	65236436 2197301 0 	465.843 	3 	116
22443600000000 22443700000249 	19200057098 56150211899 2210616 	19197846482 2210616 0 0 0 	65632477 2210616 0 	465.547 	3 	116
22469200000000 22469300000249 	19400057596 56736135565 2223491 	19397834105 2223491 0 0 0 	66014311 2223491 0 	465.257 	3 	116
22494800000000 22494900000249 	19600058094 57322059894 2236314 	19597821780 2236314 0 0 0 	66400839 2236314 0 	464.973 	3 	116
22520400000000 22520500000249 	19800058592 57907978514 2249168 	19797809424 2249168 0 0 0 	66779781 2249168 0 	464.695 	3 	116
22546000000000 22546100000249 	20000059090 58493947633 2261682 	19997797408 2261682 0 0 0 	67147198 2261682 0 	464.423 	3 	116
22571600000000 22571700000249 	20200059588 59079933935 2274229 	20197785359 2274229 0 0 0 	67519928 2274229 0 	464.157 	3 	116
22597200000000 22597300000088 	20400059764 59665918393 2286759 	20397773005 2286759 0 0 0 	67894860 2286759 0 	463.864 	3 	116
22622800000000 22622900000088 	20600059940 60251969767 2298982 	20597760958 2298982 0 0 0 	68255130 2298982 0 	463.576 	3 	116
22648400000000 22648500000088 	20800060116 60838030899 2311028 	20797749088 2311028 0 0 0 	68607278 2311028 0 	463.294 	3 	116
22674000000000 22674100000088 	21000060292 61424114820 2322750 	20997737542 2322750 0 0 0 	68956709 2322750 0 	463.018 	3 	116
22699600000000 22699700000088 	21200060468 62010172781 2334479 	21197725989 2334479 0 0 0 	69305860 2334479 0 	462.748 	3 	116
22725200000000 22725300000088 	21400060644 62596218398 2345973 	21397714671 2345973 0 0 0 	69648039 2345973 0 	462.482 	3 	116
22750800000000 22750900000110 	21600060864 63182321525 2357764 	21597703100 2357764 0 0 0 	69999409 2357764 0 	462.202 	3 	116
22776400000000 22776500000110 	21800061084 63768490562 2369355 	21797691729 2369355 0 0 0 	70342085 2369355 0 	461.926 	3 	116
22802000000000 22802100000110 	22000061304 64354706247 2380755 	21997680549 2380755 0 0 0 	70677344 2380755 0 	461.656 	3 	116
22827600000000 22827700000110 	22200061524 64940894428 2391858 	22197669666 2391858 0 0 0 	71004527 2391858 0 	461.391 	3 	116
22853200000000 22853300000110 	22400061744 65527098726 2403149 	22397658595 2403149 0 0 0 	71339322 2403149 0 	461.131 	3 	116
22878800000000 22878900000110 	22600061964 66113357686 2413974 	22597647990 2413974 0 0 0 	71660621 2413974 0 	460.876 	3 	116
22904400000000 22904500000189 	22800062342 66699597859 2424821 	22797637521 2424821 0 0 0 	71980400 2424821 0 	460.596 	3 	116
22930000000000 22930100000189 	23000062720 67285839124 2435597 	22997627123 2435597 0 0 0 	72303321 2435597 0 	460.321 	3 	116
22955600000000 22955700000189 	23200063098 67872134391 2446217 	23197616881 2446217 0 0 0 	72618580 2446217 0 	460.052 	3 	116
22981200000000 22981300000189 	23400063476 68458442293 2456830 	23397606646 2456830 0 0 0 	72937302 2456830 0 	459.787 	3 	116
23006800000000 23006900000189 	23600063854 69044780322 2467376 	23597596478 2467376 0 0 0 	73252252 2467376 0 	459.527 	3 	116
23032400000000 23032500000060 	23800063974 69631078771 2477678 	23797586296 2477678 0 0 0 	73561159 2477678 0 	459.242 	3 	116
23058000000000 23058100000060 	24000064094 70217451492 2487899 	23997576195 2487899 0 0 0 	73866752 2487899 0 	458.963 	3 	116
23083600000000 23083700000060 	24200064214 70803840821 2497964 	24197566250 2497964 0 0 0 	74169428 2497964 0 	458.689 	3 	116
23109200000000 23109300000060 	24400064334 71390246844 2508041 	24397556293 2508041 0 0 0 	74468867 2508041 0 	458.42 	3 	116
23134800000000 23134900000060 	24600064454 71976726207 2517826 	24597546628 2517826 0 0 0 	74763509 2517826 0 	458.155 	3 	116
23160400000000 23160500000060 	24800064574 72563251473 2527620 	24797536954 2527620 0 0 0 	75053611 2527620 0 	457.895 	3 	116
23186000000000 23186100000375 	25000065324 73149755810 2537217 	24997528107 2537217 0 0 0 	75338634 2537217 0 	457.611 	3 	116
23211600000000 23211700000375 	25200066074 73736257300 2546736 	25197519338 2546736 0 0 0 	75623638 2546736 0 	457.333 	3 	116
23237200000000 23237300000375 	25400066824 74322742335 2556158 	25397510666 2556158 0 0 0 	75911227 2556158 0 	457.059 	3 	116
23262800000000 23262900000375 	25600067574 74909346713 2565673 	25597501901 2565673 0 0 0 	76194237 2565673 0 	456.79 	3 	116
23288400000000 23288500000375 	25800068324 75495879655 2574816 	25797493508 2574816 0 0 0 	76469222 2574816 0 	456.525 	3 	116
23314000000000 23314100000375 	26000069074 76082509305 2583887 	25997485187 2583887 0 0 0 	76740128 2583887 0 	456.265 	3 	116
23339600000000 23339700000074 	26200069222 76669075180 2592862 	26197476360 2592862 0 0 0 	77009672 2592862 0 	455.982 	3 	116
23365200000000 23365300000074 	26400069370 77255723990 2601868 	26397467502 2601868 0 0 0 	77277723 2601868 0 	455.704 	3 	116
23390800000000 23390900000074 	26600069518 77842370783 2610869 	26597458649 2610869 0 0 0 	77546651 2610869 0 	455.431 	3 	116
23416400000000 23416500000074 	26800069666 78429019668 2619671 	26797449995 2619671 0 0 0 	77808658 2619671 0 	455.162 	3 	116
23442000000000 23442100000074 	27000069814 79015685062 2628322 	26997441492 2628322 0 0 0 	78060109 2628322 0 	454.897 	3 	116
23467600000000 23467700000074 	27200069962 79602415644 2637084 	27197432878 2637084 0 0 0 	78321116 2637084 0 	454.636 	3 	116
23493200000000 23493300000320 	27400070602 80189133748 2645568 	27397425034 2645568 0 0 0 	78567812 2645568 0 	454.363 	3 	116
23518800000000 23518900000320 	27600071242 80775897949 2653934 	27597417308 2653934 0 0 0 	78817156 2653934 0 	454.093 	3 	116
23544400000000 23544500000320 	27800071882 81362682178 2662372 	27797409510 2662372 0 0 0 	79072599 2662372 0 	453.828 	3 	116
23570000000000 23570100000320 	28000072522 81949494739 2670442 	27997402080 2670442 0 0 0 	79315631 2670442 0 	453.567 	3 	116
23595600000000 23595700000320 	28200073162 82536269278 2678568 	28197394594 2678568 0 0 0 	79555832 2678568 0 	453.311 	3 	116
23621200000000 23621300000320 	28400073802 83122991591 2686385 	28397387417 2686385 0 0 0 	79789189 2686385 0 	453.057 	3 	116
23646800000000 23646900000353 	28600074508 83709827692 2694520 	28597379988 2694520 0 0 0 	80031107 2694520 0 	452.784 	3 	116
23672400000000 23672500000353 	28800075214 84296700702 2702503 	28797372711 2702503 0 0 0 	80270826 2702503 0 	452.514 	3 	116
23698000000000 23698100000353 	29000075920 84883540948 2710277 	28997365643 2710277 0 0 0 	80505112 2710277 0 	452.248 	3 	116
23723600000000 23723700000353 	29200076626 85470436711 2717962 	29197358664 2717962 0 0 0 	80734197 2717962 0 	451.987 	3 	116
23749200000000 23749300000353 	29400077332 86057417458 2725543 	29397351789 2725543 0 0 0 	80960444 2725543 0 	451.729 	3 	116
23774800000000 23774900000353 	29600078038 86644343135 2732895 	29597345143 2732895 0 0 0 	81179164 2732895 0 	451.475 	3 	116
23800400000000 23800500000044 	29800078126 87231343389 2740168 	29797337958 2740168 0 0 0 	81398953 2740168 0 	451.201 	3 	116
23826000000000 23826100000044 	30000078214 87818328382 2747468 	29997330746 2747468 0 0 0 	81623647 2747468 0 	450.931 	3 	116
23851600000000 23851700000044 	30200078302 88405366831 2754809 	30197323493 2754809 0 0 0 	81840839 2754809 0 	450.664 	3 	116
