20012000000000 20012100000476 	200000952 583915778 36819 	199964133 36819 0 0 0 	1083867 36819 0 	492 	3 	120
20037600000000 20037700000476 	400001904 1167769996 73126 	399928778 73126 0 0 0 	2146910 73126 0 	492 	3 	120
20063200000000 20063300000476 	600002856 1751754186 108948 	599893908 108948 0 0 0 	3208226 108948 0 	492 	3 	120
20088800000000 20088900000476 	800003808 2335688740 144342 	799859466 144342 0 0 0 	4247534 144342 0 	492 	3 	120
20114400000000 20114500000476 	1000004760 2919702322 179523 	999825237 179523 0 0 0 	5279921 179523 0 	492 	3 	120
20140000000000 20140100000476 	1200005712 3503687739 214367 	1199791345 214367 0 0 0 	6315136 214367 0 	492 	3 	120
20165600000000 20165700000011 	1400005734 4087639504 248769 	1399756965 248769 0 0 0 	7333133 248769 0 	491.569 	3 	120
20191200000000 20191300000011 	1600005756 4671724412 282870 	1599722886 282870 0 0 0 	8353639 282870 0 	491.247 	3 	120
20216800000000 20216900000011 	1800005778 5255809016 316748 	1799689030 316748 0 0 0 	9351956 316748 0 	490.996 	3 	120
20242400000000 20242500000011 	2000005800 5839903977 350032 	1999655768 350032 0 0 0 	10344245 350032 0 	490.796 	3 	120
20268000000000 20268100000011 	2200005822 6424021321 383120 	2199622702 383120 0 0 0 	11318505 383120 0 	490.632 	3 	120
20293600000000 20293700000011 	2400005844 7008160976 415797 	2399590047 415797 0 0 0 	12287373 415797 0 	490.495 	3 	120
20319200000000 20319300000210 	2600006264 7592284181 448433 	2599557831 448433 0 0 0 	13248858 448433 0 	490.068 	3 	120
20344800000000 20344900000210 	2800006684 8176435070 480300 	2799526384 480300 0 0 0 	14190650 480300 0 	489.703 	3 	120
20370400000000 20370500000210 	3000007104 8760595644 512082 	2999495022 512082 0 0 0 	15127692 512082 0 	489.386 	3 	120
20396000000000 20396100000210 	3200007524 9344814378 543261 	3199464263 543261 0 0 0 	16060110 543261 0 	489.11 	3 	120
20421600000000 20421700000210 	3400007944 9929041526 573957 	3399433987 573957 0 0 0 	16974078 573957 0 	488.866 	3 	120
20447200000000 20447300000210 	3600008364 10513273100 604506 	3599403858 604506 0 0 0 	17882118 604506 0 	488.65 	3 	120
20472800000000 20472900000381 	3800009126 11097557815 634969 	3799374157 634969 0 0 0 	18780811 634969 0 	488.241 	3 	120
20498400000000 20498500000381 	4000009888 11681858713 664928 	3999344960 664928 0 0 0 	19671359 664928 0 	487.874 	3 	120
20524000000000 20524100000381 	4200010650 12266137914 694465 	4199316185 694465 0 0 0 	20547257 694465 0 	487.542 	3 	120
20549600000000 20549700000381 	4400011412 12850494698 723786 	4399287626 723786 0 0 0 	21410132 723786 0 	487.241 	3 	120
20575200000000 20575300000381 	4600012174 13434839518 753046 	4599259128 753046 0 0 0 	22284040 753046 0 	486.966 	3 	120
20600800000000 20600900000381 	4800012936 14019194453 781661 	4799231275 781661 0 0 0 	23128429 781661 0 	486.715 	3 	120
20626400000000 20626500000468 	5000013872 14603530911 809935 	4999203937 809935 0 0 0 	23976095 809935 0 	486.36 	3 	120
20652000000000 20652100000468 	5200014808 15188040631 838276 	5199176532 838276 0 0 0 	24817402 838276 0 	486.033 	3 	120
20677600000000 20677700000468 	5400015744 15772517940 866046 	5399149698 866046 0 0 0 	25643859 866046 0 	485.731 	3 	120
20703200000000 20703300000468 	5600016680 16356978592 893506 	5599123174 893506 0 0 0 	26461597 893506 0 	485.45 	3 	120
20728800000000 20728900000468 	5800017616 16941527564 921080 	5799096536 921080 0 0 0 	27277126 921080 0 	485.19 	3 	120
20754400000000 20754500000468 	6000018552 17526012991 948003 	5999070549 948003 0 0 0 	28073768 948003 0 	484.946 	3 	120
20780000000000 20780100000254 	6200019060 18110541635 974715 	6199044345 974715 0 0 0 	28858197 974715 0 	484.585 	3 	120
20805600000000 20805700000254 	6400019568 18695059950 1001262 	6399018306 1001262 0 0 0 	29643708 1001262 0 	484.247 	3 	120
20831200000000 20831300000254 	6600020076 19279552902 1027636 	6598992440 1027636 0 0 0 	30423447 1027636 0 	483.93 	3 	120
20856800000000 20856900000254 	6800020584 19864063862 1053348 	6798967236 1053348 0 0 0 	31189755 1053348 0 	483.632 	3 	120
20882400000000 20882500000254 	7000021092 20448676793 1078751 	6998942341 1078751 0 0 0 	31942501 1078751 0 	483.352 	3 	120
20908000000000 20908100000254 	7200021600 21033300982 1103754 	7198917846 1103754 0 0 0 	32687103 1103754 0 	483.087 	3 	120
20933600000000 20933700000365 	7400022330 21617952570 1128501 	7398893829 1128501 0 0 0 	33420934 1128501 0 	482.752 	3 	120
20959200000000 20959300000365 	7600023060 22202661793 1153306 	7598869754 1153306 0 0 0 	34155499 1153306 0 	482.435 	3 	120
20984800000000 20984900000365 	7800023790 22787335016 1177750 	7798846040 1177750 0 0 0 	34880586 1177750 0 	482.135 	3 	120
21010400000000 21010500000365 	8000024520 23371997181 1201720 	7998822800 1201720 0 0 0 	35588851 1201720 0 	481.85 	3 	120
21036000000000 21036100000365 	8200025250 23956759369 1225522 	8198799728 1225522 0 0 0 	36293054 1225522 0 	481.58 	3 	120
21061600000000 21061700000365 	8400025980 24541527055 1249054 	8398776926 1249054 0 0 0 	36992731 1249054 0 	481.322 	3 	120
21087200000000 21087300000368 	8600026716 25126283522 1272411 	8598754305 1272411 0 0 0 	37685839 1272411 0 	481.004 	3 	120
21112800000000 21112900000368 	8800027452 25711078103 1295577 	8798731875 1295577 0 0 0 	38368270 1295577 0 	480.7 	3 	120
21138400000000 21138500000368 	9000028188 26295867794 1318626 	8998709562 1318626 0 0 0 	39049149 1318626 0 	480.411 	3 	120
21164000000000 21164100000368 	9200028924 26880732176 1341282 	9198687642 1341282 0 0 0 	39719003 1341282 0 	480.134 	3 	120
21189600000000 21189700000368 	9400029660 27465705296 1363796 	9398665864 1363796 0 0 0 	40387991 1363796 0 	479.869 	3 	120
21215200000000 21215300000352 	9600030364 28050553319 1386015 	9598644349 1386015 0 0 0 	41045148 1386015 0 	479.528 	3 	120
21240800000000 21240900000352 	9800031068 28635449818 1407938 	9798623130 1407938 0 0 0 	41699855 1407938 0 	479.2 	3 	120
21266400000000 21266500000352 	10000031772 29220379789 1429839 	9998601933 1429839 0 0 0 	42353015 1429839 0 	478.887 	3 	120
21292000000000 21292100000352 	10200032476 29805364067 1451315 	10198581161 1451315 0 0 0 	42987353 1451315 0 	478.585 	3 	120
21317600000000 21317700000352 	10400033180 30390379024 1472559 	10398560621 1472559 0 0 0 	43608824 1472559 0 	478.296 	3 	120
21343200000000 21343300000352 	10600033884 30975357395 1493520 	10598540364 1493520 0 0 0 	44226854 1493520 0 	478.018 	3 	120
21368800000000 21368900000120 	10800034124 31560349272 1514426 	10798519698 1514426 0 0 0 	44853747 1514426 0 	477.692 	3 	120
21394400000000 21394500000120 	11000034364 32145428977 1534950 	10998499414 1534950 0 0 0 	45469908 1534950 0 	477.378 	3 	120
21420000000000 21420100000120 	11200034604 32730423585 1555397 	11198479207 1555397 0 0 0 	46078180 1555397 0 	477.075 	3 	120
21445600000000 21445700000120 	11400034844 33315477489 1575391 	11398459453 1575391 0 0 0 	46675315 1575391 0 	476.783 	3 	120
21471200000000 21471300000120 	11600035084 33900517182 1595203 	11598439881 1595203 0 0 0 	47264948 1595203 0 	476.502 	3 	120
21496800000000 21496900000120 	11800035324 34485683929 1614997 	11798420327 1614997 0 0 0 	47860993 1614997 0 	476.231 	3 	120
21522400000000 21522500000178 	12000035680 35070816257 1634382 	11998401298 1634382 0 0 0 	48434818 1634382 0 	475.915 	3 	120
21548000000000 21548100000178 	12200036036 35655993750 1653822 	12198382214 1653822 0 0 0 	49004029 1653822 0 	475.61 	3 	120
21573600000000 21573700000178 	12400036392 36241203170 1673005 	12398363387 1673005 0 0 0 	49570933 1673005 0 	475.315 	3 	120
21599200000000 21599300000178 	12600036748 36826381671 1691887 	12598344861 1691887 0 0 0 	50133310 1691887 0 	475.03 	3 	120
21624800000000 21624900000178 	12800037104 37411562893 1710396 	12798326708 1710396 0 0 0 	50679387 1710396 0 	474.754 	3 	120
21650400000000 21650500000178 	13000037460 37996732056 1728909 	12998308551 1728909 0 0 0 	51227267 1728909 0 	474.487 	3 	120
21676000000000 21676100000355 	13200038170 38582045517 1747064 	13198291106 1747064 0 0 0 	51759509 1747064 0 	474.179 	3 	120
21701600000000 21701700000355 	13400038880 39167314780 1765004 	13398273876 1765004 0 0 0 	52286556 1765004 0 	473.881 	3 	120
21727200000000 21727300000355 	13600039590 39752681065 1782787 	13598256803 1782787 0 0 0 	52818095 1782787 0 	473.592 	3 	120
21752800000000 21752900000355 	13800040300 40338019975 1800218 	13798240082 1800218 0 0 0 	53334826 1800218 0 	473.312 	3 	120
21778400000000 21778500000355 	14000041010 40923359139 1817477 	13998223533 1817477 0 0 0 	53848102 1817477 0 	473.04 	3 	120
21804000000000 21804100000355 	14200041720 41508682181 1834577 	14198207143 1834577 0 0 0 	54359979 1834577 0 	472.776 	3 	120
21829600000000 21829700000230 	14400042180 42094053394 1851794 	14398190386 1851794 0 0 0 	54869818 1851794 0 	472.459 	3 	120
21855200000000 21855300000230 	14600042640 42679353684 1868667 	14598173973 1868667 0 0 0 	55376958 1868667 0 	472.151 	3 	120
21880800000000 21880900000230 	14800043100 43264784734 1885360 	14798157740 1885360 0 0 0 	55876453 1885360 0 	471.852 	3 	120
21906400000000 21906500000230 	15000043560 43850208677 1901909 	14998141651 1901909 0 0 0 	56368523 1901909 0 	471.562 	3 	120
21932000000000 21932100000230 	15200044020 44435688343 1918232 	15198125788 1918232 0 0 0 	56854801 1918232 0 	471.279 	3 	120
21957600000000 21957700000230 	15400044480 45021171770 1934269 	15398110211 1934269 0 0 0 	57329879 1934269 0 	471.004 	3 	120
21983200000000 21983300000320 	15600045120 45606685370 1950191 	15598094929 1950191 0 0 0 	57808425 1950191 0 	470.694 	3 	120
22008800000000 22008900000320 	15800045760 46192204632 1965895 	15798079865 1965895 0 0 0 	58275021 1965895 0 	470.392 	3 	120
22034400000000 22034500000320 	16000046400 46777818665 1981730 	15998064670 1981730 0 0 0 	58746320 1981730 0 	470.099 	3 	120
22060000000000 22060100000320 	16200047040 47363313526 1997136 	16198049904 1997136 0 0 0 	59197611 1997136 0 	469.813 	3 	120
22085600000000 22085700000320 	16400047680 47948934974 2012206 	16398035474 2012206 0 0 0 	59647518 2012206 0 	469.534 	3 	120
22111200000000 22111300000320 	16600048320 48534517858 2027431 	16598020889 2027431 0 0 0 	60095548 2027431 0 	469.262 	3 	120
22136800000000 22136900000400 	16800049120 49120196240 2042467 	16798006653 2042467 0 0 0 	60538697 2042467 0 	468.958 	3 	120
22162400000000 22162500000400 	17000049920 49705860287 2057219 	16997992701 2057219 0 0 0 	60981684 2057219 0 	468.661 	3 	120
22188000000000 22188100000400 	17200050720 50291477164 2071697 	17197979023 2071697 0 0 0 	61415643 2071697 0 	468.371 	3 	120
22213600000000 22213700000400 	17400051520 50877190725 2086212 	17397965308 2086212 0 0 0 	61841148 2086212 0 	468.089 	3 	120
22239200000000 22239300000400 	17600052320 51462761488 2100332 	17597951988 2100332 0 0 0 	62258954 2100332 0 	467.813 	3 	120
22264800000000 22264900000400 	17800053120 52048516056 2114473 	17797938647 2114473 0 0 0 	62676146 2114473 0 	467.544 	3 	120
22290400000000 22290500000290 	18000053700 52634304379 2128458 	17997925242 2128458 0 0 0 	63091171 2128458 0 	467.244 	3 	120
22316000000000 22316100000290 	18200054280 53220052144 2142632 	18197911648 2142632 0 0 0 	63512878 2142632 0 	466.95 	3 	120
22341600000000 22341700000290 	18400054860 53805883169 2156577 	18397898283 2156577 0 0 0 	63928217 2156577 0 	466.664 	3 	120
22367200000000 22367300000290 	18600055440 54391709510 2170234 	18597885206 2170234 0 0 0 	64334311 2170234 0 	466.384 	3 	120
22392800000000 22392900000290 	18800056020 54977530449 2183563 	18797872457 2183563 0 0 0 	64738522 2183563 0 	466.111 	3 	120
22418400000000 22418500000290 	19000056600 55563423110 2196911 	18997859689 2196911 0 0 0 	65135398 2196911 0 	465.843 	3 	120
22444000000000 22444100000249 	19200057098 56149333212 2210127 	19197846971 2210127 0 0 0 	65524594 2210127 0 	465.547 	3 	120
22469600000000 22469700000249 	19400057596 56735331073 2223084 	19397834512 2223084 0 0 0 	65911936 2223084 0 	465.257 	3 	120
22495200000000 22495300000249 	19600058094 57321284237 2235869 	19597822225 2235869 0 0 0 	66296291 2235869 0 	464.973 	3 	120
22520800000000 22520900000249 	19800058592 57907262197 2248749 	19797809843 2248749 0 0 0 	66677043 2248749 0 	464.695 	3 	120
22546400000000 22546500000249 	20000059090 58493260720 2261658 	19997797432 2261658 0 0 0 	67063674 2261658 0 	464.423 	3 	120
22572000000000 22572100000249 	20200059588 59079225735 2274090 	20197785498 2274090 0 0 0 	67431332 2274090 0 	464.157 	3 	120
22597600000000 22597700000088 	20400059764 59665220855 2286478 	20397773286 2286478 0 0 0 	67797246 2286478 0 	463.864 	3 	120
22623200000000 22623300000088 	20600059940 60251261518 2298788 	20597761152 2298788 0 0 0 	68161502 2298788 0 	463.576 	3 	120
22648800000000 22648900000088 	20800060116 60837319032 2310809 	20797749307 2310809 0 0 0 	68522986 2310809 0 	463.294 	3 	120
22674400000000 22674500000088 	21000060292 61423412067 2322966 	20997737326 2322966 0 0 0 	68884927 2322966 0 	463.018 	3 	120
22700000000000 22700100000088 	21200060468 62009541687 2334842 	21197725626 2334842 0 0 0 	69234406 2334842 0 	462.748 	3 	120
22725600000000 22725700000088 	21400060644 62595668242 2346811 	21397713833 2346811 0 0 0 	69592073 2346811 0 	462.482 	3 	120
22751200000000 22751300000110 	21600060864 63181831886 2358272 	21597702592 2358272 0 0 0 	69929180 2358272 0 	462.202 	3 	120
22776800000000 22776900000110 	21800061084 63768008570 2369713 	21797691371 2369713 0 0 0 	70262627 2369713 0 	461.926 	3 	120
22802400000000 22802500000110 	22000061304 64354244811 2381034 	21997680270 2381034 0 0 0 	70603229 2381034 0 	461.656 	3 	120
22828000000000 22828100000110 	22200061524 64940495780 2392264 	22197669260 2392264 0 0 0 	70935039 2392264 0 	461.391 	3 	120
22853600000000 22853700000110 	22400061744 65526727402 2403504 	22397658240 2403504 0 0 0 	71268603 2403504 0 	461.131 	3 	120
22879200000000 22879300000110 	22600061964 66112946365 2414461 	22597647503 2414461 0 0 0 	71595957 2414461 0 	460.876 	3 	120
22904800000000 22904900000189 	22800062342 66699240264 2425428 	22797636914 2425428 0 0 0 	71919098 2425428 0 	460.596 	3 	120
22930400000000 22930500000189 	23000062720 67285517081 2436059 	22997626661 2436059 0 0 0 	72236881 2436059 0 	460.321 	3 	120
22956000000000 22956100000189 	23200063098 67871823916 2446631 	23197616467 2446631 0 0 0 	72555225 2446631 0 	460.052 	3 	120
22981600000000 22981700000189 	23400063476 68458154174 2457092 	23397606384 2457092 0 0 0 	72867537 2457092 0 	459.787 	3 	120
23007200000000 23007300000189 	23600063854 69044472683 2467452 	23597596402 2467452 0 0 0 	73177170 2467452 0 	459.527 	3 	120
23032800000000 23032900000060 	23800063974 69630841778 2477939 	23797586035 2477939 0 0 0 	73491506 2477939 0 	459.242 	3 	120
23058400000000 23058500000060 	24000064094 70217245094 2488153 	23997575941 2488153 0 0 0 	73793641 2488153 0 	458.963 	3 	120
23084000000000 23084100000060 	24200064214 70803658529 2498258 	24197565956 2498258 0 0 0 	74094393 2498258 0 	458.689 	3 	120
23109600000000 23109700000060 	24400064334 71390088841 2508289 	24397556045 2508289 0 0 0 	74389860 2508289 0 	458.42 	3 	120
23135200000000 23135300000060 	24600064454 71976538108 2518314 	24597546140 2518314 0 0 0 	74688530 2518314 0 	458.155 	3 	120
23160800000000 23160900000060 	24800064574 72562996525 2528001 	24797536573 2528001 0 0 0 	74981719 2528001 0 	457.895 	3 	120
23186400000000 23186500000375 	25000065324 73149455819 2537635 	24997527689 2537635 0 0 0 	75266761 2537635 0 	457.611 	3 	120
23212000000000 23212100000375 	25200066074 73735931531 2547062 	25197519012 2547062 0 0 0 	75546521 2547062 0 	457.333 	3 	120
23237600000000 23237700000375 	25400066824 74322455208 2556652 	25397510172 2556652 0 0 0 	75827943 2556652 0 	457.059 	3 	120
23263200000000 23263300000375 	25600067574 74909008098 2566181 	25597501393 2566181 0 0 0 	76112514 2566181 0 	456.79 	3 	120
23288800000000 23288900000375 	25800068324 75495613679 2575442 	25797492882 2575442 0 0 0 	76392371 2575442 0 	456.525 	3 	120
23314400000000 23314500000375 	26000069074 76082168641 2584441 	25997484633 2584441 0 0 0 	76665028 2584441 0 	456.265 	3 	120
23340000000000 23340100000074 	26200069222 76668742828 2593429 	26197475793 2593429 0 0 0 	76935719 2593429 0 	455.982 	3 	120
23365600000000 23365700000074 	26400069370 77255379746 2602453 	26397466917 2602453 0 0 0 	77201761 2602453 0 	455.704 	3 	120
23391200000000 23391300000074 	26600069518 77841999734 2611216 	26597458302 2611216 0 0 0 	77458115 2611216 0 	455.431 	3 	120
23416800000000 23416900000074 	26800069666 78428623040 2619881 	26797449785 2619881 0 0 0 	77717488 2619881 0 	455.162 	3 	120
23442400000000 23442500000074 	27000069814 79015272348 2628247 	26997441567 2628247 0 0 0 	77963351 2628247 0 	454.897 	3 	120
23468000000000 23468100000074 	27200069962 79601955044 2636738 	27197433224 2636738 0 0 0 	78214534 2636738 0 	454.636 	3 	120
23493600000000 23493700000320 	27400070602 80188741767 2645158 	27397425444 2645158 0 0 0 	78465391 2645158 0 	454.363 	3 	120
23519200000000 23519300000320 	27600071242 80775480243 2653471 	27597417771 2653471 0 0 0 	78715128 2653471 0 	454.093 	3 	120
23544800000000 23544900000320 	27800071882 81362232364 2661733 	27797410149 2661733 0 0 0 	78959259 2661733 0 	453.828 	3 	120
23570400000000 23570500000320 	28000072522 81949085947 2669929 	27997402593 2669929 0 0 0 	79201104 2669929 0 	453.567 	3 	120
23596000000000 23596100000320 	28200073162 82535954172 2678079 	28197395083 2678079 0 0 0 	79445728 2678079 0 	453.311 	3 	120
23621600000000 23621700000320 	28400073802 83122835738 2686288 	28397387514 2686288 0 0 0 	79692099 2686288 0 	453.057 	3 	120
23647200000000 23647300000353 	28600074508 83709667740 2694450 	28597380058 2694450 0 0 0 	79930328 2694450 0 	452.784 	3 	120
23672800000000 23672900000353 	28800075214 84296542218 2702269 	28797372945 2702269 0 0 0 	80159192 2702269 0 	452.514 	3 	120
23698400000000 23698500000353 	29000075920 84883362658 2709971 	28997365949 2709971 0 0 0 	80387753 2709971 0 	452.248 	3 	120
23724000000000 23724100000353 	29200076626 85470207993 2717425 	29197359201 2717425 0 0 0 	80607172 2717425 0 	451.987 	3 	120
23749600000000 23749700000353 	29400077332 86057130805 2725139 	29397352193 2725139 0 0 0 	80835384 2725139 0 	451.729 	3 	120
23775200000000 23775300000353 	29600078038 86644053386 2732577 	29597345461 2732577 0 0 0 	81058976 2732577 0 	451.475 	3 	120
23800800000000 23800900000044 	29800078126 87231034509 2740087 	29797338039 2740087 0 0 0 	81283187 2740087 0 	451.201 	3 	120
23826400000000 23826500000044 	30000078214 87818017768 2747365 	29997330849 2747365 0 0 0 	81499764 2747365 0 	450.931 	3 	120
23852000000000 23852100000044 	30200078302 88405045617 2754675 	30197323627 2754675 0 0 0 	81714143 2754675 0 	450.664 	3 	120
