20012400000000 20012500000476 	200000952 583903363 36620 	199964332 36620 0 0 0 	1089338 36620 0 	492 	3 	124
20038000000000 20038100000476 	400001904 1167819943 73308 	399928596 73308 0 0 0 	2183264 73308 0 	492 	3 	124
20063600000000 20063700000476 	600002856 1751722701 109523 	599893333 109523 0 0 0 	3263197 109523 0 	492 	3 	124
20089200000000 20089300000476 	800003808 2335669928 145198 	799858610 145198 0 0 0 	4326091 145198 0 	492 	3 	124
20114800000000 20114900000476 	1000004760 2919673598 180438 	999824322 180438 0 0 0 	5369809 180438 0 	492 	3 	124
20140400000000 20140500000476 	1200005712 3503675314 215039 	1199790673 215039 0 0 0 	6389487 215039 0 	492 	3 	124
20166000000000 20166100000011 	1400005734 4087734395 249475 	1399756259 249475 0 0 0 	7407524 249475 0 	491.569 	3 	124
20191600000000 20191700000011 	1600005756 4671738307 283664 	1599722092 283664 0 0 0 	8418882 283664 0 	491.247 	3 	124
20217200000000 20217300000011 	1800005778 5255827637 317618 	1799688160 317618 0 0 0 	9434002 317618 0 	490.996 	3 	124
20242800000000 20242900000011 	2000005800 5839908669 350954 	1999654846 350954 0 0 0 	10418518 350954 0 	490.796 	3 	124
20268400000000 20268500000011 	2200005822 6424028349 384289 	2199621533 384289 0 0 0 	11415230 384289 0 	490.632 	3 	124
20294000000000 20294100000011 	2400005844 7008136185 416786 	2399589058 416786 0 0 0 	12376616 416786 0 	490.495 	3 	124
20319600000000 20319700000210 	2600006264 7592336411 449115 	2599557149 449115 0 0 0 	13338453 449115 0 	490.068 	3 	124
20345200000000 20345300000210 	2800006684 8176562027 481062 	2799525622 481062 0 0 0 	14287126 481062 0 	489.703 	3 	124
20370800000000 20370900000210 	3000007104 8760781419 512482 	2999494622 512482 0 0 0 	15219881 512482 0 	489.386 	3 	124
20396400000000 20396500000210 	3200007524 9344982780 543790 	3199463734 543790 0 0 0 	16144317 543790 0 	489.11 	3 	124
20422000000000 20422100000210 	3400007944 9929187425 574519 	3399433425 574519 0 0 0 	17058427 574519 0 	488.866 	3 	124
20447600000000 20447700000210 	3600008364 10513483970 604996 	3599403368 604996 0 0 0 	17959401 604996 0 	488.65 	3 	124
20473200000000 20473300000381 	3800009126 11097693128 635118 	3799374008 635118 0 0 0 	18847715 635118 0 	488.241 	3 	124
20498800000000 20498900000381 	4000009888 11682018679 665069 	3999344819 665069 0 0 0 	19739260 665069 0 	487.874 	3 	124
20524400000000 20524500000381 	4200010650 12266279105 695114 	4199315536 695114 0 0 0 	20625669 695114 0 	487.542 	3 	124
20550000000000 20550100000381 	4400011412 12850664669 724947 	4399286465 724947 0 0 0 	21503244 724947 0 	487.241 	3 	124
20575600000000 20575700000381 	4600012174 13435089268 754281 	4599257893 754281 0 0 0 	22372850 754281 0 	486.966 	3 	124
20601200000000 20601300000381 	4800012936 14019552669 783330 	4799229606 783330 0 0 0 	23232454 783330 0 	486.715 	3 	124
20626800000000 20626900000468 	5000013872 14603919079 811685 	4999202187 811685 0 0 0 	24073946 811685 0 	486.36 	3 	124
20652400000000 20652500000468 	5200014808 15188342613 839744 	5199175064 839744 0 0 0 	24908119 839744 0 	486.033 	3 	124
20678000000000 20678100000468 	5400015744 15772776308 867280 	5399148464 867280 0 0 0 	25733660 867280 0 	485.731 	3 	124
20703600000000 20703700000468 	5600016680 16357287011 895091 	5599121589 895091 0 0 0 	26556588 895091 0 	485.45 	3 	124
20729200000000 20729300000468 	5800017616 16941733238 922431 	5799095185 922431 0 0 0 	27369160 922431 0 	485.19 	3 	124
20754800000000 20754900000468 	6000018552 17526238041 949538 	5999069014 949538 0 0 0 	28176690 949538 0 	484.946 	3 	124
20780400000000 20780500000254 	6200019060 18110808449 976090 	6199042970 976090 0 0 0 	28958011 976090 0 	484.585 	3 	124
20806000000000 20806100000254 	6400019568 18695336554 1002599 	6399016969 1002599 0 0 0 	29740070 1002599 0 	484.247 	3 	124
20831600000000 20831700000254 	6600020076 19279897057 1028601 	6598991475 1028601 0 0 0 	30511490 1028601 0 	483.93 	3 	124
20857200000000 20857300000254 	6800020584 19864474305 1054443 	6798966141 1054443 0 0 0 	31273238 1054443 0 	483.632 	3 	124
20882800000000 20882900000254 	7000021092 20449115767 1079849 	6998941243 1079849 0 0 0 	32030300 1079849 0 	483.352 	3 	124
20908400000000 20908500000254 	7200021600 21033732728 1105047 	7198916553 1105047 0 0 0 	32774617 1105047 0 	483.087 	3 	124
20934000000000 20934100000365 	7400022330 21618368046 1129810 	7398892520 1129810 0 0 0 	33512825 1129810 0 	482.752 	3 	124
20959600000000 20959700000365 	7600023060 22203049351 1154282 	7598868778 1154282 0 0 0 	34236412 1154282 0 	482.435 	3 	124
20985200000000 20985300000365 	7800023790 22787796137 1178947 	7798844843 1178947 0 0 0 	34968776 1178947 0 	482.135 	3 	124
21010800000000 21010900000365 	8000024520 23372499678 1202803 	7998821717 1202803 0 0 0 	35677120 1202803 0 	481.85 	3 	124
21036400000000 21036500000365 	8200025250 23957261422 1226851 	8198798399 1226851 0 0 0 	36387770 1226851 0 	481.58 	3 	124
21062000000000 21062100000170 	8400025590 24542026546 1250426 	8398775164 1250426 0 0 0 	37083817 1250426 0 	481.255 	3 	124
21087600000000 21087700000368 	8600026326 25126767335 1273659 	8598752667 1273659 0 0 0 	37776842 1273659 0 	480.938 	3 	124
21113200000000 21113300000368 	8800027062 25711604491 1296845 	8798730217 1296845 0 0 0 	38459479 1296845 0 	480.636 	3 	124
21138800000000 21138900000368 	9000027798 26296434275 1319670 	8998708128 1319670 0 0 0 	39140585 1319670 0 	480.348 	3 	124
21164400000000 21164500000368 	9200028534 26881256250 1342286 	9198686248 1342286 0 0 0 	39813886 1342286 0 	480.073 	3 	124
21190000000000 21190100000368 	9400029270 27466125813 1364466 	9398664804 1364466 0 0 0 	40472424 1364466 0 	479.809 	3 	124
21215600000000 21215700000352 	9600029974 28051004384 1386490 	9598643484 1386490 0 0 0 	41128119 1386490 0 	479.469 	3 	124
21241200000000 21241300000352 	9800030678 28635903773 1408387 	9798622291 1408387 0 0 0 	41781683 1408387 0 	479.143 	3 	124
21266800000000 21266900000352 	10000031382 29220845769 1430147 	9998601235 1430147 0 0 0 	42424329 1430147 0 	478.83 	3 	124
21292400000000 21292500000352 	10200032086 29805799912 1451411 	10198580675 1451411 0 0 0 	43055060 1451411 0 	478.53 	3 	124
21318000000000 21318100000352 	10400032790 30390750303 1472635 	10398560155 1472635 0 0 0 	43682401 1472635 0 	478.242 	3 	124
21343600000000 21343700000352 	10600033494 30975762955 1493892 	10598539602 1493892 0 0 0 	44315106 1493892 0 	477.966 	3 	124
21369200000000 21369300000120 	10800033734 31560829500 1514573 	10798519161 1514573 0 0 0 	44931032 1514573 0 	477.64 	3 	124
21394800000000 21394900000120 	11000033974 32145811894 1535228 	10998498746 1535228 0 0 0 	45545042 1535228 0 	477.327 	3 	124
21420400000000 21420500000120 	11200034214 32730852179 1555383 	11198478831 1555383 0 0 0 	46141014 1555383 0 	477.025 	3 	124
21446000000000 21446100000120 	11400034454 33315924927 1575484 	11398458970 1575484 0 0 0 	46737273 1575484 0 	476.734 	3 	124
21471600000000 21471700000120 	11600034694 33901065340 1595397 	11598439297 1595397 0 0 0 	47330993 1595397 0 	476.454 	3 	124
21497200000000 21497300000120 	11800034934 34486153902 1615033 	11798419901 1615033 0 0 0 	47911541 1615033 0 	476.184 	3 	124
21522800000000 21522900000178 	12000035290 35071372834 1634331 	11998400959 1634331 0 0 0 	48481797 1634331 0 	475.869 	3 	124
21548400000000 21548500000178 	12200035646 35656520933 1653545 	12198382101 1653545 0 0 0 	49048410 1653545 0 	475.564 	3 	124
21574000000000 21574100000178 	12400036002 36241733572 1672448 	12398363554 1672448 0 0 0 	49612616 1672448 0 	475.27 	3 	124
21599600000000 21599700000178 	12600036358 36826914080 1691160 	12598345198 1691160 0 0 0 	50158134 1691160 0 	474.986 	3 	124
21625200000000 21625300000178 	12800036714 37412097309 1709860 	12798326854 1709860 0 0 0 	50712761 1709860 0 	474.711 	3 	124
21650800000000 21650900000178 	13000037070 37997320418 1728459 	12998308611 1728459 0 0 0 	51273877 1728459 0 	474.445 	3 	124
21676400000000 21676500000355 	13200037780 38582560034 1746746 	13198291034 1746746 0 0 0 	51822940 1746746 0 	474.138 	3 	124
21702000000000 21702100000355 	13400038490 39167847662 1764929 	13398273561 1764929 0 0 0 	52363453 1764929 0 	473.84 	3 	124
21727600000000 21727700000355 	13600039200 39753216089 1782768 	13598256432 1782768 0 0 0 	52894214 1782768 0 	473.552 	3 	124
21753200000000 21753300000355 	13800039910 40338523255 1800389 	13798239521 1800389 0 0 0 	53417382 1800389 0 	473.272 	3 	124
21778800000000 21778900000355 	14000040620 40923950919 1817916 	13998222704 1817916 0 0 0 	53938404 1817916 0 	473.001 	3 	124
21804400000000 21804500000355 	14200041330 41509362955 1835189 	14198206141 1835189 0 0 0 	54449740 1835189 0 	472.737 	3 	124
21830000000000 21830100000230 	14400041790 42094723044 1852370 	14398189420 1852370 0 0 0 	54959410 1852370 0 	472.421 	3 	124
21855600000000 21855700000230 	14600042250 42680127125 1869376 	14598172874 1869376 0 0 0 	55467958 1869376 0 	472.114 	3 	124
21881200000000 21881300000230 	14800042710 43265584156 1886237 	14798156473 1886237 0 0 0 	55970423 1886237 0 	471.816 	3 	124
21906800000000 21906900000230 	15000043170 43851051218 1902675 	14998140495 1902675 0 0 0 	56459619 1902675 0 	471.525 	3 	124
21932400000000 21932500000230 	15200043630 44436550006 1918875 	15198124755 1918875 0 0 0 	56942983 1918875 0 	471.243 	3 	124
21958000000000 21958100000230 	15400044090 45022046287 1935274 	15398108816 1935274 0 0 0 	57431139 1935274 0 	470.969 	3 	124
21983600000000 21983700000320 	15600044730 45607565022 1951170 	15598093560 1951170 0 0 0 	57907134 1951170 0 	470.659 	3 	124
22009200000000 22009300000320 	15800045370 46193100464 1967118 	15798078252 1967118 0 0 0 	58377009 1967118 0 	470.358 	3 	124
22034800000000 22034900000320 	16000046010 46778639842 1982860 	15998063150 1982860 0 0 0 	58847647 1982860 0 	470.065 	3 	124
22060400000000 22060500000320 	16200046650 47364206753 1998487 	16198048163 1998487 0 0 0 	59314154 1998487 0 	469.779 	3 	124
22086000000000 22086100000320 	16400047290 47949816741 2013717 	16398033573 2013717 0 0 0 	59765245 2013717 0 	469.501 	3 	124
22111600000000 22111700000320 	16600047930 48535375235 2028714 	16598019216 2028714 0 0 0 	60212692 2028714 0 	469.23 	3 	124
22137200000000 22137300000400 	16800048730 49121038631 2043642 	16798005088 2043642 0 0 0 	60660089 2043642 0 	468.926 	3 	124
22162800000000 22162900000400 	17000049530 49706694291 2058588 	16997990942 2058588 0 0 0 	61102985 2058588 0 	468.629 	3 	124
22188400000000 22188500000400 	17200050330 50292291088 2073163 	17197977167 2073163 0 0 0 	61532790 2073163 0 	468.34 	3 	124
22214000000000 22214100000400 	17400051130 50878004212 2087687 	17397963443 2087687 0 0 0 	61959673 2087687 0 	468.058 	3 	124
22239600000000 22239700000400 	17600051930 51463745162 2102189 	17597949741 2102189 0 0 0 	62389017 2102189 0 	467.782 	3 	124
22265200000000 22265300000400 	17800052730 52049514354 2116171 	17797936559 2116171 0 0 0 	62800635 2116171 0 	467.513 	3 	124
22290800000000 22290900000290 	18000053310 52635248724 2130119 	17997923191 2130119 0 0 0 	63212756 2130119 0 	467.214 	3 	124
22316400000000 22316500000290 	18200053890 53221074812 2143845 	18197910045 2143845 0 0 0 	63628294 2143845 0 	466.921 	3 	124
22342000000000 22342100000290 	18400054470 53806940346 2157381 	18397897089 2157381 0 0 0 	64031761 2157381 0 	466.635 	3 	124
22367600000000 22367700000290 	18600055050 54392698251 2170950 	18597884100 2170950 0 0 0 	64438289 2170950 0 	466.356 	3 	124
22393200000000 22393300000290 	18800055630 54978506431 2184312 	18797871318 2184312 0 0 0 	64834600 2184312 0 	466.082 	3 	124
22418800000000 22418900000290 	19000056210 55564389731 2197622 	18997858588 2197622 0 0 0 	65229800 2197622 0 	465.815 	3 	124
22444400000000 22444500000249 	19200056708 56150283859 2210997 	19197845711 2210997 0 0 0 	65627704 2210997 0 	465.519 	3 	124
22470000000000 22470100000249 	19400057206 56736183148 2224048 	19397833158 2224048 0 0 0 	66019109 2224048 0 	465.229 	3 	124
22495600000000 22495700000249 	19600057704 57322121467 2237120 	19597820584 2237120 0 0 0 	66409587 2237120 0 	464.946 	3 	124
22521200000000 22521300000249 	19800058202 57908071470 2249880 	19797808322 2249880 0 0 0 	66785634 2249880 0 	464.668 	3 	124
22546800000000 22546900000249 	20000058700 58494057060 2262580 	19997796120 2262580 0 0 0 	67165458 2262580 0 	464.397 	3 	124
22572400000000 22572500000249 	20200059198 59080010244 2275042 	20197784156 2275042 0 0 0 	67537801 2275042 0 	464.131 	3 	124
22598000000000 22598100000088 	20400059374 59666010025 2287399 	20397771975 2287399 0 0 0 	67904183 2287399 0 	463.838 	3 	124
22623600000000 22623700000088 	20600059550 60252121140 2299505 	20597760045 2299505 0 0 0 	68264801 2299505 0 	463.55 	3 	124
22649200000000 22649300000088 	20800059726 60838137294 2311782 	20797747944 2311782 0 0 0 	68629283 2311782 0 	463.269 	3 	124
22674800000000 22674900000088 	21000059902 61424212438 2323706 	20997736196 2323706 0 0 0 	68983605 2323706 0 	462.993 	3 	124
22700400000000 22700500000088 	21200060078 62010265070 2335492 	21197724586 2335492 0 0 0 	69332107 2335492 0 	462.723 	3 	124
22726000000000 22726100000088 	21400060254 62596415479 2347415 	21397712839 2347415 0 0 0 	69687800 2347415 0 	462.458 	3 	124
22751600000000 22751700000110 	21600060474 63182547176 2358810 	21597701664 2358810 0 0 0 	70024948 2358810 0 	462.177 	3 	124
22777200000000 22777300000110 	21800060694 63768695362 2370405 	21797690289 2370405 0 0 0 	70373672 2370405 0 	461.902 	3 	124
22802800000000 22802900000110 	22000060914 64354808942 2381941 	21997678973 2381941 0 0 0 	70714249 2381941 0 	461.632 	3 	124
22828400000000 22828500000110 	22200061134 64940981463 2393283 	22197667851 2393283 0 0 0 	71049523 2393283 0 	461.368 	3 	124
22854000000000 22854100000110 	22400061354 65527217438 2404344 	22397657010 2404344 0 0 0 	71379838 2404344 0 	461.108 	3 	124
22879600000000 22879700000110 	22600061574 66113443674 2415142 	22597646432 2415142 0 0 0 	71702044 2415142 0 	460.853 	3 	124
22905200000000 22905300000189 	22800061952 66699625678 2426082 	22797635870 2426082 0 0 0 	72028658 2426082 0 	460.574 	3 	124
22930800000000 22930900000189 	23000062330 67285859273 2436741 	22997625589 2436741 0 0 0 	72345642 2436741 0 	460.299 	3 	124
22956400000000 22956500000189 	23200062708 67872136154 2447389 	23197615319 2447389 0 0 0 	72656125 2447389 0 	460.029 	3 	124
22982000000000 22982100000189 	23400063086 68458446160 2457927 	23397605159 2457927 0 0 0 	72972260 2457927 0 	459.765 	3 	124
23007600000000 23007700000189 	23600063464 69044797973 2468309 	23597595155 2468309 0 0 0 	73279352 2468309 0 	459.505 	3 	124
23033200000000 23033300000060 	23800063584 69631153512 2478411 	23797585173 2478411 0 0 0 	73575860 2478411 0 	459.221 	3 	124
23058800000000 23058900000060 	24000063704 70217505661 2488752 	23997574952 2488752 0 0 0 	73884956 2488752 0 	458.942 	3 	124
23084400000000 23084500000060 	24200063824 70803866195 2498903 	24197564921 2498903 0 0 0 	74186606 2498903 0 	458.668 	3 	124
23110000000000 23110100000060 	24400063944 71390263727 2508785 	24397555159 2508785 0 0 0 	74477162 2508785 0 	458.398 	3 	124
23135600000000 23135700000060 	24600064064 71976713494 2518762 	24597545302 2518762 0 0 0 	74774574 2518762 0 	458.134 	3 	124
23161200000000 23161300000060 	24800064184 72563192040 2528681 	24797535503 2528681 0 0 0 	75070204 2528681 0 	457.874 	3 	124
23186800000000 23186900000375 	25000064934 73149697292 2538543 	24997526391 2538543 0 0 0 	75363697 2538543 0 	457.591 	3 	124
23212400000000 23212500000375 	25200065684 73736284241 2548111 	25197517573 2548111 0 0 0 	75650579 2548111 0 	457.312 	3 	124
23238000000000 23238100000375 	25400066434 74322740706 2557671 	25397508763 2557671 0 0 0 	75930553 2557671 0 	457.039 	3 	124
23263600000000 23263700000375 	25600067184 74909271949 2567108 	25597500076 2567108 0 0 0 	76215330 2567108 0 	456.77 	3 	124
23289200000000 23289300000375 	25800067934 75495848001 2576529 	25797491405 2576529 0 0 0 	76495591 2576529 0 	456.505 	3 	124
23314800000000 23314900000375 	26000068684 76082420250 2585743 	25997482941 2585743 0 0 0 	76771623 2585743 0 	456.245 	3 	124
23340400000000 23340500000074 	26200068832 76669050248 2594794 	26197474038 2594794 0 0 0 	77041038 2594794 0 	455.963 	3 	124
23366000000000 23366100000074 	26400068980 77255633707 2603797 	26397465183 2603797 0 0 0 	77314267 2603797 0 	455.685 	3 	124
23391600000000 23391700000074 	26600069128 77842283849 2612580 	26597456548 2612580 0 0 0 	77573058 2612580 0 	455.412 	3 	124
23417200000000 23417300000074 	26800069276 78428922337 2621296 	26797447980 2621296 0 0 0 	77831051 2621296 0 	455.143 	3 	124
23442800000000 23442900000074 	27000069424 79015533654 2630067 	26997439357 2630067 0 0 0 	78088909 2630067 0 	454.878 	3 	124
23468400000000 23468500000074 	27200069572 79602208957 2638742 	27197430830 2638742 0 0 0 	78347163 2638742 0 	454.618 	3 	124
23494000000000 23494100000320 	27400070212 80188898042 2647089 	27397423123 2647089 0 0 0 	78593638 2647089 0 	454.344 	3 	124
23519600000000 23519700000320 	27600070852 80775696461 2655378 	27597415474 2655378 0 0 0 	78838706 2655378 0 	454.075 	3 	124
23545200000000 23545300000320 	27800071492 81362413942 2663668 	27797407824 2663668 0 0 0 	79088275 2663668 0 	453.81 	3 	124
23570800000000 23570900000320 	28000072132 81949214786 2671999 	27997400133 2671999 0 0 0 	79334278 2671999 0 	453.549 	3 	124
23596400000000 23596500000320 	28200072772 82535985317 2680143 	28197392629 2680143 0 0 0 	79576705 2680143 0 	453.293 	3 	124
23622000000000 23622100000320 	28400073412 83122790245 2688327 	28397385085 2688327 0 0 0 	79820383 2688327 0 	453.04 	3 	124
23647600000000 23647700000353 	28600074118 83709662757 2696356 	28597377762 2696356 0 0 0 	80059866 2696356 0 	452.766 	3 	124
23673200000000 23673300000353 	28800074824 84296526882 2704183 	28797370641 2704183 0 0 0 	80295122 2704183 0 	452.497 	3 	124
23698800000000 23698900000353 	29000075530 84883393395 2711890 	28997363640 2711890 0 0 0 	80526211 2711890 0 	452.231 	3 	124
23724400000000 23724500000353 	29200076236 85470289958 2719488 	29197356748 2719488 0 0 0 	80748908 2719488 0 	451.97 	3 	124
23750000000000 23750100000353 	29400076942 86057170865 2727222 	29397349720 2727222 0 0 0 	80983286 2727222 0 	451.712 	3 	124
23775600000000 23775700000353 	29600077648 86644151466 2734699 	29597342949 2734699 0 0 0 	81203254 2734699 0 	451.458 	3 	124
23801200000000 23801300000044 	29800077736 87231085624 2742190 	29797335546 2742190 0 0 0 	81427832 2742190 0 	451.184 	3 	124
23826800000000 23826900000044 	30000077824 87818136507 2749603 	29997328221 2749603 0 0 0 	81650033 2749603 0 	450.914 	3 	124
23852400000000 23852500000044 	30200077912 88405092330 2757024 	30197320888 2757024 0 0 0 	81872919 2757024 0 	450.648 	3 	124
