20014000000000 20014100000476 	200000952 583855530 36483 	199964469 36483 0 0 0 	1074610 36483 0 	492 	3 	140
20039600000000 20039700000476 	400001904 1167739807 72765 	399929139 72765 0 0 0 	2153087 72765 0 	492 	3 	140
20065200000000 20065300000476 	600002856 1751640490 108826 	599894030 108826 0 0 0 	3214807 108826 0 	492 	3 	140
20090800000000 20090900000476 	800003808 2335672561 144881 	799858927 144881 0 0 0 	4282163 144881 0 	492 	3 	140
20116400000000 20116500000476 	1000004760 2919637711 180171 	999824589 180171 0 0 0 	5326572 180171 0 	492 	3 	140
20142000000000 20142100000476 	1200005712 3503651428 214985 	1199790727 214985 0 0 0 	6351714 214985 0 	492 	3 	140
20167600000000 20167700000011 	1400005734 4087615703 249337 	1399756397 249337 0 0 0 	7365570 249337 0 	491.569 	3 	140
20193200000000 20193300000011 	1600005756 4671643816 283530 	1599722226 283530 0 0 0 	8387256 283530 0 	491.247 	3 	140
20218800000000 20218900000011 	1800005778 5255661361 317235 	1799688543 317235 0 0 0 	9392712 317235 0 	490.996 	3 	140
20244400000000 20244500000011 	2000005800 5839708922 350778 	1999655022 350778 0 0 0 	10384135 350778 0 	490.796 	3 	140
20270000000000 20270100000011 	2200005822 6423802383 384224 	2199621598 384224 0 0 0 	11380630 384224 0 	490.632 	3 	140
20295600000000 20295700000011 	2400005844 7007885262 416751 	2399589093 416751 0 0 0 	12346501 416751 0 	490.495 	3 	140
20321200000000 20321300000210 	2600006264 7592026557 448700 	2599557564 448700 0 0 0 	13292127 448700 0 	490.068 	3 	140
20346800000000 20346900000210 	2800006684 8176232444 480606 	2799526078 480606 0 0 0 	14239987 480606 0 	489.703 	3 	140
20372400000000 20372500000210 	3000007104 8760408475 512359 	2999494745 512359 0 0 0 	15190828 512359 0 	489.386 	3 	140
20398000000000 20398100000210 	3200007524 9344624967 543484 	3199464040 543484 0 0 0 	16118511 543484 0 	489.11 	3 	140
20423600000000 20423700000210 	3400007944 9928880539 574222 	3399433722 574222 0 0 0 	17036857 574222 0 	488.866 	3 	140
20449200000000 20449300000210 	3600008364 10513135420 604804 	3599403560 604804 0 0 0 	17945057 604804 0 	488.65 	3 	140
20474800000000 20474900000381 	3800009126 11097401156 635186 	3799373940 635186 0 0 0 	18837460 635186 0 	488.241 	3 	140
20500400000000 20500500000381 	4000009888 11681688875 665300 	3999344588 665300 0 0 0 	19733189 665300 0 	487.874 	3 	140
20526000000000 20526100000381 	4200010650 12265991700 694795 	4199315855 694795 0 0 0 	20607332 694795 0 	487.542 	3 	140
20551600000000 20551700000381 	4400011412 12850300097 723838 	4399287574 723838 0 0 0 	21471209 723838 0 	487.241 	3 	140
20577200000000 20577300000381 	4600012174 13434613261 752995 	4599259179 752995 0 0 0 	22335861 752995 0 	486.966 	3 	140
20602800000000 20602900000381 	4800012936 14018999267 781622 	4799231314 781622 0 0 0 	23188767 781622 0 	486.715 	3 	140
20628400000000 20628500000468 	5000013872 14603410116 809953 	4999203919 809953 0 0 0 	24035218 809953 0 	486.36 	3 	140
20654000000000 20654100000468 	5200014808 15187866925 837994 	5199176814 837994 0 0 0 	24879877 837994 0 	486.033 	3 	140
20679600000000 20679700000468 	5400015744 15772322773 865593 	5399150151 865593 0 0 0 	25693857 865593 0 	485.731 	3 	140
20705200000000 20705300000468 	5600016680 16356797644 893497 	5599123183 893497 0 0 0 	26522647 893497 0 	485.45 	3 	140
20730800000000 20730900000468 	5800017616 16941327824 920879 	5799096737 920879 0 0 0 	27329314 920879 0 	485.19 	3 	140
20756400000000 20756500000468 	6000018552 17525875608 947874 	5999070678 947874 0 0 0 	28129007 947874 0 	484.946 	3 	140
20782000000000 20782100000254 	6200019060 18110394297 974331 	6199044729 974331 0 0 0 	28917890 974331 0 	484.585 	3 	140
20807600000000 20807700000254 	6400019568 18694934932 1000528 	6399019040 1000528 0 0 0 	29708268 1000528 0 	484.247 	3 	140
20833200000000 20833300000254 	6600020076 19279469995 1026269 	6598993807 1026269 0 0 0 	30473600 1026269 0 	483.93 	3 	140
20858800000000 20858900000254 	6800020584 19864110734 1051952 	6798968632 1051952 0 0 0 	31237783 1051952 0 	483.632 	3 	140
20884400000000 20884500000254 	7000021092 20448691137 1077345 	6998943747 1077345 0 0 0 	31994809 1077345 0 	483.352 	3 	140
20910000000000 20910100000254 	7200021600 21033367338 1102487 	7198919113 1102487 0 0 0 	32740603 1102487 0 	483.087 	3 	140
20935600000000 20935700000365 	7400022330 21617983760 1127527 	7398894803 1127527 0 0 0 	33489923 1127527 0 	482.752 	3 	140
20961200000000 20961300000365 	7600023060 22202689307 1152185 	7598870875 1152185 0 0 0 	34223797 1152185 0 	482.435 	3 	140
20986800000000 20986900000365 	7800023790 22787381865 1176516 	7798847274 1176516 0 0 0 	34946249 1176516 0 	482.135 	3 	140
21012400000000 21012500000365 	8000024520 23372075597 1200674 	7998823846 1200674 0 0 0 	35668410 1200674 0 	481.85 	3 	140
21038000000000 21038100000365 	8200025250 23956839258 1223973 	8198801277 1223973 0 0 0 	36357741 1223973 0 	481.58 	3 	140
21063600000000 21063700000368 	8400025986 24541628954 1247689 	8398778297 1247689 0 0 0 	37056768 1247689 0 	481.247 	3 	140
21089200000000 21089300000368 	8600026722 25126403764 1271061 	8598755661 1271061 0 0 0 	37747000 1271061 0 	480.931 	3 	140
21114800000000 21114900000368 	8800027458 25711172037 1294143 	8798733315 1294143 0 0 0 	38436690 1294143 0 	480.629 	3 	140
21140400000000 21140500000368 	9000028194 26296013500 1317059 	8998711135 1317059 0 0 0 	39122808 1317059 0 	480.341 	3 	140
21166000000000 21166100000368 	9200028930 26880849813 1339677 	9198689253 1339677 0 0 0 	39793383 1339677 0 	480.066 	3 	140
21191600000000 21191700000368 	9400029666 27465747579 1361970 	9398667696 1361970 0 0 0 	40453749 1361970 0 	479.803 	3 	140
21217200000000 21217300000352 	9600030370 28050648910 1384401 	9598645969 1384401 0 0 0 	41117684 1384401 0 	479.462 	3 	140
21242800000000 21242900000352 	9800031074 28635544535 1406354 	9798624720 1406354 0 0 0 	41765978 1406354 0 	479.137 	3 	140
21268400000000 21268500000352 	10000031778 29220468037 1428040 	9998603738 1428040 0 0 0 	42408897 1428040 0 	478.824 	3 	140
21294000000000 21294100000352 	10200032482 29805447218 1449426 	10198583056 1449426 0 0 0 	43051014 1449426 0 	478.524 	3 	140
21319600000000 21319700000352 	10400033186 30390386149 1470615 	10398562571 1470615 0 0 0 	43688214 1470615 0 	478.236 	3 	140
21345200000000 21345300000352 	10600033890 30975351354 1491783 	10598542107 1491783 0 0 0 	44315610 1491783 0 	477.96 	3 	140
21370800000000 21370900000120 	10800034130 31560365358 1512103 	10798522027 1512103 0 0 0 	44914065 1512103 0 	477.634 	3 	140
21396400000000 21396500000120 	11000034370 32145418189 1532583 	10998501787 1532583 0 0 0 	45518852 1532583 0 	477.321 	3 	140
21422000000000 21422100000120 	11200034610 32730460608 1552872 	11198481738 1552872 0 0 0 	46119968 1552872 0 	477.02 	3 	140
21447600000000 21447700000120 	11400034850 33315526351 1572948 	11398461902 1572948 0 0 0 	46719019 1572948 0 	476.729 	3 	140
21473200000000 21473300000120 	11600035090 33900656143 1592854 	11598442236 1592854 0 0 0 	47311683 1592854 0 	476.449 	3 	140
21498800000000 21498900000120 	11800035330 34485773354 1612447 	11798422883 1612447 0 0 0 	47891981 1612447 0 	476.178 	3 	140
21524400000000 21524500000178 	12000035686 35070921964 1632068 	11998403618 1632068 0 0 0 	48482072 1632068 0 	475.863 	3 	140
21550000000000 21550100000178 	12200036042 35656059979 1651511 	12198384531 1651511 0 0 0 	49060483 1651511 0 	475.559 	3 	140
21575600000000 21575700000178 	12400036398 36241245227 1670356 	12398366042 1670356 0 0 0 	49617618 1670356 0 	475.266 	3 	140
21601200000000 21601300000178 	12600036754 36826454698 1689270 	12598347484 1689270 0 0 0 	50177024 1689270 0 	474.981 	3 	140
21626800000000 21626900000178 	12800037110 37411603510 1707914 	12798329196 1707914 0 0 0 	50741431 1707914 0 	474.706 	3 	140
21652400000000 21652500000178 	13000037466 37996865439 1726213 	12998311253 1726213 0 0 0 	51284356 1726213 0 	474.44 	3 	140
21678000000000 21678100000355 	13200038176 38582122016 1744208 	13198293968 1744208 0 0 0 	51820413 1744208 0 	474.133 	3 	140
21703600000000 21703700000355 	13400038886 39167403339 1762236 	13398276650 1762236 0 0 0 	52354979 1762236 0 	473.836 	3 	140
21729200000000 21729300000355 	13600039596 39752678802 1779768 	13598259828 1779768 0 0 0 	52878136 1779768 0 	473.547 	3 	140
21754800000000 21754900000355 	13800040306 40337979576 1797473 	13798242833 1797473 0 0 0 	53401996 1797473 0 	473.268 	3 	140
21780400000000 21780500000355 	14000041016 40923335692 1814902 	13998226114 1814902 0 0 0 	53916814 1814902 0 	472.997 	3 	140
21806000000000 21806100000355 	14200041726 41508653636 1832278 	14198209448 1832278 0 0 0 	54438800 1832278 0 	472.733 	3 	140
21831600000000 21831700000230 	14400042186 42094071832 1849246 	14398192940 1849246 0 0 0 	54941476 1849246 0 	472.417 	3 	140
21857200000000 21857300000230 	14600042646 42679453040 1865936 	14598176710 1865936 0 0 0 	55433445 1865936 0 	472.11 	3 	140
21882800000000 21882900000230 	14800043106 43264880213 1882662 	14798160444 1882662 0 0 0 	55934843 1882662 0 	471.811 	3 	140
21908400000000 21908500000230 	15000043566 43850312058 1899083 	14998144483 1899083 0 0 0 	56422984 1899083 0 	471.521 	3 	140
21934000000000 21934100000230 	15200044026 44435798235 1915346 	15198128680 1915346 0 0 0 	56900144 1915346 0 	471.239 	3 	140
21959600000000 21959700000230 	15400044486 45021318728 1931515 	15398112971 1931515 0 0 0 	57386177 1931515 0 	470.965 	3 	140
21985200000000 21985300000320 	15600045126 45606846277 1947644 	15598097482 1947644 0 0 0 	57866785 1947644 0 	470.655 	3 	140
22010800000000 22010900000320 	15800045766 46192325070 1963621 	15798082145 1963621 0 0 0 	58340404 1963621 0 	470.354 	3 	140
22036400000000 22036500000320 	16000046406 46777868021 1979196 	15998067210 1979196 0 0 0 	58807439 1979196 0 	470.061 	3 	140
22062000000000 22062100000320 	16200047046 47363477279 1994801 	16198052245 1994801 0 0 0 	59278195 1994801 0 	469.776 	3 	140
22087600000000 22087700000320 	16400047686 47949058037 2010144 	16398037542 2010144 0 0 0 	59730095 2010144 0 	469.497 	3 	140
22113200000000 22113300000320 	16600048326 48534647192 2025343 	16598022983 2025343 0 0 0 	60181146 2025343 0 	469.226 	3 	140
22138800000000 22138900000400 	16800049126 49120262919 2040336 	16798008790 2040336 0 0 0 	60629933 2040336 0 	468.922 	3 	140
22164400000000 22164500000400 	17000049926 49705856811 2055050 	16997994876 2055050 0 0 0 	61064940 2055050 0 	468.626 	3 	140
22190000000000 22190100000400 	17200050726 50291548754 2069884 	17197980842 2069884 0 0 0 	61503507 2069884 0 	468.337 	3 	140
22215600000000 22215700000400 	17400051526 50877256687 2084448 	17397967078 2084448 0 0 0 	61935116 2084448 0 	468.054 	3 	140
22241200000000 22241300000400 	17600052326 51462950972 2098824 	17597953502 2098824 0 0 0 	62366491 2098824 0 	467.779 	3 	140
22266800000000 22266900000400 	17800053126 52048669750 2113109 	17797940017 2113109 0 0 0 	62792298 2113109 0 	467.51 	3 	140
22292400000000 22292500000290 	18000053706 52634429064 2127188 	17997926518 2127188 0 0 0 	63216613 2127188 0 	467.211 	3 	140
22318000000000 22318100000290 	18200054286 53220185888 2141137 	18197913149 2141137 0 0 0 	63626519 2141137 0 	466.918 	3 	140
22343600000000 22343700000290 	18400054866 53805989373 2154983 	18397899883 2154983 0 0 0 	64045865 2154983 0 	466.632 	3 	140
22369200000000 22369300000290 	18600055446 54391879895 2168795 	18597886651 2168795 0 0 0 	64456979 2168795 0 	466.352 	3 	140
22394800000000 22394900000290 	18800056026 54977714431 2182340 	18797873686 2182340 0 0 0 	64865419 2182340 0 	466.079 	3 	140
22420400000000 22420500000290 	19000056606 55563549779 2195588 	18997861018 2195588 0 0 0 	65258854 2195588 0 	465.812 	3 	140
22446000000000 22446100000249 	19200057104 56149449297 2208729 	19197848375 2208729 0 0 0 	65654140 2208729 0 	465.516 	3 	140
22471600000000 22471700000249 	19400057602 56735398269 2221928 	19397835674 2221928 0 0 0 	66045680 2221928 0 	465.226 	3 	140
22497200000000 22497300000249 	19600058100 57321310988 2234749 	19597823351 2234749 0 0 0 	66424843 2234749 0 	464.943 	3 	140
22522800000000 22522900000249 	19800058598 57907222097 2247667 	19797810931 2247667 0 0 0 	66808221 2247667 0 	464.666 	3 	140
22548400000000 22548500000249 	20000059096 58493130642 2260314 	19997798782 2260314 0 0 0 	67178981 2260314 0 	464.394 	3 	140
22574000000000 22574100000249 	20200059594 59079130141 2272655 	20197786939 2272655 0 0 0 	67541888 2272655 0 	464.128 	3 	140
22599600000000 22599700000088 	20400059770 59665106318 2285103 	20397774667 2285103 0 0 0 	67909035 2285103 0 	463.835 	3 	140
22625200000000 22625300000088 	20600059946 60251099755 2297461 	20597762485 2297461 0 0 0 	68281753 2297461 0 	463.548 	3 	140
22650800000000 22650900000088 	20800060122 60837104073 2309354 	20797750768 2309354 0 0 0 	68636877 2309354 0 	463.266 	3 	140
22676400000000 22676500000088 	21000060298 61423182752 2321479 	20997738819 2321479 0 0 0 	68996920 2321479 0 	462.99 	3 	140
22702000000000 22702100000088 	21200060474 62009236438 2333100 	21197727374 2333100 0 0 0 	69342091 2333100 0 	462.72 	3 	140
22727600000000 22727700000088 	21400060650 62595326528 2344530 	21397716120 2344530 0 0 0 	69682587 2344530 0 	462.455 	3 	140
22753200000000 22753300000110 	21600060870 63181468758 2356268 	21597704602 2356268 0 0 0 	70032862 2356268 0 	462.175 	3 	140
22778800000000 22778900000110 	21800061090 63767645433 2367788 	21797693302 2367788 0 0 0 	70377648 2367788 0 	461.9 	3 	140
22804400000000 22804500000110 	22000061310 64353838289 2379120 	21997682190 2379120 0 0 0 	70709057 2379120 0 	461.63 	3 	140
22830000000000 22830100000110 	22200061530 64940047921 2390554 	22197670976 2390554 0 0 0 	71051088 2390554 0 	461.365 	3 	140
22855600000000 22855700000110 	22400061750 65526214468 2401749 	22397660001 2401749 0 0 0 	71383227 2401749 0 	461.106 	3 	140
22881200000000 22881300000189 	22600062128 66112456089 2412816 	22597649312 2412816 0 0 0 	71708822 2412816 0 	460.821 	3 	140
22906800000000 22906900000189 	22800062506 66698725495 2423725 	22797638781 2423725 0 0 0 	72031114 2423725 0 	460.541 	3 	140
22932400000000 22932500000189 	23000062884 67284992024 2434329 	22997628555 2434329 0 0 0 	72344225 2434329 0 	460.267 	3 	140
22958000000000 22958100000189 	23200063262 67871218889 2445144 	23197618118 2445144 0 0 0 	72664008 2445144 0 	459.998 	3 	140
22983600000000 22983700000189 	23400063640 68457530168 2455688 	23397607952 2455688 0 0 0 	72974978 2455688 0 	459.733 	3 	140
23009200000000 23009300000189 	23600064018 69043887825 2466039 	23597597979 2466039 0 0 0 	73284293 2466039 0 	459.474 	3 	140
23034800000000 23034900000060 	23800064138 69630294457 2476339 	23797587799 2476339 0 0 0 	73594955 2476339 0 	459.19 	3 	140
23060400000000 23060500000060 	24000064258 70216651647 2486599 	23997577659 2486599 0 0 0 	73901208 2486599 0 	458.911 	3 	140
23086000000000 23086100000060 	24200064378 70803041865 2496664 	24197567714 2496664 0 0 0 	74201074 2496664 0 	458.637 	3 	140
23111600000000 23111700000060 	24400064498 71389439562 2506593 	24397557905 2506593 0 0 0 	74496339 2506593 0 	458.368 	3 	140
23137200000000 23137300000060 	24600064618 71975933728 2516541 	24597548077 2516541 0 0 0 	74792820 2516541 0 	458.104 	3 	140
23162800000000 23162900000060 	24800064738 72562440770 2526514 	24797538224 2526514 0 0 0 	75087878 2526514 0 	457.845 	3 	140
23188400000000 23188500000375 	25000065488 73148917979 2536134 	24997529354 2536134 0 0 0 	75371846 2536134 0 	457.562 	3 	140
23214000000000 23214100000375 	25200066238 73735446522 2545800 	25197520438 2545800 0 0 0 	75662537 2545800 0 	457.284 	3 	140
23239600000000 23239700000375 	25400066988 74321942241 2555091 	25397511897 2555091 0 0 0 	75936893 2555091 0 	457.01 	3 	140
23265200000000 23265300000375 	25600067738 74908442997 2564418 	25597503320 2564418 0 0 0 	76214043 2564418 0 	456.741 	3 	140
23290800000000 23290900000375 	25800068488 75494994865 2573788 	25797494700 2573788 0 0 0 	76492704 2573788 0 	456.477 	3 	140
23316400000000 23316500000375 	26000069238 76081544281 2582945 	25997486293 2582945 0 0 0 	76762663 2582945 0 	456.217 	3 	140
23342000000000 23342100000074 	26200069386 76668153994 2591987 	26197477399 2591987 0 0 0 	77033870 2591987 0 	455.935 	3 	140
23367600000000 23367700000074 	26400069534 77254839926 2601037 	26397468497 2601037 0 0 0 	77299067 2601037 0 	455.657 	3 	140
23393200000000 23393300000074 	26600069682 77841553078 2609780 	26597459902 2609780 0 0 0 	77563959 2609780 0 	455.384 	3 	140
23418800000000 23418900000074 	26800069830 78428195947 2618552 	26797451278 2618552 0 0 0 	77820355 2618552 0 	455.116 	3 	140
23444400000000 23444500000074 	27000069978 79014883676 2627377 	26997442601 2627377 0 0 0 	78080313 2627377 0 	454.851 	3 	140
23470000000000 23470100000074 	27200070126 79601533325 2635996 	27197434130 2635996 0 0 0 	78337771 2635996 0 	454.591 	3 	140
23495600000000 23495700000320 	27400070766 80188266781 2644481 	27397426285 2644481 0 0 0 	78590787 2644481 0 	454.318 	3 	140
23521200000000 23521300000320 	27600071406 80774984462 2652937 	27597418469 2652937 0 0 0 	78839746 2652937 0 	454.049 	3 	140
23546800000000 23546900000320 	27800072046 81361771734 2661269 	27797410777 2661269 0 0 0 	79086774 2661269 0 	453.784 	3 	140
23572400000000 23572500000320 	28000072686 81948576349 2669421 	27997403265 2669421 0 0 0 	79329743 2669421 0 	453.524 	3 	140
23598000000000 23598100000320 	28200073326 82535306652 2677352 	28197395974 2677352 0 0 0 	79558386 2677352 0 	453.267 	3 	140
23623600000000 23623700000320 	28400073966 83122174202 2685420 	28397388546 2685420 0 0 0 	79793759 2685420 0 	453.015 	3 	140
23649200000000 23649300000353 	28600074672 83709013329 2693342 	28597381330 2693342 0 0 0 	80029572 2693342 0 	452.741 	3 	140
23674800000000 23674900000353 	28800075378 84295895384 2701258 	28797374120 2701258 0 0 0 	80273183 2701258 0 	452.472 	3 	140
23700400000000 23700500000353 	29000076084 84882767922 2709194 	28997366890 2709194 0 0 0 	80511808 2709194 0 	452.207 	3 	140
23726000000000 23726100000353 	29200076790 85469668889 2716863 	29197359927 2716863 0 0 0 	80741921 2716863 0 	451.945 	3 	140
23751600000000 23751700000353 	29400077496 86056600361 2724546 	29397352950 2724546 0 0 0 	80971346 2724546 0 	451.688 	3 	140
23777200000000 23777300000353 	29600078202 86643527013 2732158 	29597346044 2732158 0 0 0 	81200401 2732158 0 	451.434 	3 	140
23802800000000 23802900000044 	29800078290 87230499074 2739622 	29797338668 2739622 0 0 0 	81420843 2739622 0 	451.16 	3 	140
23828400000000 23828500000044 	30000078378 87817495134 2747148 	29997331230 2747148 0 0 0 	81646962 2747148 0 	450.89 	3 	140
23854000000000 23854100000044 	30200078466 88404472096 2754387 	30197324079 2754387 0 0 0 	81864879 2754387 0 	450.624 	3 	140
