20015400000000 20015500000476 	200000952 583945788 37307 	199963645 37307 0 0 0 	1106030 37307 0 	492 	3 	154
20041000000000 20041100000476 	400001904 1167824255 73639 	399928265 73639 0 0 0 	2192019 73639 0 	492 	3 	154
20066600000000 20066700000476 	600002856 1751779390 109936 	599892920 109936 0 0 0 	3267039 109936 0 	492 	3 	154
20092200000000 20092300000476 	800003808 2335736641 145453 	799858355 145453 0 0 0 	4320729 145453 0 	492 	3 	154
20117800000000 20117900000476 	1000004760 2919720746 180586 	999824174 180586 0 0 0 	5365597 180586 0 	492 	3 	154
20143400000000 20143500000476 	1200005712 3503737705 215387 	1199790325 215387 0 0 0 	6393351 215387 0 	492 	3 	154
20169000000000 20169100000011 	1400005734 4087740211 250169 	1399755565 250169 0 0 0 	7416068 250169 0 	491.569 	3 	154
20194600000000 20194700000011 	1600005756 4671780025 284209 	1599721547 284209 0 0 0 	8434612 284209 0 	491.247 	3 	154
20220200000000 20220300000011 	1800005778 5255854175 318131 	1799687647 318131 0 0 0 	9435045 318131 0 	490.996 	3 	154
20245800000000 20245900000011 	2000005800 5839946466 351556 	1999654244 351556 0 0 0 	10420857 351556 0 	490.796 	3 	154
20271400000000 20271500000011 	2200005822 6424063905 384668 	2199621154 384668 0 0 0 	11402299 384668 0 	490.632 	3 	154
20297000000000 20297100000011 	2400005844 7008170194 417461 	2399588383 417461 0 0 0 	12375904 417461 0 	490.495 	3 	154
20322600000000 20322700000210 	2600006264 7592307818 449781 	2599556483 449781 0 0 0 	13347545 449781 0 	490.068 	3 	154
20348200000000 20348300000210 	2800006684 8176513610 481682 	2799525002 481682 0 0 0 	14292637 481682 0 	489.703 	3 	154
20373800000000 20373900000210 	3000007104 8760750491 513194 	2999493910 513194 0 0 0 	15219707 513194 0 	489.386 	3 	154
20399400000000 20399500000210 	3200007524 9344946441 544410 	3199463114 544410 0 0 0 	16149211 544410 0 	489.11 	3 	154
20425000000000 20425100000210 	3400007944 9929224372 575218 	3399432726 575218 0 0 0 	17060919 575218 0 	488.866 	3 	154
20450600000000 20450700000210 	3600008364 10513481001 605934 	3599402430 605934 0 0 0 	17966988 605934 0 	488.65 	3 	154
20476200000000 20476300000381 	3800009126 11097727994 635878 	3799373248 635878 0 0 0 	18846665 635878 0 	488.241 	3 	154
20501800000000 20501900000381 	4000009888 11682004835 665881 	3999344007 665881 0 0 0 	19726874 665881 0 	487.874 	3 	154
20527400000000 20527500000381 	4200010650 12266320981 695596 	4199315054 695596 0 0 0 	20608790 695596 0 	487.542 	3 	154
20553000000000 20553100000381 	4400011412 12850656505 724982 	4399286430 724982 0 0 0 	21477151 724982 0 	487.241 	3 	154
20578600000000 20578700000381 	4600012174 13435075293 754011 	4599258163 754011 0 0 0 	22348721 754011 0 	486.966 	3 	154
20604200000000 20604300000381 	4800012936 14019414114 782865 	4799230071 782865 0 0 0 	23198573 782865 0 	486.715 	3 	154
20629800000000 20629900000468 	5000013872 14603804296 811061 	4999202811 811061 0 0 0 	24043954 811061 0 	486.36 	3 	154
20655400000000 20655500000468 	5200014808 15188237544 839173 	5199175635 839173 0 0 0 	24870637 839173 0 	486.033 	3 	154
20681000000000 20681100000468 	5400015744 15772636245 867115 	5399148629 867115 0 0 0 	25703698 867115 0 	485.731 	3 	154
20706600000000 20706700000468 	5600016680 16357106301 894661 	5599122019 894661 0 0 0 	26522509 894661 0 	485.45 	3 	154
20732200000000 20732300000468 	5800017616 16941532375 921608 	5799096008 921608 0 0 0 	27322269 921608 0 	485.19 	3 	154
20757800000000 20757900000468 	6000018552 17526046669 948462 	5999070090 948462 0 0 0 	28119551 948462 0 	484.946 	3 	154
20783400000000 20783500000254 	6200019060 18110534036 974909 	6199044151 974909 0 0 0 	28905446 974909 0 	484.585 	3 	154
20809000000000 20809100000254 	6400019568 18695076592 1001552 	6399018016 1001552 0 0 0 	29689965 1001552 0 	484.247 	3 	154
20834600000000 20834700000254 	6600020076 19279622552 1027614 	6598992462 1027614 0 0 0 	30468381 1027614 0 	483.93 	3 	154
20860200000000 20860300000254 	6800020584 19864265016 1053446 	6798967138 1053446 0 0 0 	31238418 1053446 0 	483.632 	3 	154
20885800000000 20885900000254 	7000021092 20448878038 1078633 	6998942459 1078633 0 0 0 	31980812 1078633 0 	483.352 	3 	154
20911400000000 20911500000365 	7200021822 21033491675 1103853 	7198917969 1103853 0 0 0 	32728827 1103853 0 	483 	3 	154
20937000000000 20937100000365 	7400022552 21618103477 1128732 	7398893820 1128732 0 0 0 	33462080 1128732 0 	482.668 	3 	154
20962600000000 20962700000365 	7600023282 22202784104 1153384 	7598869898 1153384 0 0 0 	34194442 1153384 0 	482.353 	3 	154
20988200000000 20988300000365 	7800024012 22787469465 1177854 	7798846158 1177854 0 0 0 	34915214 1177854 0 	482.055 	3 	154
21013800000000 21013900000365 	8000024742 23372157900 1202079 	7998822663 1202079 0 0 0 	35628835 1202079 0 	481.772 	3 	154
21039400000000 21039500000365 	8200025472 23956915386 1225938 	8198799534 1225938 0 0 0 	36334725 1225938 0 	481.504 	3 	154
21065000000000 21065100000368 	8400026208 24541647650 1249400 	8398776808 1249400 0 0 0 	37026160 1249400 0 	481.173 	3 	154
21090600000000 21090700000368 	8600026944 25126450890 1272681 	8598754263 1272681 0 0 0 	37716272 1272681 0 	480.859 	3 	154
21116200000000 21116300000368 	8800027680 25711283474 1295498 	8798732182 1295498 0 0 0 	38395576 1295498 0 	480.558 	3 	154
21141800000000 21141900000368 	9000028416 26296102430 1318230 	8998710186 1318230 0 0 0 	39068432 1318230 0 	480.272 	3 	154
21167400000000 21167500000368 	9200029152 26880974041 1341025 	9198688127 1341025 0 0 0 	39740633 1341025 0 	479.998 	3 	154
21193000000000 21193100000368 	9400029888 27465875652 1363413 	9398666475 1363413 0 0 0 	40407137 1363413 0 	479.737 	3 	154
21218600000000 21218700000352 	9600030592 28050796618 1385517 	9598645075 1385517 0 0 0 	41065264 1385517 0 	479.398 	3 	154
21244200000000 21244300000352 	9800031296 28635724220 1407620 	9798623676 1407620 0 0 0 	41721414 1407620 0 	479.074 	3 	154
21269800000000 21269900000352 	10000032000 29220640984 1429011 	9998602989 1429011 0 0 0 	42360455 1429011 0 	478.762 	3 	154
21295400000000 21295500000352 	10200032704 29805641644 1450387 	10198582317 1450387 0 0 0 	42993216 1450387 0 	478.464 	3 	154
21321000000000 21321100000352 	10400033408 30390602736 1471459 	10398561949 1471459 0 0 0 	43623855 1471459 0 	478.177 	3 	154
21346600000000 21346700000352 	10600034112 30975609478 1492449 	10598541663 1492449 0 0 0 	44247079 1492449 0 	477.902 	3 	154
21372200000000 21372300000120 	10800034352 31560637966 1513039 	10798521313 1513039 0 0 0 	44867730 1513039 0 	477.578 	3 	154
21397800000000 21397900000120 	11000034592 32145685274 1533579 	10998501013 1533579 0 0 0 	45474079 1533579 0 	477.266 	3 	154
21423400000000 21423500000120 	11200034832 32730695126 1553990 	11198480842 1553990 0 0 0 	46084083 1553990 0 	476.965 	3 	154
21449000000000 21449100000120 	11400035072 33315826440 1574101 	11398460971 1574101 0 0 0 	46678192 1574101 0 	476.675 	3 	154
21474600000000 21474700000120 	11600035312 33900852486 1593789 	11598441523 1593789 0 0 0 	47262370 1593789 0 	476.396 	3 	154
21500200000000 21500300000120 	11800035552 34486021581 1613364 	11798422188 1613364 0 0 0 	47839110 1613364 0 	476.127 	3 	154
21525800000000 21525900000178 	12000035908 35071182082 1632901 	11998403007 1632901 0 0 0 	48420830 1632901 0 	475.813 	3 	154
21551400000000 21551500000178 	12200036264 35656337028 1652230 	12198384034 1652230 0 0 0 	48996471 1652230 0 	475.51 	3 	154
21577000000000 21577100000178 	12400036620 36241577756 1671348 	12398365272 1671348 0 0 0 	49564301 1671348 0 	475.217 	3 	154
21602600000000 21602700000178 	12600036976 36826788078 1690165 	12598346811 1690165 0 0 0 	50120532 1690165 0 	474.933 	3 	154
21628200000000 21628300000178 	12800037332 37412067507 1708730 	12798328602 1708730 0 0 0 	50670382 1708730 0 	474.659 	3 	154
21653800000000 21653900000178 	13000037688 37997307284 1727100 	12998310588 1727100 0 0 0 	51212512 1727100 0 	474.394 	3 	154
21679400000000 21679500000355 	13200038398 38582624618 1745281 	13198293117 1745281 0 0 0 	51749383 1745281 0 	474.087 	3 	154
21705000000000 21705100000355 	13400039108 39167940495 1763252 	13398275856 1763252 0 0 0 	52281862 1763252 0 	473.791 	3 	154
21730600000000 21730700000355 	13600039818 39753286588 1781110 	13598258708 1781110 0 0 0 	52815551 1781110 0 	473.503 	3 	154
21756200000000 21756300000355 	13800040528 40338615750 1798558 	13798241970 1798558 0 0 0 	53334894 1798558 0 	473.224 	3 	154
21781800000000 21781900000355 	14000041238 40924002236 1815984 	13998225254 1815984 0 0 0 	53850171 1815984 0 	472.954 	3 	154
21807400000000 21807500000355 	14200041948 41509398728 1833335 	14198208613 1833335 0 0 0 	54364820 1833335 0 	472.691 	3 	154
21833000000000 21833100000230 	14400042408 42094778822 1850385 	14398192023 1850385 0 0 0 	54875289 1850385 0 	472.375 	3 	154
21858600000000 21858700000230 	14600042868 42680235908 1867530 	14598175338 1867530 0 0 0 	55377839 1867530 0 	472.069 	3 	154
21884200000000 21884300000230 	14800043328 43265664970 1884162 	14798159166 1884162 0 0 0 	55871742 1884162 0 	471.771 	3 	154
21909800000000 21909900000230 	15000043788 43851100642 1900718 	14998143070 1900718 0 0 0 	56369982 1900718 0 	471.482 	3 	154
21935400000000 21935500000230 	15200044248 44436629518 1916942 	15198127306 1916942 0 0 0 	56852634 1916942 0 	471.2 	3 	154
21961000000000 21961100000230 	15400044708 45022177019 1933162 	15398111546 1933162 0 0 0 	57331241 1933162 0 	470.926 	3 	154
21986600000000 21986700000320 	15600045348 45607672353 1949143 	15598096205 1949143 0 0 0 	57810163 1949143 0 	470.617 	3 	154
22012200000000 22012300000320 	15800045988 46193212470 1964966 	15798081022 1964966 0 0 0 	58280925 1964966 0 	470.317 	3 	154
22037800000000 22037900000320 	16000046628 46778771278 1980644 	15998065984 1980644 0 0 0 	58741690 1980644 0 	470.024 	3 	154
22063400000000 22063500000320 	16200047268 47364391213 1996184 	16198051084 1996184 0 0 0 	59207878 1996184 0 	469.739 	3 	154
22089000000000 22089100000320 	16400047908 47950002341 2011625 	16398036283 2011625 0 0 0 	59667867 2011625 0 	469.461 	3 	154
22114600000000 22114700000320 	16600048548 48535624617 2026817 	16598021731 2026817 0 0 0 	60117529 2026817 0 	469.19 	3 	154
22140200000000 22140300000400 	16800049348 49121234782 2041764 	16798007584 2041764 0 0 0 	60557788 2041764 0 	468.887 	3 	154
22165800000000 22165900000400 	17000050148 49706945481 2056810 	16997993338 2056810 0 0 0 	61007766 2056810 0 	468.591 	3 	154
22191400000000 22191500000400 	17200050948 50292658307 2071396 	17197979552 2071396 0 0 0 	61440312 2071396 0 	468.302 	3 	154
22217000000000 22217100000400 	17400051748 50878405077 2086032 	17397965716 2086032 0 0 0 	61873940 2086032 0 	468.021 	3 	154
22242600000000 22242700000400 	17600052548 51464118708 2100411 	17597952137 2100411 0 0 0 	62303037 2100411 0 	467.746 	3 	154
22268200000000 22268300000400 	17800053348 52049849823 2114799 	17797938549 2114799 0 0 0 	62733188 2114799 0 	467.477 	3 	154
22293800000000 22293900000290 	18000053928 52635621335 2128923 	17997925005 2128923 0 0 0 	63153730 2128923 0 	467.178 	3 	154
22319400000000 22319500000290 	18200054508 53221406889 2142907 	18197911601 2142907 0 0 0 	63570134 2142907 0 	466.886 	3 	154
22345000000000 22345100000290 	18400055088 53807219169 2156668 	18397898420 2156668 0 0 0 	63977066 2156668 0 	466.6 	3 	154
22370600000000 22370700000290 	18600055668 54393051164 2170169 	18597885499 2170169 0 0 0 	64382751 2170169 0 	466.321 	3 	154
22396200000000 22396300000290 	18800056248 54978855416 2183596 	18797872652 2183596 0 0 0 	64778959 2183596 0 	466.048 	3 	154
22421800000000 22421900000290 	19000056828 55564728922 2197006 	18997859822 2197006 0 0 0 	65178699 2197006 0 	465.781 	3 	154
22447400000000 22447500000249 	19200057326 56150658163 2210106 	19197847220 2210106 0 0 0 	65564678 2210106 0 	465.486 	3 	154
22473000000000 22473100000249 	19400057824 56736566441 2223422 	19397834402 2223422 0 0 0 	65962434 2223422 0 	465.196 	3 	154
22498600000000 22498700000249 	19600058322 57322512530 2236398 	19597821924 2236398 0 0 0 	66342079 2236398 0 	464.913 	3 	154
22524200000000 22524300000249 	19800058820 57908468190 2249132 	19797809688 2249132 0 0 0 	66719682 2249132 0 	464.636 	3 	154
22549800000000 22549900000249 	20000059318 58494440123 2261831 	19997797487 2261831 0 0 0 	67096191 2261831 0 	464.365 	3 	154
22575400000000 22575500000249 	20200059816 59080399967 2274139 	20197785677 2274139 0 0 0 	67462624 2274139 0 	464.1 	3 	154
22601000000000 22601100000088 	20400059992 59666418070 2286573 	20397773419 2286573 0 0 0 	67835853 2286573 0 	463.806 	3 	154
22626600000000 22626700000088 	20600060168 60252420090 2298748 	20597761420 2298748 0 0 0 	68196457 2298748 0 	463.519 	3 	154
22652200000000 22652300000088 	20800060344 60838521999 2310687 	20797749657 2310687 0 0 0 	68552244 2310687 0 	463.238 	3 	154
22677800000000 22677900000088 	21000060520 61424594989 2322614 	20997737906 2322614 0 0 0 	68904884 2322614 0 	462.963 	3 	154
22703400000000 22703500000088 	21200060696 62010675983 2334317 	21197726379 2334317 0 0 0 	69256711 2334317 0 	462.693 	3 	154
22729000000000 22729100000110 	21400060916 62596791805 2346003 	21397714913 2346003 0 0 0 	69605266 2346003 0 	462.407 	3 	154
22754600000000 22754700000110 	21600061136 63182980892 2357688 	21597703448 2357688 0 0 0 	69953603 2357688 0 	462.127 	3 	154
22780200000000 22780300000110 	21800061356 63769197881 2369206 	21797692150 2369206 0 0 0 	70295950 2369206 0 	461.853 	3 	154
22805800000000 22805900000110 	22000061576 64355422759 2380457 	21997681119 2380457 0 0 0 	70632965 2380457 0 	461.583 	3 	154
22831400000000 22831500000110 	22200061796 64941607846 2391662 	22197670134 2391662 0 0 0 	70963609 2391662 0 	461.319 	3 	154
22857000000000 22857100000110 	22400062016 65527849966 2402720 	22397659296 2402720 0 0 0 	71290980 2402720 0 	461.06 	3 	154
22882600000000 22882700000189 	22600062394 66114097010 2413767 	22597648627 2413767 0 0 0 	71624058 2413767 0 	460.776 	3 	154
22908200000000 22908300000189 	22800062772 66700338361 2424591 	22797638181 2424591 0 0 0 	71944661 2424591 0 	460.497 	3 	154
22933800000000 22933900000189 	23000063150 67286615028 2435367 	22997627783 2435367 0 0 0 	72270593 2435367 0 	460.223 	3 	154
22959400000000 22959500000189 	23200063528 67872873791 2446004 	23197617524 2446004 0 0 0 	72592382 2446004 0 	459.954 	3 	154
22985000000000 22985100000189 	23400063906 68459215495 2456396 	23397607510 2456396 0 0 0 	72902419 2456396 0 	459.69 	3 	154
23010600000000 23010700000189 	23600064284 69045530753 2466711 	23597597573 2466711 0 0 0 	73210345 2466711 0 	459.431 	3 	154
23036200000000 23036300000060 	23800064404 69631905802 2477060 	23797587344 2477060 0 0 0 	73516588 2477060 0 	459.147 	3 	154
23061800000000 23061900000060 	24000064524 70218318354 2487270 	23997577254 2487270 0 0 0 	73824316 2487270 0 	458.869 	3 	154
23087400000000 23087500000060 	24200064644 70804701520 2497221 	24197567423 2497221 0 0 0 	74119264 2497221 0 	458.596 	3 	154
23113000000000 23113100000060 	24400064764 71391131576 2507039 	24397557725 2507039 0 0 0 	74411479 2507039 0 	458.327 	3 	154
23138600000000 23138700000060 	24600064884 71977564892 2516885 	24597547999 2516885 0 0 0 	74703642 2516885 0 	458.063 	3 	154
23164200000000 23164300000060 	24800065004 72564037416 2526746 	24797538258 2526746 0 0 0 	74994451 2526746 0 	457.804 	3 	154
23189800000000 23189900000375 	25000065754 73150475879 2536375 	24997529379 2536375 0 0 0 	75281797 2536375 0 	457.521 	3 	154
23215400000000 23215500000375 	25200066504 73737042076 2545915 	25197520589 2545915 0 0 0 	75567837 2545915 0 	457.244 	3 	154
23241000000000 23241100000375 	25400067254 74323592821 2555348 	25397511906 2555348 0 0 0 	75846282 2555348 0 	456.971 	3 	154
23266600000000 23266700000375 	25600068004 74910191573 2564795 	25597503209 2564795 0 0 0 	76129262 2564795 0 	456.702 	3 	154
23292200000000 23292300000375 	25800068754 75496801722 2574066 	25797494688 2574066 0 0 0 	76400446 2574066 0 	456.438 	3 	154
23317800000000 23317900000375 	26000069504 76083384931 2583269 	25997486235 2583269 0 0 0 	76671164 2583269 0 	456.179 	3 	154
23343400000000 23343500000074 	26200069652 76670023549 2592397 	26197477255 2592397 0 0 0 	76946735 2592397 0 	455.897 	3 	154
23369000000000 23369100000074 	26400069800 77256662811 2601381 	26397468419 2601381 0 0 0 	77215194 2601381 0 	455.62 	3 	154
23394600000000 23394700000074 	26600069948 77843365986 2610294 	26597459654 2610294 0 0 0 	77480251 2610294 0 	455.347 	3 	154
23420200000000 23420300000074 	26800070096 78430033606 2619049 	26797451047 2619049 0 0 0 	77741774 2619049 0 	455.079 	3 	154
23445800000000 23445900000074 	27000070244 79016763088 2627641 	26997442603 2627641 0 0 0 	77997229 2627641 0 	454.815 	3 	154
23471400000000 23471500000074 	27200070392 79603471218 2636289 	27197434103 2636289 0 0 0 	78258601 2636289 0 	454.555 	3 	154
23497000000000 23497100000320 	27400071032 80190231707 2644676 	27397426356 2644676 0 0 0 	78507810 2644676 0 	454.282 	3 	154
23522600000000 23522700000320 	27600071672 80776975480 2652864 	27597418808 2652864 0 0 0 	78753313 2652864 0 	454.013 	3 	154
23548200000000 23548300000320 	27800072312 81363728939 2661086 	27797411226 2661086 0 0 0 	78995493 2661086 0 	453.749 	3 	154
23573800000000 23573900000320 	28000072952 81950562215 2669214 	27997403738 2669214 0 0 0 	79238388 2669214 0 	453.489 	3 	154
23599400000000 23599500000320 	28200073592 82537354010 2677279 	28197396313 2677279 0 0 0 	79474413 2677279 0 	453.232 	3 	154
23625000000000 23625100000320 	28400074232 83124256257 2685243 	28397388989 2685243 0 0 0 	79711422 2685243 0 	452.98 	3 	154
23650600000000 23650700000353 	28600074938 83711106309 2693253 	28597381685 2693253 0 0 0 	79945211 2693253 0 	452.707 	3 	154
23676200000000 23676300000353 	28800075644 84297992991 2701077 	28797374567 2701077 0 0 0 	80181021 2701077 0 	452.438 	3 	154
23701800000000 23701900000353 	29000076350 84884860063 2708997 	28997367353 2708997 0 0 0 	80413997 2708997 0 	452.173 	3 	154
23727400000000 23727500000353 	29200077056 85471762802 2716623 	29197360433 2716623 0 0 0 	80644449 2716623 0 	451.912 	3 	154
23753000000000 23753100000353 	29400077762 86058694894 2724230 	29397353532 2724230 0 0 0 	80868539 2724230 0 	451.654 	3 	154
23778600000000 23778700000353 	29600078468 86645645111 2731722 	29597346746 2731722 0 0 0 	81093426 2731722 0 	451.401 	3 	154
23804200000000 23804300000044 	29800078556 87232587161 2739088 	29797339468 2739088 0 0 0 	81310897 2739088 0 	451.127 	3 	154
23829800000000 23829900000044 	30000078644 87819541550 2746387 	29997332257 2746387 0 0 0 	81530737 2746387 0 	450.858 	3 	154
23855400000000 23855500000044 	30200078732 88406493739 2753661 	30197325071 2753661 0 0 0 	81748796 2753661 0 	450.592 	3 	154
