20015800000000 20015900000476 	200000952 583879434 36836 	199964116 36836 0 0 0 	1083532 36836 0 	492 	3 	158
20041400000000 20041500000476 	400001904 1167809809 72909 	399928995 72909 0 0 0 	2146236 72909 0 	492 	3 	158
20067000000000 20067100000476 	600002856 1751664129 109021 	599893835 109021 0 0 0 	3211828 109021 0 	492 	3 	158
20092600000000 20092700000476 	800003808 2335648057 144337 	799859471 144337 0 0 0 	4266401 144337 0 	492 	3 	158
20118200000000 20118300000476 	1000004760 2919642441 179317 	999825443 179317 0 0 0 	5301600 179317 0 	492 	3 	158
20143800000000 20143900000476 	1200005712 3503650272 214084 	1199791628 214084 0 0 0 	6324887 214084 0 	492 	3 	158
20169400000000 20169500000011 	1400005734 4087666547 248495 	1399757239 248495 0 0 0 	7350578 248495 0 	491.569 	3 	158
20195000000000 20195100000011 	1600005756 4671729358 282748 	1599723008 282748 0 0 0 	8367835 282748 0 	491.247 	3 	158
20220600000000 20220700000011 	1800005778 5255806682 316276 	1799689502 316276 0 0 0 	9359126 316276 0 	490.996 	3 	158
20246200000000 20246300000011 	2000005800 5839891165 349581 	1999656219 349581 0 0 0 	10347559 349581 0 	490.796 	3 	158
20271800000000 20271900000011 	2200005822 6424054707 382408 	2199623414 382408 0 0 0 	11323073 382408 0 	490.632 	3 	158
20297400000000 20297500000011 	2400005844 7008205083 414951 	2399590893 414951 0 0 0 	12297041 414951 0 	490.495 	3 	158
20323000000000 20323100000210 	2600006264 7592387136 447148 	2599559116 447148 0 0 0 	13256189 447148 0 	490.068 	3 	158
20348600000000 20348700000210 	2800006684 8176597289 479219 	2799527465 479219 0 0 0 	14205341 479219 0 	489.703 	3 	158
20374200000000 20374300000210 	3000007104 8760774503 510915 	2999496189 510915 0 0 0 	15152835 510915 0 	489.386 	3 	158
20399800000000 20399900000210 	3200007524 9344971434 542142 	3199465382 542142 0 0 0 	16083203 542142 0 	489.11 	3 	158
20425400000000 20425500000210 	3400007944 9929201675 572832 	3399435112 572832 0 0 0 	16982866 572832 0 	488.866 	3 	158
20451000000000 20451100000210 	3600008364 10513465453 603305 	3599405059 603305 0 0 0 	17891825 603305 0 	488.65 	3 	158
20476600000000 20476700000381 	3800009126 11097732094 633455 	3799375671 633455 0 0 0 	18777457 633455 0 	488.241 	3 	158
20502200000000 20502300000381 	4000009888 11682028604 663482 	3999346406 663482 0 0 0 	19663995 663482 0 	487.874 	3 	158
20527800000000 20527900000381 	4200010650 12266399052 693312 	4199317338 693312 0 0 0 	20554905 693312 0 	487.542 	3 	158
20553400000000 20553500000381 	4400011412 12850694517 722660 	4399288752 722660 0 0 0 	21421822 722660 0 	487.241 	3 	158
20579000000000 20579100000381 	4600012174 13435084224 751791 	4599260383 751791 0 0 0 	22288724 751791 0 	486.966 	3 	158
20604600000000 20604700000381 	4800012936 14019476478 780581 	4799232355 780581 0 0 0 	23149562 780581 0 	486.715 	3 	158
20630200000000 20630300000468 	5000013872 14603844873 808967 	4999204905 808967 0 0 0 	23990524 808967 0 	486.36 	3 	158
20655800000000 20655900000468 	5200014808 15188288915 837247 	5199177561 837247 0 0 0 	24831199 837247 0 	486.033 	3 	158
20681400000000 20681500000468 	5400015744 15772702770 865082 	5399150662 865082 0 0 0 	25662578 865082 0 	485.731 	3 	158
20707000000000 20707100000468 	5600016680 16357136086 892379 	5599124301 892379 0 0 0 	26469171 892379 0 	485.45 	3 	158
20732600000000 20732700000468 	5800017616 16941583681 919614 	5799098002 919614 0 0 0 	27278063 919614 0 	485.19 	3 	158
20758200000000 20758300000468 	6000018552 17526090622 946671 	5999071881 946671 0 0 0 	28082642 946671 0 	484.946 	3 	158
20783800000000 20783900000254 	6200019060 18110626294 973192 	6199045868 973192 0 0 0 	28869457 973192 0 	484.585 	3 	158
20809400000000 20809500000254 	6400019568 18695149194 999572 	6399019996 999572 0 0 0 	29655237 999572 0 	484.247 	3 	158
20835000000000 20835100000254 	6600020076 19279738604 1025565 	6598994511 1025565 0 0 0 	30415847 1025565 0 	483.93 	3 	158
20860600000000 20860700000254 	6800020584 19864383256 1051299 	6798969285 1051299 0 0 0 	31185108 1051299 0 	483.632 	3 	158
20886200000000 20886300000254 	7000021092 20448992184 1076785 	6998944307 1076785 0 0 0 	31938452 1076785 0 	483.352 	3 	158
20911800000000 20911900000365 	7200021822 21033662660 1102033 	7198919789 1102033 0 0 0 	32681618 1102033 0 	483 	3 	158
20937400000000 20937500000365 	7400022552 21618293490 1126989 	7398895563 1126989 0 0 0 	33423425 1126989 0 	482.668 	3 	158
20963000000000 20963100000365 	7600023282 22202978001 1151575 	7598871707 1151575 0 0 0 	34155075 1151575 0 	482.353 	3 	158
20988600000000 20988700000365 	7800024012 22787717579 1175903 	7798848109 1175903 0 0 0 	34877916 1175903 0 	482.055 	3 	158
21014200000000 21014300000365 	8000024742 23372433896 1200182 	7998824560 1200182 0 0 0 	35591818 1200182 0 	481.772 	3 	158
21039800000000 21039900000365 	8200025472 23957127943 1224038 	8198801434 1224038 0 0 0 	36295885 1224038 0 	481.504 	3 	158
21065400000000 21065500000368 	8400026208 24541916567 1247566 	8398778642 1247566 0 0 0 	37005930 1247566 0 	481.173 	3 	158
21091000000000 21091100000368 	8600026944 25126705005 1271128 	8598755816 1271128 0 0 0 	37710767 1271128 0 	480.859 	3 	158
21116600000000 21116700000368 	8800027680 25711531055 1294096 	8798733584 1294096 0 0 0 	38403618 1294096 0 	480.558 	3 	158
21142200000000 21142300000368 	9000028416 26296367259 1317122 	8998711294 1317122 0 0 0 	39076648 1317122 0 	480.272 	3 	158
21167800000000 21167900000368 	9200029152 26881223563 1339627 	9198689525 1339627 0 0 0 	39744865 1339627 0 	479.998 	3 	158
21193400000000 21193500000368 	9400029888 27466130307 1362108 	9398667780 1362108 0 0 0 	40411370 1362108 0 	479.737 	3 	158
21219000000000 21219100000352 	9600030592 28051088903 1384190 	9598646402 1384190 0 0 0 	41069462 1384190 0 	479.398 	3 	158
21244600000000 21244700000352 	9800031296 28636028415 1406427 	9798624869 1406427 0 0 0 	41730993 1406427 0 	479.074 	3 	158
21270200000000 21270300000352 	10000032000 29220971608 1427941 	9998604059 1427941 0 0 0 	42368245 1427941 0 	478.762 	3 	158
21295800000000 21295900000352 	10200032704 29805883050 1449308 	10198583396 1449308 0 0 0 	43001481 1449308 0 	478.464 	3 	158
21321400000000 21321500000352 	10400033408 30390867447 1470586 	10398562822 1470586 0 0 0 	43630700 1470586 0 	478.177 	3 	158
21347000000000 21347100000352 	10600034112 30975935346 1491587 	10598542525 1491587 0 0 0 	44249826 1491587 0 	477.902 	3 	158
21372600000000 21372700000120 	10800034352 31560930624 1512180 	10798522172 1512180 0 0 0 	44869507 1512180 0 	477.578 	3 	158
21398200000000 21398300000120 	11000034592 32145959391 1532504 	10998502088 1532504 0 0 0 	45476963 1532504 0 	477.266 	3 	158
21423800000000 21423900000120 	11200034832 32730985972 1552913 	11198481919 1552913 0 0 0 	46080017 1552913 0 	476.965 	3 	158
21449400000000 21449500000120 	11400035072 33316058180 1572837 	11398462235 1572837 0 0 0 	46676118 1572837 0 	476.675 	3 	158
21475000000000 21475100000120 	11600035312 33901156595 1592724 	11598442588 1592724 0 0 0 	47269212 1592724 0 	476.396 	3 	158
21500600000000 21500700000120 	11800035552 34486234941 1612275 	11798423277 1612275 0 0 0 	47849247 1612275 0 	476.127 	3 	158
21526200000000 21526300000178 	12000035908 35071353422 1631421 	11998404487 1631421 0 0 0 	48413378 1631421 0 	475.813 	3 	158
21551800000000 21551900000178 	12200036264 35656516789 1650887 	12198385377 1650887 0 0 0 	48993331 1650887 0 	475.51 	3 	158
21577400000000 21577500000178 	12400036620 36241660610 1669691 	12398366929 1669691 0 0 0 	49554901 1669691 0 	475.217 	3 	158
21603000000000 21603100000178 	12600036976 36826865841 1688393 	12598348583 1688393 0 0 0 	50105945 1688393 0 	474.933 	3 	158
21628600000000 21628700000178 	12800037332 37412048652 1707088 	12798330244 1707088 0 0 0 	50660762 1707088 0 	474.659 	3 	158
21654200000000 21654300000178 	13000037688 37997290661 1725659 	12998312029 1725659 0 0 0 	51211801 1725659 0 	474.394 	3 	158
21679800000000 21679900000355 	13200038398 38582488235 1743773 	13198294625 1743773 0 0 0 	51753863 1743773 0 	474.087 	3 	158
21705400000000 21705500000355 	13400039108 39167839741 1761765 	13398277343 1761765 0 0 0 	52285575 1761765 0 	473.791 	3 	158
21731000000000 21731100000355 	13600039818 39753160093 1779251 	13598260567 1779251 0 0 0 	52804729 1779251 0 	473.503 	3 	158
21756600000000 21756700000355 	13800040528 40338509224 1796917 	13798243611 1796917 0 0 0 	53331111 1796917 0 	473.224 	3 	158
21782200000000 21782300000355 	14000041238 40923946674 1814339 	13998226899 1814339 0 0 0 	53847482 1814339 0 	472.954 	3 	158
21807800000000 21807900000355 	14200041948 41509286130 1831601 	14198210347 1831601 0 0 0 	54354483 1831601 0 	472.691 	3 	158
21833400000000 21833500000230 	14400042408 42094722171 1848784 	14398193624 1848784 0 0 0 	54865715 1848784 0 	472.375 	3 	158
21859000000000 21859100000230 	14600042868 42680193825 1865811 	14598177057 1865811 0 0 0 	55372988 1865811 0 	472.069 	3 	158
21884600000000 21884700000230 	14800043328 43265561724 1882614 	14798160714 1882614 0 0 0 	55877677 1882614 0 	471.771 	3 	158
21910200000000 21910300000230 	15000043788 43850987329 1899000 	14998144788 1899000 0 0 0 	56367175 1899000 0 	471.482 	3 	158
21935800000000 21935900000230 	15200044248 44436441999 1915180 	15198129068 1915180 0 0 0 	56845979 1915180 0 	471.2 	3 	158
21961400000000 21961500000230 	15400044708 45021905725 1931266 	15398113442 1931266 0 0 0 	57318184 1931266 0 	470.926 	3 	158
21987000000000 21987100000320 	15600045348 45607454509 1947235 	15598098113 1947235 0 0 0 	57794436 1947235 0 	470.617 	3 	158
22012600000000 22012700000320 	15800045988 46192999795 1962993 	15798082995 1962993 0 0 0 	58266141 1962993 0 	470.317 	3 	158
22038200000000 22038300000320 	16000046628 46778572503 1978666 	15998067962 1978666 0 0 0 	58733116 1978666 0 	470.024 	3 	158
22063800000000 22063900000320 	16200047268 47364164317 1994023 	16198053245 1994023 0 0 0 	59188677 1994023 0 	469.739 	3 	158
22089400000000 22089500000320 	16400047908 47949780710 2009409 	16398038499 2009409 0 0 0 	59651036 2009409 0 	469.461 	3 	158
22115000000000 22115100000320 	16600048548 48535423335 2024589 	16598023959 2024589 0 0 0 	60096821 2024589 0 	469.19 	3 	158
22140600000000 22140700000400 	16800049348 49121069804 2039921 	16798009427 2039921 0 0 0 	60551737 2039921 0 	468.887 	3 	158
22166200000000 22166300000400 	17000050148 49706756137 2054790 	16997995358 2054790 0 0 0 	60989574 2054790 0 	468.591 	3 	158
22191800000000 22191900000400 	17200050948 50292415797 2069559 	17197981389 2069559 0 0 0 	61420859 2069559 0 	468.302 	3 	158
22217400000000 22217500000400 	17400051748 50878139982 2084039 	17397967709 2084039 0 0 0 	61853550 2084039 0 	468.021 	3 	158
22243000000000 22243100000400 	17600052548 51463827669 2098296 	17597954252 2098296 0 0 0 	62285208 2098296 0 	467.746 	3 	158
22268600000000 22268700000400 	17800053348 52049610648 2112559 	17797940789 2112559 0 0 0 	62706103 2112559 0 	467.477 	3 	158
22294200000000 22294300000290 	18000053928 52635381048 2126533 	17997927395 2126533 0 0 0 	63126621 2126533 0 	467.178 	3 	158
22319800000000 22319900000290 	18200054508 53221215263 2140667 	18197913841 2140667 0 0 0 	63550057 2140667 0 	466.886 	3 	158
22345400000000 22345500000290 	18400055088 53807015777 2154663 	18397900425 2154663 0 0 0 	63960681 2154663 0 	466.6 	3 	158
22371000000000 22371100000290 	18600055668 54392854914 2168316 	18597887352 2168316 0 0 0 	64367235 2168316 0 	466.321 	3 	158
22396600000000 22396700000290 	18800056248 54978737752 2181539 	18797874709 2181539 0 0 0 	64759939 2181539 0 	466.048 	3 	158
22422200000000 22422300000290 	19000056828 55564616564 2194970 	18997861858 2194970 0 0 0 	65161634 2194970 0 	465.781 	3 	158
22447800000000 22447900000249 	19200057326 56150505733 2208167 	19197849159 2208167 0 0 0 	65548067 2208167 0 	465.486 	3 	158
22473400000000 22473500000249 	19400057824 56736428917 2221168 	19397836656 2221168 0 0 0 	65929584 2221168 0 	465.196 	3 	158
22499000000000 22499100000249 	19600058322 57322312626 2234065 	19597824257 2234065 0 0 0 	66315667 2234065 0 	464.913 	3 	158
22524600000000 22524700000249 	19800058820 57908288157 2246797 	19797812023 2246797 0 0 0 	66697057 2246797 0 	464.636 	3 	158
22550200000000 22550300000249 	20000059318 58494239589 2259325 	19997799993 2259325 0 0 0 	67065682 2259325 0 	464.365 	3 	158
22575800000000 22575900000249 	20200059816 59080243200 2271895 	20197787921 2271895 0 0 0 	67443021 2271895 0 	464.1 	3 	158
22601400000000 22601500000088 	20400059992 59666229723 2284212 	20397775780 2284212 0 0 0 	67810542 2284212 0 	463.806 	3 	158
22627000000000 22627100000088 	20600060168 60252224982 2296497 	20597763671 2296497 0 0 0 	68182238 2296497 0 	463.519 	3 	158
22652600000000 22652700000088 	20800060344 60838324353 2308463 	20797751881 2308463 0 0 0 	68534277 2308463 0 	463.238 	3 	158
22678200000000 22678300000088 	21000060520 61424456754 2320710 	20997739810 2320710 0 0 0 	68901889 2320710 0 	462.963 	3 	158
22703800000000 22703900000088 	21200060696 62010532619 2332554 	21197728142 2332554 0 0 0 	69254979 2332554 0 	462.693 	3 	158
22729400000000 22729500000110 	21400060916 62596673507 2344367 	21397716549 2344367 0 0 0 	69606167 2344367 0 	462.407 	3 	158
22755000000000 22755100000110 	21600061136 63182813824 2356027 	21597705109 2356027 0 0 0 	69955136 2356027 0 	462.127 	3 	158
22780600000000 22780700000110 	21800061356 63769037695 2367551 	21797693805 2367551 0 0 0 	70291906 2367551 0 	461.853 	3 	158
22806200000000 22806300000110 	22000061576 64355246906 2378780 	21997682796 2378780 0 0 0 	70629344 2378780 0 	461.583 	3 	158
22831800000000 22831900000110 	22200061796 64941442557 2389756 	22197672040 2389756 0 0 0 	70951820 2389756 0 	461.319 	3 	158
22857400000000 22857500000110 	22400062016 65527675496 2400886 	22397661130 2400886 0 0 0 	71281522 2400886 0 	461.06 	3 	158
22883000000000 22883100000189 	22600062394 66113882966 2411904 	22597650490 2411904 0 0 0 	71612689 2411904 0 	460.776 	3 	158
22908600000000 22908700000189 	22800062772 66700114771 2422740 	22797640032 2422740 0 0 0 	71928725 2422740 0 	460.497 	3 	158
22934200000000 22934300000189 	23000063150 67286405472 2433564 	22997629586 2433564 0 0 0 	72251172 2433564 0 	460.223 	3 	158
22959800000000 22959900000189 	23200063528 67872754234 2444199 	23197619329 2444199 0 0 0 	72573381 2444199 0 	459.954 	3 	158
22985400000000 22985500000189 	23400063906 68459032445 2454712 	23397609194 2454712 0 0 0 	72885939 2454712 0 	459.69 	3 	158
23011000000000 23011100000189 	23600064284 69045312542 2465118 	23597599166 2465118 0 0 0 	73194981 2465118 0 	459.431 	3 	158
23036600000000 23036700000060 	23800064404 69631698155 2475432 	23797588972 2475432 0 0 0 	73507361 2475432 0 	459.147 	3 	158
23062200000000 23062300000060 	24000064524 70218095643 2485628 	23997578896 2485628 0 0 0 	73811345 2485628 0 	458.869 	3 	158
23087800000000 23087900000060 	24200064644 70804531010 2495610 	24197569034 2495610 0 0 0 	74106680 2495610 0 	458.596 	3 	158
23113400000000 23113500000060 	24400064764 71390988777 2505534 	24397559230 2505534 0 0 0 	74401272 2505534 0 	458.327 	3 	158
23139000000000 23139100000060 	24600064884 71977440957 2515356 	24597549528 2515356 0 0 0 	74690423 2515356 0 	458.063 	3 	158
23164600000000 23164700000060 	24800065004 72563900761 2525121 	24797539883 2525121 0 0 0 	74978726 2525121 0 	457.804 	3 	158
23190200000000 23190300000375 	25000065754 73150365757 2534748 	24997531006 2534748 0 0 0 	75265901 2534748 0 	457.521 	3 	158
23215800000000 23215900000375 	25200066504 73736893856 2544278 	25197522226 2544278 0 0 0 	75548620 2544278 0 	457.244 	3 	158
23241400000000 23241500000375 	25400067254 74323399737 2553579 	25397513675 2553579 0 0 0 	75826376 2553579 0 	456.971 	3 	158
23267000000000 23267100000375 	25600068004 74909926339 2562841 	25597505163 2562841 0 0 0 	76100242 2562841 0 	456.702 	3 	158
23292600000000 23292700000375 	25800068754 75496499720 2572116 	25797496638 2572116 0 0 0 	76380763 2572116 0 	456.438 	3 	158
23318200000000 23318300000375 	26000069504 76083137113 2581197 	25997488307 2581197 0 0 0 	76648883 2581197 0 	456.179 	3 	158
23343800000000 23343900000074 	26200069652 76669707487 2590215 	26197479437 2590215 0 0 0 	76918078 2590215 0 	455.897 	3 	158
23369400000000 23369500000074 	26400069800 77256292974 2599195 	26397470605 2599195 0 0 0 	77183909 2599195 0 	455.62 	3 	158
23395000000000 23395100000074 	26600069948 77842880325 2608085 	26597461863 2608085 0 0 0 	77446976 2608085 0 	455.347 	3 	158
23420600000000 23420700000074 	26800070096 78429558722 2616648 	26797453448 2616648 0 0 0 	77701173 2616648 0 	455.079 	3 	158
23446200000000 23446300000074 	27000070244 79016245602 2625413 	26997444831 2625413 0 0 0 	77964605 2625413 0 	454.815 	3 	158
23471800000000 23471900000074 	27200070392 79602969309 2634037 	27197436355 2634037 0 0 0 	78222387 2634037 0 	454.555 	3 	158
23497400000000 23497500000320 	27400071032 80189695270 2642607 	27397428425 2642607 0 0 0 	78475961 2642607 0 	454.282 	3 	158
23523000000000 23523100000320 	27600071672 80776436845 2650938 	27597420734 2650938 0 0 0 	78728019 2650938 0 	454.013 	3 	158
23548600000000 23548700000320 	27800072312 81363193010 2659358 	27797412954 2659358 0 0 0 	78977106 2659358 0 	453.749 	3 	158
23574200000000 23574300000320 	28000072952 81950000343 2667588 	27997405364 2667588 0 0 0 	79219627 2667588 0 	453.489 	3 	158
23599800000000 23599900000320 	28200073592 82536801099 2675767 	28197397825 2675767 0 0 0 	79466031 2675767 0 	453.232 	3 	158
23625400000000 23625500000320 	28400074232 83123714255 2683857 	28397390375 2683857 0 0 0 	79706144 2683857 0 	452.98 	3 	158
23651000000000 23651100000353 	28600074938 83710529197 2691778 	28597383160 2691778 0 0 0 	79946759 2691778 0 	452.707 	3 	158
23676600000000 23676700000353 	28800075644 84297413551 2699731 	28797375913 2699731 0 0 0 	80182940 2699731 0 	452.438 	3 	158
23702200000000 23702300000353 	29000076350 84884347706 2707649 	28997368701 2707649 0 0 0 	80418854 2707649 0 	452.173 	3 	158
23727800000000 23727900000353 	29200077056 85471208853 2715349 	29197361707 2715349 0 0 0 	80654022 2715349 0 	451.912 	3 	158
23753400000000 23753500000353 	29400077762 86058054351 2722811 	29397354951 2722811 0 0 0 	80874752 2722811 0 	451.654 	3 	158
23779000000000 23779100000353 	29600078468 86645018561 2730379 	29597348089 2730379 0 0 0 	81103073 2730379 0 	451.401 	3 	158
23804600000000 23804700000044 	29800078556 87231998412 2737840 	29797340716 2737840 0 0 0 	81325722 2737840 0 	451.127 	3 	158
23830200000000 23830300000044 	30000078644 87819019321 2745180 	29997333464 2745180 0 0 0 	81545388 2745180 0 	450.858 	3 	158
23855800000000 23855900000044 	30200078732 88406023958 2752562 	30197326170 2752562 0 0 0 	81765757 2752562 0 	450.592 	3 	158
