20016600000000 20016700000476 	200000952 583931537 36174 	199964778 36174 0 0 0 	1072491 36174 0 	492 	3 	166
20042200000000 20042300000476 	400001904 1167915677 72818 	399929086 72818 0 0 0 	2153744 72818 0 	492 	3 	166
20067800000000 20067900000476 	600002856 1751831060 108909 	599893947 108909 0 0 0 	3228033 108909 0 	492 	3 	166
20093400000000 20093500000476 	800003808 2335785104 144714 	799859094 144714 0 0 0 	4276840 144714 0 	492 	3 	166
20119000000000 20119100000476 	1000004760 2919770019 179946 	999824814 179946 0 0 0 	5323930 179946 0 	492 	3 	166
20144600000000 20144700000476 	1200005712 3503726973 214469 	1199791243 214469 0 0 0 	6352407 214469 0 	492 	3 	166
20170200000000 20170300000011 	1400005734 4087733003 248574 	1399757160 248574 0 0 0 	7367062 248574 0 	491.569 	3 	166
20195800000000 20195900000011 	1600005756 4671798584 282479 	1599723277 282479 0 0 0 	8372461 282479 0 	491.247 	3 	166
20221400000000 20221500000011 	1800005778 5255809384 315970 	1799689808 315970 0 0 0 	9357646 315970 0 	490.996 	3 	166
20247000000000 20247100000011 	2000005800 5839960424 349159 	1999656641 349159 0 0 0 	10351782 349159 0 	490.796 	3 	166
20272600000000 20272700000011 	2200005822 6424133116 382223 	2199623599 382223 0 0 0 	11332704 382223 0 	490.632 	3 	166
20298200000000 20298300000011 	2400005844 7008229892 414995 	2399590849 414995 0 0 0 	12294502 414995 0 	490.495 	3 	166
20323800000000 20323900000210 	2600006264 7592370764 447127 	2599559137 447127 0 0 0 	13253138 447127 0 	490.068 	3 	166
20349400000000 20349500000210 	2800006684 8176517979 478647 	2799528037 478647 0 0 0 	14188354 478647 0 	489.703 	3 	166
20375000000000 20375100000210 	3000007104 8760701316 510181 	2999496923 510181 0 0 0 	15113867 510181 0 	489.386 	3 	166
20400600000000 20400700000210 	3200007524 9344831099 541298 	3199466226 541298 0 0 0 	16040014 541298 0 	489.11 	3 	166
20426200000000 20426300000210 	3400007944 9929059755 572278 	3399435666 572278 0 0 0 	16955881 572278 0 	488.866 	3 	166
20451800000000 20451900000210 	3600008364 10513232902 602886 	3599405478 602886 0 0 0 	17875630 602886 0 	488.65 	3 	166
20477400000000 20477500000381 	3800009126 11097499755 633276 	3799375850 633276 0 0 0 	18771138 633276 0 	488.241 	3 	166
20503000000000 20503100000381 	4000009888 11681821150 663275 	3999346613 663275 0 0 0 	19652310 663275 0 	487.874 	3 	166
20528600000000 20528700000381 	4200010650 12266132626 692967 	4199317683 692967 0 0 0 	20533607 692967 0 	487.542 	3 	166
20554200000000 20554300000381 	4400011412 12850461201 722312 	4399289100 722312 0 0 0 	21400139 722312 0 	487.241 	3 	166
20579800000000 20579900000381 	4600012174 13434803070 751376 	4599260798 751376 0 0 0 	22263991 751376 0 	486.966 	3 	166
20605400000000 20605500000381 	4800012936 14019160592 780047 	4799232889 780047 0 0 0 	23115028 780047 0 	486.715 	3 	166
20631000000000 20631100000468 	5000013872 14603578032 808207 	4999205665 808207 0 0 0 	23959986 808207 0 	486.36 	3 	166
20656600000000 20656700000468 	5200014808 15188043918 836723 	5199178085 836723 0 0 0 	24811441 836723 0 	486.033 	3 	166
20682200000000 20682300000468 	5400015744 15772474104 864572 	5399151172 864572 0 0 0 	25638583 864572 0 	485.731 	3 	166
20707800000000 20707900000468 	5600016680 16356915396 892249 	5599124431 892249 0 0 0 	26462440 892249 0 	485.45 	3 	166
20733400000000 20733500000468 	5800017616 16941412405 919346 	5799098270 919346 0 0 0 	27261497 919346 0 	485.19 	3 	166
20759000000000 20759100000254 	6000018124 17525945033 946100 	5999072024 946100 0 0 0 	28057445 946100 0 	484.808 	3 	166
20784600000000 20784700000254 	6200018632 18110419128 972656 	6199045976 972656 0 0 0 	28844744 972656 0 	484.452 	3 	166
20810200000000 20810300000254 	6400019140 18694975498 999076 	6399020064 999076 0 0 0 	29624519 999076 0 	484.118 	3 	166
20835800000000 20835900000254 	6600019648 19279578866 1025236 	6598994412 1025236 0 0 0 	30400710 1025236 0 	483.805 	3 	166
20861400000000 20861500000254 	6800020156 19864192464 1051250 	6798968906 1051250 0 0 0 	31175353 1051250 0 	483.511 	3 	166
20887000000000 20887100000254 	7000020664 20448806364 1076680 	6998943984 1076680 0 0 0 	31924330 1076680 0 	483.234 	3 	166
20912600000000 20912700000365 	7200021394 21033384584 1102236 	7198919158 1102236 0 0 0 	32681470 1102236 0 	482.886 	3 	166
20938200000000 20938300000365 	7400022124 21618017394 1127083 	7398895041 1127083 0 0 0 	33418975 1127083 0 	482.556 	3 	166
20963800000000 20963900000365 	7600022854 22202693641 1151930 	7598870924 1151930 0 0 0 	34160671 1151930 0 	482.245 	3 	166
20989400000000 20989500000365 	7800023584 22787349910 1176070 	7798847514 1176070 0 0 0 	34873967 1176070 0 	481.95 	3 	166
21015000000000 21015100000365 	8000024314 23372102210 1200221 	7998824093 1200221 0 0 0 	35591402 1200221 0 	481.67 	3 	166
21040600000000 21040700000365 	8200025044 23956849446 1224312 	8198800732 1224312 0 0 0 	36307824 1224312 0 	481.404 	3 	166
21066200000000 21066300000368 	8400025780 24541619880 1247965 	8398777815 1247965 0 0 0 	37006444 1247965 0 	481.076 	3 	166
21091800000000 21091900000368 	8600026516 25126411173 1271538 	8598754978 1271538 0 0 0 	37711298 1271538 0 	480.764 	3 	166
21117400000000 21117500000368 	8800027252 25711214109 1294669 	8798732583 1294669 0 0 0 	38397376 1294669 0 	480.466 	3 	166
21143000000000 21143100000368 	9000027988 26296029603 1317527 	8998710461 1317527 0 0 0 	39087000 1317527 0 	480.182 	3 	166
21168600000000 21168700000368 	9200028724 26880904197 1340046 	9198688678 1340046 0 0 0 	39762264 1340046 0 	479.91 	3 	166
21194200000000 21194300000368 	9400029460 27465771662 1362532 	9398666928 1362532 0 0 0 	40434434 1362532 0 	479.65 	3 	166
21219800000000 21219900000352 	9600030164 28050579843 1384638 	9598645526 1384638 0 0 0 	41094103 1384638 0 	479.314 	3 	166
21245400000000 21245500000352 	9800030868 28635511700 1406531 	9798624337 1406531 0 0 0 	41737739 1406531 0 	478.991 	3 	166
21271000000000 21271100000352 	10000031572 29220498740 1428140 	9998603432 1428140 0 0 0 	42383050 1428140 0 	478.682 	3 	166
21296600000000 21296700000352 	10200032276 29805423899 1449535 	10198582741 1449535 0 0 0 	43022884 1449535 0 	478.385 	3 	166
21322200000000 21322300000352 	10400032980 30390374219 1470992 	10398561988 1470992 0 0 0 	43657679 1470992 0 	478.1 	3 	166
21347800000000 21347900000352 	10600033684 30975375842 1491933 	10598541751 1491933 0 0 0 	44283363 1491933 0 	477.826 	3 	166
21373400000000 21373500000120 	10800033924 31560378978 1512876 	10798521048 1512876 0 0 0 	44903086 1512876 0 	477.503 	3 	166
21399000000000 21399100000120 	11000034164 32145450612 1533275 	10998500889 1533275 0 0 0 	45506478 1533275 0 	477.192 	3 	166
21424600000000 21424700000120 	11200034404 32730525154 1553469 	11198480935 1553469 0 0 0 	46114127 1553469 0 	476.893 	3 	166
21450200000000 21450300000120 	11400034644 33315634960 1573418 	11398461226 1573418 0 0 0 	46709645 1573418 0 	476.605 	3 	166
21475800000000 21475900000120 	11600034884 33900737829 1593169 	11598441715 1593169 0 0 0 	47292808 1593169 0 	476.327 	3 	166
21501400000000 21501500000120 	11800035124 34485828264 1613050 	11798422074 1613050 0 0 0 	47885197 1613050 0 	476.059 	3 	166
21527000000000 21527100000178 	12000035480 35071040360 1632535 	11998402945 1632535 0 0 0 	48474013 1632535 0 	475.746 	3 	166
21552600000000 21552700000178 	12200035836 35656206854 1651682 	12198384154 1651682 0 0 0 	49042940 1651682 0 	475.444 	3 	166
21578200000000 21578300000178 	12400036192 36241360015 1670726 	12398365466 1670726 0 0 0 	49604429 1670726 0 	475.152 	3 	166
21603800000000 21603900000178 	12600036548 36826608667 1689604 	12598346944 1689604 0 0 0 	50177606 1689604 0 	474.87 	3 	166
21629400000000 21629500000178 	12800036904 37411828361 1708013 	12798328891 1708013 0 0 0 	50729790 1708013 0 	474.597 	3 	166
21655000000000 21655100000178 	13000037260 37997093197 1726463 	12998310797 1726463 0 0 0 	51276774 1726463 0 	474.332 	3 	166
21680600000000 21680700000355 	13200037970 38582387749 1744819 	13198293151 1744819 0 0 0 	51820284 1744819 0 	474.027 	3 	166
21706200000000 21706300000355 	13400038680 39167668991 1762817 	13398275863 1762817 0 0 0 	52357145 1762817 0 	473.732 	3 	166
21731800000000 21731900000355 	13600039390 39752965911 1780467 	13598258923 1780467 0 0 0 	52877074 1780467 0 	473.445 	3 	166
21757400000000 21757500000355 	13800040100 40338282545 1798081 	13798242019 1798081 0 0 0 	53401633 1798081 0 	473.167 	3 	166
21783000000000 21783100000355 	14000040810 40923621557 1815362 	13998225448 1815362 0 0 0 	53911518 1815362 0 	472.897 	3 	166
21808600000000 21808700000355 	14200041520 41508966006 1832431 	14198209089 1832431 0 0 0 	54421931 1832431 0 	472.635 	3 	166
21834200000000 21834300000230 	14400041980 42094356277 1849295 	14398192685 1849295 0 0 0 	54920270 1849295 0 	472.321 	3 	166
21859800000000 21859900000230 	14600042440 42679755172 1866433 	14598176007 1866433 0 0 0 	55431647 1866433 0 	472.015 	3 	166
21885400000000 21885500000230 	14800042900 43265202613 1882907 	14798159993 1882907 0 0 0 	55920588 1882907 0 	471.718 	3 	166
21911000000000 21911100000230 	15000043360 43850595074 1899288 	14998144072 1899288 0 0 0 	56409096 1899288 0 	471.429 	3 	166
21936600000000 21936700000230 	15200043820 44436127151 1915643 	15198128177 1915643 0 0 0 	56898357 1915643 0 	471.148 	3 	166
21962200000000 21962300000230 	15400044280 45021605444 1931649 	15398112631 1931649 0 0 0 	57375695 1931649 0 	470.875 	3 	166
21987800000000 21987900000320 	15600044920 45607070711 1947681 	15598097239 1947681 0 0 0 	57854167 1947681 0 	470.567 	3 	166
22013400000000 22013500000320 	15800045560 46192580598 1963477 	15798082083 1963477 0 0 0 	58325367 1963477 0 	470.267 	3 	166
22039000000000 22039100000320 	16000046200 46778198004 1979194 	15998067006 1979194 0 0 0 	58797569 1979194 0 	469.975 	3 	166
22064600000000 22064700000320 	16200046840 47363787182 1994435 	16198052405 1994435 0 0 0 	59258745 1994435 0 	469.691 	3 	166
22090200000000 22090300000320 	16400047480 47949401108 2009906 	16398037574 2009906 0 0 0 	59716298 2009906 0 	469.414 	3 	166
22115800000000 22115900000320 	16600048120 48535020320 2025201 	16598022919 2025201 0 0 0 	60174572 2025201 0 	469.144 	3 	166
22141400000000 22141500000400 	16800048920 49120630416 2040247 	16798008673 2040247 0 0 0 	60625524 2040247 0 	468.841 	3 	166
22167000000000 22167100000400 	17000049720 49706336092 2055065 	16997994655 2055065 0 0 0 	61068011 2055065 0 	468.545 	3 	166
22192600000000 22192700000400 	17200050520 50292068124 2069652 	17197980868 2069652 0 0 0 	61510450 2069652 0 	468.257 	3 	166
22218200000000 22218300000400 	17400051320 50877774457 2084110 	17397967210 2084110 0 0 0 	61944598 2084110 0 	467.976 	3 	166
22243800000000 22243900000400 	17600052120 51463560192 2098628 	17597953492 2098628 0 0 0 	62378265 2098628 0 	467.702 	3 	166
22269400000000 22269500000400 	17800052920 52049278074 2112957 	17797939963 2112957 0 0 0 	62803272 2112957 0 	467.434 	3 	166
22295000000000 22295100000290 	18000053500 52635030867 2127075 	17997926425 2127075 0 0 0 	63225247 2127075 0 	467.135 	3 	166
22320600000000 22320700000290 	18200054080 53220873383 2141018 	18197913062 2141018 0 0 0 	63640693 2141018 0 	466.843 	3 	166
22346200000000 22346300000290 	18400054660 53806687558 2154952 	18397899708 2154952 0 0 0 	64055877 2154952 0 	466.558 	3 	166
22371800000000 22371900000290 	18600055240 54392500851 2168503 	18597886737 2168503 0 0 0 	64456848 2168503 0 	466.28 	3 	166
22397400000000 22397500000290 	18800055820 54978323772 2181927 	18797873893 2181927 0 0 0 	64864088 2181927 0 	466.007 	3 	166
22423000000000 22423100000290 	19000056400 55564212599 2195267 	18997861133 2195267 0 0 0 	65260646 2195267 0 	465.741 	3 	166
22448600000000 22448700000249 	19200056898 56150119820 2208369 	19197848529 2208369 0 0 0 	65651394 2208369 0 	465.446 	3 	166
22474200000000 22474300000249 	19400057396 56736023595 2221485 	19397835911 2221485 0 0 0 	66041998 2221485 0 	465.157 	3 	166
22499800000000 22499900000249 	19600057894 57321955011 2234219 	19597823675 2234219 0 0 0 	66413204 2234219 0 	464.874 	3 	166
22525400000000 22525500000249 	19800058392 57907916576 2247184 	19797811208 2247184 0 0 0 	66801933 2247184 0 	464.598 	3 	166
22551000000000 22551100000249 	20000058890 58493890509 2259993 	19997798897 2259993 0 0 0 	67183478 2259993 0 	464.327 	3 	166
22576600000000 22576700000249 	20200059388 59079882769 2272139 	20197787249 2272139 0 0 0 	67543803 2272139 0 	464.062 	3 	166
22602200000000 22602300000088 	20400059564 59665838653 2284448 	20397775116 2284448 0 0 0 	67908365 2284448 0 	463.769 	3 	166
22627800000000 22627900000088 	20600059740 60251892404 2296734 	20597763006 2296734 0 0 0 	68270094 2296734 0 	463.483 	3 	166
22653400000000 22653500000088 	20800059916 60837867374 2308639 	20797751277 2308639 0 0 0 	68624230 2308639 0 	463.202 	3 	166
22679000000000 22679100000088 	21000060092 61423981481 2320674 	20997739418 2320674 0 0 0 	68986731 2320674 0 	462.927 	3 	166
22704600000000 22704700000088 	21200060268 62010021353 2332709 	21197727559 2332709 0 0 0 	69344995 2332709 0 	462.657 	3 	166
22730200000000 22730300000110 	21400060488 62596181274 2344334 	21397716154 2344334 0 0 0 	69692295 2344334 0 	462.372 	3 	166
22755800000000 22755900000110 	21600060708 63182301494 2355917 	21597704791 2355917 0 0 0 	70036788 2355917 0 	462.092 	3 	166
22781400000000 22781500000110 	21800060928 63768396785 2367452 	21797693476 2367452 0 0 0 	70378058 2367452 0 	461.818 	3 	166
22807000000000 22807100000110 	22000061148 64354609380 2378805 	21997682343 2378805 0 0 0 	70720162 2378805 0 	461.549 	3 	166
22832600000000 22832700000110 	22200061368 64940875059 2389963 	22197671405 2389963 0 0 0 	71049095 2389963 0 	461.285 	3 	166
22858200000000 22858300000110 	22400061588 65527075895 2401188 	22397660400 2401188 0 0 0 	71381385 2401188 0 	461.026 	3 	166
22883800000000 22883900000189 	22600061966 66113328959 2412209 	22597649757 2412209 0 0 0 	71712301 2412209 0 	460.742 	3 	166
22909400000000 22909500000189 	22800062344 66699596295 2422967 	22797639377 2422967 0 0 0 	72031390 2422967 0 	460.464 	3 	166
22935000000000 22935100000189 	23000062722 67285886402 2433783 	22997628939 2433783 0 0 0 	72352506 2433783 0 	460.19 	3 	166
22960600000000 22960700000189 	23200063100 67872152225 2444509 	23197618591 2444509 0 0 0 	72670223 2444509 0 	459.922 	3 	166
22986200000000 22986300000189 	23400063478 68458499783 2455016 	23397608462 2455016 0 0 0 	72983490 2455016 0 	459.658 	3 	166
23011800000000 23011900000189 	23600063856 69044888076 2465262 	23597598594 2465262 0 0 0 	73288867 2465262 0 	459.399 	3 	166
23037400000000 23037500000060 	23800063976 69631207841 2475497 	23797588479 2475497 0 0 0 	73597878 2475497 0 	459.116 	3 	166
23063000000000 23063100000060 	24000064096 70217514825 2485544 	23997578552 2485544 0 0 0 	73895392 2485544 0 	458.838 	3 	166
23088600000000 23088700000060 	24200064216 70803903574 2495490 	24197568726 2495490 0 0 0 	74189096 2495490 0 	458.565 	3 	166
23114200000000 23114300000060 	24400064336 71390342706 2505445 	24397558891 2505445 0 0 0 	74481706 2505445 0 	458.297 	3 	166
23139800000000 23139900000060 	24600064456 71976801359 2515272 	24597549184 2515272 0 0 0 	74773831 2515272 0 	458.033 	3 	166
23165400000000 23165500000060 	24800064576 72563214343 2525016 	24797539560 2525016 0 0 0 	75064040 2525016 0 	457.774 	3 	166
23191000000000 23191100000375 	25000065326 73149715077 2534467 	24997530859 2534467 0 0 0 	75345473 2534467 0 	457.492 	3 	166
23216600000000 23216700000375 	25200066076 73736226822 2543984 	25197522092 2543984 0 0 0 	75624888 2543984 0 	457.214 	3 	166
23242200000000 23242300000375 	25400066826 74322730657 2553415 	25397513411 2553415 0 0 0 	75905009 2553415 0 	456.942 	3 	166
23267800000000 23267900000375 	25600067576 74909309922 2562896 	25597504680 2562896 0 0 0 	76189495 2562896 0 	456.674 	3 	166
23293400000000 23293500000375 	25800068326 75495890260 2572077 	25797496249 2572077 0 0 0 	76464173 2572077 0 	456.41 	3 	166
23319000000000 23319100000375 	26000069076 76082446584 2581183 	25997487893 2581183 0 0 0 	76734808 2581183 0 	456.151 	3 	166
23344600000000 23344700000074 	26200069224 76669096456 2590373 	26197478851 2590373 0 0 0 	77009162 2590373 0 	455.869 	3 	166
23370200000000 23370300000074 	26400069372 77255776872 2599342 	26397470030 2599342 0 0 0 	77284780 2599342 0 	455.592 	3 	166
23395800000000 23395900000074 	26600069520 77842405467 2608110 	26597461410 2608110 0 0 0 	77548704 2608110 0 	455.319 	3 	166
23421400000000 23421500000074 	26800069668 78429006468 2616770 	26797452898 2616770 0 0 0 	77806670 2616770 0 	455.051 	3 	166
23447000000000 23447100000074 	27000069816 79015672352 2625342 	26997444474 2625342 0 0 0 	78061062 2625342 0 	454.787 	3 	166
23472600000000 23472700000074 	27200069964 79602333482 2633929 	27197436035 2633929 0 0 0 	78317758 2633929 0 	454.528 	3 	166
23498200000000 23498300000320 	27400070604 80189079287 2642263 	27397428341 2642263 0 0 0 	78567623 2642263 0 	454.255 	3 	166
23523800000000 23523900000320 	27600071244 80775823206 2650506 	27597420738 2650506 0 0 0 	78812760 2650506 0 	453.987 	3 	166
23549400000000 23549500000320 	27800071884 81362519367 2658763 	27797413121 2658763 0 0 0 	79057220 2658763 0 	453.723 	3 	166
23575000000000 23575100000320 	28000072524 81949322804 2667103 	27997405421 2667103 0 0 0 	79304529 2667103 0 	453.463 	3 	166
23600600000000 23600700000320 	28200073164 82536147487 2675189 	28197397975 2675189 0 0 0 	79543132 2675189 0 	453.207 	3 	166
23626200000000 23626300000320 	28400073804 83122983453 2683067 	28397390737 2683067 0 0 0 	79780244 2683067 0 	452.954 	3 	166
23651800000000 23651900000353 	28600074510 83709818983 2691173 	28597383337 2691173 0 0 0 	80021827 2691173 0 	452.681 	3 	166
23677400000000 23677500000353 	28800075216 84296643484 2698962 	28797376254 2698962 0 0 0 	80255069 2698962 0 	452.413 	3 	166
23703000000000 23703100000353 	29000075922 84883480815 2706777 	28997369145 2706777 0 0 0 	80488206 2706777 0 	452.148 	3 	166
23728600000000 23728700000353 	29200076628 85470369302 2714265 	29197362363 2714265 0 0 0 	80708975 2714265 0 	451.887 	3 	166
23754200000000 23754300000353 	29400077334 86057271184 2721836 	29397355498 2721836 0 0 0 	80936213 2721836 0 	451.63 	3 	166
23779800000000 23779900000353 	29600078040 86644232657 2729317 	29597348723 2729317 0 0 0 	81158356 2729317 0 	451.377 	3 	166
23805400000000 23805500000044 	29800078128 87231125452 2736907 	29797341221 2736907 0 0 0 	81386677 2736907 0 	451.103 	3 	166
23831000000000 23831100000044 	30000078216 87818062705 2744394 	29997333822 2744394 0 0 0 	81606799 2744394 0 	450.834 	3 	166
23856600000000 23856700000044 	30200078304 88405069110 2751507 	30197326797 2751507 0 0 0 	81818470 2751507 0 	450.568 	3 	166
