20019900000000 20020000000476 	200000952 583939110 36764 	199964188 36764 0 0 0 	1086994 36764 0 	492 	3 	199
20045500000000 20045600000476 	400001904 1167842983 72902 	399929002 72902 0 0 0 	2152680 72902 0 	492 	3 	199
20071100000000 20071200000476 	600002856 1751797832 109047 	599893809 109047 0 0 0 	3222177 109047 0 	492 	3 	199
20096700000000 20096800000476 	800003808 2335781948 144825 	799858983 144825 0 0 0 	4282544 144825 0 	492 	3 	199
20122300000000 20122400000476 	1000004760 2919830304 180556 	999824204 180556 0 0 0 	5341008 180556 0 	492 	3 	199
20147900000000 20148000000476 	1200005712 3503800857 214842 	1199790870 214842 0 0 0 	6358367 214842 0 	492 	3 	199
20173500000000 20173600000011 	1400005734 4087822082 249281 	1399756453 249281 0 0 0 	7381343 249281 0 	491.569 	3 	199
20199100000000 20199200000011 	1600005756 4671869324 283441 	1599722315 283441 0 0 0 	8391665 283441 0 	491.247 	3 	199
20224700000000 20224800000011 	1800005778 5255950516 317018 	1799688760 317018 0 0 0 	9382876 317018 0 	490.996 	3 	199
20250300000000 20250400000011 	2000005800 5840060256 350123 	1999655677 350123 0 0 0 	10366629 350123 0 	490.796 	3 	199
20275900000000 20276000000011 	2200005822 6424215073 383330 	2199622492 383330 0 0 0 	11346447 383330 0 	490.632 	3 	199
20301500000000 20301600000011 	2400005844 7008310365 415965 	2399589879 415965 0 0 0 	12317119 415965 0 	490.495 	3 	199
20327100000000 20327200000210 	2600006264 7592435252 448286 	2599557978 448286 0 0 0 	13280103 448286 0 	490.068 	3 	199
20352700000000 20352800000210 	2800006684 8176645402 480002 	2799526682 480002 0 0 0 	14218176 480002 0 	489.703 	3 	199
20378300000000 20378400000210 	3000007104 8760825853 511446 	2999495658 511446 0 0 0 	15140098 511446 0 	489.386 	3 	199
20403900000000 20404000000210 	3200007524 9345006046 542783 	3199464741 542783 0 0 0 	16074730 542783 0 	489.11 	3 	199
20429500000000 20429600000210 	3400007944 9929228755 573708 	3399434236 573708 0 0 0 	16990046 573708 0 	488.866 	3 	199
20455100000000 20455200000210 	3600008364 10513481229 604656 	3599403708 604656 0 0 0 	17909207 604656 0 	488.65 	3 	199
20480700000000 20480800000381 	3800009126 11097737530 634858 	3799374268 634858 0 0 0 	18804744 634858 0 	488.241 	3 	199
20506300000000 20506400000381 	4000009888 11682080322 664596 	3999345292 664596 0 0 0 	19690908 664596 0 	487.874 	3 	199
20531900000000 20532000000381 	4200010650 12266409636 693677 	4199316973 693677 0 0 0 	20556195 693677 0 	487.542 	3 	199
20557500000000 20557600000381 	4400011412 12850741019 722859 	4399288553 722859 0 0 0 	21432855 722859 0 	487.241 	3 	199
20583100000000 20583200000381 	4600012174 13435082583 751571 	4599260603 751571 0 0 0 	22279191 751571 0 	486.966 	3 	199
20608700000000 20608800000468 	4800013110 14019434980 780175 	4799232935 780175 0 0 0 	23131406 780175 0 	486.586 	3 	199
20634300000000 20634400000468 	5000014046 14603802071 808540 	4999205506 808540 0 0 0 	23976869 808540 0 	486.237 	3 	199
20659900000000 20660000000468 	5200014982 15188199945 836857 	5199178125 836857 0 0 0 	24832712 836857 0 	485.914 	3 	199
20685500000000 20685600000468 	5400015918 15772648724 864626 	5399151292 864626 0 0 0 	25659393 864626 0 	485.617 	3 	199
20711100000000 20711200000468 	5600016854 16357111302 892198 	5599124656 892198 0 0 0 	26478019 892198 0 	485.34 	3 	199
20736700000000 20736800000468 	5800017790 16941587397 919400 	5799098390 919400 0 0 0 	27277415 919400 0 	485.084 	3 	199
20762300000000 20762400000254 	6000018298 17526154476 946064 	5999072234 946064 0 0 0 	28066141 946064 0 	484.706 	3 	199
20787900000000 20788000000254 	6200018806 18110713823 972540 	6199046266 972540 0 0 0 	28852765 972540 0 	484.353 	3 	199
20813500000000 20813600000254 	6400019314 18695267141 999241 	6399020073 999241 0 0 0 	29654058 999241 0 	484.023 	3 	199
20839100000000 20839200000254 	6600019822 19279931166 1025438 	6598994384 1025438 0 0 0 	30436330 1025438 0 	483.713 	3 	199
20864700000000 20864800000254 	6800020330 19864502775 1050996 	6798969334 1050996 0 0 0 	31203801 1050996 0 	483.421 	3 	199
20890300000000 20890400000254 	7000020838 20449156840 1076283 	6998944555 1076283 0 0 0 	31954776 1076283 0 	483.147 	3 	199
20915900000000 20916000000365 	7200021568 21033790004 1101363 	7198920205 1101363 0 0 0 	32696793 1101363 0 	482.801 	3 	199
20941500000000 20941600000365 	7400022298 21618472548 1126199 	7398896099 1126199 0 0 0 	33436949 1126199 0 	482.474 	3 	199
20967100000000 20967200000365 	7600023028 22203184687 1150906 	7598872122 1150906 0 0 0 	34178606 1150906 0 	482.165 	3 	199
20992700000000 20992800000365 	7800023758 22787975936 1175274 	7798848484 1175274 0 0 0 	34896022 1175274 0 	481.872 	3 	199
21018300000000 21018400000365 	8000024488 23372704549 1199279 	7998825209 1199279 0 0 0 	35612351 1199279 0 	481.594 	3 	199
21043900000000 21044000000365 	8200025218 23957459039 1223217 	8198802001 1223217 0 0 0 	36324348 1223217 0 	481.33 	3 	199
21069500000000 21069600000368 	8400025954 24542242717 1246913 	8398779041 1246913 0 0 0 	37030199 1246913 0 	481.004 	3 	199
21095100000000 21095200000368 	8600026690 25127064768 1270275 	8598756415 1270275 0 0 0 	37730952 1270275 0 	480.693 	3 	199
21120700000000 21120800000368 	8800027426 25711838082 1293395 	8798734031 1293395 0 0 0 	38427481 1293395 0 	480.397 	3 	199
21146300000000 21146400000368 	9000028162 26296666144 1316324 	8998711838 1316324 0 0 0 	39112091 1316324 0 	480.115 	3 	199
21171900000000 21172000000368 	9200028898 26881531398 1338897 	9198690001 1338897 0 0 0 	39775981 1338897 0 	479.845 	3 	199
21197500000000 21197600000368 	9400029634 27466428227 1361292 	9398668342 1361292 0 0 0 	40443626 1361292 0 	479.586 	3 	199
21223100000000 21223200000352 	9600030338 28051292422 1383326 	9598647012 1383326 0 0 0 	41093451 1383326 0 	479.251 	3 	199
21248700000000 21248800000352 	9800031042 28636221966 1405494 	9798625548 1405494 0 0 0 	41748312 1405494 0 	478.93 	3 	199
21274300000000 21274400000352 	10000031746 29221128143 1426917 	9998604829 1426917 0 0 0 	42390929 1426917 0 	478.622 	3 	199
21299900000000 21300000000352 	10200032450 29806016902 1448216 	10198584234 1448216 0 0 0 	43028197 1448216 0 	478.326 	3 	199
21325500000000 21325600000352 	10400033154 30391040651 1469552 	10398563602 1469552 0 0 0 	43663879 1469552 0 	478.042 	3 	199
21351100000000 21351200000352 	10600033858 30976051061 1490395 	10598543463 1490395 0 0 0 	44279043 1490395 0 	477.77 	3 	199
21376700000000 21376800000120 	10800034098 31561109788 1511141 	10798522957 1511141 0 0 0 	44894151 1511141 0 	477.448 	3 	199
21402300000000 21402400000120 	11000034338 32146155413 1531496 	10998502842 1531496 0 0 0 	45499388 1531496 0 	477.138 	3 	199
21427900000000 21428000000120 	11200034578 32731281183 1551649 	11198482929 1551649 0 0 0 	46097102 1551649 0 	476.84 	3 	199
21453500000000 21453600000120 	11400034818 33316316153 1571682 	11398463136 1571682 0 0 0 	46692916 1571682 0 	476.553 	3 	199
21479100000000 21479200000120 	11600035058 33901426966 1591312 	11598443746 1591312 0 0 0 	47273388 1591312 0 	476.276 	3 	199
21504700000000 21504800000120 	11800035298 34486576403 1610821 	11798424477 1610821 0 0 0 	47853716 1610821 0 	476.009 	3 	199
21530300000000 21530400000178 	12000035654 35071772801 1629990 	11998405664 1629990 0 0 0 	48424068 1629990 0 	475.697 	3 	199
21555900000000 21556000000178 	12200036010 35656908379 1649176 	12198386834 1649176 0 0 0 	48986622 1649176 0 	475.396 	3 	199
21581500000000 21581600000178 	12400036366 36242064111 1668090 	12398368276 1668090 0 0 0 	49548222 1668090 0 	475.105 	3 	199
21607100000000 21607200000178 	12600036722 36827302852 1686929 	12598349793 1686929 0 0 0 	50105758 1686929 0 	474.823 	3 	199
21632700000000 21632800000178 	12800037078 37412499166 1705429 	12798331649 1705429 0 0 0 	50652684 1705429 0 	474.551 	3 	199
21658300000000 21658400000178 	13000037434 37997717921 1723645 	12998313789 1723645 0 0 0 	51198208 1723645 0 	474.287 	3 	199
21683900000000 21684000000355 	13200038144 38583014706 1741823 	13198296321 1741823 0 0 0 	51739214 1741823 0 	473.983 	3 	199
21709500000000 21709600000355 	13400038854 39168337833 1760069 	13398278785 1760069 0 0 0 	52278609 1760069 0 	473.688 	3 	199
21735100000000 21735200000355 	13600039564 39753592142 1778061 	13598261503 1778061 0 0 0 	52814067 1778061 0 	473.402 	3 	199
21760700000000 21760800000355 	13800040274 40338944496 1795678 	13798244596 1795678 0 0 0 	53339722 1795678 0 	473.125 	3 	199
21786300000000 21786400000355 	14000040984 40924283870 1813183 	13998227801 1813183 0 0 0 	53852208 1813183 0 	472.856 	3 	199
21811900000000 21812000000355 	14200041694 41509653185 1830268 	14198211426 1830268 0 0 0 	54361758 1830268 0 	472.594 	3 	199
21837500000000 21837600000230 	14400042154 42095054691 1847309 	14398194845 1847309 0 0 0 	54871264 1847309 0 	472.28 	3 	199
21863100000000 21863200000230 	14600042614 42680467509 1864285 	14598178329 1864285 0 0 0 	55372968 1864285 0 	471.975 	3 	199
21888700000000 21888800000230 	14800043074 43265925582 1880822 	14798162252 1880822 0 0 0 	55862735 1880822 0 	471.679 	3 	199
21914300000000 21914400000230 	15000043534 43851331727 1897238 	14998146296 1897238 0 0 0 	56350660 1897238 0 	471.391 	3 	199
21939900000000 21940000000230 	15200043994 44436865319 1913463 	15198130531 1913463 0 0 0 	56832073 1913463 0 	471.11 	3 	199
21965500000000 21965600000230 	15400044454 45022324481 1929464 	15398114990 1929464 0 0 0 	57307054 1929464 0 	470.838 	3 	199
21991100000000 21991200000320 	15600045094 45607874800 1945356 	15598099738 1945356 0 0 0 	57779161 1945356 0 	470.53 	3 	199
22016700000000 22016800000320 	15800045734 46193484705 1961043 	15798084691 1961043 0 0 0 	58244765 1961043 0 	470.231 	3 	199
22042300000000 22042400000320 	16000046374 46779042618 1976603 	15998069771 1976603 0 0 0 	58706488 1976603 0 	469.939 	3 	199
22067900000000 22068000000320 	16200047014 47364611864 1991847 	16198055167 1991847 0 0 0 	59159820 1991847 0 	469.655 	3 	199
22093500000000 22093600000320 	16400047654 47950244306 2007113 	16398040541 2007113 0 0 0 	59617073 2007113 0 	469.379 	3 	199
22119100000000 22119200000320 	16600048294 48535896784 2021984 	16598026310 2021984 0 0 0 	60063102 2021984 0 	469.109 	3 	199
22144700000000 22144800000400 	16800049094 49121543710 2037004 	16798012090 2037004 0 0 0 	60507845 2037004 0 	468.807 	3 	199
22170300000000 22170400000400 	17000049894 49707166944 2051787 	16997998107 2051787 0 0 0 	60948576 2051787 0 	468.512 	3 	199
22195900000000 22196000000400 	17200050694 50292793561 2066698 	17197983996 2066698 0 0 0 	61388738 2066698 0 	468.224 	3 	199
22221500000000 22221600000400 	17400051494 50878465494 2081186 	17397970308 2081186 0 0 0 	61810531 2081186 0 	467.943 	3 	199
22247100000000 22247200000400 	17600052294 51464167366 2095468 	17597956826 2095468 0 0 0 	62239835 2095468 0 	467.669 	3 	199
22272700000000 22272800000400 	17800053094 52049907749 2109654 	17797943440 2109654 0 0 0 	62667097 2109654 0 	467.402 	3 	199
22298300000000 22298400000290 	18000053674 52635727181 2123740 	17997929934 2123740 0 0 0 	63086446 2123740 0 	467.103 	3 	199
22323900000000 22324000000290 	18200054254 53221470797 2137657 	18197916597 2137657 0 0 0 	63501517 2137657 0 	466.812 	3 	199
22349500000000 22349600000290 	18400054834 53807247548 2151302 	18397903532 2151302 0 0 0 	63901650 2151302 0 	466.527 	3 	199
22375100000000 22375200000290 	18600055414 54393081774 2164831 	18597890583 2164831 0 0 0 	64301373 2164831 0 	466.249 	3 	199
22400700000000 22400800000290 	18800055994 54978961485 2178410 	18797877584 2178410 0 0 0 	64699322 2178410 0 	465.977 	3 	199
22426300000000 22426400000249 	19000056492 55564863839 2191659 	18997864833 2191659 0 0 0 	65095921 2191659 0 	465.676 	3 	199
22451900000000 22452000000249 	19200056990 56150773269 2204749 	19197852241 2204749 0 0 0 	65487961 2204749 0 	465.382 	3 	199
22477500000000 22477600000249 	19400057488 56736658256 2217788 	19397839700 2217788 0 0 0 	65875796 2217788 0 	465.093 	3 	199
22503100000000 22503200000249 	19600057986 57322606760 2230697 	19597827289 2230697 0 0 0 	66262397 2230697 0 	464.811 	3 	199
22528700000000 22528800000249 	19800058484 57908607871 2243413 	19797815071 2243413 0 0 0 	66644992 2243413 0 	464.536 	3 	199
22554300000000 22554400000249 	20000058982 58494563487 2256026 	19997802956 2256026 0 0 0 	67016170 2256026 0 	464.266 	3 	199
22579900000000 22580000000088 	20200059158 59080574430 2268790 	20197790368 2268790 0 0 0 	67399266 2268790 0 	463.968 	3 	199
22605500000000 22605600000088 	20400059334 59666566299 2281155 	20397778179 2281155 0 0 0 	67762038 2281155 0 	463.676 	3 	199
22631100000000 22631200000088 	20600059510 60252643608 2293317 	20597766193 2293317 0 0 0 	68131243 2293317 0 	463.391 	3 	199
22656700000000 22656800000088 	20800059686 60838735733 2305415 	20797754271 2305415 0 0 0 	68492729 2305415 0 	463.111 	3 	199
22682300000000 22682400000088 	21000059862 61424834315 2317468 	20997742394 2317468 0 0 0 	68849676 2317468 0 	462.837 	3 	199
22707900000000 22708000000088 	21200060038 62010926471 2329282 	21197730756 2329282 0 0 0 	69195274 2329282 0 	462.568 	3 	199
22733500000000 22733600000110 	21400060258 62597038637 2341025 	21397719233 2341025 0 0 0 	69549493 2341025 0 	462.284 	3 	199
22759100000000 22759200000110 	21600060478 63183135368 2352457 	21597708021 2352457 0 0 0 	69886203 2352457 0 	462.005 	3 	199
22784700000000 22784800000110 	21800060698 63769294641 2363921 	21797696777 2363921 0 0 0 	70224400 2363921 0 	461.732 	3 	199
22810300000000 22810400000110 	22000060918 64355512384 2375440 	21997685478 2375440 0 0 0 	70567970 2375440 0 	461.464 	3 	199
22835900000000 22836000000110 	22200061138 64941664016 2386609 	22197674529 2386609 0 0 0 	70899992 2386609 0 	461.201 	3 	199
22861500000000 22861600000110 	22400061358 65527949447 2397719 	22397663639 2397719 0 0 0 	71227530 2397719 0 	460.943 	3 	199
22887100000000 22887200000189 	22600061736 66114178659 2408698 	22597653038 2408698 0 0 0 	71554612 2408698 0 	460.659 	3 	199
22912700000000 22912800000189 	22800062114 66700461005 2419515 	22797642599 2419515 0 0 0 	71882356 2419515 0 	460.382 	3 	199
22938300000000 22938400000189 	23000062492 67286718076 2430431 	22997632061 2430431 0 0 0 	72209022 2430431 0 	460.109 	3 	199
22963900000000 22964000000189 	23200062870 67873009324 2441102 	23197621768 2441102 0 0 0 	72529049 2441102 0 	459.841 	3 	199
22989500000000 22989600000189 	23400063248 68459369456 2451649 	23397611599 2451649 0 0 0 	72846322 2451649 0 	459.578 	3 	199
23015100000000 23015200000189 	23600063626 69045740822 2461882 	23597601744 2461882 0 0 0 	73154150 2461882 0 	459.32 	3 	199
23040700000000 23040800000060 	23800063746 69632028521 2472023 	23797591723 2472023 0 0 0 	73451882 2472023 0 	459.038 	3 	199
23066300000000 23066400000060 	24000063866 70218376871 2482295 	23997581571 2482295 0 0 0 	73758790 2482295 0 	458.761 	3 	199
23091900000000 23092000000060 	24200063986 70804755228 2492282 	24197571704 2492282 0 0 0 	74060785 2492282 0 	458.488 	3 	199
23117500000000 23117600000060 	24400064106 71391185279 2502156 	24397561950 2502156 0 0 0 	74359079 2502156 0 	458.221 	3 	199
23143100000000 23143200000060 	24600064226 71977663504 2511978 	24597552248 2511978 0 0 0 	74650921 2511978 0 	457.958 	3 	199
23168700000000 23168800000060 	24800064346 72564105123 2521671 	24797542675 2521671 0 0 0 	74938515 2521671 0 	457.699 	3 	199
23194300000000 23194400000375 	25000065096 73150558606 2531197 	24997533899 2531197 0 0 0 	75221106 2531197 0 	457.418 	3 	199
23219900000000 23220000000375 	25200065846 73737029064 2540667 	25197525179 2540667 0 0 0 	75503219 2540667 0 	457.141 	3 	199
23245500000000 23245600000375 	25400066596 74323565814 2549950 	25397516646 2549950 0 0 0 	75783800 2549950 0 	456.869 	3 	199
23271100000000 23271200000375 	25600067346 74910056495 2559313 	25597508033 2559313 0 0 0 	76064942 2559313 0 	456.602 	3 	199
23296700000000 23296800000375 	25800068096 75496644276 2568598 	25797499498 2568598 0 0 0 	76344959 2568598 0 	456.339 	3 	199
23322300000000 23322400000375 	26000068846 76083219188 2577653 	25997491193 2577653 0 0 0 	76615922 2577653 0 	456.08 	3 	199
23347900000000 23348000000074 	26200068994 76669855679 2586587 	26197482407 2586587 0 0 0 	76884980 2586587 0 	455.799 	3 	199
23373500000000 23373600000074 	26400069142 77256417812 2595604 	26397473538 2595604 0 0 0 	77146872 2595604 0 	455.523 	3 	199
23399100000000 23399200000074 	26600069290 77843104229 2604493 	26597464797 2604493 0 0 0 	77415495 2604493 0 	455.251 	3 	199
23424700000000 23424800000074 	26800069438 78429691484 2613299 	26797456139 2613299 0 0 0 	77676480 2613299 0 	454.983 	3 	199
23450300000000 23450400000074 	27000069586 79016381948 2621849 	26997447737 2621849 0 0 0 	77935403 2621849 0 	454.72 	3 	199
23475900000000 23476000000074 	27200069734 79603118858 2630411 	27197439323 2630411 0 0 0 	78188514 2630411 0 	454.461 	3 	199
23501500000000 23501600000320 	27400070374 80189821568 2638761 	27397431613 2638761 0 0 0 	78441779 2638761 0 	454.189 	3 	199
23527100000000 23527200000320 	27600071014 80776556256 2647128 	27597423886 2647128 0 0 0 	78691999 2647128 0 	453.921 	3 	199
23552700000000 23552800000320 	27800071654 81363316269 2655281 	27797416373 2655281 0 0 0 	78935894 2655281 0 	453.657 	3 	199
23578300000000 23578400000320 	28000072294 81950088806 2663329 	27997408965 2663329 0 0 0 	79174412 2663329 0 	453.398 	3 	199
23603900000000 23604000000320 	28200072934 82536909786 2671547 	28197401387 2671547 0 0 0 	79422242 2671547 0 	453.142 	3 	199
23629500000000 23629600000320 	28400073574 83123709123 2679727 	28397393847 2679727 0 0 0 	79665355 2679727 0 	452.891 	3 	199
23655100000000 23655200000353 	28600074280 83710524555 2687658 	28597386622 2687658 0 0 0 	79898952 2687658 0 	452.618 	3 	199
23680700000000 23680800000353 	28800074986 84297345113 2695555 	28797379431 2695555 0 0 0 	80133383 2695555 0 	452.35 	3 	199
23706300000000 23706400000353 	29000075692 84884254897 2703184 	28997372508 2703184 0 0 0 	80357744 2703184 0 	452.086 	3 	199
23731900000000 23732000000353 	29200076398 85471215006 2710849 	29197365549 2710849 0 0 0 	80584392 2710849 0 	451.825 	3 	199
23757500000000 23757600000353 	29400077104 86058109938 2718555 	29397358549 2718555 0 0 0 	80819771 2718555 0 	451.569 	3 	199
23783100000000 23783200000353 	29600077810 86645062932 2726003 	29597351807 2726003 0 0 0 	81038621 2726003 0 	451.316 	3 	199
23808700000000 23808800000044 	29800077898 87232002644 2733553 	29797344345 2733553 0 0 0 	81267876 2733553 0 	451.043 	3 	199
23834300000000 23834400000044 	30000077986 87819011815 2740820 	29997337166 2740820 0 0 0 	81481522 2740820 0 	450.774 	3 	199
