20021700000000 20021800000476 	200000952 583871661 36545 	199964407 36545 0 0 0 	1080331 36545 0 	492 	3 	217
20047300000000 20047400000476 	400001904 1167758580 72865 	399929039 72865 0 0 0 	2149674 72865 0 	492 	3 	217
20072900000000 20073000000476 	600002856 1751727521 108719 	599894137 108719 0 0 0 	3211019 108719 0 	492 	3 	217
20098500000000 20098600000476 	800003808 2335634108 143907 	799859901 143907 0 0 0 	4251213 143907 0 	492 	3 	217
20124100000000 20124200000476 	1000004760 2919668551 179003 	999825757 179003 0 0 0 	5288838 179003 0 	492 	3 	217
20149700000000 20149800000476 	1200005712 3503701255 213719 	1199791993 213719 0 0 0 	6322998 213719 0 	492 	3 	217
20175300000000 20175400000011 	1400005734 4087680560 247830 	1399757904 247830 0 0 0 	7330982 247830 0 	491.569 	3 	217
20200900000000 20201000000011 	1600005756 4671748479 282216 	1599723540 282216 0 0 0 	8345985 282216 0 	491.247 	3 	217
20226500000000 20226600000011 	1800005778 5255838167 315932 	1799689846 315932 0 0 0 	9347016 315932 0 	490.996 	3 	217
20252100000000 20252200000011 	2000005800 5840017123 349226 	1999656574 349226 0 0 0 	10337089 349226 0 	490.796 	3 	217
20277700000000 20277800000011 	2200005822 6424126926 382303 	2199623519 382303 0 0 0 	11314947 382303 0 	490.632 	3 	217
20303300000000 20303400000011 	2400005844 7008249528 414392 	2399591452 414392 0 0 0 	12264564 414392 0 	490.495 	3 	217
20328900000000 20329000000210 	2600006264 7592371131 446457 	2599559807 446457 0 0 0 	13213009 446457 0 	490.068 	3 	217
20354500000000 20354600000210 	2800006684 8176546768 478327 	2799528357 478327 0 0 0 	14160910 478327 0 	489.703 	3 	217
20380100000000 20380200000210 	3000007104 8760681225 509652 	2999497452 509652 0 0 0 	15094900 509652 0 	489.386 	3 	217
20405700000000 20405800000210 	3200007524 9344927815 540812 	3199466712 540812 0 0 0 	16005439 540812 0 	489.11 	3 	217
20431300000000 20431400000210 	3400007944 9929133663 571839 	3399436105 571839 0 0 0 	16932164 571839 0 	488.866 	3 	217
20456900000000 20457000000381 	3600008706 10513375032 602420 	3599406286 602420 0 0 0 	17847533 602420 0 	488.422 	3 	217
20482500000000 20482600000381 	3800009468 11097614744 632411 	3799377057 632411 0 0 0 	18736287 632411 0 	488.026 	3 	217
20508100000000 20508200000381 	4000010230 11681948643 662249 	3999347981 662249 0 0 0 	19626513 662249 0 	487.67 	3 	217
20533700000000 20533800000381 	4200010992 12266254768 692084 	4199318908 692084 0 0 0 	20509392 692084 0 	487.348 	3 	217
20559300000000 20559400000381 	4400011754 12850590801 721293 	4399290461 721293 0 0 0 	21379610 721293 0 	487.056 	3 	217
20584900000000 20585000000381 	4600012516 13434938433 750114 	4599262402 750114 0 0 0 	22243112 750114 0 	486.789 	3 	217
20610500000000 20610600000468 	4800013452 14019349359 778819 	4799234633 778819 0 0 0 	23088803 778819 0 	486.417 	3 	217
20636100000000 20636200000468 	5000014388 14603805251 807316 	4999207072 807316 0 0 0 	23932794 807316 0 	486.074 	3 	217
20661700000000 20661800000468 	5200015324 15188218004 835618 	5199179706 835618 0 0 0 	24775620 835618 0 	485.759 	3 	217
20687300000000 20687400000468 	5400016260 15772714663 863415 	5399152845 863415 0 0 0 	25596582 863415 0 	485.467 	3 	217
20712900000000 20713000000468 	5600017196 16357177552 890751 	5599126445 890751 0 0 0 	26406106 890751 0 	485.196 	3 	217
20738500000000 20738600000468 	5800018132 16941709595 917829 	5799100303 917829 0 0 0 	27207948 917829 0 	484.945 	3 	217
20764100000000 20764200000254 	6000018640 17526259552 944463 	5999074177 944463 0 0 0 	27995162 944463 0 	484.572 	3 	217
20789700000000 20789800000254 	6200019148 18110827792 971128 	6199048020 971128 0 0 0 	28785749 971128 0 	484.223 	3 	217
20815300000000 20815400000254 	6400019656 18695423439 997516 	6399022140 997516 0 0 0 	29569480 997516 0 	483.897 	3 	217
20840900000000 20841000000254 	6600020164 19279995642 1023555 	6598996609 1023555 0 0 0 	30339521 1023555 0 	483.591 	3 	217
20866500000000 20866600000254 	6800020672 19864662811 1049278 	6798971394 1049278 0 0 0 	31102554 1049278 0 	483.303 	3 	217
20892100000000 20892200000254 	7000021180 20449263398 1074447 	6998946733 1074447 0 0 0 	31845110 1074447 0 	483.033 	3 	217
20917700000000 20917800000365 	7200021910 21033910334 1099404 	7198922506 1099404 0 0 0 	32579938 1099404 0 	482.69 	3 	217
20943300000000 20943400000365 	7400022640 21618586934 1124072 	7398898568 1124072 0 0 0 	33312900 1124072 0 	482.366 	3 	217
20968900000000 20969000000365 	7600023370 22203299041 1148641 	7598874729 1148641 0 0 0 	34050455 1148641 0 	482.06 	3 	217
20994500000000 20994600000365 	7800024100 22788044875 1173037 	7798851063 1173037 0 0 0 	34780128 1173037 0 	481.77 	3 	217
21020100000000 21020200000365 	8000024830 23372801188 1197003 	7998827827 1197003 0 0 0 	35486753 1197003 0 	481.495 	3 	217
21045700000000 21045800000365 	8200025560 23957598891 1220537 	8198805023 1220537 0 0 0 	36191874 1220537 0 	481.233 	3 	217
21071300000000 21071400000368 	8400026296 24542384935 1243984 	8398782312 1243984 0 0 0 	36883334 1243984 0 	480.91 	3 	217
21096900000000 21097000000368 	8600027032 25127156886 1267089 	8598759943 1267089 0 0 0 	37571768 1267089 0 	480.601 	3 	217
21122500000000 21122600000368 	8800027768 25711987480 1290014 	8798737754 1290014 0 0 0 	38244282 1290014 0 	480.307 	3 	217
21148100000000 21148200000368 	9000028504 26296845900 1312787 	8998715717 1312787 0 0 0 	38925855 1312787 0 	480.027 	3 	217
21173700000000 21173800000368 	9200029240 26881714719 1335278 	9198693962 1335278 0 0 0 	39599300 1335278 0 	479.759 	3 	217
21199300000000 21199400000368 	9400029976 27466573359 1357496 	9398672480 1357496 0 0 0 	40253712 1357496 0 	479.503 	3 	217
21224900000000 21225000000352 	9600030680 28051458456 1379574 	9598651106 1379574 0 0 0 	40910466 1379574 0 	479.169 	3 	217
21250500000000 21250600000352 	9800031384 28636380551 1401254 	9798630130 1401254 0 0 0 	41556349 1401254 0 	478.85 	3 	217
21276100000000 21276200000352 	10000032088 29221316983 1422532 	9998609556 1422532 0 0 0 	42191723 1422532 0 	478.543 	3 	217
21301700000000 21301800000352 	10200032792 29806296887 1444100 	10198588692 1444100 0 0 0 	42836450 1444100 0 	478.249 	3 	217
21327300000000 21327400000352 	10400033496 30391321308 1465276 	10398568220 1465276 0 0 0 	43472427 1465276 0 	477.967 	3 	217
21352900000000 21353000000352 	10600034200 30976340864 1486082 	10598548118 1486082 0 0 0 	44085903 1486082 0 	477.696 	3 	217
21378500000000 21378600000120 	10800034440 31561311954 1506513 	10798527927 1506513 0 0 0 	44701487 1506513 0 	477.376 	3 	217
21404100000000 21404200000120 	11000034680 32146337262 1526896 	10998507784 1526896 0 0 0 	45318783 1526896 0 	477.067 	3 	217
21429700000000 21429800000120 	11200034920 32731363802 1547094 	11198487826 1547094 0 0 0 	45919430 1547094 0 	476.771 	3 	217
21455300000000 21455400000120 	11400035160 33316438240 1567241 	11398467919 1567241 0 0 0 	46508728 1567241 0 	476.485 	3 	217
21480900000000 21481000000120 	11600035400 33901534594 1587072 	11598448328 1587072 0 0 0 	47097945 1587072 0 	476.209 	3 	217
21506500000000 21506600000120 	11800035640 34486669963 1606732 	11798428908 1606732 0 0 0 	47680172 1606732 0 	475.943 	3 	217
21532100000000 21532200000178 	12000035996 35071813252 1626152 	11998409844 1626152 0 0 0 	48255056 1626152 0 	475.632 	3 	217
21557700000000 21557800000178 	12200036352 35656998960 1645169 	12198391183 1645169 0 0 0 	48816316 1645169 0 	475.332 	3 	217
21583300000000 21583400000178 	12400036708 36242270820 1664263 	12398372445 1664263 0 0 0 	49380045 1664263 0 	475.042 	3 	217
21608900000000 21609000000178 	12600037064 36827473140 1682879 	12598354185 1682879 0 0 0 	49938152 1682879 0 	474.762 	3 	217
21634500000000 21634600000178 	12800037420 37412712457 1701635 	12798335785 1701635 0 0 0 	50491823 1701635 0 	474.491 	3 	217
21660100000000 21660200000178 	13000037776 37997940944 1719744 	12998318032 1719744 0 0 0 	51027239 1719744 0 	474.228 	3 	217
21685700000000 21685800000355 	13200038486 38583195743 1738004 	13198300482 1738004 0 0 0 	51570371 1738004 0 	473.924 	3 	217
21711300000000 21711400000355 	13400039196 39168510747 1755827 	13398283369 1755827 0 0 0 	52101242 1755827 0 	473.63 	3 	217
21736900000000 21737000000355 	13600039906 39753841772 1773488 	13598266418 1773488 0 0 0 	52624759 1773488 0 	473.345 	3 	217
21762500000000 21762600000355 	13800040616 40339166189 1790763 	13798249853 1790763 0 0 0 	53140439 1790763 0 	473.069 	3 	217
21788100000000 21788200000355 	14000041326 40924501133 1808124 	13998233202 1808124 0 0 0 	53652323 1808124 0 	472.801 	3 	217
21813700000000 21813800000355 	14200042036 41509867787 1825199 	14198216837 1825199 0 0 0 	54161017 1825199 0 	472.54 	3 	217
21839300000000 21839400000230 	14400042496 42095216602 1842220 	14398200276 1842220 0 0 0 	54663278 1842220 0 	472.227 	3 	217
21864900000000 21865000000230 	14600042956 42680604930 1858901 	14598184055 1858901 0 0 0 	55158467 1858901 0 	471.923 	3 	217
21890500000000 21890600000230 	14800043416 43266057971 1875508 	14798167908 1875508 0 0 0 	55652085 1875508 0 	471.627 	3 	217
21916100000000 21916200000230 	15000043876 43851470969 1891963 	14998151913 1891963 0 0 0 	56138094 1891963 0 	471.34 	3 	217
21941700000000 21941800000230 	15200044336 44436968647 1908441 	15198135895 1908441 0 0 0 	56626233 1908441 0 	471.06 	3 	217
21967300000000 21967400000230 	15400044796 45022475629 1924677 	15398120119 1924677 0 0 0 	57108530 1924677 0 	470.788 	3 	217
21992900000000 21993000000320 	15600045436 45607960436 1940637 	15598104799 1940637 0 0 0 	57583833 1940637 0 	470.481 	3 	217
22018500000000 22018600000320 	15800046076 46193510994 1956488 	15798089588 1956488 0 0 0 	58055293 1956488 0 	470.183 	3 	217
22044100000000 22044200000320 	16000046716 46779093163 1972085 	15998074631 1972085 0 0 0 	58519762 1972085 0 	469.892 	3 	217
22069700000000 22069800000320 	16200047356 47364736425 1987585 	16198059771 1987585 0 0 0 	58984551 1987585 0 	469.609 	3 	217
22095300000000 22095400000320 	16400047996 47950358928 2002994 	16398045002 2002994 0 0 0 	59439890 2002994 0 	469.333 	3 	217
22120900000000 22121000000320 	16600048636 48535996554 2018101 	16598030535 2018101 0 0 0 	59887724 2018101 0 	469.063 	3 	217
22146500000000 22146600000400 	16800049436 49121620615 2033124 	16798016312 2033124 0 0 0 	60337404 2033124 0 	468.762 	3 	217
22172100000000 22172200000400 	17000050236 49707315787 2047875 	16998002361 2047875 0 0 0 	60779733 2047875 0 	468.467 	3 	217
22197700000000 22197800000400 	17200051036 50292959249 2062467 	17197988569 2062467 0 0 0 	61212804 2062467 0 	468.18 	3 	217
22223300000000 22223400000400 	17400051836 50878702040 2076894 	17397974942 2076894 0 0 0 	61638279 2076894 0 	467.9 	3 	217
22248900000000 22249000000400 	17600052636 51464442635 2091287 	17597961349 2091287 0 0 0 	62067050 2091287 0 	467.627 	3 	217
22274500000000 22274600000290 	17800053216 52050198666 2105561 	17797947655 2105561 0 0 0 	62490980 2105561 0 	467.322 	3 	217
22300100000000 22300200000290 	18000053796 52635967442 2119740 	17997934056 2119740 0 0 0 	62906632 2119740 0 	467.025 	3 	217
22325700000000 22325800000290 	18200054376 53221720279 2133723 	18197920653 2133723 0 0 0 	63319779 2133723 0 	466.735 	3 	217
22351300000000 22351400000290 	18400054956 53807509075 2147447 	18397907509 2147447 0 0 0 	63726061 2147447 0 	466.451 	3 	217
22376900000000 22377000000290 	18600055536 54393397479 2160981 	18597894555 2160981 0 0 0 	64128556 2160981 0 	466.174 	3 	217
22402500000000 22402600000290 	18800056116 54979286581 2174279 	18797881837 2174279 0 0 0 	64522309 2174279 0 	465.902 	3 	217
22428100000000 22428200000249 	19000056614 55565153497 2187540 	18997869074 2187540 0 0 0 	64913900 2187540 0 	465.602 	3 	217
22453700000000 22453800000249 	19200057112 56151041932 2200785 	19197856327 2200785 0 0 0 	65306760 2200785 0 	465.308 	3 	217
22479300000000 22479400000249 	19400057610 56736922697 2213650 	19397843960 2213650 0 0 0 	65686580 2213650 0 	465.021 	3 	217
22504900000000 22505000000249 	19600058108 57322857097 2226607 	19597831501 2226607 0 0 0 	66076510 2226607 0 	464.74 	3 	217
22530500000000 22530600000249 	19800058606 57908807662 2239402 	19797819204 2239402 0 0 0 	66459667 2239402 0 	464.465 	3 	217
22556100000000 22556200000249 	20000059104 58494811148 2252051 	19997807053 2252051 0 0 0 	66838547 2252051 0 	464.196 	3 	217
22581700000000 22581800000088 	20200059280 59080805788 2264533 	20197794747 2264533 0 0 0 	67214161 2264533 0 	463.899 	3 	217
22607300000000 22607400000088 	20400059456 59666809575 2276774 	20397782682 2276774 0 0 0 	67580116 2276774 0 	463.608 	3 	217
22632900000000 22633000000088 	20600059632 60252838246 2289080 	20597770552 2289080 0 0 0 	67946268 2289080 0 	463.323 	3 	217
22658500000000 22658600000088 	20800059808 60838862538 2301158 	20797758650 2301158 0 0 0 	68306103 2301158 0 	463.044 	3 	217
22684100000000 22684200000088 	21000059984 61424914571 2313241 	20997746743 2313241 0 0 0 	68666242 2313241 0 	462.771 	3 	217
22709700000000 22709800000088 	21200060160 62011064829 2325375 	21197734785 2325375 0 0 0 	69033508 2325375 0 	462.503 	3 	217
22735300000000 22735400000110 	21400060380 62597176450 2337210 	21397723170 2337210 0 0 0 	69387127 2337210 0 	462.219 	3 	217
22760900000000 22761000000110 	21600060600 63183324377 2348809 	21597711791 2348809 0 0 0 	69736836 2348809 0 	461.941 	3 	217
22786500000000 22786600000110 	21800060820 63769420842 2360159 	21797700661 2360159 0 0 0 	70072796 2360159 0 	461.668 	3 	217
22812100000000 22812200000110 	22000061040 64355589908 2371346 	21997689694 2371346 0 0 0 	70405806 2371346 0 	461.401 	3 	217
22837700000000 22837800000110 	22200061260 64941799001 2382495 	22197678765 2382495 0 0 0 	70741575 2382495 0 	461.139 	3 	217
22863300000000 22863400000110 	22400061480 65528048633 2393564 	22397667916 2393564 0 0 0 	71079453 2393564 0 	460.881 	3 	217
22888900000000 22889000000189 	22600061858 66114306047 2404638 	22597657220 2404638 0 0 0 	71408491 2404638 0 	460.599 	3 	217
22914500000000 22914600000189 	22800062236 66700567222 2415563 	22797646673 2415563 0 0 0 	71736773 2415563 0 	460.321 	3 	217
22940100000000 22940200000189 	23000062614 67286812665 2426390 	22997636224 2426390 0 0 0 	72059287 2426390 0 	460.049 	3 	217
22965700000000 22965800000189 	23200062992 67873128335 2437280 	23197625712 2437280 0 0 0 	72381122 2437280 0 	459.782 	3 	217
22991300000000 22991400000189 	23400063370 68459470033 2447892 	23397615478 2447892 0 0 0 	72694380 2447892 0 	459.52 	3 	217
23016900000000 23017000000189 	23600063748 69045875684 2458098 	23597605650 2458098 0 0 0 	72992190 2458098 0 	459.262 	3 	217
23042500000000 23042600000060 	23800063868 69632212699 2468386 	23797595482 2468386 0 0 0 	73295923 2468386 0 	458.98 	3 	217
23068100000000 23068200000060 	24000063988 70218588315 2478510 	23997585478 2478510 0 0 0 	73593520 2478510 0 	458.704 	3 	217
23093700000000 23093800000060 	24200064108 70805021206 2488797 	24197575311 2488797 0 0 0 	73900668 2488797 0 	458.432 	3 	217
23119300000000 23119400000060 	24400064228 71391454637 2498599 	24397565629 2498599 0 0 0 	74188591 2498599 0 	458.165 	3 	217
23144900000000 23145000000060 	24600064348 71977881097 2508428 	24597555920 2508428 0 0 0 	74479150 2508428 0 	457.903 	3 	217
23170500000000 23170600000060 	24800064468 72564374867 2518137 	24797546331 2518137 0 0 0 	74771414 2518137 0 	457.645 	3 	217
23196100000000 23196200000375 	25000065218 73150933505 2527773 	24997537445 2527773 0 0 0 	75059388 2527773 0 	457.364 	3 	217
23221700000000 23221800000375 	25200065968 73737425470 2537246 	25197528722 2537246 0 0 0 	75334650 2537246 0 	457.087 	3 	217
23247300000000 23247400000375 	25400066718 74323967540 2546612 	25397520106 2546612 0 0 0 	75616295 2546612 0 	456.816 	3 	217
23272900000000 23273000000375 	25600067468 74910500962 2555974 	25597511494 2555974 0 0 0 	75897861 2555974 0 	456.549 	3 	217
23298500000000 23298600000375 	25800068218 75497059008 2565222 	25797502996 2565222 0 0 0 	76174546 2565222 0 	456.286 	3 	217
23324100000000 23324200000375 	26000068968 76083677404 2574564 	25997494404 2574564 0 0 0 	76452167 2574564 0 	456.028 	3 	217
23349700000000 23349800000074 	26200069116 76670293517 2583456 	26197485660 2583456 0 0 0 	76715000 2583456 0 	455.748 	3 	217
23375300000000 23375400000074 	26400069264 77256896751 2592160 	26397477104 2592160 0 0 0 	76973709 2592160 0 	455.472 	3 	217
23400900000000 23401000000074 	26600069412 77843551305 2600763 	26597468649 2600763 0 0 0 	77233528 2600763 0 	455.2 	3 	217
23426500000000 23426600000074 	26800069560 78430195477 2609445 	26797460115 2609445 0 0 0 	77493997 2609445 0 	454.933 	3 	217
23452100000000 23452200000074 	27000069708 79016884636 2617996 	26997451712 2617996 0 0 0 	77746283 2617996 0 	454.67 	3 	217
23477700000000 23477800000074 	27200069856 79603530801 2626524 	27197443332 2626524 0 0 0 	77999224 2626524 0 	454.412 	3 	217
23503300000000 23503400000320 	27400070496 80190201234 2635120 	27397435376 2635120 0 0 0 	78259035 2635120 0 	454.14 	3 	217
23528900000000 23529000000320 	27600071136 80777001073 2643237 	27597427899 2643237 0 0 0 	78501502 2643237 0 	453.873 	3 	217
23554500000000 23554600000320 	27800071776 81363730356 2651567 	27797420209 2651567 0 0 0 	78747617 2651567 0 	453.609 	3 	217
23580100000000 23580200000320 	28000072416 81950588910 2659642 	27997412774 2659642 0 0 0 	78986245 2659642 0 	453.35 	3 	217
23605700000000 23605800000320 	28200073056 82537396641 2667873 	28197405183 2667873 0 0 0 	79233411 2667873 0 	453.095 	3 	217
23631300000000 23631400000320 	28400073696 83124227911 2675982 	28397397714 2675982 0 0 0 	79475003 2675982 0 	452.844 	3 	217
23656900000000 23657000000353 	28600074402 83711083741 2683890 	28597390512 2683890 0 0 0 	79714150 2683890 0 	452.572 	3 	217
23682500000000 23682600000353 	28800075108 84297952340 2691794 	28797383314 2691794 0 0 0 	79950353 2691794 0 	452.304 	3 	217
23708100000000 23708200000353 	29000075814 84884850329 2699470 	28997376344 2699470 0 0 0 	80178012 2699470 0 	452.04 	3 	217
23733700000000 23733800000353 	29200076520 85471771740 2707126 	29197369394 2707126 0 0 0 	80406649 2707126 0 	451.78 	3 	217
23759300000000 23759400000353 	29400077226 86058708639 2714635 	29397362591 2714635 0 0 0 	80628032 2714635 0 	451.524 	3 	217
23784900000000 23785000000353 	29600077932 86645697911 2722228 	29597355704 2722228 0 0 0 	80854455 2722228 0 	451.271 	3 	217
23810500000000 23810600000044 	29800078020 87232641109 2729564 	29797348456 2729564 0 0 0 	81071981 2729564 0 	450.999 	3 	217
23836100000000 23836200000044 	30000078108 87819634177 2736995 	29997341113 2736995 0 0 0 	81290334 2736995 0 	450.73 	3 	217
