20021800000000 20021900000476 	200000952 583923327 36522 	199964430 36522 0 0 0 	1066720 36522 0 	492 	3 	218
20047400000000 20047500000476 	400001904 1167851621 72865 	399929039 72865 0 0 0 	2154269 72865 0 	492 	3 	218
20073000000000 20073100000476 	600002856 1751807499 108540 	599894316 108540 0 0 0 	3207666 108540 0 	492 	3 	218
20098600000000 20098700000476 	800003808 2335860632 144091 	799859717 144091 0 0 0 	4264248 144091 0 	492 	3 	218
20124200000000 20124300000476 	1000004760 2919897651 179038 	999825722 179038 0 0 0 	5295951 179038 0 	492 	3 	218
20149800000000 20149900000476 	1200005712 3503887129 213838 	1199791874 213838 0 0 0 	6331112 213838 0 	492 	3 	218
20175400000000 20175500000011 	1400005734 4087901951 248379 	1399757355 248379 0 0 0 	7350792 248379 0 	491.569 	3 	218
20201000000000 20201100000011 	1600005756 4671953857 282522 	1599723234 282522 0 0 0 	8360323 282522 0 	491.247 	3 	218
20226600000000 20226700000011 	1800005778 5256007615 316217 	1799689561 316217 0 0 0 	9349170 316217 0 	490.996 	3 	218
20252200000000 20252300000011 	2000005800 5840150458 349447 	1999656353 349447 0 0 0 	10330440 349447 0 	490.796 	3 	218
20277800000000 20277900000011 	2200005822 6424282848 382229 	2199623593 382229 0 0 0 	11305746 382229 0 	490.632 	3 	218
20303400000000 20303500000011 	2400005844 7008434910 414557 	2399591287 414557 0 0 0 	12269650 414557 0 	490.495 	3 	218
20329000000000 20329100000210 	2600006264 7592562775 446823 	2599559441 446823 0 0 0 	13239188 446823 0 	490.068 	3 	218
20354600000000 20354700000210 	2800006684 8176736578 478301 	2799528383 478301 0 0 0 	14171059 478301 0 	489.703 	3 	218
20380200000000 20380300000210 	3000007104 8760975170 509854 	2999497250 509854 0 0 0 	15109722 509854 0 	489.386 	3 	218
20405800000000 20405900000210 	3200007524 9345228359 541071 	3199466453 541071 0 0 0 	16032911 541071 0 	489.11 	3 	218
20431400000000 20431500000210 	3400007944 9929413064 572118 	3399435826 572118 0 0 0 	16944400 572118 0 	488.866 	3 	218
20457000000000 20457100000381 	3600008706 10513648244 602483 	3599406223 602483 0 0 0 	17848835 602483 0 	488.422 	3 	218
20482600000000 20482700000381 	3800009468 11097969844 632579 	3799376889 632579 0 0 0 	18740194 632579 0 	488.026 	3 	218
20508200000000 20508300000381 	4000010230 11682238201 662605 	3999347625 662605 0 0 0 	19618798 662605 0 	487.67 	3 	218
20533800000000 20533900000381 	4200010992 12266558913 692396 	4199318596 692396 0 0 0 	20503688 692396 0 	487.348 	3 	218
20559400000000 20559500000381 	4400011754 12850854308 721588 	4399290166 721588 0 0 0 	21372355 721588 0 	487.056 	3 	218
20585000000000 20585100000381 	4600012516 13435219198 750469 	4599262047 750469 0 0 0 	22233727 750469 0 	486.789 	3 	218
20610600000000 20610700000468 	4800013452 14019624017 779036 	4799234416 779036 0 0 0 	23086958 779036 0 	486.417 	3 	218
20636200000000 20636300000468 	5000014388 14604002728 806846 	4999207542 806846 0 0 0 	23914120 806846 0 	486.074 	3 	218
20661800000000 20661900000468 	5200015324 15188469641 834967 	5199180357 834967 0 0 0 	24750723 834967 0 	485.759 	3 	218
20687400000000 20687500000468 	5400016260 15772930140 862614 	5399153646 862614 0 0 0 	25562650 862614 0 	485.467 	3 	218
20713000000000 20713100000468 	5600017196 16357449145 890092 	5599127104 890092 0 0 0 	26384644 890092 0 	485.196 	3 	218
20738600000000 20738700000468 	5800018132 16941953137 916972 	5799101160 916972 0 0 0 	27181125 916972 0 	484.945 	3 	218
20764200000000 20764300000254 	6000018640 17526482053 943766 	5999074874 943766 0 0 0 	27967170 943766 0 	484.572 	3 	218
20789800000000 20789900000254 	6200019148 18111044677 970494 	6199048654 970494 0 0 0 	28763376 970494 0 	484.223 	3 	218
20815400000000 20815500000254 	6400019656 18695593114 996952 	6399022704 996952 0 0 0 	29552233 996952 0 	483.897 	3 	218
20841000000000 20841100000254 	6600020164 19280199113 1023045 	6598997119 1023045 0 0 0 	30330211 1023045 0 	483.591 	3 	218
20866600000000 20866700000254 	6800020672 19864799788 1048510 	6798972162 1048510 0 0 0 	31079592 1048510 0 	483.303 	3 	218
20892200000000 20892300000254 	7000021180 20449412427 1073816 	6998947364 1073816 0 0 0 	31826614 1073816 0 	483.033 	3 	218
20917800000000 20917900000365 	7200021910 21034054373 1099008 	7198922902 1099008 0 0 0 	32563961 1099008 0 	482.69 	3 	218
20943400000000 20943500000365 	7400022640 21618685206 1123990 	7398898650 1123990 0 0 0 	33303642 1123990 0 	482.366 	3 	218
20969000000000 20969100000365 	7600023370 22203311646 1148229 	7598875141 1148229 0 0 0 	34021790 1148229 0 	482.06 	3 	218
20994600000000 20994700000365 	7800024100 22788018269 1172479 	7798851621 1172479 0 0 0 	34744330 1172479 0 	481.77 	3 	218
21020200000000 21020300000365 	8000024830 23372781329 1196539 	7998828291 1196539 0 0 0 	35457094 1196539 0 	481.495 	3 	218
21045800000000 21045900000365 	8200025560 23957543022 1220173 	8198805387 1220173 0 0 0 	36160569 1220173 0 	481.233 	3 	218
21071400000000 21071500000368 	8400026296 24542282413 1243880 	8398782416 1243880 0 0 0 	36872447 1243880 0 	480.91 	3 	218
21097000000000 21097100000368 	8600027032 25127047816 1267180 	8598759852 1267180 0 0 0 	37562147 1267180 0 	480.601 	3 	218
21122600000000 21122700000368 	8800027768 25711896285 1290364 	8798737404 1290364 0 0 0 	38241428 1290364 0 	480.307 	3 	218
21148200000000 21148300000368 	9000028504 26296738191 1313174 	8998715330 1313174 0 0 0 	38916788 1313174 0 	480.027 	3 	218
21173800000000 21173900000368 	9200029240 26881599511 1335708 	9198693532 1335708 0 0 0 	39584964 1335708 0 	479.759 	3 	218
21199400000000 21199500000368 	9400029976 27466463978 1358093 	9398671883 1358093 0 0 0 	40254166 1358093 0 	479.503 	3 	218
21225000000000 21225100000352 	9600030680 28051375562 1380445 	9598650235 1380445 0 0 0 	40920927 1380445 0 	479.169 	3 	218
21250600000000 21250700000352 	9800031384 28636291529 1402266 	9798629118 1402266 0 0 0 	41565787 1402266 0 	478.85 	3 	218
21276200000000 21276300000352 	10000032088 29221240571 1423724 	9998608364 1423724 0 0 0 	42205714 1423724 0 	478.543 	3 	218
21301800000000 21301900000352 	10200032792 29806182958 1445113 	10198587679 1445113 0 0 0 	42842549 1445113 0 	478.249 	3 	218
21327400000000 21327500000352 	10400033496 30391196607 1466197 	10398567299 1466197 0 0 0 	43472344 1466197 0 	477.967 	3 	218
21353000000000 21353100000352 	10600034200 30976183990 1487457 	10598546743 1487457 0 0 0 	44103356 1487457 0 	477.696 	3 	218
21378600000000 21378700000120 	10800034440 31561241425 1508170 	10798526270 1508170 0 0 0 	44719053 1508170 0 	477.376 	3 	218
21404200000000 21404300000120 	11000034680 32146306216 1528689 	10998505991 1528689 0 0 0 	45329708 1528689 0 	477.067 	3 	218
21429800000000 21429900000120 	11200034920 32731372815 1549089 	11198485831 1549089 0 0 0 	45930798 1549089 0 	476.771 	3 	218
21455400000000 21455500000120 	11400035160 33316473817 1569033 	11398466127 1569033 0 0 0 	46520806 1569033 0 	476.485 	3 	218
21481000000000 21481100000120 	11600035400 33901559530 1588758 	11598446642 1588758 0 0 0 	47101964 1588758 0 	476.209 	3 	218
21506600000000 21506700000120 	11800035640 34486754834 1608380 	11798427260 1608380 0 0 0 	47689051 1608380 0 	475.943 	3 	218
21532200000000 21532300000178 	12000035996 35071914061 1627658 	11998408338 1627658 0 0 0 	48261679 1627658 0 	475.632 	3 	218
21557800000000 21557900000178 	12200036352 35656998502 1646692 	12198389660 1646692 0 0 0 	48825462 1646692 0 	475.332 	3 	218
21583400000000 21583500000178 	12400036708 36242223866 1665665 	12398371043 1665665 0 0 0 	49398506 1665665 0 	475.042 	3 	218
21609000000000 21609100000178 	12600037064 36827374785 1684212 	12598352852 1684212 0 0 0 	49948467 1684212 0 	474.762 	3 	218
21634600000000 21634700000178 	12800037420 37412538333 1703068 	12798334352 1703068 0 0 0 	50498717 1703068 0 	474.491 	3 	218
21660200000000 21660300000178 	13000037776 37997732595 1721397 	12998316379 1721397 0 0 0 	51036853 1721397 0 	474.228 	3 	218
21685800000000 21685900000355 	13200038486 38583036298 1739508 	13198298978 1739508 0 0 0 	51570603 1739508 0 	473.924 	3 	218
21711400000000 21711500000355 	13400039196 39168346588 1757380 	13398281816 1757380 0 0 0 	52100116 1757380 0 	473.63 	3 	218
21737000000000 21737100000355 	13600039906 39753626717 1775011 	13598264895 1775011 0 0 0 	52628738 1775011 0 	473.345 	3 	218
21762600000000 21762700000355 	13800040616 40339001304 1792650 	13798247966 1792650 0 0 0 	53154038 1792650 0 	473.069 	3 	218
21788200000000 21788300000355 	14000041326 40924339634 1810058 	13998231268 1810058 0 0 0 	53675974 1810058 0 	472.801 	3 	218
21813800000000 21813900000355 	14200042036 41509746158 1827020 	14198215016 1827020 0 0 0 	54177017 1827020 0 	472.54 	3 	218
21839400000000 21839500000230 	14400042496 42095082436 1844018 	14398198478 1844018 0 0 0 	54685723 1844018 0 	472.227 	3 	218
21865000000000 21865100000230 	14600042956 42680509360 1860653 	14598182303 1860653 0 0 0 	55178100 1860653 0 	471.923 	3 	218
21890600000000 21890700000230 	14800043416 43265927441 1877605 	14798165811 1877605 0 0 0 	55682166 1877605 0 	471.627 	3 	218
21916200000000 21916300000230 	15000043876 43851362435 1894226 	14998149650 1894226 0 0 0 	56176847 1894226 0 	471.34 	3 	218
21941800000000 21941900000230 	15200044336 44436844938 1910602 	15198133734 1910602 0 0 0 	56663203 1910602 0 	471.06 	3 	218
21967400000000 21967500000230 	15400044796 45022399200 1926586 	15398118210 1926586 0 0 0 	57137182 1926586 0 	470.788 	3 	218
21993000000000 21993100000320 	15600045436 45607961465 1942427 	15598103009 1942427 0 0 0 	57611854 1942427 0 	470.481 	3 	218
22018600000000 22018700000320 	15800046076 46193490034 1958273 	15798087803 1958273 0 0 0 	58081134 1958273 0 	470.183 	3 	218
22044200000000 22044300000320 	16000046716 46779047011 1973670 	15998073046 1973670 0 0 0 	58547688 1973670 0 	469.892 	3 	218
22069800000000 22069900000320 	16200047356 47364602707 1989194 	16198058162 1989194 0 0 0 	59007979 1989194 0 	469.609 	3 	218
22095400000000 22095500000320 	16400047996 47950181897 2004807 	16398043189 2004807 0 0 0 	59475203 2004807 0 	469.333 	3 	218
22121000000000 22121100000320 	16600048636 48535816779 2019658 	16598028978 2019658 0 0 0 	59915085 2019658 0 	469.063 	3 	218
22146600000000 22146700000400 	16800049436 49121479821 2034642 	16798014794 2034642 0 0 0 	60356967 2034642 0 	468.762 	3 	218
22172200000000 22172300000400 	17000050236 49707185059 2049221 	16998001015 2049221 0 0 0 	60793556 2049221 0 	468.467 	3 	218
22197800000000 22197900000400 	17200051036 50292865657 2063872 	17197987164 2063872 0 0 0 	61232613 2063872 0 	468.18 	3 	218
22223400000000 22223500000400 	17400051836 50878589941 2078277 	17397973559 2078277 0 0 0 	61663877 2078277 0 	467.9 	3 	218
22249000000000 22249100000400 	17600052636 51464359072 2092642 	17597959994 2092642 0 0 0 	62094727 2092642 0 	467.627 	3 	218
22274600000000 22274700000290 	17800053216 52050084416 2106727 	17797946489 2106727 0 0 0 	62508780 2106727 0 	467.322 	3 	218
22300200000000 22300300000290 	18000053796 52635863436 2120601 	17997933195 2120601 0 0 0 	62925839 2120601 0 	467.025 	3 	218
22325800000000 22325900000290 	18200054376 53221660708 2134782 	18197919594 2134782 0 0 0 	63341038 2134782 0 	466.735 	3 	218
22351400000000 22351500000290 	18400054956 53807432606 2148461 	18397906495 2148461 0 0 0 	63744389 2148461 0 	466.451 	3 	218
22377000000000 22377100000290 	18600055536 54393271480 2162126 	18597893410 2162126 0 0 0 	64150597 2162126 0 	466.174 	3 	218
22402600000000 22402700000290 	18800056116 54979140045 2175613 	18797880503 2175613 0 0 0 	64554429 2175613 0 	465.902 	3 	218
22428200000000 22428300000249 	19000056614 55564987137 2188805 	18997867809 2188805 0 0 0 	64944388 2188805 0 	465.602 	3 	218
22453800000000 22453900000249 	19200057112 56150923513 2201979 	19197855133 2201979 0 0 0 	65332053 2201979 0 	465.308 	3 	218
22479400000000 22479500000249 	19400057610 56736891325 2215050 	19397842560 2215050 0 0 0 	65718797 2215050 0 	465.021 	3 	218
22505000000000 22505100000249 	19600058108 57322804640 2227932 	19597830176 2227932 0 0 0 	66099308 2227932 0 	464.74 	3 	218
22530600000000 22530700000249 	19800058606 57908769035 2240769 	19797817837 2240769 0 0 0 	66479321 2240769 0 	464.465 	3 	218
22556200000000 22556300000249 	20000059104 58494747752 2253533 	19997805571 2253533 0 0 0 	66854246 2253533 0 	464.196 	3 	218
22581800000000 22581900000088 	20200059280 59080811255 2265870 	20197793410 2265870 0 0 0 	67221625 2265870 0 	463.899 	3 	218
22607400000000 22607500000088 	20400059456 59666819846 2278178 	20397781278 2278178 0 0 0 	67585257 2278178 0 	463.608 	3 	218
22633000000000 22633100000088 	20600059632 60252892665 2290414 	20597769218 2290414 0 0 0 	67941651 2290414 0 	463.323 	3 	218
22658600000000 22658700000088 	20800059808 60838914715 2302570 	20797757238 2302570 0 0 0 	68299135 2302570 0 	463.044 	3 	218
22684200000000 22684300000088 	21000059984 61424947658 2314451 	20997745533 2314451 0 0 0 	68645025 2314451 0 	462.771 	3 	218
22709800000000 22709900000088 	21200060160 62011034411 2326156 	21197734004 2326156 0 0 0 	68996683 2326156 0 	462.503 	3 	218
22735400000000 22735500000110 	21400060380 62597163426 2337645 	21397722735 2337645 0 0 0 	69334654 2337645 0 	462.219 	3 	218
22761000000000 22761100000110 	21600060600 63183362999 2349173 	21597711427 2349173 0 0 0 	69675261 2349173 0 	461.941 	3 	218
22786600000000 22786700000110 	21800060820 63769522997 2360520 	21797700300 2360520 0 0 0 	70010487 2360520 0 	461.668 	3 	218
22812200000000 22812300000110 	22000061040 64355731352 2371754 	21997689286 2371754 0 0 0 	70345929 2371754 0 	461.401 	3 	218
22837800000000 22837900000110 	22200061260 64941885691 2382853 	22197678407 2382853 0 0 0 	70673781 2382853 0 	461.139 	3 	218
22863400000000 22863500000110 	22400061480 65528077157 2393952 	22397667528 2393952 0 0 0 	71000248 2393952 0 	460.881 	3 	218
22889000000000 22889100000189 	22600061858 66114327389 2404962 	22597656896 2404962 0 0 0 	71320014 2404962 0 	460.599 	3 	218
22914600000000 22914700000189 	22800062236 66700590491 2415689 	22797646547 2415689 0 0 0 	71636760 2415689 0 	460.321 	3 	218
22940200000000 22940300000189 	23000062614 67286870740 2426320 	22997636294 2426320 0 0 0 	71952020 2426320 0 	460.049 	3 	218
22965800000000 22965900000189 	23200062992 67873183841 2436956 	23197626036 2436956 0 0 0 	72266964 2436956 0 	459.782 	3 	218
22991400000000 22991500000189 	23400063370 68459488100 2447505 	23397615865 2447505 0 0 0 	72577316 2447505 0 	459.52 	3 	218
23017000000000 23017100000189 	23600063748 69045831400 2457960 	23597605788 2457960 0 0 0 	72885836 2457960 0 	459.262 	3 	218
23042600000000 23042700000060 	23800063868 69632185509 2468179 	23797595689 2468179 0 0 0 	73188095 2468179 0 	458.98 	3 	218
23068200000000 23068300000060 	24000063988 70218572068 2478282 	23997585706 2478282 0 0 0 	73489138 2478282 0 	458.704 	3 	218
23093800000000 23093900000060 	24200064108 70805026982 2488289 	24197575819 2488289 0 0 0 	73780951 2488289 0 	458.432 	3 	218
23119400000000 23119500000060 	24400064228 71391484136 2497933 	24397566295 2497933 0 0 0 	74067352 2497933 0 	458.165 	3 	218
23145000000000 23145100000060 	24600064348 71977969455 2507788 	24597556560 2507788 0 0 0 	74364669 2507788 0 	457.903 	3 	218
23170600000000 23170700000060 	24800064468 72564437375 2517520 	24797546948 2517520 0 0 0 	74649470 2517520 0 	457.645 	3 	218
23196200000000 23196300000375 	25000065218 73150908036 2527269 	24997537949 2527269 0 0 0 	74943863 2527269 0 	457.364 	3 	218
23221800000000 23221900000375 	25200065968 73737465565 2536713 	25197529255 2536713 0 0 0 	75228018 2536713 0 	457.087 	3 	218
23247400000000 23247500000375 	25400066718 74324036248 2546061 	25397520657 2546061 0 0 0 	75504215 2546061 0 	456.816 	3 	218
23273000000000 23273100000375 	25600067468 74910590799 2555259 	25597512209 2555259 0 0 0 	75777170 2555259 0 	456.549 	3 	218
23298600000000 23298700000375 	25800068218 75497184048 2564476 	25797503742 2564476 0 0 0 	76055679 2564476 0 	456.286 	3 	218
23324200000000 23324300000375 	26000068968 76083741896 2573591 	25997495377 2573591 0 0 0 	76326799 2573591 0 	456.028 	3 	218
23349800000000 23349900000074 	26200069116 76670399878 2582669 	26197486447 2582669 0 0 0 	76596279 2582669 0 	455.748 	3 	218
23375400000000 23375500000074 	26400069264 77257027395 2591569 	26397477695 2591569 0 0 0 	76858729 2591569 0 	455.472 	3 	218
23401000000000 23401100000074 	26600069412 77843668934 2600430 	26597468982 2600430 0 0 0 	77120893 2600430 0 	455.2 	3 	218
23426600000000 23426700000074 	26800069560 78430359383 2609143 	26797460417 2609143 0 0 0 	77382021 2609143 0 	454.933 	3 	218
23452200000000 23452300000074 	27000069708 79017039924 2617775 	26997451933 2617775 0 0 0 	77644276 2617775 0 	454.67 	3 	218
23477800000000 23477900000074 	27200069856 79603748400 2626420 	27197443436 2626420 0 0 0 	77902901 2626420 0 	454.412 	3 	218
23503400000000 23503500000320 	27400070496 80190483068 2634876 	27397435620 2634876 0 0 0 	78157240 2634876 0 	454.14 	3 	218
23529000000000 23529100000320 	27600071136 80777220597 2643273 	27597427863 2643273 0 0 0 	78409465 2643273 0 	453.873 	3 	218
23554600000000 23554700000320 	27800071776 81363972581 2651399 	27797420377 2651399 0 0 0 	78655417 2651399 0 	453.609 	3 	218
23580200000000 23580300000320 	28000072416 81950784501 2659591 	27997412825 2659591 0 0 0 	78896258 2659591 0 	453.35 	3 	218
23605800000000 23605900000320 	28200073056 82537646926 2667894 	28197405162 2667894 0 0 0 	79139672 2667894 0 	453.095 	3 	218
23631400000000 23631500000320 	28400073696 83124516350 2675946 	28397397750 2675946 0 0 0 	79379660 2675946 0 	452.844 	3 	218
23657000000000 23657100000353 	28600074402 83711365512 2683825 	28597390577 2683825 0 0 0 	79617071 2683825 0 	452.572 	3 	218
23682600000000 23682700000353 	28800075108 84298198811 2691664 	28797383444 2691664 0 0 0 	79847425 2691664 0 	452.304 	3 	218
23708200000000 23708300000353 	29000075814 84885105290 2699382 	28997376432 2699382 0 0 0 	80080266 2699382 0 	452.04 	3 	218
23733800000000 23733900000353 	29200076520 85472045752 2707065 	29197369455 2707065 0 0 0 	80318895 2707065 0 	451.78 	3 	218
23759400000000 23759500000353 	29400077226 86059001534 2714734 	29397362492 2714734 0 0 0 	80546663 2714734 0 	451.524 	3 	218
23785000000000 23785100000353 	29600077932 86645954308 2722149 	29597355783 2722149 0 0 0 	80771349 2722149 0 	451.271 	3 	218
23810600000000 23810700000044 	29800078020 87232935267 2729631 	29797348389 2729631 0 0 0 	80993078 2729631 0 	450.999 	3 	218
23836200000000 23836300000044 	30000078108 87819900763 2737036 	29997341072 2737036 0 0 0 	81214309 2737036 0 	450.73 	3 	218
23861800000000 23861900000044 	30200078196 88406987333 2744272 	30197333924 2744272 0 0 0 	81430059 2744272 0 	450.466 	3 	218
