20023100000000 20023200000476 	200000952 583884622 36865 	199964087 36865 0 0 0 	1097428 36865 0 	492 	3 	231
20048700000000 20048800000476 	400001904 1167779342 73104 	399928800 73104 0 0 0 	2166168 73104 0 	492 	3 	231
20074300000000 20074400000476 	600002856 1751769213 109023 	599893833 109023 0 0 0 	3236420 109023 0 	492 	3 	231
20099900000000 20100000000476 	800003808 2335716249 144895 	799858913 144895 0 0 0 	4309654 144895 0 	492 	3 	231
20125500000000 20125600000476 	1000004760 2919697005 179953 	999824807 179953 0 0 0 	5350335 179953 0 	492 	3 	231
20151100000000 20151200000476 	1200005712 3503689429 214651 	1199791061 214651 0 0 0 	6384223 214651 0 	492 	3 	231
20176700000000 20176800000011 	1400005734 4087745296 248800 	1399756934 248800 0 0 0 	7389944 248800 0 	491.569 	3 	231
20202300000000 20202400000011 	1600005756 4671784500 282520 	1599723236 282520 0 0 0 	8386660 282520 0 	491.247 	3 	231
20227900000000 20228000000011 	1800005778 5255837623 316305 	1799689473 316305 0 0 0 	9388073 316305 0 	490.996 	3 	231
20253500000000 20253600000011 	2000005800 5839930484 349584 	1999656216 349584 0 0 0 	10367187 349584 0 	490.796 	3 	231
20279100000000 20279200000011 	2200005822 6424038932 382496 	2199623326 382496 0 0 0 	11341165 382496 0 	490.632 	3 	231
20304700000000 20304800000210 	2400006242 7008214340 414922 	2399591320 414922 0 0 0 	12307536 414922 0 	490.158 	3 	231
20330300000000 20330400000210 	2600006662 7592378097 446896 	2599559766 446896 0 0 0 	13259097 446896 0 	489.757 	3 	231
20355900000000 20356000000210 	2800007082 8176569146 478830 	2799528252 478830 0 0 0 	14200861 478830 0 	489.414 	3 	231
20381500000000 20381600000210 	3000007502 8760668781 510356 	2999497146 510356 0 0 0 	15128720 510356 0 	489.117 	3 	231
20407100000000 20407200000210 	3200007922 9344862165 541505 	3199466417 541505 0 0 0 	16052491 541505 0 	488.858 	3 	231
20432700000000 20432800000210 	3400008342 9929077322 572258 	3399436084 572258 0 0 0 	16957766 572258 0 	488.629 	3 	231
20458300000000 20458400000381 	3600009104 10513285999 602842 	3599406262 602842 0 0 0 	17867852 602842 0 	488.199 	3 	231
20483900000000 20484000000381 	3800009866 11097584360 632858 	3799377008 632858 0 0 0 	18762943 632858 0 	487.815 	3 	231
20509500000000 20509600000381 	4000010628 11681890104 662677 	3999347951 662677 0 0 0 	19647806 662677 0 	487.469 	3 	231
20535100000000 20535200000381 	4200011390 12266184885 692000 	4199319390 692000 0 0 0 	20517238 692000 0 	487.157 	3 	231
20560700000000 20560800000381 	4400012152 12850588810 721244 	4399290908 721244 0 0 0 	21378340 721244 0 	486.874 	3 	231
20586300000000 20586400000381 	4600012914 13434969809 749959 	4599262955 749959 0 0 0 	22232222 749959 0 	486.616 	3 	231
20611900000000 20612000000468 	4800013850 14019365287 778514 	4799235336 778514 0 0 0 	23078268 778514 0 	486.251 	3 	231
20637500000000 20637600000468 	5000014786 14603784048 806977 	4999207809 806977 0 0 0 	23925469 806977 0 	485.915 	3 	231
20663100000000 20663200000468 	5200015722 15188233048 834870 	5199180852 834870 0 0 0 	24748086 834870 0 	485.606 	3 	231
20688700000000 20688800000468 	5400016658 15772686268 862403 	5399154255 862403 0 0 0 	25571318 862403 0 	485.32 	3 	231
20714300000000 20714400000468 	5600017594 16357125656 889789 	5599127805 889789 0 0 0 	26386443 889789 0 	485.055 	3 	231
20739900000000 20740000000468 	5800018530 16941619454 916882 	5799101648 916882 0 0 0 	27184531 916882 0 	484.808 	3 	231
20765500000000 20765600000254 	6000019038 17526151090 943632 	5999075406 943632 0 0 0 	27973327 943632 0 	484.44 	3 	231
20791100000000 20791200000254 	6200019546 18110644223 970126 	6199049420 970126 0 0 0 	28762438 970126 0 	484.096 	3 	231
20816700000000 20816800000254 	6400020054 18695213588 996469 	6399023585 996469 0 0 0 	29541128 996469 0 	483.774 	3 	231
20842300000000 20842400000254 	6600020562 19279760858 1022261 	6598998301 1022261 0 0 0 	30307321 1022261 0 	483.472 	3 	231
20867900000000 20868000000254 	6800021070 19864360969 1047922 	6798973148 1047922 0 0 0 	31067467 1047922 0 	483.188 	3 	231
20893500000000 20893600000254 	7000021578 20449010274 1073170 	6998948408 1073170 0 0 0 	31818860 1073170 0 	482.92 	3 	231
20919100000000 20919200000365 	7200022308 21033655631 1098151 	7198924157 1098151 0 0 0 	32560968 1098151 0 	482.581 	3 	231
20944700000000 20944800000365 	7400023038 21618322139 1122851 	7398900187 1122851 0 0 0 	33288596 1122851 0 	482.26 	3 	231
20970300000000 20970400000365 	7600023768 22203000592 1147525 	7598876243 1147525 0 0 0 	34027460 1147525 0 	481.957 	3 	231
20995900000000 20996000000365 	7800024498 22787719466 1171992 	7798852506 1171992 0 0 0 	34760653 1171992 0 	481.67 	3 	231
21021500000000 21021600000365 	8000025228 23372438769 1195909 	7998829319 1195909 0 0 0 	35471333 1195909 0 	481.397 	3 	231
21047100000000 21047200000365 	8200025958 23957192643 1219464 	8198806494 1219464 0 0 0 	36171223 1219464 0 	481.138 	3 	231
21072700000000 21072800000368 	8400026694 24541888458 1242894 	8398783800 1242894 0 0 0 	36870655 1242894 0 	480.817 	3 	231
21098300000000 21098400000368 	8600027430 25126662871 1266018 	8598761412 1266018 0 0 0 	37559819 1266018 0 	480.511 	3 	231
21123900000000 21124000000368 	8800028166 25711453260 1288838 	8798739328 1288838 0 0 0 	38232061 1288838 0 	480.219 	3 	231
21149500000000 21149600000368 	9000028902 26296307487 1311918 	8998716984 1311918 0 0 0 	38917778 1311918 0 	479.941 	3 	231
21175100000000 21175200000368 	9200029638 26881134124 1334537 	9198695101 1334537 0 0 0 	39590007 1334537 0 	479.675 	3 	231
21200700000000 21200800000368 	9400030374 27466027932 1356780 	9398673594 1356780 0 0 0 	40254284 1356780 0 	479.42 	3 	231
21226300000000 21226400000352 	9600031078 28050887108 1378918 	9598652160 1378918 0 0 0 	40910971 1378918 0 	479.088 	3 	231
21251900000000 21252000000352 	9800031782 28635844759 1400586 	9798631196 1400586 0 0 0 	41551143 1400586 0 	478.771 	3 	231
21277500000000 21277600000352 	10000032486 29220806856 1422208 	9998610278 1422208 0 0 0 	42197103 1422208 0 	478.466 	3 	231
21303100000000 21303200000352 	10200033190 29805743297 1443753 	10198589437 1443753 0 0 0 	42840045 1443753 0 	478.174 	3 	231
21328700000000 21328800000352 	10400033894 30390749914 1464847 	10398569047 1464847 0 0 0 	43464516 1464847 0 	477.893 	3 	231
21354300000000 21354400000352 	10600034598 30975752667 1485834 	10598548764 1485834 0 0 0 	44088450 1485834 0 	477.623 	3 	231
21379900000000 21380000000120 	10800034838 31560737000 1506203 	10798528635 1506203 0 0 0 	44695216 1506203 0 	477.304 	3 	231
21405500000000 21405600000120 	11000035078 32145781727 1526771 	10998508307 1526771 0 0 0 	45302641 1526771 0 	476.998 	3 	231
21431100000000 21431200000120 	11200035318 32730907588 1546828 	11198488490 1546828 0 0 0 	45894281 1546828 0 	476.702 	3 	231
21456700000000 21456800000120 	11400035558 33315938230 1566922 	11398468636 1566922 0 0 0 	46486588 1566922 0 	476.418 	3 	231
21482300000000 21482400000120 	11600035798 33901013686 1586651 	11598449147 1586651 0 0 0 	47075413 1586651 0 	476.143 	3 	231
21507900000000 21508000000120 	11800036038 34486187626 1606520 	11798429518 1606520 0 0 0 	47673318 1606520 0 	475.878 	3 	231
21533500000000 21533600000178 	12000036394 35071330600 1625646 	11998410748 1625646 0 0 0 	48238459 1625646 0 	475.569 	3 	231
21559100000000 21559200000178 	12200036750 35656473174 1644765 	12198391985 1644765 0 0 0 	48811527 1644765 0 	475.27 	3 	231
21584700000000 21584800000178 	12400037106 36241698823 1663709 	12398373397 1663709 0 0 0 	49373900 1663709 0 	474.981 	3 	231
21610300000000 21610400000178 	12600037462 36826908138 1682535 	12598354927 1682535 0 0 0 	49933549 1682535 0 	474.702 	3 	231
21635900000000 21636000000178 	12800037818 37412166999 1701024 	12798336794 1701024 0 0 0 	50485170 1701024 0 	474.431 	3 	231
21661500000000 21661600000178 	13000038174 37997392402 1719506 	12998318668 1719506 0 0 0 	51032669 1719506 0 	474.17 	3 	231
21687100000000 21687200000355 	13200038884 38582686636 1737856 	13198301028 1737856 0 0 0 	51578609 1737856 0 	473.867 	3 	231
21712700000000 21712800000355 	13400039594 39167964332 1755758 	13398283836 1755758 0 0 0 	52110137 1755758 0 	473.574 	3 	231
21738300000000 21738400000355 	13600040304 39753271786 1773620 	13598266684 1773620 0 0 0 	52639390 1773620 0 	473.29 	3 	231
21763900000000 21764000000355 	13800041014 40338556556 1791356 	13798249658 1791356 0 0 0 	53167146 1791356 0 	473.014 	3 	231
21789500000000 21789600000355 	14000041724 40923948008 1808633 	13998233091 1808633 0 0 0 	53683454 1808633 0 	472.747 	3 	231
21815100000000 21815200000355 	14200042434 41509331244 1825816 	14198216618 1825816 0 0 0 	54187505 1825816 0 	472.487 	3 	231
21840700000000 21840800000230 	14400042894 42094742140 1842875 	14398200019 1842875 0 0 0 	54685915 1842875 0 	472.175 	3 	231
21866300000000 21866400000230 	14600043354 42680137807 1859839 	14598183515 1859839 0 0 0 	55188118 1859839 0 	471.871 	3 	231
21891900000000 21892000000230 	14800043814 43265641629 1876424 	14798167390 1876424 0 0 0 	55680253 1876424 0 	471.576 	3 	231
21917500000000 21917600000230 	15000044274 43851112163 1892738 	14998151536 1892738 0 0 0 	56160890 1892738 0 	471.29 	3 	231
21943100000000 21943200000230 	15200044734 44436599791 1908999 	15198135735 1908999 0 0 0 	56644756 1908999 0 	471.011 	3 	231
21968700000000 21968800000230 	15400045194 45022154560 1925121 	15398120073 1925121 0 0 0 	57122947 1925121 0 	470.74 	3 	231
21994300000000 21994400000320 	15600045834 45607743652 1940802 	15598105032 1940802 0 0 0 	57590944 1940802 0 	470.434 	3 	231
22019900000000 22020000000320 	15800046474 46193260626 1956631 	15798089843 1956631 0 0 0 	58064582 1956631 0 	470.136 	3 	231
22045500000000 22045600000320 	16000047114 46778910301 1972212 	15998074902 1972212 0 0 0 	58530060 1972212 0 	469.845 	3 	231
22071100000000 22071200000320 	16200047754 47364497616 1987905 	16198059849 1987905 0 0 0 	58988941 1987905 0 	469.563 	3 	231
22096700000000 22096800000320 	16400048394 47950071336 2003258 	16398045136 2003258 0 0 0 	59446859 2003258 0 	469.287 	3 	231
22122300000000 22122400000320 	16600049034 48535699828 2018345 	16598030689 2018345 0 0 0 	59893761 2018345 0 	469.019 	3 	231
22147900000000 22148000000400 	16800049834 49121351924 2033307 	16798016527 2033307 0 0 0 	60341564 2033307 0 	468.718 	3 	231
22173500000000 22173600000400 	17000050634 49706989064 2048160 	16998002474 2048160 0 0 0 	60785287 2048160 0 	468.424 	3 	231
22199100000000 22199200000400 	17200051434 50292686046 2062981 	17197988453 2062981 0 0 0 	61229159 2062981 0 	468.137 	3 	231
22224700000000 22224800000400 	17400052234 50878373534 2077414 	17397974820 2077414 0 0 0 	61652079 2077414 0 	467.858 	3 	231
22250300000000 22250400000400 	17600053034 51464113963 2091853 	17597961181 2091853 0 0 0 	62087075 2091853 0 	467.585 	3 	231
22275900000000 22276000000290 	17800053614 52049950841 2106181 	17797947433 2106181 0 0 0 	62511417 2106181 0 	467.281 	3 	231
22301500000000 22301600000290 	18000054194 52635674552 2120158 	17997934036 2120158 0 0 0 	62927589 2120158 0 	466.984 	3 	231
22327100000000 22327200000290 	18200054774 53221448365 2134014 	18197920760 2134014 0 0 0 	63333780 2134014 0 	466.694 	3 	231
22352700000000 22352800000290 	18400055354 53807278407 2147987 	18397907367 2147987 0 0 0 	63745073 2147987 0 	466.411 	3 	231
22378300000000 22378400000290 	18600055934 54393096133 2161508 	18597894426 2161508 0 0 0 	64149421 2161508 0 	466.134 	3 	231
22403900000000 22404000000290 	18800056514 54978974370 2174974 	18797881540 2174974 0 0 0 	64548753 2174974 0 	465.864 	3 	231
22429500000000 22429600000249 	19000057012 55564802110 2188370 	18997868642 2188370 0 0 0 	64944737 2188370 0 	465.564 	3 	231
22455100000000 22455200000249 	19200057510 56150704929 2201629 	19197855881 2201629 0 0 0 	65336821 2201629 0 	465.27 	3 	231
22480700000000 22480800000249 	19400058008 56736643757 2214350 	19397843658 2214350 0 0 0 	65713247 2214350 0 	464.984 	3 	231
22506300000000 22506400000249 	19600058506 57322615673 2227195 	19597831311 2227195 0 0 0 	66095396 2227195 0 	464.703 	3 	231
22531900000000 22532000000249 	19800059004 57908567539 2239877 	19797819127 2239877 0 0 0 	66472153 2239877 0 	464.428 	3 	231
22557500000000 22557600000249 	20000059502 58494513619 2252404 	19997807098 2252404 0 0 0 	66842204 2252404 0 	464.159 	3 	231
22583100000000 22583200000088 	20200059678 59080478895 2264853 	20197794825 2264853 0 0 0 	67213311 2264853 0 	463.863 	3 	231
22608700000000 22608800000088 	20400059854 59666532555 2277163 	20397782691 2277163 0 0 0 	67577034 2277163 0 	463.572 	3 	231
22634300000000 22634400000088 	20600060030 60252563262 2289538 	20597770492 2289538 0 0 0 	67946397 2289538 0 	463.288 	3 	231
22659900000000 22660000000088 	20800060206 60838586631 2301552 	20797758654 2301552 0 0 0 	68298812 2301552 0 	463.009 	3 	231
22685500000000 22685600000088 	21000060382 61424636991 2313561 	20997746821 2313561 0 0 0 	68653045 2313561 0 	462.736 	3 	231
22711100000000 22711200000088 	21200060558 62010742098 2325445 	21197735113 2325445 0 0 0 	69005370 2325445 0 	462.469 	3 	231
22736700000000 22736800000110 	21400060778 62596927568 2337378 	21397723400 2337378 0 0 0 	69360229 2337378 0 	462.185 	3 	231
22762300000000 22762400000110 	21600060998 63183031296 2349033 	21597711965 2349033 0 0 0 	69708623 2349033 0 	461.908 	3 	231
22787900000000 22788000000110 	21800061218 63769174058 2360571 	21797700647 2360571 0 0 0 	70047236 2360571 0 	461.635 	3 	231
22813500000000 22813600000110 	22000061438 64355346658 2371638 	21997689800 2371638 0 0 0 	70372570 2371638 0 	461.368 	3 	231
22839100000000 22839200000110 	22200061658 64941514911 2383063 	22197678595 2383063 0 0 0 	70716409 2383063 0 	461.106 	3 	231
22864700000000 22864800000110 	22400061878 65527751539 2394072 	22397667806 2394072 0 0 0 	71039346 2394072 0 	460.849 	3 	231
22890300000000 22890400000189 	22600062256 66113971663 2404982 	22597657274 2404982 0 0 0 	71365199 2404982 0 	460.567 	3 	231
22915900000000 22916000000189 	22800062634 66700204572 2415871 	22797646763 2415871 0 0 0 	71690835 2415871 0 	460.29 	3 	231
22941500000000 22941600000189 	23000063012 67286477530 2426651 	22997636361 2426651 0 0 0 	72013859 2426651 0 	460.018 	3 	231
22967100000000 22967200000189 	23200063390 67872759000 2437229 	23197626161 2437229 0 0 0 	72327078 2437229 0 	459.751 	3 	231
22992700000000 22992800000189 	23400063768 68459064682 2447988 	23397615780 2447988 0 0 0 	72646995 2447988 0 	459.489 	3 	231
23018300000000 23018400000189 	23600064146 69045374807 2458374 	23597605772 2458374 0 0 0 	72959850 2458374 0 	459.232 	3 	231
23043900000000 23044000000060 	23800064266 69631760939 2468525 	23797595741 2468525 0 0 0 	73262277 2468525 0 	458.951 	3 	231
23069500000000 23069600000060 	24000064386 70218146130 2478675 	23997585711 2478675 0 0 0 	73569532 2478675 0 	458.674 	3 	231
23095100000000 23095200000060 	24200064506 70804549537 2488734 	24197575772 2488734 0 0 0 	73864797 2488734 0 	458.403 	3 	231
23120700000000 23120800000060 	24400064626 71391015415 2498657 	24397565969 2498657 0 0 0 	74164566 2498657 0 	458.136 	3 	231
23146300000000 23146400000060 	24600064746 71977419048 2508568 	24597556178 2508568 0 0 0 	74459808 2508568 0 	457.874 	3 	231
23171900000000 23172000000060 	24800064866 72563892698 2518454 	24797546412 2518454 0 0 0 	74755057 2518454 0 	457.616 	3 	231
23197500000000 23197600000375 	25000065616 73150417045 2527971 	24997537645 2527971 0 0 0 	75035423 2527971 0 	457.335 	3 	231
23223100000000 23223200000375 	25200066366 73736957670 2537723 	25197528643 2537723 0 0 0 	75324550 2537723 0 	457.059 	3 	231
23248700000000 23248800000375 	25400067116 74323492528 2547146 	25397519970 2547146 0 0 0 	75607372 2547146 0 	456.788 	3 	231
23274300000000 23274400000375 	25600067866 74910044337 2556245 	25597511621 2556245 0 0 0 	75878384 2556245 0 	456.521 	3 	231
23299900000000 23300000000375 	25800068616 75496685081 2565336 	25797503280 2565336 0 0 0 	76148563 2565336 0 	456.259 	3 	231
23325500000000 23325600000375 	26000069366 76083309283 2574628 	25997494738 2574628 0 0 0 	76423615 2574628 0 	456.001 	3 	231
23351100000000 23351200000074 	26200069514 76669914824 2583659 	26197485855 2583659 0 0 0 	76695481 2583659 0 	455.721 	3 	231
23376700000000 23376800000074 	26400069662 77256544264 2592464 	26397477198 2592464 0 0 0 	76961152 2592464 0 	455.445 	3 	231
23402300000000 23402400000074 	26600069810 77843195879 2601230 	26597468580 2601230 0 0 0 	77225128 2601230 0 	455.174 	3 	231
23427900000000 23428000000074 	26800069958 78429845571 2609844 	26797460114 2609844 0 0 0 	77480918 2609844 0 	454.907 	3 	231
23453500000000 23453600000074 	27000070106 79016545173 2618408 	26997451698 2618408 0 0 0 	77735172 2618408 0 	454.644 	3 	231
23479100000000 23479200000074 	27200070254 79603178354 2626850 	27197443404 2626850 0 0 0 	77984631 2626850 0 	454.386 	3 	231
23504700000000 23504800000320 	27400070894 80189848756 2635387 	27397435507 2635387 0 0 0 	78243785 2635387 0 	454.115 	3 	231
23530300000000 23530400000320 	27600071534 80776578202 2643877 	27597427657 2643877 0 0 0 	78500150 2643877 0 	453.847 	3 	231
23555900000000 23556000000320 	27800072174 81363362801 2652241 	27797419933 2652241 0 0 0 	78751434 2652241 0 	453.584 	3 	231
23581500000000 23581600000320 	28000072814 81950143616 2660537 	27997412277 2660537 0 0 0 	78996887 2660537 0 	453.325 	3 	231
23607100000000 23607200000320 	28200073454 82536960805 2668422 	28197405032 2668422 0 0 0 	79233079 2668422 0 	453.071 	3 	231
23632700000000 23632800000320 	28400074094 83123827887 2676385 	28397397709 2676385 0 0 0 	79471145 2676385 0 	452.819 	3 	231
23658300000000 23658400000353 	28600074800 83710665603 2684339 	28597390461 2684339 0 0 0 	79708804 2684339 0 	452.548 	3 	231
23683900000000 23684000000353 	28800075506 84297439408 2692169 	28797383337 2692169 0 0 0 	79943831 2692169 0 	452.28 	3 	231
23709500000000 23709600000353 	29000076212 84884350942 2699799 	28997376413 2699799 0 0 0 	80168680 2699799 0 	452.016 	3 	231
23735100000000 23735200000353 	29200076918 85471281605 2707494 	29197369424 2707494 0 0 0 	80399113 2707494 0 	451.756 	3 	231
23760700000000 23760800000353 	29400077624 86058274396 2715049 	29397362575 2715049 0 0 0 	80629737 2715049 0 	451.5 	3 	231
23786300000000 23786400000353 	29600078330 86645251730 2722400 	29597355930 2722400 0 0 0 	80847059 2722400 0 	451.248 	3 	231
23811900000000 23812000000044 	29800078418 87232225083 2729885 	29797348533 2729885 0 0 0 	81067554 2729885 0 	450.976 	3 	231
23837500000000 23837600000044 	30000078506 87819210969 2737236 	29997341270 2737236 0 0 0 	81285111 2737236 0 	450.707 	3 	231
23863100000000 23863200000044 	30200078594 88406223646 2744471 	30197334123 2744471 0 0 0 	81501760 2744471 0 	450.443 	3 	231
