20024200000000 20024300000476 	200000952 583882612 36682 	199964270 36682 0 0 0 	1075326 36682 0 	492 	3 	242
20049800000000 20049900000476 	400001904 1167722077 72935 	399928969 72935 0 0 0 	2154166 72935 0 	492 	3 	242
20075400000000 20075500000476 	600002856 1751685301 108567 	599894289 108567 0 0 0 	3214188 108567 0 	492 	3 	242
20101000000000 20101100000476 	800003808 2335659967 144245 	799859563 144245 0 0 0 	4274389 144245 0 	492 	3 	242
20126600000000 20126700000476 	1000004760 2919667626 178930 	999825830 178930 0 0 0 	5309127 178930 0 	492 	3 	242
20152200000000 20152300000476 	1200005712 3503708505 213535 	1199792177 213535 0 0 0 	6334210 213535 0 	492 	3 	242
20177800000000 20177900000011 	1400005734 4087757529 247842 	1399757892 247842 0 0 0 	7344530 247842 0 	491.569 	3 	242
20203400000000 20203500000011 	1600005756 4671818330 281771 	1599723985 281771 0 0 0 	8350111 281771 0 	491.247 	3 	242
20229000000000 20229100000011 	1800005778 5255897160 315559 	1799690219 315559 0 0 0 	9349541 315559 0 	490.996 	3 	242
20254600000000 20254700000011 	2000005800 5840021537 348609 	1999657191 348609 0 0 0 	10337114 348609 0 	490.796 	3 	242
20280200000000 20280300000011 	2200005822 6424092278 381430 	2199624392 381430 0 0 0 	11318749 381430 0 	490.632 	3 	242
20305800000000 20305900000210 	2400006242 7008210041 413883 	2399592359 413883 0 0 0 	12282948 413883 0 	490.158 	3 	242
20331400000000 20331500000210 	2600006662 7592409280 446049 	2599560613 446049 0 0 0 	13235421 446049 0 	489.757 	3 	242
20357000000000 20357100000210 	2800007082 8176550891 477835 	2799529247 477835 0 0 0 	14174648 477835 0 	489.414 	3 	242
20382600000000 20382700000210 	3000007502 8760735386 509376 	2999498126 509376 0 0 0 	15112576 509376 0 	489.117 	3 	242
20408200000000 20408300000210 	3200007922 9344898414 540712 	3199467210 540712 0 0 0 	16034801 540712 0 	488.858 	3 	242
20433800000000 20433900000210 	3400008342 9929143180 571600 	3399436742 571600 0 0 0 	16944594 571600 0 	488.629 	3 	242
20459400000000 20459500000381 	3600009104 10513374440 602127 	3599406977 602127 0 0 0 	17843398 602127 0 	488.199 	3 	242
20485000000000 20485100000381 	3800009866 11097675335 632039 	3799377827 632039 0 0 0 	18731033 632039 0 	487.815 	3 	242
20510600000000 20510700000381 	4000010628 11681934210 662125 	3999348503 662125 0 0 0 	19621851 662125 0 	487.469 	3 	242
20536200000000 20536300000381 	4200011390 12266273655 691546 	4199319844 691546 0 0 0 	20495123 691546 0 	487.157 	3 	242
20561800000000 20561900000381 	4400012152 12850646082 720924 	4399291228 720924 0 0 0 	21366189 720924 0 	486.874 	3 	242
20587400000000 20587500000381 	4600012914 13435035244 749583 	4599263331 749583 0 0 0 	22214379 749583 0 	486.616 	3 	242
20613000000000 20613100000468 	4800013850 14019357740 778091 	4799235759 778091 0 0 0 	23051007 778091 0 	486.251 	3 	242
20638600000000 20638700000468 	5000014786 14603816959 806391 	4999208395 806391 0 0 0 	23894372 806391 0 	485.915 	3 	242
20664200000000 20664300000468 	5200015722 15188265033 834284 	5199181438 834284 0 0 0 	24731015 834284 0 	485.606 	3 	242
20689800000000 20689900000468 	5400016658 15772647196 862010 	5399154648 862010 0 0 0 	25552038 862010 0 	485.32 	3 	242
20715400000000 20715500000468 	5600017594 16357144458 889242 	5599128352 889242 0 0 0 	26361285 889242 0 	485.055 	3 	242
20741000000000 20741100000468 	5800018530 16941623864 916279 	5799102251 916279 0 0 0 	27164534 916279 0 	484.808 	3 	242
20766600000000 20766700000254 	6000019038 17526156934 942937 	5999076101 942937 0 0 0 	27950573 942937 0 	484.44 	3 	242
20792200000000 20792300000254 	6200019546 18110711723 969484 	6199050062 969484 0 0 0 	28736489 969484 0 	484.096 	3 	242
20817800000000 20817900000254 	6400020054 18695283229 995573 	6399024481 995573 0 0 0 	29506974 995573 0 	483.774 	3 	242
20843400000000 20843500000254 	6600020562 19279819462 1021671 	6598998891 1021671 0 0 0 	30281188 1021671 0 	483.472 	3 	242
20869000000000 20869100000254 	6800021070 19864428168 1047342 	6798973728 1047342 0 0 0 	31040842 1047342 0 	483.188 	3 	242
20894600000000 20894700000254 	7000021578 20449149014 1072648 	6998948930 1072648 0 0 0 	31793245 1072648 0 	482.92 	3 	242
20920200000000 20920300000365 	7200022308 21033772522 1097818 	7198924490 1097818 0 0 0 	32534730 1097818 0 	482.581 	3 	242
20945800000000 20945900000365 	7400023038 21618424793 1122532 	7398900506 1122532 0 0 0 	33267484 1122532 0 	482.26 	3 	242
20971400000000 20971500000365 	7600023768 22203150723 1146966 	7598876802 1146966 0 0 0 	33988863 1146966 0 	481.957 	3 	242
20997000000000 20997100000365 	7800024498 22787877459 1171199 	7798853299 1171199 0 0 0 	34708099 1171199 0 	481.67 	3 	242
21022600000000 21022700000365 	8000025228 23372579161 1195177 	7998830051 1195177 0 0 0 	35424265 1195177 0 	481.397 	3 	242
21048200000000 21048300000365 	8200025958 23957382583 1219243 	8198806715 1219243 0 0 0 	36134705 1219243 0 	481.138 	3 	242
21073800000000 21073900000368 	8400026694 24542140212 1242839 	8398783855 1242839 0 0 0 	36841067 1242839 0 	480.817 	3 	242
21099400000000 21099500000368 	8600027430 25126857184 1265973 	8598761457 1265973 0 0 0 	37522604 1265973 0 	480.511 	3 	242
21125000000000 21125100000368 	8800028166 25711705899 1289044 	8798739122 1289044 0 0 0 	38210554 1289044 0 	480.219 	3 	242
21150600000000 21150700000368 	9000028902 26296529032 1311688 	8998717214 1311688 0 0 0 	38881730 1311688 0 	479.941 	3 	242
21176200000000 21176300000368 	9200029638 26881384627 1334308 	9198695330 1334308 0 0 0 	39545654 1334308 0 	479.675 	3 	242
21201800000000 21201900000368 	9400030374 27466217303 1356533 	9398673841 1356533 0 0 0 	40207743 1356533 0 	479.42 	3 	242
21227400000000 21227500000352 	9600031078 28051092069 1378378 	9598652700 1378378 0 0 0 	40853947 1378378 0 	479.088 	3 	242
21253000000000 21253100000352 	9800031782 28636037550 1400185 	9798631597 1400185 0 0 0 	41497284 1400185 0 	478.771 	3 	242
21278600000000 21278700000352 	10000032486 29220971411 1421832 	9998610654 1421832 0 0 0 	42136099 1421832 0 	478.466 	3 	242
21304200000000 21304300000352 	10200033190 29805919778 1442796 	10198590394 1442796 0 0 0 	42755942 1442796 0 	478.174 	3 	242
21329800000000 21329900000352 	10400033894 30390912950 1464101 	10398569793 1464101 0 0 0 	43385769 1464101 0 	477.893 	3 	242
21355400000000 21355500000352 	10600034598 30975875662 1484954 	10598549644 1484954 0 0 0 	44000111 1484954 0 	477.623 	3 	242
21381000000000 21381100000120 	10800034838 31560898529 1505596 	10798529242 1505596 0 0 0 	44613018 1505596 0 	477.304 	3 	242
21406600000000 21406700000120 	11000035078 32145897834 1526077 	10998509001 1526077 0 0 0 	45224052 1526077 0 	476.998 	3 	242
21432200000000 21432300000120 	11200035318 32730950840 1546256 	11198489062 1546256 0 0 0 	45822407 1546256 0 	476.702 	3 	242
21457800000000 21457900000120 	11400035558 33316037110 1566370 	11398469188 1566370 0 0 0 	46422179 1566370 0 	476.418 	3 	242
21483400000000 21483500000120 	11600035798 33901157234 1586116 	11598449682 1586116 0 0 0 	47015172 1586116 0 	476.143 	3 	242
21509000000000 21509100000120 	11800036038 34486261776 1605954 	11798430084 1605954 0 0 0 	47599968 1605954 0 	475.878 	3 	242
21534600000000 21534700000178 	12000036394 35071366208 1625524 	11998410870 1625524 0 0 0 	48177157 1625524 0 	475.569 	3 	242
21560200000000 21560300000178 	12200036750 35656587896 1644780 	12198391970 1644780 0 0 0 	48756245 1644780 0 	475.27 	3 	242
21585800000000 21585900000178 	12400037106 36241799698 1663779 	12398373327 1663779 0 0 0 	49316224 1663779 0 	474.981 	3 	242
21611400000000 21611500000178 	12600037462 36826935129 1682514 	12598354948 1682514 0 0 0 	49877966 1682514 0 	474.702 	3 	242
21637000000000 21637100000178 	12800037818 37412166288 1701098 	12798336720 1701098 0 0 0 	50423178 1701098 0 	474.431 	3 	242
21662600000000 21662700000178 	13000038174 37997356501 1719449 	12998318725 1719449 0 0 0 	50972225 1719449 0 	474.17 	3 	242
21688200000000 21688300000355 	13200038884 38582573313 1737627 	13198301257 1737627 0 0 0 	51509787 1737627 0 	473.867 	3 	242
21713800000000 21713900000355 	13400039594 39167955127 1755591 	13398284003 1755591 0 0 0 	52038739 1755591 0 	473.574 	3 	242
21739400000000 21739500000355 	13600040304 39753236953 1773265 	13598267039 1773265 0 0 0 	52570327 1773265 0 	473.29 	3 	242
21765000000000 21765100000355 	13800041014 40338552642 1790898 	13798250116 1790898 0 0 0 	53085408 1790898 0 	473.014 	3 	242
21790600000000 21790700000355 	14000041724 40923902520 1808228 	13998233496 1808228 0 0 0 	53600522 1808228 0 	472.747 	3 	242
21816200000000 21816300000355 	14200042434 41509288953 1825266 	14198217168 1825266 0 0 0 	54106973 1825266 0 	472.487 	3 	242
21841800000000 21841900000230 	14400042894 42094684617 1842216 	14398200678 1842216 0 0 0 	54605606 1842216 0 	472.175 	3 	242
21867400000000 21867500000230 	14600043354 42680138177 1859028 	14598184326 1859028 0 0 0 	55100876 1859028 0 	471.871 	3 	242
21893000000000 21893100000230 	14800043814 43265599707 1875919 	14798167895 1875919 0 0 0 	55594706 1875919 0 	471.576 	3 	242
21918600000000 21918700000230 	15000044274 43851059543 1892414 	14998151860 1892414 0 0 0 	56083815 1892414 0 	471.29 	3 	242
21944200000000 21944300000230 	15200044734 44436528403 1909002 	15198135732 1909002 0 0 0 	56584288 1909002 0 	471.011 	3 	242
21969800000000 21969900000230 	15400045194 45022019200 1924915 	15398120279 1924915 0 0 0 	57047455 1924915 0 	470.74 	3 	242
21995400000000 21995500000320 	15600045834 45607528537 1941058 	15598104776 1941058 0 0 0 	57526602 1941058 0 	470.434 	3 	242
22021000000000 22021100000320 	15800046474 46193031345 1956854 	15798089620 1956854 0 0 0 	58000531 1956854 0 	470.136 	3 	242
22046600000000 22046700000320 	16000047114 46778588537 1972480 	15998074634 1972480 0 0 0 	58470360 1972480 0 	469.845 	3 	242
22072200000000 22072300000320 	16200047754 47364156074 1988025 	16198059729 1988025 0 0 0 	58935018 1988025 0 	469.563 	3 	242
22097800000000 22097900000320 	16400048394 47949691025 2003314 	16398045080 2003314 0 0 0 	59379846 2003314 0 	469.287 	3 	242
22123400000000 22123500000400 	16600049194 48535301813 2018549 	16598030645 2018549 0 0 0 	59826366 2018549 0 	468.979 	3 	242
22149000000000 22149100000400 	16800049994 49120887556 2033456 	16798016538 2033456 0 0 0 	60269460 2033456 0 	468.678 	3 	242
22174600000000 22174700000400 	17000050794 49706511412 2048501 	16998002293 2048501 0 0 0 	60715602 2048501 0 	468.385 	3 	242
22200200000000 22200300000400 	17200051594 50292226328 2063104 	17197988490 2063104 0 0 0 	61150321 2063104 0 	468.099 	3 	242
22225800000000 22225900000400 	17400052394 50877946775 2077619 	17397974775 2077619 0 0 0 	61578374 2077619 0 	467.82 	3 	242
22251400000000 22251500000400 	17600053194 51463690514 2091870 	17597961324 2091870 0 0 0 	62004203 2091870 0 	467.547 	3 	242
22277000000000 22277100000290 	17800053774 52049472554 2106121 	17797947653 2106121 0 0 0 	62432670 2106121 0 	467.244 	3 	242
22302600000000 22302700000290 	18000054354 52635214904 2119957 	17997934397 2119957 0 0 0 	62839238 2119957 0 	466.948 	3 	242
22328200000000 22328300000290 	18200054934 53220957391 2133758 	18197921176 2133758 0 0 0 	63249054 2133758 0 	466.658 	3 	242
22353800000000 22353900000290 	18400055514 53806740360 2147484 	18397908030 2147484 0 0 0 	63650395 2147484 0 	466.375 	3 	242
22379400000000 22379500000290 	18600056094 54392621612 2161009 	18597895085 2161009 0 0 0 	64055427 2161009 0 	466.099 	3 	242
22405000000000 22405100000290 	18800056674 54978483776 2174495 	18797882179 2174495 0 0 0 	64461060 2174495 0 	465.829 	3 	242
22430600000000 22430700000249 	19000057172 55564372169 2187675 	18997869497 2187675 0 0 0 	64849331 2187675 0 	465.529 	3 	242
22456200000000 22456300000249 	19200057670 56150267882 2200656 	19197857014 2200656 0 0 0 	65230251 2200656 0 	465.236 	3 	242
22481800000000 22481900000249 	19400058168 56736166229 2213621 	19397844547 2213621 0 0 0 	65618534 2213621 0 	464.95 	3 	242
22507400000000 22507500000249 	19600058666 57322120285 2226550 	19597832116 2226550 0 0 0 	66004489 2226550 0 	464.67 	3 	242
22533000000000 22533100000249 	19800059164 57908033197 2239492 	19797819672 2239492 0 0 0 	66399238 2239492 0 	464.395 	3 	242
22558600000000 22558700000249 	20000059662 58493959145 2252100 	19997807562 2252100 0 0 0 	66772606 2252100 0 	464.127 	3 	242
22584200000000 22584300000088 	20200059838 59079987138 2264497 	20197795341 2264497 0 0 0 	67142540 2264497 0 	463.831 	3 	242
22609800000000 22609900000088 	20400060014 59666003739 2276745 	20397783269 2276745 0 0 0 	67508419 2276745 0 	463.541 	3 	242
22635400000000 22635500000088 	20600060190 60252006690 2289242 	20597770948 2289242 0 0 0 	67872540 2289242 0 	463.256 	3 	242
22661000000000 22661100000088 	20800060366 60838118994 2301266 	20797759100 2301266 0 0 0 	68230941 2301266 0 	462.978 	3 	242
22686600000000 22686700000088 	21000060542 61424126024 2313345 	20997747197 2313345 0 0 0 	68587381 2313345 0 	462.706 	3 	242
22712200000000 22712300000088 	21200060718 62010185808 2325135 	21197735583 2325135 0 0 0 	68935973 2325135 0 	462.438 	3 	242
22737800000000 22737900000110 	21400060938 62596295448 2336894 	21397724044 2336894 0 0 0 	69286948 2336894 0 	462.155 	3 	242
22763400000000 22763500000110 	21600061158 63182452830 2348406 	21597712752 2348406 0 0 0 	69629276 2348406 0 	461.878 	3 	242
22789000000000 22789100000110 	21800061378 63768572219 2359805 	21797701573 2359805 0 0 0 	69966326 2359805 0 	461.606 	3 	242
22814600000000 22814700000110 	22000061598 64354778461 2371126 	21997690472 2371126 0 0 0 	70298678 2371126 0 	461.339 	3 	242
22840200000000 22840300000110 	22200061818 64941017349 2382282 	22197679536 2382282 0 0 0 	70628962 2382282 0 	461.077 	3 	242
22865800000000 22865900000110 	22400062038 65527210003 2393398 	22397668640 2393398 0 0 0 	70962718 2393398 0 	460.821 	3 	242
22891400000000 22891500000189 	22600062416 66113468102 2404431 	22597657985 2404431 0 0 0 	71288297 2404431 0 	460.539 	3 	242
22917000000000 22917100000189 	22800062794 66699717260 2415124 	22797647670 2415124 0 0 0 	71604969 2415124 0 	460.262 	3 	242
22942600000000 22942700000189 	23000063172 67285960509 2425697 	22997637475 2425697 0 0 0 	71915889 2425697 0 	459.99 	3 	242
22968200000000 22968300000189 	23200063550 67872265161 2436243 	23197627307 2436243 0 0 0 	72229058 2436243 0 	459.724 	3 	242
22993800000000 22993900000189 	23400063928 68458542404 2446746 	23397617182 2446746 0 0 0 	72541654 2446746 0 	459.462 	3 	242
23019400000000 23019500000189 	23600064306 69044886050 2456982 	23597607324 2456982 0 0 0 	72843323 2456982 0 	459.205 	3 	242
23045000000000 23045100000060 	23800064426 69631303619 2467323 	23797597103 2467323 0 0 0 	73151191 2467323 0 	458.924 	3 	242
23070600000000 23070700000060 	24000064546 70217730487 2477580 	23997586966 2477580 0 0 0 	73457637 2477580 0 	458.648 	3 	242
23096200000000 23096300000060 	24200064666 70804093637 2487571 	24197577095 2487571 0 0 0 	73757870 2487571 0 	458.377 	3 	242
23121800000000 23121900000060 	24400064786 71390483042 2497588 	24397567198 2497588 0 0 0 	74055603 2497588 0 	458.11 	3 	242
23147400000000 23147500000060 	24600064906 71976966027 2507460 	24597557446 2507460 0 0 0 	74348755 2507460 0 	457.848 	3 	242
23173000000000 23173100000060 	24800065026 72563511320 2517440 	24797547586 2517440 0 0 0 	74643838 2517440 0 	457.591 	3 	242
23198600000000 23198700000375 	25000065776 73149994409 2527072 	24997538704 2527072 0 0 0 	74929574 2527072 0 	457.31 	3 	242
23224200000000 23224300000375 	25200066526 73736502075 2536641 	25197529885 2536641 0 0 0 	75214184 2536641 0 	457.035 	3 	242
23249800000000 23249900000375 	25400067276 74322972783 2545998 	25397521278 2545998 0 0 0 	75491625 2545998 0 	456.763 	3 	242
23275400000000 23275500000375 	25600068026 74909507665 2555295 	25597512731 2555295 0 0 0 	75771573 2555295 0 	456.497 	3 	242
23301000000000 23301100000375 	25800068776 75496089208 2564575 	25797504201 2564575 0 0 0 	76049311 2564575 0 	456.235 	3 	242
23326600000000 23326700000375 	26000069526 76082699431 2573781 	25997495745 2573781 0 0 0 	76322907 2573781 0 	455.977 	3 	242
23352200000000 23352300000074 	26200069674 76669336889 2582725 	26197486949 2582725 0 0 0 	76591792 2582725 0 	455.697 	3 	242
23377800000000 23377900000074 	26400069822 77256028940 2591679 	26397478143 2591679 0 0 0 	76857046 2591679 0 	455.421 	3 	242
23403400000000 23403500000074 	26600069970 77842700403 2600418 	26597469552 2600418 0 0 0 	77119138 2600418 0 	455.15 	3 	242
23429000000000 23429100000074 	26800070118 78429311366 2609140 	26797460978 2609140 0 0 0 	77380036 2609140 0 	454.884 	3 	242
23454600000000 23454700000074 	27000070266 79015945659 2617876 	26997452390 2617876 0 0 0 	77637542 2617876 0 	454.621 	3 	242
23480200000000 23480300000074 	27200070414 79602654097 2626385 	27197444029 2626385 0 0 0 	77893372 2626385 0 	454.363 	3 	242
23505800000000 23505900000320 	27400071054 80189397459 2634951 	27397436103 2634951 0 0 0 	78152400 2634951 0 	454.092 	3 	242
23531400000000 23531500000320 	27600071694 80776136210 2643268 	27597428426 2643268 0 0 0 	78398861 2643268 0 	453.825 	3 	242
23557000000000 23557100000320 	27800072334 81362898674 2651566 	27797420768 2651566 0 0 0 	78644154 2651566 0 	453.562 	3 	242
23582600000000 23582700000320 	28000072974 81949663620 2659784 	27997413190 2659784 0 0 0 	78889651 2659784 0 	453.303 	3 	242
23608200000000 23608300000320 	28200073614 82536492197 2667877 	28197405737 2667877 0 0 0 	79128595 2667877 0 	453.049 	3 	242
23633800000000 23633900000320 	28400074254 83123397112 2675985 	28397398269 2675985 0 0 0 	79370991 2675985 0 	452.798 	3 	242
23659400000000 23659500000353 	28600074960 83710241294 2683736 	28597391224 2683736 0 0 0 	79599443 2683736 0 	452.526 	3 	242
23685000000000 23685100000353 	28800075666 84297097758 2691698 	28797383968 2691698 0 0 0 	79833964 2691698 0 	452.258 	3 	242
23710600000000 23710700000353 	29000076372 84884008977 2699441 	28997376931 2699441 0 0 0 	80066341 2699441 0 	451.995 	3 	242
23736200000000 23736300000353 	29200077078 85470919133 2707168 	29197369910 2707168 0 0 0 	80295970 2707168 0 	451.735 	3 	242
23761800000000 23761900000353 	29400077784 86057842612 2714695 	29397363089 2714695 0 0 0 	80519682 2714695 0 	451.479 	3 	242
23787400000000 23787500000353 	29600078490 86644829969 2722240 	29597356250 2722240 0 0 0 	80747115 2722240 0 	451.227 	3 	242
23813000000000 23813100000044 	29800078578 87231778320 2729679 	29797348899 2729679 0 0 0 	80966189 2729679 0 	450.955 	3 	242
23838600000000 23838700000044 	30000078666 87818771355 2737138 	29997341528 2737138 0 0 0 	81193833 2737138 0 	450.687 	3 	242
23864200000000 23864300000044 	30200078754 88405742705 2744358 	30197334396 2744358 0 0 0 	81411341 2744358 0 	450.423 	3 	242
