30000800000000 30000900000048 	200000096 591672382 41885 	199958211 41885 0 0 0 	1265447 41885 0 	496 	3 	8
30026400000000 30026500000476 	400001048 1183223953 83260 	399917788 83260 0 0 0 	2487231 83260 0 	493.992 	3 	8
30052000000000 30052100000476 	600002000 1774958210 124065 	599877935 124065 0 0 0 	3717264 124065 0 	493.326 	3 	8
30077600000000 30077700000476 	800002952 2366641615 165020 	799837932 165020 0 0 0 	4950769 165020 0 	492.994 	3 	8
30103200000000 30103300000476 	1000003904 2958376110 205832 	999798072 205832 0 0 0 	6180431 205832 0 	492.795 	3 	8
30128800000000 30128900000476 	1200004856 3550128636 246235 	1199758621 246235 0 0 0 	7389554 246235 0 	492.662 	3 	8
30154400000000 30154500000476 	1400005808 4141759799 285992 	1399719816 285992 0 0 0 	8573777 285992 0 	492.567 	3 	8
30180000000000 30180100000476 	1600006760 4733587353 325495 	1599681265 325495 0 0 0 	9767644 325495 0 	492.496 	3 	8
30205600000000 30205700000476 	1800007712 5325314818 364713 	1799642999 364713 0 0 0 	10947726 364713 0 	492.441 	3 	8
30231200000000 30231300000011 	2000007734 5917080778 403735 	1999603999 403735 0 0 0 	12111219 403735 0 	492.095 	3 	8
30256800000000 30256900000011 	2200007756 6508867924 442476 	2199565280 442476 0 0 0 	13263227 442476 0 	491.812 	3 	8
30282400000000 30282500000011 	2400007778 7100676788 481025 	2399526753 481025 0 0 0 	14420396 481025 0 	491.576 	3 	8
30308000000000 30308100000011 	2600007800 7692448174 519139 	2599488661 519139 0 0 0 	15558102 519139 0 	491.377 	3 	8
30333600000000 30333700000011 	2800007822 8284295539 557521 	2799450301 557521 0 0 0 	16711810 557521 0 	491.207 	3 	8
30359200000000 30359300000011 	3000007844 8876204200 595259 	2999412585 595259 0 0 0 	17847805 595259 0 	491.059 	3 	8
30384800000000 30384900000011 	3200007866 9468012340 632679 	3199375187 632679 0 0 0 	18971304 632679 0 	490.93 	3 	8
30410400000000 30410500000011 	3400007888 10059922368 670262 	3399337626 670262 0 0 0 	20104559 670262 0 	490.816 	3 	8
30436000000000 30436100000011 	3600007910 10651791907 707772 	3599300138 707772 0 0 0 	21238359 707772 0 	490.715 	3 	8
30461600000000 30461700000210 	3800008330 11243702853 744339 	3799263991 744339 0 0 0 	22333570 744339 0 	490.41 	3 	8
30487200000000 30487300000210 	4000008750 11835606025 780678 	3999228072 780678 0 0 0 	23430259 780678 0 	490.137 	3 	8
30512800000000 30512900000210 	4200009170 12427561514 816640 	4199192530 816640 0 0 0 	24519485 816640 0 	489.89 	3 	8
30538400000000 30538500000210 	4400009590 13019471847 852429 	4399157161 852429 0 0 0 	25600686 852429 0 	489.666 	3 	8
30564000000000 30564100000210 	4600010010 13611436681 887990 	4599122020 887990 0 0 0 	26661052 887990 0 	489.461 	3 	8
30589600000000 30589700000210 	4800010430 14203348732 923492 	4799086938 923492 0 0 0 	27724742 923492 0 	489.273 	3 	8
30615200000000 30615300000210 	5000010850 14795298341 958760 	4999052090 958760 0 0 0 	28781925 958760 0 	489.101 	3 	8
30640800000000 30640900000210 	5200011270 15387294726 993683 	5199017587 993683 0 0 0 	29835537 993683 0 	488.942 	3 	8
30666400000000 30666500000210 	5400011690 15979333182 1028324 	5398983366 1028324 0 0 0 	30890733 1028324 0 	488.795 	3 	8
30692000000000 30692100000381 	5600012452 16571334479 1062822 	5598949630 1062822 0 0 0 	31933381 1062822 0 	488.512 	3 	8
30717600000000 30717700000381 	5800013214 17163385779 1097050 	5798916164 1097050 0 0 0 	32961263 1097050 0 	488.249 	3 	8
30743200000000 30743300000381 	6000013976 17755457588 1130766 	5998883210 1130766 0 0 0 	33974792 1130766 0 	488.004 	3 	8
30768800000000 30768900000381 	6200014738 18347516739 1164566 	6198850172 1164566 0 0 0 	34990321 1164566 0 	487.775 	3 	8
30794400000000 30794500000381 	6400015500 18939608857 1197957 	6398817543 1197957 0 0 0 	35998510 1197957 0 	487.56 	3 	8
30820000000000 30820100000381 	6600016262 19531737689 1231327 	6598784935 1231327 0 0 0 	36999272 1231327 0 	487.359 	3 	8
30845600000000 30845700000381 	6800017024 20123890636 1264235 	6798752789 1264235 0 0 0 	37988765 1264235 0 	487.169 	3 	8
30871200000000 30871300000381 	7000017786 20716064154 1296892 	6998720894 1296892 0 0 0 	38975347 1296892 0 	486.991 	3 	8
30896800000000 30896900000381 	7200018548 21308149990 1329194 	7198689354 1329194 0 0 0 	39942768 1329194 0 	486.823 	3 	8
30922400000000 30922500000468 	7400019484 21900305196 1361681 	7398657803 1361681 0 0 0 	40924387 1361681 0 	486.58 	3 	8
30948000000000 30948100000468 	7600020420 22492474183 1393878 	7598626542 1393878 0 0 0 	41904650 1393878 0 	486.35 	3 	8
30973600000000 30973700000468 	7800021356 23084690577 1426012 	7798595344 1426012 0 0 0 	42866126 1426012 0 	486.132 	3 	8
30999200000000 30999300000468 	8000022292 23676843587 1458107 	7998564185 1458107 0 0 0 	43837557 1458107 0 	485.926 	3 	8
31024800000000 31024900000468 	8200023228 24269041298 1489584 	8198533644 1489584 0 0 0 	44779373 1489584 0 	485.729 	3 	8
31050400000000 31050500000468 	8400024164 24861266110 1520836 	8398503328 1520836 0 0 0 	45724451 1520836 0 	485.542 	3 	8
31076000000000 31076100000468 	8600025100 25453483286 1551635 	8598473465 1551635 0 0 0 	46649771 1551635 0 	485.364 	3 	8
31101600000000 31101700000468 	8800026036 26045706992 1582745 	8798443291 1582745 0 0 0 	47589812 1582745 0 	485.194 	3 	8
31127200000000 31127300000468 	9000026972 26637965716 1613043 	8998413929 1613043 0 0 0 	48498999 1613043 0 	485.032 	3 	8
31152800000000 31152900000254 	9200027480 27230226887 1643400 	9198384080 1643400 0 0 0 	49410986 1643400 0 	484.787 	3 	8
31178400000000 31178500000254 	9400027988 27822512407 1673517 	9398354471 1673517 0 0 0 	50327748 1673517 0 	484.552 	3 	8
31204000000000 31204100000254 	9600028496 28414817591 1703364 	9598325132 1703364 0 0 0 	51218089 1703364 0 	484.328 	3 	8
31229600000000 31229700000254 	9800029004 29007139063 1733206 	9798295798 1733206 0 0 0 	52116955 1733206 0 	484.112 	3 	8
31255200000000 31255300000254 	10000029512 29599461155 1762728 	9998266784 1762728 0 0 0 	53008228 1762728 0 	483.906 	3 	8
31280800000000 31280900000254 	10200030020 30191850112 1791847 	10198238173 1791847 0 0 0 	53887117 1791847 0 	483.708 	3 	8
31306400000000 31306500000254 	10400030528 30784189568 1821002 	10398209526 1821002 0 0 0 	54765476 1821002 0 	483.517 	3 	8
31332000000000 31332100000254 	10600031036 31376553955 1849772 	10598181264 1849772 0 0 0 	55631781 1849772 0 	483.334 	3 	8
31357600000000 31357700000254 	10800031544 31968949321 1878446 	10798153098 1878446 0 0 0 	56491706 1878446 0 	483.158 	3 	8
31383200000000 31383300000365 	11000032274 32561382609 1906950 	10998125324 1906950 0 0 0 	57343247 1906950 0 	482.931 	3 	8
31408800000000 31408900000365 	11200033004 33153748067 1935042 	11198097962 1935042 0 0 0 	58185073 1935042 0 	482.713 	3 	8
31434400000000 31434500000365 	11400033734 33746197396 1963007 	11398070727 1963007 0 0 0 	59030514 1963007 0 	482.502 	3 	8
31460000000000 31460100000365 	11600034464 34338637445 1990762 	11598043702 1990762 0 0 0 	59873264 1990762 0 	482.299 	3 	8
31485600000000 31485700000365 	11800035194 34931132164 2018153 	11798017041 2018153 0 0 0 	60695992 2018153 0 	482.103 	3 	8
31511200000000 31511300000365 	12000035924 35523586412 2045580 	11997990344 2045580 0 0 0 	61522228 2045580 0 	481.914 	3 	8
31536800000000 31536900000365 	12200036654 36116069705 2072893 	12197963761 2072893 0 0 0 	62346164 2072893 0 	481.731 	3 	8
31562400000000 31562500000365 	12400037384 36708550021 2099798 	12397937586 2099798 0 0 0 	63150909 2099798 0 	481.554 	3 	8
31588000000000 31588100000365 	12600038114 37301054456 2126868 	12597911246 2126868 0 0 0 	63971797 2126868 0 	481.383 	3 	8
31613600000000 31613700000368 	12800038850 37893546839 2153427 	12797885423 2153427 0 0 0 	64758839 2153427 0 	481.168 	3 	8
31639200000000 31639300000368 	13000039586 38486110438 2179901 	12997859685 2179901 0 0 0 	65542918 2179901 0 	480.96 	3 	8
31664800000000 31664900000368 	13200040322 39078632043 2206084 	13197834238 2206084 0 0 0 	66339615 2206084 0 	480.758 	3 	8
31690400000000 31690500000368 	13400041058 39671220150 2232293 	13397808765 2232293 0 0 0 	67124669 2232293 0 	480.562 	3 	8
31716000000000 31716100000368 	13600041794 40263778090 2258087 	13597783707 2258087 0 0 0 	67897260 2258087 0 	480.373 	3 	8
31741600000000 31741700000368 	13800042530 40856361719 2283963 	13797758567 2283963 0 0 0 	68675144 2283963 0 	480.189 	3 	8
31767200000000 31767300000368 	14000043266 41448996794 2309531 	13997733735 2309531 0 0 0 	69437443 2309531 0 	480.01 	3 	8
31792800000000 31792900000368 	14200044002 42041661386 2335020 	14197708982 2335020 0 0 0 	70204220 2335020 0 	479.837 	3 	8
31818400000000 31818500000368 	14400044738 42634304586 2359855 	14397684883 2359855 0 0 0 	70955852 2359855 0 	479.668 	3 	8
31844000000000 31844100000352 	14600045442 43226931589 2384898 	14597660544 2384898 0 0 0 	71711310 2384898 0 	479.446 	3 	8
31869600000000 31869700000352 	14800046146 43819580675 2410017 	14797636129 2410017 0 0 0 	72464646 2410017 0 	479.231 	3 	8
