30000900000000 30001000000048 	200000096 591648959 42126 	199957970 42126 0 0 0 	1265485 42126 0 	496 	3 	9
30026500000000 30026600000476 	400001048 1183320171 83383 	399917665 83383 0 0 0 	2508839 83383 0 	493.992 	3 	9
30052100000000 30052200000476 	600002000 1775027306 124541 	599877459 124541 0 0 0 	3751623 124541 0 	493.326 	3 	9
30077700000000 30077800000476 	800002952 2366678500 165279 	799837673 165279 0 0 0 	4964103 165279 0 	492.994 	3 	9
30103300000000 30103400000476 	1000003904 2958306217 205397 	999798507 205397 0 0 0 	6160752 205397 0 	492.795 	3 	9
30128900000000 30129000000476 	1200004856 3549999828 245381 	1199759475 245381 0 0 0 	7357522 245381 0 	492.662 	3 	9
30154500000000 30154600000476 	1400005808 4141796507 285464 	1399720344 285464 0 0 0 	8562792 285464 0 	492.567 	3 	9
30180100000000 30180200000476 	1600006760 4733572605 325188 	1599681572 325188 0 0 0 	9759207 325188 0 	492.496 	3 	9
30205700000000 30205800000476 	1800007712 5325355818 364506 	1799643206 364506 0 0 0 	10941440 364506 0 	492.441 	3 	9
30231300000000 30231400000011 	2000007734 5917141557 403815 	1999603919 403815 0 0 0 	12125152 403815 0 	492.095 	3 	9
30256900000000 30257000000011 	2200007756 6508921260 442317 	2199565439 442317 0 0 0 	13283924 442317 0 	491.812 	3 	9
30282500000000 30282600000011 	2400007778 7100720421 480767 	2399527011 480767 0 0 0 	14448235 480767 0 	491.576 	3 	9
30308100000000 30308200000011 	2600007800 7692550226 519155 	2599488645 519155 0 0 0 	15600743 519155 0 	491.377 	3 	9
30333700000000 30333800000011 	2800007822 8284382343 557330 	2799450492 557330 0 0 0 	16749126 557330 0 	491.207 	3 	9
30359300000000 30359400000011 	3000007844 8876257018 594776 	2999413068 594776 0 0 0 	17871473 594776 0 	491.059 	3 	9
30384900000000 30385000000011 	3200007866 9468094122 632309 	3199375557 632309 0 0 0 	19001456 632309 0 	490.93 	3 	9
30410500000000 30410600000011 	3400007888 10059978636 669261 	3399338627 669261 0 0 0 	20111551 669261 0 	490.816 	3 	9
30436100000000 30436200000011 	3600007910 10651910332 706143 	3599301767 706143 0 0 0 	21221853 706143 0 	490.715 	3 	9
30461700000000 30461800000210 	3800008330 11243779418 742451 	3799265879 742451 0 0 0 	22317943 742451 0 	490.41 	3 	9
30487300000000 30487400000210 	4000008750 11835723396 778911 	3999229839 778911 0 0 0 	23424199 778911 0 	490.137 	3 	9
30512900000000 30513000000210 	4200009170 12427618167 815004 	4199194166 815004 0 0 0 	24500680 815004 0 	489.89 	3 	9
30538500000000 30538600000210 	4400009590 13019576947 851069 	4399158521 851069 0 0 0 	25583631 851069 0 	489.666 	3 	9
30564100000000 30564200000210 	4600010010 13611534070 886551 	4599123459 886551 0 0 0 	26657254 886551 0 	489.461 	3 	9
30589700000000 30589800000210 	4800010430 14203517950 921856 	4799088574 921856 0 0 0 	27722951 921856 0 	489.273 	3 	9
30615300000000 30615400000210 	5000010850 14795544899 957084 	4999053766 957084 0 0 0 	28776196 957084 0 	489.101 	3 	9
30640900000000 30641000000210 	5200011270 15387565549 992194 	5199019076 992194 0 0 0 	29823026 992194 0 	488.942 	3 	9
30666500000000 30666600000210 	5400011690 15979517698 1026939 	5398984751 1026939 0 0 0 	30867061 1026939 0 	488.795 	3 	9
30692100000000 30692200000381 	5600012452 16571562523 1061517 	5598950935 1061517 0 0 0 	31910174 1061517 0 	488.512 	3 	9
30717700000000 30717800000381 	5800013214 17163523053 1095473 	5798917741 1095473 0 0 0 	32916209 1095473 0 	488.249 	3 	9
30743300000000 30743400000381 	6000013976 17755546383 1129406 	5998884570 1129406 0 0 0 	33935818 1129406 0 	488.004 	3 	9
30768900000000 30769000000381 	6200014738 18347636728 1163195 	6198851543 1163195 0 0 0 	34951532 1163195 0 	487.775 	3 	9
30794500000000 30794600000381 	6400015500 18939720675 1196903 	6398818597 1196903 0 0 0 	35965467 1196903 0 	487.56 	3 	9
30820100000000 30820200000381 	6600016262 19531810913 1229908 	6598786354 1229908 0 0 0 	36955256 1229908 0 	487.359 	3 	9
30845700000000 30845800000381 	6800017024 20123906857 1262969 	6798754055 1262969 0 0 0 	37939793 1262969 0 	487.169 	3 	9
30871300000000 30871400000381 	7000017786 20716011432 1295837 	6998721949 1295837 0 0 0 	38929033 1295837 0 	486.991 	3 	9
30896900000000 30897000000381 	7200018548 21308185302 1328332 	7198690216 1328332 0 0 0 	39903059 1328332 0 	486.823 	3 	9
30922500000000 30922600000468 	7400019484 21900343256 1360672 	7398658812 1360672 0 0 0 	40874173 1360672 0 	486.58 	3 	9
30948100000000 30948200000468 	7600020420 22492540364 1392985 	7598627435 1392985 0 0 0 	41846283 1392985 0 	486.35 	3 	9
30973700000000 30973800000468 	7800021356 23084731141 1425023 	7798596333 1425023 0 0 0 	42807119 1425023 0 	486.132 	3 	9
30999300000000 30999400000468 	8000022292 23676974778 1456627 	7998565665 1456627 0 0 0 	43760603 1456627 0 	485.926 	3 	9
31024900000000 31025000000468 	8200023228 24269168857 1487849 	8198535379 1487849 0 0 0 	44697515 1487849 0 	485.729 	3 	9
31050500000000 31050600000468 	8400024164 24861423102 1518928 	8398505236 1518928 0 0 0 	45629481 1518928 0 	485.542 	3 	9
31076100000000 31076200000468 	8600025100 25453625014 1550244 	8598474856 1550244 0 0 0 	46571221 1550244 0 	485.364 	3 	9
31101700000000 31101800000468 	8800026036 26045852600 1581134 	8798444902 1581134 0 0 0 	47494516 1581134 0 	485.194 	3 	9
31127300000000 31127400000468 	9000026972 26638120578 1611638 	8998415334 1611638 0 0 0 	48405239 1611638 0 	485.032 	3 	9
31152900000000 31153000000254 	9200027480 27230420002 1641975 	9198385505 1641975 0 0 0 	49320086 1641975 0 	484.787 	3 	9
31178500000000 31178600000254 	9400027988 27822741506 1671941 	9398356047 1671941 0 0 0 	50218139 1671941 0 	484.552 	3 	9
31204100000000 31204200000254 	9600028496 28415044239 1701677 	9598326819 1701677 0 0 0 	51112137 1701677 0 	484.328 	3 	9
31229700000000 31229800000254 	9800029004 29007372907 1731372 	9798297632 1731372 0 0 0 	52012635 1731372 0 	484.112 	3 	9
31255300000000 31255400000254 	10000029512 29599744956 1760883 	9998268629 1760883 0 0 0 	52891294 1760883 0 	483.906 	3 	9
31280900000000 31281000000254 	10200030020 30192066595 1789964 	10198240056 1789964 0 0 0 	53758934 1789964 0 	483.708 	3 	9
31306500000000 31306600000254 	10400030528 30784481012 1819175 	10398211353 1819175 0 0 0 	54626370 1819175 0 	483.517 	3 	9
31332100000000 31332200000254 	10600031036 31376853872 1848389 	10598182647 1848389 0 0 0 	55507143 1848389 0 	483.334 	3 	9
31357700000000 31357800000254 	10800031544 31969272498 1877332 	10798154212 1877332 0 0 0 	56378710 1877332 0 	483.158 	3 	9
31383300000000 31383400000365 	11000032274 32561698385 1905974 	10998126300 1905974 0 0 0 	57242747 1905974 0 	482.931 	3 	9
31408900000000 31409000000365 	11200033004 33154122472 1934247 	11198098757 1934247 0 0 0 	58094287 1934247 0 	482.713 	3 	9
31434500000000 31434600000365 	11400033734 33746594746 1962574 	11398071160 1962574 0 0 0 	58954760 1962574 0 	482.502 	3 	9
31460100000000 31460200000365 	11600034464 34338986777 1990579 	11598043885 1990579 0 0 0 	59802622 1990579 0 	482.299 	3 	9
31485700000000 31485800000365 	11800035194 34931436844 2018142 	11798017052 2018142 0 0 0 	60635452 2018142 0 	482.103 	3 	9
31511300000000 31511400000365 	12000035924 35523928038 2045450 	11997990474 2045450 0 0 0 	61453929 2045450 0 	481.914 	3 	9
31536900000000 31537000000365 	12200036654 36116386175 2072354 	12197964300 2072354 0 0 0 	62269934 2072354 0 	481.731 	3 	9
31562500000000 31562600000365 	12400037384 36708876066 2099255 	12397938129 2099255 0 0 0 	63081815 2099255 0 	481.554 	3 	9
31588100000000 31588200000365 	12600038114 37301406539 2126571 	12597911543 2126571 0 0 0 	63916064 2126571 0 	481.383 	3 	9
31613700000000 31613800000368 	12800038850 37893948367 2153361 	12797885489 2153361 0 0 0 	64719113 2153361 0 	481.168 	3 	9
31639300000000 31639400000368 	13000039586 38486493184 2179726 	12997859860 2179726 0 0 0 	65520717 2179726 0 	480.96 	3 	9
31664900000000 31665000000368 	13200040322 39079057652 2205927 	13197834395 2205927 0 0 0 	66309458 2205927 0 	480.758 	3 	9
31690500000000 31690600000368 	13400041058 39671565622 2231991 	13397809067 2231991 0 0 0 	67095813 2231991 0 	480.562 	3 	9
31716100000000 31716200000368 	13600041794 40264129099 2258128 	13597783666 2258128 0 0 0 	67888176 2258128 0 	480.373 	3 	9
31741700000000 31741800000368 	13800042530 40856740326 2283896 	13797758634 2283896 0 0 0 	68666802 2283896 0 	480.189 	3 	9
31767300000000 31767400000368 	14000043266 41449333715 2309616 	13997733650 2309616 0 0 0 	69430076 2309616 0 	480.01 	3 	9
31792900000000 31793000000368 	14200044002 42041941452 2334867 	14197709135 2334867 0 0 0 	70189096 2334867 0 	479.837 	3 	9
31818500000000 31818600000368 	14400044738 42634546012 2359854 	14397684884 2359854 0 0 0 	70943602 2359854 0 	479.668 	3 	9
31844100000000 31844200000352 	14600045442 43227169251 2384784 	14597660658 2384784 0 0 0 	71690701 2384784 0 	479.446 	3 	9
31869700000000 31869800000352 	14800046146 43819791910 2409536 	14797636610 2409536 0 0 0 	72429095 2409536 0 	479.231 	3 	9
