30001000000000 30001100000048 	200000096 591669348 41674 	199958422 41674 0 0 0 	1251742 41674 0 	496 	3 	10
30026600000000 30026700000476 	400001048 1183325664 83111 	399917937 83111 0 0 0 	2490530 83111 0 	493.992 	3 	10
30052200000000 30052300000476 	600002000 1774988660 124362 	599877638 124362 0 0 0 	3733706 124362 0 	493.326 	3 	10
30077800000000 30077900000476 	800002952 2366733457 165040 	799837912 165040 0 0 0 	4961960 165040 0 	492.994 	3 	10
30103400000000 30103500000476 	1000003904 2958433561 205253 	999798651 205253 0 0 0 	6158162 205253 0 	492.795 	3 	10
30129000000000 30129100000476 	1200004856 3550215715 245741 	1199759115 245741 0 0 0 	7378686 245741 0 	492.662 	3 	10
30154600000000 30154700000476 	1400005808 4141924182 285772 	1399720036 285772 0 0 0 	8581385 285772 0 	492.567 	3 	10
30180200000000 30180300000476 	1600006760 4733673476 325226 	1599681534 325226 0 0 0 	9774930 325226 0 	492.496 	3 	10
30205800000000 30205900000476 	1800007712 5325438360 364940 	1799642772 364940 0 0 0 	10979230 364940 0 	492.441 	3 	10
30231400000000 30231500000011 	2000007734 5917231367 404196 	1999603538 404196 0 0 0 	12161570 404196 0 	492.095 	3 	10
30257000000000 30257100000011 	2200007756 6509053976 442989 	2199564767 442989 0 0 0 	13327088 442989 0 	491.812 	3 	10
30282600000000 30282700000011 	2400007778 7100815927 481521 	2399526257 481521 0 0 0 	14479439 481521 0 	491.576 	3 	10
30308200000000 30308300000011 	2600007800 7692645570 519692 	2599488108 519692 0 0 0 	15627325 519692 0 	491.377 	3 	10
30333800000000 30333900000011 	2800007822 8284473821 557823 	2799449999 557823 0 0 0 	16770666 557823 0 	491.207 	3 	10
30359400000000 30359500000011 	3000007844 8876322365 595440 	2999412404 595440 0 0 0 	17892597 595440 0 	491.059 	3 	10
30385000000000 30385100000011 	3200007866 9468195542 632838 	3199375028 632838 0 0 0 	19022326 632838 0 	490.93 	3 	10
30410600000000 30410700000011 	3400007888 10060042197 669701 	3399338187 669701 0 0 0 	20132683 669701 0 	490.816 	3 	10
30436200000000 30436300000011 	3600007910 10651916082 706626 	3599301284 706626 0 0 0 	21237987 706626 0 	490.715 	3 	10
30461800000000 30461900000210 	3800008330 11243807146 743267 	3799265063 743267 0 0 0 	22342263 743267 0 	490.41 	3 	10
30487400000000 30487500000210 	4000008750 11835729526 779756 	3999228994 779756 0 0 0 	23445030 779756 0 	490.137 	3 	10
30513000000000 30513100000210 	4200009170 12427687448 815949 	4199193221 815949 0 0 0 	24530570 815949 0 	489.89 	3 	10
30538600000000 30538700000210 	4400009590 13019585933 852096 	4399157494 852096 0 0 0 	25618626 852096 0 	489.666 	3 	10
30564200000000 30564300000210 	4600010010 13611533919 887636 	4599122374 887636 0 0 0 	26685083 887636 0 	489.461 	3 	10
30589800000000 30589900000210 	4800010430 14203489021 923258 	4799087172 923258 0 0 0 	27755378 923258 0 	489.273 	3 	10
30615400000000 30615500000210 	5000010850 14795485872 958503 	4999052347 958503 0 0 0 	28819465 958503 0 	489.101 	3 	10
30641000000000 30641100000210 	5200011270 15387497019 993159 	5199018111 993159 0 0 0 	29855656 993159 0 	488.942 	3 	10
30666600000000 30666700000210 	5400011690 15979501185 1027661 	5398984029 1027661 0 0 0 	30897017 1027661 0 	488.795 	3 	10
30692200000000 30692300000381 	5600012452 16571532073 1062285 	5598950167 1062285 0 0 0 	31942470 1062285 0 	488.512 	3 	10
30717800000000 30717900000381 	5800013214 17163592000 1096777 	5798916437 1096777 0 0 0 	32979959 1096777 0 	488.249 	3 	10
30743400000000 30743500000381 	6000013976 17755602141 1130473 	5998883503 1130473 0 0 0 	33992357 1130473 0 	488.004 	3 	10
30769000000000 30769100000381 	6200014738 18347712478 1164085 	6198850653 1164085 0 0 0 	35004425 1164085 0 	487.775 	3 	10
30794600000000 30794700000381 	6400015500 18939724979 1197498 	6398818002 1197498 0 0 0 	36006799 1197498 0 	487.56 	3 	10
30820200000000 30820300000381 	6600016262 19531830722 1231180 	6598785082 1231180 0 0 0 	37009810 1231180 0 	487.359 	3 	10
30845800000000 30845900000381 	6800017024 20123970141 1264061 	6798752963 1264061 0 0 0 	38003620 1264061 0 	487.169 	3 	10
30871400000000 30871500000381 	7000017786 20716084480 1296805 	6998720981 1296805 0 0 0 	38986097 1296805 0 	486.991 	3 	10
30897000000000 30897100000381 	7200018548 21308204447 1329416 	7198689132 1329416 0 0 0 	39958314 1329416 0 	486.823 	3 	10
30922600000000 30922700000468 	7400019484 21900375033 1361707 	7398657777 1361707 0 0 0 	40930667 1361707 0 	486.58 	3 	10
30948200000000 30948300000468 	7600020420 22492505204 1393711 	7598626709 1393711 0 0 0 	41894489 1393711 0 	486.35 	3 	10
30973800000000 30973900000468 	7800021356 23084688525 1425713 	7798595643 1425713 0 0 0 	42846593 1425713 0 	486.132 	3 	10
30999400000000 30999500000468 	8000022292 23676823218 1457354 	7998564938 1457354 0 0 0 	43797510 1457354 0 	485.926 	3 	10
31025000000000 31025100000468 	8200023228 24269053684 1488344 	8198534884 1488344 0 0 0 	44732249 1488344 0 	485.729 	3 	10
31050600000000 31050700000468 	8400024164 24861382263 1519558 	8398504606 1519558 0 0 0 	45684593 1519558 0 	485.542 	3 	10
31076200000000 31076300000468 	8600025100 25453648620 1550826 	8598474274 1550826 0 0 0 	46624886 1550826 0 	485.364 	3 	10
31101800000000 31101900000468 	8800026036 26045867357 1581833 	8798444203 1581833 0 0 0 	47560017 1581833 0 	485.194 	3 	10
31127400000000 31127500000468 	9000026972 26638120191 1612279 	8998414693 1612279 0 0 0 	48475736 1612279 0 	485.032 	3 	10
31153000000000 31153100000254 	9200027480 27230445141 1642712 	9198384768 1642712 0 0 0 	49380533 1642712 0 	484.787 	3 	10
31178600000000 31178700000254 	9400027988 27822691823 1673080 	9398354908 1673080 0 0 0 	50298865 1673080 0 	484.552 	3 	10
31204200000000 31204300000254 	9600028496 28414949719 1702823 	9598325673 1702823 0 0 0 	51192380 1702823 0 	484.328 	3 	10
31229800000000 31229900000254 	9800029004 29007233316 1732487 	9798296517 1732487 0 0 0 	52080677 1732487 0 	484.112 	3 	10
31255400000000 31255500000254 	10000029512 29599532166 1762064 	9998267448 1762064 0 0 0 	52972271 1762064 0 	483.906 	3 	10
31281000000000 31281100000254 	10200030020 30191891089 1791182 	10198238838 1791182 0 0 0 	53843445 1791182 0 	483.708 	3 	10
31306600000000 31306700000254 	10400030528 30784268862 1819984 	10398210544 1819984 0 0 0 	54708691 1819984 0 	483.517 	3 	10
31332200000000 31332300000254 	10600031036 31376631113 1848867 	10598182169 1848867 0 0 0 	55570090 1848867 0 	483.334 	3 	10
31357800000000 31357900000254 	10800031544 31969007068 1877713 	10798153831 1877713 0 0 0 	56441390 1877713 0 	483.158 	3 	10
31383400000000 31383500000365 	11000032274 32561444752 1906231 	10998126043 1906231 0 0 0 	57298677 1906231 0 	482.931 	3 	10
31409000000000 31409100000365 	11200033004 33153872097 1934581 	11198098423 1934581 0 0 0 	58152874 1934581 0 	482.713 	3 	10
31434600000000 31434700000365 	11400033734 33746270965 1962810 	11398070924 1962810 0 0 0 	59008669 1962810 0 	482.502 	3 	10
31460200000000 31460300000365 	11600034464 34338775906 1990987 	11598043477 1990987 0 0 0 	59855843 1990987 0 	482.299 	3 	10
31485800000000 31485900000365 	11800035194 34931170324 2018520 	11798016674 2018520 0 0 0 	60687223 2018520 0 	482.103 	3 	10
31511400000000 31511500000365 	12000035924 35523655442 2045856 	11997990068 2045856 0 0 0 	61517021 2045856 0 	481.914 	3 	10
31537000000000 31537100000365 	12200036654 36116114168 2073282 	12197963372 2073282 0 0 0 	62330550 2073282 0 	481.731 	3 	10
31562600000000 31562700000365 	12400037384 36708533157 2100237 	12397937147 2100237 0 0 0 	63133753 2100237 0 	481.554 	3 	10
31588200000000 31588300000365 	12600038114 37301040668 2126924 	12597911190 2126924 0 0 0 	63932268 2126924 0 	481.383 	3 	10
31613800000000 31613900000368 	12800038850 37893542188 2153698 	12797885152 2153698 0 0 0 	64738264 2153698 0 	481.168 	3 	10
31639400000000 31639500000368 	13000039586 38486132112 2180120 	12997859466 2180120 0 0 0 	65534405 2180120 0 	480.96 	3 	10
31665000000000 31665100000368 	13200040322 39078715137 2206291 	13197834031 2206291 0 0 0 	66322771 2206291 0 	480.758 	3 	10
31690600000000 31690700000368 	13400041058 39671350009 2232645 	13397808413 2232645 0 0 0 	67127918 2232645 0 	480.562 	3 	10
31716200000000 31716300000368 	13600041794 40263931168 2258603 	13597783191 2258603 0 0 0 	67915483 2258603 0 	480.373 	3 	10
31741800000000 31741900000368 	13800042530 40856539529 2284141 	13797758389 2284141 0 0 0 	68682339 2284141 0 	480.189 	3 	10
31767400000000 31767500000368 	14000043266 41449144343 2309482 	13997733784 2309482 0 0 0 	69447817 2309482 0 	480.01 	3 	10
31793000000000 31793100000368 	14200044002 42041758862 2334930 	14197709072 2334930 0 0 0 	70208686 2334930 0 	479.837 	3 	10
31818600000000 31818700000368 	14400044738 42634364228 2360368 	14397684370 2360368 0 0 0 	70975577 2360368 0 	479.668 	3 	10
31844200000000 31844300000352 	14600045442 43227008027 2385360 	14597660082 2385360 0 0 0 	71717853 2385360 0 	479.446 	3 	10
31869800000000 31869900000352 	14800046146 43819679395 2410317 	14797635829 2410317 0 0 0 	72473046 2410317 0 	479.231 	3 	10
