30001500000000 30001600000048 	200000096 591693921 41568 	199958528 41568 0 0 0 	1251109 41568 0 	496 	3 	15
30027100000000 30027200000476 	400001048 1183360601 82859 	399918189 82859 0 0 0 	2480357 82859 0 	493.992 	3 	15
30052700000000 30052800000476 	600002000 1775050031 123603 	599878397 123603 0 0 0 	3696486 123603 0 	493.326 	3 	15
30078300000000 30078400000476 	800002952 2366769335 164059 	799838893 164059 0 0 0 	4909788 164059 0 	492.994 	3 	15
30103900000000 30104000000476 	1000003904 2958468981 204662 	999799242 204662 0 0 0 	6118687 204662 0 	492.795 	3 	15
30129500000000 30129600000476 	1200004856 3550177580 245203 	1199759653 245203 0 0 0 	7334040 245203 0 	492.662 	3 	15
30155100000000 30155200000476 	1400005808 4141914415 285125 	1399720683 285125 0 0 0 	8538459 285125 0 	492.567 	3 	15
30180700000000 30180800000476 	1600006760 4733661663 324760 	1599682000 324760 0 0 0 	9729884 324760 0 	492.496 	3 	15
30206300000000 30206400000476 	1800007712 5325389047 364171 	1799643541 364171 0 0 0 	10911334 364171 0 	492.441 	3 	15
30231900000000 30232000000011 	2000007734 5917132809 403185 	1999604549 403185 0 0 0 	12086258 403185 0 	492.095 	3 	15
30257500000000 30257600000011 	2200007756 6508892859 441766 	2199565990 441766 0 0 0 	13249640 441766 0 	491.812 	3 	15
30283100000000 30283200000011 	2400007778 7100676404 480139 	2399527639 480139 0 0 0 	14404829 480139 0 	491.576 	3 	15
30308700000000 30308800000011 	2600007800 7692523181 518314 	2599489486 518314 0 0 0 	15558031 518314 0 	491.377 	3 	15
30334300000000 30334400000011 	2800007822 8284315356 556395 	2799451427 556395 0 0 0 	16696375 556395 0 	491.207 	3 	15
30359900000000 30360000000011 	3000007844 8876162666 594379 	2999413465 594379 0 0 0 	17836539 594379 0 	491.059 	3 	15
30385500000000 30385600000011 	3200007866 9467991886 632226 	3199375640 632226 0 0 0 	18973897 632226 0 	490.93 	3 	15
30411100000000 30411200000011 	3400007888 10059847114 669443 	3399338445 669443 0 0 0 	20087351 669443 0 	490.816 	3 	15
30436700000000 30436800000011 	3600007910 10651769311 706340 	3599301570 706340 0 0 0 	21197312 706340 0 	490.715 	3 	15
30462300000000 30462400000210 	3800008330 11243687970 742947 	3799265383 742947 0 0 0 	22298293 742947 0 	490.41 	3 	15
30487900000000 30488000000210 	4000008750 11835568589 779098 	3999229652 779098 0 0 0 	23387520 779098 0 	490.137 	3 	15
30513500000000 30513600000210 	4200009170 12427496650 814967 	4199194203 814967 0 0 0 	24466591 814967 0 	489.89 	3 	15
30539100000000 30539200000210 	4400009590 13019466223 851026 	4399158564 851026 0 0 0 	25546093 851026 0 	489.666 	3 	15
30564700000000 30564800000210 	4600010010 13611456828 886834 	4599123176 886834 0 0 0 	26625812 886834 0 	489.461 	3 	15
30590300000000 30590400000210 	4800010430 14203377367 922225 	4799088205 922225 0 0 0 	27681022 922225 0 	489.273 	3 	15
30615900000000 30616000000210 	5000010850 14795390132 957417 	4999053433 957417 0 0 0 	28733908 957417 0 	489.101 	3 	15
30641500000000 30641600000210 	5200011270 15387437950 991791 	5199019479 991791 0 0 0 	29765991 991791 0 	488.942 	3 	15
30667100000000 30667200000210 	5400011690 15979430226 1026380 	5398985310 1026380 0 0 0 	30820543 1026380 0 	488.795 	3 	15
30692700000000 30692800000381 	5600012452 16571416439 1060265 	5598952187 1060265 0 0 0 	31838604 1060265 0 	488.512 	3 	15
30718300000000 30718400000381 	5800013214 17163482830 1094213 	5798919001 1094213 0 0 0 	32866600 1094213 0 	488.249 	3 	15
30743900000000 30744000000381 	6000013976 17755546584 1128160 	5998885816 1128160 0 0 0 	33888308 1128160 0 	488.004 	3 	15
30769500000000 30769600000381 	6200014738 18347658173 1162027 	6198852711 1162027 0 0 0 	34901762 1162027 0 	487.775 	3 	15
30795100000000 30795200000381 	6400015500 18939712409 1195456 	6398820044 1195456 0 0 0 	35907913 1195456 0 	487.56 	3 	15
30820700000000 30820800000381 	6600016262 19531813015 1228664 	6598787598 1228664 0 0 0 	36910337 1228664 0 	487.359 	3 	15
30846300000000 30846400000381 	6800017024 20123960239 1261447 	6798755577 1261447 0 0 0 	37897189 1261447 0 	487.169 	3 	15
30871900000000 30872000000381 	7000017786 20716101342 1294269 	6998723517 1294269 0 0 0 	38889115 1294269 0 	486.991 	3 	15
30897500000000 30897600000381 	7200018548 21308245689 1326917 	7198691631 1326917 0 0 0 	39876722 1326917 0 	486.823 	3 	15
30923100000000 30923200000468 	7400019484 21900404076 1359293 	7398660191 1359293 0 0 0 	40851481 1359293 0 	486.58 	3 	15
30948700000000 30948800000468 	7600020420 22492505236 1391402 	7598629018 1391402 0 0 0 	41818354 1391402 0 	486.35 	3 	15
30974300000000 30974400000468 	7800021356 23084753835 1423484 	7798597872 1423484 0 0 0 	42787871 1423484 0 	486.132 	3 	15
30999900000000 31000000000468 	8000022292 23676984496 1455042 	7998567250 1455042 0 0 0 	43739249 1455042 0 	485.926 	3 	15
31025500000000 31025600000468 	8200023228 24269233183 1486614 	8198536614 1486614 0 0 0 	44703590 1486614 0 	485.729 	3 	15
31051100000000 31051200000468 	8400024164 24861433327 1518000 	8398506164 1518000 0 0 0 	45651237 1518000 0 	485.542 	3 	15
31076700000000 31076800000468 	8600025100 25453694612 1548832 	8598476268 1548832 0 0 0 	46579244 1548832 0 	485.364 	3 	15
31102300000000 31102400000468 	8800026036 26045945492 1579303 	8798446733 1579303 0 0 0 	47508657 1579303 0 	485.194 	3 	15
31127900000000 31128000000468 	9000026972 26638193963 1609744 	8998417228 1609744 0 0 0 	48426527 1609744 0 	485.032 	3 	15
31153500000000 31153600000254 	9200027480 27230446182 1639913 	9198387567 1639913 0 0 0 	49323329 1639913 0 	484.787 	3 	15
31179100000000 31179200000254 	9400027988 27822703839 1669614 	9398358374 1669614 0 0 0 	50207973 1669614 0 	484.552 	3 	15
31204700000000 31204800000254 	9600028496 28415059530 1699659 	9598328837 1699659 0 0 0 	51114925 1699659 0 	484.328 	3 	15
31230300000000 31230400000254 	9800029004 29007369813 1729443 	9798299561 1729443 0 0 0 	52015791 1729443 0 	484.112 	3 	15
31255900000000 31256000000254 	10000029512 29599662326 1759001 	9998270511 1759001 0 0 0 	52915012 1759001 0 	483.906 	3 	15
31281500000000 31281600000254 	10200030020 30192054868 1788183 	10198241837 1788183 0 0 0 	53795271 1788183 0 	483.708 	3 	15
31307100000000 31307200000254 	10400030528 30784405100 1816845 	10398213683 1816845 0 0 0 	54655728 1816845 0 	483.517 	3 	15
31332700000000 31332800000254 	10600031036 31376795172 1845682 	10598185354 1845682 0 0 0 	55516718 1845682 0 	483.334 	3 	15
31358300000000 31358400000254 	10800031544 31969155180 1874106 	10798157438 1874106 0 0 0 	56364744 1874106 0 	483.158 	3 	15
31383900000000 31384000000365 	11000032274 32561627934 1902705 	10998129569 1902705 0 0 0 	57223595 1902705 0 	482.931 	3 	15
31409500000000 31409600000365 	11200033004 33154009427 1931043 	11198101961 1931043 0 0 0 	58080928 1931043 0 	482.713 	3 	15
31435100000000 31435200000365 	11400033734 33746384717 1959178 	11398074556 1959178 0 0 0 	58929845 1959178 0 	482.502 	3 	15
31460700000000 31460800000365 	11600034464 34338803574 1986940 	11598047524 1986940 0 0 0 	59761331 1986940 0 	482.299 	3 	15
31486300000000 31486400000365 	11800035194 34931254603 2014526 	11798020668 2014526 0 0 0 	60592861 2014526 0 	482.103 	3 	15
31511900000000 31512000000365 	12000035924 35523705429 2042089 	11997993835 2042089 0 0 0 	61421270 2042089 0 	481.914 	3 	15
31537500000000 31537600000365 	12200036654 36116199677 2069514 	12197967140 2069514 0 0 0 	62250031 2069514 0 	481.731 	3 	15
31563100000000 31563200000365 	12400037384 36708671114 2096650 	12397940734 2096650 0 0 0 	63059073 2096650 0 	481.554 	3 	15
31588700000000 31588800000365 	12600038114 37301197140 2123482 	12597914632 2123482 0 0 0 	63855693 2123482 0 	481.383 	3 	15
31614300000000 31614400000368 	12800038850 37893736299 2150411 	12797888439 2150411 0 0 0 	64661986 2150411 0 	481.168 	3 	15
31639900000000 31640000000368 	13000039586 38486228115 2177138 	12997862448 2177138 0 0 0 	65463685 2177138 0 	480.96 	3 	15
31665500000000 31665600000368 	13200040322 39078804239 2203620 	13197836702 2203620 0 0 0 	66259467 2203620 0 	480.758 	3 	15
31691100000000 31691200000368 	13400041058 39671364304 2230007 	13397811051 2230007 0 0 0 	67053566 2230007 0 	480.562 	3 	15
31716700000000 31716800000368 	13600041794 40264004320 2255826 	13597785968 2255826 0 0 0 	67838961 2255826 0 	480.373 	3 	15
31742300000000 31742400000368 	13800042530 40856600420 2281486 	13797761044 2281486 0 0 0 	68610772 2281486 0 	480.189 	3 	15
31767900000000 31768000000368 	14000043266 41449236038 2306698 	13997736568 2306698 0 0 0 	69368636 2306698 0 	480.01 	3 	15
31793500000000 31793600000368 	14200044002 42041915163 2332090 	14197711912 2332090 0 0 0 	70127069 2332090 0 	479.837 	3 	15
31819100000000 31819200000368 	14400044738 42634555297 2357306 	14397687432 2357306 0 0 0 	70881277 2357306 0 	479.668 	3 	15
31844700000000 31844800000352 	14600045442 43227231163 2382472 	14597662970 2382472 0 0 0 	71636212 2382472 0 	479.446 	3 	15
31870300000000 31870400000352 	14800046146 43819963871 2407067 	14797639079 2407067 0 0 0 	72378600 2407067 0 	479.231 	3 	15
