30003700000000 30003800000476 	200000952 591710967 41668 	199959284 41668 0 0 0 	1250742 41668 0 	492 	3 	37
30029300000000 30029400000476 	400001904 1183419065 82867 	399919037 82867 0 0 0 	2483425 82867 0 	492 	3 	37
30054900000000 30055000000476 	600002856 1775053519 123692 	599879164 123692 0 0 0 	3709840 123692 0 	492 	3 	37
30080500000000 30080600000476 	800003808 2366763851 164887 	799838921 164887 0 0 0 	4948648 164887 0 	492 	3 	37
30106100000000 30106200000476 	1000004760 2958464211 205443 	999799317 205443 0 0 0 	6166870 205443 0 	492 	3 	37
30131700000000 30131800000476 	1200005712 3550192710 245811 	1199759901 245811 0 0 0 	7380641 245811 0 	492 	3 	37
30157300000000 30157400000476 	1400006664 4141966138 285721 	1399720943 285721 0 0 0 	8584279 285721 0 	492 	3 	37
30182900000000 30183000000476 	1600007616 4733756915 325490 	1599682126 325490 0 0 0 	9790708 325490 0 	492 	3 	37
30208500000000 30208600000476 	1800008568 5325591113 364792 	1799643776 364792 0 0 0 	10976837 364792 0 	492 	3 	37
30234100000000 30234200000011 	2000008590 5917343315 403960 	1999604630 403960 0 0 0 	12163479 403960 0 	491.698 	3 	37
30259700000000 30259800000011 	2200008612 6509246820 442928 	2199565684 442928 0 0 0 	13330214 442928 0 	491.452 	3 	37
30285300000000 30285400000011 	2400008634 7100989132 481244 	2399527390 481244 0 0 0 	14481883 481244 0 	491.247 	3 	37
30310900000000 30311000000011 	2600008656 7692812948 519472 	2599489184 519472 0 0 0 	15629348 519472 0 	491.073 	3 	37
30336500000000 30336600000011 	2800008678 8284620008 557327 	2799451351 557327 0 0 0 	16757212 557327 0 	490.924 	3 	37
30362100000000 30362200000011 	3000008700 8876489050 595255 	2999413445 595255 0 0 0 	17888369 595255 0 	490.796 	3 	37
30387700000000 30387800000011 	3200008722 9468389817 632667 	3199376055 632667 0 0 0 	19015655 632667 0 	490.683 	3 	37
30413300000000 30413400000011 	3400008744 10060256346 670105 	3399338639 670105 0 0 0 	20134557 670105 0 	490.584 	3 	37
30438900000000 30439000000011 	3600008766 10652083330 706755 	3599302011 706755 0 0 0 	21232717 706755 0 	490.495 	3 	37
30464500000000 30464600000210 	3800009186 11244085990 743498 	3799265688 743498 0 0 0 	22326912 743498 0 	490.203 	3 	37
30490100000000 30490200000210 	4000009606 11835996537 780075 	3999229531 780075 0 0 0 	23422188 780075 0 	489.94 	3 	37
30515700000000 30515800000210 	4200010026 12427885328 816193 	4199193833 816193 0 0 0 	24513072 816193 0 	489.703 	3 	37
30541300000000 30541400000210 	4400010446 13019877963 852232 	4399158214 852232 0 0 0 	25600082 852232 0 	489.487 	3 	37
30566900000000 30567000000210 	4600010866 13611859805 887778 	4599123088 887778 0 0 0 	26662174 887778 0 	489.29 	3 	37
30592500000000 30592600000210 	4800011286 14203772461 923095 	4799088191 923095 0 0 0 	27716584 923095 0 	489.11 	3 	37
30618100000000 30618200000210 	5000011706 14795748854 958217 	4999053489 958217 0 0 0 	28777785 958217 0 	488.944 	3 	37
30643700000000 30643800000210 	5200012126 15387726662 993353 	5199018773 993353 0 0 0 	29834631 993353 0 	488.791 	3 	37
30669300000000 30669400000210 	5400012546 15979762307 1027832 	5398984714 1027832 0 0 0 	30866986 1027832 0 	488.65 	3 	37
30694900000000 30695000000381 	5600013308 16571820078 1062233 	5598951075 1062233 0 0 0 	31904280 1062233 0 	488.372 	3 	37
30720500000000 30720600000381 	5800014070 17163884222 1096520 	5798917550 1096520 0 0 0 	32924707 1096520 0 	488.114 	3 	37
30746100000000 30746200000381 	6000014832 17755974782 1130451 	5998884381 1130451 0 0 0 	33940237 1130451 0 	487.874 	3 	37
30771700000000 30771800000381 	6200015594 18348005012 1163950 	6198851644 1163950 0 0 0 	34948600 1163950 0 	487.649 	3 	37
30797300000000 30797400000381 	6400016356 18940109424 1197510 	6398818846 1197510 0 0 0 	35957907 1197510 0 	487.439 	3 	37
30822900000000 30823000000381 	6600017118 19532179762 1230386 	6598786732 1230386 0 0 0 	36942802 1230386 0 	487.241 	3 	37
30848500000000 30848600000381 	6800017880 20124376574 1263407 	6798754473 1263407 0 0 0 	37930255 1263407 0 	487.055 	3 	37
30874100000000 30874200000381 	7000018642 20716558299 1296227 	6998722415 1296227 0 0 0 	38911268 1296227 0 	486.88 	3 	37
30899700000000 30899800000381 	7200019404 21308670809 1329049 	7198690355 1329049 0 0 0 	39896212 1329049 0 	486.715 	3 	37
30925300000000 30925400000468 	7400020340 21900828885 1361995 	7398658345 1361995 0 0 0 	40883931 1361995 0 	486.475 	3 	37
30950900000000 30951000000468 	7600021276 22492975770 1393922 	7598627354 1393922 0 0 0 	41838951 1393922 0 	486.248 	3 	37
30976500000000 30976600000468 	7800022212 23085122603 1425499 	7798596713 1425499 0 0 0 	42782198 1425499 0 	486.033 	3 	37
31002100000000 31002200000468 	8000023148 23677265646 1456842 	7998566306 1456842 0 0 0 	43727484 1456842 0 	485.829 	3 	37
31027700000000 31027800000468 	8200024084 24269475423 1488140 	8198535944 1488140 0 0 0 	44673574 1488140 0 	485.635 	3 	37
31053300000000 31053400000468 	8400025020 24861675542 1518784 	8398506236 1518784 0 0 0 	45592700 1518784 0 	485.45 	3 	37
31078900000000 31079000000468 	8600025956 25453957447 1549950 	8598476006 1549950 0 0 0 	46529563 1549950 0 	485.274 	3 	37
31104500000000 31104600000468 	8800026892 26046208741 1580821 	8798446071 1580821 0 0 0 	47461215 1580821 0 	485.107 	3 	37
31130100000000 31130200000468 	9000027828 26638444780 1611508 	8998416320 1611508 0 0 0 	48378264 1611508 0 	484.946 	3 	37
31155700000000 31155800000254 	9200028336 27230780432 1641604 	9198386732 1641604 0 0 0 	49287353 1641604 0 	484.703 	3 	37
31181300000000 31181400000254 	9400028844 27823088119 1671985 	9398356859 1671985 0 0 0 	50198553 1671985 0 	484.47 	3 	37
31206900000000 31207000000254 	9600029352 28415429455 1702092 	9598327260 1702092 0 0 0 	51099374 1702092 0 	484.247 	3 	37
31232500000000 31232600000254 	9800029860 29007729743 1731695 	9798298165 1731695 0 0 0 	51992789 1731695 0 	484.034 	3 	37
31258100000000 31258200000254 	10000030368 29600069991 1761055 	9998269313 1761055 0 0 0 	52881868 1761055 0 	483.829 	3 	37
31283700000000 31283800000254 	10200030876 30192402096 1790288 	10198240588 1790288 0 0 0 	53765757 1790288 0 	483.632 	3 	37
31309300000000 31309400000254 	10400031384 30784769972 1819323 	10398212061 1819323 0 0 0 	54638781 1819323 0 	483.443 	3 	37
31334900000000 31335000000254 	10600031892 31377189289 1848275 	10598183617 1848275 0 0 0 	55499537 1848275 0 	483.262 	3 	37
31360500000000 31360600000254 	10800032400 31969564260 1877119 	10798155281 1877119 0 0 0 	56362615 1877119 0 	483.087 	3 	37
31386100000000 31386200000365 	11000033130 32561927109 1905762 	10998127368 1905762 0 0 0 	57219610 1905762 0 	482.862 	3 	37
31411700000000 31411800000365 	11200033860 33154351756 1934086 	11198099774 1934086 0 0 0 	58072290 1934086 0 	482.645 	3 	37
31437300000000 31437400000365 	11400034590 33746749360 1961970 	11398072620 1961970 0 0 0 	58913065 1961970 0 	482.435 	3 	37
31462900000000 31463000000365 	11600035320 34339179534 1989640 	11598045680 1989640 0 0 0 	59732293 1989640 0 	482.234 	3 	37
31488500000000 31488600000365 	11800036050 34931639366 2017048 	11798019002 2017048 0 0 0 	60551688 2017048 0 	482.039 	3 	37
31514100000000 31514200000365 	12000036780 35524097188 2044520 	11997992260 2044520 0 0 0 	61375341 2044520 0 	481.85 	3 	37
31539700000000 31539800000365 	12200037510 36116564593 2071664 	12197965846 2071664 0 0 0 	62195206 2071664 0 	481.669 	3 	37
31565300000000 31565400000365 	12400038240 36709062217 2098912 	12397939328 2098912 0 0 0 	63005584 2098912 0 	481.493 	3 	37
31590900000000 31591000000365 	12600038970 37301587156 2125815 	12597913155 2125815 0 0 0 	63813804 2125815 0 	481.322 	3 	37
31616500000000 31616600000368 	12800039706 37894129657 2152262 	12797887444 2152262 0 0 0 	64605796 2152262 0 	481.108 	3 	37
31642100000000 31642200000368 	13000040442 38486703543 2179049 	12997861393 2179049 0 0 0 	65408245 2179049 0 	480.901 	3 	37
31667700000000 31667800000368 	13200041178 39079269624 2205226 	13197835952 2205226 0 0 0 	66204285 2205226 0 	480.7 	3 	37
31693300000000 31693400000368 	13400041914 39671837912 2231120 	13397810794 2231120 0 0 0 	66987820 2231120 0 	480.506 	3 	37
31718900000000 31719000000368 	13600042650 40264392181 2256862 	13597785788 2256862 0 0 0 	67767065 2256862 0 	480.317 	3 	37
31744500000000 31744600000368 	13800043386 40857029456 2282584 	13797760802 2282584 0 0 0 	68538700 2282584 0 	480.134 	3 	37
31770100000000 31770200000368 	14000044122 41449653714 2307942 	13997736180 2307942 0 0 0 	69311760 2307942 0 	479.956 	3 	37
31795700000000 31795800000368 	14200044858 42042289691 2333346 	14197711512 2333346 0 0 0 	70072729 2333346 0 	479.784 	3 	37
31821300000000 31821400000352 	14400045562 42635009872 2358487 	14397687075 2358487 0 0 0 	70830515 2358487 0 	479.557 	3 	37
31846900000000 31847000000352 	14600046266 43227703156 2383592 	14597662674 2383592 0 0 0 	71588751 2383592 0 	479.337 	3 	37
31872500000000 31872600000352 	14800046970 43820305595 2408314 	14797638656 2408314 0 0 0 	72336834 2408314 0 	479.123 	3 	37
