30004000000000 30004100000476 	200000952 591623662 41657 	199959295 41657 0 0 0 	1250421 41657 0 	492 	3 	40
30029600000000 30029700000476 	400001904 1183299929 83433 	399918471 83433 0 0 0 	2505126 83433 0 	492 	3 	40
30055200000000 30055300000476 	600002856 1774978171 124787 	599878069 124787 0 0 0 	3737520 124787 0 	492 	3 	40
30080800000000 30080900000476 	800003808 2366703322 165772 	799838036 165772 0 0 0 	4963108 165772 0 	492 	3 	40
30106400000000 30106500000476 	1000004760 2958392086 206104 	999798656 206104 0 0 0 	6170431 206104 0 	492 	3 	40
30132000000000 30132100000476 	1200005712 3550094826 246439 	1199759273 246439 0 0 0 	7375771 246439 0 	492 	3 	40
30157600000000 30157700000476 	1400006664 4141875945 286078 	1399720586 286078 0 0 0 	8572020 286078 0 	492 	3 	40
30183200000000 30183300000476 	1600007616 4733585967 325750 	1599681866 325750 0 0 0 	9765546 325750 0 	492 	3 	40
30208800000000 30208900000476 	1800008568 5325316246 364984 	1799643584 364984 0 0 0 	10948091 364984 0 	492 	3 	40
30234400000000 30234500000011 	2000008590 5917098224 403687 	1999604903 403687 0 0 0 	12107217 403687 0 	491.698 	3 	40
30260000000000 30260100000011 	2200008612 6508826927 442509 	2199566103 442509 0 0 0 	13271316 442509 0 	491.452 	3 	40
30285600000000 30285700000011 	2400008634 7100594951 480922 	2399527712 480922 0 0 0 	14420808 480922 0 	491.247 	3 	40
30311200000000 30311300000011 	2600008656 7692402700 519175 	2599489481 519175 0 0 0 	15559865 519175 0 	491.073 	3 	40
30336800000000 30336900000011 	2800008678 8284262352 557142 	2799451536 557142 0 0 0 	16699045 557142 0 	490.924 	3 	40
30362400000000 30362500000011 	3000008700 8876108453 595065 	2999413635 595065 0 0 0 	17842552 595065 0 	490.796 	3 	40
30388000000000 30388100000011 	3200008722 9467943561 632328 	3199376394 632328 0 0 0 	18959270 632328 0 	490.683 	3 	40
30413600000000 30413700000011 	3400008744 10059860384 669387 	3399339357 669387 0 0 0 	20072370 669387 0 	490.584 	3 	40
30439200000000 30439300000011 	3600008766 10651740189 706102 	3599302664 706102 0 0 0 	21169562 706102 0 	490.495 	3 	40
30464800000000 30464900000210 	3800009186 11243633244 742576 	3799266610 742576 0 0 0 	22271397 742576 0 	490.203 	3 	40
30490400000000 30490500000210 	4000009606 11835491759 778826 	3999230780 778826 0 0 0 	23346597 778826 0 	489.94 	3 	40
30516000000000 30516100000210 	4200010026 12427432097 814788 	4199195238 814788 0 0 0 	24424646 814788 0 	489.703 	3 	40
30541600000000 30541700000210 	4400010446 13019360878 850670 	4399159776 850670 0 0 0 	25497432 850670 0 	489.487 	3 	40
30567200000000 30567300000210 	4600010866 13611361203 886033 	4599124833 886033 0 0 0 	26560436 886033 0 	489.29 	3 	40
30592800000000 30592900000210 	4800011286 14203359942 921356 	4799089930 921356 0 0 0 	27614213 921356 0 	489.11 	3 	40
30618400000000 30618500000210 	5000011706 14795290002 956533 	4999055173 956533 0 0 0 	28676464 956533 0 	488.944 	3 	40
30644000000000 30644100000210 	5200012126 15387289284 991664 	5199020462 991664 0 0 0 	29732201 991664 0 	488.791 	3 	40
30669600000000 30669700000210 	5400012546 15979277140 1026306 	5398986240 1026306 0 0 0 	30770213 1026306 0 	488.65 	3 	40
30695200000000 30695300000381 	5600013308 16571294145 1061019 	5598952289 1061019 0 0 0 	31814814 1061019 0 	488.372 	3 	40
30720800000000 30720900000381 	5800014070 17163348848 1095546 	5798918524 1095546 0 0 0 	32860011 1095546 0 	488.114 	3 	40
30746400000000 30746500000381 	6000014832 17755369260 1129569 	5998885263 1129569 0 0 0 	33884704 1129569 0 	487.874 	3 	40
30772000000000 30772100000381 	6200015594 18347461975 1163315 	6198852279 1163315 0 0 0 	34895232 1163315 0 	487.649 	3 	40
30797600000000 30797700000381 	6400016356 18939548454 1197023 	6398819333 1197023 0 0 0 	35904719 1197023 0 	487.439 	3 	40
30823200000000 30823300000381 	6600017118 19531618655 1230098 	6598787020 1230098 0 0 0 	36885974 1230098 0 	487.241 	3 	40
30848800000000 30848900000381 	6800017880 20123654415 1262984 	6798754896 1262984 0 0 0 	37868115 1262984 0 	487.055 	3 	40
30874400000000 30874500000381 	7000018642 20715848858 1295939 	6998722703 1295939 0 0 0 	38855045 1295939 0 	486.88 	3 	40
30900000000000 30900100000381 	7200019404 21307985938 1328678 	7198690726 1328678 0 0 0 	39837469 1328678 0 	486.715 	3 	40
30925600000000 30925700000468 	7400020340 21900091610 1361285 	7398659055 1361285 0 0 0 	40808987 1361285 0 	486.475 	3 	40
30951200000000 30951300000468 	7600021276 22492302725 1393621 	7598627655 1393621 0 0 0 	41780585 1393621 0 	486.248 	3 	40
30976800000000 30976900000468 	7800022212 23084562553 1425607 	7798596605 1425607 0 0 0 	42743416 1425607 0 	486.033 	3 	40
31002400000000 31002500000468 	8000023148 23676805141 1457055 	7998566093 1457055 0 0 0 	43688838 1457055 0 	485.829 	3 	40
31028000000000 31028100000468 	8200024084 24269040863 1488639 	8198535445 1488639 0 0 0 	44638040 1488639 0 	485.635 	3 	40
31053600000000 31053700000468 	8400025020 24861227926 1519931 	8398505089 1519931 0 0 0 	45578165 1519931 0 	485.45 	3 	40
31079200000000 31079300000468 	8600025956 25453491018 1551025 	8598474931 1551025 0 0 0 	46508930 1551025 0 	485.274 	3 	40
31104800000000 31104900000468 	8800026892 26045752036 1581605 	8798445287 1581605 0 0 0 	47425567 1581605 0 	485.107 	3 	40
31130400000000 31130500000468 	9000027828 26638004585 1612134 	8998415694 1612134 0 0 0 	48343018 1612134 0 	484.946 	3 	40
31156000000000 31156100000254 	9200028336 27230221728 1642207 	9198386129 1642207 0 0 0 	49242851 1642207 0 	484.703 	3 	40
31181600000000 31181700000254 	9400028844 27822520794 1671945 	9398356899 1671945 0 0 0 	50134739 1671945 0 	484.47 	3 	40
31207200000000 31207300000254 	9600029352 28414820764 1701911 	9598327441 1701911 0 0 0 	51027037 1701911 0 	484.247 	3 	40
31232800000000 31232900000254 	9800029860 29007154219 1731583 	9798298277 1731583 0 0 0 	51924118 1731583 0 	484.034 	3 	40
31258400000000 31258500000254 	10000030368 29599559570 1760895 	9998269473 1760895 0 0 0 	52805273 1760895 0 	483.829 	3 	40
31284000000000 31284100000254 	10200030876 30191958977 1790532 	10198240344 1790532 0 0 0 	53689660 1790532 0 	483.632 	3 	40
31309600000000 31309700000254 	10400031384 30784359737 1819536 	10398211848 1819536 0 0 0 	54564308 1819536 0 	483.443 	3 	40
31335200000000 31335300000254 	10600031892 31376766401 1848340 	10598183552 1848340 0 0 0 	55428228 1848340 0 	483.262 	3 	40
31360800000000 31360900000254 	10800032400 31969122439 1876870 	10798155530 1876870 0 0 0 	56289459 1876870 0 	483.087 	3 	40
31386400000000 31386500000365 	11000033130 32561492615 1905257 	10998127873 1905257 0 0 0 	57147086 1905257 0 	482.862 	3 	40
31412000000000 31412100000365 	11200033860 33153931528 1933540 	11198100320 1933540 0 0 0 	58003868 1933540 0 	482.645 	3 	40
31437600000000 31437700000365 	11400034590 33746329871 1961297 	11398073293 1961297 0 0 0 	58835687 1961297 0 	482.435 	3 	40
31463200000000 31463300000365 	11600035320 34338783518 1988948 	11598046372 1988948 0 0 0 	59664515 1988948 0 	482.234 	3 	40
31488800000000 31488900000365 	11800036050 34931221479 2016686 	11798019364 2016686 0 0 0 	60496747 2016686 0 	482.039 	3 	40
31514400000000 31514500000365 	12000036780 35523660402 2044013 	11997992767 2044013 0 0 0 	61317001 2044013 0 	481.85 	3 	40
31540000000000 31540100000365 	12200037510 36116166417 2071006 	12197966504 2071006 0 0 0 	62133192 2071006 0 	481.669 	3 	40
31565600000000 31565700000365 	12400038240 36708639451 2097917 	12397940323 2097917 0 0 0 	62945196 2097917 0 	481.493 	3 	40
31591200000000 31591300000365 	12600038970 37301196710 2124860 	12597914110 2124860 0 0 0 	63755140 2124860 0 	481.322 	3 	40
31616800000000 31616900000368 	12800039706 37893769361 2151532 	12797888174 2151532 0 0 0 	64552225 2151532 0 	481.108 	3 	40
31642400000000 31642500000368 	13000040442 38486318163 2177928 	12997862514 2177928 0 0 0 	65340720 2177928 0 	480.901 	3 	40
31668000000000 31668100000368 	13200041178 39078865613 2204369 	13197836809 2204369 0 0 0 	66133259 2204369 0 	480.7 	3 	40
31693600000000 31693700000368 	13400041914 39671406722 2230480 	13397811434 2230480 0 0 0 	66919319 2230480 0 	480.506 	3 	40
31719200000000 31719300000368 	13600042650 40264039091 2256408 	13597786242 2256408 0 0 0 	67705573 2256408 0 	480.317 	3 	40
31744800000000 31744900000368 	13800043386 40856642663 2282259 	13797761127 2282259 0 0 0 	68480551 2282259 0 	480.134 	3 	40
31770400000000 31770500000368 	14000044122 41449189339 2307761 	13997736361 2307761 0 0 0 	69246025 2307761 0 	479.956 	3 	40
31796000000000 31796100000368 	14200044858 42041846541 2333072 	14197711786 2333072 0 0 0 	70007526 2333072 0 	479.784 	3 	40
31821600000000 31821700000352 	14400045562 42634521348 2358140 	14397687422 2358140 0 0 0 	70764653 2358140 0 	479.557 	3 	40
31847200000000 31847300000352 	14600046266 43227123631 2383204 	14597663062 2383204 0 0 0 	71515166 2383204 0 	479.337 	3 	40
31872800000000 31872900000352 	14800046970 43819831146 2408210 	14797638760 2408210 0 0 0 	72269216 2408210 0 	479.123 	3 	40
