30005300000000 30005400000476 	200000952 591648737 41572 	199959380 41572 0 0 0 	1250698 41572 0 	492 	3 	53
30030900000000 30031000000476 	400001904 1183316871 82841 	399919063 82841 0 0 0 	2497520 82841 0 	492 	3 	53
30056500000000 30056600000476 	600002856 1775004482 124008 	599878848 124008 0 0 0 	3728380 124008 0 	492 	3 	53
30082100000000 30082200000476 	800003808 2366724189 164988 	799838820 164988 0 0 0 	4965337 164988 0 	492 	3 	53
30107700000000 30107800000476 	1000004760 2958381219 205348 	999799412 205348 0 0 0 	6173194 205348 0 	492 	3 	53
30133300000000 30133400000476 	1200005712 3550105333 245275 	1199760437 245275 0 0 0 	7362813 245275 0 	492 	3 	53
30158900000000 30159000000476 	1400006664 4141830612 285360 	1399721304 285360 0 0 0 	8560694 285360 0 	492 	3 	53
30184500000000 30184600000476 	1600007616 4733589720 325030 	1599682586 325030 0 0 0 	9759405 325030 0 	492 	3 	53
30210100000000 30210200000476 	1800008568 5325329653 364467 	1799644101 364467 0 0 0 	10945017 364467 0 	492 	3 	53
30235700000000 30235800000011 	2000008590 5917117280 403376 	1999605214 403376 0 0 0 	12111675 403376 0 	491.698 	3 	53
30261300000000 30261400000011 	2200008612 6508955898 442243 	2199566369 442243 0 0 0 	13281227 442243 0 	491.452 	3 	53
30286900000000 30287000000011 	2400008634 7100776867 480992 	2399527642 480992 0 0 0 	14440177 480992 0 	491.247 	3 	53
30312500000000 30312600000011 	2600008656 7692585958 518983 	2599489673 518983 0 0 0 	15584922 518983 0 	491.073 	3 	53
30338100000000 30338200000011 	2800008678 8284447954 556807 	2799451871 556807 0 0 0 	16715789 556807 0 	490.924 	3 	53
30363700000000 30363800000011 	3000008700 8876319192 594343 	2999414357 594343 0 0 0 	17852691 594343 0 	490.796 	3 	53
30389300000000 30389400000011 	3200008722 9468187010 631783 	3199376939 631783 0 0 0 	18984038 631783 0 	490.683 	3 	53
30414900000000 30415000000011 	3400008744 10060065141 669093 	3399339651 669093 0 0 0 	20105562 669093 0 	490.584 	3 	53
30440500000000 30440600000011 	3600008766 10651958329 705850 	3599302916 705850 0 0 0 	21206200 705850 0 	490.495 	3 	53
30466100000000 30466200000210 	3800009186 11243876916 742260 	3799266926 742260 0 0 0 	22297964 742260 0 	490.203 	3 	53
30491700000000 30491800000210 	4000009606 11835742423 778212 	3999231394 778212 0 0 0 	23375542 778212 0 	489.94 	3 	53
30517300000000 30517400000210 	4200010026 12427652538 814242 	4199195784 814242 0 0 0 	24470859 814242 0 	489.703 	3 	53
30542900000000 30543000000210 	4400010446 13019577079 849809 	4399160637 849809 0 0 0 	25532076 849809 0 	489.487 	3 	53
30568500000000 30568600000210 	4600010866 13611482688 885501 	4599125365 885501 0 0 0 	26594641 885501 0 	489.29 	3 	53
30594100000000 30594200000210 	4800011286 14203421476 920726 	4799090560 920726 0 0 0 	27648975 920726 0 	489.11 	3 	53
30619700000000 30619800000210 	5000011706 14795462329 955813 	4999055893 955813 0 0 0 	28708847 955813 0 	488.944 	3 	53
30645300000000 30645400000210 	5200012126 15387434069 990199 	5199021927 990199 0 0 0 	29738798 990199 0 	488.791 	3 	53
30670900000000 30671000000210 	5400012546 15979503455 1024947 	5398987599 1024947 0 0 0 	30787612 1024947 0 	488.65 	3 	53
30696500000000 30696600000381 	5600013308 16571544404 1059719 	5598953589 1059719 0 0 0 	31830573 1059719 0 	488.372 	3 	53
30722100000000 30722200000381 	5800014070 17163632670 1093937 	5798920133 1093937 0 0 0 	32865458 1093937 0 	488.114 	3 	53
30747700000000 30747800000381 	6000014832 17755667873 1127802 	5998887030 1127802 0 0 0 	33889560 1127802 0 	487.874 	3 	53
30773300000000 30773400000381 	6200015594 18347722944 1161268 	6198854326 1161268 0 0 0 	34904103 1161268 0 	487.649 	3 	53
30798900000000 30799000000381 	6400016356 18939786557 1194836 	6398821520 1194836 0 0 0 	35910388 1194836 0 	487.439 	3 	53
30824500000000 30824600000381 	6600017118 19531890487 1227911 	6598789207 1227911 0 0 0 	36908110 1227911 0 	487.241 	3 	53
30850100000000 30850200000381 	6800017880 20124009237 1261164 	6798756716 1261164 0 0 0 	37907307 1261164 0 	487.055 	3 	53
30875700000000 30875800000381 	7000018642 20716147156 1293924 	6998724718 1293924 0 0 0 	38894289 1293924 0 	486.88 	3 	53
30901300000000 30901400000381 	7200019404 21308294361 1326347 	7198693057 1326347 0 0 0 	39863746 1326347 0 	486.715 	3 	53
30926900000000 30927000000468 	7400020340 21900448236 1358212 	7398662128 1358212 0 0 0 	40826390 1358212 0 	486.475 	3 	53
30952500000000 30952600000468 	7600021276 22492644207 1390140 	7598631136 1390140 0 0 0 	41787828 1390140 0 	486.248 	3 	53
30978100000000 30978200000468 	7800022212 23084772360 1421974 	7798600238 1421974 0 0 0 	42751845 1421974 0 	486.033 	3 	53
31003700000000 31003800000468 	8000023148 23677029149 1453745 	7998569403 1453745 0 0 0 	43713200 1453745 0 	485.829 	3 	53
31029300000000 31029400000468 	8200024084 24269281530 1485334 	8198538750 1485334 0 0 0 	44667686 1485334 0 	485.635 	3 	53
31054900000000 31055000000468 	8400025020 24861564752 1516243 	8398508777 1516243 0 0 0 	45588628 1516243 0 	485.45 	3 	53
31080500000000 31080600000468 	8600025956 25453807601 1546839 	8598479117 1546839 0 0 0 	46511218 1546839 0 	485.274 	3 	53
31106100000000 31106200000468 	8800026892 26046019839 1577208 	8798449684 1577208 0 0 0 	47417276 1577208 0 	485.107 	3 	53
31131700000000 31131800000468 	9000027828 26638296954 1607654 	8998420174 1607654 0 0 0 	48337996 1607654 0 	484.946 	3 	53
31157300000000 31157400000254 	9200028336 27230541874 1637832 	9198390504 1637832 0 0 0 	49255614 1637832 0 	484.703 	3 	53
31182900000000 31183000000254 	9400028844 27822806102 1667959 	9398360885 1667959 0 0 0 	50153557 1667959 0 	484.47 	3 	53
31208500000000 31208600000254 	9600029352 28415167000 1698013 	9598331339 1698013 0 0 0 	51052952 1698013 0 	484.247 	3 	53
31234100000000 31234200000254 	9800029860 29007499996 1727888 	9798301972 1727888 0 0 0 	51952665 1727888 0 	484.034 	3 	53
31259700000000 31259800000254 	10000030368 29599884333 1757300 	9998273068 1757300 0 0 0 	52841627 1757300 0 	483.829 	3 	53
31285300000000 31285400000254 	10200030876 30192251759 1786437 	10198244439 1786437 0 0 0 	53711562 1786437 0 	483.632 	3 	53
31310900000000 31311000000254 	10400031384 30784702006 1815474 	10398215910 1815474 0 0 0 	54581274 1815474 0 	483.443 	3 	53
31336500000000 31336600000254 	10600031892 31377079762 1844433 	10598187459 1844433 0 0 0 	55458271 1844433 0 	483.262 	3 	53
31362100000000 31362200000254 	10800032400 31969459693 1873196 	10798159204 1873196 0 0 0 	56316446 1873196 0 	483.087 	3 	53
31387700000000 31387800000365 	11000033130 32561849347 1901795 	10998131335 1901795 0 0 0 	57182164 1901795 0 	482.862 	3 	53
31413300000000 31413400000365 	11200033860 33154277716 1929891 	11198103969 1929891 0 0 0 	58036169 1929891 0 	482.645 	3 	53
31438900000000 31439000000365 	11400034590 33746739424 1957747 	11398076843 1957747 0 0 0 	58875077 1957747 0 	482.435 	3 	53
31464500000000 31464600000365 	11600035320 34339214213 1985853 	11598049467 1985853 0 0 0 	59717912 1985853 0 	482.234 	3 	53
31490100000000 31490200000365 	11800036050 34931670195 2013335 	11798022715 2013335 0 0 0 	60537887 2013335 0 	482.039 	3 	53
31515700000000 31515800000365 	12000036780 35524192003 2040672 	11997996108 2040672 0 0 0 	61370465 2040672 0 	481.85 	3 	53
31541300000000 31541400000365 	12200037510 36116663386 2067797 	12197969713 2067797 0 0 0 	62192151 2067797 0 	481.669 	3 	53
31566900000000 31567000000365 	12400038240 36709220029 2094657 	12397943583 2094657 0 0 0 	63004861 2094657 0 	481.493 	3 	53
31592500000000 31592600000365 	12600038970 37301692403 2121488 	12597917482 2121488 0 0 0 	63814110 2121488 0 	481.322 	3 	53
31618100000000 31618200000368 	12800039706 37894247934 2148135 	12797891571 2148135 0 0 0 	64604895 2148135 0 	481.108 	3 	53
31643700000000 31643800000368 	13000040442 38486776329 2174743 	12997865699 2174743 0 0 0 	65402664 2174743 0 	480.901 	3 	53
31669300000000 31669400000368 	13200041178 39079339100 2201208 	13197839970 2201208 0 0 0 	66198786 2201208 0 	480.7 	3 	53
31694900000000 31695000000368 	13400041914 39671914061 2227435 	13397814479 2227435 0 0 0 	66982715 2227435 0 	480.506 	3 	53
31720500000000 31720600000368 	13600042650 40264542551 2253393 	13597789257 2253393 0 0 0 	67760090 2253393 0 	480.317 	3 	53
31746100000000 31746200000368 	13800043386 40857153663 2279043 	13797764343 2279043 0 0 0 	68524625 2279043 0 	480.134 	3 	53
31771700000000 31771800000368 	14000044122 41449727118 2304410 	13997739712 2304410 0 0 0 	69294636 2304410 0 	479.956 	3 	53
31797300000000 31797400000368 	14200044858 42042320184 2329805 	14197715053 2329805 0 0 0 	70056713 2329805 0 	479.784 	3 	53
31822900000000 31823000000352 	14400045562 42634928656 2354874 	14397690688 2354874 0 0 0 	70812971 2354874 0 	479.557 	3 	53
31848500000000 31848600000352 	14600046266 43227560049 2379985 	14597666281 2379985 0 0 0 	71567494 2379985 0 	479.337 	3 	53
31874100000000 31874200000352 	14800046970 43820248566 2404974 	14797641996 2404974 0 0 0 	72315713 2404974 0 	479.123 	3 	53
