30008300000000 30008400000476 	200000952 591657556 41439 	199959513 41439 0 0 0 	1246049 41439 0 	492 	3 	83
30033900000000 30034000000476 	400001904 1183363808 82953 	399918951 82953 0 0 0 	2490435 82953 0 	492 	3 	83
30059500000000 30059600000476 	600002856 1775059834 123954 	599878902 123954 0 0 0 	3728406 123954 0 	492 	3 	83
30085100000000 30085200000476 	800003808 2366817842 164784 	799839024 164784 0 0 0 	4955039 164784 0 	492 	3 	83
30110700000000 30110800000476 	1000004760 2958540077 205660 	999799100 205660 0 0 0 	6189137 205660 0 	492 	3 	83
30136300000000 30136400000476 	1200005712 3550288289 245812 	1199759900 245812 0 0 0 	7394519 245812 0 	492 	3 	83
30161900000000 30162000000476 	1400006664 4142048659 285785 	1399720879 285785 0 0 0 	8591019 285785 0 	492 	3 	83
30187500000000 30187600000476 	1600007616 4733827560 325503 	1599682113 325503 0 0 0 	9785205 325503 0 	492 	3 	83
30213100000000 30213200000476 	1800008568 5325605698 364684 	1799643884 364684 0 0 0 	10969552 364684 0 	492 	3 	83
30238700000000 30238800000011 	2000008590 5917378517 403492 	1999605098 403492 0 0 0 	12136771 403492 0 	491.698 	3 	83
30264300000000 30264400000011 	2200008612 6509145112 442378 	2199566234 442378 0 0 0 	13307379 442378 0 	491.452 	3 	83
30289900000000 30290000000011 	2400008634 7100917815 481337 	2399527297 481337 0 0 0 	14479693 481337 0 	491.247 	3 	83
30315500000000 30315600000011 	2600008656 7692731321 519321 	2599489335 519321 0 0 0 	15619545 519321 0 	491.073 	3 	83
30341100000000 30341200000011 	2800008678 8284630184 557544 	2799451134 557544 0 0 0 	16764751 557544 0 	490.924 	3 	83
30366700000000 30366800000011 	3000008700 8876436528 594854 	2999413846 594854 0 0 0 	17887337 594854 0 	490.796 	3 	83
30392300000000 30392400000011 	3200008722 9468335845 632056 	3199376666 632056 0 0 0 	19010739 632056 0 	490.683 	3 	83
30417900000000 30418000000011 	3400008744 10060197800 669409 	3399339335 669409 0 0 0 	20139327 669409 0 	490.584 	3 	83
30443500000000 30443600000011 	3600008766 10652080478 706167 	3599302599 706167 0 0 0 	21242496 706167 0 	490.495 	3 	83
30469100000000 30469200000210 	3800009186 11243992178 742769 	3799266417 742769 0 0 0 	22345736 742769 0 	490.203 	3 	83
30494700000000 30494800000210 	4000009606 11835908369 779215 	3999230391 779215 0 0 0 	23434022 779215 0 	489.94 	3 	83
30520300000000 30520400000210 	4200010026 12427842890 815345 	4199194681 815345 0 0 0 	24514475 815345 0 	489.703 	3 	83
30545900000000 30546000000210 	4400010446 13019817294 851246 	4399159200 851246 0 0 0 	25600429 851246 0 	489.487 	3 	83
30571500000000 30571600000210 	4600010866 13611765256 886584 	4599124282 886584 0 0 0 	26664404 886584 0 	489.29 	3 	83
30597100000000 30597200000210 	4800011286 14203735449 922197 	4799089089 922197 0 0 0 	27733770 922197 0 	489.11 	3 	83
30622700000000 30622800000210 	5000011706 14795713550 957658 	4999054048 957658 0 0 0 	28799769 957658 0 	488.944 	3 	83
30648300000000 30648400000210 	5200012126 15387690330 992319 	5199019807 992319 0 0 0 	29846080 992319 0 	488.791 	3 	83
30673900000000 30674000000210 	5400012546 15979691873 1027137 	5398985409 1027137 0 0 0 	30887023 1027137 0 	488.65 	3 	83
30699500000000 30699600000381 	5600013308 16571740913 1061719 	5598951589 1061719 0 0 0 	31923284 1061719 0 	488.372 	3 	83
30725100000000 30725200000381 	5800014070 17163827607 1095962 	5798918108 1095962 0 0 0 	32941863 1095962 0 	488.114 	3 	83
30750700000000 30750800000381 	6000014832 17755877621 1129571 	5998885261 1129571 0 0 0 	33951939 1129571 0 	487.874 	3 	83
30776300000000 30776400000381 	6200015594 18347927163 1163254 	6198852340 1163254 0 0 0 	34968565 1163254 0 	487.649 	3 	83
30801900000000 30802000000381 	6400016356 18939977624 1196767 	6398819589 1196767 0 0 0 	35969376 1196767 0 	487.439 	3 	83
30827500000000 30827600000381 	6600017118 19532120406 1229818 	6598787300 1229818 0 0 0 	36961209 1229818 0 	487.241 	3 	83
30853100000000 30853200000381 	6800017880 20124182451 1262685 	6798755195 1262685 0 0 0 	37946370 1262685 0 	487.055 	3 	83
30878700000000 30878800000381 	7000018642 20716300069 1295401 	6998723241 1295401 0 0 0 	38933163 1295401 0 	486.88 	3 	83
30904300000000 30904400000381 	7200019404 21308428664 1327753 	7198691651 1327753 0 0 0 	39911765 1327753 0 	486.715 	3 	83
30929900000000 30930000000468 	7400020340 21900523207 1360114 	7398660226 1360114 0 0 0 	40877190 1360114 0 	486.475 	3 	83
30955500000000 30955600000468 	7600021276 22492649703 1391717 	7598629559 1391717 0 0 0 	41820299 1391717 0 	486.248 	3 	83
30981100000000 30981200000468 	7800022212 23084812959 1423434 	7798598778 1423434 0 0 0 	42772771 1423434 0 	486.033 	3 	83
31006700000000 31006800000468 	8000023148 23676984917 1455032 	7998568116 1455032 0 0 0 	43725042 1455032 0 	485.829 	3 	83
31032300000000 31032400000468 	8200024084 24269160742 1486095 	8198537989 1486095 0 0 0 	44654997 1486095 0 	485.635 	3 	83
31057900000000 31058000000468 	8400025020 24861433115 1517590 	8398507430 1517590 0 0 0 	45600423 1517590 0 	485.45 	3 	83
31083500000000 31083600000468 	8600025956 25453741314 1548599 	8598477357 1548599 0 0 0 	46539369 1548599 0 	485.274 	3 	83
31109100000000 31109200000468 	8800026892 26045980773 1579393 	8798447499 1579393 0 0 0 	47466421 1579393 0 	485.107 	3 	83
31134700000000 31134800000468 	9000027828 26638233585 1609762 	8998418066 1609762 0 0 0 	48383698 1609762 0 	484.946 	3 	83
31160300000000 31160400000254 	9200028336 27230492995 1639961 	9198388375 1639961 0 0 0 	49289391 1639961 0 	484.703 	3 	83
31185900000000 31186000000254 	9400028844 27822820706 1670117 	9398358727 1670117 0 0 0 	50194295 1670117 0 	484.47 	3 	83
31211500000000 31211600000254 	9600029352 28415128427 1700221 	9598329131 1700221 0 0 0 	51097719 1700221 0 	484.247 	3 	83
31237100000000 31237200000254 	9800029860 29007425916 1729766 	9798300094 1729766 0 0 0 	51985950 1729766 0 	484.034 	3 	83
31262700000000 31262800000254 	10000030368 29599735047 1759077 	9998271291 1759077 0 0 0 	52862228 1759077 0 	483.829 	3 	83
31288300000000 31288400000254 	10200030876 30192079900 1788416 	10198242460 1788416 0 0 0 	53744372 1788416 0 	483.632 	3 	83
31313900000000 31314000000254 	10400031384 30784425882 1817383 	10398214001 1817383 0 0 0 	54611012 1817383 0 	483.443 	3 	83
31339500000000 31339600000254 	10600031892 31376769188 1846250 	10598185642 1846250 0 0 0 	55475041 1846250 0 	483.262 	3 	83
31365100000000 31365200000254 	10800032400 31969161151 1874967 	10798157433 1874967 0 0 0 	56341472 1874967 0 	483.087 	3 	83
31390700000000 31390800000365 	11000033130 32561520309 1903226 	10998129904 1903226 0 0 0 	57192497 1903226 0 	482.862 	3 	83
31416300000000 31416400000365 	11200033860 33153983876 1931175 	11198102685 1931175 0 0 0 	58030547 1931175 0 	482.645 	3 	83
31441900000000 31442000000365 	11400034590 33746471424 1959038 	11398075552 1959038 0 0 0 	58863423 1959038 0 	482.435 	3 	83
31467500000000 31467600000365 	11600035320 34338976582 1987181 	11598048139 1987181 0 0 0 	59713787 1987181 0 	482.234 	3 	83
31493100000000 31493200000365 	11800036050 34931357486 2014519 	11798021531 2014519 0 0 0 	60532951 2014519 0 	482.039 	3 	83
31518700000000 31518800000365 	12000036780 35523845071 2042274 	11997994506 2042274 0 0 0 	61363332 2042274 0 	481.85 	3 	83
31544300000000 31544400000365 	12200037510 36116347641 2069241 	12197968269 2069241 0 0 0 	62175591 2069241 0 	481.669 	3 	83
31569900000000 31570000000365 	12400038240 36708847695 2096344 	12397941896 2096344 0 0 0 	62984527 2096344 0 	481.493 	3 	83
31595500000000 31595600000368 	12600038976 37301341268 2122928 	12597916048 2122928 0 0 0 	63779381 2122928 0 	481.272 	3 	83
31621100000000 31621200000368 	12800039712 37893917638 2149745 	12797889967 2149745 0 0 0 	64587137 2149745 0 	481.059 	3 	83
31646700000000 31646800000368 	13000040448 38486490158 2176105 	12997864343 2176105 0 0 0 	65387623 2176105 0 	480.853 	3 	83
31672300000000 31672400000368 	13200041184 39079053155 2202344 	13197838840 2202344 0 0 0 	66180802 2202344 0 	480.653 	3 	83
31697900000000 31698000000368 	13400041920 39671619433 2228655 	13397813265 2228655 0 0 0 	66970288 2228655 0 	480.459 	3 	83
31723500000000 31723600000368 	13600042656 40264156012 2254470 	13597788186 2254470 0 0 0 	67744660 2254470 0 	480.271 	3 	83
31749100000000 31749200000368 	13800043392 40856764147 2280035 	13797763357 2280035 0 0 0 	68524116 2280035 0 	480.088 	3 	83
31774700000000 31774800000368 	14000044128 41449306570 2305255 	13997738873 2305255 0 0 0 	69287477 2305255 0 	479.911 	3 	83
31800300000000 31800400000368 	14200044864 42041916113 2330501 	14197714363 2330501 0 0 0 	70046258 2330501 0 	479.739 	3 	83
31825900000000 31826000000352 	14400045568 42634540607 2355559 	14397690009 2355559 0 0 0 	70802975 2355559 0 	479.514 	3 	83
31851500000000 31851600000352 	14600046272 43227171122 2380553 	14597665719 2380553 0 0 0 	71556896 2380553 0 	479.294 	3 	83
31877100000000 31877200000352 	14800046976 43819838115 2405342 	14797641634 2405342 0 0 0 	72316586 2405342 0 	479.081 	3 	83
