30008500000000 30008600000476 	200000952 591607645 41513 	199959439 41513 0 0 0 	1237412 41513 0 	492 	3 	85
30034100000000 30034200000476 	400001904 1183362177 82770 	399919134 82770 0 0 0 	2481335 82770 0 	492 	3 	85
30059700000000 30059800000476 	600002856 1775036250 123626 	599879230 123626 0 0 0 	3700478 123626 0 	492 	3 	85
30085300000000 30085400000476 	800003808 2366715643 164300 	799839508 164300 0 0 0 	4911753 164300 0 	492 	3 	85
30110900000000 30111000000476 	1000004760 2958413807 204788 	999799972 204788 0 0 0 	6126498 204788 0 	492 	3 	85
30136500000000 30136600000476 	1200005712 3550170133 245279 	1199760433 245279 0 0 0 	7337346 245279 0 	492 	3 	85
30162100000000 30162200000476 	1400006664 4141963637 285244 	1399721420 285244 0 0 0 	8526982 285244 0 	492 	3 	85
30187700000000 30187800000476 	1600007616 4733706750 324739 	1599682877 324739 0 0 0 	9716816 324739 0 	492 	3 	85
30213300000000 30213400000476 	1800008568 5325517696 364251 	1799644317 364251 0 0 0 	10913851 364251 0 	492 	3 	85
30238900000000 30239000000011 	2000008590 5917348680 403273 	1999605317 403273 0 0 0 	12085143 403273 0 	491.698 	3 	85
30264500000000 30264600000011 	2200008612 6509079998 442245 	2199566367 442245 0 0 0 	13249080 442245 0 	491.452 	3 	85
30290100000000 30290200000011 	2400008634 7100870035 481112 	2399527522 481112 0 0 0 	14414578 481112 0 	491.247 	3 	85
30315700000000 30315800000011 	2600008656 7692741152 519526 	2599489130 519526 0 0 0 	15572434 519526 0 	491.073 	3 	85
30341300000000 30341400000011 	2800008678 8284534162 557722 	2799450956 557722 0 0 0 	16716748 557722 0 	490.924 	3 	85
30366900000000 30367000000011 	3000008700 8876361493 595650 	2999413050 595650 0 0 0 	17850767 595650 0 	490.796 	3 	85
30392500000000 30392600000011 	3200008722 9468250017 632813 	3199375909 632813 0 0 0 	18963895 632813 0 	490.683 	3 	85
30418100000000 30418200000011 	3400008744 10060131447 670022 	3399338722 670022 0 0 0 	20078368 670022 0 	490.584 	3 	85
30443700000000 30443800000011 	3600008766 10652004417 706921 	3599301845 706921 0 0 0 	21183996 706921 0 	490.495 	3 	85
30469300000000 30469400000210 	3800009186 11243898797 743598 	3799265588 743598 0 0 0 	22283740 743598 0 	490.203 	3 	85
30494900000000 30495000000210 	4000009606 11835843163 779951 	3999229655 779951 0 0 0 	23380349 779951 0 	489.94 	3 	85
30520500000000 30520600000210 	4200010026 12427757727 816056 	4199193970 816056 0 0 0 	24465023 816056 0 	489.703 	3 	85
30546100000000 30546200000210 	4400010446 13019738134 851754 	4399158692 851754 0 0 0 	25546111 851754 0 	489.487 	3 	85
30571700000000 30571800000210 	4600010866 13611690567 887228 	4599123638 887228 0 0 0 	26609156 887228 0 	489.29 	3 	85
30597300000000 30597400000210 	4800011286 14203635157 922762 	4799088524 922762 0 0 0 	27684763 922762 0 	489.11 	3 	85
30622900000000 30623000000210 	5000011706 14795616368 958045 	4999053661 958045 0 0 0 	28749504 958045 0 	488.944 	3 	85
30648500000000 30648600000210 	5200012126 15387571659 992731 	5199019395 992731 0 0 0 	29782011 992731 0 	488.791 	3 	85
30674100000000 30674200000210 	5400012546 15979550444 1027285 	5398985261 1027285 0 0 0 	30824901 1027285 0 	488.65 	3 	85
30699700000000 30699800000381 	5600013308 16571547464 1061599 	5598951709 1061599 0 0 0 	31850447 1061599 0 	488.372 	3 	85
30725300000000 30725400000381 	5800014070 17163514591 1095508 	5798918562 1095508 0 0 0 	32867645 1095508 0 	488.114 	3 	85
30750900000000 30751000000381 	6000014832 17755588249 1129506 	5998885326 1129506 0 0 0 	33895343 1129506 0 	487.874 	3 	85
30776500000000 30776600000381 	6200015594 18347653123 1163348 	6198852246 1163348 0 0 0 	34915393 1163348 0 	487.649 	3 	85
30802100000000 30802200000381 	6400016356 18939774503 1196724 	6398819632 1196724 0 0 0 	35918045 1196724 0 	487.439 	3 	85
30827700000000 30827800000381 	6600017118 19531874889 1229822 	6598787296 1229822 0 0 0 	36912112 1229822 0 	487.241 	3 	85
30853300000000 30853400000381 	6800017880 20124068935 1262835 	6798755045 1262835 0 0 0 	37906337 1262835 0 	487.055 	3 	85
30878900000000 30879000000381 	7000018642 20716192750 1295157 	6998723485 1295157 0 0 0 	38874887 1295157 0 	486.88 	3 	85
30904500000000 30904600000381 	7200019404 21308333501 1327251 	7198692153 1327251 0 0 0 	39833320 1327251 0 	486.715 	3 	85
30930100000000 30930200000468 	7400020340 21900479900 1359747 	7398660593 1359747 0 0 0 	40814788 1359747 0 	486.475 	3 	85
30955700000000 30955800000468 	7600021276 22492641378 1392076 	7598629200 1392076 0 0 0 	41787208 1392076 0 	486.248 	3 	85
30981300000000 30981400000468 	7800022212 23084865853 1423907 	7798598305 1423907 0 0 0 	42732614 1423907 0 	486.033 	3 	85
31006900000000 31007000000468 	8000023148 23677098987 1455600 	7998567548 1455600 0 0 0 	43684794 1455600 0 	485.829 	3 	85
31032500000000 31032600000468 	8200024084 24269313820 1486951 	8198537133 1486951 0 0 0 	44630651 1486951 0 	485.635 	3 	85
31058100000000 31058200000468 	8400025020 24861543820 1518011 	8398507009 1518011 0 0 0 	45565095 1518011 0 	485.45 	3 	85
31083700000000 31083800000468 	8600025956 25453762076 1548576 	8598477380 1548576 0 0 0 	46485523 1548576 0 	485.274 	3 	85
31109300000000 31109400000468 	8800026892 26045992778 1579336 	8798447556 1579336 0 0 0 	47405470 1579336 0 	485.107 	3 	85
31134900000000 31135000000468 	9000027828 26638227124 1609949 	8998417879 1609949 0 0 0 	48334339 1609949 0 	484.946 	3 	85
31160500000000 31160600000254 	9200028336 27230466129 1640276 	9198388060 1640276 0 0 0 	49254383 1640276 0 	484.703 	3 	85
31186100000000 31186200000254 	9400028844 27822792971 1670546 	9398358298 1670546 0 0 0 	50163565 1670546 0 	484.47 	3 	85
31211700000000 31211800000254 	9600029352 28415132116 1700013 	9598329339 1700013 0 0 0 	51050676 1700013 0 	484.247 	3 	85
31237300000000 31237400000254 	9800029860 29007465760 1729787 	9798300073 1729787 0 0 0 	51940970 1729787 0 	484.034 	3 	85
31262900000000 31263000000254 	10000030368 29599795665 1759087 	9998271281 1759087 0 0 0 	52820627 1759087 0 	483.829 	3 	85
31288500000000 31288600000254 	10200030876 30192178077 1788225 	10198242651 1788225 0 0 0 	53692459 1788225 0 	483.632 	3 	85
31314100000000 31314200000254 	10400031384 30784612062 1817135 	10398214249 1817135 0 0 0 	54575957 1817135 0 	483.443 	3 	85
31339700000000 31339800000254 	10600031892 31377028191 1845825 	10598186067 1845825 0 0 0 	55443484 1845825 0 	483.262 	3 	85
31365300000000 31365400000254 	10800032400 31969316635 1874085 	10798158315 1874085 0 0 0 	56288066 1874085 0 	483.087 	3 	85
31390900000000 31391000000365 	11000033130 32561787717 1902385 	10998130745 1902385 0 0 0 	57140414 1902385 0 	482.862 	3 	85
31416500000000 31416600000365 	11200033860 33154252625 1930576 	11198103284 1930576 0 0 0 	57985208 1930576 0 	482.645 	3 	85
31442100000000 31442200000365 	11400034590 33746676476 1958568 	11398076022 1958568 0 0 0 	58826597 1958568 0 	482.435 	3 	85
31467700000000 31467800000365 	11600035320 34339087154 1986359 	11598048961 1986359 0 0 0 	59656929 1986359 0 	482.234 	3 	85
31493300000000 31493400000365 	11800036050 34931583728 2014156 	11798021894 2014156 0 0 0 	60486823 2014156 0 	482.039 	3 	85
31518900000000 31519000000365 	12000036780 35524071735 2041450 	11997995330 2041450 0 0 0 	61311551 2041450 0 	481.85 	3 	85
31544500000000 31544600000365 	12200037510 36116667944 2068719 	12197968791 2068719 0 0 0 	62134472 2068719 0 	481.669 	3 	85
31570100000000 31570200000365 	12400038240 36709134674 2095538 	12397942702 2095538 0 0 0 	62935263 2095538 0 	481.493 	3 	85
31595700000000 31595800000368 	12600038976 37301682778 2122500 	12597916476 2122500 0 0 0 	63755055 2122500 0 	481.272 	3 	85
31621300000000 31621400000368 	12800039712 37894203357 2149339 	12797890373 2149339 0 0 0 	64559846 2149339 0 	481.059 	3 	85
31646900000000 31647000000368 	13000040448 38486762426 2175714 	12997864734 2175714 0 0 0 	65354465 2175714 0 	480.853 	3 	85
31672500000000 31672600000368 	13200041184 39079278104 2201898 	13197839286 2201898 0 0 0 	66148750 2201898 0 	480.653 	3 	85
31698100000000 31698200000368 	13400041920 39671874836 2227848 	13397814072 2227848 0 0 0 	66926289 2227848 0 	480.459 	3 	85
31723700000000 31723800000368 	13600042656 40264432879 2253505 	13597789151 2253505 0 0 0 	67701231 2253505 0 	480.271 	3 	85
31749300000000 31749400000368 	13800043392 40857007117 2279205 	13797764187 2279205 0 0 0 	68481921 2279205 0 	480.088 	3 	85
31774900000000 31775000000368 	14000044128 41449639993 2304870 	13997739258 2304870 0 0 0 	69247903 2304870 0 	479.911 	3 	85
31800500000000 31800600000368 	14200044864 42042224362 2330108 	14197714756 2330108 0 0 0 	69999167 2330108 0 	479.739 	3 	85
31826100000000 31826200000352 	14400045568 42634863358 2354986 	14397690582 2354986 0 0 0 	70750574 2354986 0 	479.514 	3 	85
31851700000000 31851800000352 	14600046272 43227544644 2379990 	14597666282 2379990 0 0 0 	71513293 2379990 0 	479.294 	3 	85
31877300000000 31877400000352 	14800046976 43820231444 2404522 	14797642454 2404522 0 0 0 	72247792 2404522 0 	479.081 	3 	85
