30008700000000 30008800000476 	200000952 591663809 41835 	199959117 41835 0 0 0 	1261836 41835 0 	492 	3 	87
30034300000000 30034400000476 	400001904 1183323714 82825 	399919079 82825 0 0 0 	2497736 82825 0 	492 	3 	87
30059900000000 30060000000476 	600002856 1774998029 123927 	599878929 123927 0 0 0 	3729314 123927 0 	492 	3 	87
30085500000000 30085600000476 	800003808 2366724964 164925 	799838883 164925 0 0 0 	4962932 164925 0 	492 	3 	87
30111100000000 30111200000476 	1000004760 2958481379 205349 	999799411 205349 0 0 0 	6176369 205349 0 	492 	3 	87
30136700000000 30136800000476 	1200005712 3550248986 245564 	1199760148 245564 0 0 0 	7379271 245564 0 	492 	3 	87
30162300000000 30162400000476 	1400006664 4141972171 285803 	1399720861 285803 0 0 0 	8591385 285803 0 	492 	3 	87
30187900000000 30188000000476 	1600007616 4733739915 325528 	1599682088 325528 0 0 0 	9783703 325528 0 	492 	3 	87
30213500000000 30213600000476 	1800008568 5325494507 364538 	1799644030 364538 0 0 0 	10954994 364538 0 	492 	3 	87
30239100000000 30239200000011 	2000008590 5917300122 403362 	1999605228 403362 0 0 0 	12121769 403362 0 	491.698 	3 	87
30264700000000 30264800000011 	2200008612 6509081214 442151 	2199566461 442151 0 0 0 	13278524 442151 0 	491.452 	3 	87
30290300000000 30290400000011 	2400008634 7100903319 480573 	2399528061 480573 0 0 0 	14437682 480573 0 	491.247 	3 	87
30315900000000 30316000000011 	2600008656 7692723002 518920 	2599489736 518920 0 0 0 	15590022 518920 0 	491.073 	3 	87
30341500000000 30341600000011 	2800008678 8284528197 556975 	2799451703 556975 0 0 0 	16728225 556975 0 	490.924 	3 	87
30367100000000 30367200000011 	3000008700 8876377123 594587 	2999414113 594587 0 0 0 	17854035 594587 0 	490.796 	3 	87
30392700000000 30392800000011 	3200008722 9468236706 632006 	3199376716 632006 0 0 0 	18978288 632006 0 	490.683 	3 	87
30418300000000 30418400000011 	3400008744 10060095152 668894 	3399339850 668894 0 0 0 	20083573 668894 0 	490.584 	3 	87
30443900000000 30444000000011 	3600008766 10652043975 705513 	3599303253 705513 0 0 0 	21185939 705513 0 	490.495 	3 	87
30469500000000 30469600000210 	3800009186 11243997430 741929 	3799267257 741929 0 0 0 	22278919 741929 0 	490.203 	3 	87
30495100000000 30495200000210 	4000009606 11835940207 778454 	3999231152 778454 0 0 0 	23377945 778454 0 	489.94 	3 	87
30520700000000 30520800000210 	4200010026 12427861014 814488 	4199195538 814488 0 0 0 	24463081 814488 0 	489.703 	3 	87
30546300000000 30546400000210 	4400010446 13019823465 850401 	4399160045 850401 0 0 0 	25541988 850401 0 	489.487 	3 	87
30571900000000 30572000000210 	4600010866 13611766036 885486 	4599125380 885486 0 0 0 	26595932 885486 0 	489.29 	3 	87
30597500000000 30597600000210 	4800011286 14203745155 920909 	4799090377 920909 0 0 0 	27659401 920909 0 	489.11 	3 	87
30623100000000 30623200000210 	5000011706 14795739889 956007 	4999055699 956007 0 0 0 	28714286 956007 0 	488.944 	3 	87
30648700000000 30648800000210 	5200012126 15387743086 990603 	5199021523 990603 0 0 0 	29752214 990603 0 	488.791 	3 	87
30674300000000 30674400000210 	5400012546 15979786180 1025265 	5398987281 1025265 0 0 0 	30790019 1025265 0 	488.65 	3 	87
30699900000000 30700000000381 	5600013308 16571775408 1059863 	5598953445 1059863 0 0 0 	31826374 1059863 0 	488.372 	3 	87
30725500000000 30725600000381 	5800014070 17163781550 1093993 	5798920077 1093993 0 0 0 	32844524 1093993 0 	488.114 	3 	87
30751100000000 30751200000381 	6000014832 17755857427 1127661 	5998887171 1127661 0 0 0 	33852388 1127661 0 	487.874 	3 	87
30776700000000 30776800000381 	6200015594 18347938210 1161019 	6198854575 1161019 0 0 0 	34859153 1161019 0 	487.649 	3 	87
30802300000000 30802400000381 	6400016356 18940086173 1194305 	6398822051 1194305 0 0 0 	35857672 1194305 0 	487.439 	3 	87
30827900000000 30828000000381 	6600017118 19532204554 1227710 	6598789408 1227710 0 0 0 	36864053 1227710 0 	487.241 	3 	87
30853500000000 30853600000381 	6800017880 20124302409 1260542 	6798757338 1260542 0 0 0 	37856718 1260542 0 	487.055 	3 	87
30879100000000 30879200000381 	7000018642 20716423962 1293171 	6998725471 1293171 0 0 0 	38839197 1293171 0 	486.88 	3 	87
30904700000000 30904800000381 	7200019404 21308528104 1325740 	7198693664 1325740 0 0 0 	39817208 1325740 0 	486.715 	3 	87
30930300000000 30930400000468 	7400020340 21900683964 1358001 	7398662339 1358001 0 0 0 	40792694 1358001 0 	486.475 	3 	87
30955900000000 30956000000468 	7600021276 22492842254 1389796 	7598631480 1389796 0 0 0 	41747986 1389796 0 	486.248 	3 	87
30981500000000 30981600000468 	7800022212 23085021197 1421664 	7798600548 1421664 0 0 0 	42707160 1421664 0 	486.033 	3 	87
31007100000000 31007200000468 	8000023148 23677214995 1453529 	7998569619 1453529 0 0 0 	43665264 1453529 0 	485.829 	3 	87
31032700000000 31032800000468 	8200024084 24269403223 1484881 	8198539203 1484881 0 0 0 	44610542 1484881 0 	485.635 	3 	87
31058300000000 31058400000468 	8400025020 24861596467 1516069 	8398508951 1516069 0 0 0 	45539927 1516069 0 	485.45 	3 	87
31083900000000 31084000000468 	8600025956 25453834303 1546976 	8598478980 1546976 0 0 0 	46464956 1546976 0 	485.274 	3 	87
31109500000000 31109600000468 	8800026892 26046060264 1577429 	8798449463 1577429 0 0 0 	47381580 1577429 0 	485.107 	3 	87
31135100000000 31135200000468 	9000027828 26638400442 1607775 	8998420053 1607775 0 0 0 	48297120 1607775 0 	484.946 	3 	87
31160700000000 31160800000254 	9200028336 27230637293 1637704 	9198390632 1637704 0 0 0 	49203546 1637704 0 	484.703 	3 	87
31186300000000 31186400000254 	9400028844 27822918502 1667887 	9398360957 1667887 0 0 0 	50113447 1667887 0 	484.47 	3 	87
31211900000000 31212000000254 	9600029352 28415225232 1697767 	9598331585 1697767 0 0 0 	51014917 1697767 0 	484.247 	3 	87
31237500000000 31237600000254 	9800029860 29007540885 1727486 	9798302374 1727486 0 0 0 	51916165 1727486 0 	484.034 	3 	87
31263100000000 31263200000254 	10000030368 29599844674 1756876 	9998273492 1756876 0 0 0 	52803933 1756876 0 	483.829 	3 	87
31288700000000 31288800000254 	10200030876 30192206397 1786264 	10198244612 1786264 0 0 0 	53682620 1786264 0 	483.632 	3 	87
31314300000000 31314400000254 	10400031384 30784581770 1815518 	10398215866 1815518 0 0 0 	54563081 1815518 0 	483.443 	3 	87
31339900000000 31340000000254 	10600031892 31377008269 1844671 	10598187221 1844671 0 0 0 	55434783 1844671 0 	483.262 	3 	87
31365500000000 31365600000254 	10800032400 31969388538 1873394 	10798159006 1873394 0 0 0 	56304057 1873394 0 	483.087 	3 	87
31391100000000 31391200000365 	11000033130 32561865486 1901788 	10998131342 1901788 0 0 0 	57165189 1901788 0 	482.862 	3 	87
31416700000000 31416800000365 	11200033860 33154284007 1930037 	11198103823 1930037 0 0 0 	58019573 1930037 0 	482.645 	3 	87
31442300000000 31442400000365 	11400034590 33746734822 1958071 	11398076519 1958071 0 0 0 	58857286 1958071 0 	482.435 	3 	87
31467900000000 31468000000365 	11600035320 34339159374 1985639 	11598049681 1985639 0 0 0 	59690609 1985639 0 	482.234 	3 	87
31493500000000 31493600000365 	11800036050 34931584769 2013071 	11798022979 2013071 0 0 0 	60518618 2013071 0 	482.039 	3 	87
31519100000000 31519200000365 	12000036780 35524060202 2040502 	11997996278 2040502 0 0 0 	61344737 2040502 0 	481.85 	3 	87
31544700000000 31544800000365 	12200037510 36116595419 2067684 	12197969826 2067684 0 0 0 	62163478 2067684 0 	481.669 	3 	87
31570300000000 31570400000365 	12400038240 36709142842 2094869 	12397943371 2094869 0 0 0 	62978827 2094869 0 	481.493 	3 	87
31595900000000 31596000000368 	12600038976 37301687608 2121740 	12597917236 2121740 0 0 0 	63786832 2121740 0 	481.272 	3 	87
31621500000000 31621600000368 	12800039712 37894260335 2148172 	12797891540 2148172 0 0 0 	64587156 2148172 0 	481.059 	3 	87
31647100000000 31647200000368 	13000040448 38486826493 2174554 	12997865894 2174554 0 0 0 	65373069 2174554 0 	480.853 	3 	87
31672700000000 31672800000368 	13200041184 39079340924 2200673 	13197840511 2200673 0 0 0 	66160307 2200673 0 	480.653 	3 	87
31698300000000 31698400000368 	13400041920 39671930244 2226540 	13397815380 2226540 0 0 0 	66949628 2226540 0 	480.459 	3 	87
31723900000000 31724000000368 	13600042656 40264527806 2252502 	13597790154 2252502 0 0 0 	67725464 2252502 0 	480.271 	3 	87
31749500000000 31749600000368 	13800043392 40857105949 2278053 	13797765339 2278053 0 0 0 	68498497 2278053 0 	480.088 	3 	87
31775100000000 31775200000368 	14000044128 41449756542 2303555 	13997740573 2303555 0 0 0 	69270477 2303555 0 	479.911 	3 	87
31800700000000 31800800000368 	14200044864 42042426530 2329116 	14197715748 2329116 0 0 0 	70041787 2329116 0 	479.739 	3 	87
31826300000000 31826400000352 	14400045568 42635064064 2354089 	14397691479 2354089 0 0 0 	70787959 2354089 0 	479.514 	3 	87
31851900000000 31852000000352 	14600046272 43227732062 2378940 	14597667332 2378940 0 0 0 	71533083 2378940 0 	479.294 	3 	87
31877500000000 31877600000352 	14800046976 43820417036 2403953 	14797643023 2403953 0 0 0 	72292847 2403953 0 	479.081 	3 	87
