30010300000000 30010400000476 	200000952 591644519 41314 	199959638 41314 0 0 0 	1238652 41314 0 	492 	3 	103
30035900000000 30036000000476 	400001904 1183347083 82746 	399919158 82746 0 0 0 	2482526 82746 0 	492 	3 	103
30061500000000 30061600000476 	600002856 1775008359 124041 	599878815 124041 0 0 0 	3724961 124041 0 	492 	3 	103
30087100000000 30087200000476 	800003808 2366698762 164614 	799839194 164614 0 0 0 	4936298 164614 0 	492 	3 	103
30112700000000 30112800000476 	1000004760 2958505342 205115 	999799645 205115 0 0 0 	6158961 205115 0 	492 	3 	103
30138300000000 30138400000476 	1200005712 3550249182 245417 	1199760295 245417 0 0 0 	7377567 245417 0 	492 	3 	103
30163900000000 30164000000476 	1400006664 4141992715 285145 	1399721519 285145 0 0 0 	8561725 285145 0 	492 	3 	103
30189500000000 30189600000476 	1600007616 4733799891 324496 	1599683120 324496 0 0 0 	9745114 324496 0 	492 	3 	103
30215100000000 30215200000476 	1800008568 5325587250 363850 	1799644718 363850 0 0 0 	10921415 363850 0 	492 	3 	103
30240700000000 30240800000011 	2000008590 5917393847 403199 	1999605391 403199 0 0 0 	12101375 403199 0 	491.698 	3 	103
30266300000000 30266400000011 	2200008612 6509211226 441675 	2199566937 441675 0 0 0 	13246868 441675 0 	491.452 	3 	103
30291900000000 30292000000011 	2400008634 7101066166 480127 	2399528507 480127 0 0 0 	14409715 480127 0 	491.247 	3 	103
30317500000000 30317600000011 	2600008656 7692865254 518151 	2599490505 518151 0 0 0 	15561935 518151 0 	491.073 	3 	103
30343100000000 30343200000011 	2800008678 8284696241 556343 	2799452335 556343 0 0 0 	16703475 556343 0 	490.924 	3 	103
30368700000000 30368800000011 	3000008700 8876545489 593972 	2999414728 593972 0 0 0 	17838921 593972 0 	490.796 	3 	103
30394300000000 30394400000011 	3200008722 9468461278 631359 	3199377363 631359 0 0 0 	18955386 631359 0 	490.683 	3 	103
30419900000000 30420000000011 	3400008744 10060357838 668612 	3399340132 668612 0 0 0 	20074312 668612 0 	490.584 	3 	103
30445500000000 30445600000011 	3600008766 10652241569 705501 	3599303265 705501 0 0 0 	21179062 705501 0 	490.495 	3 	103
30471100000000 30471200000210 	3800009186 11244213129 742330 	3799266856 742330 0 0 0 	22285877 742330 0 	490.203 	3 	103
30496700000000 30496800000210 	4000009606 11836150305 779004 	3999230602 779004 0 0 0 	23396569 779004 0 	489.94 	3 	103
30522300000000 30522400000210 	4200010026 12428039062 815261 	4199194765 815261 0 0 0 	24485020 815261 0 	489.703 	3 	103
30547900000000 30548000000210 	4400010446 13020005332 850995 	4399159451 850995 0 0 0 	25556668 850995 0 	489.487 	3 	103
30573500000000 30573600000210 	4600010866 13611961879 886581 	4599124285 886581 0 0 0 	26617492 886581 0 	489.29 	3 	103
30599100000000 30599200000210 	4800011286 14203924639 921751 	4799089535 921751 0 0 0 	27675622 921751 0 	489.11 	3 	103
30624700000000 30624800000210 	5000011706 14795930866 957007 	4999054699 957007 0 0 0 	28731485 957007 0 	488.944 	3 	103
30650300000000 30650400000210 	5200012126 15387994009 991719 	5199020407 991719 0 0 0 	29776106 991719 0 	488.791 	3 	103
30675900000000 30676000000210 	5400012546 15980023491 1026289 	5398986257 1026289 0 0 0 	30817798 1026289 0 	488.65 	3 	103
30701500000000 30701600000381 	5600013308 16572099105 1060483 	5598952825 1060483 0 0 0 	31837272 1060483 0 	488.372 	3 	103
30727100000000 30727200000381 	5800014070 17164144999 1094190 	5798919880 1094190 0 0 0 	32845362 1094190 0 	488.114 	3 	103
30752700000000 30752800000381 	6000014832 17756206576 1127998 	5998886834 1127998 0 0 0 	33868181 1127998 0 	487.874 	3 	103
30778300000000 30778400000381 	6200015594 18348301470 1161705 	6198853889 1161705 0 0 0 	34884689 1161705 0 	487.649 	3 	103
30803900000000 30804000000381 	6400016356 18940380671 1194908 	6398821448 1194908 0 0 0 	35884900 1194908 0 	487.439 	3 	103
30829500000000 30829600000381 	6600017118 19532389508 1227925 	6598789193 1227925 0 0 0 	36874312 1227925 0 	487.241 	3 	103
30855100000000 30855200000381 	6800017880 20124479116 1260991 	6798756889 1260991 0 0 0 	37868578 1260991 0 	487.055 	3 	103
30880700000000 30880800000381 	7000018642 20716682420 1293650 	6998724992 1293650 0 0 0 	38855593 1293650 0 	486.88 	3 	103
30906300000000 30906400000381 	7200019404 21308911019 1326186 	7198693218 1326186 0 0 0 	39839284 1326186 0 	486.715 	3 	103
30931900000000 30932000000468 	7400020340 21901016977 1358402 	7398661938 1358402 0 0 0 	40805252 1358402 0 	486.475 	3 	103
30957500000000 30957600000468 	7600021276 22493172306 1390357 	7598630919 1390357 0 0 0 	41755898 1390357 0 	486.248 	3 	103
30983100000000 30983200000468 	7800022212 23085319752 1421778 	7798600434 1421778 0 0 0 	42703882 1421778 0 	486.033 	3 	103
31008700000000 31008800000468 	8000023148 23677491557 1453168 	7998569980 1453168 0 0 0 	43640280 1453168 0 	485.829 	3 	103
31034300000000 31034400000468 	8200024084 24269770301 1484697 	8198539387 1484697 0 0 0 	44591851 1484697 0 	485.635 	3 	103
31059900000000 31060000000468 	8400025020 24862048695 1515824 	8398509196 1515824 0 0 0 	45534982 1515824 0 	485.45 	3 	103
31085500000000 31085600000468 	8600025956 25454291290 1547057 	8598478899 1547057 0 0 0 	46480156 1547057 0 	485.274 	3 	103
31111100000000 31111200000468 	8800026892 26046495321 1577514 	8798449378 1577514 0 0 0 	47402577 1577514 0 	485.107 	3 	103
31136700000000 31136800000468 	9000027828 26638785577 1607820 	8998420008 1607820 0 0 0 	48320458 1607820 0 	484.946 	3 	103
31162300000000 31162400000254 	9200028336 27231055908 1638038 	9198390298 1638038 0 0 0 	49225425 1638038 0 	484.703 	3 	103
31187900000000 31188000000254 	9400028844 27823375645 1668275 	9398360569 1668275 0 0 0 	50133419 1668275 0 	484.47 	3 	103
31213500000000 31213600000254 	9600029352 28415736990 1698119 	9598331233 1698119 0 0 0 	51028364 1698119 0 	484.247 	3 	103
31239100000000 31239200000254 	9800029860 29008029658 1727452 	9798302408 1727452 0 0 0 	51910515 1727452 0 	484.034 	3 	103
31264700000000 31264800000254 	10000030368 29600371264 1756859 	9998273509 1756859 0 0 0 	52798258 1756859 0 	483.829 	3 	103
31290300000000 31290400000254 	10200030876 30192731180 1785883 	10198244993 1785883 0 0 0 	53670274 1785883 0 	483.632 	3 	103
31315900000000 31316000000254 	10400031384 30785058102 1814786 	10398216598 1814786 0 0 0 	54544583 1814786 0 	483.443 	3 	103
31341500000000 31341600000254 	10600031892 31377446976 1843643 	10598188249 1843643 0 0 0 	55410042 1843643 0 	483.262 	3 	103
31367100000000 31367200000365 	10800032622 31969847692 1872390 	10798160232 1872390 0 0 0 	56274161 1872390 0 	483.029 	3 	103
31392700000000 31392800000365 	11000033352 32562275729 1900666 	10998132686 1900666 0 0 0 	57130327 1900666 0 	482.805 	3 	103
31418300000000 31418400000365 	11200034082 33154688129 1928998 	11198105084 1928998 0 0 0 	57972414 1928998 0 	482.589 	3 	103
31443900000000 31444000000365 	11400034812 33747101581 1956991 	11398077821 1956991 0 0 0 	58821456 1956991 0 	482.381 	3 	103
31469500000000 31469600000365 	11600035542 34339581131 1984554 	11598050988 1984554 0 0 0 	59645362 1984554 0 	482.18 	3 	103
31495100000000 31495200000365 	11800036272 34932022883 2011844 	11798024428 2011844 0 0 0 	60464043 2011844 0 	481.986 	3 	103
31520700000000 31520800000365 	12000037002 35524533385 2039209 	11997997793 2039209 0 0 0 	61285316 2039209 0 	481.798 	3 	103
31546300000000 31546400000365 	12200037732 36117083829 2066537 	12197971195 2066537 0 0 0 	62106944 2066537 0 	481.617 	3 	103
31571900000000 31572000000365 	12400038462 36709591718 2093386 	12397945076 2093386 0 0 0 	62913281 2093386 0 	481.442 	3 	103
31597500000000 31597600000368 	12600039198 37302150613 2120091 	12597919107 2120091 0 0 0 	63717463 2120091 0 	481.223 	3 	103
31623100000000 31623200000368 	12800039934 37894676958 2146821 	12797893113 2146821 0 0 0 	64523678 2146821 0 	481.011 	3 	103
31648700000000 31648800000368 	13000040670 38487266079 2173433 	12997867237 2173433 0 0 0 	65322845 2173433 0 	480.805 	3 	103
31674300000000 31674400000368 	13200041406 39079770588 2199503 	13197841903 2199503 0 0 0 	66110799 2199503 0 	480.606 	3 	103
31699900000000 31700000000368 	13400042142 39672334206 2225158 	13397816984 2225158 0 0 0 	66877049 2225158 0 	480.413 	3 	103
31725500000000 31725600000368 	13600042878 40264979589 2251157 	13597791721 2251157 0 0 0 	67650077 2251157 0 	480.225 	3 	103
31751100000000 31751200000368 	13800043614 40857502924 2276845 	13797766769 2276845 0 0 0 	68420003 2276845 0 	480.044 	3 	103
31776700000000 31776800000368 	14000044350 41450132722 2302248 	13997742102 2302248 0 0 0 	69186006 2302248 0 	479.867 	3 	103
31802300000000 31802400000368 	14200045086 42042788756 2327524 	14197717562 2327524 0 0 0 	69944267 2327524 0 	479.696 	3 	103
31827900000000 31828000000352 	14400045790 42635494542 2352542 	14397693248 2352542 0 0 0 	70698020 2352542 0 	479.471 	3 	103
31853500000000 31853600000352 	14600046494 43228154910 2377314 	14597669180 2377314 0 0 0 	71438647 2377314 0 	479.252 	3 	103
31879100000000 31879200000352 	14800047198 43820801083 2402012 	14797645186 2402012 0 0 0 	72184820 2402012 0 	479.039 	3 	103
