30013000000000 30013100000476 	200000952 591711600 41941 	199959011 41941 0 0 0 	1262651 41941 0 	492 	3 	130
30038600000000 30038700000476 	400001904 1183385555 83228 	399918676 83228 0 0 0 	2501509 83228 0 	492 	3 	130
30064200000000 30064300000476 	600002856 1775063461 124208 	599878648 124208 0 0 0 	3735638 124208 0 	492 	3 	130
30089800000000 30089900000476 	800003808 2366738612 164898 	799838910 164898 0 0 0 	4951859 164898 0 	492 	3 	130
30115400000000 30115500000476 	1000004760 2958528162 204966 	999799794 204966 0 0 0 	6158002 204966 0 	492 	3 	130
30141000000000 30141100000476 	1200005712 3550255456 244949 	1199760763 244949 0 0 0 	7349903 244949 0 	492 	3 	130
30166600000000 30166700000476 	1400006664 4142040797 284469 	1399722195 284469 0 0 0 	8536933 284469 0 	492 	3 	130
30192200000000 30192300000476 	1600007616 4733745801 323944 	1599683672 323944 0 0 0 	9721881 323944 0 	492 	3 	130
30217800000000 30217900000476 	1800008568 5325500238 363404 	1799645164 363404 0 0 0 	10905497 363404 0 	492 	3 	130
30243400000000 30243500000011 	2000008590 5917343745 402303 	1999606287 402303 0 0 0 	12068005 402303 0 	491.698 	3 	130
30269000000000 30269100000011 	2200008612 6509136443 441060 	2199567552 441060 0 0 0 	13225178 441060 0 	491.452 	3 	130
30294600000000 30294700000011 	2400008634 7100926873 479409 	2399529225 479409 0 0 0 	14374796 479409 0 	491.247 	3 	130
30320200000000 30320300000011 	2600008656 7692693525 517711 	2599490945 517711 0 0 0 	15533968 517711 0 	491.073 	3 	130
30345800000000 30345900000011 	2800008678 8284581560 555606 	2799453072 555606 0 0 0 	16665359 555606 0 	490.924 	3 	130
30371400000000 30371500000011 	3000008700 8876413886 593175 	2999415525 593175 0 0 0 	17805192 593175 0 	490.796 	3 	130
30397000000000 30397100000011 	3200008722 9468233024 630260 	3199378462 630260 0 0 0 	18921883 630260 0 	490.683 	3 	130
30422600000000 30422700000011 	3400008744 10060120751 667416 	3399341328 667416 0 0 0 	20048412 667416 0 	490.584 	3 	130
30448200000000 30448300000011 	3600008766 10652007394 703875 	3599304891 703875 0 0 0 	21136271 703875 0 	490.495 	3 	130
30473800000000 30473900000210 	3800009186 11243901547 740682 	3799268504 740682 0 0 0 	22247616 740682 0 	490.203 	3 	130
30499400000000 30499500000210 	4000009606 11835800507 776633 	3999232973 776633 0 0 0 	23329891 776633 0 	489.94 	3 	130
30525000000000 30525100000210 	4200010026 12427714182 812793 	4199197233 812793 0 0 0 	24420445 812793 0 	489.703 	3 	130
30550600000000 30550700000210 	4400010446 13019637516 848369 	4399162077 848369 0 0 0 	25480431 848369 0 	489.487 	3 	130
30576200000000 30576300000210 	4600010866 13611563997 883941 	4599126925 883941 0 0 0 	26553953 883941 0 	489.29 	3 	130
30601800000000 30601900000210 	4800011286 14203523637 919137 	4799092149 919137 0 0 0 	27602815 919137 0 	489.11 	3 	130
30627400000000 30627500000210 	5000011706 14795501937 953888 	4999057818 953888 0 0 0 	28634374 953888 0 	488.944 	3 	130
30653000000000 30653100000210 	5200012126 15387497946 988645 	5199023481 988645 0 0 0 	29676700 988645 0 	488.791 	3 	130
30678600000000 30678700000210 	5400012546 15979552154 1023532 	5398989014 1023532 0 0 0 	30726575 1023532 0 	488.65 	3 	130
30704200000000 30704300000381 	5600013308 16571584971 1058090 	5598955218 1058090 0 0 0 	31760592 1058090 0 	488.372 	3 	130
30729800000000 30729900000381 	5800014070 17163652879 1092096 	5798921974 1092096 0 0 0 	32785482 1092096 0 	488.114 	3 	130
30755400000000 30755500000381 	6000014832 17755741993 1125976 	5998888856 1125976 0 0 0 	33806206 1125976 0 	487.874 	3 	130
30781000000000 30781100000381 	6200015594 18347823489 1159534 	6198856060 1159534 0 0 0 	34819678 1159534 0 	487.649 	3 	130
30806600000000 30806700000381 	6400016356 18939936054 1192908 	6398823448 1192908 0 0 0 	35820452 1192908 0 	487.439 	3 	130
30832200000000 30832300000381 	6600017118 19532027813 1226188 	6598790930 1226188 0 0 0 	36821262 1226188 0 	487.241 	3 	130
30857800000000 30857900000381 	6800017880 20124106726 1259007 	6798758873 1259007 0 0 0 	37809903 1259007 0 	487.055 	3 	130
30883400000000 30883500000381 	7000018642 20716214083 1291666 	6998726976 1291666 0 0 0 	38798900 1291666 0 	486.88 	3 	130
30909000000000 30909100000381 	7200019404 21308376945 1324150 	7198695254 1324150 0 0 0 	39764652 1324150 0 	486.715 	3 	130
30934600000000 30934700000468 	7400020340 21900523721 1356245 	7398664095 1356245 0 0 0 	40732852 1356245 0 	486.475 	3 	130
30960200000000 30960300000468 	7600021276 22492690934 1388217 	7598633059 1388217 0 0 0 	41697783 1388217 0 	486.248 	3 	130
30985800000000 30985900000468 	7800022212 23084882121 1419577 	7798602635 1419577 0 0 0 	42644376 1419577 0 	486.033 	3 	130
31011400000000 31011500000468 	8000023148 23677102308 1450669 	7998572479 1450669 0 0 0 	43582217 1450669 0 	485.829 	3 	130
31037000000000 31037100000468 	8200024084 24269235168 1481666 	8198542418 1481666 0 0 0 	44515880 1481666 0 	485.635 	3 	130
31062600000000 31062700000468 	8400025020 24861533318 1512886 	8398512134 1512886 0 0 0 	45452307 1512886 0 	485.45 	3 	130
31088200000000 31088300000468 	8600025956 25453776870 1543736 	8598482220 1543736 0 0 0 	46379103 1543736 0 	485.274 	3 	130
31113800000000 31113900000468 	8800026892 26046036483 1574229 	8798452663 1574229 0 0 0 	47292876 1574229 0 	485.107 	3 	130
31139400000000 31139500000254 	9000027400 26638281140 1604531 	8998422869 1604531 0 0 0 	48199606 1604531 0 	484.854 	3 	130
31165000000000 31165100000254 	9200027908 27230532291 1635044 	9198392864 1635044 0 0 0 	49117926 1635044 0 	484.613 	3 	130
31190600000000 31190700000254 	9400028416 27822807205 1665100 	9398363316 1665100 0 0 0 	50020761 1665100 0 	484.382 	3 	130
31216200000000 31216300000254 	9600028924 28415138479 1694895 	9598334029 1694895 0 0 0 	50917167 1694895 0 	484.161 	3 	130
31241800000000 31241900000254 	9800029432 29007498360 1724522 	9798304910 1724522 0 0 0 	51809832 1724522 0 	483.949 	3 	130
31267400000000 31267500000254 	10000029940 29599862163 1754149 	9998275791 1754149 0 0 0 	52697048 1754149 0 	483.746 	3 	130
31293000000000 31293100000254 	10200030448 30192180464 1783247 	10198247201 1783247 0 0 0 	53582062 1783247 0 	483.551 	3 	130
31318600000000 31318700000254 	10400030956 30784531038 1812174 	10398218782 1812174 0 0 0 	54449624 1812174 0 	483.364 	3 	130
31344200000000 31344300000254 	10600031464 31376861699 1840808 	10598190656 1840808 0 0 0 	55307628 1840808 0 	483.184 	3 	130
31369800000000 31369900000365 	10800032194 31969298897 1869247 	10798162947 1869247 0 0 0 	56157769 1869247 0 	482.953 	3 	130
31395400000000 31395500000365 	11000032924 32561723670 1897780 	10998135144 1897780 0 0 0 	57024939 1897780 0 	482.73 	3 	130
31421000000000 31421100000365 	11200033654 33154153243 1926084 	11198107570 1926084 0 0 0 	57873489 1926084 0 	482.515 	3 	130
31446600000000 31446700000365 	11400034384 33746588718 1953902 	11398080482 1953902 0 0 0 	58701542 1953902 0 	482.308 	3 	130
31472200000000 31472300000365 	11600035114 34339022619 1981676 	11598053438 1981676 0 0 0 	59541013 1981676 0 	482.109 	3 	130
31497800000000 31497900000365 	11800035844 34931517108 2009184 	11798026660 2009184 0 0 0 	60378281 2009184 0 	481.916 	3 	130
31523400000000 31523500000365 	12000036574 35523987541 2036510 	11998000064 2036510 0 0 0 	61199727 2036510 0 	481.73 	3 	130
31549000000000 31549100000365 	12200037304 36116444184 2063588 	12197973716 2063588 0 0 0 	62011292 2063588 0 	481.55 	3 	130
31574600000000 31574700000365 	12400038034 36708954189 2090599 	12397947435 2090599 0 0 0 	62820621 2090599 0 	481.376 	3 	130
31600200000000 31600300000368 	12600038770 37301529140 2117571 	12597921199 2117571 0 0 0 	63625398 2117571 0 	481.158 	3 	130
31625800000000 31625900000368 	12800039506 37894096238 2144534 	12797894972 2144534 0 0 0 	64431712 2144534 0 	480.947 	3 	130
31651400000000 31651500000368 	13000040242 38486684025 2170917 	12997869325 2170917 0 0 0 	65219677 2170917 0 	480.742 	3 	130
31677000000000 31677100000368 	13200040978 39079246823 2197213 	13197843765 2197213 0 0 0 	66006753 2197213 0 	480.544 	3 	130
31702600000000 31702700000368 	13400041714 39671804811 2223428 	13397818286 2223428 0 0 0 	66800474 2223428 0 	480.352 	3 	130
31728200000000 31728300000368 	13600042450 40264414852 2249328 	13597793122 2249328 0 0 0 	67578530 2249328 0 	480.165 	3 	130
31753800000000 31753900000368 	13800043186 40857020684 2275204 	13797767982 2275204 0 0 0 	68364628 2275204 0 	479.985 	3 	130
31779400000000 31779500000368 	14000043922 41449585520 2300587 	13997743335 2300587 0 0 0 	69123178 2300587 0 	479.809 	3 	130
31805000000000 31805100000368 	14200044658 42042211303 2326022 	14197718636 2326022 0 0 0 	69887392 2326022 0 	479.639 	3 	130
31830600000000 31830700000352 	14400045362 42634860668 2351295 	14397694067 2351295 0 0 0 	70651394 2351295 0 	479.414 	3 	130
31856200000000 31856300000352 	14600046066 43227516795 2376136 	14597669930 2376136 0 0 0 	71395140 2376136 0 	479.196 	3 	130
31881800000000 31881900000352 	14800046770 43820197883 2400964 	14797645806 2400964 0 0 0 	72144451 2400964 0 	478.984 	3 	130
