30013500000000 30013600000476 	200000952 591655655 41670 	199959282 41670 0 0 0 	1242180 41670 0 	492 	3 	135
30039100000000 30039200000476 	400001904 1183258753 82975 	399918929 82975 0 0 0 	2481407 82975 0 	492 	3 	135
30064700000000 30064800000476 	600002856 1774902962 124040 	599878816 124040 0 0 0 	3710444 124040 0 	492 	3 	135
30090300000000 30090400000476 	800003808 2366666777 164867 	799838941 164867 0 0 0 	4935137 164867 0 	492 	3 	135
30115900000000 30116000000476 	1000004760 2958368002 205116 	999799644 205116 0 0 0 	6148917 205116 0 	492 	3 	135
30141500000000 30141600000476 	1200005712 3550106462 245541 	1199760171 245541 0 0 0 	7361533 245541 0 	492 	3 	135
30167100000000 30167200000476 	1400006664 4141877527 285180 	1399721484 285180 0 0 0 	8556151 285180 0 	492 	3 	135
30192700000000 30192800000476 	1600007616 4733652260 324685 	1599682931 324685 0 0 0 	9745053 324685 0 	492 	3 	135
30218300000000 30218400000476 	1800008568 5325381742 363899 	1799644669 363899 0 0 0 	10914755 363899 0 	492 	3 	135
30243900000000 30244000000011 	2000008590 5917141612 402688 	1999605902 402688 0 0 0 	12073175 402688 0 	491.698 	3 	135
30269500000000 30269600000011 	2200008612 6508950467 441404 	2199567208 441404 0 0 0 	13233375 441404 0 	491.452 	3 	135
30295100000000 30295200000011 	2400008634 7100722459 479877 	2399528757 479877 0 0 0 	14385310 479877 0 	491.247 	3 	135
30320700000000 30320800000011 	2600008656 7692541592 517675 	2599490981 517675 0 0 0 	15525229 517675 0 	491.073 	3 	135
30346300000000 30346400000011 	2800008678 8284435579 555544 	2799453134 555544 0 0 0 	16658761 555544 0 	490.924 	3 	135
30371900000000 30372000000011 	3000008700 8876326328 593389 	2999415311 593389 0 0 0 	17803343 593389 0 	490.796 	3 	135
30397500000000 30397600000011 	3200008722 9468242972 630890 	3199377832 630890 0 0 0 	18923876 630890 0 	490.683 	3 	135
30423100000000 30423200000011 	3400008744 10060077857 667709 	3399341035 667709 0 0 0 	20033933 667709 0 	490.584 	3 	135
30448700000000 30448800000011 	3600008766 10651922713 704650 	3599304116 704650 0 0 0 	21145028 704650 0 	490.495 	3 	135
30474300000000 30474400000210 	3800009186 11243799195 741068 	3799268118 741068 0 0 0 	22242074 741068 0 	490.203 	3 	135
30499900000000 30500000000210 	4000009606 11835738576 777334 	3999232272 777334 0 0 0 	23325271 777334 0 	489.94 	3 	135
30525500000000 30525600000210 	4200010026 12427685127 813331 	4199196695 813331 0 0 0 	24401031 813331 0 	489.703 	3 	135
30551100000000 30551200000210 	4400010446 13019672942 848893 	4399161553 848893 0 0 0 	25470444 848893 0 	489.487 	3 	135
30576700000000 30576800000210 	4600010866 13611647850 884041 	4599126825 884041 0 0 0 	26517202 884041 0 	489.29 	3 	135
30602300000000 30602400000210 	4800011286 14203602228 919469 	4799091817 919469 0 0 0 	27578899 919469 0 	489.11 	3 	135
30627900000000 30628000000210 	5000011706 14795565729 954516 	4999057190 954516 0 0 0 	28623862 954516 0 	488.944 	3 	135
30653500000000 30653600000210 	5200012126 15387620139 989254 	5199022872 989254 0 0 0 	29677258 989254 0 	488.791 	3 	135
30679100000000 30679200000210 	5400012546 15979636610 1023722 	5398988824 1023722 0 0 0 	30707093 1023722 0 	488.65 	3 	135
30704700000000 30704800000381 	5600013308 16571733455 1058090 	5598955218 1058090 0 0 0 	31740208 1058090 0 	488.372 	3 	135
30730300000000 30730400000381 	5800014070 17163793178 1092299 	5798921771 1092299 0 0 0 	32760058 1092299 0 	488.114 	3 	135
30755900000000 30756000000381 	6000014832 17755850785 1126084 	5998888748 1126084 0 0 0 	33776351 1126084 0 	487.874 	3 	135
30781500000000 30781600000381 	6200015594 18347939607 1159511 	6198856083 1159511 0 0 0 	34783957 1159511 0 	487.649 	3 	135
30807100000000 30807200000381 	6400016356 18940031401 1193158 	6398823198 1193158 0 0 0 	35791229 1193158 0 	487.439 	3 	135
30832700000000 30832800000381 	6600017118 19532069464 1225922 	6598791196 1225922 0 0 0 	36782739 1225922 0 	487.241 	3 	135
30858300000000 30858400000381 	6800017880 20124218691 1258991 	6798758889 1258991 0 0 0 	37780623 1258991 0 	487.055 	3 	135
30883900000000 30884000000381 	7000018642 20716328820 1291598 	6998727044 1291598 0 0 0 	38764989 1291598 0 	486.88 	3 	135
30909500000000 30909600000381 	7200019404 21308409611 1323799 	7198695605 1323799 0 0 0 	39722949 1323799 0 	486.715 	3 	135
30935100000000 30935200000468 	7400020340 21900617154 1356087 	7398664253 1356087 0 0 0 	40692722 1356087 0 	486.475 	3 	135
30960700000000 30960800000468 	7600021276 22492809723 1387564 	7598633712 1387564 0 0 0 	41635164 1387564 0 	486.248 	3 	135
30986300000000 30986400000468 	7800022212 23085029717 1419397 	7798602815 1419397 0 0 0 	42590846 1419397 0 	486.033 	3 	135
31011900000000 31012000000468 	8000023148 23677195222 1450948 	7998572200 1450948 0 0 0 	43535268 1450948 0 	485.829 	3 	135
31037500000000 31037600000468 	8200024084 24269405124 1482187 	8198541897 1482187 0 0 0 	44466079 1482187 0 	485.635 	3 	135
31063100000000 31063200000468 	8400025020 24861609115 1513434 	8398511586 1513434 0 0 0 	45400053 1513434 0 	485.45 	3 	135
31088700000000 31088800000468 	8600025956 25453802057 1544698 	8598481258 1544698 0 0 0 	46343760 1544698 0 	485.274 	3 	135
31114300000000 31114400000468 	8800026892 26046049826 1575519 	8798451373 1575519 0 0 0 	47276554 1575519 0 	485.107 	3 	135
31139900000000 31140000000254 	9000027400 26638282911 1606087 	8998421313 1606087 0 0 0 	48195238 1606087 0 	484.854 	3 	135
31165500000000 31165600000254 	9200027908 27230625534 1636254 	9198391654 1636254 0 0 0 	49100854 1636254 0 	484.613 	3 	135
31191100000000 31191200000254 	9400028416 27822871084 1665939 	9398362477 1665939 0 0 0 	49991129 1665939 0 	484.382 	3 	135
31216700000000 31216800000254 	9600028924 28415172034 1696006 	9598332918 1696006 0 0 0 	50892233 1696006 0 	484.161 	3 	135
31242300000000 31242400000254 	9800029432 29007490987 1725645 	9798303787 1725645 0 0 0 	51787920 1725645 0 	483.949 	3 	135
31267900000000 31268000000254 	10000029940 29599828885 1754781 	9998275159 1754781 0 0 0 	52667843 1754781 0 	483.746 	3 	135
31293500000000 31293600000254 	10200030448 30192120884 1783772 	10198246676 1783772 0 0 0 	53534427 1783772 0 	483.551 	3 	135
31319100000000 31319200000254 	10400030956 30784457917 1812957 	10398217999 1812957 0 0 0 	54409239 1812957 0 	483.364 	3 	135
31344700000000 31344800000254 	10600031464 31376818672 1841553 	10598189911 1841553 0 0 0 	55269670 1841553 0 	483.184 	3 	135
31370300000000 31370400000365 	10800032194 31969145365 1870110 	10798162084 1870110 0 0 0 	56128474 1870110 0 	482.953 	3 	135
31395900000000 31396000000365 	11000032924 32561579238 1898743 	10998134181 1898743 0 0 0 	56977971 1898743 0 	482.73 	3 	135
31421500000000 31421600000365 	11200033654 33153989607 1927053 	11198106601 1927053 0 0 0 	57828119 1927053 0 	482.515 	3 	135
31447100000000 31447200000365 	11400034384 33746468113 1954731 	11398079653 1954731 0 0 0 	58663286 1954731 0 	482.308 	3 	135
31472700000000 31472800000365 	11600035114 34338878017 1982448 	11598052666 1982448 0 0 0 	59494460 1982448 0 	482.109 	3 	135
31498300000000 31498400000365 	11800035844 34931359777 2010159 	11798025685 2010159 0 0 0 	60313854 2010159 0 	481.916 	3 	135
31523900000000 31524000000365 	12000036574 35523904377 2037308 	11997999266 2037308 0 0 0 	61130313 2037308 0 	481.73 	3 	135
31549500000000 31549600000365 	12200037304 36116350669 2064570 	12197972734 2064570 0 0 0 	61960502 2064570 0 	481.55 	3 	135
31575100000000 31575200000365 	12400038034 36708867801 2091436 	12397946598 2091436 0 0 0 	62757986 2091436 0 	481.376 	3 	135
31600700000000 31600800000368 	12600038770 37301422479 2118063 	12597920707 2118063 0 0 0 	63555450 2118063 0 	481.158 	3 	135
31626300000000 31626400000368 	12800039506 37893981593 2144703 	12797894803 2144703 0 0 0 	64364174 2144703 0 	480.947 	3 	135
31651900000000 31652000000368 	13000040242 38486543879 2171131 	12997869111 2171131 0 0 0 	65161468 2171131 0 	480.742 	3 	135
31677500000000 31677600000368 	13200040978 39079083516 2197011 	13197843967 2197011 0 0 0 	65928999 2197011 0 	480.544 	3 	135
31703100000000 31703200000368 	13400041714 39671631285 2222962 	13397818752 2222962 0 0 0 	66705191 2222962 0 	480.352 	3 	135
31728700000000 31728800000368 	13600042450 40264146753 2248712 	13597793738 2248712 0 0 0 	67476062 2248712 0 	480.165 	3 	135
31754300000000 31754400000368 	13800043186 40856732409 2274372 	13797768814 2274372 0 0 0 	68250195 2274372 0 	479.985 	3 	135
31779900000000 31780000000368 	14000043922 41449371978 2299961 	13997743961 2299961 0 0 0 	69017248 2299961 0 	479.809 	3 	135
31805500000000 31805600000368 	14200044658 42041980871 2325406 	14197719252 2325406 0 0 0 	69783914 2325406 0 	479.639 	3 	135
31831100000000 31831200000352 	14400045362 42634577408 2350593 	14397694769 2350593 0 0 0 	70545722 2350593 0 	479.414 	3 	135
31856700000000 31856800000352 	14600046066 43227301465 2375563 	14597670503 2375563 0 0 0 	71295654 2375563 0 	479.196 	3 	135
31882300000000 31882400000352 	14800046770 43819969631 2400361 	14797646409 2400361 0 0 0 	72042796 2400361 0 	478.984 	3 	135
