30014200000000 30014300000476 	200000952 591673583 41325 	199959627 41325 0 0 0 	1240753 41325 0 	492 	3 	142
30039800000000 30039900000476 	400001904 1183337068 82344 	399919560 82344 0 0 0 	2481400 82344 0 	492 	3 	142
30065400000000 30065500000476 	600002856 1775063262 123336 	599879520 123336 0 0 0 	3708692 123336 0 	492 	3 	142
30091000000000 30091100000476 	800003808 2366759972 164121 	799839687 164121 0 0 0 	4930209 164121 0 	492 	3 	142
30116600000000 30116700000476 	1000004760 2958494095 204448 	999800312 204448 0 0 0 	6133920 204448 0 	492 	3 	142
30142200000000 30142300000476 	1200005712 3550270222 244492 	1199761220 244492 0 0 0 	7339479 244492 0 	492 	3 	142
30167800000000 30167900000476 	1400006664 4142011179 284031 	1399722633 284031 0 0 0 	8530804 284031 0 	492 	3 	142
30193400000000 30193500000476 	1600007616 4733779938 323749 	1599683867 323749 0 0 0 	9736421 323749 0 	492 	3 	142
30219000000000 30219100000476 	1800008568 5325477244 363074 	1799645494 363074 0 0 0 	10913088 363074 0 	492 	3 	142
30244600000000 30244700000011 	2000008590 5917262790 401792 	1999606798 401792 0 0 0 	12076024 401792 0 	491.698 	3 	142
30270200000000 30270300000011 	2200008612 6509051611 440614 	2199567998 440614 0 0 0 	13242566 440614 0 	491.452 	3 	142
30295800000000 30295900000011 	2400008634 7100824989 479034 	2399529600 479034 0 0 0 	14395412 479034 0 	491.247 	3 	142
30321400000000 30321500000011 	2600008656 7692708963 516840 	2599491816 516840 0 0 0 	15539687 516840 0 	491.073 	3 	142
30347000000000 30347100000011 	2800008678 8284550713 554475 	2799454203 554475 0 0 0 	16672634 554475 0 	490.924 	3 	142
30372600000000 30372700000011 	3000008700 8876398763 592050 	2999416650 592050 0 0 0 	17795694 592050 0 	490.796 	3 	142
30398200000000 30398300000011 	3200008722 9468292267 629556 	3199379166 629556 0 0 0 	18926289 629556 0 	490.683 	3 	142
30423800000000 30423900000011 	3400008744 10060141626 666701 	3399342043 666701 0 0 0 	20040517 666701 0 	490.584 	3 	142
30449400000000 30449500000011 	3600008766 10652045584 704116 	3599304650 704116 0 0 0 	21156548 704116 0 	490.495 	3 	142
30475000000000 30475100000210 	3800009186 11243958803 740668 	3799268518 740668 0 0 0 	22250555 740668 0 	490.203 	3 	142
30500600000000 30500700000210 	4000009606 11835838576 776870 	3999232736 776870 0 0 0 	23331180 776870 0 	489.94 	3 	142
30526200000000 30526300000210 	4200010026 12427762162 812528 	4199197498 812528 0 0 0 	24401784 812528 0 	489.703 	3 	142
30551800000000 30551900000210 	4400010446 13019709844 848405 	4399162041 848405 0 0 0 	25477982 848405 0 	489.487 	3 	142
30577400000000 30577500000210 	4600010866 13611676396 884302 	4599126564 884302 0 0 0 	26564991 884302 0 	489.29 	3 	142
30603000000000 30603100000210 	4800011286 14203636284 919630 	4799091656 919630 0 0 0 	27627439 919630 0 	489.11 	3 	142
30628600000000 30628700000210 	5000011706 14795677077 954950 	4999056756 954950 0 0 0 	28685880 954950 0 	488.944 	3 	142
30654200000000 30654300000210 	5200012126 15387680441 989775 	5199022351 989775 0 0 0 	29732485 989775 0 	488.791 	3 	142
30679800000000 30679900000210 	5400012546 15979714290 1023989 	5398988557 1023989 0 0 0 	30770188 1023989 0 	488.65 	3 	142
30705400000000 30705500000381 	5600013308 16571784716 1058273 	5598955035 1058273 0 0 0 	31812048 1058273 0 	488.372 	3 	142
30731000000000 30731100000381 	5800014070 17163822472 1092447 	5798921623 1092447 0 0 0 	32836348 1092447 0 	488.114 	3 	142
30756600000000 30756700000381 	6000014832 17755865242 1126225 	5998888607 1126225 0 0 0 	33852706 1126225 0 	487.874 	3 	142
30782200000000 30782300000381 	6200015594 18347942198 1159532 	6198856062 1159532 0 0 0 	34861724 1159532 0 	487.649 	3 	142
30807800000000 30807900000381 	6400016356 18940068721 1193038 	6398823318 1193038 0 0 0 	35868157 1193038 0 	487.439 	3 	142
30833400000000 30833500000381 	6600017118 19532173202 1226087 	6598791031 1226087 0 0 0 	36862964 1226087 0 	487.241 	3 	142
30859000000000 30859100000381 	6800017880 20124319895 1259184 	6798758696 1259184 0 0 0 	37860658 1259184 0 	487.055 	3 	142
30884600000000 30884700000381 	7000018642 20716419437 1291862 	6998726780 1291862 0 0 0 	38846056 1291862 0 	486.88 	3 	142
30910200000000 30910300000381 	7200019404 21308514681 1324177 	7198695227 1324177 0 0 0 	39825697 1324177 0 	486.715 	3 	142
30935800000000 30935900000468 	7400020340 21900709483 1356342 	7398663998 1356342 0 0 0 	40787661 1356342 0 	486.475 	3 	142
30961400000000 30961500000468 	7600021276 22492860522 1388411 	7598632865 1388411 0 0 0 	41741858 1388411 0 	486.248 	3 	142
30987000000000 30987100000468 	7800022212 23085017589 1420254 	7798601958 1420254 0 0 0 	42701143 1420254 0 	486.033 	3 	142
31012600000000 31012700000468 	8000023148 23677201062 1451705 	7998571443 1451705 0 0 0 	43657568 1451705 0 	485.829 	3 	142
31038200000000 31038300000468 	8200024084 24269404982 1483062 	8198541022 1483062 0 0 0 	44610399 1483062 0 	485.635 	3 	142
31063800000000 31063900000468 	8400025020 24861658568 1514221 	8398510799 1514221 0 0 0 	45546973 1514221 0 	485.45 	3 	142
31089400000000 31089500000468 	8600025956 25453927933 1545422 	8598480534 1545422 0 0 0 	46490067 1545422 0 	485.274 	3 	142
31115000000000 31115100000468 	8800026892 26046230431 1575918 	8798450974 1575918 0 0 0 	47402956 1575918 0 	485.107 	3 	142
31140600000000 31140700000254 	9000027400 26638463465 1606043 	8998421357 1606043 0 0 0 	48313906 1606043 0 	484.854 	3 	142
31166200000000 31166300000254 	9200027908 27230782270 1636568 	9198391340 1636568 0 0 0 	49238475 1636568 0 	484.613 	3 	142
31191800000000 31191900000254 	9400028416 27823040886 1666677 	9398361739 1666677 0 0 0 	50139324 1666677 0 	484.382 	3 	142
31217400000000 31217500000254 	9600028924 28415445768 1696437 	9598332487 1696437 0 0 0 	51034711 1696437 0 	484.161 	3 	142
31243000000000 31243100000254 	9800029432 29007749416 1726065 	9798303367 1726065 0 0 0 	51928415 1726065 0 	483.949 	3 	142
31268600000000 31268700000254 	10000029940 29600160379 1755617 	9998274323 1755617 0 0 0 	52810593 1755617 0 	483.746 	3 	142
31294200000000 31294300000254 	10200030448 30192511496 1784660 	10198245788 1784660 0 0 0 	53690921 1784660 0 	483.551 	3 	142
31319800000000 31319900000254 	10400030956 30784860084 1813847 	10398217109 1813847 0 0 0 	54566018 1813847 0 	483.364 	3 	142
31345400000000 31345500000254 	10600031464 31377218845 1842659 	10598188805 1842659 0 0 0 	55428744 1842659 0 	483.184 	3 	142
31371000000000 31371100000365 	10800032194 31969615967 1871087 	10798161107 1871087 0 0 0 	56295778 1871087 0 	482.953 	3 	142
31396600000000 31396700000365 	11000032924 32562005888 1899426 	10998133498 1899426 0 0 0 	57149365 1899426 0 	482.73 	3 	142
31422200000000 31422300000365 	11200033654 33154470753 1927555 	11198106099 1927555 0 0 0 	58003516 1927555 0 	482.515 	3 	142
31447800000000 31447900000365 	11400034384 33746945677 1955325 	11398079059 1955325 0 0 0 	58836285 1955325 0 	482.308 	3 	142
31473400000000 31473500000365 	11600035114 34339354687 1983065 	11598052049 1983065 0 0 0 	59665029 1983065 0 	482.109 	3 	142
31499000000000 31499100000365 	11800035844 34931858420 2010580 	11798025264 2010580 0 0 0 	60490607 2010580 0 	481.916 	3 	142
31524600000000 31524700000365 	12000036574 35524349272 2037933 	11997998641 2037933 0 0 0 	61314197 2037933 0 	481.73 	3 	142
31550200000000 31550300000365 	12200037304 36116857243 2064845 	12197972459 2064845 0 0 0 	62132337 2064845 0 	481.55 	3 	142
31575800000000 31575900000365 	12400038034 36709415439 2091895 	12397946139 2091895 0 0 0 	62942014 2091895 0 	481.376 	3 	142
31601400000000 31601500000368 	12600038770 37301921443 2118626 	12597920144 2118626 0 0 0 	63742780 2118626 0 	481.158 	3 	142
31627000000000 31627100000368 	12800039506 37894395627 2144989 	12797894517 2144989 0 0 0 	64531065 2144989 0 	480.947 	3 	142
31652600000000 31652700000368 	13000040242 38486881788 2171132 	12997869110 2171132 0 0 0 	65319512 2171132 0 	480.742 	3 	142
31678200000000 31678300000368 	13200040978 39079443950 2197277 	13197843701 2197277 0 0 0 	66101006 2197277 0 	480.544 	3 	142
31703800000000 31703900000368 	13400041714 39672065068 2223317 	13397818397 2223317 0 0 0 	66874329 2223317 0 	480.352 	3 	142
31729400000000 31729500000368 	13600042450 40264649541 2248941 	13597793509 2248941 0 0 0 	67647813 2248941 0 	480.165 	3 	142
31755000000000 31755100000368 	13800043186 40857277948 2274603 	13797768583 2274603 0 0 0 	68417336 2274603 0 	479.985 	3 	142
31780600000000 31780700000368 	14000043922 41449876190 2300124 	13997743798 2300124 0 0 0 	69188212 2300124 0 	479.809 	3 	142
31806200000000 31806300000368 	14200044658 42042504208 2325383 	14197719275 2325383 0 0 0 	69955822 2325383 0 	479.639 	3 	142
31831800000000 31831900000352 	14400045362 42635134472 2350293 	14397695069 2350293 0 0 0 	70702641 2350293 0 	479.414 	3 	142
31857400000000 31857500000352 	14600046066 43227810146 2375493 	14597670573 2375493 0 0 0 	71457021 2375493 0 	479.196 	3 	142
31883000000000 31883100000352 	14800046770 43820459983 2400261 	14797646509 2400261 0 0 0 	72206415 2400261 0 	478.984 	3 	142
