30015400000000 30015500000476 	200000952 591702599 41678 	199959274 41678 0 0 0 	1244581 41678 0 	492 	3 	154
30041000000000 30041100000476 	400001904 1183376937 83405 	399918499 83405 0 0 0 	2498683 83405 0 	492 	3 	154
30066600000000 30066700000476 	600002856 1775098089 124344 	599878512 124344 0 0 0 	3723130 124344 0 	492 	3 	154
30092200000000 30092300000476 	800003808 2366784823 165187 	799838621 165187 0 0 0 	4951934 165187 0 	492 	3 	154
30117800000000 30117900000476 	1000004760 2958493999 205644 	999799116 205644 0 0 0 	6169949 205644 0 	492 	3 	154
30143400000000 30143500000476 	1200005712 3550138369 245741 	1199759971 245741 0 0 0 	7366114 245741 0 	492 	3 	154
30169000000000 30169100000476 	1400006664 4141855875 285397 	1399721267 285397 0 0 0 	8546579 285397 0 	492 	3 	154
30194600000000 30194700000476 	1600007616 4733602323 324991 	1599682625 324991 0 0 0 	9735150 324991 0 	492 	3 	154
30220200000000 30220300000476 	1800008568 5325321968 364306 	1799644262 364306 0 0 0 	10906285 364306 0 	492 	3 	154
30245800000000 30245900000011 	2000008590 5917123358 403443 	1999605147 403443 0 0 0 	12076010 403443 0 	491.698 	3 	154
30271400000000 30271500000011 	2200008612 6508919650 442057 	2199566555 442057 0 0 0 	13234679 442057 0 	491.452 	3 	154
30297000000000 30297100000011 	2400008634 7100678895 480630 	2399528004 480630 0 0 0 	14396265 480630 0 	491.247 	3 	154
30322600000000 30322700000011 	2600008656 7692494770 518911 	2599489745 518911 0 0 0 	15557492 518911 0 	491.073 	3 	154
30348200000000 30348300000011 	2800008678 8284409324 556815 	2799451863 556815 0 0 0 	16696083 556815 0 	490.924 	3 	154
30373800000000 30373900000011 	3000008700 8876231250 594443 	2999414257 594443 0 0 0 	17825561 594443 0 	490.796 	3 	154
30399400000000 30399500000011 	3200008722 9468128862 631783 	3199376939 631783 0 0 0 	18952560 631783 0 	490.683 	3 	154
30425000000000 30425100000011 	3400008744 10060016030 668807 	3399339937 668807 0 0 0 	20065767 668807 0 	490.584 	3 	154
30450600000000 30450700000011 	3600008766 10651848013 705703 	3599303063 705703 0 0 0 	21172714 705703 0 	490.495 	3 	154
30476200000000 30476300000210 	3800009186 11243784165 742399 	3799266787 742399 0 0 0 	22279592 742399 0 	490.203 	3 	154
30501800000000 30501900000210 	4000009606 11835667300 778513 	3999231093 778513 0 0 0 	23362791 778513 0 	489.94 	3 	154
30527400000000 30527500000210 	4200010026 12427616077 814480 	4199195546 814480 0 0 0 	24450089 814480 0 	489.703 	3 	154
30553000000000 30553100000210 	4400010446 13019556296 850526 	4399159920 850526 0 0 0 	25533302 850526 0 	489.487 	3 	154
30578600000000 30578700000210 	4600010866 13611484586 886301 	4599124565 886301 0 0 0 	26615694 886301 0 	489.29 	3 	154
30604200000000 30604300000210 	4800011286 14203401222 921576 	4799089710 921576 0 0 0 	27678888 921576 0 	489.11 	3 	154
30629800000000 30629900000210 	5000011706 14795406434 956614 	4999055092 956614 0 0 0 	28730499 956614 0 	488.944 	3 	154
30655400000000 30655500000210 	5200012126 15387452185 991206 	5199020920 991206 0 0 0 	29760064 991206 0 	488.791 	3 	154
30681000000000 30681100000210 	5400012546 15979503409 1025717 	5398986829 1025717 0 0 0 	30800261 1025717 0 	488.65 	3 	154
30706600000000 30706700000381 	5600013308 16571590177 1060314 	5598952994 1060314 0 0 0 	31843416 1060314 0 	488.372 	3 	154
30732200000000 30732300000381 	5800014070 17163655483 1094112 	5798919958 1094112 0 0 0 	32867662 1094112 0 	488.114 	3 	154
30757800000000 30757900000381 	6000014832 17755677004 1128047 	5998886785 1128047 0 0 0 	33888633 1128047 0 	487.874 	3 	154
30783400000000 30783500000381 	6200015594 18347794905 1161752 	6198853842 1161752 0 0 0 	34906642 1161752 0 	487.649 	3 	154
30809000000000 30809100000381 	6400016356 18939845966 1194791 	6398821565 1194791 0 0 0 	35902924 1194791 0 	487.439 	3 	154
30834600000000 30834700000381 	6600017118 19531927170 1227676 	6598789442 1227676 0 0 0 	36898986 1227676 0 	487.241 	3 	154
30860200000000 30860300000381 	6800017880 20124061100 1260577 	6798757303 1260577 0 0 0 	37895509 1260577 0 	487.055 	3 	154
30885800000000 30885900000381 	7000018642 20716124956 1293235 	6998725407 1293235 0 0 0 	38872008 1293235 0 	486.88 	3 	154
30911400000000 30911500000468 	7200019578 21308297631 1325767 	7198693811 1325767 0 0 0 	39851533 1325767 0 	486.629 	3 	154
30937000000000 30937100000468 	7400020514 21900457046 1358103 	7398662411 1358103 0 0 0 	40816474 1358103 0 	486.391 	3 	154
30962600000000 30962700000468 	7600021450 22492620022 1390163 	7598631287 1390163 0 0 0 	41780435 1390163 0 	486.167 	3 	154
30988200000000 30988300000468 	7800022386 23084830326 1422085 	7798600301 1422085 0 0 0 	42738768 1422085 0 	485.954 	3 	154
31013800000000 31013900000468 	8000023322 23676988948 1453622 	7998569700 1453622 0 0 0 	43689070 1453622 0 	485.752 	3 	154
31039400000000 31039500000468 	8200024258 24269151248 1484730 	8198539528 1484730 0 0 0 	44629488 1484730 0 	485.56 	3 	154
31065000000000 31065100000468 	8400025194 24861370701 1515570 	8398509624 1515570 0 0 0 	45546779 1515570 0 	485.377 	3 	154
31090600000000 31090700000468 	8600026130 25453605610 1546375 	8598479755 1546375 0 0 0 	46464996 1546375 0 	485.203 	3 	154
31116200000000 31116300000468 	8800027066 26045835937 1576863 	8798450203 1576863 0 0 0 	47387545 1576863 0 	485.037 	3 	154
31141800000000 31141900000254 	9000027574 26638149211 1606639 	8998420935 1606639 0 0 0 	48279357 1606639 0 	484.786 	3 	154
31167400000000 31167500000254 	9200028082 27230415613 1636628 	9198391454 1636628 0 0 0 	49180653 1636628 0 	484.546 	3 	154
31193000000000 31193100000254 	9400028590 27822686869 1666577 	9398362013 1666577 0 0 0 	50078040 1666577 0 	484.317 	3 	154
31218600000000 31218700000254 	9600029098 28415000549 1696298 	9598332800 1696298 0 0 0 	50976109 1696298 0 	484.098 	3 	154
31244200000000 31244300000254 	9800029606 29007276017 1726214 	9798303392 1726214 0 0 0 	51876730 1726214 0 	483.887 	3 	154
31269800000000 31269900000254 	10000030114 29599572984 1755974 	9998274140 1755974 0 0 0 	52773736 1755974 0 	483.685 	3 	154
31295400000000 31295500000254 	10200030622 30191927619 1784831 	10198245791 1784831 0 0 0 	53638119 1784831 0 	483.492 	3 	154
31321000000000 31321100000254 	10400031130 30784310572 1813607 	10398217523 1813607 0 0 0 	54503219 1813607 0 	483.306 	3 	154
31346600000000 31346700000254 	10600031638 31376705344 1842374 	10598189264 1842374 0 0 0 	55372482 1842374 0 	483.127 	3 	154
31372200000000 31372300000365 	10800032368 31969098950 1870753 	10798161615 1870753 0 0 0 	56222214 1870753 0 	482.896 	3 	154
31397800000000 31397900000365 	11000033098 32561510641 1898874 	10998134224 1898874 0 0 0 	57075826 1898874 0 	482.675 	3 	154
31423400000000 31423500000365 	11200033828 33153954797 1927093 	11198106735 1927093 0 0 0 	57930129 1927093 0 	482.461 	3 	154
31449000000000 31449100000365 	11400034558 33746363071 1954679 	11398079879 1954679 0 0 0 	58759699 1954679 0 	482.255 	3 	154
31474600000000 31474700000365 	11600035288 34338794723 1982300 	11598052988 1982300 0 0 0 	59593776 1982300 0 	482.057 	3 	154
31500200000000 31500300000365 	11800036018 34931271889 2010079 	11798025939 2010079 0 0 0 	60428164 2010079 0 	481.865 	3 	154
31525800000000 31525900000365 	12000036748 35523763187 2037054 	11997999694 2037054 0 0 0 	61239576 2037054 0 	481.68 	3 	154
31551400000000 31551500000365 	12200037478 36116202288 2064290 	12197973188 2064290 0 0 0 	62057306 2064290 0 	481.501 	3 	154
31577000000000 31577100000365 	12400038208 36708685041 2091124 	12397947084 2091124 0 0 0 	62863579 2091124 0 	481.328 	3 	154
31602600000000 31602700000368 	12600038944 37301165043 2118073 	12597920871 2118073 0 0 0 	63675068 2118073 0 	481.11 	3 	154
31628200000000 31628300000368 	12800039680 37893734328 2144642 	12797895038 2144642 0 0 0 	64470798 2144642 0 	480.9 	3 	154
31653800000000 31653900000368 	13000040416 38486217045 2170868 	12997869548 2170868 0 0 0 	65261855 2170868 0 	480.696 	3 	154
31679400000000 31679500000368 	13200041152 39078738591 2197211 	13197843941 2197211 0 0 0 	66052623 2197211 0 	480.498 	3 	154
31705000000000 31705100000368 	13400041888 39671303977 2223452 	13397818436 2223452 0 0 0 	66837623 2223452 0 	480.307 	3 	154
31730600000000 31730700000368 	13600042624 40263915518 2249810 	13597792814 2249810 0 0 0 	67639366 2249810 0 	480.121 	3 	154
31756200000000 31756300000368 	13800043360 40856550870 2275374 	13797767986 2275374 0 0 0 	68395508 2275374 0 	479.941 	3 	154
31781800000000 31781900000368 	14000044096 41449188333 2300953 	13997743143 2300953 0 0 0 	69157272 2300953 0 	479.766 	3 	154
31807400000000 31807500000368 	14200044832 42041820759 2326086 	14197718746 2326086 0 0 0 	69911871 2326086 0 	479.596 	3 	154
31833000000000 31833100000352 	14400045536 42634470141 2351287 	14397694249 2351287 0 0 0 	70670867 2351287 0 	479.373 	3 	154
31858600000000 31858700000352 	14600046240 43227086554 2376386 	14597669854 2376386 0 0 0 	71432478 2376386 0 	479.155 	3 	154
31884200000000 31884300000352 	14800046944 43819716986 2400697 	14797646247 2400697 0 0 0 	72170395 2400697 0 	478.944 	3 	154
