30016400000000 30016500000476 	200000952 591691345 41536 	199959416 41536 0 0 0 	1253978 41536 0 	492 	3 	164
30042000000000 30042100000476 	400001904 1183367111 82887 	399919017 82887 0 0 0 	2486802 82887 0 	492 	3 	164
30067600000000 30067700000476 	600002856 1775037278 123802 	599879054 123802 0 0 0 	3711722 123802 0 	492 	3 	164
30093200000000 30093300000476 	800003808 2366760541 164492 	799839316 164492 0 0 0 	4931316 164492 0 	492 	3 	164
30118800000000 30118900000476 	1000004760 2958463314 204901 	999799859 204901 0 0 0 	6141399 204901 0 	492 	3 	164
30144400000000 30144500000476 	1200005712 3550243064 244833 	1199760879 244833 0 0 0 	7337132 244833 0 	492 	3 	164
30170000000000 30170100000476 	1400006664 4142015574 284713 	1399721951 284713 0 0 0 	8531429 284713 0 	492 	3 	164
30195600000000 30195700000476 	1600007616 4733741479 324283 	1599683333 324283 0 0 0 	9724047 324283 0 	492 	3 	164
30221200000000 30221300000476 	1800008568 5325502524 363466 	1799645102 363466 0 0 0 	10898871 363466 0 	492 	3 	164
30246800000000 30246900000011 	2000008590 5917301684 402470 	1999606120 402470 0 0 0 	12076916 402470 0 	491.698 	3 	164
30272400000000 30272500000011 	2200008612 6509070402 441211 	2199567401 441211 0 0 0 	13244622 441211 0 	491.452 	3 	164
30298000000000 30298100000011 	2400008634 7100983063 479488 	2399529146 479488 0 0 0 	14396616 479488 0 	491.247 	3 	164
30323600000000 30323700000011 	2600008656 7692826830 517524 	2599491132 517524 0 0 0 	15541665 517524 0 	491.073 	3 	164
30349200000000 30349300000011 	2800008678 8284653085 555300 	2799453378 555300 0 0 0 	16670605 555300 0 	490.924 	3 	164
30374800000000 30374900000011 	3000008700 8876500460 592829 	2999415871 592829 0 0 0 	17801291 592829 0 	490.796 	3 	164
30400400000000 30400500000011 	3200008722 9468317845 630203 	3199378519 630203 0 0 0 	18918364 630203 0 	490.683 	3 	164
30426000000000 30426100000011 	3400008744 10060203128 667640 	3399341104 667640 0 0 0 	20048955 667640 0 	490.584 	3 	164
30451600000000 30451700000011 	3600008766 10652010672 704311 	3599304455 704311 0 0 0 	21157381 704311 0 	490.495 	3 	164
30477200000000 30477300000210 	3800009186 11243907683 740780 	3799268406 740780 0 0 0 	22258315 740780 0 	490.203 	3 	164
30502800000000 30502900000210 	4000009606 11835868214 777250 	3999232356 777250 0 0 0 	23353397 777250 0 	489.94 	3 	164
30528400000000 30528500000210 	4200010026 12427780415 813318 	4199196708 813318 0 0 0 	24443383 813318 0 	489.703 	3 	164
30554000000000 30554100000210 	4400010446 13019704165 849019 	4399161427 849019 0 0 0 	25512182 849019 0 	489.487 	3 	164
30579600000000 30579700000210 	4600010866 13611646902 884832 	4599126034 884832 0 0 0 	26580382 884832 0 	489.29 	3 	164
30605200000000 30605300000210 	4800011286 14203578951 919992 	4799091294 919992 0 0 0 	27642992 919992 0 	489.11 	3 	164
30630800000000 30630900000210 	5000011706 14795548574 954823 	4999056883 954823 0 0 0 	28693045 954823 0 	488.944 	3 	164
30656400000000 30656500000210 	5200012126 15387527014 989658 	5199022468 989658 0 0 0 	29739260 989658 0 	488.791 	3 	164
30682000000000 30682100000210 	5400012546 15979609223 1024517 	5398988029 1024517 0 0 0 	30786575 1024517 0 	488.65 	3 	164
30707600000000 30707700000381 	5600013308 16571702424 1058916 	5598954392 1058916 0 0 0 	31817442 1058916 0 	488.372 	3 	164
30733200000000 30733300000381 	5800014070 17163852970 1093270 	5798920800 1093270 0 0 0 	32847780 1093270 0 	488.114 	3 	164
30758800000000 30758900000381 	6000014832 17755874235 1127197 	5998887635 1127197 0 0 0 	33865146 1127197 0 	487.874 	3 	164
30784400000000 30784500000381 	6200015594 18347958088 1160852 	6198854742 1160852 0 0 0 	34880265 1160852 0 	487.649 	3 	164
30810000000000 30810100000381 	6400016356 18940075315 1194492 	6398821864 1194492 0 0 0 	35883107 1194492 0 	487.439 	3 	164
30835600000000 30835700000381 	6600017118 19532233135 1227784 	6598789334 1227784 0 0 0 	36886796 1227784 0 	487.241 	3 	164
30861200000000 30861300000381 	6800017880 20124305640 1260868 	6798757012 1260868 0 0 0 	37886850 1260868 0 	487.055 	3 	164
30886800000000 30886900000381 	7000018642 20716391241 1293255 	6998725387 1293255 0 0 0 	38861165 1293255 0 	486.88 	3 	164
30912400000000 30912500000468 	7200019578 21308526779 1325782 	7198693796 1325782 0 0 0 	39833592 1325782 0 	486.629 	3 	164
30938000000000 30938100000468 	7400020514 21900622381 1357869 	7398662645 1357869 0 0 0 	40802064 1357869 0 	486.391 	3 	164
30963600000000 30963700000468 	7600021450 22492776696 1390089 	7598631361 1390089 0 0 0 	41765653 1390089 0 	486.167 	3 	164
30989200000000 30989300000468 	7800022386 23084968526 1421712 	7798600674 1421712 0 0 0 	42720448 1421712 0 	485.954 	3 	164
31014800000000 31014900000468 	8000023322 23677207363 1453227 	7998570095 1453227 0 0 0 	43663785 1453227 0 	485.752 	3 	164
31040400000000 31040500000468 	8200024258 24269460170 1484783 	8198539475 1484783 0 0 0 	44604061 1484783 0 	485.56 	3 	164
31066000000000 31066100000468 	8400025194 24861707311 1516003 	8398509191 1516003 0 0 0 	45540856 1516003 0 	485.377 	3 	164
31091600000000 31091700000468 	8600026130 25453989312 1547157 	8598478973 1547157 0 0 0 	46484112 1547157 0 	485.203 	3 	164
31117200000000 31117300000468 	8800027066 26046299279 1577912 	8798449154 1577912 0 0 0 	47413657 1577912 0 	485.037 	3 	164
31142800000000 31142900000254 	9000027574 26638549767 1608543 	8998419031 1608543 0 0 0 	48342967 1608543 0 	484.786 	3 	164
31168400000000 31168500000254 	9200028082 27230805712 1638556 	9198389526 1638556 0 0 0 	49238587 1638556 0 	484.546 	3 	164
31194000000000 31194100000254 	9400028590 27823044758 1668356 	9398360234 1668356 0 0 0 	50139803 1668356 0 	484.317 	3 	164
31219600000000 31219700000254 	9600029098 28415370279 1698082 	9598331016 1698082 0 0 0 	51027662 1698082 0 	484.098 	3 	164
31245200000000 31245300000254 	9800029606 29007691472 1727490 	9798302116 1727490 0 0 0 	51905543 1727490 0 	483.887 	3 	164
31270800000000 31270900000254 	10000030114 29600075896 1756895 	9998273219 1756895 0 0 0 	52793697 1756895 0 	483.685 	3 	164
31296400000000 31296500000254 	10200030622 30192455511 1785891 	10198244731 1785891 0 0 0 	53667790 1785891 0 	483.492 	3 	164
31322000000000 31322100000254 	10400031130 30784803294 1814895 	10398216235 1814895 0 0 0 	54538849 1814895 0 	483.306 	3 	164
31347600000000 31347700000254 	10600031638 31377218700 1843881 	10598187757 1843881 0 0 0 	55412580 1843881 0 	483.127 	3 	164
31373200000000 31373300000365 	10800032368 31969602047 1872328 	10798160040 1872328 0 0 0 	56270709 1872328 0 	482.896 	3 	164
31398800000000 31398900000365 	11000033098 32562029889 1900660 	10998132438 1900660 0 0 0 	57135420 1900660 0 	482.675 	3 	164
31424400000000 31424500000365 	11200033828 33154476007 1928746 	11198105082 1928746 0 0 0 	57981327 1928746 0 	482.461 	3 	164
31450000000000 31450100000365 	11400034558 33746941853 1956632 	11398077926 1956632 0 0 0 	58813351 1956632 0 	482.255 	3 	164
31475600000000 31475700000365 	11600035288 34339442385 1984562 	11598050726 1984562 0 0 0 	59654586 1984562 0 	482.057 	3 	164
31501200000000 31501300000365 	11800036018 34931836443 2012137 	11798023881 2012137 0 0 0 	60486305 2012137 0 	481.865 	3 	164
31526800000000 31526900000365 	12000036748 35524313303 2039349 	11997997399 2039349 0 0 0 	61307407 2039349 0 	481.68 	3 	164
31552400000000 31552500000365 	12200037478 36116780143 2066754 	12197970724 2066754 0 0 0 	62129597 2066754 0 	481.501 	3 	164
31578000000000 31578100000365 	12400038208 36709317491 2093632 	12397944576 2093632 0 0 0 	62937710 2093632 0 	481.328 	3 	164
31603600000000 31603700000368 	12600038944 37301822902 2120393 	12597918551 2120393 0 0 0 	63746552 2120393 0 	481.11 	3 	164
31629200000000 31629300000368 	12800039680 37894415086 2146612 	12797893068 2146612 0 0 0 	64526730 2146612 0 	480.9 	3 	164
31654800000000 31654900000368 	13000040416 38486929642 2173065 	12997867351 2173065 0 0 0 	65325846 2173065 0 	480.696 	3 	164
31680400000000 31680500000368 	13200041152 39079473644 2199151 	13197842001 2199151 0 0 0 	66102532 2199151 0 	480.498 	3 	164
31706000000000 31706100000368 	13400041888 39671964533 2225582 	13397816306 2225582 0 0 0 	66900154 2225582 0 	480.307 	3 	164
31731600000000 31731700000368 	13600042624 40264534081 2251244 	13597791380 2251244 0 0 0 	67672786 2251244 0 	480.121 	3 	164
31757200000000 31757300000368 	13800043360 40857165479 2277255 	13797766105 2277255 0 0 0 	68452370 2277255 0 	479.941 	3 	164
31782800000000 31782900000368 	14000044096 41449714580 2302620 	13997741476 2302620 0 0 0 	69222589 2302620 0 	479.766 	3 	164
31808400000000 31808500000368 	14200044832 42042371497 2328070 	14197716762 2328070 0 0 0 	69994535 2328070 0 	479.596 	3 	164
31834000000000 31834100000352 	14400045536 42635007575 2353073 	14397692463 2353073 0 0 0 	70739413 2353073 0 	479.373 	3 	164
31859600000000 31859700000352 	14600046240 43227663574 2378132 	14597668108 2378132 0 0 0 	71493676 2378132 0 	479.155 	3 	164
31885200000000 31885300000352 	14800046944 43820305452 2402897 	14797644047 2402897 0 0 0 	72238697 2402897 0 	478.944 	3 	164
