30016700000000 30016800000476 	200000952 591707224 41160 	199959792 41160 0 0 0 	1239997 41160 0 	492 	3 	167
30042300000000 30042400000476 	400001904 1183395762 82348 	399919556 82348 0 0 0 	2474178 82348 0 	492 	3 	167
30067900000000 30068000000476 	600002856 1775120091 123123 	599879733 123123 0 0 0 	3695965 123123 0 	492 	3 	167
30093500000000 30093600000476 	800003808 2366844184 163764 	799840044 163764 0 0 0 	4910386 163764 0 	492 	3 	167
30119100000000 30119200000476 	1000004760 2958560185 203914 	999800846 203914 0 0 0 	6119954 203914 0 	492 	3 	167
30144700000000 30144800000476 	1200005712 3550319418 244302 	1199761410 244302 0 0 0 	7323737 244302 0 	492 	3 	167
30170300000000 30170400000476 	1400006664 4142101426 284063 	1399722601 284063 0 0 0 	8514762 284063 0 	492 	3 	167
30195900000000 30196000000476 	1600007616 4733817672 323515 	1599684101 323515 0 0 0 	9692449 323515 0 	492 	3 	167
30221500000000 30221600000476 	1800008568 5325606834 362905 	1799645663 362905 0 0 0 	10883963 362905 0 	492 	3 	167
30247100000000 30247200000011 	2000008590 5917437185 402082 	1999606508 402082 0 0 0 	12064037 402082 0 	491.698 	3 	167
30272700000000 30272800000011 	2200008612 6509281298 440919 	2199567693 440919 0 0 0 	13234309 440919 0 	491.452 	3 	167
30298300000000 30298400000011 	2400008634 7101033666 479195 	2399529439 479195 0 0 0 	14378404 479195 0 	491.247 	3 	167
30323900000000 30324000000011 	2600008656 7692826895 517134 	2599491522 517134 0 0 0 	15515715 517134 0 	491.073 	3 	167
30349500000000 30349600000011 	2800008678 8284654227 555366 	2799453312 555366 0 0 0 	16672104 555366 0 	490.924 	3 	167
30375100000000 30375200000011 	3000008700 8876501729 593058 	2999415642 593058 0 0 0 	17803699 593058 0 	490.796 	3 	167
30400700000000 30400800000011 	3200008722 9468364822 630397 	3199378325 630397 0 0 0 	18926765 630397 0 	490.683 	3 	167
30426300000000 30426400000011 	3400008744 10060283330 667587 	3399341157 667587 0 0 0 	20041125 667587 0 	490.584 	3 	167
30451900000000 30452000000011 	3600008766 10652163344 704293 	3599304473 704293 0 0 0 	21139246 704293 0 	490.495 	3 	167
30477500000000 30477600000210 	3800009186 11243989436 740707 	3799268479 740707 0 0 0 	22221029 740707 0 	490.203 	3 	167
30503100000000 30503200000210 	4000009606 11835935853 777258 	3999232348 777258 0 0 0 	23317243 777258 0 	489.94 	3 	167
30528700000000 30528800000210 	4200010026 12427911140 813422 	4199196604 813422 0 0 0 	24405002 813422 0 	489.703 	3 	167
30554300000000 30554400000210 	4400010446 13019885964 849116 	4399161330 849116 0 0 0 	25477340 849116 0 	489.487 	3 	167
30579900000000 30580000000210 	4600010866 13611827011 884508 	4599126358 884508 0 0 0 	26543078 884508 0 	489.29 	3 	167
30605500000000 30605600000210 	4800011286 14203837478 919874 	4799091412 919874 0 0 0 	27611546 919874 0 	489.11 	3 	167
30631100000000 30631200000210 	5000011706 14795855573 954978 	4999056728 954978 0 0 0 	28681599 954978 0 	488.944 	3 	167
30656700000000 30656800000210 	5200012126 15387852641 990038 	5199022088 990038 0 0 0 	29737974 990038 0 	488.791 	3 	167
30682300000000 30682400000210 	5400012546 15979841205 1024885 	5398987661 1024885 0 0 0 	30786234 1024885 0 	488.65 	3 	167
30707900000000 30708000000381 	5600013308 16571892613 1059267 	5598954041 1059267 0 0 0 	31824116 1059267 0 	488.372 	3 	167
30733500000000 30733600000381 	5800014070 17163949516 1093278 	5798920792 1093278 0 0 0 	32858749 1093278 0 	488.114 	3 	167
30759100000000 30759200000381 	6000014832 17755980596 1126510 	5998888322 1126510 0 0 0 	33864894 1126510 0 	487.874 	3 	167
30784700000000 30784800000381 	6200015594 18348038183 1159959 	6198855635 1159959 0 0 0 	34877096 1159959 0 	487.649 	3 	167
30810300000000 30810400000381 	6400016356 18940150125 1193029 	6398823327 1193029 0 0 0 	35867656 1193029 0 	487.439 	3 	167
30835900000000 30836000000381 	6600017118 19532225715 1225919 	6598791199 1225919 0 0 0 	36850150 1225919 0 	487.241 	3 	167
30861500000000 30861600000381 	6800017880 20124291019 1258630 	6798759250 1258630 0 0 0 	37827925 1258630 0 	487.055 	3 	167
30887100000000 30887200000381 	7000018642 20716515440 1291531 	6998727111 1291531 0 0 0 	38815355 1291531 0 	486.88 	3 	167
30912700000000 30912800000468 	7200019578 21308633796 1324099 	7198695479 1324099 0 0 0 	39792482 1324099 0 	486.629 	3 	167
30938300000000 30938400000468 	7400020514 21900796232 1356320 	7398664194 1356320 0 0 0 	40759110 1356320 0 	486.391 	3 	167
30963900000000 30964000000468 	7600021450 22493029088 1388363 	7598633087 1388363 0 0 0 	41731123 1388363 0 	486.167 	3 	167
30989500000000 30989600000468 	7800022386 23085300143 1419893 	7798602493 1419893 0 0 0 	42672427 1419893 0 	485.954 	3 	167
31015100000000 31015200000468 	8000023322 23677491155 1451534 	7998571788 1451534 0 0 0 	43627390 1451534 0 	485.752 	3 	167
31040700000000 31040800000468 	8200024258 24269777343 1483054 	8198541204 1483054 0 0 0 	44566411 1483054 0 	485.56 	3 	167
31066300000000 31066400000468 	8400025194 24862062686 1514003 	8398511191 1514003 0 0 0 	45497707 1514003 0 	485.377 	3 	167
31091900000000 31092000000468 	8600026130 25454332203 1544789 	8598481341 1544789 0 0 0 	46423592 1544789 0 	485.203 	3 	167
31117500000000 31117600000468 	8800027066 26046593430 1575356 	8798451710 1575356 0 0 0 	47345975 1575356 0 	485.037 	3 	167
31143100000000 31143200000254 	9000027574 26638871147 1605595 	8998421979 1605595 0 0 0 	48246471 1605595 0 	484.786 	3 	167
31168700000000 31168800000254 	9200028082 27231164669 1635946 	9198392136 1635946 0 0 0 	49150388 1635946 0 	484.546 	3 	167
31194300000000 31194400000254 	9400028590 27823446038 1665942 	9398362648 1665942 0 0 0 	50057095 1665942 0 	484.317 	3 	167
31219900000000 31220000000254 	9600029098 28415754022 1695743 	9598333355 1695743 0 0 0 	50945648 1695743 0 	484.098 	3 	167
31245500000000 31245600000254 	9800029606 29008113854 1725193 	9798304413 1725193 0 0 0 	51833247 1725193 0 	483.887 	3 	167
31271100000000 31271200000254 	10000030114 29600449354 1754166 	9998275948 1754166 0 0 0 	52709933 1754166 0 	483.685 	3 	167
31296700000000 31296800000254 	10200030622 30192792817 1783253 	10198247369 1783253 0 0 0 	53578868 1783253 0 	483.492 	3 	167
31322300000000 31322400000254 	10400031130 30785142954 1812071 	10398219059 1812071 0 0 0 	54447142 1812071 0 	483.306 	3 	167
31347900000000 31348000000254 	10600031638 31377576431 1840721 	10598190917 1840721 0 0 0 	55309943 1840721 0 	483.127 	3 	167
31373500000000 31373600000365 	10800032368 31970036805 1869279 	10798163089 1869279 0 0 0 	56167750 1869279 0 	482.896 	3 	167
31399100000000 31399200000365 	11000033098 32562458616 1897343 	10998135755 1897343 0 0 0 	57014305 1897343 0 	482.675 	3 	167
31424700000000 31424800000365 	11200033828 33154839248 1925503 	11198108325 1925503 0 0 0 	57856571 1925503 0 	482.461 	3 	167
31450300000000 31450400000365 	11400034558 33747283700 1953352 	11398081206 1953352 0 0 0 	58686245 1953352 0 	482.255 	3 	167
31475900000000 31476000000365 	11600035288 34339775782 1981288 	11598054000 1981288 0 0 0 	59521321 1981288 0 	482.057 	3 	167
31501500000000 31501600000365 	11800036018 34932286183 2009081 	11798026937 2009081 0 0 0 	60368291 2009081 0 	481.865 	3 	167
31527100000000 31527200000365 	12000036748 35524736868 2036558 	11998000190 2036558 0 0 0 	61199878 2036558 0 	481.68 	3 	167
31552700000000 31552800000365 	12200037478 36117288993 2063996 	12197973482 2063996 0 0 0 	62029084 2063996 0 	481.501 	3 	167
31578300000000 31578400000365 	12400038208 36709822380 2090845 	12397947363 2090845 0 0 0 	62837257 2090845 0 	481.328 	3 	167
31603900000000 31604000000368 	12600038944 37302383128 2117749 	12597921195 2117749 0 0 0 	63642694 2117749 0 	481.11 	3 	167
31629500000000 31629600000368 	12800039680 37894901863 2144145 	12797895535 2144145 0 0 0 	64444235 2144145 0 	480.9 	3 	167
31655100000000 31655200000368 	13000040416 38487407647 2170709 	12997869707 2170709 0 0 0 	65241303 2170709 0 	480.696 	3 	167
31680700000000 31680800000368 	13200041152 39079946478 2196804 	13197844348 2196804 0 0 0 	66027139 2196804 0 	480.498 	3 	167
31706300000000 31706400000368 	13400041888 39672592081 2222500 	13397819388 2222500 0 0 0 	66794719 2222500 0 	480.307 	3 	167
31731900000000 31732000000368 	13600042624 40265139699 2248311 	13597794313 2248311 0 0 0 	67568663 2248311 0 	480.121 	3 	167
31757500000000 31757600000368 	13800043360 40857765539 2273916 	13797769444 2273916 0 0 0 	68338549 2273916 0 	479.941 	3 	167
31783100000000 31783200000368 	14000044096 41450478353 2299464 	13997744632 2299464 0 0 0 	69111984 2299464 0 	479.766 	3 	167
31808700000000 31808800000368 	14200044832 42043129108 2324694 	14197720138 2324694 0 0 0 	69879380 2324694 0 	479.596 	3 	167
31834300000000 31834400000352 	14400045536 42635798887 2349744 	14397695792 2349744 0 0 0 	70643234 2349744 0 	479.373 	3 	167
31859900000000 31860000000352 	14600046240 43228477088 2374418 	14597671822 2374418 0 0 0 	71386060 2374418 0 	479.155 	3 	167
31885500000000 31885600000352 	14800046944 43821120667 2399146 	14797647798 2399146 0 0 0 	72133015 2399146 0 	478.944 	3 	167
