30017200000000 30017300000476 	200000952 591595329 41484 	199959468 41484 0 0 0 	1242290 41484 0 	492 	3 	172
30042800000000 30042900000476 	400001904 1183228562 82568 	399919336 82568 0 0 0 	2469652 82568 0 	492 	3 	172
30068400000000 30068500000476 	600002856 1774905342 123195 	599879661 123195 0 0 0 	3684887 123195 0 	492 	3 	172
30094000000000 30094100000476 	800003808 2366594996 163727 	799840081 163727 0 0 0 	4909112 163727 0 	492 	3 	172
30119600000000 30119700000476 	1000004760 2958299164 203957 	999800803 203957 0 0 0 	6118262 203957 0 	492 	3 	172
30145200000000 30145300000476 	1200005712 3549957841 243848 	1199761864 243848 0 0 0 	7337130 243848 0 	492 	3 	172
30170800000000 30170900000476 	1400006664 4141640975 283482 	1399723182 283482 0 0 0 	8532426 283482 0 	492 	3 	172
30196400000000 30196500000476 	1600007616 4733381545 323166 	1599684450 323166 0 0 0 	9722028 323166 0 	492 	3 	172
30222000000000 30222100000476 	1800008568 5325182858 362474 	1799646094 362474 0 0 0 	10900493 362474 0 	492 	3 	172
30247600000000 30247700000011 	2000008590 5916982912 401431 	1999607159 401431 0 0 0 	12068069 401431 0 	491.698 	3 	172
30273200000000 30273300000011 	2200008612 6508776815 439937 	2199568675 439937 0 0 0 	13230922 439937 0 	491.452 	3 	172
30298800000000 30298900000011 	2400008634 7100620845 478542 	2399530092 478542 0 0 0 	14396179 478542 0 	491.247 	3 	172
30324400000000 30324500000011 	2600008656 7692442523 516611 	2599492045 516611 0 0 0 	15533346 516611 0 	491.073 	3 	172
30350000000000 30350100000011 	2800008678 8284208866 554215 	2799454463 554215 0 0 0 	16664439 554215 0 	490.924 	3 	172
30375600000000 30375700000011 	3000008700 8876075690 591604 	2999417096 591604 0 0 0 	17785670 591604 0 	490.796 	3 	172
30401200000000 30401300000011 	3200008722 9467947221 628785 	3199379937 628785 0 0 0 	18897087 628785 0 	490.683 	3 	172
30426800000000 30426900000011 	3400008744 10059836533 666068 	3399342676 666068 0 0 0 	20014993 666068 0 	490.584 	3 	172
30452400000000 30452500000011 	3600008766 10651694468 702890 	3599305876 702890 0 0 0 	21123786 702890 0 	490.495 	3 	172
30478000000000 30478100000210 	3800009186 11243676706 739663 	3799269523 739663 0 0 0 	22221712 739663 0 	490.203 	3 	172
30503600000000 30503700000210 	4000009606 11835654802 775959 	3999233647 775959 0 0 0 	23317019 775959 0 	489.94 	3 	172
30529200000000 30529300000210 	4200010026 12427617549 812032 	4199197994 812032 0 0 0 	24399408 812032 0 	489.703 	3 	172
30554800000000 30554900000210 	4400010446 13019562144 847705 	4399162741 847705 0 0 0 	25466241 847705 0 	489.487 	3 	172
30580400000000 30580500000210 	4600010866 13611528320 883246 	4599127620 883246 0 0 0 	26535190 883246 0 	489.29 	3 	172
30606000000000 30606100000210 	4800011286 14203480215 918498 	4799092788 918498 0 0 0 	27595689 918498 0 	489.11 	3 	172
30631600000000 30631700000210 	5000011706 14795450854 953637 	4999058069 953637 0 0 0 	28644121 953637 0 	488.944 	3 	172
30657200000000 30657300000210 	5200012126 15387460851 988127 	5199023999 988127 0 0 0 	29682809 988127 0 	488.791 	3 	172
30682800000000 30682900000210 	5400012546 15979470804 1022596 	5398989950 1022596 0 0 0 	30719817 1022596 0 	488.65 	3 	172
30708400000000 30708500000381 	5600013308 16571488801 1056864 	5598956444 1056864 0 0 0 	31761039 1056864 0 	488.372 	3 	172
30734000000000 30734100000381 	5800014070 17163545926 1090656 	5798923414 1090656 0 0 0 	32781963 1090656 0 	488.114 	3 	172
30759600000000 30759700000381 	6000014832 17755609693 1124184 	5998890648 1124184 0 0 0 	33797769 1124184 0 	487.874 	3 	172
30785200000000 30785300000381 	6200015594 18347714053 1157789 	6198857805 1157789 0 0 0 	34812377 1157789 0 	487.649 	3 	172
30810800000000 30810900000381 	6400016356 18939812098 1191425 	6398824931 1191425 0 0 0 	35822778 1191425 0 	487.439 	3 	172
30836400000000 30836500000381 	6600017118 19531932903 1224335 	6598792783 1224335 0 0 0 	36806257 1224335 0 	487.241 	3 	172
30862000000000 30862100000381 	6800017880 20124053619 1257184 	6798760696 1257184 0 0 0 	37795872 1257184 0 	487.055 	3 	172
30887600000000 30887700000381 	7000018642 20716158111 1289371 	6998729271 1289371 0 0 0 	38758359 1289371 0 	486.88 	3 	172
30913200000000 30913300000468 	7200019578 21308266943 1321734 	7198697844 1321734 0 0 0 	39730726 1321734 0 	486.629 	3 	172
30938800000000 30938900000468 	7400020514 21900373403 1353876 	7398666638 1353876 0 0 0 	40697096 1353876 0 	486.391 	3 	172
30964400000000 30964500000468 	7600021450 22492518104 1385828 	7598635622 1385828 0 0 0 	41651176 1385828 0 	486.167 	3 	172
30990000000000 30990100000468 	7800022386 23084744715 1417782 	7798604604 1417782 0 0 0 	42618198 1417782 0 	485.954 	3 	172
31015600000000 31015700000468 	8000023322 23676927876 1449019 	7998574303 1449019 0 0 0 	43560751 1449019 0 	485.752 	3 	172
31041200000000 31041300000468 	8200024258 24269107653 1480254 	8198544004 1480254 0 0 0 	44499865 1480254 0 	485.56 	3 	172
31066800000000 31066900000468 	8400025194 24861330225 1511444 	8398513750 1511444 0 0 0 	45438839 1511444 0 	485.377 	3 	172
31092400000000 31092500000468 	8600026130 25453581957 1542184 	8598483946 1542184 0 0 0 	46358047 1542184 0 	485.203 	3 	172
31118000000000 31118100000468 	8800027066 26045853812 1572838 	8798454228 1572838 0 0 0 	47278127 1572838 0 	485.037 	3 	172
31143600000000 31143700000254 	9000027574 26638075309 1603236 	8998424338 1603236 0 0 0 	48192739 1603236 0 	484.786 	3 	172
31169200000000 31169300000254 	9200028082 27230402651 1633508 	9198394574 1633508 0 0 0 	49101439 1633508 0 	484.546 	3 	172
31194800000000 31194900000254 	9400028590 27822707930 1663589 	9398365001 1663589 0 0 0 	50005821 1663589 0 	484.317 	3 	172
31220400000000 31220500000254 	9600029098 28414990050 1693231 	9598335867 1693231 0 0 0 	50899351 1693231 0 	484.098 	3 	172
31246000000000 31246100000254 	9800029606 29007268996 1723013 	9798306593 1723013 0 0 0 	51801032 1723013 0 	483.887 	3 	172
31271600000000 31271700000254 	10000030114 29599632972 1752104 	9998278010 1752104 0 0 0 	52670072 1752104 0 	483.685 	3 	172
31297200000000 31297300000254 	10200030622 30192049156 1781552 	10198249070 1781552 0 0 0 	53552728 1781552 0 	483.492 	3 	172
31322800000000 31322900000254 	10400031130 30784442543 1810360 	10398220770 1810360 0 0 0 	54414958 1810360 0 	483.306 	3 	172
31348400000000 31348500000254 	10600031638 31376841350 1839407 	10598192231 1839407 0 0 0 	55293070 1839407 0 	483.127 	3 	172
31374000000000 31374100000365 	10800032368 31969199265 1867756 	10798164612 1867756 0 0 0 	56140647 1867756 0 	482.896 	3 	172
31399600000000 31399700000365 	11000033098 32561578688 1896015 	10998137083 1896015 0 0 0 	56992743 1896015 0 	482.675 	3 	172
31425200000000 31425300000365 	11200033828 33153972548 1924114 	11198109714 1924114 0 0 0 	57830126 1924114 0 	482.461 	3 	172
31450800000000 31450900000365 	11400034558 33746450432 1951725 	11398082833 1951725 0 0 0 	58655816 1951725 0 	482.255 	3 	172
31476400000000 31476500000365 	11600035288 34338941624 1979399 	11598055889 1979399 0 0 0 	59487568 1979399 0 	482.057 	3 	172
31502000000000 31502100000365 	11800036018 34931389903 2006947 	11798029071 2006947 0 0 0 	60315568 2006947 0 	481.865 	3 	172
31527600000000 31527700000365 	12000036748 35523887184 2034237 	11998002511 2034237 0 0 0 	61130193 2034237 0 	481.68 	3 	172
31553200000000 31553300000365 	12200037478 36116431364 2061405 	12197976073 2061405 0 0 0 	61949024 2061405 0 	481.501 	3 	172
31578800000000 31578900000365 	12400038208 36708918384 2088406 	12397949802 2088406 0 0 0 	62759347 2088406 0 	481.328 	3 	172
31604400000000 31604500000368 	12600038944 37301482337 2115157 	12597923787 2115157 0 0 0 	63564211 2115157 0 	481.11 	3 	172
31630000000000 31630100000368 	12800039680 37894037145 2141616 	12797898064 2141616 0 0 0 	64360669 2141616 0 	480.9 	3 	172
31655600000000 31655700000368 	13000040416 38486628392 2168229 	12997872187 2168229 0 0 0 	65157437 2168229 0 	480.696 	3 	172
31681200000000 31681300000368 	13200041152 39079230693 2194517 	13197846635 2194517 0 0 0 	65945463 2194517 0 	480.498 	3 	172
31706800000000 31706900000368 	13400041888 39671813456 2220766 	13397821122 2220766 0 0 0 	66737052 2220766 0 	480.307 	3 	172
31732400000000 31732500000368 	13600042624 40264397120 2246437 	13597796187 2246437 0 0 0 	67506873 2246437 0 	480.121 	3 	172
31758000000000 31758100000368 	13800043360 40856966723 2272230 	13797771130 2272230 0 0 0 	68284538 2272230 0 	479.941 	3 	172
31783600000000 31783700000368 	14000044096 41449558186 2297402 	13997746694 2297402 0 0 0 	69035324 2297402 0 	479.766 	3 	172
31809200000000 31809300000368 	14200044832 42042188699 2322499 	14197722333 2322499 0 0 0 	69794352 2322499 0 	479.596 	3 	172
31834800000000 31834900000352 	14400045536 42634799416 2347785 	14397697751 2347785 0 0 0 	70555347 2347785 0 	479.373 	3 	172
31860400000000 31860500000352 	14600046240 43227378440 2372515 	14597673725 2372515 0 0 0 	71294313 2372515 0 	479.155 	3 	172
31886000000000 31886100000352 	14800046944 43820088185 2397174 	14797649770 2397174 0 0 0 	72036257 2397174 0 	478.944 	3 	172
