30019000000000 30019100000476 	200000952 591661618 41639 	199959313 41639 0 0 0 	1250529 41639 0 	492 	3 	190
30044600000000 30044700000476 	400001904 1183290892 82646 	399919258 82646 0 0 0 	2490132 82646 0 	492 	3 	190
30070200000000 30070300000476 	600002856 1774944883 123303 	599879553 123303 0 0 0 	3703080 123303 0 	492 	3 	190
30095800000000 30095900000476 	800003808 2366613303 164173 	799839635 164173 0 0 0 	4936520 164173 0 	492 	3 	190
30121400000000 30121500000476 	1000004760 2958315684 204560 	999800200 204560 0 0 0 	6139633 204560 0 	492 	3 	190
30147000000000 30147100000476 	1200005712 3550079354 245003 	1199760709 245003 0 0 0 	7357060 245003 0 	492 	3 	190
30172600000000 30172700000476 	1400006664 4141761300 285022 	1399721642 285022 0 0 0 	8558955 285022 0 	492 	3 	190
30198200000000 30198300000476 	1600007616 4733489254 324591 	1599683025 324591 0 0 0 	9749516 324591 0 	492 	3 	190
30223800000000 30223900000476 	1800008568 5325254069 364032 	1799644536 364032 0 0 0 	10921573 364032 0 	492 	3 	190
30249400000000 30249500000011 	2000008590 5917074611 402974 	1999605616 402974 0 0 0 	12091442 402974 0 	491.698 	3 	190
30275000000000 30275100000011 	2200008612 6508905674 441627 	2199566985 441627 0 0 0 	13252173 441627 0 	491.452 	3 	190
30300600000000 30300700000011 	2400008634 7100711688 479961 	2399528673 479961 0 0 0 	14406358 479961 0 	491.247 	3 	190
30326200000000 30326300000011 	2600008656 7692490921 518241 	2599490415 518241 0 0 0 	15560769 518241 0 	491.073 	3 	190
30351800000000 30351900000011 	2800008678 8284307535 556262 	2799452416 556262 0 0 0 	16699716 556262 0 	490.924 	3 	190
30377400000000 30377500000011 	3000008700 8876118486 593619 	2999415081 593619 0 0 0 	17823468 593619 0 	490.796 	3 	190
30403000000000 30403100000011 	3200008722 9468026199 630634 	3199378088 630634 0 0 0 	18937114 630634 0 	490.683 	3 	190
30428600000000 30428700000011 	3400008744 10059912193 667751 	3399340993 667751 0 0 0 	20051512 667751 0 	490.584 	3 	190
30454200000000 30454300000011 	3600008766 10651854955 704593 	3599304173 704593 0 0 0 	21152131 704593 0 	490.495 	3 	190
30479800000000 30479900000210 	3800009186 11243781665 740952 	3799268234 740952 0 0 0 	22245378 740952 0 	490.203 	3 	190
30505400000000 30505500000210 	4000009606 11835703220 777162 	3999232444 777162 0 0 0 	23331274 777162 0 	489.94 	3 	190
30531000000000 30531100000210 	4200010026 12427651073 813150 	4199196876 813150 0 0 0 	24413215 813150 0 	489.703 	3 	190
30556600000000 30556700000210 	4400010446 13019620745 848726 	4399161720 848726 0 0 0 	25480931 848726 0 	489.487 	3 	190
30582200000000 30582300000210 	4600010866 13611605759 883920 	4599126946 883920 0 0 0 	26537413 883920 0 	489.29 	3 	190
30607800000000 30607900000210 	4800011286 14203576992 919142 	4799092144 919142 0 0 0 	27606789 919142 0 	489.11 	3 	190
30633400000000 30633500000210 	5000011706 14795551697 953887 	4999057819 953887 0 0 0 	28647925 953887 0 	488.944 	3 	190
30659000000000 30659100000210 	5200012126 15387566396 988421 	5199023705 988421 0 0 0 	29689209 988421 0 	488.791 	3 	190
30684600000000 30684700000381 	5400012888 15979573446 1023017 	5398989871 1023017 0 0 0 	30728970 1023017 0 	488.498 	3 	190
30710200000000 30710300000381 	5600013650 16571578782 1057091 	5598956559 1057091 0 0 0 	31753258 1057091 0 	488.226 	3 	190
30735800000000 30735900000381 	5800014412 17163600065 1091221 	5798923191 1091221 0 0 0 	32782782 1091221 0 	487.974 	3 	190
30761400000000 30761500000381 	6000015174 17755654842 1125334 	5998889840 1125334 0 0 0 	33811760 1125334 0 	487.738 	3 	190
30787000000000 30787100000381 	6200015936 18347725412 1158744 	6198857192 1158744 0 0 0 	34815723 1158744 0 	487.518 	3 	190
30812600000000 30812700000381 	6400016698 18939762354 1191847 	6398824851 1191847 0 0 0 	35818706 1191847 0 	487.311 	3 	190
30838200000000 30838300000381 	6600017460 19531854454 1225145 	6598792315 1225145 0 0 0 	36819849 1225145 0 	487.118 	3 	190
30863800000000 30863900000381 	6800018222 20123940454 1258128 	6798760094 1258128 0 0 0 	37811548 1258128 0 	486.935 	3 	190
30889400000000 30889500000381 	7000018984 20716075644 1290465 	6998728519 1290465 0 0 0 	38777832 1290465 0 	486.764 	3 	190
30915000000000 30915100000468 	7200019920 21308227540 1322801 	7198697119 1322801 0 0 0 	39746632 1322801 0 	486.516 	3 	190
30940600000000 30940700000468 	7400020856 21900398238 1355148 	7398665708 1355148 0 0 0 	40723623 1355148 0 	486.282 	3 	190
30966200000000 30966300000468 	7600021792 22492573273 1386998 	7598634794 1386998 0 0 0 	41686209 1386998 0 	486.06 	3 	190
30991800000000 30991900000468 	7800022728 23084761997 1418757 	7798603971 1418757 0 0 0 	42645070 1418757 0 	485.85 	3 	190
31017400000000 31017500000468 	8000023664 23676967151 1450103 	7998573561 1450103 0 0 0 	43581030 1450103 0 	485.651 	3 	190
31043000000000 31043100000468 	8200024600 24269151425 1481408 	8198543192 1481408 0 0 0 	44517189 1481408 0 	485.461 	3 	190
31068600000000 31068700000468 	8400025536 24861368362 1512695 	8398512841 1512695 0 0 0 	45451911 1512695 0 	485.281 	3 	190
31094200000000 31094300000468 	8600026472 25453650125 1543851 	8598482621 1543851 0 0 0 	46392069 1543851 0 	485.109 	3 	190
31119800000000 31119900000468 	8800027408 26045966476 1574678 	8798452730 1574678 0 0 0 	47310303 1574678 0 	484.945 	3 	190
31145400000000 31145500000254 	9000027916 26638240249 1604837 	8998423079 1604837 0 0 0 	48211908 1604837 0 	484.696 	3 	190
31171000000000 31171100000254 	9200028424 27230509932 1634827 	9198393597 1634827 0 0 0 	49117372 1634827 0 	484.459 	3 	190
31196600000000 31196700000254 	9400028932 27822828452 1664998 	9398363934 1664998 0 0 0 	50026455 1664998 0 	484.231 	3 	190
31222200000000 31222300000254 	9600029440 28415135704 1694533 	9598334907 1694533 0 0 0 	50914101 1694533 0 	484.014 	3 	190
31247800000000 31247900000254 	9800029948 29007447119 1723674 	9798306274 1723674 0 0 0 	51783172 1723674 0 	483.805 	3 	190
31273400000000 31273500000254 	10000030456 29599790012 1752734 	9998277722 1752734 0 0 0 	52664007 1752734 0 	483.605 	3 	190
31299000000000 31299100000254 	10200030964 30192197652 1781992 	10198248972 1781992 0 0 0 	53541672 1781992 0 	483.413 	3 	190
31324600000000 31324700000254 	10400031472 30784580784 1810918 	10398220554 1810918 0 0 0 	54409204 1810918 0 	483.229 	3 	190
31350200000000 31350300000254 	10600031980 31376938552 1839477 	10598192503 1839477 0 0 0 	55259328 1839477 0 	483.051 	3 	190
31375800000000 31375900000365 	10800032710 31969325866 1868298 	10798164412 1868298 0 0 0 	56133917 1868298 0 	482.822 	3 	190
31401400000000 31401500000365 	11000033440 32561683466 1896544 	10998136896 1896544 0 0 0 	56975863 1896544 0 	482.602 	3 	190
31427000000000 31427100000365 	11200034170 33154125474 1924807 	11198109363 1924807 0 0 0 	57822192 1924807 0 	482.39 	3 	190
31452600000000 31452700000365 	11400034900 33746620523 1952583 	11398082317 1952583 0 0 0 	58656548 1952583 0 	482.185 	3 	190
31478200000000 31478300000365 	11600035630 34339116312 1980299 	11598055331 1980299 0 0 0 	59490009 1980299 0 	481.988 	3 	190
31503800000000 31503900000365 	11800036360 34931622056 2008178 	11798028182 2008178 0 0 0 	60328698 2008178 0 	481.797 	3 	190
31529400000000 31529500000365 	12000037090 35524121132 2035382 	11998001708 2035382 0 0 0 	61145918 2035382 0 	481.613 	3 	190
31555000000000 31555100000365 	12200037820 36116636909 2062604 	12197975216 2062604 0 0 0 	61963111 2062604 0 	481.436 	3 	190
31580600000000 31580700000365 	12400038550 36709056898 2089512 	12397949038 2089512 0 0 0 	62772354 2089512 0 	481.264 	3 	190
31606200000000 31606300000368 	12600039286 37301555845 2115880 	12597923406 2115880 0 0 0 	63572015 2115880 0 	481.047 	3 	190
31631800000000 31631900000368 	12800040022 37894094983 2142501 	12797897521 2142501 0 0 0 	64373086 2142501 0 	480.838 	3 	190
31657400000000 31657500000368 	13000040758 38486698909 2169017 	12997871741 2169017 0 0 0 	65179210 2169017 0 	480.635 	3 	190
31683000000000 31683100000368 	13200041494 39079295150 2195153 	13197846341 2195153 0 0 0 	65970269 2195153 0 	480.438 	3 	190
31708600000000 31708700000368 	13400042230 39671867618 2221002 	13397821228 2221002 0 0 0 	66751739 2221002 0 	480.248 	3 	190
31734200000000 31734300000368 	13600042966 40264469263 2247080 	13597795886 2247080 0 0 0 	67535534 2247080 0 	480.063 	3 	190
31759800000000 31759900000368 	13800043702 40857135611 2272989 	13797770713 2272989 0 0 0 	68321292 2272989 0 	479.884 	3 	190
31785400000000 31785500000368 	14000044438 41449738046 2298521 	13997745917 2298521 0 0 0 	69084894 2298521 0 	479.71 	3 	190
31811000000000 31811100000368 	14200045174 42042315036 2323598 	14197721576 2323598 0 0 0 	69839791 2323598 0 	479.541 	3 	190
31836600000000 31836700000352 	14400045878 42634983794 2348924 	14397696954 2348924 0 0 0 	70606201 2348924 0 	479.318 	3 	190
31862200000000 31862300000352 	14600046582 43227676054 2373787 	14597672795 2373787 0 0 0 	71352408 2373787 0 	479.101 	3 	190
31887800000000 31887900000352 	14800047286 43820355940 2398676 	14797648610 2398676 0 0 0 	72101461 2398676 0 	478.891 	3 	190
