30021000000000 30021100000476 	200000952 591625754 41682 	199959270 41682 0 0 0 	1249862 41682 0 	492 	3 	210
30046600000000 30046700000476 	400001904 1183249678 82757 	399919147 82757 0 0 0 	2481547 82757 0 	492 	3 	210
30072200000000 30072300000476 	600002856 1774941108 123425 	599879431 123425 0 0 0 	3691470 123425 0 	492 	3 	210
30097800000000 30097900000476 	800003808 2366660634 164188 	799839620 164188 0 0 0 	4918562 164188 0 	492 	3 	210
30123400000000 30123500000476 	1000004760 2958397262 204916 	999799844 204916 0 0 0 	6143109 204916 0 	492 	3 	210
30149000000000 30149100000476 	1200005712 3550177098 244790 	1199760922 244790 0 0 0 	7341212 244790 0 	492 	3 	210
30174600000000 30174700000476 	1400006664 4141893747 284748 	1399721916 284748 0 0 0 	8547441 284748 0 	492 	3 	210
30200200000000 30200300000476 	1600007616 4733682489 324109 	1599683507 324109 0 0 0 	9721932 324109 0 	492 	3 	210
30225800000000 30225900000476 	1800008568 5325440135 363212 	1799645356 363212 0 0 0 	10899465 363212 0 	492 	3 	210
30251400000000 30251500000011 	2000008590 5917280881 402182 	1999606408 402182 0 0 0 	12062559 402182 0 	491.698 	3 	210
30277000000000 30277100000011 	2200008612 6509067326 440657 	2199567955 440657 0 0 0 	13220019 440657 0 	491.452 	3 	210
30302600000000 30302700000011 	2400008634 7100896032 479117 	2399529517 479117 0 0 0 	14370532 479117 0 	491.247 	3 	210
30328200000000 30328300000011 	2600008656 7692711768 517046 	2599491610 517046 0 0 0 	15502651 517046 0 	491.073 	3 	210
30353800000000 30353900000011 	2800008678 8284544851 554742 	2799453936 554742 0 0 0 	16635556 554742 0 	490.924 	3 	210
30379400000000 30379500000011 	3000008700 8876377307 592465 	2999416235 592465 0 0 0 	17766745 592465 0 	490.796 	3 	210
30405000000000 30405100000011 	3200008722 9468274750 629715 	3199379007 629715 0 0 0 	18886101 629715 0 	490.683 	3 	210
30430600000000 30430700000011 	3400008744 10060140539 666411 	3399342333 666411 0 0 0 	19992510 666411 0 	490.584 	3 	210
30456200000000 30456300000011 	3600008766 10652050400 703112 	3599305654 703112 0 0 0 	21090455 703112 0 	490.495 	3 	210
30481800000000 30481900000210 	3800009186 11243936363 739333 	3799269853 739333 0 0 0 	22185785 739333 0 	490.203 	3 	210
30507400000000 30507500000210 	4000009606 11835901553 775687 	3999233919 775687 0 0 0 	23279505 775687 0 	489.94 	3 	210
30533000000000 30533100000210 	4200010026 12427800809 811423 	4199198603 811423 0 0 0 	24359826 811423 0 	489.703 	3 	210
30558600000000 30558700000210 	4400010446 13019775068 847304 	4399163142 847304 0 0 0 	25432670 847304 0 	489.487 	3 	210
30584200000000 30584300000210 	4600010866 13611763918 882791 	4599128075 882791 0 0 0 	26495350 882791 0 	489.29 	3 	210
30609800000000 30609900000210 	4800011286 14203783222 917837 	4799093449 917837 0 0 0 	27540831 917837 0 	489.11 	3 	210
30635400000000 30635500000210 	5000011706 14795775866 952939 	4999058767 952939 0 0 0 	28591588 952939 0 	488.944 	3 	210
30661000000000 30661100000210 	5200012126 15387832022 987591 	5199024535 987591 0 0 0 	29630140 987591 0 	488.791 	3 	210
30686600000000 30686700000381 	5400012888 15979865733 1021715 	5398991173 1021715 0 0 0 	30662919 1021715 0 	488.498 	3 	210
30712200000000 30712300000381 	5600013650 16571935632 1055866 	5598957784 1055866 0 0 0 	31686976 1055866 0 	488.226 	3 	210
30737800000000 30737900000381 	5800014412 17163946077 1090139 	5798924273 1090139 0 0 0 	32718197 1090139 0 	487.974 	3 	210
30763400000000 30763500000381 	6000015174 17756008780 1123770 	5998891404 1123770 0 0 0 	33719205 1123770 0 	487.738 	3 	210
30789000000000 30789100000381 	6200015936 18348024259 1157163 	6198858773 1157163 0 0 0 	34725090 1157163 0 	487.518 	3 	210
30814600000000 30814700000381 	6400016698 18940123489 1190308 	6398826390 1190308 0 0 0 	35724767 1190308 0 	487.311 	3 	210
30840200000000 30840300000381 	6600017460 19532244158 1223633 	6598793827 1223633 0 0 0 	36720697 1223633 0 	487.118 	3 	210
30865800000000 30865900000381 	6800018222 20124331430 1256535 	6798761687 1256535 0 0 0 	37704954 1256535 0 	486.935 	3 	210
30891400000000 30891500000381 	7000018984 20716421933 1289047 	6998729937 1289047 0 0 0 	38683209 1289047 0 	486.764 	3 	210
30917000000000 30917100000468 	7200019920 21308546843 1321487 	7198698433 1321487 0 0 0 	39655328 1321487 0 	486.516 	3 	210
30942600000000 30942700000468 	7400020856 21900679130 1353740 	7398667116 1353740 0 0 0 	40621276 1353740 0 	486.282 	3 	210
30968200000000 30968300000468 	7600021792 22492844130 1385634 	7598636158 1385634 0 0 0 	41585067 1385634 0 	486.06 	3 	210
30993800000000 30993900000468 	7800022728 23085005382 1417596 	7798605132 1417596 0 0 0 	42535593 1417596 0 	485.85 	3 	210
31019400000000 31019500000468 	8000023664 23677235930 1448982 	7998574682 1448982 0 0 0 	43477756 1448982 0 	485.651 	3 	210
31045000000000 31045100000468 	8200024600 24269493596 1480286 	8198544314 1480286 0 0 0 	44418497 1480286 0 	485.461 	3 	210
31070600000000 31070700000468 	8400025536 24861741138 1511249 	8398514287 1511249 0 0 0 	45351007 1511249 0 	485.281 	3 	210
31096200000000 31096300000468 	8600026472 25454066993 1542217 	8598484255 1542217 0 0 0 	46286924 1542217 0 	485.109 	3 	210
31121800000000 31121900000468 	8800027408 26046365753 1572751 	8798454657 1572751 0 0 0 	47207488 1572751 0 	484.945 	3 	210
31147400000000 31147500000254 	9000027916 26638630556 1603103 	8998424813 1603103 0 0 0 	48119196 1603103 0 	484.696 	3 	210
31173000000000 31173100000254 	9200028424 27230950515 1633258 	9198395166 1633258 0 0 0 	49035074 1633258 0 	484.459 	3 	210
31198600000000 31198700000254 	9400028932 27823288270 1663423 	9398365509 1663423 0 0 0 	49939040 1663423 0 	484.231 	3 	210
31224200000000 31224300000254 	9600029440 28415566089 1693040 	9598336400 1693040 0 0 0 	50832097 1693040 0 	484.014 	3 	210
31249800000000 31249900000254 	9800029948 29007880189 1722643 	9798307305 1722643 0 0 0 	51718088 1722643 0 	483.805 	3 	210
31275400000000 31275500000254 	10000030456 29600158254 1752007 	9998278449 1752007 0 0 0 	52594098 1752007 0 	483.605 	3 	210
31301000000000 31301100000254 	10200030964 30192525630 1781034 	10198249930 1781034 0 0 0 	53471904 1781034 0 	483.413 	3 	210
31326600000000 31326700000254 	10400031472 30784917340 1810031 	10398221441 1810031 0 0 0 	54345449 1810031 0 	483.229 	3 	210
31352200000000 31352300000254 	10600031980 31377300687 1838659 	10598193321 1838659 0 0 0 	55215813 1838659 0 	483.051 	3 	210
31377800000000 31377900000365 	10800032710 31969686304 1867104 	10798165606 1867104 0 0 0 	56068278 1867104 0 	482.822 	3 	210
31403400000000 31403500000365 	11000033440 32562054253 1895349 	10998138091 1895349 0 0 0 	56916401 1895349 0 	482.602 	3 	210
31429000000000 31429100000365 	11200034170 33154461965 1923524 	11198110646 1923524 0 0 0 	57760569 1923524 0 	482.39 	3 	210
31454600000000 31454700000365 	11400034900 33746957406 1951568 	11398083332 1951568 0 0 0 	58601420 1951568 0 	482.185 	3 	210
31480200000000 31480300000365 	11600035630 34339436626 1979334 	11598056296 1979334 0 0 0 	59441184 1979334 0 	481.988 	3 	210
31505800000000 31505900000365 	11800036360 34931885916 2006686 	11798029674 2006686 0 0 0 	60266020 2006686 0 	481.797 	3 	210
31531400000000 31531500000365 	12000037090 35524384041 2034049 	11998003041 2034049 0 0 0 	61090824 2034049 0 	481.613 	3 	210
31557000000000 31557100000365 	12200037820 36116818328 2061225 	12197976595 2061225 0 0 0 	61903622 2061225 0 	481.436 	3 	210
31582600000000 31582700000365 	12400038550 36709338530 2088292 	12397950258 2088292 0 0 0 	62716305 2088292 0 	481.264 	3 	210
31608200000000 31608300000368 	12600039286 37301827718 2114694 	12597924592 2114694 0 0 0 	63510490 2114694 0 	481.047 	3 	210
31633800000000 31633900000368 	12800040022 37894360209 2141263 	12797898759 2141263 0 0 0 	64302178 2141263 0 	480.838 	3 	210
31659400000000 31659500000368 	13000040758 38486933067 2167664 	12997873094 2167664 0 0 0 	65093318 2167664 0 	480.635 	3 	210
31685000000000 31685100000368 	13200041494 39079467593 2193917 	13197847577 2193917 0 0 0 	65886187 2193917 0 	480.438 	3 	210
31710600000000 31710700000368 	13400042230 39672079479 2220064 	13397822166 2220064 0 0 0 	66660957 2220064 0 	480.248 	3 	210
31736200000000 31736300000368 	13600042966 40264660732 2245887 	13597797079 2245887 0 0 0 	67443464 2245887 0 	480.063 	3 	210
31761800000000 31761900000368 	13800043702 40857279786 2271368 	13797772334 2271368 0 0 0 	68205191 2271368 0 	479.884 	3 	210
31787400000000 31787500000368 	14000044438 41449902787 2297108 	13997747330 2297108 0 0 0 	68978767 2297108 0 	479.71 	3 	210
31813000000000 31813100000368 	14200045174 42042523291 2322268 	14197722906 2322268 0 0 0 	69734887 2322268 0 	479.541 	3 	210
31838600000000 31838700000352 	14400045878 42635153939 2347467 	14397698411 2347467 0 0 0 	70490931 2347467 0 	479.318 	3 	210
31864200000000 31864300000352 	14600046582 43227849758 2372287 	14597674295 2372287 0 0 0 	71238005 2372287 0 	479.101 	3 	210
31889800000000 31889900000352 	14800047286 43820493216 2397107 	14797650179 2397107 0 0 0 	71993741 2397107 0 	478.891 	3 	210
