30021200000000 30021300000476 	200000952 591714948 41453 	199959499 41453 0 0 0 	1252232 41453 0 	492 	3 	212
30046800000000 30046900000476 	400001904 1183390870 82743 	399919161 82743 0 0 0 	2490231 82743 0 	492 	3 	212
30072400000000 30072500000476 	600002856 1775101269 123692 	599879164 123692 0 0 0 	3716729 123692 0 	492 	3 	212
30098000000000 30098100000476 	800003808 2366803585 164239 	799839569 164239 0 0 0 	4926095 164239 0 	492 	3 	212
30123600000000 30123700000476 	1000004760 2958564865 204182 	999800578 204182 0 0 0 	6125027 204182 0 	492 	3 	212
30149200000000 30149300000476 	1200005712 3550308942 244588 	1199761124 244588 0 0 0 	7334128 244588 0 	492 	3 	212
30174800000000 30174900000476 	1400006664 4142082858 284468 	1399722196 284468 0 0 0 	8524397 284468 0 	492 	3 	212
30200400000000 30200500000476 	1600007616 4733890669 323593 	1599684023 323593 0 0 0 	9696610 323593 0 	492 	3 	212
30226000000000 30226100000476 	1800008568 5325681629 362755 	1799645813 362755 0 0 0 	10865343 362755 0 	492 	3 	212
30251600000000 30251700000011 	2000008590 5917492748 401543 	1999607047 401543 0 0 0 	12031774 401543 0 	491.698 	3 	212
30277200000000 30277300000011 	2200008612 6509230542 440125 	2199568487 440125 0 0 0 	13196056 440125 0 	491.452 	3 	212
30302800000000 30302900000011 	2400008634 7101058701 478649 	2399529985 478649 0 0 0 	14356459 478649 0 	491.247 	3 	212
30328400000000 30328500000011 	2600008656 7692905802 516514 	2599492142 516514 0 0 0 	15500126 516514 0 	491.073 	3 	212
30354000000000 30354100000011 	2800008678 8284785840 554298 	2799454380 554298 0 0 0 	16626645 554298 0 	490.924 	3 	212
30379600000000 30379700000011 	3000008700 8876625797 591794 	2999416906 591794 0 0 0 	17755521 591794 0 	490.796 	3 	212
30405200000000 30405300000011 	3200008722 9468476598 629177 	3199379545 629177 0 0 0 	18877875 629177 0 	490.683 	3 	212
30430800000000 30430900000011 	3400008744 10060419550 666057 	3399342687 666057 0 0 0 	19984850 666057 0 	490.584 	3 	212
30456400000000 30456500000011 	3600008766 10652275911 702979 	3599305787 702979 0 0 0 	21089757 702979 0 	490.495 	3 	212
30482000000000 30482100000210 	3800009186 11244190632 739191 	3799269995 739191 0 0 0 	22186964 739191 0 	490.203 	3 	212
30507600000000 30507700000210 	4000009606 11836124730 775519 	3999234087 775519 0 0 0 	23264789 775519 0 	489.94 	3 	212
30533200000000 30533300000210 	4200010026 12428035485 811474 	4199198552 811474 0 0 0 	24346780 811474 0 	489.703 	3 	212
30558800000000 30558900000210 	4400010446 13019940932 847123 	4399163323 847123 0 0 0 	25418222 847123 0 	489.487 	3 	212
30584400000000 30584500000210 	4600010866 13611966163 882413 	4599128453 882413 0 0 0 	26482594 882413 0 	489.29 	3 	212
30610000000000 30610100000210 	4800011286 14203988718 917634 	4799093652 917634 0 0 0 	27546926 917634 0 	489.11 	3 	212
30635600000000 30635700000210 	5000011706 14795981809 952783 	4999058923 952783 0 0 0 	28599909 952783 0 	488.944 	3 	212
30661200000000 30661300000210 	5200012126 15388044337 987354 	5199024772 987354 0 0 0 	29648177 987354 0 	488.791 	3 	212
30686800000000 30686900000381 	5400012888 15980075086 1022129 	5398990759 1022129 0 0 0 	30687915 1022129 0 	488.498 	3 	212
30712400000000 30712500000381 	5600013650 16572134082 1056347 	5598957303 1056347 0 0 0 	31726864 1056347 0 	488.226 	3 	212
30738000000000 30738100000381 	5800014412 17164258831 1090475 	5798923937 1090475 0 0 0 	32753265 1090475 0 	487.974 	3 	212
30763600000000 30763700000381 	6000015174 17756321827 1124178 	5998890996 1124178 0 0 0 	33759764 1124178 0 	487.738 	3 	212
30789200000000 30789300000381 	6200015936 18348399623 1157626 	6198858310 1157626 0 0 0 	34765379 1157626 0 	487.518 	3 	212
30814800000000 30814900000381 	6400016698 18940466091 1191119 	6398825579 1191119 0 0 0 	35775743 1191119 0 	487.311 	3 	212
30840400000000 30840500000381 	6600017460 19532561960 1224215 	6598793245 1224215 0 0 0 	36760680 1224215 0 	487.118 	3 	212
30866000000000 30866100000381 	6800018222 20124654880 1256780 	6798761442 1256780 0 0 0 	37729220 1256780 0 	486.935 	3 	212
30891600000000 30891700000381 	7000018984 20716771732 1289425 	6998729559 1289425 0 0 0 	38710511 1289425 0 	486.764 	3 	212
30917200000000 30917300000468 	7200019920 21308866824 1321869 	7198698051 1321869 0 0 0 	39681980 1321869 0 	486.516 	3 	212
30942800000000 30942900000468 	7400020856 21900969877 1353968 	7398666888 1353968 0 0 0 	40654784 1353968 0 	486.282 	3 	212
30968400000000 30968500000468 	7600021792 22493100059 1385565 	7598636227 1385565 0 0 0 	41597669 1385565 0 	486.06 	3 	212
30994000000000 30994100000468 	7800022728 23085294353 1417126 	7798605602 1417126 0 0 0 	42549220 1417126 0 	485.85 	3 	212
31019600000000 31019700000468 	8000023664 23677490635 1448650 	7998575014 1448650 0 0 0 	43498125 1448650 0 	485.651 	3 	212
31045200000000 31045300000468 	8200024600 24269711489 1479696 	8198544904 1479696 0 0 0 	44433343 1479696 0 	485.461 	3 	212
31070800000000 31070900000468 	8400025536 24861967183 1510747 	8398514789 1510747 0 0 0 	45367338 1510747 0 	485.281 	3 	212
31096400000000 31096500000468 	8600026472 25454157481 1541605 	8598484867 1541605 0 0 0 	46296012 1541605 0 	485.109 	3 	212
31122000000000 31122100000468 	8800027408 26046345002 1572117 	8798455291 1572117 0 0 0 	47204417 1572117 0 	484.945 	3 	212
31147600000000 31147700000254 	9000027916 26638668573 1602559 	8998425357 1602559 0 0 0 	48122831 1602559 0 	484.696 	3 	212
31173200000000 31173300000254 	9200028424 27230975003 1632503 	9198395921 1632503 0 0 0 	49022435 1632503 0 	484.459 	3 	212
31198800000000 31198900000254 	9400028932 27823227235 1662475 	9398366457 1662475 0 0 0 	49913953 1662475 0 	484.231 	3 	212
31224400000000 31224500000254 	9600029440 28415552772 1692331 	9598337109 1692331 0 0 0 	50809719 1692331 0 	484.014 	3 	212
31250000000000 31250100000254 	9800029948 29007801744 1721409 	9798308539 1721409 0 0 0 	51677530 1721409 0 	483.805 	3 	212
31275600000000 31275700000254 	10000030456 29600142983 1750927 	9998279529 1750927 0 0 0 	52563666 1750927 0 	483.605 	3 	212
31301200000000 31301300000254 	10200030964 30192504746 1779924 	10198251040 1779924 0 0 0 	53430459 1779924 0 	483.413 	3 	212
31326800000000 31326900000254 	10400031472 30784903846 1809040 	10398222432 1809040 0 0 0 	54305019 1809040 0 	483.229 	3 	212
31352400000000 31352500000254 	10600031980 31377286304 1837548 	10598194432 1837548 0 0 0 	55166481 1837548 0 	483.051 	3 	212
31378000000000 31378100000365 	10800032710 31969671804 1866168 	10798166542 1866168 0 0 0 	56027050 1866168 0 	482.822 	3 	212
31403600000000 31403700000365 	11000033440 32562056197 1894342 	10998139098 1894342 0 0 0 	56872963 1894342 0 	482.602 	3 	212
31429200000000 31429300000365 	11200034170 33154495673 1922670 	11198111500 1922670 0 0 0 	57720873 1922670 0 	482.39 	3 	212
31454800000000 31454900000365 	11400034900 33746887835 1950527 	11398084373 1950527 0 0 0 	58559816 1950527 0 	482.185 	3 	212
31480400000000 31480500000365 	11600035630 34339345541 1978506 	11598057124 1978506 0 0 0 	59407693 1978506 0 	481.988 	3 	212
31506000000000 31506100000365 	11800036360 34931809614 2006166 	11798030194 2006166 0 0 0 	60240794 2006166 0 	481.797 	3 	212
31531600000000 31531700000365 	12000037090 35524338785 2033581 	11998003509 2033581 0 0 0 	61079742 2033581 0 	481.613 	3 	212
31557200000000 31557300000365 	12200037820 36116834644 2060792 	12197977028 2060792 0 0 0 	61899919 2060792 0 	481.436 	3 	212
31582800000000 31582900000365 	12400038550 36709351382 2087929 	12397950621 2087929 0 0 0 	62719094 2087929 0 	481.264 	3 	212
31608400000000 31608500000368 	12600039286 37301871103 2114493 	12597924793 2114493 0 0 0 	63514224 2114493 0 	481.047 	3 	212
31634000000000 31634100000368 	12800040022 37894425787 2141157 	12797898865 2141157 0 0 0 	64319274 2141157 0 	480.838 	3 	212
31659600000000 31659700000368 	13000040758 38486984880 2167518 	12997873240 2167518 0 0 0 	65115755 2167518 0 	480.635 	3 	212
31685200000000 31685300000368 	13200041494 39079617391 2193742 	13197847752 2193742 0 0 0 	65905937 2193742 0 	480.438 	3 	212
31710800000000 31710900000368 	13400042230 39672173995 2220164 	13397822066 2220164 0 0 0 	66696867 2220164 0 	480.248 	3 	212
31736400000000 31736500000368 	13600042966 40264765920 2245935 	13597797031 2245935 0 0 0 	67464894 2245935 0 	480.063 	3 	212
31762000000000 31762100000368 	13800043702 40857404250 2271523 	13797772179 2271523 0 0 0 	68230273 2271523 0 	479.884 	3 	212
31787600000000 31787700000368 	14000044438 41450048591 2297133 	13997747305 2297133 0 0 0 	69005646 2297133 0 	479.71 	3 	212
31813200000000 31813300000368 	14200045174 42042652337 2322246 	14197722928 2322246 0 0 0 	69754405 2322246 0 	479.541 	3 	212
31838800000000 31838900000352 	14400045878 42635347756 2347090 	14397698788 2347090 0 0 0 	70505095 2347090 0 	479.318 	3 	212
31864400000000 31864500000352 	14600046582 43227963991 2372024 	14597674558 2372024 0 0 0 	71258278 2372024 0 	479.101 	3 	212
31890000000000 31890100000352 	14800047286 43820588369 2396801 	14797650485 2396801 0 0 0 	72003520 2396801 0 	478.891 	3 	212
