30021300000000 30021400000476 	200000952 591649845 41640 	199959312 41640 0 0 0 	1245899 41640 0 	492 	3 	213
30046900000000 30047000000476 	400001904 1183285931 82743 	399919161 82743 0 0 0 	2478882 82743 0 	492 	3 	213
30072500000000 30072600000476 	600002856 1774996254 123586 	599879270 123586 0 0 0 	3709881 123586 0 	492 	3 	213
30098100000000 30098200000476 	800003808 2366682960 164405 	799839403 164405 0 0 0 	4937619 164405 0 	492 	3 	213
30123700000000 30123800000476 	1000004760 2958412351 204587 	999800173 204587 0 0 0 	6147642 204587 0 	492 	3 	213
30149300000000 30149400000476 	1200005712 3550134260 244589 	1199761123 244589 0 0 0 	7341719 244589 0 	492 	3 	213
30174900000000 30175000000476 	1400006664 4141857413 284347 	1399722317 284347 0 0 0 	8535952 284347 0 	492 	3 	213
30200500000000 30200600000476 	1600007616 4733577802 323946 	1599683670 323946 0 0 0 	9725042 323946 0 	492 	3 	213
30226100000000 30226200000476 	1800008568 5325339666 362724 	1799645844 362724 0 0 0 	10883488 362724 0 	492 	3 	213
30251700000000 30251800000011 	2000008590 5917101240 401537 	1999607053 401537 0 0 0 	12043565 401537 0 	491.698 	3 	213
30277300000000 30277400000011 	2200008612 6508875073 439920 	2199568692 439920 0 0 0 	13192447 439920 0 	491.452 	3 	213
30302900000000 30303000000011 	2400008634 7100576628 478110 	2399530524 478110 0 0 0 	14341825 478110 0 	491.247 	3 	213
30328500000000 30328600000011 	2600008656 7692457084 516294 	2599492362 516294 0 0 0 	15485909 516294 0 	491.073 	3 	213
30354100000000 30354200000011 	2800008678 8284271732 554085 	2799454593 554085 0 0 0 	16616484 554085 0 	490.924 	3 	213
30379700000000 30379800000011 	3000008700 8876111909 591367 	2999417333 591367 0 0 0 	17742369 591367 0 	490.796 	3 	213
30405300000000 30405400000011 	3200008722 9467958554 628786 	3199379936 628786 0 0 0 	18864533 628786 0 	490.683 	3 	213
30430900000000 30431000000011 	3400008744 10059871551 665871 	3399342873 665871 0 0 0 	19984246 665871 0 	490.584 	3 	213
30456500000000 30456600000100 	3600008944 10651761531 702650 	3599306294 702650 0 0 0 	21089339 702650 0 	490.443 	3 	213
30482100000000 30482200000210 	3800009364 11243648249 739035 	3799270329 739035 0 0 0 	22183201 739035 0 	490.154 	3 	213
30507700000000 30507800000210 	4000009784 11835600166 775328 	3999234456 775328 0 0 0 	23267525 775328 0 	489.894 	3 	213
30533300000000 30533400000210 	4200010204 12427505512 811160 	4199199044 811160 0 0 0 	24344768 811160 0 	489.658 	3 	213
30558900000000 30559000000210 	4400010624 13019410577 846904 	4399163720 846904 0 0 0 	25420384 846904 0 	489.445 	3 	213
30584500000000 30584600000210 	4600011044 13611403604 882373 	4599128671 882373 0 0 0 	26488028 882373 0 	489.25 	3 	213
30610100000000 30610200000210 	4800011464 14203432476 917493 	4799093971 917493 0 0 0 	27546961 917493 0 	489.071 	3 	213
30635700000000 30635800000210 	5000011884 14795430024 952615 	4999059269 952615 0 0 0 	28591563 952615 0 	488.907 	3 	213
30661300000000 30661400000210 	5200012304 15387491512 987464 	5199024840 987464 0 0 0 	29648415 987464 0 	488.756 	3 	213
30686900000000 30687000000381 	5400013066 15979495510 1021868 	5398991198 1021868 0 0 0 	30681532 1021868 0 	488.464 	3 	213
30712500000000 30712600000381 	5600013828 16571555458 1056217 	5598957611 1056217 0 0 0 	31709694 1056217 0 	488.193 	3 	213
30738100000000 30738200000381 	5800014590 17163556582 1090256 	5798924334 1090256 0 0 0 	32741044 1090256 0 	487.942 	3 	213
30763700000000 30763800000381 	6000015352 17755632632 1124210 	5998891142 1124210 0 0 0 	33757747 1124210 0 	487.707 	3 	213
30789300000000 30789400000381 	6200016114 18347723341 1157863 	6198858251 1157863 0 0 0 	34772987 1157863 0 	487.488 	3 	213
30814900000000 30815000000381 	6400016876 18939853400 1191228 	6398825648 1191228 0 0 0 	35780988 1191228 0 	487.282 	3 	213
30840500000000 30840600000381 	6600017638 19531977913 1224217 	6598793421 1224217 0 0 0 	36765219 1224217 0 	487.09 	3 	213
30866100000000 30866200000381 	6800018400 20124126647 1257325 	6798761075 1257325 0 0 0 	37756016 1257325 0 	486.908 	3 	213
30891700000000 30891800000381 	7000019162 20716222489 1289726 	6998729436 1289726 0 0 0 	38725897 1289726 0 	486.737 	3 	213
30917300000000 30917400000468 	7200020098 21308408977 1322353 	7198697745 1322353 0 0 0 	39693717 1322353 0 	486.49 	3 	213
30942900000000 30943000000468 	7400021034 21900591641 1354531 	7398666503 1354531 0 0 0 	40671339 1354531 0 	486.257 	3 	213
30968500000000 30968600000468 	7600021970 22492783279 1386391 	7598635579 1386391 0 0 0 	41636676 1386391 0 	486.036 	3 	213
30994100000000 30994200000468 	7800022906 23084980888 1417862 	7798605044 1417862 0 0 0 	42577877 1417862 0 	485.827 	3 	213
31019700000000 31019800000468 	8000023842 23677200995 1449530 	7998574312 1449530 0 0 0 	43523737 1449530 0 	485.628 	3 	213
31045300000000 31045400000468 	8200024778 24269431973 1480727 	8198544051 1480727 0 0 0 	44469919 1480727 0 	485.439 	3 	213
31070900000000 31071000000468 	8400025714 24861698837 1511832 	8398513882 1511832 0 0 0 	45406871 1511832 0 	485.259 	3 	213
31096500000000 31096600000468 	8600026650 25453924534 1542708 	8598483942 1542708 0 0 0 	46331672 1542708 0 	485.088 	3 	213
31122100000000 31122200000468 	8800027586 26046111985 1573081 	8798454505 1573081 0 0 0 	47233323 1573081 0 	484.924 	3 	213
31147700000000 31147800000254 	9000028094 26638407043 1603545 	8998424549 1603545 0 0 0 	48149105 1603545 0 	484.676 	3 	213
31173300000000 31173400000254 	9200028602 27230716724 1633474 	9198395128 1633474 0 0 0 	49049146 1633474 0 	484.439 	3 	213
31198900000000 31199000000254 	9400029110 27823018507 1663476 	9398365634 1663476 0 0 0 	49955682 1663476 0 	484.212 	3 	213
31224500000000 31224600000254 	9600029618 28415343933 1693267 	9598336351 1693267 0 0 0 	50844613 1693267 0 	483.995 	3 	213
31250100000000 31250200000254 	9800030126 29007711248 1722608 	9798307518 1722608 0 0 0 	51720199 1722608 0 	483.787 	3 	213
31275700000000 31275800000254 	10000030634 29600018457 1751860 	9998278774 1751860 0 0 0 	52598636 1751860 0 	483.587 	3 	213
31301300000000 31301400000254 	10200031142 30192332474 1781077 	10198250065 1781077 0 0 0 	53471041 1781077 0 	483.395 	3 	213
31326900000000 31327000000254 	10400031650 30784775152 1810078 	10398221572 1810078 0 0 0 	54351697 1810078 0 	483.211 	3 	213
31352500000000 31352600000254 	10600032158 31377129889 1838819 	10598193339 1838819 0 0 0 	55215830 1838819 0 	483.034 	3 	213
31378100000000 31378200000365 	10800032888 31969511462 1867104 	10798165784 1867104 0 0 0 	56063223 1867104 0 	482.806 	3 	213
31403700000000 31403800000365 	11000033618 32561957875 1895592 	10998138026 1895592 0 0 0 	56912708 1895592 0 	482.586 	3 	213
31429300000000 31429400000365 	11200034348 33154413715 1923569 	11198110779 1923569 0 0 0 	57753472 1923569 0 	482.374 	3 	213
31454900000000 31455000000365 	11400035078 33746876075 1951652 	11398083426 1951652 0 0 0 	58594726 1951652 0 	482.169 	3 	213
31480500000000 31480600000365 	11600035808 34339392001 1979562 	11598056246 1979562 0 0 0 	59439505 1979562 0 	481.972 	3 	213
31506100000000 31506200000365 	11800036538 34931834641 2007016 	11798029522 2007016 0 0 0 	60262292 2007016 0 	481.782 	3 	213
31531700000000 31531800000365 	12000037268 35524369949 2034586 	11998002682 2034586 0 0 0 	61093413 2034586 0 	481.598 	3 	213
31557300000000 31557400000365 	12200037998 36116846673 2061793 	12197976205 2061793 0 0 0 	61914756 2061793 0 	481.421 	3 	213
31582900000000 31583000000365 	12400038728 36709375388 2088492 	12397950236 2088492 0 0 0 	62719639 2088492 0 	481.249 	3 	213
31608500000000 31608600000368 	12600039464 37301927565 2115583 	12597923881 2115583 0 0 0 	63534824 2115583 0 	481.033 	3 	213
31634100000000 31634200000368 	12800040200 37894466241 2142214 	12797897986 2142214 0 0 0 	64330663 2142214 0 	480.824 	3 	213
31659700000000 31659800000368 	13000040936 38487008386 2168505 	12997872431 2168505 0 0 0 	65115694 2168505 0 	480.621 	3 	213
31685300000000 31685400000368 	13200041672 39079493490 2194687 	13197846985 2194687 0 0 0 	65904915 2194687 0 	480.425 	3 	213
31710900000000 31711000000368 	13400042408 39672029792 2220462 	13397821946 2220462 0 0 0 	66679980 2220462 0 	480.234 	3 	213
31736500000000 31736600000368 	13600043144 40264645328 2246538 	13597796606 2246538 0 0 0 	67464773 2246538 0 	480.05 	3 	213
31762100000000 31762200000368 	13800043880 40857271765 2272246 	13797771634 2272246 0 0 0 	68230959 2272246 0 	479.871 	3 	213
31787700000000 31787800000368 	14000044616 41449871966 2297644 	13997746972 2297644 0 0 0 	69002708 2297644 0 	479.697 	3 	213
31813300000000 31813400000368 	14200045352 42042512795 2322964 	14197722388 2322964 0 0 0 	69764266 2322964 0 	479.528 	3 	213
31838900000000 31839000000352 	14400046056 42635154225 2348094 	14397697962 2348094 0 0 0 	70518112 2348094 0 	479.305 	3 	213
31864500000000 31864600000352 	14600046760 43227824947 2372978 	14597673782 2372978 0 0 0 	71261883 2372978 0 	479.089 	3 	213
31890100000000 31890200000352 	14800047464 43820437082 2397464 	14797650000 2397464 0 0 0 	71995690 2397464 0 	478.879 	3 	213
