30023500000000 30023600000476 	200000952 591699287 41417 	199959535 41417 0 0 0 	1245933 41417 0 	492 	3 	235
30049100000000 30049200000476 	400001904 1183388140 82595 	399919309 82595 0 0 0 	2471119 82595 0 	492 	3 	235
30074700000000 30074800000476 	600002856 1775018411 123316 	599879540 123316 0 0 0 	3694834 123316 0 	492 	3 	235
30100300000000 30100400000476 	800003808 2366698051 163781 	799840027 163781 0 0 0 	4912916 163781 0 	492 	3 	235
30125900000000 30126000000476 	1000004760 2958423119 204014 	999800746 204014 0 0 0 	6105563 204014 0 	492 	3 	235
30151500000000 30151600000476 	1200005712 3550206891 243968 	1199761744 243968 0 0 0 	7298724 243968 0 	492 	3 	235
30177100000000 30177200000476 	1400006664 4141921552 283680 	1399722984 283680 0 0 0 	8482156 283680 0 	492 	3 	235
30202700000000 30202800000476 	1600007616 4733757253 323171 	1599684445 323171 0 0 0 	9667374 323171 0 	492 	3 	235
30228300000000 30228400000476 	1800008568 5325547190 362323 	1799646245 362323 0 0 0 	10859113 362323 0 	492 	3 	235
30253900000000 30254000000011 	2000008590 5917294113 401149 	1999607441 401149 0 0 0 	12027898 401149 0 	491.698 	3 	235
30279500000000 30279600000011 	2200008612 6509122730 440116 	2199568496 440116 0 0 0 	13200196 440116 0 	491.452 	3 	235
30305100000000 30305200000011 	2400008634 7100935819 478460 	2399530174 478460 0 0 0 	14358477 478460 0 	491.247 	3 	235
30330700000000 30330800000011 	2600008656 7692751269 516402 	2599492254 516402 0 0 0 	15498317 516402 0 	491.073 	3 	235
30356300000000 30356400000011 	2800008678 8284572968 554267 	2799454411 554267 0 0 0 	16637937 554267 0 	490.924 	3 	235
30381900000000 30382000000011 	3000008700 8876372718 591831 	2999416869 591831 0 0 0 	17756969 591831 0 	490.796 	3 	235
30407500000000 30407600000011 	3200008722 9468232951 629295 	3199379427 629295 0 0 0 	18877895 629295 0 	490.683 	3 	235
30433100000000 30433200000011 	3400008744 10060135202 666082 	3399342662 666082 0 0 0 	19983042 666082 0 	490.584 	3 	235
30458700000000 30458800000210 	3600009164 10652049060 702743 	3599306421 702743 0 0 0 	21083404 702743 0 	490.27 	3 	235
30484300000000 30484400000210 	3800009584 11243938455 739413 	3799270171 739413 0 0 0 	22188580 739413 0 	489.99 	3 	235
30509900000000 30510000000210 	4000010004 11835840940 775619 	3999234385 775619 0 0 0 	23286969 775619 0 	489.738 	3 	235
30535500000000 30535600000210 	4200010424 12427734978 811800 	4199198624 811800 0 0 0 	24373234 811800 0 	489.51 	3 	235
30561100000000 30561200000210 	4400010844 13019686249 847674 	4399163170 847674 0 0 0 	25456162 847674 0 	489.303 	3 	235
30586700000000 30586800000210 	4600011264 13611574142 882601 	4599128663 882601 0 0 0 	26505898 882601 0 	489.115 	3 	235
30612300000000 30612400000210 	4800011684 14203542816 917758 	4799093926 917758 0 0 0 	27557758 917758 0 	488.942 	3 	235
30637900000000 30638000000210 	5000012104 14795543396 952853 	4999059251 952853 0 0 0 	28615731 952853 0 	488.783 	3 	235
30663500000000 30663600000210 	5200012524 15387562518 987169 	5199025355 987169 0 0 0 	29646220 987169 0 	488.636 	3 	235
30689100000000 30689200000381 	5400013286 15979636970 1021668 	5398991618 1021668 0 0 0 	30680087 1021668 0 	488.349 	3 	235
30714700000000 30714800000381 	5600014048 16571698573 1056108 	5598957940 1056108 0 0 0 	31715408 1056108 0 	488.083 	3 	235
30740300000000 30740400000381 	5800014810 17163732669 1089899 	5798924911 1089899 0 0 0 	32737717 1089899 0 	487.835 	3 	235
30765900000000 30766000000381 	6000015572 17755824029 1124071 	5998891501 1124071 0 0 0 	33763835 1124071 0 	487.604 	3 	235
30791500000000 30791600000381 	6200016334 18347928481 1157788 	6198858546 1157788 0 0 0 	34776371 1157788 0 	487.388 	3 	235
30817100000000 30817200000381 	6400017096 18940049999 1190995 	6398826101 1190995 0 0 0 	35770455 1190995 0 	487.186 	3 	235
30842700000000 30842800000381 	6600017858 19532218818 1223973 	6598793885 1223973 0 0 0 	36755007 1223973 0 	486.996 	3 	235
30868300000000 30868400000381 	6800018620 20124306170 1256796 	6798761824 1256796 0 0 0 	37751708 1256796 0 	486.818 	3 	235
30893900000000 30894000000381 	7000019382 20716451858 1289119 	6998730263 1289119 0 0 0 	38723490 1289119 0 	486.65 	3 	235
30919500000000 30919600000468 	7200020318 21308592778 1321580 	7198698738 1321580 0 0 0 	39705993 1321580 0 	486.405 	3 	235
30945100000000 30945200000468 	7400021254 21900743494 1353701 	7398667553 1353701 0 0 0 	40677487 1353701 0 	486.174 	3 	235
30970700000000 30970800000468 	7600022190 22492874383 1385761 	7598636429 1385761 0 0 0 	41636529 1385761 0 	485.955 	3 	235
30996300000000 30996400000468 	7800023126 23085081886 1417386 	7798605740 1417386 0 0 0 	42599678 1417386 0 	485.748 	3 	235
31021900000000 31022000000468 	8000024062 23677301516 1448852 	7998575210 1448852 0 0 0 	43549650 1448852 0 	485.551 	3 	235
31047500000000 31047600000468 	8200024998 24269508602 1480245 	8198544753 1480245 0 0 0 	44488418 1480245 0 	485.364 	3 	235
31073100000000 31073200000468 	8400025934 24861794144 1511193 	8398514741 1511193 0 0 0 	45417772 1511193 0 	485.186 	3 	235
31098700000000 31098800000468 	8600026870 25454090823 1542062 	8598484808 1542062 0 0 0 	46343718 1542062 0 	485.017 	3 	235
31124300000000 31124400000468 	8800027806 26046378577 1572528 	8798455278 1572528 0 0 0 	47257766 1572528 0 	484.855 	3 	235
31149900000000 31150000000254 	9000028314 26638666450 1602663 	8998425651 1602663 0 0 0 	48172144 1602663 0 	484.608 	3 	235
31175500000000 31175600000254 	9200028822 27230969570 1632726 	9198396096 1632726 0 0 0 	49074357 1632726 0 	484.373 	3 	235
31201100000000 31201200000254 	9400029330 27823276322 1662734 	9398366596 1662734 0 0 0 	49976711 1662734 0 	484.147 	3 	235
31226700000000 31226800000254 	9600029838 28415626210 1692409 	9598337429 1692409 0 0 0 	50864810 1692409 0 	483.931 	3 	235
31252300000000 31252400000254 	9800030346 29007931230 1721746 	9798308600 1721746 0 0 0 	51745434 1721746 0 	483.725 	3 	235
31277900000000 31278000000254 	10000030854 29600229988 1750685 	9998280169 1750685 0 0 0 	52620704 1750685 0 	483.526 	3 	235
31303500000000 31303600000254 	10200031362 30192547652 1779732 	10198251630 1779732 0 0 0 	53496691 1779732 0 	483.336 	3 	235
31329100000000 31329200000254 	10400031870 30784908945 1808441 	10398223429 1808441 0 0 0 	54363531 1808441 0 	483.153 	3 	235
31354700000000 31354800000254 	10600032378 31377327341 1837355 	10598195023 1837355 0 0 0 	55233493 1837355 0 	482.977 	3 	235
31380300000000 31380400000365 	10800033108 31969702215 1866109 	10798166999 1866109 0 0 0 	56099829 1866109 0 	482.749 	3 	235
31405900000000 31406000000365 	11000033838 32562129374 1894431 	10998139407 1894431 0 0 0 	56954352 1894431 0 	482.531 	3 	235
31431500000000 31431600000365 	11200034568 33154574821 1922344 	11198112224 1922344 0 0 0 	57796407 1922344 0 	482.32 	3 	235
31457100000000 31457200000365 	11400035298 33746972278 1949818 	11398085480 1949818 0 0 0 	58622948 1949818 0 	482.117 	3 	235
31482700000000 31482800000365 	11600036028 34339432247 1977385 	11598058643 1977385 0 0 0 	59458854 1977385 0 	481.92 	3 	235
31508300000000 31508400000365 	11800036758 34931979634 2004806 	11798031952 2004806 0 0 0 	60278668 2004806 0 	481.731 	3 	235
31533900000000 31534000000365 	12000037488 35524495586 2032197 	11998005291 2032197 0 0 0 	61105255 2032197 0 	481.548 	3 	235
31559500000000 31559600000365 	12200038218 36116936090 2059198 	12197979020 2059198 0 0 0 	61904514 2059198 0 	481.372 	3 	235
31585100000000 31585200000365 	12400038948 36709459878 2085828 	12397953120 2085828 0 0 0 	62699043 2085828 0 	481.201 	3 	235
31610700000000 31610800000368 	12600039684 37302028924 2112554 	12597927130 2112554 0 0 0 	63497948 2112554 0 	480.985 	3 	235
31636300000000 31636400000368 	12800040420 37894535342 2139031 	12797901389 2139031 0 0 0 	64293189 2139031 0 	480.777 	3 	235
31661900000000 31662000000368 	13000041156 38487047725 2165560 	12997875596 2165560 0 0 0 	65090480 2165560 0 	480.575 	3 	235
31687500000000 31687600000368 	13200041892 39079594626 2191861 	13197850031 2191861 0 0 0 	65875372 2191861 0 	480.379 	3 	235
31713100000000 31713200000368 	13400042628 39672195358 2218093 	13397824535 2218093 0 0 0 	66669095 2218093 0 	480.19 	3 	235
31738700000000 31738800000368 	13600043364 40264775440 2243649 	13597799715 2243649 0 0 0 	67438895 2243649 0 	480.006 	3 	235
31764300000000 31764400000368 	13800044100 40857417176 2269147 	13797774953 2269147 0 0 0 	68207306 2269147 0 	479.828 	3 	235
31789900000000 31790000000368 	14000044836 41450022823 2294340 	13997750496 2294340 0 0 0 	68967355 2294340 0 	479.654 	3 	235
31815500000000 31815600000368 	14200045572 42042604741 2319592 	14197725980 2319592 0 0 0 	69729506 2319592 0 	479.486 	3 	235
31841100000000 31841200000352 	14400046276 42635255943 2344618 	14397701658 2344618 0 0 0 	70482827 2344618 0 	479.264 	3 	235
31866700000000 31866800000352 	14600046980 43227927056 2369439 	14597677541 2369439 0 0 0 	71228317 2369439 0 	479.048 	3 	235
31892300000000 31892400000352 	14800047684 43820632659 2393864 	14797653820 2393864 0 0 0 	71965533 2393864 0 	478.838 	3 	235
