30023700000000 30023800000476 	200000952 591693766 41277 	199959675 41277 0 0 0 	1239328 41277 0 	492 	3 	237
30049300000000 30049400000476 	400001904 1183359970 82561 	399919343 82561 0 0 0 	2476306 82561 0 	492 	3 	237
30074900000000 30075000000476 	600002856 1775070581 123345 	599879511 123345 0 0 0 	3701980 123345 0 	492 	3 	237
30100500000000 30100600000476 	800003808 2366793467 163828 	799839980 163828 0 0 0 	4911531 163828 0 	492 	3 	237
30126100000000 30126200000476 	1000004760 2958537281 204248 	999800512 204248 0 0 0 	6133787 204248 0 	492 	3 	237
30151700000000 30151800000476 	1200005712 3550251792 244221 	1199761491 244221 0 0 0 	7328918 244221 0 	492 	3 	237
30177300000000 30177400000476 	1400006664 4141965181 283720 	1399722944 283720 0 0 0 	8518094 283720 0 	492 	3 	237
30202900000000 30203000000476 	1600007616 4733685910 323241 	1599684375 323241 0 0 0 	9701973 323241 0 	492 	3 	237
30228500000000 30228600000476 	1800008568 5325428140 362463 	1799646105 362463 0 0 0 	10877768 362463 0 	492 	3 	237
30254100000000 30254200000011 	2000008590 5917184075 401479 	1999607111 401479 0 0 0 	12045121 401479 0 	491.698 	3 	237
30279700000000 30279800000011 	2200008612 6509019025 439933 	2199568679 439933 0 0 0 	13205060 439933 0 	491.452 	3 	237
30305300000000 30305400000011 	2400008634 7100787265 477924 	2399530710 477924 0 0 0 	14354518 477924 0 	491.247 	3 	237
30330900000000 30331000000011 	2600008656 7692612005 515662 	2599492994 515662 0 0 0 	15488433 515662 0 	491.073 	3 	237
30356500000000 30356600000011 	2800008678 8284462219 553312 	2799455366 553312 0 0 0 	16617895 553312 0 	490.924 	3 	237
30382100000000 30382200000011 	3000008700 8876285095 590560 	2999418140 590560 0 0 0 	17735522 590560 0 	490.796 	3 	237
30407700000000 30407800000011 	3200008722 9468094617 627757 	3199380965 627757 0 0 0 	18854146 627757 0 	490.683 	3 	237
30433300000000 30433400000011 	3400008744 10059905325 664513 	3399344231 664513 0 0 0 	19965024 664513 0 	490.584 	3 	237
30458900000000 30459000000210 	3600009164 10651751324 701067 	3599308097 701067 0 0 0 	21057400 701067 0 	490.27 	3 	237
30484500000000 30484600000210 	3800009584 11243677838 737628 	3799271956 737628 0 0 0 	22149145 737628 0 	489.99 	3 	237
30510100000000 30510200000210 	4000010004 11835554005 773922 	3999236082 773922 0 0 0 	23239972 773922 0 	489.738 	3 	237
30535700000000 30535800000210 	4200010424 12427464469 809830 	4199200594 809830 0 0 0 	24306137 809830 0 	489.51 	3 	237
30561300000000 30561400000210 	4400010844 13019355995 845243 	4399165601 845243 0 0 0 	25369543 845243 0 	489.303 	3 	237
30586900000000 30587000000210 	4600011264 13611257753 880511 	4599130753 880511 0 0 0 	26428994 880511 0 	489.115 	3 	237
30612500000000 30612600000210 	4800011684 14203192252 915513 	4799096171 915513 0 0 0 	27473679 915513 0 	488.942 	3 	237
30638100000000 30638200000210 	5000012104 14795189636 950843 	4999061261 950843 0 0 0 	28535504 950843 0 	488.783 	3 	237
30663700000000 30663800000210 	5200012524 15387226695 985803 	5199026721 985803 0 0 0 	29577108 985803 0 	488.636 	3 	237
30689300000000 30689400000381 	5400013286 15979216829 1020525 	5398992761 1020525 0 0 0 	30622400 1020525 0 	488.349 	3 	237
30714900000000 30715000000381 	5600014048 16571197235 1055010 	5598959038 1055010 0 0 0 	31661383 1055010 0 	488.083 	3 	237
30740500000000 30740600000381 	5800014810 17163279517 1089285 	5798925525 1089285 0 0 0 	32700003 1089285 0 	487.835 	3 	237
30766100000000 30766200000381 	6000015572 17755363424 1123138 	5998892434 1123138 0 0 0 	33717224 1123138 0 	487.604 	3 	237
30791700000000 30791800000381 	6200016334 18347412552 1156833 	6198859501 1156833 0 0 0 	34732518 1156833 0 	487.388 	3 	237
30817300000000 30817400000381 	6400017096 18939544294 1190212 	6398826884 1190212 0 0 0 	35737541 1190212 0 	487.186 	3 	237
30842900000000 30843000000381 	6600017858 19531642557 1223267 	6598794591 1223267 0 0 0 	36721360 1223267 0 	486.996 	3 	237
30868500000000 30868600000381 	6800018620 20123768659 1256153 	6798762467 1256153 0 0 0 	37706895 1256153 0 	486.818 	3 	237
30894100000000 30894200000381 	7000019382 20715995948 1288527 	6998730855 1288527 0 0 0 	38672799 1288527 0 	486.65 	3 	237
30919700000000 30919800000468 	7200020318 21308122151 1320766 	7198699552 1320766 0 0 0 	39655133 1320766 0 	486.405 	3 	237
30945300000000 30945400000468 	7400021254 21900300170 1352973 	7398668281 1352973 0 0 0 	40617738 1352973 0 	486.174 	3 	237
30970900000000 30971000000468 	7600022190 22492476158 1385020 	7598637170 1385020 0 0 0 	41593303 1385020 0 	485.955 	3 	237
30996500000000 30996600000468 	7800023126 23084650048 1416948 	7798606178 1416948 0 0 0 	42546471 1416948 0 	485.748 	3 	237
31022100000000 31022200000468 	8000024062 23676836006 1448481 	7998575581 1448481 0 0 0 	43492772 1448481 0 	485.551 	3 	237
31047700000000 31047800000468 	8200024998 24269042657 1479827 	8198545171 1479827 0 0 0 	44433910 1479827 0 	485.364 	3 	237
31073300000000 31073400000468 	8400025934 24861294368 1510894 	8398515040 1510894 0 0 0 	45363097 1510894 0 	485.186 	3 	237
31098900000000 31099000000468 	8600026870 25453535154 1541715 	8598485155 1541715 0 0 0 	46291713 1541715 0 	485.017 	3 	237
31124500000000 31124600000468 	8800027806 26045797379 1572574 	8798455232 1572574 0 0 0 	47213995 1572574 0 	484.855 	3 	237
31150100000000 31150200000254 	9000028314 26638072135 1602996 	8998425318 1602996 0 0 0 	48135040 1602996 0 	484.608 	3 	237
31175700000000 31175800000254 	9200028822 27230365371 1633009 	9198395813 1633009 0 0 0 	49043011 1633009 0 	484.373 	3 	237
31201300000000 31201400000254 	9400029330 27822619547 1663152 	9398366178 1663152 0 0 0 	49935664 1663152 0 	484.147 	3 	237
31226900000000 31227000000254 	9600029838 28414947125 1692638 	9598337200 1692638 0 0 0 	50824523 1692638 0 	483.931 	3 	237
31252500000000 31252600000254 	9800030346 29007255941 1722255 	9798308091 1722255 0 0 0 	51714167 1722255 0 	483.725 	3 	237
31278100000000 31278200000254 	10000030854 29599634009 1751432 	9998279422 1751432 0 0 0 	52592696 1751432 0 	483.526 	3 	237
31303700000000 31303800000254 	10200031362 30191973637 1780370 	10198250992 1780370 0 0 0 	53463555 1780370 0 	483.336 	3 	237
31329300000000 31329400000254 	10400031870 30784316395 1809310 	10398222560 1809310 0 0 0 	54329626 1809310 0 	483.153 	3 	237
31354900000000 31355000000254 	10600032378 31376706506 1838144 	10598194234 1838144 0 0 0 	55204465 1838144 0 	482.977 	3 	237
31380500000000 31380600000365 	10800033108 31969061808 1866372 	10798166736 1866372 0 0 0 	56052812 1866372 0 	482.749 	3 	237
31406100000000 31406200000365 	11000033838 32561478337 1894608 	10998139230 1894608 0 0 0 	56899350 1894608 0 	482.531 	3 	237
31431700000000 31431800000365 	11200034568 33153931941 1922651 	11198111917 1922651 0 0 0 	57740518 1922651 0 	482.32 	3 	237
31457300000000 31457400000365 	11400035298 33746346612 1950496 	11398084802 1950496 0 0 0 	58575670 1950496 0 	482.117 	3 	237
31482900000000 31483000000365 	11600036028 34338857526 1978345 	11598057683 1978345 0 0 0 	59414252 1978345 0 	481.92 	3 	237
31508500000000 31508600000365 	11800036758 34931311607 2006102 	11798030656 2006102 0 0 0 	60248001 2006102 0 	481.731 	3 	237
31534100000000 31534200000365 	12000037488 35523800018 2033496 	11998003992 2033496 0 0 0 	61079476 2033496 0 	481.548 	3 	237
31559700000000 31559800000365 	12200038218 36116309383 2060460 	12197977758 2060460 0 0 0 	61886265 2060460 0 	481.372 	3 	237
31585300000000 31585400000365 	12400038948 36708830752 2087121 	12397951827 2087121 0 0 0 	62687120 2087121 0 	481.201 	3 	237
31610900000000 31611000000368 	12600039684 37301292722 2113682 	12597926002 2113682 0 0 0 	63480752 2113682 0 	480.985 	3 	237
31636500000000 31636600000368 	12800040420 37893838545 2140112 	12797900308 2140112 0 0 0 	64278212 2140112 0 	480.777 	3 	237
31662100000000 31662200000368 	13000041156 38486412560 2166447 	12997874709 2166447 0 0 0 	65070229 2166447 0 	480.575 	3 	237
31687700000000 31687800000368 	13200041892 39079022121 2192770 	13197849122 2192770 0 0 0 	65861950 2192770 0 	480.379 	3 	237
31713300000000 31713400000368 	13400042628 39671580207 2218607 	13397824021 2218607 0 0 0 	66644955 2218607 0 	480.19 	3 	237
31738900000000 31739000000368 	13600043364 40264209657 2244150 	13597799214 2244150 0 0 0 	67410876 2244150 0 	480.006 	3 	237
31764500000000 31764600000368 	13800044100 40856803377 2269763 	13797774337 2269763 0 0 0 	68178413 2269763 0 	479.828 	3 	237
31790100000000 31790200000368 	14000044836 41449405802 2295283 	13997749553 2295283 0 0 0 	68952721 2295283 0 	479.654 	3 	237
31815700000000 31815800000368 	14200045572 42042034310 2320307 	14197725265 2320307 0 0 0 	69703618 2320307 0 	479.486 	3 	237
31841300000000 31841400000352 	14400046276 42634698872 2345202 	14397701074 2345202 0 0 0 	70449151 2345202 0 	479.264 	3 	237
31866900000000 31867000000352 	14600046980 43227397098 2370263 	14597676717 2370263 0 0 0 	71205073 2370263 0 	479.048 	3 	237
31892500000000 31892600000352 	14800047684 43820057463 2394747 	14797652937 2394747 0 0 0 	71938381 2394747 0 	478.838 	3 	237
