30023900000000 30024000000476 	200000952 591652127 41352 	199959600 41352 0 0 0 	1237898 41352 0 	492 	3 	239
30049500000000 30049600000476 	400001904 1183277984 82056 	399919848 82056 0 0 0 	2453225 82056 0 	492 	3 	239
30075100000000 30075200000476 	600002856 1775006429 122784 	599880072 122784 0 0 0 	3691757 122784 0 	492 	3 	239
30100700000000 30100800000476 	800003808 2366686708 163553 	799840255 163553 0 0 0 	4913612 163553 0 	492 	3 	239
30126300000000 30126400000476 	1000004760 2958443520 203836 	999800924 203836 0 0 0 	6121780 203836 0 	492 	3 	239
30151900000000 30152000000476 	1200005712 3550131872 243771 	1199761941 243771 0 0 0 	7310398 243771 0 	492 	3 	239
30177500000000 30177600000476 	1400006664 4141910454 283642 	1399723022 283642 0 0 0 	8502496 283642 0 	492 	3 	239
30203100000000 30203200000476 	1600007616 4733643022 323111 	1599684505 323111 0 0 0 	9690163 323111 0 	492 	3 	239
30228700000000 30228800000476 	1800008568 5325476702 362010 	1799646558 362010 0 0 0 	10860915 362010 0 	492 	3 	239
30254300000000 30254400000011 	2000008590 5917208988 400940 	1999607650 400940 0 0 0 	12024925 400940 0 	491.698 	3 	239
30279900000000 30280000000011 	2200008612 6509082720 439718 	2199568894 439718 0 0 0 	13192327 439718 0 	491.452 	3 	239
30305500000000 30305600000011 	2400008634 7100892638 478223 	2399530411 478223 0 0 0 	14349648 478223 0 	491.247 	3 	239
30331100000000 30331200000011 	2600008656 7692759464 516401 	2599492255 516401 0 0 0 	15499440 516401 0 	491.073 	3 	239
30356700000000 30356800000011 	2800008678 8284591451 553967 	2799454711 553967 0 0 0 	16624758 553967 0 	490.924 	3 	239
30382300000000 30382400000011 	3000008700 8876442420 591522 	2999417178 591522 0 0 0 	17741462 591522 0 	490.796 	3 	239
30407900000000 30408000000011 	3200008722 9468242182 628479 	3199380243 628479 0 0 0 	18846984 628479 0 	490.683 	3 	239
30433500000000 30433600000011 	3400008744 10060095610 665529 	3399343215 665529 0 0 0 	19953143 665529 0 	490.584 	3 	239
30459100000000 30459200000210 	3600009164 10651981295 702227 	3599306937 702227 0 0 0 	21053697 702227 0 	490.27 	3 	239
30484700000000 30484800000210 	3800009584 11243925053 739027 	3799270557 739027 0 0 0 	22155327 739027 0 	489.99 	3 	239
30510300000000 30510400000210 	4000010004 11835884357 775473 	3999234531 775473 0 0 0 	23243873 775473 0 	489.738 	3 	239
30535900000000 30536000000210 	4200010424 12427790140 811637 	4199198787 811637 0 0 0 	24335923 811637 0 	489.51 	3 	239
30561500000000 30561600000210 	4400010844 13019703256 847247 	4399163597 847247 0 0 0 	25398320 847247 0 	489.303 	3 	239
30587100000000 30587200000210 	4600011264 13611688742 882449 	4599128815 882449 0 0 0 	26460882 882449 0 	489.115 	3 	239
30612700000000 30612800000210 	4800011684 14203754991 917689 	4799093995 917689 0 0 0 	27526352 917689 0 	488.942 	3 	239
30638300000000 30638400000210 	5000012104 14795754636 952551 	4999059553 952551 0 0 0 	28564613 952551 0 	488.783 	3 	239
30663900000000 30664000000210 	5200012524 15387716302 987143 	5199025381 987143 0 0 0 	29604739 987143 0 	488.636 	3 	239
30689500000000 30689600000381 	5400013286 15979739372 1021357 	5398991929 1021357 0 0 0 	30627141 1021357 0 	488.349 	3 	239
30715100000000 30715200000381 	5600014048 16571795926 1055388 	5598958660 1055388 0 0 0 	31651119 1055388 0 	488.083 	3 	239
30740700000000 30740800000381 	5800014810 17163907650 1089609 	5798925201 1089609 0 0 0 	32673093 1089609 0 	487.835 	3 	239
30766300000000 30766400000381 	6000015572 17755985516 1123584 	5998891988 1123584 0 0 0 	33685657 1123584 0 	487.604 	3 	239
30791900000000 30792000000381 	6200016334 18348098521 1157047 	6198859287 1157047 0 0 0 	34688195 1157047 0 	487.388 	3 	239
30817500000000 30817600000381 	6400017096 18940152888 1190060 	6398827036 1190060 0 0 0 	35686766 1190060 0 	487.186 	3 	239
30843100000000 30843200000381 	6600017858 19532248830 1223063 	6598794795 1223063 0 0 0 	36680636 1223063 0 	486.996 	3 	239
30868700000000 30868800000381 	6800018620 20124345224 1255749 	6798762871 1255749 0 0 0 	37659022 1255749 0 	486.818 	3 	239
30894300000000 30894400000381 	7000019382 20716450451 1287911 	6998731471 1287911 0 0 0 	38625435 1287911 0 	486.65 	3 	239
30919900000000 30920000000468 	7200020318 21308600355 1320178 	7198700140 1320178 0 0 0 	39594126 1320178 0 	486.405 	3 	239
30945500000000 30945600000468 	7400021254 21900771599 1352397 	7398668857 1352397 0 0 0 	40566173 1352397 0 	486.174 	3 	239
30971100000000 30971200000468 	7600022190 22492908183 1384453 	7598637737 1384453 0 0 0 	41523912 1384453 0 	485.955 	3 	239
30996700000000 30996800000468 	7800023126 23085097144 1416179 	7798606947 1416179 0 0 0 	42488607 1416179 0 	485.748 	3 	239
31022300000000 31022400000468 	8000024062 23677276067 1447604 	7998576458 1447604 0 0 0 	43432263 1447604 0 	485.551 	3 	239
31047900000000 31048000000468 	8200024998 24269523019 1478814 	8198546184 1478814 0 0 0 	44377478 1478814 0 	485.364 	3 	239
31073500000000 31073600000468 	8400025934 24861719843 1509923 	8398516011 1509923 0 0 0 	45306535 1509923 0 	485.186 	3 	239
31099100000000 31099200000468 	8600026870 25453953347 1541222 	8598485648 1541222 0 0 0 	46238780 1541222 0 	485.017 	3 	239
31124700000000 31124800000468 	8800027806 26046218500 1571694 	8798456112 1571694 0 0 0 	47164439 1571694 0 	484.855 	3 	239
31150300000000 31150400000254 	9000028314 26638445707 1602178 	8998426136 1602178 0 0 0 	48083873 1602178 0 	484.608 	3 	239
31175900000000 31176000000254 	9200028822 27230765849 1632493 	9198396329 1632493 0 0 0 	48985316 1632493 0 	484.373 	3 	239
31201500000000 31201600000254 	9400029330 27822963701 1662542 	9398366788 1662542 0 0 0 	49887054 1662542 0 	484.147 	3 	239
31227100000000 31227200000254 	9600029838 28415310335 1692125 	9598337713 1692125 0 0 0 	50775593 1692125 0 	483.931 	3 	239
31252700000000 31252800000254 	9800030346 29007582598 1721624 	9798308722 1721624 0 0 0 	51659000 1721624 0 	483.725 	3 	239
31278300000000 31278400000254 	10000030854 29599947804 1750863 	9998279991 1750863 0 0 0 	52534427 1750863 0 	483.526 	3 	239
31303900000000 31304000000254 	10200031362 30192309910 1780158 	10198251204 1780158 0 0 0 	53417172 1780158 0 	483.336 	3 	239
31329500000000 31329600000254 	10400031870 30784692675 1809359 	10398222511 1809359 0 0 0 	54299251 1809359 0 	483.153 	3 	239
31355100000000 31355200000254 	10600032378 31377077934 1837912 	10598194466 1837912 0 0 0 	55152568 1837912 0 	482.977 	3 	239
31380700000000 31380800000365 	10800033108 31969498568 1866484 	10798166624 1866484 0 0 0 	56013628 1866484 0 	482.749 	3 	239
31406300000000 31406400000365 	11000033838 32561918457 1894670 	10998139168 1894670 0 0 0 	56861577 1894670 0 	482.531 	3 	239
31431900000000 31432000000365 	11200034568 33154332245 1922674 	11198111894 1922674 0 0 0 	57691059 1922674 0 	482.32 	3 	239
31457500000000 31457600000365 	11400035298 33746733187 1950454 	11398084844 1950454 0 0 0 	58526149 1950454 0 	482.117 	3 	239
31483100000000 31483200000365 	11600036028 34339221722 1978181 	11598057847 1978181 0 0 0 	59362097 1978181 0 	481.92 	3 	239
31508700000000 31508800000365 	11800036758 34931682852 2005604 	11798031154 2005604 0 0 0 	60191514 2005604 0 	481.731 	3 	239
31534300000000 31534400000365 	12000037488 35524188625 2032659 	11998004829 2032659 0 0 0 	61009360 2032659 0 	481.548 	3 	239
31559900000000 31560000000365 	12200038218 36116640832 2059850 	12197978368 2059850 0 0 0 	61823219 2059850 0 	481.372 	3 	239
31585500000000 31585600000365 	12400038948 36709133473 2086573 	12397952375 2086573 0 0 0 	62628890 2086573 0 	481.201 	3 	239
31611100000000 31611200000368 	12600039684 37301643974 2113487 	12597926197 2113487 0 0 0 	63434034 2113487 0 	480.985 	3 	239
31636700000000 31636800000368 	12800040420 37894139056 2139904 	12797900516 2139904 0 0 0 	64231610 2139904 0 	480.777 	3 	239
31662300000000 31662400000368 	13000041156 38486666988 2166157 	12997874999 2166157 0 0 0 	65016776 2166157 0 	480.575 	3 	239
31687900000000 31688000000368 	13200041892 39079226368 2192172 	13197849720 2192172 0 0 0 	65796898 2192172 0 	480.379 	3 	239
31713500000000 31713600000368 	13400042628 39671848223 2218050 	13397824578 2218050 0 0 0 	66574581 2218050 0 	480.19 	3 	239
31739100000000 31739200000368 	13600043364 40264439448 2243981 	13597799383 2243981 0 0 0 	67352261 2243981 0 	480.006 	3 	239
31764700000000 31764800000368 	13800044100 40857059008 2269820 	13797774280 2269820 0 0 0 	68125277 2269820 0 	479.828 	3 	239
31790300000000 31790400000368 	14000044836 41449705047 2295208 	13997749628 2295208 0 0 0 	68890521 2295208 0 	479.654 	3 	239
31815900000000 31816000000368 	14200045572 42042397649 2320302 	14197725270 2320302 0 0 0 	69642207 2320302 0 	479.486 	3 	239
31841500000000 31841600000352 	14400046276 42635039720 2345475 	14397700801 2345475 0 0 0 	70400552 2345475 0 	479.264 	3 	239
31867100000000 31867200000352 	14600046980 43227689018 2370573 	14597676407 2370573 0 0 0 	71158022 2370573 0 	479.048 	3 	239
31892700000000 31892800000352 	14800047684 43820383695 2395158 	14797652526 2395158 0 0 0 	71902584 2395158 0 	478.838 	3 	239
