30024500000000 30024600000476 	200000952 591607959 41438 	199959514 41438 0 0 0 	1237875 41438 0 	492 	3 	245
30050100000000 30050200000476 	400001904 1183280003 82155 	399919749 82155 0 0 0 	2464213 82155 0 	492 	3 	245
30075700000000 30075800000476 	600002856 1774992836 123043 	599879813 123043 0 0 0 	3697206 123043 0 	492 	3 	245
30101300000000 30101400000476 	800003808 2366713198 163986 	799839822 163986 0 0 0 	4924711 163986 0 	492 	3 	245
30126900000000 30127000000476 	1000004760 2958452010 204105 	999800655 204105 0 0 0 	6131004 204105 0 	492 	3 	245
30152500000000 30152600000476 	1200005712 3550199508 244237 	1199761475 244237 0 0 0 	7345438 244237 0 	492 	3 	245
30178100000000 30178200000476 	1400006664 4141976248 284114 	1399722550 284114 0 0 0 	8541848 284114 0 	492 	3 	245
30203700000000 30203800000476 	1600007616 4733715076 323894 	1599683722 323894 0 0 0 	9731138 323894 0 	492 	3 	245
30229300000000 30229400000011 	1800007638 5325538294 363069 	1799644569 363069 0 0 0 	10911838 363069 0 	491.665 	3 	245
30254900000000 30255000000011 	2000007660 5917368788 401924 	1999605736 401924 0 0 0 	12077642 401924 0 	491.397 	3 	245
30280500000000 30280600000011 	2200007682 6509158450 440422 	2199567260 440422 0 0 0 	13235067 440422 0 	491.178 	3 	245
30306100000000 30306200000011 	2400007704 7100919076 478643 	2399529061 478643 0 0 0 	14386444 478643 0 	490.996 	3 	245
30331700000000 30331800000011 	2600007726 7692746529 516761 	2599490965 516761 0 0 0 	15524190 516761 0 	490.842 	3 	245
30357300000000 30357400000011 	2800007748 8284564080 554628 	2799453120 554628 0 0 0 	16661107 554628 0 	490.71 	3 	245
30382900000000 30383000000011 	3000007770 8876428283 592262 	2999415508 592262 0 0 0 	17788261 592262 0 	490.595 	3 	245
30408500000000 30408600000011 	3200007792 9468300044 629368 	3199378424 629368 0 0 0 	18906335 629368 0 	490.495 	3 	245
30434100000000 30434200000011 	3400007814 10060175211 666380 	3399341434 666380 0 0 0 	20022666 666380 0 	490.407 	3 	245
30459700000000 30459800000210 	3600008234 10651993630 702719 	3599305515 702719 0 0 0 	21114775 702719 0 	490.104 	3 	245
30485300000000 30485400000210 	3800008654 11243916038 739207 	3799269447 739207 0 0 0 	22208566 739207 0 	489.832 	3 	245
30510900000000 30511000000210 	4000009074 11835809316 775365 	3999233709 775365 0 0 0 	23302195 775365 0 	489.588 	3 	245
30536500000000 30536600000210 	4200009494 12427777557 811684 	4199197810 811684 0 0 0 	24396323 811684 0 	489.368 	3 	245
30562100000000 30562200000210 	4400009914 13019756944 847165 	4399162749 847165 0 0 0 	25465860 847165 0 	489.168 	3 	245
30587700000000 30587800000210 	4600010334 13611727782 882796 	4599127538 882796 0 0 0 	26538783 882796 0 	488.985 	3 	245
30613300000000 30613400000210 	4800010754 14203733534 918371 	4799092383 918371 0 0 0 	27605364 918371 0 	488.818 	3 	245
30638900000000 30639000000210 	5000011174 14795703379 953465 	4999057709 953465 0 0 0 	28666307 953465 0 	488.664 	3 	245
30664500000000 30664600000210 	5200011594 15387766049 988449 	5199023145 988449 0 0 0 	29714514 988449 0 	488.522 	3 	245
30690100000000 30690200000381 	5400012356 15979780452 1022732 	5398989624 1022732 0 0 0 	30756238 1022732 0 	488.239 	3 	245
30715700000000 30715800000381 	5600013118 16571816152 1057222 	5598955896 1057222 0 0 0 	31794357 1057222 0 	487.977 	3 	245
30741300000000 30741400000381 	5800013880 17163825417 1091288 	5798922592 1091288 0 0 0 	32809837 1091288 0 	487.733 	3 	245
30766900000000 30767000000381 	6000014642 17755891106 1124912 	5998889730 1124912 0 0 0 	33828004 1124912 0 	487.505 	3 	245
30792500000000 30792600000381 	6200015404 18348015084 1158579 	6198856825 1158579 0 0 0 	34844541 1158579 0 	487.293 	3 	245
30818100000000 30818200000381 	6400016166 18940126469 1192039 	6398824127 1192039 0 0 0 	35848304 1192039 0 	487.094 	3 	245
30843700000000 30843800000381 	6600016928 19532237055 1224655 	6598792273 1224655 0 0 0 	36835393 1224655 0 	486.907 	3 	245
30869300000000 30869400000381 	6800017690 20124378118 1257216 	6798760474 1257216 0 0 0 	37806728 1257216 0 	486.731 	3 	245
30894900000000 30895000000381 	7000018452 20716465095 1289908 	6998728544 1289908 0 0 0 	38791279 1289908 0 	486.565 	3 	245
30920500000000 30920600000468 	7200019388 21308672149 1322362 	7198697026 1322362 0 0 0 	39766308 1322362 0 	486.323 	3 	245
30946100000000 30946200000468 	7400020324 21900752398 1354194 	7398666130 1354194 0 0 0 	40722608 1354194 0 	486.094 	3 	245
30971700000000 30971800000468 	7600021260 22492938727 1386008 	7598635252 1386008 0 0 0 	41682295 1386008 0 	485.878 	3 	245
30997300000000 30997400000468 	7800022196 23085120616 1417737 	7798604459 1417737 0 0 0 	42636211 1417737 0 	485.673 	3 	245
31022900000000 31023000000468 	8000023132 23677367461 1449301 	7998573831 1449301 0 0 0 	43580224 1449301 0 	485.478 	3 	245
31048500000000 31048600000468 	8200024068 24269531510 1480727 	8198543341 1480727 0 0 0 	44521418 1480727 0 	485.293 	3 	245
31074100000000 31074200000468 	8400025004 24861768990 1511504 	8398513500 1511504 0 0 0 	45443752 1511504 0 	485.116 	3 	245
31099700000000 31099800000468 	8600025940 25453953287 1542236 	8598483704 1542236 0 0 0 	46369859 1542236 0 	484.949 	3 	245
31125300000000 31125400000468 	8800026876 26046260483 1572629 	8798454247 1572629 0 0 0 	47288102 1572629 0 	484.788 	3 	245
31150900000000 31151000000254 	9000027384 26638504519 1602992 	8998424392 1602992 0 0 0 	48205996 1602992 0 	484.543 	3 	245
31176500000000 31176600000254 	9200027892 27230881095 1632953 	9198394939 1632953 0 0 0 	49103091 1632953 0 	484.309 	3 	245
31202100000000 31202200000254 	9400028400 27823185939 1662760 	9398365640 1662760 0 0 0 	49999480 1662760 0 	484.085 	3 	245
31227700000000 31227800000254 	9600028908 28415486977 1692529 	9598336379 1692529 0 0 0 	50892867 1692529 0 	483.871 	3 	245
31253300000000 31253400000254 	9800029416 29007838488 1721947 	9798307469 1721947 0 0 0 	51782494 1721947 0 	483.665 	3 	245
31278900000000 31279000000254 	10000029924 29600092076 1750925 	9998278999 1750925 0 0 0 	52651937 1750925 0 	483.468 	3 	245
31304500000000 31304600000254 	10200030432 30192390882 1779928 	10198250504 1779928 0 0 0 	53531290 1779928 0 	483.279 	3 	245
31330100000000 31330200000254 	10400030940 30784742566 1808624 	10398222316 1808624 0 0 0 	54394431 1808624 0 	483.097 	3 	245
31355700000000 31355800000254 	10600031448 31377169010 1837323 	10598194125 1837323 0 0 0 	55263702 1837323 0 	482.922 	3 	245
31381300000000 31381400000365 	10800032178 31969527390 1865935 	10798166243 1865935 0 0 0 	56122064 1865935 0 	482.696 	3 	245
31406900000000 31407000000365 	11000032908 32561924517 1894501 	10998138407 1894501 0 0 0 	56989219 1894501 0 	482.478 	3 	245
31432500000000 31432600000365 	11200033638 33154310759 1922622 	11198111016 1922622 0 0 0 	57836927 1922622 0 	482.268 	3 	245
31458100000000 31458200000365 	11400034368 33746705761 1950533 	11398083835 1950533 0 0 0 	58667075 1950533 0 	482.066 	3 	245
31483700000000 31483800000365 	11600035098 34339210711 1978204 	11598056894 1978204 0 0 0 	59494844 1978204 0 	481.87 	3 	245
31509300000000 31509400000365 	11800035828 34931716081 2005410 	11798030418 2005410 0 0 0 	60314001 2005410 0 	481.682 	3 	245
31534900000000 31535000000365 	12000036558 35524216501 2032773 	11998003785 2032773 0 0 0 	61136657 2032773 0 	481.5 	3 	245
31560500000000 31560600000365 	12200037288 36116695669 2059852 	12197977436 2059852 0 0 0 	61950873 2059852 0 	481.324 	3 	245
31586100000000 31586200000365 	12400038018 36709189584 2086827 	12397951191 2086827 0 0 0 	62758540 2086827 0 	481.154 	3 	245
31611700000000 31611800000368 	12600038754 37301694864 2113488 	12597925266 2113488 0 0 0 	63558692 2113488 0 	480.939 	3 	245
31637300000000 31637400000368 	12800039490 37894289891 2140107 	12797899383 2140107 0 0 0 	64364442 2140107 0 	480.732 	3 	245
31662900000000 31663000000368 	13000040226 38486814885 2166685 	12997873541 2166685 0 0 0 	65164606 2166685 0 	480.531 	3 	245
31688500000000 31688600000368 	13200040962 39079353547 2192807 	13197848155 2192807 0 0 0 	65951106 2192807 0 	480.336 	3 	245
31714100000000 31714200000368 	13400041698 39671959085 2218703 	13397822995 2218703 0 0 0 	66732050 2218703 0 	480.147 	3 	245
31739700000000 31739800000368 	13600042434 40264586461 2244184 	13597798250 2244184 0 0 0 	67496422 2244184 0 	479.964 	3 	245
31765300000000 31765400000368 	13800043170 40857197350 2269807 	13797773363 2269807 0 0 0 	68262865 2269807 0 	479.786 	3 	245
31790900000000 31791000000368 	14000043906 41449778340 2294971 	13997748935 2294971 0 0 0 	69017907 2294971 0 	479.613 	3 	245
31816500000000 31816600000368 	14200044642 42042408299 2320299 	14197724343 2320299 0 0 0 	69772117 2320299 0 	479.446 	3 	245
31842100000000 31842200000352 	14400045346 42635117938 2345375 	14397699971 2345375 0 0 0 	70529366 2345375 0 	479.224 	3 	245
31867700000000 31867800000352 	14600046050 43227780579 2370323 	14597675727 2370323 0 0 0 	71285870 2370323 0 	479.009 	3 	245
31893300000000 31893400000352 	14800046754 43820482726 2395169 	14797651585 2395169 0 0 0 	72031599 2395169 0 	478.8 	3 	245
